[32m[I 2025-02-02 23:48:46,796][0m Trial 49 finished with value: 0.25546538829803467 and parameters: {'observation_period_num': 71, 'train_rates': 0.989948579346145, 'learning_rate': 1.0105183367379858e-05, 'batch_size': 98, 'step_size': 14, 'gamma': 0.7649819573857018}. Best is trial 44 with value: 0.08786391466856003.[0m
resid „ÅÆÊúÄÈÅ©„Éè„Ç§„Éë„Éº„Éë„É©„É°„Éº„Çø„ÅåË¶ã„Å§„Åã„Çä„Åæ„Åó„Åü
ÊúÄÈÅ©„Éè„Ç§„Éë„Éº„Éë„É©„É°„Éº„Çø„Åå best_hyperparameters_SBUX_iTransformer.json „Å´‰øùÂ≠ò„Åï„Çå„Åæ„Åó„Åü
Training trend component with params: {'observation_period_num': 10, 'train_rates': 0.7129901804976123, 'learning_rate': 0.00020029441795952236, 'batch_size': 127, 'step_size': 7, 'gamma': 0.8968988915988503}
Epoch 1/300, trend Loss: 0.7564 | 0.8134
Epoch 2/300, trend Loss: 0.4006 | 0.4271
Epoch 3/300, trend Loss: 0.2249 | 0.2740
Epoch 4/300, trend Loss: 0.1809 | 0.2034
Epoch 5/300, trend Loss: 0.1675 | 0.1864
Epoch 6/300, trend Loss: 0.1563 | 0.1735
Epoch 7/300, trend Loss: 0.1535 | 0.1630
Epoch 8/300, trend Loss: 0.1463 | 0.1543
Epoch 9/300, trend Loss: 0.1415 | 0.1486
Epoch 10/300, trend Loss: 0.1407 | 0.1469
Epoch 11/300, trend Loss: 0.1370 | 0.1447
Epoch 12/300, trend Loss: 0.1304 | 0.1431
Epoch 13/300, trend Loss: 0.1298 | 0.1386
Epoch 14/300, trend Loss: 0.1337 | 0.1342
Epoch 15/300, trend Loss: 0.1350 | 0.1285
Epoch 16/300, trend Loss: 0.1282 | 0.1283
Epoch 17/300, trend Loss: 0.1275 | 0.1323
Epoch 18/300, trend Loss: 0.1276 | 0.1316
Epoch 19/300, trend Loss: 0.1219 | 0.1268
Epoch 20/300, trend Loss: 0.1232 | 0.1211
Epoch 21/300, trend Loss: 0.1239 | 0.1173
Epoch 22/300, trend Loss: 0.1188 | 0.1193
Epoch 23/300, trend Loss: 0.1184 | 0.1224
Epoch 24/300, trend Loss: 0.1172 | 0.1202
Epoch 25/300, trend Loss: 0.1157 | 0.1145
Epoch 26/300, trend Loss: 0.1161 | 0.1123
Epoch 27/300, trend Loss: 0.1143 | 0.1126
Epoch 28/300, trend Loss: 0.1130 | 0.1154
Epoch 29/300, trend Loss: 0.1128 | 0.1131
Epoch 30/300, trend Loss: 0.1117 | 0.1107
Epoch 31/300, trend Loss: 0.1116 | 0.1086
Epoch 32/300, trend Loss: 0.1105 | 0.1099
Epoch 33/300, trend Loss: 0.1099 | 0.1095
Epoch 34/300, trend Loss: 0.1095 | 0.1098
Epoch 35/300, trend Loss: 0.1091 | 0.1071
Epoch 36/300, trend Loss: 0.1087 | 0.1074
Epoch 37/300, trend Loss: 0.1084 | 0.1064
Epoch 38/300, trend Loss: 0.1078 | 0.1082
Epoch 39/300, trend Loss: 0.1077 | 0.1059
Epoch 40/300, trend Loss: 0.1073 | 0.1069
Epoch 41/300, trend Loss: 0.1071 | 0.1045
Epoch 42/300, trend Loss: 0.1066 | 0.1069
Epoch 43/300, trend Loss: 0.1066 | 0.1042
Epoch 44/300, trend Loss: 0.1062 | 0.1066
Epoch 45/300, trend Loss: 0.1062 | 0.1033
Epoch 46/300, trend Loss: 0.1058 | 0.1063
Epoch 47/300, trend Loss: 0.1058 | 0.1027
Epoch 48/300, trend Loss: 0.1055 | 0.1063
Epoch 49/300, trend Loss: 0.1055 | 0.1021
Epoch 50/300, trend Loss: 0.1051 | 0.1062
Epoch 51/300, trend Loss: 0.1052 | 0.1016
Epoch 52/300, trend Loss: 0.1048 | 0.1060
Epoch 53/300, trend Loss: 0.1049 | 0.1012
Epoch 54/300, trend Loss: 0.1045 | 0.1057
Epoch 55/300, trend Loss: 0.1045 | 0.1009
Epoch 56/300, trend Loss: 0.1042 | 0.1052
Epoch 57/300, trend Loss: 0.1042 | 0.1007
Epoch 58/300, trend Loss: 0.1039 | 0.1045
Epoch 59/300, trend Loss: 0.1039 | 0.1006
Epoch 60/300, trend Loss: 0.1036 | 0.1039
Epoch 61/300, trend Loss: 0.1035 | 0.1005
Epoch 62/300, trend Loss: 0.1033 | 0.1032
Epoch 63/300, trend Loss: 0.1032 | 0.1005
Epoch 64/300, trend Loss: 0.1030 | 0.1025
Epoch 65/300, trend Loss: 0.1029 | 0.1005
Epoch 66/300, trend Loss: 0.1028 | 0.1019
Epoch 67/300, trend Loss: 0.1027 | 0.1004
Epoch 68/300, trend Loss: 0.1025 | 0.1014
Epoch 69/300, trend Loss: 0.1025 | 0.1004
Epoch 70/300, trend Loss: 0.1023 | 0.1009
Epoch 71/300, trend Loss: 0.1022 | 0.1003
Epoch 72/300, trend Loss: 0.1021 | 0.1005
Epoch 73/300, trend Loss: 0.1021 | 0.1002
Epoch 74/300, trend Loss: 0.1020 | 0.1003
Epoch 75/300, trend Loss: 0.1019 | 0.1000
Epoch 76/300, trend Loss: 0.1018 | 0.1000
Epoch 77/300, trend Loss: 0.1017 | 0.0998
Epoch 78/300, trend Loss: 0.1016 | 0.0998
Epoch 79/300, trend Loss: 0.1015 | 0.0997
Epoch 80/300, trend Loss: 0.1015 | 0.0996
Epoch 81/300, trend Loss: 0.1014 | 0.0995
Epoch 82/300, trend Loss: 0.1013 | 0.0994
Epoch 83/300, trend Loss: 0.1012 | 0.0993
Epoch 84/300, trend Loss: 0.1012 | 0.0992
Epoch 85/300, trend Loss: 0.1011 | 0.0991
Epoch 86/300, trend Loss: 0.1010 | 0.0991
Epoch 87/300, trend Loss: 0.1010 | 0.0990
Epoch 88/300, trend Loss: 0.1009 | 0.0989
Epoch 89/300, trend Loss: 0.1008 | 0.0988
Epoch 90/300, trend Loss: 0.1008 | 0.0988
Epoch 91/300, trend Loss: 0.1007 | 0.0987
Epoch 92/300, trend Loss: 0.1006 | 0.0986
Epoch 93/300, trend Loss: 0.1006 | 0.0985
Epoch 94/300, trend Loss: 0.1005 | 0.0985
Epoch 95/300, trend Loss: 0.1005 | 0.0984
Epoch 96/300, trend Loss: 0.1004 | 0.0983
Epoch 97/300, trend Loss: 0.1004 | 0.0983
Epoch 98/300, trend Loss: 0.1003 | 0.0982
Epoch 99/300, trend Loss: 0.1002 | 0.0982
Epoch 100/300, trend Loss: 0.1002 | 0.0981
Epoch 101/300, trend Loss: 0.1002 | 0.0981
Epoch 102/300, trend Loss: 0.1001 | 0.0980
Epoch 103/300, trend Loss: 0.1001 | 0.0979
Epoch 104/300, trend Loss: 0.1000 | 0.0979
Epoch 105/300, trend Loss: 0.1000 | 0.0978
Epoch 106/300, trend Loss: 0.0999 | 0.0978
Epoch 107/300, trend Loss: 0.0999 | 0.0977
Epoch 108/300, trend Loss: 0.0998 | 0.0977
Epoch 109/300, trend Loss: 0.0998 | 0.0976
Epoch 110/300, trend Loss: 0.0998 | 0.0976
Epoch 111/300, trend Loss: 0.0997 | 0.0976
Epoch 112/300, trend Loss: 0.0997 | 0.0975
Epoch 113/300, trend Loss: 0.0996 | 0.0975
Epoch 114/300, trend Loss: 0.0996 | 0.0974
Epoch 115/300, trend Loss: 0.0996 | 0.0974
Epoch 116/300, trend Loss: 0.0995 | 0.0974
Epoch 117/300, trend Loss: 0.0995 | 0.0973
Epoch 118/300, trend Loss: 0.0995 | 0.0973
Epoch 119/300, trend Loss: 0.0994 | 0.0972
Epoch 120/300, trend Loss: 0.0994 | 0.0972
Epoch 121/300, trend Loss: 0.0994 | 0.0972
Epoch 122/300, trend Loss: 0.0994 | 0.0971
Epoch 123/300, trend Loss: 0.0993 | 0.0971
Epoch 124/300, trend Loss: 0.0993 | 0.0971
Epoch 125/300, trend Loss: 0.0993 | 0.0970
Epoch 126/300, trend Loss: 0.0992 | 0.0970
Epoch 127/300, trend Loss: 0.0992 | 0.0970
Epoch 128/300, trend Loss: 0.0992 | 0.0970
Epoch 129/300, trend Loss: 0.0992 | 0.0969
Epoch 130/300, trend Loss: 0.0991 | 0.0969
Epoch 131/300, trend Loss: 0.0991 | 0.0969
Epoch 132/300, trend Loss: 0.0991 | 0.0968
Epoch 133/300, trend Loss: 0.0991 | 0.0968
Epoch 134/300, trend Loss: 0.0991 | 0.0968
Epoch 135/300, trend Loss: 0.0990 | 0.0968
Epoch 136/300, trend Loss: 0.0990 | 0.0967
Epoch 137/300, trend Loss: 0.0990 | 0.0967
Epoch 138/300, trend Loss: 0.0990 | 0.0967
Epoch 139/300, trend Loss: 0.0990 | 0.0967
Epoch 140/300, trend Loss: 0.0989 | 0.0967
Epoch 141/300, trend Loss: 0.0989 | 0.0966
Epoch 142/300, trend Loss: 0.0989 | 0.0966
Epoch 143/300, trend Loss: 0.0989 | 0.0966
Epoch 144/300, trend Loss: 0.0989 | 0.0966
Epoch 145/300, trend Loss: 0.0988 | 0.0966
Epoch 146/300, trend Loss: 0.0988 | 0.0965
Epoch 147/300, trend Loss: 0.0988 | 0.0965
Epoch 148/300, trend Loss: 0.0988 | 0.0965
Epoch 149/300, trend Loss: 0.0988 | 0.0965
Epoch 150/300, trend Loss: 0.0988 | 0.0965
Epoch 151/300, trend Loss: 0.0988 | 0.0965
Epoch 152/300, trend Loss: 0.0987 | 0.0964
Epoch 153/300, trend Loss: 0.0987 | 0.0964
Epoch 154/300, trend Loss: 0.0987 | 0.0964
Epoch 155/300, trend Loss: 0.0987 | 0.0964
Epoch 156/300, trend Loss: 0.0987 | 0.0964
Epoch 157/300, trend Loss: 0.0987 | 0.0964
Epoch 158/300, trend Loss: 0.0987 | 0.0964
Epoch 159/300, trend Loss: 0.0987 | 0.0963
Epoch 160/300, trend Loss: 0.0986 | 0.0963
Epoch 161/300, trend Loss: 0.0986 | 0.0963
Epoch 162/300, trend Loss: 0.0986 | 0.0963
Epoch 163/300, trend Loss: 0.0986 | 0.0963
Epoch 164/300, trend Loss: 0.0986 | 0.0963
Epoch 165/300, trend Loss: 0.0986 | 0.0963
Epoch 166/300, trend Loss: 0.0986 | 0.0963
Epoch 167/300, trend Loss: 0.0986 | 0.0963
Epoch 168/300, trend Loss: 0.0986 | 0.0962
Epoch 169/300, trend Loss: 0.0986 | 0.0962
Epoch 170/300, trend Loss: 0.0986 | 0.0962
Epoch 171/300, trend Loss: 0.0985 | 0.0962
Epoch 172/300, trend Loss: 0.0985 | 0.0962
Epoch 173/300, trend Loss: 0.0985 | 0.0962
Epoch 174/300, trend Loss: 0.0985 | 0.0962
Epoch 175/300, trend Loss: 0.0985 | 0.0962
Epoch 176/300, trend Loss: 0.0985 | 0.0962
Epoch 177/300, trend Loss: 0.0985 | 0.0962
Epoch 178/300, trend Loss: 0.0985 | 0.0962
Epoch 179/300, trend Loss: 0.0985 | 0.0962
Epoch 180/300, trend Loss: 0.0985 | 0.0961
Epoch 181/300, trend Loss: 0.0985 | 0.0961
Epoch 182/300, trend Loss: 0.0985 | 0.0961
Epoch 183/300, trend Loss: 0.0985 | 0.0961
Epoch 184/300, trend Loss: 0.0985 | 0.0961
Epoch 185/300, trend Loss: 0.0984 | 0.0961
Epoch 186/300, trend Loss: 0.0984 | 0.0961
Epoch 187/300, trend Loss: 0.0984 | 0.0961
Epoch 188/300, trend Loss: 0.0984 | 0.0961
Epoch 189/300, trend Loss: 0.0984 | 0.0961
Epoch 190/300, trend Loss: 0.0984 | 0.0961
Epoch 191/300, trend Loss: 0.0984 | 0.0961
Epoch 192/300, trend Loss: 0.0984 | 0.0961
Epoch 193/300, trend Loss: 0.0984 | 0.0961
Epoch 194/300, trend Loss: 0.0984 | 0.0961
Epoch 195/300, trend Loss: 0.0984 | 0.0961
Epoch 196/300, trend Loss: 0.0984 | 0.0960
Epoch 197/300, trend Loss: 0.0984 | 0.0960
Epoch 198/300, trend Loss: 0.0984 | 0.0960
Epoch 199/300, trend Loss: 0.0984 | 0.0960
Epoch 200/300, trend Loss: 0.0984 | 0.0960
Epoch 201/300, trend Loss: 0.0984 | 0.0960
Epoch 202/300, trend Loss: 0.0984 | 0.0960
Epoch 203/300, trend Loss: 0.0984 | 0.0960
Epoch 204/300, trend Loss: 0.0984 | 0.0960
Epoch 205/300, trend Loss: 0.0984 | 0.0960
Epoch 206/300, trend Loss: 0.0984 | 0.0960
Epoch 207/300, trend Loss: 0.0984 | 0.0960
Epoch 208/300, trend Loss: 0.0984 | 0.0960
Epoch 209/300, trend Loss: 0.0984 | 0.0960
Epoch 210/300, trend Loss: 0.0983 | 0.0960
Epoch 211/300, trend Loss: 0.0983 | 0.0960
Epoch 212/300, trend Loss: 0.0983 | 0.0960
Epoch 213/300, trend Loss: 0.0983 | 0.0960
Epoch 214/300, trend Loss: 0.0983 | 0.0960
Epoch 215/300, trend Loss: 0.0983 | 0.0960
Epoch 216/300, trend Loss: 0.0983 | 0.0960
Epoch 217/300, trend Loss: 0.0983 | 0.0960
Epoch 218/300, trend Loss: 0.0983 | 0.0960
Epoch 219/300, trend Loss: 0.0983 | 0.0960
Epoch 220/300, trend Loss: 0.0983 | 0.0960
Epoch 221/300, trend Loss: 0.0983 | 0.0960
Epoch 222/300, trend Loss: 0.0983 | 0.0960
Epoch 223/300, trend Loss: 0.0983 | 0.0960
Epoch 224/300, trend Loss: 0.0983 | 0.0960
Epoch 225/300, trend Loss: 0.0983 | 0.0960
Epoch 226/300, trend Loss: 0.0983 | 0.0960
Epoch 227/300, trend Loss: 0.0983 | 0.0960
Epoch 228/300, trend Loss: 0.0983 | 0.0960
Epoch 229/300, trend Loss: 0.0983 | 0.0959
Epoch 230/300, trend Loss: 0.0983 | 0.0959
Epoch 231/300, trend Loss: 0.0983 | 0.0959
Epoch 232/300, trend Loss: 0.0983 | 0.0959
Epoch 233/300, trend Loss: 0.0983 | 0.0959
Epoch 234/300, trend Loss: 0.0983 | 0.0959
Epoch 235/300, trend Loss: 0.0983 | 0.0959
Epoch 236/300, trend Loss: 0.0983 | 0.0959
Epoch 237/300, trend Loss: 0.0983 | 0.0959
Epoch 238/300, trend Loss: 0.0983 | 0.0959
Epoch 239/300, trend Loss: 0.0983 | 0.0959
Epoch 240/300, trend Loss: 0.0983 | 0.0959
Epoch 241/300, trend Loss: 0.0983 | 0.0959
Epoch 242/300, trend Loss: 0.0983 | 0.0959
Epoch 243/300, trend Loss: 0.0983 | 0.0959
Epoch 244/300, trend Loss: 0.0983 | 0.0959
Epoch 245/300, trend Loss: 0.0983 | 0.0959
Epoch 246/300, trend Loss: 0.0983 | 0.0959
Epoch 247/300, trend Loss: 0.0983 | 0.0959
Epoch 248/300, trend Loss: 0.0983 | 0.0959
Epoch 249/300, trend Loss: 0.0983 | 0.0959
Epoch 250/300, trend Loss: 0.0983 | 0.0959
Epoch 251/300, trend Loss: 0.0983 | 0.0959
Epoch 252/300, trend Loss: 0.0983 | 0.0959
Epoch 253/300, trend Loss: 0.0983 | 0.0959
Epoch 254/300, trend Loss: 0.0983 | 0.0959
Epoch 255/300, trend Loss: 0.0983 | 0.0959
Epoch 256/300, trend Loss: 0.0983 | 0.0959
Epoch 257/300, trend Loss: 0.0983 | 0.0959
Epoch 258/300, trend Loss: 0.0983 | 0.0959
Epoch 259/300, trend Loss: 0.0983 | 0.0959
Epoch 260/300, trend Loss: 0.0983 | 0.0959
Epoch 261/300, trend Loss: 0.0983 | 0.0959
Epoch 262/300, trend Loss: 0.0983 | 0.0959
Epoch 263/300, trend Loss: 0.0983 | 0.0959
Epoch 264/300, trend Loss: 0.0983 | 0.0959
Epoch 265/300, trend Loss: 0.0983 | 0.0959
Epoch 266/300, trend Loss: 0.0983 | 0.0959
Epoch 267/300, trend Loss: 0.0983 | 0.0959
Epoch 268/300, trend Loss: 0.0983 | 0.0959
Epoch 269/300, trend Loss: 0.0983 | 0.0959
Epoch 270/300, trend Loss: 0.0983 | 0.0959
Epoch 271/300, trend Loss: 0.0983 | 0.0959
Epoch 272/300, trend Loss: 0.0983 | 0.0959
Epoch 273/300, trend Loss: 0.0983 | 0.0959
Epoch 274/300, trend Loss: 0.0983 | 0.0959
Epoch 275/300, trend Loss: 0.0983 | 0.0959
Epoch 276/300, trend Loss: 0.0983 | 0.0959
Epoch 277/300, trend Loss: 0.0983 | 0.0959
Epoch 278/300, trend Loss: 0.0983 | 0.0959
Epoch 279/300, trend Loss: 0.0983 | 0.0959
Epoch 280/300, trend Loss: 0.0983 | 0.0959
Epoch 281/300, trend Loss: 0.0983 | 0.0959
Epoch 282/300, trend Loss: 0.0983 | 0.0959
Epoch 283/300, trend Loss: 0.0983 | 0.0959
Epoch 284/300, trend Loss: 0.0983 | 0.0959
Epoch 285/300, trend Loss: 0.0983 | 0.0959
Epoch 286/300, trend Loss: 0.0983 | 0.0959
Epoch 287/300, trend Loss: 0.0983 | 0.0959
Epoch 288/300, trend Loss: 0.0983 | 0.0959
Epoch 289/300, trend Loss: 0.0983 | 0.0959
Epoch 290/300, trend Loss: 0.0983 | 0.0959
Epoch 291/300, trend Loss: 0.0983 | 0.0959
Epoch 292/300, trend Loss: 0.0983 | 0.0959
Epoch 293/300, trend Loss: 0.0983 | 0.0959
Epoch 294/300, trend Loss: 0.0983 | 0.0959
Epoch 295/300, trend Loss: 0.0983 | 0.0959
Epoch 296/300, trend Loss: 0.0983 | 0.0959
Epoch 297/300, trend Loss: 0.0983 | 0.0959
Epoch 298/300, trend Loss: 0.0983 | 0.0959
Epoch 299/300, trend Loss: 0.0983 | 0.0959
Epoch 300/300, trend Loss: 0.0983 | 0.0959
Training seasonal_0 component with params: {'observation_period_num': 117, 'train_rates': 0.9763231303031986, 'learning_rate': 0.00039940954425028794, 'batch_size': 124, 'step_size': 12, 'gamma': 0.9854649542093142}
Epoch 1/300, seasonal_0 Loss: 0.6770 | 0.6649
Epoch 2/300, seasonal_0 Loss: 0.4500 | 0.5148
Epoch 3/300, seasonal_0 Loss: 0.3691 | 0.4161
Epoch 4/300, seasonal_0 Loss: 0.5781 | 0.5248
Epoch 5/300, seasonal_0 Loss: 0.3608 | 0.4513
Epoch 6/300, seasonal_0 Loss: 0.2583 | 0.3334
Epoch 7/300, seasonal_0 Loss: 0.2778 | 0.3414
Epoch 8/300, seasonal_0 Loss: 0.2554 | 0.2614
Epoch 9/300, seasonal_0 Loss: 0.2126 | 0.2559
Epoch 10/300, seasonal_0 Loss: 0.1819 | 0.2432
Epoch 11/300, seasonal_0 Loss: 0.1825 | 0.2803
Epoch 12/300, seasonal_0 Loss: 0.1835 | 0.4257
Epoch 13/300, seasonal_0 Loss: 0.1724 | 0.2722
Epoch 14/300, seasonal_0 Loss: 0.1876 | 0.2212
Epoch 15/300, seasonal_0 Loss: 0.1710 | 0.1685
Epoch 16/300, seasonal_0 Loss: 0.1968 | 0.1812
Epoch 17/300, seasonal_0 Loss: 0.1695 | 0.2297
Epoch 18/300, seasonal_0 Loss: 0.1414 | 0.2643
Epoch 19/300, seasonal_0 Loss: 0.1422 | 0.2295
Epoch 20/300, seasonal_0 Loss: 0.1437 | 0.1779
Epoch 21/300, seasonal_0 Loss: 0.1369 | 0.1589
Epoch 22/300, seasonal_0 Loss: 0.1296 | 0.1558
Epoch 23/300, seasonal_0 Loss: 0.1242 | 0.2125
Epoch 24/300, seasonal_0 Loss: 0.1237 | 0.2293
Epoch 25/300, seasonal_0 Loss: 0.1397 | 0.1665
Epoch 26/300, seasonal_0 Loss: 0.1367 | 0.1356
Epoch 27/300, seasonal_0 Loss: 0.1361 | 0.1255
Epoch 28/300, seasonal_0 Loss: 0.1165 | 0.1548
Epoch 29/300, seasonal_0 Loss: 0.1150 | 0.1842
Epoch 30/300, seasonal_0 Loss: 0.1187 | 0.2029
Epoch 31/300, seasonal_0 Loss: 0.1177 | 0.1787
Epoch 32/300, seasonal_0 Loss: 0.1148 | 0.1651
Epoch 33/300, seasonal_0 Loss: 0.1123 | 0.1949
Epoch 34/300, seasonal_0 Loss: 0.1140 | 0.3232
Epoch 35/300, seasonal_0 Loss: 0.1235 | 0.2049
Epoch 36/300, seasonal_0 Loss: 0.1353 | 0.1943
Epoch 37/300, seasonal_0 Loss: 0.1379 | 0.1326
Epoch 38/300, seasonal_0 Loss: 0.1638 | 0.1441
Epoch 39/300, seasonal_0 Loss: 0.1395 | 0.1472
Epoch 40/300, seasonal_0 Loss: 0.1280 | 0.1830
Epoch 41/300, seasonal_0 Loss: 0.1125 | 0.1990
Epoch 42/300, seasonal_0 Loss: 0.1100 | 0.1204
Epoch 43/300, seasonal_0 Loss: 0.1090 | 0.1185
Epoch 44/300, seasonal_0 Loss: 0.1098 | 0.1014
Epoch 45/300, seasonal_0 Loss: 0.1168 | 0.1389
Epoch 46/300, seasonal_0 Loss: 0.1096 | 0.1291
Epoch 47/300, seasonal_0 Loss: 0.1165 | 0.1317
Epoch 48/300, seasonal_0 Loss: 0.1157 | 0.1358
Epoch 49/300, seasonal_0 Loss: 0.1132 | 0.0963
Epoch 50/300, seasonal_0 Loss: 0.1124 | 0.1237
Epoch 51/300, seasonal_0 Loss: 0.1108 | 0.1534
Epoch 52/300, seasonal_0 Loss: 0.1071 | 0.1520
Epoch 53/300, seasonal_0 Loss: 0.1131 | 0.1779
Epoch 54/300, seasonal_0 Loss: 0.1003 | 0.0983
Epoch 55/300, seasonal_0 Loss: 0.0966 | 0.1237
Epoch 56/300, seasonal_0 Loss: 0.1002 | 0.1235
Epoch 57/300, seasonal_0 Loss: 0.1096 | 0.1243
Epoch 58/300, seasonal_0 Loss: 0.1126 | 0.1091
Epoch 59/300, seasonal_0 Loss: 0.1156 | 0.0992
Epoch 60/300, seasonal_0 Loss: 0.1011 | 0.1010
Epoch 61/300, seasonal_0 Loss: 0.1141 | 0.1355
Epoch 62/300, seasonal_0 Loss: 0.1040 | 0.1385
Epoch 63/300, seasonal_0 Loss: 0.0960 | 0.1075
Epoch 64/300, seasonal_0 Loss: 0.0912 | 0.1014
Epoch 65/300, seasonal_0 Loss: 0.0980 | 0.0887
Epoch 66/300, seasonal_0 Loss: 0.0972 | 0.1223
Epoch 67/300, seasonal_0 Loss: 0.0972 | 0.1444
Epoch 68/300, seasonal_0 Loss: 0.0939 | 0.1329
Epoch 69/300, seasonal_0 Loss: 0.0848 | 0.0862
Epoch 70/300, seasonal_0 Loss: 0.0849 | 0.0889
Epoch 71/300, seasonal_0 Loss: 0.0871 | 0.0787
Epoch 72/300, seasonal_0 Loss: 0.0948 | 0.1652
Epoch 73/300, seasonal_0 Loss: 0.0960 | 0.2024
Epoch 74/300, seasonal_0 Loss: 0.0888 | 0.0928
Epoch 75/300, seasonal_0 Loss: 0.0825 | 0.0964
Epoch 76/300, seasonal_0 Loss: 0.0883 | 0.1044
Epoch 77/300, seasonal_0 Loss: 0.0813 | 0.1799
Epoch 78/300, seasonal_0 Loss: 0.0866 | 0.1129
Epoch 79/300, seasonal_0 Loss: 0.0840 | 0.0861
Epoch 80/300, seasonal_0 Loss: 0.0817 | 0.1093
Epoch 81/300, seasonal_0 Loss: 0.0826 | 0.1572
Epoch 82/300, seasonal_0 Loss: 0.0858 | 0.1089
Epoch 83/300, seasonal_0 Loss: 0.0907 | 0.0907
Epoch 84/300, seasonal_0 Loss: 0.0790 | 0.1008
Epoch 85/300, seasonal_0 Loss: 0.0814 | 0.1591
Epoch 86/300, seasonal_0 Loss: 0.0845 | 0.2142
Epoch 87/300, seasonal_0 Loss: 0.0935 | 0.1309
Epoch 88/300, seasonal_0 Loss: 0.0867 | 0.0923
Epoch 89/300, seasonal_0 Loss: 0.0857 | 0.0858
Epoch 90/300, seasonal_0 Loss: 0.0885 | 0.1045
Epoch 91/300, seasonal_0 Loss: 0.0800 | 0.1246
Epoch 92/300, seasonal_0 Loss: 0.0853 | 0.1084
Epoch 93/300, seasonal_0 Loss: 0.0970 | 0.1018
Epoch 94/300, seasonal_0 Loss: 0.0940 | 0.1146
Epoch 95/300, seasonal_0 Loss: 0.0802 | 0.1447
Epoch 96/300, seasonal_0 Loss: 0.0860 | 0.1143
Epoch 97/300, seasonal_0 Loss: 0.0790 | 0.0840
Epoch 98/300, seasonal_0 Loss: 0.0763 | 0.0811
Epoch 99/300, seasonal_0 Loss: 0.0775 | 0.1274
Epoch 100/300, seasonal_0 Loss: 0.0832 | 0.1628
Epoch 101/300, seasonal_0 Loss: 0.0836 | 0.0973
Epoch 102/300, seasonal_0 Loss: 0.0878 | 0.1004
Epoch 103/300, seasonal_0 Loss: 0.0853 | 0.1054
Epoch 104/300, seasonal_0 Loss: 0.0807 | 0.1381
Epoch 105/300, seasonal_0 Loss: 0.0804 | 0.0962
Epoch 106/300, seasonal_0 Loss: 0.0843 | 0.0885
Epoch 107/300, seasonal_0 Loss: 0.0798 | 0.1155
Epoch 108/300, seasonal_0 Loss: 0.0774 | 0.1845
Epoch 109/300, seasonal_0 Loss: 0.0763 | 0.0928
Epoch 110/300, seasonal_0 Loss: 0.0828 | 0.0900
Epoch 111/300, seasonal_0 Loss: 0.0768 | 0.1101
Epoch 112/300, seasonal_0 Loss: 0.0793 | 0.1096
Epoch 113/300, seasonal_0 Loss: 0.0814 | 0.0892
Epoch 114/300, seasonal_0 Loss: 0.0747 | 0.0870
Epoch 115/300, seasonal_0 Loss: 0.0828 | 0.1295
Epoch 116/300, seasonal_0 Loss: 0.0776 | 0.1505
Epoch 117/300, seasonal_0 Loss: 0.0896 | 0.0981
Epoch 118/300, seasonal_0 Loss: 0.0926 | 0.0823
Epoch 119/300, seasonal_0 Loss: 0.0840 | 0.0821
Epoch 120/300, seasonal_0 Loss: 0.0790 | 0.1665
Epoch 121/300, seasonal_0 Loss: 0.0739 | 0.1180
Epoch 122/300, seasonal_0 Loss: 0.0757 | 0.1046
Epoch 123/300, seasonal_0 Loss: 0.0704 | 0.1427
Epoch 124/300, seasonal_0 Loss: 0.0674 | 0.1505
Epoch 125/300, seasonal_0 Loss: 0.0675 | 0.0987
Epoch 126/300, seasonal_0 Loss: 0.0665 | 0.1113
Epoch 127/300, seasonal_0 Loss: 0.0645 | 0.0977
Epoch 128/300, seasonal_0 Loss: 0.0639 | 0.0968
Epoch 129/300, seasonal_0 Loss: 0.0672 | 0.1105
Epoch 130/300, seasonal_0 Loss: 0.0685 | 0.1087
Epoch 131/300, seasonal_0 Loss: 0.0684 | 0.0948
Epoch 132/300, seasonal_0 Loss: 0.0721 | 0.1129
Epoch 133/300, seasonal_0 Loss: 0.0708 | 0.1336
Epoch 134/300, seasonal_0 Loss: 0.0728 | 0.1121
Epoch 135/300, seasonal_0 Loss: 0.0776 | 0.1144
Epoch 136/300, seasonal_0 Loss: 0.0726 | 0.1404
Epoch 137/300, seasonal_0 Loss: 0.0809 | 0.0990
Epoch 138/300, seasonal_0 Loss: 0.0793 | 0.1164
Epoch 139/300, seasonal_0 Loss: 0.0816 | 0.1404
Epoch 140/300, seasonal_0 Loss: 0.0776 | 0.1399
Epoch 141/300, seasonal_0 Loss: 0.0795 | 0.1054
Epoch 142/300, seasonal_0 Loss: 0.0795 | 0.1464
Epoch 143/300, seasonal_0 Loss: 0.0800 | 0.1227
Epoch 144/300, seasonal_0 Loss: 0.0716 | 0.1084
Epoch 145/300, seasonal_0 Loss: 0.0782 | 0.1133
Epoch 146/300, seasonal_0 Loss: 0.0658 | 0.0992
Epoch 147/300, seasonal_0 Loss: 0.0752 | 0.1121
Epoch 148/300, seasonal_0 Loss: 0.0737 | 0.1401
Epoch 149/300, seasonal_0 Loss: 0.0689 | 0.1249
Epoch 150/300, seasonal_0 Loss: 0.0744 | 0.1081
Epoch 151/300, seasonal_0 Loss: 0.0611 | 0.1014
Epoch 152/300, seasonal_0 Loss: 0.0691 | 0.1061
Epoch 153/300, seasonal_0 Loss: 0.0664 | 0.1215
Epoch 154/300, seasonal_0 Loss: 0.0681 | 0.1082
Epoch 155/300, seasonal_0 Loss: 0.0675 | 0.1027
Epoch 156/300, seasonal_0 Loss: 0.0716 | 0.1071
Epoch 157/300, seasonal_0 Loss: 0.0696 | 0.0951
Epoch 158/300, seasonal_0 Loss: 0.0683 | 0.1084
Epoch 159/300, seasonal_0 Loss: 0.0641 | 0.1161
Epoch 160/300, seasonal_0 Loss: 0.0664 | 0.1091
Epoch 161/300, seasonal_0 Loss: 0.0636 | 0.0911
Epoch 162/300, seasonal_0 Loss: 0.0614 | 0.1001
Epoch 163/300, seasonal_0 Loss: 0.0598 | 0.1298
Epoch 164/300, seasonal_0 Loss: 0.0639 | 0.1109
Epoch 165/300, seasonal_0 Loss: 0.0601 | 0.0947
Epoch 166/300, seasonal_0 Loss: 0.0591 | 0.1035
Epoch 167/300, seasonal_0 Loss: 0.0576 | 0.1111
Epoch 168/300, seasonal_0 Loss: 0.0583 | 0.0928
Epoch 169/300, seasonal_0 Loss: 0.0567 | 0.0916
Epoch 170/300, seasonal_0 Loss: 0.0570 | 0.1161
Epoch 171/300, seasonal_0 Loss: 0.0563 | 0.1255
Epoch 172/300, seasonal_0 Loss: 0.0575 | 0.0982
Epoch 173/300, seasonal_0 Loss: 0.0548 | 0.0995
Epoch 174/300, seasonal_0 Loss: 0.0553 | 0.1051
Epoch 175/300, seasonal_0 Loss: 0.0563