[32m[I 2025-02-02 21:26:14,051][0m Trial 16 finished with value: 0.34964963087526907 and parameters: {'observation_period_num': 39, 'train_rates': 0.7892403494401722, 'learning_rate': 4.94036879635825e-06, 'batch_size': 67, 'step_size': 5, 'gamma': 0.8916467995073111}. Best is trial 8 with value: 0.13596558570861816.[0m
[32m[I 2025-02-02 21:26:38,211][0m Trial 17 finished with value: 0.12151292017910353 and parameters: {'observation_period_num': 87, 'train_rates': 0.7980143585404263, 'learning_rate': 0.0009651707543047798, 'batch_size': 146, 'step_size': 7, 'gamma': 0.939355481501456}. Best is trial 17 with value: 0.12151292017910353.[0m
[32m[I 2025-02-02 21:27:05,722][0m Trial 18 finished with value: 0.08797941356897354 and parameters: {'observation_period_num': 99, 'train_rates': 0.9889131062561521, 'learning_rate': 0.0009756537577925638, 'batch_size': 150, 'step_size': 13, 'gamma': 0.9557530177155191}. Best is trial 18 with value: 0.08797941356897354.[0m
[32m[I 2025-02-02 21:27:31,225][0m Trial 19 finished with value: 0.14545885803209832 and parameters: {'observation_period_num': 101, 'train_rates': 0.8566432195453108, 'learning_rate': 0.00099380973175902, 'batch_size': 151, 'step_size': 15, 'gamma': 0.9503525824044672}. Best is trial 18 with value: 0.08797941356897354.[0m
[32m[I 2025-02-02 21:27:55,236][0m Trial 20 finished with value: 0.21092674020097482 and parameters: {'observation_period_num': 122, 'train_rates': 0.9298077862864536, 'learning_rate': 0.0008794795481889949, 'batch_size': 182, 'step_size': 13, 'gamma': 0.8901685355682551}. Best is trial 18 with value: 0.08797941356897354.[0m
[32m[I 2025-02-02 21:28:27,038][0m Trial 21 finished with value: 0.09171649068593979 and parameters: {'observation_period_num': 80, 'train_rates': 0.9889899924673669, 'learning_rate': 0.00011982807353377285, 'batch_size': 128, 'step_size': 12, 'gamma': 0.9856274583808133}. Best is trial 18 with value: 0.08797941356897354.[0m
[32m[I 2025-02-02 21:28:56,907][0m Trial 22 finished with value: 0.08931895345449448 and parameters: {'observation_period_num': 114, 'train_rates': 0.9877222271829212, 'learning_rate': 0.0005855437474097552, 'batch_size': 132, 'step_size': 12, 'gamma': 0.9882425584165704}. Best is trial 18 with value: 0.08797941356897354.[0m
[32m[I 2025-02-02 21:29:27,832][0m Trial 23 finished with value: 0.11195175349712372 and parameters: {'observation_period_num': 117, 'train_rates': 0.9886354999190282, 'learning_rate': 0.0004680858718313175, 'batch_size': 126, 'step_size': 12, 'gamma': 0.9894557184304689}. Best is trial 18 with value: 0.08797941356897354.[0m
[32m[I 2025-02-02 21:29:57,437][0m Trial 24 finished with value: 0.3088846584846234 and parameters: {'observation_period_num': 169, 'train_rates': 0.9479338507828977, 'learning_rate': 0.00020005096640051068, 'batch_size': 129, 'step_size': 13, 'gamma': 0.9623394091195885}. Best is trial 18 with value: 0.08797941356897354.[0m
[32m[I 2025-02-02 21:30:22,382][0m Trial 25 finished with value: 0.28087809681892395 and parameters: {'observation_period_num': 68, 'train_rates': 0.9501364660545887, 'learning_rate': 0.0005537319101780733, 'batch_size': 174, 'step_size': 11, 'gamma': 0.9628120865726524}. Best is trial 18 with value: 0.08797941356897354.[0m
[32m[I 2025-02-02 21:30:52,963][0m Trial 26 finished with value: 0.17332652867387194 and parameters: {'observation_period_num': 166, 'train_rates': 0.8828449124762159, 'learning_rate': 0.0003183832716814578, 'batch_size': 114, 'step_size': 14, 'gamma': 0.9889054172577398}. Best is trial 18 with value: 0.08797941356897354.[0m
[32m[I 2025-02-02 21:31:41,967][0m Trial 27 finished with value: 0.19438323689003786 and parameters: {'observation_period_num': 115, 'train_rates': 0.9220415209341019, 'learning_rate': 0.00014290610935651475, 'batch_size': 71, 'step_size': 11, 'gamma': 0.911160492512308}. Best is trial 18 with value: 0.08797941356897354.[0m
[32m[I 2025-02-02 21:32:10,547][0m Trial 28 finished with value: 0.09460195899009705 and parameters: {'observation_period_num': 74, 'train_rates': 0.9858571955690677, 'learning_rate': 6.189214016930225e-05, 'batch_size': 142, 'step_size': 13, 'gamma': 0.8093751494020036}. Best is trial 18 with value: 0.08797941356897354.[0m
[32m[I 2025-02-02 21:32:35,744][0m Trial 29 finished with value: 0.2540917694568634 and parameters: {'observation_period_num': 26, 'train_rates': 0.9591671088339241, 'learning_rate': 0.0001824080162140295, 'batch_size': 184, 'step_size': 8, 'gamma': 0.957944267165478}. Best is trial 18 with value: 0.08797941356897354.[0m
[32m[I 2025-02-02 21:33:07,832][0m Trial 30 finished with value: 0.22788147446770354 and parameters: {'observation_period_num': 105, 'train_rates': 0.9309240116156963, 'learning_rate': 0.0005543004629991771, 'batch_size': 111, 'step_size': 9, 'gamma': 0.9336181736121866}. Best is trial 18 with value: 0.08797941356897354.[0m
[32m[I 2025-02-02 21:33:37,254][0m Trial 31 finished with value: 0.12351758033037186 and parameters: {'observation_period_num': 69, 'train_rates': 0.9892342132394, 'learning_rate': 5.3946801239817226e-05, 'batch_size': 139, 'step_size': 13, 'gamma': 0.7721998477761698}. Best is trial 18 with value: 0.08797941356897354.[0m
[32m[I 2025-02-02 21:34:04,266][0m Trial 32 finished with value: 0.34901463985443115 and parameters: {'observation_period_num': 81, 'train_rates': 0.963031252004883, 'learning_rate': 6.722284328403562e-05, 'batch_size': 140, 'step_size': 14, 'gamma': 0.8124578088858595}. Best is trial 18 with value: 0.08797941356897354.[0m
[32m[I 2025-02-02 21:34:30,790][0m Trial 33 finished with value: 0.20609964430332184 and parameters: {'observation_period_num': 141, 'train_rates': 0.9890917592174426, 'learning_rate': 3.503952745562279e-05, 'batch_size': 157, 'step_size': 12, 'gamma': 0.8057452495358821}. Best is trial 18 with value: 0.08797941356897354.[0m
[32m[I 2025-02-02 21:35:16,573][0m Trial 34 finished with value: 0.2210615494034507 and parameters: {'observation_period_num': 61, 'train_rates': 0.9393193811547221, 'learning_rate': 0.00035888736956026575, 'batch_size': 82, 'step_size': 14, 'gamma': 0.8763072354834034}. Best is trial 18 with value: 0.08797941356897354.[0m
[32m[I 2025-02-02 21:35:46,532][0m Trial 35 finished with value: 0.3584124743938446 and parameters: {'observation_period_num': 106, 'train_rates': 0.9660616068062705, 'learning_rate': 0.00014437452158827475, 'batch_size': 130, 'step_size': 11, 'gamma': 0.7853332744392606}. Best is trial 18 with value: 0.08797941356897354.[0m
[32m[I 2025-02-02 21:37:00,414][0m Trial 36 finished with value: 0.23197330540641214 and parameters: {'observation_period_num': 160, 'train_rates': 0.9136641324002783, 'learning_rate': 0.0006840682787396819, 'batch_size': 46, 'step_size': 15, 'gamma': 0.8386371780158388}. Best is trial 18 with value: 0.08797941356897354.[0m
[32m[I 2025-02-02 21:37:29,573][0m Trial 37 finished with value: 0.2662245372961635 and parameters: {'observation_period_num': 186, 'train_rates': 0.7644433179183469, 'learning_rate': 2.2473062731679975e-05, 'batch_size': 111, 'step_size': 10, 'gamma': 0.9711956665942584}. Best is trial 18 with value: 0.08797941356897354.[0m
[32m[I 2025-02-02 21:37:53,343][0m Trial 38 finished with value: 0.1660550424473823 and parameters: {'observation_period_num': 130, 'train_rates': 0.8775403138501905, 'learning_rate': 0.00023495639718201078, 'batch_size': 169, 'step_size': 12, 'gamma': 0.9191248484362182}. Best is trial 18 with value: 0.08797941356897354.[0m
[32m[I 2025-02-02 21:38:13,354][0m Trial 39 finished with value: 0.1503778461886495 and parameters: {'observation_period_num': 76, 'train_rates': 0.7058207471123441, 'learning_rate': 7.96231816790134e-05, 'batch_size': 191, 'step_size': 13, 'gamma': 0.8233158539176275}. Best is trial 18 with value: 0.08797941356897354.[0m
[32m[I 2025-02-02 21:38:39,395][0m Trial 40 finished with value: 0.15401928253954994 and parameters: {'observation_period_num': 27, 'train_rates': 0.8998203516460906, 'learning_rate': 0.0001340491379263494, 'batch_size': 161, 'step_size': 9, 'gamma': 0.9766856924328533}. Best is trial 18 with value: 0.08797941356897354.[0m
[32m[I 2025-02-02 21:39:10,857][0m Trial 41 finished with value: 0.08574704825878143 and parameters: {'observation_period_num': 117, 'train_rates': 0.9763231303031986, 'learning_rate': 0.00039940954425028794, 'batch_size': 124, 'step_size': 12, 'gamma': 0.9854649542093142}. Best is trial 41 with value: 0.08574704825878143.[0m
[32m[I 2025-02-02 21:39:42,280][0m Trial 42 finished with value: 0.47174546122550964 and parameters: {'observation_period_num': 132, 'train_rates': 0.974071345800494, 'learning_rate': 0.0006650218531588862, 'batch_size': 121, 'step_size': 14, 'gamma': 0.9767811740565335}. Best is trial 41 with value: 0.08574704825878143.[0m
[32m[I 2025-02-02 21:40:09,523][0m Trial 43 finished with value: 0.2722807194584528 and parameters: {'observation_period_num': 152, 'train_rates': 0.9473264122435713, 'learning_rate': 0.0003573647350531736, 'batch_size': 145, 'step_size': 11, 'gamma': 0.8561918732522455}. Best is trial 41 with value: 0.08574704825878143.[0m
[32m[I 2025-02-02 21:40:45,900][0m Trial 44 finished with value: 0.3752405345439911 and parameters: {'observation_period_num': 98, 'train_rates': 0.9692024922401548, 'learning_rate': 0.00035700683089267307, 'batch_size': 103, 'step_size': 12, 'gamma': 0.9824753294232779}. Best is trial 41 with value: 0.08574704825878143.[0m
[32m[I 2025-02-02 21:41:15,080][0m Trial 45 finished with value: 0.1217070147395134 and parameters: {'observation_period_num': 111, 'train_rates': 0.9765104757714103, 'learning_rate': 5.002181069908972e-05, 'batch_size': 134, 'step_size': 10, 'gamma': 0.9568086489447621}. Best is trial 41 with value: 0.08574704825878143.[0m
[32m[I 2025-02-02 21:41:42,798][0m Trial 46 finished with value: 0.11967382580041885 and parameters: {'observation_period_num': 55, 'train_rates': 0.9899109335224638, 'learning_rate': 0.0007350921997693392, 'batch_size': 154, 'step_size': 13, 'gamma': 0.9682729025536669}. Best is trial 41 with value: 0.08574704825878143.[0m
[32m[I 2025-02-02 21:42:06,489][0m Trial 47 finished with value: 0.2803120017051697 and parameters: {'observation_period_num': 78, 'train_rates': 0.944893436268639, 'learning_rate': 0.0001054680583390544, 'batch_size': 203, 'step_size': 15, 'gamma': 0.980598408366544}. Best is trial 41 with value: 0.08574704825878143.[0m
[32m[I 2025-02-02 21:42:47,502][0m Trial 48 finished with value: 0.18318409100174904 and parameters: {'observation_period_num': 90, 'train_rates': 0.9066985344286679, 'learning_rate': 0.00044142966407236954, 'batch_size': 87, 'step_size': 12, 'gamma': 0.9099185519607489}. Best is trial 41 with value: 0.08574704825878143.[0m
[32m[I 2025-02-02 21:43:11,108][0m Trial 49 finished with value: 0.3210250735282898 and parameters: {'observation_period_num': 125, 'train_rates': 0.9571265293224651, 'learning_rate': 0.00023223410105545266, 'batch_size': 225, 'step_size': 14, 'gamma': 0.9436795447637064}. Best is trial 41 with value: 0.08574704825878143.[0m
seasonal_0 „ÅÆÊúÄÈÅ©„Éè„Ç§„Éë„Éº„Éë„É©„É°„Éº„Çø„ÅåË¶ã„Å§„Åã„Çä„Åæ„Åó„Åü
ÊúÄÈÅ©ÂåñÂØæË±°: seasonal_1
[32m[I 2025-02-02 21:43:11,115][0m A new study created in memory with name: no-name-0ce9e8a4-430d-42ad-9495-e7ddcafb8645[0m
[32m[I 2025-02-02 21:43:31,053][0m Trial 0 finished with value: 0.6432450519731412 and parameters: {'observation_period_num': 165, 'train_rates': 0.776045300129361, 'learning_rate': 3.940020007069372e-06, 'batch_size': 226, 'step_size': 15, 'gamma': 0.9174031031427546}. Best is trial 0 with value: 0.6432450519731412.[0m
[32m[I 2025-02-02 21:44:05,494][0m Trial 1 finished with value: 0.1705141043663025 and parameters: {'observation_period_num': 195, 'train_rates': 0.6463739494399589, 'learning_rate': 0.0005341208465112535, 'batch_size': 78, 'step_size': 5, 'gamma': 0.8466766170418917}. Best is trial 1 with value: 0.1705141043663025.[0m
[32m[I 2025-02-02 21:44:23,899][0m Trial 2 finished with value: 0.4212881724039714 and parameters: {'observation_period_num': 189, 'train_rates': 0.6047300650681076, 'learning_rate': 4.222529562596736e-05, 'batch_size': 208, 'step_size': 7, 'gamma': 0.9317995759226286}. Best is trial 1 with value: 0.1705141043663025.[0m
[32m[I 2025-02-02 21:44:47,449][0m Trial 3 finished with value: 0.2287461104449527 and parameters: {'observation_period_num': 149, 'train_rates': 0.8758971064429735, 'learning_rate': 3.9630012912142145e-05, 'batch_size': 165, 'step_size': 15, 'gamma': 0.8166431563127158}. Best is trial 1 with value: 0.1705141043663025.[0m
[32m[I 2025-02-02 21:45:13,334][0m Trial 4 finished with value: 0.07505769282579422 and parameters: {'observation_period_num': 50, 'train_rates': 0.9811005963225444, 'learning_rate': 9.721763180609181e-05, 'batch_size': 172, 'step_size': 10, 'gamma': 0.8322943426984026}. Best is trial 4 with value: 0.07505769282579422.[0m
[32m[I 2025-02-02 21:45:34,646][0m Trial 5 finished with value: 0.15703170440789593 and parameters: {'observation_period_num': 125, 'train_rates': 0.8778984901151492, 'learning_rate': 0.0005997138125433584, 'batch_size': 208, 'step_size': 9, 'gamma': 0.8039550184158394}. Best is trial 4 with value: 0.07505769282579422.[0m
[32m[I 2025-02-02 21:45:53,418][0m Trial 6 finished with value: 0.44185804443310966 and parameters: {'observation_period_num': 197, 'train_rates': 0.7141252810751808, 'learning_rate': 1.7392880462338544e-05, 'batch_size': 220, 'step_size': 9, 'gamma': 0.9662787720642413}. Best is trial 4 with value: 0.07505769282579422.[0m
[32m[I 2025-02-02 21:46:14,806][0m Trial 7 finished with value: 0.10900218047859303 and parameters: {'observation_period_num': 7, 'train_rates': 0.719152397869832, 'learning_rate': 9.12538442220547e-05, 'batch_size': 192, 'step_size': 8, 'gamma': 0.7954162940433669}. Best is trial 4 with value: 0.07505769282579422.[0m
[32m[I 2025-02-02 21:46:48,359][0m Trial 8 finished with value: 1.2567576169967651 and parameters: {'observation_period_num': 180, 'train_rates': 0.9644246953529673, 'learning_rate': 3.111929456724979e-06, 'batch_size': 111, 'step_size': 2, 'gamma': 0.8377486781613817}. Best is trial 4 with value: 0.07505769282579422.[0m
[32m[I 2025-02-02 21:47:10,892][0m Trial 9 finished with value: 0.4556768589816794 and parameters: {'observation_period_num': 104, 'train_rates': 0.7563073611149693, 'learning_rate': 1.0604933382123694e-05, 'batch_size': 160, 'step_size': 7, 'gamma': 0.7502755956873138}. Best is trial 4 with value: 0.07505769282579422.[0m
[32m[I 2025-02-02 21:47:34,679][0m Trial 10 finished with value: 0.06938114762306213 and parameters: {'observation_period_num': 46, 'train_rates': 0.9894009814105403, 'learning_rate': 0.00015937239145272288, 'batch_size': 255, 'step_size': 12, 'gamma': 0.8841179760338713}. Best is trial 10 with value: 0.06938114762306213.[0m
[32m[I 2025-02-02 21:47:58,755][0m Trial 11 finished with value: 0.1163986325263977 and parameters: {'observation_period_num': 44, 'train_rates': 0.9752810958970182, 'learning_rate': 0.000152466758476555, 'batch_size': 255, 'step_size': 12, 'gamma': 0.8891127429874753}. Best is trial 10 with value: 0.06938114762306213.[0m
[32m[I 2025-02-02 21:49:30,962][0m Trial 12 finished with value: 0.20314536882481216 and parameters: {'observation_period_num': 69, 'train_rates': 0.8993033862521043, 'learning_rate': 0.00020714212429112142, 'batch_size': 37, 'step_size': 11, 'gamma': 0.878868886152563}. Best is trial 10 with value: 0.06938114762306213.[0m
[32m[I 2025-02-02 21:50:04,096][0m Trial 13 finished with value: 0.15741285613515008 and parameters: {'observation_period_num': 5, 'train_rates': 0.9277805667630346, 'learning_rate': 0.00026412102929580317, 'batch_size': 117, 'step_size': 12, 'gamma': 0.8604321119965446}. Best is trial 10 with value: 0.06938114762306213.[0m
[32m[I 2025-02-02 21:50:23,623][0m Trial 14 finished with value: 0.22611664980649948 and parameters: {'observation_period_num': 249, 'train_rates': 0.8172302517795538, 'learning_rate': 9.855702267691677e-05, 'batch_size': 247, 'step_size': 13, 'gamma': 0.9204127068888098}. Best is trial 10 with value: 0.06938114762306213.[0m
[32m[I 2025-02-02 21:50:46,457][0m Trial 15 finished with value: 0.17830384098684665 and parameters: {'observation_period_num': 67, 'train_rates': 0.8318812853686584, 'learning_rate': 5.6423347195304386e-05, 'batch_size': 173, 'step_size': 10, 'gamma': 0.7693986010261161}. Best is trial 10 with value: 0.06938114762306213.[0m
[32m[I 2025-02-02 21:51:15,638][0m Trial 16 finished with value: 0.6642423272132874 and parameters: {'observation_period_num': 43, 'train_rates': 0.9871774044202913, 'learning_rate': 1.2727716395144792e-06, 'batch_size': 140, 'step_size': 5, 'gamma': 0.8951527617559024}. Best is trial 10 with value: 0.06938114762306213.[0m
[32m[I 2025-02-02 21:52:06,562][0m Trial 17 finished with value: 0.21641179056966614 and parameters: {'observation_period_num': 90, 'train_rates': 0.9190921456847608, 'learning_rate': 0.0008600524891402093, 'batch_size': 71, 'step_size': 13, 'gamma': 0.9891345678161401}. Best is trial 10 with value: 0.06938114762306213.[0m
[32m[I 2025-02-02 21:52:30,884][0m Trial 18 finished with value: 0.3474290072917938 and parameters: {'observation_period_num': 33, 'train_rates': 0.9448255237196915, 'learning_rate': 1.6184597379926114e-05, 'batch_size': 190, 'step_size': 14, 'gamma': 0.8291179100243121}. Best is trial 10 with value: 0.06938114762306213.[0m
Early stopping at epoch 92
[32m[I 2025-02-02 21:52:56,654][0m Trial 19 finished with value: 0.21696311783107766 and parameters: {'observation_period_num': 80, 'train_rates': 0.8541574120213798, 'learning_rate': 0.00034819632570532447, 'batch_size': 136, 'step_size': 1, 'gamma': 0.8619624665706925}. Best is trial 10 with value: 0.06938114762306213.[0m
[32m[I 2025-02-02 21:53:19,611][0m Trial 20 finished with value: 0.3467359244823456 and parameters: {'observation_period_num': 108, 'train_rates': 0.950505540960751, 'learning_rate': 0.00011142835181340498, 'batch_size': 236, 'step_size': 11, 'gamma': 0.7823197366664957}. Best is trial 10 with value: 0.06938114762306213.[0m
[32m[I 2025-02-02 21:53:40,572][0m Trial 21 finished with value: 0.1106418359670941 and parameters: {'observation_period_num': 6, 'train_rates': 0.7106723686836438, 'learning_rate': 9.359102882286587e-05, 'batch_size': 185, 'step_size': 7, 'gamma': 0.7967417843314077}. Best is trial 10 with value: 0.06938114762306213.[0m
[32m[I 2025-02-02 21:54:01,111][0m Trial 22 finished with value: 0.16172529585153492 and parameters: {'observation_period_num': 26, 'train_rates': 0.708309506345895, 'learning_rate': 4.979563782668904e-05, 'batch_size': 199, 'step_size': 9, 'gamma': 0.8156352003353778}. Best is trial 10 with value: 0.06938114762306213.[0m
[32m[I 2025-02-02 21:54:24,174][0m Trial 23 finished with value: 0.1948679789680488 and parameters: {'observation_period_num': 52, 'train_rates': 0.673550455751633, 'learning_rate': 7.308787455275476e-05, 'batch_size': 149, 'step_size': 5, 'gamma': 0.7807379323957371}. Best is trial 10 with value: 0.06938114762306213.[0m
[32m[I 2025-02-02 21:54:46,020][0m Trial 24 finished with value: 0.17182683743416302 and parameters: {'observation_period_num': 22, 'train_rates': 0.746312123758313, 'learning_rate': 2.4798109002665833e-05, 'batch_size': 179, 'step_size': 10, 'gamma': 0.8483918907633318}. Best is trial 10 with value: 0.06938114762306213.[0m
[32m[I 2025-02-02 21:55:14,933][0m Trial 25 finished with value: 0.1174462730058631 and parameters: {'observation_period_num': 59, 'train_rates': 0.797693693020457, 'learning_rate': 0.0001879938594688937, 'batch_size': 120, 'step_size': 8, 'gamma': 0.8208931913603166}. Best is trial 10 with value: 0.06938114762306213.[0m
[32m[I 2025-02-02 21:55:39,189][0m Trial 26 finished with value: 0.05016476288437843 and parameters: {'observation_period_num': 22, 'train_rates': 0.9897327698876274, 'learning_rate': 0.00040105602383563193, 'batch_size': 234, 'step_size': 11, 'gamma': 0.8995158049472992}. Best is trial 26 with value: 0.05016476288437843.[0m
[32m[I 2025-02-02 21:56:02,957][0m Trial 27 finished with value: 0.08000065386295319 and parameters: {'observation_period_num': 84, 'train_rates': 0.9830016942916917, 'learning_rate': 0.00031148689895096784, 'batch_size': 231, 'step_size': 12, 'gamma': 0.9088879834703271}. Best is trial 26 with value: 0.05016476288437843.[0m
[32m[I 2025-02-02 21:56:25,114][0m Trial 28 finished with value: 0.16047963500022888 and parameters: {'observation_period_num': 29, 'train_rates': 0.9140661322795386, 'learning_rate': 0.0004269377229914791, 'batch_size': 255, 'step_size': 13, 'gamma': 0.9475552779933389}. Best is trial 26 with value: 0.05016476288437843.[0m
[32m[I 2025-02-02 21:56:47,637][0m Trial 29 finished with value: 0.2929559648036957 and parameters: {'observation_period_num': 131, 'train_rates': 0.9439255650691389, 'learning_rate': 0.00014549927776186028, 'batch_size': 223, 'step_size': 15, 'gamma': 0.9003693839980668}. Best is trial 26 with value: 0.05016476288437843.[0m
[32m[I 2025-02-02 21:57:09,944][0m Trial 30 finished with value: 0.14455536358206478 and parameters: {'observation_period_num': 51, 'train_rates': 0.8959566233996935, 'learning_rate': 0.0008774529011655198, 'batch_size': 241, 'step_size': 11, 'gamma': 0.8770083405167431}. Best is trial 26 with value: 0.05016476288437843.[0m
[32m[I 2025-02-02 21:57:34,273][0m Trial 31 finished with value: 0.07987744361162186 and parameters: {'observation_period_num': 81, 'train_rates': 0.9893307074065346, 'learning_rate': 0.0003217678472987501, 'batch_size': 230, 'step_size': 12, 'gamma': 0.9112746305874424}. Best is trial 26 with value: 0.05016476288437843.[0m
