[32m[I 2025-02-02 21:57:57,589][0m Trial 32 finished with value: 0.32940250635147095 and parameters: {'observation_period_num': 72, 'train_rates': 0.9627422539850471, 'learning_rate': 0.000545772081849429, 'batch_size': 217, 'step_size': 10, 'gamma': 0.931402452604527}. Best is trial 26 with value: 0.05016476288437843.[0m
[32m[I 2025-02-02 21:58:19,906][0m Trial 33 finished with value: 0.26214370131492615 and parameters: {'observation_period_num': 99, 'train_rates': 0.9372819755447837, 'learning_rate': 0.00027570691294842776, 'batch_size': 236, 'step_size': 14, 'gamma': 0.9161515744869695}. Best is trial 26 with value: 0.05016476288437843.[0m
[32m[I 2025-02-02 21:58:44,453][0m Trial 34 finished with value: 0.0599852055311203 and parameters: {'observation_period_num': 20, 'train_rates': 0.9894476757692223, 'learning_rate': 0.00020932781188237232, 'batch_size': 208, 'step_size': 11, 'gamma': 0.9443586696508778}. Best is trial 26 with value: 0.05016476288437843.[0m
[32m[I 2025-02-02 21:59:09,075][0m Trial 35 finished with value: 0.27594852447509766 and parameters: {'observation_period_num': 19, 'train_rates': 0.9592310519951222, 'learning_rate': 0.00015311308036266143, 'batch_size': 210, 'step_size': 11, 'gamma': 0.9488400406358333}. Best is trial 26 with value: 0.05016476288437843.[0m
[32m[I 2025-02-02 21:59:32,307][0m Trial 36 finished with value: 0.17100832026875662 and parameters: {'observation_period_num': 38, 'train_rates': 0.8855846140539992, 'learning_rate': 3.271885517191083e-05, 'batch_size': 202, 'step_size': 10, 'gamma': 0.9700020569295779}. Best is trial 26 with value: 0.05016476288437843.[0m
[32m[I 2025-02-02 22:00:00,218][0m Trial 37 finished with value: 0.0585954487323761 and parameters: {'observation_period_num': 20, 'train_rates': 0.9896451563833504, 'learning_rate': 6.797251192403466e-05, 'batch_size': 163, 'step_size': 14, 'gamma': 0.9348660114281946}. Best is trial 26 with value: 0.05016476288437843.[0m
[32m[I 2025-02-02 22:00:26,192][0m Trial 38 finished with value: 0.1153554093448361 and parameters: {'observation_period_num': 17, 'train_rates': 0.8644039662469533, 'learning_rate': 0.0006076060971682483, 'batch_size': 156, 'step_size': 14, 'gamma': 0.9324545599802616}. Best is trial 26 with value: 0.05016476288437843.[0m
[32m[I 2025-02-02 22:00:50,233][0m Trial 39 finished with value: 0.16352323848096764 and parameters: {'observation_period_num': 18, 'train_rates': 0.9074922222447612, 'learning_rate': 6.166078299033856e-05, 'batch_size': 213, 'step_size': 15, 'gamma': 0.9516628914620038}. Best is trial 26 with value: 0.05016476288437843.[0m
[32m[I 2025-02-02 22:01:38,573][0m Trial 40 finished with value: 0.39134212171143673 and parameters: {'observation_period_num': 210, 'train_rates': 0.9659725104272033, 'learning_rate': 0.0001852877851094456, 'batch_size': 79, 'step_size': 13, 'gamma': 0.9286928456149759}. Best is trial 26 with value: 0.05016476288437843.[0m
[32m[I 2025-02-02 22:02:05,656][0m Trial 41 finished with value: 0.059330493211746216 and parameters: {'observation_period_num': 58, 'train_rates': 0.9883107480245096, 'learning_rate': 0.00011717370787728924, 'batch_size': 170, 'step_size': 9, 'gamma': 0.8876666587430636}. Best is trial 26 with value: 0.05016476288437843.[0m
[32m[I 2025-02-02 22:02:32,357][0m Trial 42 finished with value: 0.3658037781715393 and parameters: {'observation_period_num': 61, 'train_rates': 0.9690503336257633, 'learning_rate': 0.00013152979003102464, 'batch_size': 168, 'step_size': 8, 'gamma': 0.8791045025260036}. Best is trial 26 with value: 0.05016476288437843.[0m
[32m[I 2025-02-02 22:02:59,087][0m Trial 43 finished with value: 0.06203314661979675 and parameters: {'observation_period_num': 36, 'train_rates': 0.9884943362076534, 'learning_rate': 7.331184563169802e-05, 'batch_size': 192, 'step_size': 9, 'gamma': 0.8877407206941874}. Best is trial 26 with value: 0.05016476288437843.[0m
[32m[I 2025-02-02 22:03:23,414][0m Trial 44 finished with value: 0.25825593573972583 and parameters: {'observation_period_num': 37, 'train_rates': 0.928877472365738, 'learning_rate': 4.2564806661070346e-05, 'batch_size': 195, 'step_size': 6, 'gamma': 0.8998810752102576}. Best is trial 26 with value: 0.05016476288437843.[0m
[32m[I 2025-02-02 22:03:44,158][0m Trial 45 finished with value: 0.0934468558507158 and parameters: {'observation_period_num': 14, 'train_rates': 0.6287498969832359, 'learning_rate': 7.370826091061674e-05, 'batch_size': 154, 'step_size': 9, 'gamma': 0.9647867817075647}. Best is trial 26 with value: 0.05016476288437843.[0m
[32m[I 2025-02-02 22:04:09,909][0m Trial 46 finished with value: 0.35461553931236267 and parameters: {'observation_period_num': 31, 'train_rates': 0.9522455385374748, 'learning_rate': 2.6818186334328443e-05, 'batch_size': 182, 'step_size': 8, 'gamma': 0.863805443868383}. Best is trial 26 with value: 0.05016476288437843.[0m
[32m[I 2025-02-02 22:04:36,162][0m Trial 47 finished with value: 0.8342053890228271 and parameters: {'observation_period_num': 143, 'train_rates': 0.9729157113097303, 'learning_rate': 8.529571878594607e-06, 'batch_size': 166, 'step_size': 9, 'gamma': 0.9406210832523265}. Best is trial 26 with value: 0.05016476288437843.[0m
[32m[I 2025-02-02 22:05:00,891][0m Trial 48 finished with value: 0.21192793548107147 and parameters: {'observation_period_num': 55, 'train_rates': 0.9296264009213309, 'learning_rate': 0.00022661178492790215, 'batch_size': 204, 'step_size': 7, 'gamma': 0.888931142192595}. Best is trial 26 with value: 0.05016476288437843.[0m
[32m[I 2025-02-02 22:05:33,474][0m Trial 49 finished with value: 0.04219713434576988 and parameters: {'observation_period_num': 5, 'train_rates': 0.9898185095416109, 'learning_rate': 0.00042666169647768927, 'batch_size': 134, 'step_size': 4, 'gamma': 0.9056269493834028}. Best is trial 49 with value: 0.04219713434576988.[0m
seasonal_1 „ÅÆÊúÄÈÅ©„Éè„Ç§„Éë„Éº„Éë„É©„É°„Éº„Çø„ÅåË¶ã„Å§„Åã„Çä„Åæ„Åó„Åü
ÊúÄÈÅ©ÂåñÂØæË±°: seasonal_2
[32m[I 2025-02-02 22:05:33,482][0m A new study created in memory with name: no-name-c709b547-127d-4864-95bd-ea10f9dc24c7[0m
[32m[I 2025-02-02 22:06:15,976][0m Trial 0 finished with value: 0.6140324544516519 and parameters: {'observation_period_num': 192, 'train_rates': 0.6235248332294006, 'learning_rate': 4.01947834655751e-06, 'batch_size': 67, 'step_size': 12, 'gamma': 0.7735743975279598}. Best is trial 0 with value: 0.6140324544516519.[0m
[32m[I 2025-02-02 22:06:36,967][0m Trial 1 finished with value: 0.35939795184583173 and parameters: {'observation_period_num': 171, 'train_rates': 0.8469510611235974, 'learning_rate': 1.570244743153028e-05, 'batch_size': 220, 'step_size': 10, 'gamma': 0.9162638203628803}. Best is trial 1 with value: 0.35939795184583173.[0m
[32m[I 2025-02-02 22:06:56,303][0m Trial 2 finished with value: 0.9335153217267509 and parameters: {'observation_period_num': 105, 'train_rates': 0.7219981645537908, 'learning_rate': 2.039118326587776e-06, 'batch_size': 241, 'step_size': 7, 'gamma': 0.9240088251348686}. Best is trial 1 with value: 0.35939795184583173.[0m
[32m[I 2025-02-02 22:08:22,176][0m Trial 3 finished with value: 0.15224997193833156 and parameters: {'observation_period_num': 200, 'train_rates': 0.8035583181735046, 'learning_rate': 7.711293918747431e-05, 'batch_size': 37, 'step_size': 5, 'gamma': 0.971243178463131}. Best is trial 3 with value: 0.15224997193833156.[0m
[32m[I 2025-02-02 22:08:46,654][0m Trial 4 finished with value: 0.5203377101674426 and parameters: {'observation_period_num': 164, 'train_rates': 0.7433252481435718, 'learning_rate': 6.808570586176201e-06, 'batch_size': 139, 'step_size': 12, 'gamma': 0.8413558492534889}. Best is trial 3 with value: 0.15224997193833156.[0m
[32m[I 2025-02-02 22:09:18,872][0m Trial 5 finished with value: 0.5687021179070612 and parameters: {'observation_period_num': 37, 'train_rates': 0.6693845230044649, 'learning_rate': 2.4795743111398397e-06, 'batch_size': 101, 'step_size': 8, 'gamma': 0.898619693932036}. Best is trial 3 with value: 0.15224997193833156.[0m
[32m[I 2025-02-02 22:09:49,794][0m Trial 6 finished with value: 0.12752958742245066 and parameters: {'observation_period_num': 57, 'train_rates': 0.8080124912577704, 'learning_rate': 5.991439578105346e-05, 'batch_size': 119, 'step_size': 15, 'gamma': 0.9172283201270159}. Best is trial 6 with value: 0.12752958742245066.[0m
[32m[I 2025-02-02 22:10:35,746][0m Trial 7 finished with value: 0.1282543757231488 and parameters: {'observation_period_num': 120, 'train_rates': 0.8035811310846355, 'learning_rate': 0.0005372428572032908, 'batch_size': 80, 'step_size': 2, 'gamma': 0.9779484044156815}. Best is trial 6 with value: 0.12752958742245066.[0m
[32m[I 2025-02-02 22:11:04,122][0m Trial 8 finished with value: 0.7142583672036515 and parameters: {'observation_period_num': 154, 'train_rates': 0.7479669148972811, 'learning_rate': 9.782364035163986e-06, 'batch_size': 129, 'step_size': 2, 'gamma': 0.9171058322110826}. Best is trial 6 with value: 0.12752958742245066.[0m
[32m[I 2025-02-02 22:11:38,149][0m Trial 9 finished with value: 0.9476718205481665 and parameters: {'observation_period_num': 218, 'train_rates': 0.6829642724220131, 'learning_rate': 3.938145142642284e-06, 'batch_size': 90, 'step_size': 1, 'gamma': 0.9561922353307557}. Best is trial 6 with value: 0.12752958742245066.[0m
[32m[I 2025-02-02 22:12:06,427][0m Trial 10 finished with value: 0.21128317806321908 and parameters: {'observation_period_num': 8, 'train_rates': 0.9423772299157576, 'learning_rate': 0.00010223732604022985, 'batch_size': 167, 'step_size': 15, 'gamma': 0.8440109508603174}. Best is trial 6 with value: 0.12752958742245066.[0m
[32m[I 2025-02-02 22:14:21,235][0m Trial 11 finished with value: 0.17270095410195827 and parameters: {'observation_period_num': 92, 'train_rates': 0.8787871299651134, 'learning_rate': 0.0008040082410801331, 'batch_size': 28, 'step_size': 4, 'gamma': 0.9736244529175584}. Best is trial 6 with value: 0.12752958742245066.[0m
[32m[I 2025-02-02 22:14:46,311][0m Trial 12 finished with value: 0.13612804523093164 and parameters: {'observation_period_num': 67, 'train_rates': 0.8203692273084463, 'learning_rate': 0.0007476275200217161, 'batch_size': 157, 'step_size': 15, 'gamma': 0.9865704508880279}. Best is trial 6 with value: 0.12752958742245066.[0m
[32m[I 2025-02-02 22:15:10,426][0m Trial 13 finished with value: 0.24048279131115494 and parameters: {'observation_period_num': 252, 'train_rates': 0.9128413318279025, 'learning_rate': 0.00023192292475675855, 'batch_size': 185, 'step_size': 5, 'gamma': 0.876285903015869}. Best is trial 6 with value: 0.12752958742245066.[0m
[32m[I 2025-02-02 22:15:54,691][0m Trial 14 finished with value: 0.16097345563292315 and parameters: {'observation_period_num': 132, 'train_rates': 0.7763116853806751, 'learning_rate': 2.87662147339885e-05, 'batch_size': 77, 'step_size': 11, 'gamma': 0.9446248061356863}. Best is trial 6 with value: 0.12752958742245066.[0m
[32m[I 2025-02-02 22:16:31,324][0m Trial 15 finished with value: 0.0730273649096489 and parameters: {'observation_period_num': 76, 'train_rates': 0.9801430206000239, 'learning_rate': 0.0002572975257743654, 'batch_size': 113, 'step_size': 9, 'gamma': 0.792918657624265}. Best is trial 15 with value: 0.0730273649096489.[0m
[32m[I 2025-02-02 22:17:09,287][0m Trial 16 finished with value: 0.09063190966844559 and parameters: {'observation_period_num': 62, 'train_rates': 0.9778028513632083, 'learning_rate': 6.966953783990263e-05, 'batch_size': 113, 'step_size': 13, 'gamma': 0.77278779030414}. Best is trial 15 with value: 0.0730273649096489.[0m
[32m[I 2025-02-02 22:18:30,443][0m Trial 17 finished with value: 0.4161351257562637 and parameters: {'observation_period_num': 83, 'train_rates': 0.9740212294980951, 'learning_rate': 0.0002419123414267876, 'batch_size': 53, 'step_size': 10, 'gamma': 0.760347065873417}. Best is trial 15 with value: 0.0730273649096489.[0m
[32m[I 2025-02-02 22:18:59,146][0m Trial 18 finished with value: 0.04926620051264763 and parameters: {'observation_period_num': 26, 'train_rates': 0.9870510727437779, 'learning_rate': 0.00017446831351692845, 'batch_size': 190, 'step_size': 13, 'gamma': 0.793926945329656}. Best is trial 18 with value: 0.04926620051264763.[0m
[32m[I 2025-02-02 22:19:24,128][0m Trial 19 finished with value: 0.1605089378695116 and parameters: {'observation_period_num': 15, 'train_rates': 0.9042513492074432, 'learning_rate': 0.00022412390100106798, 'batch_size': 199, 'step_size': 8, 'gamma': 0.8052032860117838}. Best is trial 18 with value: 0.04926620051264763.[0m
[32m[I 2025-02-02 22:19:46,873][0m Trial 20 finished with value: 0.23215878009796143 and parameters: {'observation_period_num': 34, 'train_rates': 0.9460417698175533, 'learning_rate': 0.0003795524740535814, 'batch_size': 256, 'step_size': 13, 'gamma': 0.8112785891743223}. Best is trial 18 with value: 0.04926620051264763.[0m
[32m[I 2025-02-02 22:20:25,230][0m Trial 21 finished with value: 0.2883710563182831 and parameters: {'observation_period_num': 47, 'train_rates': 0.9612481815990294, 'learning_rate': 0.00011390118075584162, 'batch_size': 114, 'step_size': 13, 'gamma': 0.7896832937249353}. Best is trial 18 with value: 0.04926620051264763.[0m
[32m[I 2025-02-02 22:20:55,022][0m Trial 22 finished with value: 0.17620833218097687 and parameters: {'observation_period_num': 77, 'train_rates': 0.9774889006585745, 'learning_rate': 3.9633227070181165e-05, 'batch_size': 150, 'step_size': 9, 'gamma': 0.8284520777913912}. Best is trial 18 with value: 0.04926620051264763.[0m
[32m[I 2025-02-02 22:21:20,845][0m Trial 23 finished with value: 0.05567999556660652 and parameters: {'observation_period_num': 27, 'train_rates': 0.9885804430735661, 'learning_rate': 0.00014833268396963949, 'batch_size': 197, 'step_size': 13, 'gamma': 0.7554015678438066}. Best is trial 18 with value: 0.04926620051264763.[0m
[32m[I 2025-02-02 22:21:45,237][0m Trial 24 finished with value: 0.17403711513185702 and parameters: {'observation_period_num': 28, 'train_rates': 0.9187673495853986, 'learning_rate': 0.00014006941162134944, 'batch_size': 200, 'step_size': 14, 'gamma': 0.760491076545189}. Best is trial 18 with value: 0.04926620051264763.[0m
[32m[I 2025-02-02 22:22:11,239][0m Trial 25 finished with value: 0.13071379943376582 and parameters: {'observation_period_num': 19, 'train_rates': 0.887431937324904, 'learning_rate': 0.00033082633757023847, 'batch_size': 172, 'step_size': 11, 'gamma': 0.796098418911691}. Best is trial 18 with value: 0.04926620051264763.[0m
[32m[I 2025-02-02 22:22:35,120][0m Trial 26 finished with value: 0.09042095392942429 and parameters: {'observation_period_num': 48, 'train_rates': 0.9893906487509474, 'learning_rate': 0.00016463281120576175, 'batch_size': 223, 'step_size': 7, 'gamma': 0.7531630397642509}. Best is trial 18 with value: 0.04926620051264763.[0m
[32m[I 2025-02-02 22:22:58,958][0m Trial 27 finished with value: 0.3550480902194977 and parameters: {'observation_period_num': 101, 'train_rates': 0.935368466184963, 'learning_rate': 3.3719036081887295e-05, 'batch_size': 193, 'step_size': 11, 'gamma': 0.8251225836883331}. Best is trial 18 with value: 0.04926620051264763.[0m
[32m[I 2025-02-02 22:23:21,376][0m Trial 28 finished with value: 2.3193680937861054 and parameters: {'observation_period_num': 6, 'train_rates': 0.8555976407176165, 'learning_rate': 1.0064533010012866e-06, 'batch_size': 216, 'step_size': 14, 'gamma': 0.7768593442147547}. Best is trial 18 with value: 0.04926620051264763.[0m
[32m[I 2025-02-02 22:23:47,063][0m Trial 29 finished with value: 0.26241862773895264 and parameters: {'observation_period_num': 71, 'train_rates': 0.9486159312947844, 'learning_rate': 0.0004913971090872213, 'batch_size': 172, 'step_size': 12, 'gamma': 0.8665566792307471}. Best is trial 18 with value: 0.04926620051264763.[0m
[32m[I 2025-02-02 22:24:09,891][0m Trial 30 finished with value: 0.2786868841133334 and parameters: {'observation_period_num': 42, 'train_rates': 0.6221070638816273, 'learning_rate': 2.2971702467708986e-05, 'batch_size': 145, 'step_size': 10, 'gamma': 0.7826138095810011}. Best is trial 18 with value: 0.04926620051264763.[0m
[32m[I 2025-02-02 22:24:35,348][0m Trial 31 finished with value: 0.07764993607997894 and parameters: {'observation_period_num': 53, 'train_rates': 0.9861191375283523, 'learning_rate': 0.000182175938842711, 'batch_size': 228, 'step_size': 7, 'gamma': 0.7524862597803994}. Best is trial 18 with value: 0.04926620051264763.[0m
[32m[I 2025-02-02 22:25:00,910][0m Trial 32 finished with value: 0.055758584290742874 and parameters: {'observation_period_num': 27, 'train_rates': 0.9853781040865163, 'learning_rate': 0.00017213748574480565, 'batch_size': 227, 'step_size': 7, 'gamma': 0.7716264897009281}. Best is trial 18 with value: 0.04926620051264763.[0m
[32m[I 2025-02-02 22:25:25,260][0m Trial 33 finished with value: 0.1990596503019333 and parameters: {'observation_period_num': 24, 'train_rates': 0.9271036632650091, 'learning_rate': 0.0003432581227502296, 'batch_size': 244, 'step_size': 6, 'gamma': 0.7724771185604167}. Best is trial 18 with value: 0.04926620051264763.[0m
[32m[I 2025-02-02 22:25:50,929][0m Trial 34 finished with value: 0.41691020131111145 and parameters: {'observation_period_num': 27, 'train_rates': 0.9609951643242759, 'learning_rate': 4.975103378491475e-05, 'batch_size': 205, 'step_size': 4, 'gamma': 0.8066690117063889}. Best is trial 18 with value: 0.04926620051264763.[0m
[32m[I 2025-02-02 22:26:13,660][0m Trial 35 finished with value: 0.22881102651357652 and parameters: {'observation_period_num': 110, 'train_rates': 0.8945992141411676, 'learning_rate': 9.156588996140894e-05, 'batch_size': 234, 'step_size': 9, 'gamma': 0.793132041382441}. Best is trial 18 with value: 0.04926620051264763.[0m
[32m[I 2025-02-02 22:26:36,572][0m Trial 36 finished with value: 0.16836726086887907 and parameters: {'observation_period_num': 88, 'train_rates': 0.8687886331668265, 'learning_rate': 0.00012091894856182237, 'batch_size': 212, 'step_size': 9, 'gamma': 0.8237125909527199}. Best is trial 18 with value: 0.04926620051264763.[0m
[32m[I 2025-02-02 22:27:00,621][0m Trial 37 finished with value: 0.11699709296226501 and parameters: {'observation_period_num': 37, 'train_rates': 0.8357329040864585, 'learning_rate': 0.0005613810871871003, 'batch_size': 187, 'step_size': 6, 'gamma': 0.767662810789033}. Best is trial 18 with value: 0.04926620051264763.[0m
[32m[I 2025-02-02 22:27:23,662][0m Trial 38 finished with value: 0.4802602529525757 and parameters: {'observation_period_num': 57, 'train_rates': 0.9584587918436116, 'learning_rate': 1.7720152606685403e-05, 'batch_size': 255, 'step_size': 12, 'gamma': 0.8530716205522634}. Best is trial 18 with value: 0.04926620051264763.[0m
[32m[I 2025-02-02 22:27:54,715][0m Trial 39 finished with value: 0.21603840582359296 and parameters: {'observation_period_num': 140, 'train_rates': 0.926016936177585, 'learning_rate': 0.000313353074981587, 'batch_size': 127, 'step_size': 8, 'gamma': 0.7883262508917671}. Best is trial 18 with value: 0.04926620051264763.[0m
[32m[I 2025-02-02 22:28:26,581][0m Trial 40 finished with value: 0.0819392793109588 and parameters: {'observation_period_num': 21, 'train_rates': 0.6004992971409985, 'learning_rate': 0.0009343207863688781, 'batch_size': 96, 'step_size': 14, 'gamma': 0.8896876112621567}. Best is trial 18 with value: 0.04926620051264763.[0m
[32m[I 2025-02-02 22:28:51,020][0m Trial 41 finished with value: 0.07288989424705505 and parameters: {'observation_period_num': 50, 'train_rates': 0.9867617699998026, 'learning_rate': 0.00016924843937518718, 'batch_size': 230, 'step_size': 7, 'gamma': 0.7564555340053214}. Best is trial 18 with value: 0.04926620051264763.[0m
[32m[I 2025-02-02 22:29:15,842][0m Trial 42 finished with value: 0.07079491019248962 and parameters: {'observation_period_num': 6, 'train_rates': 0.9899266286011129, 'learning_rate': 0.00019121140042366384, 'batch_size': 238, 'step_size': 7, 'gamma': 0.7645208132062158}. Best is trial 18 with value: 0.04926620051264763.[0m
[32m[I 2025-02-02 22:29:39,544][0m Trial 43 finished with value: 0.34501394629478455 and parameters: {'observation_period_num': 10, 'train_rates': 0.963630796587463, 'learning_rate': 6.652205815520957e-05, 'batch_size': 243, 'step_size': 6, 'gamma': 0.7625357743878671}. Best is trial 18 with value: 0.04926620051264763.[0m
[32m[I 2025-02-02 22:30:03,829][0m Trial 44 finished with value: 0.2720395028591156 and parameters: {'observation_period_num': 38, 'train_rates': 0.9450476371924882, 'learning_rate': 0.0001636465493518815, 'batch_size': 229, 'step_size': 7, 'gamma': 0.7508757438843903}. Best is trial 18 with value: 0.04926620051264763.[0m
[32m[I 2025-02-02 22:30:29,083][0m Trial 45 finished with value: 0.32525286078453064 and parameters: {'observation_period_num': 6, 'train_rates': 0.9653544268307652, 'learning_rate': 8.992631510992469e-05, 'batch_size': 212, 'step_size': 5, 'gamma': 0.778420127730874}. Best is trial 18 with value: 0.04926620051264763.[0m
[32m[I 2025-02-02 22:30:48,806][0m Trial 46 finished with value: 0.34825283092841697 and parameters: {'observation_period_num': 184, 'train_rates': 0.6924492861300838, 'learning_rate': 4.934961625804092e-05, 'batch_size': 238, 'step_size': 8, 'gamma': 0.7667929577896626}. Best is trial 18 with value: 0.04926620051264763.[0m
[32m[I 2025-02-02 22:31:16,766][0m Trial 47 finished with value: 0.05892599746584892 and parameters: {'observation_period_num': 18, 'train_rates': 0.9897497491913722, 'learning_rate': 0.0004952349736316305, 'batch_size': 180, 'step_size': 4, 'gamma': 0.7809950537721787}. Best is trial 18 with value: 0.04926620051264763.[0m
