ÊúÄÈÅ©ÂåñÂØæË±°: trend
[32m[I 2025-02-02 20:40:20,326][0m A new study created in memory with name: no-name-081a7d88-c9b1-4c9a-8350-a8ea6fb1394e[0m
[32m[I 2025-02-02 20:40:40,584][0m Trial 0 finished with value: 0.21829479356361514 and parameters: {'observation_period_num': 132, 'train_rates': 0.8277365925603242, 'learning_rate': 0.00014121967023635566, 'batch_size': 238, 'step_size': 6, 'gamma': 0.7713204171782394}. Best is trial 0 with value: 0.21829479356361514.[0m
[32m[I 2025-02-02 20:43:23,911][0m Trial 1 finished with value: 0.1616755567672776 and parameters: {'observation_period_num': 149, 'train_rates': 0.9854836660493405, 'learning_rate': 1.7088247354968468e-05, 'batch_size': 24, 'step_size': 7, 'gamma': 0.7570912406491613}. Best is trial 1 with value: 0.1616755567672776.[0m
[32m[I 2025-02-02 20:43:48,408][0m Trial 2 finished with value: 0.24698284653157745 and parameters: {'observation_period_num': 235, 'train_rates': 0.6196247591374765, 'learning_rate': 0.00015454673379490007, 'batch_size': 139, 'step_size': 12, 'gamma': 0.7891378127652373}. Best is trial 1 with value: 0.1616755567672776.[0m
[32m[I 2025-02-02 20:45:12,225][0m Trial 3 finished with value: 0.14032426894605848 and parameters: {'observation_period_num': 77, 'train_rates': 0.84964991791108, 'learning_rate': 0.00035966011643907657, 'batch_size': 44, 'step_size': 6, 'gamma': 0.9775494101233468}. Best is trial 3 with value: 0.14032426894605848.[0m
[32m[I 2025-02-02 20:46:00,711][0m Trial 4 finished with value: 0.1567605282797793 and parameters: {'observation_period_num': 229, 'train_rates': 0.7426374083189913, 'learning_rate': 0.0004789400290918314, 'batch_size': 64, 'step_size': 5, 'gamma': 0.915082938764652}. Best is trial 3 with value: 0.14032426894605848.[0m
[32m[I 2025-02-02 20:47:11,692][0m Trial 5 finished with value: 0.41853670296924456 and parameters: {'observation_period_num': 165, 'train_rates': 0.9701337290016608, 'learning_rate': 0.0008064032574284232, 'batch_size': 59, 'step_size': 3, 'gamma': 0.7514873754388286}. Best is trial 3 with value: 0.14032426894605848.[0m
[32m[I 2025-02-02 20:47:32,151][0m Trial 6 finished with value: 0.45333210954829506 and parameters: {'observation_period_num': 231, 'train_rates': 0.656819155849836, 'learning_rate': 1.5020187013314877e-05, 'batch_size': 168, 'step_size': 12, 'gamma': 0.9179590122006831}. Best is trial 3 with value: 0.14032426894605848.[0m
[32m[I 2025-02-02 20:47:55,169][0m Trial 7 finished with value: 1.555980950400007 and parameters: {'observation_period_num': 16, 'train_rates': 0.6861822198708003, 'learning_rate': 2.442583140586893e-06, 'batch_size': 163, 'step_size': 2, 'gamma': 0.8757793347475405}. Best is trial 3 with value: 0.14032426894605848.[0m
[32m[I 2025-02-02 20:48:20,295][0m Trial 8 finished with value: 0.2339127041024607 and parameters: {'observation_period_num': 38, 'train_rates': 0.7818877720941458, 'learning_rate': 2.1574538827313633e-05, 'batch_size': 155, 'step_size': 13, 'gamma': 0.8850134953570375}. Best is trial 3 with value: 0.14032426894605848.[0m
[32m[I 2025-02-02 20:48:40,888][0m Trial 9 finished with value: 0.24002076198007458 and parameters: {'observation_period_num': 217, 'train_rates': 0.6089279636813443, 'learning_rate': 0.0004590380215878949, 'batch_size': 164, 'step_size': 3, 'gamma': 0.8421245780629598}. Best is trial 3 with value: 0.14032426894605848.[0m
[32m[I 2025-02-02 20:49:22,996][0m Trial 10 finished with value: 0.16010331933697064 and parameters: {'observation_period_num': 75, 'train_rates': 0.8957923336797842, 'learning_rate': 0.00010958777625786397, 'batch_size': 95, 'step_size': 9, 'gamma': 0.9858102841887333}. Best is trial 3 with value: 0.14032426894605848.[0m
[32m[I 2025-02-02 20:52:20,633][0m Trial 11 finished with value: 0.13075199299726073 and parameters: {'observation_period_num': 91, 'train_rates': 0.7499271581481077, 'learning_rate': 0.0009211751961687718, 'batch_size': 19, 'step_size': 5, 'gamma': 0.9794024870236048}. Best is trial 11 with value: 0.13075199299726073.[0m
[32m[I 2025-02-02 20:55:08,020][0m Trial 12 finished with value: 0.14389694868482963 and parameters: {'observation_period_num': 82, 'train_rates': 0.8597052505844216, 'learning_rate': 0.0008954049914499206, 'batch_size': 22, 'step_size': 9, 'gamma': 0.9848548962444335}. Best is trial 11 with value: 0.13075199299726073.[0m
[32m[I 2025-02-02 20:55:42,375][0m Trial 13 finished with value: 0.1299735923193666 and parameters: {'observation_period_num': 91, 'train_rates': 0.7403145884671416, 'learning_rate': 7.078507462203665e-05, 'batch_size': 89, 'step_size': 5, 'gamma': 0.9528264002812669}. Best is trial 13 with value: 0.1299735923193666.[0m
[32m[I 2025-02-02 20:56:13,173][0m Trial 14 finished with value: 0.9149191816391483 and parameters: {'observation_period_num': 107, 'train_rates': 0.7275578447873708, 'learning_rate': 2.4818244821707425e-06, 'batch_size': 103, 'step_size': 1, 'gamma': 0.9401972231454464}. Best is trial 13 with value: 0.1299735923193666.[0m
[32m[I 2025-02-02 20:56:44,997][0m Trial 15 finished with value: 0.1869078569659916 and parameters: {'observation_period_num': 180, 'train_rates': 0.7586413138967033, 'learning_rate': 6.422499407925377e-05, 'batch_size': 100, 'step_size': 4, 'gamma': 0.950607602248515}. Best is trial 13 with value: 0.1299735923193666.[0m
[32m[I 2025-02-02 20:57:22,850][0m Trial 16 finished with value: 0.36977638088858367 and parameters: {'observation_period_num': 104, 'train_rates': 0.701436141176291, 'learning_rate': 6.7525922888365995e-06, 'batch_size': 79, 'step_size': 15, 'gamma': 0.9498277282101957}. Best is trial 13 with value: 0.1299735923193666.[0m
[32m[I 2025-02-02 20:57:44,938][0m Trial 17 finished with value: 0.17337224167647353 and parameters: {'observation_period_num': 43, 'train_rates': 0.801694429148891, 'learning_rate': 4.427701152746717e-05, 'batch_size': 205, 'step_size': 8, 'gamma': 0.8340245186689574}. Best is trial 13 with value: 0.1299735923193666.[0m
[32m[I 2025-02-02 20:58:17,451][0m Trial 18 finished with value: 0.48018128036960095 and parameters: {'observation_period_num': 112, 'train_rates': 0.9148130771144146, 'learning_rate': 6.3892634790135095e-06, 'batch_size': 118, 'step_size': 10, 'gamma': 0.9085184945031233}. Best is trial 13 with value: 0.1299735923193666.[0m
[32m[I 2025-02-02 20:59:20,655][0m Trial 19 finished with value: 0.1481027575200086 and parameters: {'observation_period_num': 46, 'train_rates': 0.6681268045834108, 'learning_rate': 7.939361070007436e-05, 'batch_size': 46, 'step_size': 4, 'gamma': 0.960483001946963}. Best is trial 13 with value: 0.1299735923193666.[0m
[32m[I 2025-02-02 21:02:17,804][0m Trial 20 finished with value: 0.23943090673725484 and parameters: {'observation_period_num': 192, 'train_rates': 0.7863332552141453, 'learning_rate': 0.00024214033733044595, 'batch_size': 17, 'step_size': 6, 'gamma': 0.930297194397012}. Best is trial 13 with value: 0.1299735923193666.[0m
[32m[I 2025-02-02 21:03:32,453][0m Trial 21 finished with value: 0.1400137484225005 and parameters: {'observation_period_num': 78, 'train_rates': 0.8458513244884686, 'learning_rate': 0.0003352311161965903, 'batch_size': 47, 'step_size': 5, 'gamma': 0.970490436978346}. Best is trial 13 with value: 0.1299735923193666.[0m
[32m[I 2025-02-02 21:04:15,644][0m Trial 22 finished with value: 0.11427859589457512 and parameters: {'observation_period_num': 72, 'train_rates': 0.8152382338215389, 'learning_rate': 0.000265421435920827, 'batch_size': 76, 'step_size': 5, 'gamma': 0.9659646499815773}. Best is trial 22 with value: 0.11427859589457512.[0m
[32m[I 2025-02-02 21:04:55,032][0m Trial 23 finished with value: 0.10107072243586765 and parameters: {'observation_period_num': 58, 'train_rates': 0.7260382066115261, 'learning_rate': 0.0002076963803238986, 'batch_size': 79, 'step_size': 7, 'gamma': 0.9642697397526924}. Best is trial 23 with value: 0.10107072243586765.[0m
[32m[I 2025-02-02 21:05:20,474][0m Trial 24 finished with value: 0.08006967078651903 and parameters: {'observation_period_num': 10, 'train_rates': 0.7129901804976123, 'learning_rate': 0.00020029441795952236, 'batch_size': 127, 'step_size': 7, 'gamma': 0.8968988915988503}. Best is trial 24 with value: 0.08006967078651903.[0m
[32m[I 2025-02-02 21:05:44,207][0m Trial 25 finished with value: 0.08175706940923812 and parameters: {'observation_period_num': 8, 'train_rates': 0.647500704477085, 'learning_rate': 0.00018773888822413152, 'batch_size': 129, 'step_size': 8, 'gamma': 0.8919992230643584}. Best is trial 24 with value: 0.08006967078651903.[0m
[32m[I 2025-02-02 21:06:08,053][0m Trial 26 finished with value: 0.08173014937676525 and parameters: {'observation_period_num': 5, 'train_rates': 0.6366930047830848, 'learning_rate': 0.00017700728051398392, 'batch_size': 127, 'step_size': 10, 'gamma': 0.8509498771615768}. Best is trial 24 with value: 0.08006967078651903.[0m
[32m[I 2025-02-02 21:06:30,910][0m Trial 27 finished with value: 0.1393322989344597 and parameters: {'observation_period_num': 8, 'train_rates': 0.643463129209735, 'learning_rate': 3.716299280365393e-05, 'batch_size': 133, 'step_size': 10, 'gamma': 0.8487277264630477}. Best is trial 24 with value: 0.08006967078651903.[0m
[32m[I 2025-02-02 21:06:49,545][0m Trial 28 finished with value: 0.2750195230836066 and parameters: {'observation_period_num': 25, 'train_rates': 0.6345636114040273, 'learning_rate': 0.0001181161097709876, 'batch_size': 189, 'step_size': 11, 'gamma': 0.8133972128201156}. Best is trial 24 with value: 0.08006967078651903.[0m
[32m[I 2025-02-02 21:07:08,999][0m Trial 29 finished with value: 0.09124545421957439 and parameters: {'observation_period_num': 6, 'train_rates': 0.6953803541836194, 'learning_rate': 0.0001676642587873413, 'batch_size': 249, 'step_size': 8, 'gamma': 0.8929437472167475}. Best is trial 24 with value: 0.08006967078651903.[0m
[32m[I 2025-02-02 21:07:32,080][0m Trial 30 finished with value: 0.11204557062432885 and parameters: {'observation_period_num': 31, 'train_rates': 0.6000915375381493, 'learning_rate': 0.0005568038685804575, 'batch_size': 127, 'step_size': 9, 'gamma': 0.8582779968638922}. Best is trial 24 with value: 0.08006967078651903.[0m
[32m[I 2025-02-02 21:07:51,043][0m Trial 31 finished with value: 0.08632800271380402 and parameters: {'observation_period_num': 5, 'train_rates': 0.6968101296510651, 'learning_rate': 0.00017050441496453683, 'batch_size': 250, 'step_size': 8, 'gamma': 0.8943750032131219}. Best is trial 24 with value: 0.08006967078651903.[0m
[32m[I 2025-02-02 21:08:10,292][0m Trial 32 finished with value: 0.12257747435855072 and parameters: {'observation_period_num': 17, 'train_rates': 0.6726548529011522, 'learning_rate': 0.00010970916853070152, 'batch_size': 227, 'step_size': 7, 'gamma': 0.8961175961878598}. Best is trial 24 with value: 0.08006967078651903.[0m
[32m[I 2025-02-02 21:08:32,533][0m Trial 33 finished with value: 0.11241061540048741 and parameters: {'observation_period_num': 50, 'train_rates': 0.7095601442669978, 'learning_rate': 0.00018521021265285932, 'batch_size': 147, 'step_size': 10, 'gamma': 0.8665348085983139}. Best is trial 24 with value: 0.08006967078651903.[0m
[32m[I 2025-02-02 21:08:59,010][0m Trial 34 finished with value: 0.22807906568050385 and parameters: {'observation_period_num': 27, 'train_rates': 0.6458427087666585, 'learning_rate': 5.091812644066726e-05, 'batch_size': 112, 'step_size': 8, 'gamma': 0.8774099676939032}. Best is trial 24 with value: 0.08006967078651903.[0m
[32m[I 2025-02-02 21:09:18,463][0m Trial 35 finished with value: 0.12470299514525898 and parameters: {'observation_period_num': 57, 'train_rates': 0.6343674992296999, 'learning_rate': 0.00031421837942003554, 'batch_size': 197, 'step_size': 11, 'gamma': 0.8237734960152301}. Best is trial 24 with value: 0.08006967078651903.[0m
[32m[I 2025-02-02 21:09:40,645][0m Trial 36 finished with value: 0.41802864536544343 and parameters: {'observation_period_num': 133, 'train_rates': 0.6788122395366261, 'learning_rate': 2.7837364740310618e-05, 'batch_size': 138, 'step_size': 7, 'gamma': 0.7992050523028189}. Best is trial 24 with value: 0.08006967078651903.[0m
[32m[I 2025-02-02 21:10:00,901][0m Trial 37 finished with value: 1.524664122886486 and parameters: {'observation_period_num': 9, 'train_rates': 0.6230117909524957, 'learning_rate': 1.0053148377235542e-06, 'batch_size': 181, 'step_size': 13, 'gamma': 0.9025444831144277}. Best is trial 24 with value: 0.08006967078651903.[0m
[32m[I 2025-02-02 21:10:27,061][0m Trial 38 finished with value: 0.08032451292215767 and parameters: {'observation_period_num': 26, 'train_rates': 0.7177958212692328, 'learning_rate': 0.0006010518411992496, 'batch_size': 120, 'step_size': 9, 'gamma': 0.9242155771812628}. Best is trial 24 with value: 0.08006967078651903.[0m
[32m[I 2025-02-02 21:10:55,126][0m Trial 39 finished with value: 0.0872879816525018 and parameters: {'observation_period_num': 24, 'train_rates': 0.7712564204257096, 'learning_rate': 0.0005808405450515004, 'batch_size': 121, 'step_size': 11, 'gamma': 0.9264662194504268}. Best is trial 24 with value: 0.08006967078651903.[0m
[32m[I 2025-02-02 21:11:16,664][0m Trial 40 finished with value: 0.080485447989675 and parameters: {'observation_period_num': 36, 'train_rates': 0.6547017081708696, 'learning_rate': 0.0004064160798807443, 'batch_size': 148, 'step_size': 12, 'gamma': 0.9191414950047838}. Best is trial 24 with value: 0.08006967078651903.[0m
[32m[I 2025-02-02 21:11:38,079][0m Trial 41 finished with value: 0.09991052067123436 and parameters: {'observation_period_num': 33, 'train_rates': 0.6606723635515133, 'learning_rate': 0.0003956579785471439, 'batch_size': 150, 'step_size': 13, 'gamma': 0.9253297544870588}. Best is trial 24 with value: 0.08006967078651903.[0m
[32m[I 2025-02-02 21:12:04,848][0m Trial 42 finished with value: 0.11632470139672968 and parameters: {'observation_period_num': 60, 'train_rates': 0.6222123076818286, 'learning_rate': 0.0005643081694598796, 'batch_size': 108, 'step_size': 12, 'gamma': 0.8613772640786728}. Best is trial 24 with value: 0.08006967078651903.[0m
[32m[I 2025-02-02 21:12:28,496][0m Trial 43 finished with value: 0.08207223095072835 and parameters: {'observation_period_num': 19, 'train_rates': 0.7218987608989219, 'learning_rate': 0.0006792911858980073, 'batch_size': 143, 'step_size': 14, 'gamma': 0.9112886307454932}. Best is trial 24 with value: 0.08006967078651903.[0m
[32m[I 2025-02-02 21:12:47,965][0m Trial 44 finished with value: 0.2159357023055091 and parameters: {'observation_period_num': 252, 'train_rates': 0.6582146381051259, 'learning_rate': 0.00038212773390398783, 'batch_size': 177, 'step_size': 9, 'gamma': 0.8829569316514698}. Best is trial 24 with value: 0.08006967078651903.[0m
[32m[I 2025-02-02 21:13:12,871][0m Trial 45 finished with value: 0.09250698352505447 and parameters: {'observation_period_num': 38, 'train_rates': 0.6767551943033597, 'learning_rate': 0.0002672978309729347, 'batch_size': 126, 'step_size': 10, 'gamma': 0.771154785618678}. Best is trial 24 with value: 0.08006967078651903.[0m
[32m[I 2025-02-02 21:13:35,662][0m Trial 46 finished with value: 0.09675133983853837 and parameters: {'observation_period_num': 17, 'train_rates': 0.7096160304801381, 'learning_rate': 0.00012054234295187007, 'batch_size': 160, 'step_size': 12, 'gamma': 0.9365167914166139}. Best is trial 24 with value: 0.08006967078651903.[0m
[32m[I 2025-02-02 21:13:58,742][0m Trial 47 finished with value: 0.20085865421512678 and parameters: {'observation_period_num': 66, 'train_rates': 0.6086942417537754, 'learning_rate': 0.0007576231953197949, 'batch_size': 134, 'step_size': 6, 'gamma': 0.913647366595909}. Best is trial 24 with value: 0.08006967078651903.[0m
[32m[I 2025-02-02 21:14:30,422][0m Trial 48 finished with value: 0.14443395926099278 and parameters: {'observation_period_num': 37, 'train_rates': 0.6508422118673036, 'learning_rate': 8.386733109643297e-05, 'batch_size': 91, 'step_size': 11, 'gamma': 0.8749729553022656}. Best is trial 24 with value: 0.08006967078651903.[0m
[32m[I 2025-02-02 21:14:51,667][0m Trial 49 finished with value: 0.09884265742740517 and parameters: {'observation_period_num': 52, 'train_rates': 0.6843409479520366, 'learning_rate': 0.0004300661030800115, 'batch_size': 173, 'step_size': 9, 'gamma': 0.8865085887672421}. Best is trial 24 with value: 0.08006967078651903.[0m
trend „ÅÆÊúÄÈÅ©„Éè„Ç§„Éë„Éº„Éë„É©„É°„Éº„Çø„ÅåË¶ã„Å§„Åã„Çä„Åæ„Åó„Åü
ÊúÄÈÅ©ÂåñÂØæË±°: seasonal_0
[32m[I 2025-02-02 21:14:51,674][0m A new study created in memory with name: no-name-f840853f-999f-492b-a16a-f71b575b5a74[0m
[32m[I 2025-02-02 21:15:10,732][0m Trial 0 finished with value: 0.1735312539459653 and parameters: {'observation_period_num': 201, 'train_rates': 0.7485846595521011, 'learning_rate': 0.0001882431681022731, 'batch_size': 213, 'step_size': 9, 'gamma': 0.8980515173657794}. Best is trial 0 with value: 0.1735312539459653.[0m
[32m[I 2025-02-02 21:16:57,046][0m Trial 1 finished with value: 0.19917559903629578 and parameters: {'observation_period_num': 152, 'train_rates': 0.7413877566428265, 'learning_rate': 0.00045633203665914777, 'batch_size': 28, 'step_size': 7, 'gamma': 0.9235094320585763}. Best is trial 0 with value: 0.1735312539459653.[0m
[32m[I 2025-02-02 21:17:24,262][0m Trial 2 finished with value: 0.26479348836355654 and parameters: {'observation_period_num': 239, 'train_rates': 0.721953133205448, 'learning_rate': 0.0001068703302708215, 'batch_size': 120, 'step_size': 6, 'gamma': 0.8388113343048091}. Best is trial 0 with value: 0.1735312539459653.[0m
[32m[I 2025-02-02 21:17:47,444][0m Trial 3 finished with value: 0.4632187467068434 and parameters: {'observation_period_num': 203, 'train_rates': 0.802305794454202, 'learning_rate': 1.223361460894263e-05, 'batch_size': 159, 'step_size': 15, 'gamma': 0.8701512781151578}. Best is trial 0 with value: 0.1735312539459653.[0m
[32m[I 2025-02-02 21:20:13,389][0m Trial 4 finished with value: 0.27695265249874357 and parameters: {'observation_period_num': 147, 'train_rates': 0.9528312054228456, 'learning_rate': 0.00028435943970256893, 'batch_size': 24, 'step_size': 3, 'gamma': 0.8429259873603789}. Best is trial 0 with value: 0.1735312539459653.[0m
[32m[I 2025-02-02 21:20:32,075][0m Trial 5 finished with value: 0.3060592964868611 and parameters: {'observation_period_num': 136, 'train_rates': 0.6881637498904403, 'learning_rate': 5.305113349219416e-05, 'batch_size': 196, 'step_size': 2, 'gamma': 0.9665339800972582}. Best is trial 0 with value: 0.1735312539459653.[0m
[32m[I 2025-02-02 21:20:50,874][0m Trial 6 finished with value: 0.20600570244773939 and parameters: {'observation_period_num': 240, 'train_rates': 0.6527912524371426, 'learning_rate': 0.0005111723272843891, 'batch_size': 167, 'step_size': 12, 'gamma': 0.8560056695814018}. Best is trial 0 with value: 0.1735312539459653.[0m
[32m[I 2025-02-02 21:21:13,577][0m Trial 7 finished with value: 0.4337344169616699 and parameters: {'observation_period_num': 228, 'train_rates': 0.9737310996805284, 'learning_rate': 0.00010127755228783219, 'batch_size': 211, 'step_size': 1, 'gamma': 0.9145269179828464}. Best is trial 0 with value: 0.1735312539459653.[0m
[32m[I 2025-02-02 21:21:37,093][0m Trial 8 finished with value: 0.13596558570861816 and parameters: {'observation_period_num': 68, 'train_rates': 0.9782198654072793, 'learning_rate': 8.713214977288975e-05, 'batch_size': 231, 'step_size': 1, 'gamma': 0.9762552151115015}. Best is trial 8 with value: 0.13596558570861816.[0m
[32m[I 2025-02-02 21:22:00,174][0m Trial 9 finished with value: 0.18837389210722438 and parameters: {'observation_period_num': 52, 'train_rates': 0.9003172584483325, 'learning_rate': 0.0002625064227388484, 'batch_size': 210, 'step_size': 4, 'gamma': 0.8099322432796962}. Best is trial 8 with value: 0.13596558570861816.[0m
[32m[I 2025-02-02 21:22:21,109][0m Trial 10 finished with value: 2.5664878070761783 and parameters: {'observation_period_num': 47, 'train_rates': 0.8490191933358137, 'learning_rate': 1.0247254678053012e-06, 'batch_size': 255, 'step_size': 10, 'gamma': 0.7507937678840685}. Best is trial 8 with value: 0.13596558570861816.[0m
[32m[I 2025-02-02 21:22:39,271][0m Trial 11 finished with value: 0.4487640695138411 and parameters: {'observation_period_num': 88, 'train_rates': 0.6158508881471132, 'learning_rate': 1.2967468798594738e-05, 'batch_size': 250, 'step_size': 10, 'gamma': 0.9748709993900839}. Best is trial 8 with value: 0.13596558570861816.[0m
[32m[I 2025-02-02 21:23:15,058][0m Trial 12 finished with value: 0.13767148807178414 and parameters: {'observation_period_num': 5, 'train_rates': 0.7940103753837405, 'learning_rate': 2.0951372969801544e-05, 'batch_size': 95, 'step_size': 5, 'gamma': 0.9300295597641529}. Best is trial 8 with value: 0.13596558570861816.[0m
[32m[I 2025-02-02 21:23:52,778][0m Trial 13 finished with value: 0.14563177183673187 and parameters: {'observation_period_num': 6, 'train_rates': 0.8369662001003967, 'learning_rate': 1.3911836575896855e-05, 'batch_size': 94, 'step_size': 5, 'gamma': 0.9506333951255541}. Best is trial 8 with value: 0.13596558570861816.[0m
[32m[I 2025-02-02 21:24:48,221][0m Trial 14 finished with value: 0.24618060955600368 and parameters: {'observation_period_num': 5, 'train_rates': 0.8862394020470897, 'learning_rate': 3.0515969944221015e-06, 'batch_size': 65, 'step_size': 3, 'gamma': 0.9877581006384967}. Best is trial 8 with value: 0.13596558570861816.[0m
[32m[I 2025-02-02 21:25:24,726][0m Trial 15 finished with value: 0.3958421856799024 and parameters: {'observation_period_num': 94, 'train_rates': 0.9178866339105739, 'learning_rate': 3.391118300380115e-05, 'batch_size': 100, 'step_size': 1, 'gamma': 0.944534260182864}. Best is trial 8 with value: 0.13596558570861816.[0m
