[32m[I 2025-02-02 22:31:42,471][0m Trial 48 finished with value: 0.25386932492256165 and parameters: {'observation_period_num': 19, 'train_rates': 0.9478957380393739, 'learning_rate': 0.0006113395489257464, 'batch_size': 182, 'step_size': 3, 'gamma': 0.8153006449187317}. Best is trial 18 with value: 0.04926620051264763.[0m
[32m[I 2025-02-02 22:32:04,737][0m Trial 49 finished with value: 0.10565903114861455 and parameters: {'observation_period_num': 31, 'train_rates': 0.7816898874333642, 'learning_rate': 0.00047701537038712013, 'batch_size': 179, 'step_size': 4, 'gamma': 0.8388621346245762}. Best is trial 18 with value: 0.04926620051264763.[0m
seasonal_2 „ÅÆÊúÄÈÅ©„Éè„Ç§„Éë„Éº„Éë„É©„É°„Éº„Çø„ÅåË¶ã„Å§„Åã„Çä„Åæ„Åó„Åü
ÊúÄÈÅ©ÂåñÂØæË±°: seasonal_3
[32m[I 2025-02-02 22:32:04,744][0m A new study created in memory with name: no-name-8c62454b-1af4-4315-a234-a33132e9c4c9[0m
[32m[I 2025-02-02 22:32:28,625][0m Trial 0 finished with value: 0.42783813108097424 and parameters: {'observation_period_num': 61, 'train_rates': 0.9049884742652065, 'learning_rate': 4.199947027887621e-05, 'batch_size': 203, 'step_size': 3, 'gamma': 0.805965282892066}. Best is trial 0 with value: 0.42783813108097424.[0m
[32m[I 2025-02-02 22:32:55,307][0m Trial 1 finished with value: 0.18836399219159422 and parameters: {'observation_period_num': 64, 'train_rates': 0.8596260501628578, 'learning_rate': 0.00018975898789151923, 'batch_size': 161, 'step_size': 1, 'gamma': 0.9231083775237297}. Best is trial 1 with value: 0.18836399219159422.[0m
[32m[I 2025-02-02 22:33:18,663][0m Trial 2 finished with value: 0.6619662661158461 and parameters: {'observation_period_num': 101, 'train_rates': 0.8769079687602438, 'learning_rate': 1.3884672903357809e-05, 'batch_size': 194, 'step_size': 5, 'gamma': 0.8104204747974851}. Best is trial 1 with value: 0.18836399219159422.[0m
[32m[I 2025-02-02 22:33:42,055][0m Trial 3 finished with value: 0.31476467035033484 and parameters: {'observation_period_num': 55, 'train_rates': 0.9091625349065913, 'learning_rate': 2.0707148765277068e-05, 'batch_size': 248, 'step_size': 15, 'gamma': 0.8848813269268119}. Best is trial 1 with value: 0.18836399219159422.[0m
[32m[I 2025-02-02 22:34:36,526][0m Trial 4 finished with value: 0.4975447894249418 and parameters: {'observation_period_num': 146, 'train_rates': 0.8659531000219591, 'learning_rate': 4.684760216755246e-06, 'batch_size': 70, 'step_size': 7, 'gamma': 0.8947327225566912}. Best is trial 1 with value: 0.18836399219159422.[0m
[32m[I 2025-02-02 22:34:59,471][0m Trial 5 finished with value: 0.8710456676208056 and parameters: {'observation_period_num': 251, 'train_rates': 0.9038481300468897, 'learning_rate': 1.5530122101575926e-06, 'batch_size': 189, 'step_size': 10, 'gamma': 0.971196612466066}. Best is trial 1 with value: 0.18836399219159422.[0m
[32m[I 2025-02-02 22:35:57,084][0m Trial 6 finished with value: 0.5121355407278646 and parameters: {'observation_period_num': 219, 'train_rates': 0.8712532889256402, 'learning_rate': 2.7417317404630004e-06, 'batch_size': 63, 'step_size': 15, 'gamma': 0.9000857477456344}. Best is trial 1 with value: 0.18836399219159422.[0m
Early stopping at epoch 94
[32m[I 2025-02-02 22:37:36,568][0m Trial 7 finished with value: 1.022096697515563 and parameters: {'observation_period_num': 77, 'train_rates': 0.7356361073281881, 'learning_rate': 5.3723678978191515e-06, 'batch_size': 33, 'step_size': 2, 'gamma': 0.7687233244400397}. Best is trial 1 with value: 0.18836399219159422.[0m
[32m[I 2025-02-02 22:38:31,992][0m Trial 8 finished with value: 0.5310180916526887 and parameters: {'observation_period_num': 169, 'train_rates': 0.7620895271968781, 'learning_rate': 5.656276397857998e-06, 'batch_size': 65, 'step_size': 5, 'gamma': 0.8764025659444762}. Best is trial 1 with value: 0.18836399219159422.[0m
[32m[I 2025-02-02 22:39:01,041][0m Trial 9 finished with value: 0.16766960476919757 and parameters: {'observation_period_num': 218, 'train_rates': 0.8705291295828891, 'learning_rate': 0.0006884924657559424, 'batch_size': 144, 'step_size': 1, 'gamma': 0.9621058507721784}. Best is trial 9 with value: 0.16766960476919757.[0m
[32m[I 2025-02-02 22:39:30,467][0m Trial 10 finished with value: 0.06819483889713608 and parameters: {'observation_period_num': 11, 'train_rates': 0.6315570827075774, 'learning_rate': 0.0007965183410367448, 'batch_size': 121, 'step_size': 11, 'gamma': 0.9867931300252268}. Best is trial 10 with value: 0.06819483889713608.[0m
[32m[I 2025-02-02 22:40:00,366][0m Trial 11 finished with value: 0.27067363942112016 and parameters: {'observation_period_num': 189, 'train_rates': 0.6148545626270034, 'learning_rate': 0.0008967219263283382, 'batch_size': 109, 'step_size': 11, 'gamma': 0.986194612511236}. Best is trial 10 with value: 0.06819483889713608.[0m
[32m[I 2025-02-02 22:40:26,175][0m Trial 12 finished with value: 0.0676589639679621 and parameters: {'observation_period_num': 15, 'train_rates': 0.6181898909059225, 'learning_rate': 0.0009137931864266909, 'batch_size': 124, 'step_size': 11, 'gamma': 0.9467750346069818}. Best is trial 12 with value: 0.0676589639679621.[0m
[32m[I 2025-02-02 22:40:55,134][0m Trial 13 finished with value: 0.07331336754179578 and parameters: {'observation_period_num': 6, 'train_rates': 0.6068194799657995, 'learning_rate': 0.00026251694572786345, 'batch_size': 110, 'step_size': 12, 'gamma': 0.9306485790781872}. Best is trial 12 with value: 0.0676589639679621.[0m
[32m[I 2025-02-02 22:41:26,070][0m Trial 14 finished with value: 0.07957520380960904 and parameters: {'observation_period_num': 12, 'train_rates': 0.6767330395138615, 'learning_rate': 0.0001241422445199926, 'batch_size': 109, 'step_size': 9, 'gamma': 0.9462536263212851}. Best is trial 12 with value: 0.0676589639679621.[0m
[32m[I 2025-02-02 22:41:58,586][0m Trial 15 finished with value: 0.051797542721033096 and parameters: {'observation_period_num': 30, 'train_rates': 0.9875622618920308, 'learning_rate': 0.0004403574490071067, 'batch_size': 132, 'step_size': 13, 'gamma': 0.838518500190211}. Best is trial 15 with value: 0.051797542721033096.[0m
[32m[I 2025-02-02 22:42:26,777][0m Trial 16 finished with value: 0.10701177269220352 and parameters: {'observation_period_num': 108, 'train_rates': 0.9896633518004223, 'learning_rate': 6.65372457395018e-05, 'batch_size': 160, 'step_size': 13, 'gamma': 0.8441430698903962}. Best is trial 15 with value: 0.051797542721033096.[0m
[32m[I 2025-02-02 22:43:18,507][0m Trial 17 finished with value: 0.0388229601085186 and parameters: {'observation_period_num': 35, 'train_rates': 0.9842007644580733, 'learning_rate': 0.00033251831032581644, 'batch_size': 86, 'step_size': 8, 'gamma': 0.8429696349946083}. Best is trial 17 with value: 0.0388229601085186.[0m
[32m[I 2025-02-02 22:44:06,672][0m Trial 18 finished with value: 0.043595101684331894 and parameters: {'observation_period_num': 40, 'train_rates': 0.9889711507652812, 'learning_rate': 0.0004112312861958281, 'batch_size': 85, 'step_size': 7, 'gamma': 0.8370662011971258}. Best is trial 17 with value: 0.0388229601085186.[0m
[32m[I 2025-02-02 22:46:28,945][0m Trial 19 finished with value: 0.23972605630755425 and parameters: {'observation_period_num': 42, 'train_rates': 0.9573730393837405, 'learning_rate': 9.90954842157973e-05, 'batch_size': 26, 'step_size': 7, 'gamma': 0.8452395481001362}. Best is trial 17 with value: 0.0388229601085186.[0m
[32m[I 2025-02-02 22:47:15,384][0m Trial 20 finished with value: 0.24205117672681808 and parameters: {'observation_period_num': 87, 'train_rates': 0.9416696263678466, 'learning_rate': 0.0002779530414774055, 'batch_size': 84, 'step_size': 8, 'gamma': 0.7794291436448075}. Best is trial 17 with value: 0.0388229601085186.[0m
[32m[I 2025-02-02 22:48:03,573][0m Trial 21 finished with value: 0.3478548526763916 and parameters: {'observation_period_num': 32, 'train_rates': 0.9744414776391745, 'learning_rate': 0.0004547589522000922, 'batch_size': 85, 'step_size': 5, 'gamma': 0.8407572023944111}. Best is trial 17 with value: 0.0388229601085186.[0m
[32m[I 2025-02-02 22:49:35,913][0m Trial 22 finished with value: 0.18925829663399665 and parameters: {'observation_period_num': 39, 'train_rates': 0.9352557924050171, 'learning_rate': 0.00040389142044505976, 'batch_size': 41, 'step_size': 7, 'gamma': 0.8159654000208647}. Best is trial 17 with value: 0.0388229601085186.[0m
[32m[I 2025-02-02 22:50:21,399][0m Trial 23 finished with value: 0.07526986300945282 and parameters: {'observation_period_num': 115, 'train_rates': 0.9863937969161467, 'learning_rate': 0.00016386584532565967, 'batch_size': 90, 'step_size': 9, 'gamma': 0.8616315702279622}. Best is trial 17 with value: 0.0388229601085186.[0m
[32m[I 2025-02-02 22:50:48,431][0m Trial 24 finished with value: 0.09919116218414532 and parameters: {'observation_period_num': 32, 'train_rates': 0.826328162865535, 'learning_rate': 0.00045136854906674314, 'batch_size': 144, 'step_size': 13, 'gamma': 0.8271904970899924}. Best is trial 17 with value: 0.0388229601085186.[0m
[32m[I 2025-02-02 22:51:56,877][0m Trial 25 finished with value: 0.2926417600748868 and parameters: {'observation_period_num': 83, 'train_rates': 0.9393770762551058, 'learning_rate': 5.1060684236190394e-05, 'batch_size': 57, 'step_size': 6, 'gamma': 0.7832573747305086}. Best is trial 17 with value: 0.0388229601085186.[0m
[32m[I 2025-02-02 22:52:20,642][0m Trial 26 finished with value: 0.17370810406649206 and parameters: {'observation_period_num': 129, 'train_rates': 0.8200820063803734, 'learning_rate': 8.667746893917567e-05, 'batch_size': 172, 'step_size': 9, 'gamma': 0.8621292813950445}. Best is trial 17 with value: 0.0388229601085186.[0m
[32m[I 2025-02-02 22:53:04,290][0m Trial 27 finished with value: 0.3102412332709019 and parameters: {'observation_period_num': 52, 'train_rates': 0.964244897854527, 'learning_rate': 0.00023205477695285707, 'batch_size': 88, 'step_size': 4, 'gamma': 0.7961597606377233}. Best is trial 17 with value: 0.0388229601085186.[0m
[32m[I 2025-02-02 22:54:24,875][0m Trial 28 finished with value: 0.19257667696192152 and parameters: {'observation_period_num': 75, 'train_rates': 0.92001707973287, 'learning_rate': 0.00041325174610805935, 'batch_size': 44, 'step_size': 8, 'gamma': 0.828530939008671}. Best is trial 17 with value: 0.0388229601085186.[0m
[32m[I 2025-02-02 22:54:47,957][0m Trial 29 finished with value: 0.4077540631865112 and parameters: {'observation_period_num': 24, 'train_rates': 0.9031048305210271, 'learning_rate': 3.148560490659588e-05, 'batch_size': 234, 'step_size': 3, 'gamma': 0.7959384928882527}. Best is trial 17 with value: 0.0388229601085186.[0m
[32m[I 2025-02-02 22:55:29,470][0m Trial 30 finished with value: 0.27915047452999997 and parameters: {'observation_period_num': 60, 'train_rates': 0.9596716828552004, 'learning_rate': 0.0005831387540547859, 'batch_size': 99, 'step_size': 14, 'gamma': 0.8540256387495708}. Best is trial 17 with value: 0.0388229601085186.[0m
[32m[I 2025-02-02 22:55:55,837][0m Trial 31 finished with value: 0.0731990923020211 and parameters: {'observation_period_num': 22, 'train_rates': 0.6894321418872216, 'learning_rate': 0.0009955632174866386, 'batch_size': 129, 'step_size': 11, 'gamma': 0.9147043638795209}. Best is trial 17 with value: 0.0388229601085186.[0m
[32m[I 2025-02-02 22:56:22,112][0m Trial 32 finished with value: 0.100118582389005 and parameters: {'observation_period_num': 42, 'train_rates': 0.7880270525327601, 'learning_rate': 0.0003005771173858678, 'batch_size': 151, 'step_size': 13, 'gamma': 0.8801718142281696}. Best is trial 17 with value: 0.0388229601085186.[0m
[32m[I 2025-02-02 22:56:49,404][0m Trial 33 finished with value: 0.10911587623904577 and parameters: {'observation_period_num': 64, 'train_rates': 0.71919561175803, 'learning_rate': 0.00016109055773758237, 'batch_size': 126, 'step_size': 10, 'gamma': 0.8246954134993514}. Best is trial 17 with value: 0.0388229601085186.[0m
[32m[I 2025-02-02 22:57:14,970][0m Trial 34 finished with value: 0.10833176734243952 and parameters: {'observation_period_num': 49, 'train_rates': 0.8306970629362487, 'learning_rate': 0.0006136448393991617, 'batch_size': 168, 'step_size': 12, 'gamma': 0.7552962874428639}. Best is trial 17 with value: 0.0388229601085186.[0m
[32m[I 2025-02-02 22:57:58,846][0m Trial 35 finished with value: 0.0742685849982518 and parameters: {'observation_period_num': 19, 'train_rates': 0.6593073671823586, 'learning_rate': 0.0003603437983171578, 'batch_size': 75, 'step_size': 10, 'gamma': 0.808929040527575}. Best is trial 17 with value: 0.0388229601085186.[0m
[32m[I 2025-02-02 22:58:37,027][0m Trial 36 finished with value: 0.160122802752434 and parameters: {'observation_period_num': 94, 'train_rates': 0.8945646540748591, 'learning_rate': 0.00018822833825972576, 'batch_size': 101, 'step_size': 6, 'gamma': 0.8954563385664888}. Best is trial 17 with value: 0.0388229601085186.[0m
[32m[I 2025-02-02 23:02:37,062][0m Trial 37 finished with value: 0.14933860305373528 and parameters: {'observation_period_num': 5, 'train_rates': 0.9258374232152585, 'learning_rate': 0.0005995289042016529, 'batch_size': 17, 'step_size': 14, 'gamma': 0.865377499089038}. Best is trial 17 with value: 0.0388229601085186.[0m
[32m[I 2025-02-02 23:03:02,558][0m Trial 38 finished with value: 0.2637955844402313 and parameters: {'observation_period_num': 70, 'train_rates': 0.9884430982748631, 'learning_rate': 2.6076278468494692e-05, 'batch_size': 207, 'step_size': 6, 'gamma': 0.9091505461824883}. Best is trial 17 with value: 0.0388229601085186.[0m
[32m[I 2025-02-02 23:03:39,853][0m Trial 39 finished with value: 0.5609808523041099 and parameters: {'observation_period_num': 30, 'train_rates': 0.9542670836124334, 'learning_rate': 7.978442977734684e-06, 'batch_size': 121, 'step_size': 8, 'gamma': 0.8344003786306061}. Best is trial 17 with value: 0.0388229601085186.[0m
[32m[I 2025-02-02 23:04:51,882][0m Trial 40 finished with value: 0.16444348953139615 and parameters: {'observation_period_num': 56, 'train_rates': 0.8528883549404014, 'learning_rate': 1.1908863654995803e-05, 'batch_size': 54, 'step_size': 12, 'gamma': 0.9339120597916644}. Best is trial 17 with value: 0.0388229601085186.[0m
[32m[I 2025-02-02 23:05:18,104][0m Trial 41 finished with value: 0.07818975385778876 and parameters: {'observation_period_num': 16, 'train_rates': 0.6350791656737169, 'learning_rate': 0.0007886802388488548, 'batch_size': 136, 'step_size': 11, 'gamma': 0.9799026969374379}. Best is trial 17 with value: 0.0388229601085186.[0m
[32m[I 2025-02-02 23:05:47,232][0m Trial 42 finished with value: 0.07006121061706995 and parameters: {'observation_period_num': 18, 'train_rates': 0.6405917569699248, 'learning_rate': 0.0009426697497436774, 'batch_size': 119, 'step_size': 15, 'gamma': 0.9621423738658575}. Best is trial 17 with value: 0.0388229601085186.[0m
[32m[I 2025-02-02 23:06:22,990][0m Trial 43 finished with value: 0.09704429893135336 and parameters: {'observation_period_num': 40, 'train_rates': 0.7031502243099023, 'learning_rate': 0.0005094671542017319, 'batch_size': 100, 'step_size': 10, 'gamma': 0.9538684516663678}. Best is trial 17 with value: 0.0388229601085186.[0m
[32m[I 2025-02-02 23:06:47,686][0m Trial 44 finished with value: 1.0575576212385605 and parameters: {'observation_period_num': 30, 'train_rates': 0.6031317780975073, 'learning_rate': 1.064452210836464e-06, 'batch_size': 137, 'step_size': 14, 'gamma': 0.8506152591390017}. Best is trial 17 with value: 0.0388229601085186.[0m
[32m[I 2025-02-02 23:07:38,418][0m Trial 45 finished with value: 0.07361796636494898 and parameters: {'observation_period_num': 8, 'train_rates': 0.7473842895313134, 'learning_rate': 0.0007045719978628746, 'batch_size': 72, 'step_size': 7, 'gamma': 0.9790416699685712}. Best is trial 17 with value: 0.0388229601085186.[0m
[32m[I 2025-02-02 23:07:57,097][0m Trial 46 finished with value: 0.16088655208707203 and parameters: {'observation_period_num': 166, 'train_rates': 0.630577523562865, 'learning_rate': 0.00023100738638537422, 'batch_size': 183, 'step_size': 9, 'gamma': 0.8734934613471237}. Best is trial 17 with value: 0.0388229601085186.[0m
[32m[I 2025-02-02 23:08:25,637][0m Trial 47 finished with value: 0.08953441639887055 and parameters: {'observation_period_num': 49, 'train_rates': 0.6597888217007657, 'learning_rate': 0.0003406411644853975, 'batch_size': 115, 'step_size': 12, 'gamma': 0.9886719490713702}. Best is trial 17 with value: 0.0388229601085186.[0m
[32m[I 2025-02-02 23:08:52,956][0m Trial 48 finished with value: 0.1503711276231928 and parameters: {'observation_period_num': 69, 'train_rates': 0.8861676348002687, 'learning_rate': 0.0001379890105779431, 'batch_size': 152, 'step_size': 11, 'gamma': 0.8863114458840501}. Best is trial 17 with value: 0.0388229601085186.[0m
[32m[I 2025-02-02 23:09:26,238][0m Trial 49 finished with value: 0.06281516700983047 and parameters: {'observation_period_num': 14, 'train_rates': 0.9755200881595314, 'learning_rate': 0.0006990782891782224, 'batch_size': 132, 'step_size': 8, 'gamma': 0.8182988223587422}. Best is trial 17 with value: 0.0388229601085186.[0m
seasonal_3 „ÅÆÊúÄÈÅ©„Éè„Ç§„Éë„Éº„Éë„É©„É°„Éº„Çø„ÅåË¶ã„Å§„Åã„Çä„Åæ„Åó„Åü
ÊúÄÈÅ©ÂåñÂØæË±°: resid
[32m[I 2025-02-02 23:09:26,245][0m A new study created in memory with name: no-name-8b0fd3b4-c311-4e60-9e21-a237544291f3[0m
[32m[I 2025-02-02 23:09:45,584][0m Trial 0 finished with value: 0.19935860904161537 and parameters: {'observation_period_num': 214, 'train_rates': 0.7760748072432968, 'learning_rate': 0.00011817225371093303, 'batch_size': 244, 'step_size': 12, 'gamma': 0.8123159511390106}. Best is trial 0 with value: 0.19935860904161537.[0m
[32m[I 2025-02-02 23:10:05,960][0m Trial 1 finished with value: 0.14320717623551873 and parameters: {'observation_period_num': 137, 'train_rates': 0.6990573255238423, 'learning_rate': 0.00014354407887956947, 'batch_size': 192, 'step_size': 8, 'gamma': 0.9379590320763023}. Best is trial 1 with value: 0.14320717623551873.[0m
[32m[I 2025-02-02 23:10:29,497][0m Trial 2 finished with value: 0.7523838748266882 and parameters: {'observation_period_num': 131, 'train_rates': 0.7765182013277521, 'learning_rate': 1.1243190334767337e-06, 'batch_size': 158, 'step_size': 6, 'gamma': 0.8859919374211054}. Best is trial 1 with value: 0.14320717623551873.[0m
[32m[I 2025-02-02 23:11:38,445][0m Trial 3 finished with value: 0.1946459853130838 and parameters: {'observation_period_num': 80, 'train_rates': 0.6396966932814013, 'learning_rate': 1.4728480566962188e-05, 'batch_size': 43, 'step_size': 14, 'gamma': 0.8572225867281857}. Best is trial 1 with value: 0.14320717623551873.[0m
[32m[I 2025-02-02 23:14:30,473][0m Trial 4 finished with value: 0.6411595678718326 and parameters: {'observation_period_num': 237, 'train_rates': 0.638747852760914, 'learning_rate': 1.6271360042311718e-06, 'batch_size': 16, 'step_size': 10, 'gamma': 0.91046082151892}. Best is trial 1 with value: 0.14320717623551873.[0m
[32m[I 2025-02-02 23:14:49,056][0m Trial 5 finished with value: 0.2910222855137616 and parameters: {'observation_period_num': 214, 'train_rates': 0.6258423642051927, 'learning_rate': 0.0008958104526668884, 'batch_size': 211, 'step_size': 9, 'gamma': 0.887845011075051}. Best is trial 1 with value: 0.14320717623551873.[0m
[32m[I 2025-02-02 23:15:11,818][0m Trial 6 finished with value: 0.13327626734972 and parameters: {'observation_period_num': 24, 'train_rates': 0.7489903283367871, 'learning_rate': 0.0004190419965433676, 'batch_size': 173, 'step_size': 2, 'gamma': 0.8118868137248064}. Best is trial 6 with value: 0.13327626734972.[0m
[32m[I 2025-02-02 23:15:31,839][0m Trial 7 finished with value: 0.16126361887142496 and parameters: {'observation_period_num': 114, 'train_rates': 0.7823291340945249, 'learning_rate': 0.0008383677650753853, 'batch_size': 222, 'step_size': 1, 'gamma': 0.9233052863488161}. Best is trial 6 with value: 0.13327626734972.[0m
[32m[I 2025-02-02 23:16:01,136][0m Trial 8 finished with value: 0.28206170704277644 and parameters: {'observation_period_num': 32, 'train_rates': 0.8969501615623425, 'learning_rate': 1.3257773990365558e-05, 'batch_size': 145, 'step_size': 11, 'gamma': 0.9755379578691539}. Best is trial 6 with value: 0.13327626734972.[0m
[32m[I 2025-02-02 23:16:24,622][0m Trial 9 finished with value: 0.09778890758752823 and parameters: {'observation_period_num': 177, 'train_rates': 0.988387702516061, 'learning_rate': 0.000913386207775243, 'batch_size': 223, 'step_size': 15, 'gamma': 0.821466938916286}. Best is trial 9 with value: 0.09778890758752823.[0m
[32m[I 2025-02-02 23:17:02,183][0m Trial 10 finished with value: 0.1092931404709816 and parameters: {'observation_period_num': 176, 'train_rates': 0.9852817861341368, 'learning_rate': 6.802338971630759e-05, 'batch_size': 106, 'step_size': 15, 'gamma': 0.7738840568234266}. Best is trial 9 with value: 0.09778890758752823.[0m
[32m[I 2025-02-02 23:17:45,723][0m Trial 11 finished with value: 0.10905767232179642 and parameters: {'observation_period_num': 176, 'train_rates': 0.9869567310525741, 'learning_rate': 7.932370939299138e-05, 'batch_size': 90, 'step_size': 15, 'gamma': 0.754474390433454}. Best is trial 9 with value: 0.09778890758752823.[0m
[32m[I 2025-02-02 23:18:26,928][0m Trial 12 finished with value: 0.15430721640586853 and parameters: {'observation_period_num': 166, 'train_rates': 0.9853154090091485, 'learning_rate': 4.230585361550837e-05, 'batch_size': 96, 'step_size': 13, 'gamma': 0.7535994551557585}. Best is trial 9 with value: 0.09778890758752823.[0m
