[32m[I 2025-02-02 23:19:07,961][0m Trial 13 finished with value: 0.17487549025140006 and parameters: {'observation_period_num': 177, 'train_rates': 0.8958360691032354, 'learning_rate': 0.00026664292757326536, 'batch_size': 91, 'step_size': 15, 'gamma': 0.8100348489598738}. Best is trial 9 with value: 0.09778890758752823.[0m
[32m[I 2025-02-02 23:20:08,652][0m Trial 14 finished with value: 0.35779655865582405 and parameters: {'observation_period_num': 85, 'train_rates': 0.8984819993973229, 'learning_rate': 1.288771206362498e-05, 'batch_size': 61, 'step_size': 6, 'gamma': 0.844934902894922}. Best is trial 9 with value: 0.09778890758752823.[0m
[32m[I 2025-02-02 23:20:37,738][0m Trial 15 finished with value: 0.272444429738181 and parameters: {'observation_period_num': 200, 'train_rates': 0.9367196833678597, 'learning_rate': 0.0002780856209441883, 'batch_size': 124, 'step_size': 13, 'gamma': 0.7696723668443544}. Best is trial 9 with value: 0.09778890758752823.[0m
[32m[I 2025-02-02 23:20:56,887][0m Trial 16 finished with value: 0.6698761314220046 and parameters: {'observation_period_num': 245, 'train_rates': 0.8342778684340533, 'learning_rate': 4.282707253453215e-06, 'batch_size': 256, 'step_size': 15, 'gamma': 0.7917869995965893}. Best is trial 9 with value: 0.09778890758752823.[0m
[32m[I 2025-02-02 23:21:43,319][0m Trial 17 finished with value: 0.1879074734477502 and parameters: {'observation_period_num': 157, 'train_rates': 0.848279000683886, 'learning_rate': 2.8197081114089547e-05, 'batch_size': 71, 'step_size': 12, 'gamma': 0.8403130363512632}. Best is trial 9 with value: 0.09778890758752823.[0m
[32m[I 2025-02-02 23:22:12,995][0m Trial 18 finished with value: 1.1433377787470818 and parameters: {'observation_period_num': 104, 'train_rates': 0.9383446477678654, 'learning_rate': 4.470625670883577e-06, 'batch_size': 125, 'step_size': 6, 'gamma': 0.7855087617265245}. Best is trial 9 with value: 0.09778890758752823.[0m
[32m[I 2025-02-02 23:22:36,886][0m Trial 19 finished with value: 0.3462434411048889 and parameters: {'observation_period_num': 151, 'train_rates': 0.9455945398674553, 'learning_rate': 9.163427014289716e-05, 'batch_size': 183, 'step_size': 10, 'gamma': 0.8322863153891766}. Best is trial 9 with value: 0.09778890758752823.[0m
[32m[I 2025-02-02 23:22:57,047][0m Trial 20 finished with value: 0.22569102006601105 and parameters: {'observation_period_num': 193, 'train_rates': 0.8468083768394747, 'learning_rate': 0.0004717315065453805, 'batch_size': 220, 'step_size': 4, 'gamma': 0.760315573613342}. Best is trial 9 with value: 0.09778890758752823.[0m
[32m[I 2025-02-02 23:23:31,538][0m Trial 21 finished with value: 0.17228180170059204 and parameters: {'observation_period_num': 178, 'train_rates': 0.97508977854798, 'learning_rate': 5.515663290852584e-05, 'batch_size': 105, 'step_size': 15, 'gamma': 0.7850012344885262}. Best is trial 9 with value: 0.09778890758752823.[0m
[32m[I 2025-02-02 23:24:18,929][0m Trial 22 finished with value: 0.10440527647733688 and parameters: {'observation_period_num': 185, 'train_rates': 0.9853352996818285, 'learning_rate': 7.095153528922835e-05, 'batch_size': 77, 'step_size': 13, 'gamma': 0.751006910520702}. Best is trial 9 with value: 0.09778890758752823.[0m
[32m[I 2025-02-02 23:25:09,796][0m Trial 23 finished with value: 0.41758757904707955 and parameters: {'observation_period_num': 218, 'train_rates': 0.9491565720036043, 'learning_rate': 2.1864268952000756e-05, 'batch_size': 69, 'step_size': 13, 'gamma': 0.7566722560877318}. Best is trial 9 with value: 0.09778890758752823.[0m
[32m[I 2025-02-02 23:27:29,066][0m Trial 24 finished with value: 0.2189908422812631 and parameters: {'observation_period_num': 144, 'train_rates': 0.9158329877574666, 'learning_rate': 0.00019039020255404892, 'batch_size': 24, 'step_size': 14, 'gamma': 0.7970455674908765}. Best is trial 9 with value: 0.09778890758752823.[0m
[32m[I 2025-02-02 23:28:55,355][0m Trial 25 finished with value: 0.7215643975623819 and parameters: {'observation_period_num': 195, 'train_rates': 0.9688741440623428, 'learning_rate': 5.15410597380211e-06, 'batch_size': 42, 'step_size': 12, 'gamma': 0.7501810725944648}. Best is trial 9 with value: 0.09778890758752823.[0m
[32m[I 2025-02-02 23:29:23,293][0m Trial 26 finished with value: 0.18031424695200313 and parameters: {'observation_period_num': 120, 'train_rates': 0.8809883623501751, 'learning_rate': 0.0005188768934277667, 'batch_size': 142, 'step_size': 14, 'gamma': 0.8251970046247622}. Best is trial 9 with value: 0.09778890758752823.[0m
[32m[I 2025-02-02 23:30:09,129][0m Trial 27 finished with value: 0.20304001406740746 and parameters: {'observation_period_num': 226, 'train_rates': 0.8673755936331813, 'learning_rate': 8.022006970135364e-05, 'batch_size': 78, 'step_size': 11, 'gamma': 0.8688733772805295}. Best is trial 9 with value: 0.09778890758752823.[0m
[32m[I 2025-02-02 23:30:40,523][0m Trial 28 finished with value: 0.31054482394701816 and parameters: {'observation_period_num': 192, 'train_rates': 0.9209479290221013, 'learning_rate': 4.46155244823508e-05, 'batch_size': 121, 'step_size': 14, 'gamma': 0.7757590251458986}. Best is trial 9 with value: 0.09778890758752823.[0m
[32m[I 2025-02-02 23:31:02,280][0m Trial 29 finished with value: 0.17416691665130202 and parameters: {'observation_period_num': 161, 'train_rates': 0.8167441233534036, 'learning_rate': 0.00019222437089553272, 'batch_size': 239, 'step_size': 11, 'gamma': 0.8006048468382012}. Best is trial 9 with value: 0.09778890758752823.[0m
[32m[I 2025-02-02 23:31:46,139][0m Trial 30 finished with value: 0.3164370731782105 and parameters: {'observation_period_num': 252, 'train_rates': 0.9565309475022679, 'learning_rate': 0.00012859490486574505, 'batch_size': 86, 'step_size': 12, 'gamma': 0.8209488691412008}. Best is trial 9 with value: 0.09778890758752823.[0m
[32m[I 2025-02-02 23:32:23,674][0m Trial 31 finished with value: 0.12135495245456696 and parameters: {'observation_period_num': 176, 'train_rates': 0.9882519947675205, 'learning_rate': 7.9545827441821e-05, 'batch_size': 109, 'step_size': 15, 'gamma': 0.7736770560313903}. Best is trial 9 with value: 0.09778890758752823.[0m
[32m[I 2025-02-02 23:33:34,571][0m Trial 32 finished with value: 0.09776743422997625 and parameters: {'observation_period_num': 212, 'train_rates': 0.9794051673704159, 'learning_rate': 6.0073539645271813e-05, 'batch_size': 53, 'step_size': 15, 'gamma': 0.767964683374105}. Best is trial 32 with value: 0.09776743422997625.[0m
[32m[I 2025-02-02 23:34:29,602][0m Trial 33 finished with value: 0.2649151168125634 and parameters: {'observation_period_num': 203, 'train_rates': 0.7496098819502961, 'learning_rate': 2.2930965624199574e-05, 'batch_size': 57, 'step_size': 13, 'gamma': 0.7639323167832288}. Best is trial 32 with value: 0.09776743422997625.[0m
[32m[I 2025-02-02 23:35:51,935][0m Trial 34 finished with value: 0.37355536441592607 and parameters: {'observation_period_num': 212, 'train_rates': 0.9629045193488387, 'learning_rate': 0.0001294335092655555, 'batch_size': 42, 'step_size': 14, 'gamma': 0.7502119055614717}. Best is trial 32 with value: 0.09776743422997625.[0m
[32m[I 2025-02-02 23:36:58,685][0m Trial 35 finished with value: 0.3033755909705508 and parameters: {'observation_period_num': 227, 'train_rates': 0.9243448774708649, 'learning_rate': 3.7072540819413375e-05, 'batch_size': 50, 'step_size': 8, 'gamma': 0.7843684058667623}. Best is trial 32 with value: 0.09776743422997625.[0m
[32m[I 2025-02-02 23:38:40,810][0m Trial 36 finished with value: 0.237026834891592 and parameters: {'observation_period_num': 137, 'train_rates': 0.6813284430040745, 'learning_rate': 8.521694804901271e-06, 'batch_size': 27, 'step_size': 15, 'gamma': 0.8039093434343848}. Best is trial 32 with value: 0.09776743422997625.[0m
[32m[I 2025-02-02 23:39:04,873][0m Trial 37 finished with value: 0.35991379618644714 and parameters: {'observation_period_num': 233, 'train_rates': 0.9624549660705103, 'learning_rate': 0.00020780261725268927, 'batch_size': 200, 'step_size': 13, 'gamma': 0.9847628490833958}. Best is trial 32 with value: 0.09776743422997625.[0m
[32m[I 2025-02-02 23:39:31,144][0m Trial 38 finished with value: 0.2580101592200143 and parameters: {'observation_period_num': 183, 'train_rates': 0.9242227511197029, 'learning_rate': 0.00010139537413066915, 'batch_size': 159, 'step_size': 14, 'gamma': 0.8640820452718143}. Best is trial 32 with value: 0.09776743422997625.[0m
[32m[I 2025-02-02 23:40:09,306][0m Trial 39 finished with value: 0.7719265305254448 and parameters: {'observation_period_num': 208, 'train_rates': 0.6953922591548368, 'learning_rate': 1.5335491539003294e-06, 'batch_size': 80, 'step_size': 10, 'gamma': 0.9029511715707862}. Best is trial 32 with value: 0.09776743422997625.[0m
[32m[I 2025-02-02 23:40:36,691][0m Trial 40 finished with value: 0.37900346517562866 and parameters: {'observation_period_num': 126, 'train_rates': 0.9683192805278155, 'learning_rate': 0.0009236179526941118, 'batch_size': 153, 'step_size': 8, 'gamma': 0.8799418597052658}. Best is trial 32 with value: 0.09776743422997625.[0m
[32m[I 2025-02-02 23:41:14,298][0m Trial 41 finished with value: 0.11212701350450516 and parameters: {'observation_period_num': 167, 'train_rates': 0.9892732641840006, 'learning_rate': 5.996736697535609e-05, 'batch_size': 109, 'step_size': 15, 'gamma': 0.769230452205984}. Best is trial 32 with value: 0.09776743422997625.[0m
[32m[I 2025-02-02 23:41:53,597][0m Trial 42 finished with value: 0.1010424867272377 and parameters: {'observation_period_num': 185, 'train_rates': 0.988445522056555, 'learning_rate': 6.441135059841994e-05, 'batch_size': 101, 'step_size': 15, 'gamma': 0.7782618949228898}. Best is trial 32 with value: 0.09776743422997625.[0m
[32m[I 2025-02-02 23:42:35,366][0m Trial 43 finished with value: 0.3320000561905074 and parameters: {'observation_period_num': 148, 'train_rates': 0.9492169543053302, 'learning_rate': 2.9119407311638207e-05, 'batch_size': 92, 'step_size': 14, 'gamma': 0.951336561604359}. Best is trial 32 with value: 0.09776743422997625.[0m
[32m[I 2025-02-02 23:43:38,406][0m Trial 44 finished with value: 0.08786391466856003 and parameters: {'observation_period_num': 53, 'train_rates': 0.9897444139284903, 'learning_rate': 1.8334408738003524e-05, 'batch_size': 65, 'step_size': 15, 'gamma': 0.783084706566163}. Best is trial 44 with value: 0.08786391466856003.[0m
[32m[I 2025-02-02 23:44:39,844][0m Trial 45 finished with value: 0.5404400620609522 and parameters: {'observation_period_num': 46, 'train_rates': 0.9672566832567018, 'learning_rate': 7.3120521529151445e-06, 'batch_size': 63, 'step_size': 12, 'gamma': 0.8166821741856023}. Best is trial 44 with value: 0.08786391466856003.[0m
[32m[I 2025-02-02 23:46:23,871][0m Trial 46 finished with value: 0.24824696871890592 and parameters: {'observation_period_num': 52, 'train_rates': 0.9348404180903501, 'learning_rate': 1.6100201206320277e-05, 'batch_size': 34, 'step_size': 14, 'gamma': 0.7823579634309339}. Best is trial 44 with value: 0.08786391466856003.[0m
[32m[I 2025-02-02 23:47:29,398][0m Trial 47 finished with value: 0.1997785168681659 and parameters: {'observation_period_num': 18, 'train_rates': 0.9132021593203654, 'learning_rate': 1.758075335091469e-05, 'batch_size': 55, 'step_size': 13, 'gamma': 0.7929324919307622}. Best is trial 44 with value: 0.08786391466856003.[0m
[32m[I 2025-02-02 23:48:06,430][0m Trial 48 finished with value: 0.743097190645006 and parameters: {'observation_period_num': 98, 'train_rates': 0.6057984183192937, 'learning_rate': 2.9528509194993895e-06, 'batch_size': 74, 'step_size': 15, 'gamma': 0.8085842648896251}. Best is trial 44 with value: 0.08786391466856003.[0m
