[32m[I 2025-01-08 15:51:50,454][0m Trial 49 finished with value: 0.19813812451977883 and parameters: {'observation_period_num': 244, 'train_rates': 0.8980389380940514, 'learning_rate': 0.0002661302250702426, 'batch_size': 40, 'step_size': 14, 'gamma': 0.8513398328766114}. Best is trial 42 with value: 0.12178144785689145.[0m
最適ハイパーパラメータが見つかりました
最適ハイパーパラメータが best_hyperparameters_AAPL_Transformer(nomstl).json に保存されました
Epoch 1/300, Loss: 0.5663 | 0.5449
Epoch 2/300, Loss: 0.6211 | 0.5311
Epoch 3/300, Loss: 0.5544 | 0.5711
Epoch 4/300, Loss: 0.4765 | 0.4544
Epoch 5/300, Loss: 0.4921 | 0.5830
Epoch 6/300, Loss: 0.5980 | 0.6560
Epoch 7/300, Loss: 0.5456 | 0.4916
Epoch 8/300, Loss: 0.7149 | 0.6727
Epoch 9/300, Loss: 0.7065 | 0.6873
Epoch 10/300, Loss: 0.5562 | 0.5273
Epoch 11/300, Loss: 0.5309 | 0.5317
Epoch 12/300, Loss: 0.6204 | 0.4853
Epoch 13/300, Loss: 0.5419 | 0.4651
Epoch 14/300, Loss: 0.4415 | 0.4728
Epoch 15/300, Loss: 0.4078 | 0.3818
Epoch 16/300, Loss: 0.4914 | 0.5078
Epoch 17/300, Loss: 0.4585 | 0.5026
Epoch 18/300, Loss: 0.5458 | 0.5550
Epoch 19/300, Loss: 0.5092 | 0.4638
Epoch 20/300, Loss: 0.3853 | 0.4214
Epoch 21/300, Loss: 0.3641 | 0.4114
Epoch 22/300, Loss: 0.3222 | 0.3774
Epoch 23/300, Loss: 0.3144 | 0.3502
Epoch 24/300, Loss: 0.2903 | 0.3466
Epoch 25/300, Loss: 0.2882 | 0.3419
Epoch 26/300, Loss: 0.2694 | 0.3131
Epoch 27/300, Loss: 0.2935 | 0.3544
Epoch 28/300, Loss: 0.2764 | 0.2999
Epoch 29/300, Loss: 0.2992 | 0.3653
Epoch 30/300, Loss: 0.2749 | 0.2856
Epoch 31/300, Loss: 0.2686 | 0.3057
Epoch 32/300, Loss: 0.2312 | 0.2546
Epoch 33/300, Loss: 0.2258 | 0.2703
Epoch 34/300, Loss: 0.2137 | 0.2530
Epoch 35/300, Loss: 0.2109 | 0.2429
Epoch 36/300, Loss: 0.2080 | 0.2662
Epoch 37/300, Loss: 0.1943 | 0.2319
Epoch 38/300, Loss: 0.1932 | 0.2223
Epoch 39/300, Loss: 0.1917 | 0.2564
Epoch 40/300, Loss: 0.1816 | 0.2177
Epoch 41/300, Loss: 0.1812 | 0.2214
Epoch 42/300, Loss: 0.1842 | 0.2248
Epoch 43/300, Loss: 0.1763 | 0.2081
Epoch 44/300, Loss: 0.1765 | 0.2056
Epoch 45/300, Loss: 0.1800 | 0.2172
Epoch 46/300, Loss: 0.1841 | 0.2272
Epoch 47/300, Loss: 0.1916 | 0.2040
Epoch 48/300, Loss: 0.1929 | 0.2388
Epoch 49/300, Loss: 0.1921 | 0.1986
Epoch 50/300, Loss: 0.1817 | 0.1850
Epoch 51/300, Loss: 0.2202 | 0.2095
Epoch 52/300, Loss: 0.1952 | 0.1949
Epoch 53/300, Loss: 0.1794 | 0.1978
Epoch 54/300, Loss: 0.1626 | 0.1950
Epoch 55/300, Loss: 0.1546 | 0.1760
Epoch 56/300, Loss: 0.1506 | 0.1714
Epoch 57/300, Loss: 0.1438 | 0.1762
Epoch 58/300, Loss: 0.1414 | 0.1676
Epoch 59/300, Loss: 0.1398 | 0.1683
Epoch 60/300, Loss: 0.1414 | 0.1773
Epoch 61/300, Loss: 0.1411 | 0.1554
Epoch 62/300, Loss: 0.1353 | 0.1635
Epoch 63/300, Loss: 0.1352 | 0.1692
Epoch 64/300, Loss: 0.1350 | 0.1557
Epoch 65/300, Loss: 0.1363 | 0.1594
Epoch 66/300, Loss: 0.1485 | 0.1643
Epoch 67/300, Loss: 0.1446 | 0.1525
Epoch 68/300, Loss: 0.1400 | 0.1677
Epoch 69/300, Loss: 0.1313 | 0.1683
Epoch 70/300, Loss: 0.1304 | 0.1443
Epoch 71/300, Loss: 0.1310 | 0.1662
Epoch 72/300, Loss: 0.1320 | 0.1507
Epoch 73/300, Loss: 0.1262 | 0.1488
Epoch 74/300, Loss: 0.1255 | 0.1517
Epoch 75/300, Loss: 0.1214 | 0.1468
Epoch 76/300, Loss: 0.1201 | 0.1414
Epoch 77/300, Loss: 0.1206 | 0.1568
Epoch 78/300, Loss: 0.1205 | 0.1399
Epoch 79/300, Loss: 0.1204 | 0.1537
Epoch 80/300, Loss: 0.1248 | 0.1502
Epoch 81/300, Loss: 0.1242 | 0.1444
Epoch 82/300, Loss: 0.1190 | 0.1477
Epoch 83/300, Loss: 0.1146 | 0.1416
Epoch 84/300, Loss: 0.1126 | 0.1401
Epoch 85/300, Loss: 0.1146 | 0.1510
Epoch 86/300, Loss: 0.1190 | 0.1402
Epoch 87/300, Loss: 0.1208 | 0.1405
Epoch 88/300, Loss: 0.1226 | 0.1442
Epoch 89/300, Loss: 0.1169 | 0.1359
Epoch 90/300, Loss: 0.1139 | 0.1388
Epoch 91/300, Loss: 0.1142 | 0.1350
Epoch 92/300, Loss: 0.1136 | 0.1367
Epoch 93/300, Loss: 0.1122 | 0.1327
Epoch 94/300, Loss: 0.1109 | 0.1352
Epoch 95/300, Loss: 0.1070 | 0.1303
Epoch 96/300, Loss: 0.1055 | 0.1346
Epoch 97/300, Loss: 0.1032 | 0.1316
Epoch 98/300, Loss: 0.1010 | 0.1327
Epoch 99/300, Loss: 0.1000 | 0.1289
Epoch 100/300, Loss: 0.1001 | 0.1288
Epoch 101/300, Loss: 0.1008 | 0.1288
Epoch 102/300, Loss: 0.0993 | 0.1293
Epoch 103/300, Loss: 0.0992 | 0.1301
Epoch 104/300, Loss: 0.0986 | 0.1259
Epoch 105/300, Loss: 0.0982 | 0.1252
Epoch 106/300, Loss: 0.0968 | 0.1239
Epoch 107/300, Loss: 0.0947 | 0.1241
Epoch 108/300, Loss: 0.0941 | 0.1214
Epoch 109/300, Loss: 0.0940 | 0.1215
Epoch 110/300, Loss: 0.0938 | 0.1221
Epoch 111/300, Loss: 0.0934 | 0.1244
Epoch 112/300, Loss: 0.0929 | 0.1232
Epoch 113/300, Loss: 0.0913 | 0.1248
Epoch 114/300, Loss: 0.0921 | 0.1236
Epoch 115/300, Loss: 0.0900 | 0.1222
Epoch 116/300, Loss: 0.0921 | 0.1243
Epoch 117/300, Loss: 0.0916 | 0.1230
Epoch 118/300, Loss: 0.0907 | 0.1210
Epoch 119/300, Loss: 0.0885 | 0.1229
Epoch 120/300, Loss: 0.0882 | 0.1215
Epoch 121/300, Loss: 0.0886 | 0.1200
Epoch 122/300, Loss: 0.0873 | 0.1206
Epoch 123/300, Loss: 0.0862 | 0.1196
Epoch 124/300, Loss: 0.0875 | 0.1226
Epoch 125/300, Loss: 0.0868 | 0.1186
Epoch 126/300, Loss: 0.0869 | 0.1189
Epoch 127/300, Loss: 0.0857 | 0.1175
Epoch 128/300, Loss: 0.0851 | 0.1197
Epoch 129/300, Loss: 0.0857 | 0.1180
Epoch 130/300, Loss: 0.0863 | 0.1215
Epoch 131/300, Loss: 0.0860 | 0.1170
Epoch 132/300, Loss: 0.0853 | 0.1175
Epoch 133/300, Loss: 0.0850 | 0.1149
Epoch 134/300, Loss: 0.0839 | 0.1160
Epoch 135/300, Loss: 0.0829 | 0.1162
Epoch 136/300, Loss: 0.0831 | 0.1172
Epoch 137/300, Loss: 0.0827 | 0.1176
Epoch 138/300, Loss: 0.0822 | 0.1166
Epoch 139/300, Loss: 0.0819 | 0.1162
Epoch 140/300, Loss: 0.0806 | 0.1140
Epoch 141/300, Loss: 0.0828 | 0.1154
Epoch 142/300, Loss: 0.0820 | 0.1152
Epoch 143/300, Loss: 0.0811 | 0.1150
Epoch 144/300, Loss: 0.0812 | 0.1144
Epoch 145/300, Loss: 0.0809 | 0.1140
Epoch 146/300, Loss: 0.0817 | 0.1129
Epoch 147/300, Loss: 0.0801 | 0.1128
Epoch 148/300, Loss: 0.0799 | 0.1130
Epoch 149/300, Loss: 0.0797 | 0.1152
Epoch 150/300, Loss: 0.0795 | 0.1149
Epoch 151/300, Loss: 0.0793 | 0.1135
Epoch 152/300, Loss: 0.0793 | 0.1120
Epoch 153/300, Loss: 0.0777 | 0.1121
Epoch 154/300, Loss: 0.0781 | 0.1121
Epoch 155/300, Loss: 0.0781 | 0.1115
Epoch 156/300, Loss: 0.0774 | 0.1137
Epoch 157/300, Loss: 0.0771 | 0.1135
Epoch 158/300, Loss: 0.0777 | 0.1137
Epoch 159/300, Loss: 0.0777 | 0.1141
Epoch 160/300, Loss: 0.0781 | 0.1138
Epoch 161/300, Loss: 0.0768 | 0.1133
Epoch 162/300, Loss: 0.0761 | 0.1143
Epoch 163/300, Loss: 0.0774 | 0.1126
Epoch 164/300, Loss: 0.0765 | 0.1123
Epoch 165/300, Loss: 0.0776 | 0.1112
Epoch 166/300, Loss: 0.0755 | 0.1117
Epoch 167/300, Loss: 0.0754 | 0.1117
Epoch 168/300, Loss: 0.0765 | 0.1114
Epoch 169/300, Loss: 0.0760 | 0.1128
Epoch 170/300, Loss: 0.0763 | 0.1122
Epoch 171/300, Loss: 0.0756 | 0.1137
Epoch 172/300, Loss: 0.0754 | 0.1129
Epoch 173/300, Loss: 0.0749 | 0.1126
Epoch 174/300, Loss: 0.0750 | 0.1113
Epoch 175/300, Loss: 0.0751 | 0.1113
Epoch 176/300, Loss: 0.0752 | 0.1119
Epoch 177/300, Loss: 0.0744 | 0.1126
Epoch 178/300, Loss: 0.0743 | 0.1121
Epoch 179/300, Loss: 0.0746 | 0.1130
Epoch 180/300, Loss: 0.0745 | 0.1121
Epoch 181/300, Loss: 0.0741 | 0.1096
Epoch 182/300, Loss: 0.0751 | 0.1100
Epoch 183/300, Loss: 0.0741 | 0.1103
Epoch 184/300, Loss: 0.0746 | 0.1106
Epoch 185/300, Loss: 0.0745 | 0.1110
Epoch 186/300, Loss: 0.0740 | 0.1108
Epoch 187/300, Loss: 0.0734 | 0.1135
Epoch 188/300, Loss: 0.0743 | 0.1127
Epoch 189/300, Loss: 0.0739 | 0.1121
Epoch 190/300, Loss: 0.0730 | 0.1114
Epoch 191/300, Loss: 0.0728 | 0.1113
Epoch 192/300, Loss: 0.0731 | 0.1108
Epoch 193/300, Loss: 0.0726 | 0.1108
Epoch 194/300, Loss: 0.0730 | 0.1108
Epoch 195/300, Loss: 0.0729 | 0.1119
Epoch 196/300, Loss: 0.0732 | 0.1124
Epoch 197/300, Loss: 0.0727 | 0.1137
Epoch 198/300, Loss: 0.0735 | 0.1141
Epoch 199/300, Loss: 0.0733 | 0.1130
Epoch 200/300, Loss: 0.0727 | 0.1115
Epoch 201/300, Loss: 0.0726 | 0.1114
Epoch 202/300, Loss: 0.0726 | 0.1109
Epoch 203/300, Loss: 0.0720 | 0.1111
Epoch 204/300, Loss: 0.0721 | 0.1111
Epoch 205/300, Loss: 0.0722 | 0.1117
Epoch 206/300, Loss: 0.0723 | 0.1122
Epoch 207/300, Loss: 0.0720 | 0.1126
Epoch 208/300, Loss: 0.0723 | 0.1123
Epoch 209/300, Loss: 0.0721 | 0.1122
Epoch 210/300, Loss: 0.0719 | 0.1108
Epoch 211/300, Loss: 0.0718 | 0.1108
Epoch 212/300, Loss: 0.0714 | 0.1110
Epoch 213/300, Loss: 0.0726 | 0.1109
Epoch 214/300, Loss: 0.0725 | 0.1107
Epoch 215/300, Loss: 0.0719 | 0.1107
Epoch 216/300, Loss: 0.0722 | 0.1114
Epoch 217/300, Loss: 0.0717 | 0.1114
Epoch 218/300, Loss: 0.0714 | 0.1121
Epoch 219/300, Loss: 0.0717 | 0.1129
Epoch 220/300, Loss: 0.0715 | 0.1136
Epoch 221/300, Loss: 0.0717 | 0.1127
Epoch 222/300, Loss: 0.0713 | 0.1126
Epoch 223/300, Loss: 0.0714 | 0.1119
Epoch 224/300, Loss: 0.0714 | 0.1116
Epoch 225/300, Loss: 0.0712 | 0.1112
Epoch 226/300, Loss: 0.0712 | 0.1113
Epoch 227/300, Loss: 0.0714 | 0.1112
Epoch 228/300, Loss: 0.0714 | 0.1118
Epoch 229/300, Loss: 0.0710 | 0.1117
Epoch 230/300, Loss: 0.0721 | 0.1124
Epoch 231/300, Loss: 0.0707 | 0.1114
Epoch 232/300, Loss: 0.0724 | 0.1111
Epoch 233/300, Loss: 0.0710 | 0.1118
Epoch 234/300, Loss: 0.0711 | 0.1126
Epoch 235/300, Loss: 0.0700 | 0.1124
Epoch 236/300, Loss: 0.0711 | 0.1120
Epoch 237/300, Loss: 0.0705 | 0.1119
Epoch 238/300, Loss: 0.0708 | 0.1117
Epoch 239/300, Loss: 0.0708 | 0.1119
Epoch 240/300, Loss: 0.0704 | 0.1119
Epoch 241/300, Loss: 0.0723 | 0.1118
Epoch 242/300, Loss: 0.0710 | 0.1117
Epoch 243/300, Loss: 0.0703 | 0.1117
Epoch 244/300, Loss: 0.0711 | 0.1117
Epoch 245/300, Loss: 0.0706 | 0.1115
Epoch 246/300, Loss: 0.0712 | 0.1114
Epoch 247/300, Loss: 0.0705 | 0.1118
Epoch 248/300, Loss: 0.0708 | 0.1119
Epoch 249/300, Loss: 0.0704 | 0.1120
Epoch 250/300, Loss: 0.0695 | 0.1116
Epoch 251/300, Loss: 0.0705 | 0.1110
Epoch 252/300, Loss: 0.0710 | 0.1111
Epoch 253/300, Loss: 0.0712 | 0.1115
Epoch 254/300, Loss: 0.0705 | 0.1116
Epoch 255/300, Loss: 0.0704 | 0.1116
Epoch 256/300, Loss: 0.0710 | 0.1114
Epoch 257/300, Loss: 0.0704 | 0.1117
Epoch 258/300, Loss: 0.0700 | 0.1116
Epoch 259/300, Loss: 0.0706 | 0.1118
Epoch 260/300, Loss: 0.0703 | 0.1117
Epoch 261/300, Loss: 0.0696 | 0.1121
Epoch 262/300, Loss: 0.0703 | 0.1121
Epoch 263/300, Loss: 0.0706 | 0.1121
Epoch 264/300, Loss: 0.0694 | 0.1120
Epoch 265/300, Loss: 0.0703 | 0.1117
Epoch 266/300, Loss: 0.0699 | 0.1113
Epoch 267/300, Loss: 0.0693 | 0.1113
Epoch 268/300, Loss: 0.0698 | 0.1115
Epoch 269/300, Loss: 0.0701 | 0.1113
Epoch 270/300, Loss: 0.0707 | 0.1114
Epoch 271/300, Loss: 0.0698 | 0.1114
Epoch 272/300, Loss: 0.0702 | 0.1110
Epoch 273/300, Loss: 0.0701 | 0.1111
Epoch 274/300, Loss: 0.0701 | 0.1111
Epoch 275/300, Loss: 0.0697 | 0.1110
Epoch 276/300, Loss: 0.0710 | 0.1112
Epoch 277/300, Loss: 0.0700 | 0.1112
Epoch 278/300, Loss: 0.0700 | 0.1113
Epoch 279/300, Loss: 0.0703 | 0.1110
Epoch 280/300, Loss: 0.0693 | 0.1111
Epoch 281/300, Loss: 0.0698 | 0.1112
Epoch 282/300, Loss: 0.0698 | 0.1113
Epoch 283/300, Loss: 0.0696 | 0.1115
Epoch 284/300, Loss: 0.0697 | 0.1115
Epoch 285/300, Loss: 0.0700 | 0.1114
Epoch 286/300, Loss: 0.0699 | 0.1112
Epoch 287/300, Loss: 0.0700 | 0.1111
Epoch 288/300, Loss: 0.0702 | 0.1110
Epoch 289/300, Loss: 0.0691 | 0.1111
Epoch 290/300, Loss: 0.0698 | 0.1112
Epoch 291/300, Loss: 0.0699 | 0.1113
Epoch 292/300, Loss: 0.0701 | 0.1116
Epoch 293/300, Loss: 0.0697 | 0.1114
Epoch 294/300, Loss: 0.0703 | 0.1113
Epoch 295/300, Loss: 0.0695 | 0.1113
Epoch 296/300, Loss: 0.0698 | 0.1114
Epoch 297/300, Loss: 0.0697 | 0.1114
Epoch 298/300, Loss: 0.0695 | 0.1114
Epoch 299/300, Loss: 0.0696 | 0.1114
Epoch 300/300, Loss: 0.0697 | 0.1115
Runtime (seconds): 988.9348011016846
/home2/y2021/k2110261/.conda/envs/tensorflow/lib/python3.11/site-packages/sklearn/metrics/_regression.py:1266: UndefinedMetricWarning: R^2 score is not well-defined with less than two samples.
  warnings.warn(msg, UndefinedMetricWarning)
MSE: 180.64145867922343
RMSE: 13.440292358398438
MAE: 13.440292358398438
R-squared: nan
[238.7597]
