[32m[I 2025-01-08 12:24:59,117][0m A new study created in memory with name: no-name-b11aedde-9365-4766-94e1-55f2f377faab[0m
[32m[I 2025-01-08 12:28:59,454][0m Trial 0 finished with value: 0.7539545512455871 and parameters: {'observation_period_num': 200, 'train_rates': 0.6692112670313574, 'learning_rate': 0.00021803876942707196, 'batch_size': 133, 'step_size': 7, 'gamma': 0.902324030505982}. Best is trial 0 with value: 0.7539545512455871.[0m
[32m[I 2025-01-08 12:33:43,452][0m Trial 1 finished with value: 2.3073941174373833 and parameters: {'observation_period_num': 183, 'train_rates': 0.8002196791660794, 'learning_rate': 0.0009405568711662374, 'batch_size': 16, 'step_size': 13, 'gamma': 0.9063149084921543}. Best is trial 0 with value: 0.7539545512455871.[0m
[32m[I 2025-01-08 12:34:14,546][0m Trial 2 finished with value: 0.4073407562115254 and parameters: {'observation_period_num': 12, 'train_rates': 0.8949965403681776, 'learning_rate': 1.7609499425856946e-05, 'batch_size': 158, 'step_size': 4, 'gamma': 0.8552448917292004}. Best is trial 2 with value: 0.4073407562115254.[0m
[32m[I 2025-01-08 12:38:25,906][0m Trial 3 finished with value: 1.0013524761071075 and parameters: {'observation_period_num': 168, 'train_rates': 0.9474562602903607, 'learning_rate': 1.9398092814593863e-06, 'batch_size': 69, 'step_size': 8, 'gamma': 0.8043945259840352}. Best is trial 2 with value: 0.4073407562115254.[0m
[32m[I 2025-01-08 12:42:05,647][0m Trial 4 finished with value: 1.6201333865549528 and parameters: {'observation_period_num': 169, 'train_rates': 0.797333653246387, 'learning_rate': 2.146893581149832e-06, 'batch_size': 128, 'step_size': 5, 'gamma': 0.7879734531744478}. Best is trial 2 with value: 0.4073407562115254.[0m
[32m[I 2025-01-08 12:46:19,763][0m Trial 5 finished with value: 0.24926847219467163 and parameters: {'observation_period_num': 169, 'train_rates': 0.979915825362393, 'learning_rate': 4.9396391979875946e-05, 'batch_size': 92, 'step_size': 3, 'gamma': 0.8546091487526629}. Best is trial 5 with value: 0.24926847219467163.[0m
[32m[I 2025-01-08 12:47:58,204][0m Trial 6 finished with value: 0.3937072512469714 and parameters: {'observation_period_num': 10, 'train_rates': 0.8935993105033049, 'learning_rate': 4.934603359007297e-06, 'batch_size': 46, 'step_size': 10, 'gamma': 0.7728390400991462}. Best is trial 5 with value: 0.24926847219467163.[0m
[32m[I 2025-01-08 12:50:18,869][0m Trial 7 finished with value: 0.39891336765140295 and parameters: {'observation_period_num': 108, 'train_rates': 0.9108838760800834, 'learning_rate': 7.499698903451544e-06, 'batch_size': 254, 'step_size': 15, 'gamma': 0.9689269124656148}. Best is trial 5 with value: 0.24926847219467163.[0m
[32m[I 2025-01-08 12:56:32,523][0m Trial 8 finished with value: 0.1966453202989664 and parameters: {'observation_period_num': 246, 'train_rates': 0.9021892907844272, 'learning_rate': 0.00025944576830607476, 'batch_size': 231, 'step_size': 7, 'gamma': 0.785890809611205}. Best is trial 8 with value: 0.1966453202989664.[0m
[32m[I 2025-01-08 12:59:04,601][0m Trial 9 finished with value: 0.8118326333125783 and parameters: {'observation_period_num': 113, 'train_rates': 0.9207499013709013, 'learning_rate': 7.147263428416567e-06, 'batch_size': 146, 'step_size': 2, 'gamma': 0.894142454413484}. Best is trial 8 with value: 0.1966453202989664.[0m
[32m[I 2025-01-08 13:04:06,181][0m Trial 10 finished with value: 0.9435278394818306 and parameters: {'observation_period_num': 252, 'train_rates': 0.6327312894363596, 'learning_rate': 0.00011437080539135173, 'batch_size': 255, 'step_size': 11, 'gamma': 0.7504247660447273}. Best is trial 8 with value: 0.1966453202989664.[0m
Early stopping at epoch 72
[32m[I 2025-01-08 13:09:05,283][0m Trial 11 finished with value: 0.6107021570205688 and parameters: {'observation_period_num': 252, 'train_rates': 0.9837144006013375, 'learning_rate': 8.923510408538671e-05, 'batch_size': 210, 'step_size': 1, 'gamma': 0.838701311995947}. Best is trial 8 with value: 0.1966453202989664.[0m
[32m[I 2025-01-08 13:14:23,305][0m Trial 12 finished with value: 0.3802289308732366 and parameters: {'observation_period_num': 218, 'train_rates': 0.8527939607554134, 'learning_rate': 0.0005760510758858875, 'batch_size': 89, 'step_size': 5, 'gamma': 0.8209324070032725}. Best is trial 8 with value: 0.1966453202989664.[0m
[32m[I 2025-01-08 13:16:08,824][0m Trial 13 finished with value: 0.22648176550865173 and parameters: {'observation_period_num': 74, 'train_rates': 0.9886747382728427, 'learning_rate': 4.2889128913161886e-05, 'batch_size': 205, 'step_size': 3, 'gamma': 0.9719502888804552}. Best is trial 8 with value: 0.1966453202989664.[0m
[32m[I 2025-01-08 13:17:24,568][0m Trial 14 finished with value: 0.33782227834065753 and parameters: {'observation_period_num': 64, 'train_rates': 0.8404771706534665, 'learning_rate': 0.0003176984243804909, 'batch_size': 200, 'step_size': 7, 'gamma': 0.9634219446788893}. Best is trial 8 with value: 0.1966453202989664.[0m
[32m[I 2025-01-08 13:18:46,907][0m Trial 15 finished with value: 0.6770012792795714 and parameters: {'observation_period_num': 71, 'train_rates': 0.7181127918773645, 'learning_rate': 2.5162836112208488e-05, 'batch_size': 214, 'step_size': 10, 'gamma': 0.9369239181551426}. Best is trial 8 with value: 0.1966453202989664.[0m
[32m[I 2025-01-08 13:19:55,515][0m Trial 16 finished with value: 0.4908491174242202 and parameters: {'observation_period_num': 61, 'train_rates': 0.7527366770222119, 'learning_rate': 5.685230814092196e-05, 'batch_size': 187, 'step_size': 6, 'gamma': 0.9418202191101259}. Best is trial 8 with value: 0.1966453202989664.[0m
[32m[I 2025-01-08 13:22:57,077][0m Trial 17 finished with value: 0.2544451734751387 and parameters: {'observation_period_num': 136, 'train_rates': 0.8623071609143853, 'learning_rate': 0.00015248597747179394, 'batch_size': 228, 'step_size': 1, 'gamma': 0.9874396334325066}. Best is trial 8 with value: 0.1966453202989664.[0m
[32m[I 2025-01-08 13:24:52,044][0m Trial 18 finished with value: 0.2520781457424164 and parameters: {'observation_period_num': 85, 'train_rates': 0.9478756065334332, 'learning_rate': 0.0003562598354429137, 'batch_size': 172, 'step_size': 3, 'gamma': 0.8913817260491815}. Best is trial 8 with value: 0.1966453202989664.[0m
[32m[I 2025-01-08 13:25:40,220][0m Trial 19 finished with value: 0.5333632826805115 and parameters: {'observation_period_num': 33, 'train_rates': 0.9531322888785962, 'learning_rate': 1.4188278831559216e-05, 'batch_size': 231, 'step_size': 9, 'gamma': 0.8225598258246143}. Best is trial 8 with value: 0.1966453202989664.[0m
[32m[I 2025-01-08 13:29:04,467][0m Trial 20 finished with value: 0.2001698613166809 and parameters: {'observation_period_num': 138, 'train_rates': 0.9872562799248961, 'learning_rate': 4.636512670805667e-05, 'batch_size': 183, 'step_size': 12, 'gamma': 0.7515042896326962}. Best is trial 8 with value: 0.1966453202989664.[0m
[32m[I 2025-01-08 13:32:15,803][0m Trial 21 finished with value: 0.2327267825603485 and parameters: {'observation_period_num': 129, 'train_rates': 0.9889310671771029, 'learning_rate': 4.534194983992505e-05, 'batch_size': 181, 'step_size': 12, 'gamma': 0.7583651724562559}. Best is trial 8 with value: 0.1966453202989664.[0m
[32m[I 2025-01-08 13:37:50,903][0m Trial 22 finished with value: 0.250792920589447 and parameters: {'observation_period_num': 220, 'train_rates': 0.9303116838835854, 'learning_rate': 8.95258846835623e-05, 'batch_size': 220, 'step_size': 8, 'gamma': 0.7886032413012981}. Best is trial 8 with value: 0.1966453202989664.[0m
[32m[I 2025-01-08 13:38:41,617][0m Trial 23 finished with value: 0.29455017274425876 and parameters: {'observation_period_num': 38, 'train_rates': 0.884141224406234, 'learning_rate': 2.7422656437516116e-05, 'batch_size': 195, 'step_size': 14, 'gamma': 0.7818705332680904}. Best is trial 8 with value: 0.1966453202989664.[0m
[32m[I 2025-01-08 13:42:15,053][0m Trial 24 finished with value: 0.5033782124519348 and parameters: {'observation_period_num': 147, 'train_rates': 0.958498475904533, 'learning_rate': 1.2372218854966262e-05, 'batch_size': 240, 'step_size': 12, 'gamma': 0.8093398392058373}. Best is trial 8 with value: 0.1966453202989664.[0m
[32m[I 2025-01-08 13:44:12,144][0m Trial 25 finished with value: 0.36450713056686096 and parameters: {'observation_period_num': 96, 'train_rates': 0.8217854329445698, 'learning_rate': 0.00023627965632401008, 'batch_size': 167, 'step_size': 6, 'gamma': 0.7656288244424904}. Best is trial 8 with value: 0.1966453202989664.[0m
[32m[I 2025-01-08 13:50:15,346][0m Trial 26 finished with value: 0.16413764655590057 and parameters: {'observation_period_num': 228, 'train_rates': 0.9886326089383134, 'learning_rate': 6.303876770206525e-05, 'batch_size': 208, 'step_size': 9, 'gamma': 0.9274858204530991}. Best is trial 26 with value: 0.16413764655590057.[0m
[32m[I 2025-01-08 13:55:02,375][0m Trial 27 finished with value: 0.5235971901811234 and parameters: {'observation_period_num': 220, 'train_rates': 0.7520559191607191, 'learning_rate': 0.0001595583021980068, 'batch_size': 152, 'step_size': 10, 'gamma': 0.9212022745755104}. Best is trial 26 with value: 0.16413764655590057.[0m
[32m[I 2025-01-08 14:01:00,463][0m Trial 28 finished with value: 0.19864724781744333 and parameters: {'observation_period_num': 233, 'train_rates': 0.9285470698976421, 'learning_rate': 7.759624912123022e-05, 'batch_size': 115, 'step_size': 9, 'gamma': 0.8733142106170204}. Best is trial 26 with value: 0.16413764655590057.[0m
[32m[I 2025-01-08 14:06:50,112][0m Trial 29 finished with value: 0.24124685585324016 and parameters: {'observation_period_num': 234, 'train_rates': 0.8757098162312812, 'learning_rate': 0.0004706898983088306, 'batch_size': 125, 'step_size': 7, 'gamma': 0.8756618634274487}. Best is trial 26 with value: 0.16413764655590057.[0m
[32m[I 2025-01-08 14:11:39,960][0m Trial 30 finished with value: 0.17631837052683677 and parameters: {'observation_period_num': 194, 'train_rates': 0.9221010229091406, 'learning_rate': 0.00020192311800472135, 'batch_size': 105, 'step_size': 9, 'gamma': 0.8655530727865128}. Best is trial 26 with value: 0.16413764655590057.[0m
[32m[I 2025-01-08 14:16:39,925][0m Trial 31 finished with value: 0.18308052966292476 and parameters: {'observation_period_num': 198, 'train_rates': 0.9233482338789188, 'learning_rate': 0.0002086805021141228, 'batch_size': 109, 'step_size': 9, 'gamma': 0.8728960551632393}. Best is trial 26 with value: 0.16413764655590057.[0m
[32m[I 2025-01-08 14:21:37,291][0m Trial 32 finished with value: 0.16796037256717683 and parameters: {'observation_period_num': 201, 'train_rates': 0.9064464853403463, 'learning_rate': 0.00019917278313277853, 'batch_size': 104, 'step_size': 8, 'gamma': 0.9083865448371655}. Best is trial 26 with value: 0.16413764655590057.[0m
[32m[I 2025-01-08 14:26:09,312][0m Trial 33 finished with value: 0.917001553835013 and parameters: {'observation_period_num': 196, 'train_rates': 0.8317867022965502, 'learning_rate': 0.0009452739802213377, 'batch_size': 106, 'step_size': 9, 'gamma': 0.9120396047920192}. Best is trial 26 with value: 0.16413764655590057.[0m
[32m[I 2025-01-08 14:30:59,429][0m Trial 34 finished with value: 0.14347759012235414 and parameters: {'observation_period_num': 191, 'train_rates': 0.9609856244313472, 'learning_rate': 0.0001861014826460928, 'batch_size': 65, 'step_size': 8, 'gamma': 0.8561108937921063}. Best is trial 34 with value: 0.14347759012235414.[0m
[32m[I 2025-01-08 14:35:42,201][0m Trial 35 finished with value: 0.33622403598967054 and parameters: {'observation_period_num': 184, 'train_rates': 0.9624500304481266, 'learning_rate': 0.0005004591435997249, 'batch_size': 59, 'step_size': 8, 'gamma': 0.8527244259915533}. Best is trial 34 with value: 0.14347759012235414.[0m
[32m[I 2025-01-08 14:40:26,270][0m Trial 36 finished with value: 0.17921901951756394 and parameters: {'observation_period_num': 182, 'train_rates': 0.9388828694221553, 'learning_rate': 0.00014496338567900516, 'batch_size': 31, 'step_size': 11, 'gamma': 0.8880176392572645}. Best is trial 34 with value: 0.14347759012235414.[0m
[32m[I 2025-01-08 14:44:08,125][0m Trial 37 finished with value: 0.19623792055197534 and parameters: {'observation_period_num': 159, 'train_rates': 0.8773951440047306, 'learning_rate': 7.021202075669199e-05, 'batch_size': 79, 'step_size': 6, 'gamma': 0.9280219805745579}. Best is trial 34 with value: 0.14347759012235414.[0m
[32m[I 2025-01-08 14:49:37,501][0m Trial 38 finished with value: 0.17708902100199148 and parameters: {'observation_period_num': 210, 'train_rates': 0.9590121883401197, 'learning_rate': 0.00011919371027531127, 'batch_size': 67, 'step_size': 11, 'gamma': 0.9102457826948123}. Best is trial 34 with value: 0.14347759012235414.[0m
[32m[I 2025-01-08 14:54:09,229][0m Trial 39 finished with value: 1.1448105361425516 and parameters: {'observation_period_num': 186, 'train_rates': 0.9054477339427969, 'learning_rate': 1.0759755687813083e-06, 'batch_size': 97, 'step_size': 8, 'gamma': 0.8430217610178685}. Best is trial 34 with value: 0.14347759012235414.[0m
[32m[I 2025-01-08 14:58:07,420][0m Trial 40 finished with value: 0.5309947729110718 and parameters: {'observation_period_num': 161, 'train_rates': 0.9663967779315766, 'learning_rate': 0.0006542067813970281, 'batch_size': 140, 'step_size': 7, 'gamma': 0.9496580095576401}. Best is trial 34 with value: 0.14347759012235414.[0m
[32m[I 2025-01-08 15:03:32,312][0m Trial 41 finished with value: 0.14819516214701506 and parameters: {'observation_period_num': 207, 'train_rates': 0.9599737234989164, 'learning_rate': 0.00011489780575082661, 'batch_size': 58, 'step_size': 11, 'gamma': 0.9069217677073309}. Best is trial 34 with value: 0.14347759012235414.[0m
[32m[I 2025-01-08 15:09:04,602][0m Trial 42 finished with value: 0.12178144785689145 and parameters: {'observation_period_num': 207, 'train_rates': 0.9705531481432578, 'learning_rate': 0.0003207222775921938, 'batch_size': 46, 'step_size': 10, 'gamma': 0.902760848376891}. Best is trial 42 with value: 0.12178144785689145.[0m
[32m[I 2025-01-08 15:15:54,593][0m Trial 43 finished with value: 0.14057749423843163 and parameters: {'observation_period_num': 235, 'train_rates': 0.9718575684876994, 'learning_rate': 0.00036002238705391967, 'batch_size': 21, 'step_size': 13, 'gamma': 0.9002372885888145}. Best is trial 42 with value: 0.12178144785689145.[0m
[32m[I 2025-01-08 15:22:28,136][0m Trial 44 finished with value: 0.17195074126506463 and parameters: {'observation_period_num': 235, 'train_rates': 0.9718242178023404, 'learning_rate': 0.0004443206019835463, 'batch_size': 29, 'step_size': 13, 'gamma': 0.8954493896788849}. Best is trial 42 with value: 0.12178144785689145.[0m
[32m[I 2025-01-08 15:28:37,769][0m Trial 45 finished with value: 0.19579126462340354 and parameters: {'observation_period_num': 213, 'train_rates': 0.9422337565742535, 'learning_rate': 0.00010837587818120368, 'batch_size': 16, 'step_size': 15, 'gamma': 0.9216652597183279}. Best is trial 42 with value: 0.12178144785689145.[0m
[32m[I 2025-01-08 15:35:03,610][0m Trial 46 finished with value: 0.12423247933387756 and parameters: {'observation_period_num': 238, 'train_rates': 0.9726151191295003, 'learning_rate': 0.0003217588869801616, 'batch_size': 48, 'step_size': 13, 'gamma': 0.8840060055157585}. Best is trial 42 with value: 0.12178144785689145.[0m
[32m[I 2025-01-08 15:40:11,868][0m Trial 47 finished with value: 1.1382689360133047 and parameters: {'observation_period_num': 243, 'train_rates': 0.6591318123638046, 'learning_rate': 0.0003230795255538158, 'batch_size': 43, 'step_size': 13, 'gamma': 0.8997545495139634}. Best is trial 42 with value: 0.12178144785689145.[0m
[32m[I 2025-01-08 15:45:33,735][0m Trial 48 finished with value: 1.2770868661160955 and parameters: {'observation_period_num': 207, 'train_rates': 0.9398021781498603, 'learning_rate': 0.0007381631705628627, 'batch_size': 54, 'step_size': 14, 'gamma': 0.8872369824820605}. Best is trial 42 with value: 0.12178144785689145.[0m
