[32m[I 2025-02-04 12:11:07,003][0m A new study created in memory with name: no-name-f56816c1-ac6c-4f66-a83d-85815ec77167[0m
[32m[I 2025-02-04 12:11:55,537][0m Trial 0 finished with value: 0.4456129024571804 and parameters: {'observation_period_num': 252, 'train_rates': 0.6233877143493757, 'learning_rate': 7.876365930271655e-06, 'batch_size': 89, 'step_size': 11, 'gamma': 0.971201283602384}. Best is trial 0 with value: 0.4456129024571804.[0m
[32m[I 2025-02-04 12:14:51,670][0m Trial 1 finished with value: 0.03915097968918937 and parameters: {'observation_period_num': 14, 'train_rates': 0.9053398578425189, 'learning_rate': 2.8938529395886808e-05, 'batch_size': 32, 'step_size': 10, 'gamma': 0.8527881030585337}. Best is trial 1 with value: 0.03915097968918937.[0m
[32m[I 2025-02-04 12:15:18,564][0m Trial 2 finished with value: 0.22525466502257133 and parameters: {'observation_period_num': 197, 'train_rates': 0.6841150200534409, 'learning_rate': 0.00018678475120196107, 'batch_size': 187, 'step_size': 6, 'gamma': 0.7551931679903122}. Best is trial 1 with value: 0.03915097968918937.[0m
[32m[I 2025-02-04 12:16:41,691][0m Trial 3 finished with value: 0.19698291536300414 and parameters: {'observation_period_num': 154, 'train_rates': 0.7468413438608372, 'learning_rate': 9.994307070538411e-05, 'batch_size': 58, 'step_size': 14, 'gamma': 0.8777850477658564}. Best is trial 1 with value: 0.03915097968918937.[0m
[32m[I 2025-02-04 12:17:14,830][0m Trial 4 finished with value: 0.5450513958930969 and parameters: {'observation_period_num': 111, 'train_rates': 0.979214073359296, 'learning_rate': 1.911523645603611e-06, 'batch_size': 194, 'step_size': 10, 'gamma': 0.9320787759422378}. Best is trial 1 with value: 0.03915097968918937.[0m
[32m[I 2025-02-04 12:17:45,945][0m Trial 5 finished with value: 0.30328901975999084 and parameters: {'observation_period_num': 18, 'train_rates': 0.912901970984499, 'learning_rate': 6.028676964604618e-06, 'batch_size': 194, 'step_size': 11, 'gamma': 0.7794676349601988}. Best is trial 1 with value: 0.03915097968918937.[0m
[32m[I 2025-02-04 12:18:04,695][0m Trial 6 finished with value: 0.4921491907671691 and parameters: {'observation_period_num': 211, 'train_rates': 0.610743239674935, 'learning_rate': 1.0619976351483815e-05, 'batch_size': 244, 'step_size': 11, 'gamma': 0.7918206931169028}. Best is trial 1 with value: 0.03915097968918937.[0m
[32m[I 2025-02-04 12:18:29,369][0m Trial 7 finished with value: 1.3216341222824513 and parameters: {'observation_period_num': 233, 'train_rates': 0.7050676778346077, 'learning_rate': 5.230569447853199e-06, 'batch_size': 194, 'step_size': 2, 'gamma': 0.9009030395129495}. Best is trial 1 with value: 0.03915097968918937.[0m
[32m[I 2025-02-04 12:19:11,180][0m Trial 8 finished with value: 0.2343544065952301 and parameters: {'observation_period_num': 193, 'train_rates': 0.9746536198617954, 'learning_rate': 3.66337516174775e-05, 'batch_size': 146, 'step_size': 15, 'gamma': 0.8138913030558954}. Best is trial 1 with value: 0.03915097968918937.[0m
[32m[I 2025-02-04 12:20:09,082][0m Trial 9 finished with value: 0.29960243907763806 and parameters: {'observation_period_num': 159, 'train_rates': 0.7033325602481411, 'learning_rate': 9.176066392463999e-06, 'batch_size': 81, 'step_size': 15, 'gamma': 0.9520410174144806}. Best is trial 1 with value: 0.03915097968918937.[0m
[32m[I 2025-02-04 12:24:21,962][0m Trial 10 finished with value: 0.042420584936776466 and parameters: {'observation_period_num': 10, 'train_rates': 0.8428128113379172, 'learning_rate': 0.0009108665727786333, 'batch_size': 21, 'step_size': 6, 'gamma': 0.8357634444919088}. Best is trial 1 with value: 0.03915097968918937.[0m
[32m[I 2025-02-04 12:28:49,753][0m Trial 11 finished with value: 0.042887688589257164 and parameters: {'observation_period_num': 11, 'train_rates': 0.8500691744789141, 'learning_rate': 0.0007915531597916637, 'batch_size': 20, 'step_size': 6, 'gamma': 0.8375276572539501}. Best is trial 1 with value: 0.03915097968918937.[0m
[32m[I 2025-02-04 12:32:18,004][0m Trial 12 finished with value: 0.0794604979455471 and parameters: {'observation_period_num': 69, 'train_rates': 0.8347278985819696, 'learning_rate': 0.000985299195664221, 'batch_size': 25, 'step_size': 7, 'gamma': 0.8466802212486405}. Best is trial 1 with value: 0.03915097968918937.[0m
[32m[I 2025-02-04 12:33:56,916][0m Trial 13 finished with value: 0.0815171599818792 and parameters: {'observation_period_num': 59, 'train_rates': 0.8812200631077681, 'learning_rate': 4.112251718399156e-05, 'batch_size': 56, 'step_size': 3, 'gamma': 0.8849911054340888}. Best is trial 1 with value: 0.03915097968918937.[0m
[32m[I 2025-02-04 12:34:42,447][0m Trial 14 finished with value: 0.0663765014936326 and parameters: {'observation_period_num': 54, 'train_rates': 0.7962765943885195, 'learning_rate': 0.00019395236117089135, 'batch_size': 119, 'step_size': 4, 'gamma': 0.8486056602124527}. Best is trial 1 with value: 0.03915097968918937.[0m
[32m[I 2025-02-04 12:36:43,485][0m Trial 15 finished with value: 0.1060214057094879 and parameters: {'observation_period_num': 94, 'train_rates': 0.9228773902028388, 'learning_rate': 0.00035262999526527994, 'batch_size': 47, 'step_size': 9, 'gamma': 0.8115938499080999}. Best is trial 1 with value: 0.03915097968918937.[0m
[32m[I 2025-02-04 12:37:37,796][0m Trial 16 finished with value: 0.0863639014910479 and parameters: {'observation_period_num': 33, 'train_rates': 0.7924256989626212, 'learning_rate': 2.204938507167035e-05, 'batch_size': 100, 'step_size': 8, 'gamma': 0.914645733129453}. Best is trial 1 with value: 0.03915097968918937.[0m
[32m[I 2025-02-04 12:43:01,520][0m Trial 17 finished with value: 0.05927695246494335 and parameters: {'observation_period_num': 87, 'train_rates': 0.9204117242068286, 'learning_rate': 8.293316615280752e-05, 'batch_size': 17, 'step_size': 5, 'gamma': 0.8582255161367752}. Best is trial 1 with value: 0.03915097968918937.[0m
Early stopping at epoch 57
[32m[I 2025-02-04 12:43:22,988][0m Trial 18 finished with value: 2.5274820164271765 and parameters: {'observation_period_num': 40, 'train_rates': 0.8208769879683979, 'learning_rate': 1.192415476477755e-06, 'batch_size': 153, 'step_size': 1, 'gamma': 0.8303724162507766}. Best is trial 1 with value: 0.03915097968918937.[0m
[32m[I 2025-02-04 12:45:21,789][0m Trial 19 finished with value: 0.04751390678151008 and parameters: {'observation_period_num': 6, 'train_rates': 0.8843095446576535, 'learning_rate': 2.1850400316944042e-05, 'batch_size': 47, 'step_size': 13, 'gamma': 0.8710834750585095}. Best is trial 1 with value: 0.03915097968918937.[0m
[32m[I 2025-02-04 12:46:26,721][0m Trial 20 finished with value: 0.15193328755489938 and parameters: {'observation_period_num': 145, 'train_rates': 0.7623872115956786, 'learning_rate': 0.0003889827729513091, 'batch_size': 75, 'step_size': 8, 'gamma': 0.7919231034534904}. Best is trial 1 with value: 0.03915097968918937.[0m
[32m[I 2025-02-04 12:49:34,033][0m Trial 21 finished with value: 0.036044807789007066 and parameters: {'observation_period_num': 6, 'train_rates': 0.858585342451984, 'learning_rate': 0.000990982444082335, 'batch_size': 29, 'step_size': 6, 'gamma': 0.8303550937269978}. Best is trial 21 with value: 0.036044807789007066.[0m
[32m[I 2025-02-04 12:51:57,280][0m Trial 22 finished with value: 0.04373896041946948 and parameters: {'observation_period_num': 31, 'train_rates': 0.8670937287202355, 'learning_rate': 0.00047022195122785836, 'batch_size': 38, 'step_size': 5, 'gamma': 0.8165491398674529}. Best is trial 21 with value: 0.036044807789007066.[0m
[32m[I 2025-02-04 12:52:50,335][0m Trial 23 finished with value: 0.06029784367843108 and parameters: {'observation_period_num': 42, 'train_rates': 0.9438691080501052, 'learning_rate': 7.252834622821183e-05, 'batch_size': 112, 'step_size': 7, 'gamma': 0.891015966486481}. Best is trial 21 with value: 0.036044807789007066.[0m
[32m[I 2025-02-04 12:54:09,479][0m Trial 24 finished with value: 0.035731850712298285 and parameters: {'observation_period_num': 5, 'train_rates': 0.8105097016448234, 'learning_rate': 0.0002065078957929207, 'batch_size': 67, 'step_size': 9, 'gamma': 0.8641377783389969}. Best is trial 24 with value: 0.035731850712298285.[0m
[32m[I 2025-02-04 12:55:24,789][0m Trial 25 finished with value: 0.08411615731483194 and parameters: {'observation_period_num': 78, 'train_rates': 0.8036126773003992, 'learning_rate': 0.00018332289931207563, 'batch_size': 69, 'step_size': 9, 'gamma': 0.9170761857033835}. Best is trial 24 with value: 0.035731850712298285.[0m
[32m[I 2025-02-04 12:56:49,894][0m Trial 26 finished with value: 0.04636136248372375 and parameters: {'observation_period_num': 27, 'train_rates': 0.8942390204085355, 'learning_rate': 0.0001232490470720339, 'batch_size': 66, 'step_size': 12, 'gamma': 0.8564354840457069}. Best is trial 24 with value: 0.035731850712298285.[0m
[32m[I 2025-02-04 12:59:16,501][0m Trial 27 finished with value: 0.14080803663580252 and parameters: {'observation_period_num': 105, 'train_rates': 0.7702160340654156, 'learning_rate': 0.0002952593769489353, 'batch_size': 33, 'step_size': 9, 'gamma': 0.8661460778927678}. Best is trial 24 with value: 0.035731850712298285.[0m
[32m[I 2025-02-04 13:00:16,307][0m Trial 28 finished with value: 0.06861630344650889 and parameters: {'observation_period_num': 52, 'train_rates': 0.9489399305465215, 'learning_rate': 5.998875771667197e-05, 'batch_size': 99, 'step_size': 12, 'gamma': 0.8229238751574366}. Best is trial 24 with value: 0.035731850712298285.[0m
[32m[I 2025-02-04 13:01:23,536][0m Trial 29 finished with value: 0.05807133911006504 and parameters: {'observation_period_num': 20, 'train_rates': 0.8635804581035027, 'learning_rate': 1.8372878313372437e-05, 'batch_size': 83, 'step_size': 10, 'gamma': 0.9719998614870873}. Best is trial 24 with value: 0.035731850712298285.[0m
[32m[I 2025-02-04 13:03:10,623][0m Trial 30 finished with value: 0.25775941562059584 and parameters: {'observation_period_num': 120, 'train_rates': 0.6557851687437546, 'learning_rate': 0.0006460203675975381, 'batch_size': 41, 'step_size': 10, 'gamma': 0.7995651933929923}. Best is trial 24 with value: 0.035731850712298285.[0m
[32m[I 2025-02-04 13:08:23,544][0m Trial 31 finished with value: 0.04124712002576644 and parameters: {'observation_period_num': 5, 'train_rates': 0.8387781989582881, 'learning_rate': 0.000590026273365248, 'batch_size': 17, 'step_size': 7, 'gamma': 0.8379185654906242}. Best is trial 24 with value: 0.035731850712298285.[0m
[32m[I 2025-02-04 13:10:46,907][0m Trial 32 finished with value: 0.03611579571859302 and parameters: {'observation_period_num': 5, 'train_rates': 0.8195301666704524, 'learning_rate': 0.0006314081127112447, 'batch_size': 37, 'step_size': 7, 'gamma': 0.7723495214643689}. Best is trial 24 with value: 0.035731850712298285.[0m
[32m[I 2025-02-04 13:12:16,560][0m Trial 33 finished with value: 0.07417536973763905 and parameters: {'observation_period_num': 42, 'train_rates': 0.7312544337397919, 'learning_rate': 0.00023051396078138488, 'batch_size': 55, 'step_size': 5, 'gamma': 0.7798709251849493}. Best is trial 24 with value: 0.035731850712298285.[0m
[32m[I 2025-02-04 13:14:41,611][0m Trial 34 finished with value: 0.04754912690511679 and parameters: {'observation_period_num': 24, 'train_rates': 0.8118803952529221, 'learning_rate': 0.00011860253857090882, 'batch_size': 36, 'step_size': 8, 'gamma': 0.7687336699151675}. Best is trial 24 with value: 0.035731850712298285.[0m
[32m[I 2025-02-04 13:16:09,669][0m Trial 35 finished with value: 0.08131133822867503 and parameters: {'observation_period_num': 70, 'train_rates': 0.775856816907491, 'learning_rate': 0.0005785347073061332, 'batch_size': 57, 'step_size': 8, 'gamma': 0.7518469164469849}. Best is trial 24 with value: 0.035731850712298285.[0m
[32m[I 2025-02-04 13:16:42,513][0m Trial 36 finished with value: 0.06451888929042861 and parameters: {'observation_period_num': 21, 'train_rates': 0.7460442525476146, 'learning_rate': 0.00028026768124927255, 'batch_size': 166, 'step_size': 4, 'gamma': 0.8787899813985394}. Best is trial 24 with value: 0.035731850712298285.[0m
[32m[I 2025-02-04 13:17:46,318][0m Trial 37 finished with value: 0.04237753340841816 and parameters: {'observation_period_num': 5, 'train_rates': 0.8912648349899066, 'learning_rate': 0.00015708773344428622, 'batch_size': 93, 'step_size': 11, 'gamma': 0.7713394506083598}. Best is trial 24 with value: 0.035731850712298285.[0m
[32m[I 2025-02-04 13:18:30,657][0m Trial 38 finished with value: 0.4981776063436085 and parameters: {'observation_period_num': 49, 'train_rates': 0.8672012684224344, 'learning_rate': 2.9324776042858024e-06, 'batch_size': 129, 'step_size': 10, 'gamma': 0.8994226433739958}. Best is trial 24 with value: 0.035731850712298285.[0m
[32m[I 2025-02-04 13:18:56,313][0m Trial 39 finished with value: 0.10687001229067682 and parameters: {'observation_period_num': 33, 'train_rates': 0.8206783094705701, 'learning_rate': 4.8295121634064993e-05, 'batch_size': 225, 'step_size': 7, 'gamma': 0.8030679511908603}. Best is trial 24 with value: 0.035731850712298285.[0m
[32m[I 2025-02-04 13:20:18,876][0m Trial 40 finished with value: 0.10612789155805812 and parameters: {'observation_period_num': 180, 'train_rates': 0.9087285800806162, 'learning_rate': 0.0004103725994819812, 'batch_size': 66, 'step_size': 6, 'gamma': 0.8666914291067395}. Best is trial 24 with value: 0.035731850712298285.[0m
[32m[I 2025-02-04 13:23:16,863][0m Trial 41 finished with value: 0.04701077965505284 and parameters: {'observation_period_num': 6, 'train_rates': 0.8350849463738824, 'learning_rate': 0.000565140006741639, 'batch_size': 30, 'step_size': 7, 'gamma': 0.8406532666353298}. Best is trial 24 with value: 0.035731850712298285.[0m
[32m[I 2025-02-04 13:28:15,146][0m Trial 42 finished with value: 0.03944539511465687 and parameters: {'observation_period_num': 18, 'train_rates': 0.8575183675098309, 'learning_rate': 0.000750358280616499, 'batch_size': 18, 'step_size': 9, 'gamma': 0.8542005668986591}. Best is trial 24 with value: 0.035731850712298285.[0m
[32m[I 2025-02-04 13:30:23,824][0m Trial 43 finished with value: 0.03975291268790469 and parameters: {'observation_period_num': 19, 'train_rates': 0.8560715590068292, 'learning_rate': 0.0006282239330247928, 'batch_size': 43, 'step_size': 9, 'gamma': 0.9880806913085861}. Best is trial 24 with value: 0.035731850712298285.[0m
[32m[I 2025-02-04 13:33:31,780][0m Trial 44 finished with value: 0.04783988671260886 and parameters: {'observation_period_num': 17, 'train_rates': 0.78328604538194, 'learning_rate': 0.0009521070315614657, 'batch_size': 27, 'step_size': 12, 'gamma': 0.8232555188599828}. Best is trial 24 with value: 0.035731850712298285.[0m
[32m[I 2025-02-04 13:35:18,176][0m Trial 45 finished with value: 0.07357685562844078 and parameters: {'observation_period_num': 61, 'train_rates': 0.9587529028723457, 'learning_rate': 2.8086031791807405e-05, 'batch_size': 55, 'step_size': 11, 'gamma': 0.8509999047900538}. Best is trial 24 with value: 0.035731850712298285.[0m
[32m[I 2025-02-04 13:40:48,479][0m Trial 46 finished with value: 0.13315014574262832 and parameters: {'observation_period_num': 244, 'train_rates': 0.9341891520619676, 'learning_rate': 0.0007727780042662444, 'batch_size': 16, 'step_size': 9, 'gamma': 0.8588190436977146}. Best is trial 24 with value: 0.035731850712298285.[0m
[32m[I 2025-02-04 13:43:33,427][0m Trial 47 finished with value: 0.07889923447588736 and parameters: {'observation_period_num': 37, 'train_rates': 0.8230142851104134, 'learning_rate': 1.1206280516433333e-05, 'batch_size': 32, 'step_size': 8, 'gamma': 0.8803582857692692}. Best is trial 24 with value: 0.035731850712298285.[0m
[32m[I 2025-02-04 13:45:32,339][0m Trial 48 finished with value: 0.0352723169539656 and parameters: {'observation_period_num': 18, 'train_rates': 0.9052611444026128, 'learning_rate': 0.00027769733836875487, 'batch_size': 48, 'step_size': 10, 'gamma': 0.8953676232795548}. Best is trial 48 with value: 0.0352723169539656.[0m
