[32m[I 2025-02-04 13:47:25,839][0m Trial 49 finished with value: 0.07920697058846311 and parameters: {'observation_period_num': 48, 'train_rates': 0.9017214531978969, 'learning_rate': 0.000252334754765985, 'batch_size': 49, 'step_size': 11, 'gamma': 0.9260534511555972}. Best is trial 48 with value: 0.0352723169539656.[0m
最適ハイパーパラメータが見つかりました
最適なハイパーパラメータが best_hyperparameters_XOM_iTransformer_noMSTL.json に保存されました
Epoch 1/300, Loss: 0.2256 | 0.1710
Epoch 2/300, Loss: 0.1236 | 0.1025
Epoch 3/300, Loss: 0.1166 | 0.0860
Epoch 4/300, Loss: 0.1017 | 0.0793
Epoch 5/300, Loss: 0.0890 | 0.0728
Epoch 6/300, Loss: 0.0775 | 0.0696
Epoch 7/300, Loss: 0.0699 | 0.0637
Epoch 8/300, Loss: 0.0655 | 0.0615
Epoch 9/300, Loss: 0.0621 | 0.0595
Epoch 10/300, Loss: 0.0585 | 0.0572
Epoch 11/300, Loss: 0.0550 | 0.0558
Epoch 12/300, Loss: 0.0526 | 0.0540
Epoch 13/300, Loss: 0.0500 | 0.0508
Epoch 14/300, Loss: 0.0478 | 0.0482
Epoch 15/300, Loss: 0.0459 | 0.0465
Epoch 16/300, Loss: 0.0442 | 0.0457
Epoch 17/300, Loss: 0.0432 | 0.0446
Epoch 18/300, Loss: 0.0417 | 0.0435
Epoch 19/300, Loss: 0.0406 | 0.0429
Epoch 20/300, Loss: 0.0394 | 0.0455
Epoch 21/300, Loss: 0.0386 | 0.0445
Epoch 22/300, Loss: 0.0378 | 0.0420
Epoch 23/300, Loss: 0.0416 | 0.0420
Epoch 24/300, Loss: 0.0362 | 0.0483
Epoch 25/300, Loss: 0.0601 | 0.0856
Epoch 26/300, Loss: 0.0485 | 0.0441
Epoch 27/300, Loss: 0.0387 | 0.0473
Epoch 28/300, Loss: 0.0338 | 0.0381
Epoch 29/300, Loss: 0.0330 | 0.0386
Epoch 30/300, Loss: 0.0320 | 0.0369
Epoch 31/300, Loss: 0.0312 | 0.0366
Epoch 32/300, Loss: 0.0307 | 0.0363
Epoch 33/300, Loss: 0.0316 | 0.0410
Epoch 34/300, Loss: 0.0311 | 0.0370
Epoch 35/300, Loss: 0.0308 | 0.0362
Epoch 36/300, Loss: 0.0291 | 0.0346
Epoch 37/300, Loss: 0.0286 | 0.0341
Epoch 38/300, Loss: 0.0275 | 0.0336
Epoch 39/300, Loss: 0.0278 | 0.0345
Epoch 40/300, Loss: 0.0269 | 0.0336
Epoch 41/300, Loss: 0.0285 | 0.0363
Epoch 42/300, Loss: 0.0280 | 0.0347
Epoch 43/300, Loss: 0.0298 | 0.0331
Epoch 44/300, Loss: 0.0272 | 0.0333
Epoch 45/300, Loss: 0.0270 | 0.0324
Epoch 46/300, Loss: 0.0260 | 0.0328
Epoch 47/300, Loss: 0.0262 | 0.0323
Epoch 48/300, Loss: 0.0250 | 0.0327
Epoch 49/300, Loss: 0.0247 | 0.0319
Epoch 50/300, Loss: 0.0245 | 0.0329
Epoch 51/300, Loss: 0.0243 | 0.0329
Epoch 52/300, Loss: 0.0242 | 0.0334
Epoch 53/300, Loss: 0.0239 | 0.0336
Epoch 54/300, Loss: 0.0237 | 0.0348
Epoch 55/300, Loss: 0.0234 | 0.0353
Epoch 56/300, Loss: 0.0236 | 0.0341
Epoch 57/300, Loss: 0.0239 | 0.0362
Epoch 58/300, Loss: 0.0243 | 0.0367
Epoch 59/300, Loss: 0.0248 | 0.0371
Epoch 60/300, Loss: 0.0257 | 0.0375
Epoch 61/300, Loss: 0.0269 | 0.0363
Epoch 62/300, Loss: 0.0294 | 0.0410
Epoch 63/300, Loss: 0.0303 | 0.0353
Epoch 64/300, Loss: 0.0346 | 0.0530
Epoch 65/300, Loss: 0.0379 | 0.0372
Epoch 66/300, Loss: 0.0386 | 0.0873
Epoch 67/300, Loss: 0.0438 | 0.1113
Epoch 68/300, Loss: 0.0353 | 0.0915
Epoch 69/300, Loss: 0.0312 | 0.0513
Epoch 70/300, Loss: 0.0260 | 0.0368
Epoch 71/300, Loss: 0.0251 | 0.0353
Epoch 72/300, Loss: 0.0240 | 0.0338
Epoch 73/300, Loss: 0.0228 | 0.0331
Epoch 74/300, Loss: 0.0217 | 0.0323
Epoch 75/300, Loss: 0.0211 | 0.0321
Epoch 76/300, Loss: 0.0210 | 0.0319
Epoch 77/300, Loss: 0.0210 | 0.0319
Epoch 78/300, Loss: 0.0208 | 0.0318
Epoch 79/300, Loss: 0.0206 | 0.0318
Epoch 80/300, Loss: 0.0204 | 0.0317
Epoch 81/300, Loss: 0.0202 | 0.0317
Epoch 82/300, Loss: 0.0201 | 0.0318
Epoch 83/300, Loss: 0.0199 | 0.0318
Epoch 84/300, Loss: 0.0197 | 0.0319
Epoch 85/300, Loss: 0.0196 | 0.0320
Epoch 86/300, Loss: 0.0195 | 0.0322
Epoch 87/300, Loss: 0.0194 | 0.0323
Epoch 88/300, Loss: 0.0192 | 0.0324
Epoch 89/300, Loss: 0.0191 | 0.0325
Epoch 90/300, Loss: 0.0190 | 0.0325
Epoch 91/300, Loss: 0.0189 | 0.0325
Epoch 92/300, Loss: 0.0188 | 0.0325
Epoch 93/300, Loss: 0.0186 | 0.0325
Epoch 94/300, Loss: 0.0185 | 0.0325
Epoch 95/300, Loss: 0.0184 | 0.0325
Epoch 96/300, Loss: 0.0183 | 0.0324
Epoch 97/300, Loss: 0.0182 | 0.0324
Epoch 98/300, Loss: 0.0181 | 0.0323
Epoch 99/300, Loss: 0.0180 | 0.0323
Epoch 100/300, Loss: 0.0179 | 0.0323
Epoch 101/300, Loss: 0.0178 | 0.0322
Epoch 102/300, Loss: 0.0177 | 0.0322
Epoch 103/300, Loss: 0.0176 | 0.0322
Epoch 104/300, Loss: 0.0175 | 0.0322
Epoch 105/300, Loss: 0.0175 | 0.0322
Epoch 106/300, Loss: 0.0174 | 0.0321
Epoch 107/300, Loss: 0.0173 | 0.0322
Epoch 108/300, Loss: 0.0173 | 0.0322
Epoch 109/300, Loss: 0.0172 | 0.0322
Epoch 110/300, Loss: 0.0171 | 0.0323
Epoch 111/300, Loss: 0.0171 | 0.0322
Epoch 112/300, Loss: 0.0170 | 0.0323
Epoch 113/300, Loss: 0.0170 | 0.0323
Epoch 114/300, Loss: 0.0169 | 0.0324
Epoch 115/300, Loss: 0.0169 | 0.0324
Epoch 116/300, Loss: 0.0168 | 0.0324
Epoch 117/300, Loss: 0.0168 | 0.0324
Epoch 118/300, Loss: 0.0168 | 0.0324
Epoch 119/300, Loss: 0.0167 | 0.0325
Epoch 120/300, Loss: 0.0167 | 0.0325
Epoch 121/300, Loss: 0.0167 | 0.0325
Epoch 122/300, Loss: 0.0167 | 0.0325
Epoch 123/300, Loss: 0.0167 | 0.0325
Epoch 124/300, Loss: 0.0167 | 0.0325
Epoch 125/300, Loss: 0.0167 | 0.0325
Epoch 126/300, Loss: 0.0168 | 0.0324
Epoch 127/300, Loss: 0.0168 | 0.0324
Epoch 128/300, Loss: 0.0169 | 0.0325
Epoch 129/300, Loss: 0.0170 | 0.0326
Epoch 130/300, Loss: 0.0170 | 0.0326
Epoch 131/300, Loss: 0.0171 | 0.0326
Epoch 132/300, Loss: 0.0171 | 0.0328
Epoch 133/300, Loss: 0.0170 | 0.0331
Epoch 134/300, Loss: 0.0168 | 0.0332
Epoch 135/300, Loss: 0.0167 | 0.0334
Epoch 136/300, Loss: 0.0165 | 0.0335
Epoch 137/300, Loss: 0.0164 | 0.0333
Epoch 138/300, Loss: 0.0163 | 0.0331
Epoch 139/300, Loss: 0.0162 | 0.0328
Epoch 140/300, Loss: 0.0162 | 0.0326
Epoch 141/300, Loss: 0.0161 | 0.0324
Epoch 142/300, Loss: 0.0161 | 0.0322
Epoch 143/300, Loss: 0.0160 | 0.0321
Epoch 144/300, Loss: 0.0160 | 0.0321
Epoch 145/300, Loss: 0.0159 | 0.0321
Epoch 146/300, Loss: 0.0158 | 0.0320
Epoch 147/300, Loss: 0.0157 | 0.0320
Epoch 148/300, Loss: 0.0156 | 0.0320
Epoch 149/300, Loss: 0.0155 | 0.0320
Epoch 150/300, Loss: 0.0155 | 0.0321
Epoch 151/300, Loss: 0.0154 | 0.0320
Epoch 152/300, Loss: 0.0153 | 0.0321
Epoch 153/300, Loss: 0.0153 | 0.0321
Epoch 154/300, Loss: 0.0152 | 0.0321
Epoch 155/300, Loss: 0.0152 | 0.0322
Epoch 156/300, Loss: 0.0152 | 0.0321
Epoch 157/300, Loss: 0.0151 | 0.0321
Epoch 158/300, Loss: 0.0151 | 0.0322
Epoch 159/300, Loss: 0.0150 | 0.0322
Epoch 160/300, Loss: 0.0150 | 0.0322
Epoch 161/300, Loss: 0.0150 | 0.0322
Epoch 162/300, Loss: 0.0150 | 0.0322
Epoch 163/300, Loss: 0.0149 | 0.0322
Epoch 164/300, Loss: 0.0149 | 0.0323
Epoch 165/300, Loss: 0.0149 | 0.0323
Epoch 166/300, Loss: 0.0149 | 0.0323
Epoch 167/300, Loss: 0.0148 | 0.0323
Epoch 168/300, Loss: 0.0148 | 0.0323
Epoch 169/300, Loss: 0.0148 | 0.0323
Epoch 170/300, Loss: 0.0148 | 0.0323
Epoch 171/300, Loss: 0.0148 | 0.0323
Epoch 172/300, Loss: 0.0147 | 0.0323
Epoch 173/300, Loss: 0.0147 | 0.0324
Epoch 174/300, Loss: 0.0147 | 0.0324
Epoch 175/300, Loss: 0.0147 | 0.0324
Epoch 176/300, Loss: 0.0147 | 0.0324
Epoch 177/300, Loss: 0.0147 | 0.0324
Epoch 178/300, Loss: 0.0146 | 0.0325
Epoch 179/300, Loss: 0.0146 | 0.0325
Epoch 180/300, Loss: 0.0146 | 0.0325
Epoch 181/300, Loss: 0.0146 | 0.0325
Epoch 182/300, Loss: 0.0146 | 0.0325
Epoch 183/300, Loss: 0.0146 | 0.0325
Epoch 184/300, Loss: 0.0145 | 0.0325
Epoch 185/300, Loss: 0.0145 | 0.0325
Epoch 186/300, Loss: 0.0145 | 0.0325
Epoch 187/300, Loss: 0.0145 | 0.0326
Epoch 188/300, Loss: 0.0145 | 0.0326
Epoch 189/300, Loss: 0.0144 | 0.0326
Epoch 190/300, Loss: 0.0144 | 0.0326
Epoch 191/300, Loss: 0.0144 | 0.0326
Epoch 192/300, Loss: 0.0144 | 0.0326
Epoch 193/300, Loss: 0.0144 | 0.0326
Epoch 194/300, Loss: 0.0144 | 0.0326
Epoch 195/300, Loss: 0.0143 | 0.0326
Epoch 196/300, Loss: 0.0143 | 0.0326
Epoch 197/300, Loss: 0.0143 | 0.0326
Epoch 198/300, Loss: 0.0143 | 0.0326
Epoch 199/300, Loss: 0.0143 | 0.0327
Epoch 200/300, Loss: 0.0143 | 0.0327
Epoch 201/300, Loss: 0.0142 | 0.0327
Epoch 202/300, Loss: 0.0142 | 0.0327
Epoch 203/300, Loss: 0.0142 | 0.0327
Epoch 204/300, Loss: 0.0142 | 0.0327
Epoch 205/300, Loss: 0.0142 | 0.0327
Epoch 206/300, Loss: 0.0142 | 0.0327
Epoch 207/300, Loss: 0.0141 | 0.0327
Epoch 208/300, Loss: 0.0141 | 0.0327
Epoch 209/300, Loss: 0.0141 | 0.0327
Epoch 210/300, Loss: 0.0141 | 0.0327
Epoch 211/300, Loss: 0.0141 | 0.0327
Epoch 212/300, Loss: 0.0141 | 0.0327
Epoch 213/300, Loss: 0.0141 | 0.0328
Epoch 214/300, Loss: 0.0140 | 0.0328
Epoch 215/300, Loss: 0.0140 | 0.0328
Epoch 216/300, Loss: 0.0140 | 0.0328
Epoch 217/300, Loss: 0.0140 | 0.0328
Epoch 218/300, Loss: 0.0140 | 0.0328
Epoch 219/300, Loss: 0.0140 | 0.0328
Epoch 220/300, Loss: 0.0140 | 0.0328
Epoch 221/300, Loss: 0.0140 | 0.0328
Epoch 222/300, Loss: 0.0139 | 0.0328
Epoch 223/300, Loss: 0.0139 | 0.0328
Epoch 224/300, Loss: 0.0139 | 0.0328
Epoch 225/300, Loss: 0.0139 | 0.0328
Epoch 226/300, Loss: 0.0139 | 0.0328
Epoch 227/300, Loss: 0.0139 | 0.0328
Epoch 228/300, Loss: 0.0139 | 0.0328
Epoch 229/300, Loss: 0.0139 | 0.0328
Epoch 230/300, Loss: 0.0139 | 0.0328
Epoch 231/300, Loss: 0.0139 | 0.0328
Epoch 232/300, Loss: 0.0138 | 0.0329
Epoch 233/300, Loss: 0.0138 | 0.0329
Epoch 234/300, Loss: 0.0138 | 0.0329
Epoch 235/300, Loss: 0.0138 | 0.0329
Epoch 236/300, Loss: 0.0138 | 0.0329
Epoch 237/300, Loss: 0.0138 | 0.0329
Epoch 238/300, Loss: 0.0138 | 0.0329
Epoch 239/300, Loss: 0.0138 | 0.0329
Epoch 240/300, Loss: 0.0138 | 0.0329
Epoch 241/300, Loss: 0.0138 | 0.0329
Epoch 242/300, Loss: 0.0138 | 0.0329
Epoch 243/300, Loss: 0.0138 | 0.0329
Epoch 244/300, Loss: 0.0138 | 0.0329
Epoch 245/300, Loss: 0.0138 | 0.0329
Epoch 246/300, Loss: 0.0137 | 0.0329
Epoch 247/300, Loss: 0.0137 | 0.0329
Epoch 248/300, Loss: 0.0137 | 0.0329
Epoch 249/300, Loss: 0.0137 | 0.0329
Epoch 250/300, Loss: 0.0137 | 0.0329
Epoch 251/300, Loss: 0.0137 | 0.0329
Epoch 252/300, Loss: 0.0137 | 0.0329
Epoch 253/300, Loss: 0.0137 | 0.0329
Epoch 254/300, Loss: 0.0137 | 0.0329
Epoch 255/300, Loss: 0.0137 | 0.0329
Epoch 256/300, Loss: 0.0137 | 0.0329
Epoch 257/300, Loss: 0.0137 | 0.0329
Epoch 258/300, Loss: 0.0137 | 0.0329
Epoch 259/300, Loss: 0.0137 | 0.0329
Epoch 260/300, Loss: 0.0137 | 0.0329
Epoch 261/300, Loss: 0.0137 | 0.0329
Epoch 262/300, Loss: 0.0137 | 0.0329
Epoch 263/300, Loss: 0.0137 | 0.0329
Epoch 264/300, Loss: 0.0137 | 0.0329
Epoch 265/300, Loss: 0.0137 | 0.0329
Epoch 266/300, Loss: 0.0137 | 0.0329
Epoch 267/300, Loss: 0.0137 | 0.0329
Epoch 268/300, Loss: 0.0136 | 0.0329
Epoch 269/300, Loss: 0.0136 | 0.0329
Epoch 270/300, Loss: 0.0136 | 0.0329
Epoch 271/300, Loss: 0.0136 | 0.0329
Epoch 272/300, Loss: 0.0136 | 0.0329
Epoch 273/300, Loss: 0.0136 | 0.0329
Epoch 274/300, Loss: 0.0136 | 0.0330
Epoch 275/300, Loss: 0.0136 | 0.0330
Epoch 276/300, Loss: 0.0136 | 0.0330
Epoch 277/300, Loss: 0.0136 | 0.0330
Epoch 278/300, Loss: 0.0136 | 0.0330
Epoch 279/300, Loss: 0.0136 | 0.0330
Epoch 280/300, Loss: 0.0136 | 0.0330
Epoch 281/300, Loss: 0.0136 | 0.0330
Epoch 282/300, Loss: 0.0136 | 0.0330
Epoch 283/300, Loss: 0.0136 | 0.0330
Epoch 284/300, Loss: 0.0136 | 0.0330
Epoch 285/300, Loss: 0.0136 | 0.0330
Epoch 286/300, Loss: 0.0136 | 0.0330
Epoch 287/300, Loss: 0.0136 | 0.0330
Epoch 288/300, Loss: 0.0136 | 0.0330
Epoch 289/300, Loss: 0.0136 | 0.0330
Epoch 290/300, Loss: 0.0136 | 0.0330
Epoch 291/300, Loss: 0.0136 | 0.0330
Epoch 292/300, Loss: 0.0136 | 0.0330
Epoch 293/300, Loss: 0.0136 | 0.0330
Epoch 294/300, Loss: 0.0136 | 0.0330
Epoch 295/300, Loss: 0.0136 | 0.0330
Epoch 296/300, Loss: 0.0136 | 0.0330
Epoch 297/300, Loss: 0.0136 | 0.0330
Epoch 298/300, Loss: 0.0136 | 0.0330
Epoch 299/300, Loss: 0.0136 | 0.0330
Epoch 300/300, Loss: 0.0136 | 0.0330
Runtime (seconds): 353.15284490585327
/home2/y2021/k2110261/.conda/envs/tensorflow/lib/python3.11/site-packages/sklearn/metrics/_regression.py:1266: UndefinedMetricWarning: R^2 score is not well-defined with less than two samples.
  warnings.warn(msg, UndefinedMetricWarning)
MSE: 8.726670965610538
RMSE: 2.9540939331054688
MAE: 2.9540939331054688
R-squared: nan
[109.37409]
