[32m[I 2025-02-04 06:56:49,599][0m Trial 13 finished with value: 0.11000008705471243 and parameters: {'observation_period_num': 238, 'train_rates': 0.7164417384551965, 'learning_rate': 3.0880916335031456e-05, 'batch_size': 253, 'step_size': 9, 'gamma': 0.9842046975504705}. Best is trial 12 with value: 0.03606906905770302.[0m
[32m[I 2025-02-04 06:57:17,074][0m Trial 14 finished with value: 0.12153223156929016 and parameters: {'observation_period_num': 252, 'train_rates': 0.9387891643061841, 'learning_rate': 1.5023686286513944e-05, 'batch_size': 205, 'step_size': 6, 'gamma': 0.9508325500559495}. Best is trial 12 with value: 0.03606906905770302.[0m
[32m[I 2025-02-04 06:57:41,817][0m Trial 15 finished with value: 0.06495945731347258 and parameters: {'observation_period_num': 215, 'train_rates': 0.8314977165248609, 'learning_rate': 5.974811949504494e-05, 'batch_size': 210, 'step_size': 11, 'gamma': 0.952313143256145}. Best is trial 12 with value: 0.03606906905770302.[0m
[32m[I 2025-02-04 06:58:10,048][0m Trial 16 finished with value: 0.04179620370268822 and parameters: {'observation_period_num': 101, 'train_rates': 0.9405707060425408, 'learning_rate': 0.0007458460155061093, 'batch_size': 219, 'step_size': 7, 'gamma': 0.8012344836942061}. Best is trial 12 with value: 0.03606906905770302.[0m
[32m[I 2025-02-04 06:58:37,276][0m Trial 17 finished with value: 0.04859921708703041 and parameters: {'observation_period_num': 105, 'train_rates': 0.936330231718697, 'learning_rate': 0.000943683997558056, 'batch_size': 213, 'step_size': 7, 'gamma': 0.8031602978105371}. Best is trial 12 with value: 0.03606906905770302.[0m
[32m[I 2025-02-04 06:59:21,904][0m Trial 18 finished with value: 0.02680965376995414 and parameters: {'observation_period_num': 70, 'train_rates': 0.8561392604867021, 'learning_rate': 0.0003558661304485524, 'batch_size': 118, 'step_size': 4, 'gamma': 0.803146979037497}. Best is trial 18 with value: 0.02680965376995414.[0m
[32m[I 2025-02-04 07:00:06,328][0m Trial 19 finished with value: 0.028054069223407224 and parameters: {'observation_period_num': 51, 'train_rates': 0.7505877982954834, 'learning_rate': 0.00037780494538740354, 'batch_size': 112, 'step_size': 4, 'gamma': 0.756835018385934}. Best is trial 18 with value: 0.02680965376995414.[0m
[32m[I 2025-02-04 07:00:49,454][0m Trial 20 finished with value: 0.044792642498431706 and parameters: {'observation_period_num': 66, 'train_rates': 0.7590593405011854, 'learning_rate': 0.00033592169428063855, 'batch_size': 115, 'step_size': 4, 'gamma': 0.7522173321879723}. Best is trial 18 with value: 0.02680965376995414.[0m
[32m[I 2025-02-04 07:01:29,726][0m Trial 21 finished with value: 0.038569474679488736 and parameters: {'observation_period_num': 55, 'train_rates': 0.695808948035686, 'learning_rate': 0.0002897170833566992, 'batch_size': 117, 'step_size': 4, 'gamma': 0.7833485850016135}. Best is trial 18 with value: 0.02680965376995414.[0m
[32m[I 2025-02-04 07:02:28,686][0m Trial 22 finished with value: 0.025992018156754438 and parameters: {'observation_period_num': 85, 'train_rates': 0.8599647761929508, 'learning_rate': 0.0001389792318737425, 'batch_size': 90, 'step_size': 4, 'gamma': 0.817681755931317}. Best is trial 22 with value: 0.025992018156754438.[0m
[32m[I 2025-02-04 07:03:35,094][0m Trial 23 finished with value: 0.03527160532968609 and parameters: {'observation_period_num': 71, 'train_rates': 0.8418614137328907, 'learning_rate': 0.00016026304778163643, 'batch_size': 79, 'step_size': 4, 'gamma': 0.8160981659839646}. Best is trial 22 with value: 0.025992018156754438.[0m
[32m[I 2025-02-04 07:04:12,839][0m Trial 24 finished with value: 0.059043129088114134 and parameters: {'observation_period_num': 38, 'train_rates': 0.7632496909117461, 'learning_rate': 0.0004716753782417015, 'batch_size': 89, 'step_size': 1, 'gamma': 0.7756036099732356}. Best is trial 22 with value: 0.025992018156754438.[0m
[32m[I 2025-02-04 07:04:57,469][0m Trial 25 finished with value: 0.032016536202824235 and parameters: {'observation_period_num': 90, 'train_rates': 0.8562073225649987, 'learning_rate': 0.00020147472200770662, 'batch_size': 119, 'step_size': 5, 'gamma': 0.8258751745924646}. Best is trial 22 with value: 0.025992018156754438.[0m
[32m[I 2025-02-04 07:05:36,605][0m Trial 26 finished with value: 0.047061679287905084 and parameters: {'observation_period_num': 33, 'train_rates': 0.787197451691084, 'learning_rate': 0.00010120733602317665, 'batch_size': 131, 'step_size': 3, 'gamma': 0.7814201540297594}. Best is trial 22 with value: 0.025992018156754438.[0m
[32m[I 2025-02-04 07:06:02,002][0m Trial 27 finished with value: 0.042186324642286666 and parameters: {'observation_period_num': 82, 'train_rates': 0.6871602126398033, 'learning_rate': 0.0004187658813346677, 'batch_size': 183, 'step_size': 5, 'gamma': 0.8003503366535892}. Best is trial 22 with value: 0.025992018156754438.[0m
[32m[I 2025-02-04 07:07:10,487][0m Trial 28 finished with value: 0.0745447421765053 and parameters: {'observation_period_num': 129, 'train_rates': 0.8923569126792583, 'learning_rate': 0.00010177111797296303, 'batch_size': 51, 'step_size': 1, 'gamma': 0.7679274228622601}. Best is trial 22 with value: 0.025992018156754438.[0m
[32m[I 2025-02-04 07:08:08,574][0m Trial 29 finished with value: 0.011819439675615455 and parameters: {'observation_period_num': 30, 'train_rates': 0.9122962337144321, 'learning_rate': 0.0006037402849783471, 'batch_size': 98, 'step_size': 3, 'gamma': 0.7540825133607317}. Best is trial 29 with value: 0.011819439675615455.[0m
[32m[I 2025-02-04 07:09:08,420][0m Trial 30 finished with value: 0.012325640686674777 and parameters: {'observation_period_num': 23, 'train_rates': 0.9098516105190786, 'learning_rate': 0.0006694427184722617, 'batch_size': 95, 'step_size': 2, 'gamma': 0.8206293227001438}. Best is trial 29 with value: 0.011819439675615455.[0m
[32m[I 2025-02-04 07:13:56,693][0m Trial 31 finished with value: 0.01079823793952528 and parameters: {'observation_period_num': 22, 'train_rates': 0.9126737119436816, 'learning_rate': 0.0007752422041091239, 'batch_size': 19, 'step_size': 2, 'gamma': 0.8195755993657827}. Best is trial 31 with value: 0.01079823793952528.[0m
[32m[I 2025-02-04 07:19:38,738][0m Trial 32 finished with value: 0.010827938654956005 and parameters: {'observation_period_num': 24, 'train_rates': 0.9111254632750292, 'learning_rate': 0.0009493574227012652, 'batch_size': 16, 'step_size': 2, 'gamma': 0.8239703265774988}. Best is trial 31 with value: 0.01079823793952528.[0m
[32m[I 2025-02-04 07:25:22,660][0m Trial 33 finished with value: 0.010550346449164189 and parameters: {'observation_period_num': 22, 'train_rates': 0.9136090038396502, 'learning_rate': 0.0006858715453229554, 'batch_size': 16, 'step_size': 2, 'gamma': 0.8408958696319105}. Best is trial 33 with value: 0.010550346449164189.[0m
[32m[I 2025-02-04 07:31:03,093][0m Trial 34 finished with value: 0.010349878559717661 and parameters: {'observation_period_num': 22, 'train_rates': 0.910468244942995, 'learning_rate': 0.0009852370903490762, 'batch_size': 16, 'step_size': 1, 'gamma': 0.9000280368269719}. Best is trial 34 with value: 0.010349878559717661.[0m
[32m[I 2025-02-04 07:35:39,293][0m Trial 35 finished with value: 0.010696501386769879 and parameters: {'observation_period_num': 13, 'train_rates': 0.9138151627014997, 'learning_rate': 0.0009808829503160246, 'batch_size': 20, 'step_size': 1, 'gamma': 0.8968589322132049}. Best is trial 34 with value: 0.010349878559717661.[0m
[32m[I 2025-02-04 07:38:22,128][0m Trial 36 finished with value: 0.011248058923736735 and parameters: {'observation_period_num': 12, 'train_rates': 0.8831916238277475, 'learning_rate': 0.00022449343699594982, 'batch_size': 33, 'step_size': 1, 'gamma': 0.9062074627280825}. Best is trial 34 with value: 0.010349878559717661.[0m
[32m[I 2025-02-04 07:43:25,328][0m Trial 37 finished with value: 0.010509611363312951 and parameters: {'observation_period_num': 8, 'train_rates': 0.9623326710204648, 'learning_rate': 0.0009335645186187889, 'batch_size': 17, 'step_size': 1, 'gamma': 0.8856927168976035}. Best is trial 34 with value: 0.010349878559717661.[0m
[32m[I 2025-02-04 07:45:16,577][0m Trial 38 finished with value: 0.010522580025312693 and parameters: {'observation_period_num': 5, 'train_rates': 0.9612280449120205, 'learning_rate': 0.0005290898196221852, 'batch_size': 47, 'step_size': 1, 'gamma': 0.8937095806048877}. Best is trial 34 with value: 0.010349878559717661.[0m
[32m[I 2025-02-04 07:47:02,592][0m Trial 39 finished with value: 0.010346201037907081 and parameters: {'observation_period_num': 8, 'train_rates': 0.9609308567385221, 'learning_rate': 0.0006084953601071661, 'batch_size': 47, 'step_size': 3, 'gamma': 0.8832599773681633}. Best is trial 39 with value: 0.010346201037907081.[0m
[32m[I 2025-02-04 07:48:56,051][0m Trial 40 finished with value: 0.010483365010367621 and parameters: {'observation_period_num': 8, 'train_rates': 0.9632626329653661, 'learning_rate': 0.000518994576726325, 'batch_size': 49, 'step_size': 3, 'gamma': 0.883082206345945}. Best is trial 39 with value: 0.010346201037907081.[0m
[32m[I 2025-02-04 07:51:02,530][0m Trial 41 finished with value: 0.010515522067274513 and parameters: {'observation_period_num': 8, 'train_rates': 0.9607891537690119, 'learning_rate': 0.0005524642451825747, 'batch_size': 46, 'step_size': 3, 'gamma': 0.8831374484643937}. Best is trial 39 with value: 0.010346201037907081.[0m
[32m[I 2025-02-04 07:52:38,505][0m Trial 42 finished with value: 0.011150643719654334 and parameters: {'observation_period_num': 43, 'train_rates': 0.9610328626974558, 'learning_rate': 0.00048784258380092546, 'batch_size': 60, 'step_size': 3, 'gamma': 0.8827578259656561}. Best is trial 39 with value: 0.010346201037907081.[0m
[32m[I 2025-02-04 07:55:03,116][0m Trial 43 finished with value: 0.010132885538041592 and parameters: {'observation_period_num': 12, 'train_rates': 0.9594195459476527, 'learning_rate': 0.0002527621913827004, 'batch_size': 40, 'step_size': 3, 'gamma': 0.862313599242916}. Best is trial 43 with value: 0.010132885538041592.[0m
[32m[I 2025-02-04 07:57:37,855][0m Trial 44 finished with value: 0.012154265253159862 and parameters: {'observation_period_num': 43, 'train_rates': 0.9643402839263259, 'learning_rate': 0.0002467614619097069, 'batch_size': 37, 'step_size': 3, 'gamma': 0.8624787377916822}. Best is trial 43 with value: 0.010132885538041592.[0m
[32m[I 2025-02-04 07:59:10,357][0m Trial 45 finished with value: 0.011411257012817212 and parameters: {'observation_period_num': 5, 'train_rates': 0.9412963144267693, 'learning_rate': 0.00030317585756219734, 'batch_size': 62, 'step_size': 5, 'gamma': 0.9199763066580658}. Best is trial 43 with value: 0.010132885538041592.[0m
[32m[I 2025-02-04 08:00:27,722][0m Trial 46 finished with value: 0.24622549924505763 and parameters: {'observation_period_num': 56, 'train_rates': 0.971651973419049, 'learning_rate': 4.154943875470052e-06, 'batch_size': 75, 'step_size': 2, 'gamma': 0.8527361322352834}. Best is trial 43 with value: 0.010132885538041592.[0m
[32m[I 2025-02-04 08:03:35,488][0m Trial 47 finished with value: 0.012602833444597545 and parameters: {'observation_period_num': 32, 'train_rates': 0.9445123860195965, 'learning_rate': 1.6116555099088158e-05, 'batch_size': 30, 'step_size': 6, 'gamma': 0.9189846296495576}. Best is trial 43 with value: 0.010132885538041592.[0m
[32m[I 2025-02-04 08:05:16,601][0m Trial 48 finished with value: 0.1386860398382976 and parameters: {'observation_period_num': 18, 'train_rates': 0.9310042068079674, 'learning_rate': 1.0936976553036893e-06, 'batch_size': 56, 'step_size': 1, 'gamma': 0.869524760803185}. Best is trial 43 with value: 0.010132885538041592.[0m
[32m[I 2025-02-04 08:08:27,723][0m Trial 49 finished with value: 0.013037671774756874 and parameters: {'observation_period_num': 41, 'train_rates': 0.8828945903612467, 'learning_rate': 0.00019292897519510377, 'batch_size': 28, 'step_size': 3, 'gamma': 0.8824206705475165}. Best is trial 43 with value: 0.010132885538041592.[0m
[108.1967]
[0.33273828]
[1.7386748]
[0.5205633]
[6.244677]
[1.5421169]
/home2/y2021/k2110261/.conda/envs/tensorflow/lib/python3.11/site-packages/sklearn/metrics/_regression.py:1266: UndefinedMetricWarning: R^2 score is not well-defined with less than two samples.
  warnings.warn(msg, UndefinedMetricWarning)
MSE: 1.9447174072265625
RMSE: 1.39453125
MAE: 1.39453125
R-squared: nan
[118.57547]
