[32m[I 2025-02-04 00:41:12,441][0m A new study created in memory with name: no-name-a427587e-2cdc-4e05-be11-4ffdac6ba6e5[0m
[32m[I 2025-02-04 00:41:35,235][0m Trial 0 finished with value: 1.8668965057552798 and parameters: {'observation_period_num': 144, 'train_rates': 0.7279907903345779, 'learning_rate': 0.00018215720020877942, 'batch_size': 224, 'step_size': 4, 'gamma': 0.9778517133535247}. Best is trial 0 with value: 1.8668965057552798.[0m
[32m[I 2025-02-04 00:42:15,834][0m Trial 1 finished with value: 0.9865011391711647 and parameters: {'observation_period_num': 194, 'train_rates': 0.831893463652192, 'learning_rate': 7.549467244896689e-06, 'batch_size': 126, 'step_size': 3, 'gamma': 0.9160814442968845}. Best is trial 1 with value: 0.9865011391711647.[0m
[32m[I 2025-02-04 00:42:50,036][0m Trial 2 finished with value: 2.085525931525806 and parameters: {'observation_period_num': 161, 'train_rates': 0.7327815373995878, 'learning_rate': 5.582341694029518e-06, 'batch_size': 142, 'step_size': 13, 'gamma': 0.771863574911732}. Best is trial 1 with value: 0.9865011391711647.[0m
[32m[I 2025-02-04 00:43:22,324][0m Trial 3 finished with value: 0.6744221933817459 and parameters: {'observation_period_num': 24, 'train_rates': 0.9194484981716626, 'learning_rate': 1.779861134491479e-05, 'batch_size': 184, 'step_size': 6, 'gamma': 0.8095205199701851}. Best is trial 3 with value: 0.6744221933817459.[0m
[32m[I 2025-02-04 00:43:52,205][0m Trial 4 finished with value: 3.742916888445783 and parameters: {'observation_period_num': 173, 'train_rates': 0.678586502951308, 'learning_rate': 1.4816761992544814e-05, 'batch_size': 154, 'step_size': 6, 'gamma': 0.9697396057099859}. Best is trial 3 with value: 0.6744221933817459.[0m
[32m[I 2025-02-04 00:44:14,513][0m Trial 5 finished with value: 0.6763836556884844 and parameters: {'observation_period_num': 165, 'train_rates': 0.858599795624853, 'learning_rate': 4.6668226839413424e-05, 'batch_size': 252, 'step_size': 9, 'gamma': 0.8142807554701293}. Best is trial 3 with value: 0.6744221933817459.[0m
[32m[I 2025-02-04 00:44:37,248][0m Trial 6 finished with value: 1.190134007962789 and parameters: {'observation_period_num': 190, 'train_rates': 0.8115924343479813, 'learning_rate': 0.000846070952918717, 'batch_size': 228, 'step_size': 3, 'gamma': 0.8024614528426159}. Best is trial 3 with value: 0.6744221933817459.[0m
[32m[I 2025-02-04 00:45:06,755][0m Trial 7 finished with value: 1.4895479679107666 and parameters: {'observation_period_num': 53, 'train_rates': 0.9457805754728144, 'learning_rate': 1.238758996751338e-06, 'batch_size': 207, 'step_size': 12, 'gamma': 0.8830093651079307}. Best is trial 3 with value: 0.6744221933817459.[0m
[32m[I 2025-02-04 00:46:03,664][0m Trial 8 finished with value: 1.296161998964781 and parameters: {'observation_period_num': 79, 'train_rates': 0.7611424753885665, 'learning_rate': 1.5313006910045914e-05, 'batch_size': 86, 'step_size': 7, 'gamma': 0.9493023770790485}. Best is trial 3 with value: 0.6744221933817459.[0m
[32m[I 2025-02-04 00:46:47,723][0m Trial 9 finished with value: 0.9775989717907376 and parameters: {'observation_period_num': 126, 'train_rates': 0.9238370640471422, 'learning_rate': 1.893568016010649e-05, 'batch_size': 128, 'step_size': 4, 'gamma': 0.7551600498004467}. Best is trial 3 with value: 0.6744221933817459.[0m
[32m[I 2025-02-04 00:51:06,106][0m Trial 10 finished with value: 1.220582909591229 and parameters: {'observation_period_num': 5, 'train_rates': 0.6024787286110788, 'learning_rate': 8.747532095745048e-05, 'batch_size': 16, 'step_size': 10, 'gamma': 0.8616467678324189}. Best is trial 3 with value: 0.6744221933817459.[0m
[32m[I 2025-02-04 00:51:34,061][0m Trial 11 finished with value: 0.26178446113157416 and parameters: {'observation_period_num': 241, 'train_rates': 0.8786658194229267, 'learning_rate': 0.00010795873026320392, 'batch_size': 193, 'step_size': 9, 'gamma': 0.8208337422820096}. Best is trial 11 with value: 0.26178446113157416.[0m
[32m[I 2025-02-04 00:52:03,772][0m Trial 12 finished with value: 0.2520640036680653 and parameters: {'observation_period_num': 220, 'train_rates': 0.8843594634544724, 'learning_rate': 0.00018974238278174395, 'batch_size': 181, 'step_size': 15, 'gamma': 0.8359344582834303}. Best is trial 12 with value: 0.2520640036680653.[0m
[32m[I 2025-02-04 00:52:34,361][0m Trial 13 finished with value: 0.3134234550760415 and parameters: {'observation_period_num': 247, 'train_rates': 0.8598373945865707, 'learning_rate': 0.0003486396930691097, 'batch_size': 176, 'step_size': 15, 'gamma': 0.8509811190341854}. Best is trial 12 with value: 0.2520640036680653.[0m
[32m[I 2025-02-04 00:53:36,525][0m Trial 14 finished with value: 0.04885426163673401 and parameters: {'observation_period_num': 249, 'train_rates': 0.9883974897765997, 'learning_rate': 0.00013929145002278156, 'batch_size': 91, 'step_size': 15, 'gamma': 0.8406742646457322}. Best is trial 14 with value: 0.04885426163673401.[0m
[32m[I 2025-02-04 00:54:46,319][0m Trial 15 finished with value: 0.45792495998842964 and parameters: {'observation_period_num': 218, 'train_rates': 0.9684318108469441, 'learning_rate': 0.0004668620452809589, 'batch_size': 78, 'step_size': 15, 'gamma': 0.8992882123290035}. Best is trial 14 with value: 0.04885426163673401.[0m
[32m[I 2025-02-04 00:55:43,854][0m Trial 16 finished with value: 0.12400343269109726 and parameters: {'observation_period_num': 215, 'train_rates': 0.9825440318286102, 'learning_rate': 0.0002231587506348611, 'batch_size': 96, 'step_size': 12, 'gamma': 0.839326312696373}. Best is trial 14 with value: 0.04885426163673401.[0m
[32m[I 2025-02-04 00:57:13,459][0m Trial 17 finished with value: 1.4989901083271677 and parameters: {'observation_period_num': 107, 'train_rates': 0.9714272720560025, 'learning_rate': 0.0009950244714200345, 'batch_size': 63, 'step_size': 12, 'gamma': 0.7790012064433559}. Best is trial 14 with value: 0.04885426163673401.[0m
[32m[I 2025-02-04 00:59:19,156][0m Trial 18 finished with value: 0.00970310065895319 and parameters: {'observation_period_num': 213, 'train_rates': 0.9834390211533393, 'learning_rate': 4.790058434593848e-05, 'batch_size': 44, 'step_size': 13, 'gamma': 0.923368499978955}. Best is trial 18 with value: 0.00970310065895319.[0m
[32m[I 2025-02-04 01:01:51,090][0m Trial 19 finished with value: 0.0020215408440670485 and parameters: {'observation_period_num': 249, 'train_rates': 0.9220904909068222, 'learning_rate': 6.17257169190405e-05, 'batch_size': 34, 'step_size': 13, 'gamma': 0.9290264727369055}. Best is trial 19 with value: 0.0020215408440670485.[0m
[32m[I 2025-02-04 01:05:04,500][0m Trial 20 finished with value: 0.007911598256430506 and parameters: {'observation_period_num': 205, 'train_rates': 0.9189866894761871, 'learning_rate': 7.238938295229547e-05, 'batch_size': 27, 'step_size': 13, 'gamma': 0.9312801715287921}. Best is trial 19 with value: 0.0020215408440670485.[0m
[32m[I 2025-02-04 01:10:07,909][0m Trial 21 finished with value: 0.07787563609458206 and parameters: {'observation_period_num': 196, 'train_rates': 0.9104589364190824, 'learning_rate': 4.656370849262113e-05, 'batch_size': 17, 'step_size': 13, 'gamma': 0.9425305485386613}. Best is trial 19 with value: 0.0020215408440670485.[0m
[32m[I 2025-02-04 01:12:08,942][0m Trial 22 finished with value: 0.12295695936538764 and parameters: {'observation_period_num': 228, 'train_rates': 0.9382760414245671, 'learning_rate': 6.543846601063079e-05, 'batch_size': 44, 'step_size': 11, 'gamma': 0.9268227109058447}. Best is trial 19 with value: 0.0020215408440670485.[0m
[32m[I 2025-02-04 01:14:03,458][0m Trial 23 finished with value: 0.1952678259196026 and parameters: {'observation_period_num': 203, 'train_rates': 0.8983568047316347, 'learning_rate': 3.546279082958737e-05, 'batch_size': 45, 'step_size': 13, 'gamma': 0.8886983034967301}. Best is trial 19 with value: 0.0020215408440670485.[0m
[32m[I 2025-02-04 01:16:11,892][0m Trial 24 finished with value: 0.04188496676152167 and parameters: {'observation_period_num': 237, 'train_rates': 0.9493548958455434, 'learning_rate': 2.80226272442067e-05, 'batch_size': 41, 'step_size': 10, 'gamma': 0.9143037276275018}. Best is trial 19 with value: 0.0020215408440670485.[0m
[32m[I 2025-02-04 01:18:45,452][0m Trial 25 finished with value: 0.9090935344351603 and parameters: {'observation_period_num': 174, 'train_rates': 0.8408292203794994, 'learning_rate': 7.5286122035986385e-06, 'batch_size': 32, 'step_size': 1, 'gamma': 0.9561772668047682}. Best is trial 19 with value: 0.0020215408440670485.[0m
[32m[I 2025-02-04 01:20:14,417][0m Trial 26 finished with value: 0.2752432346343994 and parameters: {'observation_period_num': 143, 'train_rates': 0.9448214383838868, 'learning_rate': 6.878231977725984e-05, 'batch_size': 62, 'step_size': 14, 'gamma': 0.9323945935896097}. Best is trial 19 with value: 0.0020215408440670485.[0m
[32m[I 2025-02-04 01:21:29,900][0m Trial 27 finished with value: 0.7260679085309236 and parameters: {'observation_period_num': 208, 'train_rates': 0.7829142969185234, 'learning_rate': 3.068669285941292e-05, 'batch_size': 63, 'step_size': 11, 'gamma': 0.899802545675544}. Best is trial 19 with value: 0.0020215408440670485.[0m
[32m[I 2025-02-04 01:24:17,877][0m Trial 28 finished with value: 0.28227776360321555 and parameters: {'observation_period_num': 252, 'train_rates': 0.8958192614689209, 'learning_rate': 4.020890421719165e-06, 'batch_size': 30, 'step_size': 14, 'gamma': 0.964964617150478}. Best is trial 19 with value: 0.0020215408440670485.[0m
[32m[I 2025-02-04 01:24:59,426][0m Trial 29 finished with value: 2.395530182072569 and parameters: {'observation_period_num': 135, 'train_rates': 0.6735400550362219, 'learning_rate': 0.00027438187604879446, 'batch_size': 109, 'step_size': 11, 'gamma': 0.9754603934838655}. Best is trial 19 with value: 0.0020215408440670485.[0m
[32m[I 2025-02-04 01:26:12,080][0m Trial 30 finished with value: 0.6793768040989334 and parameters: {'observation_period_num': 183, 'train_rates': 0.807386098353784, 'learning_rate': 0.00013796600680545794, 'batch_size': 67, 'step_size': 8, 'gamma': 0.9835911252395175}. Best is trial 19 with value: 0.0020215408440670485.[0m
[32m[I 2025-02-04 01:28:58,727][0m Trial 31 finished with value: 0.0009049727555830032 and parameters: {'observation_period_num': 228, 'train_rates': 0.9544143666008575, 'learning_rate': 2.3308170370712422e-05, 'batch_size': 32, 'step_size': 10, 'gamma': 0.9172432456816861}. Best is trial 31 with value: 0.0009049727555830032.[0m
[32m[I 2025-02-04 01:30:42,326][0m Trial 32 finished with value: 0.09223515022060146 and parameters: {'observation_period_num': 230, 'train_rates': 0.9661973215962997, 'learning_rate': 5.52255004943907e-05, 'batch_size': 52, 'step_size': 14, 'gamma': 0.9159234905983312}. Best is trial 31 with value: 0.0009049727555830032.[0m
[32m[I 2025-02-04 01:34:19,487][0m Trial 33 finished with value: 0.003930246760306097 and parameters: {'observation_period_num': 207, 'train_rates': 0.9248927099179987, 'learning_rate': 2.5236161418089307e-05, 'batch_size': 24, 'step_size': 13, 'gamma': 0.931517147818819}. Best is trial 31 with value: 0.0009049727555830032.[0m
[32m[I 2025-02-04 01:37:40,007][0m Trial 34 finished with value: 0.022448311435679595 and parameters: {'observation_period_num': 230, 'train_rates': 0.9284676497022156, 'learning_rate': 1.0398608443384735e-05, 'batch_size': 26, 'step_size': 12, 'gamma': 0.9393546271079587}. Best is trial 31 with value: 0.0009049727555830032.[0m
[32m[I 2025-02-04 01:40:28,518][0m Trial 35 finished with value: 0.49984634641644565 and parameters: {'observation_period_num': 198, 'train_rates': 0.8751522206298032, 'learning_rate': 3.7981681782696427e-06, 'batch_size': 30, 'step_size': 10, 'gamma': 0.9057287640524437}. Best is trial 31 with value: 0.0009049727555830032.[0m
[32m[I 2025-02-04 01:41:15,702][0m Trial 36 finished with value: 0.5388797185402405 and parameters: {'observation_period_num': 154, 'train_rates': 0.8395479625217235, 'learning_rate': 2.877244021638386e-05, 'batch_size': 110, 'step_size': 13, 'gamma': 0.8819675034307763}. Best is trial 31 with value: 0.0009049727555830032.[0m
[32m[I 2025-02-04 01:42:24,235][0m Trial 37 finished with value: 0.27517882032228297 and parameters: {'observation_period_num': 188, 'train_rates': 0.9119512565706664, 'learning_rate': 2.0093755741582527e-05, 'batch_size': 78, 'step_size': 9, 'gamma': 0.9561953283967656}. Best is trial 31 with value: 0.0009049727555830032.[0m
[32m[I 2025-02-04 01:43:03,711][0m Trial 38 finished with value: 0.4741610884666443 and parameters: {'observation_period_num': 167, 'train_rates': 0.957518262494096, 'learning_rate': 9.054620439894524e-06, 'batch_size': 147, 'step_size': 14, 'gamma': 0.8727216502094797}. Best is trial 31 with value: 0.0009049727555830032.[0m
[32m[I 2025-02-04 01:44:40,395][0m Trial 39 finished with value: 0.4608778907215507 and parameters: {'observation_period_num': 117, 'train_rates': 0.8568487842026731, 'learning_rate': 8.533978326178607e-05, 'batch_size': 53, 'step_size': 8, 'gamma': 0.9308034651612346}. Best is trial 31 with value: 0.0009049727555830032.[0m
[32m[I 2025-02-04 01:48:42,338][0m Trial 40 finished with value: 4.254395949013559 and parameters: {'observation_period_num': 177, 'train_rates': 0.7126409505039397, 'learning_rate': 1.4894829874557187e-05, 'batch_size': 18, 'step_size': 6, 'gamma': 0.9872672289226846}. Best is trial 31 with value: 0.0009049727555830032.[0m
[32m[I 2025-02-04 01:51:08,385][0m Trial 41 finished with value: 0.09291005949489772 and parameters: {'observation_period_num': 213, 'train_rates': 0.9300918895270951, 'learning_rate': 4.058417292898869e-05, 'batch_size': 36, 'step_size': 12, 'gamma': 0.9209439853191237}. Best is trial 31 with value: 0.0009049727555830032.[0m
[32m[I 2025-02-04 01:52:56,349][0m Trial 42 finished with value: 0.2732506990432739 and parameters: {'observation_period_num': 229, 'train_rates': 0.9852584162277399, 'learning_rate': 5.453710985886272e-05, 'batch_size': 51, 'step_size': 13, 'gamma': 0.9440449283135061}. Best is trial 31 with value: 0.0009049727555830032.[0m
[32m[I 2025-02-04 01:56:07,169][0m Trial 43 finished with value: 0.003168820908915502 and parameters: {'observation_period_num': 237, 'train_rates': 0.9090469472851601, 'learning_rate': 2.2232172673747554e-05, 'batch_size': 27, 'step_size': 11, 'gamma': 0.9095541265436183}. Best is trial 31 with value: 0.0009049727555830032.[0m
[32m[I 2025-02-04 01:59:35,127][0m Trial 44 finished with value: 0.008375665316966627 and parameters: {'observation_period_num': 242, 'train_rates': 0.8989458568406641, 'learning_rate': 2.354159454306097e-05, 'batch_size': 24, 'step_size': 11, 'gamma': 0.9067095095071713}. Best is trial 31 with value: 0.0009049727555830032.[0m
[32m[I 2025-02-04 02:02:13,524][0m Trial 45 finished with value: 0.1814754996684533 and parameters: {'observation_period_num': 88, 'train_rates': 0.9172721370235638, 'learning_rate': 1.2234222241972547e-05, 'batch_size': 34, 'step_size': 10, 'gamma': 0.8909648150591271}. Best is trial 31 with value: 0.0009049727555830032.[0m
[32m[I 2025-02-04 02:03:20,955][0m Trial 46 finished with value: 0.31784576200174564 and parameters: {'observation_period_num': 226, 'train_rates': 0.8791741848220568, 'learning_rate': 0.00011225377114448748, 'batch_size': 76, 'step_size': 9, 'gamma': 0.9620926832740211}. Best is trial 31 with value: 0.0009049727555830032.[0m
[32m[I 2025-02-04 02:06:59,716][0m Trial 47 finished with value: 0.050554697530983135 and parameters: {'observation_period_num': 238, 'train_rates': 0.9495290194240137, 'learning_rate': 6.5543954757357575e-06, 'batch_size': 24, 'step_size': 11, 'gamma': 0.9369090635770365}. Best is trial 31 with value: 0.0009049727555830032.[0m
[32m[I 2025-02-04 02:07:34,351][0m Trial 48 finished with value: 0.5959131041252582 and parameters: {'observation_period_num': 54, 'train_rates': 0.8646589477977221, 'learning_rate': 2.1661411545370544e-05, 'batch_size': 163, 'step_size': 12, 'gamma': 0.869545649543367}. Best is trial 31 with value: 0.0009049727555830032.[0m
[32m[I 2025-02-04 02:09:02,210][0m Trial 49 finished with value: 1.6431488894401713 and parameters: {'observation_period_num': 205, 'train_rates': 0.829158749052697, 'learning_rate': 1.2133346945171921e-06, 'batch_size': 56, 'step_size': 7, 'gamma': 0.9503384068807357}. Best is trial 31 with value: 0.0009049727555830032.[0m
[32m[I 2025-02-04 02:09:02,216][0m A new study created in memory with name: no-name-9d7b7a03-53f7-484a-b105-a29027a0458a[0m
[32m[I 2025-02-04 02:10:01,384][0m Trial 0 finished with value: 0.02717246970192331 and parameters: {'observation_period_num': 18, 'train_rates': 0.8128984808606438, 'learning_rate': 6.658644781528852e-05, 'batch_size': 90, 'step_size': 15, 'gamma': 0.8866924829350503}. Best is trial 0 with value: 0.02717246970192331.[0m
[32m[I 2025-02-04 02:10:30,648][0m Trial 1 finished with value: 0.019143320746402178 and parameters: {'observation_period_num': 149, 'train_rates': 0.72402525765192, 'learning_rate': 0.0006399576887113506, 'batch_size': 166, 'step_size': 6, 'gamma': 0.8734156232113114}. Best is trial 1 with value: 0.019143320746402178.[0m
[32m[I 2025-02-04 02:10:53,021][0m Trial 2 finished with value: 0.023319442426004717 and parameters: {'observation_period_num': 120, 'train_rates': 0.8138628685969576, 'learning_rate': 0.00048399732402539805, 'batch_size': 255, 'step_size': 4, 'gamma': 0.7686388685163025}. Best is trial 1 with value: 0.019143320746402178.[0m
[32m[I 2025-02-04 02:11:29,878][0m Trial 3 finished with value: 0.009679950658061535 and parameters: {'observation_period_num': 207, 'train_rates': 0.8330320980744415, 'learning_rate': 0.0006422361223901228, 'batch_size': 142, 'step_size': 6, 'gamma': 0.8029452356198102}. Best is trial 3 with value: 0.009679950658061535.[0m
[32m[I 2025-02-04 02:11:52,593][0m Trial 4 finished with value: 0.44624880558491464 and parameters: {'observation_period_num': 30, 'train_rates': 0.7699250791040522, 'learning_rate': 7.645054486159285e-06, 'batch_size': 232, 'step_size': 2, 'gamma': 0.8599513022165327}. Best is trial 3 with value: 0.009679950658061535.[0m
[32m[I 2025-02-04 02:12:27,056][0m Trial 5 finished with value: 0.11166816541573178 and parameters: {'observation_period_num': 49, 'train_rates': 0.6517278278455514, 'learning_rate': 4.137665583725169e-05, 'batch_size': 131, 'step_size': 9, 'gamma': 0.8888099493264967}. Best is trial 3 with value: 0.009679950658061535.[0m
[32m[I 2025-02-04 02:13:10,672][0m Trial 6 finished with value: 0.07707494633590303 and parameters: {'observation_period_num': 203, 'train_rates': 0.821132041225161, 'learning_rate': 2.400001070369675e-05, 'batch_size': 114, 'step_size': 4, 'gamma': 0.8627564423116993}. Best is trial 3 with value: 0.009679950658061535.[0m
[32m[I 2025-02-04 02:14:21,955][0m Trial 7 finished with value: 0.06688385496803578 and parameters: {'observation_period_num': 113, 'train_rates': 0.9476906670935719, 'learning_rate': 5.376653121551049e-05, 'batch_size': 79, 'step_size': 2, 'gamma': 0.840029198133426}. Best is trial 3 with value: 0.009679950658061535.[0m
[32m[I 2025-02-04 02:15:08,928][0m Trial 8 finished with value: 0.02875426250344289 and parameters: {'observation_period_num': 249, 'train_rates': 0.7461249854424075, 'learning_rate': 0.00010487467776043633, 'batch_size': 97, 'step_size': 9, 'gamma': 0.8244622457461421}. Best is trial 3 with value: 0.009679950658061535.[0m
[32m[I 2025-02-04 02:15:31,828][0m Trial 9 finished with value: 0.5087249087144251 and parameters: {'observation_period_num': 41, 'train_rates': 0.7492437621478335, 'learning_rate': 4.407802600299553e-06, 'batch_size': 230, 'step_size': 12, 'gamma': 0.860498398731003}. Best is trial 3 with value: 0.009679950658061535.[0m
[32m[I 2025-02-04 02:20:39,419][0m Trial 10 finished with value: 0.007456335335016428 and parameters: {'observation_period_num': 187, 'train_rates': 0.9240632230510935, 'learning_rate': 0.0002910740542480542, 'batch_size': 17, 'step_size': 7, 'gamma': 0.988356530865265}. Best is trial 10 with value: 0.007456335335016428.[0m
[32m[I 2025-02-04 02:26:05,390][0m Trial 11 finished with value: 0.0012827726739208 and parameters: {'observation_period_num': 190, 'train_rates': 0.9247715734939217, 'learning_rate': 0.000262459967276421, 'batch_size': 16, 'step_size': 7, 'gamma': 0.9819394696060381}. Best is trial 11 with value: 0.0012827726739208.[0m
[32m[I 2025-02-04 02:31:45,588][0m Trial 12 finished with value: 0.0013323561122108782 and parameters: {'observation_period_num': 172, 'train_rates': 0.9701320730944827, 'learning_rate': 0.00019634450888690437, 'batch_size': 16, 'step_size': 11, 'gamma': 0.9819661179545442}. Best is trial 11 with value: 0.0012827726739208.[0m
[32m[I 2025-02-04 02:36:52,136][0m Trial 13 finished with value: 0.002043779762782927 and parameters: {'observation_period_num': 162, 'train_rates': 0.9899269543524322, 'learning_rate': 0.00018692071453513023, 'batch_size': 18, 'step_size': 12, 'gamma': 0.9882042464299612}. Best is trial 11 with value: 0.0012827726739208.[0m
[32m[I 2025-02-04 02:38:19,578][0m Trial 14 finished with value: 0.0031727131560672912 and parameters: {'observation_period_num': 248, 'train_rates': 0.8914109498418874, 'learning_rate': 0.00017168967302486697, 'batch_size': 58, 'step_size': 11, 'gamma': 0.9387165077713384}. Best is trial 11 with value: 0.0012827726739208.[0m
[32m[I 2025-02-04 02:40:17,582][0m Trial 15 finished with value: 0.3288121188728555 and parameters: {'observation_period_num': 83, 'train_rates': 0.8924690138720187, 'learning_rate': 1.0285095865729606e-06, 'batch_size': 45, 'step_size': 15, 'gamma': 0.9489005024103967}. Best is trial 11 with value: 0.0012827726739208.[0m
