[32m[I 2025-02-04 06:10:55,494][0m Trial 48 finished with value: 0.013243207151626612 and parameters: {'observation_period_num': 234, 'train_rates': 0.9718008079993765, 'learning_rate': 0.0003719308166817022, 'batch_size': 46, 'step_size': 8, 'gamma': 0.9317738193504518}. Best is trial 42 with value: 0.0007597610238008201.[0m
[32m[I 2025-02-04 06:12:22,984][0m Trial 49 finished with value: 0.0018294710052114997 and parameters: {'observation_period_num': 176, 'train_rates': 0.9763542455845509, 'learning_rate': 0.000216774364552566, 'batch_size': 63, 'step_size': 4, 'gamma': 0.8852578022388298}. Best is trial 42 with value: 0.0007597610238008201.[0m
[32m[I 2025-02-04 06:12:22,990][0m A new study created in memory with name: no-name-ae737506-ed5e-4cde-8b8d-6d178bc9eac7[0m
[32m[I 2025-02-04 06:12:58,151][0m Trial 0 finished with value: 0.007610285344223182 and parameters: {'observation_period_num': 70, 'train_rates': 0.7751615609658276, 'learning_rate': 0.0009956251522335651, 'batch_size': 144, 'step_size': 4, 'gamma': 0.7751812962285163}. Best is trial 0 with value: 0.007610285344223182.[0m
[32m[I 2025-02-04 06:13:28,503][0m Trial 1 finished with value: 0.012533810245829023 and parameters: {'observation_period_num': 174, 'train_rates': 0.658311272696444, 'learning_rate': 0.0004866729816244554, 'batch_size': 144, 'step_size': 6, 'gamma': 0.8890164972959668}. Best is trial 0 with value: 0.007610285344223182.[0m
[32m[I 2025-02-04 06:14:08,980][0m Trial 2 finished with value: 0.011614330403568757 and parameters: {'observation_period_num': 179, 'train_rates': 0.7402264975121402, 'learning_rate': 7.663861843776565e-05, 'batch_size': 118, 'step_size': 7, 'gamma': 0.934910611949471}. Best is trial 0 with value: 0.007610285344223182.[0m
[32m[I 2025-02-04 06:14:29,456][0m Trial 3 finished with value: 0.04073470514372917 and parameters: {'observation_period_num': 22, 'train_rates': 0.6980240594560327, 'learning_rate': 5.934031808228068e-06, 'batch_size': 238, 'step_size': 6, 'gamma': 0.9516294949304805}. Best is trial 0 with value: 0.007610285344223182.[0m
[32m[I 2025-02-04 06:15:52,105][0m Trial 4 finished with value: 0.007350891890078127 and parameters: {'observation_period_num': 250, 'train_rates': 0.8321840541622648, 'learning_rate': 0.0006763511958071166, 'batch_size': 58, 'step_size': 9, 'gamma': 0.7917761898369995}. Best is trial 4 with value: 0.007350891890078127.[0m
[32m[I 2025-02-04 06:16:20,183][0m Trial 5 finished with value: 0.40606582564076565 and parameters: {'observation_period_num': 115, 'train_rates': 0.6763663726120379, 'learning_rate': 1.7640011434924537e-06, 'batch_size': 165, 'step_size': 5, 'gamma': 0.8846148888070062}. Best is trial 4 with value: 0.007350891890078127.[0m
[32m[I 2025-02-04 06:17:33,620][0m Trial 6 finished with value: 0.011165543757226021 and parameters: {'observation_period_num': 18, 'train_rates': 0.7097795129804777, 'learning_rate': 0.0006016519016506986, 'batch_size': 65, 'step_size': 2, 'gamma': 0.7596652565229727}. Best is trial 4 with value: 0.007350891890078127.[0m
[32m[I 2025-02-04 06:19:43,423][0m Trial 7 finished with value: 0.02443120887685091 and parameters: {'observation_period_num': 104, 'train_rates': 0.626522311951553, 'learning_rate': 5.406567778800163e-05, 'batch_size': 32, 'step_size': 6, 'gamma': 0.8284592221946319}. Best is trial 4 with value: 0.007350891890078127.[0m
[32m[I 2025-02-04 06:22:22,431][0m Trial 8 finished with value: 0.03137894836729582 and parameters: {'observation_period_num': 79, 'train_rates': 0.8295686500740012, 'learning_rate': 1.939192534015439e-05, 'batch_size': 22, 'step_size': 1, 'gamma': 0.775035218648819}. Best is trial 4 with value: 0.007350891890078127.[0m
[32m[I 2025-02-04 06:23:33,815][0m Trial 9 finished with value: 0.03287234481156262 and parameters: {'observation_period_num': 225, 'train_rates': 0.8316434523014598, 'learning_rate': 0.00012374478428425398, 'batch_size': 67, 'step_size': 13, 'gamma': 0.9025052651037955}. Best is trial 4 with value: 0.007350891890078127.[0m
[32m[I 2025-02-04 06:24:27,849][0m Trial 10 finished with value: 0.00605729897339031 and parameters: {'observation_period_num': 246, 'train_rates': 0.9486265260235883, 'learning_rate': 0.00018929663408037416, 'batch_size': 100, 'step_size': 12, 'gamma': 0.8261607161147594}. Best is trial 10 with value: 0.00605729897339031.[0m
[32m[I 2025-02-04 06:25:31,369][0m Trial 11 finished with value: 0.007534151978445114 and parameters: {'observation_period_num': 239, 'train_rates': 0.9644972344211854, 'learning_rate': 0.0002115384934230621, 'batch_size': 87, 'step_size': 11, 'gamma': 0.833528774372736}. Best is trial 10 with value: 0.00605729897339031.[0m
[32m[I 2025-02-04 06:26:27,180][0m Trial 12 finished with value: 0.005780282436099685 and parameters: {'observation_period_num': 196, 'train_rates': 0.9412017933368596, 'learning_rate': 0.0002540933062714147, 'batch_size': 97, 'step_size': 10, 'gamma': 0.8261548925673937}. Best is trial 12 with value: 0.005780282436099685.[0m
[32m[I 2025-02-04 06:26:58,794][0m Trial 13 finished with value: 0.0073355319909751415 and parameters: {'observation_period_num': 181, 'train_rates': 0.9648740147464239, 'learning_rate': 1.9570764939787572e-05, 'batch_size': 189, 'step_size': 14, 'gamma': 0.8378190798722835}. Best is trial 12 with value: 0.005780282436099685.[0m
[32m[I 2025-02-04 06:27:49,116][0m Trial 14 finished with value: 0.005441088932237439 and parameters: {'observation_period_num': 207, 'train_rates': 0.9021117603085143, 'learning_rate': 0.00023231725861030627, 'batch_size': 106, 'step_size': 10, 'gamma': 0.8100797522598764}. Best is trial 14 with value: 0.005441088932237439.[0m
[32m[I 2025-02-04 06:28:16,980][0m Trial 15 finished with value: 0.005057639703154564 and parameters: {'observation_period_num': 203, 'train_rates': 0.891056733080892, 'learning_rate': 0.00026881455654492704, 'batch_size': 196, 'step_size': 10, 'gamma': 0.7992038056483886}. Best is trial 15 with value: 0.005057639703154564.[0m
[32m[I 2025-02-04 06:28:45,650][0m Trial 16 finished with value: 0.006479129744846312 and parameters: {'observation_period_num': 147, 'train_rates': 0.8914068200685764, 'learning_rate': 4.111486622871528e-05, 'batch_size': 203, 'step_size': 15, 'gamma': 0.7982546356896818}. Best is trial 15 with value: 0.005057639703154564.[0m
[32m[I 2025-02-04 06:29:07,548][0m Trial 17 finished with value: 0.004701708052380127 and parameters: {'observation_period_num': 208, 'train_rates': 0.9069301807643863, 'learning_rate': 0.00011182696137389669, 'batch_size': 253, 'step_size': 9, 'gamma': 0.8603105146804506}. Best is trial 17 with value: 0.004701708052380127.[0m
[32m[I 2025-02-04 06:29:29,250][0m Trial 18 finished with value: 0.024846132282378537 and parameters: {'observation_period_num': 147, 'train_rates': 0.8867578053345663, 'learning_rate': 6.877510165840185e-06, 'batch_size': 249, 'step_size': 8, 'gamma': 0.8657083699053066}. Best is trial 17 with value: 0.004701708052380127.[0m
[32m[I 2025-02-04 06:29:52,811][0m Trial 19 finished with value: 0.0114828337010914 and parameters: {'observation_period_num': 214, 'train_rates': 0.874114162370803, 'learning_rate': 0.00010414371845794914, 'batch_size': 218, 'step_size': 8, 'gamma': 0.981059975016977}. Best is trial 17 with value: 0.004701708052380127.[0m
[32m[I 2025-02-04 06:30:24,367][0m Trial 20 finished with value: 0.008514093235135078 and parameters: {'observation_period_num': 152, 'train_rates': 0.9217171416989787, 'learning_rate': 2.5866088780056605e-05, 'batch_size': 176, 'step_size': 12, 'gamma': 0.8583912795309253}. Best is trial 17 with value: 0.004701708052380127.[0m
[32m[I 2025-02-04 06:30:50,411][0m Trial 21 finished with value: 0.005328325592484829 and parameters: {'observation_period_num': 219, 'train_rates': 0.9055124726703804, 'learning_rate': 0.00038353628265610156, 'batch_size': 224, 'step_size': 10, 'gamma': 0.7962781513125152}. Best is trial 17 with value: 0.004701708052380127.[0m
[32m[I 2025-02-04 06:31:14,189][0m Trial 22 finished with value: 0.006107385306567628 and parameters: {'observation_period_num': 223, 'train_rates': 0.8543851301638553, 'learning_rate': 0.00036204175903201195, 'batch_size': 225, 'step_size': 10, 'gamma': 0.8517655320129689}. Best is trial 17 with value: 0.004701708052380127.[0m
[32m[I 2025-02-04 06:31:37,723][0m Trial 23 finished with value: 0.014421550557017326 and parameters: {'observation_period_num': 194, 'train_rates': 0.9893647552372445, 'learning_rate': 9.674713319781294e-05, 'batch_size': 256, 'step_size': 9, 'gamma': 0.7505230911427003}. Best is trial 17 with value: 0.004701708052380127.[0m
[32m[I 2025-02-04 06:32:02,353][0m Trial 24 finished with value: 0.005269035070193577 and parameters: {'observation_period_num': 166, 'train_rates': 0.7925149851707012, 'learning_rate': 0.0003590517779952127, 'batch_size': 208, 'step_size': 12, 'gamma': 0.805524303125162}. Best is trial 17 with value: 0.004701708052380127.[0m
[32m[I 2025-02-04 06:32:26,681][0m Trial 25 finished with value: 0.00509218241725313 and parameters: {'observation_period_num': 168, 'train_rates': 0.7883894854550445, 'learning_rate': 0.00013828985717868493, 'batch_size': 202, 'step_size': 12, 'gamma': 0.9059206000787073}. Best is trial 17 with value: 0.004701708052380127.[0m
[32m[I 2025-02-04 06:32:55,549][0m Trial 26 finished with value: 0.007623916585136547 and parameters: {'observation_period_num': 130, 'train_rates': 0.7612737884723166, 'learning_rate': 0.0001423110682254661, 'batch_size': 169, 'step_size': 14, 'gamma': 0.9178153792289389}. Best is trial 17 with value: 0.004701708052380127.[0m
[32m[I 2025-02-04 06:33:22,544][0m Trial 27 finished with value: 0.00810444179620671 and parameters: {'observation_period_num': 197, 'train_rates': 0.8072768571977204, 'learning_rate': 4.795811188368709e-05, 'batch_size': 193, 'step_size': 11, 'gamma': 0.8810043145309748}. Best is trial 17 with value: 0.004701708052380127.[0m
[32m[I 2025-02-04 06:33:46,291][0m Trial 28 finished with value: 0.007639174504441304 and parameters: {'observation_period_num': 157, 'train_rates': 0.8557995967761246, 'learning_rate': 5.718302478244165e-05, 'batch_size': 237, 'step_size': 13, 'gamma': 0.9087396029570073}. Best is trial 17 with value: 0.004701708052380127.[0m
[32m[I 2025-02-04 06:34:23,994][0m Trial 29 finished with value: 0.029506707789612487 and parameters: {'observation_period_num': 125, 'train_rates': 0.749115295192999, 'learning_rate': 1.1487918373585726e-05, 'batch_size': 132, 'step_size': 4, 'gamma': 0.9384951641976579}. Best is trial 17 with value: 0.004701708052380127.[0m
[32m[I 2025-02-04 06:34:59,399][0m Trial 30 finished with value: 0.009602855778199372 and parameters: {'observation_period_num': 90, 'train_rates': 0.7982034136180246, 'learning_rate': 0.00068387531862254, 'batch_size': 150, 'step_size': 9, 'gamma': 0.9742886532413617}. Best is trial 17 with value: 0.004701708052380127.[0m
[32m[I 2025-02-04 06:35:23,984][0m Trial 31 finished with value: 0.004823812717666565 and parameters: {'observation_period_num': 177, 'train_rates': 0.7874408640754044, 'learning_rate': 0.0003393918068845819, 'batch_size': 210, 'step_size': 12, 'gamma': 0.8128965404231305}. Best is trial 17 with value: 0.004701708052380127.[0m
[32m[I 2025-02-04 06:35:48,881][0m Trial 32 finished with value: 0.006402957917742648 and parameters: {'observation_period_num': 182, 'train_rates': 0.777132472766947, 'learning_rate': 0.0008414378179146559, 'batch_size': 196, 'step_size': 11, 'gamma': 0.8507187541509391}. Best is trial 17 with value: 0.004701708052380127.[0m
[32m[I 2025-02-04 06:36:12,685][0m Trial 33 finished with value: 0.007513801018482024 and parameters: {'observation_period_num': 168, 'train_rates': 0.8531752252077378, 'learning_rate': 0.00014589308453739813, 'batch_size': 235, 'step_size': 13, 'gamma': 0.7753436397502348}. Best is trial 17 with value: 0.004701708052380127.[0m
[32m[I 2025-02-04 06:36:40,052][0m Trial 34 finished with value: 0.007822874378357908 and parameters: {'observation_period_num': 47, 'train_rates': 0.7203907456034784, 'learning_rate': 8.247701279856702e-05, 'batch_size': 184, 'step_size': 7, 'gamma': 0.8775263378726286}. Best is trial 17 with value: 0.004701708052380127.[0m
[32m[I 2025-02-04 06:37:12,587][0m Trial 35 finished with value: 0.011053740109567601 and parameters: {'observation_period_num': 233, 'train_rates': 0.8169822691947922, 'learning_rate': 0.00031044071166423236, 'batch_size': 157, 'step_size': 11, 'gamma': 0.9206893270194237}. Best is trial 17 with value: 0.004701708052380127.[0m
[32m[I 2025-02-04 06:37:36,910][0m Trial 36 finished with value: 0.006777037919365044 and parameters: {'observation_period_num': 203, 'train_rates': 0.7827199348169807, 'learning_rate': 0.000455537333890974, 'batch_size': 214, 'step_size': 7, 'gamma': 0.8178035790269241}. Best is trial 17 with value: 0.004701708052380127.[0m
[32m[I 2025-02-04 06:38:10,628][0m Trial 37 finished with value: 0.10617920389440542 and parameters: {'observation_period_num': 185, 'train_rates': 0.724982980797623, 'learning_rate': 1.607260982143677e-06, 'batch_size': 135, 'step_size': 15, 'gamma': 0.8979506124048151}. Best is trial 17 with value: 0.004701708052380127.[0m
[32m[I 2025-02-04 06:38:29,629][0m Trial 38 finished with value: 0.02585631880283552 and parameters: {'observation_period_num': 136, 'train_rates': 0.6767284731858466, 'learning_rate': 0.0001681854325346096, 'batch_size': 245, 'step_size': 9, 'gamma': 0.7843462591999381}. Best is trial 17 with value: 0.004701708052380127.[0m
[32m[I 2025-02-04 06:38:52,233][0m Trial 39 finished with value: 0.0055006901872662025 and parameters: {'observation_period_num': 165, 'train_rates': 0.7549121091265415, 'learning_rate': 0.0009210870895627135, 'batch_size': 228, 'step_size': 12, 'gamma': 0.8447909877855075}. Best is trial 17 with value: 0.004701708052380127.[0m
[32m[I 2025-02-04 06:39:19,700][0m Trial 40 finished with value: 0.0044138249941170216 and parameters: {'observation_period_num': 189, 'train_rates': 0.9274389895080193, 'learning_rate': 0.0005270833610241821, 'batch_size': 204, 'step_size': 14, 'gamma': 0.8684187734576369}. Best is trial 40 with value: 0.0044138249941170216.[0m
[32m[I 2025-02-04 06:39:47,195][0m Trial 41 finished with value: 0.009150955088191097 and parameters: {'observation_period_num': 186, 'train_rates': 0.8741390923436709, 'learning_rate': 0.0004997379233712109, 'batch_size': 200, 'step_size': 14, 'gamma': 0.8890380931415077}. Best is trial 40 with value: 0.0044138249941170216.[0m
[32m[I 2025-02-04 06:40:19,805][0m Trial 42 finished with value: 0.004084235193896229 and parameters: {'observation_period_num': 211, 'train_rates': 0.9331765339439637, 'learning_rate': 0.00027405959468771075, 'batch_size': 182, 'step_size': 13, 'gamma': 0.8693142005820662}. Best is trial 42 with value: 0.004084235193896229.[0m
[32m[I 2025-02-04 06:40:51,814][0m Trial 43 finished with value: 0.004574509596497548 and parameters: {'observation_period_num': 211, 'train_rates': 0.925314956097805, 'learning_rate': 0.0005924821939402331, 'batch_size': 181, 'step_size': 13, 'gamma': 0.8659298932670767}. Best is trial 42 with value: 0.004084235193896229.[0m
[32m[I 2025-02-04 06:41:24,204][0m Trial 44 finished with value: 0.005286074693710929 and parameters: {'observation_period_num': 233, 'train_rates': 0.9337052862003222, 'learning_rate': 0.0005745126832945377, 'batch_size': 179, 'step_size': 14, 'gamma': 0.8695636660430834}. Best is trial 42 with value: 0.004084235193896229.[0m
[32m[I 2025-02-04 06:41:58,125][0m Trial 45 finished with value: 0.005059718325338214 and parameters: {'observation_period_num': 251, 'train_rates': 0.9236063131637445, 'learning_rate': 0.0009661834043728224, 'batch_size': 163, 'step_size': 13, 'gamma': 0.858924865840407}. Best is trial 42 with value: 0.004084235193896229.[0m
[32m[I 2025-02-04 06:42:25,850][0m Trial 46 finished with value: 0.010644426569342613 and parameters: {'observation_period_num': 208, 'train_rates': 0.985339352061449, 'learning_rate': 0.0006677333441078876, 'batch_size': 212, 'step_size': 15, 'gamma': 0.8905719844232041}. Best is trial 42 with value: 0.004084235193896229.[0m
[32m[I 2025-02-04 06:43:03,225][0m Trial 47 finished with value: 0.005435068217988035 and parameters: {'observation_period_num': 227, 'train_rates': 0.9173484460325745, 'learning_rate': 0.000206312450173841, 'batch_size': 144, 'step_size': 13, 'gamma': 0.8744273133558346}. Best is trial 42 with value: 0.004084235193896229.[0m
[32m[I 2025-02-04 06:43:50,489][0m Trial 48 finished with value: 0.005544180050492287 and parameters: {'observation_period_num': 191, 'train_rates': 0.9603186961613105, 'learning_rate': 0.000442470415302178, 'batch_size': 120, 'step_size': 14, 'gamma': 0.8415961523834286}. Best is trial 42 with value: 0.004084235193896229.[0m
[32m[I 2025-02-04 06:44:14,752][0m Trial 49 finished with value: 0.013939220418442824 and parameters: {'observation_period_num': 213, 'train_rates': 0.6115449275180413, 'learning_rate': 0.00026107953008587195, 'batch_size': 173, 'step_size': 15, 'gamma': 0.8191737812402855}. Best is trial 42 with value: 0.004084235193896229.[0m
[32m[I 2025-02-04 06:44:14,762][0m A new study created in memory with name: no-name-0473fd72-f674-4c4e-a877-ef2d8dc47011[0m
[32m[I 2025-02-04 06:46:37,419][0m Trial 0 finished with value: 0.15923037323290887 and parameters: {'observation_period_num': 16, 'train_rates': 0.9062214337810515, 'learning_rate': 2.745100029654391e-06, 'batch_size': 39, 'step_size': 2, 'gamma': 0.7621835366112523}. Best is trial 0 with value: 0.15923037323290887.[0m
[32m[I 2025-02-04 06:49:07,122][0m Trial 1 finished with value: 0.08966213527927266 and parameters: {'observation_period_num': 180, 'train_rates': 0.8173544829892792, 'learning_rate': 0.00014595785693629146, 'batch_size': 32, 'step_size': 13, 'gamma': 0.9089503431276289}. Best is trial 1 with value: 0.08966213527927266.[0m
[32m[I 2025-02-04 06:50:28,843][0m Trial 2 finished with value: 0.06844074046239257 and parameters: {'observation_period_num': 8, 'train_rates': 0.8695308792567205, 'learning_rate': 1.1313835409241584e-06, 'batch_size': 66, 'step_size': 15, 'gamma': 0.8910853201322406}. Best is trial 2 with value: 0.06844074046239257.[0m
[32m[I 2025-02-04 06:50:53,499][0m Trial 3 finished with value: 0.11054090486280277 and parameters: {'observation_period_num': 204, 'train_rates': 0.6047470578701446, 'learning_rate': 0.00025136406614879983, 'batch_size': 175, 'step_size': 14, 'gamma': 0.87552528646577}. Best is trial 2 with value: 0.06844074046239257.[0m
[32m[I 2025-02-04 06:51:40,824][0m Trial 4 finished with value: 0.08929452725819179 and parameters: {'observation_period_num': 112, 'train_rates': 0.802934546464884, 'learning_rate': 7.98091936533806e-06, 'batch_size': 104, 'step_size': 15, 'gamma': 0.8671739202503245}. Best is trial 2 with value: 0.06844074046239257.[0m
[32m[I 2025-02-04 06:52:18,460][0m Trial 5 finished with value: 0.08033144339745821 and parameters: {'observation_period_num': 149, 'train_rates': 0.9386983083393267, 'learning_rate': 0.0005881760729352311, 'batch_size': 147, 'step_size': 13, 'gamma': 0.8744770307633862}. Best is trial 2 with value: 0.06844074046239257.[0m
[32m[I 2025-02-04 06:53:40,082][0m Trial 6 finished with value: 0.13166765173211784 and parameters: {'observation_period_num': 53, 'train_rates': 0.8839076330262243, 'learning_rate': 2.0347783699264734e-06, 'batch_size': 67, 'step_size': 6, 'gamma': 0.8395121523623119}. Best is trial 2 with value: 0.06844074046239257.[0m
[32m[I 2025-02-04 06:54:13,216][0m Trial 7 finished with value: 0.18228455060134732 and parameters: {'observation_period_num': 166, 'train_rates': 0.7516910576413174, 'learning_rate': 2.4212955526964818e-05, 'batch_size': 149, 'step_size': 2, 'gamma': 0.841665042891685}. Best is trial 2 with value: 0.06844074046239257.[0m
[32m[I 2025-02-04 06:54:41,699][0m Trial 8 finished with value: 0.11082369127664073 and parameters: {'observation_period_num': 141, 'train_rates': 0.6391123596503958, 'learning_rate': 6.017809772922614e-06, 'batch_size': 158, 'step_size': 14, 'gamma': 0.9322601703136048}. Best is trial 2 with value: 0.06844074046239257.[0m
[32m[I 2025-02-04 06:55:17,421][0m Trial 9 finished with value: 0.050922948867082596 and parameters: {'observation_period_num': 195, 'train_rates': 0.978199890391545, 'learning_rate': 0.00013515146406416654, 'batch_size': 165, 'step_size': 13, 'gamma': 0.8559503493078064}. Best is trial 9 with value: 0.050922948867082596.[0m
[32m[I 2025-02-04 06:55:41,305][0m Trial 10 finished with value: 0.04303619638085365 and parameters: {'observation_period_num': 233, 'train_rates': 0.9863492624093225, 'learning_rate': 7.588860708173569e-05, 'batch_size': 247, 'step_size': 10, 'gamma': 0.9788546915967312}. Best is trial 10 with value: 0.04303619638085365.[0m
[32m[I 2025-02-04 06:56:05,223][0m Trial 11 finished with value: 0.06345535069704056 and parameters: {'observation_period_num': 244, 'train_rates': 0.989410678230437, 'learning_rate': 5.853105155570948e-05, 'batch_size': 252, 'step_size': 10, 'gamma': 0.9884107723397735}. Best is trial 10 with value: 0.04303619638085365.[0m
[32m[I 2025-02-04 06:56:30,975][0m Trial 12 finished with value: 0.03606906905770302 and parameters: {'observation_period_num': 250, 'train_rates': 0.9869607776599592, 'learning_rate': 4.906171523199675e-05, 'batch_size': 230, 'step_size': 10, 'gamma': 0.9865475579702635}. Best is trial 12 with value: 0.03606906905770302.[0m
