[32m[I 2025-02-04 02:42:20,937][0m Trial 16 finished with value: 0.006242076890414645 and parameters: {'observation_period_num': 174, 'train_rates': 0.9793765678967052, 'learning_rate': 2.070775096713805e-05, 'batch_size': 45, 'step_size': 10, 'gamma': 0.9368057347166404}. Best is trial 11 with value: 0.0012827726739208.[0m
[32m[I 2025-02-04 02:42:53,732][0m Trial 17 finished with value: 0.006474370378311034 and parameters: {'observation_period_num': 218, 'train_rates': 0.8718678100862051, 'learning_rate': 0.0009218530057336574, 'batch_size': 169, 'step_size': 13, 'gamma': 0.9147303871884656}. Best is trial 11 with value: 0.0012827726739208.[0m
[32m[I 2025-02-04 02:44:19,911][0m Trial 18 finished with value: 0.0025865496494449102 and parameters: {'observation_period_num': 140, 'train_rates': 0.9354797346150833, 'learning_rate': 0.00028169037833290355, 'batch_size': 64, 'step_size': 8, 'gamma': 0.9620439098744489}. Best is trial 11 with value: 0.0012827726739208.[0m
[32m[I 2025-02-04 02:47:02,654][0m Trial 19 finished with value: 0.005571038328493253 and parameters: {'observation_period_num': 91, 'train_rates': 0.8637640151064315, 'learning_rate': 0.00012058913471294451, 'batch_size': 32, 'step_size': 4, 'gamma': 0.9106739866966735}. Best is trial 11 with value: 0.0012827726739208.[0m
[32m[I 2025-02-04 02:48:04,476][0m Trial 20 finished with value: 0.0977584149364544 and parameters: {'observation_period_num': 224, 'train_rates': 0.6629472533956299, 'learning_rate': 1.0699653221273265e-05, 'batch_size': 67, 'step_size': 13, 'gamma': 0.9690004635401179}. Best is trial 11 with value: 0.0012827726739208.[0m
[32m[I 2025-02-04 02:53:25,907][0m Trial 21 finished with value: 0.0013864684459154626 and parameters: {'observation_period_num': 166, 'train_rates': 0.9750504536259842, 'learning_rate': 0.0002398259664955444, 'batch_size': 17, 'step_size': 11, 'gamma': 0.9874340222177265}. Best is trial 11 with value: 0.0012827726739208.[0m
[32m[I 2025-02-04 02:55:52,783][0m Trial 22 finished with value: 0.0008575124377587243 and parameters: {'observation_period_num': 176, 'train_rates': 0.9588146344577559, 'learning_rate': 0.00031608670797013915, 'batch_size': 37, 'step_size': 10, 'gamma': 0.9692749960109116}. Best is trial 22 with value: 0.0008575124377587243.[0m
[32m[I 2025-02-04 02:58:06,829][0m Trial 23 finished with value: 0.0010647777212082897 and parameters: {'observation_period_num': 186, 'train_rates': 0.9272562625121228, 'learning_rate': 0.00038465923315102033, 'batch_size': 40, 'step_size': 8, 'gamma': 0.919299117697351}. Best is trial 22 with value: 0.0008575124377587243.[0m
[32m[I 2025-02-04 03:00:14,031][0m Trial 24 finished with value: 0.0014735426370303653 and parameters: {'observation_period_num': 193, 'train_rates': 0.9173451891495581, 'learning_rate': 0.00038860014389593663, 'batch_size': 41, 'step_size': 7, 'gamma': 0.9213806897642636}. Best is trial 22 with value: 0.0008575124377587243.[0m
[32m[I 2025-02-04 03:01:49,316][0m Trial 25 finished with value: 0.004075646550950556 and parameters: {'observation_period_num': 222, 'train_rates': 0.9039678668693608, 'learning_rate': 9.107086785669491e-05, 'batch_size': 54, 'step_size': 9, 'gamma': 0.9593441128670155}. Best is trial 22 with value: 0.0008575124377587243.[0m
[32m[I 2025-02-04 03:02:50,553][0m Trial 26 finished with value: 0.0052117420533715295 and parameters: {'observation_period_num': 144, 'train_rates': 0.8622911330052868, 'learning_rate': 0.0009565852071462949, 'batch_size': 84, 'step_size': 6, 'gamma': 0.9246131189915093}. Best is trial 22 with value: 0.0008575124377587243.[0m
[32m[I 2025-02-04 03:03:40,110][0m Trial 27 finished with value: 0.0031323756110433437 and parameters: {'observation_period_num': 183, 'train_rates': 0.9474794327964345, 'learning_rate': 0.0004258196086843096, 'batch_size': 110, 'step_size': 8, 'gamma': 0.897243764999759}. Best is trial 22 with value: 0.0008575124377587243.[0m
[32m[I 2025-02-04 03:06:21,181][0m Trial 28 finished with value: 0.001501234372080401 and parameters: {'observation_period_num': 232, 'train_rates': 0.9509046842690234, 'learning_rate': 0.0001458658813272272, 'batch_size': 33, 'step_size': 5, 'gamma': 0.9454705381591753}. Best is trial 22 with value: 0.0008575124377587243.[0m
[32m[I 2025-02-04 03:07:20,856][0m Trial 29 finished with value: 0.12995543709481303 and parameters: {'observation_period_num': 5, 'train_rates': 0.6026639424388109, 'learning_rate': 7.326563067567955e-05, 'batch_size': 73, 'step_size': 10, 'gamma': 0.9722266325758555}. Best is trial 22 with value: 0.0008575124377587243.[0m
[32m[I 2025-02-04 03:08:16,235][0m Trial 30 finished with value: 0.005110178387205525 and parameters: {'observation_period_num': 154, 'train_rates': 0.842265610983084, 'learning_rate': 0.0006039153540843713, 'batch_size': 92, 'step_size': 8, 'gamma': 0.9010089040480921}. Best is trial 22 with value: 0.0008575124377587243.[0m
[32m[I 2025-02-04 03:11:17,028][0m Trial 31 finished with value: 0.0014596626663865942 and parameters: {'observation_period_num': 199, 'train_rates': 0.9663369698459816, 'learning_rate': 0.00029979739457582365, 'batch_size': 30, 'step_size': 10, 'gamma': 0.9747084475904559}. Best is trial 22 with value: 0.0008575124377587243.[0m
[32m[I 2025-02-04 03:13:00,813][0m Trial 32 finished with value: 0.0023406443208510595 and parameters: {'observation_period_num': 178, 'train_rates': 0.9140305132382486, 'learning_rate': 0.00018048804047543574, 'batch_size': 51, 'step_size': 7, 'gamma': 0.9543802770381165}. Best is trial 22 with value: 0.0008575124377587243.[0m
[32m[I 2025-02-04 03:16:03,971][0m Trial 33 finished with value: 0.001091992314349925 and parameters: {'observation_period_num': 136, 'train_rates': 0.9543824589223658, 'learning_rate': 0.0004244824685051583, 'batch_size': 30, 'step_size': 14, 'gamma': 0.933880967957378}. Best is trial 22 with value: 0.0008575124377587243.[0m
[32m[I 2025-02-04 03:16:33,738][0m Trial 34 finished with value: 0.004251259537704754 and parameters: {'observation_period_num': 133, 'train_rates': 0.886640129046573, 'learning_rate': 0.0005826205216918037, 'batch_size': 181, 'step_size': 15, 'gamma': 0.9318608023523544}. Best is trial 22 with value: 0.0008575124377587243.[0m
[32m[I 2025-02-04 03:19:04,972][0m Trial 35 finished with value: 0.0010658475331422922 and parameters: {'observation_period_num': 120, 'train_rates': 0.9332183598550088, 'learning_rate': 0.0003681818295543318, 'batch_size': 36, 'step_size': 14, 'gamma': 0.7688684081909366}. Best is trial 22 with value: 0.0008575124377587243.[0m
[32m[I 2025-02-04 03:21:24,172][0m Trial 36 finished with value: 0.005242558915974436 and parameters: {'observation_period_num': 115, 'train_rates': 0.7978461602123204, 'learning_rate': 0.0003942144196671229, 'batch_size': 35, 'step_size': 14, 'gamma': 0.7999936912271609}. Best is trial 22 with value: 0.0008575124377587243.[0m
[32m[I 2025-02-04 03:22:57,040][0m Trial 37 finished with value: 0.001384936111506575 and parameters: {'observation_period_num': 90, 'train_rates': 0.9533093445746802, 'learning_rate': 0.0008514954864999343, 'batch_size': 61, 'step_size': 14, 'gamma': 0.878256338170727}. Best is trial 22 with value: 0.0008575124377587243.[0m
[32m[I 2025-02-04 03:23:38,996][0m Trial 38 finished with value: 0.006845254453119949 and parameters: {'observation_period_num': 103, 'train_rates': 0.8433980083839081, 'learning_rate': 0.0005719595910150504, 'batch_size': 131, 'step_size': 14, 'gamma': 0.7668095216391708}. Best is trial 22 with value: 0.0008575124377587243.[0m
[32m[I 2025-02-04 03:24:34,796][0m Trial 39 finished with value: 0.00790183525532484 and parameters: {'observation_period_num': 127, 'train_rates': 0.9896626796520939, 'learning_rate': 4.153532558773041e-05, 'batch_size': 106, 'step_size': 13, 'gamma': 0.7884089039258861}. Best is trial 22 with value: 0.0008575124377587243.[0m
[32m[I 2025-02-04 03:25:14,574][0m Trial 40 finished with value: 0.004106788438764045 and parameters: {'observation_period_num': 70, 'train_rates': 0.9328913563590517, 'learning_rate': 0.0004176162827035417, 'batch_size': 147, 'step_size': 12, 'gamma': 0.8379687844191583}. Best is trial 22 with value: 0.0008575124377587243.[0m
[32m[I 2025-02-04 03:28:17,690][0m Trial 41 finished with value: 0.0005834640749938998 and parameters: {'observation_period_num': 149, 'train_rates': 0.9307767301966748, 'learning_rate': 0.0002965917786922356, 'batch_size': 29, 'step_size': 5, 'gamma': 0.9629160971144315}. Best is trial 41 with value: 0.0005834640749938998.[0m
[32m[I 2025-02-04 03:30:06,559][0m Trial 42 finished with value: 0.017969622700051827 and parameters: {'observation_period_num': 153, 'train_rates': 0.957038004069763, 'learning_rate': 0.0006853212947110181, 'batch_size': 33, 'step_size': 1, 'gamma': 0.7500621468025069}. Best is trial 41 with value: 0.0005834640749938998.[0m
[32m[I 2025-02-04 03:31:17,573][0m Trial 43 finished with value: 0.0032338063877362473 and parameters: {'observation_period_num': 126, 'train_rates': 0.9080049388426905, 'learning_rate': 0.0003278873004548883, 'batch_size': 76, 'step_size': 3, 'gamma': 0.9470567945715741}. Best is trial 41 with value: 0.0005834640749938998.[0m
[32m[I 2025-02-04 03:33:10,082][0m Trial 44 finished with value: 0.004665073689106785 and parameters: {'observation_period_num': 161, 'train_rates': 0.9401699989125709, 'learning_rate': 0.00012005328180622237, 'batch_size': 48, 'step_size': 5, 'gamma': 0.8477746862800851}. Best is trial 41 with value: 0.0005834640749938998.[0m
[32m[I 2025-02-04 03:36:38,014][0m Trial 45 finished with value: 0.0028545357656176314 and parameters: {'observation_period_num': 109, 'train_rates': 0.9257572496657082, 'learning_rate': 0.0002328246614142573, 'batch_size': 26, 'step_size': 3, 'gamma': 0.8818431675395808}. Best is trial 41 with value: 0.0005834640749938998.[0m
[32m[I 2025-02-04 03:37:05,396][0m Trial 46 finished with value: 0.009214759804308414 and parameters: {'observation_period_num': 136, 'train_rates': 0.9670586176898651, 'learning_rate': 8.092659223234649e-05, 'batch_size': 218, 'step_size': 15, 'gamma': 0.9644389137998176}. Best is trial 41 with value: 0.0005834640749938998.[0m
[32m[I 2025-02-04 03:39:07,955][0m Trial 47 finished with value: 0.007958088183496966 and parameters: {'observation_period_num': 207, 'train_rates': 0.875968653650222, 'learning_rate': 5.3626088052308606e-05, 'batch_size': 41, 'step_size': 6, 'gamma': 0.8186738834710626}. Best is trial 41 with value: 0.0005834640749938998.[0m
[32m[I 2025-02-04 03:42:34,828][0m Trial 48 finished with value: 0.0007515578644172268 and parameters: {'observation_period_num': 147, 'train_rates': 0.8990039399610722, 'learning_rate': 0.0007310921763190996, 'batch_size': 25, 'step_size': 5, 'gamma': 0.9302645094315791}. Best is trial 41 with value: 0.0005834640749938998.[0m
[32m[I 2025-02-04 03:43:37,702][0m Trial 49 finished with value: 0.6204083487391472 and parameters: {'observation_period_num': 149, 'train_rates': 0.9017313973258241, 'learning_rate': 2.2944552550678116e-06, 'batch_size': 85, 'step_size': 3, 'gamma': 0.8671819995761293}. Best is trial 41 with value: 0.0005834640749938998.[0m
[32m[I 2025-02-04 03:43:37,707][0m A new study created in memory with name: no-name-b98f75e3-4f55-4153-a8da-68dda2d893c9[0m
[32m[I 2025-02-04 03:44:45,616][0m Trial 0 finished with value: 0.6403730828068855 and parameters: {'observation_period_num': 184, 'train_rates': 0.6721021976984624, 'learning_rate': 1.318793030752574e-06, 'batch_size': 63, 'step_size': 5, 'gamma': 0.7529840160380623}. Best is trial 0 with value: 0.6403730828068855.[0m
[32m[I 2025-02-04 03:45:21,035][0m Trial 1 finished with value: 0.41233169159312155 and parameters: {'observation_period_num': 62, 'train_rates': 0.7828742145637166, 'learning_rate': 1.4386691322766983e-06, 'batch_size': 144, 'step_size': 2, 'gamma': 0.9572425929008506}. Best is trial 1 with value: 0.41233169159312155.[0m
[32m[I 2025-02-04 03:45:51,472][0m Trial 2 finished with value: 0.30642190724611285 and parameters: {'observation_period_num': 246, 'train_rates': 0.8302594548727942, 'learning_rate': 1.843602935031461e-06, 'batch_size': 161, 'step_size': 7, 'gamma': 0.7636341672313867}. Best is trial 2 with value: 0.30642190724611285.[0m
[32m[I 2025-02-04 03:46:11,889][0m Trial 3 finished with value: 0.11521961733046239 and parameters: {'observation_period_num': 214, 'train_rates': 0.8000166683524529, 'learning_rate': 1.0398306503117108e-05, 'batch_size': 250, 'step_size': 2, 'gamma': 0.915676923155012}. Best is trial 3 with value: 0.11521961733046239.[0m
[32m[I 2025-02-04 03:47:23,847][0m Trial 4 finished with value: 0.08531642584204674 and parameters: {'observation_period_num': 252, 'train_rates': 0.7686667740538039, 'learning_rate': 1.1317750285666483e-05, 'batch_size': 63, 'step_size': 4, 'gamma': 0.7562144983429316}. Best is trial 4 with value: 0.08531642584204674.[0m
[32m[I 2025-02-04 03:47:45,230][0m Trial 5 finished with value: 0.007369839313876703 and parameters: {'observation_period_num': 106, 'train_rates': 0.6614035575483027, 'learning_rate': 0.0006254221452041486, 'batch_size': 224, 'step_size': 8, 'gamma': 0.7808830552638685}. Best is trial 5 with value: 0.007369839313876703.[0m
[32m[I 2025-02-04 03:48:14,631][0m Trial 6 finished with value: 0.419940225699318 and parameters: {'observation_period_num': 30, 'train_rates': 0.9054943687633811, 'learning_rate': 1.2906128993758165e-06, 'batch_size': 189, 'step_size': 9, 'gamma': 0.7564504784339326}. Best is trial 5 with value: 0.007369839313876703.[0m
[32m[I 2025-02-04 03:48:38,221][0m Trial 7 finished with value: 0.12651103418453782 and parameters: {'observation_period_num': 203, 'train_rates': 0.8478692363441434, 'learning_rate': 5.782405586545499e-06, 'batch_size': 219, 'step_size': 9, 'gamma': 0.7866442356338812}. Best is trial 5 with value: 0.007369839313876703.[0m
[32m[I 2025-02-04 03:49:06,460][0m Trial 8 finished with value: 0.08256895748063692 and parameters: {'observation_period_num': 7, 'train_rates': 0.8462122815556112, 'learning_rate': 3.4937651424121958e-06, 'batch_size': 199, 'step_size': 15, 'gamma': 0.8442021652617759}. Best is trial 5 with value: 0.007369839313876703.[0m
[32m[I 2025-02-04 03:50:45,884][0m Trial 9 finished with value: 0.0034137550407209462 and parameters: {'observation_period_num': 54, 'train_rates': 0.8929950996772142, 'learning_rate': 0.00023061186867600716, 'batch_size': 54, 'step_size': 9, 'gamma': 0.9594266549119401}. Best is trial 9 with value: 0.0034137550407209462.[0m
[32m[I 2025-02-04 03:56:36,198][0m Trial 10 finished with value: 0.002679118125631315 and parameters: {'observation_period_num': 123, 'train_rates': 0.9856461866150978, 'learning_rate': 0.00020750681866070332, 'batch_size': 16, 'step_size': 12, 'gamma': 0.9851873208870826}. Best is trial 10 with value: 0.002679118125631315.[0m
[32m[I 2025-02-04 04:02:26,890][0m Trial 11 finished with value: 0.0011589592387382355 and parameters: {'observation_period_num': 125, 'train_rates': 0.9875934272898493, 'learning_rate': 0.00020630386952978625, 'batch_size': 16, 'step_size': 13, 'gamma': 0.9867949202365226}. Best is trial 11 with value: 0.0011589592387382355.[0m
[32m[I 2025-02-04 04:07:53,694][0m Trial 12 finished with value: 0.00599969601413856 and parameters: {'observation_period_num': 130, 'train_rates': 0.9767183647596877, 'learning_rate': 7.30462479479441e-05, 'batch_size': 17, 'step_size': 13, 'gamma': 0.9851684241703499}. Best is trial 11 with value: 0.0011589592387382355.[0m
[32m[I 2025-02-04 04:13:22,205][0m Trial 13 finished with value: 0.0008628492334133222 and parameters: {'observation_period_num': 132, 'train_rates': 0.9841106569533061, 'learning_rate': 8.091177147646328e-05, 'batch_size': 17, 'step_size': 12, 'gamma': 0.8893041654734926}. Best is trial 13 with value: 0.0008628492334133222.[0m
[32m[I 2025-02-04 04:14:30,195][0m Trial 14 finished with value: 0.0025775915793409304 and parameters: {'observation_period_num': 149, 'train_rates': 0.9303197343796888, 'learning_rate': 5.337228115295356e-05, 'batch_size': 79, 'step_size': 12, 'gamma': 0.8857653434869813}. Best is trial 13 with value: 0.0008628492334133222.[0m
[32m[I 2025-02-04 04:15:23,681][0m Trial 15 finished with value: 0.0025229072884651108 and parameters: {'observation_period_num': 91, 'train_rates': 0.939627514890319, 'learning_rate': 0.00014295725430115493, 'batch_size': 106, 'step_size': 14, 'gamma': 0.8266682046965356}. Best is trial 13 with value: 0.0008628492334133222.[0m
[32m[I 2025-02-04 04:16:17,265][0m Trial 16 finished with value: 0.0006247966084629297 and parameters: {'observation_period_num': 151, 'train_rates': 0.9899005248922044, 'learning_rate': 0.0006954481527645049, 'batch_size': 107, 'step_size': 11, 'gamma': 0.909948570543234}. Best is trial 16 with value: 0.0006247966084629297.[0m
[32m[I 2025-02-04 04:16:59,941][0m Trial 17 finished with value: 0.0013728788033303483 and parameters: {'observation_period_num': 168, 'train_rates': 0.7277570791579105, 'learning_rate': 0.0007814351002893299, 'batch_size': 107, 'step_size': 11, 'gamma': 0.903607486896645}. Best is trial 16 with value: 0.0006247966084629297.[0m
[32m[I 2025-02-04 04:17:46,293][0m Trial 18 finished with value: 0.009545405146590672 and parameters: {'observation_period_num': 157, 'train_rates': 0.8850598361466839, 'learning_rate': 2.862676522639156e-05, 'batch_size': 117, 'step_size': 11, 'gamma': 0.8656496377139591}. Best is trial 16 with value: 0.0006247966084629297.[0m
[32m[I 2025-02-04 04:19:24,612][0m Trial 19 finished with value: 0.008087102487341418 and parameters: {'observation_period_num': 84, 'train_rates': 0.6144855418431978, 'learning_rate': 0.0004189542809395011, 'batch_size': 42, 'step_size': 15, 'gamma': 0.9284992586716828}. Best is trial 16 with value: 0.0006247966084629297.[0m
[32m[I 2025-02-04 04:20:24,078][0m Trial 20 finished with value: 0.016351747059613276 and parameters: {'observation_period_num': 188, 'train_rates': 0.943450755524249, 'learning_rate': 2.793157735383885e-05, 'batch_size': 90, 'step_size': 10, 'gamma': 0.8221051488035587}. Best is trial 16 with value: 0.0006247966084629297.[0m
[32m[I 2025-02-04 04:22:59,347][0m Trial 21 finished with value: 0.008782571032226308 and parameters: {'observation_period_num': 131, 'train_rates': 0.9762780794738879, 'learning_rate': 0.0003306176120475213, 'batch_size': 36, 'step_size': 13, 'gamma': 0.94272760631169}. Best is trial 16 with value: 0.0006247966084629297.[0m
[32m[I 2025-02-04 04:25:57,531][0m Trial 22 finished with value: 0.0013634909383571621 and parameters: {'observation_period_num': 113, 'train_rates': 0.9534991441346582, 'learning_rate': 0.00010514483295989412, 'batch_size': 31, 'step_size': 13, 'gamma': 0.8822892997823267}. Best is trial 16 with value: 0.0006247966084629297.[0m
[32m[I 2025-02-04 04:27:06,419][0m Trial 23 finished with value: 0.000586385081987828 and parameters: {'observation_period_num': 144, 'train_rates': 0.9895350485255534, 'learning_rate': 0.0009271279967172883, 'batch_size': 84, 'step_size': 11, 'gamma': 0.8606677255393724}. Best is trial 23 with value: 0.000586385081987828.[0m
[32m[I 2025-02-04 04:27:46,116][0m Trial 24 finished with value: 0.001228178058551089 and parameters: {'observation_period_num': 156, 'train_rates': 0.9118188686325692, 'learning_rate': 0.0006939676158760413, 'batch_size': 138, 'step_size': 7, 'gamma': 0.8591510233545409}. Best is trial 23 with value: 0.000586385081987828.[0m
[32m[I 2025-02-04 04:28:50,849][0m Trial 25 finished with value: 0.000581568386499338 and parameters: {'observation_period_num': 144, 'train_rates': 0.8673870949212665, 'learning_rate': 0.0008705302158338909, 'batch_size': 81, 'step_size': 11, 'gamma': 0.89275017124019}. Best is trial 25 with value: 0.000581568386499338.[0m
[32m[I 2025-02-04 04:29:49,505][0m Trial 26 finished with value: 0.0013084534903573723 and parameters: {'observation_period_num': 179, 'train_rates': 0.8752426120167243, 'learning_rate': 0.00042820913986875604, 'batch_size': 87, 'step_size': 10, 'gamma': 0.9093246065644286}. Best is trial 25 with value: 0.000581568386499338.[0m
[32m[I 2025-02-04 04:30:27,106][0m Trial 27 finished with value: 0.003202288509626742 and parameters: {'observation_period_num': 225, 'train_rates': 0.7442250453123632, 'learning_rate': 0.0008972969083917568, 'batch_size': 124, 'step_size': 11, 'gamma': 0.854216089770336}. Best is trial 25 with value: 0.000581568386499338.[0m
[32m[I 2025-02-04 04:30:57,556][0m Trial 28 finished with value: 0.002029785451775026 and parameters: {'observation_period_num': 145, 'train_rates': 0.8115963874093889, 'learning_rate': 0.00046811981603993666, 'batch_size': 167, 'step_size': 7, 'gamma': 0.8312939958868885}. Best is trial 25 with value: 0.000581568386499338.[0m
[32m[I 2025-02-04 04:32:09,690][0m Trial 29 finished with value: 0.0005864990122045912 and parameters: {'observation_period_num': 190, 'train_rates': 0.9243951661122792, 'learning_rate': 0.0009241733095070489, 'batch_size': 74, 'step_size': 5, 'gamma': 0.9279784373487443}. Best is trial 25 with value: 0.000581568386499338.[0m
[32m[I 2025-02-04 04:33:32,454][0m Trial 30 finished with value: 0.00045118858416296024 and parameters: {'observation_period_num': 194, 'train_rates': 0.9273583188592451, 'learning_rate': 0.0009813109987592812, 'batch_size': 64, 'step_size': 5, 'gamma': 0.9317445614045998}. Best is trial 30 with value: 0.00045118858416296024.[0m
[32m[I 2025-02-04 04:34:50,923][0m Trial 31 finished with value: 0.0008217449994171384 and parameters: {'observation_period_num': 194, 'train_rates': 0.9218715555692255, 'learning_rate': 0.0009289454111858143, 'batch_size': 68, 'step_size': 5, 'gamma': 0.932654536410818}. Best is trial 30 with value: 0.00045118858416296024.[0m
