[32m[I 2025-02-04 04:35:58,314][0m Trial 32 finished with value: 0.0011070819636453178 and parameters: {'observation_period_num': 178, 'train_rates': 0.8576597938494998, 'learning_rate': 0.00032674019555640625, 'batch_size': 76, 'step_size': 5, 'gamma': 0.957326671057858}. Best is trial 30 with value: 0.00045118858416296024.[0m
[32m[I 2025-02-04 04:37:36,917][0m Trial 33 finished with value: 0.0008594241941214672 and parameters: {'observation_period_num': 229, 'train_rates': 0.9488169037555313, 'learning_rate': 0.0009636000788994013, 'batch_size': 54, 'step_size': 4, 'gamma': 0.893908552869838}. Best is trial 30 with value: 0.00045118858416296024.[0m
[32m[I 2025-02-04 04:38:31,321][0m Trial 34 finished with value: 0.017637568919677778 and parameters: {'observation_period_num': 207, 'train_rates': 0.8752756939407108, 'learning_rate': 0.0005121261452481215, 'batch_size': 96, 'step_size': 1, 'gamma': 0.873557581611713}. Best is trial 30 with value: 0.00045118858416296024.[0m
[32m[I 2025-02-04 04:40:11,106][0m Trial 35 finished with value: 0.0007484867732784009 and parameters: {'observation_period_num': 164, 'train_rates': 0.9594033470087316, 'learning_rate': 0.0003028336440660561, 'batch_size': 55, 'step_size': 6, 'gamma': 0.9218120926227771}. Best is trial 30 with value: 0.00045118858416296024.[0m
[32m[I 2025-02-04 04:40:43,624][0m Trial 36 finished with value: 0.0036274018823140605 and parameters: {'observation_period_num': 232, 'train_rates': 0.8204733062158658, 'learning_rate': 0.00014498140880082923, 'batch_size': 152, 'step_size': 3, 'gamma': 0.9367907307470961}. Best is trial 30 with value: 0.00045118858416296024.[0m
[32m[I 2025-02-04 04:41:58,072][0m Trial 37 finished with value: 0.0005015207937303715 and parameters: {'observation_period_num': 172, 'train_rates': 0.9071446865642694, 'learning_rate': 0.0005130839835875193, 'batch_size': 71, 'step_size': 6, 'gamma': 0.944275698620075}. Best is trial 30 with value: 0.00045118858416296024.[0m
[32m[I 2025-02-04 04:42:37,650][0m Trial 38 finished with value: 0.0014226498775685983 and parameters: {'observation_period_num': 171, 'train_rates': 0.7779703762720184, 'learning_rate': 0.0005383281246812727, 'batch_size': 123, 'step_size': 8, 'gamma': 0.948131848691864}. Best is trial 30 with value: 0.00045118858416296024.[0m
[32m[I 2025-02-04 04:44:34,015][0m Trial 39 finished with value: 0.0017256949102054076 and parameters: {'observation_period_num': 215, 'train_rates': 0.9007566223306349, 'learning_rate': 0.0002877561736522854, 'batch_size': 44, 'step_size': 6, 'gamma': 0.9715473083629721}. Best is trial 30 with value: 0.00045118858416296024.[0m
[32m[I 2025-02-04 04:45:54,184][0m Trial 40 finished with value: 0.0348735294484026 and parameters: {'observation_period_num': 142, 'train_rates': 0.860900155860909, 'learning_rate': 1.447749094855702e-05, 'batch_size': 65, 'step_size': 8, 'gamma': 0.8052139932759186}. Best is trial 30 with value: 0.00045118858416296024.[0m
[32m[I 2025-02-04 04:47:02,902][0m Trial 41 finished with value: 0.0005640337418299169 and parameters: {'observation_period_num': 197, 'train_rates': 0.9166126479372877, 'learning_rate': 0.00058303608033067, 'batch_size': 78, 'step_size': 6, 'gamma': 0.921618766287784}. Best is trial 30 with value: 0.00045118858416296024.[0m
[32m[I 2025-02-04 04:48:01,011][0m Trial 42 finished with value: 0.0008959364748766852 and parameters: {'observation_period_num': 192, 'train_rates': 0.837064881636647, 'learning_rate': 0.0005925188191593547, 'batch_size': 88, 'step_size': 6, 'gamma': 0.8983662456161986}. Best is trial 30 with value: 0.00045118858416296024.[0m
[32m[I 2025-02-04 04:49:39,010][0m Trial 43 finished with value: 0.0005655664480636242 and parameters: {'observation_period_num': 203, 'train_rates': 0.9610353307468283, 'learning_rate': 0.00039353999273869625, 'batch_size': 55, 'step_size': 4, 'gamma': 0.9180978994346424}. Best is trial 30 with value: 0.00045118858416296024.[0m
[32m[I 2025-02-04 04:51:06,491][0m Trial 44 finished with value: 0.002716885487798874 and parameters: {'observation_period_num': 240, 'train_rates': 0.9092898573018166, 'learning_rate': 0.0001888286890269423, 'batch_size': 59, 'step_size': 3, 'gamma': 0.921599615906059}. Best is trial 30 with value: 0.00045118858416296024.[0m
[32m[I 2025-02-04 04:52:54,581][0m Trial 45 finished with value: 0.0019282967333906684 and parameters: {'observation_period_num': 206, 'train_rates': 0.8945440407248088, 'learning_rate': 0.0004207116784798307, 'batch_size': 48, 'step_size': 4, 'gamma': 0.9700591594665973}. Best is trial 30 with value: 0.00045118858416296024.[0m
[32m[I 2025-02-04 04:55:35,201][0m Trial 46 finished with value: 0.05270239414305103 and parameters: {'observation_period_num': 177, 'train_rates': 0.9647266563443975, 'learning_rate': 3.05055453706286e-06, 'batch_size': 34, 'step_size': 3, 'gamma': 0.9499485708641036}. Best is trial 30 with value: 0.00045118858416296024.[0m
[32m[I 2025-02-04 04:56:54,852][0m Trial 47 finished with value: 0.0006090415649056907 and parameters: {'observation_period_num': 199, 'train_rates': 0.9315733847682335, 'learning_rate': 0.0006296095147284616, 'batch_size': 67, 'step_size': 7, 'gamma': 0.9167217435558332}. Best is trial 30 with value: 0.00045118858416296024.[0m
[32m[I 2025-02-04 04:59:53,280][0m Trial 48 finished with value: 0.007600139124689339 and parameters: {'observation_period_num': 217, 'train_rates': 0.873186699295904, 'learning_rate': 0.0001496526018461608, 'batch_size': 28, 'step_size': 6, 'gamma': 0.9699569372995122}. Best is trial 30 with value: 0.00045118858416296024.[0m
[32m[I 2025-02-04 05:00:44,062][0m Trial 49 finished with value: 0.0035127726331038375 and parameters: {'observation_period_num': 244, 'train_rates': 0.9213670381975327, 'learning_rate': 0.0002534414807667616, 'batch_size': 104, 'step_size': 2, 'gamma': 0.9403563732000321}. Best is trial 30 with value: 0.00045118858416296024.[0m
[32m[I 2025-02-04 05:00:44,068][0m A new study created in memory with name: no-name-c68cadea-c31f-4e0e-bbbe-a07f6391d1db[0m
[32m[I 2025-02-04 05:02:00,252][0m Trial 0 finished with value: 0.029620050462371122 and parameters: {'observation_period_num': 29, 'train_rates': 0.8364022032965409, 'learning_rate': 1.055708987778104e-05, 'batch_size': 69, 'step_size': 5, 'gamma': 0.9823644531266733}. Best is trial 0 with value: 0.029620050462371122.[0m
[32m[I 2025-02-04 05:02:30,306][0m Trial 1 finished with value: 0.14814305200242459 and parameters: {'observation_period_num': 99, 'train_rates': 0.6576207569388229, 'learning_rate': 4.7362242121048666e-05, 'batch_size': 147, 'step_size': 1, 'gamma': 0.8865214010289029}. Best is trial 0 with value: 0.029620050462371122.[0m
[32m[I 2025-02-04 05:03:12,052][0m Trial 2 finished with value: 0.008476174123406307 and parameters: {'observation_period_num': 200, 'train_rates': 0.7882765849646269, 'learning_rate': 0.00011913909446602758, 'batch_size': 115, 'step_size': 5, 'gamma': 0.7994798260246934}. Best is trial 2 with value: 0.008476174123406307.[0m
[32m[I 2025-02-04 05:04:41,213][0m Trial 3 finished with value: 0.0173334848950617 and parameters: {'observation_period_num': 95, 'train_rates': 0.6850462746122573, 'learning_rate': 4.5059191385472015e-05, 'batch_size': 50, 'step_size': 7, 'gamma': 0.9701208614657489}. Best is trial 2 with value: 0.008476174123406307.[0m
[32m[I 2025-02-04 05:05:11,577][0m Trial 4 finished with value: 0.009722308471719635 and parameters: {'observation_period_num': 47, 'train_rates': 0.83839059846526, 'learning_rate': 0.0002867421194054101, 'batch_size': 177, 'step_size': 11, 'gamma': 0.8041503915928057}. Best is trial 2 with value: 0.008476174123406307.[0m
[32m[I 2025-02-04 05:06:09,241][0m Trial 5 finished with value: 0.01981724404649418 and parameters: {'observation_period_num': 39, 'train_rates': 0.7219645048894273, 'learning_rate': 0.0004871543201050704, 'batch_size': 82, 'step_size': 3, 'gamma': 0.7532856402958908}. Best is trial 2 with value: 0.008476174123406307.[0m
[32m[I 2025-02-04 05:10:23,265][0m Trial 6 finished with value: 0.006850237537883944 and parameters: {'observation_period_num': 202, 'train_rates': 0.8313108238905336, 'learning_rate': 7.56738149086166e-05, 'batch_size': 19, 'step_size': 3, 'gamma': 0.862015652243626}. Best is trial 6 with value: 0.006850237537883944.[0m
[32m[I 2025-02-04 05:10:56,830][0m Trial 7 finished with value: 0.007669397164136171 and parameters: {'observation_period_num': 105, 'train_rates': 0.9814969342769362, 'learning_rate': 8.086248213498488e-05, 'batch_size': 176, 'step_size': 8, 'gamma': 0.8809998613268102}. Best is trial 6 with value: 0.006850237537883944.[0m
[32m[I 2025-02-04 05:12:11,008][0m Trial 8 finished with value: 0.2543477640688238 and parameters: {'observation_period_num': 140, 'train_rates': 0.7659652178575282, 'learning_rate': 1.3522004032108818e-06, 'batch_size': 64, 'step_size': 10, 'gamma': 0.8526269235514299}. Best is trial 6 with value: 0.006850237537883944.[0m
[32m[I 2025-02-04 05:12:56,433][0m Trial 9 finished with value: 0.016425390931544825 and parameters: {'observation_period_num': 110, 'train_rates': 0.9552660306107879, 'learning_rate': 2.196397627496626e-05, 'batch_size': 125, 'step_size': 15, 'gamma': 0.7594164047918424}. Best is trial 6 with value: 0.006850237537883944.[0m
[32m[I 2025-02-04 05:13:18,236][0m Trial 10 finished with value: 0.2071468046513097 and parameters: {'observation_period_num': 251, 'train_rates': 0.8926234362157393, 'learning_rate': 5.185141966206765e-06, 'batch_size': 247, 'step_size': 1, 'gamma': 0.9397881281985975}. Best is trial 6 with value: 0.006850237537883944.[0m
[32m[I 2025-02-04 05:18:08,321][0m Trial 11 finished with value: 0.0010468527770546429 and parameters: {'observation_period_num': 171, 'train_rates': 0.9879291106358091, 'learning_rate': 0.00013599674122591972, 'batch_size': 19, 'step_size': 9, 'gamma': 0.8840963257190972}. Best is trial 11 with value: 0.0010468527770546429.[0m
[32m[I 2025-02-04 05:22:57,787][0m Trial 12 finished with value: 0.298657545261085 and parameters: {'observation_period_num': 197, 'train_rates': 0.927654951940959, 'learning_rate': 0.0008803748518843106, 'batch_size': 18, 'step_size': 12, 'gamma': 0.9142010429272321}. Best is trial 11 with value: 0.0010468527770546429.[0m
[32m[I 2025-02-04 05:27:42,272][0m Trial 13 finished with value: 0.0021202084540260678 and parameters: {'observation_period_num': 174, 'train_rates': 0.898734673769358, 'learning_rate': 0.00019088749022065003, 'batch_size': 18, 'step_size': 6, 'gamma': 0.8383531609117245}. Best is trial 11 with value: 0.0010468527770546429.[0m
[32m[I 2025-02-04 05:30:02,587][0m Trial 14 finished with value: 0.002292673846216749 and parameters: {'observation_period_num': 166, 'train_rates': 0.8970448111991959, 'learning_rate': 0.00022172504252223406, 'batch_size': 37, 'step_size': 9, 'gamma': 0.8338082234531703}. Best is trial 11 with value: 0.0010468527770546429.[0m
[32m[I 2025-02-04 05:31:05,831][0m Trial 15 finished with value: 0.0010120195802301168 and parameters: {'observation_period_num': 162, 'train_rates': 0.9894622312893846, 'learning_rate': 0.00017547446567781302, 'batch_size': 90, 'step_size': 13, 'gamma': 0.9166069610921949}. Best is trial 15 with value: 0.0010120195802301168.[0m
[32m[I 2025-02-04 05:32:05,360][0m Trial 16 finished with value: 0.32784780859947205 and parameters: {'observation_period_num': 250, 'train_rates': 0.9848680204748297, 'learning_rate': 0.000872873809362689, 'batch_size': 93, 'step_size': 14, 'gamma': 0.9166294100930763}. Best is trial 15 with value: 0.0010120195802301168.[0m
[32m[I 2025-02-04 05:32:59,167][0m Trial 17 finished with value: 0.00707924298286362 and parameters: {'observation_period_num': 142, 'train_rates': 0.9304963045444341, 'learning_rate': 2.1091138381552004e-05, 'batch_size': 103, 'step_size': 13, 'gamma': 0.9410197006718832}. Best is trial 15 with value: 0.0010120195802301168.[0m
[32m[I 2025-02-04 05:33:16,798][0m Trial 18 finished with value: 0.004919970334455453 and parameters: {'observation_period_num': 171, 'train_rates': 0.6078267730508804, 'learning_rate': 0.0003010210786876377, 'batch_size': 243, 'step_size': 11, 'gamma': 0.9014355432240059}. Best is trial 15 with value: 0.0010120195802301168.[0m
[32m[I 2025-02-04 05:33:56,369][0m Trial 19 finished with value: 0.0036008907482028008 and parameters: {'observation_period_num': 70, 'train_rates': 0.9871328532917634, 'learning_rate': 0.00012088327748581799, 'batch_size': 154, 'step_size': 15, 'gamma': 0.9430641510285868}. Best is trial 15 with value: 0.0010120195802301168.[0m
[32m[I 2025-02-04 05:34:21,976][0m Trial 20 finished with value: 0.05687699755604979 and parameters: {'observation_period_num': 222, 'train_rates': 0.8601893548241517, 'learning_rate': 4.609819173463008e-06, 'batch_size': 206, 'step_size': 13, 'gamma': 0.9625312852100312}. Best is trial 15 with value: 0.0010120195802301168.[0m
[32m[I 2025-02-04 05:36:54,734][0m Trial 21 finished with value: 0.004625213503706477 and parameters: {'observation_period_num': 165, 'train_rates': 0.9261939124986248, 'learning_rate': 0.00017402978396780658, 'batch_size': 35, 'step_size': 6, 'gamma': 0.8218356798192759}. Best is trial 15 with value: 0.0010120195802301168.[0m
[32m[I 2025-02-04 05:38:32,739][0m Trial 22 finished with value: 0.0019174914692377891 and parameters: {'observation_period_num': 181, 'train_rates': 0.951101346210502, 'learning_rate': 0.00041323553201431647, 'batch_size': 55, 'step_size': 8, 'gamma': 0.8479311481416076}. Best is trial 15 with value: 0.0010120195802301168.[0m
[32m[I 2025-02-04 05:40:07,302][0m Trial 23 finished with value: 0.0015030489025164896 and parameters: {'observation_period_num': 132, 'train_rates': 0.9526284501908632, 'learning_rate': 0.00042775182491913233, 'batch_size': 59, 'step_size': 9, 'gamma': 0.8728196862193395}. Best is trial 15 with value: 0.0010120195802301168.[0m
[32m[I 2025-02-04 05:41:17,495][0m Trial 24 finished with value: 0.0035446030722761698 and parameters: {'observation_period_num': 129, 'train_rates': 0.9610310254481007, 'learning_rate': 0.0005059529802024271, 'batch_size': 80, 'step_size': 10, 'gamma': 0.897551037706454}. Best is trial 15 with value: 0.0010120195802301168.[0m
[32m[I 2025-02-04 05:43:19,056][0m Trial 25 finished with value: 0.005191772360952416 and parameters: {'observation_period_num': 149, 'train_rates': 0.8755736837213733, 'learning_rate': 0.00011323690691422437, 'batch_size': 43, 'step_size': 9, 'gamma': 0.8787696008401745}. Best is trial 15 with value: 0.0010120195802301168.[0m
[32m[I 2025-02-04 05:44:12,331][0m Trial 26 finished with value: 0.007006837343353601 and parameters: {'observation_period_num': 121, 'train_rates': 0.9332771685220792, 'learning_rate': 5.6210247958120676e-05, 'batch_size': 107, 'step_size': 12, 'gamma': 0.9195616154813047}. Best is trial 15 with value: 0.0010120195802301168.[0m
[32m[I 2025-02-04 05:45:26,573][0m Trial 27 finished with value: 0.0010928926297071341 and parameters: {'observation_period_num': 84, 'train_rates': 0.9672056968017411, 'learning_rate': 0.0006140271281587977, 'batch_size': 77, 'step_size': 10, 'gamma': 0.8657286945965726}. Best is trial 15 with value: 0.0010120195802301168.[0m
[32m[I 2025-02-04 05:46:35,958][0m Trial 28 finished with value: 0.001463390071876347 and parameters: {'observation_period_num': 79, 'train_rates': 0.9892752265595858, 'learning_rate': 0.0009735291006855574, 'batch_size': 84, 'step_size': 11, 'gamma': 0.8972593476402043}. Best is trial 15 with value: 0.0010120195802301168.[0m
[32m[I 2025-02-04 05:47:16,943][0m Trial 29 finished with value: 0.008447298628131025 and parameters: {'observation_period_num': 22, 'train_rates': 0.8378450163048816, 'learning_rate': 0.0006133696172405282, 'batch_size': 130, 'step_size': 13, 'gamma': 0.8622094502314378}. Best is trial 15 with value: 0.0010120195802301168.[0m
[32m[I 2025-02-04 05:48:27,452][0m Trial 30 finished with value: 0.014178088321251439 and parameters: {'observation_period_num': 67, 'train_rates': 0.9022243543880534, 'learning_rate': 2.686301269517635e-05, 'batch_size': 78, 'step_size': 10, 'gamma': 0.929919029458111}. Best is trial 15 with value: 0.0010120195802301168.[0m
[32m[I 2025-02-04 05:49:33,053][0m Trial 31 finished with value: 0.0053326101042330265 and parameters: {'observation_period_num': 81, 'train_rates': 0.9861471209459318, 'learning_rate': 0.0009700699952257724, 'batch_size': 91, 'step_size': 11, 'gamma': 0.8973292989326953}. Best is trial 15 with value: 0.0010120195802301168.[0m
[32m[I 2025-02-04 05:50:13,096][0m Trial 32 finished with value: 0.015500918962061405 and parameters: {'observation_period_num': 9, 'train_rates': 0.963273460738067, 'learning_rate': 0.00027852592138370496, 'batch_size': 153, 'step_size': 12, 'gamma': 0.8918476137367238}. Best is trial 15 with value: 0.0010120195802301168.[0m
[32m[I 2025-02-04 05:51:28,799][0m Trial 33 finished with value: 0.0030682333192989693 and parameters: {'observation_period_num': 84, 'train_rates': 0.9662827516626784, 'learning_rate': 0.0001616518269662118, 'batch_size': 76, 'step_size': 8, 'gamma': 0.9561053667972255}. Best is trial 15 with value: 0.0010120195802301168.[0m
[32m[I 2025-02-04 05:52:19,367][0m Trial 34 finished with value: 0.003978092036129016 and parameters: {'observation_period_num': 58, 'train_rates': 0.9207232753121828, 'learning_rate': 0.0006432304637885933, 'batch_size': 112, 'step_size': 14, 'gamma': 0.9805823805293494}. Best is trial 15 with value: 0.0010120195802301168.[0m
[32m[I 2025-02-04 05:53:45,116][0m Trial 35 finished with value: 0.0008996122051030397 and parameters: {'observation_period_num': 152, 'train_rates': 0.9888281206439155, 'learning_rate': 0.0003336006599405143, 'batch_size': 66, 'step_size': 11, 'gamma': 0.904436133679957}. Best is trial 35 with value: 0.0008996122051030397.[0m
[32m[I 2025-02-04 05:54:55,135][0m Trial 36 finished with value: 0.0026792961765122487 and parameters: {'observation_period_num': 156, 'train_rates': 0.7450161361036151, 'learning_rate': 0.0003005061885544509, 'batch_size': 67, 'step_size': 7, 'gamma': 0.9216338748794465}. Best is trial 35 with value: 0.0008996122051030397.[0m
[32m[I 2025-02-04 05:57:22,603][0m Trial 37 finished with value: 0.013569959773345611 and parameters: {'observation_period_num': 196, 'train_rates': 0.7922512775501482, 'learning_rate': 0.00010399673757521163, 'batch_size': 32, 'step_size': 10, 'gamma': 0.9065621298978536}. Best is trial 35 with value: 0.0008996122051030397.[0m
[32m[I 2025-02-04 05:58:49,987][0m Trial 38 finished with value: 0.008871489138836229 and parameters: {'observation_period_num': 117, 'train_rates': 0.6848359917463015, 'learning_rate': 7.143144988590362e-05, 'batch_size': 51, 'step_size': 12, 'gamma': 0.8665082602415689}. Best is trial 35 with value: 0.0008996122051030397.[0m
[32m[I 2025-02-04 05:59:47,569][0m Trial 39 finished with value: 0.005663979567376012 and parameters: {'observation_period_num': 95, 'train_rates': 0.9508258002685193, 'learning_rate': 3.821165277489354e-05, 'batch_size': 98, 'step_size': 14, 'gamma': 0.8830342910607314}. Best is trial 35 with value: 0.0008996122051030397.[0m
[32m[I 2025-02-04 06:00:29,072][0m Trial 40 finished with value: 0.035083282738924026 and parameters: {'observation_period_num': 217, 'train_rates': 0.9706532600815395, 'learning_rate': 1.3166435488094805e-05, 'batch_size': 138, 'step_size': 9, 'gamma': 0.8081840317838916}. Best is trial 35 with value: 0.0008996122051030397.[0m
[32m[I 2025-02-04 06:01:30,699][0m Trial 41 finished with value: 0.00248931208216961 and parameters: {'observation_period_num': 155, 'train_rates': 0.9389367811706506, 'learning_rate': 0.000317137839944041, 'batch_size': 89, 'step_size': 11, 'gamma': 0.8899318745777274}. Best is trial 35 with value: 0.0008996122051030397.[0m
[32m[I 2025-02-04 06:02:18,062][0m Trial 42 finished with value: 0.0007597610238008201 and parameters: {'observation_period_num': 187, 'train_rates': 0.989569238623528, 'learning_rate': 0.000653305501781645, 'batch_size': 119, 'step_size': 11, 'gamma': 0.9070853247393045}. Best is trial 42 with value: 0.0007597610238008201.[0m
[32m[I 2025-02-04 06:03:05,276][0m Trial 43 finished with value: 0.0014836754417046905 and parameters: {'observation_period_num': 188, 'train_rates': 0.9704904007983945, 'learning_rate': 0.0006620301591513665, 'batch_size': 117, 'step_size': 10, 'gamma': 0.9296768976885516}. Best is trial 42 with value: 0.0007597610238008201.[0m
[32m[I 2025-02-04 06:03:47,023][0m Trial 44 finished with value: 0.003026068132991592 and parameters: {'observation_period_num': 214, 'train_rates': 0.8095044754260131, 'learning_rate': 0.0004184537606837797, 'batch_size': 122, 'step_size': 7, 'gamma': 0.9092119348330555}. Best is trial 42 with value: 0.0007597610238008201.[0m
[32m[I 2025-02-04 06:04:59,315][0m Trial 45 finished with value: 0.004315020318513309 and parameters: {'observation_period_num': 188, 'train_rates': 0.9119556204059186, 'learning_rate': 0.00022732983311105168, 'batch_size': 73, 'step_size': 12, 'gamma': 0.776923552484524}. Best is trial 42 with value: 0.0007597610238008201.[0m
[32m[I 2025-02-04 06:05:32,732][0m Trial 46 finished with value: 0.001978863263502717 and parameters: {'observation_period_num': 139, 'train_rates': 0.9434125497117091, 'learning_rate': 0.0005779396430474701, 'batch_size': 167, 'step_size': 11, 'gamma': 0.8747113593271028}. Best is trial 42 with value: 0.0007597610238008201.[0m
[32m[I 2025-02-04 06:08:57,537][0m Trial 47 finished with value: 0.007419700741657272 and parameters: {'observation_period_num': 158, 'train_rates': 0.8781903388598049, 'learning_rate': 0.00013842904084270045, 'batch_size': 25, 'step_size': 13, 'gamma': 0.8530974246471141}. Best is trial 42 with value: 0.0007597610238008201.[0m
