[32m[I 2025-02-01 21:56:30,772][0m Trial 49 finished with value: 0.2288206240877538 and parameters: {'observation_period_num': 60, 'train_rates': 0.6458106398087682, 'learning_rate': 1.354263193555068e-05, 'batch_size': 40, 'step_size': 3, 'gamma': 0.8863114613016317}. Best is trial 10 with value: 0.06184046451101829.[0m
resid „ÅÆÊúÄÈÅ©„Éè„Ç§„Éë„Éº„Éë„É©„É°„Éº„Çø„ÅåË¶ã„Å§„Åã„Çä„Åæ„Åó„Åü
ÊúÄÈÅ©„Éè„Ç§„Éë„Éº„Éë„É©„É°„Éº„Çø„Åå best_hyperparameters_SBUX_iTransformer.json „Å´‰øùÂ≠ò„Åï„Çå„Åæ„Åó„Åü
Training trend component with params: {'observation_period_num': 5, 'train_rates': 0.7061854111320305, 'learning_rate': 0.0003013278996634321, 'batch_size': 237, 'step_size': 7, 'gamma': 0.8444228951539271}
Epoch 1/300, trend Loss: 0.6075 | 0.6055
Epoch 2/300, trend Loss: 0.2410 | 0.2227
Epoch 3/300, trend Loss: 0.3005 | 0.2379
Epoch 4/300, trend Loss: 0.2734 | 0.2381
Epoch 5/300, trend Loss: 0.1915 | 0.1787
Epoch 6/300, trend Loss: 0.1542 | 0.1692
Epoch 7/300, trend Loss: 0.1483 | 0.1461
Epoch 8/300, trend Loss: 0.1428 | 0.1495
Epoch 9/300, trend Loss: 0.1438 | 0.1357
Epoch 10/300, trend Loss: 0.1396 | 0.1446
Epoch 11/300, trend Loss: 0.1403 | 0.1286
Epoch 12/300, trend Loss: 0.1359 | 0.1420
Epoch 13/300, trend Loss: 0.1346 | 0.1233
Epoch 14/300, trend Loss: 0.1308 | 0.1316
Epoch 15/300, trend Loss: 0.1290 | 0.1239
Epoch 16/300, trend Loss: 0.1267 | 0.1220
Epoch 17/300, trend Loss: 0.1247 | 0.1259
Epoch 18/300, trend Loss: 0.1237 | 0.1164
Epoch 19/300, trend Loss: 0.1217 | 0.1261
Epoch 20/300, trend Loss: 0.1213 | 0.1138
Epoch 21/300, trend Loss: 0.1196 | 0.1238
Epoch 22/300, trend Loss: 0.1191 | 0.1131
Epoch 23/300, trend Loss: 0.1178 | 0.1194
Epoch 24/300, trend Loss: 0.1172 | 0.1142
Epoch 25/300, trend Loss: 0.1163 | 0.1159
Epoch 26/300, trend Loss: 0.1156 | 0.1140
Epoch 27/300, trend Loss: 0.1150 | 0.1135
Epoch 28/300, trend Loss: 0.1144 | 0.1135
Epoch 29/300, trend Loss: 0.1139 | 0.1120
Epoch 30/300, trend Loss: 0.1135 | 0.1121
Epoch 31/300, trend Loss: 0.1131 | 0.1113
Epoch 32/300, trend Loss: 0.1127 | 0.1108
Epoch 33/300, trend Loss: 0.1123 | 0.1103
Epoch 34/300, trend Loss: 0.1119 | 0.1097
Epoch 35/300, trend Loss: 0.1116 | 0.1095
Epoch 36/300, trend Loss: 0.1113 | 0.1089
Epoch 37/300, trend Loss: 0.1111 | 0.1085
Epoch 38/300, trend Loss: 0.1108 | 0.1082
Epoch 39/300, trend Loss: 0.1106 | 0.1077
Epoch 40/300, trend Loss: 0.1104 | 0.1074
Epoch 41/300, trend Loss: 0.1102 | 0.1070
Epoch 42/300, trend Loss: 0.1100 | 0.1067
Epoch 43/300, trend Loss: 0.1098 | 0.1064
Epoch 44/300, trend Loss: 0.1096 | 0.1061
Epoch 45/300, trend Loss: 0.1094 | 0.1058
Epoch 46/300, trend Loss: 0.1093 | 0.1056
Epoch 47/300, trend Loss: 0.1091 | 0.1053
Epoch 48/300, trend Loss: 0.1090 | 0.1050
Epoch 49/300, trend Loss: 0.1089 | 0.1048
Epoch 50/300, trend Loss: 0.1087 | 0.1046
Epoch 51/300, trend Loss: 0.1086 | 0.1044
Epoch 52/300, trend Loss: 0.1085 | 0.1042
Epoch 53/300, trend Loss: 0.1084 | 0.1040
Epoch 54/300, trend Loss: 0.1083 | 0.1038
Epoch 55/300, trend Loss: 0.1082 | 0.1036
Epoch 56/300, trend Loss: 0.1081 | 0.1035
Epoch 57/300, trend Loss: 0.1080 | 0.1033
Epoch 58/300, trend Loss: 0.1079 | 0.1032
Epoch 59/300, trend Loss: 0.1078 | 0.1030
Epoch 60/300, trend Loss: 0.1078 | 0.1029
Epoch 61/300, trend Loss: 0.1077 | 0.1028
Epoch 62/300, trend Loss: 0.1076 | 0.1026
Epoch 63/300, trend Loss: 0.1076 | 0.1025
Epoch 64/300, trend Loss: 0.1075 | 0.1024
Epoch 65/300, trend Loss: 0.1074 | 0.1023
Epoch 66/300, trend Loss: 0.1074 | 0.1022
Epoch 67/300, trend Loss: 0.1073 | 0.1021
Epoch 68/300, trend Loss: 0.1073 | 0.1020
Epoch 69/300, trend Loss: 0.1072 | 0.1019
Epoch 70/300, trend Loss: 0.1072 | 0.1018
Epoch 71/300, trend Loss: 0.1071 | 0.1017
Epoch 72/300, trend Loss: 0.1071 | 0.1017
Epoch 73/300, trend Loss: 0.1070 | 0.1016
Epoch 74/300, trend Loss: 0.1070 | 0.1015
Epoch 75/300, trend Loss: 0.1069 | 0.1014
Epoch 76/300, trend Loss: 0.1069 | 0.1014
Epoch 77/300, trend Loss: 0.1069 | 0.1013
Epoch 78/300, trend Loss: 0.1068 | 0.1012
Epoch 79/300, trend Loss: 0.1068 | 0.1012
Epoch 80/300, trend Loss: 0.1068 | 0.1011
Epoch 81/300, trend Loss: 0.1067 | 0.1011
Epoch 82/300, trend Loss: 0.1067 | 0.1010
Epoch 83/300, trend Loss: 0.1067 | 0.1010
Epoch 84/300, trend Loss: 0.1067 | 0.1009
Epoch 85/300, trend Loss: 0.1066 | 0.1009
Epoch 86/300, trend Loss: 0.1066 | 0.1009
Epoch 87/300, trend Loss: 0.1066 | 0.1008
Epoch 88/300, trend Loss: 0.1066 | 0.1008
Epoch 89/300, trend Loss: 0.1065 | 0.1007
Epoch 90/300, trend Loss: 0.1065 | 0.1007
Epoch 91/300, trend Loss: 0.1065 | 0.1007
Epoch 92/300, trend Loss: 0.1065 | 0.1006
Epoch 93/300, trend Loss: 0.1065 | 0.1006
Epoch 94/300, trend Loss: 0.1065 | 0.1006
Epoch 95/300, trend Loss: 0.1064 | 0.1005
Epoch 96/300, trend Loss: 0.1064 | 0.1005
Epoch 97/300, trend Loss: 0.1064 | 0.1005
Epoch 98/300, trend Loss: 0.1064 | 0.1005
Epoch 99/300, trend Loss: 0.1064 | 0.1004
Epoch 100/300, trend Loss: 0.1064 | 0.1004
Epoch 101/300, trend Loss: 0.1064 | 0.1004
Epoch 102/300, trend Loss: 0.1063 | 0.1004
Epoch 103/300, trend Loss: 0.1063 | 0.1004
Epoch 104/300, trend Loss: 0.1063 | 0.1003
Epoch 105/300, trend Loss: 0.1063 | 0.1003
Epoch 106/300, trend Loss: 0.1063 | 0.1003
Epoch 107/300, trend Loss: 0.1063 | 0.1003
Epoch 108/300, trend Loss: 0.1063 | 0.1003
Epoch 109/300, trend Loss: 0.1063 | 0.1003
Epoch 110/300, trend Loss: 0.1063 | 0.1002
Epoch 111/300, trend Loss: 0.1063 | 0.1002
Epoch 112/300, trend Loss: 0.1063 | 0.1002
Epoch 113/300, trend Loss: 0.1062 | 0.1002
Epoch 114/300, trend Loss: 0.1062 | 0.1002
Epoch 115/300, trend Loss: 0.1062 | 0.1002
Epoch 116/300, trend Loss: 0.1062 | 0.1002
Epoch 117/300, trend Loss: 0.1062 | 0.1002
Epoch 118/300, trend Loss: 0.1062 | 0.1001
Epoch 119/300, trend Loss: 0.1062 | 0.1001
Epoch 120/300, trend Loss: 0.1062 | 0.1001
Epoch 121/300, trend Loss: 0.1062 | 0.1001
Epoch 122/300, trend Loss: 0.1062 | 0.1001
Epoch 123/300, trend Loss: 0.1062 | 0.1001
Epoch 124/300, trend Loss: 0.1062 | 0.1001
Epoch 125/300, trend Loss: 0.1062 | 0.1001
Epoch 126/300, trend Loss: 0.1062 | 0.1001
Epoch 127/300, trend Loss: 0.1062 | 0.1001
Epoch 128/300, trend Loss: 0.1062 | 0.1001
Epoch 129/300, trend Loss: 0.1062 | 0.1001
Epoch 130/300, trend Loss: 0.1062 | 0.1001
Epoch 131/300, trend Loss: 0.1062 | 0.1000
Epoch 132/300, trend Loss: 0.1062 | 0.1000
Epoch 133/300, trend Loss: 0.1061 | 0.1000
Epoch 134/300, trend Loss: 0.1061 | 0.1000
Epoch 135/300, trend Loss: 0.1061 | 0.1000
Epoch 136/300, trend Loss: 0.1061 | 0.1000
Epoch 137/300, trend Loss: 0.1061 | 0.1000
Epoch 138/300, trend Loss: 0.1061 | 0.1000
Epoch 139/300, trend Loss: 0.1061 | 0.1000
Epoch 140/300, trend Loss: 0.1061 | 0.1000
Epoch 141/300, trend Loss: 0.1061 | 0.1000
Epoch 142/300, trend Loss: 0.1061 | 0.1000
Epoch 143/300, trend Loss: 0.1061 | 0.1000
Epoch 144/300, trend Loss: 0.1061 | 0.1000
Epoch 145/300, trend Loss: 0.1061 | 0.1000
Epoch 146/300, trend Loss: 0.1061 | 0.1000
Epoch 147/300, trend Loss: 0.1061 | 0.1000
Epoch 148/300, trend Loss: 0.1061 | 0.1000
Epoch 149/300, trend Loss: 0.1061 | 0.1000
Epoch 150/300, trend Loss: 0.1061 | 0.1000
Epoch 151/300, trend Loss: 0.1061 | 0.1000
Epoch 152/300, trend Loss: 0.1061 | 0.1000
Epoch 153/300, trend Loss: 0.1061 | 0.1000
Epoch 154/300, trend Loss: 0.1061 | 0.1000
Epoch 155/300, trend Loss: 0.1061 | 0.1000
Epoch 156/300, trend Loss: 0.1061 | 0.1000
Epoch 157/300, trend Loss: 0.1061 | 0.1000
Epoch 158/300, trend Loss: 0.1061 | 0.1000
Epoch 159/300, trend Loss: 0.1061 | 0.1000
Epoch 160/300, trend Loss: 0.1061 | 0.1000
Epoch 161/300, trend Loss: 0.1061 | 0.1000
Epoch 162/300, trend Loss: 0.1061 | 0.1000
Epoch 163/300, trend Loss: 0.1061 | 0.1000
Epoch 164/300, trend Loss: 0.1061 | 0.1000
Epoch 165/300, trend Loss: 0.1061 | 0.1000
Epoch 166/300, trend Loss: 0.1061 | 0.0999
Epoch 167/300, trend Loss: 0.1061 | 0.0999
Epoch 168/300, trend Loss: 0.1061 | 0.0999
Epoch 169/300, trend Loss: 0.1061 | 0.0999
Epoch 170/300, trend Loss: 0.1061 | 0.0999
Epoch 171/300, trend Loss: 0.1061 | 0.0999
Epoch 172/300, trend Loss: 0.1061 | 0.0999
Epoch 173/300, trend Loss: 0.1061 | 0.0999
Epoch 174/300, trend Loss: 0.1061 | 0.0999
Epoch 175/300, trend Loss: 0.1061 | 0.0999
Epoch 176/300, trend Loss: 0.1061 | 0.0999
Epoch 177/300, trend Loss: 0.1061 | 0.0999
Epoch 178/300, trend Loss: 0.1061 | 0.0999
Epoch 179/300, trend Loss: 0.1061 | 0.0999
Epoch 180/300, trend Loss: 0.1061 | 0.0999
Epoch 181/300, trend Loss: 0.1061 | 0.0999
Epoch 182/300, trend Loss: 0.1061 | 0.0999
Epoch 183/300, trend Loss: 0.1061 | 0.0999
Epoch 184/300, trend Loss: 0.1061 | 0.0999
Epoch 185/300, trend Loss: 0.1061 | 0.0999
Epoch 186/300, trend Loss: 0.1061 | 0.0999
Epoch 187/300, trend Loss: 0.1061 | 0.0999
Epoch 188/300, trend Loss: 0.1061 | 0.0999
Epoch 189/300, trend Loss: 0.1061 | 0.0999
Epoch 190/300, trend Loss: 0.1061 | 0.0999
Epoch 191/300, trend Loss: 0.1061 | 0.0999
Epoch 192/300, trend Loss: 0.1061 | 0.0999
Epoch 193/300, trend Loss: 0.1061 | 0.0999
Epoch 194/300, trend Loss: 0.1061 | 0.0999
Epoch 195/300, trend Loss: 0.1061 | 0.0999
Epoch 196/300, trend Loss: 0.1061 | 0.0999
Epoch 197/300, trend Loss: 0.1061 | 0.0999
Epoch 198/300, trend Loss: 0.1061 | 0.0999
Epoch 199/300, trend Loss: 0.1061 | 0.0999
Epoch 200/300, trend Loss: 0.1061 | 0.0999
Epoch 201/300, trend Loss: 0.1061 | 0.0999
Epoch 202/300, trend Loss: 0.1061 | 0.0999
Epoch 203/300, trend Loss: 0.1061 | 0.0999
Epoch 204/300, trend Loss: 0.1061 | 0.0999
Epoch 205/300, trend Loss: 0.1061 | 0.0999
Epoch 206/300, trend Loss: 0.1061 | 0.0999
Epoch 207/300, trend Loss: 0.1061 | 0.0999
Epoch 208/300, trend Loss: 0.1061 | 0.0999
Epoch 209/300, trend Loss: 0.1061 | 0.0999
Epoch 210/300, trend Loss: 0.1061 | 0.0999
Epoch 211/300, trend Loss: 0.1061 | 0.0999
Epoch 212/300, trend Loss: 0.1061 | 0.0999
Epoch 213/300, trend Loss: 0.1061 | 0.0999
Epoch 214/300, trend Loss: 0.1061 | 0.0999
Epoch 215/300, trend Loss: 0.1061 | 0.0999
Epoch 216/300, trend Loss: 0.1061 | 0.0999
Epoch 217/300, trend Loss: 0.1061 | 0.0999
Epoch 218/300, trend Loss: 0.1061 | 0.0999
Epoch 219/300, trend Loss: 0.1061 | 0.0999
Epoch 220/300, trend Loss: 0.1061 | 0.0999
Epoch 221/300, trend Loss: 0.1061 | 0.0999
Epoch 222/300, trend Loss: 0.1061 | 0.0999
Epoch 223/300, trend Loss: 0.1061 | 0.0999
Epoch 224/300, trend Loss: 0.1061 | 0.0999
Epoch 225/300, trend Loss: 0.1061 | 0.0999
Epoch 226/300, trend Loss: 0.1061 | 0.0999
Epoch 227/300, trend Loss: 0.1061 | 0.0999
Epoch 228/300, trend Loss: 0.1061 | 0.0999
Epoch 229/300, trend Loss: 0.1061 | 0.0999
Epoch 230/300, trend Loss: 0.1061 | 0.0999
Epoch 231/300, trend Loss: 0.1061 | 0.0999
Epoch 232/300, trend Loss: 0.1061 | 0.0999
Epoch 233/300, trend Loss: 0.1061 | 0.0999
Epoch 234/300, trend Loss: 0.1061 | 0.0999
Epoch 235/300, trend Loss: 0.1061 | 0.0999
Epoch 236/300, trend Loss: 0.1061 | 0.0999
Epoch 237/300, trend Loss: 0.1061 | 0.0999
Epoch 238/300, trend Loss: 0.1061 | 0.0999
Epoch 239/300, trend Loss: 0.1061 | 0.0999
Epoch 240/300, trend Loss: 0.1061 | 0.0999
Epoch 241/300, trend Loss: 0.1061 | 0.0999
Epoch 242/300, trend Loss: 0.1061 | 0.0999
Epoch 243/300, trend Loss: 0.1061 | 0.0999
Epoch 244/300, trend Loss: 0.1061 | 0.0999
Epoch 245/300, trend Loss: 0.1061 | 0.0999
Epoch 246/300, trend Loss: 0.1061 | 0.0999
Epoch 247/300, trend Loss: 0.1061 | 0.0999
Epoch 248/300, trend Loss: 0.1061 | 0.0999
Epoch 249/300, trend Loss: 0.1061 | 0.0999
Epoch 250/300, trend Loss: 0.1061 | 0.0999
Epoch 251/300, trend Loss: 0.1061 | 0.0999
Epoch 252/300, trend Loss: 0.1061 | 0.0999
Epoch 253/300, trend Loss: 0.1061 | 0.0999
Epoch 254/300, trend Loss: 0.1061 | 0.0999
Early stopping for trend
Training seasonal_0 component with params: {'observation_period_num': 40, 'train_rates': 0.9817583756279298, 'learning_rate': 0.00010045968631504395, 'batch_size': 124, 'step_size': 5, 'gamma': 0.9130452153192891}
Epoch 1/300, seasonal_0 Loss: 1.0693 | 0.5476
Epoch 2/300, seasonal_0 Loss: 0.5469 | 0.5020
Epoch 3/300, seasonal_0 Loss: 0.3338 | 0.2956
Epoch 4/300, seasonal_0 Loss: 0.2643 | 0.2383
Epoch 5/300, seasonal_0 Loss: 0.2384 | 0.2350
Epoch 6/300, seasonal_0 Loss: 0.2112 | 0.2112
Epoch 7/300, seasonal_0 Loss: 0.1926 | 0.1906
Epoch 8/300, seasonal_0 Loss: 0.1807 | 0.1828
Epoch 9/300, seasonal_0 Loss: 0.1715 | 0.1797
Epoch 10/300, seasonal_0 Loss: 0.1638 | 0.1732
Epoch 11/300, seasonal_0 Loss: 0.1570 | 0.1651
Epoch 12/300, seasonal_0 Loss: 0.1525 | 0.1557
Epoch 13/300, seasonal_0 Loss: 0.1500 | 0.1479
Epoch 14/300, seasonal_0 Loss: 0.1493 | 0.1384
Epoch 15/300, seasonal_0 Loss: 0.1470 | 0.1305
Epoch 16/300, seasonal_0 Loss: 0.1423 | 0.1192
Epoch 17/300, seasonal_0 Loss: 0.1408 | 0.1123
Epoch 18/300, seasonal_0 Loss: 0.1427 | 0.1065
Epoch 19/300, seasonal_0 Loss: 0.1428 | 0.1023
Epoch 20/300, seasonal_0 Loss: 0.1380 | 0.1003
Epoch 21/300, seasonal_0 Loss: 0.1304 | 0.0981
Epoch 22/300, seasonal_0 Loss: 0.1272 | 0.0979
Epoch 23/300, seasonal_0 Loss: 0.1312 | 0.0992
Epoch 24/300, seasonal_0 Loss: 0.1342 | 0.0993
Epoch 25/300, seasonal_0 Loss: 0.1269 | 0.0975
Epoch 26/300, seasonal_0 Loss: 0.1244 | 0.0943
Epoch 27/300, seasonal_0 Loss: 0.1245 | 0.0883
Epoch 28/300, seasonal_0 Loss: 0.1220 | 0.0848
Epoch 29/300, seasonal_0 Loss: 0.1212 | 0.0834
Epoch 30/300, seasonal_0 Loss: 0.1200 | 0.0824
Epoch 31/300, seasonal_0 Loss: 0.1182 | 0.0819
Epoch 32/300, seasonal_0 Loss: 0.1170 | 0.0817
Epoch 33/300, seasonal_0 Loss: 0.1162 | 0.0808
Epoch 34/300, seasonal_0 Loss: 0.1155 | 0.0795
Epoch 35/300, seasonal_0 Loss: 0.1149 | 0.0785
Epoch 36/300, seasonal_0 Loss: 0.1143 | 0.0774
Epoch 37/300, seasonal_0 Loss: 0.1138 | 0.0768
Epoch 38/300, seasonal_0 Loss: 0.1132 | 0.0762
Epoch 39/300, seasonal_0 Loss: 0.1126 | 0.0755
Epoch 40/300, seasonal_0 Loss: 0.1121 | 0.0751
Epoch 41/300, seasonal_0 Loss: 0.1116 | 0.0746
Epoch 42/300, seasonal_0 Loss: 0.1111 | 0.0742
Epoch 43/300, seasonal_0 Loss: 0.1107 | 0.0736
Epoch 44/300, seasonal_0 Loss: 0.1102 | 0.0731
Epoch 45/300, seasonal_0 Loss: 0.1098 | 0.0728
Epoch 46/300, seasonal_0 Loss: 0.1094 | 0.0724
Epoch 47/300, seasonal_0 Loss: 0.1090 | 0.0720
Epoch 48/300, seasonal_0 Loss: 0.1087 | 0.0717
Epoch 49/300, seasonal_0 Loss: 0.1083 | 0.0713
Epoch 50/300, seasonal_0 Loss: 0.1080 | 0.0710
Epoch 51/300, seasonal_0 Loss: 0.1076 | 0.0707
Epoch 52/300, seasonal_0 Loss: 0.1073 | 0.0705
Epoch 53/300, seasonal_0 Loss: 0.1070 | 0.0702
Epoch 54/300, seasonal_0 Loss: 0.1067 | 0.0699
Epoch 55/300, seasonal_0 Loss: 0.1064 | 0.0697
Epoch 56/300, seasonal_0 Loss: 0.1061 | 0.0694
Epoch 57/300, seasonal_0 Loss: 0.1059 | 0.0692
Epoch 58/300, seasonal_0 Loss: 0.1057 | 0.0690
Epoch 59/300, seasonal_0 Loss: 0.1054 | 0.0688
Epoch 60/300, seasonal_0 Loss: 0.1052 | 0.0686
Epoch 61/300, seasonal_0 Loss: 0.1049 | 0.0684
Epoch 62/300, seasonal_0 Loss: 0.1047 | 0.0683
Epoch 63/300, seasonal_0 Loss: 0.1045 | 0.0681
Epoch 64/300, seasonal_0 Loss: 0.1043 | 0.0679
Epoch 65/300, seasonal_0 Loss: 0.1041 | 0.0678
Epoch 66/300, seasonal_0 Loss: 0.1039 | 0.0676
Epoch 67/300, seasonal_0 Loss: 0.1037 | 0.0675
Epoch 68/300, seasonal_0 Loss: 0.1036 | 0.0673
Epoch 69/300, seasonal_0 Loss: 0.1034 | 0.0672
Epoch 70/300, seasonal_0 Loss: 0.1032 | 0.0671
Epoch 71/300, seasonal_0 Loss: 0.1031 | 0.0670
Epoch 72/300, seasonal_0 Loss: 0.1029 | 0.0668
Epoch 73/300, seasonal_0 Loss: 0.1028 | 0.0667
Epoch 74/300, seasonal_0 Loss: 0.1026 | 0.0666
Epoch 75/300, seasonal_0 Loss: 0.1025 | 0.0665
Epoch 76/300, seasonal_0 Loss: 0.1023 | 0.0664
Epoch 77/300, seasonal_0 Loss: 0.1022 | 0.0663
Epoch 78/300, seasonal_0 Loss: 0.1021 | 0.0662
Epoch 79/300, seasonal_0 Loss: 0.1020 | 0.0661
Epoch 80/300, seasonal_0 Loss: 0.1019 | 0.0660
Epoch 81/300, seasonal_0 Loss: 0.1017 | 0.0660
Epoch 82/300, seasonal_0 Loss: 0.1016 | 0.0659
Epoch 83/300, seasonal_0 Loss: 0.1015 | 0.0658
Epoch 84/300, seasonal_0 Loss: 0.1014 | 0.0657
Epoch 85/300, seasonal_0 Loss: 0.1013 | 0.0657
Epoch 86/300, seasonal_0 Loss: 0.1012 | 0.0656
Epoch 87/300, seasonal_0 Loss: 0.1011 | 0.0655
Epoch 88/300, seasonal_0 Loss: 0.1011 | 0.0655
Epoch 89/300, seasonal_0 Loss: 0.1010 | 0.0654
Epoch 90/300, seasonal_0 Loss: 0.1009 | 0.0653
Epoch 91/300, seasonal_0 Loss: 0.1008 | 0.0653
Epoch 92/300, seasonal_0 Loss: 0.1007 | 0.0652
Epoch 93/300, seasonal_0 Loss: 0.1007 | 0.0652
Epoch 94/300, seasonal_0 Loss: 0.1006 | 0.0651
Epoch 95/300, seasonal_0 Loss: 0.1005 | 0.0651
Epoch 96/300, seasonal_0 Loss: 0.1004 | 0.0650
Epoch 97/300, seasonal_0 Loss: 0.1004 | 0.0650
Epoch 98/300, seasonal_0 Loss: 0.1003 | 0.0649
Epoch 99/300, seasonal_0 Loss: 0.1003 | 0.0649
Epoch 100/300, seasonal_0 Loss: 0.1002 | 0.0648
Epoch 101/300, seasonal_0 Loss: 0.1001 | 0.0648
Epoch 102/300, seasonal_0 Loss: 0.1001 | 0.0648
Epoch 103/300, seasonal_0 Loss: 0.1000 | 0.0647
Epoch 104/300, seasonal_0 Loss: 0.1000 | 0.0647
Epoch 105/300, seasonal_0 Loss: 0.0999 | 0.0646
Epoch 106/300, seasonal_0 Loss: 0.0999 | 0.0646
Epoch 107/300, seasonal_0 Loss: 0.0998 | 0.0646
Epoch 108/300, seasonal_0 Loss: 0.0998 | 0.0645
Epoch 109/300, seasonal_0 Loss: 0.0997 | 0.0645
Epoch 110/300, seasonal_0 Loss: 0.0997 | 0.0645
Epoch 111/300, seasonal_0 Loss: 0.0997 | 0.0644
Epoch 112/300, seasonal_0 Loss: 0.0996 | 0.0644
Epoch 113/300, seasonal_0 Loss: 0.0996 | 0.0644
Epoch 114/300, seasonal_0 Loss: 0.0995 | 0.0644
Epoch 115/300, seasonal_0 Loss: 0.0995 | 0.0643
Epoch 116/300, seasonal_0 Loss: 0.0995 | 0.0643
Epoch 117/300, seasonal_0 Loss: 0.0994 | 0.0643
Epoch 118/300, seasonal_0 Loss: 0.0994 | 0.0643
Epoch 119/300, seasonal_0 Loss: 0.0994 | 0.0642
Epoch 120/300, seasonal_0 Loss: 0.0993 | 0.0642
Epoch 121/300, seasonal_0 Loss: 0.0993 | 0.0642
Epoch 122/300, seasonal_0 Loss: 0.0993 | 0.0642
Epoch 123/300, seasonal_0 Loss: 0.0993 | 0.0642
Epoch 124/300, seasonal_0 Loss: 0.0992 | 0.0641
Epoch 125/300, seasonal_0 Loss: 0.0992 | 0.0641
Epoch 126/300, seasonal_0 Loss: 0.0992 | 0.0641
Epoch 127/300, seasonal_0 Loss: 0.0992 | 0.0641
Epoch 128/300, seasonal_0 Loss: 0.0991 | 0.0641
Epoch 129/300, seasonal_0 Loss: 0.0991 | 0.0641
Epoch 130/300, seasonal_0 Loss: 0.0991 | 0.0640
Epoch 131/300, seasonal_0 Loss: 0.0991 | 0.0640
Epoch 132/300, seasonal_0 Loss: 0.0990 | 0.0640
Epoch 133/300, seasonal_0 Loss: 0.0990 | 0.0640
Epoch 134/300, seasonal_0 Loss: 0.0990 | 0.0640
Epoch 135/300, seasonal_0 Loss: 0.0990 | 0.0640
Epoch 136/300, seasonal_0 Loss: 0.0990 | 0.0640
Epoch 137/300, seasonal_0 Loss: 0.0989 | 0.0639
Epoch 138/300, seasonal_0 Loss: 0.0989 | 0.0639
Epoch 139/300, seasonal_0 Loss: 0.0989 | 0.0639
Epoch 140/300, seasonal_0 Loss: 0.0989 | 0.0639
Epoch 141/300, seasonal_0 Loss: 0.0989 | 0.0639
Epoch 142/300, seasonal_0 Loss: 0.0989 | 0.0639
Epoch 143/300, seasonal_0 Loss: 0.0989 | 0.0639
Epoch 144/300, seasonal_0 Loss: 0.0988 | 0.0639
Epoch 145/300, seasonal_0 Loss: 0.0988 | 0.0639
Epoch 146/300, seasonal_0 Loss: 0.0988 | 0.0639
Epoch 147/300, seasonal_0 Loss: 0.0988 | 0.0638
Epoch 148/300, seasonal_0 Loss: 0.0988 | 0.0638
Epoch 149/300, seasonal_0 Loss: 0.0988 | 0.0638
Epoch 150/300, seasonal_0 Loss: 0.0988 | 0.0638
Epoch 151/300, seasonal_0 Loss: 0.0988 | 0.0638
Epoch 152/300, seasonal_0 Loss: 0.0987 | 0.0638
Epoch 153/300, seasonal_0 Loss: 0.0987 | 0.0638
Epoch 154/300, seasonal_0 Loss: 0.0987 | 0.0638
Epoch 155/300, seasonal_0 Loss: 0.0987 | 0.0638
Epoch 156/300, seasonal_0 Loss: 0.0987 | 0.0638
Epoch 157/300, seasonal_0 Loss: 0.0987 | 0.0638
Epoch 158/300, seasonal_0 Loss: 0.0987 | 0.0638
Epoch 159/300, seasonal_0 Loss: 0.0987 | 0.0638
Epoch 160/300, seasonal_0 Loss: 0.0987 | 0.0638
Epoch 161/300, seasonal_0 Loss: 0.0987 | 0.0637
Epoch 162/300, seasonal_0 Loss: 0.0987 | 0.0637
Epoch 163/300, seasonal_0 Loss: 0.0986 | 0.0637
Epoch 164/300, seasonal_0 Loss: 0.0986 | 0.0637
Epoch 165/300, seasonal_0 Loss: 0.0986 | 0.0637
Epoch 166/300, seasonal_0 Loss: 0.0986 | 0.0637
Epoch 167/300, seasonal_0 Loss: 0.0986 | 0.0637
Epoch 168/300, seasonal_0 Loss: 0.0986 | 0.0637
Epoch 169/300, seasonal_0 Loss: 0.0986 | 0.0637
Epoch 170/300, seasonal_0 Loss: 0.0986 | 0.0637
Epoch 171/300, seasonal_0 Loss: 0.0986 | 0.0637
Epoch 172/300, seasonal_0 Loss: 0.0986 | 0.0637
Epoch 173/300, seasonal_0 Loss: 0.0986 | 0.0637
Epoch 174/300, seasonal_0 Loss: 0.0986 | 0.0637
Epoch 175/300, seasonal_0 Loss: 0.0986 | 0.0637
Epoch 176/300, seasonal_0 Loss: 0.0986 | 0.0637
Epoch 177/300, seasonal_0 Loss: 0.0986 | 0.0637
Epoch 178/300, seasonal_0 Loss: 0.0986 | 0.0637
Epoch 179/300, seasonal_0 Loss: 0.0986 | 0.0637
Epoch 180/300, seasonal_0 Loss: 0.0986 | 0.0637
Epoch 181/300, seasonal_0 Loss: 0.0985 | 0.0637
Epoch 182/300, seasonal_0 Loss: 0.0985 | 0.0637
Epoch 183/300, seasonal_0 Loss: 0.0985 | 0.0637
Epoch 184/300, seasonal_0 Loss: 0.0985 | 0.0637
Epoch 185/300, seasonal_0 Loss: 0.0985 | 0.0637
Epoch 186/300, seasonal_0 Loss: 0.0985 | 0.0637
Epoch 187/300, seasonal_0 Loss: 0.0985 | 0.0637
Epoch 188/300, seasonal_0 Loss: 0.0985 | 0.0637
Epoch 189/300, seasonal_0 Loss: 0.0985 | 0.0636
Epoch 190/300, seasonal_0 Loss: 0.0985 | 0.0636
Epoch 191/300, seasonal_0 Loss: 0.0985 | 0.0636
Epoch 192/300, seasonal_0 Loss: 0.0985 | 0.0636
Epoch 193/300, seasonal_0 Loss: 0.0985 | 0.0636
Epoch 194/300, seasonal_0 Loss: 0.0985 | 0.0636
Epoch 195/300, seasonal_0 Loss: 0.0985 | 0.0636
Epoch 196/300, seasonal_0 Loss: 0.0985 | 0.0636
Epoch 197/300, seasonal_0 Loss: 0.0985 | 0.0636
Epoch 198/300, seasonal_0 Loss: 0.0985 | 0.0636
Epoch 199/300, seasonal_0 Loss: 0.0985 | 0.0636
Epoch 200/300, seasonal_0 Loss: 0.0985 | 0.0636
Epoch 201/300, seasonal_0 Loss: 0.0985 | 0.0636
Epoch 202/300, seasonal_0 Loss: 0.0985 | 0.0636
Epoch 203/300, seasonal_0 Loss: 0.0985 | 0.0636
Epoch 204/300, seasonal_0 Loss: 0.0985 | 0.0636
Epoch 205/300, seasonal_0 Loss: 0.0985 | 0.0636
Epoch 206/300, seasonal_0 Loss: 0.0985 | 0.0636
Epoch 207/300, seasonal_0 Loss: 0.0985 | 0.0636
Epoch 208/300, seasonal_0 Loss: 0.0985 | 0.0636
Epoch 209/300, seasonal_0 Loss: 0.0985 | 0.0636
Epoch 210/300, seasonal_0 Loss: 0.0985 | 0.0636
Epoch 211/300, seasonal_0 Loss: 0.0985 | 0.0636
Epoch 212/300, seasonal_0 Loss: 0.0985 | 0.0636
Epoch 213/300, seasonal_0 Loss: 0.0985 | 0.0636
Epoch 214/300, seasonal_0 Loss: 0.0985 | 0.0636
Epoch 215/300, seasonal_0 Loss: 0.0985 | 0.0636
Epoch 216/300, seasonal_0 Los