[32m[I 2025-02-01 19:15:01,246][0m Trial 47 finished with value: 0.27061192099418907 and parameters: {'observation_period_num': 192, 'train_rates': 0.9350001421740873, 'learning_rate': 0.0005159165375905619, 'batch_size': 47, 'step_size': 7, 'gamma': 0.9794087815800561}. Best is trial 31 with value: 0.07899689805858276.[0m
[32m[I 2025-02-01 19:15:26,215][0m Trial 48 finished with value: 0.16459749351359076 and parameters: {'observation_period_num': 129, 'train_rates': 0.8729981978822926, 'learning_rate': 0.00013105689099142032, 'batch_size': 239, 'step_size': 4, 'gamma': 0.9642700142812888}. Best is trial 31 with value: 0.07899689805858276.[0m
[32m[I 2025-02-01 19:16:02,388][0m Trial 49 finished with value: 0.18893759078542952 and parameters: {'observation_period_num': 232, 'train_rates': 0.7657506096076275, 'learning_rate': 0.000782206593419661, 'batch_size': 135, 'step_size': 2, 'gamma': 0.8092583862502883}. Best is trial 31 with value: 0.07899689805858276.[0m
seasonal_2 „ÅÆÊúÄÈÅ©„Éè„Ç§„Éë„Éº„Éë„É©„É°„Éº„Çø„ÅåË¶ã„Å§„Åã„Çä„Åæ„Åó„Åü
ÊúÄÈÅ©ÂåñÂØæË±°: seasonal_3
[32m[I 2025-02-01 19:16:02,399][0m A new study created in memory with name: no-name-0f548af8-b0f9-498d-a459-be868c1502d2[0m
[32m[I 2025-02-01 19:16:24,841][0m Trial 0 finished with value: 0.731506062604313 and parameters: {'observation_period_num': 116, 'train_rates': 0.6684834434118216, 'learning_rate': 1.6694917090960192e-06, 'batch_size': 235, 'step_size': 15, 'gamma': 0.8272250092678333}. Best is trial 0 with value: 0.731506062604313.[0m
[32m[I 2025-02-01 19:16:50,325][0m Trial 1 finished with value: 0.14265459845317344 and parameters: {'observation_period_num': 5, 'train_rates': 0.7237605335597441, 'learning_rate': 9.459940063731855e-06, 'batch_size': 206, 'step_size': 8, 'gamma': 0.9596578799926616}. Best is trial 1 with value: 0.14265459845317344.[0m
[32m[I 2025-02-01 19:17:12,755][0m Trial 2 finished with value: 0.24798338162701047 and parameters: {'observation_period_num': 150, 'train_rates': 0.6033424931076304, 'learning_rate': 0.0007051158502551079, 'batch_size': 207, 'step_size': 3, 'gamma': 0.8890031284635828}. Best is trial 1 with value: 0.14265459845317344.[0m
[32m[I 2025-02-01 19:18:41,707][0m Trial 3 finished with value: 0.3279240641480165 and parameters: {'observation_period_num': 34, 'train_rates': 0.6704246089777677, 'learning_rate': 1.0646479647787916e-06, 'batch_size': 51, 'step_size': 13, 'gamma': 0.8895508164332042}. Best is trial 1 with value: 0.14265459845317344.[0m
[32m[I 2025-02-01 19:19:19,010][0m Trial 4 finished with value: 0.1568005290237211 and parameters: {'observation_period_num': 141, 'train_rates': 0.8508343002701958, 'learning_rate': 0.0006540433836324765, 'batch_size': 143, 'step_size': 12, 'gamma': 0.945075738232136}. Best is trial 1 with value: 0.14265459845317344.[0m
[32m[I 2025-02-01 19:19:59,635][0m Trial 5 finished with value: 0.21025693309148755 and parameters: {'observation_period_num': 170, 'train_rates': 0.6218094929466694, 'learning_rate': 8.456866412824926e-05, 'batch_size': 107, 'step_size': 12, 'gamma': 0.8821163797678709}. Best is trial 1 with value: 0.14265459845317344.[0m
[32m[I 2025-02-01 19:20:51,992][0m Trial 6 finished with value: 0.127304137451298 and parameters: {'observation_period_num': 147, 'train_rates': 0.7001227337942181, 'learning_rate': 0.0001359694314580391, 'batch_size': 88, 'step_size': 15, 'gamma': 0.7817539822076993}. Best is trial 6 with value: 0.127304137451298.[0m
[32m[I 2025-02-01 19:21:16,492][0m Trial 7 finished with value: 0.34645901213992725 and parameters: {'observation_period_num': 207, 'train_rates': 0.9120647883714335, 'learning_rate': 1.5392151317622912e-05, 'batch_size': 235, 'step_size': 14, 'gamma': 0.9616957466388281}. Best is trial 6 with value: 0.127304137451298.[0m
[32m[I 2025-02-01 19:21:47,924][0m Trial 8 finished with value: 0.12081717715936033 and parameters: {'observation_period_num': 100, 'train_rates': 0.7904882883766586, 'learning_rate': 0.0007860027966220026, 'batch_size': 170, 'step_size': 4, 'gamma': 0.7804073878639335}. Best is trial 8 with value: 0.12081717715936033.[0m
[32m[I 2025-02-01 19:22:46,807][0m Trial 9 finished with value: 0.11844632969175467 and parameters: {'observation_period_num': 113, 'train_rates': 0.7167431004188956, 'learning_rate': 0.00047102323274595596, 'batch_size': 79, 'step_size': 4, 'gamma': 0.7618800605172151}. Best is trial 9 with value: 0.11844632969175467.[0m
Early stopping at epoch 49
[32m[I 2025-02-01 19:25:44,817][0m Trial 10 finished with value: 0.4117332972586155 and parameters: {'observation_period_num': 73, 'train_rates': 0.9722678017618533, 'learning_rate': 9.896750146156718e-05, 'batch_size': 16, 'step_size': 1, 'gamma': 0.7541056185270282}. Best is trial 9 with value: 0.11844632969175467.[0m
[32m[I 2025-02-01 19:26:23,286][0m Trial 11 finished with value: 0.12097961211414468 and parameters: {'observation_period_num': 94, 'train_rates': 0.7721757768931002, 'learning_rate': 0.00034636611599370875, 'batch_size': 131, 'step_size': 5, 'gamma': 0.8106645672675715}. Best is trial 9 with value: 0.11844632969175467.[0m
[32m[I 2025-02-01 19:26:57,422][0m Trial 12 finished with value: 0.1158080181365248 and parameters: {'observation_period_num': 65, 'train_rates': 0.8105046862957667, 'learning_rate': 0.0002769993409160718, 'batch_size': 161, 'step_size': 6, 'gamma': 0.7504921173373057}. Best is trial 12 with value: 0.1158080181365248.[0m
[32m[I 2025-02-01 19:28:12,666][0m Trial 13 finished with value: 0.11760089984711479 and parameters: {'observation_period_num': 60, 'train_rates': 0.8476546367831357, 'learning_rate': 0.00022653406874437217, 'batch_size': 72, 'step_size': 7, 'gamma': 0.8381886775731566}. Best is trial 12 with value: 0.1158080181365248.[0m
[32m[I 2025-02-01 19:28:46,177][0m Trial 14 finished with value: 0.1573069595465078 and parameters: {'observation_period_num': 48, 'train_rates': 0.8535619041314136, 'learning_rate': 3.488797629525162e-05, 'batch_size': 166, 'step_size': 8, 'gamma': 0.8385809720415465}. Best is trial 12 with value: 0.1158080181365248.[0m
[32m[I 2025-02-01 19:30:45,930][0m Trial 15 finished with value: 0.13258490570873585 and parameters: {'observation_period_num': 61, 'train_rates': 0.8538687870988029, 'learning_rate': 0.00021817385433339756, 'batch_size': 44, 'step_size': 10, 'gamma': 0.9218901666544945}. Best is trial 12 with value: 0.1158080181365248.[0m
[32m[I 2025-02-01 19:31:35,157][0m Trial 16 finished with value: 0.16805612328615818 and parameters: {'observation_period_num': 13, 'train_rates': 0.907243788796502, 'learning_rate': 4.339736119060376e-05, 'batch_size': 120, 'step_size': 6, 'gamma': 0.8481732302935954}. Best is trial 12 with value: 0.1158080181365248.[0m
[32m[I 2025-02-01 19:32:08,762][0m Trial 17 finished with value: 0.11591125979546958 and parameters: {'observation_period_num': 75, 'train_rates': 0.8141697010244416, 'learning_rate': 0.00023930024745384947, 'batch_size': 167, 'step_size': 7, 'gamma': 0.8023279560575768}. Best is trial 12 with value: 0.1158080181365248.[0m
[32m[I 2025-02-01 19:32:38,569][0m Trial 18 finished with value: 0.32092019393158383 and parameters: {'observation_period_num': 83, 'train_rates': 0.7648141870196593, 'learning_rate': 9.359744670360396e-06, 'batch_size': 179, 'step_size': 10, 'gamma': 0.795975681729994}. Best is trial 12 with value: 0.1158080181365248.[0m
Early stopping at epoch 56
[32m[I 2025-02-01 19:32:57,560][0m Trial 19 finished with value: 0.47077338085203113 and parameters: {'observation_period_num': 232, 'train_rates': 0.8164163507910867, 'learning_rate': 5.711656242621807e-05, 'batch_size': 153, 'step_size': 1, 'gamma': 0.8093801796449139}. Best is trial 12 with value: 0.1158080181365248.[0m
[32m[I 2025-02-01 19:33:27,971][0m Trial 20 finished with value: 0.15204936217177997 and parameters: {'observation_period_num': 32, 'train_rates': 0.9060212351582912, 'learning_rate': 0.00021954991759544942, 'batch_size': 197, 'step_size': 9, 'gamma': 0.7513650090444272}. Best is trial 12 with value: 0.1158080181365248.[0m
[32m[I 2025-02-01 19:34:20,335][0m Trial 21 finished with value: 0.10895605437878159 and parameters: {'observation_period_num': 56, 'train_rates': 0.829003721316412, 'learning_rate': 0.00026025915323713987, 'batch_size': 103, 'step_size': 6, 'gamma': 0.8610126009702858}. Best is trial 21 with value: 0.10895605437878159.[0m
[32m[I 2025-02-01 19:35:10,890][0m Trial 22 finished with value: 0.09981136420320202 and parameters: {'observation_period_num': 45, 'train_rates': 0.8119580308405208, 'learning_rate': 0.00034539252951514216, 'batch_size': 105, 'step_size': 6, 'gamma': 0.8612140203854729}. Best is trial 22 with value: 0.09981136420320202.[0m
[32m[I 2025-02-01 19:36:02,132][0m Trial 23 finished with value: 0.08696785013627455 and parameters: {'observation_period_num': 32, 'train_rates': 0.7635663363910425, 'learning_rate': 0.00038828480891713724, 'batch_size': 100, 'step_size': 6, 'gamma': 0.8617218656747896}. Best is trial 23 with value: 0.08696785013627455.[0m
[32m[I 2025-02-01 19:36:53,959][0m Trial 24 finished with value: 0.08058887320022061 and parameters: {'observation_period_num': 31, 'train_rates': 0.7506091193389596, 'learning_rate': 0.0009912239113884496, 'batch_size': 96, 'step_size': 3, 'gamma': 0.8621733541916572}. Best is trial 24 with value: 0.08058887320022061.[0m
[32m[I 2025-02-01 19:38:13,702][0m Trial 25 finished with value: 0.0846853699603396 and parameters: {'observation_period_num': 29, 'train_rates': 0.7390552628316069, 'learning_rate': 0.0008660727274988208, 'batch_size': 61, 'step_size': 3, 'gamma': 0.918023469889643}. Best is trial 24 with value: 0.08058887320022061.[0m
[32m[I 2025-02-01 19:39:32,986][0m Trial 26 finished with value: 0.08298556009404434 and parameters: {'observation_period_num': 27, 'train_rates': 0.7573514370165969, 'learning_rate': 0.0009889291211505117, 'batch_size': 62, 'step_size': 2, 'gamma': 0.9128395045802633}. Best is trial 24 with value: 0.08058887320022061.[0m
[32m[I 2025-02-01 19:41:00,500][0m Trial 27 finished with value: 0.07012562480910371 and parameters: {'observation_period_num': 12, 'train_rates': 0.7556222318002644, 'learning_rate': 0.0009501848803819557, 'batch_size': 57, 'step_size': 2, 'gamma': 0.9179995441415254}. Best is trial 27 with value: 0.07012562480910371.[0m
[32m[I 2025-02-01 19:43:43,584][0m Trial 28 finished with value: 0.07166842666144173 and parameters: {'observation_period_num': 15, 'train_rates': 0.6899088641466359, 'learning_rate': 0.0005786874869877585, 'batch_size': 28, 'step_size': 2, 'gamma': 0.9263135267500134}. Best is trial 27 with value: 0.07012562480910371.[0m
[32m[I 2025-02-01 19:46:05,097][0m Trial 29 finished with value: 0.11480684007207552 and parameters: {'observation_period_num': 9, 'train_rates': 0.6743891752490716, 'learning_rate': 4.052838599584682e-06, 'batch_size': 32, 'step_size': 2, 'gamma': 0.9813805500832207}. Best is trial 27 with value: 0.07012562480910371.[0m
[32m[I 2025-02-01 19:50:06,811][0m Trial 30 finished with value: 0.0739077086654006 and parameters: {'observation_period_num': 18, 'train_rates': 0.6446523760977731, 'learning_rate': 0.0004837377537153127, 'batch_size': 18, 'step_size': 2, 'gamma': 0.9353221145356193}. Best is trial 27 with value: 0.07012562480910371.[0m
[32m[I 2025-02-01 19:54:18,670][0m Trial 31 finished with value: 0.07286109521038948 and parameters: {'observation_period_num': 15, 'train_rates': 0.635904487713278, 'learning_rate': 0.0005226847248856466, 'batch_size': 17, 'step_size': 2, 'gamma': 0.9389161472624201}. Best is trial 27 with value: 0.07012562480910371.[0m
[32m[I 2025-02-01 19:57:27,233][0m Trial 32 finished with value: 0.06426666915812139 and parameters: {'observation_period_num': 9, 'train_rates': 0.6355800205984784, 'learning_rate': 0.0005215479963514043, 'batch_size': 23, 'step_size': 2, 'gamma': 0.9414463114955876}. Best is trial 32 with value: 0.06426666915812139.[0m
[32m[I 2025-02-01 19:59:31,883][0m Trial 33 finished with value: 0.07592046615399058 and parameters: {'observation_period_num': 18, 'train_rates': 0.6368168431883495, 'learning_rate': 0.00013411455190793644, 'batch_size': 35, 'step_size': 1, 'gamma': 0.986931260742623}. Best is trial 32 with value: 0.06426666915812139.[0m
[32m[I 2025-02-01 20:02:28,843][0m Trial 34 finished with value: 0.07040762984720261 and parameters: {'observation_period_num': 5, 'train_rates': 0.6882509333808485, 'learning_rate': 0.0004822843225356338, 'batch_size': 26, 'step_size': 4, 'gamma': 0.9025602422643226}. Best is trial 32 with value: 0.06426666915812139.[0m
[32m[I 2025-02-01 20:04:26,353][0m Trial 35 finished with value: 0.09819281755819174 and parameters: {'observation_period_num': 45, 'train_rates': 0.67607831893762, 'learning_rate': 0.0005759991234872647, 'batch_size': 38, 'step_size': 4, 'gamma': 0.8959804935704239}. Best is trial 32 with value: 0.06426666915812139.[0m
[32m[I 2025-02-01 20:05:52,576][0m Trial 36 finished with value: 0.10772183385271464 and parameters: {'observation_period_num': 7, 'train_rates': 0.6923806423463481, 'learning_rate': 2.241202475112172e-05, 'batch_size': 55, 'step_size': 3, 'gamma': 0.9055750364821733}. Best is trial 32 with value: 0.06426666915812139.[0m
[32m[I 2025-02-01 20:08:05,606][0m Trial 37 finished with value: 0.10962451844887376 and parameters: {'observation_period_num': 44, 'train_rates': 0.606797123487865, 'learning_rate': 0.00013644399274125336, 'batch_size': 31, 'step_size': 4, 'gamma': 0.9604828383113319}. Best is trial 32 with value: 0.06426666915812139.[0m
[32m[I 2025-02-01 20:09:11,179][0m Trial 38 finished with value: 0.13814146755644993 and parameters: {'observation_period_num': 131, 'train_rates': 0.7153212741691912, 'learning_rate': 0.0006157831068879063, 'batch_size': 72, 'step_size': 1, 'gamma': 0.9483851383397962}. Best is trial 32 with value: 0.06426666915812139.[0m
[32m[I 2025-02-01 20:10:45,544][0m Trial 39 finished with value: 0.15618843104069433 and parameters: {'observation_period_num': 178, 'train_rates': 0.6890934551086764, 'learning_rate': 0.0006579490961381708, 'batch_size': 46, 'step_size': 5, 'gamma': 0.8775585390889922}. Best is trial 32 with value: 0.06426666915812139.[0m
[32m[I 2025-02-01 20:13:24,760][0m Trial 40 finished with value: 0.1412157666417632 and parameters: {'observation_period_num': 5, 'train_rates': 0.6579310895498651, 'learning_rate': 3.4034412198942847e-06, 'batch_size': 28, 'step_size': 2, 'gamma': 0.9286188609490929}. Best is trial 32 with value: 0.06426666915812139.[0m
[32m[I 2025-02-01 20:17:22,555][0m Trial 41 finished with value: 0.0750924406707452 and parameters: {'observation_period_num': 19, 'train_rates': 0.631682017109213, 'learning_rate': 0.0004581164221954878, 'batch_size': 18, 'step_size': 2, 'gamma': 0.9416790116153273}. Best is trial 32 with value: 0.06426666915812139.[0m
[32m[I 2025-02-01 20:18:47,694][0m Trial 42 finished with value: 0.08727806023964586 and parameters: {'observation_period_num': 20, 'train_rates': 0.6046811864751022, 'learning_rate': 0.0006851298136990599, 'batch_size': 50, 'step_size': 3, 'gamma': 0.9031235130893979}. Best is trial 32 with value: 0.06426666915812139.[0m
[32m[I 2025-02-01 20:21:45,432][0m Trial 43 finished with value: 0.07332128242942541 and parameters: {'observation_period_num': 6, 'train_rates': 0.6540058409048773, 'learning_rate': 0.00035754486853040044, 'batch_size': 25, 'step_size': 3, 'gamma': 0.953447761604153}. Best is trial 32 with value: 0.06426666915812139.[0m
[32m[I 2025-02-01 20:23:48,906][0m Trial 44 finished with value: 0.09738126736819294 and parameters: {'observation_period_num': 42, 'train_rates': 0.7276036881736977, 'learning_rate': 0.00016436559840622453, 'batch_size': 38, 'step_size': 1, 'gamma': 0.9352685670335089}. Best is trial 32 with value: 0.06426666915812139.[0m
[32m[I 2025-02-01 20:28:20,582][0m Trial 45 finished with value: 0.15019997394228557 and parameters: {'observation_period_num': 162, 'train_rates': 0.7032909950216307, 'learning_rate': 0.0004910216049373643, 'batch_size': 16, 'step_size': 5, 'gamma': 0.9692908883455573}. Best is trial 32 with value: 0.06426666915812139.[0m
[32m[I 2025-02-01 20:29:12,458][0m Trial 46 finished with value: 0.07596261262920004 and parameters: {'observation_period_num': 20, 'train_rates': 0.6145997629678784, 'learning_rate': 0.0007281050450735295, 'batch_size': 83, 'step_size': 4, 'gamma': 0.9693874475716053}. Best is trial 32 with value: 0.06426666915812139.[0m
[32m[I 2025-02-01 20:30:26,177][0m Trial 47 finished with value: 0.1552231787274982 and parameters: {'observation_period_num': 106, 'train_rates': 0.6618309159760621, 'learning_rate': 7.428643364142297e-05, 'batch_size': 60, 'step_size': 2, 'gamma': 0.8959924408318599}. Best is trial 32 with value: 0.06426666915812139.[0m
[32m[I 2025-02-01 20:32:01,967][0m Trial 48 finished with value: 0.10060246115889997 and parameters: {'observation_period_num': 38, 'train_rates': 0.6280975461632285, 'learning_rate': 0.00032697014978488626, 'batch_size': 45, 'step_size': 1, 'gamma': 0.9269999775584025}. Best is trial 32 with value: 0.06426666915812139.[0m
[32m[I 2025-02-01 20:32:23,312][0m Trial 49 finished with value: 0.11161629566850588 and parameters: {'observation_period_num': 54, 'train_rates': 0.6889761631036462, 'learning_rate': 0.0001706897141328253, 'batch_size': 238, 'step_size': 4, 'gamma': 0.8843608698115775}. Best is trial 32 with value: 0.06426666915812139.[0m
seasonal_3 „ÅÆÊúÄÈÅ©„Éè„Ç§„Éë„Éº„Éë„É©„É°„Éº„Çø„ÅåË¶ã„Å§„Åã„Çä„Åæ„Åó„Åü
ÊúÄÈÅ©ÂåñÂØæË±°: resid
[32m[I 2025-02-01 20:32:23,333][0m A new study created in memory with name: no-name-eac803a0-b620-4067-b89c-346540bceb77[0m
[32m[I 2025-02-01 20:32:46,587][0m Trial 0 finished with value: 0.5123435098055171 and parameters: {'observation_period_num': 167, 'train_rates': 0.7557520945332925, 'learning_rate': 4.977007491624571e-06, 'batch_size': 228, 'step_size': 11, 'gamma': 0.8101606110048306}. Best is trial 0 with value: 0.5123435098055171.[0m
[32m[I 2025-02-01 20:35:25,291][0m Trial 1 finished with value: 0.12675901407083845 and parameters: {'observation_period_num': 90, 'train_rates': 0.7287833556405584, 'learning_rate': 7.800286273971717e-05, 'batch_size': 29, 'step_size': 10, 'gamma': 0.9764451094856064}. Best is trial 1 with value: 0.12675901407083845.[0m
[32m[I 2025-02-01 20:36:10,760][0m Trial 2 finished with value: 0.41432092235471213 and parameters: {'observation_period_num': 220, 'train_rates': 0.8999517694973405, 'learning_rate': 9.955429652041545e-06, 'batch_size': 118, 'step_size': 2, 'gamma': 0.9659019783942557}. Best is trial 1 with value: 0.12675901407083845.[0m
[32m[I 2025-02-01 20:36:54,186][0m Trial 3 finished with value: 0.12822226038045972 and parameters: {'observation_period_num': 147, 'train_rates': 0.7335318750767789, 'learning_rate': 0.0004912232329878782, 'batch_size': 112, 'step_size': 12, 'gamma': 0.7663124808756854}. Best is trial 1 with value: 0.12675901407083845.[0m
Early stopping at epoch 62
[32m[I 2025-02-01 20:37:45,918][0m Trial 4 finished with value: 0.21823763103861557 and parameters: {'observation_period_num': 168, 'train_rates': 0.8296837106580953, 'learning_rate': 0.00016266985328507516, 'batch_size': 62, 'step_size': 1, 'gamma': 0.8162739581959972}. Best is trial 1 with value: 0.12675901407083845.[0m
[32m[I 2025-02-01 20:38:45,419][0m Trial 5 finished with value: 1.0812159571351048 and parameters: {'observation_period_num': 200, 'train_rates': 0.6970159042373413, 'learning_rate': 2.142134792789346e-06, 'batch_size': 74, 'step_size': 2, 'gamma': 0.8496464451541157}. Best is trial 1 with value: 0.12675901407083845.[0m
[32m[I 2025-02-01 20:39:12,125][0m Trial 6 finished with value: 0.3646669387817383 and parameters: {'observation_period_num': 231, 'train_rates': 0.9593079629006384, 'learning_rate': 0.0003575236867683075, 'batch_size': 222, 'step_size': 10, 'gamma': 0.9635628475563727}. Best is trial 1 with value: 0.12675901407083845.[0m
[32m[I 2025-02-01 20:39:38,385][0m Trial 7 finished with value: 0.738314321407905 and parameters: {'observation_period_num': 75, 'train_rates': 0.7158480416378357, 'learning_rate': 1.9479651782920937e-06, 'batch_size': 189, 'step_size': 4, 'gamma': 0.9159338090935263}. Best is trial 1 with value: 0.12675901407083845.[0m
[32m[I 2025-02-01 20:40:22,614][0m Trial 8 finished with value: 0.3888019621372223 and parameters: {'observation_period_num': 233, 'train_rates': 0.9567158647972496, 'learning_rate': 3.548264127208006e-05, 'batch_size': 130, 'step_size': 12, 'gamma': 0.9788109126794864}. Best is trial 1 with value: 0.12675901407083845.[0m
[32m[I 2025-02-01 20:40:42,856][0m Trial 9 finished with value: 0.23012542614982304 and parameters: {'observation_period_num': 92, 'train_rates': 0.6158813113369317, 'learning_rate': 5.484999552376029e-05, 'batch_size': 241, 'step_size': 12, 'gamma': 0.7655229240596514}. Best is trial 1 with value: 0.12675901407083845.[0m
[32m[I 2025-02-01 20:44:13,401][0m Trial 10 finished with value: 0.06184046451101829 and parameters: {'observation_period_num': 8, 'train_rates': 0.606289375412508, 'learning_rate': 0.0001041801855429689, 'batch_size': 20, 'step_size': 7, 'gamma': 0.9082389833386236}. Best is trial 10 with value: 0.06184046451101829.[0m
[32m[I 2025-02-01 20:47:55,948][0m Trial 11 finished with value: 0.07365129064693195 and parameters: {'observation_period_num': 5, 'train_rates': 0.6148901372842596, 'learning_rate': 0.00016216882848044928, 'batch_size': 19, 'step_size': 7, 'gamma': 0.9024210688484379}. Best is trial 10 with value: 0.06184046451101829.[0m
