ÊúÄÈÅ©ÂåñÂØæË±°: trend
[32m[I 2025-02-01 15:43:38,813][0m A new study created in memory with name: no-name-869fcb73-4f35-4086-94ad-1dfc144a9697[0m
[32m[I 2025-02-01 15:44:08,182][0m Trial 0 finished with value: 0.11481781551801482 and parameters: {'observation_period_num': 43, 'train_rates': 0.6071294987894675, 'learning_rate': 0.00048434467394903736, 'batch_size': 156, 'step_size': 15, 'gamma': 0.784560260041608}. Best is trial 0 with value: 0.11481781551801482.[0m
[32m[I 2025-02-01 15:44:38,719][0m Trial 1 finished with value: 0.16110785194607669 and parameters: {'observation_period_num': 125, 'train_rates': 0.6963814936580912, 'learning_rate': 0.00029052363890131764, 'batch_size': 152, 'step_size': 4, 'gamma': 0.7503308968339779}. Best is trial 0 with value: 0.11481781551801482.[0m
[32m[I 2025-02-01 15:45:03,005][0m Trial 2 finished with value: 0.453699108839035 and parameters: {'observation_period_num': 161, 'train_rates': 0.6423034289503988, 'learning_rate': 5.830073481380973e-06, 'batch_size': 186, 'step_size': 11, 'gamma': 0.8846586251009003}. Best is trial 0 with value: 0.11481781551801482.[0m
[32m[I 2025-02-01 15:46:41,513][0m Trial 3 finished with value: 0.24880611077411413 and parameters: {'observation_period_num': 238, 'train_rates': 0.6427915717472201, 'learning_rate': 0.0003385262609130172, 'batch_size': 41, 'step_size': 15, 'gamma': 0.9108459356329022}. Best is trial 0 with value: 0.11481781551801482.[0m
[32m[I 2025-02-01 15:47:08,844][0m Trial 4 finished with value: 0.9668675830157903 and parameters: {'observation_period_num': 198, 'train_rates': 0.849439892533927, 'learning_rate': 1.075520671047022e-06, 'batch_size': 197, 'step_size': 9, 'gamma': 0.9321433246326921}. Best is trial 0 with value: 0.11481781551801482.[0m
[32m[I 2025-02-01 15:48:11,427][0m Trial 5 finished with value: 0.26420979512234527 and parameters: {'observation_period_num': 129, 'train_rates': 0.9407458335178712, 'learning_rate': 4.1280353912168815e-05, 'batch_size': 91, 'step_size': 8, 'gamma': 0.9258695800037786}. Best is trial 0 with value: 0.11481781551801482.[0m
[32m[I 2025-02-01 15:48:36,186][0m Trial 6 finished with value: 0.1633870005607605 and parameters: {'observation_period_num': 26, 'train_rates': 0.9262952187076399, 'learning_rate': 0.0007459714709078435, 'batch_size': 248, 'step_size': 7, 'gamma': 0.9030292671165041}. Best is trial 0 with value: 0.11481781551801482.[0m
Early stopping at epoch 74
[32m[I 2025-02-01 15:48:57,674][0m Trial 7 finished with value: 1.1007481814174913 and parameters: {'observation_period_num': 17, 'train_rates': 0.72759722254574, 'learning_rate': 8.282062685173795e-06, 'batch_size': 179, 'step_size': 1, 'gamma': 0.8451622644024055}. Best is trial 0 with value: 0.11481781551801482.[0m
[32m[I 2025-02-01 15:49:36,078][0m Trial 8 finished with value: 0.1646740499458511 and parameters: {'observation_period_num': 126, 'train_rates': 0.8980206127853988, 'learning_rate': 0.00021048173935128963, 'batch_size': 148, 'step_size': 14, 'gamma': 0.8406348625677373}. Best is trial 0 with value: 0.11481781551801482.[0m
[32m[I 2025-02-01 15:49:56,185][0m Trial 9 finished with value: 0.09531271484921595 and parameters: {'observation_period_num': 18, 'train_rates': 0.6465676288837658, 'learning_rate': 0.0002655827754381814, 'batch_size': 250, 'step_size': 10, 'gamma': 0.8508513891771998}. Best is trial 9 with value: 0.09531271484921595.[0m
[32m[I 2025-02-01 15:50:19,442][0m Trial 10 finished with value: 0.13322151518080555 and parameters: {'observation_period_num': 80, 'train_rates': 0.7952303916135521, 'learning_rate': 6.458363586687589e-05, 'batch_size': 243, 'step_size': 11, 'gamma': 0.9760867238575193}. Best is trial 9 with value: 0.09531271484921595.[0m
[32m[I 2025-02-01 15:51:09,856][0m Trial 11 finished with value: 0.11955307135867328 and parameters: {'observation_period_num': 61, 'train_rates': 0.601780220558898, 'learning_rate': 0.0009774251319590956, 'batch_size': 86, 'step_size': 13, 'gamma': 0.7815173893594206}. Best is trial 9 with value: 0.09531271484921595.[0m
[32m[I 2025-02-01 15:51:33,808][0m Trial 12 finished with value: 0.1125216845333046 and parameters: {'observation_period_num': 61, 'train_rates': 0.7284104661786726, 'learning_rate': 0.00011438625947813966, 'batch_size': 214, 'step_size': 12, 'gamma': 0.8109795750822123}. Best is trial 9 with value: 0.09531271484921595.[0m
[32m[I 2025-02-01 15:51:57,378][0m Trial 13 finished with value: 0.12796938309276645 and parameters: {'observation_period_num': 86, 'train_rates': 0.7242124478043853, 'learning_rate': 0.00013141611321136718, 'batch_size': 219, 'step_size': 11, 'gamma': 0.8276997201847065}. Best is trial 9 with value: 0.09531271484921595.[0m
[32m[I 2025-02-01 15:52:20,523][0m Trial 14 finished with value: 0.11773558913968331 and parameters: {'observation_period_num': 12, 'train_rates': 0.7809278551952125, 'learning_rate': 9.595246229600247e-05, 'batch_size': 255, 'step_size': 6, 'gamma': 0.8154417628251337}. Best is trial 9 with value: 0.09531271484921595.[0m
[32m[I 2025-02-01 15:52:42,712][0m Trial 15 finished with value: 0.21465456114430082 and parameters: {'observation_period_num': 56, 'train_rates': 0.681758527475442, 'learning_rate': 1.8034721955889423e-05, 'batch_size': 224, 'step_size': 12, 'gamma': 0.8665856371473721}. Best is trial 9 with value: 0.09531271484921595.[0m
[32m[I 2025-02-01 15:53:27,367][0m Trial 16 finished with value: 0.18287918595003302 and parameters: {'observation_period_num': 97, 'train_rates': 0.7752280445387144, 'learning_rate': 2.6572170630876093e-05, 'batch_size': 114, 'step_size': 9, 'gamma': 0.7892557032568285}. Best is trial 9 with value: 0.09531271484921595.[0m
[32m[I 2025-02-01 15:53:51,913][0m Trial 17 finished with value: 0.10403611615115071 and parameters: {'observation_period_num': 46, 'train_rates': 0.6682949857911854, 'learning_rate': 0.00014788875326195367, 'batch_size': 214, 'step_size': 10, 'gamma': 0.8706053507979706}. Best is trial 9 with value: 0.09531271484921595.[0m
[32m[I 2025-02-01 15:54:16,537][0m Trial 18 finished with value: 0.08789549396914456 and parameters: {'observation_period_num': 8, 'train_rates': 0.6570259315131902, 'learning_rate': 0.0001760397763962606, 'batch_size': 197, 'step_size': 5, 'gamma': 0.8613015324584462}. Best is trial 18 with value: 0.08789549396914456.[0m
[32m[I 2025-02-01 15:54:47,873][0m Trial 19 finished with value: 0.11123242499767147 and parameters: {'observation_period_num': 11, 'train_rates': 0.8214992938253459, 'learning_rate': 4.837130476742561e-05, 'batch_size': 178, 'step_size': 4, 'gamma': 0.9522388472367022}. Best is trial 18 with value: 0.08789549396914456.[0m
[32m[I 2025-02-01 15:57:10,769][0m Trial 20 finished with value: 0.144603517509394 and parameters: {'observation_period_num': 175, 'train_rates': 0.6401834077802369, 'learning_rate': 0.0004898819777995747, 'batch_size': 29, 'step_size': 5, 'gamma': 0.861070350693319}. Best is trial 18 with value: 0.08789549396914456.[0m
[32m[I 2025-02-01 15:57:32,890][0m Trial 21 finished with value: 0.1275274131947489 and parameters: {'observation_period_num': 38, 'train_rates': 0.6788817371117783, 'learning_rate': 0.00016705279533167985, 'batch_size': 230, 'step_size': 2, 'gamma': 0.8759737599794767}. Best is trial 18 with value: 0.08789549396914456.[0m
[32m[I 2025-02-01 15:57:57,152][0m Trial 22 finished with value: 0.15477407434372584 and parameters: {'observation_period_num': 34, 'train_rates': 0.655687429650921, 'learning_rate': 8.303316173446469e-05, 'batch_size': 203, 'step_size': 9, 'gamma': 0.8916446392759716}. Best is trial 18 with value: 0.08789549396914456.[0m
[32m[I 2025-02-01 15:58:20,605][0m Trial 23 finished with value: 0.09277157006374172 and parameters: {'observation_period_num': 12, 'train_rates': 0.7509378453238963, 'learning_rate': 0.00020308304836634785, 'batch_size': 240, 'step_size': 7, 'gamma': 0.8549056631629048}. Best is trial 18 with value: 0.08789549396914456.[0m
[32m[I 2025-02-01 15:58:42,565][0m Trial 24 finished with value: 0.08015087315563782 and parameters: {'observation_period_num': 5, 'train_rates': 0.7061854111320305, 'learning_rate': 0.0003013278996634321, 'batch_size': 237, 'step_size': 7, 'gamma': 0.8444228951539271}. Best is trial 24 with value: 0.08015087315563782.[0m
[32m[I 2025-02-01 15:59:05,996][0m Trial 25 finished with value: 0.08089488999624002 and parameters: {'observation_period_num': 5, 'train_rates': 0.7489855735050504, 'learning_rate': 0.0004471674627410808, 'batch_size': 234, 'step_size': 6, 'gamma': 0.8318164156749354}. Best is trial 24 with value: 0.08015087315563782.[0m
[32m[I 2025-02-01 15:59:36,343][0m Trial 26 finished with value: 0.08047737527643092 and parameters: {'observation_period_num': 5, 'train_rates': 0.7143421984461065, 'learning_rate': 0.0005371063978253063, 'batch_size': 172, 'step_size': 3, 'gamma': 0.8223299809033907}. Best is trial 24 with value: 0.08015087315563782.[0m
[32m[I 2025-02-01 16:00:07,471][0m Trial 27 finished with value: 0.127091004884201 and parameters: {'observation_period_num': 74, 'train_rates': 0.7048814099730857, 'learning_rate': 0.0006165938107519067, 'batch_size': 167, 'step_size': 3, 'gamma': 0.8035533857105881}. Best is trial 24 with value: 0.08015087315563782.[0m
[32m[I 2025-02-01 16:00:47,835][0m Trial 28 finished with value: 0.12540653358552267 and parameters: {'observation_period_num': 108, 'train_rates': 0.7530375451262441, 'learning_rate': 0.00038687645141638694, 'batch_size': 126, 'step_size': 6, 'gamma': 0.8289671014181373}. Best is trial 24 with value: 0.08015087315563782.[0m
[32m[I 2025-02-01 16:01:21,174][0m Trial 29 finished with value: 0.1073185819429609 and parameters: {'observation_period_num': 37, 'train_rates': 0.8187426868310521, 'learning_rate': 0.0009243124044069315, 'batch_size': 167, 'step_size': 3, 'gamma': 0.7602717770381022}. Best is trial 24 with value: 0.08015087315563782.[0m
Early stopping at epoch 57
[32m[I 2025-02-01 16:01:46,390][0m Trial 30 finished with value: 0.2053985744714737 and parameters: {'observation_period_num': 244, 'train_rates': 0.9835620961458303, 'learning_rate': 0.0006058856291616189, 'batch_size': 136, 'step_size': 1, 'gamma': 0.7915733790858531}. Best is trial 24 with value: 0.08015087315563782.[0m
[32m[I 2025-02-01 16:02:12,580][0m Trial 31 finished with value: 0.08843367144294169 and parameters: {'observation_period_num': 28, 'train_rates': 0.7030417035859009, 'learning_rate': 0.00039752512728102147, 'batch_size': 200, 'step_size': 5, 'gamma': 0.8306426026872322}. Best is trial 24 with value: 0.08015087315563782.[0m
[32m[I 2025-02-01 16:02:32,815][0m Trial 32 finished with value: 0.10560989890704146 and parameters: {'observation_period_num': 7, 'train_rates': 0.6182925503116323, 'learning_rate': 0.0002765408180710221, 'batch_size': 232, 'step_size': 5, 'gamma': 0.8194740696617594}. Best is trial 24 with value: 0.08015087315563782.[0m
[32m[I 2025-02-01 16:03:00,096][0m Trial 33 finished with value: 0.08762057188760729 and parameters: {'observation_period_num': 5, 'train_rates': 0.7524749875225608, 'learning_rate': 0.0004605336111209188, 'batch_size': 200, 'step_size': 4, 'gamma': 0.8400080778124701}. Best is trial 24 with value: 0.08015087315563782.[0m
[32m[I 2025-02-01 16:03:27,723][0m Trial 34 finished with value: 0.12658700791940297 and parameters: {'observation_period_num': 49, 'train_rates': 0.7489028742783279, 'learning_rate': 0.000494819976896396, 'batch_size': 189, 'step_size': 3, 'gamma': 0.7699831831833803}. Best is trial 24 with value: 0.08015087315563782.[0m
[32m[I 2025-02-01 16:03:58,214][0m Trial 35 finished with value: 0.518993087104169 and parameters: {'observation_period_num': 29, 'train_rates': 0.7086972528426145, 'learning_rate': 1.598143815073081e-06, 'batch_size': 161, 'step_size': 7, 'gamma': 0.7981927019090305}. Best is trial 24 with value: 0.08015087315563782.[0m
[32m[I 2025-02-01 16:04:24,010][0m Trial 36 finished with value: 0.20850824991058062 and parameters: {'observation_period_num': 213, 'train_rates': 0.8108653580417655, 'learning_rate': 0.00025923956220066707, 'batch_size': 219, 'step_size': 4, 'gamma': 0.8395674009618617}. Best is trial 24 with value: 0.08015087315563782.[0m
[32m[I 2025-02-01 16:04:55,580][0m Trial 37 finished with value: 0.09732842872316917 and parameters: {'observation_period_num': 5, 'train_rates': 0.8495172966641146, 'learning_rate': 0.0003662436054781296, 'batch_size': 185, 'step_size': 6, 'gamma': 0.8945150061042177}. Best is trial 24 with value: 0.08015087315563782.[0m
[32m[I 2025-02-01 16:05:21,134][0m Trial 38 finished with value: 0.15075668159010108 and parameters: {'observation_period_num': 70, 'train_rates': 0.7620356338473014, 'learning_rate': 0.000714033197540816, 'batch_size': 208, 'step_size': 2, 'gamma': 0.8098714533474276}. Best is trial 24 with value: 0.08015087315563782.[0m
[32m[I 2025-02-01 16:05:42,613][0m Trial 39 finished with value: 0.3762259456244382 and parameters: {'observation_period_num': 144, 'train_rates': 0.7340930862604509, 'learning_rate': 1.1002937995160603e-05, 'batch_size': 230, 'step_size': 8, 'gamma': 0.837253034188099}. Best is trial 24 with value: 0.08015087315563782.[0m
[32m[I 2025-02-01 16:06:55,088][0m Trial 40 finished with value: 0.08812132372960939 and parameters: {'observation_period_num': 25, 'train_rates': 0.6895447083119904, 'learning_rate': 0.0005122062205323048, 'batch_size': 64, 'step_size': 4, 'gamma': 0.8757412666355251}. Best is trial 24 with value: 0.08015087315563782.[0m
[32m[I 2025-02-01 16:07:19,683][0m Trial 41 finished with value: 0.11870040121175572 and parameters: {'observation_period_num': 21, 'train_rates': 0.6256446534626887, 'learning_rate': 0.00020317587993823346, 'batch_size': 193, 'step_size': 5, 'gamma': 0.8520964388828665}. Best is trial 24 with value: 0.08015087315563782.[0m
[32m[I 2025-02-01 16:07:52,595][0m Trial 42 finished with value: 0.09728749583750994 and parameters: {'observation_period_num': 5, 'train_rates': 0.6669877045648885, 'learning_rate': 0.00029001027655005987, 'batch_size': 151, 'step_size': 2, 'gamma': 0.82160769666912}. Best is trial 24 with value: 0.08015087315563782.[0m
[32m[I 2025-02-01 16:08:20,817][0m Trial 43 finished with value: 0.09139155924718068 and parameters: {'observation_period_num': 47, 'train_rates': 0.7167440410557133, 'learning_rate': 0.0007138171181468222, 'batch_size': 181, 'step_size': 7, 'gamma': 0.9090060161926836}. Best is trial 24 with value: 0.08015087315563782.[0m
[32m[I 2025-02-01 16:08:44,223][0m Trial 44 finished with value: 0.08089649517205544 and parameters: {'observation_period_num': 20, 'train_rates': 0.738647578396302, 'learning_rate': 0.0009608701983205663, 'batch_size': 238, 'step_size': 6, 'gamma': 0.8445590707533215}. Best is trial 24 with value: 0.08015087315563782.[0m
[32m[I 2025-02-01 16:09:07,558][0m Trial 45 finished with value: 0.08136036079732856 and parameters: {'observation_period_num': 21, 'train_rates': 0.7862724451479992, 'learning_rate': 0.000990046885764376, 'batch_size': 242, 'step_size': 8, 'gamma': 0.8447264482184247}. Best is trial 24 with value: 0.08015087315563782.[0m
[32m[I 2025-02-01 16:09:31,047][0m Trial 46 finished with value: 0.0861547769520615 and parameters: {'observation_period_num': 22, 'train_rates': 0.7922229013467788, 'learning_rate': 0.0009932910913584662, 'batch_size': 241, 'step_size': 8, 'gamma': 0.8846950877526586}. Best is trial 24 with value: 0.08015087315563782.[0m
[32m[I 2025-02-01 16:09:53,213][0m Trial 47 finished with value: 0.11944220438599587 and parameters: {'observation_period_num': 40, 'train_rates': 0.8630872669705, 'learning_rate': 0.0007924777571674295, 'batch_size': 253, 'step_size': 9, 'gamma': 0.8535592099369171}. Best is trial 24 with value: 0.08015087315563782.[0m
[32m[I 2025-02-01 16:10:16,676][0m Trial 48 finished with value: 0.10839015681844923 and parameters: {'observation_period_num': 57, 'train_rates': 0.7727008627998005, 'learning_rate': 0.0006211591638949604, 'batch_size': 238, 'step_size': 6, 'gamma': 0.845753829830832}. Best is trial 24 with value: 0.08015087315563782.[0m
[32m[I 2025-02-01 16:10:38,142][0m Trial 49 finished with value: 0.8365696881227432 and parameters: {'observation_period_num': 18, 'train_rates': 0.7328804083493882, 'learning_rate': 4.009044840489101e-06, 'batch_size': 248, 'step_size': 7, 'gamma': 0.8030108850566817}. Best is trial 24 with value: 0.08015087315563782.[0m
trend „ÅÆÊúÄÈÅ©„Éè„Ç§„Éë„Éº„Éë„É©„É°„Éº„Çø„ÅåË¶ã„Å§„Åã„Çä„Åæ„Åó„Åü
ÊúÄÈÅ©ÂåñÂØæË±°: seasonal_0
[32m[I 2025-02-01 16:10:38,153][0m A new study created in memory with name: no-name-1904fc84-8dd9-4a5b-b7af-c8a665969038[0m
Early stopping at epoch 34
[32m[I 2025-02-01 16:10:47,672][0m Trial 0 finished with value: 1.5332796243911093 and parameters: {'observation_period_num': 194, 'train_rates': 0.8980928691872125, 'learning_rate': 1.8936237684698684e-06, 'batch_size': 234, 'step_size': 1, 'gamma': 0.7529519418932042}. Best is trial 0 with value: 1.5332796243911093.[0m
[32m[I 2025-02-01 16:11:12,987][0m Trial 1 finished with value: 0.6426294108431817 and parameters: {'observation_period_num': 213, 'train_rates': 0.6015556651765379, 'learning_rate': 5.915423458150801e-06, 'batch_size': 174, 'step_size': 12, 'gamma': 0.8260610864349276}. Best is trial 1 with value: 0.6426294108431817.[0m
[32m[I 2025-02-01 16:11:43,431][0m Trial 2 finished with value: 0.27356039762027623 and parameters: {'observation_period_num': 182, 'train_rates': 0.9086419803385578, 'learning_rate': 5.259456900633704e-05, 'batch_size': 192, 'step_size': 11, 'gamma': 0.7520170150397385}. Best is trial 2 with value: 0.27356039762027623.[0m
[32m[I 2025-02-01 16:12:06,861][0m Trial 3 finished with value: 0.7074736672581817 and parameters: {'observation_period_num': 71, 'train_rates': 0.7507964452002801, 'learning_rate': 3.3462451652171022e-06, 'batch_size': 229, 'step_size': 13, 'gamma': 0.8401003266287321}. Best is trial 2 with value: 0.27356039762027623.[0m
Early stopping at epoch 71
[32m[I 2025-02-01 16:12:54,626][0m Trial 4 finished with value: 0.46775674661663846 and parameters: {'observation_period_num': 70, 'train_rates': 0.7716950360589251, 'learning_rate': 2.1023312375674757e-05, 'batch_size': 75, 'step_size': 1, 'gamma': 0.8392642220980325}. Best is trial 2 with value: 0.27356039762027623.[0m
[32m[I 2025-02-01 16:15:25,546][0m Trial 5 finished with value: 0.14004463067566844 and parameters: {'observation_period_num': 5, 'train_rates': 0.8318898440486566, 'learning_rate': 1.9977684565627307e-06, 'batch_size': 35, 'step_size': 10, 'gamma': 0.9779947030358737}. Best is trial 5 with value: 0.14004463067566844.[0m
[32m[I 2025-02-01 16:17:54,574][0m Trial 6 finished with value: 0.3332137314058979 and parameters: {'observation_period_num': 221, 'train_rates': 0.7059844368759076, 'learning_rate': 2.635738542532334e-06, 'batch_size': 29, 'step_size': 13, 'gamma': 0.9494399952324477}. Best is trial 5 with value: 0.14004463067566844.[0m
[32m[I 2025-02-01 16:18:18,754][0m Trial 7 finished with value: 0.29548317193984985 and parameters: {'observation_period_num': 102, 'train_rates': 0.9579709742179678, 'learning_rate': 0.00047681280874901054, 'batch_size': 254, 'step_size': 9, 'gamma': 0.9453480315928309}. Best is trial 5 with value: 0.14004463067566844.[0m
[32m[I 2025-02-01 16:18:45,975][0m Trial 8 finished with value: 0.5728365011320783 and parameters: {'observation_period_num': 91, 'train_rates': 0.8111189935889512, 'learning_rate': 3.364526711413353e-06, 'batch_size': 202, 'step_size': 9, 'gamma': 0.8408067965907635}. Best is trial 5 with value: 0.14004463067566844.[0m
[32m[I 2025-02-01 16:19:56,652][0m Trial 9 finished with value: 0.15396048038573212 and parameters: {'observation_period_num': 158, 'train_rates': 0.7104787986603248, 'learning_rate': 0.0005580366867044399, 'batch_size': 66, 'step_size': 5, 'gamma': 0.9055619082726668}. Best is trial 5 with value: 0.14004463067566844.[0m
[32m[I 2025-02-01 16:20:42,610][0m Trial 10 finished with value: 0.1283641169557657 and parameters: {'observation_period_num': 6, 'train_rates': 0.8488181269870474, 'learning_rate': 2.0654016389604787e-05, 'batch_size': 122, 'step_size': 6, 'gamma': 0.9835729337380945}. Best is trial 10 with value: 0.1283641169557657.[0m
[32m[I 2025-02-01 16:21:28,060][0m Trial 11 finished with value: 0.11496088736587101 and parameters: {'observation_period_num': 6, 'train_rates': 0.844656915374102, 'learning_rate': 3.4721303981326854e-05, 'batch_size': 119, 'step_size': 6, 'gamma': 0.989702647680512}. Best is trial 11 with value: 0.11496088736587101.[0m
[32m[I 2025-02-01 16:22:13,940][0m Trial 12 finished with value: 0.11707485889890545 and parameters: {'observation_period_num': 5, 'train_rates': 0.8644436738465691, 'learning_rate': 6.098175482532243e-05, 'batch_size': 126, 'step_size': 6, 'gamma': 0.9884858120289699}. Best is trial 11 with value: 0.11496088736587101.[0m
[32m[I 2025-02-01 16:23:04,443][0m Trial 13 finished with value: 0.04943442344665527 and parameters: {'observation_period_num': 40, 'train_rates': 0.9817583756279298, 'learning_rate': 0.00010045968631504395, 'batch_size': 124, 'step_size': 5, 'gamma': 0.9130452153192891}. Best is trial 13 with value: 0.04943442344665527.[0m
[32m[I 2025-02-01 16:23:44,620][0m Trial 14 finished with value: 0.08064062893390656 and parameters: {'observation_period_num': 46, 'train_rates': 0.9899497613747412, 'learning_rate': 0.00014948961188320783, 'batch_size': 157, 'step_size': 4, 'gamma': 0.8941334866085376}. Best is trial 13 with value: 0.04943442344665527.[0m
