[32m[I 2025-02-01 20:51:46,705][0m Trial 12 finished with value: 0.09501781035056543 and parameters: {'observation_period_num': 10, 'train_rates': 0.6002446549458678, 'learning_rate': 0.0009725054854671522, 'batch_size': 18, 'step_size': 6, 'gamma': 0.9066905538850996}. Best is trial 10 with value: 0.06184046451101829.[0m
[32m[I 2025-02-01 20:52:56,323][0m Trial 13 finished with value: 0.07424347046762705 and parameters: {'observation_period_num': 19, 'train_rates': 0.6596738826869044, 'learning_rate': 0.00017068020447184436, 'batch_size': 65, 'step_size': 7, 'gamma': 0.8993745357552997}. Best is trial 10 with value: 0.06184046451101829.[0m
[32m[I 2025-02-01 20:53:24,696][0m Trial 14 finished with value: 0.18108874446940873 and parameters: {'observation_period_num': 46, 'train_rates': 0.6541025422775978, 'learning_rate': 1.4653038377129155e-05, 'batch_size': 171, 'step_size': 15, 'gamma': 0.8707412316266144}. Best is trial 10 with value: 0.06184046451101829.[0m
[32m[I 2025-02-01 20:55:17,910][0m Trial 15 finished with value: 0.10838073554362893 and parameters: {'observation_period_num': 46, 'train_rates': 0.8100596898019375, 'learning_rate': 9.745339537133421e-05, 'batch_size': 45, 'step_size': 5, 'gamma': 0.939455756893271}. Best is trial 10 with value: 0.06184046451101829.[0m
[32m[I 2025-02-01 20:56:07,198][0m Trial 16 finished with value: 0.15396333185594474 and parameters: {'observation_period_num': 50, 'train_rates': 0.6542165879179912, 'learning_rate': 1.9697457760026524e-05, 'batch_size': 94, 'step_size': 8, 'gamma': 0.8636852224506505}. Best is trial 10 with value: 0.06184046451101829.[0m
[32m[I 2025-02-01 20:56:42,590][0m Trial 17 finished with value: 0.11472026353820841 and parameters: {'observation_period_num': 5, 'train_rates': 0.8728041888109315, 'learning_rate': 0.0002760426860321795, 'batch_size': 168, 'step_size': 8, 'gamma': 0.9345458120328667}. Best is trial 10 with value: 0.06184046451101829.[0m
[32m[I 2025-02-01 21:01:38,322][0m Trial 18 finished with value: 0.14085768362504328 and parameters: {'observation_period_num': 115, 'train_rates': 0.7738490273825244, 'learning_rate': 0.000877090373429808, 'batch_size': 16, 'step_size': 4, 'gamma': 0.8903793590604632}. Best is trial 10 with value: 0.06184046451101829.[0m
[32m[I 2025-02-01 21:03:17,874][0m Trial 19 finished with value: 0.10409928967544807 and parameters: {'observation_period_num': 34, 'train_rates': 0.6779873472919025, 'learning_rate': 3.8041137751442086e-05, 'batch_size': 46, 'step_size': 9, 'gamma': 0.836475263255276}. Best is trial 10 with value: 0.06184046451101829.[0m
[32m[I 2025-02-01 21:04:03,132][0m Trial 20 finished with value: 0.09584307712602592 and parameters: {'observation_period_num': 61, 'train_rates': 0.6295754529520491, 'learning_rate': 0.00014147397213518375, 'batch_size': 96, 'step_size': 6, 'gamma': 0.9319749519784855}. Best is trial 10 with value: 0.06184046451101829.[0m
[32m[I 2025-02-01 21:05:10,312][0m Trial 21 finished with value: 0.07439583200048148 and parameters: {'observation_period_num': 22, 'train_rates': 0.6499082298688647, 'learning_rate': 0.00017299014300110294, 'batch_size': 67, 'step_size': 7, 'gamma': 0.8942460507670876}. Best is trial 10 with value: 0.06184046451101829.[0m
[32m[I 2025-02-01 21:06:38,116][0m Trial 22 finished with value: 0.1304747407669074 and parameters: {'observation_period_num': 28, 'train_rates': 0.601178576615246, 'learning_rate': 0.0002814611981043169, 'batch_size': 48, 'step_size': 7, 'gamma': 0.8769471054607851}. Best is trial 10 with value: 0.06184046451101829.[0m
[32m[I 2025-02-01 21:08:49,021][0m Trial 23 finished with value: 0.06880282292044476 and parameters: {'observation_period_num': 6, 'train_rates': 0.6783032438694888, 'learning_rate': 7.527982565847536e-05, 'batch_size': 35, 'step_size': 4, 'gamma': 0.911824756153664}. Best is trial 10 with value: 0.06184046451101829.[0m
[32m[I 2025-02-01 21:10:57,261][0m Trial 24 finished with value: 0.13425928070095838 and parameters: {'observation_period_num': 70, 'train_rates': 0.6890399941968464, 'learning_rate': 7.021830671317923e-05, 'batch_size': 35, 'step_size': 4, 'gamma': 0.9507893265902129}. Best is trial 10 with value: 0.06184046451101829.[0m
[32m[I 2025-02-01 21:11:48,744][0m Trial 25 finished with value: 0.14616006210267157 and parameters: {'observation_period_num': 5, 'train_rates': 0.633874875372516, 'learning_rate': 2.1089316140916347e-05, 'batch_size': 89, 'step_size': 3, 'gamma': 0.9085940499275323}. Best is trial 10 with value: 0.06184046451101829.[0m
[32m[I 2025-02-01 21:16:21,588][0m Trial 26 finished with value: 0.153884243488841 and parameters: {'observation_period_num': 110, 'train_rates': 0.6834451160294853, 'learning_rate': 5.0216320776474896e-05, 'batch_size': 16, 'step_size': 5, 'gamma': 0.9218689980247362}. Best is trial 10 with value: 0.06184046451101829.[0m
[32m[I 2025-02-01 21:18:26,738][0m Trial 27 finished with value: 0.09847192065178478 and parameters: {'observation_period_num': 36, 'train_rates': 0.6248719867437712, 'learning_rate': 0.00010796439125359575, 'batch_size': 34, 'step_size': 5, 'gamma': 0.8841935802495157}. Best is trial 10 with value: 0.06184046451101829.[0m
[32m[I 2025-02-01 21:19:49,926][0m Trial 28 finished with value: 0.1348581233372291 and parameters: {'observation_period_num': 89, 'train_rates': 0.7574325098992336, 'learning_rate': 0.00036909306476079875, 'batch_size': 58, 'step_size': 9, 'gamma': 0.9521860572433626}. Best is trial 10 with value: 0.06184046451101829.[0m
[32m[I 2025-02-01 21:20:44,389][0m Trial 29 finished with value: 0.12407078755337118 and parameters: {'observation_period_num': 141, 'train_rates': 0.7130461958968775, 'learning_rate': 0.000557989269893143, 'batch_size': 85, 'step_size': 6, 'gamma': 0.8536204381537776}. Best is trial 10 with value: 0.06184046451101829.[0m
[32m[I 2025-02-01 21:22:51,211][0m Trial 30 finished with value: 0.1566339171123366 and parameters: {'observation_period_num': 60, 'train_rates': 0.6735524597046147, 'learning_rate': 6.268126158719191e-06, 'batch_size': 35, 'step_size': 14, 'gamma': 0.8329659056597618}. Best is trial 10 with value: 0.06184046451101829.[0m
[32m[I 2025-02-01 21:24:22,598][0m Trial 31 finished with value: 0.07692513873211942 and parameters: {'observation_period_num': 21, 'train_rates': 0.6583212739894994, 'learning_rate': 0.00020792467520625333, 'batch_size': 49, 'step_size': 7, 'gamma': 0.9041746424074875}. Best is trial 10 with value: 0.06184046451101829.[0m
[32m[I 2025-02-01 21:27:01,726][0m Trial 32 finished with value: 0.07678183767684671 and parameters: {'observation_period_num': 20, 'train_rates': 0.6341526686781755, 'learning_rate': 9.633736431443968e-05, 'batch_size': 27, 'step_size': 8, 'gamma': 0.895224920647818}. Best is trial 10 with value: 0.06184046451101829.[0m
[32m[I 2025-02-01 21:28:06,031][0m Trial 33 finished with value: 0.09097096219776803 and parameters: {'observation_period_num': 37, 'train_rates': 0.7403280759939218, 'learning_rate': 0.0001284027780079589, 'batch_size': 76, 'step_size': 10, 'gamma': 0.9223766201968022}. Best is trial 10 with value: 0.06184046451101829.[0m
[32m[I 2025-02-01 21:30:24,108][0m Trial 34 finished with value: 0.06925229970102491 and parameters: {'observation_period_num': 15, 'train_rates': 0.6153906555677184, 'learning_rate': 6.9944791987908e-05, 'batch_size': 31, 'step_size': 9, 'gamma': 0.8760715602932763}. Best is trial 10 with value: 0.06184046451101829.[0m
[32m[I 2025-02-01 21:33:15,701][0m Trial 35 finished with value: 0.06321125230038757 and parameters: {'observation_period_num': 5, 'train_rates': 0.6241018543478298, 'learning_rate': 6.416420970708867e-05, 'batch_size': 25, 'step_size': 11, 'gamma': 0.8025252411941766}. Best is trial 10 with value: 0.06184046451101829.[0m
[32m[I 2025-02-01 21:33:54,293][0m Trial 36 finished with value: 0.2280022929544034 and parameters: {'observation_period_num': 176, 'train_rates': 0.6028988352771651, 'learning_rate': 5.499926208551903e-05, 'batch_size': 111, 'step_size': 11, 'gamma': 0.7889372587774517}. Best is trial 10 with value: 0.06184046451101829.[0m
[32m[I 2025-02-01 21:35:17,413][0m Trial 37 finished with value: 0.10946419339540393 and parameters: {'observation_period_num': 53, 'train_rates': 0.7039341142917735, 'learning_rate': 2.554450326008921e-05, 'batch_size': 56, 'step_size': 13, 'gamma': 0.7940305060331885}. Best is trial 10 with value: 0.06184046451101829.[0m
[32m[I 2025-02-01 21:38:09,588][0m Trial 38 finished with value: 0.07733936607837677 and parameters: {'observation_period_num': 35, 'train_rates': 0.9896662999612224, 'learning_rate': 1.015939614219458e-05, 'batch_size': 34, 'step_size': 10, 'gamma': 0.8079167774405996}. Best is trial 10 with value: 0.06184046451101829.[0m
[32m[I 2025-02-01 21:38:43,245][0m Trial 39 finished with value: 0.1707218934329595 and parameters: {'observation_period_num': 77, 'train_rates': 0.6381463100920614, 'learning_rate': 7.205988253318649e-05, 'batch_size': 140, 'step_size': 11, 'gamma': 0.8392919629244956}. Best is trial 10 with value: 0.06184046451101829.[0m
Early stopping at epoch 94
[32m[I 2025-02-01 21:41:25,950][0m Trial 40 finished with value: 0.3179001377144856 and parameters: {'observation_period_num': 251, 'train_rates': 0.8762790754807286, 'learning_rate': 4.205180485428274e-05, 'batch_size': 29, 'step_size': 2, 'gamma': 0.7517147990360695}. Best is trial 10 with value: 0.06184046451101829.[0m
[32m[I 2025-02-01 21:44:09,022][0m Trial 41 finished with value: 0.06245761028795352 and parameters: {'observation_period_num': 13, 'train_rates': 0.6166535618183558, 'learning_rate': 8.12649865719865e-05, 'batch_size': 26, 'step_size': 9, 'gamma': 0.8812772096739231}. Best is trial 10 with value: 0.06184046451101829.[0m
[32m[I 2025-02-01 21:45:49,303][0m Trial 42 finished with value: 0.13479877194369816 and parameters: {'observation_period_num': 15, 'train_rates': 0.6179544437025277, 'learning_rate': 7.327625261636192e-05, 'batch_size': 43, 'step_size': 1, 'gamma': 0.860213926256122}. Best is trial 10 with value: 0.06184046451101829.[0m
[32m[I 2025-02-01 21:48:34,729][0m Trial 43 finished with value: 0.10936357885538066 and parameters: {'observation_period_num': 26, 'train_rates': 0.6672317199582019, 'learning_rate': 2.938177084214427e-05, 'batch_size': 27, 'step_size': 9, 'gamma': 0.8796185905443168}. Best is trial 10 with value: 0.06184046451101829.[0m
[32m[I 2025-02-01 21:49:35,581][0m Trial 44 finished with value: 0.07891117604846638 and parameters: {'observation_period_num': 12, 'train_rates': 0.6418657084829048, 'learning_rate': 5.563041206495528e-05, 'batch_size': 75, 'step_size': 12, 'gamma': 0.8252579182091336}. Best is trial 10 with value: 0.06184046451101829.[0m
[32m[I 2025-02-01 21:49:57,949][0m Trial 45 finished with value: 0.32739633491276193 and parameters: {'observation_period_num': 41, 'train_rates': 0.6188324490215363, 'learning_rate': 0.00010329741821195652, 'batch_size': 209, 'step_size': 9, 'gamma': 0.8536115314141546}. Best is trial 10 with value: 0.06184046451101829.[0m
[32m[I 2025-02-01 21:50:16,084][0m Trial 46 finished with value: 1.1490128545957237 and parameters: {'observation_period_num': 14, 'train_rates': 0.6033707654344612, 'learning_rate': 3.252878647567874e-06, 'batch_size': 255, 'step_size': 11, 'gamma': 0.8728363995014173}. Best is trial 10 with value: 0.06184046451101829.[0m
[32m[I 2025-02-01 21:51:32,710][0m Trial 47 finished with value: 0.15373830632968738 and parameters: {'observation_period_num': 190, 'train_rates': 0.6926254039219252, 'learning_rate': 0.00021078784953457885, 'batch_size': 58, 'step_size': 10, 'gamma': 0.985625166353876}. Best is trial 10 with value: 0.06184046451101829.[0m
[32m[I 2025-02-01 21:54:42,185][0m Trial 48 finished with value: 0.09060458862807733 and parameters: {'observation_period_num': 29, 'train_rates': 0.7283850841755719, 'learning_rate': 7.880513595757169e-05, 'batch_size': 25, 'step_size': 8, 'gamma': 0.9176000637517124}. Best is trial 10 with value: 0.06184046451101829.[0m
