[32m[I 2025-02-01 16:24:26,833][0m Trial 15 finished with value: 0.0686337798833847 and parameters: {'observation_period_num': 56, 'train_rates': 0.9860190469956831, 'learning_rate': 0.0001710963605102243, 'batch_size': 149, 'step_size': 3, 'gamma': 0.8907631795149414}. Best is trial 13 with value: 0.04943442344665527.[0m
[32m[I 2025-02-01 16:25:29,357][0m Trial 16 finished with value: 0.23863539990309057 and parameters: {'observation_period_num': 44, 'train_rates': 0.9483541430434843, 'learning_rate': 0.00018211418302941653, 'batch_size': 94, 'step_size': 3, 'gamma': 0.8864634279342353}. Best is trial 13 with value: 0.04943442344665527.[0m
[32m[I 2025-02-01 16:26:07,722][0m Trial 17 finished with value: 0.1092153936624527 and parameters: {'observation_period_num': 131, 'train_rates': 0.9849388413794393, 'learning_rate': 0.00014090173434369417, 'batch_size': 157, 'step_size': 3, 'gamma': 0.9235719455621467}. Best is trial 13 with value: 0.04943442344665527.[0m
[32m[I 2025-02-01 16:26:48,378][0m Trial 18 finished with value: 0.17938017381720567 and parameters: {'observation_period_num': 46, 'train_rates': 0.9284202972701046, 'learning_rate': 0.00024346352409020523, 'batch_size': 149, 'step_size': 7, 'gamma': 0.8713471543278981}. Best is trial 13 with value: 0.04943442344665527.[0m
[32m[I 2025-02-01 16:27:43,826][0m Trial 19 finished with value: 0.1718107416193084 and parameters: {'observation_period_num': 113, 'train_rates': 0.8937082701382312, 'learning_rate': 0.0009495592451030079, 'batch_size': 99, 'step_size': 3, 'gamma': 0.7928189406626532}. Best is trial 13 with value: 0.04943442344665527.[0m
[32m[I 2025-02-01 16:28:08,397][0m Trial 20 finished with value: 0.1824477307248914 and parameters: {'observation_period_num': 142, 'train_rates': 0.6288347385910203, 'learning_rate': 7.348787333181959e-05, 'batch_size': 194, 'step_size': 8, 'gamma': 0.9236873625613216}. Best is trial 13 with value: 0.04943442344665527.[0m
[32m[I 2025-02-01 16:28:46,700][0m Trial 21 finished with value: 0.061997149139642715 and parameters: {'observation_period_num': 40, 'train_rates': 0.9827536457587744, 'learning_rate': 0.00011685799672784696, 'batch_size': 160, 'step_size': 4, 'gamma': 0.8889080486032553}. Best is trial 13 with value: 0.04943442344665527.[0m
[32m[I 2025-02-01 16:29:31,466][0m Trial 22 finished with value: 0.21301420359578851 and parameters: {'observation_period_num': 31, 'train_rates': 0.9500980620581173, 'learning_rate': 0.00033620796516276545, 'batch_size': 138, 'step_size': 4, 'gamma': 0.8697187215486041}. Best is trial 13 with value: 0.04943442344665527.[0m
[32m[I 2025-02-01 16:30:32,070][0m Trial 23 finished with value: 0.11042109876871109 and parameters: {'observation_period_num': 68, 'train_rates': 0.9862132277276945, 'learning_rate': 0.00010764799658319572, 'batch_size': 101, 'step_size': 2, 'gamma': 0.8668460885780566}. Best is trial 13 with value: 0.04943442344665527.[0m
[32m[I 2025-02-01 16:31:06,307][0m Trial 24 finished with value: 0.26245194502864116 and parameters: {'observation_period_num': 30, 'train_rates': 0.9226803957409627, 'learning_rate': 9.540373169324396e-06, 'batch_size': 175, 'step_size': 15, 'gamma': 0.9210924865738308}. Best is trial 13 with value: 0.04943442344665527.[0m
[32m[I 2025-02-01 16:31:40,550][0m Trial 25 finished with value: 0.3114269971847534 and parameters: {'observation_period_num': 88, 'train_rates': 0.957581606701601, 'learning_rate': 0.00010682673698226125, 'batch_size': 176, 'step_size': 5, 'gamma': 0.9550363282482384}. Best is trial 13 with value: 0.04943442344665527.[0m
[32m[I 2025-02-01 16:32:19,998][0m Trial 26 finished with value: 0.1866050055547125 and parameters: {'observation_period_num': 244, 'train_rates': 0.8844503764882758, 'learning_rate': 0.000273743614243194, 'batch_size': 141, 'step_size': 4, 'gamma': 0.9035091766617172}. Best is trial 13 with value: 0.04943442344665527.[0m
[32m[I 2025-02-01 16:33:47,030][0m Trial 27 finished with value: 0.2898736141744207 and parameters: {'observation_period_num': 60, 'train_rates': 0.9370652712702553, 'learning_rate': 3.668526298135241e-05, 'batch_size': 65, 'step_size': 2, 'gamma': 0.8567700988499484}. Best is trial 13 with value: 0.04943442344665527.[0m
[32m[I 2025-02-01 16:34:17,350][0m Trial 28 finished with value: 0.31541258096694946 and parameters: {'observation_period_num': 26, 'train_rates': 0.9677494767627282, 'learning_rate': 8.57681655287663e-05, 'batch_size': 212, 'step_size': 7, 'gamma': 0.8844221744113843}. Best is trial 13 with value: 0.04943442344665527.[0m
Early stopping at epoch 55
[32m[I 2025-02-01 16:34:45,459][0m Trial 29 finished with value: 0.6523535052935282 and parameters: {'observation_period_num': 85, 'train_rates': 0.884099894079206, 'learning_rate': 1.6786824273162388e-05, 'batch_size': 112, 'step_size': 1, 'gamma': 0.8049033481723213}. Best is trial 13 with value: 0.04943442344665527.[0m
[32m[I 2025-02-01 16:35:22,034][0m Trial 30 finished with value: 0.7405973633941338 and parameters: {'observation_period_num': 112, 'train_rates': 0.9140800503853806, 'learning_rate': 1.1140030334193274e-06, 'batch_size': 156, 'step_size': 5, 'gamma': 0.9331886984630445}. Best is trial 13 with value: 0.04943442344665527.[0m
[32m[I 2025-02-01 16:36:00,349][0m Trial 31 finished with value: 0.07300955802202225 and parameters: {'observation_period_num': 49, 'train_rates': 0.9894556706794932, 'learning_rate': 0.0001661901259393449, 'batch_size': 164, 'step_size': 4, 'gamma': 0.9010186154365837}. Best is trial 13 with value: 0.04943442344665527.[0m
[32m[I 2025-02-01 16:36:36,629][0m Trial 32 finished with value: 0.3264862895011902 and parameters: {'observation_period_num': 52, 'train_rates': 0.9666384119111173, 'learning_rate': 0.00018237021226923895, 'batch_size': 167, 'step_size': 2, 'gamma': 0.9078622066554641}. Best is trial 13 with value: 0.04943442344665527.[0m
[32m[I 2025-02-01 16:37:10,959][0m Trial 33 finished with value: 0.08273376524448395 and parameters: {'observation_period_num': 28, 'train_rates': 0.9868461818494927, 'learning_rate': 5.024320057780318e-05, 'batch_size': 183, 'step_size': 4, 'gamma': 0.8811024639486403}. Best is trial 13 with value: 0.04943442344665527.[0m
[32m[I 2025-02-01 16:37:55,292][0m Trial 34 finished with value: 0.19783094617986927 and parameters: {'observation_period_num': 82, 'train_rates': 0.9328479173459401, 'learning_rate': 0.0006952110293758423, 'batch_size': 133, 'step_size': 3, 'gamma': 0.8989855606009935}. Best is trial 13 with value: 0.04943442344665527.[0m
[32m[I 2025-02-01 16:38:23,963][0m Trial 35 finished with value: 0.1423574045766145 and parameters: {'observation_period_num': 20, 'train_rates': 0.9075871833126524, 'learning_rate': 0.0003597194750946795, 'batch_size': 221, 'step_size': 5, 'gamma': 0.9631758166058654}. Best is trial 13 with value: 0.04943442344665527.[0m
Early stopping at epoch 74
[32m[I 2025-02-01 16:38:51,558][0m Trial 36 finished with value: 0.48135724663734436 and parameters: {'observation_period_num': 61, 'train_rates': 0.9696310760139664, 'learning_rate': 0.00021192226881810896, 'batch_size': 167, 'step_size': 1, 'gamma': 0.8539311154875869}. Best is trial 13 with value: 0.04943442344665527.[0m
[32m[I 2025-02-01 16:39:32,134][0m Trial 37 finished with value: 0.20783235299187666 and parameters: {'observation_period_num': 38, 'train_rates': 0.9388318832985248, 'learning_rate': 0.00010300401783047889, 'batch_size': 145, 'step_size': 7, 'gamma': 0.9120230490746529}. Best is trial 13 with value: 0.04943442344665527.[0m
[32m[I 2025-02-01 16:40:29,377][0m Trial 38 finished with value: 0.1554570742280913 and parameters: {'observation_period_num': 179, 'train_rates': 0.7885122524839102, 'learning_rate': 4.586824682326908e-05, 'batch_size': 85, 'step_size': 4, 'gamma': 0.9367654333266711}. Best is trial 13 with value: 0.04943442344665527.[0m
[32m[I 2025-02-01 16:40:54,408][0m Trial 39 finished with value: 0.17113899088360632 and parameters: {'observation_period_num': 68, 'train_rates': 0.6187723392207151, 'learning_rate': 0.00037883183057494784, 'batch_size': 187, 'step_size': 2, 'gamma': 0.7653394804432407}. Best is trial 13 with value: 0.04943442344665527.[0m
[32m[I 2025-02-01 16:41:40,208][0m Trial 40 finished with value: 0.08504248814882008 and parameters: {'observation_period_num': 18, 'train_rates': 0.7379122392369147, 'learning_rate': 0.00013537540949443288, 'batch_size': 111, 'step_size': 11, 'gamma': 0.9693508026619362}. Best is trial 13 with value: 0.04943442344665527.[0m
[32m[I 2025-02-01 16:42:20,457][0m Trial 41 finished with value: 0.06763172894716263 and parameters: {'observation_period_num': 50, 'train_rates': 0.979053624564766, 'learning_rate': 0.0001418563046404767, 'batch_size': 155, 'step_size': 4, 'gamma': 0.8939098231518638}. Best is trial 13 with value: 0.04943442344665527.[0m
[32m[I 2025-02-01 16:42:56,975][0m Trial 42 finished with value: 0.406920462846756 and parameters: {'observation_period_num': 76, 'train_rates': 0.9678606000825095, 'learning_rate': 7.09988780285883e-05, 'batch_size': 164, 'step_size': 3, 'gamma': 0.8942791149080066}. Best is trial 13 with value: 0.04943442344665527.[0m
[32m[I 2025-02-01 16:43:43,686][0m Trial 43 finished with value: 0.05320098623633385 and parameters: {'observation_period_num': 55, 'train_rates': 0.9743665857137717, 'learning_rate': 0.0002587775863391444, 'batch_size': 132, 'step_size': 6, 'gamma': 0.8757810747029094}. Best is trial 13 with value: 0.04943442344665527.[0m
[32m[I 2025-02-01 16:44:30,266][0m Trial 44 finished with value: 0.22982946038246155 and parameters: {'observation_period_num': 57, 'train_rates': 0.9548444876413625, 'learning_rate': 0.000528211915980486, 'batch_size': 131, 'step_size': 6, 'gamma': 0.8501243698290276}. Best is trial 13 with value: 0.04943442344665527.[0m
[32m[I 2025-02-01 16:45:10,854][0m Trial 45 finished with value: 0.11077812034347805 and parameters: {'observation_period_num': 94, 'train_rates': 0.6622132993444269, 'learning_rate': 0.00027112060332517673, 'batch_size': 114, 'step_size': 8, 'gamma': 0.8742894593848362}. Best is trial 13 with value: 0.04943442344665527.[0m
[32m[I 2025-02-01 16:45:50,237][0m Trial 46 finished with value: 0.16512643144080777 and parameters: {'observation_period_num': 17, 'train_rates': 0.8702854210470494, 'learning_rate': 2.6357332253345566e-05, 'batch_size': 148, 'step_size': 6, 'gamma': 0.8169265920589703}. Best is trial 13 with value: 0.04943442344665527.[0m
[32m[I 2025-02-01 16:47:52,600][0m Trial 47 finished with value: 0.17454992780703624 and parameters: {'observation_period_num': 102, 'train_rates': 0.9084209534017982, 'learning_rate': 0.00011840620823528853, 'batch_size': 44, 'step_size': 5, 'gamma': 0.8298313904034302}. Best is trial 13 with value: 0.04943442344665527.[0m
[32m[I 2025-02-01 16:48:19,926][0m Trial 48 finished with value: 0.11942387382114317 and parameters: {'observation_period_num': 41, 'train_rates': 0.8185802634859295, 'learning_rate': 8.2655526293641e-05, 'batch_size': 201, 'step_size': 8, 'gamma': 0.9140117668362215}. Best is trial 13 with value: 0.04943442344665527.[0m
[32m[I 2025-02-01 16:49:08,235][0m Trial 49 finished with value: 0.09185514599084854 and parameters: {'observation_period_num': 71, 'train_rates': 0.973513519885891, 'learning_rate': 0.00021823085339555992, 'batch_size': 125, 'step_size': 7, 'gamma': 0.8876006198204268}. Best is trial 13 with value: 0.04943442344665527.[0m
seasonal_0 „ÅÆÊúÄÈÅ©„Éè„Ç§„Éë„Éº„Éë„É©„É°„Éº„Çø„ÅåË¶ã„Å§„Åã„Çä„Åæ„Åó„Åü
ÊúÄÈÅ©ÂåñÂØæË±°: seasonal_1
[32m[I 2025-02-01 16:49:08,245][0m A new study created in memory with name: no-name-5fd8e4f0-9eea-44e0-8fc3-3b3e20a6534e[0m
[32m[I 2025-02-01 16:50:12,606][0m Trial 0 finished with value: 0.4287033677101135 and parameters: {'observation_period_num': 9, 'train_rates': 0.9721668984985137, 'learning_rate': 2.9976141322521934e-06, 'batch_size': 93, 'step_size': 8, 'gamma': 0.979364526796394}. Best is trial 0 with value: 0.4287033677101135.[0m
[32m[I 2025-02-01 16:50:53,898][0m Trial 1 finished with value: 1.0859809481864713 and parameters: {'observation_period_num': 123, 'train_rates': 0.6028049823873022, 'learning_rate': 1.0624710390187e-06, 'batch_size': 102, 'step_size': 4, 'gamma': 0.8872145513203387}. Best is trial 0 with value: 0.4287033677101135.[0m
Early stopping at epoch 52
[32m[I 2025-02-01 16:51:20,450][0m Trial 2 finished with value: 0.37980127193386715 and parameters: {'observation_period_num': 119, 'train_rates': 0.8588270213049618, 'learning_rate': 6.321201222995257e-05, 'batch_size': 106, 'step_size': 1, 'gamma': 0.790296261437753}. Best is trial 2 with value: 0.37980127193386715.[0m
[32m[I 2025-02-01 16:52:52,173][0m Trial 3 finished with value: 0.1226209586197482 and parameters: {'observation_period_num': 123, 'train_rates': 0.7679515917126869, 'learning_rate': 5.7767201024140304e-05, 'batch_size': 52, 'step_size': 2, 'gamma': 0.9649935082192602}. Best is trial 3 with value: 0.1226209586197482.[0m
[32m[I 2025-02-01 16:53:29,697][0m Trial 4 finished with value: 0.13755932134209256 and parameters: {'observation_period_num': 157, 'train_rates': 0.7054418230333239, 'learning_rate': 8.00650291397552e-05, 'batch_size': 125, 'step_size': 14, 'gamma': 0.947801025262627}. Best is trial 3 with value: 0.1226209586197482.[0m
[32m[I 2025-02-01 16:55:05,198][0m Trial 5 finished with value: 0.2526575082540512 and parameters: {'observation_period_num': 228, 'train_rates': 0.9268481350475868, 'learning_rate': 1.9800914507158426e-05, 'batch_size': 56, 'step_size': 11, 'gamma': 0.9338173760270037}. Best is trial 3 with value: 0.1226209586197482.[0m
[32m[I 2025-02-01 16:55:25,483][0m Trial 6 finished with value: 0.40249295933888507 and parameters: {'observation_period_num': 194, 'train_rates': 0.6048987728506725, 'learning_rate': 7.179378743437624e-06, 'batch_size': 231, 'step_size': 13, 'gamma': 0.9666876360077515}. Best is trial 3 with value: 0.1226209586197482.[0m
[32m[I 2025-02-01 16:55:59,124][0m Trial 7 finished with value: 0.133344940907721 and parameters: {'observation_period_num': 133, 'train_rates': 0.6432054350580866, 'learning_rate': 0.0007276825218523743, 'batch_size': 138, 'step_size': 15, 'gamma': 0.7961038602951918}. Best is trial 3 with value: 0.1226209586197482.[0m
[32m[I 2025-02-01 16:57:48,252][0m Trial 8 finished with value: 0.16115991582635592 and parameters: {'observation_period_num': 116, 'train_rates': 0.8871854291663341, 'learning_rate': 0.00015870301101470155, 'batch_size': 49, 'step_size': 13, 'gamma': 0.8620263134383945}. Best is trial 3 with value: 0.1226209586197482.[0m
[32m[I 2025-02-01 16:59:59,580][0m Trial 9 finished with value: 0.09624858483770825 and parameters: {'observation_period_num': 41, 'train_rates': 0.741078832514085, 'learning_rate': 2.1767717229053347e-05, 'batch_size': 36, 'step_size': 9, 'gamma': 0.964019125286165}. Best is trial 9 with value: 0.09624858483770825.[0m
[32m[I 2025-02-01 17:00:27,067][0m Trial 10 finished with value: 0.2002520241599152 and parameters: {'observation_period_num': 33, 'train_rates': 0.7875610537188952, 'learning_rate': 1.3527692807901674e-05, 'batch_size': 192, 'step_size': 7, 'gamma': 0.8890732032681651}. Best is trial 9 with value: 0.09624858483770825.[0m
[32m[I 2025-02-01 17:04:03,830][0m Trial 11 finished with value: 0.10820331728016888 and parameters: {'observation_period_num': 61, 'train_rates': 0.7578034057000985, 'learning_rate': 0.0004012675910659942, 'batch_size': 22, 'step_size': 5, 'gamma': 0.9222484232508569}. Best is trial 9 with value: 0.09624858483770825.[0m
[32m[I 2025-02-01 17:07:31,338][0m Trial 12 finished with value: 0.09730504587346336 and parameters: {'observation_period_num': 57, 'train_rates': 0.7128224288786913, 'learning_rate': 0.000832432953401429, 'batch_size': 22, 'step_size': 6, 'gamma': 0.9143245120359602}. Best is trial 9 with value: 0.09624858483770825.[0m
[32m[I 2025-02-01 17:10:58,723][0m Trial 13 finished with value: 0.12193251085902398 and parameters: {'observation_period_num': 67, 'train_rates': 0.702677651024113, 'learning_rate': 0.0002642698778174568, 'batch_size': 22, 'step_size': 11, 'gamma': 0.8392068323084257}. Best is trial 9 with value: 0.09624858483770825.[0m
[32m[I 2025-02-01 17:11:29,075][0m Trial 14 finished with value: 0.26357645364034743 and parameters: {'observation_period_num': 71, 'train_rates': 0.7016656664060583, 'learning_rate': 6.739655986126868e-06, 'batch_size': 164, 'step_size': 10, 'gamma': 0.912754953606512}. Best is trial 9 with value: 0.09624858483770825.[0m
[32m[I 2025-02-01 17:12:44,008][0m Trial 15 finished with value: 0.10244794575962177 and parameters: {'observation_period_num': 9, 'train_rates': 0.8409514606693338, 'learning_rate': 2.4456723422051417e-05, 'batch_size': 72, 'step_size': 6, 'gamma': 0.989336057597703}. Best is trial 9 with value: 0.09624858483770825.[0m
[32m[I 2025-02-01 17:16:23,371][0m Trial 16 finished with value: 0.12479429736791194 and parameters: {'observation_period_num': 86, 'train_rates': 0.7303330738607606, 'learning_rate': 0.0008583366323208973, 'batch_size': 21, 'step_size': 9, 'gamma': 0.8338470682899531}. Best is trial 9 with value: 0.09624858483770825.[0m
[32m[I 2025-02-01 17:17:23,721][0m Trial 17 finished with value: 0.11791246200370933 and parameters: {'observation_period_num': 42, 'train_rates': 0.6597258518655891, 'learning_rate': 0.00011775862295849095, 'batch_size': 75, 'step_size': 4, 'gamma': 0.7589735200472878}. Best is trial 9 with value: 0.09624858483770825.[0m
[32m[I 2025-02-01 17:17:47,076][0m Trial 18 finished with value: 0.1775539449670098 and parameters: {'observation_period_num': 97, 'train_rates': 0.8195126088984854, 'learning_rate': 4.0239692428750614e-05, 'batch_size': 235, 'step_size': 8, 'gamma': 0.9059944975518475}. Best is trial 9 with value: 0.09624858483770825.[0m
[32m[I 2025-02-01 17:19:43,580][0m Trial 19 finished with value: 0.11567035227066005 and parameters: {'observation_period_num': 33, 'train_rates': 0.6558894253701959, 'learning_rate': 9.971128420863456e-06, 'batch_size': 38, 'step_size': 3, 'gamma': 0.9454862685437352}. Best is trial 9 with value: 0.09624858483770825.[0m
[32m[I 2025-02-01 17:20:11,975][0m Trial 20 finished with value: 0.7749648599789061 and parameters: {'observation_period_num': 151, 'train_rates': 0.7416599813471028, 'learning_rate': 3.1196368053767143e-06, 'batch_size': 179, 'step_size': 6, 'gamma': 0.8621898076235313}. Best is trial 9 with value: 0.09624858483770825.[0m
[32m[I 2025-02-01 17:21:23,256][0m Trial 21 finished with value: 0.0985113787105178 and parameters: {'observation_period_num': 10, 'train_rates': 0.8286972864484893, 'learning_rate': 2.4053108366356692e-05, 'batch_size': 76, 'step_size': 6, 'gamma': 0.9815364039565221}. Best is trial 9 with value: 0.09624858483770825.[0m
[32m[I 2025-02-01 17:22:32,490][0m Trial 22 finished with value: 0.1140568512062305 and parameters: {'observation_period_num': 47, 'train_rates': 0.8137045530355134, 'learning_rate': 3.2013510703605375e-05, 'batch_size': 76, 'step_size': 7, 'gamma': 0.9532552663171951}. Best is trial 9 with value: 0.09624858483770825.[0m
[32m[I 2025-02-01 17:24:39,473][0m Trial 23 finished with value: 0.08717581632733346 and parameters: {'observation_period_num': 8, 'train_rates': 0.7882899965619038, 'learning_rate': 1.478000451538773e-05, 'batch_size': 40, 'step_size': 9, 'gamma': 0.9714485829381044}. Best is trial 23 with value: 0.08717581632733346.[0m
[32m[I 2025-02-01 17:26:55,603][0m Trial 24 finished with value: 0.13680445807703973 and parameters: {'observation_period_num': 30, 'train_rates': 0.7915022824108502, 'learning_rate': 3.7767464656955492e-06, 'batch_size': 37, 'step_size': 10, 'gamma': 0.9358002541294526}. Best is trial 23 with value: 0.08717581632733346.[0m
[32m[I 2025-02-01 17:29:08,182][0m Trial 25 finished with value: 0.12577489723673377 and parameters: {'observation_period_num': 83, 'train_rates': 0.6876781635858834, 'learning_rate': 1.3844367670022103e-05, 'batch_size': 34, 'step_size': 9, 'gamma': 0.8995141774564003}. Best is trial 23 with value: 0.08717581632733346.[0m
[32m[I 2025-02-01 17:30:30,071][0m Trial 26 finished with value: 0.39383884514417483 and parameters: {'observation_period_num': 54, 'train_rates': 0.7393994905928267, 'learning_rate': 1.4011319047119159e-06, 'batch_size': 59, 'step_size': 12, 'gamma': 0.9665184776868684}. Best is trial 23 with value: 0.08717581632733346.[0m
[32m[I 2025-02-01 17:35:19,832][0m Trial 27 finished with value: 0.08319155666041592 and parameters: {'observation_period_num': 16, 'train_rates': 0.7765916685040163, 'learning_rate': 0.0001290349427495362, 'batch_size': 17, 'step_size': 9, 'gamma': 0.9277080437405427}. Best is trial 27 with value: 0.08319155666041592.[0m
[32m[I 2025-02-01 17:36:23,352][0m Trial 28 finished with value: 0.11809681805370506 and parameters: {'observation_period_num': 25, 'train_rates': 0.8829706298343428, 'learning_rate': 0.000171858444191688, 'batch_size': 87, 'step_size': 9, 'gamma': 0.9296910216905999}. Best is trial 27 with value: 0.08319155666041592.[0m
[32m[I 2025-02-01 17:36:49,721][0m Trial 29 finished with value: 0.05964331328868866 and parameters: {'observation_period_num': 8, 'train_rates': 0.9857392660941815, 'learning_rate': 4.3885582160670965e-05, 'batch_size': 255, 'step_size': 10, 'gamma': 0.972202331640702}. Best is trial 29 with value: 0.05964331328868866.[0m
[32m[I 2025-02-01 17:37:20,022][0m Trial 30 finished with value: 0.05136840045452118 and parameters: {'observation_period_num': 5, 'train_rates': 0.9834904522772281, 'learning_rate': 4.930514041297924e-05, 'batch_size': 222, 'step_size': 11, 'gamma': 0.9781569118949897}. Best is trial 30 with value: 0.05136840045452118.[0m
