[32m[I 2025-02-01 17:37:46,471][0m Trial 31 finished with value: 0.2672424912452698 and parameters: {'observation_period_num': 8, 'train_rates': 0.9622168441754252, 'learning_rate': 4.5525389919936564e-05, 'batch_size': 247, 'step_size': 11, 'gamma': 0.9884031665346853}. Best is trial 30 with value: 0.05136840045452118.[0m
[32m[I 2025-02-01 17:38:16,557][0m Trial 32 finished with value: 0.32612642645835876 and parameters: {'observation_period_num': 21, 'train_rates': 0.9715528576268794, 'learning_rate': 0.00013056446193771915, 'batch_size': 219, 'step_size': 10, 'gamma': 0.9735785810937905}. Best is trial 30 with value: 0.05136840045452118.[0m
[32m[I 2025-02-01 17:38:42,799][0m Trial 33 finished with value: 0.06338392943143845 and parameters: {'observation_period_num': 7, 'train_rates': 0.9898255485706613, 'learning_rate': 8.835363775867753e-05, 'batch_size': 255, 'step_size': 12, 'gamma': 0.9521398458431766}. Best is trial 30 with value: 0.05136840045452118.[0m
[32m[I 2025-02-01 17:39:07,428][0m Trial 34 finished with value: 0.20916303992271423 and parameters: {'observation_period_num': 19, 'train_rates': 0.9358544828646641, 'learning_rate': 8.664437387857814e-05, 'batch_size': 252, 'step_size': 12, 'gamma': 0.9501755047126053}. Best is trial 30 with value: 0.05136840045452118.[0m
[32m[I 2025-02-01 17:39:37,656][0m Trial 35 finished with value: 0.22002056241035461 and parameters: {'observation_period_num': 24, 'train_rates': 0.937780424212344, 'learning_rate': 0.00027496461424073986, 'batch_size': 211, 'step_size': 12, 'gamma': 0.9516507062967453}. Best is trial 30 with value: 0.05136840045452118.[0m
[32m[I 2025-02-01 17:40:04,481][0m Trial 36 finished with value: 0.061996474862098694 and parameters: {'observation_period_num': 6, 'train_rates': 0.9761139015625094, 'learning_rate': 6.706520409257484e-05, 'batch_size': 256, 'step_size': 14, 'gamma': 0.9391518135873854}. Best is trial 30 with value: 0.05136840045452118.[0m
[32m[I 2025-02-01 17:40:30,888][0m Trial 37 finished with value: 0.1487487554550171 and parameters: {'observation_period_num': 250, 'train_rates': 0.9864352855049433, 'learning_rate': 6.071435338812878e-05, 'batch_size': 238, 'step_size': 15, 'gamma': 0.9551645605591573}. Best is trial 30 with value: 0.05136840045452118.[0m
[32m[I 2025-02-01 17:40:59,374][0m Trial 38 finished with value: 0.17347005263713128 and parameters: {'observation_period_num': 43, 'train_rates': 0.9104176844473371, 'learning_rate': 7.934317151811566e-05, 'batch_size': 208, 'step_size': 14, 'gamma': 0.9766757631876659}. Best is trial 30 with value: 0.05136840045452118.[0m
[32m[I 2025-02-01 17:41:25,759][0m Trial 39 finished with value: 0.33627885580062866 and parameters: {'observation_period_num': 167, 'train_rates': 0.9550798840244057, 'learning_rate': 4.145690873571937e-05, 'batch_size': 227, 'step_size': 13, 'gamma': 0.9428819974727782}. Best is trial 30 with value: 0.05136840045452118.[0m
[32m[I 2025-02-01 17:41:50,220][0m Trial 40 finished with value: 0.1402542144060135 and parameters: {'observation_period_num': 179, 'train_rates': 0.987943361334822, 'learning_rate': 8.033565076209372e-05, 'batch_size': 256, 'step_size': 14, 'gamma': 0.9618098975061874}. Best is trial 30 with value: 0.05136840045452118.[0m
[32m[I 2025-02-01 17:42:16,595][0m Trial 41 finished with value: 0.1457600692635054 and parameters: {'observation_period_num': 7, 'train_rates': 0.907495669366379, 'learning_rate': 0.00010247917770138538, 'batch_size': 243, 'step_size': 11, 'gamma': 0.9319109770058025}. Best is trial 30 with value: 0.05136840045452118.[0m
[32m[I 2025-02-01 17:43:07,524][0m Trial 42 finished with value: 0.21894739450592743 and parameters: {'observation_period_num': 22, 'train_rates': 0.9483560658558821, 'learning_rate': 0.0002398829148808186, 'batch_size': 120, 'step_size': 13, 'gamma': 0.8878230554847237}. Best is trial 30 with value: 0.05136840045452118.[0m
[32m[I 2025-02-01 17:43:39,882][0m Trial 43 finished with value: 0.06181715428829193 and parameters: {'observation_period_num': 5, 'train_rates': 0.9874659521196089, 'learning_rate': 5.2882713910863246e-05, 'batch_size': 195, 'step_size': 12, 'gamma': 0.9203985355635368}. Best is trial 30 with value: 0.05136840045452118.[0m
[32m[I 2025-02-01 17:44:12,319][0m Trial 44 finished with value: 0.07150427997112274 and parameters: {'observation_period_num': 30, 'train_rates': 0.9745676278537715, 'learning_rate': 5.480405603727443e-05, 'batch_size': 197, 'step_size': 12, 'gamma': 0.9391353151327192}. Best is trial 30 with value: 0.05136840045452118.[0m
[32m[I 2025-02-01 17:44:41,584][0m Trial 45 finished with value: 0.1676394365342015 and parameters: {'observation_period_num': 5, 'train_rates': 0.915223733443812, 'learning_rate': 3.170164855284749e-05, 'batch_size': 223, 'step_size': 14, 'gamma': 0.8727649631506412}. Best is trial 30 with value: 0.05136840045452118.[0m
[32m[I 2025-02-01 17:45:18,868][0m Trial 46 finished with value: 0.14054375062268282 and parameters: {'observation_period_num': 47, 'train_rates': 0.8844317233132934, 'learning_rate': 6.200374300576588e-05, 'batch_size': 152, 'step_size': 15, 'gamma': 0.9218320538679318}. Best is trial 30 with value: 0.05136840045452118.[0m
[32m[I 2025-02-01 17:45:51,128][0m Trial 47 finished with value: 0.3070286214351654 and parameters: {'observation_period_num': 36, 'train_rates': 0.9691375712382119, 'learning_rate': 0.00020474849072078552, 'batch_size': 197, 'step_size': 13, 'gamma': 0.958255026900685}. Best is trial 30 with value: 0.05136840045452118.[0m
[32m[I 2025-02-01 17:46:21,758][0m Trial 48 finished with value: 0.02337191253900528 and parameters: {'observation_period_num': 17, 'train_rates': 0.9842228395349396, 'learning_rate': 0.0003899080586656311, 'batch_size': 211, 'step_size': 11, 'gamma': 0.9847343976297569}. Best is trial 48 with value: 0.02337191253900528.[0m
[32m[I 2025-02-01 17:46:50,208][0m Trial 49 finished with value: 0.36145833134651184 and parameters: {'observation_period_num': 201, 'train_rates': 0.9449423020049443, 'learning_rate': 0.00046536067853495934, 'batch_size': 214, 'step_size': 11, 'gamma': 0.9819364952510954}. Best is trial 48 with value: 0.02337191253900528.[0m
seasonal_1 „ÅÆÊúÄÈÅ©„Éè„Ç§„Éë„Éº„Éë„É©„É°„Éº„Çø„ÅåË¶ã„Å§„Åã„Çä„Åæ„Åó„Åü
ÊúÄÈÅ©ÂåñÂØæË±°: seasonal_2
[32m[I 2025-02-01 17:46:50,218][0m A new study created in memory with name: no-name-48f72f6e-3f94-4566-b250-add31eea02b8[0m
[32m[I 2025-02-01 17:47:19,510][0m Trial 0 finished with value: 0.18349666327815434 and parameters: {'observation_period_num': 21, 'train_rates': 0.6309470373319434, 'learning_rate': 4.9810699664427516e-05, 'batch_size': 157, 'step_size': 10, 'gamma': 0.851763482495449}. Best is trial 0 with value: 0.18349666327815434.[0m
[32m[I 2025-02-01 17:47:48,717][0m Trial 1 finished with value: 1.105688565763934 and parameters: {'observation_period_num': 128, 'train_rates': 0.8362127465285738, 'learning_rate': 1.2961165643879054e-06, 'batch_size': 184, 'step_size': 4, 'gamma': 0.9226882748699528}. Best is trial 0 with value: 0.18349666327815434.[0m
[32m[I 2025-02-01 17:48:35,112][0m Trial 2 finished with value: 0.14069370094997188 and parameters: {'observation_period_num': 154, 'train_rates': 0.7946432048571423, 'learning_rate': 0.0002631266568269417, 'batch_size': 110, 'step_size': 15, 'gamma': 0.794444399353088}. Best is trial 2 with value: 0.14069370094997188.[0m
[32m[I 2025-02-01 17:49:15,226][0m Trial 3 finished with value: 0.32920669353430426 and parameters: {'observation_period_num': 216, 'train_rates': 0.7837540905669168, 'learning_rate': 5.263834662125036e-05, 'batch_size': 125, 'step_size': 3, 'gamma': 0.7563941281541556}. Best is trial 2 with value: 0.14069370094997188.[0m
[32m[I 2025-02-01 17:49:41,771][0m Trial 4 finished with value: 0.31792996033574594 and parameters: {'observation_period_num': 167, 'train_rates': 0.8819635895729643, 'learning_rate': 1.5430456547766534e-05, 'batch_size': 205, 'step_size': 9, 'gamma': 0.8797830788766516}. Best is trial 2 with value: 0.14069370094997188.[0m
[32m[I 2025-02-01 17:50:07,895][0m Trial 5 finished with value: 0.2790505861161185 and parameters: {'observation_period_num': 22, 'train_rates': 0.6883951607308834, 'learning_rate': 1.0459573580309111e-05, 'batch_size': 189, 'step_size': 6, 'gamma': 0.8114866941804326}. Best is trial 2 with value: 0.14069370094997188.[0m
[32m[I 2025-02-01 17:50:37,250][0m Trial 6 finished with value: 0.14910392917610787 and parameters: {'observation_period_num': 149, 'train_rates': 0.611072365927371, 'learning_rate': 0.00010530892753251972, 'batch_size': 153, 'step_size': 13, 'gamma': 0.8689014340556481}. Best is trial 2 with value: 0.14069370094997188.[0m
[32m[I 2025-02-01 17:51:12,669][0m Trial 7 finished with value: 0.13431167028931268 and parameters: {'observation_period_num': 113, 'train_rates': 0.6683970989224046, 'learning_rate': 0.00040997258804397163, 'batch_size': 129, 'step_size': 15, 'gamma': 0.8288652719618566}. Best is trial 7 with value: 0.13431167028931268.[0m
[32m[I 2025-02-01 17:51:39,191][0m Trial 8 finished with value: 0.647721002603832 and parameters: {'observation_period_num': 201, 'train_rates': 0.8622141864138582, 'learning_rate': 2.661893759663837e-06, 'batch_size': 208, 'step_size': 6, 'gamma': 0.757230014059999}. Best is trial 7 with value: 0.13431167028931268.[0m
[32m[I 2025-02-01 17:53:05,525][0m Trial 9 finished with value: 0.09411757439374924 and parameters: {'observation_period_num': 179, 'train_rates': 0.9784085860071238, 'learning_rate': 0.00023115960000513977, 'batch_size': 66, 'step_size': 6, 'gamma': 0.9648649720281331}. Best is trial 9 with value: 0.09411757439374924.[0m
[32m[I 2025-02-01 17:56:01,664][0m Trial 10 finished with value: 0.1317472904920578 and parameters: {'observation_period_num': 244, 'train_rates': 0.9887629902287485, 'learning_rate': 0.0008216497778234377, 'batch_size': 31, 'step_size': 1, 'gamma': 0.9641808800837907}. Best is trial 9 with value: 0.09411757439374924.[0m
[32m[I 2025-02-01 17:58:41,938][0m Trial 11 finished with value: 0.09441725792069185 and parameters: {'observation_period_num': 247, 'train_rates': 0.9861775553485814, 'learning_rate': 0.0007854415516368064, 'batch_size': 34, 'step_size': 1, 'gamma': 0.9825217486310655}. Best is trial 9 with value: 0.09411757439374924.[0m
[32m[I 2025-02-01 18:02:02,648][0m Trial 12 finished with value: 0.09873316869139671 and parameters: {'observation_period_num': 246, 'train_rates': 0.9815758161907951, 'learning_rate': 0.0009813689047107304, 'batch_size': 27, 'step_size': 1, 'gamma': 0.9861248453624236}. Best is trial 9 with value: 0.09411757439374924.[0m
[32m[I 2025-02-01 18:03:18,973][0m Trial 13 finished with value: 0.18490272692658685 and parameters: {'observation_period_num': 78, 'train_rates': 0.9237575734401424, 'learning_rate': 0.00016897824196235458, 'batch_size': 75, 'step_size': 6, 'gamma': 0.9427694304330678}. Best is trial 9 with value: 0.09411757439374924.[0m
[32m[I 2025-02-01 18:04:38,591][0m Trial 14 finished with value: 0.2735800036144527 and parameters: {'observation_period_num': 200, 'train_rates': 0.936227519468213, 'learning_rate': 0.0004155971229728866, 'batch_size': 69, 'step_size': 3, 'gamma': 0.9140777431989371}. Best is trial 9 with value: 0.09411757439374924.[0m
[32m[I 2025-02-01 18:06:01,939][0m Trial 15 finished with value: 0.24143129687543977 and parameters: {'observation_period_num': 184, 'train_rates': 0.9306171688189622, 'learning_rate': 0.00011379885547956684, 'batch_size': 65, 'step_size': 11, 'gamma': 0.9894512713178808}. Best is trial 9 with value: 0.09411757439374924.[0m
[32m[I 2025-02-01 18:06:21,200][0m Trial 16 finished with value: 0.18045989646870866 and parameters: {'observation_period_num': 230, 'train_rates': 0.7426538446954344, 'learning_rate': 0.0005885481421995165, 'batch_size': 254, 'step_size': 8, 'gamma': 0.9493799117233869}. Best is trial 9 with value: 0.09411757439374924.[0m
[32m[I 2025-02-01 18:11:57,504][0m Trial 17 finished with value: 0.17340998325835574 and parameters: {'observation_period_num': 75, 'train_rates': 0.9048455166162919, 'learning_rate': 0.00024062684985877778, 'batch_size': 16, 'step_size': 4, 'gamma': 0.8988878616018625}. Best is trial 9 with value: 0.09411757439374924.[0m
[32m[I 2025-02-01 18:13:49,248][0m Trial 18 finished with value: 0.3577451595914698 and parameters: {'observation_period_num': 179, 'train_rates': 0.9616030434167028, 'learning_rate': 1.3927245066637184e-05, 'batch_size': 50, 'step_size': 7, 'gamma': 0.9639230795741068}. Best is trial 9 with value: 0.09411757439374924.[0m
[32m[I 2025-02-01 18:14:39,549][0m Trial 19 finished with value: 0.1772667821372272 and parameters: {'observation_period_num': 207, 'train_rates': 0.836833683321271, 'learning_rate': 8.204650112203981e-05, 'batch_size': 104, 'step_size': 2, 'gamma': 0.9455658665754215}. Best is trial 9 with value: 0.09411757439374924.[0m
[32m[I 2025-02-01 18:15:26,882][0m Trial 20 finished with value: 0.15484149045186488 and parameters: {'observation_period_num': 102, 'train_rates': 0.740585693377001, 'learning_rate': 3.4101093512100716e-05, 'batch_size': 101, 'step_size': 12, 'gamma': 0.9133860383122535}. Best is trial 9 with value: 0.09411757439374924.[0m
[32m[I 2025-02-01 18:17:43,062][0m Trial 21 finished with value: 0.08111744413250371 and parameters: {'observation_period_num': 252, 'train_rates': 0.9790259432084709, 'learning_rate': 0.0009680149414439754, 'batch_size': 40, 'step_size': 1, 'gamma': 0.9880950520331362}. Best is trial 21 with value: 0.08111744413250371.[0m
[32m[I 2025-02-01 18:19:40,437][0m Trial 22 finished with value: 0.43821092306946713 and parameters: {'observation_period_num': 252, 'train_rates': 0.9645918064645617, 'learning_rate': 0.00044839412279545584, 'batch_size': 46, 'step_size': 4, 'gamma': 0.9733872737902516}. Best is trial 21 with value: 0.08111744413250371.[0m
[32m[I 2025-02-01 18:21:28,001][0m Trial 23 finished with value: 0.32134701035275365 and parameters: {'observation_period_num': 227, 'train_rates': 0.9450326159200539, 'learning_rate': 0.0009124795805611551, 'batch_size': 50, 'step_size': 2, 'gamma': 0.931204843423521}. Best is trial 21 with value: 0.08111744413250371.[0m
[32m[I 2025-02-01 18:22:30,211][0m Trial 24 finished with value: 0.21632052357598539 and parameters: {'observation_period_num': 227, 'train_rates': 0.9003025313771804, 'learning_rate': 0.00023453124522195465, 'batch_size': 85, 'step_size': 1, 'gamma': 0.970801006308339}. Best is trial 21 with value: 0.08111744413250371.[0m
[32m[I 2025-02-01 18:24:50,575][0m Trial 25 finished with value: 0.1024242490530014 and parameters: {'observation_period_num': 188, 'train_rates': 0.9881432152198166, 'learning_rate': 0.00048512384994509056, 'batch_size': 40, 'step_size': 5, 'gamma': 0.9897463509242992}. Best is trial 21 with value: 0.08111744413250371.[0m
[32m[I 2025-02-01 18:25:55,180][0m Trial 26 finished with value: 0.30236162691135104 and parameters: {'observation_period_num': 155, 'train_rates': 0.9547062291027023, 'learning_rate': 0.00016008251650990565, 'batch_size': 89, 'step_size': 2, 'gamma': 0.9538395674853073}. Best is trial 21 with value: 0.08111744413250371.[0m
[32m[I 2025-02-01 18:27:21,369][0m Trial 27 finished with value: 0.21419617662678903 and parameters: {'observation_period_num': 220, 'train_rates': 0.8776653996857724, 'learning_rate': 0.00028692289291830554, 'batch_size': 59, 'step_size': 8, 'gamma': 0.896552617054271}. Best is trial 21 with value: 0.08111744413250371.[0m
[32m[I 2025-02-01 18:28:24,890][0m Trial 28 finished with value: 0.23216373173601598 and parameters: {'observation_period_num': 242, 'train_rates': 0.9075768429711148, 'learning_rate': 0.0006656523503890358, 'batch_size': 83, 'step_size': 3, 'gamma': 0.9745432582792127}. Best is trial 21 with value: 0.08111744413250371.[0m
[32m[I 2025-02-01 18:33:40,625][0m Trial 29 finished with value: 0.15477451897011354 and parameters: {'observation_period_num': 136, 'train_rates': 0.8528324440973011, 'learning_rate': 7.009857646054059e-05, 'batch_size': 16, 'step_size': 9, 'gamma': 0.8445934221027793}. Best is trial 21 with value: 0.08111744413250371.[0m
[32m[I 2025-02-01 18:34:21,213][0m Trial 30 finished with value: 0.27742335200309753 and parameters: {'observation_period_num': 30, 'train_rates': 0.9648398069366965, 'learning_rate': 0.0009982138341618645, 'batch_size': 152, 'step_size': 10, 'gamma': 0.9340347587352817}. Best is trial 21 with value: 0.08111744413250371.[0m
[32m[I 2025-02-01 18:37:35,707][0m Trial 31 finished with value: 0.07899689805858276 and parameters: {'observation_period_num': 250, 'train_rates': 0.9874565052873338, 'learning_rate': 0.0006461200811464487, 'batch_size': 28, 'step_size': 1, 'gamma': 0.9807884850061753}. Best is trial 31 with value: 0.07899689805858276.[0m
[32m[I 2025-02-01 18:39:54,087][0m Trial 32 finished with value: 0.10739261656999588 and parameters: {'observation_period_num': 236, 'train_rates': 0.9868499245116324, 'learning_rate': 0.00038055672957511895, 'batch_size': 40, 'step_size': 1, 'gamma': 0.9587408888153185}. Best is trial 31 with value: 0.07899689805858276.[0m
[32m[I 2025-02-01 18:42:55,045][0m Trial 33 finished with value: 0.2908747506941237 and parameters: {'observation_period_num': 211, 'train_rates': 0.9256375988440632, 'learning_rate': 0.0006174173308410126, 'batch_size': 29, 'step_size': 2, 'gamma': 0.9771232528263062}. Best is trial 31 with value: 0.07899689805858276.[0m
[32m[I 2025-02-01 18:44:26,519][0m Trial 34 finished with value: 0.3683419745592844 and parameters: {'observation_period_num': 195, 'train_rates': 0.9547257406272701, 'learning_rate': 0.0001747312902062605, 'batch_size': 60, 'step_size': 4, 'gamma': 0.9796135768862292}. Best is trial 31 with value: 0.07899689805858276.[0m
[32m[I 2025-02-01 18:49:59,727][0m Trial 35 finished with value: 0.11840003175394875 and parameters: {'observation_period_num': 251, 'train_rates': 0.9743857591945468, 'learning_rate': 0.0003132286178111557, 'batch_size': 16, 'step_size': 3, 'gamma': 0.933529182486811}. Best is trial 31 with value: 0.07899689805858276.[0m
[32m[I 2025-02-01 18:52:22,841][0m Trial 36 finished with value: 0.20267464154540832 and parameters: {'observation_period_num': 166, 'train_rates': 0.8060030029913414, 'learning_rate': 6.000059682625916e-06, 'batch_size': 34, 'step_size': 5, 'gamma': 0.9573715289960743}. Best is trial 31 with value: 0.07899689805858276.[0m
[32m[I 2025-02-01 18:53:10,387][0m Trial 37 finished with value: 0.18588854905407307 and parameters: {'observation_period_num': 214, 'train_rates': 0.8927296545588064, 'learning_rate': 0.0006499955942888721, 'batch_size': 113, 'step_size': 5, 'gamma': 0.7793901396944316}. Best is trial 31 with value: 0.07899689805858276.[0m
[32m[I 2025-02-01 18:54:46,071][0m Trial 38 finished with value: 0.2679723538983036 and parameters: {'observation_period_num': 223, 'train_rates': 0.9223693229899654, 'learning_rate': 4.7735784133769685e-05, 'batch_size': 55, 'step_size': 2, 'gamma': 0.919279986347572}. Best is trial 31 with value: 0.07899689805858276.[0m
[32m[I 2025-02-01 18:55:59,246][0m Trial 39 finished with value: 0.3450878789417105 and parameters: {'observation_period_num': 174, 'train_rates': 0.9452860054087336, 'learning_rate': 0.0006169872913747948, 'batch_size': 76, 'step_size': 3, 'gamma': 0.9659677493073042}. Best is trial 31 with value: 0.07899689805858276.[0m
Early stopping at epoch 90
[32m[I 2025-02-01 18:56:23,573][0m Trial 40 finished with value: 0.35949019724678494 and parameters: {'observation_period_num': 235, 'train_rates': 0.6684296284404861, 'learning_rate': 0.0003282324175446617, 'batch_size': 169, 'step_size': 1, 'gamma': 0.8678191944508493}. Best is trial 31 with value: 0.07899689805858276.[0m
[32m[I 2025-02-01 18:59:51,415][0m Trial 41 finished with value: 0.08245982741937041 and parameters: {'observation_period_num': 248, 'train_rates': 0.9764299850242631, 'learning_rate': 0.0009684864914781812, 'batch_size': 26, 'step_size': 1, 'gamma': 0.9884731601275194}. Best is trial 31 with value: 0.07899689805858276.[0m
[32m[I 2025-02-01 19:03:10,652][0m Trial 42 finished with value: 0.1027154536867464 and parameters: {'observation_period_num': 252, 'train_rates': 0.9729652627192529, 'learning_rate': 0.0007670485522467452, 'batch_size': 27, 'step_size': 1, 'gamma': 0.9820256953572878}. Best is trial 31 with value: 0.07899689805858276.[0m
[32m[I 2025-02-01 19:05:21,143][0m Trial 43 finished with value: 0.14474347233772278 and parameters: {'observation_period_num': 239, 'train_rates': 0.9889867323311166, 'learning_rate': 0.000485640382483702, 'batch_size': 42, 'step_size': 2, 'gamma': 0.9890022004977099}. Best is trial 31 with value: 0.07899689805858276.[0m
[32m[I 2025-02-01 19:08:13,143][0m Trial 44 finished with value: 0.5908612636725108 and parameters: {'observation_period_num': 219, 'train_rates': 0.9452033929356964, 'learning_rate': 1.309487248249874e-06, 'batch_size': 31, 'step_size': 3, 'gamma': 0.9692330987605786}. Best is trial 31 with value: 0.07899689805858276.[0m
[32m[I 2025-02-01 19:11:48,456][0m Trial 45 finished with value: 0.4655970454562542 and parameters: {'observation_period_num': 237, 'train_rates': 0.9686359584015605, 'learning_rate': 0.000993304410420775, 'batch_size': 25, 'step_size': 1, 'gamma': 0.9423051293064172}. Best is trial 31 with value: 0.07899689805858276.[0m
[32m[I 2025-02-01 19:13:08,045][0m Trial 46 finished with value: 0.22020081751819315 and parameters: {'observation_period_num': 204, 'train_rates': 0.9159094508345008, 'learning_rate': 0.00022186814141269938, 'batch_size': 68, 'step_size': 13, 'gamma': 0.954381363203047}. Best is trial 31 with value: 0.07899689805858276.[0m
