[32m[I 2025-02-06 16:35:52,791][0m Trial 49 finished with value: 0.7397986901650568 and parameters: {'observation_period_num': 80, 'train_rates': 0.6024309635904859, 'learning_rate': 3.68874440705555e-06, 'batch_size': 136, 'step_size': 11, 'gamma': 0.819669264260424}. Best is trial 40 with value: 0.0349704883992672.[0m
最適ハイパーパラメータが見つかりました
最適なハイパーパラメータが best_hyperparameters_GOOG_iTransformer_noMSTL.json に保存されました
Epoch 1/300, Loss: 0.3735 | 0.2947
Epoch 2/300, Loss: 0.2131 | 0.2247
Epoch 3/300, Loss: 0.2715 | 0.3244
Epoch 4/300, Loss: 0.3600 | 1.0756
Epoch 5/300, Loss: 0.2210 | 0.2998
Epoch 6/300, Loss: 0.1785 | 0.4116
Epoch 7/300, Loss: 0.1530 | 0.2212
Epoch 8/300, Loss: 0.1293 | 0.2052
Epoch 9/300, Loss: 0.1252 | 0.1434
Epoch 10/300, Loss: 0.1467 | 0.1325
Epoch 11/300, Loss: 0.1443 | 0.1344
Epoch 12/300, Loss: 0.1810 | 0.1418
Epoch 13/300, Loss: 0.1256 | 0.1167
Epoch 14/300, Loss: 0.1246 | 0.1176
Epoch 15/300, Loss: 0.1309 | 0.1064
Epoch 16/300, Loss: 0.1167 | 0.1737
Epoch 17/300, Loss: 0.1109 | 0.1587
Epoch 18/300, Loss: 0.1032 | 0.0920
Epoch 19/300, Loss: 0.1014 | 0.0869
Epoch 20/300, Loss: 0.0979 | 0.0814
Epoch 21/300, Loss: 0.0971 | 0.0786
Epoch 22/300, Loss: 0.0949 | 0.0783
Epoch 23/300, Loss: 0.0951 | 0.0758
Epoch 24/300, Loss: 0.0908 | 0.0723
Epoch 25/300, Loss: 0.0900 | 0.0713
Epoch 26/300, Loss: 0.0897 | 0.0729
Epoch 27/300, Loss: 0.0893 | 0.0732
Epoch 28/300, Loss: 0.0873 | 0.0695
Epoch 29/300, Loss: 0.0868 | 0.0676
Epoch 30/300, Loss: 0.0870 | 0.0697
Epoch 31/300, Loss: 0.0874 | 0.0729
Epoch 32/300, Loss: 0.0862 | 0.0706
Epoch 33/300, Loss: 0.0849 | 0.0654
Epoch 34/300, Loss: 0.0866 | 0.0760
Epoch 35/300, Loss: 0.0857 | 0.0659
Epoch 36/300, Loss: 0.0840 | 0.0636
Epoch 37/300, Loss: 0.0829 | 0.0622
Epoch 38/300, Loss: 0.0825 | 0.0620
Epoch 39/300, Loss: 0.0818 | 0.0632
Epoch 40/300, Loss: 0.0816 | 0.0627
Epoch 41/300, Loss: 0.0811 | 0.0600
Epoch 42/300, Loss: 0.0807 | 0.0602
Epoch 43/300, Loss: 0.0803 | 0.0597
Epoch 44/300, Loss: 0.0798 | 0.0596
Epoch 45/300, Loss: 0.0795 | 0.0600
Epoch 46/300, Loss: 0.0791 | 0.0586
Epoch 47/300, Loss: 0.0788 | 0.0581
Epoch 48/300, Loss: 0.0784 | 0.0578
Epoch 49/300, Loss: 0.0781 | 0.0577
Epoch 50/300, Loss: 0.0777 | 0.0572
Epoch 51/300, Loss: 0.0774 | 0.0567
Epoch 52/300, Loss: 0.0771 | 0.0564
Epoch 53/300, Loss: 0.0767 | 0.0562
Epoch 54/300, Loss: 0.0764 | 0.0558
Epoch 55/300, Loss: 0.0761 | 0.0555
Epoch 56/300, Loss: 0.0758 | 0.0551
Epoch 57/300, Loss: 0.0756 | 0.0549
Epoch 58/300, Loss: 0.0753 | 0.0545
Epoch 59/300, Loss: 0.0750 | 0.0541
Epoch 60/300, Loss: 0.0747 | 0.0537
Epoch 61/300, Loss: 0.0744 | 0.0533
Epoch 62/300, Loss: 0.0742 | 0.0528
Epoch 63/300, Loss: 0.0740 | 0.0525
Epoch 64/300, Loss: 0.0738 | 0.0522
Epoch 65/300, Loss: 0.0736 | 0.0518
Epoch 66/300, Loss: 0.0734 | 0.0515
Epoch 67/300, Loss: 0.0733 | 0.0512
Epoch 68/300, Loss: 0.0732 | 0.0510
Epoch 69/300, Loss: 0.0729 | 0.0508
Epoch 70/300, Loss: 0.0727 | 0.0507
Epoch 71/300, Loss: 0.0724 | 0.0505
Epoch 72/300, Loss: 0.0722 | 0.0504
Epoch 73/300, Loss: 0.0721 | 0.0503
Epoch 74/300, Loss: 0.0720 | 0.0501
Epoch 75/300, Loss: 0.0718 | 0.0499
Epoch 76/300, Loss: 0.0717 | 0.0497
Epoch 77/300, Loss: 0.0716 | 0.0495
Epoch 78/300, Loss: 0.0714 | 0.0493
Epoch 79/300, Loss: 0.0713 | 0.0492
Epoch 80/300, Loss: 0.0712 | 0.0490
Epoch 81/300, Loss: 0.0711 | 0.0489
Epoch 82/300, Loss: 0.0710 | 0.0488
Epoch 83/300, Loss: 0.0709 | 0.0486
Epoch 84/300, Loss: 0.0708 | 0.0485
Epoch 85/300, Loss: 0.0707 | 0.0484
Epoch 86/300, Loss: 0.0706 | 0.0483
Epoch 87/300, Loss: 0.0706 | 0.0482
Epoch 88/300, Loss: 0.0705 | 0.0481
Epoch 89/300, Loss: 0.0704 | 0.0480
Epoch 90/300, Loss: 0.0703 | 0.0479
Epoch 91/300, Loss: 0.0703 | 0.0478
Epoch 92/300, Loss: 0.0702 | 0.0478
Epoch 93/300, Loss: 0.0701 | 0.0477
Epoch 94/300, Loss: 0.0701 | 0.0476
Epoch 95/300, Loss: 0.0700 | 0.0475
Epoch 96/300, Loss: 0.0699 | 0.0474
Epoch 97/300, Loss: 0.0699 | 0.0474
Epoch 98/300, Loss: 0.0698 | 0.0473
Epoch 99/300, Loss: 0.0698 | 0.0473
Epoch 100/300, Loss: 0.0697 | 0.0472
Epoch 101/300, Loss: 0.0697 | 0.0472
Epoch 102/300, Loss: 0.0697 | 0.0471
Epoch 103/300, Loss: 0.0696 | 0.0471
Epoch 104/300, Loss: 0.0696 | 0.0470
Epoch 105/300, Loss: 0.0695 | 0.0469
Epoch 106/300, Loss: 0.0695 | 0.0469
Epoch 107/300, Loss: 0.0695 | 0.0469
Epoch 108/300, Loss: 0.0694 | 0.0468
Epoch 109/300, Loss: 0.0694 | 0.0468
Epoch 110/300, Loss: 0.0694 | 0.0467
Epoch 111/300, Loss: 0.0693 | 0.0467
Epoch 112/300, Loss: 0.0693 | 0.0467
Epoch 113/300, Loss: 0.0693 | 0.0466
Epoch 114/300, Loss: 0.0692 | 0.0466
Epoch 115/300, Loss: 0.0692 | 0.0466
Epoch 116/300, Loss: 0.0692 | 0.0465
Epoch 117/300, Loss: 0.0691 | 0.0465
Epoch 118/300, Loss: 0.0691 | 0.0465
Epoch 119/300, Loss: 0.0691 | 0.0464
Epoch 120/300, Loss: 0.0691 | 0.0464
Epoch 121/300, Loss: 0.0691 | 0.0464
Epoch 122/300, Loss: 0.0690 | 0.0464
Epoch 123/300, Loss: 0.0690 | 0.0463
Epoch 124/300, Loss: 0.0690 | 0.0463
Epoch 125/300, Loss: 0.0690 | 0.0463
Epoch 126/300, Loss: 0.0690 | 0.0463
Epoch 127/300, Loss: 0.0689 | 0.0463
Epoch 128/300, Loss: 0.0689 | 0.0462
Epoch 129/300, Loss: 0.0689 | 0.0462
Epoch 130/300, Loss: 0.0689 | 0.0462
Epoch 131/300, Loss: 0.0689 | 0.0462
Epoch 132/300, Loss: 0.0689 | 0.0462
Epoch 133/300, Loss: 0.0688 | 0.0462
Epoch 134/300, Loss: 0.0688 | 0.0461
Epoch 135/300, Loss: 0.0688 | 0.0461
Epoch 136/300, Loss: 0.0688 | 0.0461
Epoch 137/300, Loss: 0.0688 | 0.0461
Epoch 138/300, Loss: 0.0688 | 0.0461
Epoch 139/300, Loss: 0.0688 | 0.0461
Epoch 140/300, Loss: 0.0688 | 0.0461
Epoch 141/300, Loss: 0.0688 | 0.0460
Epoch 142/300, Loss: 0.0687 | 0.0460
Epoch 143/300, Loss: 0.0687 | 0.0460
Epoch 144/300, Loss: 0.0687 | 0.0460
Epoch 145/300, Loss: 0.0687 | 0.0460
Epoch 146/300, Loss: 0.0687 | 0.0460
Epoch 147/300, Loss: 0.0687 | 0.0460
Epoch 148/300, Loss: 0.0687 | 0.0460
Epoch 149/300, Loss: 0.0687 | 0.0460
Epoch 150/300, Loss: 0.0687 | 0.0460
Epoch 151/300, Loss: 0.0687 | 0.0459
Epoch 152/300, Loss: 0.0687 | 0.0459
Epoch 153/300, Loss: 0.0687 | 0.0459
Epoch 154/300, Loss: 0.0686 | 0.0459
Epoch 155/300, Loss: 0.0686 | 0.0459
Epoch 156/300, Loss: 0.0686 | 0.0459
Epoch 157/300, Loss: 0.0686 | 0.0459
Epoch 158/300, Loss: 0.0686 | 0.0459
Epoch 159/300, Loss: 0.0686 | 0.0459
Epoch 160/300, Loss: 0.0686 | 0.0459
Epoch 161/300, Loss: 0.0686 | 0.0459
Epoch 162/300, Loss: 0.0686 | 0.0459
Epoch 163/300, Loss: 0.0686 | 0.0459
Epoch 164/300, Loss: 0.0686 | 0.0459
Epoch 165/300, Loss: 0.0686 | 0.0459
Epoch 166/300, Loss: 0.0686 | 0.0458
Epoch 167/300, Loss: 0.0686 | 0.0458
Epoch 168/300, Loss: 0.0686 | 0.0458
Epoch 169/300, Loss: 0.0686 | 0.0458
Epoch 170/300, Loss: 0.0686 | 0.0458
Epoch 171/300, Loss: 0.0686 | 0.0458
Epoch 172/300, Loss: 0.0686 | 0.0458
Epoch 173/300, Loss: 0.0686 | 0.0458
Epoch 174/300, Loss: 0.0686 | 0.0458
Epoch 175/300, Loss: 0.0686 | 0.0458
Epoch 176/300, Loss: 0.0686 | 0.0458
Epoch 177/300, Loss: 0.0685 | 0.0458
Epoch 178/300, Loss: 0.0685 | 0.0458
Epoch 179/300, Loss: 0.0685 | 0.0458
Epoch 180/300, Loss: 0.0685 | 0.0458
Epoch 181/300, Loss: 0.0685 | 0.0458
Epoch 182/300, Loss: 0.0685 | 0.0458
Epoch 183/300, Loss: 0.0685 | 0.0458
Epoch 184/300, Loss: 0.0685 | 0.0458
Epoch 185/300, Loss: 0.0685 | 0.0458
Epoch 186/300, Loss: 0.0685 | 0.0458
Epoch 187/300, Loss: 0.0685 | 0.0458
Epoch 188/300, Loss: 0.0685 | 0.0458
Epoch 189/300, Loss: 0.0685 | 0.0458
Epoch 190/300, Loss: 0.0685 | 0.0458
Epoch 191/300, Loss: 0.0685 | 0.0458
Epoch 192/300, Loss: 0.0685 | 0.0458
Epoch 193/300, Loss: 0.0685 | 0.0458
Epoch 194/300, Loss: 0.0685 | 0.0458
Epoch 195/300, Loss: 0.0685 | 0.0458
Epoch 196/300, Loss: 0.0685 | 0.0458
Epoch 197/300, Loss: 0.0685 | 0.0458
Epoch 198/300, Loss: 0.0685 | 0.0458
Epoch 199/300, Loss: 0.0685 | 0.0458
Epoch 200/300, Loss: 0.0685 | 0.0458
Epoch 201/300, Loss: 0.0685 | 0.0458
Epoch 202/300, Loss: 0.0685 | 0.0458
Epoch 203/300, Loss: 0.0685 | 0.0458
Epoch 204/300, Loss: 0.0685 | 0.0458
Epoch 205/300, Loss: 0.0685 | 0.0458
Epoch 206/300, Loss: 0.0685 | 0.0458
Epoch 207/300, Loss: 0.0685 | 0.0457
Epoch 208/300, Loss: 0.0685 | 0.0457
Epoch 209/300, Loss: 0.0685 | 0.0457
Epoch 210/300, Loss: 0.0685 | 0.0457
Epoch 211/300, Loss: 0.0685 | 0.0457
Epoch 212/300, Loss: 0.0685 | 0.0457
Epoch 213/300, Loss: 0.0685 | 0.0457
Epoch 214/300, Loss: 0.0685 | 0.0457
Epoch 215/300, Loss: 0.0685 | 0.0457
Epoch 216/300, Loss: 0.0685 | 0.0457
Epoch 217/300, Loss: 0.0685 | 0.0457
Epoch 218/300, Loss: 0.0685 | 0.0457
Epoch 219/300, Loss: 0.0685 | 0.0457
Epoch 220/300, Loss: 0.0685 | 0.0457
Epoch 221/300, Loss: 0.0685 | 0.0457
Epoch 222/300, Loss: 0.0685 | 0.0457
Epoch 223/300, Loss: 0.0685 | 0.0457
Epoch 224/300, Loss: 0.0685 | 0.0457
Epoch 225/300, Loss: 0.0685 | 0.0457
Epoch 226/300, Loss: 0.0685 | 0.0457
Epoch 227/300, Loss: 0.0685 | 0.0457
Epoch 228/300, Loss: 0.0685 | 0.0457
Epoch 229/300, Loss: 0.0685 | 0.0457
Epoch 230/300, Loss: 0.0685 | 0.0457
Epoch 231/300, Loss: 0.0685 | 0.0457
Epoch 232/300, Loss: 0.0685 | 0.0457
Epoch 233/300, Loss: 0.0685 | 0.0457
Epoch 234/300, Loss: 0.0685 | 0.0457
Epoch 235/300, Loss: 0.0685 | 0.0457
Epoch 236/300, Loss: 0.0685 | 0.0457
Epoch 237/300, Loss: 0.0685 | 0.0457
Epoch 238/300, Loss: 0.0685 | 0.0457
Epoch 239/300, Loss: 0.0685 | 0.0457
Epoch 240/300, Loss: 0.0685 | 0.0457
Epoch 241/300, Loss: 0.0685 | 0.0457
Epoch 242/300, Loss: 0.0685 | 0.0457
Epoch 243/300, Loss: 0.0685 | 0.0457
Epoch 244/300, Loss: 0.0685 | 0.0457
Epoch 245/300, Loss: 0.0685 | 0.0457
Epoch 246/300, Loss: 0.0685 | 0.0457
Epoch 247/300, Loss: 0.0685 | 0.0457
Epoch 248/300, Loss: 0.0685 | 0.0457
Epoch 249/300, Loss: 0.0685 | 0.0457
Epoch 250/300, Loss: 0.0685 | 0.0457
Epoch 251/300, Loss: 0.0685 | 0.0457
Epoch 252/300, Loss: 0.0685 | 0.0457
Epoch 253/300, Loss: 0.0685 | 0.0457
Epoch 254/300, Loss: 0.0685 | 0.0457
Epoch 255/300, Loss: 0.0685 | 0.0457
Epoch 256/300, Loss: 0.0685 | 0.0457
Epoch 257/300, Loss: 0.0685 | 0.0457
Epoch 258/300, Loss: 0.0685 | 0.0457
Epoch 259/300, Loss: 0.0685 | 0.0457
Epoch 260/300, Loss: 0.0685 | 0.0457
Epoch 261/300, Loss: 0.0685 | 0.0457
Epoch 262/300, Loss: 0.0685 | 0.0457
Epoch 263/300, Loss: 0.0685 | 0.0457
Epoch 264/300, Loss: 0.0685 | 0.0457
Epoch 265/300, Loss: 0.0685 | 0.0457
Epoch 266/300, Loss: 0.0685 | 0.0457
Epoch 267/300, Loss: 0.0685 | 0.0457
Epoch 268/300, Loss: 0.0685 | 0.0457
Epoch 269/300, Loss: 0.0685 | 0.0457
Epoch 270/300, Loss: 0.0685 | 0.0457
Epoch 271/300, Loss: 0.0685 | 0.0457
Epoch 272/300, Loss: 0.0685 | 0.0457
Epoch 273/300, Loss: 0.0685 | 0.0457
Epoch 274/300, Loss: 0.0685 | 0.0457
Epoch 275/300, Loss: 0.0685 | 0.0457
Epoch 276/300, Loss: 0.0685 | 0.0457
Epoch 277/300, Loss: 0.0685 | 0.0457
Epoch 278/300, Loss: 0.0685 | 0.0457
Epoch 279/300, Loss: 0.0685 | 0.0457
Epoch 280/300, Loss: 0.0685 | 0.0457
Epoch 281/300, Loss: 0.0685 | 0.0457
Epoch 282/300, Loss: 0.0685 | 0.0457
Epoch 283/300, Loss: 0.0685 | 0.0457
Epoch 284/300, Loss: 0.0685 | 0.0457
Epoch 285/300, Loss: 0.0685 | 0.0457
Epoch 286/300, Loss: 0.0685 | 0.0457
Epoch 287/300, Loss: 0.0685 | 0.0457
Epoch 288/300, Loss: 0.0685 | 0.0457
Epoch 289/300, Loss: 0.0685 | 0.0457
Epoch 290/300, Loss: 0.0685 | 0.0457
Epoch 291/300, Loss: 0.0685 | 0.0457
Epoch 292/300, Loss: 0.0685 | 0.0457
Epoch 293/300, Loss: 0.0685 | 0.0457
Epoch 294/300, Loss: 0.0685 | 0.0457
Epoch 295/300, Loss: 0.0685 | 0.0457
Epoch 296/300, Loss: 0.0685 | 0.0457
Epoch 297/300, Loss: 0.0685 | 0.0457
Epoch 298/300, Loss: 0.0685 | 0.0457
Epoch 299/300, Loss: 0.0685 | 0.0457
Epoch 300/300, Loss: 0.0685 | 0.0457
Runtime (seconds): 124.82827377319336
/home2/y2021/k2110261/.conda/envs/tensorflow/lib/python3.11/site-packages/sklearn/metrics/_regression.py:1266: UndefinedMetricWarning: R^2 score is not well-defined with less than two samples.
  warnings.warn(msg, UndefinedMetricWarning)
MSE: 86.5414346465841
RMSE: 9.302764892578125
MAE: 9.302764892578125
R-squared: nan
[203.07277]
