[32m[I 2025-02-03 11:29:13,613][0m Trial 47 finished with value: 0.04094339648293237 and parameters: {'observation_period_num': 39, 'train_rates': 0.8582383292883806, 'learning_rate': 0.00014732402027422934, 'batch_size': 229, 'step_size': 13, 'gamma': 0.8796839798069948}. Best is trial 31 with value: 0.03001195803304149.[0m
[32m[I 2025-02-03 11:30:00,891][0m Trial 48 finished with value: 0.0459256030876061 and parameters: {'observation_period_num': 21, 'train_rates': 0.8219219303259623, 'learning_rate': 0.0002287702861198504, 'batch_size': 121, 'step_size': 15, 'gamma': 0.8436668842126773}. Best is trial 31 with value: 0.03001195803304149.[0m
[32m[I 2025-02-03 11:30:33,490][0m Trial 49 finished with value: 0.050983514476056195 and parameters: {'observation_period_num': 52, 'train_rates': 0.9123573798434575, 'learning_rate': 0.00010788681026481454, 'batch_size': 203, 'step_size': 13, 'gamma': 0.8016084229782027}. Best is trial 31 with value: 0.03001195803304149.[0m
seasonal_2 „ÅÆÊúÄÈÅ©„Éè„Ç§„Éë„Éº„Éë„É©„É°„Éº„Çø„ÅåË¶ã„Å§„Åã„Çä„Åæ„Åó„Åü
ÊúÄÈÅ©ÂåñÂØæË±°: seasonal_3
[32m[I 2025-02-03 11:30:33,500][0m A new study created in memory with name: no-name-b1f815d1-f121-454f-95e8-7454f94905db[0m
[32m[I 2025-02-03 11:31:24,548][0m Trial 0 finished with value: 0.7251171171086506 and parameters: {'observation_period_num': 229, 'train_rates': 0.8110488151688653, 'learning_rate': 1.4166537790743749e-06, 'batch_size': 107, 'step_size': 6, 'gamma': 0.8000003354722465}. Best is trial 0 with value: 0.7251171171086506.[0m
[32m[I 2025-02-03 11:32:21,757][0m Trial 1 finished with value: 0.044758940837292 and parameters: {'observation_period_num': 55, 'train_rates': 0.851378326348341, 'learning_rate': 6.982342208189606e-05, 'batch_size': 101, 'step_size': 7, 'gamma': 0.8516235867931587}. Best is trial 1 with value: 0.044758940837292.[0m
[32m[I 2025-02-03 11:33:23,532][0m Trial 2 finished with value: 0.06958737403101012 and parameters: {'observation_period_num': 131, 'train_rates': 0.6042538696729439, 'learning_rate': 0.0003402885056791018, 'batch_size': 71, 'step_size': 8, 'gamma': 0.8148743207741236}. Best is trial 1 with value: 0.044758940837292.[0m
[32m[I 2025-02-03 11:33:46,354][0m Trial 3 finished with value: 0.2267252857486407 and parameters: {'observation_period_num': 200, 'train_rates': 0.6730327769390321, 'learning_rate': 1.817319056750749e-05, 'batch_size': 231, 'step_size': 8, 'gamma': 0.9413136582051127}. Best is trial 1 with value: 0.044758940837292.[0m
[32m[I 2025-02-03 11:34:12,181][0m Trial 4 finished with value: 0.04127884323093885 and parameters: {'observation_period_num': 56, 'train_rates': 0.8763111449295662, 'learning_rate': 0.00018672106457523388, 'batch_size': 236, 'step_size': 15, 'gamma': 0.8412668470985676}. Best is trial 4 with value: 0.04127884323093885.[0m
[32m[I 2025-02-03 11:34:47,009][0m Trial 5 finished with value: 0.1129883202938082 and parameters: {'observation_period_num': 208, 'train_rates': 0.8429798406664448, 'learning_rate': 8.045949068076294e-05, 'batch_size': 161, 'step_size': 4, 'gamma': 0.8488484893444463}. Best is trial 4 with value: 0.04127884323093885.[0m
[32m[I 2025-02-03 11:36:07,094][0m Trial 6 finished with value: 0.116664796441543 and parameters: {'observation_period_num': 210, 'train_rates': 0.8264090752217517, 'learning_rate': 8.114939418920082e-05, 'batch_size': 64, 'step_size': 3, 'gamma': 0.7892483697126568}. Best is trial 4 with value: 0.04127884323093885.[0m
[32m[I 2025-02-03 11:36:48,059][0m Trial 7 finished with value: 0.0435756825763418 and parameters: {'observation_period_num': 54, 'train_rates': 0.7708732224150314, 'learning_rate': 0.0003033549358385404, 'batch_size': 134, 'step_size': 7, 'gamma': 0.9367473943248297}. Best is trial 4 with value: 0.04127884323093885.[0m
[32m[I 2025-02-03 11:37:27,928][0m Trial 8 finished with value: 0.07229133712044403 and parameters: {'observation_period_num': 159, 'train_rates': 0.7123324524709072, 'learning_rate': 0.0001569761214090145, 'batch_size': 132, 'step_size': 15, 'gamma': 0.7533652891683}. Best is trial 4 with value: 0.04127884323093885.[0m
[32m[I 2025-02-03 11:38:19,520][0m Trial 9 finished with value: 0.07183936187883261 and parameters: {'observation_period_num': 116, 'train_rates': 0.6663620612792326, 'learning_rate': 4.24834648381716e-05, 'batch_size': 92, 'step_size': 10, 'gamma': 0.9294966455326621}. Best is trial 4 with value: 0.04127884323093885.[0m
[32m[I 2025-02-03 11:38:47,736][0m Trial 10 finished with value: 0.032495371997356415 and parameters: {'observation_period_num': 12, 'train_rates': 0.973076045840293, 'learning_rate': 0.0009694673277879557, 'batch_size': 247, 'step_size': 15, 'gamma': 0.8901568097727968}. Best is trial 10 with value: 0.032495371997356415.[0m
[32m[I 2025-02-03 11:39:16,186][0m Trial 11 finished with value: 0.03751998767256737 and parameters: {'observation_period_num': 10, 'train_rates': 0.9733040916269923, 'learning_rate': 0.0006317318836585226, 'batch_size': 253, 'step_size': 15, 'gamma': 0.8891795269007862}. Best is trial 10 with value: 0.032495371997356415.[0m
[32m[I 2025-02-03 11:39:51,512][0m Trial 12 finished with value: 0.038116008043289185 and parameters: {'observation_period_num': 5, 'train_rates': 0.9719561384853094, 'learning_rate': 0.0007009767724915065, 'batch_size': 195, 'step_size': 12, 'gamma': 0.8925413072560577}. Best is trial 10 with value: 0.032495371997356415.[0m
[32m[I 2025-02-03 11:40:19,406][0m Trial 13 finished with value: 0.04868151992559433 and parameters: {'observation_period_num': 8, 'train_rates': 0.9881605047850354, 'learning_rate': 0.0008692605464907901, 'batch_size': 249, 'step_size': 12, 'gamma': 0.9892551804728302}. Best is trial 10 with value: 0.032495371997356415.[0m
[32m[I 2025-02-03 11:40:51,242][0m Trial 14 finished with value: 0.16849961695147725 and parameters: {'observation_period_num': 90, 'train_rates': 0.9284585444708784, 'learning_rate': 8.866016959556516e-06, 'batch_size': 196, 'step_size': 13, 'gamma': 0.8982319238799517}. Best is trial 10 with value: 0.032495371997356415.[0m
[32m[I 2025-02-03 11:46:40,890][0m Trial 15 finished with value: 0.03165000917889723 and parameters: {'observation_period_num': 40, 'train_rates': 0.9156243961516304, 'learning_rate': 0.0009946933407637387, 'batch_size': 16, 'step_size': 10, 'gamma': 0.8897673129994769}. Best is trial 15 with value: 0.03165000917889723.[0m
[32m[I 2025-02-03 11:49:54,534][0m Trial 16 finished with value: 0.08533167656556315 and parameters: {'observation_period_num': 37, 'train_rates': 0.9153374623302634, 'learning_rate': 2.275882834463669e-06, 'batch_size': 29, 'step_size': 10, 'gamma': 0.9747567139360652}. Best is trial 15 with value: 0.03165000917889723.[0m
[32m[I 2025-02-03 11:54:12,476][0m Trial 17 finished with value: 0.03139156718933922 and parameters: {'observation_period_num': 88, 'train_rates': 0.9021607318718192, 'learning_rate': 0.0009954732602319445, 'batch_size': 21, 'step_size': 10, 'gamma': 0.8754601012778067}. Best is trial 17 with value: 0.03139156718933922.[0m
[32m[I 2025-02-03 11:58:34,557][0m Trial 18 finished with value: 0.23036697951795385 and parameters: {'observation_period_num': 89, 'train_rates': 0.903065363402378, 'learning_rate': 5.293914943518141e-06, 'batch_size': 21, 'step_size': 1, 'gamma': 0.9179796638718974}. Best is trial 17 with value: 0.03139156718933922.[0m
[32m[I 2025-02-03 12:00:27,279][0m Trial 19 finished with value: 0.041447439573464855 and parameters: {'observation_period_num': 91, 'train_rates': 0.7834714337920536, 'learning_rate': 0.0002851694582593044, 'batch_size': 44, 'step_size': 10, 'gamma': 0.866368468928883}. Best is trial 17 with value: 0.03139156718933922.[0m
[32m[I 2025-02-03 12:02:27,278][0m Trial 20 finished with value: 0.07622488997297583 and parameters: {'observation_period_num': 159, 'train_rates': 0.9309149034229054, 'learning_rate': 1.7764898800452465e-05, 'batch_size': 46, 'step_size': 11, 'gamma': 0.8240232212621384}. Best is trial 17 with value: 0.03139156718933922.[0m
[32m[I 2025-02-03 12:03:00,703][0m Trial 21 finished with value: 0.03172970935702324 and parameters: {'observation_period_num': 36, 'train_rates': 0.9456844878229785, 'learning_rate': 0.0009024846141970392, 'batch_size': 185, 'step_size': 13, 'gamma': 0.8779820063050504}. Best is trial 17 with value: 0.03139156718933922.[0m
[32m[I 2025-02-03 12:03:37,303][0m Trial 22 finished with value: 0.04159105191996068 and parameters: {'observation_period_num': 37, 'train_rates': 0.888996388853742, 'learning_rate': 0.00047301282059694074, 'batch_size': 172, 'step_size': 13, 'gamma': 0.8704596295966808}. Best is trial 17 with value: 0.03139156718933922.[0m
[32m[I 2025-02-03 12:09:27,998][0m Trial 23 finished with value: 0.052160297952047206 and parameters: {'observation_period_num': 69, 'train_rates': 0.9432056910991824, 'learning_rate': 0.00018029608410056758, 'batch_size': 16, 'step_size': 9, 'gamma': 0.9089856148357979}. Best is trial 17 with value: 0.03139156718933922.[0m
[32m[I 2025-02-03 12:09:57,851][0m Trial 24 finished with value: 0.033329718239566826 and parameters: {'observation_period_num': 34, 'train_rates': 0.8678201100915579, 'learning_rate': 0.0004684045101133165, 'batch_size': 204, 'step_size': 13, 'gamma': 0.8747772907829339}. Best is trial 17 with value: 0.03139156718933922.[0m
[32m[I 2025-02-03 12:10:35,336][0m Trial 25 finished with value: 0.05604231730103493 and parameters: {'observation_period_num': 115, 'train_rates': 0.9500215422829758, 'learning_rate': 0.0009332086721159376, 'batch_size': 167, 'step_size': 11, 'gamma': 0.9538724119201869}. Best is trial 17 with value: 0.03139156718933922.[0m
[32m[I 2025-02-03 12:11:55,088][0m Trial 26 finished with value: 0.06338720638679977 and parameters: {'observation_period_num': 68, 'train_rates': 0.8966615633756115, 'learning_rate': 0.0004289638917713628, 'batch_size': 70, 'step_size': 9, 'gamma': 0.8319099461306552}. Best is trial 17 with value: 0.03139156718933922.[0m
[32m[I 2025-02-03 12:13:52,226][0m Trial 27 finished with value: 0.03353826922010368 and parameters: {'observation_period_num': 29, 'train_rates': 0.9517414071330283, 'learning_rate': 0.00023619398213948152, 'batch_size': 50, 'step_size': 12, 'gamma': 0.8672716947509712}. Best is trial 17 with value: 0.03139156718933922.[0m
[32m[I 2025-02-03 12:14:29,839][0m Trial 28 finished with value: 0.056903349817730486 and parameters: {'observation_period_num': 80, 'train_rates': 0.8664005180312981, 'learning_rate': 0.00010711010851660698, 'batch_size': 150, 'step_size': 14, 'gamma': 0.9108355372242463}. Best is trial 17 with value: 0.03139156718933922.[0m
[32m[I 2025-02-03 12:15:14,776][0m Trial 29 finished with value: 0.4530207866580908 and parameters: {'observation_period_num': 107, 'train_rates': 0.8054783127059276, 'learning_rate': 1.216958022622898e-06, 'batch_size': 115, 'step_size': 11, 'gamma': 0.7913706194027244}. Best is trial 17 with value: 0.03139156718933922.[0m
[32m[I 2025-02-03 12:16:12,240][0m Trial 30 finished with value: 0.05638646912686995 and parameters: {'observation_period_num': 142, 'train_rates': 0.8301368206442392, 'learning_rate': 0.0005667667377119199, 'batch_size': 90, 'step_size': 6, 'gamma': 0.8794452760023248}. Best is trial 17 with value: 0.03139156718933922.[0m
[32m[I 2025-02-03 12:16:42,964][0m Trial 31 finished with value: 0.03408140689134598 and parameters: {'observation_period_num': 25, 'train_rates': 0.9596219939757835, 'learning_rate': 0.0008673611928621335, 'batch_size': 214, 'step_size': 14, 'gamma': 0.8564068546162755}. Best is trial 17 with value: 0.03139156718933922.[0m
[32m[I 2025-02-03 12:17:17,705][0m Trial 32 finished with value: 0.0647941529750824 and parameters: {'observation_period_num': 53, 'train_rates': 0.9822733817394635, 'learning_rate': 0.0009707000431036262, 'batch_size': 185, 'step_size': 14, 'gamma': 0.8977377761747902}. Best is trial 17 with value: 0.03139156718933922.[0m
[32m[I 2025-02-03 12:17:45,019][0m Trial 33 finished with value: 0.0681543346878659 and parameters: {'observation_period_num': 249, 'train_rates': 0.9175017126028312, 'learning_rate': 0.0003609795390997744, 'batch_size': 219, 'step_size': 9, 'gamma': 0.9161983151318732}. Best is trial 17 with value: 0.03139156718933922.[0m
[32m[I 2025-02-03 12:20:34,229][0m Trial 34 finished with value: 0.03027766860861291 and parameters: {'observation_period_num': 19, 'train_rates': 0.9367192301926945, 'learning_rate': 0.0005650658348889159, 'batch_size': 34, 'step_size': 6, 'gamma': 0.8848895750510363}. Best is trial 34 with value: 0.03027766860861291.[0m
[32m[I 2025-02-03 12:23:10,114][0m Trial 35 finished with value: 0.03191685818358144 and parameters: {'observation_period_num': 47, 'train_rates': 0.908007022113911, 'learning_rate': 0.0005909980049980408, 'batch_size': 36, 'step_size': 5, 'gamma': 0.81034640074959}. Best is trial 34 with value: 0.03027766860861291.[0m
[32m[I 2025-02-03 12:24:36,749][0m Trial 36 finished with value: 0.04184100654261197 and parameters: {'observation_period_num': 67, 'train_rates': 0.7461990246927832, 'learning_rate': 0.00011522030895740549, 'batch_size': 58, 'step_size': 7, 'gamma': 0.8524851148627598}. Best is trial 34 with value: 0.03027766860861291.[0m
[32m[I 2025-02-03 12:27:36,557][0m Trial 37 finished with value: 0.02812399019329053 and parameters: {'observation_period_num': 20, 'train_rates': 0.8555146271343284, 'learning_rate': 0.000231718799466333, 'batch_size': 30, 'step_size': 8, 'gamma': 0.8375956949206944}. Best is trial 37 with value: 0.02812399019329053.[0m
[32m[I 2025-02-03 12:30:18,153][0m Trial 38 finished with value: 0.04080736286265692 and parameters: {'observation_period_num': 48, 'train_rates': 0.8552782018444791, 'learning_rate': 3.997850389476843e-05, 'batch_size': 33, 'step_size': 8, 'gamma': 0.8359621237686884}. Best is trial 37 with value: 0.02812399019329053.[0m
[32m[I 2025-02-03 12:31:28,223][0m Trial 39 finished with value: 0.036838670855323816 and parameters: {'observation_period_num': 22, 'train_rates': 0.8814880348174065, 'learning_rate': 0.00023412641154000333, 'batch_size': 81, 'step_size': 6, 'gamma': 0.7697850896968317}. Best is trial 37 with value: 0.02812399019329053.[0m
[32m[I 2025-02-03 12:37:03,119][0m Trial 40 finished with value: 0.026737316824893387 and parameters: {'observation_period_num': 18, 'train_rates': 0.853118950782639, 'learning_rate': 0.00034493773750003876, 'batch_size': 16, 'step_size': 8, 'gamma': 0.8118386944677493}. Best is trial 40 with value: 0.026737316824893387.[0m
[32m[I 2025-02-03 12:42:32,131][0m Trial 41 finished with value: 0.030330287534704497 and parameters: {'observation_period_num': 20, 'train_rates': 0.8374149230505512, 'learning_rate': 0.0003426171440126586, 'batch_size': 16, 'step_size': 8, 'gamma': 0.8441683973605166}. Best is trial 40 with value: 0.026737316824893387.[0m
[32m[I 2025-02-03 12:45:17,879][0m Trial 42 finished with value: 0.025221747272184205 and parameters: {'observation_period_num': 17, 'train_rates': 0.8373935328129007, 'learning_rate': 0.00012186980809171436, 'batch_size': 32, 'step_size': 8, 'gamma': 0.8123985649150254}. Best is trial 42 with value: 0.025221747272184205.[0m
[32m[I 2025-02-03 12:46:49,493][0m Trial 43 finished with value: 0.03295933021833812 and parameters: {'observation_period_num': 17, 'train_rates': 0.8271026727034662, 'learning_rate': 0.0001401160701484809, 'batch_size': 58, 'step_size': 8, 'gamma': 0.8136295749767573}. Best is trial 42 with value: 0.025221747272184205.[0m
[32m[I 2025-02-03 12:49:14,426][0m Trial 44 finished with value: 0.039876566857131784 and parameters: {'observation_period_num': 21, 'train_rates': 0.8426533028063198, 'learning_rate': 7.571366023349876e-05, 'batch_size': 37, 'step_size': 5, 'gamma': 0.7988049227461865}. Best is trial 42 with value: 0.025221747272184205.[0m
[32m[I 2025-02-03 12:52:06,157][0m Trial 45 finished with value: 0.044150425025939265 and parameters: {'observation_period_num': 18, 'train_rates': 0.7599897816243154, 'learning_rate': 0.00023057616462161598, 'batch_size': 29, 'step_size': 7, 'gamma': 0.8239134829396064}. Best is trial 42 with value: 0.025221747272184205.[0m
[32m[I 2025-02-03 12:53:44,273][0m Trial 46 finished with value: 0.05663232521430866 and parameters: {'observation_period_num': 59, 'train_rates': 0.8082250637778773, 'learning_rate': 5.372937115569436e-05, 'batch_size': 52, 'step_size': 5, 'gamma': 0.7685410729329187}. Best is trial 42 with value: 0.025221747272184205.[0m
[32m[I 2025-02-03 12:54:55,538][0m Trial 47 finished with value: 0.03238121319644719 and parameters: {'observation_period_num': 5, 'train_rates': 0.7857205731207885, 'learning_rate': 0.0003359969848167439, 'batch_size': 73, 'step_size': 8, 'gamma': 0.8428276040715257}. Best is trial 42 with value: 0.025221747272184205.[0m
[32m[I 2025-02-03 12:56:49,652][0m Trial 48 finished with value: 0.06877191533325826 and parameters: {'observation_period_num': 179, 'train_rates': 0.7307503948316687, 'learning_rate': 0.00010874386685249976, 'batch_size': 41, 'step_size': 7, 'gamma': 0.8040939513302776}. Best is trial 42 with value: 0.025221747272184205.[0m
[32m[I 2025-02-03 12:57:43,386][0m Trial 49 finished with value: 0.05167520689449722 and parameters: {'observation_period_num': 45, 'train_rates': 0.8565293002493873, 'learning_rate': 0.00016265772728270959, 'batch_size': 112, 'step_size': 3, 'gamma': 0.7797401957037899}. Best is trial 42 with value: 0.025221747272184205.[0m
seasonal_3 „ÅÆÊúÄÈÅ©„Éè„Ç§„Éë„Éº„Éë„É©„É°„Éº„Çø„ÅåË¶ã„Å§„Åã„Çä„Åæ„Åó„Åü
ÊúÄÈÅ©ÂåñÂØæË±°: resid
[32m[I 2025-02-03 12:57:43,396][0m A new study created in memory with name: no-name-022ea4ba-7bb1-428e-8b28-fc820794690a[0m
[32m[I 2025-02-03 12:59:06,712][0m Trial 0 finished with value: 0.03544290669794593 and parameters: {'observation_period_num': 66, 'train_rates': 0.7962185987775182, 'learning_rate': 0.000539847393832774, 'batch_size': 63, 'step_size': 6, 'gamma': 0.8813496711353537}. Best is trial 0 with value: 0.03544290669794593.[0m
[32m[I 2025-02-03 13:03:23,018][0m Trial 1 finished with value: 0.12199857165400728 and parameters: {'observation_period_num': 115, 'train_rates': 0.7719464173048719, 'learning_rate': 1.529994397319402e-05, 'batch_size': 19, 'step_size': 2, 'gamma': 0.8573660289213234}. Best is trial 0 with value: 0.03544290669794593.[0m
[32m[I 2025-02-03 13:03:43,147][0m Trial 2 finished with value: 0.15680615391050065 and parameters: {'observation_period_num': 101, 'train_rates': 0.7128657571201147, 'learning_rate': 5.70671652518364e-05, 'batch_size': 255, 'step_size': 5, 'gamma': 0.7710649324159611}. Best is trial 0 with value: 0.03544290669794593.[0m
[32m[I 2025-02-03 13:06:39,971][0m Trial 3 finished with value: 0.054214628240652596 and parameters: {'observation_period_num': 85, 'train_rates': 0.6989404186702495, 'learning_rate': 8.608023032851965e-05, 'batch_size': 26, 'step_size': 15, 'gamma': 0.8012234750510482}. Best is trial 0 with value: 0.03544290669794593.[0m
[32m[I 2025-02-03 13:07:23,139][0m Trial 4 finished with value: 0.12023226171731949 and parameters: {'observation_period_num': 140, 'train_rates': 0.9688654747113579, 'learning_rate': 1.5153944819967456e-05, 'batch_size': 139, 'step_size': 14, 'gamma': 0.8416513280093396}. Best is trial 0 with value: 0.03544290669794593.[0m
[32m[I 2025-02-03 13:08:33,548][0m Trial 5 finished with value: 0.061803378126164175 and parameters: {'observation_period_num': 177, 'train_rates': 0.9306213888135572, 'learning_rate': 0.0005855737984273457, 'batch_size': 80, 'step_size': 4, 'gamma': 0.8745571565593359}. Best is trial 0 with value: 0.03544290669794593.[0m
[32m[I 2025-02-03 13:08:58,220][0m Trial 6 finished with value: 0.1354247129434704 and parameters: {'observation_period_num': 205, 'train_rates': 0.6594638977820321, 'learning_rate': 0.00015215019218931076, 'batch_size': 196, 'step_size': 11, 'gamma': 0.8630031576851677}. Best is trial 0 with value: 0.03544290669794593.[0m
[32m[I 2025-02-03 13:09:27,703][0m Trial 7 finished with value: 0.06485795802554163 and parameters: {'observation_period_num': 91, 'train_rates': 0.9170196286128889, 'learning_rate': 9.653945641921372e-05, 'batch_size': 211, 'step_size': 9, 'gamma': 0.7816666008581209}. Best is trial 0 with value: 0.03544290669794593.[0m
[32m[I 2025-02-03 13:10:07,074][0m Trial 8 finished with value: 0.07298960260557852 and parameters: {'observation_period_num': 144, 'train_rates': 0.9078516320272577, 'learning_rate': 0.00013121437244998936, 'batch_size': 142, 'step_size': 1, 'gamma': 0.9605313392608675}. Best is trial 0 with value: 0.03544290669794593.[0m
[32m[I 2025-02-03 13:10:45,419][0m Trial 9 finished with value: 0.16005763335592427 and parameters: {'observation_period_num': 61, 'train_rates': 0.8914908183169383, 'learning_rate': 1.0793137241518007e-05, 'batch_size': 153, 'step_size': 9, 'gamma': 0.7585192358347949}. Best is trial 0 with value: 0.03544290669794593.[0m
[32m[I 2025-02-03 13:11:54,761][0m Trial 10 finished with value: 0.14212533225088012 and parameters: {'observation_period_num': 7, 'train_rates': 0.8211274035940619, 'learning_rate': 1.5836671925047945e-06, 'batch_size': 79, 'step_size': 6, 'gamma': 0.9429763320218447}. Best is trial 0 with value: 0.03544290669794593.[0m
[32m[I 2025-02-03 13:14:53,605][0m Trial 11 finished with value: 0.06875947716305326 and parameters: {'observation_period_num': 41, 'train_rates': 0.6034916614576339, 'learning_rate': 0.0007217960916105174, 'batch_size': 24, 'step_size': 15, 'gamma': 0.9128682088990852}. Best is trial 0 with value: 0.03544290669794593.[0m
