[32m[I 2025-02-03 10:40:38,400][0m Trial 31 finished with value: 0.03642136485220116 and parameters: {'observation_period_num': 76, 'train_rates': 0.8141003982707742, 'learning_rate': 0.000468565331299292, 'batch_size': 140, 'step_size': 9, 'gamma': 0.8656524794977414}. Best is trial 28 with value: 0.034821223898290156.[0m
[32m[I 2025-02-03 10:41:19,476][0m Trial 32 finished with value: 0.0404687659345335 and parameters: {'observation_period_num': 84, 'train_rates': 0.8771876791105798, 'learning_rate': 0.0005212055050316638, 'batch_size': 145, 'step_size': 9, 'gamma': 0.8584179216506498}. Best is trial 28 with value: 0.034821223898290156.[0m
[32m[I 2025-02-03 10:42:03,826][0m Trial 33 finished with value: 0.03368617272385401 and parameters: {'observation_period_num': 71, 'train_rates': 0.8151422703046989, 'learning_rate': 0.0005912265785055762, 'batch_size': 125, 'step_size': 12, 'gamma': 0.8320960479151197}. Best is trial 33 with value: 0.03368617272385401.[0m
[32m[I 2025-02-03 10:42:47,265][0m Trial 34 finished with value: 0.046557026816763554 and parameters: {'observation_period_num': 119, 'train_rates': 0.8099738979520605, 'learning_rate': 0.00026218630421193464, 'batch_size': 127, 'step_size': 12, 'gamma': 0.8243763634453544}. Best is trial 33 with value: 0.03368617272385401.[0m
[32m[I 2025-02-03 10:43:56,256][0m Trial 35 finished with value: 0.044270234118247855 and parameters: {'observation_period_num': 78, 'train_rates': 0.7981592636242963, 'learning_rate': 0.00070049312409079, 'batch_size': 78, 'step_size': 13, 'gamma': 0.8681031908345641}. Best is trial 33 with value: 0.03368617272385401.[0m
[32m[I 2025-02-03 10:44:41,898][0m Trial 36 finished with value: 0.0433026846699618 and parameters: {'observation_period_num': 100, 'train_rates': 0.7665358178008795, 'learning_rate': 0.0004012033012158121, 'batch_size': 119, 'step_size': 9, 'gamma': 0.8309186889617911}. Best is trial 33 with value: 0.03368617272385401.[0m
[32m[I 2025-02-03 10:45:21,773][0m Trial 37 finished with value: 0.03901569986178132 and parameters: {'observation_period_num': 67, 'train_rates': 0.8189615955916291, 'learning_rate': 0.00022545394844399142, 'batch_size': 142, 'step_size': 8, 'gamma': 0.810632893095205}. Best is trial 33 with value: 0.03368617272385401.[0m
[32m[I 2025-02-03 10:46:06,437][0m Trial 38 finished with value: 0.4732315058770933 and parameters: {'observation_period_num': 126, 'train_rates': 0.6640469087935014, 'learning_rate': 1.2862343208816563e-06, 'batch_size': 105, 'step_size': 10, 'gamma': 0.86701751899153}. Best is trial 33 with value: 0.03368617272385401.[0m
[32m[I 2025-02-03 10:47:14,773][0m Trial 39 finished with value: 0.19364029956058668 and parameters: {'observation_period_num': 176, 'train_rates': 0.6029381337120977, 'learning_rate': 1.3729585527326413e-05, 'batch_size': 63, 'step_size': 12, 'gamma': 0.8414044265526228}. Best is trial 33 with value: 0.03368617272385401.[0m
[32m[I 2025-02-03 10:47:47,270][0m Trial 40 finished with value: 0.38689332207043964 and parameters: {'observation_period_num': 149, 'train_rates': 0.8235733415714365, 'learning_rate': 6.354939049826956e-06, 'batch_size': 176, 'step_size': 7, 'gamma': 0.7972914235814446}. Best is trial 33 with value: 0.03368617272385401.[0m
[32m[I 2025-02-03 10:48:28,869][0m Trial 41 finished with value: 0.03655239981081751 and parameters: {'observation_period_num': 67, 'train_rates': 0.8315706738476598, 'learning_rate': 0.0006948327092519962, 'batch_size': 135, 'step_size': 8, 'gamma': 0.8015290321542269}. Best is trial 33 with value: 0.03368617272385401.[0m
[32m[I 2025-02-03 10:49:07,261][0m Trial 42 finished with value: 0.03926176594048948 and parameters: {'observation_period_num': 90, 'train_rates': 0.7515335823514321, 'learning_rate': 0.000674413829704107, 'batch_size': 137, 'step_size': 10, 'gamma': 0.8050106357741701}. Best is trial 33 with value: 0.03368617272385401.[0m
[32m[I 2025-02-03 10:49:46,789][0m Trial 43 finished with value: 0.03275193332199486 and parameters: {'observation_period_num': 59, 'train_rates': 0.8628980450178907, 'learning_rate': 0.000984270866628762, 'batch_size': 148, 'step_size': 7, 'gamma': 0.7612829937879019}. Best is trial 43 with value: 0.03275193332199486.[0m
[32m[I 2025-02-03 10:50:26,713][0m Trial 44 finished with value: 0.032674435389960094 and parameters: {'observation_period_num': 19, 'train_rates': 0.8695650187651343, 'learning_rate': 0.0009350993117057379, 'batch_size': 150, 'step_size': 7, 'gamma': 0.7658297790376001}. Best is trial 44 with value: 0.032674435389960094.[0m
[32m[I 2025-02-03 10:51:06,169][0m Trial 45 finished with value: 0.03390212577037715 and parameters: {'observation_period_num': 21, 'train_rates': 0.8738581258155732, 'learning_rate': 0.000993760921386579, 'batch_size': 151, 'step_size': 7, 'gamma': 0.7593245438949275}. Best is trial 44 with value: 0.032674435389960094.[0m
[32m[I 2025-02-03 10:51:55,511][0m Trial 46 finished with value: 0.031004444144818247 and parameters: {'observation_period_num': 21, 'train_rates': 0.8996967489278387, 'learning_rate': 0.0009565597745019144, 'batch_size': 120, 'step_size': 7, 'gamma': 0.7594604847547441}. Best is trial 46 with value: 0.031004444144818247.[0m
[32m[I 2025-02-03 10:52:53,912][0m Trial 47 finished with value: 0.03244099599851979 and parameters: {'observation_period_num': 20, 'train_rates': 0.9052197785964858, 'learning_rate': 0.0008671213636509858, 'batch_size': 106, 'step_size': 7, 'gamma': 0.757458986313145}. Best is trial 46 with value: 0.031004444144818247.[0m
[32m[I 2025-02-03 10:53:52,997][0m Trial 48 finished with value: 0.029969075928300115 and parameters: {'observation_period_num': 20, 'train_rates': 0.899623776255662, 'learning_rate': 0.0007786747285151263, 'batch_size': 103, 'step_size': 7, 'gamma': 0.7739025708598736}. Best is trial 48 with value: 0.029969075928300115.[0m
[32m[I 2025-02-03 10:54:51,081][0m Trial 49 finished with value: 0.025623054745105598 and parameters: {'observation_period_num': 17, 'train_rates': 0.9070947808069317, 'learning_rate': 0.0009655436260558819, 'batch_size': 105, 'step_size': 7, 'gamma': 0.7744254542292559}. Best is trial 49 with value: 0.025623054745105598.[0m
seasonal_1 „ÅÆÊúÄÈÅ©„Éè„Ç§„Éë„Éº„Éë„É©„É°„Éº„Çø„ÅåË¶ã„Å§„Åã„Çä„Åæ„Åó„Åü
ÊúÄÈÅ©ÂåñÂØæË±°: seasonal_2
[32m[I 2025-02-03 10:54:51,092][0m A new study created in memory with name: no-name-07029a24-4230-4c2b-9792-621197901a7f[0m
[32m[I 2025-02-03 10:55:31,342][0m Trial 0 finished with value: 0.05756875871370236 and parameters: {'observation_period_num': 81, 'train_rates': 0.6864266018959223, 'learning_rate': 0.00019137890994478494, 'batch_size': 131, 'step_size': 9, 'gamma': 0.9688328858155097}. Best is trial 0 with value: 0.05756875871370236.[0m
[32m[I 2025-02-03 10:58:14,641][0m Trial 1 finished with value: 0.09734557386995717 and parameters: {'observation_period_num': 55, 'train_rates': 0.9089542176350003, 'learning_rate': 3.1790664434005014e-06, 'batch_size': 35, 'step_size': 15, 'gamma': 0.9153286741991293}. Best is trial 0 with value: 0.05756875871370236.[0m
[32m[I 2025-02-03 10:59:07,298][0m Trial 2 finished with value: 0.10868491232395172 and parameters: {'observation_period_num': 232, 'train_rates': 0.960738839108396, 'learning_rate': 4.04078647098091e-05, 'batch_size': 112, 'step_size': 6, 'gamma': 0.8563806213311678}. Best is trial 0 with value: 0.05756875871370236.[0m
[32m[I 2025-02-03 10:59:35,583][0m Trial 3 finished with value: 0.6825085909743058 and parameters: {'observation_period_num': 140, 'train_rates': 0.8852874967055351, 'learning_rate': 1.2833608684960223e-06, 'batch_size': 221, 'step_size': 10, 'gamma': 0.9712724758859064}. Best is trial 0 with value: 0.05756875871370236.[0m
[32m[I 2025-02-03 11:02:37,405][0m Trial 4 finished with value: 0.35502503677637864 and parameters: {'observation_period_num': 182, 'train_rates': 0.7525783700657255, 'learning_rate': 2.33520053915021e-06, 'batch_size': 26, 'step_size': 4, 'gamma': 0.7940918138071537}. Best is trial 0 with value: 0.05756875871370236.[0m
[32m[I 2025-02-03 11:03:13,956][0m Trial 5 finished with value: 0.09751643240451813 and parameters: {'observation_period_num': 66, 'train_rates': 0.9898876643655943, 'learning_rate': 4.9079184448526835e-05, 'batch_size': 180, 'step_size': 8, 'gamma': 0.8383200709778421}. Best is trial 0 with value: 0.05756875871370236.[0m
[32m[I 2025-02-03 11:03:40,636][0m Trial 6 finished with value: 0.09607234568904441 and parameters: {'observation_period_num': 17, 'train_rates': 0.6142326078210437, 'learning_rate': 3.3013630453667e-05, 'batch_size': 199, 'step_size': 3, 'gamma': 0.9790686524290116}. Best is trial 0 with value: 0.05756875871370236.[0m
[32m[I 2025-02-03 11:04:34,109][0m Trial 7 finished with value: 0.1139117692812131 and parameters: {'observation_period_num': 227, 'train_rates': 0.6756527254844158, 'learning_rate': 4.670264441666503e-05, 'batch_size': 87, 'step_size': 14, 'gamma': 0.9533020932675741}. Best is trial 0 with value: 0.05756875871370236.[0m
[32m[I 2025-02-03 11:07:45,014][0m Trial 8 finished with value: 0.05525128276430987 and parameters: {'observation_period_num': 159, 'train_rates': 0.7991630547545863, 'learning_rate': 0.00017734919544245436, 'batch_size': 26, 'step_size': 7, 'gamma': 0.7721440600237115}. Best is trial 8 with value: 0.05525128276430987.[0m
[32m[I 2025-02-03 11:08:12,301][0m Trial 9 finished with value: 0.16634953793861884 and parameters: {'observation_period_num': 113, 'train_rates': 0.9023156271261137, 'learning_rate': 9.533617866753717e-06, 'batch_size': 234, 'step_size': 12, 'gamma': 0.9458641471975865}. Best is trial 8 with value: 0.05525128276430987.[0m
Early stopping at epoch 64
[32m[I 2025-02-03 11:09:02,497][0m Trial 10 finished with value: 0.11420111396340094 and parameters: {'observation_period_num': 169, 'train_rates': 0.7966956734646424, 'learning_rate': 0.0005826506882069256, 'batch_size': 67, 'step_size': 1, 'gamma': 0.7571471151257287}. Best is trial 8 with value: 0.05525128276430987.[0m
[32m[I 2025-02-03 11:09:36,025][0m Trial 11 finished with value: 0.04683194098180052 and parameters: {'observation_period_num': 92, 'train_rates': 0.75276091007535, 'learning_rate': 0.00029333175473063685, 'batch_size': 155, 'step_size': 8, 'gamma': 0.8952909363696808}. Best is trial 11 with value: 0.04683194098180052.[0m
[32m[I 2025-02-03 11:10:11,480][0m Trial 12 finished with value: 0.04871114090172856 and parameters: {'observation_period_num': 122, 'train_rates': 0.8204114299766759, 'learning_rate': 0.0002500608571027321, 'batch_size': 164, 'step_size': 6, 'gamma': 0.888313586128587}. Best is trial 11 with value: 0.04683194098180052.[0m
[32m[I 2025-02-03 11:10:43,852][0m Trial 13 finished with value: 0.05326750145908486 and parameters: {'observation_period_num': 116, 'train_rates': 0.8402217517409103, 'learning_rate': 0.0007640793953969839, 'batch_size': 176, 'step_size': 5, 'gamma': 0.897990704362733}. Best is trial 11 with value: 0.04683194098180052.[0m
[32m[I 2025-02-03 11:11:18,756][0m Trial 14 finished with value: 0.04938970187681481 and parameters: {'observation_period_num': 94, 'train_rates': 0.7443187251155895, 'learning_rate': 0.00016761998623104397, 'batch_size': 158, 'step_size': 10, 'gamma': 0.8930186132314749}. Best is trial 11 with value: 0.04683194098180052.[0m
[32m[I 2025-02-03 11:11:55,983][0m Trial 15 finished with value: 0.05352452168862025 and parameters: {'observation_period_num': 31, 'train_rates': 0.7431981914724888, 'learning_rate': 0.0003649079578742956, 'batch_size': 148, 'step_size': 2, 'gamma': 0.8251431529561523}. Best is trial 11 with value: 0.04683194098180052.[0m
[32m[I 2025-02-03 11:12:49,191][0m Trial 16 finished with value: 0.06450168834228606 and parameters: {'observation_period_num': 200, 'train_rates': 0.8462404413728806, 'learning_rate': 0.00012535722453992513, 'batch_size': 104, 'step_size': 6, 'gamma': 0.9198432054674974}. Best is trial 11 with value: 0.04683194098180052.[0m
[32m[I 2025-02-03 11:13:16,086][0m Trial 17 finished with value: 0.07300082757746942 and parameters: {'observation_period_num': 134, 'train_rates': 0.6881647781197447, 'learning_rate': 0.0009945667882121693, 'batch_size': 206, 'step_size': 12, 'gamma': 0.871867030973302}. Best is trial 11 with value: 0.04683194098180052.[0m
[32m[I 2025-02-03 11:13:40,592][0m Trial 18 finished with value: 0.11998235074610546 and parameters: {'observation_period_num': 51, 'train_rates': 0.8400648204229533, 'learning_rate': 1.483184349790844e-05, 'batch_size': 254, 'step_size': 8, 'gamma': 0.8727518653339996}. Best is trial 11 with value: 0.04683194098180052.[0m
[32m[I 2025-02-03 11:14:15,389][0m Trial 19 finished with value: 0.1454741256202756 and parameters: {'observation_period_num': 97, 'train_rates': 0.6100508858358722, 'learning_rate': 8.864214428578079e-05, 'batch_size': 134, 'step_size': 4, 'gamma': 0.810371463696028}. Best is trial 11 with value: 0.04683194098180052.[0m
[32m[I 2025-02-03 11:14:46,680][0m Trial 20 finished with value: 0.06167631190876628 and parameters: {'observation_period_num': 135, 'train_rates': 0.7711157793835259, 'learning_rate': 0.0003421504227112677, 'batch_size': 174, 'step_size': 11, 'gamma': 0.9262283597062789}. Best is trial 11 with value: 0.04683194098180052.[0m
[32m[I 2025-02-03 11:15:18,678][0m Trial 21 finished with value: 0.0505004482078349 and parameters: {'observation_period_num': 90, 'train_rates': 0.7132405856725252, 'learning_rate': 0.0003122941203268151, 'batch_size': 164, 'step_size': 10, 'gamma': 0.8985358041037229}. Best is trial 11 with value: 0.04683194098180052.[0m
[32m[I 2025-02-03 11:15:53,272][0m Trial 22 finished with value: 0.07551259577022418 and parameters: {'observation_period_num': 111, 'train_rates': 0.7295177649213129, 'learning_rate': 7.446788772841091e-05, 'batch_size': 153, 'step_size': 7, 'gamma': 0.899715440600788}. Best is trial 11 with value: 0.04683194098180052.[0m
[32m[I 2025-02-03 11:16:22,627][0m Trial 23 finished with value: 0.04264111365617638 and parameters: {'observation_period_num': 71, 'train_rates': 0.7801410462502233, 'learning_rate': 0.00019331770830033237, 'batch_size': 194, 'step_size': 9, 'gamma': 0.8576817713100715}. Best is trial 23 with value: 0.04264111365617638.[0m
[32m[I 2025-02-03 11:16:53,348][0m Trial 24 finished with value: 0.03686533092787718 and parameters: {'observation_period_num': 73, 'train_rates': 0.8130848781680784, 'learning_rate': 0.0004751837520715112, 'batch_size': 190, 'step_size': 8, 'gamma': 0.8507225624229329}. Best is trial 24 with value: 0.03686533092787718.[0m
[32m[I 2025-02-03 11:17:22,279][0m Trial 25 finished with value: 0.03457069507567212 and parameters: {'observation_period_num': 36, 'train_rates': 0.7805370737500014, 'learning_rate': 0.0005660651328611909, 'batch_size': 197, 'step_size': 8, 'gamma': 0.8369002231764032}. Best is trial 25 with value: 0.03457069507567212.[0m
[32m[I 2025-02-03 11:17:52,556][0m Trial 26 finished with value: 0.0311949925463483 and parameters: {'observation_period_num': 8, 'train_rates': 0.8688048525210881, 'learning_rate': 0.00048380912767068753, 'batch_size': 199, 'step_size': 9, 'gamma': 0.850015636043663}. Best is trial 26 with value: 0.0311949925463483.[0m
[32m[I 2025-02-03 11:18:20,988][0m Trial 27 finished with value: 0.032951416958483956 and parameters: {'observation_period_num': 9, 'train_rates': 0.8738630453900575, 'learning_rate': 0.0004889759993431792, 'batch_size': 226, 'step_size': 12, 'gamma': 0.8342582238344334}. Best is trial 26 with value: 0.0311949925463483.[0m
[32m[I 2025-02-03 11:18:47,408][0m Trial 28 finished with value: 0.03372941559679072 and parameters: {'observation_period_num': 8, 'train_rates': 0.8797005105556455, 'learning_rate': 0.0006213875306974352, 'batch_size': 256, 'step_size': 12, 'gamma': 0.8097854249657951}. Best is trial 26 with value: 0.0311949925463483.[0m
[32m[I 2025-02-03 11:19:14,535][0m Trial 29 finished with value: 0.07901946383714675 and parameters: {'observation_period_num': 7, 'train_rates': 0.8728114390045065, 'learning_rate': 1.6161891232799772e-05, 'batch_size': 248, 'step_size': 13, 'gamma': 0.7932017096690683}. Best is trial 26 with value: 0.0311949925463483.[0m
[32m[I 2025-02-03 11:19:45,414][0m Trial 30 finished with value: 0.034675495233386755 and parameters: {'observation_period_num': 6, 'train_rates': 0.9227791916787925, 'learning_rate': 0.0006719701307391375, 'batch_size': 219, 'step_size': 13, 'gamma': 0.8128451533926015}. Best is trial 26 with value: 0.0311949925463483.[0m
[32m[I 2025-02-03 11:20:12,791][0m Trial 31 finished with value: 0.03001195803304149 and parameters: {'observation_period_num': 33, 'train_rates': 0.8694012310674082, 'learning_rate': 0.0009722044273311763, 'batch_size': 231, 'step_size': 11, 'gamma': 0.8336264200564073}. Best is trial 31 with value: 0.03001195803304149.[0m
[32m[I 2025-02-03 11:20:41,128][0m Trial 32 finished with value: 0.0327627956867218 and parameters: {'observation_period_num': 30, 'train_rates': 0.9399702368963684, 'learning_rate': 0.000985621145040116, 'batch_size': 237, 'step_size': 11, 'gamma': 0.7952147668060328}. Best is trial 31 with value: 0.03001195803304149.[0m
[32m[I 2025-02-03 11:21:08,371][0m Trial 33 finished with value: 0.0350099541246891 and parameters: {'observation_period_num': 33, 'train_rates': 0.9405634504796478, 'learning_rate': 0.000975113965714848, 'batch_size': 238, 'step_size': 15, 'gamma': 0.7882642555609517}. Best is trial 31 with value: 0.03001195803304149.[0m
[32m[I 2025-02-03 11:21:38,239][0m Trial 34 finished with value: 0.03933936357498169 and parameters: {'observation_period_num': 43, 'train_rates': 0.9544719830556655, 'learning_rate': 0.000424077216204634, 'batch_size': 219, 'step_size': 11, 'gamma': 0.833058521579904}. Best is trial 31 with value: 0.03001195803304149.[0m
[32m[I 2025-02-03 11:22:06,800][0m Trial 35 finished with value: 0.03286283252591436 and parameters: {'observation_period_num': 23, 'train_rates': 0.9062803085495272, 'learning_rate': 0.0009040151007992625, 'batch_size': 233, 'step_size': 11, 'gamma': 0.854311732323457}. Best is trial 31 with value: 0.03001195803304149.[0m
[32m[I 2025-02-03 11:22:35,681][0m Trial 36 finished with value: 0.03218488553953677 and parameters: {'observation_period_num': 24, 'train_rates': 0.9158203959349915, 'learning_rate': 0.0009781441772462338, 'batch_size': 236, 'step_size': 11, 'gamma': 0.8551624661651722}. Best is trial 31 with value: 0.03001195803304149.[0m
[32m[I 2025-02-03 11:23:05,577][0m Trial 37 finished with value: 0.03235331550240517 and parameters: {'observation_period_num': 45, 'train_rates': 0.9299044812347962, 'learning_rate': 0.0009842152428262718, 'batch_size': 210, 'step_size': 9, 'gamma': 0.782832661601871}. Best is trial 31 with value: 0.03001195803304149.[0m
[32m[I 2025-02-03 11:23:37,831][0m Trial 38 finished with value: 0.2976151406764984 and parameters: {'observation_period_num': 59, 'train_rates': 0.9896870065562419, 'learning_rate': 6.542236008923689e-06, 'batch_size': 210, 'step_size': 9, 'gamma': 0.7507032839159262}. Best is trial 31 with value: 0.03001195803304149.[0m
[32m[I 2025-02-03 11:24:10,251][0m Trial 39 finished with value: 0.05296327546238899 and parameters: {'observation_period_num': 58, 'train_rates': 0.9718252237732968, 'learning_rate': 0.0002341197676213811, 'batch_size': 214, 'step_size': 9, 'gamma': 0.8610381773002218}. Best is trial 31 with value: 0.03001195803304149.[0m
[32m[I 2025-02-03 11:24:44,246][0m Trial 40 finished with value: 0.3717118944941449 and parameters: {'observation_period_num': 44, 'train_rates': 0.9184326694069731, 'learning_rate': 2.417034438709431e-06, 'batch_size': 185, 'step_size': 10, 'gamma': 0.7672620384862303}. Best is trial 31 with value: 0.03001195803304149.[0m
[32m[I 2025-02-03 11:25:12,822][0m Trial 41 finished with value: 0.03363631293177605 and parameters: {'observation_period_num': 24, 'train_rates': 0.9394845436694151, 'learning_rate': 0.0007519657220064239, 'batch_size': 238, 'step_size': 10, 'gamma': 0.7863082211906591}. Best is trial 31 with value: 0.03001195803304149.[0m
[32m[I 2025-02-03 11:25:39,856][0m Trial 42 finished with value: 0.030718287885142345 and parameters: {'observation_period_num': 22, 'train_rates': 0.8912200983494499, 'learning_rate': 0.0009635464004324525, 'batch_size': 244, 'step_size': 14, 'gamma': 0.8219637635634303}. Best is trial 31 with value: 0.03001195803304149.[0m
[32m[I 2025-02-03 11:26:10,497][0m Trial 43 finished with value: 0.031422738325072835 and parameters: {'observation_period_num': 20, 'train_rates': 0.8969826842977812, 'learning_rate': 0.0004483517639025469, 'batch_size': 205, 'step_size': 14, 'gamma': 0.8185081907713866}. Best is trial 31 with value: 0.03001195803304149.[0m
[32m[I 2025-02-03 11:26:36,976][0m Trial 44 finished with value: 0.43269589355269683 and parameters: {'observation_period_num': 18, 'train_rates': 0.8597926110800516, 'learning_rate': 1.0693062720664908e-06, 'batch_size': 246, 'step_size': 15, 'gamma': 0.8225758158833638}. Best is trial 31 with value: 0.03001195803304149.[0m
[32m[I 2025-02-03 11:27:05,175][0m Trial 45 finished with value: 0.032459616816292204 and parameters: {'observation_period_num': 18, 'train_rates': 0.8897686690910649, 'learning_rate': 0.00042053159803489247, 'batch_size': 225, 'step_size': 14, 'gamma': 0.849225793518515}. Best is trial 31 with value: 0.03001195803304149.[0m
[32m[I 2025-02-03 11:28:47,984][0m Trial 46 finished with value: 0.04804553626957586 and parameters: {'observation_period_num': 60, 'train_rates': 0.8980548270625949, 'learning_rate': 0.0006504693763387316, 'batch_size': 56, 'step_size': 14, 'gamma': 0.8232411488298899}. Best is trial 31 with value: 0.03001195803304149.[0m
