ÊúÄÈÅ©ÂåñÂØæË±°: trend
[32m[I 2025-02-03 09:03:34,496][0m A new study created in memory with name: no-name-e8f54c3f-fc56-48ca-acef-82bc6848cb1c[0m
[32m[I 2025-02-03 09:04:13,500][0m Trial 0 finished with value: 0.0586339191265917 and parameters: {'observation_period_num': 183, 'train_rates': 0.8218754321087678, 'learning_rate': 0.0005703772985207766, 'batch_size': 139, 'step_size': 7, 'gamma': 0.9281975239014322}. Best is trial 0 with value: 0.0586339191265917.[0m
[32m[I 2025-02-03 09:04:56,223][0m Trial 1 finished with value: 0.08352900296449661 and parameters: {'observation_period_num': 162, 'train_rates': 0.9821693587396663, 'learning_rate': 5.33382323498346e-05, 'batch_size': 145, 'step_size': 14, 'gamma': 0.9656569224532825}. Best is trial 0 with value: 0.0586339191265917.[0m
[32m[I 2025-02-03 09:05:16,364][0m Trial 2 finished with value: 0.14328821192788815 and parameters: {'observation_period_num': 206, 'train_rates': 0.7362932574520197, 'learning_rate': 7.234226126687546e-05, 'batch_size': 254, 'step_size': 6, 'gamma': 0.7725462454261398}. Best is trial 0 with value: 0.0586339191265917.[0m
[32m[I 2025-02-03 09:05:53,550][0m Trial 3 finished with value: 0.30114761386474553 and parameters: {'observation_period_num': 33, 'train_rates': 0.6716671110837866, 'learning_rate': 1.6902055476170784e-06, 'batch_size': 133, 'step_size': 15, 'gamma': 0.9449902616440269}. Best is trial 0 with value: 0.0586339191265917.[0m
[32m[I 2025-02-03 09:06:21,737][0m Trial 4 finished with value: 0.32074285542208053 and parameters: {'observation_period_num': 159, 'train_rates': 0.6616315973435252, 'learning_rate': 3.1311452521619982e-06, 'batch_size': 183, 'step_size': 9, 'gamma': 0.9258315386752208}. Best is trial 0 with value: 0.0586339191265917.[0m
[32m[I 2025-02-03 09:06:43,976][0m Trial 5 finished with value: 0.08635997723304588 and parameters: {'observation_period_num': 215, 'train_rates': 0.7606388461354897, 'learning_rate': 0.00017792909190681163, 'batch_size': 248, 'step_size': 10, 'gamma': 0.8188460006409295}. Best is trial 0 with value: 0.0586339191265917.[0m
[32m[I 2025-02-03 09:08:34,697][0m Trial 6 finished with value: 0.09587612582417475 and parameters: {'observation_period_num': 20, 'train_rates': 0.6472742247194827, 'learning_rate': 3.771221505865275e-06, 'batch_size': 42, 'step_size': 11, 'gamma': 0.8892822356771062}. Best is trial 0 with value: 0.0586339191265917.[0m
[32m[I 2025-02-03 09:09:18,655][0m Trial 7 finished with value: 0.05329942626024162 and parameters: {'observation_period_num': 106, 'train_rates': 0.817141517669376, 'learning_rate': 0.0002882276952111821, 'batch_size': 126, 'step_size': 11, 'gamma': 0.930341989202981}. Best is trial 7 with value: 0.05329942626024162.[0m
[32m[I 2025-02-03 09:10:38,860][0m Trial 8 finished with value: 0.33796504992418563 and parameters: {'observation_period_num': 175, 'train_rates': 0.8502117287545152, 'learning_rate': 1.4501667180233087e-06, 'batch_size': 66, 'step_size': 15, 'gamma': 0.8837701180035502}. Best is trial 7 with value: 0.05329942626024162.[0m
[32m[I 2025-02-03 09:11:33,006][0m Trial 9 finished with value: 0.05150676313578413 and parameters: {'observation_period_num': 47, 'train_rates': 0.6323639965543476, 'learning_rate': 0.00010127121504016375, 'batch_size': 84, 'step_size': 11, 'gamma': 0.8360426867780075}. Best is trial 9 with value: 0.05150676313578413.[0m
Early stopping at epoch 67
[32m[I 2025-02-03 09:12:10,544][0m Trial 10 finished with value: 0.43879998855768365 and parameters: {'observation_period_num': 80, 'train_rates': 0.6071149477430042, 'learning_rate': 1.2337221079038322e-05, 'batch_size': 81, 'step_size': 1, 'gamma': 0.8229037445306453}. Best is trial 9 with value: 0.05150676313578413.[0m
[32m[I 2025-02-03 09:13:05,616][0m Trial 11 finished with value: 0.05577421740295496 and parameters: {'observation_period_num': 93, 'train_rates': 0.8955773646330846, 'learning_rate': 0.0006716450171170531, 'batch_size': 103, 'step_size': 11, 'gamma': 0.8414409711387498}. Best is trial 9 with value: 0.05150676313578413.[0m
[32m[I 2025-02-03 09:16:53,788][0m Trial 12 finished with value: 0.07182301963907647 and parameters: {'observation_period_num': 88, 'train_rates': 0.7392252268998266, 'learning_rate': 0.00025112305990490733, 'batch_size': 21, 'step_size': 12, 'gamma': 0.7623544348472551}. Best is trial 9 with value: 0.05150676313578413.[0m
[32m[I 2025-02-03 09:17:26,401][0m Trial 13 finished with value: 0.04822660924312268 and parameters: {'observation_period_num': 56, 'train_rates': 0.909778980180872, 'learning_rate': 0.00015620620845862844, 'batch_size': 189, 'step_size': 5, 'gamma': 0.8602135511675679}. Best is trial 13 with value: 0.04822660924312268.[0m
[32m[I 2025-02-03 09:17:59,955][0m Trial 14 finished with value: 0.10677982866764069 and parameters: {'observation_period_num': 46, 'train_rates': 0.9449301501713587, 'learning_rate': 2.1681989787975906e-05, 'batch_size': 192, 'step_size': 4, 'gamma': 0.8477282828762114}. Best is trial 13 with value: 0.04822660924312268.[0m
[32m[I 2025-02-03 09:18:29,636][0m Trial 15 finished with value: 0.06666245825566057 and parameters: {'observation_period_num': 54, 'train_rates': 0.8867429082866354, 'learning_rate': 8.599205535987845e-05, 'batch_size': 213, 'step_size': 5, 'gamma': 0.7926129770294055}. Best is trial 13 with value: 0.04822660924312268.[0m
[32m[I 2025-02-03 09:19:07,447][0m Trial 16 finished with value: 0.07569894590674722 and parameters: {'observation_period_num': 9, 'train_rates': 0.9088909494366276, 'learning_rate': 2.336437345330826e-05, 'batch_size': 166, 'step_size': 3, 'gamma': 0.8658706127952003}. Best is trial 13 with value: 0.04822660924312268.[0m
[32m[I 2025-02-03 09:19:32,414][0m Trial 17 finished with value: 0.08296793764610698 and parameters: {'observation_period_num': 130, 'train_rates': 0.7637888184511517, 'learning_rate': 0.00012233942498392352, 'batch_size': 220, 'step_size': 8, 'gamma': 0.8031972317175664}. Best is trial 13 with value: 0.04822660924312268.[0m
[32m[I 2025-02-03 09:20:20,387][0m Trial 18 finished with value: 0.0878068288189492 and parameters: {'observation_period_num': 59, 'train_rates': 0.6904015854707629, 'learning_rate': 4.337020503238943e-05, 'batch_size': 102, 'step_size': 2, 'gamma': 0.9061257555738519}. Best is trial 13 with value: 0.04822660924312268.[0m
[32m[I 2025-02-03 09:21:39,459][0m Trial 19 finished with value: 0.06730086008507935 and parameters: {'observation_period_num': 136, 'train_rates': 0.6027713067035358, 'learning_rate': 0.0009645458480449418, 'batch_size': 53, 'step_size': 13, 'gamma': 0.8540688609911287}. Best is trial 13 with value: 0.04822660924312268.[0m
[32m[I 2025-02-03 09:22:37,148][0m Trial 20 finished with value: 0.2665923237800598 and parameters: {'observation_period_num': 247, 'train_rates': 0.9891252682538489, 'learning_rate': 1.022291935217571e-05, 'batch_size': 100, 'step_size': 7, 'gamma': 0.8811882052662154}. Best is trial 13 with value: 0.04822660924312268.[0m
[32m[I 2025-02-03 09:23:21,348][0m Trial 21 finished with value: 0.048459615342635445 and parameters: {'observation_period_num': 107, 'train_rates': 0.8180320660261894, 'learning_rate': 0.00032356047361287133, 'batch_size': 124, 'step_size': 10, 'gamma': 0.9806209448477745}. Best is trial 13 with value: 0.04822660924312268.[0m
[32m[I 2025-02-03 09:23:58,259][0m Trial 22 finished with value: 0.03674767935854457 and parameters: {'observation_period_num': 67, 'train_rates': 0.8653125838539634, 'learning_rate': 0.0003896857198555795, 'batch_size': 165, 'step_size': 9, 'gamma': 0.9810614792756207}. Best is trial 22 with value: 0.03674767935854457.[0m
[32m[I 2025-02-03 09:24:33,366][0m Trial 23 finished with value: 0.05048580606578279 and parameters: {'observation_period_num': 111, 'train_rates': 0.8602624446022441, 'learning_rate': 0.00028498188438162687, 'batch_size': 166, 'step_size': 9, 'gamma': 0.9888881414077101}. Best is trial 22 with value: 0.03674767935854457.[0m
[32m[I 2025-02-03 09:25:13,813][0m Trial 24 finished with value: 0.04349421709775925 and parameters: {'observation_period_num': 64, 'train_rates': 0.9435527007434015, 'learning_rate': 0.0004524479221800052, 'batch_size': 160, 'step_size': 5, 'gamma': 0.9858332572602728}. Best is trial 22 with value: 0.03674767935854457.[0m
[32m[I 2025-02-03 09:25:52,081][0m Trial 25 finished with value: 0.04408457336704368 and parameters: {'observation_period_num': 68, 'train_rates': 0.9364048281211352, 'learning_rate': 0.0005367967838418284, 'batch_size': 162, 'step_size': 4, 'gamma': 0.9550633707176297}. Best is trial 22 with value: 0.03674767935854457.[0m
[32m[I 2025-02-03 09:26:32,192][0m Trial 26 finished with value: 0.04187955246989135 and parameters: {'observation_period_num': 68, 'train_rates': 0.9455745885612978, 'learning_rate': 0.000539824488042596, 'batch_size': 154, 'step_size': 3, 'gamma': 0.9564385110255278}. Best is trial 22 with value: 0.03674767935854457.[0m
[32m[I 2025-02-03 09:27:12,127][0m Trial 27 finished with value: 0.03522084653377533 and parameters: {'observation_period_num': 27, 'train_rates': 0.9535194279424639, 'learning_rate': 0.0008495570730561163, 'batch_size': 157, 'step_size': 1, 'gamma': 0.9699162906046136}. Best is trial 27 with value: 0.03522084653377533.[0m
[32m[I 2025-02-03 09:27:39,694][0m Trial 28 finished with value: 0.03698085051932209 and parameters: {'observation_period_num': 29, 'train_rates': 0.8573861289699212, 'learning_rate': 0.0008653924770329286, 'batch_size': 209, 'step_size': 1, 'gamma': 0.9615645895278926}. Best is trial 27 with value: 0.03522084653377533.[0m
[32m[I 2025-02-03 09:28:07,643][0m Trial 29 finished with value: 0.04161565780224767 and parameters: {'observation_period_num': 25, 'train_rates': 0.8529592425957456, 'learning_rate': 0.0009470548511566315, 'batch_size': 217, 'step_size': 1, 'gamma': 0.9120383378029324}. Best is trial 27 with value: 0.03522084653377533.[0m
[32m[I 2025-02-03 09:28:35,101][0m Trial 30 finished with value: 0.02882187705075323 and parameters: {'observation_period_num': 6, 'train_rates': 0.8741768762356196, 'learning_rate': 0.0009840876918124912, 'batch_size': 232, 'step_size': 2, 'gamma': 0.9717662628121764}. Best is trial 30 with value: 0.02882187705075323.[0m
[32m[I 2025-02-03 09:29:02,923][0m Trial 31 finished with value: 0.030793168451837313 and parameters: {'observation_period_num': 7, 'train_rates': 0.8737811092935419, 'learning_rate': 0.0009666402779694803, 'batch_size': 232, 'step_size': 2, 'gamma': 0.9662992674336182}. Best is trial 30 with value: 0.02882187705075323.[0m
[32m[I 2025-02-03 09:29:26,940][0m Trial 32 finished with value: 0.03566691553744885 and parameters: {'observation_period_num': 5, 'train_rates': 0.7940762257755714, 'learning_rate': 0.000459329026585581, 'batch_size': 245, 'step_size': 2, 'gamma': 0.9776434383721583}. Best is trial 30 with value: 0.02882187705075323.[0m
[32m[I 2025-02-03 09:29:51,638][0m Trial 33 finished with value: 0.03602567757114908 and parameters: {'observation_period_num': 8, 'train_rates': 0.7835441301453233, 'learning_rate': 0.0006098853997211866, 'batch_size': 237, 'step_size': 2, 'gamma': 0.9458233102252289}. Best is trial 30 with value: 0.02882187705075323.[0m
[32m[I 2025-02-03 09:30:16,049][0m Trial 34 finished with value: 0.04312909826944778 and parameters: {'observation_period_num': 5, 'train_rates': 0.7869748145962342, 'learning_rate': 0.00020308521176482511, 'batch_size': 235, 'step_size': 2, 'gamma': 0.9736125425747921}. Best is trial 30 with value: 0.02882187705075323.[0m
[32m[I 2025-02-03 09:30:44,197][0m Trial 35 finished with value: 0.04185963422060013 and parameters: {'observation_period_num': 39, 'train_rates': 0.9664663358451777, 'learning_rate': 0.0007134852233468847, 'batch_size': 254, 'step_size': 3, 'gamma': 0.9403924990851198}. Best is trial 30 with value: 0.02882187705075323.[0m
[32m[I 2025-02-03 09:31:11,025][0m Trial 36 finished with value: 0.05425386617904768 and parameters: {'observation_period_num': 20, 'train_rates': 0.8326285249107981, 'learning_rate': 0.0003717202470120555, 'batch_size': 233, 'step_size': 2, 'gamma': 0.9696694738351066}. Best is trial 30 with value: 0.02882187705075323.[0m
[32m[I 2025-02-03 09:31:41,711][0m Trial 37 finished with value: 0.03082158961998565 and parameters: {'observation_period_num': 38, 'train_rates': 0.8849919859493909, 'learning_rate': 0.0009432681909912204, 'batch_size': 202, 'step_size': 4, 'gamma': 0.9227885460790146}. Best is trial 30 with value: 0.02882187705075323.[0m
[32m[I 2025-02-03 09:32:12,261][0m Trial 38 finished with value: 0.03435458264059641 and parameters: {'observation_period_num': 35, 'train_rates': 0.8796073659756646, 'learning_rate': 0.0007442532973882396, 'batch_size': 200, 'step_size': 4, 'gamma': 0.9195129097030962}. Best is trial 30 with value: 0.02882187705075323.[0m
[32m[I 2025-02-03 09:32:42,351][0m Trial 39 finished with value: 0.041467194719349634 and parameters: {'observation_period_num': 38, 'train_rates': 0.8836081595910816, 'learning_rate': 0.0001956669763071439, 'batch_size': 205, 'step_size': 6, 'gamma': 0.9162482712774708}. Best is trial 30 with value: 0.02882187705075323.[0m
[32m[I 2025-02-03 09:33:14,746][0m Trial 40 finished with value: 0.02926577115033427 and parameters: {'observation_period_num': 18, 'train_rates': 0.9204811517845469, 'learning_rate': 0.0009881665572323201, 'batch_size': 200, 'step_size': 4, 'gamma': 0.925542490874185}. Best is trial 30 with value: 0.02882187705075323.[0m
[32m[I 2025-02-03 09:33:49,069][0m Trial 41 finished with value: 0.034125233201551634 and parameters: {'observation_period_num': 19, 'train_rates': 0.9185964201852785, 'learning_rate': 0.0006632076053624464, 'batch_size': 181, 'step_size': 4, 'gamma': 0.9279631024044394}. Best is trial 30 with value: 0.02882187705075323.[0m
[32m[I 2025-02-03 09:34:23,167][0m Trial 42 finished with value: 0.03128419112513274 and parameters: {'observation_period_num': 18, 'train_rates': 0.910462751562309, 'learning_rate': 0.0005324122837323161, 'batch_size': 179, 'step_size': 6, 'gamma': 0.9038248513464393}. Best is trial 30 with value: 0.02882187705075323.[0m
[32m[I 2025-02-03 09:34:50,790][0m Trial 43 finished with value: 0.04256367627927597 and parameters: {'observation_period_num': 16, 'train_rates': 0.9201653473976726, 'learning_rate': 0.0009353882033269513, 'batch_size': 225, 'step_size': 6, 'gamma': 0.9372473137097541}. Best is trial 30 with value: 0.02882187705075323.[0m
[32m[I 2025-02-03 09:35:23,395][0m Trial 44 finished with value: 0.037780921093019774 and parameters: {'observation_period_num': 40, 'train_rates': 0.8349757607664898, 'learning_rate': 0.0004813487186754907, 'batch_size': 178, 'step_size': 3, 'gamma': 0.8984726466698421}. Best is trial 30 with value: 0.02882187705075323.[0m
[32m[I 2025-02-03 09:35:57,873][0m Trial 45 finished with value: 0.043073881417512894 and parameters: {'observation_period_num': 14, 'train_rates': 0.9684977475108735, 'learning_rate': 0.0003402896864966732, 'batch_size': 196, 'step_size': 6, 'gamma': 0.9038974001174904}. Best is trial 30 with value: 0.02882187705075323.[0m
[32m[I 2025-02-03 09:36:25,849][0m Trial 46 finished with value: 0.44455709887298556 and parameters: {'observation_period_num': 47, 'train_rates': 0.901422814779801, 'learning_rate': 2.2501809540192728e-06, 'batch_size': 228, 'step_size': 7, 'gamma': 0.8909281656636169}. Best is trial 30 with value: 0.02882187705075323.[0m
[32m[I 2025-02-03 09:37:10,250][0m Trial 47 finished with value: 0.15439004437731846 and parameters: {'observation_period_num': 27, 'train_rates': 0.9237236235231698, 'learning_rate': 5.245887533241539e-06, 'batch_size': 138, 'step_size': 5, 'gamma': 0.9468292529764071}. Best is trial 30 with value: 0.02882187705075323.[0m
[32m[I 2025-02-03 09:37:33,876][0m Trial 48 finished with value: 0.06265099674111622 and parameters: {'observation_period_num': 201, 'train_rates': 0.8768935895044676, 'learning_rate': 0.0005791848253151112, 'batch_size': 244, 'step_size': 4, 'gamma': 0.8762815329716109}. Best is trial 30 with value: 0.02882187705075323.[0m
[32m[I 2025-02-03 09:38:09,266][0m Trial 49 finished with value: 0.046750543601050666 and parameters: {'observation_period_num': 16, 'train_rates': 0.9001655547659458, 'learning_rate': 0.00012971938899297182, 'batch_size': 176, 'step_size': 3, 'gamma': 0.9327912347281584}. Best is trial 30 with value: 0.02882187705075323.[0m
trend „ÅÆÊúÄÈÅ©„Éè„Ç§„Éë„Éº„Éë„É©„É°„Éº„Çø„ÅåË¶ã„Å§„Åã„Çä„Åæ„Åó„Åü
ÊúÄÈÅ©ÂåñÂØæË±°: seasonal_0
[32m[I 2025-02-03 09:38:09,277][0m A new study created in memory with name: no-name-1685804d-3cae-4e8a-9a46-5ce6c701529a[0m
[32m[I 2025-02-03 09:39:05,900][0m Trial 0 finished with value: 0.4963932221608538 and parameters: {'observation_period_num': 146, 'train_rates': 0.7423482461051828, 'learning_rate': 3.063123971120171e-06, 'batch_size': 90, 'step_size': 7, 'gamma': 0.7580379607440643}. Best is trial 0 with value: 0.4963932221608538.[0m
[32m[I 2025-02-03 09:39:56,349][0m Trial 1 finished with value: 0.08402178378185768 and parameters: {'observation_period_num': 60, 'train_rates': 0.8058995377870948, 'learning_rate': 1.158561846669136e-05, 'batch_size': 110, 'step_size': 14, 'gamma': 0.9233941011640007}. Best is trial 1 with value: 0.08402178378185768.[0m
[32m[I 2025-02-03 09:40:22,790][0m Trial 2 finished with value: 0.053914811462163925 and parameters: {'observation_period_num': 53, 'train_rates': 0.9228335978789989, 'learning_rate': 0.00014314558092032995, 'batch_size': 248, 'step_size': 4, 'gamma': 0.9691044077932631}. Best is trial 2 with value: 0.053914811462163925.[0m
[32m[I 2025-02-03 09:40:54,824][0m Trial 3 finished with value: 0.0881724206944554 and parameters: {'observation_period_num': 158, 'train_rates': 0.7413112350759934, 'learning_rate': 4.776425353791e-05, 'batch_size': 170, 'step_size': 13, 'gamma': 0.9577758239082174}. Best is trial 2 with value: 0.053914811462163925.[0m
[32m[I 2025-02-03 09:41:20,838][0m Trial 4 finished with value: 0.5902790151793381 and parameters: {'observation_period_num': 102, 'train_rates': 0.8474208949098866, 'learning_rate': 1.024140248770308e-06, 'batch_size': 237, 'step_size': 13, 'gamma': 0.8355824480993138}. Best is trial 2 with value: 0.053914811462163925.[0m
[32m[I 2025-02-03 09:44:15,151][0m Trial 5 finished with value: 0.26131719462974096 and parameters: {'observation_period_num': 131, 'train_rates': 0.7692514605089733, 'learning_rate': 1.0313814769998207e-06, 'batch_size': 28, 'step_size': 12, 'gamma': 0.9003222282788728}. Best is trial 2 with value: 0.053914811462163925.[0m
Early stopping at epoch 80
[32m[I 2025-02-03 09:44:37,913][0m Trial 6 finished with value: 1.1640092134475708 and parameters: {'observation_period_num': 28, 'train_rates': 0.9657545009805668, 'learning_rate': 2.6198813711572305e-06, 'batch_size': 256, 'step_size': 2, 'gamma': 0.7696092949454388}. Best is trial 2 with value: 0.053914811462163925.[0m
[32m[I 2025-02-03 09:45:35,362][0m Trial 7 finished with value: 0.03744357989894019 and parameters: {'observation_period_num': 54, 'train_rates': 0.9224094957476914, 'learning_rate': 0.0008904475090062594, 'batch_size': 103, 'step_size': 3, 'gamma': 0.8995451662801717}. Best is trial 7 with value: 0.03744357989894019.[0m
[32m[I 2025-02-03 09:47:38,797][0m Trial 8 finished with value: 0.29272723530667466 and parameters: {'observation_period_num': 189, 'train_rates': 0.6240550954376729, 'learning_rate': 3.3508878141692063e-06, 'batch_size': 34, 'step_size': 14, 'gamma': 0.8819651621836925}. Best is trial 7 with value: 0.03744357989894019.[0m
[32m[I 2025-02-03 09:48:04,451][0m Trial 9 finished with value: 0.21156752109527588 and parameters: {'observation_period_num': 223, 'train_rates': 0.9226735679539735, 'learning_rate': 1.335084035912269e-05, 'batch_size': 246, 'step_size': 8, 'gamma': 0.8455937041435854}. Best is trial 7 with value: 0.03744357989894019.[0m
Early stopping at epoch 69
[32m[I 2025-02-03 09:48:34,441][0m Trial 10 finished with value: 0.06759611517190933 and parameters: {'observation_period_num': 14, 'train_rates': 0.9852991827640097, 'learning_rate': 0.0008609309736734498, 'batch_size': 158, 'step_size': 1, 'gamma': 0.8278343352364683}. Best is trial 7 with value: 0.03744357989894019.[0m
[32m[I 2025-02-03 09:49:06,705][0m Trial 11 finished with value: 0.03462315834502676 and parameters: {'observation_period_num': 75, 'train_rates': 0.8837651056168611, 'learning_rate': 0.0007780911817275074, 'batch_size': 190, 'step_size': 4, 'gamma': 0.9608720062097857}. Best is trial 11 with value: 0.03462315834502676.[0m
[32m[I 2025-02-03 09:49:36,884][0m Trial 12 finished with value: 0.03848047420026714 and parameters: {'observation_period_num': 89, 'train_rates': 0.8759058240152321, 'learning_rate': 0.0008418413998968456, 'batch_size': 193, 'step_size': 5, 'gamma': 0.9389821273143728}. Best is trial 11 with value: 0.03462315834502676.[0m
[32m[I 2025-02-03 09:50:45,932][0m Trial 13 finished with value: 0.0673825146869207 and parameters: {'observation_period_num': 86, 'train_rates': 0.8641035349964119, 'learning_rate': 0.00028478630234519964, 'batch_size': 82, 'step_size': 4, 'gamma': 0.9897884746141207}. Best is trial 11 with value: 0.03462315834502676.[0m
[32m[I 2025-02-03 09:51:18,245][0m Trial 14 finished with value: 0.042118722137725245 and parameters: {'observation_period_num': 51, 'train_rates': 0.9264239466658091, 'learning_rate': 0.0002846735990073142, 'batch_size': 197, 'step_size': 6, 'gamma': 0.9125837377637409}. Best is trial 11 with value: 0.03462315834502676.[0m
