[32m[I 2025-02-03 09:52:03,242][0m Trial 15 finished with value: 0.04649488808490215 and parameters: {'observation_period_num': 5, 'train_rates': 0.8110283358482451, 'learning_rate': 5.9158128078567166e-05, 'batch_size': 131, 'step_size': 10, 'gamma': 0.8669649520262706}. Best is trial 11 with value: 0.03462315834502676.[0m
[32m[I 2025-02-03 09:53:18,389][0m Trial 16 finished with value: 0.08827454572021075 and parameters: {'observation_period_num': 107, 'train_rates': 0.6453756381721422, 'learning_rate': 0.000358850128427046, 'batch_size': 61, 'step_size': 3, 'gamma': 0.9414393382600568}. Best is trial 11 with value: 0.03462315834502676.[0m
[32m[I 2025-02-03 09:54:04,130][0m Trial 17 finished with value: 0.046027424309390164 and parameters: {'observation_period_num': 74, 'train_rates': 0.8969208776310984, 'learning_rate': 0.0001287736927871534, 'batch_size': 134, 'step_size': 1, 'gamma': 0.9829330145764411}. Best is trial 11 with value: 0.03462315834502676.[0m
[32m[I 2025-02-03 09:54:32,701][0m Trial 18 finished with value: 0.037502849058851664 and parameters: {'observation_period_num': 37, 'train_rates': 0.8402751548664417, 'learning_rate': 0.00053278042379794, 'batch_size': 209, 'step_size': 9, 'gamma': 0.8019996635044595}. Best is trial 11 with value: 0.03462315834502676.[0m
[32m[I 2025-02-03 09:55:10,655][0m Trial 19 finished with value: 0.079523004591465 and parameters: {'observation_period_num': 246, 'train_rates': 0.9541444342805516, 'learning_rate': 0.00013504694262433405, 'batch_size': 157, 'step_size': 6, 'gamma': 0.8886966651696447}. Best is trial 11 with value: 0.03462315834502676.[0m
[32m[I 2025-02-03 09:56:03,957][0m Trial 20 finished with value: 0.1136995407949834 and parameters: {'observation_period_num': 111, 'train_rates': 0.9036779667355617, 'learning_rate': 2.103292020051991e-05, 'batch_size': 111, 'step_size': 3, 'gamma': 0.9321780866158302}. Best is trial 11 with value: 0.03462315834502676.[0m
[32m[I 2025-02-03 09:56:32,427][0m Trial 21 finished with value: 0.035567109720901616 and parameters: {'observation_period_num': 36, 'train_rates': 0.8299916380287703, 'learning_rate': 0.0005287688819593242, 'batch_size': 213, 'step_size': 10, 'gamma': 0.7957135415194384}. Best is trial 11 with value: 0.03462315834502676.[0m
[32m[I 2025-02-03 09:57:05,408][0m Trial 22 finished with value: 0.031640572705783576 and parameters: {'observation_period_num': 33, 'train_rates': 0.824282767891123, 'learning_rate': 0.0009792570248455216, 'batch_size': 179, 'step_size': 11, 'gamma': 0.7948027125184078}. Best is trial 22 with value: 0.031640572705783576.[0m
[32m[I 2025-02-03 09:57:30,434][0m Trial 23 finished with value: 0.03711489538381509 and parameters: {'observation_period_num': 27, 'train_rates': 0.7153742102079147, 'learning_rate': 0.0004753815475666139, 'batch_size': 223, 'step_size': 11, 'gamma': 0.7875850671851793}. Best is trial 22 with value: 0.031640572705783576.[0m
[32m[I 2025-02-03 09:58:03,561][0m Trial 24 finished with value: 0.04160476028622974 and parameters: {'observation_period_num': 72, 'train_rates': 0.8253160230241595, 'learning_rate': 0.00021414968428231615, 'batch_size': 178, 'step_size': 10, 'gamma': 0.8131818755173019}. Best is trial 22 with value: 0.031640572705783576.[0m
[32m[I 2025-02-03 09:58:30,075][0m Trial 25 finished with value: 0.043950068283509586 and parameters: {'observation_period_num': 37, 'train_rates': 0.7901154603512536, 'learning_rate': 0.0005695916065418978, 'batch_size': 218, 'step_size': 8, 'gamma': 0.855522408623377}. Best is trial 22 with value: 0.031640572705783576.[0m
[32m[I 2025-02-03 09:59:05,527][0m Trial 26 finished with value: 0.05197719128235527 and parameters: {'observation_period_num': 5, 'train_rates': 0.8754132105428669, 'learning_rate': 7.83279820314252e-05, 'batch_size': 183, 'step_size': 11, 'gamma': 0.782974955328696}. Best is trial 22 with value: 0.031640572705783576.[0m
[32m[I 2025-02-03 09:59:41,696][0m Trial 27 finished with value: 0.03987871463741026 and parameters: {'observation_period_num': 73, 'train_rates': 0.7848916076612159, 'learning_rate': 0.0009959951296926077, 'batch_size': 153, 'step_size': 15, 'gamma': 0.8178970798505738}. Best is trial 22 with value: 0.031640572705783576.[0m
[32m[I 2025-02-03 10:00:07,216][0m Trial 28 finished with value: 0.04414563712108644 and parameters: {'observation_period_num': 25, 'train_rates': 0.671779665634806, 'learning_rate': 0.00020706093637782693, 'batch_size': 200, 'step_size': 9, 'gamma': 0.752158485417434}. Best is trial 22 with value: 0.031640572705783576.[0m
[32m[I 2025-02-03 10:00:31,488][0m Trial 29 finished with value: 0.05546270291882939 and parameters: {'observation_period_num': 120, 'train_rates': 0.7508260752584424, 'learning_rate': 0.0004873829132039431, 'batch_size': 214, 'step_size': 7, 'gamma': 0.7963321398068911}. Best is trial 22 with value: 0.031640572705783576.[0m
[32m[I 2025-02-03 10:00:56,486][0m Trial 30 finished with value: 0.10112633871594223 and parameters: {'observation_period_num': 133, 'train_rates': 0.7151867310143807, 'learning_rate': 9.900724484381594e-05, 'batch_size': 223, 'step_size': 11, 'gamma': 0.770723052362972}. Best is trial 22 with value: 0.031640572705783576.[0m
[32m[I 2025-02-03 10:01:23,264][0m Trial 31 finished with value: 0.039136151661349754 and parameters: {'observation_period_num': 41, 'train_rates': 0.8372840984990194, 'learning_rate': 0.00046312428228223023, 'batch_size': 230, 'step_size': 11, 'gamma': 0.7882984956589613}. Best is trial 22 with value: 0.031640572705783576.[0m
[32m[I 2025-02-03 10:01:53,077][0m Trial 32 finished with value: 0.03424810197844497 and parameters: {'observation_period_num': 21, 'train_rates': 0.7143073399737366, 'learning_rate': 0.0006783029872709615, 'batch_size': 187, 'step_size': 12, 'gamma': 0.7651473797299045}. Best is trial 22 with value: 0.031640572705783576.[0m
[32m[I 2025-02-03 10:02:20,548][0m Trial 33 finished with value: 0.04496183781678566 and parameters: {'observation_period_num': 63, 'train_rates': 0.6869807790385525, 'learning_rate': 0.0006622782129460507, 'batch_size': 183, 'step_size': 12, 'gamma': 0.7664946670026151}. Best is trial 22 with value: 0.031640572705783576.[0m
[32m[I 2025-02-03 10:02:55,858][0m Trial 34 finished with value: 0.04136276902110223 and parameters: {'observation_period_num': 42, 'train_rates': 0.8168518355449463, 'learning_rate': 0.00021806099956522896, 'batch_size': 166, 'step_size': 9, 'gamma': 0.75204021893214}. Best is trial 22 with value: 0.031640572705783576.[0m
[32m[I 2025-02-03 10:03:33,987][0m Trial 35 finished with value: 0.058429665199946614 and parameters: {'observation_period_num': 163, 'train_rates': 0.7706568369689517, 'learning_rate': 0.0003523391692604874, 'batch_size': 143, 'step_size': 13, 'gamma': 0.8063489390101695}. Best is trial 22 with value: 0.031640572705783576.[0m
[32m[I 2025-02-03 10:04:04,471][0m Trial 36 finished with value: 0.05548219941556454 and parameters: {'observation_period_num': 18, 'train_rates': 0.8595547707018943, 'learning_rate': 3.761256807204875e-05, 'batch_size': 206, 'step_size': 12, 'gamma': 0.8249814330190187}. Best is trial 22 with value: 0.031640572705783576.[0m
[32m[I 2025-02-03 10:04:36,386][0m Trial 37 finished with value: 0.09037339566337982 and parameters: {'observation_period_num': 86, 'train_rates': 0.7400311193956917, 'learning_rate': 0.00035763565317414463, 'batch_size': 172, 'step_size': 10, 'gamma': 0.9612634051098798}. Best is trial 22 with value: 0.031640572705783576.[0m
[32m[I 2025-02-03 10:05:08,069][0m Trial 38 finished with value: 0.037195610447108535 and parameters: {'observation_period_num': 59, 'train_rates': 0.8016205761636752, 'learning_rate': 0.0006875578313628804, 'batch_size': 191, 'step_size': 14, 'gamma': 0.7806576451696388}. Best is trial 22 with value: 0.031640572705783576.[0m
[32m[I 2025-02-03 10:05:32,376][0m Trial 39 finished with value: 0.3700747608611014 and parameters: {'observation_period_num': 51, 'train_rates': 0.7663251495748261, 'learning_rate': 5.64174898396867e-06, 'batch_size': 243, 'step_size': 8, 'gamma': 0.8431299653625411}. Best is trial 22 with value: 0.031640572705783576.[0m
[32m[I 2025-02-03 10:05:53,819][0m Trial 40 finished with value: 0.045505713324608475 and parameters: {'observation_period_num': 16, 'train_rates': 0.6048335509766141, 'learning_rate': 0.0009869472545741532, 'batch_size': 234, 'step_size': 13, 'gamma': 0.7664866915789461}. Best is trial 22 with value: 0.031640572705783576.[0m
[32m[I 2025-02-03 10:06:19,111][0m Trial 41 finished with value: 0.03905898793034743 and parameters: {'observation_period_num': 29, 'train_rates': 0.7073401372497333, 'learning_rate': 0.000460281112142649, 'batch_size': 218, 'step_size': 11, 'gamma': 0.7964921633278066}. Best is trial 22 with value: 0.031640572705783576.[0m
[32m[I 2025-02-03 10:06:44,339][0m Trial 42 finished with value: 0.03695914491292942 and parameters: {'observation_period_num': 26, 'train_rates': 0.7165027407994907, 'learning_rate': 0.0005398929611550799, 'batch_size': 229, 'step_size': 12, 'gamma': 0.7780144556939531}. Best is trial 22 with value: 0.031640572705783576.[0m
[32m[I 2025-02-03 10:07:14,078][0m Trial 43 finished with value: 0.04020240836036511 and parameters: {'observation_period_num': 43, 'train_rates': 0.7319101221552888, 'learning_rate': 0.0007075198759711826, 'batch_size': 190, 'step_size': 12, 'gamma': 0.7753509774021573}. Best is trial 22 with value: 0.031640572705783576.[0m
[32m[I 2025-02-03 10:07:39,938][0m Trial 44 finished with value: 0.048847407316990034 and parameters: {'observation_period_num': 19, 'train_rates': 0.6684276257351423, 'learning_rate': 0.00017932626781161964, 'batch_size': 202, 'step_size': 13, 'gamma': 0.7621065209132895}. Best is trial 22 with value: 0.031640572705783576.[0m
[32m[I 2025-02-03 10:08:04,147][0m Trial 45 finished with value: 0.03892283910163888 and parameters: {'observation_period_num': 63, 'train_rates': 0.8463495087376222, 'learning_rate': 0.00028588936326370205, 'batch_size': 254, 'step_size': 14, 'gamma': 0.8078587339723452}. Best is trial 22 with value: 0.031640572705783576.[0m
[32m[I 2025-02-03 10:08:40,248][0m Trial 46 finished with value: 0.0339299239218235 and parameters: {'observation_period_num': 31, 'train_rates': 0.8975828496135734, 'learning_rate': 0.0007197011883483586, 'batch_size': 168, 'step_size': 10, 'gamma': 0.7904532937247533}. Best is trial 22 with value: 0.031640572705783576.[0m
[32m[I 2025-02-03 10:09:17,710][0m Trial 47 finished with value: 0.04125258137364625 and parameters: {'observation_period_num': 47, 'train_rates': 0.8896443678790575, 'learning_rate': 0.000793523019956075, 'batch_size': 166, 'step_size': 10, 'gamma': 0.8653681985110391}. Best is trial 22 with value: 0.031640572705783576.[0m
[32m[I 2025-02-03 10:10:08,248][0m Trial 48 finished with value: 0.05136618891983857 and parameters: {'observation_period_num': 97, 'train_rates': 0.9433037743863019, 'learning_rate': 0.00035597029464621346, 'batch_size': 122, 'step_size': 7, 'gamma': 0.8281810706304782}. Best is trial 22 with value: 0.031640572705783576.[0m
[32m[I 2025-02-03 10:10:42,396][0m Trial 49 finished with value: 0.043122175631338154 and parameters: {'observation_period_num': 5, 'train_rates': 0.8821917346153112, 'learning_rate': 0.0007203678754696809, 'batch_size': 177, 'step_size': 9, 'gamma': 0.8816849381504176}. Best is trial 22 with value: 0.031640572705783576.[0m
seasonal_0 „ÅÆÊúÄÈÅ©„Éè„Ç§„Éë„Éº„Éë„É©„É°„Éº„Çø„ÅåË¶ã„Å§„Åã„Çä„Åæ„Åó„Åü
ÊúÄÈÅ©ÂåñÂØæË±°: seasonal_1
[32m[I 2025-02-03 10:10:42,407][0m A new study created in memory with name: no-name-8b120190-f0ce-4ff5-aecf-47367e696d04[0m
[32m[I 2025-02-03 10:14:04,964][0m Trial 0 finished with value: 0.07260399022866992 and parameters: {'observation_period_num': 108, 'train_rates': 0.8073015735777203, 'learning_rate': 0.0002601628928637455, 'batch_size': 25, 'step_size': 9, 'gamma': 0.9310683716377086}. Best is trial 0 with value: 0.07260399022866992.[0m
[32m[I 2025-02-03 10:18:41,514][0m Trial 1 finished with value: 0.1407112863708715 and parameters: {'observation_period_num': 223, 'train_rates': 0.8884610663633821, 'learning_rate': 4.6718935115131325e-06, 'batch_size': 19, 'step_size': 4, 'gamma': 0.9321297919149714}. Best is trial 0 with value: 0.07260399022866992.[0m
[32m[I 2025-02-03 10:20:34,129][0m Trial 2 finished with value: 0.1063523293401848 and parameters: {'observation_period_num': 90, 'train_rates': 0.6974736319518946, 'learning_rate': 1.7593796177090496e-05, 'batch_size': 42, 'step_size': 7, 'gamma': 0.8480521697746434}. Best is trial 0 with value: 0.07260399022866992.[0m
[32m[I 2025-02-03 10:21:09,470][0m Trial 3 finished with value: 0.41251084794248394 and parameters: {'observation_period_num': 107, 'train_rates': 0.6333690189149987, 'learning_rate': 1.5628210049906976e-06, 'batch_size': 132, 'step_size': 14, 'gamma': 0.9476514946549018}. Best is trial 0 with value: 0.07260399022866992.[0m
[32m[I 2025-02-03 10:23:11,498][0m Trial 4 finished with value: 0.0692195574203545 and parameters: {'observation_period_num': 177, 'train_rates': 0.8278155408766784, 'learning_rate': 0.0008658934881137087, 'batch_size': 42, 'step_size': 15, 'gamma': 0.9207775285768252}. Best is trial 4 with value: 0.0692195574203545.[0m
[32m[I 2025-02-03 10:23:54,629][0m Trial 5 finished with value: 0.23246858290091219 and parameters: {'observation_period_num': 248, 'train_rates': 0.7261098932573427, 'learning_rate': 2.9488224316992577e-06, 'batch_size': 115, 'step_size': 11, 'gamma': 0.9883136768113729}. Best is trial 4 with value: 0.0692195574203545.[0m
[32m[I 2025-02-03 10:26:41,804][0m Trial 6 finished with value: 0.07572083042587265 and parameters: {'observation_period_num': 169, 'train_rates': 0.9577176422992622, 'learning_rate': 2.298601312021259e-05, 'batch_size': 34, 'step_size': 8, 'gamma': 0.8396386123267214}. Best is trial 4 with value: 0.0692195574203545.[0m
[32m[I 2025-02-03 10:27:11,309][0m Trial 7 finished with value: 0.11476979836439476 and parameters: {'observation_period_num': 228, 'train_rates': 0.7139013000405162, 'learning_rate': 0.00012692310545018665, 'batch_size': 176, 'step_size': 11, 'gamma': 0.7881078163792542}. Best is trial 4 with value: 0.0692195574203545.[0m
[32m[I 2025-02-03 10:28:11,825][0m Trial 8 finished with value: 0.06944198403333392 and parameters: {'observation_period_num': 110, 'train_rates': 0.7743030837293325, 'learning_rate': 8.80748106639492e-05, 'batch_size': 85, 'step_size': 15, 'gamma': 0.8758758950839255}. Best is trial 4 with value: 0.0692195574203545.[0m
[32m[I 2025-02-03 10:29:03,629][0m Trial 9 finished with value: 0.10515255154294764 and parameters: {'observation_period_num': 84, 'train_rates': 0.7393497401191242, 'learning_rate': 5.025215144953588e-05, 'batch_size': 100, 'step_size': 6, 'gamma': 0.7828476952781442}. Best is trial 4 with value: 0.0692195574203545.[0m
[32m[I 2025-02-03 10:29:28,612][0m Trial 10 finished with value: 0.044648259143594285 and parameters: {'observation_period_num': 14, 'train_rates': 0.8551607398343045, 'learning_rate': 0.0005591613832731621, 'batch_size': 255, 'step_size': 2, 'gamma': 0.8940723215177874}. Best is trial 10 with value: 0.044648259143594285.[0m
[32m[I 2025-02-03 10:29:54,845][0m Trial 11 finished with value: 0.05196826056688252 and parameters: {'observation_period_num': 15, 'train_rates': 0.868662255226829, 'learning_rate': 0.0009637104558474918, 'batch_size': 241, 'step_size': 1, 'gamma': 0.8861259221010226}. Best is trial 10 with value: 0.044648259143594285.[0m
[32m[I 2025-02-03 10:30:21,169][0m Trial 12 finished with value: 0.05579842034388672 and parameters: {'observation_period_num': 8, 'train_rates': 0.9103176263189793, 'learning_rate': 0.0008680439400568347, 'batch_size': 249, 'step_size': 1, 'gamma': 0.8868207316025718}. Best is trial 10 with value: 0.044648259143594285.[0m
Early stopping at epoch 63
[32m[I 2025-02-03 10:30:38,255][0m Trial 13 finished with value: 0.07491795597119634 and parameters: {'observation_period_num': 5, 'train_rates': 0.8878773879063978, 'learning_rate': 0.0002972974481506871, 'batch_size': 243, 'step_size': 1, 'gamma': 0.815376540793816}. Best is trial 10 with value: 0.044648259143594285.[0m
[32m[I 2025-02-03 10:31:11,786][0m Trial 14 finished with value: 0.04777343571186066 and parameters: {'observation_period_num': 53, 'train_rates': 0.978175976515019, 'learning_rate': 0.0003771501933662357, 'batch_size': 197, 'step_size': 3, 'gamma': 0.8971902999314246}. Best is trial 10 with value: 0.044648259143594285.[0m
[32m[I 2025-02-03 10:31:45,636][0m Trial 15 finished with value: 0.04487941786646843 and parameters: {'observation_period_num': 49, 'train_rates': 0.9756675414029963, 'learning_rate': 0.0002923511370437708, 'batch_size': 193, 'step_size': 4, 'gamma': 0.9029168466812004}. Best is trial 10 with value: 0.044648259143594285.[0m
[32m[I 2025-02-03 10:32:17,096][0m Trial 16 finished with value: 0.04153785854578018 and parameters: {'observation_period_num': 48, 'train_rates': 0.9366879176298828, 'learning_rate': 0.00014926542496348374, 'batch_size': 195, 'step_size': 4, 'gamma': 0.955929533393726}. Best is trial 16 with value: 0.04153785854578018.[0m
[32m[I 2025-02-03 10:32:46,899][0m Trial 17 finished with value: 0.04920152169630824 and parameters: {'observation_period_num': 47, 'train_rates': 0.9252886050256667, 'learning_rate': 8.395844087876658e-05, 'batch_size': 215, 'step_size': 5, 'gamma': 0.9658017152488625}. Best is trial 16 with value: 0.04153785854578018.[0m
[32m[I 2025-02-03 10:33:23,818][0m Trial 18 finished with value: 0.09167175423232697 and parameters: {'observation_period_num': 39, 'train_rates': 0.8417959213118805, 'learning_rate': 1.0621096384129163e-05, 'batch_size': 158, 'step_size': 3, 'gamma': 0.9846350321775915}. Best is trial 16 with value: 0.04153785854578018.[0m
[32m[I 2025-02-03 10:33:53,296][0m Trial 19 finished with value: 0.050415389239788055 and parameters: {'observation_period_num': 73, 'train_rates': 0.9346611852924848, 'learning_rate': 0.00014574801223470553, 'batch_size': 223, 'step_size': 2, 'gamma': 0.9567549565046493}. Best is trial 16 with value: 0.04153785854578018.[0m
[32m[I 2025-02-03 10:34:30,195][0m Trial 20 finished with value: 0.11578517899231275 and parameters: {'observation_period_num': 142, 'train_rates': 0.8481632926273103, 'learning_rate': 4.565515899587975e-05, 'batch_size': 158, 'step_size': 6, 'gamma': 0.7522942091832457}. Best is trial 16 with value: 0.04153785854578018.[0m
[32m[I 2025-02-03 10:35:03,635][0m Trial 21 finished with value: 0.04389744624495506 and parameters: {'observation_period_num': 30, 'train_rates': 0.9769297437307735, 'learning_rate': 0.0003875461627830038, 'batch_size': 192, 'step_size': 4, 'gamma': 0.9054600414786798}. Best is trial 16 with value: 0.04153785854578018.[0m
[32m[I 2025-02-03 10:35:35,785][0m Trial 22 finished with value: 0.03947560489177704 and parameters: {'observation_period_num': 33, 'train_rates': 0.9422341982493485, 'learning_rate': 0.0005162047323975956, 'batch_size': 211, 'step_size': 3, 'gamma': 0.9132535486672471}. Best is trial 22 with value: 0.03947560489177704.[0m
[32m[I 2025-02-03 10:36:07,203][0m Trial 23 finished with value: 0.043108973652124405 and parameters: {'observation_period_num': 36, 'train_rates': 0.941418006576428, 'learning_rate': 0.00017416626547198263, 'batch_size': 211, 'step_size': 5, 'gamma': 0.9168856652534132}. Best is trial 22 with value: 0.03947560489177704.[0m
[32m[I 2025-02-03 10:36:37,185][0m Trial 24 finished with value: 0.046678800135850906 and parameters: {'observation_period_num': 64, 'train_rates': 0.9409405039909585, 'learning_rate': 0.00017110641756173955, 'batch_size': 218, 'step_size': 6, 'gamma': 0.9433743342434053}. Best is trial 22 with value: 0.03947560489177704.[0m
[32m[I 2025-02-03 10:37:15,577][0m Trial 25 finished with value: 0.04476100375466313 and parameters: {'observation_period_num': 31, 'train_rates': 0.9036172239453978, 'learning_rate': 7.398071131451805e-05, 'batch_size': 164, 'step_size': 5, 'gamma': 0.9199709004159281}. Best is trial 22 with value: 0.03947560489177704.[0m
[32m[I 2025-02-03 10:37:45,760][0m Trial 26 finished with value: 0.06547470390796661 and parameters: {'observation_period_num': 139, 'train_rates': 0.9409826762306556, 'learning_rate': 0.00015035544629577407, 'batch_size': 204, 'step_size': 8, 'gamma': 0.8519298381353276}. Best is trial 22 with value: 0.03947560489177704.[0m
[32m[I 2025-02-03 10:38:15,545][0m Trial 27 finished with value: 0.07611266523599625 and parameters: {'observation_period_num': 62, 'train_rates': 0.9862285505236551, 'learning_rate': 0.0005443048371623488, 'batch_size': 226, 'step_size': 3, 'gamma': 0.9695980009258505}. Best is trial 22 with value: 0.03947560489177704.[0m
[32m[I 2025-02-03 10:38:49,430][0m Trial 28 finished with value: 0.034821223898290156 and parameters: {'observation_period_num': 30, 'train_rates': 0.8861476894848748, 'learning_rate': 0.00020523668337382996, 'batch_size': 181, 'step_size': 7, 'gamma': 0.9200230665299881}. Best is trial 28 with value: 0.034821223898290156.[0m
[32m[I 2025-02-03 10:39:20,671][0m Trial 29 finished with value: 0.062004750509831036 and parameters: {'observation_period_num': 99, 'train_rates': 0.7842417791732892, 'learning_rate': 0.00022884065762531828, 'batch_size': 177, 'step_size': 10, 'gamma': 0.934851880720613}. Best is trial 28 with value: 0.034821223898290156.[0m
[32m[I 2025-02-03 10:39:59,491][0m Trial 30 finished with value: 0.03512988835573196 and parameters: {'observation_period_num': 72, 'train_rates': 0.8718267198025437, 'learning_rate': 0.0005245020041415996, 'batch_size': 148, 'step_size': 9, 'gamma': 0.8613116881776386}. Best is trial 28 with value: 0.034821223898290156.[0m
