[32m[I 2025-02-03 13:46:09,857][0m Trial 49 finished with value: 0.05380629375576973 and parameters: {'observation_period_num': 81, 'train_rates': 0.9594038520860895, 'learning_rate': 0.0007318644379468147, 'batch_size': 134, 'step_size': 6, 'gamma': 0.9086921425510447}. Best is trial 16 with value: 0.028719557357956147.[0m
resid „ÅÆÊúÄÈÅ©„Éè„Ç§„Éë„Éº„Éë„É©„É°„Éº„Çø„ÅåË¶ã„Å§„Åã„Çä„Åæ„Åó„Åü
ÊúÄÈÅ©„Éè„Ç§„Éë„Éº„Éë„É©„É°„Éº„Çø„Åå best_hyperparameters_BA_iTransformer.json „Å´‰øùÂ≠ò„Åï„Çå„Åæ„Åó„Åü
Training trend component with params: {'observation_period_num': 6, 'train_rates': 0.8741768762356196, 'learning_rate': 0.0009840876918124912, 'batch_size': 232, 'step_size': 2, 'gamma': 0.9717662628121764}
Epoch 1/300, trend Loss: 0.8877 | 0.1756
Epoch 2/300, trend Loss: 0.2879 | 0.1830
Epoch 3/300, trend Loss: 0.1869 | 0.1121
Epoch 4/300, trend Loss: 0.2180 | 0.1615
Epoch 5/300, trend Loss: 0.1868 | 0.0878
Epoch 6/300, trend Loss: 0.1270 | 0.0969
Epoch 7/300, trend Loss: 0.1294 | 0.0677
Epoch 8/300, trend Loss: 0.1051 | 0.0644
Epoch 9/300, trend Loss: 0.1243 | 0.1184
Epoch 10/300, trend Loss: 0.1045 | 0.0642
Epoch 11/300, trend Loss: 0.0839 | 0.0575
Epoch 12/300, trend Loss: 0.0817 | 0.0688
Epoch 13/300, trend Loss: 0.0798 | 0.0773
Epoch 14/300, trend Loss: 0.0687 | 0.0643
Epoch 15/300, trend Loss: 0.0662 | 0.0630
Epoch 16/300, trend Loss: 0.0625 | 0.0590
Epoch 17/300, trend Loss: 0.0592 | 0.0537
Epoch 18/300, trend Loss: 0.0567 | 0.0554
Epoch 19/300, trend Loss: 0.0549 | 0.0557
Epoch 20/300, trend Loss: 0.0530 | 0.0519
Epoch 21/300, trend Loss: 0.0515 | 0.0496
Epoch 22/300, trend Loss: 0.0503 | 0.0488
Epoch 23/300, trend Loss: 0.0492 | 0.0474
Epoch 24/300, trend Loss: 0.0484 | 0.0466
Epoch 25/300, trend Loss: 0.0476 | 0.0463
Epoch 26/300, trend Loss: 0.0470 | 0.0450
Epoch 27/300, trend Loss: 0.0462 | 0.0452
Epoch 28/300, trend Loss: 0.0454 | 0.0436
Epoch 29/300, trend Loss: 0.0449 | 0.0436
Epoch 30/300, trend Loss: 0.0442 | 0.0435
Epoch 31/300, trend Loss: 0.0462 | 0.0465
Epoch 32/300, trend Loss: 0.0475 | 0.0433
Epoch 33/300, trend Loss: 0.0479 | 0.0484
Epoch 34/300, trend Loss: 0.0461 | 0.0433
Epoch 35/300, trend Loss: 0.0455 | 0.0420
Epoch 36/300, trend Loss: 0.0434 | 0.0419
Epoch 37/300, trend Loss: 0.0424 | 0.0417
Epoch 38/300, trend Loss: 0.0444 | 0.0478
Epoch 39/300, trend Loss: 0.0485 | 0.0472
Epoch 40/300, trend Loss: 0.0446 | 0.0417
Epoch 41/300, trend Loss: 0.0418 | 0.0408
Epoch 42/300, trend Loss: 0.0414 | 0.0398
Epoch 43/300, trend Loss: 0.0406 | 0.0392
Epoch 44/300, trend Loss: 0.0398 | 0.0392
Epoch 45/300, trend Loss: 0.0394 | 0.0395
Epoch 46/300, trend Loss: 0.0394 | 0.0393
Epoch 47/300, trend Loss: 0.0391 | 0.0389
Epoch 48/300, trend Loss: 0.0389 | 0.0385
Epoch 49/300, trend Loss: 0.0388 | 0.0385
Epoch 50/300, trend Loss: 0.0390 | 0.0387
Epoch 51/300, trend Loss: 0.0392 | 0.0395
Epoch 52/300, trend Loss: 0.0396 | 0.0393
Epoch 53/300, trend Loss: 0.0393 | 0.0395
Epoch 54/300, trend Loss: 0.0389 | 0.0390
Epoch 55/300, trend Loss: 0.0385 | 0.0389
Epoch 56/300, trend Loss: 0.0383 | 0.0384
Epoch 57/300, trend Loss: 0.0381 | 0.0386
Epoch 58/300, trend Loss: 0.0382 | 0.0385
Epoch 59/300, trend Loss: 0.0379 | 0.0386
Epoch 60/300, trend Loss: 0.0381 | 0.0385
Epoch 61/300, trend Loss: 0.0377 | 0.0386
Epoch 62/300, trend Loss: 0.0378 | 0.0383
Epoch 63/300, trend Loss: 0.0375 | 0.0384
Epoch 64/300, trend Loss: 0.0376 | 0.0380
Epoch 65/300, trend Loss: 0.0373 | 0.0381
Epoch 66/300, trend Loss: 0.0373 | 0.0378
Epoch 67/300, trend Loss: 0.0370 | 0.0379
Epoch 68/300, trend Loss: 0.0371 | 0.0377
Epoch 69/300, trend Loss: 0.0368 | 0.0378
Epoch 70/300, trend Loss: 0.0368 | 0.0375
Epoch 71/300, trend Loss: 0.0366 | 0.0376
Epoch 72/300, trend Loss: 0.0366 | 0.0374
Epoch 73/300, trend Loss: 0.0364 | 0.0374
Epoch 74/300, trend Loss: 0.0364 | 0.0373
Epoch 75/300, trend Loss: 0.0363 | 0.0373
Epoch 76/300, trend Loss: 0.0363 | 0.0372
Epoch 77/300, trend Loss: 0.0362 | 0.0372
Epoch 78/300, trend Loss: 0.0361 | 0.0371
Epoch 79/300, trend Loss: 0.0360 | 0.0371
Epoch 80/300, trend Loss: 0.0360 | 0.0370
Epoch 81/300, trend Loss: 0.0359 | 0.0370
Epoch 82/300, trend Loss: 0.0359 | 0.0370
Epoch 83/300, trend Loss: 0.0358 | 0.0370
Epoch 84/300, trend Loss: 0.0357 | 0.0369
Epoch 85/300, trend Loss: 0.0357 | 0.0369
Epoch 86/300, trend Loss: 0.0356 | 0.0368
Epoch 87/300, trend Loss: 0.0356 | 0.0368
Epoch 88/300, trend Loss: 0.0355 | 0.0368
Epoch 89/300, trend Loss: 0.0355 | 0.0367
Epoch 90/300, trend Loss: 0.0354 | 0.0367
Epoch 91/300, trend Loss: 0.0353 | 0.0367
Epoch 92/300, trend Loss: 0.0353 | 0.0366
Epoch 93/300, trend Loss: 0.0352 | 0.0366
Epoch 94/300, trend Loss: 0.0352 | 0.0366
Epoch 95/300, trend Loss: 0.0351 | 0.0365
Epoch 96/300, trend Loss: 0.0351 | 0.0365
Epoch 97/300, trend Loss: 0.0350 | 0.0365
Epoch 98/300, trend Loss: 0.0350 | 0.0364
Epoch 99/300, trend Loss: 0.0349 | 0.0364
Epoch 100/300, trend Loss: 0.0349 | 0.0364
Epoch 101/300, trend Loss: 0.0348 | 0.0363
Epoch 102/300, trend Loss: 0.0348 | 0.0363
Epoch 103/300, trend Loss: 0.0347 | 0.0362
Epoch 104/300, trend Loss: 0.0347 | 0.0362
Epoch 105/300, trend Loss: 0.0347 | 0.0362
Epoch 106/300, trend Loss: 0.0346 | 0.0361
Epoch 107/300, trend Loss: 0.0346 | 0.0361
Epoch 108/300, trend Loss: 0.0345 | 0.0361
Epoch 109/300, trend Loss: 0.0345 | 0.0361
Epoch 110/300, trend Loss: 0.0344 | 0.0360
Epoch 111/300, trend Loss: 0.0344 | 0.0360
Epoch 112/300, trend Loss: 0.0344 | 0.0360
Epoch 113/300, trend Loss: 0.0343 | 0.0359
Epoch 114/300, trend Loss: 0.0343 | 0.0359
Epoch 115/300, trend Loss: 0.0342 | 0.0359
Epoch 116/300, trend Loss: 0.0342 | 0.0358
Epoch 117/300, trend Loss: 0.0342 | 0.0358
Epoch 118/300, trend Loss: 0.0341 | 0.0358
Epoch 119/300, trend Loss: 0.0341 | 0.0358
Epoch 120/300, trend Loss: 0.0341 | 0.0357
Epoch 121/300, trend Loss: 0.0340 | 0.0357
Epoch 122/300, trend Loss: 0.0340 | 0.0357
Epoch 123/300, trend Loss: 0.0340 | 0.0356
Epoch 124/300, trend Loss: 0.0339 | 0.0356
Epoch 125/300, trend Loss: 0.0339 | 0.0356
Epoch 126/300, trend Loss: 0.0339 | 0.0356
Epoch 127/300, trend Loss: 0.0338 | 0.0355
Epoch 128/300, trend Loss: 0.0338 | 0.0355
Epoch 129/300, trend Loss: 0.0338 | 0.0355
Epoch 130/300, trend Loss: 0.0337 | 0.0355
Epoch 131/300, trend Loss: 0.0337 | 0.0354
Epoch 132/300, trend Loss: 0.0337 | 0.0354
Epoch 133/300, trend Loss: 0.0336 | 0.0354
Epoch 134/300, trend Loss: 0.0336 | 0.0354
Epoch 135/300, trend Loss: 0.0336 | 0.0354
Epoch 136/300, trend Loss: 0.0336 | 0.0353
Epoch 137/300, trend Loss: 0.0335 | 0.0353
Epoch 138/300, trend Loss: 0.0335 | 0.0353
Epoch 139/300, trend Loss: 0.0335 | 0.0353
Epoch 140/300, trend Loss: 0.0335 | 0.0353
Epoch 141/300, trend Loss: 0.0334 | 0.0352
Epoch 142/300, trend Loss: 0.0334 | 0.0352
Epoch 143/300, trend Loss: 0.0334 | 0.0352
Epoch 144/300, trend Loss: 0.0334 | 0.0352
Epoch 145/300, trend Loss: 0.0333 | 0.0352
Epoch 146/300, trend Loss: 0.0333 | 0.0351
Epoch 147/300, trend Loss: 0.0333 | 0.0351
Epoch 148/300, trend Loss: 0.0333 | 0.0351
Epoch 149/300, trend Loss: 0.0333 | 0.0351
Epoch 150/300, trend Loss: 0.0332 | 0.0351
Epoch 151/300, trend Loss: 0.0332 | 0.0351
Epoch 152/300, trend Loss: 0.0332 | 0.0350
Epoch 153/300, trend Loss: 0.0332 | 0.0350
Epoch 154/300, trend Loss: 0.0332 | 0.0350
Epoch 155/300, trend Loss: 0.0331 | 0.0350
Epoch 156/300, trend Loss: 0.0331 | 0.0350
Epoch 157/300, trend Loss: 0.0331 | 0.0350
Epoch 158/300, trend Loss: 0.0331 | 0.0349
Epoch 159/300, trend Loss: 0.0331 | 0.0349
Epoch 160/300, trend Loss: 0.0331 | 0.0349
Epoch 161/300, trend Loss: 0.0330 | 0.0349
Epoch 162/300, trend Loss: 0.0330 | 0.0349
Epoch 163/300, trend Loss: 0.0330 | 0.0349
Epoch 164/300, trend Loss: 0.0330 | 0.0349
Epoch 165/300, trend Loss: 0.0330 | 0.0349
Epoch 166/300, trend Loss: 0.0330 | 0.0348
Epoch 167/300, trend Loss: 0.0329 | 0.0348
Epoch 168/300, trend Loss: 0.0329 | 0.0348
Epoch 169/300, trend Loss: 0.0329 | 0.0348
Epoch 170/300, trend Loss: 0.0329 | 0.0348
Epoch 171/300, trend Loss: 0.0329 | 0.0348
Epoch 172/300, trend Loss: 0.0329 | 0.0348
Epoch 173/300, trend Loss: 0.0329 | 0.0348
Epoch 174/300, trend Loss: 0.0329 | 0.0348
Epoch 175/300, trend Loss: 0.0328 | 0.0347
Epoch 176/300, trend Loss: 0.0328 | 0.0347
Epoch 177/300, trend Loss: 0.0328 | 0.0347
Epoch 178/300, trend Loss: 0.0328 | 0.0347
Epoch 179/300, trend Loss: 0.0328 | 0.0347
Epoch 180/300, trend Loss: 0.0328 | 0.0347
Epoch 181/300, trend Loss: 0.0328 | 0.0347
Epoch 182/300, trend Loss: 0.0328 | 0.0347
Epoch 183/300, trend Loss: 0.0328 | 0.0347
Epoch 184/300, trend Loss: 0.0327 | 0.0347
Epoch 185/300, trend Loss: 0.0327 | 0.0347
Epoch 186/300, trend Loss: 0.0327 | 0.0346
Epoch 187/300, trend Loss: 0.0327 | 0.0346
Epoch 188/300, trend Loss: 0.0327 | 0.0346
Epoch 189/300, trend Loss: 0.0327 | 0.0346
Epoch 190/300, trend Loss: 0.0327 | 0.0346
Epoch 191/300, trend Loss: 0.0327 | 0.0346
Epoch 192/300, trend Loss: 0.0327 | 0.0346
Epoch 193/300, trend Loss: 0.0327 | 0.0346
Epoch 194/300, trend Loss: 0.0327 | 0.0346
Epoch 195/300, trend Loss: 0.0326 | 0.0346
Epoch 196/300, trend Loss: 0.0326 | 0.0346
Epoch 197/300, trend Loss: 0.0326 | 0.0346
Epoch 198/300, trend Loss: 0.0326 | 0.0346
Epoch 199/300, trend Loss: 0.0326 | 0.0346
Epoch 200/300, trend Loss: 0.0326 | 0.0346
Epoch 201/300, trend Loss: 0.0326 | 0.0345
Epoch 202/300, trend Loss: 0.0326 | 0.0345
Epoch 203/300, trend Loss: 0.0326 | 0.0345
Epoch 204/300, trend Loss: 0.0326 | 0.0345
Epoch 205/300, trend Loss: 0.0326 | 0.0345
Epoch 206/300, trend Loss: 0.0326 | 0.0345
Epoch 207/300, trend Loss: 0.0326 | 0.0345
Epoch 208/300, trend Loss: 0.0326 | 0.0345
Epoch 209/300, trend Loss: 0.0326 | 0.0345
Epoch 210/300, trend Loss: 0.0326 | 0.0345
Epoch 211/300, trend Loss: 0.0325 | 0.0345
Epoch 212/300, trend Loss: 0.0325 | 0.0345
Epoch 213/300, trend Loss: 0.0325 | 0.0345
Epoch 214/300, trend Loss: 0.0325 | 0.0345
Epoch 215/300, trend Loss: 0.0325 | 0.0345
Epoch 216/300, trend Loss: 0.0325 | 0.0345
Epoch 217/300, trend Loss: 0.0325 | 0.0345
Epoch 218/300, trend Loss: 0.0325 | 0.0345
Epoch 219/300, trend Loss: 0.0325 | 0.0345
Epoch 220/300, trend Loss: 0.0325 | 0.0345
Epoch 221/300, trend Loss: 0.0325 | 0.0345
Epoch 222/300, trend Loss: 0.0325 | 0.0345
Epoch 223/300, trend Loss: 0.0325 | 0.0345
Epoch 224/300, trend Loss: 0.0325 | 0.0344
Epoch 225/300, trend Loss: 0.0325 | 0.0344
Epoch 226/300, trend Loss: 0.0325 | 0.0344
Epoch 227/300, trend Loss: 0.0325 | 0.0344
Epoch 228/300, trend Loss: 0.0325 | 0.0344
Epoch 229/300, trend Loss: 0.0325 | 0.0344
Epoch 230/300, trend Loss: 0.0325 | 0.0344
Epoch 231/300, trend Loss: 0.0325 | 0.0344
Epoch 232/300, trend Loss: 0.0325 | 0.0344
Epoch 233/300, trend Loss: 0.0325 | 0.0344
Epoch 234/300, trend Loss: 0.0325 | 0.0344
Epoch 235/300, trend Loss: 0.0325 | 0.0344
Epoch 236/300, trend Loss: 0.0325 | 0.0344
Epoch 237/300, trend Loss: 0.0325 | 0.0344
Epoch 238/300, trend Loss: 0.0324 | 0.0344
Epoch 239/300, trend Loss: 0.0324 | 0.0344
Epoch 240/300, trend Loss: 0.0324 | 0.0344
Epoch 241/300, trend Loss: 0.0324 | 0.0344
Epoch 242/300, trend Loss: 0.0324 | 0.0344
Epoch 243/300, trend Loss: 0.0324 | 0.0344
Epoch 244/300, trend Loss: 0.0324 | 0.0344
Epoch 245/300, trend Loss: 0.0324 | 0.0344
Epoch 246/300, trend Loss: 0.0324 | 0.0344
Epoch 247/300, trend Loss: 0.0324 | 0.0344
Epoch 248/300, trend Loss: 0.0324 | 0.0344
Epoch 249/300, trend Loss: 0.0324 | 0.0344
Epoch 250/300, trend Loss: 0.0324 | 0.0344
Epoch 251/300, trend Loss: 0.0324 | 0.0344
Epoch 252/300, trend Loss: 0.0324 | 0.0344
Epoch 253/300, trend Loss: 0.0324 | 0.0344
Epoch 254/300, trend Loss: 0.0324 | 0.0344
Epoch 255/300, trend Loss: 0.0324 | 0.0344
Epoch 256/300, trend Loss: 0.0324 | 0.0344
Epoch 257/300, trend Loss: 0.0324 | 0.0344
Epoch 258/300, trend Loss: 0.0324 | 0.0344
Epoch 259/300, trend Loss: 0.0324 | 0.0344
Epoch 260/300, trend Loss: 0.0324 | 0.0344
Epoch 261/300, trend Loss: 0.0324 | 0.0344
Epoch 262/300, trend Loss: 0.0324 | 0.0344
Epoch 263/300, trend Loss: 0.0324 | 0.0344
Epoch 264/300, trend Loss: 0.0324 | 0.0344
Epoch 265/300, trend Loss: 0.0324 | 0.0344
Epoch 266/300, trend Loss: 0.0324 | 0.0344
Epoch 267/300, trend Loss: 0.0324 | 0.0344
Epoch 268/300, trend Loss: 0.0324 | 0.0344
Epoch 269/300, trend Loss: 0.0324 | 0.0344
Epoch 270/300, trend Loss: 0.0324 | 0.0344
Epoch 271/300, trend Loss: 0.0324 | 0.0344
Epoch 272/300, trend Loss: 0.0324 | 0.0344
Epoch 273/300, trend Loss: 0.0324 | 0.0344
Epoch 274/300, trend Loss: 0.0324 | 0.0344
Epoch 275/300, trend Loss: 0.0324 | 0.0344
Epoch 276/300, trend Loss: 0.0324 | 0.0344
Epoch 277/300, trend Loss: 0.0324 | 0.0344
Epoch 278/300, trend Loss: 0.0324 | 0.0344
Epoch 279/300, trend Loss: 0.0324 | 0.0344
Epoch 280/300, trend Loss: 0.0324 | 0.0344
Epoch 281/300, trend Loss: 0.0324 | 0.0344
Epoch 282/300, trend Loss: 0.0324 | 0.0344
Epoch 283/300, trend Loss: 0.0324 | 0.0344
Epoch 284/300, trend Loss: 0.0324 | 0.0344
Epoch 285/300, trend Loss: 0.0324 | 0.0343
Epoch 286/300, trend Loss: 0.0324 | 0.0343
Epoch 287/300, trend Loss: 0.0324 | 0.0343
Epoch 288/300, trend Loss: 0.0324 | 0.0343
Epoch 289/300, trend Loss: 0.0324 | 0.0343
Epoch 290/300, trend Loss: 0.0324 | 0.0343
Epoch 291/300, trend Loss: 0.0324 | 0.0343
Epoch 292/300, trend Loss: 0.0324 | 0.0343
Epoch 293/300, trend Loss: 0.0324 | 0.0343
Epoch 294/300, trend Loss: 0.0324 | 0.0343
Epoch 295/300, trend Loss: 0.0324 | 0.0343
Epoch 296/300, trend Loss: 0.0324 | 0.0343
Epoch 297/300, trend Loss: 0.0324 | 0.0343
Epoch 298/300, trend Loss: 0.0324 | 0.0343
Epoch 299/300, trend Loss: 0.0324 | 0.0343
Epoch 300/300, trend Loss: 0.0324 | 0.0343
Training seasonal_0 component with params: {'observation_period_num': 33, 'train_rates': 0.824282767891123, 'learning_rate': 0.0009792570248455216, 'batch_size': 179, 'step_size': 11, 'gamma': 0.7948027125184078}
Epoch 1/300, seasonal_0 Loss: 0.6738 | 0.5391
Epoch 2/300, seasonal_0 Loss: 0.2321 | 0.2387
Epoch 3/300, seasonal_0 Loss: 0.3132 | 0.2337
Epoch 4/300, seasonal_0 Loss: 0.2356 | 0.1344
Epoch 5/300, seasonal_0 Loss: 0.3079 | 0.1819
Epoch 6/300, seasonal_0 Loss: 0.2107 | 0.1141
Epoch 7/300, seasonal_0 Loss: 0.1796 | 0.1010
Epoch 8/300, seasonal_0 Loss: 0.1858 | 0.1002
Epoch 9/300, seasonal_0 Loss: 0.1634 | 0.0880
Epoch 10/300, seasonal_0 Loss: 0.1143 | 0.0873
Epoch 11/300, seasonal_0 Loss: 0.1019 | 0.0772
Epoch 12/300, seasonal_0 Loss: 0.0864 | 0.0613
Epoch 13/300, seasonal_0 Loss: 0.0860 | 0.0602
Epoch 14/300, seasonal_0 Loss: 0.0846 | 0.0624
Epoch 15/300, seasonal_0 Loss: 0.0825 | 0.0689
Epoch 16/300, seasonal_0 Loss: 0.0892 | 0.0718
Epoch 17/300, seasonal_0 Loss: 0.0780 | 0.0518
Epoch 18/300, seasonal_0 Loss: 0.0670 | 0.0494
Epoch 19/300, seasonal_0 Loss: 0.0605 | 0.0507
Epoch 20/300, seasonal_0 Loss: 0.0647 | 0.0506
Epoch 21/300, seasonal_0 Loss: 0.0614 | 0.0510
Epoch 22/300, seasonal_0 Loss: 0.0567 | 0.0564
Epoch 23/300, seasonal_0 Loss: 0.0551 | 0.0469
Epoch 24/300, seasonal_0 Loss: 0.0520 | 0.0455
Epoch 25/300, seasonal_0 Loss: 0.0541 | 0.0484
Epoch 26/300, seasonal_0 Loss: 0.0551 | 0.0574
Epoch 27/300, seasonal_0 Loss: 0.0524 | 0.0476
Epoch 28/300, seasonal_0 Loss: 0.0499 | 0.0460
Epoch 29/300, seasonal_0 Loss: 0.0484 | 0.0450
Epoch 30/300, seasonal_0 Loss: 0.0457 | 0.0433
Epoch 31/300, seasonal_0 Loss: 0.0469 | 0.0419
Epoch 32/300, seasonal_0 Loss: 0.0448 | 0.0418
Epoch 33/300, seasonal_0 Loss: 0.0473 | 0.0440
Epoch 34/300, seasonal_0 Loss: 0.0431 | 0.0424
Epoch 35/300, seasonal_0 Loss: 0.0424 | 0.0397
Epoch 36/300, seasonal_0 Loss: 0.0401 | 0.0391
Epoch 37/300, seasonal_0 Loss: 0.0396 | 0.0414
Epoch 38/300, seasonal_0 Loss: 0.0390 | 0.0399
Epoch 39/300, seasonal_0 Loss: 0.0386 | 0.0391
Epoch 40/300, seasonal_0 Loss: 0.0382 | 0.0392
Epoch 41/300, seasonal_0 Loss: 0.0378 | 0.0386
Epoch 42/300, seasonal_0 Loss: 0.0374 | 0.0383
Epoch 43/300, seasonal_0 Loss: 0.0371 | 0.0386
Epoch 44/300, seasonal_0 Loss: 0.0368 | 0.0381
Epoch 45/300, seasonal_0 Loss: 0.0366 | 0.0377
Epoch 46/300, seasonal_0 Loss: 0.0364 | 0.0376
Epoch 47/300, seasonal_0 Loss: 0.0361 | 0.0376
Epoch 48/300, seasonal_0 Loss: 0.0359 | 0.0374
Epoch 49/300, seasonal_0 Loss: 0.0356 | 0.0372
Epoch 50/300, seasonal_0 Loss: 0.0354 | 0.0370
Epoch 51/300, seasonal_0 Loss: 0.0353 | 0.0369
Epoch 52/300, seasonal_0 Loss: 0.0351 | 0.0368
Epoch 53/300, seasonal_0 Loss: 0.0348 | 0.0368
Epoch 54/300, seasonal_0 Loss: 0.0346 | 0.0366
Epoch 55/300, seasonal_0 Loss: 0.0344 | 0.0365
Epoch 56/300, seasonal_0 Loss: 0.0343 | 0.0363
Epoch 57/300, seasonal_0 Loss: 0.0342 | 0.0363
Epoch 58/300, seasonal_0 Loss: 0.0340 | 0.0362
Epoch 59/300, seasonal_0 Loss: 0.0338 | 0.0361
Epoch 60/300, seasonal_0 Loss: 0.0337 | 0.0360
Epoch 61/300, seasonal_0 Loss: 0.0335 | 0.0360
Epoch 62/300, seasonal_0 Loss: 0.0334 | 0.0359
Epoch 63/300, seasonal_0 Loss: 0.0332 | 0.0358
Epoch 64/300, seasonal_0 Loss: 0.0331 | 0.0357
Epoch 65/300, seasonal_0 Loss: 0.0330 | 0.0357
Epoch 66/300, seasonal_0 Loss: 0.0328 | 0.0356
Epoch 67/300, seasonal_0 Loss: 0.0327 | 0.0355
Epoch 68/300, seasonal_0 Loss: 0.0326 | 0.0355
Epoch 69/300, seasonal_0 Loss: 0.0325 | 0.0354
Epoch 70/300, seasonal_0 Loss: 0.0324 | 0.0354
Epoch 71/300, seasonal_0 Loss: 0.0323 | 0.0353
Epoch 72/300, seasonal_0 Loss: 0.0322 | 0.0353
Epoch 73/300, seasonal_0 Loss: 0.0321 | 0.0352
Epoch 74/300, seasonal_0 Loss: 0.0320 | 0.0352
Epoch 75/300, seasonal_0 Loss: 0.0319 | 0.0351
Epoch 76/300, seasonal_0 Loss: 0.0318 | 0.0351
Epoch 77/300, seasonal_0 Loss: 0.0317 | 0.0350
Epoch 78/300, seasonal_0 Loss: 0.0316 | 0.0350
Epoch 79/300, seasonal_0 Loss: 0.0315 | 0.0350
Epoch 80/300, seasonal_0 Loss: 0.0315 | 0.0350
Epoch 81/300, seasonal_0 Loss: 0.0314 | 0.0349
Epoch 82/300, seasonal_0 Loss: 0.0313 | 0.0349
Epoch 83/300, seasonal_0 Loss: 0.0313 | 0.0348
Epoch 84/300, seasonal_0 Loss: 0.0312 | 0.0348
Epoch 85/300, seasonal_0 Loss: 0.0311 | 0.0348
Epoch 86/300, seasonal_0 Loss: 0.0311 | 0.0348
Epoch 87/300, seasonal_0 Loss: 0.0310 | 0.0347
Epoch 88/300, seasonal_0 Loss: 0.0310 | 0.0347
Epoch 89/300, seasonal_0 Loss: 0.0309 | 0.0347
Epoch 90/300, seasonal_0 Loss: 0.0308 | 0.0347
Epoch 91/300, seasonal_0 Loss: 0.0308 | 0.0346
Epoch 92/300, seasonal_0 Loss: 0.0307 | 0.0346
Epoch 93/300, seasonal_0 Loss: 0.0307 | 0.0346
Epoch 94/300, seasonal_0 Loss: 0.0306 | 0.0346
Epoch 95/300, seasonal_0 Loss: 0.0306 | 0.0346
Epoch 96/300, seasonal_0 Loss: 0.0306 | 0.0345
Epoch 97/300, seasonal_0 Loss: 0.0305 | 0.0345
Epoch 98/300, seasonal_0 Loss: 0.0305 | 0.0345
Epoch 99/300, seasonal_0 Loss: 0.0304 | 0.0345
Epoch 100/300, seasonal_0 Loss: 0.0304 | 0.0345
Epoch 101/300, seasonal_0 Loss: 0.0304 | 0.0345
Epoch 102/300, seasonal_0 Loss: 0.0303 | 0.0344
Epoch 103/300, seasonal_0 Loss: 0.0303 | 0.0344
Epoch 104/300, seasonal_0 Loss: 0.0303 | 0.0344
Epoch 105/300, seasonal_0 Loss: 0.0302 | 0.0344
Epoch 106/300, seasonal_0 Loss: 0.0302 | 0.0344
Epoch 107/300, seasonal_0 Loss: 0.0302 | 0.0344
Epoch 108/300, seasonal_0 Loss: 0.0301 | 0.0344
Epoch 109/300, seasonal_0 Loss: 0.0301 | 0.0344
Epoch 110/300, seasonal_0 Loss: 0.0301 | 0.0343
Epoch 111/300, seasonal_0 Loss: 0.0301 | 0.0343
Epoch 112/300, seasonal_0 Loss: 0.0300 | 0.0343
Epoch 113/300, seasonal_0 Loss: 0.0300 | 0.0343
Epoch 114/300, seasonal_0 Loss: 0.0300 | 0.0343
Epoch 115/300, seasonal_0 Loss: 0.0300 | 0.0343
Epoch 116/300, seasonal_0 Loss: 0.0300 | 0.0343
Epoch 117/300, seasonal_0 Loss: 0.0299 | 0.0343
Epoch 118/300, seasonal_0 Loss: 0.0299 | 0.0343
Epoch 119/300, seasonal_0 Loss: 0.0299 | 0.0343
Epoch 120/300, seasonal_0 Loss: 0.0299 | 0.0343
Epoch 121/300, seasonal_0 Loss: 0.0299 | 0.0342
Epoch 122/300, seasonal_0 Loss: 0.0298 | 0.0342
Epoch 123/300, seasonal_0 Loss: 0.0298 | 0.0342
Epoch 124/300, seasonal_0 Loss: 0.0298 | 0.0342
Epoch 125/300, seasonal_0 Loss: 0.0298 | 0.0342
Epoch 126/300, seasonal_0 Loss: 0.0298 | 0.0342
Epoch 127/300, seasonal_0 Loss: 0.0298 | 0.0342
Epoch 128/300, seasonal_0 Loss: 0.0298 | 0.0342
Epoch 129/300, seasonal_0 Loss: 0.0297 | 0.0342
Epoch 130/300, seasonal_0 Loss: 0.0297 | 0.0342
Epoch 131/300, seasonal_0 Loss: 0.0297 | 0.0342
Epoch 132/300, seasonal_0 Loss: 0.0297 | 0.0342
Epoch 133/300, seasonal_0 Loss: 0.0297 | 0.0342
Epoch 134/300, seasonal_0 Loss: 0.0297 | 0.0342
Epoch 135/300, seasonal_0 Loss: 0.0297 | 0.0342
Epoch 136/300, seasonal_0 Loss: 0.0297 | 0.0342
Epoch 137/300, seasonal_0 Loss: 0.0297 | 0.0342
Epoch 138/300, seasonal_0 Loss: 0.0296 | 0.0342
Epoch 139/300, seasonal_0 Loss: 0.0296 | 0.0342
Epoch 140/300, seasonal_0 Loss: 0.0296 | 0.0342
Epoch 141/300, seasonal_0 Loss: 0.0296 | 0.0342
Epoch 142/300, seasonal_0 Loss: 0.0296 | 0.0341
Epoch 143/300, seasonal_0 Loss: 0.0296 | 0.0341
Epoch 144/300, seasonal_0 Loss: 0.0296 | 0.0341
Epoch 145/300, seasonal_0 Loss: 0.0296 | 0.0341
Epoch 146/300, seasonal_0 Loss: 0.0296 | 0.0341
Epoch 147/300, seasonal_0 Loss: 0.0296 | 0.0341
Epoch 148/300, seasonal_0 Loss: 0.0296 | 0.0341
Epoch 149/300, seasonal_0 Loss: 0.0296 | 0.0341
Epoch 150/300, seasonal_0 Loss: 0.0296 | 0.0341
Epoch 151/300, seasonal_0 Loss: 0.0295 | 0.0341
Epoch 152/300, seasonal_0 Loss: 0.0295 | 0.0341
Epoch 153/300, seasonal_0 Loss: 0.0295 | 0.0341
Epoch 154/300, seasonal_0 Loss: 0.0295 | 0.0341
Epoch 155/300, seasonal_0 Loss: 0.0295 | 0.0341
Epoch 156/300, seasonal_0 Loss: 0.0295 | 0.0341
Epoch 157/300, seasonal_0 Loss: 0.0295 | 0.0341
Epoch 158/300, seasonal_0 Loss: 0.0295 | 0.0341
Epoch 159/300, seasonal_0 Loss: 0.0295 | 0.0341
Epoch 160/300, seasonal_0 Loss: 0.0295 | 0.0341
Epoch 161/300, seasonal_0 Loss: 0.0295 | 0.0341
Epoch 162/300, seasonal_0 Loss: 0.0295 | 0.0341
Epoch 163/300, seasonal_0 Loss: 0.0295 | 0.0341
Epoch 164/300, seasonal_0 Loss: 0.0295 | 0.0341
Epoch 165/300, seasonal_0 Loss: 0.0295 | 0.0341
Epoch 166/300, seasonal_0 Loss: 0.0295 | 0.0341
Epoch 167/300, seasonal_0 Loss: 0.0295 | 0.0341
Epoch 168/300, seasonal_0 Loss: 0.0295 | 0.0341
Epoch 169/300, seasonal_0 Loss: 0.0295 | 0.0341
Epoch 170/300, seasonal_0 Loss: 0.0295 | 0.0341
Epoch 171/300, seasonal_0 Loss: 0.0295 | 0.0341
Epoch 172/300, seasonal_0 Loss: 0.0295 | 0.0341
Epoch 173/300, seasonal_0 Loss: 0.0295 | 0.0341
Epoch 174/300, seasonal_0 Loss: 0.0295 | 0.0341
Epoch 175/300, seasonal_0 Loss: 0.0295 | 0.0