[32m[I 2025-02-03 13:16:04,544][0m Trial 12 finished with value: 0.03673951283602391 and parameters: {'observation_period_num': 57, 'train_rates': 0.755469488160061, 'learning_rate': 0.00028047894056491845, 'batch_size': 72, 'step_size': 12, 'gamma': 0.8095543582852351}. Best is trial 0 with value: 0.03544290669794593.[0m
[32m[I 2025-02-03 13:17:07,495][0m Trial 13 finished with value: 0.035936439709205716 and parameters: {'observation_period_num': 31, 'train_rates': 0.8083096850409828, 'learning_rate': 0.0003474329044818543, 'batch_size': 86, 'step_size': 11, 'gamma': 0.8182826219596989}. Best is trial 0 with value: 0.03544290669794593.[0m
[32m[I 2025-02-03 13:18:00,585][0m Trial 14 finished with value: 0.030835622897705972 and parameters: {'observation_period_num': 8, 'train_rates': 0.841007608956549, 'learning_rate': 0.0008736861937257821, 'batch_size': 105, 'step_size': 7, 'gamma': 0.9056870843434213}. Best is trial 14 with value: 0.030835622897705972.[0m
[32m[I 2025-02-03 13:18:53,058][0m Trial 15 finished with value: 0.03419352023283372 and parameters: {'observation_period_num': 11, 'train_rates': 0.8491160482378456, 'learning_rate': 0.0009423765047901649, 'batch_size': 110, 'step_size': 7, 'gamma': 0.9029195894655204}. Best is trial 14 with value: 0.030835622897705972.[0m
[32m[I 2025-02-03 13:19:46,814][0m Trial 16 finished with value: 0.028719557357956147 and parameters: {'observation_period_num': 6, 'train_rates': 0.8475705754032464, 'learning_rate': 0.0009233538779287182, 'batch_size': 107, 'step_size': 8, 'gamma': 0.9065561078001826}. Best is trial 16 with value: 0.028719557357956147.[0m
[32m[I 2025-02-03 13:20:34,151][0m Trial 17 finished with value: 0.2988322397445348 and parameters: {'observation_period_num': 224, 'train_rates': 0.843469253930075, 'learning_rate': 2.7153604690425257e-06, 'batch_size': 114, 'step_size': 8, 'gamma': 0.9893497669797876}. Best is trial 16 with value: 0.028719557357956147.[0m
[32m[I 2025-02-03 13:21:09,046][0m Trial 18 finished with value: 0.038475265288437914 and parameters: {'observation_period_num': 30, 'train_rates': 0.8560914338290301, 'learning_rate': 0.0002375690667355857, 'batch_size': 172, 'step_size': 3, 'gamma': 0.915984525855183}. Best is trial 16 with value: 0.028719557357956147.[0m
[32m[I 2025-02-03 13:22:02,894][0m Trial 19 finished with value: 0.09391362220048904 and parameters: {'observation_period_num': 174, 'train_rates': 0.9721413671210998, 'learning_rate': 3.366424398717567e-05, 'batch_size': 111, 'step_size': 9, 'gamma': 0.9358306154487848}. Best is trial 16 with value: 0.028719557357956147.[0m
[32m[I 2025-02-03 13:24:01,028][0m Trial 20 finished with value: 0.058358042319751766 and parameters: {'observation_period_num': 6, 'train_rates': 0.8763192766157512, 'learning_rate': 6.260388047243935e-06, 'batch_size': 47, 'step_size': 11, 'gamma': 0.8990747158628709}. Best is trial 16 with value: 0.028719557357956147.[0m
[32m[I 2025-02-03 13:24:57,936][0m Trial 21 finished with value: 0.029213773905732005 and parameters: {'observation_period_num': 7, 'train_rates': 0.8479185382905458, 'learning_rate': 0.0008319902368236381, 'batch_size': 103, 'step_size': 7, 'gamma': 0.8951106726561185}. Best is trial 16 with value: 0.028719557357956147.[0m
[32m[I 2025-02-03 13:25:46,575][0m Trial 22 finished with value: 0.03488311035902176 and parameters: {'observation_period_num': 36, 'train_rates': 0.7528099236395387, 'learning_rate': 0.0004239479525264252, 'batch_size': 105, 'step_size': 7, 'gamma': 0.8878185423674603}. Best is trial 16 with value: 0.028719557357956147.[0m
[32m[I 2025-02-03 13:26:33,943][0m Trial 23 finished with value: 0.032262990122478664 and parameters: {'observation_period_num': 26, 'train_rates': 0.8220720342468862, 'learning_rate': 0.0008635401055433541, 'batch_size': 125, 'step_size': 5, 'gamma': 0.9317310925005788}. Best is trial 16 with value: 0.028719557357956147.[0m
[32m[I 2025-02-03 13:27:11,158][0m Trial 24 finished with value: 0.05551994530217988 and parameters: {'observation_period_num': 51, 'train_rates': 0.9399631764401827, 'learning_rate': 0.00022703841629680756, 'batch_size': 164, 'step_size': 8, 'gamma': 0.9615845766321015}. Best is trial 16 with value: 0.028719557357956147.[0m
[32m[I 2025-02-03 13:28:05,818][0m Trial 25 finished with value: 0.0689775653119231 and parameters: {'observation_period_num': 251, 'train_rates': 0.8712901996207076, 'learning_rate': 0.00042546651719416054, 'batch_size': 95, 'step_size': 7, 'gamma': 0.8425315853025785}. Best is trial 16 with value: 0.028719557357956147.[0m
[32m[I 2025-02-03 13:29:51,975][0m Trial 26 finished with value: 0.17488477199449895 and parameters: {'observation_period_num': 77, 'train_rates': 0.7850775261339936, 'learning_rate': 0.0008857228551913278, 'batch_size': 47, 'step_size': 10, 'gamma': 0.9223250061587804}. Best is trial 16 with value: 0.028719557357956147.[0m
[32m[I 2025-02-03 13:30:35,046][0m Trial 27 finished with value: 0.04044598137441369 and parameters: {'observation_period_num': 22, 'train_rates': 0.8346703586214976, 'learning_rate': 0.0001866453205888022, 'batch_size': 130, 'step_size': 5, 'gamma': 0.8924358214871866}. Best is trial 16 with value: 0.028719557357956147.[0m
[32m[I 2025-02-03 13:32:15,878][0m Trial 28 finished with value: 0.04794319619418709 and parameters: {'observation_period_num': 45, 'train_rates': 0.8921570549424457, 'learning_rate': 0.0004275073136224818, 'batch_size': 57, 'step_size': 6, 'gamma': 0.9568833687756734}. Best is trial 16 with value: 0.028719557357956147.[0m
[32m[I 2025-02-03 13:32:48,928][0m Trial 29 finished with value: 0.030900011667639116 and parameters: {'observation_period_num': 5, 'train_rates': 0.7970315210598009, 'learning_rate': 0.0005867122660158471, 'batch_size': 178, 'step_size': 13, 'gamma': 0.8798340087797699}. Best is trial 16 with value: 0.028719557357956147.[0m
[32m[I 2025-02-03 13:33:40,142][0m Trial 30 finished with value: 0.1092222541229849 and parameters: {'observation_period_num': 66, 'train_rates': 0.7274141592924253, 'learning_rate': 3.3806534129069744e-05, 'batch_size': 96, 'step_size': 4, 'gamma': 0.8408447080101885}. Best is trial 16 with value: 0.028719557357956147.[0m
[32m[I 2025-02-03 13:34:10,631][0m Trial 31 finished with value: 0.03142462111076648 and parameters: {'observation_period_num': 5, 'train_rates': 0.7969861038479094, 'learning_rate': 0.0005572072947171758, 'batch_size': 184, 'step_size': 8, 'gamma': 0.8747516343000036}. Best is trial 16 with value: 0.028719557357956147.[0m
[32m[I 2025-02-03 13:34:36,773][0m Trial 32 finished with value: 0.03000667224062492 and parameters: {'observation_period_num': 22, 'train_rates': 0.7891207751974085, 'learning_rate': 0.0009794512586192969, 'batch_size': 229, 'step_size': 10, 'gamma': 0.8829883538686829}. Best is trial 16 with value: 0.028719557357956147.[0m
[32m[I 2025-02-03 13:35:02,685][0m Trial 33 finished with value: 0.03270533973150385 and parameters: {'observation_period_num': 22, 'train_rates': 0.8640052325243216, 'learning_rate': 0.0009791183614863493, 'batch_size': 244, 'step_size': 10, 'gamma': 0.8541657483578762}. Best is trial 16 with value: 0.028719557357956147.[0m
[32m[I 2025-02-03 13:35:26,523][0m Trial 34 finished with value: 0.049569398334337475 and parameters: {'observation_period_num': 111, 'train_rates': 0.7682767017534367, 'learning_rate': 0.00031423646739606236, 'batch_size': 225, 'step_size': 7, 'gamma': 0.900215617805857}. Best is trial 16 with value: 0.028719557357956147.[0m
[32m[I 2025-02-03 13:36:03,667][0m Trial 35 finished with value: 0.030560092264136602 and parameters: {'observation_period_num': 18, 'train_rates': 0.8243797961765411, 'learning_rate': 0.0005833578833071081, 'batch_size': 153, 'step_size': 10, 'gamma': 0.9188150496840171}. Best is trial 16 with value: 0.028719557357956147.[0m
[32m[I 2025-02-03 13:36:39,072][0m Trial 36 finished with value: 0.05917119969331675 and parameters: {'observation_period_num': 71, 'train_rates': 0.7789785283427488, 'learning_rate': 6.109108240521686e-05, 'batch_size': 151, 'step_size': 10, 'gamma': 0.9280092109672674}. Best is trial 16 with value: 0.028719557357956147.[0m
[32m[I 2025-02-03 13:37:03,789][0m Trial 37 finished with value: 0.0451617463178224 and parameters: {'observation_period_num': 50, 'train_rates': 0.7318331213185688, 'learning_rate': 0.000471556063608017, 'batch_size': 228, 'step_size': 12, 'gamma': 0.9450829897711814}. Best is trial 16 with value: 0.028719557357956147.[0m
[32m[I 2025-02-03 13:37:30,623][0m Trial 38 finished with value: 0.033779729166181764 and parameters: {'observation_period_num': 22, 'train_rates': 0.7007370677177731, 'learning_rate': 0.000595282321224076, 'batch_size': 200, 'step_size': 9, 'gamma': 0.8639488850515261}. Best is trial 16 with value: 0.028719557357956147.[0m
[32m[I 2025-02-03 13:38:15,783][0m Trial 39 finished with value: 0.04037750226014586 and parameters: {'observation_period_num': 38, 'train_rates': 0.8161700913936432, 'learning_rate': 0.00011343254012456386, 'batch_size': 124, 'step_size': 13, 'gamma': 0.8855708056213039}. Best is trial 16 with value: 0.028719557357956147.[0m
[32m[I 2025-02-03 13:38:41,154][0m Trial 40 finished with value: 0.05038204358313411 and parameters: {'observation_period_num': 94, 'train_rates': 0.8905603212000721, 'learning_rate': 0.0001663882050969303, 'batch_size': 245, 'step_size': 10, 'gamma': 0.9808226166940697}. Best is trial 16 with value: 0.028719557357956147.[0m
[32m[I 2025-02-03 13:39:39,693][0m Trial 41 finished with value: 0.03229820022336495 and parameters: {'observation_period_num': 19, 'train_rates': 0.8345087009668861, 'learning_rate': 0.0006856390985534511, 'batch_size': 96, 'step_size': 8, 'gamma': 0.9118563908003908}. Best is trial 16 with value: 0.028719557357956147.[0m
[32m[I 2025-02-03 13:40:24,795][0m Trial 42 finished with value: 0.028756027683517 and parameters: {'observation_period_num': 16, 'train_rates': 0.9487807351825519, 'learning_rate': 0.0009776422406754482, 'batch_size': 138, 'step_size': 6, 'gamma': 0.9075955314234109}. Best is trial 16 with value: 0.028719557357956147.[0m
[32m[I 2025-02-03 13:41:04,143][0m Trial 43 finished with value: 0.050434221748751826 and parameters: {'observation_period_num': 135, 'train_rates': 0.9299244761236333, 'learning_rate': 0.0003605120418297075, 'batch_size': 148, 'step_size': 6, 'gamma': 0.8914044813866084}. Best is trial 16 with value: 0.028719557357956147.[0m
[32m[I 2025-02-03 13:41:51,887][0m Trial 44 finished with value: 0.029325922857969998 and parameters: {'observation_period_num': 17, 'train_rates': 0.9456728282029143, 'learning_rate': 0.0006694154739587592, 'batch_size': 136, 'step_size': 4, 'gamma': 0.9180127089322622}. Best is trial 16 with value: 0.028719557357956147.[0m
[32m[I 2025-02-03 13:42:37,758][0m Trial 45 finished with value: 0.04555236175656319 and parameters: {'observation_period_num': 41, 'train_rates': 0.9563440989407684, 'learning_rate': 0.0006647205794651982, 'batch_size': 139, 'step_size': 3, 'gamma': 0.8693046271471275}. Best is trial 16 with value: 0.028719557357956147.[0m
[32m[I 2025-02-03 13:44:07,976][0m Trial 46 finished with value: 0.07940594106912613 and parameters: {'observation_period_num': 56, 'train_rates': 0.9884417176739823, 'learning_rate': 7.456898819071824e-05, 'batch_size': 68, 'step_size': 4, 'gamma': 0.8488784174707571}. Best is trial 16 with value: 0.028719557357956147.[0m
[32m[I 2025-02-03 13:44:59,049][0m Trial 47 finished with value: 0.03592152211496599 and parameters: {'observation_period_num': 33, 'train_rates': 0.9080293276639829, 'learning_rate': 0.0002856301399150374, 'batch_size': 119, 'step_size': 5, 'gamma': 0.9444279024946131}. Best is trial 16 with value: 0.028719557357956147.[0m
Early stopping at epoch 78
[32m[I 2025-02-03 13:45:22,851][0m Trial 48 finished with value: 0.18393507611255394 and parameters: {'observation_period_num': 166, 'train_rates': 0.6723577728471289, 'learning_rate': 0.0009967898145702052, 'batch_size': 163, 'step_size': 1, 'gamma': 0.8258051809959128}. Best is trial 16 with value: 0.028719557357956147.[0m
