[32m[I 2025-02-05 03:17:29,548][0m A new study created in memory with name: no-name-c60dc134-9a2c-4a35-8d92-39795b12b474[0m
[32m[I 2025-02-05 03:18:46,538][0m Trial 0 finished with value: 0.22545537202885108 and parameters: {'observation_period_num': 101, 'train_rates': 0.6084563553256557, 'learning_rate': 0.000594383836786432, 'batch_size': 55, 'step_size': 8, 'gamma': 0.9686186117785345}. Best is trial 0 with value: 0.22545537202885108.[0m
[32m[I 2025-02-05 03:19:31,504][0m Trial 1 finished with value: 0.7874628614388351 and parameters: {'observation_period_num': 79, 'train_rates': 0.8583024442976772, 'learning_rate': 1.1861067853290163e-06, 'batch_size': 130, 'step_size': 8, 'gamma': 0.9384215763804034}. Best is trial 0 with value: 0.22545537202885108.[0m
[32m[I 2025-02-05 03:20:23,901][0m Trial 2 finished with value: 0.2212671693192177 and parameters: {'observation_period_num': 131, 'train_rates': 0.7039712760308, 'learning_rate': 0.00022598333356249208, 'batch_size': 91, 'step_size': 12, 'gamma': 0.7937433324124894}. Best is trial 2 with value: 0.2212671693192177.[0m
[32m[I 2025-02-05 03:24:59,938][0m Trial 3 finished with value: 0.14223050961443479 and parameters: {'observation_period_num': 225, 'train_rates': 0.846104083454214, 'learning_rate': 3.812441548007074e-05, 'batch_size': 18, 'step_size': 15, 'gamma': 0.9608696941976668}. Best is trial 3 with value: 0.14223050961443479.[0m
[32m[I 2025-02-05 03:25:23,691][0m Trial 4 finished with value: 0.2986447174511655 and parameters: {'observation_period_num': 233, 'train_rates': 0.6498025333368259, 'learning_rate': 0.0003810675331748301, 'batch_size': 200, 'step_size': 4, 'gamma': 0.7748574773128721}. Best is trial 3 with value: 0.14223050961443479.[0m
[32m[I 2025-02-05 03:25:50,925][0m Trial 5 finished with value: 0.046769609771057465 and parameters: {'observation_period_num': 19, 'train_rates': 0.8883180376502298, 'learning_rate': 0.00028204654066344125, 'batch_size': 228, 'step_size': 10, 'gamma': 0.8461352735470189}. Best is trial 5 with value: 0.046769609771057465.[0m
[32m[I 2025-02-05 03:28:58,096][0m Trial 6 finished with value: 0.024977666636308033 and parameters: {'observation_period_num': 11, 'train_rates': 0.9716309355144701, 'learning_rate': 4.7302073340807774e-05, 'batch_size': 32, 'step_size': 8, 'gamma': 0.9471038172045189}. Best is trial 6 with value: 0.024977666636308033.[0m
Early stopping at epoch 82
[32m[I 2025-02-05 03:29:25,426][0m Trial 7 finished with value: 0.8542170095879374 and parameters: {'observation_period_num': 114, 'train_rates': 0.7886298214146807, 'learning_rate': 8.866070839826453e-06, 'batch_size': 165, 'step_size': 2, 'gamma': 0.7685745326465945}. Best is trial 6 with value: 0.024977666636308033.[0m
[32m[I 2025-02-05 03:29:53,038][0m Trial 8 finished with value: 0.15072249621152878 and parameters: {'observation_period_num': 56, 'train_rates': 0.8520606746381396, 'learning_rate': 4.865604257740217e-05, 'batch_size': 215, 'step_size': 6, 'gamma': 0.8010878897702283}. Best is trial 6 with value: 0.024977666636308033.[0m
[32m[I 2025-02-05 03:30:21,284][0m Trial 9 finished with value: 0.8201562886190886 and parameters: {'observation_period_num': 181, 'train_rates': 0.781952745298035, 'learning_rate': 1.4894911117612388e-06, 'batch_size': 192, 'step_size': 13, 'gamma': 0.9313169502305086}. Best is trial 6 with value: 0.024977666636308033.[0m
[32m[I 2025-02-05 03:35:28,661][0m Trial 10 finished with value: 0.05195811138182253 and parameters: {'observation_period_num': 7, 'train_rates': 0.9516606561508739, 'learning_rate': 1.2590740511898514e-05, 'batch_size': 19, 'step_size': 5, 'gamma': 0.8917967802141277}. Best is trial 6 with value: 0.024977666636308033.[0m
[32m[I 2025-02-05 03:35:55,907][0m Trial 11 finished with value: 0.05886472761631012 and parameters: {'observation_period_num': 12, 'train_rates': 0.9760790203630823, 'learning_rate': 9.906851331626896e-05, 'batch_size': 247, 'step_size': 11, 'gamma': 0.8480129870117638}. Best is trial 6 with value: 0.024977666636308033.[0m
[32m[I 2025-02-05 03:36:43,597][0m Trial 12 finished with value: 0.0537448465920888 and parameters: {'observation_period_num': 41, 'train_rates': 0.9211112069492357, 'learning_rate': 0.00012821731919693876, 'batch_size': 127, 'step_size': 10, 'gamma': 0.8539588905973644}. Best is trial 6 with value: 0.024977666636308033.[0m
[32m[I 2025-02-05 03:37:50,268][0m Trial 13 finished with value: 0.08741753431968391 and parameters: {'observation_period_num': 45, 'train_rates': 0.9123885527557877, 'learning_rate': 0.0008957933029325625, 'batch_size': 86, 'step_size': 9, 'gamma': 0.8951831284719045}. Best is trial 6 with value: 0.024977666636308033.[0m
[32m[I 2025-02-05 03:38:13,733][0m Trial 14 finished with value: 0.5291772828407559 and parameters: {'observation_period_num': 159, 'train_rates': 0.8998405985440433, 'learning_rate': 1.3002103991177576e-05, 'batch_size': 253, 'step_size': 7, 'gamma': 0.829921695764249}. Best is trial 6 with value: 0.024977666636308033.[0m
[32m[I 2025-02-05 03:38:55,016][0m Trial 15 finished with value: 0.04574164003133774 and parameters: {'observation_period_num': 6, 'train_rates': 0.961564222048622, 'learning_rate': 9.74405141139227e-05, 'batch_size': 157, 'step_size': 13, 'gamma': 0.9011734894721743}. Best is trial 6 with value: 0.024977666636308033.[0m
[32m[I 2025-02-05 03:39:36,132][0m Trial 16 finished with value: 0.3949092626571655 and parameters: {'observation_period_num': 74, 'train_rates': 0.9867062937326601, 'learning_rate': 5.1337388165910705e-06, 'batch_size': 156, 'step_size': 15, 'gamma': 0.904946720757491}. Best is trial 6 with value: 0.024977666636308033.[0m
[32m[I 2025-02-05 03:40:25,324][0m Trial 17 finished with value: 0.18106604850751254 and parameters: {'observation_period_num': 35, 'train_rates': 0.7161499983686687, 'learning_rate': 7.342646554327397e-05, 'batch_size': 100, 'step_size': 13, 'gamma': 0.9892615712717393}. Best is trial 6 with value: 0.024977666636308033.[0m
[32m[I 2025-02-05 03:42:02,158][0m Trial 18 finished with value: 0.28570322137252957 and parameters: {'observation_period_num': 69, 'train_rates': 0.9471624785048537, 'learning_rate': 2.269929254474319e-05, 'batch_size': 60, 'step_size': 1, 'gamma': 0.9308008252872934}. Best is trial 6 with value: 0.024977666636308033.[0m
[32m[I 2025-02-05 03:42:34,800][0m Trial 19 finished with value: 0.711585783339166 and parameters: {'observation_period_num': 92, 'train_rates': 0.8122828196024077, 'learning_rate': 3.5929770128772146e-06, 'batch_size': 168, 'step_size': 3, 'gamma': 0.8731646577241762}. Best is trial 6 with value: 0.024977666636308033.[0m
[32m[I 2025-02-05 03:43:26,802][0m Trial 20 finished with value: 0.13043924541779736 and parameters: {'observation_period_num': 136, 'train_rates': 0.9367230841240968, 'learning_rate': 0.00015360255183507045, 'batch_size': 113, 'step_size': 14, 'gamma': 0.9142217264043161}. Best is trial 6 with value: 0.024977666636308033.[0m
[32m[I 2025-02-05 03:43:54,491][0m Trial 21 finished with value: 0.04964970114155554 and parameters: {'observation_period_num': 22, 'train_rates': 0.879393126528551, 'learning_rate': 0.00029517481033808487, 'batch_size': 229, 'step_size': 10, 'gamma': 0.8198806144628777}. Best is trial 6 with value: 0.024977666636308033.[0m
[32m[I 2025-02-05 03:44:30,021][0m Trial 22 finished with value: 0.05537184700369835 and parameters: {'observation_period_num': 6, 'train_rates': 0.9837390000927779, 'learning_rate': 5.7513701549810096e-05, 'batch_size': 185, 'step_size': 11, 'gamma': 0.8669041286040204}. Best is trial 6 with value: 0.024977666636308033.[0m
[32m[I 2025-02-05 03:45:10,007][0m Trial 23 finished with value: 0.07204944668756637 and parameters: {'observation_period_num': 31, 'train_rates': 0.9014329549941048, 'learning_rate': 2.1798112210059424e-05, 'batch_size': 148, 'step_size': 12, 'gamma': 0.9536470193279708}. Best is trial 6 with value: 0.024977666636308033.[0m
[32m[I 2025-02-05 03:46:47,195][0m Trial 24 finished with value: 0.06904778392793977 and parameters: {'observation_period_num': 55, 'train_rates': 0.9634186322579971, 'learning_rate': 0.00019507769433685878, 'batch_size': 61, 'step_size': 9, 'gamma': 0.8889965012834166}. Best is trial 6 with value: 0.024977666636308033.[0m
[32m[I 2025-02-05 03:47:16,990][0m Trial 25 finished with value: 0.03691102631963216 and parameters: {'observation_period_num': 27, 'train_rates': 0.8892333064514928, 'learning_rate': 0.0004943297830843585, 'batch_size': 214, 'step_size': 7, 'gamma': 0.9134157748486688}. Best is trial 6 with value: 0.024977666636308033.[0m
[32m[I 2025-02-05 03:47:49,917][0m Trial 26 finished with value: 0.16877906024456024 and parameters: {'observation_period_num': 200, 'train_rates': 0.9405124543074046, 'learning_rate': 0.00090092060560911, 'batch_size': 178, 'step_size': 6, 'gamma': 0.9145306826046173}. Best is trial 6 with value: 0.024977666636308033.[0m
[32m[I 2025-02-05 03:48:18,583][0m Trial 27 finished with value: 0.06343646282546742 and parameters: {'observation_period_num': 28, 'train_rates': 0.8241077609626325, 'learning_rate': 0.00043027958298028676, 'batch_size': 202, 'step_size': 7, 'gamma': 0.9423118547108912}. Best is trial 6 with value: 0.024977666636308033.[0m
[32m[I 2025-02-05 03:49:00,449][0m Trial 28 finished with value: 0.06775070843608698 and parameters: {'observation_period_num': 58, 'train_rates': 0.9252727773932999, 'learning_rate': 0.00011394095158138198, 'batch_size': 145, 'step_size': 5, 'gamma': 0.9779470172246288}. Best is trial 6 with value: 0.024977666636308033.[0m
[32m[I 2025-02-05 03:49:27,741][0m Trial 29 finished with value: 0.07138998288671618 and parameters: {'observation_period_num': 42, 'train_rates': 0.8770021653695081, 'learning_rate': 0.0005253264641433605, 'batch_size': 219, 'step_size': 8, 'gamma': 0.9189096149839625}. Best is trial 6 with value: 0.024977666636308033.[0m
[32m[I 2025-02-05 03:51:59,912][0m Trial 30 finished with value: 0.12063981446304492 and parameters: {'observation_period_num': 98, 'train_rates': 0.9609600621647012, 'learning_rate': 3.1483137181155145e-05, 'batch_size': 38, 'step_size': 7, 'gamma': 0.8743001126626894}. Best is trial 6 with value: 0.024977666636308033.[0m
[32m[I 2025-02-05 03:52:25,540][0m Trial 31 finished with value: 0.04932476738641351 and parameters: {'observation_period_num': 20, 'train_rates': 0.8905722329439338, 'learning_rate': 0.00026739876758284523, 'batch_size': 239, 'step_size': 9, 'gamma': 0.8407869966482017}. Best is trial 6 with value: 0.024977666636308033.[0m
[32m[I 2025-02-05 03:52:53,341][0m Trial 32 finished with value: 0.05870552539981065 and parameters: {'observation_period_num': 9, 'train_rates': 0.8703053877086422, 'learning_rate': 8.328434178504015e-05, 'batch_size': 215, 'step_size': 10, 'gamma': 0.9424139929583}. Best is trial 6 with value: 0.024977666636308033.[0m
[32m[I 2025-02-05 03:54:03,340][0m Trial 33 finished with value: 0.051423570384149964 and parameters: {'observation_period_num': 29, 'train_rates': 0.8273675714238344, 'learning_rate': 0.0006475863972779327, 'batch_size': 77, 'step_size': 8, 'gamma': 0.8813906837696214}. Best is trial 6 with value: 0.024977666636308033.[0m
[32m[I 2025-02-05 03:54:44,760][0m Trial 34 finished with value: 0.2176096760230499 and parameters: {'observation_period_num': 80, 'train_rates': 0.748633773025319, 'learning_rate': 0.00019040630202207302, 'batch_size': 123, 'step_size': 12, 'gamma': 0.9675534999387181}. Best is trial 6 with value: 0.024977666636308033.[0m
[32m[I 2025-02-05 03:55:17,951][0m Trial 35 finished with value: 0.04551178589463234 and parameters: {'observation_period_num': 18, 'train_rates': 0.9897635650480275, 'learning_rate': 0.00036551536695017496, 'batch_size': 203, 'step_size': 11, 'gamma': 0.9042771222043813}. Best is trial 6 with value: 0.024977666636308033.[0m
[32m[I 2025-02-05 03:55:42,049][0m Trial 36 finished with value: 0.1864797915181806 and parameters: {'observation_period_num': 48, 'train_rates': 0.6063038379663481, 'learning_rate': 0.00035275134680866945, 'batch_size': 205, 'step_size': 14, 'gamma': 0.9035129081617251}. Best is trial 6 with value: 0.024977666636308033.[0m
[32m[I 2025-02-05 03:56:17,392][0m Trial 37 finished with value: 0.17448270320892334 and parameters: {'observation_period_num': 113, 'train_rates': 0.9759000403223803, 'learning_rate': 0.0006218955321439087, 'batch_size': 178, 'step_size': 11, 'gamma': 0.9537549725485684}. Best is trial 6 with value: 0.024977666636308033.[0m
[32m[I 2025-02-05 03:57:01,506][0m Trial 38 finished with value: 0.08561635549095543 and parameters: {'observation_period_num': 66, 'train_rates': 0.9240512693543919, 'learning_rate': 4.126688709273229e-05, 'batch_size': 137, 'step_size': 13, 'gamma': 0.9265728230700565}. Best is trial 6 with value: 0.024977666636308033.[0m
[32m[I 2025-02-05 03:57:39,021][0m Trial 39 finished with value: 0.12701401114463806 and parameters: {'observation_period_num': 22, 'train_rates': 0.9551861786246454, 'learning_rate': 6.55051395259586e-05, 'batch_size': 168, 'step_size': 6, 'gamma': 0.7513844782153116}. Best is trial 6 with value: 0.024977666636308033.[0m
[32m[I 2025-02-05 03:58:04,640][0m Trial 40 finished with value: 0.22060437561388863 and parameters: {'observation_period_num': 86, 'train_rates': 0.6513211647727686, 'learning_rate': 0.00016544095277080657, 'batch_size': 192, 'step_size': 9, 'gamma': 0.9029948394434499}. Best is trial 6 with value: 0.024977666636308033.[0m
[32m[I 2025-02-05 03:58:32,291][0m Trial 41 finished with value: 0.04947633395708696 and parameters: {'observation_period_num': 13, 'train_rates': 0.8553896150033911, 'learning_rate': 0.00024230996004748076, 'batch_size': 226, 'step_size': 11, 'gamma': 0.799503488608271}. Best is trial 6 with value: 0.024977666636308033.[0m
[32m[I 2025-02-05 03:59:00,642][0m Trial 42 finished with value: 0.04367633908987045 and parameters: {'observation_period_num': 6, 'train_rates': 0.965756981927158, 'learning_rate': 0.0004176402900851691, 'batch_size': 232, 'step_size': 10, 'gamma': 0.8596415224565807}. Best is trial 6 with value: 0.024977666636308033.[0m
[32m[I 2025-02-05 03:59:29,328][0m Trial 43 finished with value: 0.04084097594022751 and parameters: {'observation_period_num': 8, 'train_rates': 0.9678377437530471, 'learning_rate': 0.00041187599984708086, 'batch_size': 238, 'step_size': 12, 'gamma': 0.8593064771522836}. Best is trial 6 with value: 0.024977666636308033.[0m
[32m[I 2025-02-05 03:59:56,290][0m Trial 44 finished with value: 0.05391017720103264 and parameters: {'observation_period_num': 29, 'train_rates': 0.9329771532939932, 'learning_rate': 0.00045206993561533275, 'batch_size': 242, 'step_size': 12, 'gamma': 0.863626009987156}. Best is trial 6 with value: 0.024977666636308033.[0m
[32m[I 2025-02-05 04:00:25,611][0m Trial 45 finished with value: 0.04143422842025757 and parameters: {'observation_period_num': 17, 'train_rates': 0.9896270125352129, 'learning_rate': 0.0008277589008949381, 'batch_size': 235, 'step_size': 10, 'gamma': 0.8583114131969722}. Best is trial 6 with value: 0.024977666636308033.[0m
[32m[I 2025-02-05 04:00:54,809][0m Trial 46 finished with value: 0.0757688507437706 and parameters: {'observation_period_num': 38, 'train_rates': 0.9697728994198488, 'learning_rate': 0.0009840655671935472, 'batch_size': 231, 'step_size': 10, 'gamma': 0.8290434455011432}. Best is trial 6 with value: 0.024977666636308033.[0m
[32m[I 2025-02-05 04:01:20,498][0m Trial 47 finished with value: 0.03860566447324613 and parameters: {'observation_period_num': 5, 'train_rates': 0.9081545223103791, 'learning_rate': 0.0006288384120341923, 'batch_size': 254, 'step_size': 9, 'gamma': 0.8150164338073903}. Best is trial 6 with value: 0.024977666636308033.[0m
[32m[I 2025-02-05 04:01:45,131][0m Trial 48 finished with value: 0.05997125804424286 and parameters: {'observation_period_num': 49, 'train_rates': 0.916053404183016, 'learning_rate': 0.000694978261515462, 'batch_size': 256, 'step_size': 7, 'gamma': 0.8125832299411555}. Best is trial 6 with value: 0.024977666636308033.[0m
