[32m[I 2025-02-05 04:02:10,418][0m Trial 49 finished with value: 0.07616003000122659 and parameters: {'observation_period_num': 63, 'train_rates': 0.9063316065413207, 'learning_rate': 0.0007282975244310063, 'batch_size': 244, 'step_size': 9, 'gamma': 0.7804812923726301}. Best is trial 6 with value: 0.024977666636308033.[0m
最適ハイパーパラメータが見つかりました
最適なハイパーパラメータが best_hyperparameters_GOOG_iTransformer_noMSTL.json に保存されました
Epoch 1/300, Loss: 0.3520 | 0.2130
Epoch 2/300, Loss: 0.1590 | 0.1527
Epoch 3/300, Loss: 0.1370 | 0.1224
Epoch 4/300, Loss: 0.1279 | 0.1062
Epoch 5/300, Loss: 0.1237 | 0.1162
Epoch 6/300, Loss: 0.1201 | 0.1256
Epoch 7/300, Loss: 0.1153 | 0.1164
Epoch 8/300, Loss: 0.1106 | 0.1041
Epoch 9/300, Loss: 0.1068 | 0.0928
Epoch 10/300, Loss: 0.1041 | 0.0858
Epoch 11/300, Loss: 0.1018 | 0.0801
Epoch 12/300, Loss: 0.0998 | 0.0755
Epoch 13/300, Loss: 0.0979 | 0.0718
Epoch 14/300, Loss: 0.0963 | 0.0689
Epoch 15/300, Loss: 0.0950 | 0.0666
Epoch 16/300, Loss: 0.0937 | 0.0646
Epoch 17/300, Loss: 0.0924 | 0.0627
Epoch 18/300, Loss: 0.0912 | 0.0612
Epoch 19/300, Loss: 0.0902 | 0.0598
Epoch 20/300, Loss: 0.0891 | 0.0584
Epoch 21/300, Loss: 0.0880 | 0.0566
Epoch 22/300, Loss: 0.0869 | 0.0552
Epoch 23/300, Loss: 0.0859 | 0.0539
Epoch 24/300, Loss: 0.0849 | 0.0525
Epoch 25/300, Loss: 0.0839 | 0.0513
Epoch 26/300, Loss: 0.0830 | 0.0504
Epoch 27/300, Loss: 0.0823 | 0.0497
Epoch 28/300, Loss: 0.0814 | 0.0493
Epoch 29/300, Loss: 0.0805 | 0.0502
Epoch 30/300, Loss: 0.0794 | 0.0508
Epoch 31/300, Loss: 0.0784 | 0.0513
Epoch 32/300, Loss: 0.0775 | 0.0515
Epoch 33/300, Loss: 0.0768 | 0.0532
Epoch 34/300, Loss: 0.0763 | 0.0519
Epoch 35/300, Loss: 0.0759 | 0.0499
Epoch 36/300, Loss: 0.0756 | 0.0476
Epoch 37/300, Loss: 0.0753 | 0.0460
Epoch 38/300, Loss: 0.0748 | 0.0441
Epoch 39/300, Loss: 0.0743 | 0.0425
Epoch 40/300, Loss: 0.0737 | 0.0413
Epoch 41/300, Loss: 0.0731 | 0.0404
Epoch 42/300, Loss: 0.0725 | 0.0397
Epoch 43/300, Loss: 0.0720 | 0.0393
Epoch 44/300, Loss: 0.0715 | 0.0389
Epoch 45/300, Loss: 0.0710 | 0.0385
Epoch 46/300, Loss: 0.0706 | 0.0383
Epoch 47/300, Loss: 0.0702 | 0.0381
Epoch 48/300, Loss: 0.0698 | 0.0379
Epoch 49/300, Loss: 0.0694 | 0.0375
Epoch 50/300, Loss: 0.0691 | 0.0373
Epoch 51/300, Loss: 0.0688 | 0.0370
Epoch 52/300, Loss: 0.0684 | 0.0367
Epoch 53/300, Loss: 0.0681 | 0.0364
Epoch 54/300, Loss: 0.0678 | 0.0361
Epoch 55/300, Loss: 0.0675 | 0.0359
Epoch 56/300, Loss: 0.0671 | 0.0356
Epoch 57/300, Loss: 0.0668 | 0.0353
Epoch 58/300, Loss: 0.0665 | 0.0350
Epoch 59/300, Loss: 0.0662 | 0.0348
Epoch 60/300, Loss: 0.0659 | 0.0346
Epoch 61/300, Loss: 0.0656 | 0.0343
Epoch 62/300, Loss: 0.0654 | 0.0341
Epoch 63/300, Loss: 0.0651 | 0.0339
Epoch 64/300, Loss: 0.0649 | 0.0336
Epoch 65/300, Loss: 0.0646 | 0.0334
Epoch 66/300, Loss: 0.0644 | 0.0332
Epoch 67/300, Loss: 0.0642 | 0.0330
Epoch 68/300, Loss: 0.0640 | 0.0328
Epoch 69/300, Loss: 0.0638 | 0.0326
Epoch 70/300, Loss: 0.0636 | 0.0325
Epoch 71/300, Loss: 0.0635 | 0.0323
Epoch 72/300, Loss: 0.0633 | 0.0321
Epoch 73/300, Loss: 0.0631 | 0.0320
Epoch 74/300, Loss: 0.0630 | 0.0318
Epoch 75/300, Loss: 0.0628 | 0.0317
Epoch 76/300, Loss: 0.0627 | 0.0315
Epoch 77/300, Loss: 0.0625 | 0.0314
Epoch 78/300, Loss: 0.0624 | 0.0312
Epoch 79/300, Loss: 0.0622 | 0.0310
Epoch 80/300, Loss: 0.0621 | 0.0309
Epoch 81/300, Loss: 0.0619 | 0.0307
Epoch 82/300, Loss: 0.0618 | 0.0305
Epoch 83/300, Loss: 0.0617 | 0.0303
Epoch 84/300, Loss: 0.0616 | 0.0302
Epoch 85/300, Loss: 0.0614 | 0.0299
Epoch 86/300, Loss: 0.0613 | 0.0297
Epoch 87/300, Loss: 0.0612 | 0.0295
Epoch 88/300, Loss: 0.0611 | 0.0294
Epoch 89/300, Loss: 0.0610 | 0.0292
Epoch 90/300, Loss: 0.0609 | 0.0291
Epoch 91/300, Loss: 0.0608 | 0.0289
Epoch 92/300, Loss: 0.0607 | 0.0288
Epoch 93/300, Loss: 0.0607 | 0.0287
Epoch 94/300, Loss: 0.0606 | 0.0286
Epoch 95/300, Loss: 0.0605 | 0.0285
Epoch 96/300, Loss: 0.0604 | 0.0284
Epoch 97/300, Loss: 0.0603 | 0.0284
Epoch 98/300, Loss: 0.0602 | 0.0283
Epoch 99/300, Loss: 0.0601 | 0.0282
Epoch 100/300, Loss: 0.0600 | 0.0281
Epoch 101/300, Loss: 0.0600 | 0.0281
Epoch 102/300, Loss: 0.0599 | 0.0280
Epoch 103/300, Loss: 0.0598 | 0.0280
Epoch 104/300, Loss: 0.0597 | 0.0279
Epoch 105/300, Loss: 0.0597 | 0.0279
Epoch 106/300, Loss: 0.0596 | 0.0278
Epoch 107/300, Loss: 0.0595 | 0.0277
Epoch 108/300, Loss: 0.0594 | 0.0277
Epoch 109/300, Loss: 0.0593 | 0.0277
Epoch 110/300, Loss: 0.0592 | 0.0276
Epoch 111/300, Loss: 0.0591 | 0.0276
Epoch 112/300, Loss: 0.0590 | 0.0275
Epoch 113/300, Loss: 0.0590 | 0.0277
Epoch 114/300, Loss: 0.0589 | 0.0277
Epoch 115/300, Loss: 0.0588 | 0.0277
Epoch 116/300, Loss: 0.0587 | 0.0278
Epoch 117/300, Loss: 0.0586 | 0.0280
Epoch 118/300, Loss: 0.0586 | 0.0279
Epoch 119/300, Loss: 0.0585 | 0.0278
Epoch 120/300, Loss: 0.0584 | 0.0275
Epoch 121/300, Loss: 0.0584 | 0.0273
Epoch 122/300, Loss: 0.0583 | 0.0270
Epoch 123/300, Loss: 0.0583 | 0.0268
Epoch 124/300, Loss: 0.0582 | 0.0266
Epoch 125/300, Loss: 0.0582 | 0.0264
Epoch 126/300, Loss: 0.0581 | 0.0263
Epoch 127/300, Loss: 0.0580 | 0.0262
Epoch 128/300, Loss: 0.0580 | 0.0261
Epoch 129/300, Loss: 0.0579 | 0.0261
Epoch 130/300, Loss: 0.0579 | 0.0260
Epoch 131/300, Loss: 0.0578 | 0.0259
Epoch 132/300, Loss: 0.0578 | 0.0258
Epoch 133/300, Loss: 0.0577 | 0.0258
Epoch 134/300, Loss: 0.0577 | 0.0257
Epoch 135/300, Loss: 0.0576 | 0.0256
Epoch 136/300, Loss: 0.0576 | 0.0255
Epoch 137/300, Loss: 0.0575 | 0.0255
Epoch 138/300, Loss: 0.0575 | 0.0254
Epoch 139/300, Loss: 0.0574 | 0.0253
Epoch 140/300, Loss: 0.0574 | 0.0252
Epoch 141/300, Loss: 0.0574 | 0.0251
Epoch 142/300, Loss: 0.0573 | 0.0251
Epoch 143/300, Loss: 0.0573 | 0.0250
Epoch 144/300, Loss: 0.0572 | 0.0249
Epoch 145/300, Loss: 0.0572 | 0.0249
Epoch 146/300, Loss: 0.0571 | 0.0248
Epoch 147/300, Loss: 0.0571 | 0.0247
Epoch 148/300, Loss: 0.0571 | 0.0247
Epoch 149/300, Loss: 0.0570 | 0.0246
Epoch 150/300, Loss: 0.0570 | 0.0246
Epoch 151/300, Loss: 0.0569 | 0.0245
Epoch 152/300, Loss: 0.0569 | 0.0244
Epoch 153/300, Loss: 0.0569 | 0.0244
Epoch 154/300, Loss: 0.0568 | 0.0243
Epoch 155/300, Loss: 0.0568 | 0.0243
Epoch 156/300, Loss: 0.0567 | 0.0242
Epoch 157/300, Loss: 0.0567 | 0.0242
Epoch 158/300, Loss: 0.0566 | 0.0241
Epoch 159/300, Loss: 0.0566 | 0.0241
Epoch 160/300, Loss: 0.0565 | 0.0240
Epoch 161/300, Loss: 0.0565 | 0.0240
Epoch 162/300, Loss: 0.0564 | 0.0239
Epoch 163/300, Loss: 0.0564 | 0.0239
Epoch 164/300, Loss: 0.0563 | 0.0239
Epoch 165/300, Loss: 0.0563 | 0.0238
Epoch 166/300, Loss: 0.0563 | 0.0238
Epoch 167/300, Loss: 0.0562 | 0.0238
Epoch 168/300, Loss: 0.0562 | 0.0237
Epoch 169/300, Loss: 0.0561 | 0.0237
Epoch 170/300, Loss: 0.0561 | 0.0237
Epoch 171/300, Loss: 0.0560 | 0.0237
Epoch 172/300, Loss: 0.0560 | 0.0236
Epoch 173/300, Loss: 0.0559 | 0.0236
Epoch 174/300, Loss: 0.0559 | 0.0236
Epoch 175/300, Loss: 0.0559 | 0.0236
Epoch 176/300, Loss: 0.0558 | 0.0235
Epoch 177/300, Loss: 0.0558 | 0.0236
Epoch 178/300, Loss: 0.0558 | 0.0235
Epoch 179/300, Loss: 0.0557 | 0.0235
Epoch 180/300, Loss: 0.0557 | 0.0235
Epoch 181/300, Loss: 0.0556 | 0.0235
Epoch 182/300, Loss: 0.0556 | 0.0235
Epoch 183/300, Loss: 0.0556 | 0.0234
Epoch 184/300, Loss: 0.0555 | 0.0234
Epoch 185/300, Loss: 0.0555 | 0.0234
Epoch 186/300, Loss: 0.0555 | 0.0234
Epoch 187/300, Loss: 0.0555 | 0.0234
Epoch 188/300, Loss: 0.0554 | 0.0234
Epoch 189/300, Loss: 0.0554 | 0.0234
Epoch 190/300, Loss: 0.0554 | 0.0234
Epoch 191/300, Loss: 0.0553 | 0.0234
Epoch 192/300, Loss: 0.0553 | 0.0233
Epoch 193/300, Loss: 0.0553 | 0.0234
Epoch 194/300, Loss: 0.0553 | 0.0233
Epoch 195/300, Loss: 0.0552 | 0.0233
Epoch 196/300, Loss: 0.0552 | 0.0233
Epoch 197/300, Loss: 0.0552 | 0.0233
Epoch 198/300, Loss: 0.0552 | 0.0233
Epoch 199/300, Loss: 0.0551 | 0.0233
Epoch 200/300, Loss: 0.0551 | 0.0233
Epoch 201/300, Loss: 0.0551 | 0.0232
Epoch 202/300, Loss: 0.0551 | 0.0232
Epoch 203/300, Loss: 0.0551 | 0.0232
Epoch 204/300, Loss: 0.0550 | 0.0232
Epoch 205/300, Loss: 0.0550 | 0.0231
Epoch 206/300, Loss: 0.0550 | 0.0231
Epoch 207/300, Loss: 0.0550 | 0.0231
Epoch 208/300, Loss: 0.0550 | 0.0231
Epoch 209/300, Loss: 0.0550 | 0.0230
Epoch 210/300, Loss: 0.0549 | 0.0230
Epoch 211/300, Loss: 0.0549 | 0.0230
Epoch 212/300, Loss: 0.0549 | 0.0230
Epoch 213/300, Loss: 0.0549 | 0.0229
Epoch 214/300, Loss: 0.0549 | 0.0229
Epoch 215/300, Loss: 0.0548 | 0.0229
Epoch 216/300, Loss: 0.0548 | 0.0229
Epoch 217/300, Loss: 0.0548 | 0.0228
Epoch 218/300, Loss: 0.0548 | 0.0228
Epoch 219/300, Loss: 0.0548 | 0.0228
Epoch 220/300, Loss: 0.0547 | 0.0228
Epoch 221/300, Loss: 0.0547 | 0.0227
Epoch 222/300, Loss: 0.0547 | 0.0227
Epoch 223/300, Loss: 0.0547 | 0.0227
Epoch 224/300, Loss: 0.0547 | 0.0227
Epoch 225/300, Loss: 0.0547 | 0.0227
Epoch 226/300, Loss: 0.0546 | 0.0226
Epoch 227/300, Loss: 0.0546 | 0.0226
Epoch 228/300, Loss: 0.0546 | 0.0226
Epoch 229/300, Loss: 0.0546 | 0.0226
Epoch 230/300, Loss: 0.0546 | 0.0226
Epoch 231/300, Loss: 0.0545 | 0.0226
Epoch 232/300, Loss: 0.0545 | 0.0226
Epoch 233/300, Loss: 0.0545 | 0.0226
Epoch 234/300, Loss: 0.0545 | 0.0226
Epoch 235/300, Loss: 0.0545 | 0.0226
Epoch 236/300, Loss: 0.0545 | 0.0226
Epoch 237/300, Loss: 0.0544 | 0.0225
Epoch 238/300, Loss: 0.0544 | 0.0225
Epoch 239/300, Loss: 0.0544 | 0.0225
Epoch 240/300, Loss: 0.0544 | 0.0225
Epoch 241/300, Loss: 0.0544 | 0.0225
Epoch 242/300, Loss: 0.0544 | 0.0225
Epoch 243/300, Loss: 0.0544 | 0.0225
Epoch 244/300, Loss: 0.0543 | 0.0225
Epoch 245/300, Loss: 0.0543 | 0.0225
Epoch 246/300, Loss: 0.0543 | 0.0225
Epoch 247/300, Loss: 0.0543 | 0.0225
Epoch 248/300, Loss: 0.0543 | 0.0225
Epoch 249/300, Loss: 0.0543 | 0.0225
Epoch 250/300, Loss: 0.0543 | 0.0225
Epoch 251/300, Loss: 0.0542 | 0.0225
Epoch 252/300, Loss: 0.0542 | 0.0225
Epoch 253/300, Loss: 0.0542 | 0.0225
Epoch 254/300, Loss: 0.0542 | 0.0225
Epoch 255/300, Loss: 0.0542 | 0.0225
Epoch 256/300, Loss: 0.0542 | 0.0225
Epoch 257/300, Loss: 0.0542 | 0.0224
Epoch 258/300, Loss: 0.0542 | 0.0224
Epoch 259/300, Loss: 0.0541 | 0.0224
Epoch 260/300, Loss: 0.0541 | 0.0224
Epoch 261/300, Loss: 0.0541 | 0.0224
Epoch 262/300, Loss: 0.0541 | 0.0224
Epoch 263/300, Loss: 0.0541 | 0.0224
Epoch 264/300, Loss: 0.0541 | 0.0224
Epoch 265/300, Loss: 0.0541 | 0.0224
Epoch 266/300, Loss: 0.0541 | 0.0224
Epoch 267/300, Loss: 0.0541 | 0.0224
Epoch 268/300, Loss: 0.0541 | 0.0224
Epoch 269/300, Loss: 0.0540 | 0.0224
Epoch 270/300, Loss: 0.0540 | 0.0224
Epoch 271/300, Loss: 0.0540 | 0.0224
Epoch 272/300, Loss: 0.0540 | 0.0224
Epoch 273/300, Loss: 0.0540 | 0.0223
Epoch 274/300, Loss: 0.0540 | 0.0223
Epoch 275/300, Loss: 0.0540 | 0.0223
Epoch 276/300, Loss: 0.0540 | 0.0223
Epoch 277/300, Loss: 0.0540 | 0.0223
Epoch 278/300, Loss: 0.0540 | 0.0223
Epoch 279/300, Loss: 0.0540 | 0.0223
Epoch 280/300, Loss: 0.0540 | 0.0223
Epoch 281/300, Loss: 0.0539 | 0.0223
Epoch 282/300, Loss: 0.0539 | 0.0223
Epoch 283/300, Loss: 0.0539 | 0.0223
Epoch 284/300, Loss: 0.0539 | 0.0223
Epoch 285/300, Loss: 0.0539 | 0.0223
Epoch 286/300, Loss: 0.0539 | 0.0223
Epoch 287/300, Loss: 0.0539 | 0.0223
Epoch 288/300, Loss: 0.0539 | 0.0223
Epoch 289/300, Loss: 0.0539 | 0.0223
Epoch 290/300, Loss: 0.0539 | 0.0223
Epoch 291/300, Loss: 0.0539 | 0.0223
Epoch 292/300, Loss: 0.0539 | 0.0223
Epoch 293/300, Loss: 0.0539 | 0.0223
Epoch 294/300, Loss: 0.0539 | 0.0223
Epoch 295/300, Loss: 0.0538 | 0.0223
Epoch 296/300, Loss: 0.0538 | 0.0223
Epoch 297/300, Loss: 0.0538 | 0.0223
Epoch 298/300, Loss: 0.0538 | 0.0223
Epoch 299/300, Loss: 0.0538 | 0.0223
Epoch 300/300, Loss: 0.0538 | 0.0223
Runtime (seconds): 556.9194655418396
/home2/y2021/k2110261/.conda/envs/tensorflow/lib/python3.11/site-packages/sklearn/metrics/_regression.py:1266: UndefinedMetricWarning: R^2 score is not well-defined with less than two samples.
  warnings.warn(msg, UndefinedMetricWarning)
MSE: 0.5058661438524723
RMSE: 0.71124267578125
MAE: 0.71124267578125
R-squared: nan
[176.38876]
