[32m[I 2025-02-08 20:48:31,408][0m Trial 48 finished with value: 0.279947966337204 and parameters: {'observation_period_num': 82, 'train_rates': 0.9700926065281288, 'learning_rate': 0.0004234432263705697, 'batch_size': 100, 'step_size': 9, 'gamma': 0.7603561794853934}. Best is trial 11 with value: 0.16284852288663387.[0m
[32m[I 2025-02-08 20:50:40,577][0m Trial 49 finished with value: 0.2225651890039444 and parameters: {'observation_period_num': 111, 'train_rates': 0.9897709322456559, 'learning_rate': 8.214092015918616e-05, 'batch_size': 75, 'step_size': 6, 'gamma': 0.846316812208214}. Best is trial 11 with value: 0.16284852288663387.[0m
seasonal_2 „ÅÆÊúÄÈÅ©„Éè„Ç§„Éë„Éº„Éë„É©„É°„Éº„Çø„ÅåË¶ã„Å§„Åã„Çä„Åæ„Åó„Åü
ÊúÄÈÅ©ÂåñÂØæË±°: seasonal_3
[32m[I 2025-02-08 20:50:40,584][0m A new study created in memory with name: no-name-9a3abe33-b643-42f4-9819-55988c53e0a9[0m
[32m[I 2025-02-08 20:54:58,956][0m Trial 0 finished with value: 1.4195308287938435 and parameters: {'observation_period_num': 245, 'train_rates': 0.7122912286715447, 'learning_rate': 1.702757318588084e-05, 'batch_size': 236, 'step_size': 7, 'gamma': 0.8862998457313117}. Best is trial 0 with value: 1.4195308287938435.[0m
[32m[I 2025-02-08 20:58:06,542][0m Trial 1 finished with value: 1.770229800514408 and parameters: {'observation_period_num': 189, 'train_rates': 0.7418464350777885, 'learning_rate': 0.000835025651450674, 'batch_size': 63, 'step_size': 15, 'gamma': 0.802391591571348}. Best is trial 0 with value: 1.4195308287938435.[0m
[32m[I 2025-02-08 21:02:27,202][0m Trial 2 finished with value: 2.132866193837133 and parameters: {'observation_period_num': 244, 'train_rates': 0.7328793058385656, 'learning_rate': 2.1796445339158916e-06, 'batch_size': 198, 'step_size': 7, 'gamma': 0.7912649177695189}. Best is trial 0 with value: 1.4195308287938435.[0m
[32m[I 2025-02-08 21:05:34,308][0m Trial 3 finished with value: 0.22864769001801807 and parameters: {'observation_period_num': 99, 'train_rates': 0.9582002623543329, 'learning_rate': 1.7011004668484773e-05, 'batch_size': 26, 'step_size': 9, 'gamma': 0.9761435813585474}. Best is trial 3 with value: 0.22864769001801807.[0m
[32m[I 2025-02-08 21:10:39,443][0m Trial 4 finished with value: 0.7761209930364902 and parameters: {'observation_period_num': 239, 'train_rates': 0.9045212894676621, 'learning_rate': 4.2829216916296175e-06, 'batch_size': 38, 'step_size': 9, 'gamma': 0.7800905721239781}. Best is trial 3 with value: 0.22864769001801807.[0m
[32m[I 2025-02-08 21:12:06,960][0m Trial 5 finished with value: 0.8391682741326322 and parameters: {'observation_period_num': 98, 'train_rates': 0.6988677900203951, 'learning_rate': 0.00045406104935803585, 'batch_size': 171, 'step_size': 2, 'gamma': 0.8616027122547809}. Best is trial 3 with value: 0.22864769001801807.[0m
[32m[I 2025-02-08 21:13:02,246][0m Trial 6 finished with value: 0.9434751527057053 and parameters: {'observation_period_num': 61, 'train_rates': 0.7521569938234379, 'learning_rate': 3.551177989432586e-05, 'batch_size': 157, 'step_size': 11, 'gamma': 0.8413182383421954}. Best is trial 3 with value: 0.22864769001801807.[0m
[32m[I 2025-02-08 21:13:40,050][0m Trial 7 finished with value: 1.2965061555785338 and parameters: {'observation_period_num': 31, 'train_rates': 0.7379098279141111, 'learning_rate': 9.276044100727158e-06, 'batch_size': 114, 'step_size': 7, 'gamma': 0.8551051857938905}. Best is trial 3 with value: 0.22864769001801807.[0m
[32m[I 2025-02-08 21:14:35,351][0m Trial 8 finished with value: 0.4647928456013853 and parameters: {'observation_period_num': 53, 'train_rates': 0.8939573108999804, 'learning_rate': 2.2247719916052823e-05, 'batch_size': 133, 'step_size': 15, 'gamma': 0.9568893739302581}. Best is trial 3 with value: 0.22864769001801807.[0m
[32m[I 2025-02-08 21:15:27,682][0m Trial 9 finished with value: 0.3959857943170358 and parameters: {'observation_period_num': 43, 'train_rates': 0.8690802967311118, 'learning_rate': 2.5981915599733974e-05, 'batch_size': 92, 'step_size': 14, 'gamma': 0.9783373141775299}. Best is trial 3 with value: 0.22864769001801807.[0m
[32m[I 2025-02-08 21:18:56,553][0m Trial 10 finished with value: 0.16705565433949232 and parameters: {'observation_period_num': 143, 'train_rates': 0.9718398484138855, 'learning_rate': 0.0001352255611810027, 'batch_size': 23, 'step_size': 3, 'gamma': 0.9296541588457005}. Best is trial 10 with value: 0.16705565433949232.[0m
[32m[I 2025-02-08 21:22:16,842][0m Trial 11 finished with value: 0.15314788980917496 and parameters: {'observation_period_num': 144, 'train_rates': 0.9885697483885277, 'learning_rate': 0.00012781651961228478, 'batch_size': 27, 'step_size': 2, 'gamma': 0.9284083222404288}. Best is trial 11 with value: 0.15314788980917496.[0m
[32m[I 2025-02-08 21:25:28,433][0m Trial 12 finished with value: 0.3477124571800232 and parameters: {'observation_period_num': 157, 'train_rates': 0.9890999230539133, 'learning_rate': 0.00015062108792742015, 'batch_size': 73, 'step_size': 1, 'gamma': 0.9179086941992285}. Best is trial 11 with value: 0.15314788980917496.[0m
[32m[I 2025-02-08 21:28:50,052][0m Trial 13 finished with value: 0.40900381484021575 and parameters: {'observation_period_num': 155, 'train_rates': 0.8317811169094116, 'learning_rate': 0.0001056500398671281, 'batch_size': 22, 'step_size': 3, 'gamma': 0.923365510523149}. Best is trial 11 with value: 0.15314788980917496.[0m
[32m[I 2025-02-08 21:31:44,190][0m Trial 14 finished with value: 0.9368201186046449 and parameters: {'observation_period_num': 192, 'train_rates': 0.6122485731486421, 'learning_rate': 0.00010994471267305488, 'batch_size': 59, 'step_size': 4, 'gamma': 0.9281961363958152}. Best is trial 11 with value: 0.15314788980917496.[0m
[32m[I 2025-02-08 21:36:34,036][0m Trial 15 finished with value: 0.23321334104384145 and parameters: {'observation_period_num': 126, 'train_rates': 0.9344718833780693, 'learning_rate': 0.00021197109939729636, 'batch_size': 16, 'step_size': 3, 'gamma': 0.8879905718107779}. Best is trial 11 with value: 0.15314788980917496.[0m
[32m[I 2025-02-08 21:40:42,247][0m Trial 16 finished with value: 0.20030111074447632 and parameters: {'observation_period_num': 196, 'train_rates': 0.988323841107044, 'learning_rate': 6.184171290499473e-05, 'batch_size': 93, 'step_size': 5, 'gamma': 0.9450560342913733}. Best is trial 11 with value: 0.15314788980917496.[0m
[32m[I 2025-02-08 21:42:57,115][0m Trial 17 finished with value: 0.450438847283801 and parameters: {'observation_period_num': 127, 'train_rates': 0.8238768958483835, 'learning_rate': 0.00033298748079807266, 'batch_size': 52, 'step_size': 5, 'gamma': 0.8937536099989816}. Best is trial 11 with value: 0.15314788980917496.[0m
Early stopping at epoch 64
[32m[I 2025-02-08 21:44:02,098][0m Trial 18 finished with value: 0.9298694220335124 and parameters: {'observation_period_num': 93, 'train_rates': 0.9375056158016164, 'learning_rate': 5.7226819806358985e-05, 'batch_size': 95, 'step_size': 1, 'gamma': 0.8258205909586567}. Best is trial 11 with value: 0.15314788980917496.[0m
[32m[I 2025-02-08 21:44:23,419][0m Trial 19 finished with value: 0.5876730752853768 and parameters: {'observation_period_num': 7, 'train_rates': 0.8691017788377527, 'learning_rate': 0.0009143330814359869, 'batch_size': 244, 'step_size': 12, 'gamma': 0.9527614907513534}. Best is trial 11 with value: 0.15314788980917496.[0m
[32m[I 2025-02-08 21:47:00,793][0m Trial 20 finished with value: 0.9617703886536079 and parameters: {'observation_period_num': 160, 'train_rates': 0.6480727083129043, 'learning_rate': 5.9394051851193235e-05, 'batch_size': 40, 'step_size': 5, 'gamma': 0.758510841722829}. Best is trial 11 with value: 0.15314788980917496.[0m
[32m[I 2025-02-08 21:51:13,978][0m Trial 21 finished with value: 0.19255521893501282 and parameters: {'observation_period_num': 201, 'train_rates': 0.9899456419749099, 'learning_rate': 6.450336755319643e-05, 'batch_size': 86, 'step_size': 5, 'gamma': 0.9461507952599661}. Best is trial 11 with value: 0.15314788980917496.[0m
[32m[I 2025-02-08 21:55:35,199][0m Trial 22 finished with value: 0.25977008132373586 and parameters: {'observation_period_num': 211, 'train_rates': 0.9568910472825359, 'learning_rate': 0.00027002502782370256, 'batch_size': 78, 'step_size': 3, 'gamma': 0.9873484311988905}. Best is trial 11 with value: 0.15314788980917496.[0m
[32m[I 2025-02-08 21:58:50,315][0m Trial 23 finished with value: 0.31826768310602044 and parameters: {'observation_period_num': 172, 'train_rates': 0.9134182229215704, 'learning_rate': 9.363603523488826e-05, 'batch_size': 119, 'step_size': 4, 'gamma': 0.8994971655224336}. Best is trial 11 with value: 0.15314788980917496.[0m
[32m[I 2025-02-08 22:03:47,477][0m Trial 24 finished with value: 0.13705164194107056 and parameters: {'observation_period_num': 220, 'train_rates': 0.9879225756721891, 'learning_rate': 0.00018516222876211605, 'batch_size': 45, 'step_size': 2, 'gamma': 0.9349928127071232}. Best is trial 24 with value: 0.13705164194107056.[0m
[32m[I 2025-02-08 22:08:46,193][0m Trial 25 finished with value: 0.3522685610840463 and parameters: {'observation_period_num': 223, 'train_rates': 0.9572595326878065, 'learning_rate': 0.00019067745678977906, 'batch_size': 44, 'step_size': 1, 'gamma': 0.9093999007971514}. Best is trial 24 with value: 0.13705164194107056.[0m
[32m[I 2025-02-08 22:13:20,823][0m Trial 26 finished with value: 0.4329600461193773 and parameters: {'observation_period_num': 139, 'train_rates': 0.9351328850075363, 'learning_rate': 0.0005176233579430639, 'batch_size': 17, 'step_size': 2, 'gamma': 0.9255287951452305}. Best is trial 24 with value: 0.13705164194107056.[0m
[32m[I 2025-02-08 22:15:29,632][0m Trial 27 finished with value: 0.8612237531359833 and parameters: {'observation_period_num': 114, 'train_rates': 0.7868146812401547, 'learning_rate': 0.00045232453447835013, 'batch_size': 36, 'step_size': 2, 'gamma': 0.9658270799043001}. Best is trial 24 with value: 0.13705164194107056.[0m
[32m[I 2025-02-08 22:16:56,765][0m Trial 28 finished with value: 0.3471017212227539 and parameters: {'observation_period_num': 79, 'train_rates': 0.8501103138138953, 'learning_rate': 0.00014084403204612072, 'batch_size': 61, 'step_size': 6, 'gamma': 0.9426510048811871}. Best is trial 24 with value: 0.13705164194107056.[0m
[32m[I 2025-02-08 22:20:14,072][0m Trial 29 finished with value: 0.722809910774231 and parameters: {'observation_period_num': 170, 'train_rates': 0.9641974888858709, 'learning_rate': 3.8998410352439876e-05, 'batch_size': 210, 'step_size': 4, 'gamma': 0.8717304187816572}. Best is trial 24 with value: 0.13705164194107056.[0m
[32m[I 2025-02-08 22:24:38,408][0m Trial 30 finished with value: 0.44603887304196377 and parameters: {'observation_period_num': 220, 'train_rates': 0.8952730842054938, 'learning_rate': 0.00019364872610700524, 'batch_size': 109, 'step_size': 2, 'gamma': 0.8736935335342877}. Best is trial 24 with value: 0.13705164194107056.[0m
[32m[I 2025-02-08 22:27:29,837][0m Trial 31 finished with value: 0.18099920451641083 and parameters: {'observation_period_num': 144, 'train_rates': 0.9863980083907503, 'learning_rate': 7.631518052496168e-05, 'batch_size': 76, 'step_size': 3, 'gamma': 0.9392489107404689}. Best is trial 24 with value: 0.13705164194107056.[0m
[32m[I 2025-02-08 22:30:24,468][0m Trial 32 finished with value: 0.1790140997382659 and parameters: {'observation_period_num': 139, 'train_rates': 0.9721263196090502, 'learning_rate': 9.270262316073053e-05, 'batch_size': 50, 'step_size': 3, 'gamma': 0.9329510165367687}. Best is trial 24 with value: 0.13705164194107056.[0m
[32m[I 2025-02-08 22:34:05,322][0m Trial 33 finished with value: 0.24992250325158238 and parameters: {'observation_period_num': 182, 'train_rates': 0.9308566501355601, 'learning_rate': 0.0003071697862624409, 'batch_size': 51, 'step_size': 6, 'gamma': 0.9085007394790728}. Best is trial 24 with value: 0.13705164194107056.[0m
[32m[I 2025-02-08 22:36:37,527][0m Trial 34 finished with value: 0.35756931712752893 and parameters: {'observation_period_num': 113, 'train_rates': 0.9668439698116152, 'learning_rate': 4.090359896707309e-05, 'batch_size': 32, 'step_size': 1, 'gamma': 0.9624726731119385}. Best is trial 24 with value: 0.13705164194107056.[0m
[32m[I 2025-02-08 22:39:43,854][0m Trial 35 finished with value: 0.4158245305220286 and parameters: {'observation_period_num': 142, 'train_rates': 0.9201585596574486, 'learning_rate': 1.2725396014756003e-05, 'batch_size': 30, 'step_size': 4, 'gamma': 0.9303837633017074}. Best is trial 24 with value: 0.13705164194107056.[0m
[32m[I 2025-02-08 22:41:15,728][0m Trial 36 finished with value: 0.2249393058674676 and parameters: {'observation_period_num': 79, 'train_rates': 0.9465996175568128, 'learning_rate': 0.00013544266596176823, 'batch_size': 66, 'step_size': 8, 'gamma': 0.9123393869843597}. Best is trial 24 with value: 0.13705164194107056.[0m
[32m[I 2025-02-08 22:46:52,032][0m Trial 37 finished with value: 0.8675703801465838 and parameters: {'observation_period_num': 248, 'train_rates': 0.9672057727182884, 'learning_rate': 0.0006475124371254568, 'batch_size': 49, 'step_size': 2, 'gamma': 0.9711915607564443}. Best is trial 24 with value: 0.13705164194107056.[0m
[32m[I 2025-02-08 22:48:45,887][0m Trial 38 finished with value: 1.0643696040987112 and parameters: {'observation_period_num': 112, 'train_rates': 0.9023454074148539, 'learning_rate': 6.7733435880821564e-06, 'batch_size': 177, 'step_size': 6, 'gamma': 0.8816074745422864}. Best is trial 24 with value: 0.13705164194107056.[0m
[32m[I 2025-02-08 22:52:29,875][0m Trial 39 finished with value: 1.9992052247115306 and parameters: {'observation_period_num': 231, 'train_rates': 0.685553611662009, 'learning_rate': 1.0286522013839286e-06, 'batch_size': 219, 'step_size': 3, 'gamma': 0.8997935575813235}. Best is trial 24 with value: 0.13705164194107056.[0m
[32m[I 2025-02-08 22:55:50,458][0m Trial 40 finished with value: 1.0912701453759064 and parameters: {'observation_period_num': 174, 'train_rates': 0.7687953542934745, 'learning_rate': 0.00032606568018730525, 'batch_size': 29, 'step_size': 10, 'gamma': 0.8462256455647478}. Best is trial 24 with value: 0.13705164194107056.[0m
[32m[I 2025-02-08 22:58:51,128][0m Trial 41 finished with value: 0.16696055233478546 and parameters: {'observation_period_num': 149, 'train_rates': 0.9755580408292979, 'learning_rate': 8.562231089356342e-05, 'batch_size': 70, 'step_size': 3, 'gamma': 0.9369856996732553}. Best is trial 24 with value: 0.13705164194107056.[0m
[32m[I 2025-02-08 23:01:41,269][0m Trial 42 finished with value: 0.22016362648412405 and parameters: {'observation_period_num': 133, 'train_rates': 0.9708027837800874, 'learning_rate': 8.444444887191035e-05, 'batch_size': 44, 'step_size': 2, 'gamma': 0.932970579067755}. Best is trial 24 with value: 0.13705164194107056.[0m
[32m[I 2025-02-08 23:04:49,779][0m Trial 43 finished with value: 0.20980199996162863 and parameters: {'observation_period_num': 155, 'train_rates': 0.9760663954409207, 'learning_rate': 0.00014585391345046066, 'batch_size': 64, 'step_size': 1, 'gamma': 0.9554564263728856}. Best is trial 24 with value: 0.13705164194107056.[0m
[32m[I 2025-02-08 23:07:54,120][0m Trial 44 finished with value: 0.2228485932238668 and parameters: {'observation_period_num': 121, 'train_rates': 0.9511590139962899, 'learning_rate': 4.723898591402798e-05, 'batch_size': 26, 'step_size': 3, 'gamma': 0.9166459453993601}. Best is trial 24 with value: 0.13705164194107056.[0m
[32m[I 2025-02-08 23:10:33,872][0m Trial 45 finished with value: 0.2784374611718314 and parameters: {'observation_period_num': 148, 'train_rates': 0.8779235830204604, 'learning_rate': 0.0002269892483208169, 'batch_size': 147, 'step_size': 4, 'gamma': 0.9365715401312286}. Best is trial 24 with value: 0.13705164194107056.[0m
[32m[I 2025-02-08 23:13:41,485][0m Trial 46 finished with value: 0.27866173282737644 and parameters: {'observation_period_num': 164, 'train_rates': 0.9210279873803898, 'learning_rate': 9.458963181390405e-05, 'batch_size': 103, 'step_size': 8, 'gamma': 0.9886664359911288}. Best is trial 24 with value: 0.13705164194107056.[0m
[32m[I 2025-02-08 23:15:38,212][0m Trial 47 finished with value: 0.21939803312222164 and parameters: {'observation_period_num': 97, 'train_rates': 0.9475777765108039, 'learning_rate': 0.00011703885521468431, 'batch_size': 55, 'step_size': 2, 'gamma': 0.9523348455615768}. Best is trial 24 with value: 0.13705164194107056.[0m
[32m[I 2025-02-08 23:20:37,943][0m Trial 48 finished with value: 0.13798567881950966 and parameters: {'observation_period_num': 185, 'train_rates': 0.9813719073737962, 'learning_rate': 2.075258071166777e-05, 'batch_size': 16, 'step_size': 4, 'gamma': 0.9730125649937608}. Best is trial 24 with value: 0.13705164194107056.[0m
[32m[I 2025-02-08 23:24:54,450][0m Trial 49 finished with value: 0.1623316719647377 and parameters: {'observation_period_num': 182, 'train_rates': 0.9888584849511827, 'learning_rate': 2.555232528837365e-05, 'batch_size': 25, 'step_size': 4, 'gamma': 0.9792144291789971}. Best is trial 24 with value: 0.13705164194107056.[0m
seasonal_3 „ÅÆÊúÄÈÅ©„Éè„Ç§„Éë„Éº„Éë„É©„É°„Éº„Çø„ÅåË¶ã„Å§„Åã„Çä„Åæ„Åó„Åü
ÊúÄÈÅ©ÂåñÂØæË±°: resid
[32m[I 2025-02-08 23:24:54,458][0m A new study created in memory with name: no-name-9c4a0ff9-b5fc-49bf-b3bf-9512094a18f3[0m
[32m[I 2025-02-08 23:26:28,604][0m Trial 0 finished with value: 1.8723356939774356 and parameters: {'observation_period_num': 110, 'train_rates': 0.6974736997646585, 'learning_rate': 1.844411000830128e-06, 'batch_size': 225, 'step_size': 8, 'gamma': 0.9272233337964478}. Best is trial 0 with value: 1.8723356939774356.[0m
[32m[I 2025-02-08 23:26:46,841][0m Trial 1 finished with value: 0.7816214809710077 and parameters: {'observation_period_num': 5, 'train_rates': 0.6796253241791146, 'learning_rate': 0.00018061499681750894, 'batch_size': 245, 'step_size': 7, 'gamma': 0.7956732977977411}. Best is trial 1 with value: 0.7816214809710077.[0m
[32m[I 2025-02-08 23:27:17,744][0m Trial 2 finished with value: 0.8162060445046035 and parameters: {'observation_period_num': 31, 'train_rates': 0.7277955654591322, 'learning_rate': 0.0002235927247577743, 'batch_size': 183, 'step_size': 6, 'gamma': 0.7909178627666237}. Best is trial 1 with value: 0.7816214809710077.[0m
[32m[I 2025-02-08 23:28:08,391][0m Trial 3 finished with value: 0.20039063692092896 and parameters: {'observation_period_num': 42, 'train_rates': 0.9808847823887767, 'learning_rate': 0.0003259974202916212, 'batch_size': 124, 'step_size': 14, 'gamma': 0.9077057017575352}. Best is trial 3 with value: 0.20039063692092896.[0m
[32m[I 2025-02-08 23:29:05,085][0m Trial 4 finished with value: 0.48410252820361743 and parameters: {'observation_period_num': 62, 'train_rates': 0.8099932883781645, 'learning_rate': 0.0004644727990934139, 'batch_size': 255, 'step_size': 7, 'gamma': 0.765791622643332}. Best is trial 3 with value: 0.20039063692092896.[0m
[32m[I 2025-02-08 23:31:03,356][0m Trial 5 finished with value: 0.5548716397563211 and parameters: {'observation_period_num': 123, 'train_rates': 0.7925506570989186, 'learning_rate': 0.00033304367569936684, 'batch_size': 83, 'step_size': 13, 'gamma': 0.8398902364174055}. Best is trial 3 with value: 0.20039063692092896.[0m
[32m[I 2025-02-08 23:34:06,984][0m Trial 6 finished with value: 1.8095783441047357 and parameters: {'observation_period_num': 186, 'train_rates': 0.7335995745963968, 'learning_rate': 1.2181997301185142e-06, 'batch_size': 158, 'step_size': 11, 'gamma': 0.9655126493338306}. Best is trial 3 with value: 0.20039063692092896.[0m
[32m[I 2025-02-08 23:38:38,979][0m Trial 7 finished with value: 0.7948264023709332 and parameters: {'observation_period_num': 235, 'train_rates': 0.7475832615790936, 'learning_rate': 1.9254973236573626e-05, 'batch_size': 35, 'step_size': 11, 'gamma': 0.7679198936952711}. Best is trial 3 with value: 0.20039063692092896.[0m
[32m[I 2025-02-08 23:40:12,854][0m Trial 8 finished with value: 0.9512522492943138 and parameters: {'observation_period_num': 115, 'train_rates': 0.6734409276193211, 'learning_rate': 0.0008913513546355199, 'batch_size': 208, 'step_size': 13, 'gamma': 0.7769061563243899}. Best is trial 3 with value: 0.20039063692092896.[0m
[32m[I 2025-02-08 23:40:56,593][0m Trial 9 finished with value: 0.6445807523843718 and parameters: {'observation_period_num': 6, 'train_rates': 0.7359433169918402, 'learning_rate': 9.117135108640781e-05, 'batch_size': 95, 'step_size': 13, 'gamma': 0.8060931535061737}. Best is trial 3 with value: 0.20039063692092896.[0m
[32m[I 2025-02-08 23:42:00,308][0m Trial 10 finished with value: 0.8501404293558814 and parameters: {'observation_period_num': 63, 'train_rates': 0.9090211645085933, 'learning_rate': 2.4464235911588904e-05, 'batch_size': 111, 'step_size': 2, 'gamma': 0.9039763135735813}. Best is trial 3 with value: 0.20039063692092896.[0m
[32m[I 2025-02-08 23:43:16,514][0m Trial 11 finished with value: 0.32761910557746887 and parameters: {'observation_period_num': 67, 'train_rates': 0.9857260512669328, 'learning_rate': 0.0006936085408950335, 'batch_size': 143, 'step_size': 4, 'gamma': 0.8874406906266034}. Best is trial 3 with value: 0.20039063692092896.[0m
[32m[I 2025-02-08 23:44:35,717][0m Trial 12 finished with value: 0.4694213271141052 and parameters: {'observation_period_num': 70, 'train_rates': 0.9899898368442749, 'learning_rate': 7.035448550908312e-05, 'batch_size': 141, 'step_size': 3, 'gamma': 0.8733158359043}. Best is trial 3 with value: 0.20039063692092896.[0m
