[32m[I 2025-02-08 18:59:42,362][0m Trial 32 finished with value: 0.45951763915093563 and parameters: {'observation_period_num': 28, 'train_rates': 0.9381979053910087, 'learning_rate': 8.862189177825949e-06, 'batch_size': 40, 'step_size': 13, 'gamma': 0.9583645582994407}. Best is trial 18 with value: 0.23046986884045823.[0m
[32m[I 2025-02-08 19:03:51,327][0m Trial 33 finished with value: 0.3077392037957907 and parameters: {'observation_period_num': 86, 'train_rates': 0.8830613299858219, 'learning_rate': 3.051576912465852e-05, 'batch_size': 18, 'step_size': 15, 'gamma': 0.9335359069472132}. Best is trial 18 with value: 0.23046986884045823.[0m
[32m[I 2025-02-08 19:05:22,880][0m Trial 34 finished with value: 0.35853348166507604 and parameters: {'observation_period_num': 14, 'train_rates': 0.8530238805348206, 'learning_rate': 3.4297585784855824e-05, 'batch_size': 50, 'step_size': 14, 'gamma': 0.8791891203608103}. Best is trial 18 with value: 0.23046986884045823.[0m
[32m[I 2025-02-08 19:07:29,032][0m Trial 35 finished with value: 0.46992968510595157 and parameters: {'observation_period_num': 52, 'train_rates': 0.9045786999161293, 'learning_rate': 0.0004088224693495479, 'batch_size': 37, 'step_size': 11, 'gamma': 0.9334591094416912}. Best is trial 18 with value: 0.23046986884045823.[0m
[32m[I 2025-02-08 19:08:09,482][0m Trial 36 finished with value: 0.2102983444929123 and parameters: {'observation_period_num': 33, 'train_rates': 0.9747952350201505, 'learning_rate': 0.0001487697016605843, 'batch_size': 149, 'step_size': 15, 'gamma': 0.9660214211664905}. Best is trial 36 with value: 0.2102983444929123.[0m
[32m[I 2025-02-08 19:09:39,616][0m Trial 37 finished with value: 0.2961091995239258 and parameters: {'observation_period_num': 87, 'train_rates': 0.9784918881118766, 'learning_rate': 0.00016557525664071988, 'batch_size': 149, 'step_size': 15, 'gamma': 0.9836552133457833}. Best is trial 36 with value: 0.2102983444929123.[0m
[32m[I 2025-02-08 19:10:28,092][0m Trial 38 finished with value: 0.25727947579141247 and parameters: {'observation_period_num': 5, 'train_rates': 0.9616641612256799, 'learning_rate': 0.00026990473057083447, 'batch_size': 109, 'step_size': 13, 'gamma': 0.8630838994668144}. Best is trial 36 with value: 0.2102983444929123.[0m
[32m[I 2025-02-08 19:11:18,077][0m Trial 39 finished with value: 0.2687356948852539 and parameters: {'observation_period_num': 8, 'train_rates': 0.9594607385742484, 'learning_rate': 0.0002925791901301966, 'batch_size': 103, 'step_size': 11, 'gamma': 0.8622191296483751}. Best is trial 36 with value: 0.2102983444929123.[0m
[32m[I 2025-02-08 19:12:07,866][0m Trial 40 finished with value: 0.23249418169510463 and parameters: {'observation_period_num': 6, 'train_rates': 0.9598643945574735, 'learning_rate': 0.00025913687344644346, 'batch_size': 104, 'step_size': 11, 'gamma': 0.8551136679696413}. Best is trial 36 with value: 0.2102983444929123.[0m
[32m[I 2025-02-08 19:13:10,155][0m Trial 41 finished with value: 0.6364372484385967 and parameters: {'observation_period_num': 9, 'train_rates': 0.9620077116490425, 'learning_rate': 0.0005988340058008828, 'batch_size': 81, 'step_size': 11, 'gamma': 0.8689853879037034}. Best is trial 36 with value: 0.2102983444929123.[0m
[32m[I 2025-02-08 19:14:00,269][0m Trial 42 finished with value: 0.2889875509909221 and parameters: {'observation_period_num': 39, 'train_rates': 0.9522664027694658, 'learning_rate': 0.0003479637516580201, 'batch_size': 103, 'step_size': 12, 'gamma': 0.855357896618758}. Best is trial 36 with value: 0.2102983444929123.[0m
[32m[I 2025-02-08 19:14:46,633][0m Trial 43 finished with value: 0.20141611993312836 and parameters: {'observation_period_num': 5, 'train_rates': 0.9813264464778264, 'learning_rate': 0.00028162592468789047, 'batch_size': 114, 'step_size': 13, 'gamma': 0.8856458573497588}. Best is trial 43 with value: 0.20141611993312836.[0m
[32m[I 2025-02-08 19:15:30,405][0m Trial 44 finished with value: 0.1995111107826233 and parameters: {'observation_period_num': 19, 'train_rates': 0.984291500462808, 'learning_rate': 0.00010235366050669441, 'batch_size': 125, 'step_size': 13, 'gamma': 0.882858428468449}. Best is trial 44 with value: 0.1995111107826233.[0m
[32m[I 2025-02-08 19:16:14,137][0m Trial 45 finished with value: 0.19988976418972015 and parameters: {'observation_period_num': 20, 'train_rates': 0.9899901038507666, 'learning_rate': 9.356006799611088e-05, 'batch_size': 124, 'step_size': 13, 'gamma': 0.9062056734521633}. Best is trial 44 with value: 0.1995111107826233.[0m
[32m[I 2025-02-08 19:16:59,813][0m Trial 46 finished with value: 0.19989262521266937 and parameters: {'observation_period_num': 37, 'train_rates': 0.9888942264798904, 'learning_rate': 9.778259870913336e-05, 'batch_size': 128, 'step_size': 13, 'gamma': 0.9090763115148518}. Best is trial 44 with value: 0.1995111107826233.[0m
[32m[I 2025-02-08 19:17:44,808][0m Trial 47 finished with value: 0.20614536106586456 and parameters: {'observation_period_num': 34, 'train_rates': 0.9880525950903756, 'learning_rate': 9.391453622800339e-05, 'batch_size': 122, 'step_size': 9, 'gamma': 0.9030733824218641}. Best is trial 44 with value: 0.1995111107826233.[0m
[32m[I 2025-02-08 19:18:51,875][0m Trial 48 finished with value: 0.1931181252002716 and parameters: {'observation_period_num': 61, 'train_rates': 0.9856129269576481, 'learning_rate': 9.288695925078009e-05, 'batch_size': 122, 'step_size': 9, 'gamma': 0.9067493424897287}. Best is trial 48 with value: 0.1931181252002716.[0m
[32m[I 2025-02-08 19:19:57,140][0m Trial 49 finished with value: 0.3105105368458495 and parameters: {'observation_period_num': 62, 'train_rates': 0.9324215967101144, 'learning_rate': 0.00010858092860528926, 'batch_size': 134, 'step_size': 8, 'gamma': 0.8834660065566192}. Best is trial 48 with value: 0.1931181252002716.[0m
seasonal_1 „ÅÆÊúÄÈÅ©„Éè„Ç§„Éë„Éº„Éë„É©„É°„Éº„Çø„ÅåË¶ã„Å§„Åã„Çä„Åæ„Åó„Åü
ÊúÄÈÅ©ÂåñÂØæË±°: seasonal_2
[32m[I 2025-02-08 19:19:57,148][0m A new study created in memory with name: no-name-d7a51cbd-8a9a-47da-b8b1-3390e1fd2f25[0m
[32m[I 2025-02-08 19:23:05,559][0m Trial 0 finished with value: 0.4978041995464443 and parameters: {'observation_period_num': 155, 'train_rates': 0.9191772795481333, 'learning_rate': 2.0093325195478095e-05, 'batch_size': 46, 'step_size': 8, 'gamma': 0.8454262465192453}. Best is trial 0 with value: 0.4978041995464443.[0m
[32m[I 2025-02-08 19:27:26,416][0m Trial 1 finished with value: 0.7322929486443724 and parameters: {'observation_period_num': 231, 'train_rates': 0.8551818552093376, 'learning_rate': 5.981277462228054e-05, 'batch_size': 177, 'step_size': 4, 'gamma': 0.8288379307712197}. Best is trial 0 with value: 0.4978041995464443.[0m
[32m[I 2025-02-08 19:30:18,036][0m Trial 2 finished with value: 0.6503122760568346 and parameters: {'observation_period_num': 160, 'train_rates': 0.8751504315507888, 'learning_rate': 2.5594347194419823e-05, 'batch_size': 207, 'step_size': 6, 'gamma': 0.9215112752733996}. Best is trial 0 with value: 0.4978041995464443.[0m
[32m[I 2025-02-08 19:32:17,349][0m Trial 3 finished with value: 0.27993238644103785 and parameters: {'observation_period_num': 108, 'train_rates': 0.939513366132021, 'learning_rate': 8.969488724943604e-05, 'batch_size': 92, 'step_size': 8, 'gamma': 0.875972712972599}. Best is trial 3 with value: 0.27993238644103785.[0m
Early stopping at epoch 52
[32m[I 2025-02-08 19:34:29,805][0m Trial 4 finished with value: 2.1823152505434478 and parameters: {'observation_period_num': 215, 'train_rates': 0.8580249330336545, 'learning_rate': 1.0613153903475518e-06, 'batch_size': 108, 'step_size': 1, 'gamma': 0.8177135957997388}. Best is trial 3 with value: 0.27993238644103785.[0m
[32m[I 2025-02-08 19:34:57,991][0m Trial 5 finished with value: 1.2436909002527803 and parameters: {'observation_period_num': 8, 'train_rates': 0.8296242576532392, 'learning_rate': 5.563599522391394e-06, 'batch_size': 168, 'step_size': 11, 'gamma': 0.7689501848383595}. Best is trial 3 with value: 0.27993238644103785.[0m
[32m[I 2025-02-08 19:37:51,521][0m Trial 6 finished with value: 0.8735957475488677 and parameters: {'observation_period_num': 102, 'train_rates': 0.6664755327640106, 'learning_rate': 4.255927503571501e-05, 'batch_size': 21, 'step_size': 6, 'gamma': 0.7521785500188524}. Best is trial 3 with value: 0.27993238644103785.[0m
[32m[I 2025-02-08 19:40:11,776][0m Trial 7 finished with value: 1.3022278933505023 and parameters: {'observation_period_num': 151, 'train_rates': 0.7460354946950498, 'learning_rate': 4.789841169258224e-06, 'batch_size': 229, 'step_size': 4, 'gamma': 0.9748412405793725}. Best is trial 3 with value: 0.27993238644103785.[0m
[32m[I 2025-02-08 19:43:39,772][0m Trial 8 finished with value: 1.3083260183533032 and parameters: {'observation_period_num': 216, 'train_rates': 0.6453278113638322, 'learning_rate': 2.294063995608362e-05, 'batch_size': 147, 'step_size': 12, 'gamma': 0.7560898636468301}. Best is trial 3 with value: 0.27993238644103785.[0m
[32m[I 2025-02-08 19:45:57,510][0m Trial 9 finished with value: 1.085236095994018 and parameters: {'observation_period_num': 159, 'train_rates': 0.6157290298005254, 'learning_rate': 0.0001462417269728094, 'batch_size': 71, 'step_size': 2, 'gamma': 0.786111768553659}. Best is trial 3 with value: 0.27993238644103785.[0m
[32m[I 2025-02-08 19:47:35,109][0m Trial 10 finished with value: 0.9628180861473083 and parameters: {'observation_period_num': 86, 'train_rates': 0.980304670275714, 'learning_rate': 0.0009647182602987977, 'batch_size': 101, 'step_size': 14, 'gamma': 0.8918296804143326}. Best is trial 3 with value: 0.27993238644103785.[0m
[32m[I 2025-02-08 19:49:39,280][0m Trial 11 finished with value: 0.16284852288663387 and parameters: {'observation_period_num': 60, 'train_rates': 0.9836918505385573, 'learning_rate': 0.00022257386220546392, 'batch_size': 41, 'step_size': 9, 'gamma': 0.86014725732381}. Best is trial 11 with value: 0.16284852288663387.[0m
[32m[I 2025-02-08 19:50:49,372][0m Trial 12 finished with value: 0.18079586327075958 and parameters: {'observation_period_num': 47, 'train_rates': 0.9891895058894447, 'learning_rate': 0.00032200108459690466, 'batch_size': 75, 'step_size': 9, 'gamma': 0.8940615145444404}. Best is trial 11 with value: 0.16284852288663387.[0m
[32m[I 2025-02-08 19:54:00,220][0m Trial 13 finished with value: 0.449398973892475 and parameters: {'observation_period_num': 40, 'train_rates': 0.9803300729561741, 'learning_rate': 0.0003502234579322945, 'batch_size': 26, 'step_size': 11, 'gamma': 0.9300481745431424}. Best is trial 11 with value: 0.16284852288663387.[0m
[32m[I 2025-02-08 19:55:04,306][0m Trial 14 finished with value: 0.7422404851831984 and parameters: {'observation_period_num': 54, 'train_rates': 0.7530881480261861, 'learning_rate': 0.0003482970253424967, 'batch_size': 67, 'step_size': 10, 'gamma': 0.9244195271952378}. Best is trial 11 with value: 0.16284852288663387.[0m
[32m[I 2025-02-08 19:56:30,124][0m Trial 15 finished with value: 1.083094103695595 and parameters: {'observation_period_num': 52, 'train_rates': 0.9498879997150311, 'learning_rate': 0.0009802399080182777, 'batch_size': 58, 'step_size': 14, 'gamma': 0.8576989153123301}. Best is trial 11 with value: 0.16284852288663387.[0m
[32m[I 2025-02-08 19:57:12,558][0m Trial 16 finished with value: 0.2773129412106105 and parameters: {'observation_period_num': 19, 'train_rates': 0.9047452866510004, 'learning_rate': 0.0002342505526180055, 'batch_size': 116, 'step_size': 9, 'gamma': 0.8940289583429064}. Best is trial 11 with value: 0.16284852288663387.[0m
[32m[I 2025-02-08 19:58:54,640][0m Trial 17 finished with value: 0.4915795664128881 and parameters: {'observation_period_num': 78, 'train_rates': 0.7975986284234032, 'learning_rate': 0.00014868662438016916, 'batch_size': 43, 'step_size': 6, 'gamma': 0.9695827083832055}. Best is trial 11 with value: 0.16284852288663387.[0m
[32m[I 2025-02-08 20:00:13,137][0m Trial 18 finished with value: 0.2188364714384079 and parameters: {'observation_period_num': 70, 'train_rates': 0.9855104076278894, 'learning_rate': 0.00054188181812416, 'batch_size': 136, 'step_size': 13, 'gamma': 0.8034214480571694}. Best is trial 11 with value: 0.16284852288663387.[0m
[32m[I 2025-02-08 20:02:23,268][0m Trial 19 finished with value: 0.2590646888337918 and parameters: {'observation_period_num': 120, 'train_rates': 0.9058377697627157, 'learning_rate': 0.00011775577086282263, 'batch_size': 82, 'step_size': 8, 'gamma': 0.9534668181693472}. Best is trial 11 with value: 0.16284852288663387.[0m
[32m[I 2025-02-08 20:05:36,100][0m Trial 20 finished with value: 0.7545422180360105 and parameters: {'observation_period_num': 27, 'train_rates': 0.7158349073912988, 'learning_rate': 1.1179964657888702e-05, 'batch_size': 20, 'step_size': 10, 'gamma': 0.8981924144365944}. Best is trial 11 with value: 0.16284852288663387.[0m
[32m[I 2025-02-08 20:06:51,229][0m Trial 21 finished with value: 0.2561303675174713 and parameters: {'observation_period_num': 66, 'train_rates': 0.9854842004371361, 'learning_rate': 0.0004607763027795739, 'batch_size': 133, 'step_size': 15, 'gamma': 0.7962141848064767}. Best is trial 11 with value: 0.16284852288663387.[0m
[32m[I 2025-02-08 20:08:24,626][0m Trial 22 finished with value: 0.3785776487168144 and parameters: {'observation_period_num': 86, 'train_rates': 0.9528707511753262, 'learning_rate': 0.0005699543192096848, 'batch_size': 124, 'step_size': 13, 'gamma': 0.8189511970356088}. Best is trial 11 with value: 0.16284852288663387.[0m
[32m[I 2025-02-08 20:09:08,189][0m Trial 23 finished with value: 0.24564294517040253 and parameters: {'observation_period_num': 38, 'train_rates': 0.9574119888824258, 'learning_rate': 0.00019143039377700054, 'batch_size': 174, 'step_size': 12, 'gamma': 0.8434973936526646}. Best is trial 11 with value: 0.16284852288663387.[0m
[32m[I 2025-02-08 20:10:20,479][0m Trial 24 finished with value: 0.1695052534341812 and parameters: {'observation_period_num': 66, 'train_rates': 0.9892180495724568, 'learning_rate': 0.000611150196134737, 'batch_size': 254, 'step_size': 7, 'gamma': 0.8690393252644346}. Best is trial 11 with value: 0.16284852288663387.[0m
[32m[I 2025-02-08 20:10:41,450][0m Trial 25 finished with value: 0.2827373147010803 and parameters: {'observation_period_num': 5, 'train_rates': 0.9210724485091739, 'learning_rate': 0.0002575919477801612, 'batch_size': 255, 'step_size': 7, 'gamma': 0.86472021892911}. Best is trial 11 with value: 0.16284852288663387.[0m
[32m[I 2025-02-08 20:12:56,418][0m Trial 26 finished with value: 0.5684858730322198 and parameters: {'observation_period_num': 129, 'train_rates': 0.8884067325613091, 'learning_rate': 7.321783574226631e-05, 'batch_size': 206, 'step_size': 4, 'gamma': 0.8755555561062582}. Best is trial 11 with value: 0.16284852288663387.[0m
[32m[I 2025-02-08 20:14:43,732][0m Trial 27 finished with value: 1.1145743446723195 and parameters: {'observation_period_num': 48, 'train_rates': 0.8199878994408556, 'learning_rate': 0.000688041306758531, 'batch_size': 41, 'step_size': 9, 'gamma': 0.8953418712122371}. Best is trial 11 with value: 0.16284852288663387.[0m
[32m[I 2025-02-08 20:16:23,747][0m Trial 28 finished with value: 0.26086729991695157 and parameters: {'observation_period_num': 93, 'train_rates': 0.9358462568596965, 'learning_rate': 0.00027117474355375075, 'batch_size': 85, 'step_size': 7, 'gamma': 0.8486306603696799}. Best is trial 11 with value: 0.16284852288663387.[0m
[32m[I 2025-02-08 20:17:55,844][0m Trial 29 finished with value: 0.2836852746705214 and parameters: {'observation_period_num': 63, 'train_rates': 0.9173548073316817, 'learning_rate': 3.968819434796e-05, 'batch_size': 53, 'step_size': 9, 'gamma': 0.9138627882196081}. Best is trial 11 with value: 0.16284852288663387.[0m
[32m[I 2025-02-08 20:18:28,279][0m Trial 30 finished with value: 0.9868373274803162 and parameters: {'observation_period_num': 29, 'train_rates': 0.9598145023979443, 'learning_rate': 1.2625529411689868e-05, 'batch_size': 247, 'step_size': 5, 'gamma': 0.9428522295926633}. Best is trial 11 with value: 0.16284852288663387.[0m
[32m[I 2025-02-08 20:19:43,563][0m Trial 31 finished with value: 0.23693124949932098 and parameters: {'observation_period_num': 69, 'train_rates': 0.985108555006518, 'learning_rate': 0.000519959766700554, 'batch_size': 201, 'step_size': 10, 'gamma': 0.8351623253732365}. Best is trial 11 with value: 0.16284852288663387.[0m
[32m[I 2025-02-08 20:21:00,776][0m Trial 32 finished with value: 0.20752020180225372 and parameters: {'observation_period_num': 69, 'train_rates': 0.9882642613627899, 'learning_rate': 0.00041334518518714873, 'batch_size': 145, 'step_size': 7, 'gamma': 0.7986804874044785}. Best is trial 11 with value: 0.16284852288663387.[0m
[32m[I 2025-02-08 20:23:13,930][0m Trial 33 finished with value: 0.2521083652973175 and parameters: {'observation_period_num': 124, 'train_rates': 0.960826632568796, 'learning_rate': 0.00036572553389418685, 'batch_size': 155, 'step_size': 7, 'gamma': 0.8673445663022922}. Best is trial 11 with value: 0.16284852288663387.[0m
[32m[I 2025-02-08 20:24:57,688][0m Trial 34 finished with value: 0.34209057336370347 and parameters: {'observation_period_num': 100, 'train_rates': 0.9289465141354483, 'learning_rate': 0.0007769932384438917, 'batch_size': 187, 'step_size': 8, 'gamma': 0.9072934134718964}. Best is trial 11 with value: 0.16284852288663387.[0m
[32m[I 2025-02-08 20:27:50,468][0m Trial 35 finished with value: 0.23955698162317277 and parameters: {'observation_period_num': 143, 'train_rates': 0.8935129863515263, 'learning_rate': 0.00010117694363575273, 'batch_size': 38, 'step_size': 5, 'gamma': 0.8793773371346109}. Best is trial 11 with value: 0.16284852288663387.[0m
[32m[I 2025-02-08 20:31:15,855][0m Trial 36 finished with value: 0.41609055123444216 and parameters: {'observation_period_num': 188, 'train_rates': 0.8653277598092287, 'learning_rate': 0.0001985399044435384, 'batch_size': 225, 'step_size': 7, 'gamma': 0.8274430450471212}. Best is trial 11 with value: 0.16284852288663387.[0m
[32m[I 2025-02-08 20:32:15,988][0m Trial 37 finished with value: 1.8511353731155396 and parameters: {'observation_period_num': 55, 'train_rates': 0.9680783859471974, 'learning_rate': 1.0815113134464882e-06, 'batch_size': 101, 'step_size': 8, 'gamma': 0.8521442939601838}. Best is trial 11 with value: 0.16284852288663387.[0m
[32m[I 2025-02-08 20:35:49,966][0m Trial 38 finished with value: 0.29128486717619545 and parameters: {'observation_period_num': 180, 'train_rates': 0.9412127065586955, 'learning_rate': 0.00038247563645222416, 'batch_size': 71, 'step_size': 5, 'gamma': 0.8045124514677485}. Best is trial 11 with value: 0.16284852288663387.[0m
[32m[I 2025-02-08 20:37:41,952][0m Trial 39 finished with value: 0.32130023209672226 and parameters: {'observation_period_num': 112, 'train_rates': 0.8864917599584259, 'learning_rate': 0.0001432449985901762, 'batch_size': 158, 'step_size': 9, 'gamma': 0.8815020094377821}. Best is trial 11 with value: 0.16284852288663387.[0m
[32m[I 2025-02-08 20:38:55,789][0m Trial 40 finished with value: 0.9390786878142346 and parameters: {'observation_period_num': 79, 'train_rates': 0.8463137306316646, 'learning_rate': 6.149997963412035e-05, 'batch_size': 227, 'step_size': 3, 'gamma': 0.7726269200276363}. Best is trial 11 with value: 0.16284852288663387.[0m
[32m[I 2025-02-08 20:40:10,955][0m Trial 41 finished with value: 0.28950199484825134 and parameters: {'observation_period_num': 70, 'train_rates': 0.9699874859924713, 'learning_rate': 0.000632453997009312, 'batch_size': 192, 'step_size': 11, 'gamma': 0.8040717101380535}. Best is trial 11 with value: 0.16284852288663387.[0m
[32m[I 2025-02-08 20:40:57,499][0m Trial 42 finished with value: 0.25492045283317566 and parameters: {'observation_period_num': 39, 'train_rates': 0.9888548084386448, 'learning_rate': 0.00047056216902852967, 'batch_size': 132, 'step_size': 6, 'gamma': 0.7790125016070187}. Best is trial 11 with value: 0.16284852288663387.[0m
[32m[I 2025-02-08 20:41:32,851][0m Trial 43 finished with value: 0.4061984995315815 and parameters: {'observation_period_num': 18, 'train_rates': 0.9407847090622562, 'learning_rate': 0.0007787267684301532, 'batch_size': 147, 'step_size': 12, 'gamma': 0.8175147460797676}. Best is trial 11 with value: 0.16284852288663387.[0m
[32m[I 2025-02-08 20:43:05,160][0m Trial 44 finished with value: 0.1795949637889862 and parameters: {'observation_period_num': 80, 'train_rates': 0.9896159306159776, 'learning_rate': 0.0002903796290254365, 'batch_size': 88, 'step_size': 8, 'gamma': 0.8369157226035969}. Best is trial 11 with value: 0.16284852288663387.[0m
[32m[I 2025-02-08 20:44:04,213][0m Trial 45 finished with value: 0.2717215120792389 and parameters: {'observation_period_num': 45, 'train_rates': 0.9709491734579917, 'learning_rate': 0.00027920469716235103, 'batch_size': 90, 'step_size': 8, 'gamma': 0.8344459000966822}. Best is trial 11 with value: 0.16284852288663387.[0m
[32m[I 2025-02-08 20:45:54,593][0m Trial 46 finished with value: 0.23070650128037648 and parameters: {'observation_period_num': 96, 'train_rates': 0.920059021252841, 'learning_rate': 0.00018165164698342827, 'batch_size': 58, 'step_size': 10, 'gamma': 0.8622676683442975}. Best is trial 11 with value: 0.16284852288663387.[0m
[32m[I 2025-02-08 20:46:58,195][0m Trial 47 finished with value: 0.23209841222297856 and parameters: {'observation_period_num': 58, 'train_rates': 0.9437360533599323, 'learning_rate': 0.0003064154844055596, 'batch_size': 112, 'step_size': 7, 'gamma': 0.8858367253535846}. Best is trial 11 with value: 0.16284852288663387.[0m
