[32m[I 2025-02-08 23:47:57,658][0m Trial 13 finished with value: 0.790982723236084 and parameters: {'observation_period_num': 162, 'train_rates': 0.9880351293650048, 'learning_rate': 0.0009955070794116514, 'batch_size': 58, 'step_size': 4, 'gamma': 0.9130757860506633}. Best is trial 3 with value: 0.20039063692092896.[0m
[32m[I 2025-02-08 23:49:11,831][0m Trial 14 finished with value: 0.9399527941292863 and parameters: {'observation_period_num': 71, 'train_rates': 0.9148868870669115, 'learning_rate': 4.658705875385291e-06, 'batch_size': 124, 'step_size': 15, 'gamma': 0.9874165331061046}. Best is trial 3 with value: 0.20039063692092896.[0m
Early stopping at epoch 91
[32m[I 2025-02-08 23:49:42,235][0m Trial 15 finished with value: 1.4189847066562475 and parameters: {'observation_period_num': 37, 'train_rates': 0.6021823365836094, 'learning_rate': 8.807431635428407e-05, 'batch_size': 170, 'step_size': 1, 'gamma': 0.869597573107822}. Best is trial 3 with value: 0.20039063692092896.[0m
[32m[I 2025-02-08 23:51:28,564][0m Trial 16 finished with value: 0.32293293986258026 and parameters: {'observation_period_num': 102, 'train_rates': 0.9200759760415336, 'learning_rate': 0.00046228058334353686, 'batch_size': 135, 'step_size': 10, 'gamma': 0.8650132444217382}. Best is trial 3 with value: 0.20039063692092896.[0m
[32m[I 2025-02-08 23:54:26,914][0m Trial 17 finished with value: 0.855613194498015 and parameters: {'observation_period_num': 154, 'train_rates': 0.9132797143029918, 'learning_rate': 7.828902006617187e-06, 'batch_size': 75, 'step_size': 10, 'gamma': 0.8448755066356853}. Best is trial 3 with value: 0.20039063692092896.[0m
[32m[I 2025-02-08 23:55:58,488][0m Trial 18 finished with value: 0.3570595688498806 and parameters: {'observation_period_num': 95, 'train_rates': 0.8783087507903259, 'learning_rate': 0.00016877066311220084, 'batch_size': 189, 'step_size': 15, 'gamma': 0.9384580213343061}. Best is trial 3 with value: 0.20039063692092896.[0m
[32m[I 2025-02-08 23:59:18,735][0m Trial 19 finished with value: 0.33881902142395426 and parameters: {'observation_period_num': 92, 'train_rates': 0.8599508785958745, 'learning_rate': 4.529876110880486e-05, 'batch_size': 22, 'step_size': 10, 'gamma': 0.8297178613983626}. Best is trial 3 with value: 0.20039063692092896.[0m
[32m[I 2025-02-09 00:02:18,519][0m Trial 20 finished with value: 0.7045792890222449 and parameters: {'observation_period_num': 154, 'train_rates': 0.9459515867252966, 'learning_rate': 0.0004870221303508833, 'batch_size': 108, 'step_size': 12, 'gamma': 0.9517652287509812}. Best is trial 3 with value: 0.20039063692092896.[0m
[32m[I 2025-02-09 00:03:05,148][0m Trial 21 finished with value: 0.46147146821022034 and parameters: {'observation_period_num': 41, 'train_rates': 0.9527181873831448, 'learning_rate': 0.0006274573877106308, 'batch_size': 146, 'step_size': 5, 'gamma': 0.8864144731345613}. Best is trial 3 with value: 0.20039063692092896.[0m
[32m[I 2025-02-09 00:04:39,290][0m Trial 22 finished with value: 0.3049311304533923 and parameters: {'observation_period_num': 88, 'train_rates': 0.9531380073365063, 'learning_rate': 0.00022502943536956702, 'batch_size': 127, 'step_size': 9, 'gamma': 0.8920347226896599}. Best is trial 3 with value: 0.20039063692092896.[0m
[32m[I 2025-02-09 00:06:08,834][0m Trial 23 finished with value: 0.34546234757505 and parameters: {'observation_period_num': 88, 'train_rates': 0.8696607497565968, 'learning_rate': 0.0002921417696590953, 'batch_size': 124, 'step_size': 9, 'gamma': 0.8600208114713491}. Best is trial 3 with value: 0.20039063692092896.[0m
[32m[I 2025-02-09 00:07:38,203][0m Trial 24 finished with value: 0.29294042927878244 and parameters: {'observation_period_num': 43, 'train_rates': 0.9496060524498527, 'learning_rate': 0.00014949530544014245, 'batch_size': 56, 'step_size': 9, 'gamma': 0.8946061150258603}. Best is trial 3 with value: 0.20039063692092896.[0m
[32m[I 2025-02-09 00:09:17,468][0m Trial 25 finished with value: 0.34781460226721067 and parameters: {'observation_period_num': 26, 'train_rates': 0.9466927745714886, 'learning_rate': 0.00011812497717932, 'batch_size': 50, 'step_size': 8, 'gamma': 0.9000638560244306}. Best is trial 3 with value: 0.20039063692092896.[0m
[32m[I 2025-02-09 00:10:24,694][0m Trial 26 finished with value: 0.44803881691677994 and parameters: {'observation_period_num': 47, 'train_rates': 0.8238588368921127, 'learning_rate': 3.6914905390014194e-05, 'batch_size': 67, 'step_size': 14, 'gamma': 0.9249526285411096}. Best is trial 3 with value: 0.20039063692092896.[0m
[32m[I 2025-02-09 00:12:59,808][0m Trial 27 finished with value: 0.29545852447312976 and parameters: {'observation_period_num': 134, 'train_rates': 0.9555354608079057, 'learning_rate': 0.00014995888917370635, 'batch_size': 95, 'step_size': 9, 'gamma': 0.8903198318973524}. Best is trial 3 with value: 0.20039063692092896.[0m
[32m[I 2025-02-09 00:17:02,050][0m Trial 28 finished with value: 0.4130762831880412 and parameters: {'observation_period_num': 207, 'train_rates': 0.8811338418741645, 'learning_rate': 5.204221183915871e-05, 'batch_size': 92, 'step_size': 6, 'gamma': 0.9117408599237043}. Best is trial 3 with value: 0.20039063692092896.[0m
[32m[I 2025-02-09 00:19:43,770][0m Trial 29 finished with value: 0.4286715721134015 and parameters: {'observation_period_num': 135, 'train_rates': 0.837891383134716, 'learning_rate': 0.00012276203561499668, 'batch_size': 35, 'step_size': 9, 'gamma': 0.9347481593026912}. Best is trial 3 with value: 0.20039063692092896.[0m
[32m[I 2025-02-09 00:22:26,784][0m Trial 30 finished with value: 0.60271526660238 and parameters: {'observation_period_num': 140, 'train_rates': 0.9604209270886263, 'learning_rate': 1.4164391799040726e-05, 'batch_size': 101, 'step_size': 12, 'gamma': 0.956813651525975}. Best is trial 3 with value: 0.20039063692092896.[0m
[32m[I 2025-02-09 00:23:57,613][0m Trial 31 finished with value: 0.32286354899406433 and parameters: {'observation_period_num': 82, 'train_rates': 0.9641324832167859, 'learning_rate': 0.00029797531286403206, 'batch_size': 121, 'step_size': 9, 'gamma': 0.8875641877305684}. Best is trial 3 with value: 0.20039063692092896.[0m
[32m[I 2025-02-09 00:24:58,902][0m Trial 32 finished with value: 0.31423209221274767 and parameters: {'observation_period_num': 19, 'train_rates': 0.9359535601132742, 'learning_rate': 0.00017369659738010668, 'batch_size': 82, 'step_size': 8, 'gamma': 0.9199515633857248}. Best is trial 3 with value: 0.20039063692092896.[0m
[32m[I 2025-02-09 00:26:34,697][0m Trial 33 finished with value: 0.2757340944475598 and parameters: {'observation_period_num': 49, 'train_rates': 0.8919840544118198, 'learning_rate': 0.00023762773400409022, 'batch_size': 49, 'step_size': 6, 'gamma': 0.8954923673013757}. Best is trial 3 with value: 0.20039063692092896.[0m
[32m[I 2025-02-09 00:28:24,742][0m Trial 34 finished with value: 0.28194790211329507 and parameters: {'observation_period_num': 51, 'train_rates': 0.8932801955866675, 'learning_rate': 0.00013960589734926513, 'batch_size': 43, 'step_size': 7, 'gamma': 0.8787912162422755}. Best is trial 3 with value: 0.20039063692092896.[0m
[32m[I 2025-02-09 00:30:07,942][0m Trial 35 finished with value: 0.3113288829889012 and parameters: {'observation_period_num': 52, 'train_rates': 0.8965938886788954, 'learning_rate': 7.039104524403962e-05, 'batch_size': 46, 'step_size': 7, 'gamma': 0.8267535367278978}. Best is trial 3 with value: 0.20039063692092896.[0m
[32m[I 2025-02-09 00:33:46,049][0m Trial 36 finished with value: 0.5829436631074973 and parameters: {'observation_period_num': 14, 'train_rates': 0.7861186915107666, 'learning_rate': 0.00025590647522152107, 'batch_size': 19, 'step_size': 5, 'gamma': 0.8513375377283463}. Best is trial 3 with value: 0.20039063692092896.[0m
[32m[I 2025-02-09 00:34:54,740][0m Trial 37 finished with value: 0.6204593387481413 and parameters: {'observation_period_num': 55, 'train_rates': 0.8428707804663026, 'learning_rate': 0.00040340309921509294, 'batch_size': 67, 'step_size': 6, 'gamma': 0.9343937370295539}. Best is trial 3 with value: 0.20039063692092896.[0m
[32m[I 2025-02-09 00:35:29,461][0m Trial 38 finished with value: 0.3306172225210402 and parameters: {'observation_period_num': 32, 'train_rates': 0.8895250088587974, 'learning_rate': 0.00023624739341474864, 'batch_size': 234, 'step_size': 7, 'gamma': 0.878786526335889}. Best is trial 3 with value: 0.20039063692092896.[0m
[32m[I 2025-02-09 00:37:14,428][0m Trial 39 finished with value: 0.724622868853264 and parameters: {'observation_period_num': 6, 'train_rates': 0.7659199004931142, 'learning_rate': 9.721626417814063e-05, 'batch_size': 39, 'step_size': 6, 'gamma': 0.9032841721467297}. Best is trial 3 with value: 0.20039063692092896.[0m
[32m[I 2025-02-09 00:39:19,014][0m Trial 40 finished with value: 0.6940677756588208 and parameters: {'observation_period_num': 110, 'train_rates': 0.9233567258305576, 'learning_rate': 0.0006447298925199561, 'batch_size': 59, 'step_size': 5, 'gamma': 0.8586983228963506}. Best is trial 3 with value: 0.20039063692092896.[0m
[32m[I 2025-02-09 00:42:52,841][0m Trial 41 finished with value: 0.175631582736969 and parameters: {'observation_period_num': 181, 'train_rates': 0.9710162656026622, 'learning_rate': 0.00014546329805374848, 'batch_size': 86, 'step_size': 8, 'gamma': 0.8977533789367159}. Best is trial 41 with value: 0.175631582736969.[0m
[32m[I 2025-02-09 00:48:43,461][0m Trial 42 finished with value: 0.35232979193162384 and parameters: {'observation_period_num': 246, 'train_rates': 0.9674478356933782, 'learning_rate': 0.00036319410342522445, 'batch_size': 28, 'step_size': 7, 'gamma': 0.908828035499747}. Best is trial 41 with value: 0.175631582736969.[0m
[32m[I 2025-02-09 00:52:48,538][0m Trial 43 finished with value: 0.30969475507736205 and parameters: {'observation_period_num': 201, 'train_rates': 0.9274733740277683, 'learning_rate': 0.00013215399466567698, 'batch_size': 80, 'step_size': 8, 'gamma': 0.8801100597537385}. Best is trial 41 with value: 0.175631582736969.[0m
[32m[I 2025-02-09 00:56:21,257][0m Trial 44 finished with value: 0.18891821893644922 and parameters: {'observation_period_num': 175, 'train_rates': 0.9711987492213587, 'learning_rate': 6.524278898950269e-05, 'batch_size': 56, 'step_size': 11, 'gamma': 0.8979196584807307}. Best is trial 41 with value: 0.175631582736969.[0m
[32m[I 2025-02-09 01:00:10,629][0m Trial 45 finished with value: 0.15939933314161786 and parameters: {'observation_period_num': 178, 'train_rates': 0.9790328105067794, 'learning_rate': 6.129374536809053e-05, 'batch_size': 44, 'step_size': 11, 'gamma': 0.9203090949766259}. Best is trial 45 with value: 0.15939933314161786.[0m
[32m[I 2025-02-09 01:03:48,125][0m Trial 46 finished with value: 0.2892697961891399 and parameters: {'observation_period_num': 181, 'train_rates': 0.9693896407376466, 'learning_rate': 2.7114424350777107e-05, 'batch_size': 67, 'step_size': 12, 'gamma': 0.9448646785006897}. Best is trial 45 with value: 0.15939933314161786.[0m
[32m[I 2025-02-09 01:07:37,214][0m Trial 47 finished with value: 0.16478325269724192 and parameters: {'observation_period_num': 175, 'train_rates': 0.9798202337111294, 'learning_rate': 7.365042777024319e-05, 'batch_size': 30, 'step_size': 14, 'gamma': 0.9228442102112777}. Best is trial 45 with value: 0.15939933314161786.[0m
[32m[I 2025-02-09 01:11:40,698][0m Trial 48 finished with value: 0.16897441123922666 and parameters: {'observation_period_num': 182, 'train_rates': 0.9786898933172471, 'learning_rate': 7.408720409640251e-05, 'batch_size': 31, 'step_size': 14, 'gamma': 0.9231042059408024}. Best is trial 45 with value: 0.15939933314161786.[0m
