[32m[I 2025-02-08 16:43:21,359][0m Trial 16 finished with value: 0.7114360501989723 and parameters: {'observation_period_num': 135, 'train_rates': 0.7733217668831874, 'learning_rate': 0.0002472279203172797, 'batch_size': 53, 'step_size': 7, 'gamma': 0.9103672377170733}. Best is trial 15 with value: 0.2942405414911127.[0m
[32m[I 2025-02-08 16:45:21,358][0m Trial 17 finished with value: 0.20554834604263306 and parameters: {'observation_period_num': 107, 'train_rates': 0.9883859765226244, 'learning_rate': 7.145178281004205e-05, 'batch_size': 81, 'step_size': 5, 'gamma': 0.9110048568253512}. Best is trial 17 with value: 0.20554834604263306.[0m
[32m[I 2025-02-08 16:48:13,714][0m Trial 18 finished with value: 0.21505073927066945 and parameters: {'observation_period_num': 59, 'train_rates': 0.9815943314241345, 'learning_rate': 0.00030370257590868607, 'batch_size': 29, 'step_size': 6, 'gamma': 0.9182004337973942}. Best is trial 17 with value: 0.20554834604263306.[0m
[32m[I 2025-02-08 16:53:19,062][0m Trial 19 finished with value: 0.2612586959203084 and parameters: {'observation_period_num': 43, 'train_rates': 0.9745631032300903, 'learning_rate': 0.0003893345796131041, 'batch_size': 16, 'step_size': 4, 'gamma': 0.9230586489917675}. Best is trial 17 with value: 0.20554834604263306.[0m
[32m[I 2025-02-08 16:55:50,397][0m Trial 20 finished with value: 0.6888492261541301 and parameters: {'observation_period_num': 75, 'train_rates': 0.9800747420289991, 'learning_rate': 0.0009718167698184749, 'batch_size': 33, 'step_size': 6, 'gamma': 0.89338942554649}. Best is trial 17 with value: 0.20554834604263306.[0m
[32m[I 2025-02-08 16:59:48,948][0m Trial 21 finished with value: 0.17699102063973746 and parameters: {'observation_period_num': 27, 'train_rates': 0.9877336907855799, 'learning_rate': 0.00027967116655799586, 'batch_size': 21, 'step_size': 3, 'gamma': 0.9235144343912718}. Best is trial 21 with value: 0.17699102063973746.[0m
[32m[I 2025-02-08 17:00:54,989][0m Trial 22 finished with value: 0.2629027014805211 and parameters: {'observation_period_num': 25, 'train_rates': 0.9508902209381803, 'learning_rate': 0.00030989277219867987, 'batch_size': 77, 'step_size': 3, 'gamma': 0.9315071595279127}. Best is trial 21 with value: 0.17699102063973746.[0m
[32m[I 2025-02-08 17:03:08,356][0m Trial 23 finished with value: 0.2812200004379906 and parameters: {'observation_period_num': 60, 'train_rates': 0.8848991004139317, 'learning_rate': 8.68697613908385e-05, 'batch_size': 35, 'step_size': 3, 'gamma': 0.9585989190127128}. Best is trial 21 with value: 0.17699102063973746.[0m
[32m[I 2025-02-08 17:05:33,476][0m Trial 24 finished with value: 0.39027525561636894 and parameters: {'observation_period_num': 109, 'train_rates': 0.9392121430160854, 'learning_rate': 0.0004208402213917052, 'batch_size': 33, 'step_size': 5, 'gamma': 0.9031768254425958}. Best is trial 21 with value: 0.17699102063973746.[0m
[32m[I 2025-02-08 17:06:43,487][0m Trial 25 finished with value: 0.15648534893989563 and parameters: {'observation_period_num': 32, 'train_rates': 0.988444807986931, 'learning_rate': 0.00019833952909232067, 'batch_size': 76, 'step_size': 8, 'gamma': 0.8751645873885653}. Best is trial 25 with value: 0.15648534893989563.[0m
[32m[I 2025-02-08 17:07:46,848][0m Trial 26 finished with value: 0.2723519787284898 and parameters: {'observation_period_num': 33, 'train_rates': 0.9450418335705734, 'learning_rate': 0.00013409148384019843, 'batch_size': 79, 'step_size': 9, 'gamma': 0.8696523801030446}. Best is trial 25 with value: 0.15648534893989563.[0m
[32m[I 2025-02-08 17:09:08,690][0m Trial 27 finished with value: 1.0907821655273438 and parameters: {'observation_period_num': 6, 'train_rates': 0.988177074328675, 'learning_rate': 1.1169884083066108e-06, 'batch_size': 63, 'step_size': 8, 'gamma': 0.8375296894646849}. Best is trial 25 with value: 0.15648534893989563.[0m
Early stopping at epoch 54
[32m[I 2025-02-08 17:09:30,794][0m Trial 28 finished with value: 1.5863176885160428 and parameters: {'observation_period_num': 26, 'train_rates': 0.8948692954195998, 'learning_rate': 1.9171971616046574e-05, 'batch_size': 126, 'step_size': 1, 'gamma': 0.8078498571638517}. Best is trial 25 with value: 0.15648534893989563.[0m
[32m[I 2025-02-08 17:10:02,754][0m Trial 29 finished with value: 0.5084059150426979 and parameters: {'observation_period_num': 17, 'train_rates': 0.8480994305127694, 'learning_rate': 0.00021488526624709704, 'batch_size': 150, 'step_size': 2, 'gamma': 0.9315811229612078}. Best is trial 25 with value: 0.15648534893989563.[0m
[32m[I 2025-02-08 17:11:56,963][0m Trial 30 finished with value: 0.37717093899846077 and parameters: {'observation_period_num': 102, 'train_rates': 0.9523625074109183, 'learning_rate': 9.810192116563405e-05, 'batch_size': 85, 'step_size': 5, 'gamma': 0.8572969601336252}. Best is trial 25 with value: 0.15648534893989563.[0m
[32m[I 2025-02-08 17:13:44,985][0m Trial 31 finished with value: 0.1665625274181366 and parameters: {'observation_period_num': 69, 'train_rates': 0.986335800106204, 'learning_rate': 0.00020368414348851627, 'batch_size': 47, 'step_size': 6, 'gamma': 0.8785993989337706}. Best is trial 25 with value: 0.15648534893989563.[0m
[32m[I 2025-02-08 17:15:25,282][0m Trial 32 finished with value: 0.2306273912912921 and parameters: {'observation_period_num': 75, 'train_rates': 0.9607027060005028, 'learning_rate': 0.00019605527140230267, 'batch_size': 51, 'step_size': 7, 'gamma': 0.8886172536843306}. Best is trial 25 with value: 0.15648534893989563.[0m
[32m[I 2025-02-08 17:17:16,392][0m Trial 33 finished with value: 0.3458191603422165 and parameters: {'observation_period_num': 39, 'train_rates': 0.9570401104896569, 'learning_rate': 0.0004361901063311915, 'batch_size': 45, 'step_size': 3, 'gamma': 0.878036657873971}. Best is trial 25 with value: 0.15648534893989563.[0m
[32m[I 2025-02-08 17:18:21,578][0m Trial 34 finished with value: 0.6470499335658932 and parameters: {'observation_period_num': 68, 'train_rates': 0.8057365561417558, 'learning_rate': 5.7793008593432525e-05, 'batch_size': 250, 'step_size': 6, 'gamma': 0.9019880987488589}. Best is trial 25 with value: 0.15648534893989563.[0m
[32m[I 2025-02-08 17:19:33,233][0m Trial 35 finished with value: 0.23637494444847107 and parameters: {'observation_period_num': 48, 'train_rates': 0.9890289482482778, 'learning_rate': 2.9741883776233316e-05, 'batch_size': 73, 'step_size': 4, 'gamma': 0.9687159154557884}. Best is trial 25 with value: 0.15648534893989563.[0m
[32m[I 2025-02-08 17:21:10,744][0m Trial 36 finished with value: 0.24693747047040102 and parameters: {'observation_period_num': 87, 'train_rates': 0.9034102528147001, 'learning_rate': 0.00012541617838946685, 'batch_size': 58, 'step_size': 9, 'gamma': 0.9376499257663856}. Best is trial 25 with value: 0.15648534893989563.[0m
[32m[I 2025-02-08 17:23:32,486][0m Trial 37 finished with value: 0.9483442140950097 and parameters: {'observation_period_num': 153, 'train_rates': 0.6917622251400346, 'learning_rate': 0.0006086161572527723, 'batch_size': 92, 'step_size': 2, 'gamma': 0.8556681231406216}. Best is trial 25 with value: 0.15648534893989563.[0m
[32m[I 2025-02-08 17:24:17,419][0m Trial 38 finished with value: 0.2807457745075226 and parameters: {'observation_period_num': 15, 'train_rates': 0.9620862985019908, 'learning_rate': 0.0001628549039681086, 'batch_size': 117, 'step_size': 6, 'gamma': 0.8721475623996238}. Best is trial 25 with value: 0.15648534893989563.[0m
[32m[I 2025-02-08 17:26:22,388][0m Trial 39 finished with value: 0.36939532625675203 and parameters: {'observation_period_num': 106, 'train_rates': 0.8687320692574153, 'learning_rate': 3.184887257682143e-05, 'batch_size': 43, 'step_size': 9, 'gamma': 0.8998743045202382}. Best is trial 25 with value: 0.15648534893989563.[0m
[32m[I 2025-02-08 17:27:46,093][0m Trial 40 finished with value: 0.3107535365571831 and parameters: {'observation_period_num': 70, 'train_rates': 0.9318779987640138, 'learning_rate': 9.194954773282558e-05, 'batch_size': 69, 'step_size': 5, 'gamma': 0.8819811866476356}. Best is trial 25 with value: 0.15648534893989563.[0m
[32m[I 2025-02-08 17:30:58,137][0m Trial 41 finished with value: 0.2062551294054304 and parameters: {'observation_period_num': 60, 'train_rates': 0.985740386612308, 'learning_rate': 0.00027206572722457254, 'batch_size': 26, 'step_size': 6, 'gamma': 0.9188494735050725}. Best is trial 25 with value: 0.15648534893989563.[0m
[32m[I 2025-02-08 17:34:23,378][0m Trial 42 finished with value: 0.2479552924633026 and parameters: {'observation_period_num': 94, 'train_rates': 0.9681287046090687, 'learning_rate': 0.00024451157020283573, 'batch_size': 24, 'step_size': 7, 'gamma': 0.9203545267410076}. Best is trial 25 with value: 0.15648534893989563.[0m
[32m[I 2025-02-08 17:36:28,220][0m Trial 43 finished with value: 0.7556681420543406 and parameters: {'observation_period_num': 32, 'train_rates': 0.965513541105897, 'learning_rate': 0.0005130834164959586, 'batch_size': 40, 'step_size': 4, 'gamma': 0.9473262492501724}. Best is trial 25 with value: 0.15648534893989563.[0m
[32m[I 2025-02-08 17:38:08,445][0m Trial 44 finished with value: 0.33549491975499296 and parameters: {'observation_period_num': 81, 'train_rates': 0.9398121393867738, 'learning_rate': 0.0003213051186035226, 'batch_size': 53, 'step_size': 8, 'gamma': 0.9569874374328404}. Best is trial 25 with value: 0.15648534893989563.[0m
[32m[I 2025-02-08 17:41:41,913][0m Trial 45 finished with value: 1.0117474667472985 and parameters: {'observation_period_num': 50, 'train_rates': 0.9098066681427686, 'learning_rate': 0.000972860592732923, 'batch_size': 22, 'step_size': 5, 'gamma': 0.9283648325075282}. Best is trial 25 with value: 0.15648534893989563.[0m
[32m[I 2025-02-08 17:42:45,171][0m Trial 46 finished with value: 0.38198623061180115 and parameters: {'observation_period_num': 60, 'train_rates': 0.988512252295461, 'learning_rate': 0.00017985584729986824, 'batch_size': 181, 'step_size': 3, 'gamma': 0.8446854760537489}. Best is trial 25 with value: 0.15648534893989563.[0m
[32m[I 2025-02-08 17:44:06,071][0m Trial 47 finished with value: 0.8876981076919358 and parameters: {'observation_period_num': 23, 'train_rates': 0.6143670059050864, 'learning_rate': 0.00012524012908199662, 'batch_size': 43, 'step_size': 6, 'gamma': 0.9072821825921783}. Best is trial 25 with value: 0.15648534893989563.[0m
[32m[I 2025-02-08 17:46:09,718][0m Trial 48 finished with value: 0.4033139851028563 and parameters: {'observation_period_num': 121, 'train_rates': 0.9221493726220982, 'learning_rate': 4.886369960194184e-05, 'batch_size': 109, 'step_size': 10, 'gamma': 0.8904906950937603}. Best is trial 25 with value: 0.15648534893989563.[0m
[32m[I 2025-02-08 17:47:07,281][0m Trial 49 finished with value: 0.2161957025527954 and parameters: {'observation_period_num': 36, 'train_rates': 0.972143761788901, 'learning_rate': 0.0002544471622527665, 'batch_size': 90, 'step_size': 8, 'gamma': 0.8222674264813737}. Best is trial 25 with value: 0.15648534893989563.[0m
seasonal_0 „ÅÆÊúÄÈÅ©„Éè„Ç§„Éë„Éº„Éë„É©„É°„Éº„Çø„ÅåË¶ã„Å§„Åã„Çä„Åæ„Åó„Åü
ÊúÄÈÅ©ÂåñÂØæË±°: seasonal_1
[32m[I 2025-02-08 17:47:07,458][0m A new study created in memory with name: no-name-2e36c854-95a8-4b4a-b9b4-176885c18838[0m
[32m[I 2025-02-08 17:50:43,478][0m Trial 0 finished with value: 0.33429282903671265 and parameters: {'observation_period_num': 183, 'train_rates': 0.9739909517459032, 'learning_rate': 0.0007686917514004862, 'batch_size': 184, 'step_size': 10, 'gamma': 0.7663662431735137}. Best is trial 0 with value: 0.33429282903671265.[0m
[32m[I 2025-02-08 17:52:15,169][0m Trial 1 finished with value: 0.3003624757895103 and parameters: {'observation_period_num': 90, 'train_rates': 0.8821604959258882, 'learning_rate': 0.0003533245164660738, 'batch_size': 143, 'step_size': 15, 'gamma': 0.8695221176694607}. Best is trial 1 with value: 0.3003624757895103.[0m
Early stopping at epoch 86
[32m[I 2025-02-08 17:54:04,306][0m Trial 2 finished with value: 1.1801141292759867 and parameters: {'observation_period_num': 97, 'train_rates': 0.9540711572659769, 'learning_rate': 1.1997375389896226e-05, 'batch_size': 41, 'step_size': 1, 'gamma': 0.874107423116377}. Best is trial 1 with value: 0.3003624757895103.[0m
[32m[I 2025-02-08 17:55:28,625][0m Trial 3 finished with value: 1.1491026057888138 and parameters: {'observation_period_num': 98, 'train_rates': 0.6546399087957011, 'learning_rate': 0.0003087697345495952, 'batch_size': 112, 'step_size': 15, 'gamma': 0.9727588218385139}. Best is trial 1 with value: 0.3003624757895103.[0m
[32m[I 2025-02-08 17:57:38,070][0m Trial 4 finished with value: 0.6421477262962592 and parameters: {'observation_period_num': 132, 'train_rates': 0.7737838272552892, 'learning_rate': 0.00046137113644962875, 'batch_size': 205, 'step_size': 9, 'gamma': 0.9494415469399682}. Best is trial 1 with value: 0.3003624757895103.[0m
[32m[I 2025-02-08 18:00:53,023][0m Trial 5 finished with value: 0.8444473159880223 and parameters: {'observation_period_num': 200, 'train_rates': 0.6796788135282616, 'learning_rate': 0.00011991955293416066, 'batch_size': 173, 'step_size': 5, 'gamma': 0.9120392265225671}. Best is trial 1 with value: 0.3003624757895103.[0m
[32m[I 2025-02-08 18:02:10,886][0m Trial 6 finished with value: 0.9639955765629417 and parameters: {'observation_period_num': 73, 'train_rates': 0.7803495222181538, 'learning_rate': 0.0007226735443595295, 'batch_size': 61, 'step_size': 8, 'gamma': 0.8595609721457946}. Best is trial 1 with value: 0.3003624757895103.[0m
[32m[I 2025-02-08 18:06:14,357][0m Trial 7 finished with value: 0.7476491781773867 and parameters: {'observation_period_num': 216, 'train_rates': 0.8381601315613748, 'learning_rate': 3.6207467777331146e-05, 'batch_size': 215, 'step_size': 6, 'gamma': 0.8973019551158421}. Best is trial 1 with value: 0.3003624757895103.[0m
[32m[I 2025-02-08 18:08:19,940][0m Trial 8 finished with value: 1.0023893247235496 and parameters: {'observation_period_num': 145, 'train_rates': 0.6607515291230582, 'learning_rate': 0.00010008196269590903, 'batch_size': 234, 'step_size': 11, 'gamma': 0.9171804186072491}. Best is trial 1 with value: 0.3003624757895103.[0m
[32m[I 2025-02-08 18:13:20,507][0m Trial 9 finished with value: 0.27552669171024774 and parameters: {'observation_period_num': 243, 'train_rates': 0.9062894231153085, 'learning_rate': 0.00018272128990178796, 'batch_size': 143, 'step_size': 5, 'gamma': 0.9459631457666899}. Best is trial 9 with value: 0.27552669171024774.[0m
Early stopping at epoch 46
[32m[I 2025-02-08 18:15:43,027][0m Trial 10 finished with value: 2.5673396083670603 and parameters: {'observation_period_num': 246, 'train_rates': 0.8952395740887822, 'learning_rate': 1.4354378151727652e-06, 'batch_size': 112, 'step_size': 1, 'gamma': 0.8072624890111892}. Best is trial 9 with value: 0.27552669171024774.[0m
[32m[I 2025-02-08 18:16:16,825][0m Trial 11 finished with value: 0.27505080458305614 and parameters: {'observation_period_num': 27, 'train_rates': 0.8920857105561927, 'learning_rate': 0.00014082826431644955, 'batch_size': 147, 'step_size': 15, 'gamma': 0.8344222706750334}. Best is trial 11 with value: 0.27505080458305614.[0m
[32m[I 2025-02-08 18:16:58,515][0m Trial 12 finished with value: 0.6969341977658975 and parameters: {'observation_period_num': 37, 'train_rates': 0.9141396634765915, 'learning_rate': 4.427497542557534e-05, 'batch_size': 141, 'step_size': 4, 'gamma': 0.8130094316585165}. Best is trial 11 with value: 0.27505080458305614.[0m
[32m[I 2025-02-08 18:17:49,556][0m Trial 13 finished with value: 0.6242183499892239 and parameters: {'observation_period_num': 5, 'train_rates': 0.8288293510287001, 'learning_rate': 6.824857556666977e-06, 'batch_size': 90, 'step_size': 12, 'gamma': 0.9881038118437298}. Best is trial 11 with value: 0.27505080458305614.[0m
[32m[I 2025-02-08 18:20:31,752][0m Trial 14 finished with value: 0.778686012270586 and parameters: {'observation_period_num': 175, 'train_rates': 0.7280267078989575, 'learning_rate': 0.00012848890637665595, 'batch_size': 160, 'step_size': 7, 'gamma': 0.8284452421796151}. Best is trial 11 with value: 0.27505080458305614.[0m
[32m[I 2025-02-08 18:25:16,738][0m Trial 15 finished with value: 0.7056180265370537 and parameters: {'observation_period_num': 247, 'train_rates': 0.84322147856361, 'learning_rate': 1.3233404747171172e-05, 'batch_size': 88, 'step_size': 13, 'gamma': 0.7706335000189246}. Best is trial 11 with value: 0.27505080458305614.[0m
[32m[I 2025-02-08 18:26:09,137][0m Trial 16 finished with value: 0.3069793546020086 and parameters: {'observation_period_num': 47, 'train_rates': 0.9318683730946256, 'learning_rate': 0.00022268950543126442, 'batch_size': 119, 'step_size': 3, 'gamma': 0.9336245732448493}. Best is trial 11 with value: 0.27505080458305614.[0m
[32m[I 2025-02-08 18:29:10,729][0m Trial 17 finished with value: 0.6635868549346924 and parameters: {'observation_period_num': 155, 'train_rates': 0.989138170566501, 'learning_rate': 8.073825806242027e-05, 'batch_size': 254, 'step_size': 3, 'gamma': 0.8403916624274596}. Best is trial 11 with value: 0.27505080458305614.[0m
[32m[I 2025-02-08 18:32:49,852][0m Trial 18 finished with value: 0.23046986884045823 and parameters: {'observation_period_num': 19, 'train_rates': 0.8907311352022653, 'learning_rate': 4.719223100012589e-05, 'batch_size': 21, 'step_size': 13, 'gamma': 0.7856887690503724}. Best is trial 18 with value: 0.23046986884045823.[0m
[32m[I 2025-02-08 18:35:06,903][0m Trial 19 finished with value: 0.8723125345487561 and parameters: {'observation_period_num': 13, 'train_rates': 0.6086517553129912, 'learning_rate': 1.989633190888301e-05, 'batch_size': 25, 'step_size': 13, 'gamma': 0.7881779066931679}. Best is trial 18 with value: 0.23046986884045823.[0m
[32m[I 2025-02-08 18:36:11,525][0m Trial 20 finished with value: 1.0964038496897406 and parameters: {'observation_period_num': 45, 'train_rates': 0.8625513638508228, 'learning_rate': 4.194601742846633e-06, 'batch_size': 72, 'step_size': 14, 'gamma': 0.7524622796982784}. Best is trial 18 with value: 0.23046986884045823.[0m
[32m[I 2025-02-08 18:36:45,287][0m Trial 21 finished with value: 0.42623251323637207 and parameters: {'observation_period_num': 24, 'train_rates': 0.922343393504812, 'learning_rate': 5.469205224604592e-05, 'batch_size': 157, 'step_size': 12, 'gamma': 0.7943898129086941}. Best is trial 18 with value: 0.23046986884045823.[0m
[32m[I 2025-02-08 18:37:45,910][0m Trial 22 finished with value: 0.47696790276864254 and parameters: {'observation_period_num': 65, 'train_rates': 0.8116734967993714, 'learning_rate': 0.00025340259556404617, 'batch_size': 185, 'step_size': 14, 'gamma': 0.84126565285413}. Best is trial 18 with value: 0.23046986884045823.[0m
[32m[I 2025-02-08 18:39:44,545][0m Trial 23 finished with value: 0.29739084218939144 and parameters: {'observation_period_num': 114, 'train_rates': 0.8734304973508737, 'learning_rate': 0.00016964279398589947, 'batch_size': 130, 'step_size': 10, 'gamma': 0.8278608926753563}. Best is trial 18 with value: 0.23046986884045823.[0m
[32m[I 2025-02-08 18:41:05,354][0m Trial 24 finished with value: 0.3068704931127945 and parameters: {'observation_period_num': 73, 'train_rates': 0.9484601890119752, 'learning_rate': 7.34154657753749e-05, 'batch_size': 97, 'step_size': 7, 'gamma': 0.892586958410648}. Best is trial 18 with value: 0.23046986884045823.[0m
[32m[I 2025-02-08 18:42:38,750][0m Trial 25 finished with value: 0.29093154331746574 and parameters: {'observation_period_num': 28, 'train_rates': 0.8933687980888785, 'learning_rate': 2.9285433207812862e-05, 'batch_size': 51, 'step_size': 14, 'gamma': 0.95653271005977}. Best is trial 18 with value: 0.23046986884045823.[0m
[32m[I 2025-02-08 18:47:06,379][0m Trial 26 finished with value: 0.7709083988931444 and parameters: {'observation_period_num': 222, 'train_rates': 0.7534605638919075, 'learning_rate': 0.00017145217355982826, 'batch_size': 24, 'step_size': 5, 'gamma': 0.7869153706764317}. Best is trial 18 with value: 0.23046986884045823.[0m
[32m[I 2025-02-08 18:47:57,605][0m Trial 27 finished with value: 0.4863789268235719 and parameters: {'observation_period_num': 57, 'train_rates': 0.8062917357635214, 'learning_rate': 0.0005165549320394895, 'batch_size': 156, 'step_size': 15, 'gamma': 0.8464512778553266}. Best is trial 18 with value: 0.23046986884045823.[0m
[32m[I 2025-02-08 18:49:53,557][0m Trial 28 finished with value: 0.6988519779881652 and parameters: {'observation_period_num': 119, 'train_rates': 0.8621322484205483, 'learning_rate': 2.284114196575714e-05, 'batch_size': 199, 'step_size': 12, 'gamma': 0.8110125525099642}. Best is trial 18 with value: 0.23046986884045823.[0m
[32m[I 2025-02-08 18:53:23,618][0m Trial 29 finished with value: 0.5734254717826843 and parameters: {'observation_period_num': 178, 'train_rates': 0.9643578994704809, 'learning_rate': 6.10841446311012e-05, 'batch_size': 175, 'step_size': 10, 'gamma': 0.7632616952223288}. Best is trial 18 with value: 0.23046986884045823.[0m
[32m[I 2025-02-08 18:56:17,954][0m Trial 30 finished with value: 0.385303309158637 and parameters: {'observation_period_num': 156, 'train_rates': 0.907313972716668, 'learning_rate': 0.0008387875115822493, 'batch_size': 129, 'step_size': 9, 'gamma': 0.775238574966029}. Best is trial 18 with value: 0.23046986884045823.[0m
[32m[I 2025-02-08 18:57:40,252][0m Trial 31 finished with value: 0.35329971499741075 and parameters: {'observation_period_num': 25, 'train_rates': 0.8910463426124389, 'learning_rate': 1.7025218493021395e-05, 'batch_size': 58, 'step_size': 14, 'gamma': 0.9549145560469579}. Best is trial 18 with value: 0.23046986884045823.[0m
