ÊúÄÈÅ©ÂåñÂØæË±°: trend
[32m[I 2025-02-08 13:08:16,765][0m A new study created in memory with name: no-name-5cffed53-ec29-4688-9b1d-bd5732323038[0m
[32m[I 2025-02-08 13:12:32,590][0m Trial 0 finished with value: 0.5435553675727226 and parameters: {'observation_period_num': 231, 'train_rates': 0.7851728504128653, 'learning_rate': 0.0003320870235149974, 'batch_size': 54, 'step_size': 7, 'gamma': 0.8027675670662362}. Best is trial 0 with value: 0.5435553675727226.[0m
[32m[I 2025-02-08 13:13:16,734][0m Trial 1 finished with value: 0.7395526062811317 and parameters: {'observation_period_num': 45, 'train_rates': 0.8768040006356905, 'learning_rate': 2.0074844054500888e-05, 'batch_size': 235, 'step_size': 9, 'gamma': 0.8979773051164688}. Best is trial 0 with value: 0.5435553675727226.[0m
[32m[I 2025-02-08 13:15:58,346][0m Trial 2 finished with value: 1.0603037387785683 and parameters: {'observation_period_num': 173, 'train_rates': 0.6395870092738573, 'learning_rate': 0.00019126116957690712, 'batch_size': 50, 'step_size': 8, 'gamma': 0.8642349645700727}. Best is trial 0 with value: 0.5435553675727226.[0m
[32m[I 2025-02-08 13:16:36,158][0m Trial 3 finished with value: 0.8392526964503011 and parameters: {'observation_period_num': 39, 'train_rates': 0.782633653388313, 'learning_rate': 3.776347037993432e-05, 'batch_size': 193, 'step_size': 15, 'gamma': 0.854610035144069}. Best is trial 0 with value: 0.5435553675727226.[0m
[32m[I 2025-02-08 13:17:07,802][0m Trial 4 finished with value: 1.0325421466097713 and parameters: {'observation_period_num': 36, 'train_rates': 0.6152158897203874, 'learning_rate': 5.4403091785886096e-05, 'batch_size': 188, 'step_size': 10, 'gamma': 0.9286440180467457}. Best is trial 0 with value: 0.5435553675727226.[0m
[32m[I 2025-02-08 13:17:50,200][0m Trial 5 finished with value: 0.8135684742144361 and parameters: {'observation_period_num': 55, 'train_rates': 0.620473147873385, 'learning_rate': 9.462897728028551e-05, 'batch_size': 198, 'step_size': 15, 'gamma': 0.9190952982966891}. Best is trial 0 with value: 0.5435553675727226.[0m
[32m[I 2025-02-08 13:18:16,296][0m Trial 6 finished with value: 0.7189673581077565 and parameters: {'observation_period_num': 19, 'train_rates': 0.7518547080048157, 'learning_rate': 0.0006431399637007542, 'batch_size': 181, 'step_size': 6, 'gamma': 0.7582488503437479}. Best is trial 0 with value: 0.5435553675727226.[0m
[32m[I 2025-02-08 13:21:43,554][0m Trial 7 finished with value: 1.1147445365912194 and parameters: {'observation_period_num': 172, 'train_rates': 0.7872037621416781, 'learning_rate': 2.446057185654013e-06, 'batch_size': 26, 'step_size': 7, 'gamma': 0.8618453729135116}. Best is trial 0 with value: 0.5435553675727226.[0m
[32m[I 2025-02-08 13:25:13,394][0m Trial 8 finished with value: 0.9370774067582691 and parameters: {'observation_period_num': 207, 'train_rates': 0.6953422839076172, 'learning_rate': 0.0001466651176842944, 'batch_size': 65, 'step_size': 10, 'gamma': 0.8136589012399724}. Best is trial 0 with value: 0.5435553675727226.[0m
[32m[I 2025-02-08 13:27:24,707][0m Trial 9 finished with value: 0.7139427729360812 and parameters: {'observation_period_num': 78, 'train_rates': 0.7539492419211553, 'learning_rate': 0.00012033150069623244, 'batch_size': 31, 'step_size': 12, 'gamma': 0.756275157442976}. Best is trial 0 with value: 0.5435553675727226.[0m
[32m[I 2025-02-08 13:32:29,488][0m Trial 10 finished with value: 0.5006659626960754 and parameters: {'observation_period_num': 234, 'train_rates': 0.9785924043752284, 'learning_rate': 0.0008737358228069066, 'batch_size': 104, 'step_size': 2, 'gamma': 0.9762108529224213}. Best is trial 10 with value: 0.5006659626960754.[0m
[32m[I 2025-02-08 13:37:30,998][0m Trial 11 finished with value: 0.2891277074813843 and parameters: {'observation_period_num': 234, 'train_rates': 0.9674763563284569, 'learning_rate': 0.00046851255887749894, 'batch_size': 108, 'step_size': 1, 'gamma': 0.9831612704017578}. Best is trial 11 with value: 0.2891277074813843.[0m
[32m[I 2025-02-08 13:42:40,575][0m Trial 12 finished with value: 0.3190086781978607 and parameters: {'observation_period_num': 237, 'train_rates': 0.9826420625905944, 'learning_rate': 0.0007536835801336504, 'batch_size': 112, 'step_size': 1, 'gamma': 0.9853758437938133}. Best is trial 11 with value: 0.2891277074813843.[0m
[32m[I 2025-02-08 13:45:11,374][0m Trial 13 finished with value: 0.7454578280448914 and parameters: {'observation_period_num': 131, 'train_rates': 0.9884730395515061, 'learning_rate': 8.487991864942911e-06, 'batch_size': 122, 'step_size': 1, 'gamma': 0.9861842740094963}. Best is trial 11 with value: 0.2891277074813843.[0m
[32m[I 2025-02-08 13:50:25,232][0m Trial 14 finished with value: 0.2577028463245819 and parameters: {'observation_period_num': 249, 'train_rates': 0.9045088001389682, 'learning_rate': 0.00040864548539001173, 'batch_size': 96, 'step_size': 4, 'gamma': 0.9565861277956662}. Best is trial 14 with value: 0.2577028463245819.[0m
[32m[I 2025-02-08 13:54:20,472][0m Trial 15 finished with value: 0.2851264866971478 and parameters: {'observation_period_num': 198, 'train_rates': 0.8948235363003316, 'learning_rate': 0.000302967918992926, 'batch_size': 86, 'step_size': 4, 'gamma': 0.9505239229031516}. Best is trial 14 with value: 0.2577028463245819.[0m
[32m[I 2025-02-08 13:57:55,429][0m Trial 16 finished with value: 0.2879464651675934 and parameters: {'observation_period_num': 190, 'train_rates': 0.8813706322948461, 'learning_rate': 0.00027990005282140553, 'batch_size': 154, 'step_size': 4, 'gamma': 0.9337074372364351}. Best is trial 14 with value: 0.2577028463245819.[0m
[32m[I 2025-02-08 14:00:04,741][0m Trial 17 finished with value: 0.5758221145948706 and parameters: {'observation_period_num': 122, 'train_rates': 0.8798796926442348, 'learning_rate': 1.5862362570123876e-05, 'batch_size': 80, 'step_size': 4, 'gamma': 0.9478439101046203}. Best is trial 14 with value: 0.2577028463245819.[0m
[32m[I 2025-02-08 14:02:33,741][0m Trial 18 finished with value: 0.4575078281909908 and parameters: {'observation_period_num': 133, 'train_rates': 0.9226539440476333, 'learning_rate': 6.834597020532631e-05, 'batch_size': 145, 'step_size': 4, 'gamma': 0.9000791646912951}. Best is trial 14 with value: 0.2577028463245819.[0m
[32m[I 2025-02-08 14:07:38,653][0m Trial 19 finished with value: 1.269345670211606 and parameters: {'observation_period_num': 251, 'train_rates': 0.8485693360552624, 'learning_rate': 1.4712646101081887e-06, 'batch_size': 84, 'step_size': 5, 'gamma': 0.9494630656400773}. Best is trial 14 with value: 0.2577028463245819.[0m
[32m[I 2025-02-08 14:11:51,063][0m Trial 20 finished with value: 0.27914588482756364 and parameters: {'observation_period_num': 204, 'train_rates': 0.9311702559114637, 'learning_rate': 0.00028145443904080853, 'batch_size': 84, 'step_size': 3, 'gamma': 0.8931462433182853}. Best is trial 14 with value: 0.2577028463245819.[0m
[32m[I 2025-02-08 14:16:02,252][0m Trial 21 finished with value: 0.293262300033902 and parameters: {'observation_period_num': 206, 'train_rates': 0.9220804565329447, 'learning_rate': 0.0002298476339691428, 'batch_size': 91, 'step_size': 3, 'gamma': 0.8931576897062192}. Best is trial 14 with value: 0.2577028463245819.[0m
[32m[I 2025-02-08 14:18:58,391][0m Trial 22 finished with value: 0.658454987368766 and parameters: {'observation_period_num': 165, 'train_rates': 0.8312580875315223, 'learning_rate': 0.0003936514013742687, 'batch_size': 69, 'step_size': 3, 'gamma': 0.9615547835329065}. Best is trial 14 with value: 0.2577028463245819.[0m
[32m[I 2025-02-08 14:23:08,682][0m Trial 23 finished with value: 0.2603639138643968 and parameters: {'observation_period_num': 208, 'train_rates': 0.9348886060397, 'learning_rate': 0.00018179226210105216, 'batch_size': 132, 'step_size': 5, 'gamma': 0.9204655567307871}. Best is trial 14 with value: 0.2577028463245819.[0m
[32m[I 2025-02-08 14:27:33,831][0m Trial 24 finished with value: 0.8074731000445106 and parameters: {'observation_period_num': 215, 'train_rates': 0.9361118276468859, 'learning_rate': 0.0009484087794326741, 'batch_size': 130, 'step_size': 5, 'gamma': 0.8842693821181384}. Best is trial 14 with value: 0.2577028463245819.[0m
[32m[I 2025-02-08 14:32:55,366][0m Trial 25 finished with value: 0.514461684671248 and parameters: {'observation_period_num': 252, 'train_rates': 0.940494393581865, 'learning_rate': 8.891559955687509e-05, 'batch_size': 159, 'step_size': 6, 'gamma': 0.8411217794648896}. Best is trial 14 with value: 0.2577028463245819.[0m
[32m[I 2025-02-08 14:36:29,764][0m Trial 26 finished with value: 0.32654839754104614 and parameters: {'observation_period_num': 184, 'train_rates': 0.9511283008049443, 'learning_rate': 0.0001949803641842222, 'batch_size': 167, 'step_size': 3, 'gamma': 0.9198919942260354}. Best is trial 14 with value: 0.2577028463245819.[0m
[32m[I 2025-02-08 14:39:05,462][0m Trial 27 finished with value: 0.5476304761001042 and parameters: {'observation_period_num': 148, 'train_rates': 0.8355905139987494, 'learning_rate': 0.0005754401760742927, 'batch_size': 135, 'step_size': 6, 'gamma': 0.9019218969204044}. Best is trial 14 with value: 0.2577028463245819.[0m
[32m[I 2025-02-08 14:40:53,937][0m Trial 28 finished with value: 0.811135466235715 and parameters: {'observation_period_num': 108, 'train_rates': 0.8960809210202425, 'learning_rate': 4.409185215357211e-05, 'batch_size': 219, 'step_size': 2, 'gamma': 0.8827449584736937}. Best is trial 14 with value: 0.2577028463245819.[0m
[32m[I 2025-02-08 14:45:08,513][0m Trial 29 finished with value: 0.916358232498169 and parameters: {'observation_period_num': 216, 'train_rates': 0.8233561664519817, 'learning_rate': 6.1811775013718125e-06, 'batch_size': 49, 'step_size': 7, 'gamma': 0.8334160667232499}. Best is trial 14 with value: 0.2577028463245819.[0m
[32m[I 2025-02-08 14:49:35,811][0m Trial 30 finished with value: 0.24991622309272105 and parameters: {'observation_period_num': 221, 'train_rates': 0.9050344472256345, 'learning_rate': 0.00038486024665412757, 'batch_size': 119, 'step_size': 5, 'gamma': 0.9129096741858707}. Best is trial 30 with value: 0.24991622309272105.[0m
[32m[I 2025-02-08 14:54:07,439][0m Trial 31 finished with value: 0.2598984550971251 and parameters: {'observation_period_num': 220, 'train_rates': 0.9194505508118652, 'learning_rate': 0.00043073310356438367, 'batch_size': 99, 'step_size': 5, 'gamma': 0.915152761209881}. Best is trial 30 with value: 0.24991622309272105.[0m
[32m[I 2025-02-08 14:58:38,018][0m Trial 32 finished with value: 0.2833614631026399 and parameters: {'observation_period_num': 222, 'train_rates': 0.9070093855489781, 'learning_rate': 0.00043578465749164396, 'batch_size': 118, 'step_size': 5, 'gamma': 0.9136747848809917}. Best is trial 30 with value: 0.24991622309272105.[0m
[32m[I 2025-02-08 15:03:13,106][0m Trial 33 finished with value: 0.3344003800823036 and parameters: {'observation_period_num': 230, 'train_rates': 0.8688553115409088, 'learning_rate': 0.00015932476649300133, 'batch_size': 97, 'step_size': 8, 'gamma': 0.9645594052046428}. Best is trial 30 with value: 0.24991622309272105.[0m
[32m[I 2025-02-08 15:08:05,686][0m Trial 34 finished with value: 0.5658028550557236 and parameters: {'observation_period_num': 245, 'train_rates': 0.8519742964085981, 'learning_rate': 2.7807638527916346e-05, 'batch_size': 141, 'step_size': 9, 'gamma': 0.9375404520668993}. Best is trial 30 with value: 0.24991622309272105.[0m
[32m[I 2025-02-08 15:11:39,419][0m Trial 35 finished with value: 0.2512433970574852 and parameters: {'observation_period_num': 187, 'train_rates': 0.9500638783155136, 'learning_rate': 0.0003874052098239676, 'batch_size': 120, 'step_size': 7, 'gamma': 0.913052174214587}. Best is trial 30 with value: 0.24991622309272105.[0m
[32m[I 2025-02-08 15:14:51,355][0m Trial 36 finished with value: 0.24341853524817794 and parameters: {'observation_period_num': 156, 'train_rates': 0.9567152552287824, 'learning_rate': 0.00038855783057221836, 'batch_size': 58, 'step_size': 7, 'gamma': 0.9077498280065192}. Best is trial 36 with value: 0.24341853524817794.[0m
[32m[I 2025-02-08 15:18:11,510][0m Trial 37 finished with value: 0.3724730197838911 and parameters: {'observation_period_num': 158, 'train_rates': 0.9547847484608801, 'learning_rate': 0.000521646261893918, 'batch_size': 43, 'step_size': 7, 'gamma': 0.8784503322617322}. Best is trial 36 with value: 0.24341853524817794.[0m
[32m[I 2025-02-08 15:21:52,858][0m Trial 38 finished with value: 0.22543504471714432 and parameters: {'observation_period_num': 183, 'train_rates': 0.9602507347860669, 'learning_rate': 0.00010339503593823275, 'batch_size': 64, 'step_size': 9, 'gamma': 0.9358239932702179}. Best is trial 38 with value: 0.22543504471714432.[0m
[32m[I 2025-02-08 15:25:30,075][0m Trial 39 finished with value: 0.2479849473351524 and parameters: {'observation_period_num': 180, 'train_rates': 0.9623032323961539, 'learning_rate': 8.027243502691337e-05, 'batch_size': 64, 'step_size': 12, 'gamma': 0.9357656584932765}. Best is trial 38 with value: 0.22543504471714432.[0m
[32m[I 2025-02-08 15:29:55,594][0m Trial 40 finished with value: 0.21061379611492156 and parameters: {'observation_period_num': 156, 'train_rates': 0.9681098663524768, 'learning_rate': 8.10918956356609e-05, 'batch_size': 18, 'step_size': 13, 'gamma': 0.9361337095098745}. Best is trial 40 with value: 0.21061379611492156.[0m
[32m[I 2025-02-08 15:34:21,344][0m Trial 41 finished with value: 0.2253826567903161 and parameters: {'observation_period_num': 149, 'train_rates': 0.9658902534655361, 'learning_rate': 6.543621549996197e-05, 'batch_size': 18, 'step_size': 13, 'gamma': 0.9342360400971811}. Best is trial 40 with value: 0.21061379611492156.[0m
[32m[I 2025-02-08 15:37:25,983][0m Trial 42 finished with value: 0.21005300638523508 and parameters: {'observation_period_num': 145, 'train_rates': 0.9668006007311533, 'learning_rate': 6.123191422353913e-05, 'batch_size': 37, 'step_size': 13, 'gamma': 0.9390324819491779}. Best is trial 42 with value: 0.21005300638523508.[0m
[32m[I 2025-02-08 15:41:02,187][0m Trial 43 finished with value: 1.0830291089952968 and parameters: {'observation_period_num': 147, 'train_rates': 0.6743030535894343, 'learning_rate': 2.4997186113588287e-05, 'batch_size': 17, 'step_size': 13, 'gamma': 0.9700729949156848}. Best is trial 42 with value: 0.21005300638523508.[0m
[32m[I 2025-02-08 15:43:46,613][0m Trial 44 finished with value: 0.2219619850317637 and parameters: {'observation_period_num': 105, 'train_rates': 0.9685544637932922, 'learning_rate': 4.781793649838532e-05, 'batch_size': 30, 'step_size': 14, 'gamma': 0.93900319464007}. Best is trial 42 with value: 0.21005300638523508.[0m
[32m[I 2025-02-08 15:46:05,736][0m Trial 45 finished with value: 0.15879644453525543 and parameters: {'observation_period_num': 93, 'train_rates': 0.9893290932556534, 'learning_rate': 4.884421633530267e-05, 'batch_size': 36, 'step_size': 14, 'gamma': 0.7741557301391672}. Best is trial 45 with value: 0.15879644453525543.[0m
[32m[I 2025-02-08 15:48:29,097][0m Trial 46 finished with value: 0.15742777999151836 and parameters: {'observation_period_num': 91, 'train_rates': 0.9847509072588054, 'learning_rate': 5.281710633533444e-05, 'batch_size': 35, 'step_size': 14, 'gamma': 0.7788667762303993}. Best is trial 46 with value: 0.15742777999151836.[0m
[32m[I 2025-02-08 15:50:48,776][0m Trial 47 finished with value: 0.15096546884845286 and parameters: {'observation_period_num': 85, 'train_rates': 0.9825389747955425, 'learning_rate': 4.382536360015831e-05, 'batch_size': 36, 'step_size': 15, 'gamma': 0.77611872403775}. Best is trial 47 with value: 0.15096546884845286.[0m
[32m[I 2025-02-08 15:52:46,643][0m Trial 48 finished with value: 0.2829543352127075 and parameters: {'observation_period_num': 76, 'train_rates': 0.9881040145976735, 'learning_rate': 1.6836727050924124e-05, 'batch_size': 43, 'step_size': 15, 'gamma': 0.7733126340947637}. Best is trial 47 with value: 0.15096546884845286.[0m
[32m[I 2025-02-08 15:55:09,915][0m Trial 49 finished with value: 0.16597952899234047 and parameters: {'observation_period_num': 80, 'train_rates': 0.9798808549357453, 'learning_rate': 3.132168331976742e-05, 'batch_size': 35, 'step_size': 14, 'gamma': 0.787259082339884}. Best is trial 47 with value: 0.15096546884845286.[0m
trend „ÅÆÊúÄÈÅ©„Éè„Ç§„Éë„Éº„Éë„É©„É°„Éº„Çø„ÅåË¶ã„Å§„Åã„Çä„Åæ„Åó„Åü
ÊúÄÈÅ©ÂåñÂØæË±°: seasonal_0
[32m[I 2025-02-08 15:55:09,922][0m A new study created in memory with name: no-name-a6323aed-bccb-4d55-8d12-9a51402ffc53[0m
[32m[I 2025-02-08 15:55:40,403][0m Trial 0 finished with value: 0.4577423861588944 and parameters: {'observation_period_num': 9, 'train_rates': 0.8210942383434638, 'learning_rate': 0.000164900863067287, 'batch_size': 155, 'step_size': 2, 'gamma': 0.9430672567495528}. Best is trial 0 with value: 0.4577423861588944.[0m
[32m[I 2025-02-08 15:59:19,672][0m Trial 1 finished with value: 1.328722596168518 and parameters: {'observation_period_num': 186, 'train_rates': 0.9691698926051382, 'learning_rate': 2.4385684924908055e-06, 'batch_size': 254, 'step_size': 14, 'gamma': 0.9878913129030168}. Best is trial 0 with value: 0.4577423861588944.[0m
[32m[I 2025-02-08 16:02:29,800][0m Trial 2 finished with value: 0.43654508668662123 and parameters: {'observation_period_num': 178, 'train_rates': 0.8296474840031849, 'learning_rate': 7.033257175692786e-05, 'batch_size': 116, 'step_size': 14, 'gamma': 0.8875338060857993}. Best is trial 2 with value: 0.43654508668662123.[0m
[32m[I 2025-02-08 16:07:47,616][0m Trial 3 finished with value: 0.3581196218729019 and parameters: {'observation_period_num': 251, 'train_rates': 0.9187642663016351, 'learning_rate': 3.8676675765033646e-05, 'batch_size': 115, 'step_size': 12, 'gamma': 0.9808586219273213}. Best is trial 3 with value: 0.3581196218729019.[0m
[32m[I 2025-02-08 16:09:14,379][0m Trial 4 finished with value: 1.2385302458181742 and parameters: {'observation_period_num': 85, 'train_rates': 0.6689239207289375, 'learning_rate': 0.0001451577231132225, 'batch_size': 45, 'step_size': 13, 'gamma': 0.9463205247226263}. Best is trial 3 with value: 0.3581196218729019.[0m
[32m[I 2025-02-08 16:13:27,821][0m Trial 5 finished with value: 0.6582157294710571 and parameters: {'observation_period_num': 219, 'train_rates': 0.8462977184837612, 'learning_rate': 2.1534247422025326e-05, 'batch_size': 66, 'step_size': 8, 'gamma': 0.8352607996054734}. Best is trial 3 with value: 0.3581196218729019.[0m
[32m[I 2025-02-08 16:16:33,200][0m Trial 6 finished with value: 0.6042708258989246 and parameters: {'observation_period_num': 175, 'train_rates': 0.8764529504703937, 'learning_rate': 4.3405811473191263e-05, 'batch_size': 162, 'step_size': 4, 'gamma': 0.8895908361798786}. Best is trial 3 with value: 0.3581196218729019.[0m
[32m[I 2025-02-08 16:17:55,416][0m Trial 7 finished with value: 1.3566169611045293 and parameters: {'observation_period_num': 92, 'train_rates': 0.7265835737854373, 'learning_rate': 4.189460834897893e-06, 'batch_size': 141, 'step_size': 10, 'gamma': 0.9523148270359363}. Best is trial 3 with value: 0.3581196218729019.[0m
[32m[I 2025-02-08 16:21:04,435][0m Trial 8 finished with value: 0.5972410181294316 and parameters: {'observation_period_num': 171, 'train_rates': 0.87640142891243, 'learning_rate': 0.0006461082935942807, 'batch_size': 106, 'step_size': 5, 'gamma': 0.9835893551685723}. Best is trial 3 with value: 0.3581196218729019.[0m
[32m[I 2025-02-08 16:25:30,436][0m Trial 9 finished with value: 1.2673600912094116 and parameters: {'observation_period_num': 217, 'train_rates': 0.9761810923399143, 'learning_rate': 3.7008813475582263e-06, 'batch_size': 200, 'step_size': 1, 'gamma': 0.9811552578040454}. Best is trial 3 with value: 0.3581196218729019.[0m
[32m[I 2025-02-08 16:30:50,354][0m Trial 10 finished with value: 0.8330277876687846 and parameters: {'observation_period_num': 251, 'train_rates': 0.7456147179992257, 'learning_rate': 1.2753363949751934e-05, 'batch_size': 16, 'step_size': 10, 'gamma': 0.7525199541081348}. Best is trial 3 with value: 0.3581196218729019.[0m
[32m[I 2025-02-08 16:33:04,381][0m Trial 11 finished with value: 0.3074548274408782 and parameters: {'observation_period_num': 128, 'train_rates': 0.9190438619632526, 'learning_rate': 7.914100292151148e-05, 'batch_size': 100, 'step_size': 15, 'gamma': 0.8684921051485527}. Best is trial 11 with value: 0.3074548274408782.[0m
[32m[I 2025-02-08 16:35:14,709][0m Trial 12 finished with value: 0.5536170192062855 and parameters: {'observation_period_num': 119, 'train_rates': 0.9296665814454511, 'learning_rate': 0.0007047452149143837, 'batch_size': 85, 'step_size': 11, 'gamma': 0.8276226929491232}. Best is trial 11 with value: 0.3074548274408782.[0m
[32m[I 2025-02-08 16:36:08,856][0m Trial 13 finished with value: 0.8899538516998291 and parameters: {'observation_period_num': 53, 'train_rates': 0.927871579910314, 'learning_rate': 9.909145562967283e-06, 'batch_size': 195, 'step_size': 15, 'gamma': 0.8542048233815318}. Best is trial 11 with value: 0.3074548274408782.[0m
[32m[I 2025-02-08 16:38:10,924][0m Trial 14 finished with value: 1.0088805546614237 and parameters: {'observation_period_num': 138, 'train_rates': 0.6070897719845344, 'learning_rate': 0.00014100825678526173, 'batch_size': 99, 'step_size': 12, 'gamma': 0.7936169827477546}. Best is trial 11 with value: 0.3074548274408782.[0m
[32m[I 2025-02-08 16:40:54,592][0m Trial 15 finished with value: 0.2942405414911127 and parameters: {'observation_period_num': 140, 'train_rates': 0.9103038413176705, 'learning_rate': 5.335166030865675e-05, 'batch_size': 63, 'step_size': 7, 'gamma': 0.9126439010538719}. Best is trial 15 with value: 0.2942405414911127.[0m
