[32m[I 2025-02-09 01:15:50,544][0m Trial 49 finished with value: 0.18038302137480153 and parameters: {'observation_period_num': 179, 'train_rates': 0.9723272137385885, 'learning_rate': 5.742018724354494e-05, 'batch_size': 24, 'step_size': 14, 'gamma': 0.974583891383333}. Best is trial 45 with value: 0.15939933314161786.[0m
resid „ÅÆÊúÄÈÅ©„Éè„Ç§„Éë„Éº„Éë„É©„É°„Éº„Çø„ÅåË¶ã„Å§„Åã„Çä„Åæ„Åó„Åü
ÊúÄÈÅ©„Éè„Ç§„Éë„Éº„Éë„É©„É°„Éº„Çø„Åå best_hyperparameters_GOOG_Transformer.json „Å´‰øùÂ≠ò„Åï„Çå„Åæ„Åó„Åü
Training trend component with params: {'observation_period_num': 85, 'train_rates': 0.9825389747955425, 'learning_rate': 4.382536360015831e-05, 'batch_size': 36, 'step_size': 15, 'gamma': 0.77611872403775}
Epoch 1/300, trend Loss: 0.9118 | 1.4724
Epoch 2/300, trend Loss: 0.6744 | 1.2106
Epoch 3/300, trend Loss: 0.5615 | 1.0954
Epoch 4/300, trend Loss: 0.4785 | 0.9779
Epoch 5/300, trend Loss: 0.4146 | 0.8952
Epoch 6/300, trend Loss: 0.3745 | 0.8382
Epoch 7/300, trend Loss: 0.3447 | 0.7629
Epoch 8/300, trend Loss: 0.3189 | 0.6996
Epoch 9/300, trend Loss: 0.3039 | 0.6411
Epoch 10/300, trend Loss: 0.2939 | 0.6341
Epoch 11/300, trend Loss: 0.2807 | 0.6025
Epoch 12/300, trend Loss: 0.2770 | 0.5586
Epoch 13/300, trend Loss: 0.2706 | 0.5265
Epoch 14/300, trend Loss: 0.2895 | 0.5407
Epoch 15/300, trend Loss: 0.2699 | 0.4892
Epoch 16/300, trend Loss: 0.2715 | 0.4732
Epoch 17/300, trend Loss: 0.2530 | 0.4658
Epoch 18/300, trend Loss: 0.2393 | 0.4575
Epoch 19/300, trend Loss: 0.2341 | 0.4207
Epoch 20/300, trend Loss: 0.2270 | 0.4129
Epoch 21/300, trend Loss: 0.2216 | 0.4102
Epoch 22/300, trend Loss: 0.2168 | 0.3863
Epoch 23/300, trend Loss: 0.2134 | 0.3816
Epoch 24/300, trend Loss: 0.2096 | 0.3721
Epoch 25/300, trend Loss: 0.2076 | 0.3607
Epoch 26/300, trend Loss: 0.2047 | 0.3499
Epoch 27/300, trend Loss: 0.2029 | 0.3506
Epoch 28/300, trend Loss: 0.1997 | 0.3380
Epoch 29/300, trend Loss: 0.1976 | 0.3284
Epoch 30/300, trend Loss: 0.1951 | 0.3305
Epoch 31/300, trend Loss: 0.1931 | 0.3180
Epoch 32/300, trend Loss: 0.1925 | 0.3099
Epoch 33/300, trend Loss: 0.1909 | 0.3030
Epoch 34/300, trend Loss: 0.1892 | 0.3082
Epoch 35/300, trend Loss: 0.1869 | 0.2996
Epoch 36/300, trend Loss: 0.1863 | 0.2897
Epoch 37/300, trend Loss: 0.1854 | 0.2830
Epoch 38/300, trend Loss: 0.1840 | 0.2865
Epoch 39/300, trend Loss: 0.1825 | 0.2845
Epoch 40/300, trend Loss: 0.1811 | 0.2722
Epoch 41/300, trend Loss: 0.1806 | 0.2705
Epoch 42/300, trend Loss: 0.1791 | 0.2711
Epoch 43/300, trend Loss: 0.1785 | 0.2670
Epoch 44/300, trend Loss: 0.1766 | 0.2604
Epoch 45/300, trend Loss: 0.1767 | 0.2576
Epoch 46/300, trend Loss: 0.1756 | 0.2590
Epoch 47/300, trend Loss: 0.1732 | 0.2521
Epoch 48/300, trend Loss: 0.1741 | 0.2508
Epoch 49/300, trend Loss: 0.1731 | 0.2493
Epoch 50/300, trend Loss: 0.1718 | 0.2448
Epoch 51/300, trend Loss: 0.1708 | 0.2444
Epoch 52/300, trend Loss: 0.1714 | 0.2460
Epoch 53/300, trend Loss: 0.1704 | 0.2372
Epoch 54/300, trend Loss: 0.1695 | 0.2339
Epoch 55/300, trend Loss: 0.1691 | 0.2398
Epoch 56/300, trend Loss: 0.1683 | 0.2341
Epoch 57/300, trend Loss: 0.1674 | 0.2302
Epoch 58/300, trend Loss: 0.1671 | 0.2318
Epoch 59/300, trend Loss: 0.1667 | 0.2323
Epoch 60/300, trend Loss: 0.1660 | 0.2268
Epoch 61/300, trend Loss: 0.1655 | 0.2265
Epoch 62/300, trend Loss: 0.1648 | 0.2282
Epoch 63/300, trend Loss: 0.1649 | 0.2227
Epoch 64/300, trend Loss: 0.1637 | 0.2213
Epoch 65/300, trend Loss: 0.1631 | 0.2230
Epoch 66/300, trend Loss: 0.1631 | 0.2204
Epoch 67/300, trend Loss: 0.1628 | 0.2184
Epoch 68/300, trend Loss: 0.1625 | 0.2168
Epoch 69/300, trend Loss: 0.1619 | 0.2173
Epoch 70/300, trend Loss: 0.1616 | 0.2158
Epoch 71/300, trend Loss: 0.1611 | 0.2148
Epoch 72/300, trend Loss: 0.1612 | 0.2143
Epoch 73/300, trend Loss: 0.1615 | 0.2126
Epoch 74/300, trend Loss: 0.1604 | 0.2137
Epoch 75/300, trend Loss: 0.1601 | 0.2105
Epoch 76/300, trend Loss: 0.1599 | 0.2105
Epoch 77/300, trend Loss: 0.1595 | 0.2098
Epoch 78/300, trend Loss: 0.1600 | 0.2095
Epoch 79/300, trend Loss: 0.1591 | 0.2086
Epoch 80/300, trend Loss: 0.1585 | 0.2079
Epoch 81/300, trend Loss: 0.1583 | 0.2065
Epoch 82/300, trend Loss: 0.1584 | 0.2066
Epoch 83/300, trend Loss: 0.1586 | 0.2056
Epoch 84/300, trend Loss: 0.1579 | 0.2049
Epoch 85/300, trend Loss: 0.1578 | 0.2038
Epoch 86/300, trend Loss: 0.1583 | 0.2039
Epoch 87/300, trend Loss: 0.1569 | 0.2021
Epoch 88/300, trend Loss: 0.1573 | 0.2029
Epoch 89/300, trend Loss: 0.1567 | 0.2024
Epoch 90/300, trend Loss: 0.1569 | 0.2014
Epoch 91/300, trend Loss: 0.1567 | 0.2014
Epoch 92/300, trend Loss: 0.1569 | 0.2009
Epoch 93/300, trend Loss: 0.1569 | 0.2003
Epoch 94/300, trend Loss: 0.1559 | 0.1999
Epoch 95/300, trend Loss: 0.1564 | 0.2001
Epoch 96/300, trend Loss: 0.1565 | 0.1990
Epoch 97/300, trend Loss: 0.1555 | 0.1986
Epoch 98/300, trend Loss: 0.1566 | 0.1994
Epoch 99/300, trend Loss: 0.1553 | 0.1989
Epoch 100/300, trend Loss: 0.1552 | 0.1989
Epoch 101/300, trend Loss: 0.1554 | 0.1978
Epoch 102/300, trend Loss: 0.1551 | 0.1982
Epoch 103/300, trend Loss: 0.1555 | 0.1976
Epoch 104/300, trend Loss: 0.1552 | 0.1973
Epoch 105/300, trend Loss: 0.1550 | 0.1971
Epoch 106/300, trend Loss: 0.1550 | 0.1964
Epoch 107/300, trend Loss: 0.1547 | 0.1967
Epoch 108/300, trend Loss: 0.1546 | 0.1962
Epoch 109/300, trend Loss: 0.1544 | 0.1961
Epoch 110/300, trend Loss: 0.1545 | 0.1956
Epoch 111/300, trend Loss: 0.1545 | 0.1955
Epoch 112/300, trend Loss: 0.1546 | 0.1950
Epoch 113/300, trend Loss: 0.1540 | 0.1948
Epoch 114/300, trend Loss: 0.1540 | 0.1947
Epoch 115/300, trend Loss: 0.1543 | 0.1948
Epoch 116/300, trend Loss: 0.1539 | 0.1945
Epoch 117/300, trend Loss: 0.1536 | 0.1942
Epoch 118/300, trend Loss: 0.1534 | 0.1941
Epoch 119/300, trend Loss: 0.1539 | 0.1943
Epoch 120/300, trend Loss: 0.1534 | 0.1940
Epoch 121/300, trend Loss: 0.1537 | 0.1935
Epoch 122/300, trend Loss: 0.1538 | 0.1934
Epoch 123/300, trend Loss: 0.1534 | 0.1935
Epoch 124/300, trend Loss: 0.1533 | 0.1936
Epoch 125/300, trend Loss: 0.1532 | 0.1932
Epoch 126/300, trend Loss: 0.1530 | 0.1930
Epoch 127/300, trend Loss: 0.1533 | 0.1931
Epoch 128/300, trend Loss: 0.1530 | 0.1930
Epoch 129/300, trend Loss: 0.1528 | 0.1928
Epoch 130/300, trend Loss: 0.1533 | 0.1926
Epoch 131/300, trend Loss: 0.1537 | 0.1926
Epoch 132/300, trend Loss: 0.1530 | 0.1926
Epoch 133/300, trend Loss: 0.1531 | 0.1926
Epoch 134/300, trend Loss: 0.1533 | 0.1925
Epoch 135/300, trend Loss: 0.1536 | 0.1923
Epoch 136/300, trend Loss: 0.1541 | 0.1922
Epoch 137/300, trend Loss: 0.1536 | 0.1921
Epoch 138/300, trend Loss: 0.1530 | 0.1921
Epoch 139/300, trend Loss: 0.1532 | 0.1921
Epoch 140/300, trend Loss: 0.1532 | 0.1919
Epoch 141/300, trend Loss: 0.1531 | 0.1917
Epoch 142/300, trend Loss: 0.1529 | 0.1916
Epoch 143/300, trend Loss: 0.1531 | 0.1913
Epoch 144/300, trend Loss: 0.1537 | 0.1913
Epoch 145/300, trend Loss: 0.1532 | 0.1912
Epoch 146/300, trend Loss: 0.1533 | 0.1912
Epoch 147/300, trend Loss: 0.1527 | 0.1910
Epoch 148/300, trend Loss: 0.1528 | 0.1908
Epoch 149/300, trend Loss: 0.1526 | 0.1907
Epoch 150/300, trend Loss: 0.1527 | 0.1908
Epoch 151/300, trend Loss: 0.1524 | 0.1907
Epoch 152/300, trend Loss: 0.1529 | 0.1907
Epoch 153/300, trend Loss: 0.1526 | 0.1906
Epoch 154/300, trend Loss: 0.1518 | 0.1904
Epoch 155/300, trend Loss: 0.1527 | 0.1904
Epoch 156/300, trend Loss: 0.1527 | 0.1904
Epoch 157/300, trend Loss: 0.1524 | 0.1903
Epoch 158/300, trend Loss: 0.1525 | 0.1903
Epoch 159/300, trend Loss: 0.1525 | 0.1902
Epoch 160/300, trend Loss: 0.1525 | 0.1901
Epoch 161/300, trend Loss: 0.1527 | 0.1902
Epoch 162/300, trend Loss: 0.1522 | 0.1902
Epoch 163/300, trend Loss: 0.1528 | 0.1901
Epoch 164/300, trend Loss: 0.1520 | 0.1901
Epoch 165/300, trend Loss: 0.1525 | 0.1900
Epoch 166/300, trend Loss: 0.1524 | 0.1900
Epoch 167/300, trend Loss: 0.1518 | 0.1900
Epoch 168/300, trend Loss: 0.1519 | 0.1901
Epoch 169/300, trend Loss: 0.1522 | 0.1902
Epoch 170/300, trend Loss: 0.1520 | 0.1902
Epoch 171/300, trend Loss: 0.1524 | 0.1902
Epoch 172/300, trend Loss: 0.1525 | 0.1901
Epoch 173/300, trend Loss: 0.1522 | 0.1900
Epoch 174/300, trend Loss: 0.1520 | 0.1901
Epoch 175/300, trend Loss: 0.1519 | 0.1900
Epoch 176/300, trend Loss: 0.1524 | 0.1899
Epoch 177/300, trend Loss: 0.1521 | 0.1899
Epoch 178/300, trend Loss: 0.1528 | 0.1899
Epoch 179/300, trend Loss: 0.1524 | 0.1899
Epoch 180/300, trend Loss: 0.1523 | 0.1898
Epoch 181/300, trend Loss: 0.1521 | 0.1898
Epoch 182/300, trend Loss: 0.1524 | 0.1898
Epoch 183/300, trend Loss: 0.1522 | 0.1898
Epoch 184/300, trend Loss: 0.1521 | 0.1898
Epoch 185/300, trend Loss: 0.1520 | 0.1898
Epoch 186/300, trend Loss: 0.1523 | 0.1897
Epoch 187/300, trend Loss: 0.1520 | 0.1897
Epoch 188/300, trend Loss: 0.1525 | 0.1897
Epoch 189/300, trend Loss: 0.1525 | 0.1897
Epoch 190/300, trend Loss: 0.1518 | 0.1897
Epoch 191/300, trend Loss: 0.1520 | 0.1896
Epoch 192/300, trend Loss: 0.1525 | 0.1897
Epoch 193/300, trend Loss: 0.1524 | 0.1896
Epoch 194/300, trend Loss: 0.1520 | 0.1896
Epoch 195/300, trend Loss: 0.1528 | 0.1896
Epoch 196/300, trend Loss: 0.1519 | 0.1896
Epoch 197/300, trend Loss: 0.1526 | 0.1896
Epoch 198/300, trend Loss: 0.1524 | 0.1896
Epoch 199/300, trend Loss: 0.1523 | 0.1896
Epoch 200/300, trend Loss: 0.1524 | 0.1896
Epoch 201/300, trend Loss: 0.1523 | 0.1896
Epoch 202/300, trend Loss: 0.1523 | 0.1896
Epoch 203/300, trend Loss: 0.1517 | 0.1896
Epoch 204/300, trend Loss: 0.1519 | 0.1895
Epoch 205/300, trend Loss: 0.1526 | 0.1896
Epoch 206/300, trend Loss: 0.1521 | 0.1895
Epoch 207/300, trend Loss: 0.1523 | 0.1895
Epoch 208/300, trend Loss: 0.1521 | 0.1895
Epoch 209/300, trend Loss: 0.1529 | 0.1895
Epoch 210/300, trend Loss: 0.1520 | 0.1895
Epoch 211/300, trend Loss: 0.1526 | 0.1895
Epoch 212/300, trend Loss: 0.1523 | 0.1895
Epoch 213/300, trend Loss: 0.1519 | 0.1895
Epoch 214/300, trend Loss: 0.1520 | 0.1895
Epoch 215/300, trend Loss: 0.1525 | 0.1895
Epoch 216/300, trend Loss: 0.1516 | 0.1895
Epoch 217/300, trend Loss: 0.1533 | 0.1895
Epoch 218/300, trend Loss: 0.1524 | 0.1895
Epoch 219/300, trend Loss: 0.1521 | 0.1895
Epoch 220/300, trend Loss: 0.1518 | 0.1895
Epoch 221/300, trend Loss: 0.1525 | 0.1895
Epoch 222/300, trend Loss: 0.1528 | 0.1895
Epoch 223/300, trend Loss: 0.1521 | 0.1895
Epoch 224/300, trend Loss: 0.1522 | 0.1895
Epoch 225/300, trend Loss: 0.1519 | 0.1895
Epoch 226/300, trend Loss: 0.1524 | 0.1895
Epoch 227/300, trend Loss: 0.1521 | 0.1895
Epoch 228/300, trend Loss: 0.1520 | 0.1895
Epoch 229/300, trend Loss: 0.1524 | 0.1895
Epoch 230/300, trend Loss: 0.1522 | 0.1895
Epoch 231/300, trend Loss: 0.1524 | 0.1895
Epoch 232/300, trend Loss: 0.1518 | 0.1894
Epoch 233/300, trend Loss: 0.1523 | 0.1894
Epoch 234/300, trend Loss: 0.1523 | 0.1894
Epoch 235/300, trend Loss: 0.1522 | 0.1894
Epoch 236/300, trend Loss: 0.1526 | 0.1894
Epoch 237/300, trend Loss: 0.1512 | 0.1894
Epoch 238/300, trend Loss: 0.1518 | 0.1894
Epoch 239/300, trend Loss: 0.1525 | 0.1894
Epoch 240/300, trend Loss: 0.1529 | 0.1894
Epoch 241/300, trend Loss: 0.1519 | 0.1894
Epoch 242/300, trend Loss: 0.1515 | 0.1894
Epoch 243/300, trend Loss: 0.1520 | 0.1894
Epoch 244/300, trend Loss: 0.1517 | 0.1894
Epoch 245/300, trend Loss: 0.1517 | 0.1894
Epoch 246/300, trend Loss: 0.1524 | 0.1894
Epoch 247/300, trend Loss: 0.1522 | 0.1894
Epoch 248/300, trend Loss: 0.1525 | 0.1894
Epoch 249/300, trend Loss: 0.1517 | 0.1894
Epoch 250/300, trend Loss: 0.1522 | 0.1894
Epoch 251/300, trend Loss: 0.1522 | 0.1894
Epoch 252/300, trend Loss: 0.1518 | 0.1894
Epoch 253/300, trend Loss: 0.1521 | 0.1894
Epoch 254/300, trend Loss: 0.1520 | 0.1894
Epoch 255/300, trend Loss: 0.1522 | 0.1894
Epoch 256/300, trend Loss: 0.1522 | 0.1894
Epoch 257/300, trend Loss: 0.1525 | 0.1894
Epoch 258/300, trend Loss: 0.1523 | 0.1894
Epoch 259/300, trend Loss: 0.1524 | 0.1894
Epoch 260/300, trend Loss: 0.1524 | 0.1894
Epoch 261/300, trend Loss: 0.1517 | 0.1894
Epoch 262/300, trend Loss: 0.1523 | 0.1894
Epoch 263/300, trend Loss: 0.1527 | 0.1894
Epoch 264/300, trend Loss: 0.1520 | 0.1894
Epoch 265/300, trend Loss: 0.1522 | 0.1894
Epoch 266/300, trend Loss: 0.1524 | 0.1894
Epoch 267/300, trend Loss: 0.1524 | 0.1894
Epoch 268/300, trend Loss: 0.1513 | 0.1894
Epoch 269/300, trend Loss: 0.1523 | 0.1894
Epoch 270/300, trend Loss: 0.1519 | 0.1894
Epoch 271/300, trend Loss: 0.1526 | 0.1894
Epoch 272/300, trend Loss: 0.1523 | 0.1894
Epoch 273/300, trend Loss: 0.1522 | 0.1894
Epoch 274/300, trend Loss: 0.1518 | 0.1894
Epoch 275/300, trend Loss: 0.1518 | 0.1894
Epoch 276/300, trend Loss: 0.1521 | 0.1894
Epoch 277/300, trend Loss: 0.1528 | 0.1894
Epoch 278/300, trend Loss: 0.1524 | 0.1894
Epoch 279/300, trend Loss: 0.1520 | 0.1894
Epoch 280/300, trend Loss: 0.1521 | 0.1894
Epoch 281/300, trend Loss: 0.1521 | 0.1894
Epoch 282/300, trend Loss: 0.1518 | 0.1894
Epoch 283/300, trend Loss: 0.1528 | 0.1894
Epoch 284/300, trend Loss: 0.1527 | 0.1894
Epoch 285/300, trend Loss: 0.1516 | 0.1894
Epoch 286/300, trend Loss: 0.1527 | 0.1894
Epoch 287/300, trend Loss: 0.1524 | 0.1894
Epoch 288/300, trend Loss: 0.1516 | 0.1894
Epoch 289/300, trend Loss: 0.1526 | 0.1894
Epoch 290/300, trend Loss: 0.1518 | 0.1894
Epoch 291/300, trend Loss: 0.1519 | 0.1894
Epoch 292/300, trend Loss: 0.1521 | 0.1894
Epoch 293/300, trend Loss: 0.1517 | 0.1894
Epoch 294/300, trend Loss: 0.1520 | 0.1894
Epoch 295/300, trend Loss: 0.1520 | 0.1894
Epoch 296/300, trend Loss: 0.1522 | 0.1894
Epoch 297/300, trend Loss: 0.1507 | 0.1894
Epoch 298/300, trend Loss: 0.1523 | 0.1894
Epoch 299/300, trend Loss: 0.1520 | 0.1894
Epoch 300/300, trend Loss: 0.1521 | 0.1894
Training seasonal_0 component with params: {'observation_period_num': 32, 'train_rates': 0.988444807986931, 'learning_rate': 0.00019833952909232067, 'batch_size': 76, 'step_size': 8, 'gamma': 0.8751645873885653}
Epoch 1/300, seasonal_0 Loss: 0.8612 | 1.0804
Epoch 2/300, seasonal_0 Loss: 0.7266 | 0.8845
Epoch 3/300, seasonal_0 Loss: 0.6063 | 0.8173
Epoch 4/300, seasonal_0 Loss: 0.5666 | 0.7071
Epoch 5/300, seasonal_0 Loss: 0.4693 | 0.6066
Epoch 6/300, seasonal_0 Loss: 0.4929 | 0.6279
Epoch 7/300, seasonal_0 Loss: 0.3766 | 0.5198
Epoch 8/300, seasonal_0 Loss: 0.3764 | 0.5181
Epoch 9/300, seasonal_0 Loss: 0.4069 | 0.4729
Epoch 10/300, seasonal_0 Loss: 0.3800 | 0.4445
Epoch 11/300, seasonal_0 Loss: 0.3617 | 0.4286
Epoch 12/300, seasonal_0 Loss: 0.3591 | 0.3936
Epoch 13/300, seasonal_0 Loss: 0.3388 | 0.3911
Epoch 14/300, seasonal_0 Loss: 0.3353 | 0.3932
Epoch 15/300, seasonal_0 Loss: 0.3053 | 0.3652
Epoch 16/300, seasonal_0 Loss: 0.3171 | 0.3574
Epoch 17/300, seasonal_0 Loss: 0.2906 | 0.3332
Epoch 18/300, seasonal_0 Loss: 0.2600 | 0.3186
Epoch 19/300, seasonal_0 Loss: 0.2609 | 0.3184
Epoch 20/300, seasonal_0 Loss: 0.2509 | 0.2997
Epoch 21/300, seasonal_0 Loss: 0.2527 | 0.2948
Epoch 22/300, seasonal_0 Loss: 0.2415 | 0.2900
Epoch 23/300, seasonal_0 Loss: 0.2285 | 0.2776
Epoch 24/300, seasonal_0 Loss: 0.2416 | 0.2837
Epoch 25/300, seasonal_0 Loss: 0.2317 | 0.2691
Epoch 26/300, seasonal_0 Loss: 0.2244 | 0.2773
Epoch 27/300, seasonal_0 Loss: 0.2246 | 0.2640
Epoch 28/300, seasonal_0 Loss: 0.2224 | 0.2644
Epoch 29/300, seasonal_0 Loss: 0.2147 | 0.2506
Epoch 30/300, seasonal_0 Loss: 0.2024 | 0.2493
Epoch 31/300, seasonal_0 Loss: 0.2024 | 0.2435
Epoch 32/300, seasonal_0 Loss: 0.1962 | 0.2422
Epoch 33/300, seasonal_0 Loss: 0.1920 | 0.2380
Epoch 34/300, seasonal_0 Loss: 0.1879 | 0.2339
Epoch 35/300, seasonal_0 Loss: 0.1856 | 0.2299
Epoch 36/300, seasonal_0 Loss: 0.1846 | 0.2260
Epoch 37/300, seasonal_0 Loss: 0.1825 | 0.2282
Epoch 38/300, seasonal_0 Loss: 0.1814 | 0.2223
Epoch 39/300, seasonal_0 Loss: 0.1818 | 0.2216
Epoch 40/300, seasonal_0 Loss: 0.1809 | 0.2161
Epoch 41/300, seasonal_0 Loss: 0.1778 | 0.2166
Epoch 42/300, seasonal_0 Loss: 0.1790 | 0.2137
Epoch 43/300, seasonal_0 Loss: 0.1777 | 0.2141
Epoch 44/300, seasonal_0 Loss: 0.1751 | 0.2096
Epoch 45/300, seasonal_0 Loss: 0.1770 | 0.2064
Epoch 46/300, seasonal_0 Loss: 0.1736 | 0.2071
Epoch 47/300, seasonal_0 Loss: 0.1730 | 0.2053
Epoch 48/300, seasonal_0 Loss: 0.1731 | 0.2057
Epoch 49/300, seasonal_0 Loss: 0.1687 | 0.1998
Epoch 50/300, seasonal_0 Loss: 0.1681 | 0.1992
Epoch 51/300, seasonal_0 Loss: 0.1683 | 0.2003
Epoch 52/300, seasonal_0 Loss: 0.1689 | 0.1995
Epoch 53/300, seasonal_0 Loss: 0.1659 | 0.1954
Epoch 54/300, seasonal_0 Loss: 0.1677 | 0.1949
Epoch 55/300, seasonal_0 Loss: 0.1661 | 0.1953
Epoch 56/300, seasonal_0 Loss: 0.1644 | 0.1943
Epoch 57/300, seasonal_0 Loss: 0.1622 | 0.1896
Epoch 58/300, seasonal_0 Loss: 0.1611 | 0.1892
Epoch 59/300, seasonal_0 Loss: 0.1604 | 0.1898
Epoch 60/300, seasonal_0 Loss: 0.1603 | 0.1902
Epoch 61/300, seasonal_0 Loss: 0.1580 | 0.1850
Epoch 62/300, seasonal_0 Loss: 0.1591 | 0.1875
Epoch 63/300, seasonal_0 Loss: 0.1585 | 0.1856
Epoch 64/300, seasonal_0 Loss: 0.1590 | 0.1837
Epoch 65/300, seasonal_0 Loss: 0.1568 | 0.1820
Epoch 66/300, seasonal_0 Loss: 0.1556 | 0.1820
Epoch 67/300, seasonal_0 Loss: 0.1552 | 0.1835
Epoch 68/300, seasonal_0 Loss: 0.1543 | 0.1810
Epoch 69/300, seasonal_0 Loss: 0.1521 | 0.1802
Epoch 70/300, seasonal_0 Loss: 0.1513 | 0.1793
Epoch 71/300, seasonal_0 Loss: 0.1515 | 0.1793
Epoch 72/300, seasonal_0 Loss: 0.1508 | 0.1769
Epoch 73/300, seasonal_0 Loss: 0.1500 | 0.1778
Epoch 74/300, seasonal_0 Loss: 0.1489 | 0.1762
Epoch 75/300, seasonal_0 Loss: 0.1487 | 0.1763
Epoch 76/300, seasonal_0 Loss: 0.1478 | 0.1751
Epoch 77/300, seasonal_0 Loss: 0.1476 | 0.1752
Epoch 78/300, seasonal_0 Loss: 0.1474 | 0.1740
Epoch 79/300, seasonal_0 Loss: 0.1464 | 0.1730
Epoch 80/300, seasonal_0 Loss: 0.1455 | 0.1743
Epoch 81/300, seasonal_0 Loss: 0.1462 | 0.1738
Epoch 82/300, seasonal_0 Loss: 0.1457 | 0.1727
Epoch 83/300, seasonal_0 Loss: 0.1449 | 0.1721
Epoch 84/300, seasonal_0 Loss: 0.1444 | 0.1719
Epoch 85/300, seasonal_0 Loss: 0.1445 | 0.1713
Epoch 86/300, seasonal_0 Loss: 0.1439 | 0.1713
Epoch 87/300, seasonal_0 Loss: 0.1438 | 0.1718
Epoch 88/300, seasonal_0 Loss: 0.1430 | 0.1701
Epoch 89/300, seasonal_0 Loss: 0.1434 | 0.1694
Epoch 90/300, seasonal_0 Loss: 0.1418 | 0.1686
Epoch 91/300, seasonal_0 Loss: 0.1428 | 0.1678
Epoch 92/300, seasonal_0 Loss: 0.1425 | 0.1680
Epoch 93/300, seasonal_0 Loss: 0.1423 | 0.1674
Epoch 94/300, seasonal_0 Loss: 0.1418 | 0.1677
Epoch 95/300, seasonal_0 Loss: 0.1413 | 0.1678
Epoch 96/300, seasonal_0 Loss: 0.1416 | 0.1669
Epoch 97/300, seasonal_0 Loss: 0.1410 | 0.1667
Epoch 98/300, seasonal_0 Loss: 0.1396 | 0.1670
Epoch 99/300, seasonal_0 Loss: 0.1402 | 0.1663
Epoch 100/300, seasonal_0 Loss: 0.1401 | 0.1666
Epoch 101/300, seasonal_0 Loss: 0.1403 | 0.1656
Epoch 102/300, seasonal_0 Loss: 0.1397 | 0.1654
Epoch 103/300, seasonal_0 Loss: 0.1391 | 0.1647
Epoch 104/300, seasonal_0 Loss: 0.1397 | 0.1650
Epoch 105/300, seasonal_0 Loss: 0.1397 | 0.1650
Epoch 106/300, seasonal_0 Loss: 0.1397 | 0.1647
Epoch 107/300, seasonal_0 Loss: 0.1391 | 0.1647
Epoch 108/300, seasonal_0 Loss: 0.1388 | 0.1644
Epoch 109/300, seasonal_0 Loss: 0.1390 | 0.1644
Epoch 110/300, seasonal_0 Loss: 0.1381 | 0.1636
Epoch 111/300, seasonal_0 Loss: 0.1379 | 0.1630
Epoch 112/300, seasonal_0 Loss: 0.1382 | 0.1628
Epoch 113/300, seasonal_0 Loss: 0.1385 | 0.1623
Epoch 114/300, seasonal_0 Loss: 0.1372 | 0.1621
Epoch 115/300, seasonal_0 Loss: 0.1376 | 0.1622
Epoch 116/300, seasonal_0 Loss: 0.1367 | 0.1623
Epoch 117/300, seasonal_0 Loss: 0.1378 | 0.1628
Epoch 118/300, seasonal_0 Loss: 0.1377 | 0.1627
Epoch 119/300, seasonal_0 Loss: 0.1374 | 0.1621
Epoch 120/300, seasonal_0 Loss: 0.1368 | 0.1614
Epoch 121/300, seasonal_0 Loss: 0.1372 | 0.1612
Epoch 122/300, seasonal_0 Loss: 0.1367 | 0.1613
Epoch 123/300, seasonal_0 Loss: 0.1367 | 0.1612
Epoch 124/300, seasonal_0 Loss: 0.1364 | 0.1614
Epoch 125/300, seasonal_0 Loss: 0.1369 | 0.1614
Epoch 126/300, seasonal_0 Loss: 0.1358 | 0.1609
Epoch 127/300, seasonal_0 Loss: 0.1356 | 0.1613
Epoch 128/300, seasonal_0 Loss: 0.1366 | 0.1614
Epoch 129/300, seasonal_0 Loss: 0.1359 | 0.1614
Epoch 130/300, seasonal_0 Loss: 0.1362 | 0.1609
Epoch 131/300, seasonal_0 Loss: 0.1361 | 0.1607
Epoch 132/300, seasonal_0 Loss: 0.1362 | 0.1607
Epoch 133/300, seasonal_0 Loss: 0.1363 | 0.1602
Epoch 134/300, seasonal_0 Loss: 0.1355 | 0.1602
Epoch 135/300, seasonal_0 Loss: 0.1361 | 0.1597
Epoch 136/300, seasonal_0 Loss: 0.1353 | 0.1601
Epoch 137/300, seasonal_0 Loss: 0.1350 | 0.1599
Epoch 138/300, seasonal_0 Loss: 0.1352 | 0.1600
Epoch 139/300, seasonal_0 Loss: 0.1350 | 0.1602
Epoch 140/300, seasonal_0 Loss: 0.1354 | 0.1600
Epoch 141/300, seasonal_0 Loss: 0.1351 | 0.1599
Epoch 142/300, seasonal_0 Loss: 0.1357 | 0.1597
Epoch 143/300, seasonal_0 Loss: 0.1356 | 0.1597
Epoch 144/300, seasonal_0 Loss: 0.1357 | 0.1593
Epoch 145/300, seasonal_0 Loss: 0.1353 | 0.1594
Epoch 146/300, seasonal_0 Loss: 0.1347 | 0.1595
Epoch 147/300, seasonal_0 Loss: 0.1345 | 0.1596
Epoch 148/300, seasonal_0 Loss: 0.1351 | 0.1593
Epoch 149/300, seasonal_0 Loss: 0.1355 | 0.1591
Epoch 150/300, seasonal_0 Loss: 0.1348 | 0.1589
Epoch 151/300, seasonal_0 Loss: 0.1347 | 0.1589
Epoch 152/300, seasonal_0 Loss: 0.1353 | 0.1590
Epoch 153/300, seasonal_0 Loss: 0.1346 | 0.1588
Epoch 154/300, seasonal_0 Loss: 0.1345 | 0.1587
Epoch 155/300, seasonal_0 Loss: 0.1342 | 0.1585
Epoch 156/300, seasonal_0 Loss: 0.1344 | 0.1584
Epoch 157/300, seasonal_0 Loss: 0.1344 | 0.1586
Epoch 158/300, seasonal_0 Loss: 0.1349 | 0.1585
Epoch 159/300, seasonal_0 Loss: 0.1343 | 0.1586
Epoch 160/300, seasonal_0 Loss: 0.1347 | 0.1587
Epoch 161/300, seasonal_0 Loss: 0.1343 | 0.1586
Epoch 162/300, seasonal_0 Loss: 0.1337 | 0.1584
Epoch 163/300, seasonal_0 Loss: 0.1337 | 0.1584
Epoch 164/300, seasonal_0 Loss: 0.1343 | 0.1584
Epoch 165/300, seasonal_0 Loss: 0.1344 | 0.1584
Epoch 166/300, seasonal_0 Loss: 0.1338 | 0.1584
Epoch 167/300, seasonal_0 Loss: 0.1338 | 0.1582
Epoch 168/300, seasonal_0 Loss: 0.1335 | 0.1583
Epoch 169/300, seasonal_0 Loss: 0.1346 | 0.1583
Epoch 170/300, seasonal_0 Loss: 0.1349 | 0.1584
Epoch 171/300, seasonal_0 Loss: 0.1336 | 0.1583
Epoch 172/300, seasonal_0 Loss: 0.1338 | 0.1582
Epoch 173/300, seasonal_0 Loss: 0.1338 | 0.1581
Epoch 174/300, seasonal_0 Loss: 0.1337 | 0.1580
Epoch 175/300, seasonal_0 Loss: 0.1338 | 0.157