[32m[I 2025-01-05 00:25:13,559][0m Trial 49 finished with value: 0.05504313624137408 and parameters: {'observation_period_num': 33, 'train_rates': 0.9212026735738252, 'learning_rate': 9.723550397944086e-05, 'batch_size': 74, 'step_size': 10, 'gamma': 0.9374924485062195}. Best is trial 36 with value: 0.03179062719619463.[0m
resid „ÅÆÊúÄÈÅ©„Éè„Ç§„Éë„Éº„Éë„É©„É°„Éº„Çø„ÅåË¶ã„Å§„Åã„Çä„Åæ„Åó„Åü
ÊúÄÈÅ©„Éè„Ç§„Éë„Éº„Éë„É©„É°„Éº„Çø„Åå best_hyperparameters_AMZN_iTransformer.json „Å´‰øùÂ≠ò„Åï„Çå„Åæ„Åó„Åü
Training trend component with params: {'observation_period_num': 16, 'train_rates': 0.9746970381277509, 'learning_rate': 0.00023436469191064942, 'batch_size': 62, 'step_size': 5, 'gamma': 0.8298060488040724}
Epoch 1/300, trend Loss: 0.2278 | 0.1445
Epoch 2/300, trend Loss: 0.1488 | 0.1012
Epoch 3/300, trend Loss: 0.1262 | 0.0776
Epoch 4/300, trend Loss: 0.1161 | 0.0704
Epoch 5/300, trend Loss: 0.1101 | 0.0666
Epoch 6/300, trend Loss: 0.1049 | 0.0641
Epoch 7/300, trend Loss: 0.1051 | 0.0629
Epoch 8/300, trend Loss: 0.1042 | 0.0616
Epoch 9/300, trend Loss: 0.1035 | 0.0676
Epoch 10/300, trend Loss: 0.1019 | 0.0761
Epoch 11/300, trend Loss: 0.0983 | 0.0817
Epoch 12/300, trend Loss: 0.1025 | 0.0809
Epoch 13/300, trend Loss: 0.1059 | 0.0639
Epoch 14/300, trend Loss: 0.1071 | 0.0614
Epoch 15/300, trend Loss: 0.0948 | 0.0548
Epoch 16/300, trend Loss: 0.0896 | 0.0542
Epoch 17/300, trend Loss: 0.0887 | 0.0533
Epoch 18/300, trend Loss: 0.0873 | 0.0527
Epoch 19/300, trend Loss: 0.0857 | 0.0529
Epoch 20/300, trend Loss: 0.0841 | 0.0512
Epoch 21/300, trend Loss: 0.0823 | 0.0497
Epoch 22/300, trend Loss: 0.0813 | 0.0483
Epoch 23/300, trend Loss: 0.0806 | 0.0472
Epoch 24/300, trend Loss: 0.0802 | 0.0472
Epoch 25/300, trend Loss: 0.0794 | 0.0464
Epoch 26/300, trend Loss: 0.0791 | 0.0461
Epoch 27/300, trend Loss: 0.0788 | 0.0452
Epoch 28/300, trend Loss: 0.0786 | 0.0447
Epoch 29/300, trend Loss: 0.0782 | 0.0437
Epoch 30/300, trend Loss: 0.0782 | 0.0435
Epoch 31/300, trend Loss: 0.0777 | 0.0425
Epoch 32/300, trend Loss: 0.0778 | 0.0425
Epoch 33/300, trend Loss: 0.0775 | 0.0424
Epoch 34/300, trend Loss: 0.0777 | 0.0432
Epoch 35/300, trend Loss: 0.0776 | 0.0433
Epoch 36/300, trend Loss: 0.0775 | 0.0467
Epoch 37/300, trend Loss: 0.0770 | 0.0466
Epoch 38/300, trend Loss: 0.0764 | 0.0464
Epoch 39/300, trend Loss: 0.0762 | 0.0460
Epoch 40/300, trend Loss: 0.0760 | 0.0444
Epoch 41/300, trend Loss: 0.0758 | 0.0422
Epoch 42/300, trend Loss: 0.0756 | 0.0416
Epoch 43/300, trend Loss: 0.0750 | 0.0412
Epoch 44/300, trend Loss: 0.0743 | 0.0406
Epoch 45/300, trend Loss: 0.0737 | 0.0405
Epoch 46/300, trend Loss: 0.0732 | 0.0404
Epoch 47/300, trend Loss: 0.0729 | 0.0404
Epoch 48/300, trend Loss: 0.0728 | 0.0404
Epoch 49/300, trend Loss: 0.0727 | 0.0404
Epoch 50/300, trend Loss: 0.0726 | 0.0403
Epoch 51/300, trend Loss: 0.0726 | 0.0403
Epoch 52/300, trend Loss: 0.0725 | 0.0402
Epoch 53/300, trend Loss: 0.0724 | 0.0402
Epoch 54/300, trend Loss: 0.0723 | 0.0401
Epoch 55/300, trend Loss: 0.0723 | 0.0400
Epoch 56/300, trend Loss: 0.0722 | 0.0400
Epoch 57/300, trend Loss: 0.0722 | 0.0399
Epoch 58/300, trend Loss: 0.0721 | 0.0399
Epoch 59/300, trend Loss: 0.0721 | 0.0398
Epoch 60/300, trend Loss: 0.0720 | 0.0398
Epoch 61/300, trend Loss: 0.0720 | 0.0398
Epoch 62/300, trend Loss: 0.0720 | 0.0397
Epoch 63/300, trend Loss: 0.0719 | 0.0397
Epoch 64/300, trend Loss: 0.0719 | 0.0397
Epoch 65/300, trend Loss: 0.0719 | 0.0396
Epoch 66/300, trend Loss: 0.0719 | 0.0396
Epoch 67/300, trend Loss: 0.0718 | 0.0396
Epoch 68/300, trend Loss: 0.0718 | 0.0396
Epoch 69/300, trend Loss: 0.0718 | 0.0395
Epoch 70/300, trend Loss: 0.0718 | 0.0395
Epoch 71/300, trend Loss: 0.0717 | 0.0395
Epoch 72/300, trend Loss: 0.0717 | 0.0395
Epoch 73/300, trend Loss: 0.0717 | 0.0395
Epoch 74/300, trend Loss: 0.0717 | 0.0395
Epoch 75/300, trend Loss: 0.0717 | 0.0394
Epoch 76/300, trend Loss: 0.0717 | 0.0394
Epoch 77/300, trend Loss: 0.0717 | 0.0394
Epoch 78/300, trend Loss: 0.0717 | 0.0394
Epoch 79/300, trend Loss: 0.0716 | 0.0394
Epoch 80/300, trend Loss: 0.0716 | 0.0394
Epoch 81/300, trend Loss: 0.0716 | 0.0394
Epoch 82/300, trend Loss: 0.0716 | 0.0394
Epoch 83/300, trend Loss: 0.0716 | 0.0394
Epoch 84/300, trend Loss: 0.0716 | 0.0394
Epoch 85/300, trend Loss: 0.0716 | 0.0393
Epoch 86/300, trend Loss: 0.0716 | 0.0393
Epoch 87/300, trend Loss: 0.0716 | 0.0393
Epoch 88/300, trend Loss: 0.0716 | 0.0393
Epoch 89/300, trend Loss: 0.0716 | 0.0393
Epoch 90/300, trend Loss: 0.0716 | 0.0393
Epoch 91/300, trend Loss: 0.0716 | 0.0393
Epoch 92/300, trend Loss: 0.0716 | 0.0393
Epoch 93/300, trend Loss: 0.0715 | 0.0393
Epoch 94/300, trend Loss: 0.0715 | 0.0393
Epoch 95/300, trend Loss: 0.0715 | 0.0393
Epoch 96/300, trend Loss: 0.0715 | 0.0393
Epoch 97/300, trend Loss: 0.0715 | 0.0393
Epoch 98/300, trend Loss: 0.0715 | 0.0393
Epoch 99/300, trend Loss: 0.0715 | 0.0393
Epoch 100/300, trend Loss: 0.0715 | 0.0393
Epoch 101/300, trend Loss: 0.0715 | 0.0393
Epoch 102/300, trend Loss: 0.0715 | 0.0393
Epoch 103/300, trend Loss: 0.0715 | 0.0393
Epoch 104/300, trend Loss: 0.0715 | 0.0393
Epoch 105/300, trend Loss: 0.0715 | 0.0393
Epoch 106/300, trend Loss: 0.0715 | 0.0393
Epoch 107/300, trend Loss: 0.0715 | 0.0393
Epoch 108/300, trend Loss: 0.0715 | 0.0393
Epoch 109/300, trend Loss: 0.0715 | 0.0393
Epoch 110/300, trend Loss: 0.0715 | 0.0393
Epoch 111/300, trend Loss: 0.0715 | 0.0393
Epoch 112/300, trend Loss: 0.0715 | 0.0392
Epoch 113/300, trend Loss: 0.0715 | 0.0392
Epoch 114/300, trend Loss: 0.0715 | 0.0392
Epoch 115/300, trend Loss: 0.0715 | 0.0392
Epoch 116/300, trend Loss: 0.0715 | 0.0392
Epoch 117/300, trend Loss: 0.0715 | 0.0392
Epoch 118/300, trend Loss: 0.0715 | 0.0392
Epoch 119/300, trend Loss: 0.0715 | 0.0392
Epoch 120/300, trend Loss: 0.0715 | 0.0392
Epoch 121/300, trend Loss: 0.0715 | 0.0392
Epoch 122/300, trend Loss: 0.0715 | 0.0392
Epoch 123/300, trend Loss: 0.0715 | 0.0392
Epoch 124/300, trend Loss: 0.0715 | 0.0392
Epoch 125/300, trend Loss: 0.0715 | 0.0392
Epoch 126/300, trend Loss: 0.0715 | 0.0392
Epoch 127/300, trend Loss: 0.0715 | 0.0392
Epoch 128/300, trend Loss: 0.0715 | 0.0392
Epoch 129/300, trend Loss: 0.0715 | 0.0392
Epoch 130/300, trend Loss: 0.0715 | 0.0392
Epoch 131/300, trend Loss: 0.0715 | 0.0392
Epoch 132/300, trend Loss: 0.0715 | 0.0392
Epoch 133/300, trend Loss: 0.0715 | 0.0392
Epoch 134/300, trend Loss: 0.0715 | 0.0392
Epoch 135/300, trend Loss: 0.0715 | 0.0392
Epoch 136/300, trend Loss: 0.0715 | 0.0392
Epoch 137/300, trend Loss: 0.0715 | 0.0392
Epoch 138/300, trend Loss: 0.0715 | 0.0392
Epoch 139/300, trend Loss: 0.0715 | 0.0392
Epoch 140/300, trend Loss: 0.0715 | 0.0392
Epoch 141/300, trend Loss: 0.0715 | 0.0392
Epoch 142/300, trend Loss: 0.0715 | 0.0392
Epoch 143/300, trend Loss: 0.0715 | 0.0392
Epoch 144/300, trend Loss: 0.0715 | 0.0392
Epoch 145/300, trend Loss: 0.0715 | 0.0392
Epoch 146/300, trend Loss: 0.0715 | 0.0392
Epoch 147/300, trend Loss: 0.0715 | 0.0392
Epoch 148/300, trend Loss: 0.0715 | 0.0392
Epoch 149/300, trend Loss: 0.0715 | 0.0392
Epoch 150/300, trend Loss: 0.0715 | 0.0392
Epoch 151/300, trend Loss: 0.0715 | 0.0392
Epoch 152/300, trend Loss: 0.0715 | 0.0392
Epoch 153/300, trend Loss: 0.0715 | 0.0392
Epoch 154/300, trend Loss: 0.0715 | 0.0392
Epoch 155/300, trend Loss: 0.0715 | 0.0392
Epoch 156/300, trend Loss: 0.0715 | 0.0392
Epoch 157/300, trend Loss: 0.0715 | 0.0392
Epoch 158/300, trend Loss: 0.0715 | 0.0392
Epoch 159/300, trend Loss: 0.0715 | 0.0392
Epoch 160/300, trend Loss: 0.0715 | 0.0392
Epoch 161/300, trend Loss: 0.0715 | 0.0392
Epoch 162/300, trend Loss: 0.0715 | 0.0392
Epoch 163/300, trend Loss: 0.0715 | 0.0392
Epoch 164/300, trend Loss: 0.0715 | 0.0392
Epoch 165/300, trend Loss: 0.0715 | 0.0392
Epoch 166/300, trend Loss: 0.0715 | 0.0392
Epoch 167/300, trend Loss: 0.0715 | 0.0392
Epoch 168/300, trend Loss: 0.0715 | 0.0392
Epoch 169/300, trend Loss: 0.0715 | 0.0392
Epoch 170/300, trend Loss: 0.0715 | 0.0392
Epoch 171/300, trend Loss: 0.0715 | 0.0392
Epoch 172/300, trend Loss: 0.0715 | 0.0392
Epoch 173/300, trend Loss: 0.0715 | 0.0392
Epoch 174/300, trend Loss: 0.0715 | 0.0392
Epoch 175/300, trend Loss: 0.0715 | 0.0392
Epoch 176/300, trend Loss: 0.0715 | 0.0392
Epoch 177/300, trend Loss: 0.0715 | 0.0392
Epoch 178/300, trend Loss: 0.0715 | 0.0392
Epoch 179/300, trend Loss: 0.0715 | 0.0392
Epoch 180/300, trend Loss: 0.0715 | 0.0392
Epoch 181/300, trend Loss: 0.0715 | 0.0392
Epoch 182/300, trend Loss: 0.0715 | 0.0392
Epoch 183/300, trend Loss: 0.0715 | 0.0392
Epoch 184/300, trend Loss: 0.0715 | 0.0392
Epoch 185/300, trend Loss: 0.0715 | 0.0392
Epoch 186/300, trend Loss: 0.0715 | 0.0392
Epoch 187/300, trend Loss: 0.0715 | 0.0392
Epoch 188/300, trend Loss: 0.0715 | 0.0392
Early stopping for trend
Training seasonal_0 component with params: {'observation_period_num': 5, 'train_rates': 0.8849797772061458, 'learning_rate': 0.00033929423154687864, 'batch_size': 29, 'step_size': 2, 'gamma': 0.9029610260108089}
Epoch 1/300, seasonal_0 Loss: 0.2057 | 0.0974
Epoch 2/300, seasonal_0 Loss: 0.1249 | 0.0747
Epoch 3/300, seasonal_0 Loss: 0.1145 | 0.0813
Epoch 4/300, seasonal_0 Loss: 0.1109 | 0.0846
Epoch 5/300, seasonal_0 Loss: 0.1048 | 0.0720
Epoch 6/300, seasonal_0 Loss: 0.0971 | 0.0646
Epoch 7/300, seasonal_0 Loss: 0.0922 | 0.0599
Epoch 8/300, seasonal_0 Loss: 0.0896 | 0.0589
Epoch 9/300, seasonal_0 Loss: 0.0875 | 0.0594
Epoch 10/300, seasonal_0 Loss: 0.0858 | 0.0608
Epoch 11/300, seasonal_0 Loss: 0.0841 | 0.0624
Epoch 12/300, seasonal_0 Loss: 0.0823 | 0.0614
Epoch 13/300, seasonal_0 Loss: 0.0806 | 0.0574
Epoch 14/300, seasonal_0 Loss: 0.0791 | 0.0526
Epoch 15/300, seasonal_0 Loss: 0.0779 | 0.0479
Epoch 16/300, seasonal_0 Loss: 0.0769 | 0.0436
Epoch 17/300, seasonal_0 Loss: 0.0761 | 0.0404
Epoch 18/300, seasonal_0 Loss: 0.0754 | 0.0381
Epoch 19/300, seasonal_0 Loss: 0.0748 | 0.0367
Epoch 20/300, seasonal_0 Loss: 0.0743 | 0.0358
Epoch 21/300, seasonal_0 Loss: 0.0739 | 0.0351
Epoch 22/300, seasonal_0 Loss: 0.0734 | 0.0347
Epoch 23/300, seasonal_0 Loss: 0.0731 | 0.0343
Epoch 24/300, seasonal_0 Loss: 0.0728 | 0.0341
Epoch 25/300, seasonal_0 Loss: 0.0725 | 0.0338
Epoch 26/300, seasonal_0 Loss: 0.0722 | 0.0336
Epoch 27/300, seasonal_0 Loss: 0.0720 | 0.0333
Epoch 28/300, seasonal_0 Loss: 0.0718 | 0.0331
Epoch 29/300, seasonal_0 Loss: 0.0716 | 0.0328
Epoch 30/300, seasonal_0 Loss: 0.0715 | 0.0326
Epoch 31/300, seasonal_0 Loss: 0.0713 | 0.0325
Epoch 32/300, seasonal_0 Loss: 0.0712 | 0.0324
Epoch 33/300, seasonal_0 Loss: 0.0711 | 0.0324
Epoch 34/300, seasonal_0 Loss: 0.0710 | 0.0323
Epoch 35/300, seasonal_0 Loss: 0.0709 | 0.0322
Epoch 36/300, seasonal_0 Loss: 0.0708 | 0.0322
Epoch 37/300, seasonal_0 Loss: 0.0707 | 0.0322
Epoch 38/300, seasonal_0 Loss: 0.0706 | 0.0322
Epoch 39/300, seasonal_0 Loss: 0.0706 | 0.0322
Epoch 40/300, seasonal_0 Loss: 0.0705 | 0.0322
Epoch 41/300, seasonal_0 Loss: 0.0705 | 0.0321
Epoch 42/300, seasonal_0 Loss: 0.0704 | 0.0321
Epoch 43/300, seasonal_0 Loss: 0.0704 | 0.0321
Epoch 44/300, seasonal_0 Loss: 0.0703 | 0.0320
Epoch 45/300, seasonal_0 Loss: 0.0703 | 0.0320
Epoch 46/300, seasonal_0 Loss: 0.0702 | 0.0320
Epoch 47/300, seasonal_0 Loss: 0.0702 | 0.0320
Epoch 48/300, seasonal_0 Loss: 0.0701 | 0.0320
Epoch 49/300, seasonal_0 Loss: 0.0701 | 0.0320
Epoch 50/300, seasonal_0 Loss: 0.0701 | 0.0320
Epoch 51/300, seasonal_0 Loss: 0.0700 | 0.0320
Epoch 52/300, seasonal_0 Loss: 0.0700 | 0.0320
Epoch 53/300, seasonal_0 Loss: 0.0700 | 0.0320
Epoch 54/300, seasonal_0 Loss: 0.0699 | 0.0320
Epoch 55/300, seasonal_0 Loss: 0.0699 | 0.0320
Epoch 56/300, seasonal_0 Loss: 0.0699 | 0.0320
Epoch 57/300, seasonal_0 Loss: 0.0699 | 0.0320
Epoch 58/300, seasonal_0 Loss: 0.0699 | 0.0320
Epoch 59/300, seasonal_0 Loss: 0.0698 | 0.0320
Epoch 60/300, seasonal_0 Loss: 0.0698 | 0.0320
Epoch 61/300, seasonal_0 Loss: 0.0698 | 0.0320
Epoch 62/300, seasonal_0 Loss: 0.0698 | 0.0320
Epoch 63/300, seasonal_0 Loss: 0.0698 | 0.0320
Epoch 64/300, seasonal_0 Loss: 0.0698 | 0.0320
Epoch 65/300, seasonal_0 Loss: 0.0698 | 0.0320
Epoch 66/300, seasonal_0 Loss: 0.0698 | 0.0321
Epoch 67/300, seasonal_0 Loss: 0.0698 | 0.0321
Epoch 68/300, seasonal_0 Loss: 0.0698 | 0.0321
Epoch 69/300, seasonal_0 Loss: 0.0697 | 0.0321
Epoch 70/300, seasonal_0 Loss: 0.0697 | 0.0321
Epoch 71/300, seasonal_0 Loss: 0.0697 | 0.0321
Epoch 72/300, seasonal_0 Loss: 0.0697 | 0.0321
Epoch 73/300, seasonal_0 Loss: 0.0697 | 0.0321
Epoch 74/300, seasonal_0 Loss: 0.0697 | 0.0320
Epoch 75/300, seasonal_0 Loss: 0.0697 | 0.0320
Epoch 76/300, seasonal_0 Loss: 0.0697 | 0.0320
Epoch 77/300, seasonal_0 Loss: 0.0697 | 0.0320
Epoch 78/300, seasonal_0 Loss: 0.0697 | 0.0320
Epoch 79/300, seasonal_0 Loss: 0.0697 | 0.0320
Epoch 80/300, seasonal_0 Loss: 0.0697 | 0.0320
Epoch 81/300, seasonal_0 Loss: 0.0697 | 0.0320
Epoch 82/300, seasonal_0 Loss: 0.0697 | 0.0320
Epoch 83/300, seasonal_0 Loss: 0.0697 | 0.0320
Epoch 84/300, seasonal_0 Loss: 0.0697 | 0.0320
Epoch 85/300, seasonal_0 Loss: 0.0697 | 0.0320
Epoch 86/300, seasonal_0 Loss: 0.0697 | 0.0320
Epoch 87/300, seasonal_0 Loss: 0.0697 | 0.0320
Epoch 88/300, seasonal_0 Loss: 0.0697 | 0.0320
Epoch 89/300, seasonal_0 Loss: 0.0697 | 0.0320
Epoch 90/300, seasonal_0 Loss: 0.0697 | 0.0320
Epoch 91/300, seasonal_0 Loss: 0.0697 | 0.0320
Epoch 92/300, seasonal_0 Loss: 0.0697 | 0.0320
Epoch 93/300, seasonal_0 Loss: 0.0697 | 0.0320
Epoch 94/300, seasonal_0 Loss: 0.0697 | 0.0320
Epoch 95/300, seasonal_0 Loss: 0.0697 | 0.0320
Epoch 96/300, seasonal_0 Loss: 0.0697 | 0.0320
Epoch 97/300, seasonal_0 Loss: 0.0697 | 0.0320
Epoch 98/300, seasonal_0 Loss: 0.0697 | 0.0320
Epoch 99/300, seasonal_0 Loss: 0.0697 | 0.0320
Epoch 100/300, seasonal_0 Loss: 0.0697 | 0.0320
Epoch 101/300, seasonal_0 Loss: 0.0697 | 0.0320
Epoch 102/300, seasonal_0 Loss: 0.0697 | 0.0320
Epoch 103/300, seasonal_0 Loss: 0.0697 | 0.0320
Epoch 104/300, seasonal_0 Loss: 0.0697 | 0.0320
Epoch 105/300, seasonal_0 Loss: 0.0697 | 0.0320
Epoch 106/300, seasonal_0 Loss: 0.0697 | 0.0320
Epoch 107/300, seasonal_0 Loss: 0.0697 | 0.0320
Epoch 108/300, seasonal_0 Loss: 0.0697 | 0.0320
Epoch 109/300, seasonal_0 Loss: 0.0697 | 0.0320
Epoch 110/300, seasonal_0 Loss: 0.0697 | 0.0320
Epoch 111/300, seasonal_0 Loss: 0.0697 | 0.0320
Epoch 112/300, seasonal_0 Loss: 0.0697 | 0.0320
Epoch 113/300, seasonal_0 Loss: 0.0697 | 0.0320
Epoch 114/300, seasonal_0 Loss: 0.0697 | 0.0320
Epoch 115/300, seasonal_0 Loss: 0.0697 | 0.0320
Epoch 116/300, seasonal_0 Loss: 0.0697 | 0.0320
Epoch 117/300, seasonal_0 Loss: 0.0697 | 0.0320
Epoch 118/300, seasonal_0 Loss: 0.0697 | 0.0320
Epoch 119/300, seasonal_0 Loss: 0.0697 | 0.0320
Epoch 120/300, seasonal_0 Loss: 0.0697 | 0.0320
Epoch 121/300, seasonal_0 Loss: 0.0697 | 0.0320
Epoch 122/300, seasonal_0 Loss: 0.0697 | 0.0320
Epoch 123/300, seasonal_0 Loss: 0.0697 | 0.0320
Epoch 124/300, seasonal_0 Loss: 0.0697 | 0.0320
Epoch 125/300, seasonal_0 Loss: 0.0697 | 0.0320
Epoch 126/300, seasonal_0 Loss: 0.0697 | 0.0320
Epoch 127/300, seasonal_0 Loss: 0.0697 | 0.0320
Epoch 128/300, seasonal_0 Loss: 0.0697 | 0.0320
Epoch 129/300, seasonal_0 Loss: 0.0697 | 0.0320
Epoch 130/300, seasonal_0 Loss: 0.0697 | 0.0320
Epoch 131/300, seasonal_0 Loss: 0.0697 | 0.0320
Epoch 132/300, seasonal_0 Loss: 0.0697 | 0.0320
Epoch 133/300, seasonal_0 Loss: 0.0697 | 0.0320
Epoch 134/300, seasonal_0 Loss: 0.0697 | 0.0320
Epoch 135/300, seasonal_0 Loss: 0.0697 | 0.0320
Epoch 136/300, seasonal_0 Loss: 0.0697 | 0.0320
Epoch 137/300, seasonal_0 Loss: 0.0697 | 0.0320
Early stopping for seasonal_0
Training seasonal_1 component with params: {'observation_period_num': 9, 'train_rates': 0.9403743313311494, 'learning_rate': 9.70008209197557e-05, 'batch_size': 35, 'step_size': 7, 'gamma': 0.9633591904986404}
Epoch 1/300, seasonal_1 Loss: 0.2419 | 0.1183
Epoch 2/300, seasonal_1 Loss: 0.1372 | 0.0882
Epoch 3/300, seasonal_1 Loss: 0.1226 | 0.0740
Epoch 4/300, seasonal_1 Loss: 0.1147 | 0.0679
Epoch 5/300, seasonal_1 Loss: 0.1110 | 0.0664
Epoch 6/300, seasonal_1 Loss: 0.1097 | 0.0816
Epoch 7/300, seasonal_1 Loss: 0.1080 | 0.0772
Epoch 8/300, seasonal_1 Loss: 0.1029 | 0.0638
Epoch 9/300, seasonal_1 Loss: 0.0975 | 0.0596
Epoch 10/300, seasonal_1 Loss: 0.0943 | 0.0570
Epoch 11/300, seasonal_1 Loss: 0.0920 | 0.0545
Epoch 12/300, seasonal_1 Loss: 0.0902 | 0.0524
Epoch 13/300, seasonal_1 Loss: 0.0887 | 0.0505
Epoch 14/300, seasonal_1 Loss: 0.0875 | 0.0491
Epoch 15/300, seasonal_1 Loss: 0.0864 | 0.0477
Epoch 16/300, seasonal_1 Loss: 0.0853 | 0.0466
Epoch 17/300, seasonal_1 Loss: 0.0841 | 0.0457
Epoch 18/300, seasonal_1 Loss: 0.0832 | 0.0450
Epoch 19/300, seasonal_1 Loss: 0.0822 | 0.0442
Epoch 20/300, seasonal_1 Loss: 0.0812 | 0.0434
Epoch 21/300, seasonal_1 Loss: 0.0803 | 0.0428
Epoch 22/300, seasonal_1 Loss: 0.0794 | 0.0422
Epoch 23/300, seasonal_1 Loss: 0.0786 | 0.0415
Epoch 24/300, seasonal_1 Loss: 0.0778 | 0.0409
Epoch 25/300, seasonal_1 Loss: 0.0772 | 0.0404
Epoch 26/300, seasonal_1 Loss: 0.0765 | 0.0399
Epoch 27/300, seasonal_1 Loss: 0.0758 | 0.0392
Epoch 28/300, seasonal_1 Loss: 0.0751 | 0.0386
Epoch 29/300, seasonal_1 Loss: 0.0743 | 0.0382
Epoch 30/300, seasonal_1 Loss: 0.0736 | 0.0374
Epoch 31/300, seasonal_1 Loss: 0.0729 | 0.0368
Epoch 32/300, seasonal_1 Loss: 0.0723 | 0.0363
Epoch 33/300, seasonal_1 Loss: 0.0718 | 0.0364
Epoch 34/300, seasonal_1 Loss: 0.0714 | 0.0361
Epoch 35/300, seasonal_1 Loss: 0.0709 | 0.0359
Epoch 36/300, seasonal_1 Loss: 0.0705 | 0.0362
Epoch 37/300, seasonal_1 Loss: 0.0701 | 0.0358
Epoch 38/300, seasonal_1 Loss: 0.0696 | 0.0356
Epoch 39/300, seasonal_1 Loss: 0.0692 | 0.0354
Epoch 40/300, seasonal_1 Loss: 0.0688 | 0.0356
Epoch 41/300, seasonal_1 Loss: 0.0685 | 0.0351
Epoch 42/300, seasonal_1 Loss: 0.0680 | 0.0349
Epoch 43/300, seasonal_1 Loss: 0.0677 | 0.0349
Epoch 44/300, seasonal_1 Loss: 0.0674 | 0.0344
Epoch 45/300, seasonal_1 Loss: 0.0670 | 0.0343
Epoch 46/300, seasonal_1 Loss: 0.0666 | 0.0342
Epoch 47/300, seasonal_1 Loss: 0.0663 | 0.0342
Epoch 48/300, seasonal_1 Loss: 0.0661 | 0.0338
Epoch 49/300, seasonal_1 Loss: 0.0657 | 0.0338
Epoch 50/300, seasonal_1 Loss: 0.0655 | 0.0337
Epoch 51/300, seasonal_1 Loss: 0.0652 | 0.0334
Epoch 52/300, seasonal_1 Loss: 0.0650 | 0.0333
Epoch 53/300, seasonal_1 Loss: 0.0647 | 0.0332
Epoch 54/300, seasonal_1 Loss: 0.0645 | 0.0332
Epoch 55/300, seasonal_1 Loss: 0.0643 | 0.0328
Epoch 56/300, seasonal_1 Loss: 0.0641 | 0.0327
Epoch 57/300, seasonal_1 Loss: 0.0639 | 0.0323
Epoch 58/300, seasonal_1 Loss: 0.0637 | 0.0319
Epoch 59/300, seasonal_1 Loss: 0.0635 | 0.0317
Epoch 60/300, seasonal_1 Loss: 0.0632 | 0.0315
Epoch 61/300, seasonal_1 Loss: 0.0629 | 0.0311
Epoch 62/300, seasonal_1 Loss: 0.0626 | 0.0307
Epoch 63/300, seasonal_1 Loss: 0.0624 | 0.0306
Epoch 64/300, seasonal_1 Loss: 0.0621 | 0.0303
Epoch 65/300, seasonal_1 Loss: 0.0618 | 0.0300
Epoch 66/300, seasonal_1 Loss: 0.0615 | 0.0299
Epoch 67/300, seasonal_1 Loss: 0.0613 | 0.0298
Epoch 68/300, seasonal_1 Loss: 0.0610 | 0.0296
Epoch 69/300, seasonal_1 Loss: 0.0607 | 0.0294
Epoch 70/300, seasonal_1 Loss: 0.0605 | 0.0293
Epoch 71/300, seasonal_1 Loss: 0.0602 | 0.0291
Epoch 72/300, seasonal_1 Loss: 0.0599 | 0.0289
Epoch 73/300, seasonal_1 Loss: 0.0596 | 0.0288
Epoch 74/300, seasonal_1 Loss: 0.0594 | 0.0287
Epoch 75/300, seasonal_1 Loss: 0.0591 | 0.0285
Epoch 76/300, seasonal_1 Loss: 0.0588 | 0.0282
Epoch 77/300, seasonal_1 Loss: 0.0585 | 0.0281
Epoch 78/300, seasonal_1 Loss: 0.0583 | 0.0278
Epoch 79/300, seasonal_1 Loss: 0.0581 | 0.0277
Epoch 80/300, seasonal_1 Loss: 0.0579 | 0.0274
Epoch 81/300, seasonal_1 Loss: 0.0577 | 0.0275
Epoch 82/300, seasonal_1 Loss: 0.0575 | 0.0270
Epoch 83/300, seasonal_1 Loss: 0.0574 | 0.0272
Epoch 84/300, seasonal_1 Loss: 0.0572 | 0.0267
Epoch 85/300, seasonal_1 Loss: 0.0573 | 0.0270
Epoch 86/300, seasonal_1 Loss: 0.0570 | 0.0264
Epoch 87/300, seasonal_1 Loss: 0.0570 | 0.0268
Epoch 88/300, seasonal_1 Loss: 0.0567 | 0.0263
Epoch 89/300, seasonal_1 Loss: 0.0570 | 0.0268
Epoch 90/300, seasonal_1 Loss: 0.0566 | 0.0263
Epoch 91/300, seasonal_1 Loss: 0.0567 | 0.0267
Epoch 92/300, seasonal_1 Loss: 0.0565 | 0.0266
Epoch 93/300, seasonal_1 Loss: 0.0568 | 0.0272
Epoch 94/300, seasonal_1 Loss: 0.0563 | 0.0268
Epoch 95/300, seasonal_1 Loss: 0.0564 | 0.0273
Epoch 96/300, seasonal_1 Loss: 0.0559 | 0.0271
Epoch 97/300, seasonal_1 Loss: 0.0562 | 0.0276
Epoch 98/300, seasonal_1 Loss: 0.0556 | 0.0272
Epoch 99/300, seasonal_1 Loss: 0.0558 | 0.0278
Epoch 100/300, seasonal_1 Loss: 0.0553 | 0.0275
Epoch 101/300, seasonal_1 Loss: 0.0554 | 0.0278
Epoch 102/300, seasonal_1 Loss: 0.0550 | 0.0275
Epoch 103/300, seasonal_1 Loss: 0.0551 | 0.0280
Epoch 104/300, seasonal_1 Loss: 0.0548 | 0.0277
Epoch 105/300, seasonal_1 Loss: 0.0548 | 0.0279
Epoch 106/300, seasonal_1 Loss: 0.0545 | 0.0279
Epoch 107/300, seasonal_1 Loss: 0.0545 | 0.0280
Epoch 108/300, seasonal_1 Loss: 0.0542 | 0.0278
Epoch 109/300, seasonal_1 Loss: 0.0542 | 0.0279
Epoch 110/300, seasonal_1 Loss: 0.0540 | 0.0280
Epoch 111/300, seasonal_1 Loss: 0.0539 | 0.0280
Epoch 112/300, seasonal_1 Loss: 0.0537 | 0.0279
Epoch 113/300, seasonal_1 Loss: 0.0537 | 0.0280
Epoch 114/300, seasonal_1 Loss: 0.0535 | 0.0279
Epoch 115/300, seasonal_1 Loss: 0.0534 | 0.0279
Epoch 116/300, seasonal_1 Loss: 0.0533 | 0.0278
Epoch 117/300, seasonal_1 Loss: 0.0532 | 0.0280
Epoch 118/300, seasonal_1 Loss: 0.0530 | 0.0278
Epoch 119/300, seasonal_1 Loss: 0.0529 | 0.0279
Epoch 120/300, seasonal_1 Loss: 0.0528 | 0.0279
Epoch 121/300, seasonal_1 Loss: 0.0527 | 0.0279
Epoch 122/300, seasonal_1 Loss: 0.0525 | 0.0279
Epoch 123/300, seasonal_1 Loss: 0.0524 | 0.0280
Epoch 124/300, seasonal_1 Loss: 0.0522 | 0.0282
Epoch 125/300, seasonal_1 Loss: 0.0521 | 0.0282
Epoch 126/300, seasonal_1 Loss: 0.0518 | 0.0283
Epoch 127/300, seasonal_1 Loss: 0.0516 | 0.0286
Epoch 128/300, seasonal_1 Loss: 0.0513 | 0.0286
Epoch 129/300, seasonal_1 Loss: 0.0509 | 0.0288
Epoch 130/300, seasonal_1 Loss: 0.0504 | 0.0290
Epoch 131/300, seasonal_1 Loss: 0.0496 | 0.0289
Epoch 132/300, seasonal_1 Loss: 0.0488 | 0.0283
Epoch 133/300, seasonal_1 Loss: 0.0479 | 0.0278
Epoch 134/300, seasonal_1 Loss: 0.0473 | 0.0274
Epoch 135/300, seasonal_1 Loss: 0.0468 | 0.027