[32m[I 2025-01-04 19:58:33,031][0m Trial 15 finished with value: 0.08357180092585226 and parameters: {'observation_period_num': 147, 'train_rates': 0.8169172742880076, 'learning_rate': 0.00034636835369383193, 'batch_size': 192, 'step_size': 6, 'gamma': 0.8314106148912656}. Best is trial 1 with value: 0.08268658535207732.[0m
[32m[I 2025-01-04 19:59:02,838][0m Trial 16 finished with value: 0.09245413987436027 and parameters: {'observation_period_num': 151, 'train_rates': 0.8474877928092556, 'learning_rate': 0.00027498065441554955, 'batch_size': 197, 'step_size': 5, 'gamma': 0.8140618067276836}. Best is trial 1 with value: 0.08268658535207732.[0m
[32m[I 2025-01-04 19:59:35,954][0m Trial 17 finished with value: 0.10020324136777843 and parameters: {'observation_period_num': 210, 'train_rates': 0.9189279388905706, 'learning_rate': 0.00012909586296518515, 'batch_size': 175, 'step_size': 6, 'gamma': 0.866488947881128}. Best is trial 1 with value: 0.08268658535207732.[0m
[32m[I 2025-01-04 20:00:00,189][0m Trial 18 finished with value: 0.3079845490261941 and parameters: {'observation_period_num': 83, 'train_rates': 0.8200488247314273, 'learning_rate': 1.1915483460787283e-05, 'batch_size': 248, 'step_size': 3, 'gamma': 0.9356014653979963}. Best is trial 1 with value: 0.08268658535207732.[0m
[32m[I 2025-01-04 20:00:24,576][0m Trial 19 finished with value: 0.3091525336941957 and parameters: {'observation_period_num': 55, 'train_rates': 0.7333297333711383, 'learning_rate': 4.451034158168457e-05, 'batch_size': 218, 'step_size': 2, 'gamma': 0.9065758102056082}. Best is trial 1 with value: 0.08268658535207732.[0m
[32m[I 2025-01-04 20:01:02,959][0m Trial 20 finished with value: 0.141655493758708 and parameters: {'observation_period_num': 14, 'train_rates': 0.6874645283225047, 'learning_rate': 0.00042632792797728117, 'batch_size': 134, 'step_size': 8, 'gamma': 0.8206158985593323}. Best is trial 1 with value: 0.08268658535207732.[0m
[32m[I 2025-01-04 20:02:01,000][0m Trial 21 finished with value: 0.13042827242094537 and parameters: {'observation_period_num': 138, 'train_rates': 0.8039097717916119, 'learning_rate': 0.0005507193234585824, 'batch_size': 88, 'step_size': 11, 'gamma': 0.8402065535201405}. Best is trial 1 with value: 0.08268658535207732.[0m
[32m[I 2025-01-04 20:02:33,366][0m Trial 22 finished with value: 0.08827153615139682 and parameters: {'observation_period_num': 107, 'train_rates': 0.7964227632572585, 'learning_rate': 0.0001520688248082714, 'batch_size': 169, 'step_size': 6, 'gamma': 0.8606007010793948}. Best is trial 1 with value: 0.08268658535207732.[0m
[32m[I 2025-01-04 20:03:07,708][0m Trial 23 finished with value: 0.07996431697424644 and parameters: {'observation_period_num': 97, 'train_rates': 0.8719131738768473, 'learning_rate': 0.00010620095313913062, 'batch_size': 170, 'step_size': 6, 'gamma': 0.8702718490729318}. Best is trial 23 with value: 0.07996431697424644.[0m
[32m[I 2025-01-04 20:03:34,825][0m Trial 24 finished with value: 0.07992580214825769 and parameters: {'observation_period_num': 65, 'train_rates': 0.8673461433650574, 'learning_rate': 8.498276734357545e-05, 'batch_size': 218, 'step_size': 5, 'gamma': 0.8847967077804498}. Best is trial 24 with value: 0.07992580214825769.[0m
[32m[I 2025-01-04 20:04:03,815][0m Trial 25 finished with value: 0.10608665658607742 and parameters: {'observation_period_num': 68, 'train_rates': 0.9236445663634087, 'learning_rate': 7.024515812628002e-05, 'batch_size': 214, 'step_size': 3, 'gamma': 0.888926525439921}. Best is trial 24 with value: 0.07992580214825769.[0m
[32m[I 2025-01-04 20:04:41,879][0m Trial 26 finished with value: 0.060147847279463665 and parameters: {'observation_period_num': 31, 'train_rates': 0.8619276349952731, 'learning_rate': 2.8533066277341782e-05, 'batch_size': 152, 'step_size': 5, 'gamma': 0.9580449871355415}. Best is trial 26 with value: 0.060147847279463665.[0m
[32m[I 2025-01-04 20:05:19,669][0m Trial 27 finished with value: 0.08369790344703489 and parameters: {'observation_period_num': 87, 'train_rates': 0.8713106116713618, 'learning_rate': 2.7241179701407853e-05, 'batch_size': 153, 'step_size': 8, 'gamma': 0.9202035616032455}. Best is trial 26 with value: 0.060147847279463665.[0m
[32m[I 2025-01-04 20:06:00,684][0m Trial 28 finished with value: 0.0724858542283376 and parameters: {'observation_period_num': 59, 'train_rates': 0.9471905768139056, 'learning_rate': 9.476803486023176e-05, 'batch_size': 150, 'step_size': 5, 'gamma': 0.9475067133694276}. Best is trial 26 with value: 0.060147847279463665.[0m
[32m[I 2025-01-04 20:06:51,913][0m Trial 29 finished with value: 0.13636248769431278 and parameters: {'observation_period_num': 25, 'train_rates': 0.9507794942114481, 'learning_rate': 8.504026574120183e-06, 'batch_size': 117, 'step_size': 5, 'gamma': 0.9520624530712994}. Best is trial 26 with value: 0.060147847279463665.[0m
[32m[I 2025-01-04 20:07:33,233][0m Trial 30 finished with value: 0.07506983975569408 and parameters: {'observation_period_num': 52, 'train_rates': 0.9423936078307205, 'learning_rate': 7.690327363459162e-05, 'batch_size': 148, 'step_size': 2, 'gamma': 0.9435567153121807}. Best is trial 26 with value: 0.060147847279463665.[0m
[32m[I 2025-01-04 20:08:15,093][0m Trial 31 finished with value: 0.07442730186241013 and parameters: {'observation_period_num': 57, 'train_rates': 0.9373941814410927, 'learning_rate': 8.021895344604512e-05, 'batch_size': 143, 'step_size': 2, 'gamma': 0.9405120281287491}. Best is trial 26 with value: 0.060147847279463665.[0m
[32m[I 2025-01-04 20:08:56,438][0m Trial 32 finished with value: 0.07926534861326218 and parameters: {'observation_period_num': 47, 'train_rates': 0.9493042052080511, 'learning_rate': 3.760445409951463e-05, 'batch_size': 149, 'step_size': 2, 'gamma': 0.9518504433722631}. Best is trial 26 with value: 0.060147847279463665.[0m
[32m[I 2025-01-04 20:09:44,235][0m Trial 33 finished with value: 0.048609761591953564 and parameters: {'observation_period_num': 23, 'train_rates': 0.9461912980415417, 'learning_rate': 0.00016302767335106582, 'batch_size': 130, 'step_size': 2, 'gamma': 0.9706115447922157}. Best is trial 33 with value: 0.048609761591953564.[0m
[32m[I 2025-01-04 20:10:30,298][0m Trial 34 finished with value: 0.04799266434029529 and parameters: {'observation_period_num': 28, 'train_rates': 0.9028262508704182, 'learning_rate': 0.00018271733983991656, 'batch_size': 126, 'step_size': 1, 'gamma': 0.9668953008597574}. Best is trial 34 with value: 0.04799266434029529.[0m
[32m[I 2025-01-04 20:11:22,256][0m Trial 35 finished with value: 0.04035014659166336 and parameters: {'observation_period_num': 21, 'train_rates': 0.9673127899158217, 'learning_rate': 0.0001912584583862285, 'batch_size': 120, 'step_size': 3, 'gamma': 0.9692806721085312}. Best is trial 35 with value: 0.04035014659166336.[0m
[32m[I 2025-01-04 20:12:10,758][0m Trial 36 finished with value: 0.033966095857449356 and parameters: {'observation_period_num': 5, 'train_rates': 0.9007871682128195, 'learning_rate': 0.00020777161845908666, 'batch_size': 126, 'step_size': 2, 'gamma': 0.989757249106557}. Best is trial 36 with value: 0.033966095857449356.[0m
[32m[I 2025-01-04 20:13:03,337][0m Trial 37 finished with value: 0.04926728829741478 and parameters: {'observation_period_num': 7, 'train_rates': 0.988378978212258, 'learning_rate': 0.00020234298529015707, 'batch_size': 125, 'step_size': 1, 'gamma': 0.9834206616760017}. Best is trial 36 with value: 0.033966095857449356.[0m
[32m[I 2025-01-04 20:14:15,720][0m Trial 38 finished with value: 0.03341812161462648 and parameters: {'observation_period_num': 23, 'train_rates': 0.9046294586466822, 'learning_rate': 0.00020396177069751287, 'batch_size': 80, 'step_size': 3, 'gamma': 0.970784245825082}. Best is trial 38 with value: 0.03341812161462648.[0m
[32m[I 2025-01-04 20:15:23,070][0m Trial 39 finished with value: 0.04623304942951483 and parameters: {'observation_period_num': 35, 'train_rates': 0.9010497628481645, 'learning_rate': 0.0002332074440033886, 'batch_size': 85, 'step_size': 3, 'gamma': 0.9768774196659953}. Best is trial 38 with value: 0.03341812161462648.[0m
[32m[I 2025-01-04 20:16:39,030][0m Trial 40 finished with value: 0.07556447156527069 and parameters: {'observation_period_num': 41, 'train_rates': 0.9695285301763757, 'learning_rate': 0.0006296938983644096, 'batch_size': 80, 'step_size': 3, 'gamma': 0.9871663911734218}. Best is trial 38 with value: 0.03341812161462648.[0m
[32m[I 2025-01-04 20:18:43,334][0m Trial 41 finished with value: 0.032770832608825656 and parameters: {'observation_period_num': 22, 'train_rates': 0.9205944169624524, 'learning_rate': 0.00023389398818654124, 'batch_size': 46, 'step_size': 1, 'gamma': 0.9663087611318047}. Best is trial 41 with value: 0.032770832608825656.[0m
[32m[I 2025-01-04 20:20:59,404][0m Trial 42 finished with value: 0.03601738760197485 and parameters: {'observation_period_num': 16, 'train_rates': 0.9118432777826457, 'learning_rate': 0.0002519118038985969, 'batch_size': 42, 'step_size': 3, 'gamma': 0.9784986967433945}. Best is trial 41 with value: 0.032770832608825656.[0m
[32m[I 2025-01-04 20:23:18,604][0m Trial 43 finished with value: 0.03889618635329665 and parameters: {'observation_period_num': 6, 'train_rates': 0.9669216556540162, 'learning_rate': 0.00047874943312644546, 'batch_size': 43, 'step_size': 4, 'gamma': 0.9654419430333131}. Best is trial 41 with value: 0.032770832608825656.[0m
[32m[I 2025-01-04 20:25:52,052][0m Trial 44 finished with value: 0.034490929856172456 and parameters: {'observation_period_num': 14, 'train_rates': 0.9160183278059679, 'learning_rate': 0.0005033226967755454, 'batch_size': 37, 'step_size': 4, 'gamma': 0.9616834626448048}. Best is trial 41 with value: 0.032770832608825656.[0m
[32m[I 2025-01-04 20:28:08,726][0m Trial 45 finished with value: 0.02804566066024641 and parameters: {'observation_period_num': 14, 'train_rates': 0.9208349152267251, 'learning_rate': 0.000745373184793514, 'batch_size': 42, 'step_size': 1, 'gamma': 0.9271526289858901}. Best is trial 45 with value: 0.02804566066024641.[0m
[32m[I 2025-01-04 20:33:51,066][0m Trial 46 finished with value: 0.031088083721043772 and parameters: {'observation_period_num': 5, 'train_rates': 0.8840456215747082, 'learning_rate': 0.000810594750688268, 'batch_size': 16, 'step_size': 1, 'gamma': 0.9177624969297115}. Best is trial 45 with value: 0.02804566066024641.[0m
[32m[I 2025-01-04 20:38:35,933][0m Trial 47 finished with value: 0.04453694225131404 and parameters: {'observation_period_num': 36, 'train_rates': 0.8845209004197823, 'learning_rate': 0.0006785626460370503, 'batch_size': 19, 'step_size': 1, 'gamma': 0.929663234692112}. Best is trial 45 with value: 0.02804566066024641.[0m
[32m[I 2025-01-04 20:40:05,662][0m Trial 48 finished with value: 0.05485424631580109 and parameters: {'observation_period_num': 43, 'train_rates': 0.8468509498763368, 'learning_rate': 0.0008291932293644839, 'batch_size': 61, 'step_size': 1, 'gamma': 0.9141555147359516}. Best is trial 45 with value: 0.02804566066024641.[0m
[32m[I 2025-01-04 20:43:16,669][0m Trial 49 finished with value: 0.027985783562283307 and parameters: {'observation_period_num': 5, 'train_rates': 0.8849797772061458, 'learning_rate': 0.00033929423154687864, 'batch_size': 29, 'step_size': 2, 'gamma': 0.9029610260108089}. Best is trial 49 with value: 0.027985783562283307.[0m
seasonal_0 „ÅÆÊúÄÈÅ©„Éè„Ç§„Éë„Éº„Éë„É©„É°„Éº„Çø„ÅåË¶ã„Å§„Åã„Çä„Åæ„Åó„Åü
ÊúÄÈÅ©ÂåñÂØæË±°: seasonal_1
[32m[I 2025-01-04 20:43:16,680][0m A new study created in memory with name: no-name-785c2386-b39b-4e94-9825-d92f4072c533[0m
[32m[I 2025-01-04 20:43:37,807][0m Trial 0 finished with value: 0.25719140325273787 and parameters: {'observation_period_num': 199, 'train_rates': 0.6187728207157336, 'learning_rate': 0.0003674293962284414, 'batch_size': 228, 'step_size': 6, 'gamma': 0.902923577807868}. Best is trial 0 with value: 0.25719140325273787.[0m
[32m[I 2025-01-04 20:47:48,332][0m Trial 1 finished with value: 0.16309055361631966 and parameters: {'observation_period_num': 12, 'train_rates': 0.7227001883102959, 'learning_rate': 2.736777560526363e-05, 'batch_size': 19, 'step_size': 7, 'gamma': 0.7632810455882437}. Best is trial 1 with value: 0.16309055361631966.[0m
[32m[I 2025-01-04 20:48:46,405][0m Trial 2 finished with value: 1.0059245489176036 and parameters: {'observation_period_num': 66, 'train_rates': 0.9288624253534574, 'learning_rate': 1.688715123026583e-06, 'batch_size': 101, 'step_size': 1, 'gamma': 0.9348412698538623}. Best is trial 1 with value: 0.16309055361631966.[0m
[32m[I 2025-01-04 20:49:57,039][0m Trial 3 finished with value: 0.14422115225058335 and parameters: {'observation_period_num': 26, 'train_rates': 0.9690869473797291, 'learning_rate': 9.66007992900902e-06, 'batch_size': 86, 'step_size': 9, 'gamma': 0.7569098707873666}. Best is trial 3 with value: 0.14422115225058335.[0m
[32m[I 2025-01-04 20:50:21,184][0m Trial 4 finished with value: 0.04746596324012468 and parameters: {'observation_period_num': 17, 'train_rates': 0.7931761543077658, 'learning_rate': 0.0002357677588528414, 'batch_size': 252, 'step_size': 8, 'gamma': 0.8667672358750952}. Best is trial 4 with value: 0.04746596324012468.[0m
[32m[I 2025-01-04 20:55:07,418][0m Trial 5 finished with value: 0.18802054063903206 and parameters: {'observation_period_num': 46, 'train_rates': 0.7036922564986421, 'learning_rate': 8.847360464593894e-05, 'batch_size': 16, 'step_size': 4, 'gamma': 0.9465509823174735}. Best is trial 4 with value: 0.04746596324012468.[0m
[32m[I 2025-01-04 20:56:10,064][0m Trial 6 finished with value: 0.2050688365437337 and parameters: {'observation_period_num': 10, 'train_rates': 0.7434828134530146, 'learning_rate': 7.725898306184494e-06, 'batch_size': 84, 'step_size': 9, 'gamma': 0.9405996103057632}. Best is trial 4 with value: 0.04746596324012468.[0m
[32m[I 2025-01-04 20:56:35,975][0m Trial 7 finished with value: 0.2942590071528002 and parameters: {'observation_period_num': 241, 'train_rates': 0.7801969933450604, 'learning_rate': 1.73655706164047e-05, 'batch_size': 211, 'step_size': 8, 'gamma': 0.8285690662732522}. Best is trial 4 with value: 0.04746596324012468.[0m
[32m[I 2025-01-04 20:56:57,753][0m Trial 8 finished with value: 0.8232458032581998 and parameters: {'observation_period_num': 239, 'train_rates': 0.7436228485347942, 'learning_rate': 3.306729922969751e-06, 'batch_size': 233, 'step_size': 6, 'gamma': 0.7982706276044765}. Best is trial 4 with value: 0.04746596324012468.[0m
[32m[I 2025-01-04 20:57:20,852][0m Trial 9 finished with value: 0.39578981112550804 and parameters: {'observation_period_num': 222, 'train_rates': 0.6046791598465185, 'learning_rate': 6.138608541650167e-05, 'batch_size': 188, 'step_size': 14, 'gamma': 0.9671442793730372}. Best is trial 4 with value: 0.04746596324012468.[0m
[32m[I 2025-01-04 20:57:56,963][0m Trial 10 finished with value: 0.08514846560707234 and parameters: {'observation_period_num': 116, 'train_rates': 0.8704673224331934, 'learning_rate': 0.0008774967394019384, 'batch_size': 159, 'step_size': 13, 'gamma': 0.8539904709734983}. Best is trial 4 with value: 0.04746596324012468.[0m
[32m[I 2025-01-04 20:58:32,960][0m Trial 11 finished with value: 0.07470873103422278 and parameters: {'observation_period_num': 107, 'train_rates': 0.8509911096960068, 'learning_rate': 0.0007494227782113461, 'batch_size': 156, 'step_size': 13, 'gamma': 0.8698821923241133}. Best is trial 4 with value: 0.04746596324012468.[0m
[32m[I 2025-01-04 20:59:09,324][0m Trial 12 finished with value: 0.06335439714461355 and parameters: {'observation_period_num': 111, 'train_rates': 0.8498629328258472, 'learning_rate': 0.00022409596657580272, 'batch_size': 155, 'step_size': 12, 'gamma': 0.8889357952453478}. Best is trial 4 with value: 0.04746596324012468.[0m
[32m[I 2025-01-04 20:59:32,426][0m Trial 13 finished with value: 0.12113325495819946 and parameters: {'observation_period_num': 161, 'train_rates': 0.8464474870330341, 'learning_rate': 0.00019564470751976532, 'batch_size': 256, 'step_size': 11, 'gamma': 0.9000131867578581}. Best is trial 4 with value: 0.04746596324012468.[0m
[32m[I 2025-01-04 21:00:15,529][0m Trial 14 finished with value: 0.06317174502266378 and parameters: {'observation_period_num': 85, 'train_rates': 0.8156536593191714, 'learning_rate': 0.00015876544792098926, 'batch_size': 124, 'step_size': 11, 'gamma': 0.8890454757108152}. Best is trial 4 with value: 0.04746596324012468.[0m
[32m[I 2025-01-04 21:01:01,509][0m Trial 15 finished with value: 0.07403950826121881 and parameters: {'observation_period_num': 67, 'train_rates': 0.7970177307203125, 'learning_rate': 7.630286662695565e-05, 'batch_size': 119, 'step_size': 10, 'gamma': 0.8297028297358062}. Best is trial 4 with value: 0.04746596324012468.[0m
[32m[I 2025-01-04 21:02:17,588][0m Trial 16 finished with value: 0.17471705423668027 and parameters: {'observation_period_num': 81, 'train_rates': 0.6714188309766345, 'learning_rate': 0.00014789346426223143, 'batch_size': 59, 'step_size': 15, 'gamma': 0.8483858546314176}. Best is trial 4 with value: 0.04746596324012468.[0m
[32m[I 2025-01-04 21:02:45,618][0m Trial 17 finished with value: 0.09524419614156648 and parameters: {'observation_period_num': 161, 'train_rates': 0.7974306256823595, 'learning_rate': 0.0003276288510921272, 'batch_size': 188, 'step_size': 3, 'gamma': 0.9164249052782728}. Best is trial 4 with value: 0.04746596324012468.[0m
[32m[I 2025-01-04 21:03:34,131][0m Trial 18 finished with value: 0.060895328455315104 and parameters: {'observation_period_num': 46, 'train_rates': 0.908301485107532, 'learning_rate': 4.7250111485847494e-05, 'batch_size': 125, 'step_size': 11, 'gamma': 0.9811584899950422}. Best is trial 4 with value: 0.04746596324012468.[0m
[32m[I 2025-01-04 21:05:12,969][0m Trial 19 finished with value: 0.046136940217666546 and parameters: {'observation_period_num': 39, 'train_rates': 0.9182407923010727, 'learning_rate': 4.233843584971611e-05, 'batch_size': 58, 'step_size': 5, 'gamma': 0.9844115494195008}. Best is trial 19 with value: 0.046136940217666546.[0m
[32m[I 2025-01-04 21:07:05,124][0m Trial 20 finished with value: 0.09723706888173943 and parameters: {'observation_period_num': 51, 'train_rates': 0.9770837451323853, 'learning_rate': 2.8743498434260515e-05, 'batch_size': 54, 'step_size': 4, 'gamma': 0.7935847511429289}. Best is trial 19 with value: 0.046136940217666546.[0m
[32m[I 2025-01-04 21:09:13,467][0m Trial 21 finished with value: 0.04679506434046704 and parameters: {'observation_period_num': 36, 'train_rates': 0.9055944644200394, 'learning_rate': 4.7618162465644965e-05, 'batch_size': 44, 'step_size': 6, 'gamma': 0.9892049152703813}. Best is trial 19 with value: 0.046136940217666546.[0m
[32m[I 2025-01-04 21:11:25,327][0m Trial 22 finished with value: 0.05255340039730072 and parameters: {'observation_period_num': 30, 'train_rates': 0.910297771175228, 'learning_rate': 1.5035111663368994e-05, 'batch_size': 43, 'step_size': 5, 'gamma': 0.9834757219955983}. Best is trial 19 with value: 0.046136940217666546.[0m
[32m[I 2025-01-04 21:14:12,135][0m Trial 23 finished with value: 0.028012618930502373 and parameters: {'observation_period_num': 9, 'train_rates': 0.9403743313311494, 'learning_rate': 9.70008209197557e-05, 'batch_size': 35, 'step_size': 7, 'gamma': 0.9633591904986404}. Best is trial 23 with value: 0.028012618930502373.[0m
[32m[I 2025-01-04 21:16:52,716][0m Trial 24 finished with value: 0.05305509814980683 and parameters: {'observation_period_num': 38, 'train_rates': 0.9461539821056884, 'learning_rate': 4.139970755379417e-05, 'batch_size': 36, 'step_size': 2, 'gamma': 0.961075063367422}. Best is trial 23 with value: 0.028012618930502373.[0m
[32m[I 2025-01-04 21:18:10,615][0m Trial 25 finished with value: 0.1304286633800847 and parameters: {'observation_period_num': 155, 'train_rates': 0.8890298400289994, 'learning_rate': 8.710631486192625e-05, 'batch_size': 71, 'step_size': 6, 'gamma': 0.9860714812692349}. Best is trial 23 with value: 0.028012618930502373.[0m
[32m[I 2025-01-04 21:20:44,786][0m Trial 26 finished with value: 0.06756425075278692 and parameters: {'observation_period_num': 66, 'train_rates': 0.943626869201008, 'learning_rate': 1.9634703468180658e-05, 'batch_size': 37, 'step_size': 4, 'gamma': 0.9615991813181961}. Best is trial 23 with value: 0.028012618930502373.[0m
[32m[I 2025-01-04 21:22:03,918][0m Trial 27 finished with value: 0.0702224525209433 and parameters: {'observation_period_num': 5, 'train_rates': 0.8939752834415812, 'learning_rate': 5.69432292024647e-06, 'batch_size': 72, 'step_size': 7, 'gamma': 0.9253951233174411}. Best is trial 23 with value: 0.028012618930502373.[0m
[32m[I 2025-01-04 21:25:38,669][0m Trial 28 finished with value: 0.06654125895906002 and parameters: {'observation_period_num': 92, 'train_rates': 0.9836936321200633, 'learning_rate': 0.00011868569707314642, 'batch_size': 27, 'step_size': 5, 'gamma': 0.9526458144184392}. Best is trial 23 with value: 0.028012618930502373.[0m
[32m[I 2025-01-04 21:26:36,378][0m Trial 29 finished with value: 0.08967971056699753 and parameters: {'observation_period_num': 135, 'train_rates': 0.9459881381217831, 'learning_rate': 4.409515723809997e-05, 'batch_size': 102, 'step_size': 7, 'gamma': 0.989445772222767}. Best is trial 23 with value: 0.028012618930502373.[0m
[32m[I 2025-01-04 21:28:19,388][0m Trial 30 finished with value: 0.08792633574345324 and parameters: {'observation_period_num': 196, 'train_rates': 0.9267990203769646, 'learning_rate': 2.7256354954181934e-05, 'batch_size': 53, 'step_size': 5, 'gamma': 0.9679692802667557}. Best is trial 23 with value: 0.028012618930502373.[0m
