ÊúÄÈÅ©ÂåñÂØæË±°: trend
[32m[I 2025-01-04 18:14:17,851][0m A new study created in memory with name: no-name-92511239-15ab-42ca-8ba9-3724066328bb[0m
[32m[I 2025-01-04 18:14:43,597][0m Trial 0 finished with value: 0.1962861870816731 and parameters: {'observation_period_num': 227, 'train_rates': 0.859666741956286, 'learning_rate': 0.00023632096847215852, 'batch_size': 222, 'step_size': 12, 'gamma': 0.8863004629765656}. Best is trial 0 with value: 0.1962861870816731.[0m
[32m[I 2025-01-04 18:15:17,841][0m Trial 1 finished with value: 0.7702713169182424 and parameters: {'observation_period_num': 161, 'train_rates': 0.6787350244280336, 'learning_rate': 3.31570304167803e-06, 'batch_size': 139, 'step_size': 12, 'gamma': 0.8018226766276668}. Best is trial 0 with value: 0.1962861870816731.[0m
Early stopping at epoch 95
[32m[I 2025-01-04 18:16:32,587][0m Trial 2 finished with value: 2.4123885742000404 and parameters: {'observation_period_num': 20, 'train_rates': 0.6249464719518907, 'learning_rate': 1.9319876593709345e-06, 'batch_size': 56, 'step_size': 2, 'gamma': 0.7947055120683445}. Best is trial 0 with value: 0.1962861870816731.[0m
[32m[I 2025-01-04 18:17:05,432][0m Trial 3 finished with value: 0.36737921437638443 and parameters: {'observation_period_num': 133, 'train_rates': 0.756316142831463, 'learning_rate': 6.483277663740107e-05, 'batch_size': 153, 'step_size': 2, 'gamma': 0.8846987930218112}. Best is trial 0 with value: 0.1962861870816731.[0m
[32m[I 2025-01-04 18:17:26,112][0m Trial 4 finished with value: 0.3757854896975914 and parameters: {'observation_period_num': 230, 'train_rates': 0.6241817267570352, 'learning_rate': 0.00010663866782744567, 'batch_size': 217, 'step_size': 9, 'gamma': 0.9751934421359225}. Best is trial 0 with value: 0.1962861870816731.[0m
[32m[I 2025-01-04 18:18:01,272][0m Trial 5 finished with value: 0.23887543020941687 and parameters: {'observation_period_num': 126, 'train_rates': 0.7506405659046202, 'learning_rate': 0.00019129625072452814, 'batch_size': 145, 'step_size': 15, 'gamma': 0.8042578414428894}. Best is trial 0 with value: 0.1962861870816731.[0m
[32m[I 2025-01-04 18:19:18,192][0m Trial 6 finished with value: 0.20695449306436306 and parameters: {'observation_period_num': 130, 'train_rates': 0.6623353537845679, 'learning_rate': 4.1988937296721586e-05, 'batch_size': 57, 'step_size': 9, 'gamma': 0.903805409251607}. Best is trial 0 with value: 0.1962861870816731.[0m
[32m[I 2025-01-04 18:19:45,453][0m Trial 7 finished with value: 0.3247148920222699 and parameters: {'observation_period_num': 109, 'train_rates': 0.6868236945221456, 'learning_rate': 1.4075504844953282e-05, 'batch_size': 191, 'step_size': 11, 'gamma': 0.946132520746438}. Best is trial 0 with value: 0.1962861870816731.[0m
[32m[I 2025-01-04 18:20:13,098][0m Trial 8 finished with value: 0.2105196110642136 and parameters: {'observation_period_num': 130, 'train_rates': 0.6475709865804856, 'learning_rate': 0.00021874814418087004, 'batch_size': 167, 'step_size': 11, 'gamma': 0.7783069307102827}. Best is trial 0 with value: 0.1962861870816731.[0m
[32m[I 2025-01-04 18:21:59,990][0m Trial 9 finished with value: 0.08797531779045643 and parameters: {'observation_period_num': 69, 'train_rates': 0.8804328056165402, 'learning_rate': 0.00035834025301623184, 'batch_size': 51, 'step_size': 13, 'gamma': 0.9352949141822748}. Best is trial 9 with value: 0.08797531779045643.[0m
[32m[I 2025-01-04 18:28:06,353][0m Trial 10 finished with value: 0.02947060708646421 and parameters: {'observation_period_num': 28, 'train_rates': 0.9816470062588084, 'learning_rate': 0.0006885203505168741, 'batch_size': 16, 'step_size': 5, 'gamma': 0.9328294039111883}. Best is trial 10 with value: 0.02947060708646421.[0m
[32m[I 2025-01-04 18:33:47,681][0m Trial 11 finished with value: 0.0436943316587595 and parameters: {'observation_period_num': 25, 'train_rates': 0.9663751213515706, 'learning_rate': 0.0007689257410699405, 'batch_size': 17, 'step_size': 4, 'gamma': 0.9421805888134099}. Best is trial 10 with value: 0.02947060708646421.[0m
[32m[I 2025-01-04 18:37:56,611][0m Trial 12 finished with value: 0.04592447882381881 and parameters: {'observation_period_num': 8, 'train_rates': 0.9861757748564881, 'learning_rate': 0.000827904668247034, 'batch_size': 24, 'step_size': 5, 'gamma': 0.8444373574845339}. Best is trial 10 with value: 0.02947060708646421.[0m
[32m[I 2025-01-04 18:39:03,144][0m Trial 13 finished with value: 0.06259072571992874 and parameters: {'observation_period_num': 56, 'train_rates': 0.984654614707265, 'learning_rate': 0.0009123538554615229, 'batch_size': 93, 'step_size': 5, 'gamma': 0.9831900886813092}. Best is trial 10 with value: 0.02947060708646421.[0m
[32m[I 2025-01-04 18:43:55,262][0m Trial 14 finished with value: 0.06601245692152469 and parameters: {'observation_period_num': 65, 'train_rates': 0.9157747149294269, 'learning_rate': 9.930734639006932e-06, 'batch_size': 19, 'step_size': 5, 'gamma': 0.9266732962115537}. Best is trial 10 with value: 0.02947060708646421.[0m
[32m[I 2025-01-04 18:44:55,305][0m Trial 15 finished with value: 0.04499436172016094 and parameters: {'observation_period_num': 38, 'train_rates': 0.9408790094129414, 'learning_rate': 0.0005131352678994951, 'batch_size': 98, 'step_size': 7, 'gamma': 0.8436907495092566}. Best is trial 10 with value: 0.02947060708646421.[0m
[32m[I 2025-01-04 18:45:50,313][0m Trial 16 finished with value: 0.0738737390812078 and parameters: {'observation_period_num': 87, 'train_rates': 0.8443116028107414, 'learning_rate': 9.887305899785453e-05, 'batch_size': 98, 'step_size': 1, 'gamma': 0.9548096837358129}. Best is trial 10 with value: 0.02947060708646421.[0m
[32m[I 2025-01-04 18:47:03,563][0m Trial 17 finished with value: 0.1258765790279549 and parameters: {'observation_period_num': 178, 'train_rates': 0.9272292594945548, 'learning_rate': 1.9956614008177794e-05, 'batch_size': 77, 'step_size': 4, 'gamma': 0.9116800176784623}. Best is trial 10 with value: 0.02947060708646421.[0m
[32m[I 2025-01-04 18:49:40,983][0m Trial 18 finished with value: 0.04615534300772617 and parameters: {'observation_period_num': 36, 'train_rates': 0.8219477219561506, 'learning_rate': 0.0004620780909024402, 'batch_size': 33, 'step_size': 7, 'gamma': 0.8531364695061306}. Best is trial 10 with value: 0.02947060708646421.[0m
[32m[I 2025-01-04 18:50:30,577][0m Trial 19 finished with value: 0.23186306733834117 and parameters: {'observation_period_num': 88, 'train_rates': 0.953614664803468, 'learning_rate': 5.657118132709445e-06, 'batch_size': 124, 'step_size': 3, 'gamma': 0.9707637558290245}. Best is trial 10 with value: 0.02947060708646421.[0m
[32m[I 2025-01-04 18:50:55,867][0m Trial 20 finished with value: 0.048497515117847605 and parameters: {'observation_period_num': 33, 'train_rates': 0.8960953154438267, 'learning_rate': 0.0008833648196294821, 'batch_size': 250, 'step_size': 6, 'gamma': 0.9128059658899653}. Best is trial 10 with value: 0.02947060708646421.[0m
[32m[I 2025-01-04 18:51:49,526][0m Trial 21 finished with value: 0.047758926048966276 and parameters: {'observation_period_num': 45, 'train_rates': 0.9440561669643502, 'learning_rate': 0.0004548733722749416, 'batch_size': 110, 'step_size': 8, 'gamma': 0.8340622067718507}. Best is trial 10 with value: 0.02947060708646421.[0m
[32m[I 2025-01-04 18:53:13,746][0m Trial 22 finished with value: 0.02901498037503987 and parameters: {'observation_period_num': 11, 'train_rates': 0.9582006760222093, 'learning_rate': 0.0004768183997334518, 'batch_size': 71, 'step_size': 7, 'gamma': 0.8266566200720801}. Best is trial 22 with value: 0.02901498037503987.[0m
[32m[I 2025-01-04 18:55:53,989][0m Trial 23 finished with value: 0.044576626271009445 and parameters: {'observation_period_num': 7, 'train_rates': 0.9879842271080886, 'learning_rate': 0.00014374484109015698, 'batch_size': 38, 'step_size': 4, 'gamma': 0.7532357546236385}. Best is trial 22 with value: 0.02901498037503987.[0m
[32m[I 2025-01-04 18:57:13,239][0m Trial 24 finished with value: 0.03252250534044394 and parameters: {'observation_period_num': 20, 'train_rates': 0.8972584539296273, 'learning_rate': 0.0003066744041394569, 'batch_size': 73, 'step_size': 6, 'gamma': 0.8228708559339133}. Best is trial 22 with value: 0.02901498037503987.[0m
[32m[I 2025-01-04 18:58:31,773][0m Trial 25 finished with value: 0.060289668501354754 and parameters: {'observation_period_num': 81, 'train_rates': 0.9111732401871421, 'learning_rate': 0.0002552716507398352, 'batch_size': 72, 'step_size': 7, 'gamma': 0.8221781106793601}. Best is trial 22 with value: 0.02901498037503987.[0m
[32m[I 2025-01-04 19:00:34,633][0m Trial 26 finished with value: 0.030806226232512432 and parameters: {'observation_period_num': 6, 'train_rates': 0.8808656716925047, 'learning_rate': 5.248701253098535e-05, 'batch_size': 45, 'step_size': 9, 'gamma': 0.8677551410847593}. Best is trial 22 with value: 0.02901498037503987.[0m
[32m[I 2025-01-04 19:02:32,597][0m Trial 27 finished with value: 0.05818473053633744 and parameters: {'observation_period_num': 50, 'train_rates': 0.8058390770924985, 'learning_rate': 3.072641731467125e-05, 'batch_size': 44, 'step_size': 9, 'gamma': 0.8684575960234225}. Best is trial 22 with value: 0.02901498037503987.[0m
[32m[I 2025-01-04 19:04:01,059][0m Trial 28 finished with value: 0.03573884357782928 and parameters: {'observation_period_num': 7, 'train_rates': 0.865735958353322, 'learning_rate': 6.267701936967497e-05, 'batch_size': 63, 'step_size': 10, 'gamma': 0.8624993074100125}. Best is trial 22 with value: 0.02901498037503987.[0m
[32m[I 2025-01-04 19:05:05,251][0m Trial 29 finished with value: 0.08360646293443792 and parameters: {'observation_period_num': 173, 'train_rates': 0.8472707938899421, 'learning_rate': 0.00015056329920987206, 'batch_size': 84, 'step_size': 6, 'gamma': 0.8937466390593941}. Best is trial 22 with value: 0.02901498037503987.[0m
[32m[I 2025-01-04 19:07:17,636][0m Trial 30 finished with value: 0.11401653585006606 and parameters: {'observation_period_num': 249, 'train_rates': 0.9608813993641092, 'learning_rate': 3.2739683514919326e-05, 'batch_size': 41, 'step_size': 8, 'gamma': 0.8787583077198986}. Best is trial 22 with value: 0.02901498037503987.[0m
[32m[I 2025-01-04 19:08:08,045][0m Trial 31 finished with value: 0.036589991859484965 and parameters: {'observation_period_num': 18, 'train_rates': 0.8956965138093405, 'learning_rate': 0.00031498811477576223, 'batch_size': 119, 'step_size': 6, 'gamma': 0.8196219886843255}. Best is trial 22 with value: 0.02901498037503987.[0m
[32m[I 2025-01-04 19:09:29,511][0m Trial 32 finished with value: 0.03699809244523446 and parameters: {'observation_period_num': 22, 'train_rates': 0.8772553982207973, 'learning_rate': 0.0005555287569557169, 'batch_size': 69, 'step_size': 7, 'gamma': 0.8241300337326857}. Best is trial 22 with value: 0.02901498037503987.[0m
[32m[I 2025-01-04 19:12:37,458][0m Trial 33 finished with value: 0.056761879362721944 and parameters: {'observation_period_num': 55, 'train_rates': 0.9309758344110347, 'learning_rate': 0.00026933569366039615, 'batch_size': 30, 'step_size': 10, 'gamma': 0.7879502670481298}. Best is trial 22 with value: 0.02901498037503987.[0m
[32m[I 2025-01-04 19:14:26,294][0m Trial 34 finished with value: 0.034620867340037456 and parameters: {'observation_period_num': 27, 'train_rates': 0.9114683757444078, 'learning_rate': 9.929285181044435e-05, 'batch_size': 53, 'step_size': 8, 'gamma': 0.8590958641965264}. Best is trial 22 with value: 0.02901498037503987.[0m
[32m[I 2025-01-04 19:15:28,175][0m Trial 35 finished with value: 0.6396928578615189 and parameters: {'observation_period_num': 5, 'train_rates': 0.7884932964565456, 'learning_rate': 1.6238697010943535e-06, 'batch_size': 84, 'step_size': 3, 'gamma': 0.8081267860408501}. Best is trial 22 with value: 0.02901498037503987.[0m
[32m[I 2025-01-04 19:21:24,387][0m Trial 36 finished with value: 0.07343309438403915 and parameters: {'observation_period_num': 69, 'train_rates': 0.9647612675684346, 'learning_rate': 5.7857066808112385e-05, 'batch_size': 16, 'step_size': 8, 'gamma': 0.7651043430888663}. Best is trial 22 with value: 0.02901498037503987.[0m
[32m[I 2025-01-04 19:22:49,620][0m Trial 37 finished with value: 0.08946731372221613 and parameters: {'observation_period_num': 105, 'train_rates': 0.8337505841315135, 'learning_rate': 0.0006229096582867061, 'batch_size': 62, 'step_size': 6, 'gamma': 0.8876479666969296}. Best is trial 22 with value: 0.02901498037503987.[0m
[32m[I 2025-01-04 19:24:34,264][0m Trial 38 finished with value: 0.13661330414718792 and parameters: {'observation_period_num': 204, 'train_rates': 0.7785076728722595, 'learning_rate': 0.0001573161325808777, 'batch_size': 46, 'step_size': 13, 'gamma': 0.8753879952710767}. Best is trial 22 with value: 0.02901498037503987.[0m
[32m[I 2025-01-04 19:25:07,946][0m Trial 39 finished with value: 0.33527396246790886 and parameters: {'observation_period_num': 20, 'train_rates': 0.7178326758241549, 'learning_rate': 4.230468660422107e-06, 'batch_size': 161, 'step_size': 10, 'gamma': 0.8374640206118058}. Best is trial 22 with value: 0.02901498037503987.[0m
[32m[I 2025-01-04 19:25:51,960][0m Trial 40 finished with value: 0.07921032811102179 and parameters: {'observation_period_num': 144, 'train_rates': 0.896648533242791, 'learning_rate': 0.00038576212741605145, 'batch_size': 129, 'step_size': 3, 'gamma': 0.8093026963411779}. Best is trial 22 with value: 0.02901498037503987.[0m
[32m[I 2025-01-04 19:27:37,686][0m Trial 41 finished with value: 0.040395924548723705 and parameters: {'observation_period_num': 35, 'train_rates': 0.9182978457993362, 'learning_rate': 9.536329607410808e-05, 'batch_size': 54, 'step_size': 8, 'gamma': 0.8520740065840982}. Best is trial 22 with value: 0.02901498037503987.[0m
[32m[I 2025-01-04 19:30:17,123][0m Trial 42 finished with value: 0.032678956572476985 and parameters: {'observation_period_num': 25, 'train_rates': 0.865592860305257, 'learning_rate': 7.743848618193615e-05, 'batch_size': 34, 'step_size': 8, 'gamma': 0.8636125186249168}. Best is trial 22 with value: 0.02901498037503987.[0m
[32m[I 2025-01-04 19:33:00,660][0m Trial 43 finished with value: 0.03523318980474424 and parameters: {'observation_period_num': 17, 'train_rates': 0.8634611383308571, 'learning_rate': 4.800143140485606e-05, 'batch_size': 33, 'step_size': 9, 'gamma': 0.795718519988737}. Best is trial 22 with value: 0.02901498037503987.[0m
[32m[I 2025-01-04 19:36:08,655][0m Trial 44 finished with value: 0.054473587751304835 and parameters: {'observation_period_num': 44, 'train_rates': 0.877649435500967, 'learning_rate': 2.2796017385877748e-05, 'batch_size': 29, 'step_size': 11, 'gamma': 0.8989963475296769}. Best is trial 22 with value: 0.02901498037503987.[0m
[32m[I 2025-01-04 19:37:47,402][0m Trial 45 finished with value: 0.026692780752976736 and parameters: {'observation_period_num': 16, 'train_rates': 0.9746970381277509, 'learning_rate': 0.00023436469191064942, 'batch_size': 62, 'step_size': 5, 'gamma': 0.8298060488040724}. Best is trial 45 with value: 0.026692780752976736.[0m
[32m[I 2025-01-04 19:38:57,397][0m Trial 46 finished with value: 0.04652245342731476 and parameters: {'observation_period_num': 15, 'train_rates': 0.9711027091042667, 'learning_rate': 0.00018377384370918046, 'batch_size': 88, 'step_size': 5, 'gamma': 0.8291800833628926}. Best is trial 45 with value: 0.026692780752976736.[0m
[32m[I 2025-01-04 19:40:22,416][0m Trial 47 finished with value: 0.060491145898898445 and parameters: {'observation_period_num': 59, 'train_rates': 0.9410337753786844, 'learning_rate': 0.00036815959964082745, 'batch_size': 69, 'step_size': 5, 'gamma': 0.7793389788803184}. Best is trial 45 with value: 0.026692780752976736.[0m
[32m[I 2025-01-04 19:41:07,907][0m Trial 48 finished with value: 0.06325168162584305 and parameters: {'observation_period_num': 44, 'train_rates': 0.9704849595197504, 'learning_rate': 0.0006527484588030758, 'batch_size': 139, 'step_size': 4, 'gamma': 0.8126121560934817}. Best is trial 45 with value: 0.026692780752976736.[0m
[32m[I 2025-01-04 19:42:05,931][0m Trial 49 finished with value: 0.04733383024318351 and parameters: {'observation_period_num': 30, 'train_rates': 0.9508020548615765, 'learning_rate': 0.00023733330868921964, 'batch_size': 106, 'step_size': 6, 'gamma': 0.8406126422750053}. Best is trial 45 with value: 0.026692780752976736.[0m
trend „ÅÆÊúÄÈÅ©„Éè„Ç§„Éë„Éº„Éë„É©„É°„Éº„Çø„ÅåË¶ã„Å§„Åã„Çä„Åæ„Åó„Åü
ÊúÄÈÅ©ÂåñÂØæË±°: seasonal_0
[32m[I 2025-01-04 19:42:05,941][0m A new study created in memory with name: no-name-d5453bdd-1d52-424e-839b-4fcd94c9c837[0m
[32m[I 2025-01-04 19:43:30,351][0m Trial 0 finished with value: 0.09116766071399453 and parameters: {'observation_period_num': 117, 'train_rates': 0.7898057304414756, 'learning_rate': 0.0009504941549870388, 'batch_size': 59, 'step_size': 15, 'gamma': 0.8404036937704367}. Best is trial 0 with value: 0.09116766071399453.[0m
[32m[I 2025-01-04 19:44:00,370][0m Trial 1 finished with value: 0.08268658535207732 and parameters: {'observation_period_num': 36, 'train_rates': 0.7980586449781533, 'learning_rate': 4.177517116969199e-05, 'batch_size': 191, 'step_size': 4, 'gamma': 0.9706624461149337}. Best is trial 1 with value: 0.08268658535207732.[0m
[32m[I 2025-01-04 19:44:22,221][0m Trial 2 finished with value: 0.4517167327099277 and parameters: {'observation_period_num': 103, 'train_rates': 0.7202024832828513, 'learning_rate': 9.733008831876694e-06, 'batch_size': 236, 'step_size': 4, 'gamma': 0.9500491746828252}. Best is trial 1 with value: 0.08268658535207732.[0m
[32m[I 2025-01-04 19:44:56,016][0m Trial 3 finished with value: 0.23797409816552664 and parameters: {'observation_period_num': 182, 'train_rates': 0.6693732172945283, 'learning_rate': 0.00010386207178341813, 'batch_size': 134, 'step_size': 7, 'gamma': 0.9276960650983523}. Best is trial 1 with value: 0.08268658535207732.[0m
[32m[I 2025-01-04 19:49:02,308][0m Trial 4 finished with value: 0.09698702599087806 and parameters: {'observation_period_num': 131, 'train_rates': 0.9744001135284159, 'learning_rate': 0.0001955581426549467, 'batch_size': 23, 'step_size': 13, 'gamma': 0.9110311210687322}. Best is trial 1 with value: 0.08268658535207732.[0m
Early stopping at epoch 64
[32m[I 2025-01-04 19:51:05,938][0m Trial 5 finished with value: 0.1630877884680283 and parameters: {'observation_period_num': 32, 'train_rates': 0.6821597312885217, 'learning_rate': 0.0009982978615037444, 'batch_size': 24, 'step_size': 1, 'gamma': 0.7763435897937704}. Best is trial 1 with value: 0.08268658535207732.[0m
[32m[I 2025-01-04 19:51:41,134][0m Trial 6 finished with value: 0.3075840906240046 and parameters: {'observation_period_num': 181, 'train_rates': 0.7692182754771295, 'learning_rate': 1.699943779619702e-05, 'batch_size': 150, 'step_size': 13, 'gamma': 0.9695635914666705}. Best is trial 1 with value: 0.08268658535207732.[0m
[32m[I 2025-01-04 19:52:30,748][0m Trial 7 finished with value: 0.11550495981338965 and parameters: {'observation_period_num': 44, 'train_rates': 0.8275501479853683, 'learning_rate': 2.346924129842142e-05, 'batch_size': 110, 'step_size': 7, 'gamma': 0.8075725033640514}. Best is trial 1 with value: 0.08268658535207732.[0m
[32m[I 2025-01-04 19:54:05,021][0m Trial 8 finished with value: 0.10916248708963394 and parameters: {'observation_period_num': 251, 'train_rates': 0.9811708698855532, 'learning_rate': 0.0003245615029478209, 'batch_size': 60, 'step_size': 11, 'gamma': 0.7903812297121812}. Best is trial 1 with value: 0.08268658535207732.[0m
[32m[I 2025-01-04 19:55:24,891][0m Trial 9 finished with value: 0.09362736651422204 and parameters: {'observation_period_num': 167, 'train_rates': 0.8938924003063531, 'learning_rate': 0.0007963476803362646, 'batch_size': 68, 'step_size': 1, 'gamma': 0.8782821513365902}. Best is trial 1 with value: 0.08268658535207732.[0m
[32m[I 2025-01-04 19:55:51,216][0m Trial 10 finished with value: 0.5912198251799533 and parameters: {'observation_period_num': 68, 'train_rates': 0.8551399525993686, 'learning_rate': 1.4458617300684797e-06, 'batch_size': 234, 'step_size': 4, 'gamma': 0.9865670586669487}. Best is trial 1 with value: 0.08268658535207732.[0m
[32m[I 2025-01-04 19:56:23,968][0m Trial 11 finished with value: 0.5516871540103017 and parameters: {'observation_period_num': 10, 'train_rates': 0.777110246824378, 'learning_rate': 2.3517358050892803e-06, 'batch_size': 166, 'step_size': 15, 'gamma': 0.8454997656164953}. Best is trial 1 with value: 0.08268658535207732.[0m
[32m[I 2025-01-04 19:56:46,988][0m Trial 12 finished with value: 0.22426022290659706 and parameters: {'observation_period_num': 87, 'train_rates': 0.603116747105215, 'learning_rate': 6.262379168876354e-05, 'batch_size': 192, 'step_size': 9, 'gamma': 0.8458494609255359}. Best is trial 1 with value: 0.08268658535207732.[0m
[32m[I 2025-01-04 19:57:16,731][0m Trial 13 finished with value: 0.49722517753133966 and parameters: {'observation_period_num': 120, 'train_rates': 0.8964365604606, 'learning_rate': 4.765046271267329e-06, 'batch_size': 201, 'step_size': 4, 'gamma': 0.8933832502246839}. Best is trial 1 with value: 0.08268658535207732.[0m
[32m[I 2025-01-04 19:58:05,071][0m Trial 14 finished with value: 0.3745474326733824 and parameters: {'observation_period_num': 237, 'train_rates': 0.7508240880482591, 'learning_rate': 4.910784307358526e-05, 'batch_size': 99, 'step_size': 9, 'gamma': 0.7510946315491009}. Best is trial 1 with value: 0.08268658535207732.[0m
