[32m[I 2025-01-04 22:31:52,597][0m Trial 47 finished with value: 0.03560473147902761 and parameters: {'observation_period_num': 6, 'train_rates': 0.8872089007359816, 'learning_rate': 0.0006859272914392517, 'batch_size': 241, 'step_size': 6, 'gamma': 0.8119379024460343}. Best is trial 43 with value: 0.02998092600680662.[0m
[32m[I 2025-01-04 22:32:17,449][0m Trial 48 finished with value: 0.05445157166139308 and parameters: {'observation_period_num': 5, 'train_rates': 0.8859447243993757, 'learning_rate': 0.0005714850579442413, 'batch_size': 241, 'step_size': 3, 'gamma': 0.7919433146275385}. Best is trial 43 with value: 0.02998092600680662.[0m
Early stopping at epoch 66
[32m[I 2025-01-04 22:32:37,497][0m Trial 49 finished with value: 0.0996199424814257 and parameters: {'observation_period_num': 38, 'train_rates': 0.9201771943206991, 'learning_rate': 0.0007484772077412339, 'batch_size': 215, 'step_size': 1, 'gamma': 0.8134350129706535}. Best is trial 43 with value: 0.02998092600680662.[0m
seasonal_2 „ÅÆÊúÄÈÅ©„Éè„Ç§„Éë„Éº„Éë„É©„É°„Éº„Çø„ÅåË¶ã„Å§„Åã„Çä„Åæ„Åó„Åü
ÊúÄÈÅ©ÂåñÂØæË±°: seasonal_3
[32m[I 2025-01-04 22:32:37,507][0m A new study created in memory with name: no-name-6c262830-fe70-4578-875e-53ff687f8e62[0m
[32m[I 2025-01-04 22:34:53,999][0m Trial 0 finished with value: 0.21037161529152526 and parameters: {'observation_period_num': 128, 'train_rates': 0.6419608393749356, 'learning_rate': 0.0007036151979906486, 'batch_size': 31, 'step_size': 13, 'gamma': 0.8967758460387172}. Best is trial 0 with value: 0.21037161529152526.[0m
[32m[I 2025-01-04 22:35:33,157][0m Trial 1 finished with value: 0.14648013444323288 and parameters: {'observation_period_num': 223, 'train_rates': 0.9165484726639928, 'learning_rate': 2.5621123026847926e-05, 'batch_size': 144, 'step_size': 15, 'gamma': 0.80259495344297}. Best is trial 1 with value: 0.14648013444323288.[0m
[32m[I 2025-01-04 22:35:58,149][0m Trial 2 finished with value: 0.31294819712638855 and parameters: {'observation_period_num': 190, 'train_rates': 0.9179928134695218, 'learning_rate': 7.688420369322801e-06, 'batch_size': 242, 'step_size': 15, 'gamma': 0.8960916859571167}. Best is trial 1 with value: 0.14648013444323288.[0m
[32m[I 2025-01-04 22:36:31,002][0m Trial 3 finished with value: 0.10045313090085983 and parameters: {'observation_period_num': 186, 'train_rates': 0.9786401571430474, 'learning_rate': 0.0009306347942922358, 'batch_size': 191, 'step_size': 10, 'gamma': 0.8320333925189792}. Best is trial 3 with value: 0.10045313090085983.[0m
[32m[I 2025-01-04 22:37:24,988][0m Trial 4 finished with value: 0.32796863371409674 and parameters: {'observation_period_num': 121, 'train_rates': 0.748472679914783, 'learning_rate': 1.5663996357386704e-05, 'batch_size': 90, 'step_size': 11, 'gamma': 0.8781435272618183}. Best is trial 3 with value: 0.10045313090085983.[0m
[32m[I 2025-01-04 22:37:48,508][0m Trial 5 finished with value: 0.7950596720416372 and parameters: {'observation_period_num': 72, 'train_rates': 0.6443345044236826, 'learning_rate': 3.5162053091616948e-06, 'batch_size': 217, 'step_size': 7, 'gamma': 0.7592083278438975}. Best is trial 3 with value: 0.10045313090085983.[0m
[32m[I 2025-01-04 22:38:15,568][0m Trial 6 finished with value: 0.08624123455209529 and parameters: {'observation_period_num': 72, 'train_rates': 0.8703345822936859, 'learning_rate': 0.0003624902684652193, 'batch_size': 214, 'step_size': 1, 'gamma': 0.9123245465513866}. Best is trial 6 with value: 0.08624123455209529.[0m
[32m[I 2025-01-04 22:38:42,307][0m Trial 7 finished with value: 0.06638778217377202 and parameters: {'observation_period_num': 36, 'train_rates': 0.8619700138251596, 'learning_rate': 0.00028145910613031186, 'batch_size': 224, 'step_size': 3, 'gamma': 0.7954342789326224}. Best is trial 7 with value: 0.06638778217377202.[0m
[32m[I 2025-01-04 22:39:09,963][0m Trial 8 finished with value: 0.7786914496875006 and parameters: {'observation_period_num': 32, 'train_rates': 0.6273944803994514, 'learning_rate': 2.6356623794619993e-06, 'batch_size': 171, 'step_size': 11, 'gamma': 0.8777532645650294}. Best is trial 7 with value: 0.06638778217377202.[0m
[32m[I 2025-01-04 22:40:49,273][0m Trial 9 finished with value: 0.25956527336880014 and parameters: {'observation_period_num': 162, 'train_rates': 0.7680331513009693, 'learning_rate': 0.0009165985118213512, 'batch_size': 48, 'step_size': 1, 'gamma': 0.8409789409027382}. Best is trial 7 with value: 0.06638778217377202.[0m
[32m[I 2025-01-04 22:41:12,428][0m Trial 10 finished with value: 0.04528401859515295 and parameters: {'observation_period_num': 16, 'train_rates': 0.8271911876704701, 'learning_rate': 0.00016842110440159447, 'batch_size': 256, 'step_size': 5, 'gamma': 0.9660268146878754}. Best is trial 10 with value: 0.04528401859515295.[0m
[32m[I 2025-01-04 22:41:35,237][0m Trial 11 finished with value: 0.04268864098166374 and parameters: {'observation_period_num': 6, 'train_rates': 0.8375360726565544, 'learning_rate': 0.00010550626847414502, 'batch_size': 256, 'step_size': 5, 'gamma': 0.9887032514453499}. Best is trial 11 with value: 0.04268864098166374.[0m
[32m[I 2025-01-04 22:41:58,843][0m Trial 12 finished with value: 0.04143013851631672 and parameters: {'observation_period_num': 5, 'train_rates': 0.8153815070680471, 'learning_rate': 0.00010222586849735695, 'batch_size': 253, 'step_size': 6, 'gamma': 0.9796897145729558}. Best is trial 12 with value: 0.04143013851631672.[0m
[32m[I 2025-01-04 22:42:42,157][0m Trial 13 finished with value: 0.19374298572074622 and parameters: {'observation_period_num': 78, 'train_rates': 0.7106900868731074, 'learning_rate': 7.680622006294021e-05, 'batch_size': 114, 'step_size': 6, 'gamma': 0.9894315778411504}. Best is trial 12 with value: 0.04143013851631672.[0m
[32m[I 2025-01-04 22:43:15,927][0m Trial 14 finished with value: 0.05214243360225939 and parameters: {'observation_period_num': 6, 'train_rates': 0.8045845636415894, 'learning_rate': 6.41869910579598e-05, 'batch_size': 169, 'step_size': 4, 'gamma': 0.9431262657890286}. Best is trial 12 with value: 0.04143013851631672.[0m
[32m[I 2025-01-04 22:43:37,827][0m Trial 15 finished with value: 0.1913593692807771 and parameters: {'observation_period_num': 50, 'train_rates': 0.7129463453106235, 'learning_rate': 7.225754486363016e-05, 'batch_size': 253, 'step_size': 8, 'gamma': 0.9448481953200248}. Best is trial 12 with value: 0.04143013851631672.[0m
[32m[I 2025-01-04 22:44:08,028][0m Trial 16 finished with value: 0.07916892989969894 and parameters: {'observation_period_num': 99, 'train_rates': 0.8436336318363128, 'learning_rate': 0.0001488923508218951, 'batch_size': 194, 'step_size': 3, 'gamma': 0.9810104232942409}. Best is trial 12 with value: 0.04143013851631672.[0m
[32m[I 2025-01-04 22:45:24,204][0m Trial 17 finished with value: 0.33936520990494373 and parameters: {'observation_period_num': 51, 'train_rates': 0.9172092526103843, 'learning_rate': 1.1479891594455756e-06, 'batch_size': 75, 'step_size': 9, 'gamma': 0.941738350962482}. Best is trial 12 with value: 0.04143013851631672.[0m
[32m[I 2025-01-04 22:46:03,155][0m Trial 18 finished with value: 0.05934281835278261 and parameters: {'observation_period_num': 5, 'train_rates': 0.7905900281376862, 'learning_rate': 4.635281741974969e-05, 'batch_size': 144, 'step_size': 6, 'gamma': 0.9264200500225427}. Best is trial 12 with value: 0.04143013851631672.[0m
[32m[I 2025-01-04 22:46:29,969][0m Trial 19 finished with value: 0.20506520569324493 and parameters: {'observation_period_num': 250, 'train_rates': 0.9740522083648627, 'learning_rate': 1.8684557632219523e-05, 'batch_size': 232, 'step_size': 8, 'gamma': 0.9613623408470173}. Best is trial 12 with value: 0.04143013851631672.[0m
[32m[I 2025-01-04 22:46:57,190][0m Trial 20 finished with value: 0.2294365446790155 and parameters: {'observation_period_num': 99, 'train_rates': 0.7093105267517191, 'learning_rate': 0.00015254187603795584, 'batch_size': 195, 'step_size': 3, 'gamma': 0.9676299317456307}. Best is trial 12 with value: 0.04143013851631672.[0m
[32m[I 2025-01-04 22:47:21,095][0m Trial 21 finished with value: 0.052096304577374145 and parameters: {'observation_period_num': 24, 'train_rates': 0.820102595585847, 'learning_rate': 0.00015678759463479846, 'batch_size': 250, 'step_size': 5, 'gamma': 0.9749305296521893}. Best is trial 12 with value: 0.04143013851631672.[0m
[32m[I 2025-01-04 22:47:46,155][0m Trial 22 finished with value: 0.034609070932899895 and parameters: {'observation_period_num': 8, 'train_rates': 0.8837471809806181, 'learning_rate': 0.0003551394722236175, 'batch_size': 254, 'step_size': 6, 'gamma': 0.9558229117765169}. Best is trial 22 with value: 0.034609070932899895.[0m
[32m[I 2025-01-04 22:48:15,485][0m Trial 23 finished with value: 0.04492613682392198 and parameters: {'observation_period_num': 47, 'train_rates': 0.9023410969083159, 'learning_rate': 0.0003972817034444386, 'batch_size': 215, 'step_size': 7, 'gamma': 0.9871455668216037}. Best is trial 22 with value: 0.034609070932899895.[0m
[32m[I 2025-01-04 22:48:42,449][0m Trial 24 finished with value: 0.06672638298099877 and parameters: {'observation_period_num': 20, 'train_rates': 0.8806502684056989, 'learning_rate': 3.7312781653434786e-05, 'batch_size': 233, 'step_size': 5, 'gamma': 0.9533713347189788}. Best is trial 22 with value: 0.034609070932899895.[0m
[32m[I 2025-01-04 22:49:14,028][0m Trial 25 finished with value: 0.07404277473688126 and parameters: {'observation_period_num': 58, 'train_rates': 0.9535688431442068, 'learning_rate': 0.00010251343793474302, 'batch_size': 202, 'step_size': 7, 'gamma': 0.9240283672959895}. Best is trial 22 with value: 0.034609070932899895.[0m
[32m[I 2025-01-04 22:49:38,007][0m Trial 26 finished with value: 0.18141633568774046 and parameters: {'observation_period_num': 32, 'train_rates': 0.7668115708516473, 'learning_rate': 0.0003168651197322712, 'batch_size': 233, 'step_size': 4, 'gamma': 0.9298609406633169}. Best is trial 22 with value: 0.034609070932899895.[0m
[32m[I 2025-01-04 22:50:11,728][0m Trial 27 finished with value: 0.0597779888642226 and parameters: {'observation_period_num': 98, 'train_rates': 0.8509401028850614, 'learning_rate': 0.000225105983721735, 'batch_size': 164, 'step_size': 8, 'gamma': 0.9633229750154085}. Best is trial 22 with value: 0.034609070932899895.[0m
[32m[I 2025-01-04 22:50:33,517][0m Trial 28 finished with value: 0.10189264356348908 and parameters: {'observation_period_num': 154, 'train_rates': 0.7991880837712274, 'learning_rate': 0.0005611198216631838, 'batch_size': 254, 'step_size': 2, 'gamma': 0.9072916062236034}. Best is trial 22 with value: 0.034609070932899895.[0m
[32m[I 2025-01-04 22:53:02,692][0m Trial 29 finished with value: 0.03154617417986092 and parameters: {'observation_period_num': 5, 'train_rates': 0.8846415737042319, 'learning_rate': 0.00047407521803251854, 'batch_size': 37, 'step_size': 6, 'gamma': 0.9897998026552572}. Best is trial 29 with value: 0.03154617417986092.[0m
[32m[I 2025-01-04 22:56:10,046][0m Trial 30 finished with value: 0.09024187747377327 and parameters: {'observation_period_num': 63, 'train_rates': 0.8906049765158562, 'learning_rate': 0.0005712091128073273, 'batch_size': 29, 'step_size': 9, 'gamma': 0.8580707989636096}. Best is trial 29 with value: 0.03154617417986092.[0m
[32m[I 2025-01-04 22:57:01,543][0m Trial 31 finished with value: 0.034618509036523325 and parameters: {'observation_period_num': 6, 'train_rates': 0.9450535501066458, 'learning_rate': 0.0001016152467955447, 'batch_size': 120, 'step_size': 6, 'gamma': 0.989862593725986}. Best is trial 29 with value: 0.03154617417986092.[0m
[32m[I 2025-01-04 23:02:32,058][0m Trial 32 finished with value: 0.059093035983316826 and parameters: {'observation_period_num': 38, 'train_rates': 0.9320835831942821, 'learning_rate': 0.0004944224988752345, 'batch_size': 17, 'step_size': 6, 'gamma': 0.9744075574739973}. Best is trial 29 with value: 0.03154617417986092.[0m
[32m[I 2025-01-04 23:04:12,544][0m Trial 33 finished with value: 0.04578668277149331 and parameters: {'observation_period_num': 23, 'train_rates': 0.9502482488536652, 'learning_rate': 0.00022367754385016456, 'batch_size': 59, 'step_size': 6, 'gamma': 0.9530483810018822}. Best is trial 29 with value: 0.03154617417986092.[0m
[32m[I 2025-01-04 23:05:05,856][0m Trial 34 finished with value: 0.05747150400510201 and parameters: {'observation_period_num': 16, 'train_rates': 0.9383094047296627, 'learning_rate': 2.366430514711023e-05, 'batch_size': 112, 'step_size': 4, 'gamma': 0.9750197103799221}. Best is trial 29 with value: 0.03154617417986092.[0m
[32m[I 2025-01-04 23:06:00,405][0m Trial 35 finished with value: 0.04226442098719967 and parameters: {'observation_period_num': 5, 'train_rates': 0.9015537250245587, 'learning_rate': 4.543282078458546e-05, 'batch_size': 109, 'step_size': 7, 'gamma': 0.9541396107317925}. Best is trial 29 with value: 0.03154617417986092.[0m
[32m[I 2025-01-04 23:06:43,743][0m Trial 36 finished with value: 0.22698050737380981 and parameters: {'observation_period_num': 206, 'train_rates': 0.9895962752793808, 'learning_rate': 9.80124677981907e-06, 'batch_size': 138, 'step_size': 9, 'gamma': 0.988532479895911}. Best is trial 29 with value: 0.03154617417986092.[0m
[32m[I 2025-01-04 23:07:57,642][0m Trial 37 finished with value: 0.07477925850794866 and parameters: {'observation_period_num': 83, 'train_rates': 0.8870902652430652, 'learning_rate': 0.0007284927719933521, 'batch_size': 76, 'step_size': 13, 'gamma': 0.8924505255966941}. Best is trial 29 with value: 0.03154617417986092.[0m
[32m[I 2025-01-04 23:08:59,889][0m Trial 38 finished with value: 0.043657409549142524 and parameters: {'observation_period_num': 42, 'train_rates': 0.8665825921569767, 'learning_rate': 0.00010772627126556737, 'batch_size': 92, 'step_size': 6, 'gamma': 0.9372851690352106}. Best is trial 29 with value: 0.03154617417986092.[0m
[32m[I 2025-01-04 23:09:32,613][0m Trial 39 finished with value: 0.08673439919948578 and parameters: {'observation_period_num': 132, 'train_rates': 0.9632471861493839, 'learning_rate': 0.00023320086591194965, 'batch_size': 183, 'step_size': 10, 'gamma': 0.7989071489908279}. Best is trial 29 with value: 0.03154617417986092.[0m
[32m[I 2025-01-04 23:10:19,857][0m Trial 40 finished with value: 0.03624990962335629 and parameters: {'observation_period_num': 29, 'train_rates': 0.9306376193502993, 'learning_rate': 0.00044709562904076663, 'batch_size': 127, 'step_size': 7, 'gamma': 0.9113827236140745}. Best is trial 29 with value: 0.03154617417986092.[0m
[32m[I 2025-01-04 23:11:10,036][0m Trial 41 finished with value: 0.05051877790567826 and parameters: {'observation_period_num': 26, 'train_rates': 0.9333030193951626, 'learning_rate': 0.0009791923239702606, 'batch_size': 120, 'step_size': 7, 'gamma': 0.9159442465032084}. Best is trial 29 with value: 0.03154617417986092.[0m
[32m[I 2025-01-04 23:11:49,767][0m Trial 42 finished with value: 0.033599704353191595 and parameters: {'observation_period_num': 16, 'train_rates': 0.9160881546246925, 'learning_rate': 0.0004370272240190297, 'batch_size': 154, 'step_size': 8, 'gamma': 0.7519792193840481}. Best is trial 29 with value: 0.03154617417986092.[0m
[32m[I 2025-01-04 23:12:29,187][0m Trial 43 finished with value: 0.03330684024840593 and parameters: {'observation_period_num': 18, 'train_rates': 0.9149300541142096, 'learning_rate': 0.00041711909334897056, 'batch_size': 151, 'step_size': 8, 'gamma': 0.7549773614829166}. Best is trial 29 with value: 0.03154617417986092.[0m
[32m[I 2025-01-04 23:13:08,737][0m Trial 44 finished with value: 0.025936868279538255 and parameters: {'observation_period_num': 17, 'train_rates': 0.9042201225099494, 'learning_rate': 0.0007272198878977273, 'batch_size': 152, 'step_size': 12, 'gamma': 0.7538948756514965}. Best is trial 44 with value: 0.025936868279538255.[0m
[32m[I 2025-01-04 23:13:46,728][0m Trial 45 finished with value: 0.0572829186592413 and parameters: {'observation_period_num': 61, 'train_rates': 0.9048901178315887, 'learning_rate': 0.0006926703803215482, 'batch_size': 156, 'step_size': 14, 'gamma': 0.7539586705399299}. Best is trial 44 with value: 0.025936868279538255.[0m
[32m[I 2025-01-04 23:14:26,192][0m Trial 46 finished with value: 0.03528358250765539 and parameters: {'observation_period_num': 16, 'train_rates': 0.8606395121355924, 'learning_rate': 0.00028567251510597366, 'batch_size': 151, 'step_size': 11, 'gamma': 0.775413846581539}. Best is trial 44 with value: 0.025936868279538255.[0m
[32m[I 2025-01-04 23:15:05,387][0m Trial 47 finished with value: 0.044916023846623326 and parameters: {'observation_period_num': 38, 'train_rates': 0.9170600013094437, 'learning_rate': 0.00037704746075308416, 'batch_size': 155, 'step_size': 12, 'gamma': 0.7783448815627751}. Best is trial 44 with value: 0.025936868279538255.[0m
[32m[I 2025-01-04 23:15:39,242][0m Trial 48 finished with value: 0.031284450339611435 and parameters: {'observation_period_num': 19, 'train_rates': 0.8753894584050607, 'learning_rate': 0.000663200116730098, 'batch_size': 177, 'step_size': 10, 'gamma': 0.7640693421894408}. Best is trial 44 with value: 0.025936868279538255.[0m
[32m[I 2025-01-04 23:16:11,722][0m Trial 49 finished with value: 0.04875344544906596 and parameters: {'observation_period_num': 72, 'train_rates': 0.8394436838398126, 'learning_rate': 0.0007288713419926478, 'batch_size': 179, 'step_size': 10, 'gamma': 0.8192722811590507}. Best is trial 44 with value: 0.025936868279538255.[0m
seasonal_3 „ÅÆÊúÄÈÅ©„Éè„Ç§„Éë„Éº„Éë„É©„É°„Éº„Çø„ÅåË¶ã„Å§„Åã„Çä„Åæ„Åó„Åü
ÊúÄÈÅ©ÂåñÂØæË±°: resid
[32m[I 2025-01-04 23:16:11,732][0m A new study created in memory with name: no-name-6af9a4fc-a373-4788-bf52-494bd4c6ddd8[0m
[32m[I 2025-01-04 23:16:34,462][0m Trial 0 finished with value: 1.2002079177905618 and parameters: {'observation_period_num': 139, 'train_rates': 0.7382574352189619, 'learning_rate': 3.367903037387372e-06, 'batch_size': 251, 'step_size': 3, 'gamma': 0.8398863726548487}. Best is trial 0 with value: 1.2002079177905618.[0m
Early stopping at epoch 82
[32m[I 2025-01-04 23:17:12,880][0m Trial 1 finished with value: 0.4073726534843445 and parameters: {'observation_period_num': 216, 'train_rates': 0.9196777621759628, 'learning_rate': 2.6980868853883194e-05, 'batch_size': 125, 'step_size': 2, 'gamma': 0.7575699790722038}. Best is trial 1 with value: 0.4073726534843445.[0m
[32m[I 2025-01-04 23:17:38,029][0m Trial 2 finished with value: 0.13876742124557495 and parameters: {'observation_period_num': 191, 'train_rates': 0.9291426148539967, 'learning_rate': 0.00023209513686083926, 'batch_size': 248, 'step_size': 15, 'gamma': 0.9683749527661222}. Best is trial 2 with value: 0.13876742124557495.[0m
[32m[I 2025-01-04 23:18:14,979][0m Trial 3 finished with value: 0.1317703094548331 and parameters: {'observation_period_num': 173, 'train_rates': 0.7757957212377194, 'learning_rate': 0.0005273406562779936, 'batch_size': 139, 'step_size': 8, 'gamma': 0.9724365094458199}. Best is trial 3 with value: 0.1317703094548331.[0m
Early stopping at epoch 48
[32m[I 2025-01-04 23:18:34,911][0m Trial 4 finished with value: 1.5165038108825684 and parameters: {'observation_period_num': 207, 'train_rates': 0.9586237687492796, 'learning_rate': 6.73882173832248e-06, 'batch_size': 154, 'step_size': 1, 'gamma': 0.7893773308625149}. Best is trial 3 with value: 0.1317703094548331.[0m
[32m[I 2025-01-04 23:19:04,044][0m Trial 5 finished with value: 0.08772885975512591 and parameters: {'observation_period_num': 226, 'train_rates': 0.919598844605354, 'learning_rate': 0.0005389910427620304, 'batch_size': 197, 'step_size': 10, 'gamma': 0.7978575295128435}. Best is trial 5 with value: 0.08772885975512591.[0m
[32m[I 2025-01-04 23:19:28,808][0m Trial 6 finished with value: 0.5836445093154907 and parameters: {'observation_period_num': 193, 'train_rates': 0.9230773157997856, 'learning_rate': 3.984167675467042e-06, 'batch_size': 249, 'step_size': 15, 'gamma': 0.7895227046382268}. Best is trial 5 with value: 0.08772885975512591.[0m
[32m[I 2025-01-04 23:19:51,965][0m Trial 7 finished with value: 0.18822000580457784 and parameters: {'observation_period_num': 30, 'train_rates': 0.845766783306001, 'learning_rate': 6.938978409653463e-06, 'batch_size': 250, 'step_size': 15, 'gamma': 0.9041909259028256}. Best is trial 5 with value: 0.08772885975512591.[0m
[32m[I 2025-01-04 23:20:26,563][0m Trial 8 finished with value: 0.08326975432665724 and parameters: {'observation_period_num': 115, 'train_rates': 0.8128939175106169, 'learning_rate': 0.00013747613540367166, 'batch_size': 161, 'step_size': 14, 'gamma': 0.820171317839807}. Best is trial 8 with value: 0.08326975432665724.[0m
[32m[I 2025-01-04 23:20:51,357][0m Trial 9 finished with value: 0.24496045014380438 and parameters: {'observation_period_num': 198, 'train_rates': 0.6433523617968017, 'learning_rate': 0.000410712566182138, 'batch_size': 191, 'step_size': 14, 'gamma': 0.9817199791586916}. Best is trial 8 with value: 0.08326975432665724.[0m
[32m[I 2025-01-04 23:22:37,483][0m Trial 10 finished with value: 0.1737224339903763 and parameters: {'observation_period_num': 64, 'train_rates': 0.6821268826364556, 'learning_rate': 7.637156095961718e-05, 'batch_size': 43, 'step_size': 11, 'gamma': 0.884475299063054}. Best is trial 8 with value: 0.08326975432665724.[0m
[32m[I 2025-01-04 23:23:07,098][0m Trial 11 finished with value: 0.06923990993089574 and parameters: {'observation_period_num': 89, 'train_rates': 0.8377336979609937, 'learning_rate': 0.00011724972833272052, 'batch_size': 190, 'step_size': 10, 'gamma': 0.8423872074368423}. Best is trial 11 with value: 0.06923990993089574.[0m
