[32m[I 2025-01-04 23:24:10,052][0m Trial 12 finished with value: 0.06387092687896809 and parameters: {'observation_period_num': 91, 'train_rates': 0.84206148606952, 'learning_rate': 9.274921414050077e-05, 'batch_size': 86, 'step_size': 7, 'gamma': 0.8426483388559686}. Best is trial 12 with value: 0.06387092687896809.[0m
[32m[I 2025-01-04 23:25:13,378][0m Trial 13 finished with value: 0.07857123871573883 and parameters: {'observation_period_num': 85, 'train_rates': 0.8528276575426815, 'learning_rate': 3.4362745663394326e-05, 'batch_size': 86, 'step_size': 6, 'gamma': 0.8540866284274143}. Best is trial 12 with value: 0.06387092687896809.[0m
[32m[I 2025-01-04 23:26:20,818][0m Trial 14 finished with value: 0.05280487153605364 and parameters: {'observation_period_num': 17, 'train_rates': 0.8624102361620106, 'learning_rate': 3.786184021755684e-05, 'batch_size': 83, 'step_size': 6, 'gamma': 0.9101176991848239}. Best is trial 14 with value: 0.05280487153605364.[0m
[32m[I 2025-01-04 23:31:22,942][0m Trial 15 finished with value: 0.15470000938481132 and parameters: {'observation_period_num': 5, 'train_rates': 0.7473357926982206, 'learning_rate': 3.263917880521128e-05, 'batch_size': 16, 'step_size': 5, 'gamma': 0.924459591682982}. Best is trial 14 with value: 0.05280487153605364.[0m
[32m[I 2025-01-04 23:32:24,595][0m Trial 16 finished with value: 0.4636142723700579 and parameters: {'observation_period_num': 43, 'train_rates': 0.8539796615675678, 'learning_rate': 1.1849464818305611e-06, 'batch_size': 90, 'step_size': 6, 'gamma': 0.9361198135343872}. Best is trial 14 with value: 0.05280487153605364.[0m
[32m[I 2025-01-04 23:33:34,266][0m Trial 17 finished with value: 0.059280436617486616 and parameters: {'observation_period_num': 5, 'train_rates': 0.8848290770090398, 'learning_rate': 1.6840412214224382e-05, 'batch_size': 82, 'step_size': 8, 'gamma': 0.8855948846101266}. Best is trial 14 with value: 0.05280487153605364.[0m
[32m[I 2025-01-04 23:35:21,590][0m Trial 18 finished with value: 0.05831530364670964 and parameters: {'observation_period_num': 8, 'train_rates': 0.8925280111262904, 'learning_rate': 1.645784799178352e-05, 'batch_size': 53, 'step_size': 4, 'gamma': 0.8852774264563846}. Best is trial 14 with value: 0.05280487153605364.[0m
[32m[I 2025-01-04 23:37:14,553][0m Trial 19 finished with value: 0.062061842530965805 and parameters: {'observation_period_num': 41, 'train_rates': 0.9854433700868396, 'learning_rate': 1.3344385095028094e-05, 'batch_size': 53, 'step_size': 4, 'gamma': 0.9447350248711074}. Best is trial 14 with value: 0.05280487153605364.[0m
[32m[I 2025-01-04 23:38:56,592][0m Trial 20 finished with value: 0.08457276165880115 and parameters: {'observation_period_num': 251, 'train_rates': 0.8884749136739845, 'learning_rate': 4.961211389115359e-05, 'batch_size': 50, 'step_size': 4, 'gamma': 0.9162950704782671}. Best is trial 14 with value: 0.05280487153605364.[0m
[32m[I 2025-01-04 23:39:51,590][0m Trial 21 finished with value: 0.05959256358487024 and parameters: {'observation_period_num': 5, 'train_rates': 0.8809107778393104, 'learning_rate': 1.5576665714970784e-05, 'batch_size': 105, 'step_size': 8, 'gamma': 0.8985141127986696}. Best is trial 14 with value: 0.05280487153605364.[0m
[32m[I 2025-01-04 23:41:08,902][0m Trial 22 finished with value: 0.08506670689990803 and parameters: {'observation_period_num': 24, 'train_rates': 0.7955323949184154, 'learning_rate': 1.2882499058775624e-05, 'batch_size': 68, 'step_size': 9, 'gamma': 0.874252698049511}. Best is trial 14 with value: 0.05280487153605364.[0m
[32m[I 2025-01-04 23:45:56,515][0m Trial 23 finished with value: 0.05602734511984246 and parameters: {'observation_period_num': 60, 'train_rates': 0.9034593923891419, 'learning_rate': 1.9960197722309078e-05, 'batch_size': 19, 'step_size': 6, 'gamma': 0.8880894979233025}. Best is trial 14 with value: 0.05280487153605364.[0m
[32m[I 2025-01-04 23:50:31,274][0m Trial 24 finished with value: 0.10135264840067887 and parameters: {'observation_period_num': 59, 'train_rates': 0.971903533836929, 'learning_rate': 7.2717331085328435e-06, 'batch_size': 21, 'step_size': 5, 'gamma': 0.8652575399410456}. Best is trial 14 with value: 0.05280487153605364.[0m
[32m[I 2025-01-04 23:53:19,248][0m Trial 25 finished with value: 0.06408811957569596 and parameters: {'observation_period_num': 61, 'train_rates': 0.9443727576483476, 'learning_rate': 4.7807355240316674e-05, 'batch_size': 34, 'step_size': 3, 'gamma': 0.94875273902292}. Best is trial 14 with value: 0.05280487153605364.[0m
[32m[I 2025-01-04 23:54:44,627][0m Trial 26 finished with value: 0.18357804558567098 and parameters: {'observation_period_num': 25, 'train_rates': 0.899113804377664, 'learning_rate': 2.087247980223311e-06, 'batch_size': 67, 'step_size': 6, 'gamma': 0.9038680735959087}. Best is trial 14 with value: 0.05280487153605364.[0m
[32m[I 2025-01-04 23:55:31,398][0m Trial 27 finished with value: 0.09938920708989375 and parameters: {'observation_period_num': 124, 'train_rates': 0.8132504963517518, 'learning_rate': 0.00020022867529656874, 'batch_size': 113, 'step_size': 1, 'gamma': 0.9280947722667975}. Best is trial 14 with value: 0.05280487153605364.[0m
[32m[I 2025-01-04 23:58:20,017][0m Trial 28 finished with value: 0.0868207873268561 and parameters: {'observation_period_num': 148, 'train_rates': 0.8786276354387168, 'learning_rate': 2.249075455034475e-05, 'batch_size': 31, 'step_size': 4, 'gamma': 0.8885982679880071}. Best is trial 14 with value: 0.05280487153605364.[0m
[32m[I 2025-01-04 23:59:36,905][0m Trial 29 finished with value: 0.25688280334955527 and parameters: {'observation_period_num': 73, 'train_rates': 0.7258618708221605, 'learning_rate': 5.104480522994085e-05, 'batch_size': 62, 'step_size': 3, 'gamma': 0.8201245642749118}. Best is trial 14 with value: 0.05280487153605364.[0m
[32m[I 2025-01-05 00:02:08,501][0m Trial 30 finished with value: 0.1671818345785141 and parameters: {'observation_period_num': 44, 'train_rates': 0.951491283889442, 'learning_rate': 3.389432330767049e-06, 'batch_size': 38, 'step_size': 7, 'gamma': 0.8650597472575091}. Best is trial 14 with value: 0.05280487153605364.[0m
[32m[I 2025-01-05 00:03:27,480][0m Trial 31 finished with value: 0.06052602268755436 and parameters: {'observation_period_num': 13, 'train_rates': 0.9036804303291379, 'learning_rate': 1.629567522196468e-05, 'batch_size': 73, 'step_size': 7, 'gamma': 0.8827806004662871}. Best is trial 14 with value: 0.05280487153605364.[0m
[32m[I 2025-01-05 00:04:21,844][0m Trial 32 finished with value: 0.09306777115972316 and parameters: {'observation_period_num': 22, 'train_rates': 0.8752942371949712, 'learning_rate': 9.542569786609775e-06, 'batch_size': 103, 'step_size': 5, 'gamma': 0.910538340944815}. Best is trial 14 with value: 0.05280487153605364.[0m
[32m[I 2025-01-05 00:05:31,845][0m Trial 33 finished with value: 0.061095871753534495 and parameters: {'observation_period_num': 36, 'train_rates': 0.8658402638520084, 'learning_rate': 2.1317271040335615e-05, 'batch_size': 79, 'step_size': 9, 'gamma': 0.8921119476686136}. Best is trial 14 with value: 0.05280487153605364.[0m
[32m[I 2025-01-05 00:06:15,046][0m Trial 34 finished with value: 0.16805260666633692 and parameters: {'observation_period_num': 17, 'train_rates': 0.8206985187900234, 'learning_rate': 2.8762338273437263e-05, 'batch_size': 130, 'step_size': 2, 'gamma': 0.8597069736377576}. Best is trial 14 with value: 0.05280487153605364.[0m
[32m[I 2025-01-05 00:08:00,892][0m Trial 35 finished with value: 0.10124271959066392 and parameters: {'observation_period_num': 52, 'train_rates': 0.9087659563983219, 'learning_rate': 5.062014873536223e-06, 'batch_size': 53, 'step_size': 8, 'gamma': 0.9573916868065907}. Best is trial 14 with value: 0.05280487153605364.[0m
[32m[I 2025-01-05 00:09:00,791][0m Trial 36 finished with value: 0.03179062719619463 and parameters: {'observation_period_num': 5, 'train_rates': 0.9361041806612609, 'learning_rate': 0.0008924454046804217, 'batch_size': 100, 'step_size': 11, 'gamma': 0.7544088787253677}. Best is trial 36 with value: 0.03179062719619463.[0m
[32m[I 2025-01-05 00:09:50,230][0m Trial 37 finished with value: 0.07917099481537229 and parameters: {'observation_period_num': 147, 'train_rates': 0.9326546521671272, 'learning_rate': 0.0007556992959530447, 'batch_size': 117, 'step_size': 12, 'gamma': 0.810348806264786}. Best is trial 36 with value: 0.03179062719619463.[0m
[32m[I 2025-01-05 00:10:31,181][0m Trial 38 finished with value: 0.08551091700792313 and parameters: {'observation_period_num': 104, 'train_rates': 0.9683227058996772, 'learning_rate': 0.0003043811785165728, 'batch_size': 153, 'step_size': 12, 'gamma': 0.7756540142012486}. Best is trial 36 with value: 0.03179062719619463.[0m
[32m[I 2025-01-05 00:11:31,684][0m Trial 39 finished with value: 0.0774982955419656 and parameters: {'observation_period_num': 74, 'train_rates': 0.9315381859900875, 'learning_rate': 6.761065758223702e-05, 'batch_size': 96, 'step_size': 6, 'gamma': 0.7640091720066475}. Best is trial 36 with value: 0.03179062719619463.[0m
[32m[I 2025-01-05 00:14:27,589][0m Trial 40 finished with value: 0.09783773257661221 and parameters: {'observation_period_num': 165, 'train_rates': 0.783772584590674, 'learning_rate': 0.0008627049319804375, 'batch_size': 27, 'step_size': 2, 'gamma': 0.8282581835089047}. Best is trial 36 with value: 0.03179062719619463.[0m
[32m[I 2025-01-05 00:16:11,100][0m Trial 41 finished with value: 0.05979717873813563 and parameters: {'observation_period_num': 9, 'train_rates': 0.9120603472702491, 'learning_rate': 9.231936386466821e-06, 'batch_size': 55, 'step_size': 9, 'gamma': 0.8734172906274476}. Best is trial 36 with value: 0.03179062719619463.[0m
[32m[I 2025-01-05 00:17:23,913][0m Trial 42 finished with value: 0.055553749263382114 and parameters: {'observation_period_num': 32, 'train_rates': 0.8932878957394113, 'learning_rate': 1.901503606025934e-05, 'batch_size': 79, 'step_size': 7, 'gamma': 0.9180401155384632}. Best is trial 36 with value: 0.03179062719619463.[0m
[32m[I 2025-01-05 00:19:32,776][0m Trial 43 finished with value: 0.07124753047216248 and parameters: {'observation_period_num': 32, 'train_rates': 0.9474375022342423, 'learning_rate': 0.00018827236770168653, 'batch_size': 45, 'step_size': 7, 'gamma': 0.9271136000626665}. Best is trial 36 with value: 0.03179062719619463.[0m
[32m[I 2025-01-05 00:20:15,804][0m Trial 44 finished with value: 0.6114376244362462 and parameters: {'observation_period_num': 53, 'train_rates': 0.9281374304742563, 'learning_rate': 2.0435814256723265e-06, 'batch_size': 138, 'step_size': 5, 'gamma': 0.9165792221931}. Best is trial 36 with value: 0.03179062719619463.[0m
[32m[I 2025-01-05 00:20:43,293][0m Trial 45 finished with value: 0.21689629108828498 and parameters: {'observation_period_num': 30, 'train_rates': 0.8630812146499285, 'learning_rate': 4.905292505793548e-06, 'batch_size': 212, 'step_size': 11, 'gamma': 0.8507964132462863}. Best is trial 36 with value: 0.03179062719619463.[0m
[32m[I 2025-01-05 00:22:12,750][0m Trial 46 finished with value: 0.147070996438628 and parameters: {'observation_period_num': 18, 'train_rates': 0.8974144023755912, 'learning_rate': 1.0505935139816863e-05, 'batch_size': 63, 'step_size': 4, 'gamma': 0.752525130084455}. Best is trial 36 with value: 0.03179062719619463.[0m
[32m[I 2025-01-05 00:22:57,601][0m Trial 47 finished with value: 0.06673966505025562 and parameters: {'observation_period_num': 45, 'train_rates': 0.8238569328208727, 'learning_rate': 3.808164822685829e-05, 'batch_size': 120, 'step_size': 6, 'gamma': 0.8960201318003643}. Best is trial 36 with value: 0.03179062719619463.[0m
[32m[I 2025-01-05 00:23:54,900][0m Trial 48 finished with value: 0.07131165155628597 and parameters: {'observation_period_num': 70, 'train_rates': 0.8376566132221043, 'learning_rate': 2.032942630594038e-05, 'batch_size': 95, 'step_size': 7, 'gamma': 0.9681162635887931}. Best is trial 36 with value: 0.03179062719619463.[0m
