[32m[I 2025-01-04 21:29:43,128][0m Trial 31 finished with value: 0.1098531373903494 and parameters: {'observation_period_num': 25, 'train_rates': 0.8798539150462725, 'learning_rate': 0.0005092181979476093, 'batch_size': 67, 'step_size': 8, 'gamma': 0.9143748255852452}. Best is trial 23 with value: 0.028012618930502373.[0m
[32m[I 2025-01-04 21:31:30,971][0m Trial 32 finished with value: 0.14542619623243808 and parameters: {'observation_period_num': 21, 'train_rates': 0.6523449671393358, 'learning_rate': 0.00038666986644566345, 'batch_size': 42, 'step_size': 9, 'gamma': 0.8762112182995985}. Best is trial 23 with value: 0.028012618930502373.[0m
[32m[I 2025-01-04 21:32:30,556][0m Trial 33 finished with value: 0.06182189500761892 and parameters: {'observation_period_num': 57, 'train_rates': 0.8279031850815157, 'learning_rate': 0.00027118092974730116, 'batch_size': 91, 'step_size': 8, 'gamma': 0.9731412916214379}. Best is trial 23 with value: 0.028012618930502373.[0m
[32m[I 2025-01-04 21:35:56,812][0m Trial 34 finished with value: 0.1658038916184178 and parameters: {'observation_period_num': 11, 'train_rates': 0.7585521245673046, 'learning_rate': 0.00011240731244521428, 'batch_size': 24, 'step_size': 6, 'gamma': 0.9303044294595585}. Best is trial 23 with value: 0.028012618930502373.[0m
[32m[I 2025-01-04 21:36:52,855][0m Trial 35 finished with value: 0.07059685872948689 and parameters: {'observation_period_num': 35, 'train_rates': 0.9607498852567544, 'learning_rate': 5.947354093196464e-05, 'batch_size': 108, 'step_size': 7, 'gamma': 0.9514864815921227}. Best is trial 23 with value: 0.028012618930502373.[0m
[32m[I 2025-01-04 21:37:36,325][0m Trial 36 finished with value: 0.04066658283719856 and parameters: {'observation_period_num': 6, 'train_rates': 0.9094313668255553, 'learning_rate': 0.000516977796013107, 'batch_size': 141, 'step_size': 1, 'gamma': 0.9392806660061223}. Best is trial 23 with value: 0.028012618930502373.[0m
[32m[I 2025-01-04 21:38:17,996][0m Trial 37 finished with value: 0.040938721193621554 and parameters: {'observation_period_num': 6, 'train_rates': 0.9185976744294114, 'learning_rate': 0.0005350616170798306, 'batch_size': 145, 'step_size': 1, 'gamma': 0.94485037179978}. Best is trial 23 with value: 0.028012618930502373.[0m
[32m[I 2025-01-04 21:39:01,405][0m Trial 38 finished with value: 0.04918899974297909 and parameters: {'observation_period_num': 18, 'train_rates': 0.9286170280063232, 'learning_rate': 0.00045207589999163, 'batch_size': 137, 'step_size': 1, 'gamma': 0.940001717481145}. Best is trial 23 with value: 0.028012618930502373.[0m
[32m[I 2025-01-04 21:39:35,409][0m Trial 39 finished with value: 0.04149465545258941 and parameters: {'observation_period_num': 8, 'train_rates': 0.8724477112339011, 'learning_rate': 0.0006764654212395508, 'batch_size': 175, 'step_size': 1, 'gamma': 0.9492783847386087}. Best is trial 23 with value: 0.028012618930502373.[0m
[32m[I 2025-01-04 21:40:09,160][0m Trial 40 finished with value: 0.05072732180044913 and parameters: {'observation_period_num': 14, 'train_rates': 0.8701794564412131, 'learning_rate': 0.0006728325003414731, 'batch_size': 182, 'step_size': 1, 'gamma': 0.9166875221892584}. Best is trial 23 with value: 0.028012618930502373.[0m
[32m[I 2025-01-04 21:40:46,310][0m Trial 41 finished with value: 0.03751089423894882 and parameters: {'observation_period_num': 7, 'train_rates': 0.9592653458912863, 'learning_rate': 0.0005305860551272705, 'batch_size': 171, 'step_size': 2, 'gamma': 0.9467458375620873}. Best is trial 23 with value: 0.028012618930502373.[0m
[32m[I 2025-01-04 21:41:23,160][0m Trial 42 finished with value: 0.03486143425107002 and parameters: {'observation_period_num': 5, 'train_rates': 0.9587839174371431, 'learning_rate': 0.0009984286178553912, 'batch_size': 173, 'step_size': 2, 'gamma': 0.9454555011493666}. Best is trial 23 with value: 0.028012618930502373.[0m
[32m[I 2025-01-04 21:42:02,338][0m Trial 43 finished with value: 0.04793858528137207 and parameters: {'observation_period_num': 24, 'train_rates': 0.9890919813281972, 'learning_rate': 0.0008972237347021173, 'batch_size': 167, 'step_size': 2, 'gamma': 0.9274958490887594}. Best is trial 23 with value: 0.028012618930502373.[0m
[32m[I 2025-01-04 21:42:35,330][0m Trial 44 finished with value: 0.04290769249200821 and parameters: {'observation_period_num': 7, 'train_rates': 0.9662909581672621, 'learning_rate': 0.0005380584035635069, 'batch_size': 203, 'step_size': 2, 'gamma': 0.9367348475454131}. Best is trial 23 with value: 0.028012618930502373.[0m
[32m[I 2025-01-04 21:43:19,104][0m Trial 45 finished with value: 0.047323036938905716 and parameters: {'observation_period_num': 24, 'train_rates': 0.9541252287724493, 'learning_rate': 0.0003215146091996906, 'batch_size': 143, 'step_size': 3, 'gamma': 0.9020792634488511}. Best is trial 23 with value: 0.028012618930502373.[0m
[32m[I 2025-01-04 21:44:00,942][0m Trial 46 finished with value: 0.05342065534748874 and parameters: {'observation_period_num': 55, 'train_rates': 0.9372894452867232, 'learning_rate': 0.000575531852687604, 'batch_size': 146, 'step_size': 3, 'gamma': 0.957400276203985}. Best is trial 23 with value: 0.028012618930502373.[0m
[32m[I 2025-01-04 21:44:34,108][0m Trial 47 finished with value: 0.03808950260281563 and parameters: {'observation_period_num': 20, 'train_rates': 0.9666500486038553, 'learning_rate': 0.0009307076968797473, 'batch_size': 200, 'step_size': 2, 'gamma': 0.943705283265619}. Best is trial 23 with value: 0.028012618930502373.[0m
[32m[I 2025-01-04 21:45:03,162][0m Trial 48 finished with value: 0.0736851841211319 and parameters: {'observation_period_num': 65, 'train_rates': 0.9683780817968448, 'learning_rate': 0.000963797582829828, 'batch_size': 223, 'step_size': 2, 'gamma': 0.9728973364167752}. Best is trial 23 with value: 0.028012618930502373.[0m
[32m[I 2025-01-04 21:45:36,158][0m Trial 49 finished with value: 0.07844412326812744 and parameters: {'observation_period_num': 45, 'train_rates': 0.9897338658111262, 'learning_rate': 0.0001858313671899151, 'batch_size': 204, 'step_size': 3, 'gamma': 0.9113026644771622}. Best is trial 23 with value: 0.028012618930502373.[0m
seasonal_1 „ÅÆÊúÄÈÅ©„Éè„Ç§„Éë„Éº„Éë„É©„É°„Éº„Çø„ÅåË¶ã„Å§„Åã„Çä„Åæ„Åó„Åü
ÊúÄÈÅ©ÂåñÂØæË±°: seasonal_2
[32m[I 2025-01-04 21:45:36,168][0m A new study created in memory with name: no-name-bb6cfb0a-908e-4747-ac82-35de75728451[0m
[32m[I 2025-01-04 21:48:45,631][0m Trial 0 finished with value: 0.11410586370362176 and parameters: {'observation_period_num': 250, 'train_rates': 0.9404061270220353, 'learning_rate': 0.0003116495295894832, 'batch_size': 28, 'step_size': 10, 'gamma': 0.8259634520242479}. Best is trial 0 with value: 0.11410586370362176.[0m
[32m[I 2025-01-04 21:50:51,023][0m Trial 1 finished with value: 0.12878931714626757 and parameters: {'observation_period_num': 52, 'train_rates': 0.8732469934386169, 'learning_rate': 4.296426353156423e-06, 'batch_size': 43, 'step_size': 10, 'gamma': 0.8687318112100197}. Best is trial 0 with value: 0.11410586370362176.[0m
[32m[I 2025-01-04 21:53:53,930][0m Trial 2 finished with value: 0.14225598535052053 and parameters: {'observation_period_num': 136, 'train_rates': 0.961697318088049, 'learning_rate': 0.00037604125271540137, 'batch_size': 31, 'step_size': 7, 'gamma': 0.8894721920896531}. Best is trial 0 with value: 0.11410586370362176.[0m
[32m[I 2025-01-04 21:55:31,289][0m Trial 3 finished with value: 0.1707269858327701 and parameters: {'observation_period_num': 22, 'train_rates': 0.7630241230420175, 'learning_rate': 0.00024982986571056906, 'batch_size': 51, 'step_size': 1, 'gamma': 0.9592008958800884}. Best is trial 0 with value: 0.11410586370362176.[0m
[32m[I 2025-01-04 21:55:56,075][0m Trial 4 finished with value: 0.5518953800201416 and parameters: {'observation_period_num': 55, 'train_rates': 0.9285438264381644, 'learning_rate': 3.20736251669556e-06, 'batch_size': 250, 'step_size': 7, 'gamma': 0.7804429412495563}. Best is trial 0 with value: 0.11410586370362176.[0m
[32m[I 2025-01-04 22:00:00,151][0m Trial 5 finished with value: 0.21716665272254085 and parameters: {'observation_period_num': 13, 'train_rates': 0.7509007032952759, 'learning_rate': 3.7195699524905326e-06, 'batch_size': 20, 'step_size': 9, 'gamma': 0.764994510526806}. Best is trial 0 with value: 0.11410586370362176.[0m
[32m[I 2025-01-04 22:00:22,974][0m Trial 6 finished with value: 0.31000202058292015 and parameters: {'observation_period_num': 206, 'train_rates': 0.6269809974678833, 'learning_rate': 0.0008222977890549671, 'batch_size': 215, 'step_size': 6, 'gamma': 0.9032467208953482}. Best is trial 0 with value: 0.11410586370362176.[0m
[32m[I 2025-01-04 22:00:57,202][0m Trial 7 finished with value: 0.2660374936908906 and parameters: {'observation_period_num': 186, 'train_rates': 0.872480459861208, 'learning_rate': 7.865545840610099e-06, 'batch_size': 165, 'step_size': 13, 'gamma': 0.8474253720835495}. Best is trial 0 with value: 0.11410586370362176.[0m
[32m[I 2025-01-04 22:01:49,704][0m Trial 8 finished with value: 0.05784386468758761 and parameters: {'observation_period_num': 53, 'train_rates': 0.916552625204534, 'learning_rate': 6.868272844062893e-05, 'batch_size': 115, 'step_size': 5, 'gamma': 0.9599222494948162}. Best is trial 8 with value: 0.05784386468758761.[0m
[32m[I 2025-01-04 22:02:21,302][0m Trial 9 finished with value: 0.2372275311334998 and parameters: {'observation_period_num': 166, 'train_rates': 0.7162062667959429, 'learning_rate': 0.00048305191368339806, 'batch_size': 161, 'step_size': 15, 'gamma': 0.8343638361215178}. Best is trial 8 with value: 0.05784386468758761.[0m
[32m[I 2025-01-04 22:03:16,682][0m Trial 10 finished with value: 0.0832577785135088 and parameters: {'observation_period_num': 103, 'train_rates': 0.8375803830919284, 'learning_rate': 4.6446482732620115e-05, 'batch_size': 97, 'step_size': 2, 'gamma': 0.9793932664325522}. Best is trial 8 with value: 0.05784386468758761.[0m
[32m[I 2025-01-04 22:04:11,702][0m Trial 11 finished with value: 0.08766141828635464 and parameters: {'observation_period_num': 94, 'train_rates': 0.8393039448940184, 'learning_rate': 4.974586929747893e-05, 'batch_size': 98, 'step_size': 2, 'gamma': 0.9880974659032159}. Best is trial 8 with value: 0.05784386468758761.[0m
[32m[I 2025-01-04 22:05:05,792][0m Trial 12 finished with value: 0.07596788633494608 and parameters: {'observation_period_num': 98, 'train_rates': 0.8264797098195111, 'learning_rate': 4.516105673995203e-05, 'batch_size': 102, 'step_size': 4, 'gamma': 0.9391310286279171}. Best is trial 8 with value: 0.05784386468758761.[0m
[32m[I 2025-01-04 22:06:01,218][0m Trial 13 finished with value: 0.12035632133483887 and parameters: {'observation_period_num': 79, 'train_rates': 0.9837622337995314, 'learning_rate': 1.7735071449974042e-05, 'batch_size': 109, 'step_size': 4, 'gamma': 0.933380529342436}. Best is trial 8 with value: 0.05784386468758761.[0m
[32m[I 2025-01-04 22:06:44,767][0m Trial 14 finished with value: 0.07526758499443531 and parameters: {'observation_period_num': 132, 'train_rates': 0.9052660977252286, 'learning_rate': 0.00011005717069761905, 'batch_size': 134, 'step_size': 4, 'gamma': 0.9344940284347973}. Best is trial 8 with value: 0.05784386468758761.[0m
[32m[I 2025-01-04 22:07:24,287][0m Trial 15 finished with value: 0.07886162362177007 and parameters: {'observation_period_num': 137, 'train_rates': 0.9029051650470225, 'learning_rate': 0.0001343256446030532, 'batch_size': 149, 'step_size': 5, 'gamma': 0.9209794650665077}. Best is trial 8 with value: 0.05784386468758761.[0m
[32m[I 2025-01-04 22:07:53,915][0m Trial 16 finished with value: 0.09246170917432085 and parameters: {'observation_period_num': 158, 'train_rates': 0.9008377437256678, 'learning_rate': 0.00010756417676949949, 'batch_size': 203, 'step_size': 4, 'gamma': 0.9521459536785684}. Best is trial 8 with value: 0.05784386468758761.[0m
[32m[I 2025-01-04 22:09:00,659][0m Trial 17 finished with value: 0.3115483528345556 and parameters: {'observation_period_num': 60, 'train_rates': 0.69189530957667, 'learning_rate': 1.382750101645938e-05, 'batch_size': 69, 'step_size': 3, 'gamma': 0.909370713551101}. Best is trial 8 with value: 0.05784386468758761.[0m
[32m[I 2025-01-04 22:09:41,841][0m Trial 18 finished with value: 0.5123564667642434 and parameters: {'observation_period_num': 121, 'train_rates': 0.8012356291213572, 'learning_rate': 1.476546980434038e-06, 'batch_size': 132, 'step_size': 8, 'gamma': 0.9734822013981611}. Best is trial 8 with value: 0.05784386468758761.[0m
[32m[I 2025-01-04 22:10:10,861][0m Trial 19 finished with value: 0.107179066313178 and parameters: {'observation_period_num': 218, 'train_rates': 0.8842987955749685, 'learning_rate': 0.00010340342740523596, 'batch_size': 187, 'step_size': 6, 'gamma': 0.8867317200215457}. Best is trial 8 with value: 0.05784386468758761.[0m
[32m[I 2025-01-04 22:11:00,140][0m Trial 20 finished with value: 0.07919129729270935 and parameters: {'observation_period_num': 29, 'train_rates': 0.9884982783965237, 'learning_rate': 1.9211908513911274e-05, 'batch_size': 129, 'step_size': 12, 'gamma': 0.9546106744851459}. Best is trial 8 with value: 0.05784386468758761.[0m
[32m[I 2025-01-04 22:12:15,730][0m Trial 21 finished with value: 0.06843178041202769 and parameters: {'observation_period_num': 86, 'train_rates': 0.7965989871398027, 'learning_rate': 5.5592770232105566e-05, 'batch_size': 69, 'step_size': 5, 'gamma': 0.9317666320384522}. Best is trial 8 with value: 0.05784386468758761.[0m
[32m[I 2025-01-04 22:13:26,927][0m Trial 22 finished with value: 0.06833571334542397 and parameters: {'observation_period_num': 75, 'train_rates': 0.7867233604327817, 'learning_rate': 8.248351806054247e-05, 'batch_size': 73, 'step_size': 5, 'gamma': 0.9257407125240594}. Best is trial 8 with value: 0.05784386468758761.[0m
[32m[I 2025-01-04 22:14:36,710][0m Trial 23 finished with value: 0.24090279173532514 and parameters: {'observation_period_num': 74, 'train_rates': 0.7727641604633682, 'learning_rate': 2.8971477726319482e-05, 'batch_size': 74, 'step_size': 6, 'gamma': 0.9179877390117385}. Best is trial 8 with value: 0.05784386468758761.[0m
[32m[I 2025-01-04 22:15:39,678][0m Trial 24 finished with value: 0.16618436141762621 and parameters: {'observation_period_num': 33, 'train_rates': 0.6760679341146147, 'learning_rate': 6.849402496733432e-05, 'batch_size': 74, 'step_size': 5, 'gamma': 0.8685848985917526}. Best is trial 8 with value: 0.05784386468758761.[0m
[32m[I 2025-01-04 22:17:05,614][0m Trial 25 finished with value: 0.06094519750160329 and parameters: {'observation_period_num': 44, 'train_rates': 0.8015165240138079, 'learning_rate': 0.00017803979353338864, 'batch_size': 60, 'step_size': 8, 'gamma': 0.9555771064477089}. Best is trial 8 with value: 0.05784386468758761.[0m
[32m[I 2025-01-04 22:18:04,883][0m Trial 26 finished with value: 0.17819953478910788 and parameters: {'observation_period_num': 42, 'train_rates': 0.7306891986403101, 'learning_rate': 0.00018898341460295854, 'batch_size': 85, 'step_size': 8, 'gamma': 0.9692352140436368}. Best is trial 8 with value: 0.05784386468758761.[0m
[32m[I 2025-01-04 22:19:30,096][0m Trial 27 finished with value: 0.1254764116752101 and parameters: {'observation_period_num': 7, 'train_rates': 0.6103925922326056, 'learning_rate': 0.0006665081755978737, 'batch_size': 51, 'step_size': 10, 'gamma': 0.9525865986451393}. Best is trial 8 with value: 0.05784386468758761.[0m
[32m[I 2025-01-04 22:20:17,564][0m Trial 28 finished with value: 0.046855776367667024 and parameters: {'observation_period_num': 61, 'train_rates': 0.8160819305298114, 'learning_rate': 0.00019415716778227, 'batch_size': 115, 'step_size': 8, 'gamma': 0.9649482074238626}. Best is trial 28 with value: 0.046855776367667024.[0m
[32m[I 2025-01-04 22:21:04,652][0m Trial 29 finished with value: 0.1118304527675112 and parameters: {'observation_period_num': 249, 'train_rates': 0.9380198881749401, 'learning_rate': 0.00018596434894775234, 'batch_size': 119, 'step_size': 12, 'gamma': 0.7956519578902932}. Best is trial 28 with value: 0.046855776367667024.[0m
[32m[I 2025-01-04 22:21:42,687][0m Trial 30 finished with value: 0.09733307078195531 and parameters: {'observation_period_num': 112, 'train_rates': 0.8530674850407461, 'learning_rate': 0.00023769396636697467, 'batch_size': 151, 'step_size': 9, 'gamma': 0.9886822061660543}. Best is trial 28 with value: 0.046855776367667024.[0m
[32m[I 2025-01-04 22:22:45,176][0m Trial 31 finished with value: 0.05505373927679929 and parameters: {'observation_period_num': 64, 'train_rates': 0.8098137901590238, 'learning_rate': 7.49950825020752e-05, 'batch_size': 86, 'step_size': 8, 'gamma': 0.9661409108309926}. Best is trial 28 with value: 0.046855776367667024.[0m
[32m[I 2025-01-04 22:23:32,417][0m Trial 32 finished with value: 0.05736673235130484 and parameters: {'observation_period_num': 65, 'train_rates': 0.810835048058132, 'learning_rate': 0.00033959364171947147, 'batch_size': 116, 'step_size': 8, 'gamma': 0.9652864663761442}. Best is trial 28 with value: 0.046855776367667024.[0m
[32m[I 2025-01-04 22:24:19,856][0m Trial 33 finished with value: 0.0885827725854787 and parameters: {'observation_period_num': 67, 'train_rates': 0.8095832051539265, 'learning_rate': 0.0003710998448605262, 'batch_size': 113, 'step_size': 11, 'gamma': 0.9670113238802218}. Best is trial 28 with value: 0.046855776367667024.[0m
[32m[I 2025-01-04 22:25:16,595][0m Trial 34 finished with value: 0.22995651423365 and parameters: {'observation_period_num': 50, 'train_rates': 0.7461768252443164, 'learning_rate': 0.0005780468897479966, 'batch_size': 89, 'step_size': 9, 'gamma': 0.9481049611907277}. Best is trial 28 with value: 0.046855776367667024.[0m
[32m[I 2025-01-04 22:26:02,720][0m Trial 35 finished with value: 0.039239475993733654 and parameters: {'observation_period_num': 23, 'train_rates': 0.8574132840212747, 'learning_rate': 0.00031320747931742546, 'batch_size': 120, 'step_size': 7, 'gamma': 0.9749537065548626}. Best is trial 35 with value: 0.039239475993733654.[0m
[32m[I 2025-01-04 22:26:42,466][0m Trial 36 finished with value: 0.04117059459594016 and parameters: {'observation_period_num': 24, 'train_rates': 0.8612828612609491, 'learning_rate': 0.00035617534261328667, 'batch_size': 146, 'step_size': 7, 'gamma': 0.9788570870537927}. Best is trial 35 with value: 0.039239475993733654.[0m
[32m[I 2025-01-04 22:27:16,156][0m Trial 37 finished with value: 0.04451059840207723 and parameters: {'observation_period_num': 19, 'train_rates': 0.8646470873612611, 'learning_rate': 0.0008743954876101278, 'batch_size': 177, 'step_size': 7, 'gamma': 0.9812522090357412}. Best is trial 35 with value: 0.039239475993733654.[0m
[32m[I 2025-01-04 22:27:50,085][0m Trial 38 finished with value: 0.03708429647499461 and parameters: {'observation_period_num': 20, 'train_rates': 0.867697938136333, 'learning_rate': 0.0009943031329490005, 'batch_size': 177, 'step_size': 6, 'gamma': 0.9892667318035683}. Best is trial 38 with value: 0.03708429647499461.[0m
[32m[I 2025-01-04 22:28:23,945][0m Trial 39 finished with value: 0.05704652820713818 and parameters: {'observation_period_num': 24, 'train_rates': 0.8690688873489347, 'learning_rate': 0.0009705122562404173, 'batch_size': 180, 'step_size': 7, 'gamma': 0.9809001912289145}. Best is trial 38 with value: 0.03708429647499461.[0m
[32m[I 2025-01-04 22:28:51,661][0m Trial 40 finished with value: 0.040978405461476665 and parameters: {'observation_period_num': 12, 'train_rates': 0.8603735058416655, 'learning_rate': 0.000480461667472389, 'batch_size': 228, 'step_size': 6, 'gamma': 0.9871383800631967}. Best is trial 38 with value: 0.03708429647499461.[0m
[32m[I 2025-01-04 22:29:16,680][0m Trial 41 finished with value: 0.036764050682794674 and parameters: {'observation_period_num': 15, 'train_rates': 0.8594698909255369, 'learning_rate': 0.0005041596036810447, 'batch_size': 242, 'step_size': 6, 'gamma': 0.9896975254794574}. Best is trial 41 with value: 0.036764050682794674.[0m
[32m[I 2025-01-04 22:29:42,002][0m Trial 42 finished with value: 0.03358664035884516 and parameters: {'observation_period_num': 5, 'train_rates': 0.8844072809369177, 'learning_rate': 0.00044701541562591264, 'batch_size': 240, 'step_size': 6, 'gamma': 0.9898455579930374}. Best is trial 42 with value: 0.03358664035884516.[0m
[32m[I 2025-01-04 22:30:07,151][0m Trial 43 finished with value: 0.02998092600680662 and parameters: {'observation_period_num': 9, 'train_rates': 0.888009781880768, 'learning_rate': 0.000506448284899147, 'batch_size': 251, 'step_size': 6, 'gamma': 0.9893639066652541}. Best is trial 43 with value: 0.02998092600680662.[0m
[32m[I 2025-01-04 22:30:33,891][0m Trial 44 finished with value: 0.0346871018409729 and parameters: {'observation_period_num': 5, 'train_rates': 0.9621030994537845, 'learning_rate': 0.0006723675577342761, 'batch_size': 255, 'step_size': 6, 'gamma': 0.9765486936416679}. Best is trial 43 with value: 0.02998092600680662.[0m
[32m[I 2025-01-04 22:31:00,385][0m Trial 45 finished with value: 0.03738707676529884 and parameters: {'observation_period_num': 7, 'train_rates': 0.9663742571368826, 'learning_rate': 0.0006663746784357373, 'batch_size': 255, 'step_size': 6, 'gamma': 0.9429095117343697}. Best is trial 43 with value: 0.02998092600680662.[0m
[32m[I 2025-01-04 22:31:27,073][0m Trial 46 finished with value: 0.08648788183927536 and parameters: {'observation_period_num': 38, 'train_rates': 0.9481901704359704, 'learning_rate': 0.00045269592832117875, 'batch_size': 238, 'step_size': 3, 'gamma': 0.9899396793110069}. Best is trial 43 with value: 0.02998092600680662.[0m
