[32m[I 2025-02-05 20:16:37,970][0m Trial 49 finished with value: 0.061405095688410495 and parameters: {'observation_period_num': 50, 'train_rates': 0.9481305786866049, 'learning_rate': 0.0006594289923255287, 'batch_size': 109, 'step_size': 2, 'gamma': 0.8984990874720018}. Best is trial 26 with value: 0.034821350029424616.[0m
最適ハイパーパラメータが見つかりました
最適なハイパーパラメータが best_hyperparameters_GOOG_iTransformer_noMSTL.json に保存されました
Epoch 1/300, Loss: 0.2923 | 0.2530
Epoch 2/300, Loss: 0.1653 | 0.2589
Epoch 3/300, Loss: 0.1910 | 0.1499
Epoch 4/300, Loss: 0.1439 | 0.1139
Epoch 5/300, Loss: 0.1358 | 0.1040
Epoch 6/300, Loss: 0.1193 | 0.1048
Epoch 7/300, Loss: 0.1329 | 0.1031
Epoch 8/300, Loss: 0.1703 | 0.1868
Epoch 9/300, Loss: 0.1666 | 0.0936
Epoch 10/300, Loss: 0.1296 | 0.2020
Epoch 11/300, Loss: 0.1384 | 0.1783
Epoch 12/300, Loss: 0.1535 | 0.0998
Epoch 13/300, Loss: 0.1416 | 0.1029
Epoch 14/300, Loss: 0.1362 | 0.1130
Epoch 15/300, Loss: 0.1251 | 0.1167
Epoch 16/300, Loss: 0.1055 | 0.0741
Epoch 17/300, Loss: 0.1140 | 0.0878
Epoch 18/300, Loss: 0.1315 | 0.0854
Epoch 19/300, Loss: 0.1095 | 0.0734
Epoch 20/300, Loss: 0.1022 | 0.0769
Epoch 21/300, Loss: 0.1106 | 0.0769
Epoch 22/300, Loss: 0.0982 | 0.0738
Epoch 23/300, Loss: 0.0981 | 0.0660
Epoch 24/300, Loss: 0.0956 | 0.0681
Epoch 25/300, Loss: 0.0964 | 0.0662
Epoch 26/300, Loss: 0.0950 | 0.0697
Epoch 27/300, Loss: 0.0918 | 0.0741
Epoch 28/300, Loss: 0.0917 | 0.0609
Epoch 29/300, Loss: 0.0898 | 0.0624
Epoch 30/300, Loss: 0.0894 | 0.0579
Epoch 31/300, Loss: 0.0883 | 0.0637
Epoch 32/300, Loss: 0.0885 | 0.0688
Epoch 33/300, Loss: 0.0889 | 0.0570
Epoch 34/300, Loss: 0.0872 | 0.0551
Epoch 35/300, Loss: 0.0853 | 0.0529
Epoch 36/300, Loss: 0.0835 | 0.0540
Epoch 37/300, Loss: 0.0827 | 0.0554
Epoch 38/300, Loss: 0.0822 | 0.0521
Epoch 39/300, Loss: 0.0821 | 0.0505
Epoch 40/300, Loss: 0.0823 | 0.0502
Epoch 41/300, Loss: 0.0824 | 0.0510
Epoch 42/300, Loss: 0.0825 | 0.0521
Epoch 43/300, Loss: 0.0819 | 0.0508
Epoch 44/300, Loss: 0.0817 | 0.0496
Epoch 45/300, Loss: 0.0814 | 0.0507
Epoch 46/300, Loss: 0.0815 | 0.0532
Epoch 47/300, Loss: 0.0827 | 0.0522
Epoch 48/300, Loss: 0.0827 | 0.0506
Epoch 49/300, Loss: 0.0807 | 0.0496
Epoch 50/300, Loss: 0.0795 | 0.0477
Epoch 51/300, Loss: 0.0798 | 0.0477
Epoch 52/300, Loss: 0.0800 | 0.0472
Epoch 53/300, Loss: 0.0790 | 0.0479
Epoch 54/300, Loss: 0.0781 | 0.0488
Epoch 55/300, Loss: 0.0779 | 0.0469
Epoch 56/300, Loss: 0.0779 | 0.0459
Epoch 57/300, Loss: 0.0777 | 0.0460
Epoch 58/300, Loss: 0.0774 | 0.0452
Epoch 59/300, Loss: 0.0769 | 0.0440
Epoch 60/300, Loss: 0.0766 | 0.0435
Epoch 61/300, Loss: 0.0764 | 0.0434
Epoch 62/300, Loss: 0.0763 | 0.0436
Epoch 63/300, Loss: 0.0759 | 0.0432
Epoch 64/300, Loss: 0.0756 | 0.0428
Epoch 65/300, Loss: 0.0754 | 0.0428
Epoch 66/300, Loss: 0.0752 | 0.0430
Epoch 67/300, Loss: 0.0750 | 0.0429
Epoch 68/300, Loss: 0.0749 | 0.0428
Epoch 69/300, Loss: 0.0749 | 0.0428
Epoch 70/300, Loss: 0.0751 | 0.0432
Epoch 71/300, Loss: 0.0756 | 0.0438
Epoch 72/300, Loss: 0.0764 | 0.0437
Epoch 73/300, Loss: 0.0759 | 0.0428
Epoch 74/300, Loss: 0.0751 | 0.0420
Epoch 75/300, Loss: 0.0754 | 0.0422
Epoch 76/300, Loss: 0.0762 | 0.0424
Epoch 77/300, Loss: 0.0757 | 0.0423
Epoch 78/300, Loss: 0.0742 | 0.0420
Epoch 79/300, Loss: 0.0738 | 0.0412
Epoch 80/300, Loss: 0.0735 | 0.0408
Epoch 81/300, Loss: 0.0732 | 0.0408
Epoch 82/300, Loss: 0.0731 | 0.0407
Epoch 83/300, Loss: 0.0730 | 0.0402
Epoch 84/300, Loss: 0.0728 | 0.0403
Epoch 85/300, Loss: 0.0726 | 0.0403
Epoch 86/300, Loss: 0.0724 | 0.0401
Epoch 87/300, Loss: 0.0723 | 0.0401
Epoch 88/300, Loss: 0.0722 | 0.0400
Epoch 89/300, Loss: 0.0720 | 0.0399
Epoch 90/300, Loss: 0.0719 | 0.0398
Epoch 91/300, Loss: 0.0718 | 0.0398
Epoch 92/300, Loss: 0.0717 | 0.0397
Epoch 93/300, Loss: 0.0716 | 0.0396
Epoch 94/300, Loss: 0.0715 | 0.0395
Epoch 95/300, Loss: 0.0714 | 0.0394
Epoch 96/300, Loss: 0.0713 | 0.0393
Epoch 97/300, Loss: 0.0711 | 0.0392
Epoch 98/300, Loss: 0.0710 | 0.0391
Epoch 99/300, Loss: 0.0708 | 0.0391
Epoch 100/300, Loss: 0.0707 | 0.0390
Epoch 101/300, Loss: 0.0706 | 0.0390
Epoch 102/300, Loss: 0.0705 | 0.0390
Epoch 103/300, Loss: 0.0704 | 0.0389
Epoch 104/300, Loss: 0.0703 | 0.0388
Epoch 105/300, Loss: 0.0702 | 0.0387
Epoch 106/300, Loss: 0.0701 | 0.0386
Epoch 107/300, Loss: 0.0700 | 0.0385
Epoch 108/300, Loss: 0.0700 | 0.0383
Epoch 109/300, Loss: 0.0699 | 0.0382
Epoch 110/300, Loss: 0.0698 | 0.0382
Epoch 111/300, Loss: 0.0697 | 0.0381
Epoch 112/300, Loss: 0.0696 | 0.0381
Epoch 113/300, Loss: 0.0695 | 0.0381
Epoch 114/300, Loss: 0.0694 | 0.0381
Epoch 115/300, Loss: 0.0693 | 0.0382
Epoch 116/300, Loss: 0.0692 | 0.0382
Epoch 117/300, Loss: 0.0691 | 0.0381
Epoch 118/300, Loss: 0.0690 | 0.0379
Epoch 119/300, Loss: 0.0689 | 0.0378
Epoch 120/300, Loss: 0.0689 | 0.0377
Epoch 121/300, Loss: 0.0688 | 0.0376
Epoch 122/300, Loss: 0.0688 | 0.0375
Epoch 123/300, Loss: 0.0687 | 0.0375
Epoch 124/300, Loss: 0.0686 | 0.0375
Epoch 125/300, Loss: 0.0685 | 0.0375
Epoch 126/300, Loss: 0.0684 | 0.0376
Epoch 127/300, Loss: 0.0683 | 0.0376
Epoch 128/300, Loss: 0.0683 | 0.0375
Epoch 129/300, Loss: 0.0682 | 0.0374
Epoch 130/300, Loss: 0.0681 | 0.0374
Epoch 131/300, Loss: 0.0681 | 0.0373
Epoch 132/300, Loss: 0.0680 | 0.0373
Epoch 133/300, Loss: 0.0680 | 0.0373
Epoch 134/300, Loss: 0.0679 | 0.0373
Epoch 135/300, Loss: 0.0678 | 0.0373
Epoch 136/300, Loss: 0.0678 | 0.0373
Epoch 137/300, Loss: 0.0677 | 0.0372
Epoch 138/300, Loss: 0.0677 | 0.0372
Epoch 139/300, Loss: 0.0676 | 0.0372
Epoch 140/300, Loss: 0.0676 | 0.0371
Epoch 141/300, Loss: 0.0675 | 0.0371
Epoch 142/300, Loss: 0.0675 | 0.0371
Epoch 143/300, Loss: 0.0674 | 0.0371
Epoch 144/300, Loss: 0.0674 | 0.0371
Epoch 145/300, Loss: 0.0674 | 0.0371
Epoch 146/300, Loss: 0.0673 | 0.0371
Epoch 147/300, Loss: 0.0673 | 0.0371
Epoch 148/300, Loss: 0.0672 | 0.0370
Epoch 149/300, Loss: 0.0672 | 0.0370
Epoch 150/300, Loss: 0.0671 | 0.0370
Epoch 151/300, Loss: 0.0671 | 0.0370
Epoch 152/300, Loss: 0.0671 | 0.0370
Epoch 153/300, Loss: 0.0670 | 0.0370
Epoch 154/300, Loss: 0.0670 | 0.0370
Epoch 155/300, Loss: 0.0670 | 0.0369
Epoch 156/300, Loss: 0.0669 | 0.0369
Epoch 157/300, Loss: 0.0669 | 0.0369
Epoch 158/300, Loss: 0.0669 | 0.0369
Epoch 159/300, Loss: 0.0668 | 0.0369
Epoch 160/300, Loss: 0.0668 | 0.0369
Epoch 161/300, Loss: 0.0668 | 0.0369
Epoch 162/300, Loss: 0.0667 | 0.0369
Epoch 163/300, Loss: 0.0667 | 0.0368
Epoch 164/300, Loss: 0.0667 | 0.0368
Epoch 165/300, Loss: 0.0667 | 0.0368
Epoch 166/300, Loss: 0.0666 | 0.0368
Epoch 167/300, Loss: 0.0666 | 0.0368
Epoch 168/300, Loss: 0.0666 | 0.0368
Epoch 169/300, Loss: 0.0665 | 0.0367
Epoch 170/300, Loss: 0.0665 | 0.0367
Epoch 171/300, Loss: 0.0665 | 0.0367
Epoch 172/300, Loss: 0.0665 | 0.0367
Epoch 173/300, Loss: 0.0664 | 0.0367
Epoch 174/300, Loss: 0.0664 | 0.0367
Epoch 175/300, Loss: 0.0664 | 0.0367
Epoch 176/300, Loss: 0.0664 | 0.0367
Epoch 177/300, Loss: 0.0664 | 0.0366
Epoch 178/300, Loss: 0.0663 | 0.0366
Epoch 179/300, Loss: 0.0663 | 0.0366
Epoch 180/300, Loss: 0.0663 | 0.0366
Epoch 181/300, Loss: 0.0663 | 0.0366
Epoch 182/300, Loss: 0.0663 | 0.0366
Epoch 183/300, Loss: 0.0662 | 0.0366
Epoch 184/300, Loss: 0.0662 | 0.0366
Epoch 185/300, Loss: 0.0662 | 0.0365
Epoch 186/300, Loss: 0.0662 | 0.0365
Epoch 187/300, Loss: 0.0662 | 0.0365
Epoch 188/300, Loss: 0.0661 | 0.0365
Epoch 189/300, Loss: 0.0661 | 0.0365
Epoch 190/300, Loss: 0.0661 | 0.0365
Epoch 191/300, Loss: 0.0661 | 0.0365
Epoch 192/300, Loss: 0.0661 | 0.0365
Epoch 193/300, Loss: 0.0661 | 0.0365
Epoch 194/300, Loss: 0.0661 | 0.0364
Epoch 195/300, Loss: 0.0660 | 0.0364
Epoch 196/300, Loss: 0.0660 | 0.0364
Epoch 197/300, Loss: 0.0660 | 0.0364
Epoch 198/300, Loss: 0.0660 | 0.0364
Epoch 199/300, Loss: 0.0660 | 0.0364
Epoch 200/300, Loss: 0.0660 | 0.0364
Epoch 201/300, Loss: 0.0660 | 0.0364
Epoch 202/300, Loss: 0.0659 | 0.0364
Epoch 203/300, Loss: 0.0659 | 0.0364
Epoch 204/300, Loss: 0.0659 | 0.0363
Epoch 205/300, Loss: 0.0659 | 0.0363
Epoch 206/300, Loss: 0.0659 | 0.0363
Epoch 207/300, Loss: 0.0659 | 0.0363
Epoch 208/300, Loss: 0.0659 | 0.0363
Epoch 209/300, Loss: 0.0659 | 0.0363
Epoch 210/300, Loss: 0.0659 | 0.0363
Epoch 211/300, Loss: 0.0658 | 0.0363
Epoch 212/300, Loss: 0.0658 | 0.0363
Epoch 213/300, Loss: 0.0658 | 0.0363
Epoch 214/300, Loss: 0.0658 | 0.0363
Epoch 215/300, Loss: 0.0658 | 0.0362
Epoch 216/300, Loss: 0.0658 | 0.0362
Epoch 217/300, Loss: 0.0658 | 0.0362
Epoch 218/300, Loss: 0.0658 | 0.0362
Epoch 219/300, Loss: 0.0658 | 0.0362
Epoch 220/300, Loss: 0.0658 | 0.0362
Epoch 221/300, Loss: 0.0657 | 0.0362
Epoch 222/300, Loss: 0.0657 | 0.0362
Epoch 223/300, Loss: 0.0657 | 0.0362
Epoch 224/300, Loss: 0.0657 | 0.0362
Epoch 225/300, Loss: 0.0657 | 0.0362
Epoch 226/300, Loss: 0.0657 | 0.0362
Epoch 227/300, Loss: 0.0657 | 0.0362
Epoch 228/300, Loss: 0.0657 | 0.0362
Epoch 229/300, Loss: 0.0657 | 0.0361
Epoch 230/300, Loss: 0.0657 | 0.0361
Epoch 231/300, Loss: 0.0657 | 0.0361
Epoch 232/300, Loss: 0.0657 | 0.0361
Epoch 233/300, Loss: 0.0657 | 0.0361
Epoch 234/300, Loss: 0.0657 | 0.0361
Epoch 235/300, Loss: 0.0656 | 0.0361
Epoch 236/300, Loss: 0.0656 | 0.0361
Epoch 237/300, Loss: 0.0656 | 0.0361
Epoch 238/300, Loss: 0.0656 | 0.0361
Epoch 239/300, Loss: 0.0656 | 0.0361
Epoch 240/300, Loss: 0.0656 | 0.0361
Epoch 241/300, Loss: 0.0656 | 0.0361
Epoch 242/300, Loss: 0.0656 | 0.0361
Epoch 243/300, Loss: 0.0656 | 0.0361
Epoch 244/300, Loss: 0.0656 | 0.0361
Epoch 245/300, Loss: 0.0656 | 0.0361
Epoch 246/300, Loss: 0.0656 | 0.0361
Epoch 247/300, Loss: 0.0656 | 0.0361
Epoch 248/300, Loss: 0.0656 | 0.0360
Epoch 249/300, Loss: 0.0656 | 0.0360
Epoch 250/300, Loss: 0.0656 | 0.0360
Epoch 251/300, Loss: 0.0656 | 0.0360
Epoch 252/300, Loss: 0.0656 | 0.0360
Epoch 253/300, Loss: 0.0655 | 0.0360
Epoch 254/300, Loss: 0.0655 | 0.0360
Epoch 255/300, Loss: 0.0655 | 0.0360
Epoch 256/300, Loss: 0.0655 | 0.0360
Epoch 257/300, Loss: 0.0655 | 0.0360
Epoch 258/300, Loss: 0.0655 | 0.0360
Epoch 259/300, Loss: 0.0655 | 0.0360
Epoch 260/300, Loss: 0.0655 | 0.0360
Epoch 261/300, Loss: 0.0655 | 0.0360
Epoch 262/300, Loss: 0.0655 | 0.0360
Epoch 263/300, Loss: 0.0655 | 0.0360
Epoch 264/300, Loss: 0.0655 | 0.0360
Epoch 265/300, Loss: 0.0655 | 0.0360
Epoch 266/300, Loss: 0.0655 | 0.0360
Epoch 267/300, Loss: 0.0655 | 0.0360
Epoch 268/300, Loss: 0.0655 | 0.0360
Epoch 269/300, Loss: 0.0655 | 0.0360
Epoch 270/300, Loss: 0.0655 | 0.0360
Epoch 271/300, Loss: 0.0655 | 0.0360
Epoch 272/300, Loss: 0.0655 | 0.0360
Epoch 273/300, Loss: 0.0655 | 0.0360
Epoch 274/300, Loss: 0.0655 | 0.0360
Epoch 275/300, Loss: 0.0655 | 0.0360
Epoch 276/300, Loss: 0.0655 | 0.0359
Epoch 277/300, Loss: 0.0655 | 0.0359
Epoch 278/300, Loss: 0.0655 | 0.0359
Epoch 279/300, Loss: 0.0655 | 0.0359
Epoch 280/300, Loss: 0.0655 | 0.0359
Epoch 281/300, Loss: 0.0655 | 0.0359
Epoch 282/300, Loss: 0.0655 | 0.0359
Epoch 283/300, Loss: 0.0655 | 0.0359
Epoch 284/300, Loss: 0.0654 | 0.0359
Epoch 285/300, Loss: 0.0654 | 0.0359
Epoch 286/300, Loss: 0.0654 | 0.0359
Epoch 287/300, Loss: 0.0654 | 0.0359
Epoch 288/300, Loss: 0.0654 | 0.0359
Epoch 289/300, Loss: 0.0654 | 0.0359
Epoch 290/300, Loss: 0.0654 | 0.0359
Epoch 291/300, Loss: 0.0654 | 0.0359
Epoch 292/300, Loss: 0.0654 | 0.0359
Epoch 293/300, Loss: 0.0654 | 0.0359
Epoch 294/300, Loss: 0.0654 | 0.0359
Epoch 295/300, Loss: 0.0654 | 0.0359
Epoch 296/300, Loss: 0.0654 | 0.0359
Epoch 297/300, Loss: 0.0654 | 0.0359
Epoch 298/300, Loss: 0.0654 | 0.0359
Epoch 299/300, Loss: 0.0654 | 0.0359
Epoch 300/300, Loss: 0.0654 | 0.0359
Runtime (seconds): 118.28572916984558
/home2/y2021/k2110261/.conda/envs/tensorflow/lib/python3.11/site-packages/sklearn/metrics/_regression.py:1266: UndefinedMetricWarning: R^2 score is not well-defined with less than two samples.
  warnings.warn(msg, UndefinedMetricWarning)
MSE: 41.371300807455555
RMSE: 6.4320526123046875
MAE: 6.4320526123046875
R-squared: nan
[187.60794]
