[32m[I 2025-02-05 19:32:50,560][0m A new study created in memory with name: no-name-55e1c7bf-48f0-4cef-a3b1-e2b6557e7a20[0m
[32m[I 2025-02-05 19:34:11,532][0m Trial 0 finished with value: 0.17558964843399968 and parameters: {'observation_period_num': 247, 'train_rates': 0.8676492212393997, 'learning_rate': 8.755174278042876e-05, 'batch_size': 65, 'step_size': 1, 'gamma': 0.9661493037385335}. Best is trial 0 with value: 0.17558964843399968.[0m
[32m[I 2025-02-05 19:36:00,031][0m Trial 1 finished with value: 0.13718642021568728 and parameters: {'observation_period_num': 21, 'train_rates': 0.975994178004425, 'learning_rate': 7.391494295095199e-06, 'batch_size': 56, 'step_size': 12, 'gamma': 0.7933838956814198}. Best is trial 1 with value: 0.13718642021568728.[0m
[32m[I 2025-02-05 19:37:20,801][0m Trial 2 finished with value: 0.2974071931963909 and parameters: {'observation_period_num': 117, 'train_rates': 0.7077646301195061, 'learning_rate': 3.256948247368973e-05, 'batch_size': 59, 'step_size': 9, 'gamma': 0.7653236963601412}. Best is trial 1 with value: 0.13718642021568728.[0m
[32m[I 2025-02-05 19:39:09,115][0m Trial 3 finished with value: 0.32574240291737633 and parameters: {'observation_period_num': 164, 'train_rates': 0.7876404174383947, 'learning_rate': 3.384036128698992e-06, 'batch_size': 46, 'step_size': 12, 'gamma': 0.9673976146274385}. Best is trial 1 with value: 0.13718642021568728.[0m
[32m[I 2025-02-05 19:41:31,441][0m Trial 4 finished with value: 0.788580771185394 and parameters: {'observation_period_num': 46, 'train_rates': 0.9203911628642574, 'learning_rate': 2.3842707473193798e-06, 'batch_size': 40, 'step_size': 2, 'gamma': 0.8302351249739289}. Best is trial 1 with value: 0.13718642021568728.[0m
[32m[I 2025-02-05 19:41:58,273][0m Trial 5 finished with value: 0.26550808548927307 and parameters: {'observation_period_num': 237, 'train_rates': 0.9331811045833628, 'learning_rate': 0.0001285368479437357, 'batch_size': 215, 'step_size': 5, 'gamma': 0.8702369534450013}. Best is trial 1 with value: 0.13718642021568728.[0m
[32m[I 2025-02-05 19:42:27,535][0m Trial 6 finished with value: 0.6233252882957458 and parameters: {'observation_period_num': 184, 'train_rates': 0.9889141301415004, 'learning_rate': 6.454337440947464e-05, 'batch_size': 223, 'step_size': 15, 'gamma': 0.9553853666083094}. Best is trial 1 with value: 0.13718642021568728.[0m
[32m[I 2025-02-05 19:43:00,577][0m Trial 7 finished with value: 0.7668491294877825 and parameters: {'observation_period_num': 152, 'train_rates': 0.7313429313320617, 'learning_rate': 1.4488185868138262e-06, 'batch_size': 155, 'step_size': 12, 'gamma': 0.835059855657156}. Best is trial 1 with value: 0.13718642021568728.[0m
[32m[I 2025-02-05 19:44:00,376][0m Trial 8 finished with value: 0.3770396760419795 and parameters: {'observation_period_num': 155, 'train_rates': 0.9463195812473615, 'learning_rate': 1.2914775160964816e-05, 'batch_size': 98, 'step_size': 8, 'gamma': 0.90478902533044}. Best is trial 1 with value: 0.13718642021568728.[0m
[32m[I 2025-02-05 19:44:21,954][0m Trial 9 finished with value: 0.2704965094071984 and parameters: {'observation_period_num': 240, 'train_rates': 0.8109648895072606, 'learning_rate': 0.0002983892666950247, 'batch_size': 250, 'step_size': 15, 'gamma': 0.8229749693113853}. Best is trial 1 with value: 0.13718642021568728.[0m
[32m[I 2025-02-05 19:45:05,299][0m Trial 10 finished with value: 0.2860096852694239 and parameters: {'observation_period_num': 16, 'train_rates': 0.8485234256202269, 'learning_rate': 4.868505781529666e-06, 'batch_size': 136, 'step_size': 10, 'gamma': 0.7652285449774479}. Best is trial 1 with value: 0.13718642021568728.[0m
[32m[I 2025-02-05 19:45:55,310][0m Trial 11 finished with value: 0.17221203776902722 and parameters: {'observation_period_num': 67, 'train_rates': 0.63388096698982, 'learning_rate': 0.0006703221805207983, 'batch_size': 94, 'step_size': 1, 'gamma': 0.9295994825785264}. Best is trial 1 with value: 0.13718642021568728.[0m
[32m[I 2025-02-05 19:46:37,744][0m Trial 12 finished with value: 0.19088817963092 and parameters: {'observation_period_num': 76, 'train_rates': 0.6140448969490259, 'learning_rate': 0.0009739588728823652, 'batch_size': 105, 'step_size': 5, 'gamma': 0.9168079778482756}. Best is trial 1 with value: 0.13718642021568728.[0m
[32m[I 2025-02-05 19:47:25,204][0m Trial 13 finished with value: 0.387258818328584 and parameters: {'observation_period_num': 8, 'train_rates': 0.6047529798831536, 'learning_rate': 2.1099691503740346e-05, 'batch_size': 96, 'step_size': 6, 'gamma': 0.9095954739524226}. Best is trial 1 with value: 0.13718642021568728.[0m
[32m[I 2025-02-05 19:47:56,689][0m Trial 14 finished with value: 0.882492472629736 and parameters: {'observation_period_num': 82, 'train_rates': 0.6858987351333081, 'learning_rate': 8.009134802725032e-06, 'batch_size': 153, 'step_size': 3, 'gamma': 0.8002688996293633}. Best is trial 1 with value: 0.13718642021568728.[0m
[32m[I 2025-02-05 19:50:47,873][0m Trial 15 finished with value: 0.20240950717378114 and parameters: {'observation_period_num': 52, 'train_rates': 0.6567468020065906, 'learning_rate': 0.0008011338839372077, 'batch_size': 26, 'step_size': 11, 'gamma': 0.8822034744541579}. Best is trial 1 with value: 0.13718642021568728.[0m
[32m[I 2025-02-05 19:51:52,943][0m Trial 16 finished with value: 0.23597203681518317 and parameters: {'observation_period_num': 105, 'train_rates': 0.7813695713318685, 'learning_rate': 0.00021455995912838516, 'batch_size': 78, 'step_size': 7, 'gamma': 0.9252703513705154}. Best is trial 1 with value: 0.13718642021568728.[0m
[32m[I 2025-02-05 19:56:08,204][0m Trial 17 finished with value: 0.17914493803923226 and parameters: {'observation_period_num': 37, 'train_rates': 0.7496965694417715, 'learning_rate': 3.617312774477935e-05, 'batch_size': 19, 'step_size': 14, 'gamma': 0.7963645560619308}. Best is trial 1 with value: 0.13718642021568728.[0m
[32m[I 2025-02-05 19:56:55,755][0m Trial 18 finished with value: 0.1599697571476934 and parameters: {'observation_period_num': 78, 'train_rates': 0.8484725824335706, 'learning_rate': 0.0004066391944525182, 'batch_size': 122, 'step_size': 13, 'gamma': 0.9411010153125712}. Best is trial 1 with value: 0.13718642021568728.[0m
[32m[I 2025-02-05 19:57:29,135][0m Trial 19 finished with value: 0.3622888352859903 and parameters: {'observation_period_num': 102, 'train_rates': 0.8872944742857048, 'learning_rate': 8.42963979820891e-06, 'batch_size': 177, 'step_size': 13, 'gamma': 0.9851823122738664}. Best is trial 1 with value: 0.13718642021568728.[0m
[32m[I 2025-02-05 19:58:20,798][0m Trial 20 finished with value: 0.06292542815208435 and parameters: {'observation_period_num': 27, 'train_rates': 0.9807975157433093, 'learning_rate': 0.0003548681397637752, 'batch_size': 123, 'step_size': 10, 'gamma': 0.8578796406910614}. Best is trial 20 with value: 0.06292542815208435.[0m
[32m[I 2025-02-05 19:59:08,168][0m Trial 21 finished with value: 0.049428541213274 and parameters: {'observation_period_num': 27, 'train_rates': 0.9666882027075907, 'learning_rate': 0.0003023298383126885, 'batch_size': 131, 'step_size': 10, 'gamma': 0.8888172673684466}. Best is trial 21 with value: 0.049428541213274.[0m
[32m[I 2025-02-05 19:59:46,419][0m Trial 22 finished with value: 0.09104441106319427 and parameters: {'observation_period_num': 31, 'train_rates': 0.9873536166511684, 'learning_rate': 0.0001238260643153462, 'batch_size': 179, 'step_size': 10, 'gamma': 0.8525424210380885}. Best is trial 21 with value: 0.049428541213274.[0m
[32m[I 2025-02-05 20:00:21,358][0m Trial 23 finished with value: 0.0733112320303917 and parameters: {'observation_period_num': 32, 'train_rates': 0.9595130303633341, 'learning_rate': 0.00016748011908120992, 'batch_size': 184, 'step_size': 9, 'gamma': 0.8536343042071705}. Best is trial 21 with value: 0.049428541213274.[0m
[32m[I 2025-02-05 20:00:54,454][0m Trial 24 finished with value: 0.05723962617608217 and parameters: {'observation_period_num': 51, 'train_rates': 0.9112429949233464, 'learning_rate': 0.0004113524951167249, 'batch_size': 180, 'step_size': 8, 'gamma': 0.8953287024242503}. Best is trial 21 with value: 0.049428541213274.[0m
[32m[I 2025-02-05 20:01:43,927][0m Trial 25 finished with value: 0.07641835087468188 and parameters: {'observation_period_num': 57, 'train_rates': 0.9119054905361488, 'learning_rate': 0.0004422224054201113, 'batch_size': 124, 'step_size': 8, 'gamma': 0.8898069602998256}. Best is trial 21 with value: 0.049428541213274.[0m
[32m[I 2025-02-05 20:02:22,784][0m Trial 26 finished with value: 0.034821350029424616 and parameters: {'observation_period_num': 5, 'train_rates': 0.8975798037416279, 'learning_rate': 0.00032424121956023746, 'batch_size': 156, 'step_size': 10, 'gamma': 0.8924090072091727}. Best is trial 26 with value: 0.034821350029424616.[0m
[32m[I 2025-02-05 20:02:59,941][0m Trial 27 finished with value: 0.0644083880486979 and parameters: {'observation_period_num': 13, 'train_rates': 0.8950087320944141, 'learning_rate': 6.694433683146676e-05, 'batch_size': 157, 'step_size': 7, 'gamma': 0.8883560824641328}. Best is trial 26 with value: 0.034821350029424616.[0m
[32m[I 2025-02-05 20:03:31,094][0m Trial 28 finished with value: 0.04811370030778353 and parameters: {'observation_period_num': 5, 'train_rates': 0.8768323054349239, 'learning_rate': 0.00018833059961497956, 'batch_size': 200, 'step_size': 9, 'gamma': 0.9013804991116597}. Best is trial 26 with value: 0.034821350029424616.[0m
[32m[I 2025-02-05 20:04:00,002][0m Trial 29 finished with value: 0.05882375742550249 and parameters: {'observation_period_num': 7, 'train_rates': 0.8636038412466466, 'learning_rate': 8.03523666010265e-05, 'batch_size': 206, 'step_size': 11, 'gamma': 0.9401381403219174}. Best is trial 26 with value: 0.034821350029424616.[0m
[32m[I 2025-02-05 20:04:24,067][0m Trial 30 finished with value: 0.19680638589540453 and parameters: {'observation_period_num': 217, 'train_rates': 0.8264139218923516, 'learning_rate': 0.00023868555176343874, 'batch_size': 236, 'step_size': 9, 'gamma': 0.8731383477306218}. Best is trial 26 with value: 0.034821350029424616.[0m
[32m[I 2025-02-05 20:04:55,680][0m Trial 31 finished with value: 0.038688743767331675 and parameters: {'observation_period_num': 5, 'train_rates': 0.8994540567291343, 'learning_rate': 0.0006216781276017657, 'batch_size': 194, 'step_size': 7, 'gamma': 0.9028221374928859}. Best is trial 26 with value: 0.034821350029424616.[0m
[32m[I 2025-02-05 20:05:26,751][0m Trial 32 finished with value: 0.051184330900306226 and parameters: {'observation_period_num': 23, 'train_rates': 0.8845489247473952, 'learning_rate': 0.0005729372520083296, 'batch_size': 195, 'step_size': 6, 'gamma': 0.9013792708739321}. Best is trial 26 with value: 0.034821350029424616.[0m
[32m[I 2025-02-05 20:06:05,894][0m Trial 33 finished with value: 0.04636919125914574 and parameters: {'observation_period_num': 8, 'train_rates': 0.9546006390146624, 'learning_rate': 0.00018174793349416693, 'batch_size': 165, 'step_size': 11, 'gamma': 0.8752417957990918}. Best is trial 26 with value: 0.034821350029424616.[0m
[32m[I 2025-02-05 20:06:43,955][0m Trial 34 finished with value: 0.08074228444745421 and parameters: {'observation_period_num': 41, 'train_rates': 0.9390983557960626, 'learning_rate': 0.0001231560546367446, 'batch_size': 165, 'step_size': 11, 'gamma': 0.9163458340268692}. Best is trial 26 with value: 0.034821350029424616.[0m
[32m[I 2025-02-05 20:07:14,519][0m Trial 35 finished with value: 0.0722111141859154 and parameters: {'observation_period_num': 5, 'train_rates': 0.8644151908318796, 'learning_rate': 4.928118366445212e-05, 'batch_size': 200, 'step_size': 4, 'gamma': 0.864719238172604}. Best is trial 26 with value: 0.034821350029424616.[0m
[32m[I 2025-02-05 20:07:42,344][0m Trial 36 finished with value: 0.0898415759909569 and parameters: {'observation_period_num': 65, 'train_rates': 0.8327908415802691, 'learning_rate': 0.00016568483229532072, 'batch_size': 220, 'step_size': 9, 'gamma': 0.8394655884557441}. Best is trial 26 with value: 0.034821350029424616.[0m
[32m[I 2025-02-05 20:08:24,458][0m Trial 37 finished with value: 0.03533059184620571 and parameters: {'observation_period_num': 5, 'train_rates': 0.9030431575817162, 'learning_rate': 0.0005578294247434079, 'batch_size': 143, 'step_size': 7, 'gamma': 0.8738507789035364}. Best is trial 26 with value: 0.034821350029424616.[0m
[32m[I 2025-02-05 20:09:06,850][0m Trial 38 finished with value: 0.03887124465066282 and parameters: {'observation_period_num': 21, 'train_rates': 0.9080740890355302, 'learning_rate': 0.0005382890774179327, 'batch_size': 145, 'step_size': 7, 'gamma': 0.8729792083881378}. Best is trial 26 with value: 0.034821350029424616.[0m
[32m[I 2025-02-05 20:09:52,200][0m Trial 39 finished with value: 0.05129725970156182 and parameters: {'observation_period_num': 42, 'train_rates': 0.9262079856339323, 'learning_rate': 0.0009986042513791097, 'batch_size': 141, 'step_size': 7, 'gamma': 0.8119579075800253}. Best is trial 26 with value: 0.034821350029424616.[0m
[32m[I 2025-02-05 20:10:29,491][0m Trial 40 finished with value: 0.1307113324696163 and parameters: {'observation_period_num': 192, 'train_rates': 0.9047413459191822, 'learning_rate': 0.0006028220538380459, 'batch_size': 148, 'step_size': 6, 'gamma': 0.84514534915068}. Best is trial 26 with value: 0.034821350029424616.[0m
[32m[I 2025-02-05 20:11:07,366][0m Trial 41 finished with value: 0.04007937380491377 and parameters: {'observation_period_num': 19, 'train_rates': 0.9385391075307645, 'learning_rate': 0.0005519358944020442, 'batch_size': 167, 'step_size': 5, 'gamma': 0.8793794135961642}. Best is trial 26 with value: 0.034821350029424616.[0m
[32m[I 2025-02-05 20:11:46,558][0m Trial 42 finished with value: 0.043954955243127314 and parameters: {'observation_period_num': 23, 'train_rates': 0.9225182575491547, 'learning_rate': 0.0004931209297361415, 'batch_size': 160, 'step_size': 5, 'gamma': 0.8672186154233222}. Best is trial 26 with value: 0.034821350029424616.[0m
[32m[I 2025-02-05 20:12:30,517][0m Trial 43 finished with value: 0.041862584241143946 and parameters: {'observation_period_num': 19, 'train_rates': 0.938680190351537, 'learning_rate': 0.0007391861712106719, 'batch_size': 144, 'step_size': 4, 'gamma': 0.8812156796710982}. Best is trial 26 with value: 0.034821350029424616.[0m
[32m[I 2025-02-05 20:13:23,614][0m Trial 44 finished with value: 0.10830583965697256 and parameters: {'observation_period_num': 128, 'train_rates': 0.8969655797471869, 'learning_rate': 0.00028112507382568424, 'batch_size': 110, 'step_size': 7, 'gamma': 0.8202531172448178}. Best is trial 26 with value: 0.034821350029424616.[0m
[32m[I 2025-02-05 20:13:56,060][0m Trial 45 finished with value: 0.04031906135148243 and parameters: {'observation_period_num': 18, 'train_rates': 0.8047262038991031, 'learning_rate': 0.0007908924196287045, 'batch_size': 173, 'step_size': 5, 'gamma': 0.8609693609255145}. Best is trial 26 with value: 0.034821350029424616.[0m
[32m[I 2025-02-05 20:14:26,014][0m Trial 46 finished with value: 0.08282858095235295 and parameters: {'observation_period_num': 40, 'train_rates': 0.8466678658081027, 'learning_rate': 0.000530448406901632, 'batch_size': 191, 'step_size': 8, 'gamma': 0.9267923080208063}. Best is trial 26 with value: 0.034821350029424616.[0m
[32m[I 2025-02-05 20:15:00,165][0m Trial 47 finished with value: 0.09657804387815709 and parameters: {'observation_period_num': 88, 'train_rates': 0.8686386674222272, 'learning_rate': 0.00033780328899640506, 'batch_size': 169, 'step_size': 4, 'gamma': 0.9110474381026993}. Best is trial 26 with value: 0.034821350029424616.[0m
[32m[I 2025-02-05 20:15:40,886][0m Trial 48 finished with value: 1.7510942717838716 and parameters: {'observation_period_num': 61, 'train_rates': 0.7705002922484389, 'learning_rate': 1.2065545093197448e-06, 'batch_size': 135, 'step_size': 6, 'gamma': 0.8792871371336498}. Best is trial 26 with value: 0.034821350029424616.[0m
