[32m[I 2025-01-31 06:32:49,606][0m Trial 49 finished with value: 0.12917152030515097 and parameters: {'observation_period_num': 15, 'train_rates': 0.9011511770509758, 'learning_rate': 0.0007042315628457433, 'batch_size': 217, 'step_size': 5, 'gamma': 0.9196521041542215}. Best is trial 22 with value: 0.06610818728804588.[0m
resid „ÅÆÊúÄÈÅ©„Éè„Ç§„Éë„Éº„Éë„É©„É°„Éº„Çø„ÅåË¶ã„Å§„Åã„Çä„Åæ„Åó„Åü
ÊúÄÈÅ©„Éè„Ç§„Éë„Éº„Éë„É©„É°„Éº„Çø„Åå best_hyperparameters_SBUX_iTransformer.json „Å´‰øùÂ≠ò„Åï„Çå„Åæ„Åó„Åü
Training trend component with params: {'observation_period_num': 14, 'train_rates': 0.9882822592893774, 'learning_rate': 8.806475988691994e-05, 'batch_size': 118, 'step_size': 12, 'gamma': 0.9577657322522101}
Epoch 1/300, trend Loss: 0.6437 | 0.3214
Epoch 2/300, trend Loss: 0.2971 | 0.2410
Epoch 3/300, trend Loss: 0.2380 | 0.2348
Epoch 4/300, trend Loss: 0.1908 | 0.1430
Epoch 5/300, trend Loss: 0.1637 | 0.1245
Epoch 6/300, trend Loss: 0.1565 | 0.1264
Epoch 7/300, trend Loss: 0.1484 | 0.1199
Epoch 8/300, trend Loss: 0.1418 | 0.1090
Epoch 9/300, trend Loss: 0.1361 | 0.1009
Epoch 10/300, trend Loss: 0.1314 | 0.0947
Epoch 11/300, trend Loss: 0.1275 | 0.0890
Epoch 12/300, trend Loss: 0.1245 | 0.0836
Epoch 13/300, trend Loss: 0.1224 | 0.0790
Epoch 14/300, trend Loss: 0.1206 | 0.0746
Epoch 15/300, trend Loss: 0.1193 | 0.0706
Epoch 16/300, trend Loss: 0.1188 | 0.0672
Epoch 17/300, trend Loss: 0.1206 | 0.0659
Epoch 18/300, trend Loss: 0.1270 | 0.0724
Epoch 19/300, trend Loss: 0.1394 | 0.1300
Epoch 20/300, trend Loss: 0.1427 | 0.1901
Epoch 21/300, trend Loss: 0.1358 | 0.0959
Epoch 22/300, trend Loss: 0.1372 | 0.0777
Epoch 23/300, trend Loss: 0.1419 | 0.0723
Epoch 24/300, trend Loss: 0.1354 | 0.0608
Epoch 25/300, trend Loss: 0.1454 | 0.0627
Epoch 26/300, trend Loss: 0.1515 | 0.0672
Epoch 27/300, trend Loss: 0.1372 | 0.0637
Epoch 28/300, trend Loss: 0.1146 | 0.0579
Epoch 29/300, trend Loss: 0.1163 | 0.0610
Epoch 30/300, trend Loss: 0.1189 | 0.0644
Epoch 31/300, trend Loss: 0.1115 | 0.0594
Epoch 32/300, trend Loss: 0.1045 | 0.0565
Epoch 33/300, trend Loss: 0.1035 | 0.0557
Epoch 34/300, trend Loss: 0.1029 | 0.0559
Epoch 35/300, trend Loss: 0.1023 | 0.0562
Epoch 36/300, trend Loss: 0.1014 | 0.0563
Epoch 37/300, trend Loss: 0.1004 | 0.0562
Epoch 38/300, trend Loss: 0.0994 | 0.0558
Epoch 39/300, trend Loss: 0.0987 | 0.0556
Epoch 40/300, trend Loss: 0.0981 | 0.0554
Epoch 41/300, trend Loss: 0.0976 | 0.0552
Epoch 42/300, trend Loss: 0.0972 | 0.0550
Epoch 43/300, trend Loss: 0.0971 | 0.0550
Epoch 44/300, trend Loss: 0.0974 | 0.0556
Epoch 45/300, trend Loss: 0.0981 | 0.0577
Epoch 46/300, trend Loss: 0.0991 | 0.0627
Epoch 47/300, trend Loss: 0.0994 | 0.0704
Epoch 48/300, trend Loss: 0.0980 | 0.0750
Epoch 49/300, trend Loss: 0.0959 | 0.0696
Epoch 50/300, trend Loss: 0.0980 | 0.0565
Epoch 51/300, trend Loss: 0.1078 | 0.0641
Epoch 52/300, trend Loss: 0.1126 | 0.0684
Epoch 53/300, trend Loss: 0.1058 | 0.0601
Epoch 54/300, trend Loss: 0.0959 | 0.0543
Epoch 55/300, trend Loss: 0.0939 | 0.0524
Epoch 56/300, trend Loss: 0.1011 | 0.0564
Epoch 57/300, trend Loss: 0.1042 | 0.0601
Epoch 58/300, trend Loss: 0.1013 | 0.0598
Epoch 59/300, trend Loss: 0.0946 | 0.0576
Epoch 60/300, trend Loss: 0.0902 | 0.0539
Epoch 61/300, trend Loss: 0.0908 | 0.0505
Epoch 62/300, trend Loss: 0.0941 | 0.0525
Epoch 63/300, trend Loss: 0.0947 | 0.0551
Epoch 64/300, trend Loss: 0.0906 | 0.0505
Epoch 65/300, trend Loss: 0.0878 | 0.0475
Epoch 66/300, trend Loss: 0.0886 | 0.0473
Epoch 67/300, trend Loss: 0.0900 | 0.0493
Epoch 68/300, trend Loss: 0.0901 | 0.0515
Epoch 69/300, trend Loss: 0.0885 | 0.0518
Epoch 70/300, trend Loss: 0.0863 | 0.0492
Epoch 71/300, trend Loss: 0.0855 | 0.0459
Epoch 72/300, trend Loss: 0.0873 | 0.0452
Epoch 73/300, trend Loss: 0.0905 | 0.0493
Epoch 74/300, trend Loss: 0.0904 | 0.0495
Epoch 75/300, trend Loss: 0.0866 | 0.0449
Epoch 76/300, trend Loss: 0.0852 | 0.0430
Epoch 77/300, trend Loss: 0.0880 | 0.0464
Epoch 78/300, trend Loss: 0.0914 | 0.0537
Epoch 79/300, trend Loss: 0.0919 | 0.0568
Epoch 80/300, trend Loss: 0.0884 | 0.0480
Epoch 81/300, trend Loss: 0.0845 | 0.0431
Epoch 82/300, trend Loss: 0.0846 | 0.0441
Epoch 83/300, trend Loss: 0.0858 | 0.0461
Epoch 84/300, trend Loss: 0.0843 | 0.0443
Epoch 85/300, trend Loss: 0.0822 | 0.0418
Epoch 86/300, trend Loss: 0.0819 | 0.0419
Epoch 87/300, trend Loss: 0.0830 | 0.0439
Epoch 88/300, trend Loss: 0.0841 | 0.0453
Epoch 89/300, trend Loss: 0.0846 | 0.0448
Epoch 90/300, trend Loss: 0.0851 | 0.0442
Epoch 91/300, trend Loss: 0.0859 | 0.0432
Epoch 92/300, trend Loss: 0.0851 | 0.0416
Epoch 93/300, trend Loss: 0.0835 | 0.0413
Epoch 94/300, trend Loss: 0.0850 | 0.0426
Epoch 95/300, trend Loss: 0.0897 | 0.0450
Epoch 96/300, trend Loss: 0.0948 | 0.0464
Epoch 97/300, trend Loss: 0.0933 | 0.0452
Epoch 98/300, trend Loss: 0.0854 | 0.0440
Epoch 99/300, trend Loss: 0.0901 | 0.0478
Epoch 100/300, trend Loss: 0.0880 | 0.0462
Epoch 101/300, trend Loss: 0.0833 | 0.0423
Epoch 102/300, trend Loss: 0.0794 | 0.0399
Epoch 103/300, trend Loss: 0.0784 | 0.0390
Epoch 104/300, trend Loss: 0.0782 | 0.0385
Epoch 105/300, trend Loss: 0.0781 | 0.0382
Epoch 106/300, trend Loss: 0.0779 | 0.0380
Epoch 107/300, trend Loss: 0.0776 | 0.0378
Epoch 108/300, trend Loss: 0.0773 | 0.0378
Epoch 109/300, trend Loss: 0.0770 | 0.0380
Epoch 110/300, trend Loss: 0.0769 | 0.0384
Epoch 111/300, trend Loss: 0.0768 | 0.0387
Epoch 112/300, trend Loss: 0.0766 | 0.0387
Epoch 113/300, trend Loss: 0.0763 | 0.0385
Epoch 114/300, trend Loss: 0.0760 | 0.0379
Epoch 115/300, trend Loss: 0.0758 | 0.0373
Epoch 116/300, trend Loss: 0.0758 | 0.0369
Epoch 117/300, trend Loss: 0.0759 | 0.0370
Epoch 118/300, trend Loss: 0.0759 | 0.0373
Epoch 119/300, trend Loss: 0.0758 | 0.0376
Epoch 120/300, trend Loss: 0.0755 | 0.0377
Epoch 121/300, trend Loss: 0.0753 | 0.0378
Epoch 122/300, trend Loss: 0.0756 | 0.0387
Epoch 123/300, trend Loss: 0.0763 | 0.0407
Epoch 124/300, trend Loss: 0.0772 | 0.0434
Epoch 125/300, trend Loss: 0.0775 | 0.0453
Epoch 126/300, trend Loss: 0.0769 | 0.0441
Epoch 127/300, trend Loss: 0.0761 | 0.0400
Epoch 128/300, trend Loss: 0.0761 | 0.0365
Epoch 129/300, trend Loss: 0.0777 | 0.0375
Epoch 130/300, trend Loss: 0.0791 | 0.0409
Epoch 131/300, trend Loss: 0.0780 | 0.0400
Epoch 132/300, trend Loss: 0.0767 | 0.0392
Epoch 133/300, trend Loss: 0.0768 | 0.0419
Epoch 134/300, trend Loss: 0.0766 | 0.0430
Epoch 135/300, trend Loss: 0.0752 | 0.0407
Epoch 136/300, trend Loss: 0.0741 | 0.0383
Epoch 137/300, trend Loss: 0.0748 | 0.0378
Epoch 138/300, trend Loss: 0.0773 | 0.0395
Epoch 139/300, trend Loss: 0.0816 | 0.0421
Epoch 140/300, trend Loss: 0.0841 | 0.0420
Epoch 141/300, trend Loss: 0.0802 | 0.0398
Epoch 142/300, trend Loss: 0.0803 | 0.0398
Epoch 143/300, trend Loss: 0.0801 | 0.0414
Epoch 144/300, trend Loss: 0.0790 | 0.0403
Epoch 145/300, trend Loss: 0.0764 | 0.0384
Epoch 146/300, trend Loss: 0.0737 | 0.0376
Epoch 147/300, trend Loss: 0.0731 | 0.0375
Epoch 148/300, trend Loss: 0.0731 | 0.0372
Epoch 149/300, trend Loss: 0.0730 | 0.0368
Epoch 150/300, trend Loss: 0.0726 | 0.0366
Epoch 151/300, trend Loss: 0.0721 | 0.0366
Epoch 152/300, trend Loss: 0.0719 | 0.0368
Epoch 153/300, trend Loss: 0.0718 | 0.0373
Epoch 154/300, trend Loss: 0.0717 | 0.0375
Epoch 155/300, trend Loss: 0.0715 | 0.0374
Epoch 156/300, trend Loss: 0.0713 | 0.0371
Epoch 157/300, trend Loss: 0.0712 | 0.0368
Epoch 158/300, trend Loss: 0.0711 | 0.0366
Epoch 159/300, trend Loss: 0.0711 | 0.0366
Epoch 160/300, trend Loss: 0.0710 | 0.0366
Epoch 161/300, trend Loss: 0.0709 | 0.0367
Epoch 162/300, trend Loss: 0.0707 | 0.0368
Epoch 163/300, trend Loss: 0.0707 | 0.0370
Epoch 164/300, trend Loss: 0.0706 | 0.0372
Epoch 165/300, trend Loss: 0.0705 | 0.0372
Epoch 166/300, trend Loss: 0.0703 | 0.0370
Epoch 167/300, trend Loss: 0.0701 | 0.0365
Epoch 168/300, trend Loss: 0.0700 | 0.0359
Epoch 169/300, trend Loss: 0.0700 | 0.0354
Epoch 170/300, trend Loss: 0.0702 | 0.0353
Epoch 171/300, trend Loss: 0.0704 | 0.0356
Epoch 172/300, trend Loss: 0.0706 | 0.0359
Epoch 173/300, trend Loss: 0.0706 | 0.0362
Epoch 174/300, trend Loss: 0.0705 | 0.0364
Epoch 175/300, trend Loss: 0.0703 | 0.0369
Epoch 176/300, trend Loss: 0.0699 | 0.0373
Epoch 177/300, trend Loss: 0.0697 | 0.0375
Epoch 178/300, trend Loss: 0.0703 | 0.0375
Epoch 179/300, trend Loss: 0.0724 | 0.0377
Epoch 180/300, trend Loss: 0.0757 | 0.0379
Epoch 181/300, trend Loss: 0.0769 | 0.0371
Epoch 182/300, trend Loss: 0.0742 | 0.0360
Epoch 183/300, trend Loss: 0.0743 | 0.0359
Epoch 184/300, trend Loss: 0.0732 | 0.0362
Epoch 185/300, trend Loss: 0.0727 | 0.0378
Epoch 186/300, trend Loss: 0.0724 | 0.0408
Epoch 187/300, trend Loss: 0.0703 | 0.0415
Epoch 188/300, trend Loss: 0.0690 | 0.0360
Epoch 189/300, trend Loss: 0.0690 | 0.0342
Epoch 190/300, trend Loss: 0.0692 | 0.0353
Epoch 191/300, trend Loss: 0.0685 | 0.0349
Epoch 192/300, trend Loss: 0.0679 | 0.0348
Epoch 193/300, trend Loss: 0.0678 | 0.0364
Epoch 194/300, trend Loss: 0.0678 | 0.0359
Epoch 195/300, trend Loss: 0.0674 | 0.0344
Epoch 196/300, trend Loss: 0.0672 | 0.0339
Epoch 197/300, trend Loss: 0.0671 | 0.0339
Epoch 198/300, trend Loss: 0.0670 | 0.0340
Epoch 199/300, trend Loss: 0.0668 | 0.0342
Epoch 200/300, trend Loss: 0.0667 | 0.0343
Epoch 201/300, trend Loss: 0.0667 | 0.0343
Epoch 202/300, trend Loss: 0.0665 | 0.0340
Epoch 203/300, trend Loss: 0.0664 | 0.0337
Epoch 204/300, trend Loss: 0.0663 | 0.0335
Epoch 205/300, trend Loss: 0.0662 | 0.0335
Epoch 206/300, trend Loss: 0.0662 | 0.0335
Epoch 207/300, trend Loss: 0.0661 | 0.0336
Epoch 208/300, trend Loss: 0.0660 | 0.0336
Epoch 209/300, trend Loss: 0.0659 | 0.0336
Epoch 210/300, trend Loss: 0.0658 | 0.0335
Epoch 211/300, trend Loss: 0.0657 | 0.0334
Epoch 212/300, trend Loss: 0.0657 | 0.0332
Epoch 213/300, trend Loss: 0.0656 | 0.0331
Epoch 214/300, trend Loss: 0.0655 | 0.0331
Epoch 215/300, trend Loss: 0.0654 | 0.0331
Epoch 216/300, trend Loss: 0.0654 | 0.0331
Epoch 217/300, trend Loss: 0.0653 | 0.0331
Epoch 218/300, trend Loss: 0.0652 | 0.0332
Epoch 219/300, trend Loss: 0.0652 | 0.0331
Epoch 220/300, trend Loss: 0.0651 | 0.0330
Epoch 221/300, trend Loss: 0.0650 | 0.0329
Epoch 222/300, trend Loss: 0.0649 | 0.0327
Epoch 223/300, trend Loss: 0.0649 | 0.0326
Epoch 224/300, trend Loss: 0.0648 | 0.0325
Epoch 225/300, trend Loss: 0.0647 | 0.0324
Epoch 226/300, trend Loss: 0.0646 | 0.0323
Epoch 227/300, trend Loss: 0.0646 | 0.0323
Epoch 228/300, trend Loss: 0.0645 | 0.0323
Epoch 229/300, trend Loss: 0.0646 | 0.0322
Epoch 230/300, trend Loss: 0.0647 | 0.0321
Epoch 231/300, trend Loss: 0.0649 | 0.0320
Epoch 232/300, trend Loss: 0.0652 | 0.0317
Epoch 233/300, trend Loss: 0.0659 | 0.0317
Epoch 234/300, trend Loss: 0.0669 | 0.0321
Epoch 235/300, trend Loss: 0.0677 | 0.0325
Epoch 236/300, trend Loss: 0.0670 | 0.0319
Epoch 237/300, trend Loss: 0.0664 | 0.0326
Epoch 238/300, trend Loss: 0.0705 | 0.0357
Epoch 239/300, trend Loss: 0.0747 | 0.0360
Epoch 240/300, trend Loss: 0.0707 | 0.0330
Epoch 241/300, trend Loss: 0.0683 | 0.0315
Epoch 242/300, trend Loss: 0.0671 | 0.0318
Epoch 243/300, trend Loss: 0.0656 | 0.0332
Epoch 244/300, trend Loss: 0.0648 | 0.0336
Epoch 245/300, trend Loss: 0.0642 | 0.0323
Epoch 246/300, trend Loss: 0.0641 | 0.0311
Epoch 247/300, trend Loss: 0.0639 | 0.0310
Epoch 248/300, trend Loss: 0.0637 | 0.0311
Epoch 249/300, trend Loss: 0.0636 | 0.0310
Epoch 250/300, trend Loss: 0.0635 | 0.0313
Epoch 251/300, trend Loss: 0.0635 | 0.0316
Epoch 252/300, trend Loss: 0.0635 | 0.0315
Epoch 253/300, trend Loss: 0.0633 | 0.0310
Epoch 254/300, trend Loss: 0.0633 | 0.0306
Epoch 255/300, trend Loss: 0.0632 | 0.0305
Epoch 256/300, trend Loss: 0.0632 | 0.0305
Epoch 257/300, trend Loss: 0.0630 | 0.0304
Epoch 258/300, trend Loss: 0.0630 | 0.0305
Epoch 259/300, trend Loss: 0.0629 | 0.0305
Epoch 260/300, trend Loss: 0.0629 | 0.0304
Epoch 261/300, trend Loss: 0.0628 | 0.0302
Epoch 262/300, trend Loss: 0.0627 | 0.0300
Epoch 263/300, trend Loss: 0.0627 | 0.0298
Epoch 264/300, trend Loss: 0.0626 | 0.0298
Epoch 265/300, trend Loss: 0.0626 | 0.0298
Epoch 266/300, trend Loss: 0.0625 | 0.0299
Epoch 267/300, trend Loss: 0.0625 | 0.0299
Epoch 268/300, trend Loss: 0.0624 | 0.0299
Epoch 269/300, trend Loss: 0.0624 | 0.0298
Epoch 270/300, trend Loss: 0.0623 | 0.0296
Epoch 271/300, trend Loss: 0.0622 | 0.0294
Epoch 272/300, trend Loss: 0.0622 | 0.0292
Epoch 273/300, trend Loss: 0.0621 | 0.0291
Epoch 274/300, trend Loss: 0.0621 | 0.0290
Epoch 275/300, trend Loss: 0.0620 | 0.0290
Epoch 276/300, trend Loss: 0.0619 | 0.0290
Epoch 277/300, trend Loss: 0.0619 | 0.0290
Epoch 278/300, trend Loss: 0.0619 | 0.0290
Epoch 279/300, trend Loss: 0.0618 | 0.0289
Epoch 280/300, trend Loss: 0.0617 | 0.0288
Epoch 281/300, trend Loss: 0.0617 | 0.0286
Epoch 282/300, trend Loss: 0.0616 | 0.0284
Epoch 283/300, trend Loss: 0.0616 | 0.0283
Epoch 284/300, trend Loss: 0.0616 | 0.0283
Epoch 285/300, trend Loss: 0.0616 | 0.0284
Epoch 286/300, trend Loss: 0.0615 | 0.0285
Epoch 287/300, trend Loss: 0.0615 | 0.0287
Epoch 288/300, trend Loss: 0.0616 | 0.0290
Epoch 289/300, trend Loss: 0.0617 | 0.0293
Epoch 290/300, trend Loss: 0.0617 | 0.0294
Epoch 291/300, trend Loss: 0.0616 | 0.0291
Epoch 292/300, trend Loss: 0.0614 | 0.0286
Epoch 293/300, trend Loss: 0.0612 | 0.0281
Epoch 294/300, trend Loss: 0.0612 | 0.0276
Epoch 295/300, trend Loss: 0.0613 | 0.0271
Epoch 296/300, trend Loss: 0.0616 | 0.0269
Epoch 297/300, trend Loss: 0.0621 | 0.0268
Epoch 298/300, trend Loss: 0.0627 | 0.0272
Epoch 299/300, trend Loss: 0.0631 | 0.0276
Epoch 300/300, trend Loss: 0.0623 | 0.0279
Training seasonal_0 component with params: {'observation_period_num': 37, 'train_rates': 0.9835390887107553, 'learning_rate': 2.2492669107258797e-05, 'batch_size': 25, 'step_size': 7, 'gamma': 0.8995124516941069}
Epoch 1/300, seasonal_0 Loss: 0.5151 | 0.3294
Epoch 2/300, seasonal_0 Loss: 0.2945 | 0.2181
Epoch 3/300, seasonal_0 Loss: 0.2260 | 0.1745
Epoch 4/300, seasonal_0 Loss: 0.1949 | 0.1487
Epoch 5/300, seasonal_0 Loss: 0.1767 | 0.1331
Epoch 6/300, seasonal_0 Loss: 0.1640 | 0.1202
Epoch 7/300, seasonal_0 Loss: 0.1543 | 0.1100
Epoch 8/300, seasonal_0 Loss: 0.1468 | 0.1030
Epoch 9/300, seasonal_0 Loss: 0.1413 | 0.0969
Epoch 10/300, seasonal_0 Loss: 0.1369 | 0.0919
Epoch 11/300, seasonal_0 Loss: 0.1333 | 0.0879
Epoch 12/300, seasonal_0 Loss: 0.1303 | 0.0851
Epoch 13/300, seasonal_0 Loss: 0.1280 | 0.0824
Epoch 14/300, seasonal_0 Loss: 0.1258 | 0.0801
Epoch 15/300, seasonal_0 Loss: 0.1239 | 0.0786
Epoch 16/300, seasonal_0 Loss: 0.1222 | 0.0769
Epoch 17/300, seasonal_0 Loss: 0.1206 | 0.0754
Epoch 18/300, seasonal_0 Loss: 0.1191 | 0.0739
Epoch 19/300, seasonal_0 Loss: 0.1176 | 0.0729
Epoch 20/300, seasonal_0 Loss: 0.1164 | 0.0719
Epoch 21/300, seasonal_0 Loss: 0.1151 | 0.0709
Epoch 22/300, seasonal_0 Loss: 0.1139 | 0.0698
Epoch 23/300, seasonal_0 Loss: 0.1128 | 0.0692
Epoch 24/300, seasonal_0 Loss: 0.1118 | 0.0684
Epoch 25/300, seasonal_0 Loss: 0.1108 | 0.0677
Epoch 26/300, seasonal_0 Loss: 0.1098 | 0.0664
Epoch 27/300, seasonal_0 Loss: 0.1089 | 0.0660
Epoch 28/300, seasonal_0 Loss: 0.1080 | 0.0655
Epoch 29/300, seasonal_0 Loss: 0.1072 | 0.0642
Epoch 30/300, seasonal_0 Loss: 0.1064 | 0.0639
Epoch 31/300, seasonal_0 Loss: 0.1057 | 0.0635
Epoch 32/300, seasonal_0 Loss: 0.1050 | 0.0631
Epoch 33/300, seasonal_0 Loss: 0.1042 | 0.0619
Epoch 34/300, seasonal_0 Loss: 0.1036 | 0.0616
Epoch 35/300, seasonal_0 Loss: 0.1030 | 0.0613
Epoch 36/300, seasonal_0 Loss: 0.1024 | 0.0606
Epoch 37/300, seasonal_0 Loss: 0.1018 | 0.0603
Epoch 38/300, seasonal_0 Loss: 0.1013 | 0.0600
Epoch 39/300, seasonal_0 Loss: 0.1008 | 0.0598
Epoch 40/300, seasonal_0 Loss: 0.1002 | 0.0594
Epoch 41/300, seasonal_0 Loss: 0.0998 | 0.0591
Epoch 42/300, seasonal_0 Loss: 0.0993 | 0.0589
Epoch 43/300, seasonal_0 Loss: 0.0988 | 0.0587
Epoch 44/300, seasonal_0 Loss: 0.0984 | 0.0585
Epoch 45/300, seasonal_0 Loss: 0.0980 | 0.0583
Epoch 46/300, seasonal_0 Loss: 0.0977 | 0.0581
Epoch 47/300, seasonal_0 Loss: 0.0972 | 0.0580
Epoch 48/300, seasonal_0 Loss: 0.0969 | 0.0578
Epoch 49/300, seasonal_0 Loss: 0.0965 | 0.0576
Epoch 50/300, seasonal_0 Loss: 0.0961 | 0.0575
Epoch 51/300, seasonal_0 Loss: 0.0958 | 0.0573
Epoch 52/300, seasonal_0 Loss: 0.0956 | 0.0572
Epoch 53/300, seasonal_0 Loss: 0.0953 | 0.0571
Epoch 54/300, seasonal_0 Loss: 0.0949 | 0.0569
Epoch 55/300, seasonal_0 Loss: 0.0947 | 0.0568
Epoch 56/300, seasonal_0 Loss: 0.0944 | 0.0567
Epoch 57/300, seasonal_0 Loss: 0.0941 | 0.0566
Epoch 58/300, seasonal_0 Loss: 0.0939 | 0.0565
Epoch 59/300, seasonal_0 Loss: 0.0937 | 0.0564
Epoch 60/300, seasonal_0 Loss: 0.0934 | 0.0563
Epoch 61/300, seasonal_0 Loss: 0.0932 | 0.0562
Epoch 62/300, seasonal_0 Loss: 0.0930 | 0.0561
Epoch 63/300, seasonal_0 Loss: 0.0928 | 0.0560
Epoch 64/300, seasonal_0 Loss: 0.0926 | 0.0560
Epoch 65/300, seasonal_0 Loss: 0.0924 | 0.0559
Epoch 66/300, seasonal_0 Loss: 0.0922 | 0.0558
Epoch 67/300, seasonal_0 Loss: 0.0921 | 0.0557
Epoch 68/300, seasonal_0 Loss: 0.0919 | 0.0557
Epoch 69/300, seasonal_0 Loss: 0.0917 | 0.0556
Epoch 70/300, seasonal_0 Loss: 0.0916 | 0.0556
Epoch 71/300, seasonal_0 Loss: 0.0914 | 0.0556
Epoch 72/300, seasonal_0 Loss: 0.0913 | 0.0555
Epoch 73/300, seasonal_0 Loss: 0.0912 | 0.0555
Epoch 74/300, seasonal_0 Loss: 0.0910 | 0.0554
Epoch 75/300, seasonal_0 Loss: 0.0909 | 0.0555
Epoch 76/300, seasonal_0 Loss: 0.0908 | 0.0554
Epoch 77/300, seasonal_0 Loss: 0.0907 | 0.0554
Epoch 78/300, seasonal_0 Loss: 0.0906 | 0.0555
Epoch 79/300, seasonal_0 Loss: 0.0905 | 0.0554
Epoch 80/300, seasonal_0 Loss: 0.0904 | 0.0553
Epoch 81/300, seasonal_0 Loss: 0.0903 | 0.0552
Epoch 82/300, seasonal_0 Loss: 0.0902 | 0.0552
Epoch 83/300, seasonal_0 Loss: 0.0901 | 0.0552
Epoch 84/300, seasonal_0 Loss: 0.0900 | 0.0551
Epoch 85/300, seasonal_0 Loss: 0.0899 | 0.0549
Epoch 86/300, seasonal_0 Loss: 0.0899 | 0.0548
Epoch 87/300, seasonal_0 Loss: 0.0898 | 0.0547
Epoch 88/300, seasonal_0 Loss: 0.0897 | 0.0546
Epoch 89/300, seasonal_0 Loss: 0.0896 | 0.0544
Epoch 90/300, seasonal_0 Loss: 0.0896 | 0.0543
Epoch 91/300, seasonal_0 Loss: 0.0895 | 0.0543
Epoch 92/300, seasonal_0 Loss: 0.0894 | 0.0542
Epoch 93/300, seasonal_0 Loss: 0.0894 | 0.0542
Epoch 94/300, seasonal_0 Loss: 0.0893 | 0.0541
Epoch 95/300, seasonal_0 Loss: 0.0892 | 0.0541
Epoch 96/300, seasonal_0 Loss: 0.0891 | 0.0543
Epoch 97/300, seasonal_0 Loss: 0.0891 | 0.0543
Epoch 98/300, seasonal_0 Loss: 0.0890 | 0.0543
Epoch 99/300, seasonal_0 Loss: 0.0889 | 0.0545
Epoch 100/300, seasonal_0 Loss: 0.0889 | 0.0545
Epoch 101/300, seasonal_0 Loss: 0.0888 | 0.0545
Epoch 102/300, seasonal_0 Loss: 0.0887 | 0.0545
Epoch 103/300, seasonal_0 Loss: 0.0887 | 0.0547
Epoch 104/300, seasonal_0 Loss: 0.0886 | 0.0547
Epoch 105/300, seasonal_0 Loss: 0.0886 | 0.0547
Epoch 106/300, seasonal_0 Loss: 0.0885 | 0.0549
Epoch 107/300, seasonal_0 Loss: 0.0884 | 0.0549
Epoch 108/300, seasonal_0 Loss: 0.0884 | 0.0548
Epoch 109/300, seasonal_0 Loss: 0.0883 | 0.0548
Epoch 110/300, seasonal_0 Loss: 0.0883 | 0.0549
Epoch 111/300, seasonal_0 Loss: 0.0882 | 0.0549
Epoch 112/300, seasonal_0 Loss: 0.0882 | 0.0549
Epoch 113/300, seasonal_0 Loss: 0.0882 | 0.0550
Epoch 114/300, seasonal_0 Loss: 0.0881 | 0.0549
Epoch 115/300, seasonal_0 Loss: 0.0881 | 0.0549
Epoch 116/300, seasonal_0 Loss: 0.0880 | 0.0549
Epoch 117/300, seasonal_0 Loss: 0.0880 | 0.0549
Epoch 118/300, seasonal_0 Loss: 0.0880 | 0.0549
Epoch 119/300, seasonal_0 Loss: 0.0879 | 0.0549
Epoch 120/300, seasonal_0 Loss: 0.0879 | 0.0549
Epoch 121/300, seasonal_0 Loss: 0.0878 | 0.0549
Epoch 122/300, seasonal_0 Loss: 0.0878 | 0.0549
Epoch 123/300, seasonal_0 Loss: 0.0878 | 0.0548
Epoch 124/300, seasonal_0 Loss: 0.0877 | 0.0549
Epoch 125/300, seasonal_0 Loss: 0.0877 | 0.0548
Epoch 126/300, seasonal_0 Loss: 0.0877 | 0.0548
Epoch 127/300, seasonal_0 Loss: 0.0877 | 0.0548
Epoch 128/300, seasonal_0 Loss: 0.0876 | 0.0548
Epoch 129/300, seasonal_0 Loss: 0.0876 | 0.0548
Epoch 130/300, seasonal_0 Loss: 0.0876 | 0.0548
Epoch 131/300, seasonal_0 Loss: 0.0876 | 0.0548
Epoch 132/300, seasonal_0 Loss: 0.0875 | 0.0548
Epoch 133/300, seasonal_0 Loss: 0.0875 | 0.0547
Epoch 134/300, seasonal_0 Loss: 0.0875 | 0.0547
Epoch 135/300, seasonal_0 Loss: 0.0875 | 0.0547
Epoch 136/300, seasonal_0 Loss: 0.0874 | 0.0547
Epoch 137/300, seasonal_0 Loss: 0.0874 | 0.0547
Epoch 138/300, seasonal_0 Loss: 0.0874 | 0.0547
Epoch 139/300, seasonal_0 Loss: 0.0874 | 0.0547
Epoch 140/300, seasonal_0 Loss: 0.0874 | 0.0547
Epoch 141/300, seasonal_0 Loss: 0.0873 | 0.0547
Epoch 142/300, seasonal_0 Loss: 0.0873 | 0.0547
Epoch 143/300, seasonal_0 Loss: 0.0873 | 0.0546
Epoch 144/300, seasonal_0 Loss: 0.0873 | 0.0546
Epoch 145/300, seasonal_0 Loss: 0.0873 | 0.0546
Epoch 146/300, seasonal_0 Loss: 0.0873 | 0.0546
Epoch 147/300, seasonal_0 Loss: 0.0873 | 0.0546
Epoch 148/300, seasonal_0 Loss: 0.0872 | 0.0546
Epoch 149/300, seasonal_0 Loss: 0.0872 | 0.0546
Epoch 150/300, seasonal_0 Loss: 0.0872 | 0.0546
Epoch 151/300, seasonal_0 Loss: 0.0872 | 0.0546
Epoch 152/300, seasonal_0 Loss: 0.0872 | 0.0546
Epoch 153/300, seasonal_0 Loss: 0.0872 | 0.0546
Epoch 154/300, seasonal_0 Loss: 0.0872 | 0.0545
Epoch 155/300, seasonal_0 Loss: 0.0871 | 0.0545
Epoch 156/300, seasonal_0 Loss: 0.0871 | 0.0545
Epoch 157/300, seasonal_0 Loss: 0.0871 | 0.0545
Epoch 158/300, seasonal_0 Loss: 0.0871 | 0.0545
Epoch 159/300, seasonal_0 Loss: 0.0871 | 0.0545
Epoch 160/300, seasonal_0 Loss: 0.0871 | 0.0545
Epoch 161/300, seasonal_0 Loss: 0.0871 | 0.0545
Epoch 162/300, seasonal_0 Loss: 0.0871 | 0.0545
Epoch 163/300, seasonal_0 Loss: 0.0871 | 0.0545
Epoch 164/300, seasonal_0 Loss: 0.0871 | 0.0545
Epoch 165/300, seasonal_0 Loss: 0.0871 | 0.0545
Epoch 166/300, seasonal_0 Loss: 0.0870 | 0.0545
Epoch 167/300, seasonal_0 Loss: 0.0870 | 0.0545
Epoch 168/300, seasonal_0 Loss: 0.0870 | 0.0545
Epoch 169/300, seasonal_0 Loss: 0.0870 | 0.0545
Epoch 170/300, seasonal_0 Loss: 0.0870 | 0.0544
Epoch 171/300, seasonal_0 Loss: 0.0870 | 0.0544
Epoch 172/300, seasonal_0 Loss: 0.0870 | 0.0544
Epoch 173/300, seasonal_0 Loss: 0.0870 | 0.0544
Epoch 174/300, seasonal_0 Loss: 0.0870 | 0.0544
Epoch 175/300, seasonal_0 Loss: 0.0870 | 