[32m[I 2025-01-31 01:19:22,528][0m Trial 15 finished with value: 0.1190839406207998 and parameters: {'observation_period_num': 66, 'train_rates': 0.7791182852175583, 'learning_rate': 4.060069444136715e-05, 'batch_size': 95, 'step_size': 11, 'gamma': 0.9078843477724189}. Best is trial 14 with value: 0.11559040150041407.[0m
[32m[I 2025-01-31 01:20:14,078][0m Trial 16 finished with value: 0.27601687952143245 and parameters: {'observation_period_num': 64, 'train_rates': 0.8311879719883879, 'learning_rate': 6.797331892197388e-06, 'batch_size': 104, 'step_size': 9, 'gamma': 0.8907415567487103}. Best is trial 14 with value: 0.11559040150041407.[0m
[32m[I 2025-01-31 01:21:05,979][0m Trial 17 finished with value: 0.15014607667687072 and parameters: {'observation_period_num': 61, 'train_rates': 0.7378367874942934, 'learning_rate': 2.2831781551923137e-05, 'batch_size': 93, 'step_size': 12, 'gamma': 0.7923589614271745}. Best is trial 14 with value: 0.11559040150041407.[0m
[32m[I 2025-01-31 01:22:07,534][0m Trial 18 finished with value: 0.12105082908402319 and parameters: {'observation_period_num': 89, 'train_rates': 0.7592162180073596, 'learning_rate': 8.043894780845042e-05, 'batch_size': 78, 'step_size': 7, 'gamma': 0.8800514333177114}. Best is trial 14 with value: 0.11559040150041407.[0m
[32m[I 2025-01-31 01:22:52,723][0m Trial 19 finished with value: 0.3568345313590276 and parameters: {'observation_period_num': 46, 'train_rates': 0.8449466910297652, 'learning_rate': 3.6722440373670204e-06, 'batch_size': 117, 'step_size': 9, 'gamma': 0.8559681443453642}. Best is trial 14 with value: 0.11559040150041407.[0m
[32m[I 2025-01-31 01:26:30,562][0m Trial 20 finished with value: 0.1276533194031233 and parameters: {'observation_period_num': 97, 'train_rates': 0.7300104125579215, 'learning_rate': 0.0002567218329189959, 'batch_size': 21, 'step_size': 12, 'gamma': 0.7839824811072461}. Best is trial 14 with value: 0.11559040150041407.[0m
[32m[I 2025-01-31 01:27:43,273][0m Trial 21 finished with value: 0.1155097516356436 and parameters: {'observation_period_num': 34, 'train_rates': 0.8325888534188672, 'learning_rate': 4.057400015040034e-05, 'batch_size': 73, 'step_size': 11, 'gamma': 0.8299379664793081}. Best is trial 21 with value: 0.1155097516356436.[0m
[32m[I 2025-01-31 01:28:55,591][0m Trial 22 finished with value: 0.1226671163359998 and parameters: {'observation_period_num': 42, 'train_rates': 0.8538662968653133, 'learning_rate': 5.475197426420545e-05, 'batch_size': 75, 'step_size': 11, 'gamma': 0.8246256230884116}. Best is trial 21 with value: 0.1155097516356436.[0m
[32m[I 2025-01-31 01:33:31,021][0m Trial 23 finished with value: 0.06315775061162507 and parameters: {'observation_period_num': 48, 'train_rates': 0.9859973163689069, 'learning_rate': 2.40943664310899e-05, 'batch_size': 21, 'step_size': 8, 'gamma': 0.835698425550331}. Best is trial 23 with value: 0.06315775061162507.[0m
[32m[I 2025-01-31 01:37:21,939][0m Trial 24 finished with value: 0.04615491388055185 and parameters: {'observation_period_num': 37, 'train_rates': 0.9835390887107553, 'learning_rate': 2.2492669107258797e-05, 'batch_size': 25, 'step_size': 7, 'gamma': 0.8995124516941069}. Best is trial 24 with value: 0.04615491388055185.[0m
[32m[I 2025-01-31 01:42:40,647][0m Trial 25 finished with value: 0.07216362468898296 and parameters: {'observation_period_num': 38, 'train_rates': 0.9754375125273269, 'learning_rate': 2.2007587194069265e-05, 'batch_size': 18, 'step_size': 6, 'gamma': 0.8644962166064715}. Best is trial 24 with value: 0.04615491388055185.[0m
[32m[I 2025-01-31 01:48:06,405][0m Trial 26 finished with value: 0.04853220247933941 and parameters: {'observation_period_num': 7, 'train_rates': 0.9895949981385482, 'learning_rate': 2.0939639791585803e-05, 'batch_size': 18, 'step_size': 6, 'gamma': 0.9185572095626642}. Best is trial 24 with value: 0.04615491388055185.[0m
[32m[I 2025-01-31 01:50:58,623][0m Trial 27 finished with value: 0.15350834670520963 and parameters: {'observation_period_num': 84, 'train_rates': 0.9782966469214851, 'learning_rate': 7.43281344865393e-06, 'batch_size': 33, 'step_size': 5, 'gamma': 0.9241772305417242}. Best is trial 24 with value: 0.04615491388055185.[0m
[32m[I 2025-01-31 01:56:31,846][0m Trial 28 finished with value: 0.23183405715047467 and parameters: {'observation_period_num': 13, 'train_rates': 0.9521422050566054, 'learning_rate': 5.074397453231888e-06, 'batch_size': 17, 'step_size': 8, 'gamma': 0.912447419394572}. Best is trial 24 with value: 0.04615491388055185.[0m
[32m[I 2025-01-31 01:58:17,071][0m Trial 29 finished with value: 0.2456575582568356 and parameters: {'observation_period_num': 113, 'train_rates': 0.9390954377252856, 'learning_rate': 0.00011044598572412741, 'batch_size': 53, 'step_size': 4, 'gamma': 0.9338553994593364}. Best is trial 24 with value: 0.04615491388055185.[0m
[32m[I 2025-01-31 02:01:11,693][0m Trial 30 finished with value: 0.06062048457160189 and parameters: {'observation_period_num': 5, 'train_rates': 0.9875856205695956, 'learning_rate': 2.038912511681112e-05, 'batch_size': 34, 'step_size': 7, 'gamma': 0.848469816933396}. Best is trial 24 with value: 0.04615491388055185.[0m
[32m[I 2025-01-31 02:04:21,560][0m Trial 31 finished with value: 0.05557793865187301 and parameters: {'observation_period_num': 5, 'train_rates': 0.9880538950921722, 'learning_rate': 2.1179033601400506e-05, 'batch_size': 31, 'step_size': 7, 'gamma': 0.8470520931965865}. Best is trial 24 with value: 0.04615491388055185.[0m
[32m[I 2025-01-31 02:07:03,911][0m Trial 32 finished with value: 0.16366960777995293 and parameters: {'observation_period_num': 5, 'train_rates': 0.9094667701677714, 'learning_rate': 1.6456707664331126e-05, 'batch_size': 34, 'step_size': 6, 'gamma': 0.8498324949373703}. Best is trial 24 with value: 0.04615491388055185.[0m
[32m[I 2025-01-31 02:08:50,833][0m Trial 33 finished with value: 0.33255388633867283 and parameters: {'observation_period_num': 29, 'train_rates': 0.9613941331723226, 'learning_rate': 9.11226591902892e-06, 'batch_size': 55, 'step_size': 7, 'gamma': 0.8798274685682145}. Best is trial 24 with value: 0.04615491388055185.[0m
[32m[I 2025-01-31 02:11:44,449][0m Trial 34 finished with value: 0.06259631067514419 and parameters: {'observation_period_num': 6, 'train_rates': 0.9866603413444807, 'learning_rate': 1.5280635386967276e-05, 'batch_size': 34, 'step_size': 6, 'gamma': 0.8734478777863213}. Best is trial 24 with value: 0.04615491388055185.[0m
[32m[I 2025-01-31 02:13:55,141][0m Trial 35 finished with value: 0.17716497284285898 and parameters: {'observation_period_num': 27, 'train_rates': 0.9273053785476169, 'learning_rate': 7.946590463406214e-05, 'batch_size': 43, 'step_size': 3, 'gamma': 0.8959148666122004}. Best is trial 24 with value: 0.04615491388055185.[0m
[32m[I 2025-01-31 02:14:45,760][0m Trial 36 finished with value: 0.2864036560058594 and parameters: {'observation_period_num': 50, 'train_rates': 0.9599922115578792, 'learning_rate': 2.5391707929149212e-05, 'batch_size': 119, 'step_size': 5, 'gamma': 0.9827713738020321}. Best is trial 24 with value: 0.04615491388055185.[0m
[32m[I 2025-01-31 02:15:14,455][0m Trial 37 finished with value: 0.7243591135945814 and parameters: {'observation_period_num': 206, 'train_rates': 0.9050752516648761, 'learning_rate': 2.6445550171048362e-06, 'batch_size': 201, 'step_size': 7, 'gamma': 0.851607076100223}. Best is trial 24 with value: 0.04615491388055185.[0m
[32m[I 2025-01-31 02:18:44,260][0m Trial 38 finished with value: 0.20096806128110203 and parameters: {'observation_period_num': 6, 'train_rates': 0.9407842464425412, 'learning_rate': 1.700217931602027e-05, 'batch_size': 27, 'step_size': 4, 'gamma': 0.9642557064950933}. Best is trial 24 with value: 0.04615491388055185.[0m
[32m[I 2025-01-31 02:19:12,906][0m Trial 39 finished with value: 0.23525239247828722 and parameters: {'observation_period_num': 33, 'train_rates': 0.8904001029697848, 'learning_rate': 9.932012343795718e-06, 'batch_size': 211, 'step_size': 9, 'gamma': 0.9394276450439548}. Best is trial 24 with value: 0.04615491388055185.[0m
[32m[I 2025-01-31 02:20:45,164][0m Trial 40 finished with value: 0.3900818852006748 and parameters: {'observation_period_num': 248, 'train_rates': 0.9655984063136801, 'learning_rate': 5.598136308354633e-05, 'batch_size': 59, 'step_size': 8, 'gamma': 0.9030722053404345}. Best is trial 24 with value: 0.04615491388055185.[0m
[32m[I 2025-01-31 02:23:55,602][0m Trial 41 finished with value: 0.05997285407942694 and parameters: {'observation_period_num': 5, 'train_rates': 0.9877151868369256, 'learning_rate': 1.4851716742141563e-05, 'batch_size': 31, 'step_size': 6, 'gamma': 0.8754159654942588}. Best is trial 24 with value: 0.04615491388055185.[0m
[32m[I 2025-01-31 02:26:01,388][0m Trial 42 finished with value: 0.07914353162050247 and parameters: {'observation_period_num': 21, 'train_rates': 0.9899718060600646, 'learning_rate': 1.183943008176415e-05, 'batch_size': 47, 'step_size': 6, 'gamma': 0.8686738644833417}. Best is trial 24 with value: 0.04615491388055185.[0m
[32m[I 2025-01-31 02:28:58,174][0m Trial 43 finished with value: 0.2047254606855638 and parameters: {'observation_period_num': 22, 'train_rates': 0.9325261314054379, 'learning_rate': 2.5297216954603502e-05, 'batch_size': 32, 'step_size': 4, 'gamma': 0.8442418181440332}. Best is trial 24 with value: 0.04615491388055185.[0m
[32m[I 2025-01-31 02:30:23,986][0m Trial 44 finished with value: 0.3258599155935748 and parameters: {'observation_period_num': 7, 'train_rates': 0.9508165282657962, 'learning_rate': 5.859214847162783e-06, 'batch_size': 67, 'step_size': 5, 'gamma': 0.8845572040168591}. Best is trial 24 with value: 0.04615491388055185.[0m
[32m[I 2025-01-31 02:31:00,132][0m Trial 45 finished with value: 0.2243144609804811 and parameters: {'observation_period_num': 28, 'train_rates': 0.92079404779218, 'learning_rate': 1.9421302093853245e-05, 'batch_size': 164, 'step_size': 7, 'gamma': 0.920037975428397}. Best is trial 24 with value: 0.04615491388055185.[0m
[32m[I 2025-01-31 02:36:44,083][0m Trial 46 finished with value: 0.11525107394246493 and parameters: {'observation_period_num': 162, 'train_rates': 0.9758346791456356, 'learning_rate': 1.2712127575749875e-05, 'batch_size': 16, 'step_size': 8, 'gamma': 0.8586664742953659}. Best is trial 24 with value: 0.04615491388055185.[0m
[32m[I 2025-01-31 02:39:00,776][0m Trial 47 finished with value: 0.3007817541559537 and parameters: {'observation_period_num': 16, 'train_rates': 0.9635216592730198, 'learning_rate': 3.285406417182818e-05, 'batch_size': 42, 'step_size': 3, 'gamma': 0.8209295120530566}. Best is trial 24 with value: 0.04615491388055185.[0m
[32m[I 2025-01-31 02:41:28,586][0m Trial 48 finished with value: 0.17999297598658975 and parameters: {'observation_period_num': 79, 'train_rates': 0.6530592745802464, 'learning_rate': 8.852635436518434e-06, 'batch_size': 29, 'step_size': 6, 'gamma': 0.8991499995071307}. Best is trial 24 with value: 0.04615491388055185.[0m
[32m[I 2025-01-31 02:42:08,908][0m Trial 49 finished with value: 0.22108785510063172 and parameters: {'observation_period_num': 51, 'train_rates': 0.94321808368748, 'learning_rate': 0.0004899542210451822, 'batch_size': 151, 'step_size': 7, 'gamma': 0.8419837634479866}. Best is trial 24 with value: 0.04615491388055185.[0m
seasonal_0 „ÅÆÊúÄÈÅ©„Éè„Ç§„Éë„Éº„Éë„É©„É°„Éº„Çø„ÅåË¶ã„Å§„Åã„Çä„Åæ„Åó„Åü
ÊúÄÈÅ©ÂåñÂØæË±°: seasonal_1
[32m[I 2025-01-31 02:42:08,919][0m A new study created in memory with name: no-name-fbfec694-99d5-414e-a8aa-6583d55d8280[0m
[32m[I 2025-01-31 02:44:27,254][0m Trial 0 finished with value: 0.15893864093327914 and parameters: {'observation_period_num': 102, 'train_rates': 0.8724572369975536, 'learning_rate': 0.0009581380152081898, 'batch_size': 38, 'step_size': 9, 'gamma': 0.954657851548032}. Best is trial 0 with value: 0.15893864093327914.[0m
[32m[I 2025-01-31 02:44:49,556][0m Trial 1 finished with value: 0.23122316715023328 and parameters: {'observation_period_num': 250, 'train_rates': 0.6058069811301693, 'learning_rate': 0.00016285388355865158, 'batch_size': 203, 'step_size': 6, 'gamma': 0.8884159970634}. Best is trial 0 with value: 0.15893864093327914.[0m
[32m[I 2025-01-31 02:45:17,773][0m Trial 2 finished with value: 0.31925888075973047 and parameters: {'observation_period_num': 175, 'train_rates': 0.7030392730873424, 'learning_rate': 8.831319788879575e-06, 'batch_size': 173, 'step_size': 12, 'gamma': 0.9406078556069749}. Best is trial 0 with value: 0.15893864093327914.[0m
[32m[I 2025-01-31 02:45:46,334][0m Trial 3 finished with value: 0.9824387243418526 and parameters: {'observation_period_num': 147, 'train_rates': 0.6640213148633802, 'learning_rate': 1.425359577811472e-06, 'batch_size': 168, 'step_size': 7, 'gamma': 0.9519708939274504}. Best is trial 0 with value: 0.15893864093327914.[0m
[32m[I 2025-01-31 02:46:35,070][0m Trial 4 finished with value: 0.18987322533039297 and parameters: {'observation_period_num': 129, 'train_rates': 0.815376454834468, 'learning_rate': 1.8510291520813397e-05, 'batch_size': 106, 'step_size': 14, 'gamma': 0.7996307488059293}. Best is trial 0 with value: 0.15893864093327914.[0m
[32m[I 2025-01-31 02:47:01,352][0m Trial 5 finished with value: 0.13780333627991884 and parameters: {'observation_period_num': 180, 'train_rates': 0.7026597932817921, 'learning_rate': 0.0008587136283309207, 'batch_size': 186, 'step_size': 8, 'gamma': 0.7844655293838149}. Best is trial 5 with value: 0.13780333627991884.[0m
[32m[I 2025-01-31 02:47:34,546][0m Trial 6 finished with value: 0.1865425070990687 and parameters: {'observation_period_num': 130, 'train_rates': 0.633380483758677, 'learning_rate': 5.8228438388351295e-05, 'batch_size': 134, 'step_size': 4, 'gamma': 0.8633218676061716}. Best is trial 5 with value: 0.13780333627991884.[0m
[32m[I 2025-01-31 02:48:27,129][0m Trial 7 finished with value: 0.2318552277996007 and parameters: {'observation_period_num': 214, 'train_rates': 0.6046924605543457, 'learning_rate': 4.1374094789564856e-05, 'batch_size': 76, 'step_size': 4, 'gamma': 0.9549813538553136}. Best is trial 5 with value: 0.13780333627991884.[0m
[32m[I 2025-01-31 02:48:53,715][0m Trial 8 finished with value: 0.3411563038825989 and parameters: {'observation_period_num': 57, 'train_rates': 0.9855962151851548, 'learning_rate': 3.7464534265793505e-06, 'batch_size': 248, 'step_size': 13, 'gamma': 0.7903205836880985}. Best is trial 5 with value: 0.13780333627991884.[0m
[32m[I 2025-01-31 02:49:18,344][0m Trial 9 finished with value: 0.7636932584669129 and parameters: {'observation_period_num': 64, 'train_rates': 0.8801221363055913, 'learning_rate': 2.929816934648163e-06, 'batch_size': 236, 'step_size': 13, 'gamma': 0.8282062059724695}. Best is trial 5 with value: 0.13780333627991884.[0m
Early stopping at epoch 52
[32m[I 2025-01-31 02:49:32,437][0m Trial 10 finished with value: 0.1427027092822928 and parameters: {'observation_period_num': 12, 'train_rates': 0.7322506995557932, 'learning_rate': 0.0007818098189745969, 'batch_size': 199, 'step_size': 1, 'gamma': 0.7620583349193187}. Best is trial 5 with value: 0.13780333627991884.[0m
Early stopping at epoch 96
[32m[I 2025-01-31 02:49:59,056][0m Trial 11 finished with value: 0.10924533423006375 and parameters: {'observation_period_num': 16, 'train_rates': 0.7459017361503905, 'learning_rate': 0.0009887620965930422, 'batch_size': 197, 'step_size': 2, 'gamma': 0.7522048622036352}. Best is trial 11 with value: 0.10924533423006375.[0m
Early stopping at epoch 47
[32m[I 2025-01-31 02:50:15,270][0m Trial 12 finished with value: 0.3347378091956781 and parameters: {'observation_period_num': 181, 'train_rates': 0.7411581309091747, 'learning_rate': 0.0002549383608807268, 'batch_size': 147, 'step_size': 1, 'gamma': 0.7524286496281987}. Best is trial 11 with value: 0.10924533423006375.[0m
[32m[I 2025-01-31 02:50:40,309][0m Trial 13 finished with value: 0.08882728238197768 and parameters: {'observation_period_num': 20, 'train_rates': 0.7879680760451905, 'learning_rate': 0.0002953447256410626, 'batch_size': 211, 'step_size': 10, 'gamma': 0.8264754759822998}. Best is trial 13 with value: 0.08882728238197768.[0m
[32m[I 2025-01-31 02:51:05,568][0m Trial 14 finished with value: 0.09301602903886792 and parameters: {'observation_period_num': 6, 'train_rates': 0.8008983364458978, 'learning_rate': 0.0002569321412730528, 'batch_size': 224, 'step_size': 10, 'gamma': 0.8446115493936692}. Best is trial 13 with value: 0.08882728238197768.[0m
[32m[I 2025-01-31 02:51:30,511][0m Trial 15 finished with value: 0.11332683966399353 and parameters: {'observation_period_num': 48, 'train_rates': 0.8158748583870512, 'learning_rate': 0.00015505033626974434, 'batch_size': 223, 'step_size': 10, 'gamma': 0.8550336878349922}. Best is trial 13 with value: 0.08882728238197768.[0m
[32m[I 2025-01-31 02:51:53,075][0m Trial 16 finished with value: 0.15035021128739126 and parameters: {'observation_period_num': 90, 'train_rates': 0.8819243091646649, 'learning_rate': 0.000319302051853777, 'batch_size': 256, 'step_size': 11, 'gamma': 0.9018692535516379}. Best is trial 13 with value: 0.08882728238197768.[0m
[32m[I 2025-01-31 02:52:18,474][0m Trial 17 finished with value: 0.10195439743498962 and parameters: {'observation_period_num': 34, 'train_rates': 0.7903191056815202, 'learning_rate': 7.886847801810537e-05, 'batch_size': 218, 'step_size': 15, 'gamma': 0.8295267577793928}. Best is trial 13 with value: 0.08882728238197768.[0m
[32m[I 2025-01-31 02:53:03,413][0m Trial 18 finished with value: 0.2918507645769817 and parameters: {'observation_period_num': 84, 'train_rates': 0.9287438226030728, 'learning_rate': 1.7371762167261493e-05, 'batch_size': 133, 'step_size': 10, 'gamma': 0.8239291897082758}. Best is trial 13 with value: 0.08882728238197768.[0m
[32m[I 2025-01-31 02:53:37,950][0m Trial 19 finished with value: 0.07945931159725814 and parameters: {'observation_period_num': 9, 'train_rates': 0.7818393464983381, 'learning_rate': 0.00035956057339686263, 'batch_size': 160, 'step_size': 6, 'gamma': 0.9166836612302044}. Best is trial 19 with value: 0.07945931159725814.[0m
[32m[I 2025-01-31 02:54:35,969][0m Trial 20 finished with value: 0.10995629863335496 and parameters: {'observation_period_num': 41, 'train_rates': 0.8447943075978307, 'learning_rate': 0.0004377349898072748, 'batch_size': 93, 'step_size': 5, 'gamma': 0.9141613395958841}. Best is trial 19 with value: 0.07945931159725814.[0m
[32m[I 2025-01-31 02:55:09,810][0m Trial 21 finished with value: 0.08639879916544731 and parameters: {'observation_period_num': 7, 'train_rates': 0.77718583550629, 'learning_rate': 0.00011536701402987261, 'batch_size': 157, 'step_size': 8, 'gamma': 0.9215064571882213}. Best is trial 19 with value: 0.07945931159725814.[0m
[32m[I 2025-01-31 02:55:41,869][0m Trial 22 finished with value: 0.09492894381995351 and parameters: {'observation_period_num': 27, 'train_rates': 0.7705280515968309, 'learning_rate': 0.00010279512422729316, 'batch_size': 161, 'step_size': 8, 'gamma': 0.9281904751810384}. Best is trial 19 with value: 0.07945931159725814.[0m
[32m[I 2025-01-31 02:56:22,372][0m Trial 23 finished with value: 0.11489123522002728 and parameters: {'observation_period_num': 73, 'train_rates': 0.7649187103282671, 'learning_rate': 0.0004248793124222497, 'batch_size': 124, 'step_size': 7, 'gamma': 0.9831537666599772}. Best is trial 19 with value: 0.07945931159725814.[0m
[32m[I 2025-01-31 02:56:57,478][0m Trial 24 finished with value: 0.10184914788656067 and parameters: {'observation_period_num': 6, 'train_rates': 0.8453032553115224, 'learning_rate': 0.00016094616407595709, 'batch_size': 160, 'step_size': 6, 'gamma': 0.8899226180106781}. Best is trial 19 with value: 0.07945931159725814.[0m
[32m[I 2025-01-31 02:57:41,265][0m Trial 25 finished with value: 0.08734164032118046 and parameters: {'observation_period_num': 32, 'train_rates': 0.6967136793639525, 'learning_rate': 0.0001003261878488375, 'batch_size': 112, 'step_size': 8, 'gamma': 0.8783258216114823}. Best is trial 19 with value: 0.07945931159725814.[0m
[32m[I 2025-01-31 02:58:55,858][0m Trial 26 finished with value: 0.1728937152734737 and parameters: {'observation_period_num': 42, 'train_rates': 0.6999245883003824, 'learning_rate': 2.4959060092927483e-05, 'batch_size': 62, 'step_size': 3, 'gamma': 0.8854146696975377}. Best is trial 19 with value: 0.07945931159725814.[0m
[32m[I 2025-01-31 02:59:36,159][0m Trial 27 finished with value: 0.10768543270726999 and parameters: {'observation_period_num': 104, 'train_rates': 0.6629592139676556, 'learning_rate': 9.735949794105242e-05, 'batch_size': 112, 'step_size': 8, 'gamma': 0.9176801998225953}. Best is trial 19 with value: 0.07945931159725814.[0m
[32m[I 2025-01-31 03:00:07,498][0m Trial 28 finished with value: 0.10392267132022728 and parameters: {'observation_period_num': 31, 'train_rates': 0.6715250864285086, 'learning_rate': 4.691264275293813e-05, 'batch_size': 151, 'step_size': 6, 'gamma': 0.9846300785658108}. Best is trial 19 with value: 0.07945931159725814.[0m
[32m[I 2025-01-31 03:02:12,653][0m Trial 29 finished with value: 0.16123507138003002 and parameters: {'observation_period_num': 105, 'train_rates': 0.8416621235220679, 'learning_rate': 0.0005765423809875099, 'batch_size': 41, 'step_size': 9, 'gamma': 0.8754480377821348}. Best is trial 19 with value: 0.07945931159725814.[0m
[32m[I 2025-01-31 03:03:02,805][0m Trial 30 finished with value: 0.09921320455510226 and parameters: {'observation_period_num': 62, 'train_rates': 0.7219535956535705, 'learning_rate': 0.00012864859579554515, 'batch_size': 97, 'step_size': 7, 'gamma': 0.9614556511841261}. Best is trial 19 with value: 0.07945931159725814.[0m
