[32m[I 2025-01-31 04:31:07,401][0m Trial 47 finished with value: 0.07366400784847879 and parameters: {'observation_period_num': 15, 'train_rates': 0.7282094759375067, 'learning_rate': 0.00025183152654780665, 'batch_size': 123, 'step_size': 4, 'gamma': 0.9472706592069489}. Best is trial 18 with value: 0.058273430448025465.[0m
[32m[I 2025-01-31 04:31:45,165][0m Trial 48 finished with value: 0.13139763218646794 and parameters: {'observation_period_num': 183, 'train_rates': 0.6878411632488498, 'learning_rate': 0.00025245959213187615, 'batch_size': 123, 'step_size': 3, 'gamma': 0.943812446453957}. Best is trial 18 with value: 0.058273430448025465.[0m
[32m[I 2025-01-31 04:34:38,709][0m Trial 49 finished with value: 0.07393717137536754 and parameters: {'observation_period_num': 12, 'train_rates': 0.7229373650603468, 'learning_rate': 9.748440248087556e-05, 'batch_size': 27, 'step_size': 2, 'gamma': 0.9126599678280105}. Best is trial 18 with value: 0.058273430448025465.[0m
seasonal_2 „ÅÆÊúÄÈÅ©„Éè„Ç§„Éë„Éº„Éë„É©„É°„Éº„Çø„ÅåË¶ã„Å§„Åã„Çä„Åæ„Åó„Åü
ÊúÄÈÅ©ÂåñÂØæË±°: seasonal_3
[32m[I 2025-01-31 04:34:38,719][0m A new study created in memory with name: no-name-76dcbaa1-b589-4e2c-a720-15fc5fa25141[0m
[32m[I 2025-01-31 04:36:19,516][0m Trial 0 finished with value: 0.5773305540030258 and parameters: {'observation_period_num': 250, 'train_rates': 0.6444608970745902, 'learning_rate': 1.4725915608743792e-06, 'batch_size': 40, 'step_size': 8, 'gamma': 0.7539101243350286}. Best is trial 0 with value: 0.5773305540030258.[0m
[32m[I 2025-01-31 04:36:57,377][0m Trial 1 finished with value: 0.20658916234970093 and parameters: {'observation_period_num': 152, 'train_rates': 0.9765984394614421, 'learning_rate': 3.737753508977811e-05, 'batch_size': 159, 'step_size': 3, 'gamma': 0.8915819675297283}. Best is trial 1 with value: 0.20658916234970093.[0m
[32m[I 2025-01-31 04:37:56,194][0m Trial 2 finished with value: 0.08893418889796993 and parameters: {'observation_period_num': 23, 'train_rates': 0.8118806773222601, 'learning_rate': 0.00023105726369088942, 'batch_size': 89, 'step_size': 13, 'gamma': 0.8202058486049565}. Best is trial 2 with value: 0.08893418889796993.[0m
[32m[I 2025-01-31 04:38:15,660][0m Trial 3 finished with value: 0.17606107425781514 and parameters: {'observation_period_num': 215, 'train_rates': 0.7155866735969711, 'learning_rate': 0.0003309756333695212, 'batch_size': 254, 'step_size': 15, 'gamma': 0.7700056826597652}. Best is trial 2 with value: 0.08893418889796993.[0m
[32m[I 2025-01-31 04:38:53,022][0m Trial 4 finished with value: 0.16093271336069814 and parameters: {'observation_period_num': 194, 'train_rates': 0.6869718586548116, 'learning_rate': 0.0006431467661974363, 'batch_size': 122, 'step_size': 7, 'gamma': 0.7627353938865338}. Best is trial 2 with value: 0.08893418889796993.[0m
[32m[I 2025-01-31 04:39:15,076][0m Trial 5 finished with value: 0.10903998859025336 and parameters: {'observation_period_num': 21, 'train_rates': 0.6846085503505268, 'learning_rate': 0.0002530841328754756, 'batch_size': 224, 'step_size': 1, 'gamma': 0.9260747918169102}. Best is trial 2 with value: 0.08893418889796993.[0m
[32m[I 2025-01-31 04:39:59,557][0m Trial 6 finished with value: 0.3685162365436554 and parameters: {'observation_period_num': 45, 'train_rates': 0.9682679777555248, 'learning_rate': 0.0004356162567492913, 'batch_size': 140, 'step_size': 4, 'gamma': 0.9811018602689792}. Best is trial 2 with value: 0.08893418889796993.[0m
[32m[I 2025-01-31 04:40:37,306][0m Trial 7 finished with value: 0.34198471903800964 and parameters: {'observation_period_num': 99, 'train_rates': 0.9890905345517789, 'learning_rate': 3.337273720720998e-06, 'batch_size': 163, 'step_size': 13, 'gamma': 0.8741716832117955}. Best is trial 2 with value: 0.08893418889796993.[0m
[32m[I 2025-01-31 04:41:52,996][0m Trial 8 finished with value: 0.4867902560833773 and parameters: {'observation_period_num': 79, 'train_rates': 0.8868212521319814, 'learning_rate': 2.238504039605394e-06, 'batch_size': 71, 'step_size': 3, 'gamma': 0.9261484410887453}. Best is trial 2 with value: 0.08893418889796993.[0m
Early stopping at epoch 58
[32m[I 2025-01-31 04:42:17,159][0m Trial 9 finished with value: 1.2933091706153885 and parameters: {'observation_period_num': 193, 'train_rates': 0.8330510513814, 'learning_rate': 1.3684537850296816e-06, 'batch_size': 133, 'step_size': 1, 'gamma': 0.81732673640476}. Best is trial 2 with value: 0.08893418889796993.[0m
[32m[I 2025-01-31 04:46:34,564][0m Trial 10 finished with value: 0.0729214748334106 and parameters: {'observation_period_num': 7, 'train_rates': 0.7738061365863265, 'learning_rate': 6.814371349377379e-05, 'batch_size': 19, 'step_size': 11, 'gamma': 0.8197290416644879}. Best is trial 10 with value: 0.0729214748334106.[0m
[32m[I 2025-01-31 04:50:01,715][0m Trial 11 finished with value: 0.07646646586088639 and parameters: {'observation_period_num': 6, 'train_rates': 0.7840698108908254, 'learning_rate': 6.127798682116793e-05, 'batch_size': 24, 'step_size': 11, 'gamma': 0.8194887098387033}. Best is trial 10 with value: 0.0729214748334106.[0m
[32m[I 2025-01-31 04:55:00,849][0m Trial 12 finished with value: 0.11749817608995775 and parameters: {'observation_period_num': 63, 'train_rates': 0.7654630036569469, 'learning_rate': 4.1058402760523655e-05, 'batch_size': 16, 'step_size': 11, 'gamma': 0.8220328809838623}. Best is trial 10 with value: 0.0729214748334106.[0m
[32m[I 2025-01-31 04:59:57,439][0m Trial 13 finished with value: 0.11316075263064745 and parameters: {'observation_period_num': 6, 'train_rates': 0.8804459654220513, 'learning_rate': 1.6219646636536734e-05, 'batch_size': 18, 'step_size': 10, 'gamma': 0.8445590279234778}. Best is trial 10 with value: 0.0729214748334106.[0m
[32m[I 2025-01-31 05:01:12,209][0m Trial 14 finished with value: 0.13493835243543223 and parameters: {'observation_period_num': 119, 'train_rates': 0.760431386085775, 'learning_rate': 9.60740972727116e-05, 'batch_size': 64, 'step_size': 10, 'gamma': 0.7939361977126266}. Best is trial 10 with value: 0.0729214748334106.[0m
[32m[I 2025-01-31 05:03:08,462][0m Trial 15 finished with value: 0.172887742816006 and parameters: {'observation_period_num': 59, 'train_rates': 0.8526248365458822, 'learning_rate': 1.0435246397489943e-05, 'batch_size': 45, 'step_size': 6, 'gamma': 0.8495855560874624}. Best is trial 10 with value: 0.0729214748334106.[0m
[32m[I 2025-01-31 05:03:53,852][0m Trial 16 finished with value: 0.17281959896259333 and parameters: {'observation_period_num': 149, 'train_rates': 0.6061135603352774, 'learning_rate': 6.597313187608481e-05, 'batch_size': 93, 'step_size': 12, 'gamma': 0.8024077261767967}. Best is trial 10 with value: 0.0729214748334106.[0m
[32m[I 2025-01-31 05:04:21,445][0m Trial 17 finished with value: 0.10637858179871908 and parameters: {'observation_period_num': 39, 'train_rates': 0.770815081947543, 'learning_rate': 0.0001184842390278124, 'batch_size': 196, 'step_size': 15, 'gamma': 0.8522753172041926}. Best is trial 10 with value: 0.0729214748334106.[0m
[32m[I 2025-01-31 05:05:54,040][0m Trial 18 finished with value: 0.16359662684630982 and parameters: {'observation_period_num': 90, 'train_rates': 0.726253093328793, 'learning_rate': 1.4115752645456055e-05, 'batch_size': 50, 'step_size': 9, 'gamma': 0.8993062598496108}. Best is trial 10 with value: 0.0729214748334106.[0m
[32m[I 2025-01-31 05:06:53,069][0m Trial 19 finished with value: 0.2541901800664551 and parameters: {'observation_period_num': 10, 'train_rates': 0.9243745317317285, 'learning_rate': 6.013103016596465e-06, 'batch_size': 100, 'step_size': 13, 'gamma': 0.7850413173940594}. Best is trial 10 with value: 0.0729214748334106.[0m
[32m[I 2025-01-31 05:09:37,121][0m Trial 20 finished with value: 0.16964874690198628 and parameters: {'observation_period_num': 112, 'train_rates': 0.8132772980941813, 'learning_rate': 0.00015256356112971708, 'batch_size': 30, 'step_size': 11, 'gamma': 0.8345880984783169}. Best is trial 10 with value: 0.0729214748334106.[0m
[32m[I 2025-01-31 05:10:42,509][0m Trial 21 finished with value: 0.09650055049122244 and parameters: {'observation_period_num': 35, 'train_rates': 0.8108793685341995, 'learning_rate': 0.0009517015367218664, 'batch_size': 80, 'step_size': 12, 'gamma': 0.808021309018752}. Best is trial 10 with value: 0.0729214748334106.[0m
[32m[I 2025-01-31 05:12:08,896][0m Trial 22 finished with value: 0.07344722479214634 and parameters: {'observation_period_num': 5, 'train_rates': 0.7868281471276188, 'learning_rate': 0.00021142128959745517, 'batch_size': 59, 'step_size': 14, 'gamma': 0.8583984678365807}. Best is trial 10 with value: 0.0729214748334106.[0m
[32m[I 2025-01-31 05:13:38,939][0m Trial 23 finished with value: 0.07829867252419072 and parameters: {'observation_period_num': 6, 'train_rates': 0.7369940554579972, 'learning_rate': 6.368791066267414e-05, 'batch_size': 54, 'step_size': 14, 'gamma': 0.8696375602477634}. Best is trial 10 with value: 0.0729214748334106.[0m
[32m[I 2025-01-31 05:16:12,034][0m Trial 24 finished with value: 0.1224412820871928 and parameters: {'observation_period_num': 60, 'train_rates': 0.8505588856951567, 'learning_rate': 2.2562717036303205e-05, 'batch_size': 34, 'step_size': 9, 'gamma': 0.8675335996831077}. Best is trial 10 with value: 0.0729214748334106.[0m
[32m[I 2025-01-31 05:21:02,001][0m Trial 25 finished with value: 0.08597250211368068 and parameters: {'observation_period_num': 31, 'train_rates': 0.7889231765491834, 'learning_rate': 6.183213330070668e-05, 'batch_size': 17, 'step_size': 11, 'gamma': 0.7841869332463529}. Best is trial 10 with value: 0.0729214748334106.[0m
[32m[I 2025-01-31 05:21:45,482][0m Trial 26 finished with value: 0.10072676438885184 and parameters: {'observation_period_num': 70, 'train_rates': 0.6969936013819692, 'learning_rate': 0.00016137363786257214, 'batch_size': 109, 'step_size': 14, 'gamma': 0.8330623840378787}. Best is trial 10 with value: 0.0729214748334106.[0m
[32m[I 2025-01-31 05:22:54,193][0m Trial 27 finished with value: 0.11441664692142914 and parameters: {'observation_period_num': 49, 'train_rates': 0.750442493217474, 'learning_rate': 3.063785338397347e-05, 'batch_size': 71, 'step_size': 12, 'gamma': 0.8970552674458375}. Best is trial 10 with value: 0.0729214748334106.[0m
[32m[I 2025-01-31 05:24:20,251][0m Trial 28 finished with value: 0.08437854148483623 and parameters: {'observation_period_num': 23, 'train_rates': 0.7888051737498523, 'learning_rate': 9.279813071956773e-05, 'batch_size': 58, 'step_size': 14, 'gamma': 0.9273154172311114}. Best is trial 10 with value: 0.0729214748334106.[0m
[32m[I 2025-01-31 05:26:12,026][0m Trial 29 finished with value: 0.16527381189734644 and parameters: {'observation_period_num': 149, 'train_rates': 0.6577500578899222, 'learning_rate': 0.0004915788072139346, 'batch_size': 38, 'step_size': 8, 'gamma': 0.9895288773255462}. Best is trial 10 with value: 0.0729214748334106.[0m
[32m[I 2025-01-31 05:28:56,524][0m Trial 30 finished with value: 0.22578341477991162 and parameters: {'observation_period_num': 246, 'train_rates': 0.8696275951338291, 'learning_rate': 0.00018956326412697316, 'batch_size': 30, 'step_size': 10, 'gamma': 0.8352431923074282}. Best is trial 10 with value: 0.0729214748334106.[0m
[32m[I 2025-01-31 05:30:37,400][0m Trial 31 finished with value: 0.07102358713746071 and parameters: {'observation_period_num': 5, 'train_rates': 0.7288715274148763, 'learning_rate': 5.9799780652114716e-05, 'batch_size': 47, 'step_size': 14, 'gamma': 0.8780685769136342}. Best is trial 31 with value: 0.07102358713746071.[0m
[32m[I 2025-01-31 05:32:34,674][0m Trial 32 finished with value: 0.07199905728910087 and parameters: {'observation_period_num': 7, 'train_rates': 0.7179405890204533, 'learning_rate': 4.741509537061971e-05, 'batch_size': 40, 'step_size': 15, 'gamma': 0.8608364057425796}. Best is trial 31 with value: 0.07102358713746071.[0m
[32m[I 2025-01-31 05:34:18,090][0m Trial 33 finished with value: 0.09695528629659252 and parameters: {'observation_period_num': 22, 'train_rates': 0.6395005530014695, 'learning_rate': 3.9865021694297304e-05, 'batch_size': 42, 'step_size': 15, 'gamma': 0.88111897306591}. Best is trial 31 with value: 0.07102358713746071.[0m
[32m[I 2025-01-31 05:35:19,089][0m Trial 34 finished with value: 0.09803078790933001 and parameters: {'observation_period_num': 20, 'train_rates': 0.7147175213320563, 'learning_rate': 3.0372028486195753e-05, 'batch_size': 78, 'step_size': 13, 'gamma': 0.9133268027920644}. Best is trial 31 with value: 0.07102358713746071.[0m
[32m[I 2025-01-31 05:36:34,285][0m Trial 35 finished with value: 0.09198734670802576 and parameters: {'observation_period_num': 47, 'train_rates': 0.6575339595063459, 'learning_rate': 0.00028994254344249853, 'batch_size': 59, 'step_size': 15, 'gamma': 0.8567482371918009}. Best is trial 31 with value: 0.07102358713746071.[0m
[32m[I 2025-01-31 05:38:09,205][0m Trial 36 finished with value: 0.08689521821023724 and parameters: {'observation_period_num': 31, 'train_rates': 0.7344601526685858, 'learning_rate': 0.00011343117284305496, 'batch_size': 50, 'step_size': 14, 'gamma': 0.9580722448775398}. Best is trial 31 with value: 0.07102358713746071.[0m
[32m[I 2025-01-31 05:38:53,477][0m Trial 37 finished with value: 0.15562304036666727 and parameters: {'observation_period_num': 81, 'train_rates': 0.6895302671666181, 'learning_rate': 2.1954239807495964e-05, 'batch_size': 109, 'step_size': 15, 'gamma': 0.8839353361515253}. Best is trial 31 with value: 0.07102358713746071.[0m
[32m[I 2025-01-31 05:39:23,576][0m Trial 38 finished with value: 0.09771131046479374 and parameters: {'observation_period_num': 18, 'train_rates': 0.7063357180683495, 'learning_rate': 4.5892338654418073e-05, 'batch_size': 168, 'step_size': 13, 'gamma': 0.8623425923434159}. Best is trial 31 with value: 0.07102358713746071.[0m
[32m[I 2025-01-31 05:39:44,809][0m Trial 39 finished with value: 0.4314044261150223 and parameters: {'observation_period_num': 175, 'train_rates': 0.7498380980504767, 'learning_rate': 7.391008634328989e-06, 'batch_size': 254, 'step_size': 14, 'gamma': 0.9089607644606023}. Best is trial 31 with value: 0.07102358713746071.[0m
[32m[I 2025-01-31 05:42:15,442][0m Trial 40 finished with value: 0.11091889480491364 and parameters: {'observation_period_num': 47, 'train_rates': 0.8214754868687779, 'learning_rate': 0.00022660465022408013, 'batch_size': 34, 'step_size': 12, 'gamma': 0.7544928487463954}. Best is trial 31 with value: 0.07102358713746071.[0m
[32m[I 2025-01-31 05:45:34,949][0m Trial 41 finished with value: 0.07601243877665155 and parameters: {'observation_period_num': 7, 'train_rates': 0.7861338224737914, 'learning_rate': 6.336107053007072e-05, 'batch_size': 25, 'step_size': 9, 'gamma': 0.8418163494301674}. Best is trial 31 with value: 0.07102358713746071.[0m
[32m[I 2025-01-31 05:47:34,680][0m Trial 42 finished with value: 0.08316235735654627 and parameters: {'observation_period_num': 17, 'train_rates': 0.8016358531338047, 'learning_rate': 8.33258902423234e-05, 'batch_size': 42, 'step_size': 7, 'gamma': 0.8406548004274551}. Best is trial 31 with value: 0.07102358713746071.[0m
[32m[I 2025-01-31 05:48:36,331][0m Trial 43 finished with value: 0.08978127695025842 and parameters: {'observation_period_num': 28, 'train_rates': 0.7772044196046809, 'learning_rate': 0.00012963574310525692, 'batch_size': 84, 'step_size': 7, 'gamma': 0.8806209943181638}. Best is trial 31 with value: 0.07102358713746071.[0m
[32m[I 2025-01-31 05:49:51,152][0m Trial 44 finished with value: 0.07820127773077898 and parameters: {'observation_period_num': 5, 'train_rates': 0.7412437468177685, 'learning_rate': 4.909588489885364e-05, 'batch_size': 66, 'step_size': 13, 'gamma': 0.8260609393874498}. Best is trial 31 with value: 0.07102358713746071.[0m
[32m[I 2025-01-31 05:52:51,118][0m Trial 45 finished with value: 0.0732122525060303 and parameters: {'observation_period_num': 14, 'train_rates': 0.6783439447699345, 'learning_rate': 0.0004054074868672782, 'batch_size': 25, 'step_size': 9, 'gamma': 0.811959618203472}. Best is trial 31 with value: 0.07102358713746071.[0m
[32m[I 2025-01-31 05:57:10,827][0m Trial 46 finished with value: 0.08731567113990099 and parameters: {'observation_period_num': 41, 'train_rates': 0.6808319094436992, 'learning_rate': 0.0004332857215101098, 'batch_size': 17, 'step_size': 6, 'gamma': 0.8103493088457794}. Best is trial 31 with value: 0.07102358713746071.[0m
[32m[I 2025-01-31 05:57:44,048][0m Trial 47 finished with value: 0.0963934731155823 and parameters: {'observation_period_num': 55, 'train_rates': 0.6736191413540585, 'learning_rate': 0.0003669273799959643, 'batch_size': 144, 'step_size': 10, 'gamma': 0.7712531945473502}. Best is trial 31 with value: 0.07102358713746071.[0m
[32m[I 2025-01-31 05:59:30,590][0m Trial 48 finished with value: 0.07353034175317642 and parameters: {'observation_period_num': 15, 'train_rates': 0.7235643194473996, 'learning_rate': 0.0005750426793992017, 'batch_size': 45, 'step_size': 15, 'gamma': 0.8572306173890326}. Best is trial 31 with value: 0.07102358713746071.[0m
[32m[I 2025-01-31 06:02:06,753][0m Trial 49 finished with value: 0.09001165146937753 and parameters: {'observation_period_num': 34, 'train_rates': 0.6252288831672037, 'learning_rate': 0.0002166380114062381, 'batch_size': 27, 'step_size': 12, 'gamma': 0.8882813958674028}. Best is trial 31 with value: 0.07102358713746071.[0m
seasonal_3 „ÅÆÊúÄÈÅ©„Éè„Ç§„Éë„Éº„Éë„É©„É°„Éº„Çø„ÅåË¶ã„Å§„Åã„Çä„Åæ„Åó„Åü
ÊúÄÈÅ©ÂåñÂØæË±°: resid
[32m[I 2025-01-31 06:02:06,763][0m A new study created in memory with name: no-name-24ea7816-658c-4e37-aa84-1c3e6fa2b4a6[0m
[32m[I 2025-01-31 06:03:29,277][0m Trial 0 finished with value: 0.2218277424836134 and parameters: {'observation_period_num': 121, 'train_rates': 0.6588400663974715, 'learning_rate': 3.055592727057521e-05, 'batch_size': 53, 'step_size': 3, 'gamma': 0.8609329494498636}. Best is trial 0 with value: 0.2218277424836134.[0m
[32m[I 2025-01-31 06:04:39,400][0m Trial 1 finished with value: 0.11791445314884186 and parameters: {'observation_period_num': 236, 'train_rates': 0.9804057987764848, 'learning_rate': 0.0008323111107757726, 'batch_size': 79, 'step_size': 9, 'gamma': 0.853401711887589}. Best is trial 1 with value: 0.11791445314884186.[0m
[32m[I 2025-01-31 06:05:23,629][0m Trial 2 finished with value: 0.48487791419029236 and parameters: {'observation_period_num': 227, 'train_rates': 0.9711289729646329, 'learning_rate': 5.7532236090152024e-05, 'batch_size': 130, 'step_size': 4, 'gamma': 0.9044004518271417}. Best is trial 1 with value: 0.11791445314884186.[0m
[32m[I 2025-01-31 06:05:46,622][0m Trial 3 finished with value: 0.10124838836935476 and parameters: {'observation_period_num': 28, 'train_rates': 0.8279677033684734, 'learning_rate': 0.0006892995336993908, 'batch_size': 248, 'step_size': 4, 'gamma': 0.927507668821397}. Best is trial 3 with value: 0.10124838836935476.[0m
[32m[I 2025-01-31 06:08:36,053][0m Trial 4 finished with value: 0.14839269871484 and parameters: {'observation_period_num': 61, 'train_rates': 0.6452092178227208, 'learning_rate': 9.150895002226872e-06, 'batch_size': 25, 'step_size': 10, 'gamma': 0.7745343398787892}. Best is trial 3 with value: 0.10124838836935476.[0m
[32m[I 2025-01-31 06:09:02,510][0m Trial 5 finished with value: 0.11680487686339601 and parameters: {'observation_period_num': 77, 'train_rates': 0.6857113719801062, 'learning_rate': 0.00012321623453675291, 'batch_size': 181, 'step_size': 9, 'gamma': 0.7829120167547258}. Best is trial 3 with value: 0.10124838836935476.[0m
[32m[I 2025-01-31 06:09:39,749][0m Trial 6 finished with value: 0.1924663955652261 and parameters: {'observation_period_num': 198, 'train_rates': 0.8567602930966203, 'learning_rate': 0.00010809045331712973, 'batch_size': 140, 'step_size': 7, 'gamma': 0.9049593444839079}. Best is trial 3 with value: 0.10124838836935476.[0m
[32m[I 2025-01-31 06:10:15,214][0m Trial 7 finished with value: 0.1900093567104979 and parameters: {'observation_period_num': 181, 'train_rates': 0.8062047831171774, 'learning_rate': 4.376912894719799e-05, 'batch_size': 140, 'step_size': 13, 'gamma': 0.8069655633000624}. Best is trial 3 with value: 0.10124838836935476.[0m
[32m[I 2025-01-31 06:10:52,906][0m Trial 8 finished with value: 0.5292690362249102 and parameters: {'observation_period_num': 148, 'train_rates': 0.7752441804407075, 'learning_rate': 4.156544662463931e-06, 'batch_size': 132, 'step_size': 10, 'gamma': 0.8028990207239604}. Best is trial 3 with value: 0.10124838836935476.[0m
[32m[I 2025-01-31 06:11:52,101][0m Trial 9 finished with value: 0.1392504560809604 and parameters: {'observation_period_num': 47, 'train_rates': 0.8809287763849023, 'learning_rate': 0.0008764081056886816, 'batch_size': 92, 'step_size': 1, 'gamma': 0.8821881204337888}. Best is trial 3 with value: 0.10124838836935476.[0m
[32m[I 2025-01-31 06:12:13,921][0m Trial 10 finished with value: 0.9860857648035225 and parameters: {'observation_period_num': 9, 'train_rates': 0.7374308656751943, 'learning_rate': 1.2380711996260354e-06, 'batch_size': 254, 'step_size': 5, 'gamma': 0.9723922624299164}. Best is trial 3 with value: 0.10124838836935476.[0m
[32m[I 2025-01-31 06:12:35,443][0m Trial 11 finished with value: 0.12854634682621274 and parameters: {'observation_period_num': 86, 'train_rates': 0.6946214333320702, 'learning_rate': 0.00024804663231910813, 'batch_size': 239, 'step_size': 14, 'gamma': 0.9639624217482737}. Best is trial 3 with value: 0.10124838836935476.[0m
