[32m[I 2025-01-31 06:13:00,128][0m Trial 12 finished with value: 0.07029012971454196 and parameters: {'observation_period_num': 9, 'train_rates': 0.6176895872064401, 'learning_rate': 0.0003100602505933823, 'batch_size': 200, 'step_size': 7, 'gamma': 0.9355932803353859}. Best is trial 12 with value: 0.07029012971454196.[0m
[32m[I 2025-01-31 06:13:22,655][0m Trial 13 finished with value: 0.07747668167057463 and parameters: {'observation_period_num': 8, 'train_rates': 0.6037481044900171, 'learning_rate': 0.00034191472621404595, 'batch_size': 212, 'step_size': 6, 'gamma': 0.9421317847119164}. Best is trial 12 with value: 0.07029012971454196.[0m
[32m[I 2025-01-31 06:13:44,397][0m Trial 14 finished with value: 0.06915617926082646 and parameters: {'observation_period_num': 8, 'train_rates': 0.6176346006970737, 'learning_rate': 0.000332007832103998, 'batch_size': 204, 'step_size': 7, 'gamma': 0.928631274216935}. Best is trial 14 with value: 0.06915617926082646.[0m
[32m[I 2025-01-31 06:14:06,653][0m Trial 15 finished with value: 0.13658760059657762 and parameters: {'observation_period_num': 109, 'train_rates': 0.6012452419765666, 'learning_rate': 0.0002390926353608916, 'batch_size': 190, 'step_size': 12, 'gamma': 0.9852126848196784}. Best is trial 14 with value: 0.06915617926082646.[0m
[32m[I 2025-01-31 06:14:35,008][0m Trial 16 finished with value: 0.17910071902654387 and parameters: {'observation_period_num': 40, 'train_rates': 0.7282541222490961, 'learning_rate': 1.4224982482495233e-05, 'batch_size': 180, 'step_size': 7, 'gamma': 0.9404300252654092}. Best is trial 14 with value: 0.06915617926082646.[0m
[32m[I 2025-01-31 06:14:57,509][0m Trial 17 finished with value: 0.29854539189396834 and parameters: {'observation_period_num': 89, 'train_rates': 0.6421360302796149, 'learning_rate': 0.00010677006046576104, 'batch_size': 211, 'step_size': 1, 'gamma': 0.9067899230240306}. Best is trial 14 with value: 0.06915617926082646.[0m
[32m[I 2025-01-31 06:15:29,549][0m Trial 18 finished with value: 0.09001313083331679 and parameters: {'observation_period_num': 27, 'train_rates': 0.7553931747960878, 'learning_rate': 0.0004958864607988744, 'batch_size': 164, 'step_size': 11, 'gamma': 0.9544181041562877}. Best is trial 14 with value: 0.06915617926082646.[0m
[32m[I 2025-01-31 06:15:52,712][0m Trial 19 finished with value: 0.13599999203799595 and parameters: {'observation_period_num': 147, 'train_rates': 0.7004074722694201, 'learning_rate': 0.00017493092362366427, 'batch_size': 213, 'step_size': 8, 'gamma': 0.8404979479549272}. Best is trial 14 with value: 0.06915617926082646.[0m
[32m[I 2025-01-31 06:16:13,068][0m Trial 20 finished with value: 0.23691048527933273 and parameters: {'observation_period_num': 63, 'train_rates': 0.6190977597921926, 'learning_rate': 2.413747905347761e-05, 'batch_size': 226, 'step_size': 6, 'gamma': 0.8828657626946982}. Best is trial 14 with value: 0.06915617926082646.[0m
[32m[I 2025-01-31 06:16:35,163][0m Trial 21 finished with value: 0.06978802613654342 and parameters: {'observation_period_num': 8, 'train_rates': 0.6198472416667703, 'learning_rate': 0.00039815758344747415, 'batch_size': 205, 'step_size': 6, 'gamma': 0.929485027633826}. Best is trial 14 with value: 0.06915617926082646.[0m
[32m[I 2025-01-31 06:16:59,473][0m Trial 22 finished with value: 0.06610818728804588 and parameters: {'observation_period_num': 7, 'train_rates': 0.6554212425693922, 'learning_rate': 0.00040988410476031626, 'batch_size': 197, 'step_size': 7, 'gamma': 0.9266831805134134}. Best is trial 22 with value: 0.06610818728804588.[0m
[32m[I 2025-01-31 06:17:28,218][0m Trial 23 finished with value: 0.08894454846622864 and parameters: {'observation_period_num': 32, 'train_rates': 0.6634676607376456, 'learning_rate': 0.0004798631335596242, 'batch_size': 163, 'step_size': 3, 'gamma': 0.9223206613851986}. Best is trial 22 with value: 0.06610818728804588.[0m
[32m[I 2025-01-31 06:17:58,333][0m Trial 24 finished with value: 0.08694929461607821 and parameters: {'observation_period_num': 5, 'train_rates': 0.6824453141963278, 'learning_rate': 7.077218480359785e-05, 'batch_size': 163, 'step_size': 5, 'gamma': 0.9104936070558168}. Best is trial 22 with value: 0.06610818728804588.[0m
[32m[I 2025-01-31 06:18:21,820][0m Trial 25 finished with value: 0.09959011214319617 and parameters: {'observation_period_num': 49, 'train_rates': 0.7243347216066832, 'learning_rate': 0.0004678413626644014, 'batch_size': 231, 'step_size': 8, 'gamma': 0.8894365429159112}. Best is trial 22 with value: 0.06610818728804588.[0m
[32m[I 2025-01-31 06:18:45,964][0m Trial 26 finished with value: 0.0913446524393246 and parameters: {'observation_period_num': 23, 'train_rates': 0.6352730802375226, 'learning_rate': 0.00017164401391095294, 'batch_size': 196, 'step_size': 6, 'gamma': 0.9869491731011066}. Best is trial 22 with value: 0.06610818728804588.[0m
[32m[I 2025-01-31 06:19:38,281][0m Trial 27 finished with value: 0.23064038479650342 and parameters: {'observation_period_num': 55, 'train_rates': 0.9363484602194763, 'learning_rate': 0.0004637642577584576, 'batch_size': 110, 'step_size': 9, 'gamma': 0.9520873977501169}. Best is trial 22 with value: 0.06610818728804588.[0m
[32m[I 2025-01-31 06:20:00,674][0m Trial 28 finished with value: 0.1071753550848677 and parameters: {'observation_period_num': 73, 'train_rates': 0.661906831700703, 'learning_rate': 0.0009564716455170942, 'batch_size': 224, 'step_size': 15, 'gamma': 0.8377264121592385}. Best is trial 22 with value: 0.06610818728804588.[0m
[32m[I 2025-01-31 06:20:26,937][0m Trial 29 finished with value: 0.321967479967254 and parameters: {'observation_period_num': 102, 'train_rates': 0.6623175378794665, 'learning_rate': 3.4764551177730784e-05, 'batch_size': 172, 'step_size': 3, 'gamma': 0.8653164685659387}. Best is trial 22 with value: 0.06610818728804588.[0m
[32m[I 2025-01-31 06:20:58,749][0m Trial 30 finished with value: 0.08522505639943966 and parameters: {'observation_period_num': 19, 'train_rates': 0.6334672776450635, 'learning_rate': 0.0001725910113292079, 'batch_size': 152, 'step_size': 5, 'gamma': 0.9234095586314552}. Best is trial 22 with value: 0.06610818728804588.[0m
[32m[I 2025-01-31 06:21:21,233][0m Trial 31 finished with value: 0.06919762694493287 and parameters: {'observation_period_num': 6, 'train_rates': 0.6100593369880388, 'learning_rate': 0.00030014097931541317, 'batch_size': 202, 'step_size': 7, 'gamma': 0.9373409751522922}. Best is trial 22 with value: 0.06610818728804588.[0m
[32m[I 2025-01-31 06:21:43,750][0m Trial 32 finished with value: 0.13837353923978904 and parameters: {'observation_period_num': 40, 'train_rates': 0.6043755087847648, 'learning_rate': 0.0003051057871926011, 'batch_size': 204, 'step_size': 7, 'gamma': 0.9488547382915121}. Best is trial 22 with value: 0.06610818728804588.[0m
[32m[I 2025-01-31 06:22:08,053][0m Trial 33 finished with value: 0.074669206470196 and parameters: {'observation_period_num': 19, 'train_rates': 0.6309946110286678, 'learning_rate': 0.000624733757408393, 'batch_size': 190, 'step_size': 8, 'gamma': 0.7504465616034438}. Best is trial 22 with value: 0.06610818728804588.[0m
[32m[I 2025-01-31 06:22:29,350][0m Trial 34 finished with value: 0.10494747757911682 and parameters: {'observation_period_num': 30, 'train_rates': 0.6741241821615034, 'learning_rate': 8.317772533226413e-05, 'batch_size': 240, 'step_size': 6, 'gamma': 0.8923666599219147}. Best is trial 22 with value: 0.06610818728804588.[0m
[32m[I 2025-01-31 06:22:53,171][0m Trial 35 finished with value: 0.07327036035426876 and parameters: {'observation_period_num': 5, 'train_rates': 0.70997552582418, 'learning_rate': 0.0006734525392391579, 'batch_size': 219, 'step_size': 4, 'gamma': 0.920109553963726}. Best is trial 22 with value: 0.06610818728804588.[0m
[32m[I 2025-01-31 06:24:11,176][0m Trial 36 finished with value: 0.13204093044943618 and parameters: {'observation_period_num': 42, 'train_rates': 0.649891566081285, 'learning_rate': 0.00018512785693253518, 'batch_size': 56, 'step_size': 9, 'gamma': 0.9673348080969024}. Best is trial 22 with value: 0.06610818728804588.[0m
[32m[I 2025-01-31 06:24:49,488][0m Trial 37 finished with value: 0.10394973750396148 and parameters: {'observation_period_num': 65, 'train_rates': 0.6202793319389711, 'learning_rate': 0.00035715431615597417, 'batch_size': 118, 'step_size': 8, 'gamma': 0.930717869246825}. Best is trial 22 with value: 0.06610818728804588.[0m
[32m[I 2025-01-31 06:25:13,889][0m Trial 38 finished with value: 0.17827913201321507 and parameters: {'observation_period_num': 238, 'train_rates': 0.6513085371148026, 'learning_rate': 0.00012263895652644459, 'batch_size': 181, 'step_size': 10, 'gamma': 0.897782995813591}. Best is trial 22 with value: 0.06610818728804588.[0m
[32m[I 2025-01-31 06:25:33,186][0m Trial 39 finished with value: 0.2089486762881279 and parameters: {'observation_period_num': 209, 'train_rates': 0.6792028078470573, 'learning_rate': 5.6317063031221494e-05, 'batch_size': 242, 'step_size': 4, 'gamma': 0.9586417629700954}. Best is trial 22 with value: 0.06610818728804588.[0m
[32m[I 2025-01-31 06:26:09,263][0m Trial 40 finished with value: 0.07991329326105663 and parameters: {'observation_period_num': 19, 'train_rates': 0.7912872900739844, 'learning_rate': 0.0009885828272841852, 'batch_size': 151, 'step_size': 7, 'gamma': 0.9100162568289252}. Best is trial 22 with value: 0.06610818728804588.[0m
[32m[I 2025-01-31 06:26:33,740][0m Trial 41 finished with value: 0.07621258278103436 and parameters: {'observation_period_num': 18, 'train_rates': 0.6175551004930846, 'learning_rate': 0.0002904576424090859, 'batch_size': 198, 'step_size': 7, 'gamma': 0.936485696593569}. Best is trial 22 with value: 0.06610818728804588.[0m
[32m[I 2025-01-31 06:26:56,288][0m Trial 42 finished with value: 0.09528730222362249 and parameters: {'observation_period_num': 36, 'train_rates': 0.6014643834051869, 'learning_rate': 0.00022697183882005177, 'batch_size': 204, 'step_size': 5, 'gamma': 0.932714120064958}. Best is trial 22 with value: 0.06610818728804588.[0m
[32m[I 2025-01-31 06:27:20,681][0m Trial 43 finished with value: 0.08166367291371421 and parameters: {'observation_period_num': 13, 'train_rates': 0.6218578676704428, 'learning_rate': 0.0006416413964769072, 'batch_size': 187, 'step_size': 9, 'gamma': 0.97483537123238}. Best is trial 22 with value: 0.06610818728804588.[0m
[32m[I 2025-01-31 06:30:38,123][0m Trial 44 finished with value: 0.1995960512830244 and parameters: {'observation_period_num': 133, 'train_rates': 0.6448562351390644, 'learning_rate': 0.0003827048836043236, 'batch_size': 21, 'step_size': 6, 'gamma': 0.9125826615354873}. Best is trial 22 with value: 0.06610818728804588.[0m
[32m[I 2025-01-31 06:31:02,427][0m Trial 45 finished with value: 0.8017626614656729 and parameters: {'observation_period_num': 176, 'train_rates': 0.8407094061103446, 'learning_rate': 2.1745264516257867e-06, 'batch_size': 229, 'step_size': 7, 'gamma': 0.943074978510626}. Best is trial 22 with value: 0.06610818728804588.[0m
[32m[I 2025-01-31 06:31:22,672][0m Trial 46 finished with value: 0.12208946117310114 and parameters: {'observation_period_num': 53, 'train_rates': 0.6151410122299374, 'learning_rate': 0.00013018137410910035, 'batch_size': 254, 'step_size': 10, 'gamma': 0.8746261646976728}. Best is trial 22 with value: 0.06610818728804588.[0m
[32m[I 2025-01-31 06:31:50,868][0m Trial 47 finished with value: 0.07487458112040751 and parameters: {'observation_period_num': 5, 'train_rates': 0.6669949074095571, 'learning_rate': 0.00023659512160018745, 'batch_size': 175, 'step_size': 7, 'gamma': 0.8537157284175705}. Best is trial 22 with value: 0.06610818728804588.[0m
[32m[I 2025-01-31 06:32:21,182][0m Trial 48 finished with value: 0.496101051568985 and parameters: {'observation_period_num': 29, 'train_rates': 0.947734000096678, 'learning_rate': 5.617464384475838e-06, 'batch_size': 200, 'step_size': 2, 'gamma': 0.9751739298468215}. Best is trial 22 with value: 0.06610818728804588.[0m
