ÊúÄÈÅ©ÂåñÂØæË±°: trend
[32m[I 2025-01-31 00:14:12,793][0m A new study created in memory with name: no-name-66c65ad8-af50-4f28-b08f-8b00f4acc3e2[0m
[32m[I 2025-01-31 00:16:01,327][0m Trial 0 finished with value: 0.1621364468091527 and parameters: {'observation_period_num': 157, 'train_rates': 0.6468739045108898, 'learning_rate': 0.0003587938997591148, 'batch_size': 39, 'step_size': 11, 'gamma': 0.7580767404804813}. Best is trial 0 with value: 0.1621364468091527.[0m
[32m[I 2025-01-31 00:17:13,488][0m Trial 1 finished with value: 0.23065560402454072 and parameters: {'observation_period_num': 205, 'train_rates': 0.9231241739166851, 'learning_rate': 0.0001757288710609214, 'batch_size': 75, 'step_size': 4, 'gamma': 0.9203610402335688}. Best is trial 0 with value: 0.1621364468091527.[0m
[32m[I 2025-01-31 00:17:40,446][0m Trial 2 finished with value: 0.29261813966201733 and parameters: {'observation_period_num': 153, 'train_rates': 0.8896402839892046, 'learning_rate': 2.0818168484679848e-05, 'batch_size': 218, 'step_size': 14, 'gamma': 0.7886618279146411}. Best is trial 0 with value: 0.1621364468091527.[0m
[32m[I 2025-01-31 00:18:04,817][0m Trial 3 finished with value: 0.2703065872192383 and parameters: {'observation_period_num': 124, 'train_rates': 0.9494375686321718, 'learning_rate': 0.00036328471556305636, 'batch_size': 255, 'step_size': 8, 'gamma': 0.8526610341425755}. Best is trial 0 with value: 0.1621364468091527.[0m
[32m[I 2025-01-31 00:18:37,815][0m Trial 4 finished with value: 0.13330143166449962 and parameters: {'observation_period_num': 120, 'train_rates': 0.6275362714641197, 'learning_rate': 0.00013705483504550272, 'batch_size': 137, 'step_size': 4, 'gamma': 0.9500866983997491}. Best is trial 4 with value: 0.13330143166449962.[0m
[32m[I 2025-01-31 00:21:18,807][0m Trial 5 finished with value: 0.3243013005535882 and parameters: {'observation_period_num': 19, 'train_rates': 0.7731538878160056, 'learning_rate': 1.0057964719109888e-06, 'batch_size': 31, 'step_size': 4, 'gamma': 0.838151026724673}. Best is trial 4 with value: 0.13330143166449962.[0m
[32m[I 2025-01-31 00:21:47,907][0m Trial 6 finished with value: 0.2611828148365021 and parameters: {'observation_period_num': 70, 'train_rates': 0.9454444289480859, 'learning_rate': 0.00023826305861370095, 'batch_size': 221, 'step_size': 10, 'gamma': 0.809224912016557}. Best is trial 4 with value: 0.13330143166449962.[0m
[32m[I 2025-01-31 00:22:10,372][0m Trial 7 finished with value: 0.23653461386079658 and parameters: {'observation_period_num': 188, 'train_rates': 0.8682504630004166, 'learning_rate': 3.4166892129881076e-05, 'batch_size': 240, 'step_size': 5, 'gamma': 0.9447228791504673}. Best is trial 4 with value: 0.13330143166449962.[0m
[32m[I 2025-01-31 00:23:04,861][0m Trial 8 finished with value: 0.10177256035921205 and parameters: {'observation_period_num': 47, 'train_rates': 0.8062607896052056, 'learning_rate': 0.00027471546357985514, 'batch_size': 95, 'step_size': 15, 'gamma': 0.8995058836007653}. Best is trial 8 with value: 0.10177256035921205.[0m
[32m[I 2025-01-31 00:23:41,252][0m Trial 9 finished with value: 0.42799124642023967 and parameters: {'observation_period_num': 232, 'train_rates': 0.9306406552818839, 'learning_rate': 1.2870494218288324e-05, 'batch_size': 150, 'step_size': 11, 'gamma': 0.8464146933937989}. Best is trial 8 with value: 0.10177256035921205.[0m
[32m[I 2025-01-31 00:24:34,782][0m Trial 10 finished with value: 0.09663489439657756 and parameters: {'observation_period_num': 24, 'train_rates': 0.7610006708871344, 'learning_rate': 0.0009240394664721368, 'batch_size': 94, 'step_size': 15, 'gamma': 0.9096531616479122}. Best is trial 10 with value: 0.09663489439657756.[0m
[32m[I 2025-01-31 00:25:30,243][0m Trial 11 finished with value: 0.09052028410511909 and parameters: {'observation_period_num': 18, 'train_rates': 0.7631337832818772, 'learning_rate': 0.0006300048394657082, 'batch_size': 93, 'step_size': 15, 'gamma': 0.8950936808256236}. Best is trial 11 with value: 0.09052028410511909.[0m
[32m[I 2025-01-31 00:26:22,726][0m Trial 12 finished with value: 0.12626266051618645 and parameters: {'observation_period_num': 75, 'train_rates': 0.7217146114466327, 'learning_rate': 0.0009020227813811016, 'batch_size': 92, 'step_size': 13, 'gamma': 0.9865545931545495}. Best is trial 11 with value: 0.09052028410511909.[0m
[32m[I 2025-01-31 00:26:53,495][0m Trial 13 finished with value: 0.10080353613094005 and parameters: {'observation_period_num': 25, 'train_rates': 0.7107960208819799, 'learning_rate': 0.0009855180024323376, 'batch_size': 172, 'step_size': 1, 'gamma': 0.8946502538603267}. Best is trial 11 with value: 0.09052028410511909.[0m
[32m[I 2025-01-31 00:28:16,377][0m Trial 14 finished with value: 0.08243034815310564 and parameters: {'observation_period_num': 5, 'train_rates': 0.8138308425880747, 'learning_rate': 6.985639038613882e-05, 'batch_size': 64, 'step_size': 13, 'gamma': 0.8806775629779937}. Best is trial 14 with value: 0.08243034815310564.[0m
[32m[I 2025-01-31 00:29:43,326][0m Trial 15 finished with value: 0.08979234441943552 and parameters: {'observation_period_num': 6, 'train_rates': 0.8228728656016857, 'learning_rate': 5.856424668691659e-05, 'batch_size': 62, 'step_size': 13, 'gamma': 0.8727783409271536}. Best is trial 14 with value: 0.08243034815310564.[0m
[32m[I 2025-01-31 00:31:17,469][0m Trial 16 finished with value: 0.1375050585074064 and parameters: {'observation_period_num': 95, 'train_rates': 0.8521326687880876, 'learning_rate': 5.130179291277741e-05, 'batch_size': 56, 'step_size': 9, 'gamma': 0.8717194629525046}. Best is trial 14 with value: 0.08243034815310564.[0m
[32m[I 2025-01-31 00:36:38,930][0m Trial 17 finished with value: 0.11964747200560089 and parameters: {'observation_period_num': 55, 'train_rates': 0.82919700948333, 'learning_rate': 8.892216727780696e-06, 'batch_size': 16, 'step_size': 12, 'gamma': 0.8690618683506944}. Best is trial 14 with value: 0.08243034815310564.[0m
[32m[I 2025-01-31 00:37:20,772][0m Trial 18 finished with value: 0.15062344411019132 and parameters: {'observation_period_num': 96, 'train_rates': 0.7120701929614962, 'learning_rate': 7.713159205143196e-05, 'batch_size': 118, 'step_size': 7, 'gamma': 0.8200542539824397}. Best is trial 14 with value: 0.08243034815310564.[0m
[32m[I 2025-01-31 00:38:53,487][0m Trial 19 finished with value: 0.19738266180491493 and parameters: {'observation_period_num': 47, 'train_rates': 0.8139494656997568, 'learning_rate': 4.7423021807695965e-06, 'batch_size': 56, 'step_size': 13, 'gamma': 0.8772195488823293}. Best is trial 14 with value: 0.08243034815310564.[0m
[32m[I 2025-01-31 00:39:46,272][0m Trial 20 finished with value: 0.0385613888502121 and parameters: {'observation_period_num': 14, 'train_rates': 0.9882822592893774, 'learning_rate': 8.806475988691994e-05, 'batch_size': 118, 'step_size': 12, 'gamma': 0.9577657322522101}. Best is trial 20 with value: 0.0385613888502121.[0m
[32m[I 2025-01-31 00:40:21,623][0m Trial 21 finished with value: 0.12698328805833878 and parameters: {'observation_period_num': 6, 'train_rates': 0.8853423102338416, 'learning_rate': 9.965034277749803e-05, 'batch_size': 167, 'step_size': 12, 'gamma': 0.9887435271675483}. Best is trial 20 with value: 0.0385613888502121.[0m
[32m[I 2025-01-31 00:41:58,457][0m Trial 22 finished with value: 0.051376406103372574 and parameters: {'observation_period_num': 36, 'train_rates': 0.9791355133053066, 'learning_rate': 4.401649792785891e-05, 'batch_size': 62, 'step_size': 13, 'gamma': 0.9377539761321924}. Best is trial 20 with value: 0.0385613888502121.[0m
[32m[I 2025-01-31 00:42:51,351][0m Trial 23 finished with value: 0.05539649352431297 and parameters: {'observation_period_num': 39, 'train_rates': 0.9870956369569097, 'learning_rate': 3.075433107502277e-05, 'batch_size': 119, 'step_size': 10, 'gamma': 0.9543619734804337}. Best is trial 20 with value: 0.0385613888502121.[0m
[32m[I 2025-01-31 00:43:47,400][0m Trial 24 finished with value: 0.057259030640125275 and parameters: {'observation_period_num': 42, 'train_rates': 0.9865439245114754, 'learning_rate': 2.6710096228609703e-05, 'batch_size': 114, 'step_size': 10, 'gamma': 0.9604668691117435}. Best is trial 20 with value: 0.0385613888502121.[0m
[32m[I 2025-01-31 00:44:21,901][0m Trial 25 finished with value: 0.27420079708099365 and parameters: {'observation_period_num': 75, 'train_rates': 0.9885525729731561, 'learning_rate': 5.8820638795103474e-06, 'batch_size': 182, 'step_size': 7, 'gamma': 0.9306368537016501}. Best is trial 20 with value: 0.0385613888502121.[0m
[32m[I 2025-01-31 00:45:12,589][0m Trial 26 finished with value: 0.3538127541542053 and parameters: {'observation_period_num': 99, 'train_rates': 0.9632923150549424, 'learning_rate': 3.711510297613966e-05, 'batch_size': 117, 'step_size': 11, 'gamma': 0.9636019541526227}. Best is trial 20 with value: 0.0385613888502121.[0m
[32m[I 2025-01-31 00:45:55,545][0m Trial 27 finished with value: 0.19623379038189942 and parameters: {'observation_period_num': 36, 'train_rates': 0.9093707958264203, 'learning_rate': 1.3667896551396694e-05, 'batch_size': 133, 'step_size': 9, 'gamma': 0.9720301317056199}. Best is trial 20 with value: 0.0385613888502121.[0m
[32m[I 2025-01-31 00:46:34,579][0m Trial 28 finished with value: 0.640787661075592 and parameters: {'observation_period_num': 63, 'train_rates': 0.965222322964722, 'learning_rate': 2.0352042600178497e-06, 'batch_size': 155, 'step_size': 10, 'gamma': 0.9336009770381891}. Best is trial 20 with value: 0.0385613888502121.[0m
[32m[I 2025-01-31 00:47:08,998][0m Trial 29 finished with value: 0.0972290113568306 and parameters: {'observation_period_num': 88, 'train_rates': 0.9843481897419137, 'learning_rate': 0.00011880466887881572, 'batch_size': 186, 'step_size': 12, 'gamma': 0.9423473655403513}. Best is trial 20 with value: 0.0385613888502121.[0m
[32m[I 2025-01-31 00:48:20,763][0m Trial 30 finished with value: 0.20725642162349384 and parameters: {'observation_period_num': 146, 'train_rates': 0.9100356466671722, 'learning_rate': 1.8336361775971524e-05, 'batch_size': 76, 'step_size': 14, 'gamma': 0.974942793276287}. Best is trial 20 with value: 0.0385613888502121.[0m
[32m[I 2025-01-31 00:49:15,578][0m Trial 31 finished with value: 0.08059781044721603 and parameters: {'observation_period_num': 49, 'train_rates': 0.9886002479495581, 'learning_rate': 2.5461246275594372e-05, 'batch_size': 113, 'step_size': 10, 'gamma': 0.9612338091962751}. Best is trial 20 with value: 0.0385613888502121.[0m
[32m[I 2025-01-31 00:50:02,388][0m Trial 32 finished with value: 0.2857837378978729 and parameters: {'observation_period_num': 35, 'train_rates': 0.9640666801875105, 'learning_rate': 3.999468737573225e-05, 'batch_size': 129, 'step_size': 11, 'gamma': 0.923540634267143}. Best is trial 20 with value: 0.0385613888502121.[0m
[32m[I 2025-01-31 00:50:56,052][0m Trial 33 finished with value: 0.20382771301682634 and parameters: {'observation_period_num': 33, 'train_rates': 0.9309188537144387, 'learning_rate': 2.5356121955003268e-05, 'batch_size': 109, 'step_size': 9, 'gamma': 0.9500406336015245}. Best is trial 20 with value: 0.0385613888502121.[0m
[32m[I 2025-01-31 00:53:24,041][0m Trial 34 finished with value: 0.35915731734463147 and parameters: {'observation_period_num': 179, 'train_rates': 0.9498046478272859, 'learning_rate': 1.5926262222109484e-05, 'batch_size': 37, 'step_size': 8, 'gamma': 0.7529006234877254}. Best is trial 20 with value: 0.0385613888502121.[0m
[32m[I 2025-01-31 00:54:02,522][0m Trial 35 finished with value: 0.15730480730850646 and parameters: {'observation_period_num': 60, 'train_rates': 0.9027187514476607, 'learning_rate': 0.00016882595283919036, 'batch_size': 151, 'step_size': 11, 'gamma': 0.9168054640140596}. Best is trial 20 with value: 0.0385613888502121.[0m
[32m[I 2025-01-31 00:55:15,620][0m Trial 36 finished with value: 0.39164102503231596 and parameters: {'observation_period_num': 108, 'train_rates': 0.9704855384402821, 'learning_rate': 8.732191577771584e-05, 'batch_size': 81, 'step_size': 14, 'gamma': 0.9597380566617117}. Best is trial 20 with value: 0.0385613888502121.[0m
[32m[I 2025-01-31 00:56:11,108][0m Trial 37 finished with value: 0.2859741965485685 and parameters: {'observation_period_num': 39, 'train_rates': 0.9386276869032832, 'learning_rate': 8.512982528125538e-06, 'batch_size': 106, 'step_size': 7, 'gamma': 0.9788811996837331}. Best is trial 20 with value: 0.0385613888502121.[0m
[32m[I 2025-01-31 00:56:43,163][0m Trial 38 finished with value: 0.16329885087907314 and parameters: {'observation_period_num': 79, 'train_rates': 0.6131191158244238, 'learning_rate': 4.949852509897157e-05, 'batch_size': 139, 'step_size': 12, 'gamma': 0.9376349094827983}. Best is trial 20 with value: 0.0385613888502121.[0m
[32m[I 2025-01-31 00:57:41,787][0m Trial 39 finished with value: 0.1137165605750677 and parameters: {'observation_period_num': 20, 'train_rates': 0.6626957740343059, 'learning_rate': 2.6655498857315917e-05, 'batch_size': 80, 'step_size': 10, 'gamma': 0.9603119056337234}. Best is trial 20 with value: 0.0385613888502121.[0m
Early stopping at epoch 56
[32m[I 2025-01-31 00:58:07,416][0m Trial 40 finished with value: 0.32586965371261944 and parameters: {'observation_period_num': 118, 'train_rates': 0.883581743702632, 'learning_rate': 0.0001841472066775976, 'batch_size': 126, 'step_size': 1, 'gamma': 0.7782707331172373}. Best is trial 20 with value: 0.0385613888502121.[0m
[32m[I 2025-01-31 00:59:04,978][0m Trial 41 finished with value: 0.061558205634355545 and parameters: {'observation_period_num': 51, 'train_rates': 0.9865655869574994, 'learning_rate': 2.3597894775972145e-05, 'batch_size': 109, 'step_size': 10, 'gamma': 0.9586248059019201}. Best is trial 20 with value: 0.0385613888502121.[0m
[32m[I 2025-01-31 01:00:01,770][0m Trial 42 finished with value: 0.287655949060406 and parameters: {'observation_period_num': 63, 'train_rates': 0.951587010267639, 'learning_rate': 3.9305318205858504e-05, 'batch_size': 102, 'step_size': 8, 'gamma': 0.9494334745716057}. Best is trial 20 with value: 0.0385613888502121.[0m
[32m[I 2025-01-31 01:00:44,586][0m Trial 43 finished with value: 0.094326913356781 and parameters: {'observation_period_num': 47, 'train_rates': 0.9773951368723118, 'learning_rate': 2.04527400179865e-05, 'batch_size': 146, 'step_size': 11, 'gamma': 0.9700792495491329}. Best is trial 20 with value: 0.0385613888502121.[0m
[32m[I 2025-01-31 01:02:40,854][0m Trial 44 finished with value: 0.18818155701526187 and parameters: {'observation_period_num': 17, 'train_rates': 0.9252890993013375, 'learning_rate': 9.941001937345546e-06, 'batch_size': 49, 'step_size': 9, 'gamma': 0.9078479657339603}. Best is trial 20 with value: 0.0385613888502121.[0m
[32m[I 2025-01-31 01:03:27,367][0m Trial 45 finished with value: 0.32771573180244085 and parameters: {'observation_period_num': 232, 'train_rates': 0.9538393066969926, 'learning_rate': 0.00039270270957568666, 'batch_size': 123, 'step_size': 10, 'gamma': 0.9223192604561676}. Best is trial 20 with value: 0.0385613888502121.[0m
[32m[I 2025-01-31 01:04:38,802][0m Trial 46 finished with value: 0.35247254371643066 and parameters: {'observation_period_num': 29, 'train_rates': 0.9739641106342293, 'learning_rate': 3.0139513528242733e-05, 'batch_size': 83, 'step_size': 8, 'gamma': 0.954654702638541}. Best is trial 20 with value: 0.0385613888502121.[0m
[32m[I 2025-01-31 01:05:07,351][0m Trial 47 finished with value: 0.258554607629776 and parameters: {'observation_period_num': 133, 'train_rates': 0.9349700573781596, 'learning_rate': 6.291539385447307e-05, 'batch_size': 203, 'step_size': 12, 'gamma': 0.9800727001840095}. Best is trial 20 with value: 0.0385613888502121.[0m
[32m[I 2025-01-31 01:05:40,171][0m Trial 48 finished with value: 0.2295157504229506 and parameters: {'observation_period_num': 251, 'train_rates': 0.865735536202219, 'learning_rate': 0.00012476378217030654, 'batch_size': 160, 'step_size': 14, 'gamma': 0.9363906684118946}. Best is trial 20 with value: 0.0385613888502121.[0m
[32m[I 2025-01-31 01:06:39,173][0m Trial 49 finished with value: 0.1808877444461636 and parameters: {'observation_period_num': 44, 'train_rates': 0.9210408597258585, 'learning_rate': 4.563253635828782e-05, 'batch_size': 99, 'step_size': 6, 'gamma': 0.9448291830752422}. Best is trial 20 with value: 0.0385613888502121.[0m
trend „ÅÆÊúÄÈÅ©„Éè„Ç§„Éë„Éº„Éë„É©„É°„Éº„Çø„ÅåË¶ã„Å§„Åã„Çä„Åæ„Åó„Åü
ÊúÄÈÅ©ÂåñÂØæË±°: seasonal_0
[32m[I 2025-01-31 01:06:39,184][0m A new study created in memory with name: no-name-1131d547-2215-43a1-bc11-0abfebfe24c8[0m
[32m[I 2025-01-31 01:07:07,498][0m Trial 0 finished with value: 0.2468563387330794 and parameters: {'observation_period_num': 128, 'train_rates': 0.893305314222042, 'learning_rate': 0.00011622334922628532, 'batch_size': 198, 'step_size': 3, 'gamma': 0.839613677358429}. Best is trial 0 with value: 0.2468563387330794.[0m
[32m[I 2025-01-31 01:07:35,521][0m Trial 1 finished with value: 0.19933184540720397 and parameters: {'observation_period_num': 184, 'train_rates': 0.6977153114407147, 'learning_rate': 0.0007762045764041518, 'batch_size': 171, 'step_size': 7, 'gamma': 0.9575838106800162}. Best is trial 1 with value: 0.19933184540720397.[0m
[32m[I 2025-01-31 01:07:56,946][0m Trial 2 finished with value: 0.15750252065082934 and parameters: {'observation_period_num': 92, 'train_rates': 0.6939035283058549, 'learning_rate': 0.00044318396299686334, 'batch_size': 237, 'step_size': 3, 'gamma': 0.7653628264847334}. Best is trial 2 with value: 0.15750252065082934.[0m
[32m[I 2025-01-31 01:08:32,992][0m Trial 3 finished with value: 0.32533249258995056 and parameters: {'observation_period_num': 218, 'train_rates': 0.9519577101504897, 'learning_rate': 6.597699579887976e-05, 'batch_size': 160, 'step_size': 13, 'gamma': 0.8595585174092593}. Best is trial 2 with value: 0.15750252065082934.[0m
[32m[I 2025-01-31 01:08:57,359][0m Trial 4 finished with value: 0.39875003695487976 and parameters: {'observation_period_num': 249, 'train_rates': 0.9246733182449638, 'learning_rate': 1.4967021402631192e-05, 'batch_size': 249, 'step_size': 14, 'gamma': 0.9207305329475306}. Best is trial 2 with value: 0.15750252065082934.[0m
[32m[I 2025-01-31 01:09:36,166][0m Trial 5 finished with value: 0.4927419809943651 and parameters: {'observation_period_num': 128, 'train_rates': 0.9112276195629182, 'learning_rate': 3.570167823200301e-06, 'batch_size': 143, 'step_size': 5, 'gamma': 0.9828493489078277}. Best is trial 2 with value: 0.15750252065082934.[0m
[32m[I 2025-01-31 01:10:05,012][0m Trial 6 finished with value: 0.25563823927953405 and parameters: {'observation_period_num': 130, 'train_rates': 0.8176242332246758, 'learning_rate': 1.0716200054005324e-05, 'batch_size': 181, 'step_size': 14, 'gamma': 0.9504954656462762}. Best is trial 2 with value: 0.15750252065082934.[0m
[32m[I 2025-01-31 01:11:31,013][0m Trial 7 finished with value: 0.11851522064692266 and parameters: {'observation_period_num': 15, 'train_rates': 0.8739879694171548, 'learning_rate': 3.5689046829133734e-05, 'batch_size': 63, 'step_size': 15, 'gamma': 0.8380833763224808}. Best is trial 7 with value: 0.11851522064692266.[0m
[32m[I 2025-01-31 01:11:55,674][0m Trial 8 finished with value: 0.38120143711566923 and parameters: {'observation_period_num': 160, 'train_rates': 0.8781875399598391, 'learning_rate': 1.2565573776697613e-05, 'batch_size': 238, 'step_size': 15, 'gamma': 0.7555476353105957}. Best is trial 7 with value: 0.11851522064692266.[0m
[32m[I 2025-01-31 01:12:28,870][0m Trial 9 finished with value: 0.2968780016899109 and parameters: {'observation_period_num': 160, 'train_rates': 0.6867341622769667, 'learning_rate': 0.0009378754691405232, 'batch_size': 140, 'step_size': 15, 'gamma': 0.9496320647638914}. Best is trial 7 with value: 0.11851522064692266.[0m
[32m[I 2025-01-31 01:14:03,648][0m Trial 10 finished with value: 0.2578523957356197 and parameters: {'observation_period_num': 19, 'train_rates': 0.7932163181389403, 'learning_rate': 1.5726521363322813e-06, 'batch_size': 53, 'step_size': 10, 'gamma': 0.8130863256523204}. Best is trial 7 with value: 0.11851522064692266.[0m
Early stopping at epoch 53
[32m[I 2025-01-31 01:15:00,674][0m Trial 11 finished with value: 0.15376815288724385 and parameters: {'observation_period_num': 22, 'train_rates': 0.6193319008677516, 'learning_rate': 0.0002216696325696131, 'batch_size': 41, 'step_size': 1, 'gamma': 0.751367782571729}. Best is trial 7 with value: 0.11851522064692266.[0m
Early stopping at epoch 83
[32m[I 2025-01-31 01:16:21,295][0m Trial 12 finished with value: 0.1415419877160084 and parameters: {'observation_period_num': 14, 'train_rates': 0.6095807751625614, 'learning_rate': 0.00016198245585945155, 'batch_size': 44, 'step_size': 1, 'gamma': 0.8047927995561732}. Best is trial 7 with value: 0.11851522064692266.[0m
[32m[I 2025-01-31 01:17:32,681][0m Trial 13 finished with value: 0.11730884148132759 and parameters: {'observation_period_num': 64, 'train_rates': 0.805338366140357, 'learning_rate': 4.245437797569777e-05, 'batch_size': 72, 'step_size': 10, 'gamma': 0.8134409104210355}. Best is trial 13 with value: 0.11730884148132759.[0m
[32m[I 2025-01-31 01:18:29,699][0m Trial 14 finished with value: 0.11559040150041407 and parameters: {'observation_period_num': 63, 'train_rates': 0.7913275504595257, 'learning_rate': 3.660521072736079e-05, 'batch_size': 91, 'step_size': 11, 'gamma': 0.8932526317761433}. Best is trial 14 with value: 0.11559040150041407.[0m
