[32m[I 2025-01-31 03:03:32,302][0m Trial 31 finished with value: 0.08832560205056493 and parameters: {'observation_period_num': 24, 'train_rates': 0.775493600694652, 'learning_rate': 0.0002289607463371817, 'batch_size': 187, 'step_size': 9, 'gamma': 0.9091319901488708}. Best is trial 19 with value: 0.07945931159725814.[0m
[32m[I 2025-01-31 03:04:03,309][0m Trial 32 finished with value: 0.09507352777338221 and parameters: {'observation_period_num': 26, 'train_rates': 0.7468912627352884, 'learning_rate': 6.973088970708578e-05, 'batch_size': 178, 'step_size': 9, 'gamma': 0.9123068465536616}. Best is trial 19 with value: 0.07945931159725814.[0m
[32m[I 2025-01-31 03:04:30,800][0m Trial 33 finished with value: 0.10497347909589579 and parameters: {'observation_period_num': 51, 'train_rates': 0.7659837011119763, 'learning_rate': 0.00018915963209350882, 'batch_size': 187, 'step_size': 5, 'gamma': 0.9347955590230717}. Best is trial 19 with value: 0.07945931159725814.[0m
[32m[I 2025-01-31 03:05:05,231][0m Trial 34 finished with value: 0.07397441527102483 and parameters: {'observation_period_num': 5, 'train_rates': 0.7140109728209583, 'learning_rate': 0.00020335232478945983, 'batch_size': 146, 'step_size': 7, 'gamma': 0.9030131574826116}. Best is trial 34 with value: 0.07397441527102483.[0m
[32m[I 2025-01-31 03:05:45,134][0m Trial 35 finished with value: 0.10684735261155331 and parameters: {'observation_period_num': 7, 'train_rates': 0.6783126985151178, 'learning_rate': 3.150366715807063e-05, 'batch_size': 121, 'step_size': 5, 'gamma': 0.8946966353651455}. Best is trial 34 with value: 0.07397441527102483.[0m
[32m[I 2025-01-31 03:06:44,196][0m Trial 36 finished with value: 0.09418407859598278 and parameters: {'observation_period_num': 37, 'train_rates': 0.7164787036155942, 'learning_rate': 0.000542378329815971, 'batch_size': 82, 'step_size': 7, 'gamma': 0.8775933485011845}. Best is trial 34 with value: 0.07397441527102483.[0m
[32m[I 2025-01-31 03:07:15,630][0m Trial 37 finished with value: 0.18679459415139782 and parameters: {'observation_period_num': 245, 'train_rates': 0.639060189519081, 'learning_rate': 0.00011684542862756528, 'batch_size': 139, 'step_size': 6, 'gamma': 0.9256335924418801}. Best is trial 34 with value: 0.07397441527102483.[0m
[32m[I 2025-01-31 03:07:46,101][0m Trial 38 finished with value: 0.15390727256619652 and parameters: {'observation_period_num': 153, 'train_rates': 0.6929184244167822, 'learning_rate': 5.741968950691557e-05, 'batch_size': 151, 'step_size': 8, 'gamma': 0.944875134316045}. Best is trial 34 with value: 0.07397441527102483.[0m
[32m[I 2025-01-31 03:08:13,105][0m Trial 39 finished with value: 0.2781804311534633 and parameters: {'observation_period_num': 76, 'train_rates': 0.640299032228449, 'learning_rate': 9.906994190769616e-06, 'batch_size': 171, 'step_size': 11, 'gamma': 0.9682435923593579}. Best is trial 34 with value: 0.07397441527102483.[0m
[32m[I 2025-01-31 03:08:56,822][0m Trial 40 finished with value: 0.08290066218929376 and parameters: {'observation_period_num': 17, 'train_rates': 0.715451681068383, 'learning_rate': 0.0003990842560679112, 'batch_size': 113, 'step_size': 4, 'gamma': 0.8571842660394549}. Best is trial 34 with value: 0.07397441527102483.[0m
[32m[I 2025-01-31 03:09:40,492][0m Trial 41 finished with value: 0.07639102089509063 and parameters: {'observation_period_num': 17, 'train_rates': 0.7167829673608048, 'learning_rate': 0.0003346386364639, 'batch_size': 112, 'step_size': 4, 'gamma': 0.862277612509977}. Best is trial 34 with value: 0.07397441527102483.[0m
[32m[I 2025-01-31 03:10:19,475][0m Trial 42 finished with value: 0.08113173705000189 and parameters: {'observation_period_num': 17, 'train_rates': 0.7217072446976088, 'learning_rate': 0.00038165549795577693, 'batch_size': 126, 'step_size': 4, 'gamma': 0.8624881587880988}. Best is trial 34 with value: 0.07397441527102483.[0m
[32m[I 2025-01-31 03:10:58,545][0m Trial 43 finished with value: 0.08312827140661867 and parameters: {'observation_period_num': 19, 'train_rates': 0.7143690108154575, 'learning_rate': 0.0006774847674469649, 'batch_size': 124, 'step_size': 3, 'gamma': 0.8669255467902867}. Best is trial 34 with value: 0.07397441527102483.[0m
[32m[I 2025-01-31 03:11:48,088][0m Trial 44 finished with value: 0.10215692362267612 and parameters: {'observation_period_num': 49, 'train_rates': 0.7511440796678012, 'learning_rate': 0.0003883020598956356, 'batch_size': 103, 'step_size': 4, 'gamma': 0.8494234737952711}. Best is trial 34 with value: 0.07397441527102483.[0m
[32m[I 2025-01-31 03:13:02,104][0m Trial 45 finished with value: 0.08181852413110033 and parameters: {'observation_period_num': 18, 'train_rates': 0.7282921150397851, 'learning_rate': 0.0004245080673437897, 'batch_size': 65, 'step_size': 3, 'gamma': 0.8105611406220109}. Best is trial 34 with value: 0.07397441527102483.[0m
[32m[I 2025-01-31 03:16:25,192][0m Trial 46 finished with value: 0.09782991134676651 and parameters: {'observation_period_num': 61, 'train_rates': 0.7341178414679386, 'learning_rate': 0.0005885434401741769, 'batch_size': 23, 'step_size': 3, 'gamma': 0.7762558524239566}. Best is trial 34 with value: 0.07397441527102483.[0m
[32m[I 2025-01-31 03:17:33,756][0m Trial 47 finished with value: 0.08493971702071929 and parameters: {'observation_period_num': 17, 'train_rates': 0.6830844146034327, 'learning_rate': 0.0008934831675972258, 'batch_size': 68, 'step_size': 2, 'gamma': 0.8398061422114953}. Best is trial 34 with value: 0.07397441527102483.[0m
[32m[I 2025-01-31 03:18:58,853][0m Trial 48 finished with value: 0.2666373457506065 and parameters: {'observation_period_num': 196, 'train_rates': 0.6533801536649604, 'learning_rate': 0.00021650667552053506, 'batch_size': 49, 'step_size': 2, 'gamma': 0.8017763660620787}. Best is trial 34 with value: 0.07397441527102483.[0m
[32m[I 2025-01-31 03:19:48,721][0m Trial 49 finished with value: 0.09408824611205517 and parameters: {'observation_period_num': 42, 'train_rates': 0.6155435217109643, 'learning_rate': 0.00034312905363263844, 'batch_size': 88, 'step_size': 5, 'gamma': 0.8091612648055324}. Best is trial 34 with value: 0.07397441527102483.[0m
seasonal_1 „ÅÆÊúÄÈÅ©„Éè„Ç§„Éë„Éº„Éë„É©„É°„Éº„Çø„ÅåË¶ã„Å§„Åã„Çä„Åæ„Åó„Åü
ÊúÄÈÅ©ÂåñÂØæË±°: seasonal_2
[32m[I 2025-01-31 03:19:48,731][0m A new study created in memory with name: no-name-2d671baa-f3ee-4288-8691-ca9ac5441f5b[0m
[32m[I 2025-01-31 03:24:00,818][0m Trial 0 finished with value: 0.23582533464686017 and parameters: {'observation_period_num': 120, 'train_rates': 0.622412972526085, 'learning_rate': 7.559035548973326e-06, 'batch_size': 16, 'step_size': 11, 'gamma': 0.8050427551911105}. Best is trial 0 with value: 0.23582533464686017.[0m
[32m[I 2025-01-31 03:24:31,216][0m Trial 1 finished with value: 0.2845694183101846 and parameters: {'observation_period_num': 155, 'train_rates': 0.6808787299732787, 'learning_rate': 1.7035269053641785e-05, 'batch_size': 156, 'step_size': 12, 'gamma': 0.8485278310204075}. Best is trial 0 with value: 0.23582533464686017.[0m
[32m[I 2025-01-31 03:25:03,385][0m Trial 2 finished with value: 0.13579767131241116 and parameters: {'observation_period_num': 25, 'train_rates': 0.884740152863521, 'learning_rate': 6.484869779752224e-05, 'batch_size': 177, 'step_size': 13, 'gamma': 0.8778703173296132}. Best is trial 2 with value: 0.13579767131241116.[0m
[32m[I 2025-01-31 03:25:26,580][0m Trial 3 finished with value: 0.10851163027911365 and parameters: {'observation_period_num': 56, 'train_rates': 0.8071210568115125, 'learning_rate': 0.0003868627792940309, 'batch_size': 256, 'step_size': 6, 'gamma': 0.9557131960503047}. Best is trial 3 with value: 0.10851163027911365.[0m
[32m[I 2025-01-31 03:25:51,579][0m Trial 4 finished with value: 0.6196012486725809 and parameters: {'observation_period_num': 72, 'train_rates': 0.6051362271573675, 'learning_rate': 1.973130786634247e-06, 'batch_size': 175, 'step_size': 15, 'gamma': 0.9194253523121116}. Best is trial 3 with value: 0.10851163027911365.[0m
[32m[I 2025-01-31 03:26:13,954][0m Trial 5 finished with value: 0.19222833882729398 and parameters: {'observation_period_num': 135, 'train_rates': 0.8485496067630047, 'learning_rate': 0.0003682829010187596, 'batch_size': 239, 'step_size': 3, 'gamma': 0.7633174649583049}. Best is trial 3 with value: 0.10851163027911365.[0m
[32m[I 2025-01-31 03:26:44,159][0m Trial 6 finished with value: 0.29996541142463684 and parameters: {'observation_period_num': 89, 'train_rates': 0.9592691352116891, 'learning_rate': 0.0008729144652779544, 'batch_size': 207, 'step_size': 11, 'gamma': 0.8928705268612174}. Best is trial 3 with value: 0.10851163027911365.[0m
[32m[I 2025-01-31 03:27:17,557][0m Trial 7 finished with value: 0.1380634374681272 and parameters: {'observation_period_num': 130, 'train_rates': 0.8316720738941334, 'learning_rate': 0.0005323031401010376, 'batch_size': 157, 'step_size': 11, 'gamma': 0.9019953785987542}. Best is trial 3 with value: 0.10851163027911365.[0m
[32m[I 2025-01-31 03:28:15,544][0m Trial 8 finished with value: 0.07480635736137628 and parameters: {'observation_period_num': 6, 'train_rates': 0.7286412279030541, 'learning_rate': 0.00011318378612943035, 'batch_size': 85, 'step_size': 8, 'gamma': 0.982405484334268}. Best is trial 8 with value: 0.07480635736137628.[0m
[32m[I 2025-01-31 03:29:43,481][0m Trial 9 finished with value: 0.5575761359017883 and parameters: {'observation_period_num': 156, 'train_rates': 0.7288985394442812, 'learning_rate': 1.7553515085855196e-06, 'batch_size': 51, 'step_size': 13, 'gamma': 0.8404755499630806}. Best is trial 8 with value: 0.07480635736137628.[0m
[32m[I 2025-01-31 03:30:35,016][0m Trial 10 finished with value: 0.18050914885236896 and parameters: {'observation_period_num': 242, 'train_rates': 0.7359094010205265, 'learning_rate': 8.237413126252127e-05, 'batch_size': 89, 'step_size': 7, 'gamma': 0.9826405567601296}. Best is trial 8 with value: 0.07480635736137628.[0m
[32m[I 2025-01-31 03:31:21,900][0m Trial 11 finished with value: 0.08129405642490416 and parameters: {'observation_period_num': 19, 'train_rates': 0.769533643184072, 'learning_rate': 0.00018752266914980913, 'batch_size': 108, 'step_size': 6, 'gamma': 0.9828614709181075}. Best is trial 8 with value: 0.07480635736137628.[0m
[32m[I 2025-01-31 03:32:09,183][0m Trial 12 finished with value: 0.07910042177340966 and parameters: {'observation_period_num': 5, 'train_rates': 0.7424866809685375, 'learning_rate': 0.0001128178457709245, 'batch_size': 108, 'step_size': 4, 'gamma': 0.9889433636315389}. Best is trial 8 with value: 0.07480635736137628.[0m
[32m[I 2025-01-31 03:32:55,173][0m Trial 13 finished with value: 0.11652830860285616 and parameters: {'observation_period_num': 9, 'train_rates': 0.6814770907308985, 'learning_rate': 3.0209242853940535e-05, 'batch_size': 104, 'step_size': 2, 'gamma': 0.9410399449708093}. Best is trial 8 with value: 0.07480635736137628.[0m
[32m[I 2025-01-31 03:33:59,038][0m Trial 14 finished with value: 0.09251906894220521 and parameters: {'observation_period_num': 48, 'train_rates': 0.6844431433217043, 'learning_rate': 0.00011775857669850584, 'batch_size': 73, 'step_size': 4, 'gamma': 0.9486122707462882}. Best is trial 8 with value: 0.07480635736137628.[0m
[32m[I 2025-01-31 03:34:39,239][0m Trial 15 finished with value: 0.24616356505458378 and parameters: {'observation_period_num': 215, 'train_rates': 0.7729789252107552, 'learning_rate': 1.1720672000625933e-05, 'batch_size': 120, 'step_size': 9, 'gamma': 0.9875745188339219}. Best is trial 8 with value: 0.07480635736137628.[0m
[32m[I 2025-01-31 03:36:19,581][0m Trial 16 finished with value: 0.16827236823025782 and parameters: {'observation_period_num': 90, 'train_rates': 0.8903505527449984, 'learning_rate': 4.510240321855789e-05, 'batch_size': 54, 'step_size': 9, 'gamma': 0.9236675379735998}. Best is trial 8 with value: 0.07480635736137628.[0m
[32m[I 2025-01-31 03:36:58,857][0m Trial 17 finished with value: 0.08579239536290455 and parameters: {'observation_period_num': 5, 'train_rates': 0.7279736340863521, 'learning_rate': 0.00019037316867771554, 'batch_size': 130, 'step_size': 1, 'gamma': 0.9637045583960753}. Best is trial 8 with value: 0.07480635736137628.[0m
[32m[I 2025-01-31 03:41:48,839][0m Trial 18 finished with value: 0.058273430448025465 and parameters: {'observation_period_num': 52, 'train_rates': 0.9889648789937507, 'learning_rate': 2.4810551694002915e-05, 'batch_size': 20, 'step_size': 5, 'gamma': 0.9302092778840485}. Best is trial 18 with value: 0.058273430448025465.[0m
[32m[I 2025-01-31 03:46:53,928][0m Trial 19 finished with value: 0.06778661624805347 and parameters: {'observation_period_num': 40, 'train_rates': 0.9875601538202957, 'learning_rate': 4.709265155066931e-06, 'batch_size': 19, 'step_size': 8, 'gamma': 0.9228694691664578}. Best is trial 18 with value: 0.058273430448025465.[0m
[32m[I 2025-01-31 03:52:50,050][0m Trial 20 finished with value: 0.4502699511406356 and parameters: {'observation_period_num': 46, 'train_rates': 0.9750541855812223, 'learning_rate': 4.710988431475901e-06, 'batch_size': 16, 'step_size': 5, 'gamma': 0.8615514707489853}. Best is trial 18 with value: 0.058273430448025465.[0m
[32m[I 2025-01-31 03:55:03,775][0m Trial 21 finished with value: 0.25527032697573304 and parameters: {'observation_period_num': 36, 'train_rates': 0.9233735148755571, 'learning_rate': 3.854166167236406e-06, 'batch_size': 42, 'step_size': 8, 'gamma': 0.9221853258219718}. Best is trial 18 with value: 0.058273430448025465.[0m
[32m[I 2025-01-31 03:57:44,579][0m Trial 22 finished with value: 0.0985160619020462 and parameters: {'observation_period_num': 72, 'train_rates': 0.9887675229380656, 'learning_rate': 2.653880752924682e-05, 'batch_size': 36, 'step_size': 8, 'gamma': 0.9008642554650554}. Best is trial 18 with value: 0.058273430448025465.[0m
[32m[I 2025-01-31 03:59:01,648][0m Trial 23 finished with value: 0.23959212154150009 and parameters: {'observation_period_num': 66, 'train_rates': 0.9377296202877825, 'learning_rate': 1.5000769069347013e-05, 'batch_size': 74, 'step_size': 9, 'gamma': 0.9375599270779368}. Best is trial 18 with value: 0.058273430448025465.[0m
[32m[I 2025-01-31 04:00:21,203][0m Trial 24 finished with value: 0.6812841445207596 and parameters: {'observation_period_num': 98, 'train_rates': 0.9046651505068051, 'learning_rate': 1.1808358487429527e-06, 'batch_size': 68, 'step_size': 6, 'gamma': 0.9645046619923799}. Best is trial 18 with value: 0.058273430448025465.[0m
[32m[I 2025-01-31 04:03:10,141][0m Trial 25 finished with value: 0.14375178854821657 and parameters: {'observation_period_num': 32, 'train_rates': 0.8596547454556218, 'learning_rate': 5.5756031842752875e-06, 'batch_size': 31, 'step_size': 7, 'gamma': 0.9277446493475395}. Best is trial 18 with value: 0.058273430448025465.[0m
[32m[I 2025-01-31 04:04:47,118][0m Trial 26 finished with value: 0.3716847083295684 and parameters: {'observation_period_num': 32, 'train_rates': 0.9431725390345067, 'learning_rate': 2.921390655502388e-06, 'batch_size': 59, 'step_size': 10, 'gamma': 0.8886185657555725}. Best is trial 18 with value: 0.058273430448025465.[0m
[32m[I 2025-01-31 04:05:44,117][0m Trial 27 finished with value: 0.1911404038954705 and parameters: {'observation_period_num': 107, 'train_rates': 0.8097119213583416, 'learning_rate': 8.712587594050992e-06, 'batch_size': 89, 'step_size': 5, 'gamma': 0.9663559881054146}. Best is trial 18 with value: 0.058273430448025465.[0m
[32m[I 2025-01-31 04:10:27,547][0m Trial 28 finished with value: 0.3162091946009026 and parameters: {'observation_period_num': 60, 'train_rates': 0.9678982130367111, 'learning_rate': 5.334190991604907e-05, 'batch_size': 20, 'step_size': 4, 'gamma': 0.9090457749588206}. Best is trial 18 with value: 0.058273430448025465.[0m
[32m[I 2025-01-31 04:12:35,496][0m Trial 29 finished with value: 0.20196683515877834 and parameters: {'observation_period_num': 202, 'train_rates': 0.6502505190402746, 'learning_rate': 2.3157932104629133e-05, 'batch_size': 32, 'step_size': 7, 'gamma': 0.8127209442718419}. Best is trial 18 with value: 0.058273430448025465.[0m
[32m[I 2025-01-31 04:13:40,782][0m Trial 30 finished with value: 0.18002250790596008 and parameters: {'observation_period_num': 116, 'train_rates': 0.9885876280964229, 'learning_rate': 1.0482556890191512e-05, 'batch_size': 88, 'step_size': 10, 'gamma': 0.8718301874527178}. Best is trial 18 with value: 0.058273430448025465.[0m
[32m[I 2025-01-31 04:14:16,957][0m Trial 31 finished with value: 0.0835935029708132 and parameters: {'observation_period_num': 7, 'train_rates': 0.7585873129381291, 'learning_rate': 0.00016772697468383875, 'batch_size': 147, 'step_size': 3, 'gamma': 0.9742117062203456}. Best is trial 18 with value: 0.058273430448025465.[0m
[32m[I 2025-01-31 04:14:58,397][0m Trial 32 finished with value: 0.0855386747507488 and parameters: {'observation_period_num': 26, 'train_rates': 0.7094198832844556, 'learning_rate': 0.00010967132230704266, 'batch_size': 116, 'step_size': 5, 'gamma': 0.9480987589248453}. Best is trial 18 with value: 0.058273430448025465.[0m
[32m[I 2025-01-31 04:15:31,760][0m Trial 33 finished with value: 0.16692901107244848 and parameters: {'observation_period_num': 47, 'train_rates': 0.6588402222859647, 'learning_rate': 4.156612699716233e-05, 'batch_size': 139, 'step_size': 4, 'gamma': 0.9893262647256834}. Best is trial 18 with value: 0.058273430448025465.[0m
[32m[I 2025-01-31 04:16:26,715][0m Trial 34 finished with value: 0.09540822966198616 and parameters: {'observation_period_num': 18, 'train_rates': 0.7926046698181555, 'learning_rate': 0.0002590518251538672, 'batch_size': 93, 'step_size': 1, 'gamma': 0.9548884115190965}. Best is trial 18 with value: 0.058273430448025465.[0m
[32m[I 2025-01-31 04:21:06,088][0m Trial 35 finished with value: 0.11589081225120965 and parameters: {'observation_period_num': 76, 'train_rates': 0.7039744880494182, 'learning_rate': 7.30534896705613e-05, 'batch_size': 16, 'step_size': 8, 'gamma': 0.9715918782446047}. Best is trial 18 with value: 0.058273430448025465.[0m
[32m[I 2025-01-31 04:21:36,233][0m Trial 36 finished with value: 0.3204436506657453 and parameters: {'observation_period_num': 42, 'train_rates': 0.7553393988768117, 'learning_rate': 1.704039538647124e-05, 'batch_size': 173, 'step_size': 3, 'gamma': 0.838197902635289}. Best is trial 18 with value: 0.058273430448025465.[0m
[32m[I 2025-01-31 04:23:19,755][0m Trial 37 finished with value: 0.08146239874960653 and parameters: {'observation_period_num': 19, 'train_rates': 0.6333450763226245, 'learning_rate': 0.00010629933661678045, 'batch_size': 42, 'step_size': 6, 'gamma': 0.7636971197426968}. Best is trial 18 with value: 0.058273430448025465.[0m
[32m[I 2025-01-31 04:23:49,158][0m Trial 38 finished with value: 0.08340293843238081 and parameters: {'observation_period_num': 5, 'train_rates': 0.792987916093422, 'learning_rate': 0.0003661433189215021, 'batch_size': 193, 'step_size': 12, 'gamma': 0.9363452464218337}. Best is trial 18 with value: 0.058273430448025465.[0m
[32m[I 2025-01-31 04:25:18,291][0m Trial 39 finished with value: 0.16487315039812905 and parameters: {'observation_period_num': 150, 'train_rates': 0.8615244805867459, 'learning_rate': 0.0009172564679629026, 'batch_size': 58, 'step_size': 2, 'gamma': 0.9130930967249133}. Best is trial 18 with value: 0.058273430448025465.[0m
[32m[I 2025-01-31 04:26:27,156][0m Trial 40 finished with value: 0.12105912358222028 and parameters: {'observation_period_num': 57, 'train_rates': 0.8346110477522499, 'learning_rate': 3.7341258580626604e-05, 'batch_size': 77, 'step_size': 14, 'gamma': 0.8849801446211206}. Best is trial 18 with value: 0.058273430448025465.[0m
[32m[I 2025-01-31 04:27:16,332][0m Trial 41 finished with value: 0.08325240933152317 and parameters: {'observation_period_num': 20, 'train_rates': 0.7755703578247819, 'learning_rate': 0.00017303652737795647, 'batch_size': 107, 'step_size': 6, 'gamma': 0.9792070052478492}. Best is trial 18 with value: 0.058273430448025465.[0m
[32m[I 2025-01-31 04:27:54,747][0m Trial 42 finished with value: 0.08843025428159211 and parameters: {'observation_period_num': 23, 'train_rates': 0.7418405779434921, 'learning_rate': 0.00026650906673810273, 'batch_size': 130, 'step_size': 7, 'gamma': 0.9600473222223379}. Best is trial 18 with value: 0.058273430448025465.[0m
[32m[I 2025-01-31 04:28:25,197][0m Trial 43 finished with value: 0.10535978216757165 and parameters: {'observation_period_num': 37, 'train_rates': 0.7097952431888769, 'learning_rate': 6.711922595607478e-05, 'batch_size': 162, 'step_size': 5, 'gamma': 0.9759883841095341}. Best is trial 18 with value: 0.058273430448025465.[0m
[32m[I 2025-01-31 04:29:14,928][0m Trial 44 finished with value: 0.09445615038275719 and parameters: {'observation_period_num': 21, 'train_rates': 0.820852251644361, 'learning_rate': 0.0005720627189494239, 'batch_size': 105, 'step_size': 6, 'gamma': 0.9520048627918962}. Best is trial 18 with value: 0.058273430448025465.[0m
[32m[I 2025-01-31 04:30:00,371][0m Trial 45 finished with value: 0.10124885969860263 and parameters: {'observation_period_num': 53, 'train_rates': 0.7626537758239111, 'learning_rate': 0.0001541035772476556, 'batch_size': 113, 'step_size': 8, 'gamma': 0.9898161994214155}. Best is trial 18 with value: 0.058273430448025465.[0m
[32m[I 2025-01-31 04:30:26,409][0m Trial 46 finished with value: 0.25187695026397705 and parameters: {'observation_period_num': 84, 'train_rates': 0.9442611679298014, 'learning_rate': 0.0006155651089499199, 'batch_size': 229, 'step_size': 10, 'gamma': 0.9309999078284396}. Best is trial 18 with value: 0.058273430448025465.[0m
