[32m[I 2025-02-05 01:16:02,145][0m Trial 48 finished with value: 1.2432777846473886 and parameters: {'observation_period_num': 122, 'train_rates': 0.6433311455123131, 'learning_rate': 0.00028174404403362457, 'batch_size': 30, 'step_size': 12, 'gamma': 0.848143887066792}. Best is trial 37 with value: 0.2215273158760363.[0m
[32m[I 2025-02-05 01:17:53,922][0m Trial 49 finished with value: 1.18930561390034 and parameters: {'observation_period_num': 94, 'train_rates': 0.9400167354686495, 'learning_rate': 1.823231548456371e-06, 'batch_size': 55, 'step_size': 15, 'gamma': 0.8101518160433236}. Best is trial 37 with value: 0.2215273158760363.[0m
seasonal_2 „ÅÆÊúÄÈÅ©„Éè„Ç§„Éë„Éº„Éë„É©„É°„Éº„Çø„ÅåË¶ã„Å§„Åã„Çä„Åæ„Åó„Åü
ÊúÄÈÅ©ÂåñÂØæË±°: seasonal_3
[32m[I 2025-02-05 01:17:53,929][0m A new study created in memory with name: no-name-1f852b45-dc11-430c-9e3e-d0a675ba0bb2[0m
[32m[I 2025-02-05 01:20:40,195][0m Trial 0 finished with value: 0.8785332578153283 and parameters: {'observation_period_num': 165, 'train_rates': 0.7281757509229867, 'learning_rate': 0.00025321050411082223, 'batch_size': 132, 'step_size': 2, 'gamma': 0.8405415808158642}. Best is trial 0 with value: 0.8785332578153283.[0m
[32m[I 2025-02-05 01:24:20,767][0m Trial 1 finished with value: 0.48232484915139484 and parameters: {'observation_period_num': 185, 'train_rates': 0.8821183417747513, 'learning_rate': 0.00016645992437792605, 'batch_size': 53, 'step_size': 2, 'gamma': 0.7625068972312863}. Best is trial 1 with value: 0.48232484915139484.[0m
[32m[I 2025-02-05 01:26:35,948][0m Trial 2 finished with value: 0.8382408918259259 and parameters: {'observation_period_num': 138, 'train_rates': 0.7573823217539181, 'learning_rate': 0.000114953410415043, 'batch_size': 241, 'step_size': 10, 'gamma': 0.7993697530111428}. Best is trial 1 with value: 0.48232484915139484.[0m
[32m[I 2025-02-05 01:28:34,238][0m Trial 3 finished with value: 1.0611382995503573 and parameters: {'observation_period_num': 126, 'train_rates': 0.7880960428801309, 'learning_rate': 2.357657604425975e-05, 'batch_size': 189, 'step_size': 8, 'gamma': 0.8445561718129981}. Best is trial 1 with value: 0.48232484915139484.[0m
[32m[I 2025-02-05 01:32:24,567][0m Trial 4 finished with value: 1.1493626570450926 and parameters: {'observation_period_num': 231, 'train_rates': 0.606631313866984, 'learning_rate': 0.0003009490113708092, 'batch_size': 65, 'step_size': 2, 'gamma': 0.8069621385137948}. Best is trial 1 with value: 0.48232484915139484.[0m
[32m[I 2025-02-05 01:35:41,541][0m Trial 5 finished with value: 0.9229885612151293 and parameters: {'observation_period_num': 204, 'train_rates': 0.6610370999472683, 'learning_rate': 0.0001180082063194226, 'batch_size': 110, 'step_size': 7, 'gamma': 0.9783359425278153}. Best is trial 1 with value: 0.48232484915139484.[0m
[32m[I 2025-02-05 01:39:17,490][0m Trial 6 finished with value: 0.935908980185321 and parameters: {'observation_period_num': 202, 'train_rates': 0.7245684463899955, 'learning_rate': 0.00018553171734986864, 'batch_size': 50, 'step_size': 15, 'gamma': 0.7772599797419719}. Best is trial 1 with value: 0.48232484915139484.[0m
[32m[I 2025-02-05 01:41:03,651][0m Trial 7 finished with value: 0.7085190590746533 and parameters: {'observation_period_num': 105, 'train_rates': 0.7815683023604933, 'learning_rate': 4.087529807800012e-05, 'batch_size': 71, 'step_size': 7, 'gamma': 0.9085769400167686}. Best is trial 1 with value: 0.48232484915139484.[0m
[32m[I 2025-02-05 01:42:06,759][0m Trial 8 finished with value: 1.1290586829185485 and parameters: {'observation_period_num': 57, 'train_rates': 0.9170931459628755, 'learning_rate': 3.6364500187245e-06, 'batch_size': 132, 'step_size': 7, 'gamma': 0.8742163973098325}. Best is trial 1 with value: 0.48232484915139484.[0m
[32m[I 2025-02-05 01:45:56,325][0m Trial 9 finished with value: 1.020921435693036 and parameters: {'observation_period_num': 211, 'train_rates': 0.6725137027469069, 'learning_rate': 1.3208838415386987e-05, 'batch_size': 39, 'step_size': 8, 'gamma': 0.890559971377037}. Best is trial 1 with value: 0.48232484915139484.[0m
[32m[I 2025-02-05 01:46:23,947][0m Trial 10 finished with value: 0.395946208120613 and parameters: {'observation_period_num': 8, 'train_rates': 0.9005935697170977, 'learning_rate': 0.0008398521817852934, 'batch_size': 184, 'step_size': 4, 'gamma': 0.9631783555399442}. Best is trial 10 with value: 0.395946208120613.[0m
[32m[I 2025-02-05 01:46:51,803][0m Trial 11 finished with value: 0.5428835399010602 and parameters: {'observation_period_num': 13, 'train_rates': 0.8960448303116326, 'learning_rate': 0.0008966690775595342, 'batch_size': 186, 'step_size': 4, 'gamma': 0.9737748915260567}. Best is trial 10 with value: 0.395946208120613.[0m
[32m[I 2025-02-05 01:48:09,316][0m Trial 12 finished with value: 0.38220465183258057 and parameters: {'observation_period_num': 72, 'train_rates': 0.9793400372507388, 'learning_rate': 0.0009477340093304372, 'batch_size': 200, 'step_size': 4, 'gamma': 0.7506983715038329}. Best is trial 12 with value: 0.38220465183258057.[0m
[32m[I 2025-02-05 01:48:36,740][0m Trial 13 finished with value: 0.2721875309944153 and parameters: {'observation_period_num': 6, 'train_rates': 0.9721955596552043, 'learning_rate': 0.0007643567529514562, 'batch_size': 198, 'step_size': 5, 'gamma': 0.9379135042946304}. Best is trial 13 with value: 0.2721875309944153.[0m
[32m[I 2025-02-05 01:49:50,282][0m Trial 14 finished with value: 0.1751745641231537 and parameters: {'observation_period_num': 68, 'train_rates': 0.9868369619996316, 'learning_rate': 0.0006165439578096811, 'batch_size': 247, 'step_size': 5, 'gamma': 0.9299592399023255}. Best is trial 14 with value: 0.1751745641231537.[0m
[32m[I 2025-02-05 01:50:42,622][0m Trial 15 finished with value: 1.5301300287246704 and parameters: {'observation_period_num': 50, 'train_rates': 0.9877340414126499, 'learning_rate': 1.379552626262894e-06, 'batch_size': 245, 'step_size': 11, 'gamma': 0.9332243637032195}. Best is trial 14 with value: 0.1751745641231537.[0m
[32m[I 2025-02-05 01:51:16,241][0m Trial 16 finished with value: 0.33668629922223897 and parameters: {'observation_period_num': 32, 'train_rates': 0.8476638345548919, 'learning_rate': 0.0004116477407955079, 'batch_size': 219, 'step_size': 5, 'gamma': 0.9392995951514492}. Best is trial 14 with value: 0.1751745641231537.[0m
[32m[I 2025-02-05 01:52:52,196][0m Trial 17 finished with value: 0.36278969049453735 and parameters: {'observation_period_num': 87, 'train_rates': 0.9594402724898734, 'learning_rate': 6.740481251616764e-05, 'batch_size': 162, 'step_size': 10, 'gamma': 0.9227267086084184}. Best is trial 14 with value: 0.1751745641231537.[0m
[32m[I 2025-02-05 01:53:28,196][0m Trial 18 finished with value: 0.39415915680539076 and parameters: {'observation_period_num': 35, 'train_rates': 0.838691083547352, 'learning_rate': 0.0004670220880262538, 'batch_size': 255, 'step_size': 5, 'gamma': 0.9503210268588022}. Best is trial 14 with value: 0.1751745641231537.[0m
[32m[I 2025-02-05 01:55:04,263][0m Trial 19 finished with value: 0.8706240057945251 and parameters: {'observation_period_num': 91, 'train_rates': 0.9560892155607018, 'learning_rate': 1.240553073397028e-05, 'batch_size': 211, 'step_size': 13, 'gamma': 0.9022466136037474}. Best is trial 14 with value: 0.1751745641231537.[0m
Early stopping at epoch 78
[32m[I 2025-02-05 01:55:34,091][0m Trial 20 finished with value: 0.9155603314333773 and parameters: {'observation_period_num': 32, 'train_rates': 0.9358946411458411, 'learning_rate': 6.699089349862457e-05, 'batch_size': 167, 'step_size': 1, 'gamma': 0.8547044193358023}. Best is trial 14 with value: 0.1751745641231537.[0m
[32m[I 2025-02-05 01:56:03,632][0m Trial 21 finished with value: 0.34955151796340944 and parameters: {'observation_period_num': 26, 'train_rates': 0.8546739551573698, 'learning_rate': 0.0004298738497385289, 'batch_size': 222, 'step_size': 5, 'gamma': 0.9415875154227982}. Best is trial 14 with value: 0.1751745641231537.[0m
[32m[I 2025-02-05 01:56:55,227][0m Trial 22 finished with value: 0.5116061018866913 and parameters: {'observation_period_num': 56, 'train_rates': 0.8521855831529163, 'learning_rate': 0.000455554932730298, 'batch_size': 227, 'step_size': 6, 'gamma': 0.9859802212964554}. Best is trial 14 with value: 0.1751745641231537.[0m
[32m[I 2025-02-05 01:57:34,821][0m Trial 23 finished with value: 0.43857369601169477 and parameters: {'observation_period_num': 42, 'train_rates': 0.8161679346057351, 'learning_rate': 0.0005560565159951699, 'batch_size': 224, 'step_size': 5, 'gamma': 0.9261319305920404}. Best is trial 14 with value: 0.1751745641231537.[0m
[32m[I 2025-02-05 02:02:15,798][0m Trial 24 finished with value: 0.25888396557196075 and parameters: {'observation_period_num': 7, 'train_rates': 0.9437030262040974, 'learning_rate': 0.0002818415517305311, 'batch_size': 17, 'step_size': 6, 'gamma': 0.9560592428341709}. Best is trial 14 with value: 0.1751745641231537.[0m
[32m[I 2025-02-05 02:06:39,626][0m Trial 25 finished with value: 0.2564628587646799 and parameters: {'observation_period_num': 8, 'train_rates': 0.9382555643241896, 'learning_rate': 0.0002443024957219544, 'batch_size': 18, 'step_size': 3, 'gamma': 0.9600602085215972}. Best is trial 14 with value: 0.1751745641231537.[0m
[32m[I 2025-02-05 02:09:52,528][0m Trial 26 finished with value: 0.2187197588875814 and parameters: {'observation_period_num': 64, 'train_rates': 0.932068379449575, 'learning_rate': 7.645998525520124e-05, 'batch_size': 24, 'step_size': 1, 'gamma': 0.9661480468342165}. Best is trial 14 with value: 0.1751745641231537.[0m
[32m[I 2025-02-05 02:11:51,293][0m Trial 27 finished with value: 0.3805059292147645 and parameters: {'observation_period_num': 111, 'train_rates': 0.9206948837525775, 'learning_rate': 8.89406432038852e-05, 'batch_size': 99, 'step_size': 1, 'gamma': 0.9611369362999546}. Best is trial 14 with value: 0.1751745641231537.[0m
[32m[I 2025-02-05 02:16:10,961][0m Trial 28 finished with value: 0.2875064514700879 and parameters: {'observation_period_num': 77, 'train_rates': 0.8742262840195176, 'learning_rate': 3.649270898995966e-05, 'batch_size': 17, 'step_size': 3, 'gamma': 0.9137519254984333}. Best is trial 14 with value: 0.1751745641231537.[0m
[32m[I 2025-02-05 02:19:43,110][0m Trial 29 finished with value: 0.1802537590265274 and parameters: {'observation_period_num': 158, 'train_rates': 0.9887860408911298, 'learning_rate': 0.0002073994799676272, 'batch_size': 33, 'step_size': 3, 'gamma': 0.9888744575196258}. Best is trial 14 with value: 0.1751745641231537.[0m
[32m[I 2025-02-05 02:22:38,972][0m Trial 30 finished with value: 0.2100532054901123 and parameters: {'observation_period_num': 146, 'train_rates': 0.9815559197479576, 'learning_rate': 0.0001704434529153618, 'batch_size': 88, 'step_size': 3, 'gamma': 0.989226887994855}. Best is trial 14 with value: 0.1751745641231537.[0m
[32m[I 2025-02-05 02:25:57,812][0m Trial 31 finished with value: 0.16732759773731232 and parameters: {'observation_period_num': 159, 'train_rates': 0.9858663933448797, 'learning_rate': 0.00015840203763515197, 'batch_size': 87, 'step_size': 3, 'gamma': 0.9863050265692794}. Best is trial 31 with value: 0.16732759773731232.[0m
[32m[I 2025-02-05 02:29:19,492][0m Trial 32 finished with value: 0.18420977890491486 and parameters: {'observation_period_num': 164, 'train_rates': 0.9881011599848187, 'learning_rate': 0.0001624049940835192, 'batch_size': 88, 'step_size': 3, 'gamma': 0.9874109113837333}. Best is trial 31 with value: 0.16732759773731232.[0m
[32m[I 2025-02-05 02:32:45,469][0m Trial 33 finished with value: 0.1484784185886383 and parameters: {'observation_period_num': 167, 'train_rates': 0.9866915906418945, 'learning_rate': 0.0001347443181048338, 'batch_size': 116, 'step_size': 2, 'gamma': 0.9894113063456607}. Best is trial 33 with value: 0.1484784185886383.[0m
[32m[I 2025-02-05 02:36:04,407][0m Trial 34 finished with value: 0.25115713477134705 and parameters: {'observation_period_num': 169, 'train_rates': 0.9613020225487487, 'learning_rate': 0.00011616980046610101, 'batch_size': 119, 'step_size': 2, 'gamma': 0.9756243043852982}. Best is trial 33 with value: 0.1484784185886383.[0m
[32m[I 2025-02-05 02:38:58,794][0m Trial 35 finished with value: 0.3431639912966135 and parameters: {'observation_period_num': 155, 'train_rates': 0.9073568822898743, 'learning_rate': 0.00025038099537741035, 'batch_size': 147, 'step_size': 2, 'gamma': 0.8869914335421777}. Best is trial 33 with value: 0.1484784185886383.[0m
[32m[I 2025-02-05 02:41:22,451][0m Trial 36 finished with value: 0.38372139183301773 and parameters: {'observation_period_num': 127, 'train_rates': 0.9555959098891345, 'learning_rate': 4.6401684902504745e-05, 'batch_size': 76, 'step_size': 2, 'gamma': 0.950641051027352}. Best is trial 33 with value: 0.1484784185886383.[0m
[32m[I 2025-02-05 02:45:05,880][0m Trial 37 finished with value: 0.6880349516868591 and parameters: {'observation_period_num': 184, 'train_rates': 0.9897005905078426, 'learning_rate': 2.4793381743951816e-05, 'batch_size': 110, 'step_size': 4, 'gamma': 0.8079755289238946}. Best is trial 33 with value: 0.1484784185886383.[0m
[32m[I 2025-02-05 02:48:42,918][0m Trial 38 finished with value: 0.28471825478306734 and parameters: {'observation_period_num': 185, 'train_rates': 0.8800229590278806, 'learning_rate': 0.00012870700725330943, 'batch_size': 52, 'step_size': 3, 'gamma': 0.9736573877460666}. Best is trial 33 with value: 0.1484784185886383.[0m
[32m[I 2025-02-05 02:53:01,175][0m Trial 39 finished with value: 1.1307290577135243 and parameters: {'observation_period_num': 233, 'train_rates': 0.7321517946274925, 'learning_rate': 0.0003488077750383917, 'batch_size': 129, 'step_size': 6, 'gamma': 0.9770539067602485}. Best is trial 33 with value: 0.1484784185886383.[0m
[32m[I 2025-02-05 02:55:08,908][0m Trial 40 finished with value: 1.3857835515838708 and parameters: {'observation_period_num': 138, 'train_rates': 0.6146952139323772, 'learning_rate': 0.0006435369924860932, 'batch_size': 62, 'step_size': 1, 'gamma': 0.9881553780618116}. Best is trial 33 with value: 0.1484784185886383.[0m
[32m[I 2025-02-05 02:58:36,133][0m Trial 41 finished with value: 0.2662264332175255 and parameters: {'observation_period_num': 172, 'train_rates': 0.9664771678723927, 'learning_rate': 0.00021408962868811024, 'batch_size': 83, 'step_size': 3, 'gamma': 0.9894241181061183}. Best is trial 33 with value: 0.1484784185886383.[0m
[32m[I 2025-02-05 03:01:48,246][0m Trial 42 finished with value: 0.17838260531425476 and parameters: {'observation_period_num': 155, 'train_rates': 0.9871830164801946, 'learning_rate': 0.00014317919232688581, 'batch_size': 93, 'step_size': 4, 'gamma': 0.9670465962241703}. Best is trial 33 with value: 0.1484784185886383.[0m
[32m[I 2025-02-05 03:04:50,761][0m Trial 43 finished with value: 0.3539547422160841 and parameters: {'observation_period_num': 151, 'train_rates': 0.947973601632402, 'learning_rate': 4.98549006517979e-05, 'batch_size': 103, 'step_size': 2, 'gamma': 0.9703888831978297}. Best is trial 33 with value: 0.1484784185886383.[0m
[32m[I 2025-02-05 03:09:44,570][0m Trial 44 finished with value: 0.19984212401840423 and parameters: {'observation_period_num': 217, 'train_rates': 0.9176837305845835, 'learning_rate': 0.0001400904189157055, 'batch_size': 35, 'step_size': 4, 'gamma': 0.9476431146616014}. Best is trial 33 with value: 0.1484784185886383.[0m
[32m[I 2025-02-05 03:13:34,984][0m Trial 45 finished with value: 0.2678215801715851 and parameters: {'observation_period_num': 192, 'train_rates': 0.9683499523781701, 'learning_rate': 9.342751854603331e-05, 'batch_size': 152, 'step_size': 9, 'gamma': 0.9657985604657277}. Best is trial 33 with value: 0.1484784185886383.[0m
[32m[I 2025-02-05 03:15:36,935][0m Trial 46 finished with value: 0.2526744928559646 and parameters: {'observation_period_num': 114, 'train_rates': 0.9286123199645047, 'learning_rate': 0.00019563420711799222, 'batch_size': 124, 'step_size': 7, 'gamma': 0.8231347857351572}. Best is trial 33 with value: 0.1484784185886383.[0m
[32m[I 2025-02-05 03:18:29,923][0m Trial 47 finished with value: 0.2809982859944723 and parameters: {'observation_period_num': 137, 'train_rates': 0.9705547090451561, 'learning_rate': 0.00032816296799697935, 'batch_size': 64, 'step_size': 4, 'gamma': 0.9769574269154534}. Best is trial 33 with value: 0.1484784185886383.[0m
[32m[I 2025-02-05 03:21:40,993][0m Trial 48 finished with value: 0.4414608777549706 and parameters: {'observation_period_num': 160, 'train_rates': 0.8910702413607188, 'learning_rate': 2.3743757338128394e-05, 'batch_size': 43, 'step_size': 2, 'gamma': 0.931042110540212}. Best is trial 33 with value: 0.1484784185886383.[0m
[32m[I 2025-02-05 03:24:41,896][0m Trial 49 finished with value: 1.1160099668774062 and parameters: {'observation_period_num': 175, 'train_rates': 0.7594195170052511, 'learning_rate': 1.432585823148868e-05, 'batch_size': 142, 'step_size': 6, 'gamma': 0.9173622414071227}. Best is trial 33 with value: 0.1484784185886383.[0m
seasonal_3 „ÅÆÊúÄÈÅ©„Éè„Ç§„Éë„Éº„Éë„É©„É°„Éº„Çø„ÅåË¶ã„Å§„Åã„Çä„Åæ„Åó„Åü
ÊúÄÈÅ©ÂåñÂØæË±°: resid
[32m[I 2025-02-05 03:24:42,011][0m A new study created in memory with name: no-name-5d9a8fd2-b504-44f8-96d6-b32040638cbf[0m
[32m[I 2025-02-05 03:27:03,643][0m Trial 0 finished with value: 1.361108475659281 and parameters: {'observation_period_num': 147, 'train_rates': 0.6381699978176678, 'learning_rate': 2.578761536183376e-05, 'batch_size': 51, 'step_size': 2, 'gamma': 0.7510904986303308}. Best is trial 0 with value: 1.361108475659281.[0m
[32m[I 2025-02-05 03:31:31,221][0m Trial 1 finished with value: 0.5172543398065546 and parameters: {'observation_period_num': 216, 'train_rates': 0.8344109260648138, 'learning_rate': 1.5433170428751145e-05, 'batch_size': 28, 'step_size': 6, 'gamma': 0.876562396575469}. Best is trial 1 with value: 0.5172543398065546.[0m
[32m[I 2025-02-05 03:33:23,858][0m Trial 2 finished with value: 0.5039741608189113 and parameters: {'observation_period_num': 112, 'train_rates': 0.858389264044969, 'learning_rate': 0.00038852548348593973, 'batch_size': 109, 'step_size': 2, 'gamma': 0.8798910222057964}. Best is trial 2 with value: 0.5039741608189113.[0m
[32m[I 2025-02-05 03:36:21,585][0m Trial 3 finished with value: 0.39192813634872437 and parameters: {'observation_period_num': 139, 'train_rates': 0.984760062230741, 'learning_rate': 0.00025771315806025604, 'batch_size': 56, 'step_size': 2, 'gamma': 0.7900145250617789}. Best is trial 3 with value: 0.39192813634872437.[0m
[32m[I 2025-02-05 03:40:11,634][0m Trial 4 finished with value: 0.7223994975572189 and parameters: {'observation_period_num': 186, 'train_rates': 0.8545462059795854, 'learning_rate': 0.00037052971903429166, 'batch_size': 29, 'step_size': 15, 'gamma': 0.85315122262145}. Best is trial 3 with value: 0.39192813634872437.[0m
[32m[I 2025-02-05 03:40:51,202][0m Trial 5 finished with value: 0.7516525128558904 and parameters: {'observation_period_num': 25, 'train_rates': 0.837461560686407, 'learning_rate': 0.0009951355407806892, 'batch_size': 117, 'step_size': 4, 'gamma': 0.7886575842879491}. Best is trial 3 with value: 0.39192813634872437.[0m
[32m[I 2025-02-05 03:42:50,214][0m Trial 6 finished with value: 0.4497502380854463 and parameters: {'observation_period_num': 114, 'train_rates': 0.9229681116443063, 'learning_rate': 0.0008754248947281381, 'batch_size': 164, 'step_size': 7, 'gamma': 0.8074797243962962}. Best is trial 3 with value: 0.39192813634872437.[0m
[32m[I 2025-02-05 03:46:49,584][0m Trial 7 finished with value: 0.851023056028835 and parameters: {'observation_period_num': 209, 'train_rates': 0.7584189158179316, 'learning_rate': 0.000505216915447631, 'batch_size': 49, 'step_size': 6, 'gamma': 0.8144619006532265}. Best is trial 3 with value: 0.39192813634872437.[0m
Early stopping at epoch 71
[32m[I 2025-02-05 03:47:49,140][0m Trial 8 finished with value: 1.825714320412481 and parameters: {'observation_period_num': 78, 'train_rates': 0.9336733688046122, 'learning_rate': 1.3877712849333023e-05, 'batch_size': 158, 'step_size': 1, 'gamma': 0.854882574547911}. Best is trial 3 with value: 0.39192813634872437.[0m
[32m[I 2025-02-05 03:51:12,243][0m Trial 9 finished with value: 0.6231875037170514 and parameters: {'observation_period_num': 174, 'train_rates': 0.8946316350769397, 'learning_rate': 8.833423922354273e-06, 'batch_size': 60, 'step_size': 12, 'gamma': 0.8920692874670035}. Best is trial 3 with value: 0.39192813634872437.[0m
[32m[I 2025-02-05 03:52:09,300][0m Trial 10 finished with value: 1.2071129083633423 and parameters: {'observation_period_num': 56, 'train_rates': 0.9884760900487363, 'learning_rate': 1.9391178071245605e-06, 'batch_size': 250, 'step_size': 10, 'gamma': 0.9735582204482155}. Best is trial 3 with value: 0.39192813634872437.[0m
[32m[I 2025-02-05 03:54:25,798][0m Trial 11 finished with value: 0.32271310687065125 and parameters: {'observation_period_num': 121, 'train_rates': 0.9793839272105768, 'learning_rate': 9.778957347797852e-05, 'batch_size': 181, 'step_size': 9, 'gamma': 0.7960402487635198}. Best is trial 11 with value: 0.32271310687065125.[0m
[32m[I 2025-02-05 03:57:15,489][0m Trial 12 finished with value: 0.4778496325016022 and parameters: {'observation_period_num': 146, 'train_rates': 0.9710025148633256, 'learning_rate': 8.966838046918359e-05, 'batch_size': 202, 'step_size': 9, 'gamma': 0.7515354662935684}. Best is trial 11 with value: 0.32271310687065125.[0m
