[32m[I 2025-02-05 06:09:55,656][0m Trial 49 finished with value: 0.45557597279548645 and parameters: {'observation_period_num': 154, 'train_rates': 0.9468426972356297, 'learning_rate': 7.306764291583688e-05, 'batch_size': 161, 'step_size': 15, 'gamma': 0.9383437978979724}. Best is trial 35 with value: 0.1738891899585724.[0m
resid „ÅÆÊúÄÈÅ©„Éè„Ç§„Éë„Éº„Éë„É©„É°„Éº„Çø„ÅåË¶ã„Å§„Åã„Çä„Åæ„Åó„Åü
ÊúÄÈÅ©„Éè„Ç§„Éë„Éº„Éë„É©„É°„Éº„Çø„Åå best_hyperparameters_GOOG_Transformer.json „Å´‰øùÂ≠ò„Åï„Çå„Åæ„Åó„Åü
Training trend component with params: {'observation_period_num': 98, 'train_rates': 0.9898653025571045, 'learning_rate': 0.00020188813682337284, 'batch_size': 59, 'step_size': 10, 'gamma': 0.9082329479360141}
Epoch 1/300, trend Loss: 0.8236 | 1.0852
Epoch 2/300, trend Loss: 0.7621 | 0.9309
Epoch 3/300, trend Loss: 0.6566 | 0.8218
Epoch 4/300, trend Loss: 0.5988 | 0.7933
Epoch 5/300, trend Loss: 0.5435 | 0.7478
Epoch 6/300, trend Loss: 0.5276 | 0.6362
Epoch 7/300, trend Loss: 0.4188 | 0.6240
Epoch 8/300, trend Loss: 0.4041 | 0.5651
Epoch 9/300, trend Loss: 0.4067 | 0.5013
Epoch 10/300, trend Loss: 0.3678 | 0.4841
Epoch 11/300, trend Loss: 0.4004 | 0.4944
Epoch 12/300, trend Loss: 0.4119 | 0.4717
Epoch 13/300, trend Loss: 0.3540 | 0.4862
Epoch 14/300, trend Loss: 0.3916 | 0.4492
Epoch 15/300, trend Loss: 0.3972 | 0.3917
Epoch 16/300, trend Loss: 0.3473 | 0.3910
Epoch 17/300, trend Loss: 0.3073 | 0.3749
Epoch 18/300, trend Loss: 0.2806 | 0.3532
Epoch 19/300, trend Loss: 0.2718 | 0.3532
Epoch 20/300, trend Loss: 0.2657 | 0.3241
Epoch 21/300, trend Loss: 0.2528 | 0.3212
Epoch 22/300, trend Loss: 0.2393 | 0.3268
Epoch 23/300, trend Loss: 0.2365 | 0.2977
Epoch 24/300, trend Loss: 0.2424 | 0.3153
Epoch 25/300, trend Loss: 0.2390 | 0.3002
Epoch 26/300, trend Loss: 0.2464 | 0.2694
Epoch 27/300, trend Loss: 0.2324 | 0.3072
Epoch 28/300, trend Loss: 0.2122 | 0.2714
Epoch 29/300, trend Loss: 0.2103 | 0.2636
Epoch 30/300, trend Loss: 0.2319 | 0.2837
Epoch 31/300, trend Loss: 0.2025 | 0.2572
Epoch 32/300, trend Loss: 0.2006 | 0.2521
Epoch 33/300, trend Loss: 0.2069 | 0.2367
Epoch 34/300, trend Loss: 0.2035 | 0.2628
Epoch 35/300, trend Loss: 0.1991 | 0.2315
Epoch 36/300, trend Loss: 0.2088 | 0.2669
Epoch 37/300, trend Loss: 0.2072 | 0.2504
Epoch 38/300, trend Loss: 0.2029 | 0.2242
Epoch 39/300, trend Loss: 0.2240 | 0.2640
Epoch 40/300, trend Loss: 0.2101 | 0.2265
Epoch 41/300, trend Loss: 0.2034 | 0.2517
Epoch 42/300, trend Loss: 0.1936 | 0.2408
Epoch 43/300, trend Loss: 0.1887 | 0.2313
Epoch 44/300, trend Loss: 0.1872 | 0.2338
Epoch 45/300, trend Loss: 0.1748 | 0.2200
Epoch 46/300, trend Loss: 0.1710 | 0.2193
Epoch 47/300, trend Loss: 0.1677 | 0.2098
Epoch 48/300, trend Loss: 0.1660 | 0.2166
Epoch 49/300, trend Loss: 0.1620 | 0.2052
Epoch 50/300, trend Loss: 0.1593 | 0.1999
Epoch 51/300, trend Loss: 0.1600 | 0.2076
Epoch 52/300, trend Loss: 0.1543 | 0.2026
Epoch 53/300, trend Loss: 0.1516 | 0.1917
Epoch 54/300, trend Loss: 0.1511 | 0.1976
Epoch 55/300, trend Loss: 0.1495 | 0.2009
Epoch 56/300, trend Loss: 0.1492 | 0.1818
Epoch 57/300, trend Loss: 0.1498 | 0.1957
Epoch 58/300, trend Loss: 0.1500 | 0.2142
Epoch 59/300, trend Loss: 0.1518 | 0.1828
Epoch 60/300, trend Loss: 0.1615 | 0.2048
Epoch 61/300, trend Loss: 0.1744 | 0.2175
Epoch 62/300, trend Loss: 0.1561 | 0.1872
Epoch 63/300, trend Loss: 0.1643 | 0.1970
Epoch 64/300, trend Loss: 0.1662 | 0.2215
Epoch 65/300, trend Loss: 0.1483 | 0.1852
Epoch 66/300, trend Loss: 0.1499 | 0.1835
Epoch 67/300, trend Loss: 0.1488 | 0.1956
Epoch 68/300, trend Loss: 0.1455 | 0.1766
Epoch 69/300, trend Loss: 0.1408 | 0.1766
Epoch 70/300, trend Loss: 0.1418 | 0.2065
Epoch 71/300, trend Loss: 0.1396 | 0.1694
Epoch 72/300, trend Loss: 0.1393 | 0.1700
Epoch 73/300, trend Loss: 0.1483 | 0.2251
Epoch 74/300, trend Loss: 0.1445 | 0.1672
Epoch 75/300, trend Loss: 0.1449 | 0.1743
Epoch 76/300, trend Loss: 0.1645 | 0.2128
Epoch 77/300, trend Loss: 0.1445 | 0.1643
Epoch 78/300, trend Loss: 0.1467 | 0.1842
Epoch 79/300, trend Loss: 0.1682 | 0.2008
Epoch 80/300, trend Loss: 0.1430 | 0.1611
Epoch 81/300, trend Loss: 0.1383 | 0.1813
Epoch 82/300, trend Loss: 0.1451 | 0.1780
Epoch 83/300, trend Loss: 0.1336 | 0.1678
Epoch 84/300, trend Loss: 0.1307 | 0.1792
Epoch 85/300, trend Loss: 0.1305 | 0.1670
Epoch 86/300, trend Loss: 0.1280 | 0.1652
Epoch 87/300, trend Loss: 0.1258 | 0.1692
Epoch 88/300, trend Loss: 0.1258 | 0.1618
Epoch 89/300, trend Loss: 0.1248 | 0.1667
Epoch 90/300, trend Loss: 0.1239 | 0.1639
Epoch 91/300, trend Loss: 0.1241 | 0.1565
Epoch 92/300, trend Loss: 0.1228 | 0.1678
Epoch 93/300, trend Loss: 0.1238 | 0.1574
Epoch 94/300, trend Loss: 0.1231 | 0.1556
Epoch 95/300, trend Loss: 0.1226 | 0.1715
Epoch 96/300, trend Loss: 0.1213 | 0.1498
Epoch 97/300, trend Loss: 0.1208 | 0.1554
Epoch 98/300, trend Loss: 0.1212 | 0.1599
Epoch 99/300, trend Loss: 0.1201 | 0.1500
Epoch 100/300, trend Loss: 0.1210 | 0.1568
Epoch 101/300, trend Loss: 0.1198 | 0.1533
Epoch 102/300, trend Loss: 0.1181 | 0.1479
Epoch 103/300, trend Loss: 0.1178 | 0.1598
Epoch 104/300, trend Loss: 0.1176 | 0.1480
Epoch 105/300, trend Loss: 0.1182 | 0.1485
Epoch 106/300, trend Loss: 0.1180 | 0.1511
Epoch 107/300, trend Loss: 0.1177 | 0.1437
Epoch 108/300, trend Loss: 0.1172 | 0.1544
Epoch 109/300, trend Loss: 0.1177 | 0.1463
Epoch 110/300, trend Loss: 0.1176 | 0.1436
Epoch 111/300, trend Loss: 0.1160 | 0.1557
Epoch 112/300, trend Loss: 0.1150 | 0.1473
Epoch 113/300, trend Loss: 0.1153 | 0.1466
Epoch 114/300, trend Loss: 0.1155 | 0.1465
Epoch 115/300, trend Loss: 0.1145 | 0.1452
Epoch 116/300, trend Loss: 0.1122 | 0.1429
Epoch 117/300, trend Loss: 0.1120 | 0.1515
Epoch 118/300, trend Loss: 0.1119 | 0.1423
Epoch 119/300, trend Loss: 0.1120 | 0.1425
Epoch 120/300, trend Loss: 0.1125 | 0.1461
Epoch 121/300, trend Loss: 0.1113 | 0.1455
Epoch 122/300, trend Loss: 0.1102 | 0.1429
Epoch 123/300, trend Loss: 0.1099 | 0.1416
Epoch 124/300, trend Loss: 0.1099 | 0.1453
Epoch 125/300, trend Loss: 0.1089 | 0.1392
Epoch 126/300, trend Loss: 0.1092 | 0.1461
Epoch 127/300, trend Loss: 0.1100 | 0.1384
Epoch 128/300, trend Loss: 0.1083 | 0.1417
Epoch 129/300, trend Loss: 0.1079 | 0.1443
Epoch 130/300, trend Loss: 0.1083 | 0.1363
Epoch 131/300, trend Loss: 0.1077 | 0.1427
Epoch 132/300, trend Loss: 0.1079 | 0.1409
Epoch 133/300, trend Loss: 0.1069 | 0.1398
Epoch 134/300, trend Loss: 0.1073 | 0.1416
Epoch 135/300, trend Loss: 0.1069 | 0.1364
Epoch 136/300, trend Loss: 0.1067 | 0.1420
Epoch 137/300, trend Loss: 0.1073 | 0.1378
Epoch 138/300, trend Loss: 0.1067 | 0.1431
Epoch 139/300, trend Loss: 0.1062 | 0.1427
Epoch 140/300, trend Loss: 0.1051 | 0.1392
Epoch 141/300, trend Loss: 0.1049 | 0.1392
Epoch 142/300, trend Loss: 0.1046 | 0.1347
Epoch 143/300, trend Loss: 0.1052 | 0.1409
Epoch 144/300, trend Loss: 0.1040 | 0.1411
Epoch 145/300, trend Loss: 0.1047 | 0.1379
Epoch 146/300, trend Loss: 0.1040 | 0.1330
Epoch 147/300, trend Loss: 0.1040 | 0.1364
Epoch 148/300, trend Loss: 0.1031 | 0.1354
Epoch 149/300, trend Loss: 0.1027 | 0.1374
Epoch 150/300, trend Loss: 0.1034 | 0.1348
Epoch 151/300, trend Loss: 0.1020 | 0.1337
Epoch 152/300, trend Loss: 0.1020 | 0.1351
Epoch 153/300, trend Loss: 0.1032 | 0.1351
Epoch 154/300, trend Loss: 0.1021 | 0.1342
Epoch 155/300, trend Loss: 0.1019 | 0.1365
Epoch 156/300, trend Loss: 0.1018 | 0.1318
Epoch 157/300, trend Loss: 0.1013 | 0.1345
Epoch 158/300, trend Loss: 0.1014 | 0.1326
Epoch 159/300, trend Loss: 0.1007 | 0.1331
Epoch 160/300, trend Loss: 0.1010 | 0.1359
Epoch 161/300, trend Loss: 0.1004 | 0.1311
Epoch 162/300, trend Loss: 0.1011 | 0.1346
Epoch 163/300, trend Loss: 0.1006 | 0.1339
Epoch 164/300, trend Loss: 0.1002 | 0.1322
Epoch 165/300, trend Loss: 0.1002 | 0.1335
Epoch 166/300, trend Loss: 0.0999 | 0.1338
Epoch 167/300, trend Loss: 0.0996 | 0.1310
Epoch 168/300, trend Loss: 0.0997 | 0.1326
Epoch 169/300, trend Loss: 0.0993 | 0.1337
Epoch 170/300, trend Loss: 0.0999 | 0.1324
Epoch 171/300, trend Loss: 0.0991 | 0.1306
Epoch 172/300, trend Loss: 0.0992 | 0.1335
Epoch 173/300, trend Loss: 0.0996 | 0.1327
Epoch 174/300, trend Loss: 0.0995 | 0.1329
Epoch 175/300, trend Loss: 0.0984 | 0.1326
Epoch 176/300, trend Loss: 0.0988 | 0.1314
Epoch 177/300, trend Loss: 0.0989 | 0.1345
Epoch 178/300, trend Loss: 0.0978 | 0.1331
Epoch 179/300, trend Loss: 0.0985 | 0.1319
Epoch 180/300, trend Loss: 0.0990 | 0.1345
Epoch 181/300, trend Loss: 0.0976 | 0.1308
Epoch 182/300, trend Loss: 0.0980 | 0.1326
Epoch 183/300, trend Loss: 0.0982 | 0.1301
Epoch 184/300, trend Loss: 0.0990 | 0.1346
Epoch 185/300, trend Loss: 0.0971 | 0.1313
Epoch 186/300, trend Loss: 0.0982 | 0.1332
Epoch 187/300, trend Loss: 0.0976 | 0.1306
Epoch 188/300, trend Loss: 0.0967 | 0.1311
Epoch 189/300, trend Loss: 0.0972 | 0.1293
Epoch 190/300, trend Loss: 0.0979 | 0.1338
Epoch 191/300, trend Loss: 0.0985 | 0.1324
Epoch 192/300, trend Loss: 0.0980 | 0.1313
Epoch 193/300, trend Loss: 0.0978 | 0.1338
Epoch 194/300, trend Loss: 0.0962 | 0.1330
Epoch 195/300, trend Loss: 0.0971 | 0.1354
Epoch 196/300, trend Loss: 0.0975 | 0.1349
Epoch 197/300, trend Loss: 0.0965 | 0.1314
Epoch 198/300, trend Loss: 0.0969 | 0.1320
Epoch 199/300, trend Loss: 0.0965 | 0.1331
Epoch 200/300, trend Loss: 0.0963 | 0.1331
Epoch 201/300, trend Loss: 0.0966 | 0.1311
Epoch 202/300, trend Loss: 0.0964 | 0.1325
Epoch 203/300, trend Loss: 0.0963 | 0.1345
Epoch 204/300, trend Loss: 0.0968 | 0.1337
Epoch 205/300, trend Loss: 0.0965 | 0.1344
Epoch 206/300, trend Loss: 0.0956 | 0.1340
Epoch 207/300, trend Loss: 0.0958 | 0.1323
Epoch 208/300, trend Loss: 0.0960 | 0.1339
Epoch 209/300, trend Loss: 0.0955 | 0.1333
Epoch 210/300, trend Loss: 0.0955 | 0.1326
Epoch 211/300, trend Loss: 0.0959 | 0.1331
Epoch 212/300, trend Loss: 0.0959 | 0.1337
Epoch 213/300, trend Loss: 0.0946 | 0.1330
Epoch 214/300, trend Loss: 0.0955 | 0.1320
Epoch 215/300, trend Loss: 0.0955 | 0.1327
Epoch 216/300, trend Loss: 0.0954 | 0.1319
Epoch 217/300, trend Loss: 0.0952 | 0.1314
Epoch 218/300, trend Loss: 0.0961 | 0.1307
Epoch 219/300, trend Loss: 0.0948 | 0.1323
Epoch 220/300, trend Loss: 0.0949 | 0.1314
Epoch 221/300, trend Loss: 0.0955 | 0.1321
Epoch 222/300, trend Loss: 0.0946 | 0.1319
Epoch 223/300, trend Loss: 0.0946 | 0.1314
Epoch 224/300, trend Loss: 0.0940 | 0.1321
Epoch 225/300, trend Loss: 0.0946 | 0.1315
Epoch 226/300, trend Loss: 0.0943 | 0.1325
Epoch 227/300, trend Loss: 0.0952 | 0.1328
Epoch 228/300, trend Loss: 0.0951 | 0.1321
Epoch 229/300, trend Loss: 0.0945 | 0.1334
Epoch 230/300, trend Loss: 0.0945 | 0.1314
Epoch 231/300, trend Loss: 0.0952 | 0.1320
Epoch 232/300, trend Loss: 0.0951 | 0.1327
Epoch 233/300, trend Loss: 0.0947 | 0.1321
Epoch 234/300, trend Loss: 0.0944 | 0.1315
Epoch 235/300, trend Loss: 0.0946 | 0.1316
Epoch 236/300, trend Loss: 0.0949 | 0.1296
Epoch 237/300, trend Loss: 0.0943 | 0.1297
Epoch 238/300, trend Loss: 0.0945 | 0.1306
Epoch 239/300, trend Loss: 0.0942 | 0.1311
Epoch 240/300, trend Loss: 0.0948 | 0.1295
Epoch 241/300, trend Loss: 0.0946 | 0.1307
Epoch 242/300, trend Loss: 0.0941 | 0.1307
Epoch 243/300, trend Loss: 0.0940 | 0.1314
Epoch 244/300, trend Loss: 0.0932 | 0.1313
Epoch 245/300, trend Loss: 0.0933 | 0.1317
Epoch 246/300, trend Loss: 0.0940 | 0.1315
Epoch 247/300, trend Loss: 0.0945 | 0.1319
Epoch 248/300, trend Loss: 0.0944 | 0.1311
Epoch 249/300, trend Loss: 0.0933 | 0.1309
Epoch 250/300, trend Loss: 0.0930 | 0.1316
Epoch 251/300, trend Loss: 0.0944 | 0.1317
Epoch 252/300, trend Loss: 0.0931 | 0.1309
Epoch 253/300, trend Loss: 0.0929 | 0.1308
Epoch 254/300, trend Loss: 0.0930 | 0.1301
Epoch 255/300, trend Loss: 0.0939 | 0.1298
Epoch 256/300, trend Loss: 0.0938 | 0.1304
Epoch 257/300, trend Loss: 0.0947 | 0.1293
Epoch 258/300, trend Loss: 0.0942 | 0.1307
Epoch 259/300, trend Loss: 0.0930 | 0.1306
Epoch 260/300, trend Loss: 0.0935 | 0.1306
Epoch 261/300, trend Loss: 0.0940 | 0.1300
Epoch 262/300, trend Loss: 0.0940 | 0.1301
Epoch 263/300, trend Loss: 0.0936 | 0.1308
Epoch 264/300, trend Loss: 0.0936 | 0.1307
Epoch 265/300, trend Loss: 0.0939 | 0.1311
Epoch 266/300, trend Loss: 0.0935 | 0.1307
Epoch 267/300, trend Loss: 0.0937 | 0.1308
Epoch 268/300, trend Loss: 0.0946 | 0.1312
Epoch 269/300, trend Loss: 0.0942 | 0.1305
Epoch 270/300, trend Loss: 0.0937 | 0.1296
Epoch 271/300, trend Loss: 0.0933 | 0.1301
Epoch 272/300, trend Loss: 0.0936 | 0.1310
Epoch 273/300, trend Loss: 0.0928 | 0.1300
Epoch 274/300, trend Loss: 0.0937 | 0.1303
Epoch 275/300, trend Loss: 0.0934 | 0.1304
Epoch 276/300, trend Loss: 0.0934 | 0.1302
Epoch 277/300, trend Loss: 0.0936 | 0.1300
Epoch 278/300, trend Loss: 0.0928 | 0.1300
Epoch 279/300, trend Loss: 0.0938 | 0.1300
Epoch 280/300, trend Loss: 0.0933 | 0.1290
Epoch 281/300, trend Loss: 0.0931 | 0.1291
Epoch 282/300, trend Loss: 0.0931 | 0.1301
Epoch 283/300, trend Loss: 0.0930 | 0.1297
Epoch 284/300, trend Loss: 0.0935 | 0.1295
Epoch 285/300, trend Loss: 0.0932 | 0.1294
Epoch 286/300, trend Loss: 0.0933 | 0.1297
Epoch 287/300, trend Loss: 0.0926 | 0.1304
Epoch 288/300, trend Loss: 0.0935 | 0.1301
Epoch 289/300, trend Loss: 0.0935 | 0.1303
Epoch 290/300, trend Loss: 0.0932 | 0.1299
Epoch 291/300, trend Loss: 0.0929 | 0.1302
Epoch 292/300, trend Loss: 0.0927 | 0.1306
Epoch 293/300, trend Loss: 0.0935 | 0.1307
Epoch 294/300, trend Loss: 0.0930 | 0.1301
Epoch 295/300, trend Loss: 0.0924 | 0.1299
Epoch 296/300, trend Loss: 0.0924 | 0.1298
Epoch 297/300, trend Loss: 0.0928 | 0.1309
Epoch 298/300, trend Loss: 0.0927 | 0.1308
Epoch 299/300, trend Loss: 0.0921 | 0.1300
Epoch 300/300, trend Loss: 0.0930 | 0.1297
Training seasonal_0 component with params: {'observation_period_num': 188, 'train_rates': 0.9886245555957569, 'learning_rate': 0.00033816019993174694, 'batch_size': 180, 'step_size': 6, 'gamma': 0.9407271649332751}
Epoch 1/300, seasonal_0 Loss: 1.1120 | 1.6125
Epoch 2/300, seasonal_0 Loss: 0.7930 | 1.0278
Epoch 3/300, seasonal_0 Loss: 0.6567 | 0.9293
Epoch 4/300, seasonal_0 Loss: 0.5893 | 0.7715
Epoch 5/300, seasonal_0 Loss: 0.6277 | 0.7803
Epoch 6/300, seasonal_0 Loss: 0.5240 | 0.6945
Epoch 7/300, seasonal_0 Loss: 0.4933 | 0.6553
Epoch 8/300, seasonal_0 Loss: 0.4435 | 0.5689
Epoch 9/300, seasonal_0 Loss: 0.4238 | 0.5302
Epoch 10/300, seasonal_0 Loss: 0.4312 | 0.5171
Epoch 11/300, seasonal_0 Loss: 0.4536 | 0.4943
Epoch 12/300, seasonal_0 Loss: 0.4042 | 0.4681
Epoch 13/300, seasonal_0 Loss: 0.3696 | 0.4353
Epoch 14/300, seasonal_0 Loss: 0.4608 | 0.4480
Epoch 15/300, seasonal_0 Loss: 0.3624 | 0.4548
Epoch 16/300, seasonal_0 Loss: 0.3452 | 0.4363
Epoch 17/300, seasonal_0 Loss: 0.3512 | 0.4129
Epoch 18/300, seasonal_0 Loss: 0.3184 | 0.3933
Epoch 19/300, seasonal_0 Loss: 0.3241 | 0.3579
Epoch 20/300, seasonal_0 Loss: 0.2985 | 0.3544
Epoch 21/300, seasonal_0 Loss: 0.3086 | 0.3398
Epoch 22/300, seasonal_0 Loss: 0.2742 | 0.3483
Epoch 23/300, seasonal_0 Loss: 0.2899 | 0.3426
Epoch 24/300, seasonal_0 Loss: 0.3462 | 0.3368
Epoch 25/300, seasonal_0 Loss: 0.3209 | 0.3219
Epoch 26/300, seasonal_0 Loss: 0.3206 | 0.3559
Epoch 27/300, seasonal_0 Loss: 0.2771 | 0.3217
Epoch 28/300, seasonal_0 Loss: 0.2715 | 0.3128
Epoch 29/300, seasonal_0 Loss: 0.2576 | 0.3239
Epoch 30/300, seasonal_0 Loss: 0.2374 | 0.2892
Epoch 31/300, seasonal_0 Loss: 0.2288 | 0.2768
Epoch 32/300, seasonal_0 Loss: 0.2285 | 0.2769
Epoch 33/300, seasonal_0 Loss: 0.2319 | 0.2726
Epoch 34/300, seasonal_0 Loss: 0.2351 | 0.2639
Epoch 35/300, seasonal_0 Loss: 0.2277 | 0.2686
Epoch 36/300, seasonal_0 Loss: 0.2270 | 0.2580
Epoch 37/300, seasonal_0 Loss: 0.2224 | 0.2593
Epoch 38/300, seasonal_0 Loss: 0.2250 | 0.2589
Epoch 39/300, seasonal_0 Loss: 0.2253 | 0.2541
Epoch 40/300, seasonal_0 Loss: 0.2273 | 0.2626
Epoch 41/300, seasonal_0 Loss: 0.2167 | 0.2479
Epoch 42/300, seasonal_0 Loss: 0.2127 | 0.2543
Epoch 43/300, seasonal_0 Loss: 0.2041 | 0.2424
Epoch 44/300, seasonal_0 Loss: 0.2003 | 0.2422
Epoch 45/300, seasonal_0 Loss: 0.1972 | 0.2390
Epoch 46/300, seasonal_0 Loss: 0.1947 | 0.2367
Epoch 47/300, seasonal_0 Loss: 0.1931 | 0.2354
Epoch 48/300, seasonal_0 Loss: 0.1918 | 0.2331
Epoch 49/300, seasonal_0 Loss: 0.1900 | 0.2316
Epoch 50/300, seasonal_0 Loss: 0.1882 | 0.2274
Epoch 51/300, seasonal_0 Loss: 0.1859 | 0.2292
Epoch 52/300, seasonal_0 Loss: 0.1844 | 0.2232
Epoch 53/300, seasonal_0 Loss: 0.1834 | 0.2226
Epoch 54/300, seasonal_0 Loss: 0.1828 | 0.2183
Epoch 55/300, seasonal_0 Loss: 0.1813 | 0.2183
Epoch 56/300, seasonal_0 Loss: 0.1802 | 0.2157
Epoch 57/300, seasonal_0 Loss: 0.1781 | 0.2138
Epoch 58/300, seasonal_0 Loss: 0.1759 | 0.2099
Epoch 59/300, seasonal_0 Loss: 0.1736 | 0.2095
Epoch 60/300, seasonal_0 Loss: 0.1733 | 0.2059
Epoch 61/300, seasonal_0 Loss: 0.1728 | 0.2061
Epoch 62/300, seasonal_0 Loss: 0.1721 | 0.2026
Epoch 63/300, seasonal_0 Loss: 0.1711 | 0.2045
Epoch 64/300, seasonal_0 Loss: 0.1705 | 0.2021
Epoch 65/300, seasonal_0 Loss: 0.1690 | 0.2023
Epoch 66/300, seasonal_0 Loss: 0.1695 | 0.1984
Epoch 67/300, seasonal_0 Loss: 0.1690 | 0.1988
Epoch 68/300, seasonal_0 Loss: 0.1671 | 0.1974
Epoch 69/300, seasonal_0 Loss: 0.1663 | 0.1953
Epoch 70/300, seasonal_0 Loss: 0.1646 | 0.1941
Epoch 71/300, seasonal_0 Loss: 0.1638 | 0.1940
Epoch 72/300, seasonal_0 Loss: 0.1635 | 0.1896
Epoch 73/300, seasonal_0 Loss: 0.1619 | 0.1906
Epoch 74/300, seasonal_0 Loss: 0.1608 | 0.1885
Epoch 75/300, seasonal_0 Loss: 0.1592 | 0.1859
Epoch 76/300, seasonal_0 Loss: 0.1602 | 0.1879
Epoch 77/300, seasonal_0 Loss: 0.1595 | 0.1851
Epoch 78/300, seasonal_0 Loss: 0.1587 | 0.1859
Epoch 79/300, seasonal_0 Loss: 0.1591 | 0.1833
Epoch 80/300, seasonal_0 Loss: 0.1588 | 0.1832
Epoch 81/300, seasonal_0 Loss: 0.1597 | 0.1805
Epoch 82/300, seasonal_0 Loss: 0.1603 | 0.1790
Epoch 83/300, seasonal_0 Loss: 0.1600 | 0.1807
Epoch 84/300, seasonal_0 Loss: 0.1609 | 0.1772
Epoch 85/300, seasonal_0 Loss: 0.1597 | 0.1825
Epoch 86/300, seasonal_0 Loss: 0.1587 | 0.1766
Epoch 87/300, seasonal_0 Loss: 0.1578 | 0.1813
Epoch 88/300, seasonal_0 Loss: 0.1572 | 0.1745
Epoch 89/300, seasonal_0 Loss: 0.1560 | 0.1804
Epoch 90/300, seasonal_0 Loss: 0.1546 | 0.1736
Epoch 91/300, seasonal_0 Loss: 0.1527 | 0.1771
Epoch 92/300, seasonal_0 Loss: 0.1521 | 0.1720
Epoch 93/300, seasonal_0 Loss: 0.1508 | 0.1765
Epoch 94/300, seasonal_0 Loss: 0.1498 | 0.1704
Epoch 95/300, seasonal_0 Loss: 0.1499 | 0.1729
Epoch 96/300, seasonal_0 Loss: 0.1493 | 0.1698
Epoch 97/300, seasonal_0 Loss: 0.1482 | 0.1713
Epoch 98/300, seasonal_0 Loss: 0.1477 | 0.1680
Epoch 99/300, seasonal_0 Loss: 0.1478 | 0.1690
Epoch 100/300, seasonal_0 Loss: 0.1474 | 0.1676
Epoch 101/300, seasonal_0 Loss: 0.1472 | 0.1671
Epoch 102/300, seasonal_0 Loss: 0.1470 | 0.1657
Epoch 103/300, seasonal_0 Loss: 0.1462 | 0.1678
Epoch 104/300, seasonal_0 Loss: 0.1460 | 0.1644
Epoch 105/300, seasonal_0 Loss: 0.1459 | 0.1662
Epoch 106/300, seasonal_0 Loss: 0.1452 | 0.1650
Epoch 107/300, seasonal_0 Loss: 0.1454 | 0.1640
Epoch 108/300, seasonal_0 Loss: 0.1445 | 0.1624
Epoch 109/300, seasonal_0 Loss: 0.1445 | 0.1636
Epoch 110/300, seasonal_0 Loss: 0.1440 | 0.1640
Epoch 111/300, seasonal_0 Loss: 0.1443 | 0.1623
Epoch 112/300, seasonal_0 Loss: 0.1433 | 0.1609
Epoch 113/300, seasonal_0 Loss: 0.1431 | 0.1620
Epoch 114/300, seasonal_0 Loss: 0.1436 | 0.1598
Epoch 115/300, seasonal_0 Loss: 0.1425 | 0.1623
Epoch 116/300, seasonal_0 Loss: 0.1429 | 0.1602
Epoch 117/300, seasonal_0 Loss: 0.1419 | 0.1597
Epoch 118/300, seasonal_0 Loss: 0.1418 | 0.1593
Epoch 119/300, seasonal_0 Loss: 0.1423 | 0.1603
Epoch 120/300, seasonal_0 Loss: 0.1413 | 0.1581
Epoch 121/300, seasonal_0 Loss: 0.1406 | 0.1592
Epoch 122/300, seasonal_0 Loss: 0.1406 | 0.1596
Epoch 123/300, seasonal_0 Loss: 0.1407 | 0.1592
Epoch 124/300, seasonal_0 Loss: 0.1397 | 0.1566
Epoch 125/300, seasonal_0 Loss: 0.1396 | 0.1574
Epoch 126/300, seasonal_0 Loss: 0.1395 | 0.1584
Epoch 127/300, seasonal_0 Loss: 0.1393 | 0.1573
Epoch 128/300, seasonal_0 Loss: 0.1396 | 0.1569
Epoch 129/300, seasonal_0 Loss: 0.1393 | 0.1570
Epoch 130/300, seasonal_0 Loss: 0.1390 | 0.1566
Epoch 131/300, seasonal_0 Loss: 0.1388 | 0.1566
Epoch 132/300, seasonal_0 Loss: 0.1379 | 0.1557
Epoch 133/300, seasonal_0 Loss: 0.1379 | 0.1569
Epoch 134/300, seasonal_0 Loss: 0.1387 | 0.1572
Epoch 135/300, seasonal_0 Loss: 0.1377 | 0.1553
Epoch 136/300, seasonal_0 Loss: 0.1384 | 0.1569
Epoch 137/300, seasonal_0 Loss: 0.1376 | 0.1558
Epoch 138/300, seasonal_0 Loss: 0.1377 | 0.1548
Epoch 139/300, seasonal_0 Loss: 0.1381 | 0.1548
Epoch 140/300, seasonal_0 Loss: 0.1377 | 0.1539
Epoch 141/300, seasonal_0 Loss: 0.1375 | 0.1536
Epoch 142/300, seasonal_0 Loss: 0.1366 | 0.1545
Epoch 143/300, seasonal_0 Loss: 0.1371 | 0.1532
Epoch 144/300, seasonal_0 Loss: 0.1369 | 0.1535
Epoch 145/300, seasonal_0 Loss: 0.1364 | 0.1532
Epoch 146/300, seasonal_0 Loss: 0.1361 | 0.1528
Epoch 147/300, seasonal_0 Loss: 0.1362 | 0.1532
Epoch 148/300, seasonal_0 Loss: 0.1360 | 0.1540
Epoch 149/300, seasonal_0 Loss: 0.1363 | 0.1535
Epoch 150/300, seasonal_0 Loss: 0.1355 | 0.1533
Epoch 151/300, seasonal_0 Loss: 0.1364 | 0.1527
Epoch 152/300, seasonal_0 Loss: 0.1353 | 0.1527
Epoch 153/300, seasonal_0 Loss: 0.1361 | 0.1525
Epoch 154/300, seasonal_0 Loss: 0.1350 | 0.1524
Epoch 155/300, seasonal_0 Loss: 0.1346 | 0.1523
Epoch 156/300, seasonal_0 Loss: 0.1358 | 0.1517
Epoch 157/300, seasonal_0 Loss: 0.1352 | 0.1522
Epoch 158/300, seasonal_0 Loss: 0.1351 | 0.1515
Epoch 159/300, seasonal_0 Loss: 0.1352 | 0.1517
Epoch 160/300, seasonal_0 Loss: 0.1350 | 0.1507
Epoch 161/300, seasonal_0 Loss: 0.1342 | 0.1521
Epoch 162/300, seasonal_0 Loss: 0.1338 | 0.1515
Epoch 163/300, seasonal_0 Loss: 0.1338 | 0.1505
Epoch 164/300, seasonal_0 Loss: 0.1340 | 0.1508
Epoch 165/300, seasonal_0 Loss: 0.1340 | 0.1497
Epoch 166/300, seasonal_0 Loss: 0.1343 | 0.1505
Epoch 167/300, seasonal_0 Loss: 0.1339 | 0.1510
Epoch 168/300, seasonal_0 Loss: 0.1335 | 0.1506
Epoch 169/300, seasonal_0 Loss: 0.1341 | 0.1502
Epoch 170/300, seasonal_0 Loss: 0.1339 | 0.1500
Epoch 171/300, seasonal_0 Loss: 0.1331 | 0.1497
Epoch 172/300, seasonal_0 Loss: 0.1328 | 0.1500
Epoch 173/300, seasonal_0 Loss: 0.1332 | 0.1500
Epoch 174/300, seasonal_0 Loss: 0.1322 | 0.1506
Epoch 175/300, seasonal_0 Loss: 0.1332 