ÊúÄÈÅ©ÂåñÂØæË±°: trend
[32m[I 2025-02-04 16:51:05,678][0m A new study created in memory with name: no-name-0aec5f52-dd01-481c-8f01-34e80fa33815[0m
[32m[I 2025-02-04 16:52:55,837][0m Trial 0 finished with value: 0.8023853302001953 and parameters: {'observation_period_num': 95, 'train_rates': 0.9862969998172089, 'learning_rate': 5.7331729195695646e-06, 'batch_size': 115, 'step_size': 13, 'gamma': 0.8905320548379873}. Best is trial 0 with value: 0.8023853302001953.[0m
[32m[I 2025-02-04 16:56:49,773][0m Trial 1 finished with value: 0.7022154200588868 and parameters: {'observation_period_num': 214, 'train_rates': 0.7959312418657112, 'learning_rate': 0.000638946089767044, 'batch_size': 191, 'step_size': 1, 'gamma': 0.8920118369537369}. Best is trial 1 with value: 0.7022154200588868.[0m
[32m[I 2025-02-04 17:01:45,082][0m Trial 2 finished with value: 1.6063897609710693 and parameters: {'observation_period_num': 230, 'train_rates': 0.975733247602385, 'learning_rate': 1.4239750004930132e-06, 'batch_size': 231, 'step_size': 3, 'gamma': 0.9833724418307078}. Best is trial 1 with value: 0.7022154200588868.[0m
[32m[I 2025-02-04 17:05:58,260][0m Trial 3 finished with value: 0.23535077273845673 and parameters: {'observation_period_num': 201, 'train_rates': 0.9882947977356431, 'learning_rate': 7.392777652574522e-05, 'batch_size': 184, 'step_size': 14, 'gamma': 0.8378828012835864}. Best is trial 3 with value: 0.23535077273845673.[0m
[32m[I 2025-02-04 17:11:05,948][0m Trial 4 finished with value: 0.9272456580812151 and parameters: {'observation_period_num': 244, 'train_rates': 0.8769944527441073, 'learning_rate': 3.061106133148981e-06, 'batch_size': 62, 'step_size': 11, 'gamma': 0.9325605047049225}. Best is trial 3 with value: 0.23535077273845673.[0m
[32m[I 2025-02-04 17:12:36,412][0m Trial 5 finished with value: 0.2657251322301922 and parameters: {'observation_period_num': 35, 'train_rates': 0.8743486188016183, 'learning_rate': 0.00021737516399444407, 'batch_size': 72, 'step_size': 9, 'gamma': 0.7904450141898691}. Best is trial 3 with value: 0.23535077273845673.[0m
[32m[I 2025-02-04 17:17:02,852][0m Trial 6 finished with value: 1.4171913428010101 and parameters: {'observation_period_num': 212, 'train_rates': 0.6478669799530238, 'learning_rate': 0.0008196481807039943, 'batch_size': 117, 'step_size': 14, 'gamma': 0.820980723182848}. Best is trial 3 with value: 0.23535077273845673.[0m
[32m[I 2025-02-04 17:17:54,802][0m Trial 7 finished with value: 1.9145012634544976 and parameters: {'observation_period_num': 64, 'train_rates': 0.6495987108963, 'learning_rate': 4.073339651246845e-06, 'batch_size': 150, 'step_size': 9, 'gamma': 0.7524089216257591}. Best is trial 3 with value: 0.23535077273845673.[0m
[32m[I 2025-02-04 17:19:05,888][0m Trial 8 finished with value: 0.8386492282765392 and parameters: {'observation_period_num': 22, 'train_rates': 0.9171789808044528, 'learning_rate': 1.9503289056609116e-05, 'batch_size': 68, 'step_size': 3, 'gamma': 0.761633621448796}. Best is trial 3 with value: 0.23535077273845673.[0m
[32m[I 2025-02-04 17:23:25,007][0m Trial 9 finished with value: 0.24962595105171204 and parameters: {'observation_period_num': 208, 'train_rates': 0.9742920950430962, 'learning_rate': 4.7218313765624886e-05, 'batch_size': 140, 'step_size': 15, 'gamma': 0.9592472601479339}. Best is trial 3 with value: 0.23535077273845673.[0m
[32m[I 2025-02-04 17:25:56,773][0m Trial 10 finished with value: 0.939319146256293 and parameters: {'observation_period_num': 153, 'train_rates': 0.7342866701002213, 'learning_rate': 9.340802382481031e-05, 'batch_size': 252, 'step_size': 6, 'gamma': 0.8411819114028442}. Best is trial 3 with value: 0.23535077273845673.[0m
[32m[I 2025-02-04 17:28:55,349][0m Trial 11 finished with value: 0.39496553726325745 and parameters: {'observation_period_num': 160, 'train_rates': 0.9210861661596321, 'learning_rate': 2.9740035885668226e-05, 'batch_size': 167, 'step_size': 15, 'gamma': 0.9894422866730551}. Best is trial 3 with value: 0.23535077273845673.[0m
[32m[I 2025-02-04 17:32:14,226][0m Trial 12 finished with value: 0.5011527535713676 and parameters: {'observation_period_num': 181, 'train_rates': 0.8338319444478872, 'learning_rate': 0.00010722871501236905, 'batch_size': 201, 'step_size': 12, 'gamma': 0.9304193723467392}. Best is trial 3 with value: 0.23535077273845673.[0m
[32m[I 2025-02-04 17:34:10,874][0m Trial 13 finished with value: 0.6948948510231511 and parameters: {'observation_period_num': 108, 'train_rates': 0.9457028251898423, 'learning_rate': 1.2207609442921752e-05, 'batch_size': 119, 'step_size': 15, 'gamma': 0.8415144212076975}. Best is trial 3 with value: 0.23535077273845673.[0m
[32m[I 2025-02-04 17:37:50,790][0m Trial 14 finished with value: 0.8857945051736201 and parameters: {'observation_period_num': 190, 'train_rates': 0.7152586072331025, 'learning_rate': 6.450700283312617e-05, 'batch_size': 20, 'step_size': 11, 'gamma': 0.9403598431001844}. Best is trial 3 with value: 0.23535077273845673.[0m
[32m[I 2025-02-04 17:40:19,104][0m Trial 15 finished with value: 0.30142565376192165 and parameters: {'observation_period_num': 138, 'train_rates': 0.8714551761148429, 'learning_rate': 0.00024825786978834377, 'batch_size': 184, 'step_size': 7, 'gamma': 0.8604192221271696}. Best is trial 3 with value: 0.23535077273845673.[0m
[32m[I 2025-02-04 17:43:54,113][0m Trial 16 finished with value: 0.4960288405418396 and parameters: {'observation_period_num': 184, 'train_rates': 0.9491753998020592, 'learning_rate': 6.255659399864793e-05, 'batch_size': 219, 'step_size': 13, 'gamma': 0.7963722781393794}. Best is trial 3 with value: 0.23535077273845673.[0m
[32m[I 2025-02-04 17:48:38,594][0m Trial 17 finished with value: 0.9184387046263705 and parameters: {'observation_period_num': 251, 'train_rates': 0.7861639561595719, 'learning_rate': 1.3857562538343538e-05, 'batch_size': 149, 'step_size': 10, 'gamma': 0.898403293542078}. Best is trial 3 with value: 0.23535077273845673.[0m
[32m[I 2025-02-04 17:53:01,527][0m Trial 18 finished with value: 0.19068914651870728 and parameters: {'observation_period_num': 205, 'train_rates': 0.9842267665874311, 'learning_rate': 0.00022703013944175507, 'batch_size': 89, 'step_size': 15, 'gamma': 0.9562342232739526}. Best is trial 18 with value: 0.19068914651870728.[0m
[32m[I 2025-02-04 17:55:07,818][0m Trial 19 finished with value: 0.23792864300134614 and parameters: {'observation_period_num': 119, 'train_rates': 0.9106093537803277, 'learning_rate': 0.0003516140001209461, 'batch_size': 96, 'step_size': 13, 'gamma': 0.8700051226888235}. Best is trial 18 with value: 0.19068914651870728.[0m
[32m[I 2025-02-04 17:58:38,103][0m Trial 20 finished with value: 0.41068055420806726 and parameters: {'observation_period_num': 165, 'train_rates': 0.8260489540590872, 'learning_rate': 0.00011610757863842506, 'batch_size': 24, 'step_size': 6, 'gamma': 0.8114287516037921}. Best is trial 18 with value: 0.19068914651870728.[0m
[32m[I 2025-02-04 18:00:44,854][0m Trial 21 finished with value: 0.23863362842025118 and parameters: {'observation_period_num': 116, 'train_rates': 0.9158653085437782, 'learning_rate': 0.00035402913185477055, 'batch_size': 80, 'step_size': 13, 'gamma': 0.8656506085676591}. Best is trial 18 with value: 0.19068914651870728.[0m
[32m[I 2025-02-04 18:02:28,011][0m Trial 22 finished with value: 0.22906063497066498 and parameters: {'observation_period_num': 90, 'train_rates': 0.9883114755315299, 'learning_rate': 0.0004038466053710367, 'batch_size': 106, 'step_size': 14, 'gamma': 0.840544653607271}. Best is trial 18 with value: 0.19068914651870728.[0m
[32m[I 2025-02-04 18:04:26,410][0m Trial 23 finished with value: 0.2016932332599667 and parameters: {'observation_period_num': 80, 'train_rates': 0.9507184243996876, 'learning_rate': 0.00018259352503886047, 'batch_size': 41, 'step_size': 14, 'gamma': 0.8358905469684831}. Best is trial 18 with value: 0.19068914651870728.[0m
[32m[I 2025-02-04 18:06:21,036][0m Trial 24 finished with value: 0.2519395994611933 and parameters: {'observation_period_num': 82, 'train_rates': 0.945034924797495, 'learning_rate': 0.00018427964217850563, 'batch_size': 42, 'step_size': 12, 'gamma': 0.9111284628878378}. Best is trial 18 with value: 0.19068914651870728.[0m
[32m[I 2025-02-04 18:08:04,310][0m Trial 25 finished with value: 0.45585132588585503 and parameters: {'observation_period_num': 62, 'train_rates': 0.9520669437903257, 'learning_rate': 0.0005324647749202218, 'batch_size': 47, 'step_size': 15, 'gamma': 0.7856632343621953}. Best is trial 18 with value: 0.19068914651870728.[0m
[32m[I 2025-02-04 18:09:08,887][0m Trial 26 finished with value: 0.2889558014988202 and parameters: {'observation_period_num': 57, 'train_rates': 0.8818581307816813, 'learning_rate': 0.00015260805171377225, 'batch_size': 98, 'step_size': 11, 'gamma': 0.8225098038412315}. Best is trial 18 with value: 0.19068914651870728.[0m
[32m[I 2025-02-04 18:10:20,754][0m Trial 27 finished with value: 1.4701174504522767 and parameters: {'observation_period_num': 84, 'train_rates': 0.6092581826524655, 'learning_rate': 0.0009809895643534633, 'batch_size': 97, 'step_size': 14, 'gamma': 0.8768461287339372}. Best is trial 18 with value: 0.19068914651870728.[0m
[32m[I 2025-02-04 18:13:18,823][0m Trial 28 finished with value: 0.44685955737766464 and parameters: {'observation_period_num': 142, 'train_rates': 0.9595064444475108, 'learning_rate': 0.00041540387760189513, 'batch_size': 46, 'step_size': 12, 'gamma': 0.9663037987088472}. Best is trial 18 with value: 0.19068914651870728.[0m
[32m[I 2025-02-04 18:15:07,556][0m Trial 29 finished with value: 0.2190442681312561 and parameters: {'observation_period_num': 92, 'train_rates': 0.9885862842620601, 'learning_rate': 0.0003034633776091629, 'batch_size': 83, 'step_size': 14, 'gamma': 0.8562709640106648}. Best is trial 18 with value: 0.19068914651870728.[0m
[32m[I 2025-02-04 18:17:01,387][0m Trial 30 finished with value: 0.3428391330704397 and parameters: {'observation_period_num': 101, 'train_rates': 0.8971563426721465, 'learning_rate': 3.787559013558793e-05, 'batch_size': 78, 'step_size': 13, 'gamma': 0.911808067686206}. Best is trial 18 with value: 0.19068914651870728.[0m
[32m[I 2025-02-04 18:18:38,943][0m Trial 31 finished with value: 0.18906888365745544 and parameters: {'observation_period_num': 86, 'train_rates': 0.9860545214079959, 'learning_rate': 0.0002544489786878751, 'batch_size': 106, 'step_size': 14, 'gamma': 0.8551068523152001}. Best is trial 31 with value: 0.18906888365745544.[0m
[32m[I 2025-02-04 18:19:37,860][0m Trial 32 finished with value: 0.29149309479441315 and parameters: {'observation_period_num': 48, 'train_rates': 0.9344045420907474, 'learning_rate': 0.0002486987730962281, 'batch_size': 85, 'step_size': 14, 'gamma': 0.8543270641371058}. Best is trial 31 with value: 0.18906888365745544.[0m
[32m[I 2025-02-04 18:20:56,624][0m Trial 33 finished with value: 0.290010541677475 and parameters: {'observation_period_num': 72, 'train_rates': 0.9690324468117903, 'learning_rate': 0.00014359104678713137, 'batch_size': 127, 'step_size': 15, 'gamma': 0.8835135427545131}. Best is trial 31 with value: 0.18906888365745544.[0m
[32m[I 2025-02-04 18:23:23,558][0m Trial 34 finished with value: 2.40834903717041 and parameters: {'observation_period_num': 10, 'train_rates': 0.9895182511162969, 'learning_rate': 0.0006631055657854056, 'batch_size': 34, 'step_size': 12, 'gamma': 0.8518311926590275}. Best is trial 31 with value: 0.18906888365745544.[0m
[32m[I 2025-02-04 18:26:08,190][0m Trial 35 finished with value: 0.26154904428281284 and parameters: {'observation_period_num': 130, 'train_rates': 0.9664973817077526, 'learning_rate': 0.00026603142449065266, 'batch_size': 49, 'step_size': 13, 'gamma': 0.8272627420983681}. Best is trial 31 with value: 0.18906888365745544.[0m
[32m[I 2025-02-04 18:27:25,171][0m Trial 36 finished with value: 0.3413122074276793 and parameters: {'observation_period_num': 39, 'train_rates': 0.9299947712051013, 'learning_rate': 0.0005106309406069211, 'batch_size': 62, 'step_size': 3, 'gamma': 0.8937237363066829}. Best is trial 31 with value: 0.18906888365745544.[0m
[32m[I 2025-02-04 18:29:24,599][0m Trial 37 finished with value: 0.18487614393234253 and parameters: {'observation_period_num': 98, 'train_rates': 0.9898653025571045, 'learning_rate': 0.00020188813682337284, 'batch_size': 59, 'step_size': 10, 'gamma': 0.9082329479360141}. Best is trial 37 with value: 0.18487614393234253.[0m
[32m[I 2025-02-04 18:34:38,178][0m Trial 38 finished with value: 0.2685639186874851 and parameters: {'observation_period_num': 231, 'train_rates': 0.9665843942650298, 'learning_rate': 7.887074391942496e-05, 'batch_size': 61, 'step_size': 9, 'gamma': 0.9710568467723302}. Best is trial 37 with value: 0.18487614393234253.[0m
[32m[I 2025-02-04 18:36:52,892][0m Trial 39 finished with value: 0.3737473781649948 and parameters: {'observation_period_num': 73, 'train_rates': 0.853303226368219, 'learning_rate': 0.00017665558933416096, 'batch_size': 33, 'step_size': 10, 'gamma': 0.9137274448327622}. Best is trial 37 with value: 0.18487614393234253.[0m
[32m[I 2025-02-04 18:38:51,041][0m Trial 40 finished with value: 0.8220601108983697 and parameters: {'observation_period_num': 124, 'train_rates': 0.7746587368097162, 'learning_rate': 0.00013205146157763695, 'batch_size': 114, 'step_size': 10, 'gamma': 0.9355980503673595}. Best is trial 37 with value: 0.18487614393234253.[0m
[32m[I 2025-02-04 18:40:49,291][0m Trial 41 finished with value: 0.2554764449596405 and parameters: {'observation_period_num': 104, 'train_rates': 0.9843717272339372, 'learning_rate': 0.0002862929040051474, 'batch_size': 89, 'step_size': 14, 'gamma': 0.8801501495531743}. Best is trial 37 with value: 0.18487614393234253.[0m
[32m[I 2025-02-04 18:42:41,607][0m Trial 42 finished with value: 1.1588708973422492 and parameters: {'observation_period_num': 95, 'train_rates': 0.8981182723593931, 'learning_rate': 1.1138043194946892e-06, 'batch_size': 59, 'step_size': 8, 'gamma': 0.9511767234226808}. Best is trial 37 with value: 0.18487614393234253.[0m
Early stopping at epoch 59
[32m[I 2025-02-04 18:43:38,735][0m Trial 43 finished with value: 0.9384238347411156 and parameters: {'observation_period_num': 78, 'train_rates': 0.9723667791812421, 'learning_rate': 0.000710797973478801, 'batch_size': 70, 'step_size': 1, 'gamma': 0.8042771411660438}. Best is trial 37 with value: 0.18487614393234253.[0m
[32m[I 2025-02-04 18:44:35,025][0m Trial 44 finished with value: 0.2648732297950321 and parameters: {'observation_period_num': 52, 'train_rates': 0.9410352631911509, 'learning_rate': 0.0001815318854644286, 'batch_size': 133, 'step_size': 14, 'gamma': 0.8302280438388994}. Best is trial 37 with value: 0.18487614393234253.[0m
[32m[I 2025-02-04 18:46:41,416][0m Trial 45 finished with value: 0.36998844146728516 and parameters: {'observation_period_num': 108, 'train_rates': 0.9887775333140734, 'learning_rate': 0.000535487744855579, 'batch_size': 75, 'step_size': 15, 'gamma': 0.8511978933123308}. Best is trial 37 with value: 0.18487614393234253.[0m
[32m[I 2025-02-04 18:48:22,372][0m Trial 46 finished with value: 1.1489882225126733 and parameters: {'observation_period_num': 91, 'train_rates': 0.9557711150980303, 'learning_rate': 2.512997321638015e-06, 'batch_size': 102, 'step_size': 11, 'gamma': 0.9042313679700976}. Best is trial 37 with value: 0.18487614393234253.[0m
[32m[I 2025-02-04 18:49:42,337][0m Trial 47 finished with value: 0.47395071179367776 and parameters: {'observation_period_num': 70, 'train_rates': 0.92559861267197, 'learning_rate': 8.803922811959097e-05, 'batch_size': 87, 'step_size': 4, 'gamma': 0.7793039926156551}. Best is trial 37 with value: 0.18487614393234253.[0m
[32m[I 2025-02-04 18:52:28,841][0m Trial 48 finished with value: 0.20185184565143308 and parameters: {'observation_period_num': 133, 'train_rates': 0.9757233571384669, 'learning_rate': 0.00020079910010924523, 'batch_size': 53, 'step_size': 14, 'gamma': 0.9250463583216705}. Best is trial 37 with value: 0.18487614393234253.[0m
[32m[I 2025-02-04 18:56:27,324][0m Trial 49 finished with value: 0.8278316463538986 and parameters: {'observation_period_num': 226, 'train_rates': 0.6936684511520808, 'learning_rate': 5.162859346345985e-05, 'batch_size': 56, 'step_size': 12, 'gamma': 0.9283785557857445}. Best is trial 37 with value: 0.18487614393234253.[0m
trend „ÅÆÊúÄÈÅ©„Éè„Ç§„Éë„Éº„Éë„É©„É°„Éº„Çø„ÅåË¶ã„Å§„Åã„Çä„Åæ„Åó„Åü
ÊúÄÈÅ©ÂåñÂØæË±°: seasonal_0
[32m[I 2025-02-04 18:56:27,332][0m A new study created in memory with name: no-name-b6a83e1f-bc67-4827-a9f8-61af1f4e9a95[0m
[32m[I 2025-02-04 18:58:15,028][0m Trial 0 finished with value: 0.3487120201117801 and parameters: {'observation_period_num': 97, 'train_rates': 0.9523302874843754, 'learning_rate': 8.298924551542032e-05, 'batch_size': 99, 'step_size': 5, 'gamma': 0.9199174232906021}. Best is trial 0 with value: 0.3487120201117801.[0m
[32m[I 2025-02-04 19:00:02,432][0m Trial 1 finished with value: 0.46298012137413025 and parameters: {'observation_period_num': 105, 'train_rates': 0.9235440675552431, 'learning_rate': 5.051002404660332e-05, 'batch_size': 248, 'step_size': 15, 'gamma': 0.8965371853387255}. Best is trial 0 with value: 0.3487120201117801.[0m
[32m[I 2025-02-04 19:00:43,041][0m Trial 2 finished with value: 1.832369195743346 and parameters: {'observation_period_num': 50, 'train_rates': 0.6084146880805509, 'learning_rate': 5.113816016502668e-06, 'batch_size': 172, 'step_size': 10, 'gamma': 0.8715416250291961}. Best is trial 0 with value: 0.3487120201117801.[0m
[32m[I 2025-02-04 19:01:02,019][0m Trial 3 finished with value: 1.7172849676237423 and parameters: {'observation_period_num': 11, 'train_rates': 0.6117324481269858, 'learning_rate': 8.641988251337676e-06, 'batch_size': 203, 'step_size': 2, 'gamma': 0.942551216850064}. Best is trial 0 with value: 0.3487120201117801.[0m
[32m[I 2025-02-04 19:02:24,953][0m Trial 4 finished with value: 1.7666025255855762 and parameters: {'observation_period_num': 83, 'train_rates': 0.6622778111143036, 'learning_rate': 5.111825581023352e-06, 'batch_size': 51, 'step_size': 2, 'gamma': 0.9032433862931573}. Best is trial 0 with value: 0.3487120201117801.[0m
[32m[I 2025-02-04 19:04:19,789][0m Trial 5 finished with value: 1.192300305297122 and parameters: {'observation_period_num': 118, 'train_rates': 0.8301924112303719, 'learning_rate': 8.395394945482107e-06, 'batch_size': 213, 'step_size': 11, 'gamma': 0.8467078918739979}. Best is trial 0 with value: 0.3487120201117801.[0m
[32m[I 2025-02-04 19:05:21,045][0m Trial 6 finished with value: 0.9655145870857551 and parameters: {'observation_period_num': 27, 'train_rates': 0.9165851621349338, 'learning_rate': 1.164561489878876e-05, 'batch_size': 81, 'step_size': 4, 'gamma': 0.8127788315037182}. Best is trial 0 with value: 0.3487120201117801.[0m
[32m[I 2025-02-04 19:09:32,961][0m Trial 7 finished with value: 0.19803692688865046 and parameters: {'observation_period_num': 143, 'train_rates': 0.9782150061392139, 'learning_rate': 7.4190298581322e-05, 'batch_size': 19, 'step_size': 14, 'gamma': 0.9730590022010237}. Best is trial 7 with value: 0.19803692688865046.[0m
[32m[I 2025-02-04 19:09:50,707][0m Trial 8 finished with value: 0.6570974066111644 and parameters: {'observation_period_num': 5, 'train_rates': 0.7613204487653141, 'learning_rate': 0.00015273776387595, 'batch_size': 254, 'step_size': 11, 'gamma': 0.8644947570339617}. Best is trial 7 with value: 0.19803692688865046.[0m
[32m[I 2025-02-04 19:12:15,918][0m Trial 9 finished with value: 1.4101081076983748 and parameters: {'observation_period_num': 150, 'train_rates': 0.7411472698411454, 'learning_rate': 1.0494813537055793e-05, 'batch_size': 236, 'step_size': 9, 'gamma': 0.8848024872558189}. Best is trial 7 with value: 0.19803692688865046.[0m
[32m[I 2025-02-04 19:16:52,326][0m Trial 10 finished with value: 2.219308240231118 and parameters: {'observation_period_num': 214, 'train_rates': 0.8426426276020125, 'learning_rate': 0.0009674392366646903, 'batch_size': 24, 'step_size': 14, 'gamma': 0.9851538958732556}. Best is trial 7 with value: 0.19803692688865046.[0m
[32m[I 2025-02-04 19:19:55,136][0m Trial 11 finished with value: 0.33499815409833733 and parameters: {'observation_period_num': 154, 'train_rates': 0.9606736798956153, 'learning_rate': 0.00011189064052215683, 'batch_size': 109, 'step_size': 6, 'gamma': 0.9841982623799094}. Best is trial 7 with value: 0.19803692688865046.[0m
[32m[I 2025-02-04 19:23:28,371][0m Trial 12 finished with value: 0.21828994154930115 and parameters: {'observation_period_num': 173, 'train_rates': 0.9870018781560191, 'learning_rate': 0.000279445633386806, 'batch_size': 131, 'step_size': 7, 'gamma': 0.9813649613348806}. Best is trial 7 with value: 0.19803692688865046.[0m
[32m[I 2025-02-04 19:27:33,999][0m Trial 13 finished with value: 2.006256103515625 and parameters: {'observation_period_num': 196, 'train_rates': 0.9859220041205968, 'learning_rate': 1.120066226733645e-06, 'batch_size': 170, 'step_size': 7, 'gamma': 0.7609239873152185}. Best is trial 7 with value: 0.19803692688865046.[0m
[32m[I 2025-02-04 19:32:38,789][0m Trial 14 finished with value: 0.3840460195598832 and parameters: {'observation_period_num': 249, 'train_rates': 0.877379899969544, 'learning_rate': 0.00041226021857156993, 'batch_size': 144, 'step_size': 13, 'gamma': 0.9496693217956659}. Best is trial 7 with value: 0.19803692688865046.[0m
[32m[I 2025-02-04 19:36:33,659][0m Trial 15 finished with value: 0.7957505880877739 and parameters: {'observation_period_num': 173, 'train_rates': 0.8820123701368808, 'learning_rate': 0.000385922959297258, 'batch_size': 22, 'step_size': 8, 'gamma': 0.9509658593577914}. Best is trial 7 with value: 0.19803692688865046.[0m
