[32m[I 2025-02-04 22:48:36,218][0m Trial 32 finished with value: 0.22149958365772623 and parameters: {'observation_period_num': 20, 'train_rates': 0.915237098231959, 'learning_rate': 7.378012325545223e-05, 'batch_size': 19, 'step_size': 5, 'gamma': 0.8439421450256546}. Best is trial 32 with value: 0.22149958365772623.[0m
[32m[I 2025-02-04 22:53:28,077][0m Trial 33 finished with value: 0.23305887086638089 and parameters: {'observation_period_num': 24, 'train_rates': 0.9208237832318978, 'learning_rate': 6.920183939238473e-05, 'batch_size': 16, 'step_size': 5, 'gamma': 0.8456413029765648}. Best is trial 32 with value: 0.22149958365772623.[0m
[32m[I 2025-02-04 22:57:24,997][0m Trial 34 finished with value: 0.30515979275558935 and parameters: {'observation_period_num': 21, 'train_rates': 0.9324533386665171, 'learning_rate': 2.7648289255366286e-05, 'batch_size': 20, 'step_size': 5, 'gamma': 0.8468362684276006}. Best is trial 32 with value: 0.22149958365772623.[0m
[32m[I 2025-02-04 22:59:29,030][0m Trial 35 finished with value: 0.36204413614075653 and parameters: {'observation_period_num': 48, 'train_rates': 0.8918375377902219, 'learning_rate': 6.021978930778181e-05, 'batch_size': 37, 'step_size': 4, 'gamma': 0.8242768739932987}. Best is trial 32 with value: 0.22149958365772623.[0m
Early stopping at epoch 81
[32m[I 2025-02-04 22:59:50,952][0m Trial 36 finished with value: 1.001459109936661 and parameters: {'observation_period_num': 17, 'train_rates': 0.9208760584334211, 'learning_rate': 8.477733258353853e-05, 'batch_size': 207, 'step_size': 1, 'gamma': 0.8563087734601139}. Best is trial 32 with value: 0.22149958365772623.[0m
[32m[I 2025-02-04 23:02:22,389][0m Trial 37 finished with value: 0.2882148272850934 and parameters: {'observation_period_num': 34, 'train_rates': 0.9884158117981903, 'learning_rate': 2.282451879405223e-05, 'batch_size': 33, 'step_size': 6, 'gamma': 0.788138213847166}. Best is trial 32 with value: 0.22149958365772623.[0m
[32m[I 2025-02-04 23:04:51,239][0m Trial 38 finished with value: 0.8434315269710096 and parameters: {'observation_period_num': 49, 'train_rates': 0.7191838589551982, 'learning_rate': 4.841064118793037e-05, 'batch_size': 26, 'step_size': 4, 'gamma': 0.8798285629447877}. Best is trial 32 with value: 0.22149958365772623.[0m
[32m[I 2025-02-04 23:05:57,832][0m Trial 39 finished with value: 0.9577089096735982 and parameters: {'observation_period_num': 6, 'train_rates': 0.9650925610918637, 'learning_rate': 1.7278262525440412e-05, 'batch_size': 75, 'step_size': 2, 'gamma': 0.828495299172155}. Best is trial 32 with value: 0.22149958365772623.[0m
[32m[I 2025-02-04 23:10:37,056][0m Trial 40 finished with value: 0.48927765636774845 and parameters: {'observation_period_num': 55, 'train_rates': 0.8807982159055463, 'learning_rate': 6.102154520848922e-06, 'batch_size': 16, 'step_size': 8, 'gamma': 0.815077815318824}. Best is trial 32 with value: 0.22149958365772623.[0m
[32m[I 2025-02-04 23:12:17,503][0m Trial 41 finished with value: 0.2729991717884938 and parameters: {'observation_period_num': 68, 'train_rates': 0.966822859751622, 'learning_rate': 0.00023520613930658006, 'batch_size': 49, 'step_size': 6, 'gamma': 0.8421899781510209}. Best is trial 32 with value: 0.22149958365772623.[0m
[32m[I 2025-02-04 23:13:38,569][0m Trial 42 finished with value: 0.2558262955821203 and parameters: {'observation_period_num': 23, 'train_rates': 0.9429467078453317, 'learning_rate': 0.00010444362461794598, 'batch_size': 61, 'step_size': 6, 'gamma': 0.8528376684306758}. Best is trial 32 with value: 0.22149958365772623.[0m
[32m[I 2025-02-04 23:15:18,796][0m Trial 43 finished with value: 0.28199423241258115 and parameters: {'observation_period_num': 21, 'train_rates': 0.9090293788937944, 'learning_rate': 0.00010564967390597752, 'batch_size': 47, 'step_size': 3, 'gamma': 0.8684439213584799}. Best is trial 32 with value: 0.22149958365772623.[0m
[32m[I 2025-02-04 23:16:00,233][0m Trial 44 finished with value: 0.41175973250721043 and parameters: {'observation_period_num': 33, 'train_rates': 0.9381624672969366, 'learning_rate': 6.896630614141231e-05, 'batch_size': 142, 'step_size': 8, 'gamma': 0.836895901320588}. Best is trial 32 with value: 0.22149958365772623.[0m
[32m[I 2025-02-04 23:17:03,556][0m Trial 45 finished with value: 1.9775538265705108 and parameters: {'observation_period_num': 18, 'train_rates': 0.8638605566854829, 'learning_rate': 1.0758711821565177e-06, 'batch_size': 73, 'step_size': 5, 'gamma': 0.7805707698834252}. Best is trial 32 with value: 0.22149958365772623.[0m
[32m[I 2025-02-04 23:19:26,321][0m Trial 46 finished with value: 0.3619887654776456 and parameters: {'observation_period_num': 5, 'train_rates': 0.8344251067776995, 'learning_rate': 0.0001047631769173964, 'batch_size': 30, 'step_size': 7, 'gamma': 0.8616695823435276}. Best is trial 32 with value: 0.22149958365772623.[0m
[32m[I 2025-02-04 23:20:02,522][0m Trial 47 finished with value: 1.2640178316880848 and parameters: {'observation_period_num': 39, 'train_rates': 0.6675033960355834, 'learning_rate': 3.582483627030734e-05, 'batch_size': 161, 'step_size': 3, 'gamma': 0.8070240712186649}. Best is trial 32 with value: 0.22149958365772623.[0m
[32m[I 2025-02-04 23:21:55,476][0m Trial 48 finished with value: 0.6613348722457886 and parameters: {'observation_period_num': 23, 'train_rates': 0.9729194836315825, 'learning_rate': 0.0006092687533687845, 'batch_size': 44, 'step_size': 4, 'gamma': 0.8543529359108631}. Best is trial 32 with value: 0.22149958365772623.[0m
[32m[I 2025-02-04 23:22:49,220][0m Trial 49 finished with value: 1.5918594273653897 and parameters: {'observation_period_num': 53, 'train_rates': 0.9205037409281855, 'learning_rate': 2.1192190301840994e-06, 'batch_size': 172, 'step_size': 6, 'gamma': 0.8748145686364616}. Best is trial 32 with value: 0.22149958365772623.[0m
seasonal_1 „ÅÆÊúÄÈÅ©„Éè„Ç§„Éë„Éº„Éë„É©„É°„Éº„Çø„ÅåË¶ã„Å§„Åã„Çä„Åæ„Åó„Åü
ÊúÄÈÅ©ÂåñÂØæË±°: seasonal_2
[32m[I 2025-02-04 23:22:49,227][0m A new study created in memory with name: no-name-942c627b-cc2d-4c74-a0c3-a916c817a6d3[0m
[32m[I 2025-02-04 23:25:36,034][0m Trial 0 finished with value: 1.0478930998041953 and parameters: {'observation_period_num': 185, 'train_rates': 0.6437454046867286, 'learning_rate': 0.0008877319276315515, 'batch_size': 240, 'step_size': 8, 'gamma': 0.7869433816659691}. Best is trial 0 with value: 1.0478930998041953.[0m
[32m[I 2025-02-04 23:27:48,089][0m Trial 1 finished with value: 1.9869774223922134 and parameters: {'observation_period_num': 144, 'train_rates': 0.6710383439128833, 'learning_rate': 1.2878802290874146e-06, 'batch_size': 96, 'step_size': 6, 'gamma': 0.8759568409332286}. Best is trial 0 with value: 1.0478930998041953.[0m
[32m[I 2025-02-04 23:28:31,256][0m Trial 2 finished with value: 1.2007154510795583 and parameters: {'observation_period_num': 49, 'train_rates': 0.7040869285321651, 'learning_rate': 1.8437068248110152e-05, 'batch_size': 240, 'step_size': 10, 'gamma': 0.7678441471286213}. Best is trial 0 with value: 1.0478930998041953.[0m
[32m[I 2025-02-04 23:30:26,340][0m Trial 3 finished with value: 0.9489637154799241 and parameters: {'observation_period_num': 107, 'train_rates': 0.9271466361655359, 'learning_rate': 1.4096627995231875e-05, 'batch_size': 186, 'step_size': 9, 'gamma': 0.8040406431340984}. Best is trial 3 with value: 0.9489637154799241.[0m
[32m[I 2025-02-04 23:34:20,277][0m Trial 4 finished with value: 1.0997166093969029 and parameters: {'observation_period_num': 239, 'train_rates': 0.6112371576311989, 'learning_rate': 8.49152691517653e-05, 'batch_size': 121, 'step_size': 8, 'gamma': 0.8064428760241069}. Best is trial 3 with value: 0.9489637154799241.[0m
[32m[I 2025-02-04 23:37:11,109][0m Trial 5 finished with value: 1.9667737546936106 and parameters: {'observation_period_num': 184, 'train_rates': 0.6854301110652445, 'learning_rate': 1.02158753704533e-06, 'batch_size': 174, 'step_size': 10, 'gamma': 0.9261427389133473}. Best is trial 3 with value: 0.9489637154799241.[0m
[32m[I 2025-02-04 23:39:34,331][0m Trial 6 finished with value: 1.1349839564403004 and parameters: {'observation_period_num': 61, 'train_rates': 0.7378393002478654, 'learning_rate': 0.00047140142706747365, 'batch_size': 27, 'step_size': 7, 'gamma': 0.9392131517999014}. Best is trial 3 with value: 0.9489637154799241.[0m
[32m[I 2025-02-04 23:42:02,316][0m Trial 7 finished with value: 0.8838516164497034 and parameters: {'observation_period_num': 146, 'train_rates': 0.7309853983451502, 'learning_rate': 3.0572576911816616e-05, 'batch_size': 71, 'step_size': 15, 'gamma': 0.9034543674284116}. Best is trial 7 with value: 0.8838516164497034.[0m
Early stopping at epoch 34
[32m[I 2025-02-04 23:42:49,512][0m Trial 8 finished with value: 2.4884629249572754 and parameters: {'observation_period_num': 118, 'train_rates': 0.972239585762834, 'learning_rate': 1.1787806133861576e-06, 'batch_size': 87, 'step_size': 1, 'gamma': 0.7538709166250606}. Best is trial 7 with value: 0.8838516164497034.[0m
[32m[I 2025-02-04 23:44:46,094][0m Trial 9 finished with value: 1.3269537460705465 and parameters: {'observation_period_num': 120, 'train_rates': 0.8292784567441236, 'learning_rate': 2.4067575335356107e-06, 'batch_size': 213, 'step_size': 6, 'gamma': 0.9565824734622559}. Best is trial 7 with value: 0.8838516164497034.[0m
[32m[I 2025-02-04 23:48:18,764][0m Trial 10 finished with value: 0.46528773952503594 and parameters: {'observation_period_num': 8, 'train_rates': 0.8168221462420565, 'learning_rate': 0.00011219865845521537, 'batch_size': 20, 'step_size': 15, 'gamma': 0.879360500656778}. Best is trial 10 with value: 0.46528773952503594.[0m
[32m[I 2025-02-04 23:52:41,533][0m Trial 11 finished with value: 0.3949395058429347 and parameters: {'observation_period_num': 13, 'train_rates': 0.8078724978182761, 'learning_rate': 0.00010245582066967983, 'batch_size': 16, 'step_size': 15, 'gamma': 0.872318130049989}. Best is trial 11 with value: 0.3949395058429347.[0m
[32m[I 2025-02-04 23:56:53,888][0m Trial 12 finished with value: 0.5175853284086834 and parameters: {'observation_period_num': 9, 'train_rates': 0.8271056612367311, 'learning_rate': 0.00013917050428345173, 'batch_size': 17, 'step_size': 15, 'gamma': 0.8441651586084022}. Best is trial 11 with value: 0.3949395058429347.[0m
[32m[I 2025-02-04 23:58:21,385][0m Trial 13 finished with value: 0.24671301599542825 and parameters: {'observation_period_num': 5, 'train_rates': 0.8716372730356945, 'learning_rate': 0.00015903375139800707, 'batch_size': 51, 'step_size': 13, 'gamma': 0.8593481199158899}. Best is trial 13 with value: 0.24671301599542825.[0m
[32m[I 2025-02-04 23:59:38,974][0m Trial 14 finished with value: 0.2930647100566737 and parameters: {'observation_period_num': 49, 'train_rates': 0.886118702421655, 'learning_rate': 0.00030048892204495223, 'batch_size': 60, 'step_size': 12, 'gamma': 0.8448916351942711}. Best is trial 13 with value: 0.24671301599542825.[0m
[32m[I 2025-02-05 00:01:03,261][0m Trial 15 finished with value: 0.2676779343968346 and parameters: {'observation_period_num': 63, 'train_rates': 0.8984492034807904, 'learning_rate': 0.00029228297499515356, 'batch_size': 56, 'step_size': 12, 'gamma': 0.8329040666003792}. Best is trial 13 with value: 0.24671301599542825.[0m
[32m[I 2025-02-05 00:02:24,612][0m Trial 16 finished with value: 0.32844713034286893 and parameters: {'observation_period_num': 78, 'train_rates': 0.8986765361457447, 'learning_rate': 0.00025980346733241774, 'batch_size': 130, 'step_size': 12, 'gamma': 0.9864298222635286}. Best is trial 13 with value: 0.24671301599542825.[0m
[32m[I 2025-02-05 00:04:11,460][0m Trial 17 finished with value: 0.2512254543878414 and parameters: {'observation_period_num': 79, 'train_rates': 0.971968254974226, 'learning_rate': 5.209783586411144e-05, 'batch_size': 48, 'step_size': 12, 'gamma': 0.8378612199280155}. Best is trial 13 with value: 0.24671301599542825.[0m
[32m[I 2025-02-05 00:05:59,986][0m Trial 18 finished with value: 0.7506729960441589 and parameters: {'observation_period_num': 93, 'train_rates': 0.9893847948681901, 'learning_rate': 6.700190019956166e-06, 'batch_size': 106, 'step_size': 12, 'gamma': 0.8221226722906938}. Best is trial 13 with value: 0.24671301599542825.[0m
[32m[I 2025-02-05 00:06:36,165][0m Trial 19 finished with value: 0.40167495608329773 and parameters: {'observation_period_num': 30, 'train_rates': 0.9525161345098172, 'learning_rate': 4.886286080015422e-05, 'batch_size': 156, 'step_size': 13, 'gamma': 0.9014583016547718}. Best is trial 13 with value: 0.24671301599542825.[0m
[32m[I 2025-02-05 00:08:15,761][0m Trial 20 finished with value: 0.5353105820004066 and parameters: {'observation_period_num': 35, 'train_rates': 0.863486674576298, 'learning_rate': 4.503078233178139e-05, 'batch_size': 45, 'step_size': 3, 'gamma': 0.8577780300311441}. Best is trial 13 with value: 0.24671301599542825.[0m
[32m[I 2025-02-05 00:09:50,515][0m Trial 21 finished with value: 0.2347235961881264 and parameters: {'observation_period_num': 76, 'train_rates': 0.9344033344822729, 'learning_rate': 0.0001968441563628783, 'batch_size': 53, 'step_size': 13, 'gamma': 0.8261998049123599}. Best is trial 21 with value: 0.2347235961881264.[0m
[32m[I 2025-02-05 00:11:18,604][0m Trial 22 finished with value: 0.25632750641101254 and parameters: {'observation_period_num': 74, 'train_rates': 0.9346215906361898, 'learning_rate': 0.00020317255984960095, 'batch_size': 79, 'step_size': 13, 'gamma': 0.8201554101596922}. Best is trial 21 with value: 0.2347235961881264.[0m
[32m[I 2025-02-05 00:13:16,262][0m Trial 23 finished with value: 0.38322420489220393 and parameters: {'observation_period_num': 88, 'train_rates': 0.8608346742263349, 'learning_rate': 5.95987727050945e-05, 'batch_size': 38, 'step_size': 13, 'gamma': 0.8545731938627967}. Best is trial 21 with value: 0.2347235961881264.[0m
[32m[I 2025-02-05 00:15:19,874][0m Trial 24 finished with value: 0.7149333737382841 and parameters: {'observation_period_num': 101, 'train_rates': 0.9294983186229013, 'learning_rate': 0.0005323775184636718, 'batch_size': 50, 'step_size': 10, 'gamma': 0.7841530099859737}. Best is trial 21 with value: 0.2347235961881264.[0m
[32m[I 2025-02-05 00:17:54,574][0m Trial 25 finished with value: 0.7756658623803336 and parameters: {'observation_period_num': 145, 'train_rates': 0.7733873883325684, 'learning_rate': 2.5114260867951268e-05, 'batch_size': 108, 'step_size': 14, 'gamma': 0.8948380107085857}. Best is trial 21 with value: 0.2347235961881264.[0m
[32m[I 2025-02-05 00:19:05,607][0m Trial 26 finished with value: 0.7141839882423138 and parameters: {'observation_period_num': 32, 'train_rates': 0.9703917510325832, 'learning_rate': 9.983684084189368e-06, 'batch_size': 71, 'step_size': 11, 'gamma': 0.8069953560734211}. Best is trial 21 with value: 0.2347235961881264.[0m
[32m[I 2025-02-05 00:22:21,623][0m Trial 27 finished with value: 0.35722100165189874 and parameters: {'observation_period_num': 166, 'train_rates': 0.8629092732515526, 'learning_rate': 0.00016211878678035308, 'batch_size': 39, 'step_size': 14, 'gamma': 0.8339002812662172}. Best is trial 21 with value: 0.2347235961881264.[0m
[32m[I 2025-02-05 00:27:24,990][0m Trial 28 finished with value: 0.3083104317592195 and parameters: {'observation_period_num': 242, 'train_rates': 0.910727560400255, 'learning_rate': 7.71776348117794e-05, 'batch_size': 150, 'step_size': 11, 'gamma': 0.8581238718799481}. Best is trial 21 with value: 0.2347235961881264.[0m
[32m[I 2025-02-05 00:28:44,151][0m Trial 29 finished with value: 0.6759237051010132 and parameters: {'observation_period_num': 53, 'train_rates': 0.9874771001770943, 'learning_rate': 0.0006955452467346774, 'batch_size': 64, 'step_size': 14, 'gamma': 0.773572183308511}. Best is trial 21 with value: 0.2347235961881264.[0m
[32m[I 2025-02-05 00:30:15,663][0m Trial 30 finished with value: 1.0149447652075787 and parameters: {'observation_period_num': 80, 'train_rates': 0.9516472644270112, 'learning_rate': 0.0009421199991820263, 'batch_size': 85, 'step_size': 9, 'gamma': 0.8147955107902315}. Best is trial 21 with value: 0.2347235961881264.[0m
[32m[I 2025-02-05 00:31:43,354][0m Trial 31 finished with value: 0.24237884365850024 and parameters: {'observation_period_num': 74, 'train_rates': 0.9376753851184441, 'learning_rate': 0.00018506986681906344, 'batch_size': 77, 'step_size': 13, 'gamma': 0.7915671099746349}. Best is trial 21 with value: 0.2347235961881264.[0m
[32m[I 2025-02-05 00:34:16,519][0m Trial 32 finished with value: 0.24469857476651669 and parameters: {'observation_period_num': 130, 'train_rates': 0.9517997175718823, 'learning_rate': 0.00017895575579970747, 'batch_size': 101, 'step_size': 11, 'gamma': 0.7918807796501088}. Best is trial 21 with value: 0.2347235961881264.[0m
[32m[I 2025-02-05 00:36:45,886][0m Trial 33 finished with value: 0.2968489591564451 and parameters: {'observation_period_num': 131, 'train_rates': 0.8761640532742997, 'learning_rate': 0.00038226963661290136, 'batch_size': 106, 'step_size': 11, 'gamma': 0.7917571816469612}. Best is trial 21 with value: 0.2347235961881264.[0m
[32m[I 2025-02-05 00:41:05,892][0m Trial 34 finished with value: 0.2497107730462001 and parameters: {'observation_period_num': 212, 'train_rates': 0.9241539586171972, 'learning_rate': 0.00017588552263278154, 'batch_size': 95, 'step_size': 13, 'gamma': 0.7953840873332187}. Best is trial 21 with value: 0.2347235961881264.[0m
[32m[I 2025-02-05 00:44:11,112][0m Trial 35 finished with value: 0.3539125861063495 and parameters: {'observation_period_num': 172, 'train_rates': 0.8466105464774958, 'learning_rate': 0.0002139669760862278, 'batch_size': 121, 'step_size': 9, 'gamma': 0.7635352400845581}. Best is trial 21 with value: 0.2347235961881264.[0m
[32m[I 2025-02-05 00:46:50,735][0m Trial 36 finished with value: 0.5781229258357704 and parameters: {'observation_period_num': 129, 'train_rates': 0.945424421201146, 'learning_rate': 0.0006059817189391437, 'batch_size': 73, 'step_size': 14, 'gamma': 0.7812740230707798}. Best is trial 21 with value: 0.2347235961881264.[0m
[32m[I 2025-02-05 00:49:20,317][0m Trial 37 finished with value: 0.2215273158760363 and parameters: {'observation_period_num': 110, 'train_rates': 0.9084141193572343, 'learning_rate': 0.00012839717656216377, 'batch_size': 31, 'step_size': 11, 'gamma': 0.7985272725664257}. Best is trial 37 with value: 0.2215273158760363.[0m
[32m[I 2025-02-05 00:51:40,751][0m Trial 38 finished with value: 0.2816545412236569 and parameters: {'observation_period_num': 109, 'train_rates': 0.9103221010946141, 'learning_rate': 0.000355432871906431, 'batch_size': 37, 'step_size': 10, 'gamma': 0.7998029903854359}. Best is trial 37 with value: 0.2215273158760363.[0m
[32m[I 2025-02-05 00:54:47,138][0m Trial 39 finished with value: 0.3659403091019923 and parameters: {'observation_period_num': 151, 'train_rates': 0.9640661605672174, 'learning_rate': 0.00011129325438722791, 'batch_size': 92, 'step_size': 7, 'gamma': 0.7539855807718058}. Best is trial 37 with value: 0.2215273158760363.[0m
[32m[I 2025-02-05 00:57:08,814][0m Trial 40 finished with value: 0.6546077110012125 and parameters: {'observation_period_num': 100, 'train_rates': 0.7741158518979124, 'learning_rate': 8.722888208844585e-05, 'batch_size': 29, 'step_size': 8, 'gamma': 0.7761032596719324}. Best is trial 37 with value: 0.2215273158760363.[0m
[32m[I 2025-02-05 00:59:14,550][0m Trial 41 finished with value: 0.28587361929878113 and parameters: {'observation_period_num': 113, 'train_rates': 0.8908770654222928, 'learning_rate': 0.00014342060091343864, 'batch_size': 63, 'step_size': 11, 'gamma': 0.808640615051271}. Best is trial 37 with value: 0.2215273158760363.[0m
[32m[I 2025-02-05 01:01:42,105][0m Trial 42 finished with value: 0.2884470820426941 and parameters: {'observation_period_num': 131, 'train_rates': 0.9170859422926104, 'learning_rate': 0.00023256142239049497, 'batch_size': 256, 'step_size': 13, 'gamma': 0.819398545091567}. Best is trial 37 with value: 0.2215273158760363.[0m
[32m[I 2025-02-05 01:04:27,406][0m Trial 43 finished with value: 0.30711310411639076 and parameters: {'observation_period_num': 66, 'train_rates': 0.9529307811647815, 'learning_rate': 0.00038939176537830647, 'batch_size': 29, 'step_size': 11, 'gamma': 0.7887534177104797}. Best is trial 37 with value: 0.2215273158760363.[0m
[32m[I 2025-02-05 01:06:01,410][0m Trial 44 finished with value: 0.25870711458356754 and parameters: {'observation_period_num': 44, 'train_rates': 0.9348117369718867, 'learning_rate': 6.788226161407025e-05, 'batch_size': 52, 'step_size': 14, 'gamma': 0.7663902512929394}. Best is trial 37 with value: 0.2215273158760363.[0m
[32m[I 2025-02-05 01:08:54,789][0m Trial 45 finished with value: 0.7416319573117841 and parameters: {'observation_period_num': 157, 'train_rates': 0.8448042646398062, 'learning_rate': 3.351417551782784e-05, 'batch_size': 81, 'step_size': 4, 'gamma': 0.8269016549124637}. Best is trial 37 with value: 0.2215273158760363.[0m
[32m[I 2025-02-05 01:12:46,778][0m Trial 46 finished with value: 0.2685554902493258 and parameters: {'observation_period_num': 193, 'train_rates': 0.9068653473044104, 'learning_rate': 0.00010227779261358853, 'batch_size': 119, 'step_size': 10, 'gamma': 0.8812703008555127}. Best is trial 37 with value: 0.2215273158760363.[0m
[32m[I 2025-02-05 01:13:56,637][0m Trial 47 finished with value: 0.28884934333332796 and parameters: {'observation_period_num': 21, 'train_rates': 0.883287682750787, 'learning_rate': 0.00013423374041443274, 'batch_size': 68, 'step_size': 9, 'gamma': 0.8007630411863285}. Best is trial 37 with value: 0.2215273158760363.[0m
