[32m[I 2025-02-05 04:01:36,331][0m Trial 13 finished with value: 0.8655253827125949 and parameters: {'observation_period_num': 252, 'train_rates': 0.7030515256995884, 'learning_rate': 0.0001045998892009887, 'batch_size': 208, 'step_size': 12, 'gamma': 0.7938633342276381}. Best is trial 11 with value: 0.32271310687065125.[0m
[32m[I 2025-02-05 04:03:01,521][0m Trial 14 finished with value: 0.7359376939178031 and parameters: {'observation_period_num': 88, 'train_rates': 0.7587438383871183, 'learning_rate': 0.0001047334581471278, 'batch_size': 89, 'step_size': 4, 'gamma': 0.9323044468049045}. Best is trial 11 with value: 0.32271310687065125.[0m
[32m[I 2025-02-05 04:05:41,437][0m Trial 15 finished with value: 0.33944033223427145 and parameters: {'observation_period_num': 141, 'train_rates': 0.9420938116785135, 'learning_rate': 0.00017813171327644165, 'batch_size': 152, 'step_size': 10, 'gamma': 0.8252134755075047}. Best is trial 11 with value: 0.32271310687065125.[0m
[32m[I 2025-02-05 04:06:13,289][0m Trial 16 finished with value: 0.5285840843795636 and parameters: {'observation_period_num': 25, 'train_rates': 0.9255196838304565, 'learning_rate': 5.157675360601145e-05, 'batch_size': 193, 'step_size': 11, 'gamma': 0.8176620458250313}. Best is trial 11 with value: 0.32271310687065125.[0m
[32m[I 2025-02-05 04:09:25,337][0m Trial 17 finished with value: 0.33177397620802557 and parameters: {'observation_period_num': 172, 'train_rates': 0.8967229639528208, 'learning_rate': 0.0001889453561649444, 'batch_size': 149, 'step_size': 15, 'gamma': 0.8398671139366243}. Best is trial 11 with value: 0.32271310687065125.[0m
[32m[I 2025-02-05 04:12:39,672][0m Trial 18 finished with value: 1.240631687904382 and parameters: {'observation_period_num': 176, 'train_rates': 0.885781714936119, 'learning_rate': 3.346469183024259e-06, 'batch_size': 245, 'step_size': 15, 'gamma': 0.9093724586385076}. Best is trial 11 with value: 0.32271310687065125.[0m
[32m[I 2025-02-05 04:17:26,977][0m Trial 19 finished with value: 0.7751284393858402 and parameters: {'observation_period_num': 250, 'train_rates': 0.7914764052451461, 'learning_rate': 3.908625330899907e-05, 'batch_size': 180, 'step_size': 13, 'gamma': 0.8403940843912763}. Best is trial 11 with value: 0.32271310687065125.[0m
[32m[I 2025-02-05 04:18:40,776][0m Trial 20 finished with value: 1.003704389553934 and parameters: {'observation_period_num': 94, 'train_rates': 0.6059505998709753, 'learning_rate': 0.00014653893966639904, 'batch_size': 222, 'step_size': 13, 'gamma': 0.7670876962078008}. Best is trial 11 with value: 0.32271310687065125.[0m
[32m[I 2025-02-05 04:21:42,986][0m Trial 21 finished with value: 0.37965354442596433 and parameters: {'observation_period_num': 153, 'train_rates': 0.9464872632648555, 'learning_rate': 0.00016865318538991297, 'batch_size': 144, 'step_size': 8, 'gamma': 0.8324427160611431}. Best is trial 11 with value: 0.32271310687065125.[0m
[32m[I 2025-02-05 04:23:47,935][0m Trial 22 finished with value: 0.4389692892630895 and parameters: {'observation_period_num': 119, 'train_rates': 0.8941913905981791, 'learning_rate': 6.200489546099563e-05, 'batch_size': 130, 'step_size': 9, 'gamma': 0.836763176451922}. Best is trial 11 with value: 0.32271310687065125.[0m
[32m[I 2025-02-05 04:27:59,172][0m Trial 23 finished with value: 0.33107081055641174 and parameters: {'observation_period_num': 204, 'train_rates': 0.9558476421981329, 'learning_rate': 0.00020195776646843918, 'batch_size': 172, 'step_size': 10, 'gamma': 0.7801262184766967}. Best is trial 11 with value: 0.32271310687065125.[0m
[32m[I 2025-02-05 04:32:14,193][0m Trial 24 finished with value: 0.2701397240161896 and parameters: {'observation_period_num': 208, 'train_rates': 0.9595364293115122, 'learning_rate': 0.00025136971648295834, 'batch_size': 170, 'step_size': 14, 'gamma': 0.7711539229920282}. Best is trial 24 with value: 0.2701397240161896.[0m
[32m[I 2025-02-05 04:36:49,931][0m Trial 25 finished with value: 0.287264883518219 and parameters: {'observation_period_num': 220, 'train_rates': 0.9575989295503033, 'learning_rate': 0.0005226729843917394, 'batch_size': 172, 'step_size': 13, 'gamma': 0.7746110353019928}. Best is trial 24 with value: 0.2701397240161896.[0m
[32m[I 2025-02-05 04:41:45,077][0m Trial 26 finished with value: 0.18789514899253845 and parameters: {'observation_period_num': 230, 'train_rates': 0.9757038128875511, 'learning_rate': 0.0005787259491975776, 'batch_size': 220, 'step_size': 13, 'gamma': 0.7698209421788371}. Best is trial 26 with value: 0.18789514899253845.[0m
[32m[I 2025-02-05 04:45:57,978][0m Trial 27 finished with value: 0.586863128809938 and parameters: {'observation_period_num': 227, 'train_rates': 0.8060734864059342, 'learning_rate': 0.00046113500471706864, 'batch_size': 223, 'step_size': 14, 'gamma': 0.7700954979975649}. Best is trial 26 with value: 0.18789514899253845.[0m
[32m[I 2025-02-05 04:50:54,055][0m Trial 28 finished with value: 0.3539981245994568 and parameters: {'observation_period_num': 233, 'train_rates': 0.9236618222275054, 'learning_rate': 0.0006639913884983666, 'batch_size': 224, 'step_size': 13, 'gamma': 0.768172366689597}. Best is trial 26 with value: 0.18789514899253845.[0m
[32m[I 2025-02-05 04:54:13,318][0m Trial 29 finished with value: 0.839848632702913 and parameters: {'observation_period_num': 197, 'train_rates': 0.6763224887186002, 'learning_rate': 0.0003070265397235855, 'batch_size': 194, 'step_size': 14, 'gamma': 0.7559050321990401}. Best is trial 26 with value: 0.18789514899253845.[0m
[32m[I 2025-02-05 04:59:07,861][0m Trial 30 finished with value: 0.2529871165752411 and parameters: {'observation_period_num': 232, 'train_rates': 0.9662257635527317, 'learning_rate': 0.0006043529934596324, 'batch_size': 232, 'step_size': 12, 'gamma': 0.807800902810247}. Best is trial 26 with value: 0.18789514899253845.[0m
[32m[I 2025-02-05 05:04:07,951][0m Trial 31 finished with value: 0.2814493477344513 and parameters: {'observation_period_num': 235, 'train_rates': 0.9574985507099638, 'learning_rate': 0.0006308270906351911, 'batch_size': 235, 'step_size': 12, 'gamma': 0.8030805771821724}. Best is trial 26 with value: 0.18789514899253845.[0m
[32m[I 2025-02-05 05:09:01,361][0m Trial 32 finished with value: 0.32708337903022766 and parameters: {'observation_period_num': 237, 'train_rates': 0.9134733141107907, 'learning_rate': 0.0007135841972795862, 'batch_size': 256, 'step_size': 12, 'gamma': 0.8014495948499968}. Best is trial 26 with value: 0.18789514899253845.[0m
[32m[I 2025-02-05 05:14:23,711][0m Trial 33 finished with value: 0.28717824816703796 and parameters: {'observation_period_num': 241, 'train_rates': 0.9624017912016525, 'learning_rate': 0.0002912020855229723, 'batch_size': 234, 'step_size': 11, 'gamma': 0.7549850179237968}. Best is trial 26 with value: 0.18789514899253845.[0m
[32m[I 2025-02-05 05:18:28,215][0m Trial 34 finished with value: 0.1850302368402481 and parameters: {'observation_period_num': 193, 'train_rates': 0.9886554599946481, 'learning_rate': 0.0005595716136513092, 'batch_size': 212, 'step_size': 14, 'gamma': 0.7814172504435075}. Best is trial 34 with value: 0.1850302368402481.[0m
[32m[I 2025-02-05 05:22:18,091][0m Trial 35 finished with value: 0.1738891899585724 and parameters: {'observation_period_num': 190, 'train_rates': 0.9896776782373335, 'learning_rate': 0.00036197136259234313, 'batch_size': 211, 'step_size': 14, 'gamma': 0.7834862791342413}. Best is trial 35 with value: 0.1738891899585724.[0m
[32m[I 2025-02-05 05:26:04,235][0m Trial 36 finished with value: 0.175641730427742 and parameters: {'observation_period_num': 186, 'train_rates': 0.986783265571744, 'learning_rate': 0.0003941856584770729, 'batch_size': 205, 'step_size': 14, 'gamma': 0.7851141514739084}. Best is trial 35 with value: 0.1738891899585724.[0m
[32m[I 2025-02-05 05:29:58,586][0m Trial 37 finished with value: 0.1783193051815033 and parameters: {'observation_period_num': 191, 'train_rates': 0.9876788891032178, 'learning_rate': 0.0003483734216192437, 'batch_size': 209, 'step_size': 15, 'gamma': 0.7818865268156184}. Best is trial 35 with value: 0.1738891899585724.[0m
[32m[I 2025-02-05 05:32:53,594][0m Trial 38 finished with value: 0.3632617833152894 and parameters: {'observation_period_num': 161, 'train_rates': 0.8667838109483434, 'learning_rate': 0.0003670721705655265, 'batch_size': 204, 'step_size': 15, 'gamma': 0.788742682096667}. Best is trial 35 with value: 0.1738891899585724.[0m
[32m[I 2025-02-05 05:36:44,893][0m Trial 39 finished with value: 0.4886479377746582 and parameters: {'observation_period_num': 191, 'train_rates': 0.9847675015785793, 'learning_rate': 2.359917844107256e-05, 'batch_size': 194, 'step_size': 14, 'gamma': 0.8599504171084089}. Best is trial 35 with value: 0.1738891899585724.[0m
[32m[I 2025-02-05 05:40:18,772][0m Trial 40 finished with value: 0.3542857585895446 and parameters: {'observation_period_num': 188, 'train_rates': 0.9104050905377632, 'learning_rate': 0.000865064580154736, 'batch_size': 210, 'step_size': 15, 'gamma': 0.7816136500421803}. Best is trial 35 with value: 0.1738891899585724.[0m
[32m[I 2025-02-05 05:43:32,144][0m Trial 41 finished with value: 0.17421460151672363 and parameters: {'observation_period_num': 164, 'train_rates': 0.9839933413405779, 'learning_rate': 0.0003861280635834811, 'batch_size': 217, 'step_size': 14, 'gamma': 0.7634814464285421}. Best is trial 35 with value: 0.1738891899585724.[0m
[32m[I 2025-02-05 05:46:56,107][0m Trial 42 finished with value: 0.1748470962047577 and parameters: {'observation_period_num': 167, 'train_rates': 0.9893015309330677, 'learning_rate': 0.00034437560223239997, 'batch_size': 185, 'step_size': 14, 'gamma': 0.7829506949899331}. Best is trial 35 with value: 0.1738891899585724.[0m
[32m[I 2025-02-05 05:50:03,922][0m Trial 43 finished with value: 0.32527923583984375 and parameters: {'observation_period_num': 163, 'train_rates': 0.9387013845194834, 'learning_rate': 0.00038097115001935314, 'batch_size': 193, 'step_size': 14, 'gamma': 0.8159635605128724}. Best is trial 35 with value: 0.1738891899585724.[0m
[32m[I 2025-02-05 05:53:35,027][0m Trial 44 finished with value: 0.3424917161464691 and parameters: {'observation_period_num': 182, 'train_rates': 0.9394832744467271, 'learning_rate': 0.00025906278329833083, 'batch_size': 183, 'step_size': 15, 'gamma': 0.7605468774216593}. Best is trial 35 with value: 0.1738891899585724.[0m
[32m[I 2025-02-05 05:56:07,926][0m Trial 45 finished with value: 0.4136379063129425 and parameters: {'observation_period_num': 132, 'train_rates': 0.9842745875101866, 'learning_rate': 0.0009796567288853086, 'batch_size': 243, 'step_size': 11, 'gamma': 0.7886065366878703}. Best is trial 35 with value: 0.1738891899585724.[0m
[32m[I 2025-02-05 05:59:20,930][0m Trial 46 finished with value: 0.20505137741565704 and parameters: {'observation_period_num': 162, 'train_rates': 0.9727872548416718, 'learning_rate': 0.0001374250758173298, 'batch_size': 107, 'step_size': 4, 'gamma': 0.9788781863291579}. Best is trial 35 with value: 0.1738891899585724.[0m
[32m[I 2025-02-05 06:03:34,348][0m Trial 47 finished with value: 0.3241471472299761 and parameters: {'observation_period_num': 215, 'train_rates': 0.8685396951008627, 'learning_rate': 0.0004171935661476335, 'batch_size': 215, 'step_size': 14, 'gamma': 0.7505976641167542}. Best is trial 35 with value: 0.1738891899585724.[0m
[32m[I 2025-02-05 06:06:57,356][0m Trial 48 finished with value: 0.9165016412734985 and parameters: {'observation_period_num': 170, 'train_rates': 0.9891203734959899, 'learning_rate': 6.832414848079673e-06, 'batch_size': 200, 'step_size': 13, 'gamma': 0.7938052226663616}. Best is trial 35 with value: 0.1738891899585724.[0m
