[32m[I 2025-02-04 19:40:52,755][0m Trial 16 finished with value: 0.20916534960269928 and parameters: {'observation_period_num': 201, 'train_rates': 0.9771552834904833, 'learning_rate': 3.466956287317573e-05, 'batch_size': 64, 'step_size': 12, 'gamma': 0.9886462708257073}. Best is trial 7 with value: 0.19803692688865046.[0m
[32m[I 2025-02-04 19:45:48,230][0m Trial 17 finished with value: 0.300669913346342 and parameters: {'observation_period_num': 232, 'train_rates': 0.9115349453323109, 'learning_rate': 3.0076480375635518e-05, 'batch_size': 60, 'step_size': 12, 'gamma': 0.9271888632943948}. Best is trial 7 with value: 0.19803692688865046.[0m
[32m[I 2025-02-04 19:49:38,777][0m Trial 18 finished with value: 0.461056375547367 and parameters: {'observation_period_num': 201, 'train_rates': 0.8024299541551587, 'learning_rate': 3.718656476389643e-05, 'batch_size': 56, 'step_size': 15, 'gamma': 0.9673903243333335}. Best is trial 7 with value: 0.19803692688865046.[0m
[32m[I 2025-02-04 19:53:40,006][0m Trial 19 finished with value: 0.3687192093867522 and parameters: {'observation_period_num': 73, 'train_rates': 0.8647671632373158, 'learning_rate': 1.9277652925674602e-05, 'batch_size': 18, 'step_size': 13, 'gamma': 0.8245877911341926}. Best is trial 7 with value: 0.19803692688865046.[0m
[32m[I 2025-02-04 19:56:04,089][0m Trial 20 finished with value: 0.7095137020666822 and parameters: {'observation_period_num': 137, 'train_rates': 0.7532464552479101, 'learning_rate': 6.383322857944107e-05, 'batch_size': 78, 'step_size': 13, 'gamma': 0.7605301375591228}. Best is trial 7 with value: 0.19803692688865046.[0m
[32m[I 2025-02-04 20:00:04,700][0m Trial 21 finished with value: 0.16414666175842285 and parameters: {'observation_period_num': 182, 'train_rates': 0.9891594050356957, 'learning_rate': 0.00022693503580139684, 'batch_size': 42, 'step_size': 9, 'gamma': 0.9846544124217469}. Best is trial 21 with value: 0.16414666175842285.[0m
[32m[I 2025-02-04 20:03:47,542][0m Trial 22 finished with value: 0.24719718098640442 and parameters: {'observation_period_num': 177, 'train_rates': 0.9424168961398205, 'learning_rate': 0.0001910684670408983, 'batch_size': 40, 'step_size': 10, 'gamma': 0.9591409539445216}. Best is trial 21 with value: 0.16414666175842285.[0m
[32m[I 2025-02-04 20:08:42,700][0m Trial 23 finished with value: 0.3559268116950989 and parameters: {'observation_period_num': 217, 'train_rates': 0.9890483088234279, 'learning_rate': 0.000647823893840077, 'batch_size': 75, 'step_size': 12, 'gamma': 0.9339798195374263}. Best is trial 21 with value: 0.16414666175842285.[0m
[32m[I 2025-02-04 20:11:27,005][0m Trial 24 finished with value: 0.3195571226475502 and parameters: {'observation_period_num': 134, 'train_rates': 0.9005380336927804, 'learning_rate': 2.3547382933482958e-05, 'batch_size': 43, 'step_size': 9, 'gamma': 0.9666189945360856}. Best is trial 21 with value: 0.16414666175842285.[0m
[32m[I 2025-02-04 20:15:17,934][0m Trial 25 finished with value: 0.35234780636456636 and parameters: {'observation_period_num': 191, 'train_rates': 0.9599347473543373, 'learning_rate': 0.00012232067369032052, 'batch_size': 100, 'step_size': 14, 'gamma': 0.9883478080869096}. Best is trial 21 with value: 0.16414666175842285.[0m
[32m[I 2025-02-04 20:18:49,973][0m Trial 26 finished with value: 0.25685963762360947 and parameters: {'observation_period_num': 159, 'train_rates': 0.9385300410849859, 'learning_rate': 0.00020351434514086244, 'batch_size': 32, 'step_size': 11, 'gamma': 0.9193442954793272}. Best is trial 21 with value: 0.16414666175842285.[0m
[32m[I 2025-02-04 20:23:24,720][0m Trial 27 finished with value: 0.8188087153586613 and parameters: {'observation_period_num': 252, 'train_rates': 0.7093545852066894, 'learning_rate': 7.511194638173544e-05, 'batch_size': 66, 'step_size': 9, 'gamma': 0.966441084113485}. Best is trial 21 with value: 0.16414666175842285.[0m
[32m[I 2025-02-04 20:28:11,929][0m Trial 28 finished with value: 0.2367042899131775 and parameters: {'observation_period_num': 223, 'train_rates': 0.9785485970239884, 'learning_rate': 4.1255430229360456e-05, 'batch_size': 118, 'step_size': 12, 'gamma': 0.9707037008474093}. Best is trial 21 with value: 0.16414666175842285.[0m
[32m[I 2025-02-04 20:30:31,778][0m Trial 29 finished with value: 0.3316138605192556 and parameters: {'observation_period_num': 121, 'train_rates': 0.9583578742947666, 'learning_rate': 8.121475646263286e-05, 'batch_size': 89, 'step_size': 14, 'gamma': 0.9125813115957773}. Best is trial 21 with value: 0.16414666175842285.[0m
[32m[I 2025-02-04 20:34:24,726][0m Trial 30 finished with value: 0.37392491527966093 and parameters: {'observation_period_num': 184, 'train_rates': 0.9342333884279423, 'learning_rate': 1.7257271210934635e-05, 'batch_size': 39, 'step_size': 5, 'gamma': 0.9406648227449351}. Best is trial 21 with value: 0.16414666175842285.[0m
[32m[I 2025-02-04 20:37:49,917][0m Trial 31 finished with value: 0.1976514309644699 and parameters: {'observation_period_num': 170, 'train_rates': 0.9890172639565215, 'learning_rate': 0.000309054726176176, 'batch_size': 143, 'step_size': 7, 'gamma': 0.988575885264158}. Best is trial 21 with value: 0.16414666175842285.[0m
[32m[I 2025-02-04 20:40:51,209][0m Trial 32 finished with value: 0.2725715637207031 and parameters: {'observation_period_num': 155, 'train_rates': 0.9592767938451506, 'learning_rate': 0.0002890579468657679, 'batch_size': 154, 'step_size': 4, 'gamma': 0.9785403826783627}. Best is trial 21 with value: 0.16414666175842285.[0m
[32m[I 2025-02-04 20:45:32,126][0m Trial 33 finished with value: 0.2695714641308439 and parameters: {'observation_period_num': 104, 'train_rates': 0.9030499361422905, 'learning_rate': 0.00010334005237146256, 'batch_size': 16, 'step_size': 7, 'gamma': 0.9515968896436108}. Best is trial 21 with value: 0.16414666175842285.[0m
[32m[I 2025-02-04 20:49:39,683][0m Trial 34 finished with value: 0.29938483519079795 and parameters: {'observation_period_num': 205, 'train_rates': 0.930584728351226, 'learning_rate': 0.0005582345654009342, 'batch_size': 161, 'step_size': 15, 'gamma': 0.9883343739646229}. Best is trial 21 with value: 0.16414666175842285.[0m
[32m[I 2025-02-04 20:53:10,718][0m Trial 35 finished with value: 0.37830597162246704 and parameters: {'observation_period_num': 177, 'train_rates': 0.9617389496762221, 'learning_rate': 5.464904254462739e-05, 'batch_size': 130, 'step_size': 8, 'gamma': 0.9628125677405324}. Best is trial 21 with value: 0.16414666175842285.[0m
[32m[I 2025-02-04 20:55:58,495][0m Trial 36 finished with value: 0.2190648764371872 and parameters: {'observation_period_num': 140, 'train_rates': 0.9723036063186066, 'learning_rate': 0.00019670649168782142, 'batch_size': 91, 'step_size': 10, 'gamma': 0.932721531537208}. Best is trial 21 with value: 0.16414666175842285.[0m
[32m[I 2025-02-04 20:58:25,861][0m Trial 37 finished with value: 1.051991257402632 and parameters: {'observation_period_num': 164, 'train_rates': 0.6641007510064862, 'learning_rate': 0.0009170213406891513, 'batch_size': 208, 'step_size': 1, 'gamma': 0.9763365907287136}. Best is trial 21 with value: 0.16414666175842285.[0m
[32m[I 2025-02-04 20:59:59,416][0m Trial 38 finished with value: 1.2210870020919375 and parameters: {'observation_period_num': 89, 'train_rates': 0.9245236942997049, 'learning_rate': 4.08699827752201e-06, 'batch_size': 185, 'step_size': 5, 'gamma': 0.9569475954328595}. Best is trial 21 with value: 0.16414666175842285.[0m
[32m[I 2025-02-04 21:05:13,290][0m Trial 39 finished with value: 0.23816757850550316 and parameters: {'observation_period_num': 237, 'train_rates': 0.945620125442346, 'learning_rate': 0.00028392585578932436, 'batch_size': 50, 'step_size': 6, 'gamma': 0.9050313616903107}. Best is trial 21 with value: 0.16414666175842285.[0m
[32m[I 2025-02-04 21:07:17,438][0m Trial 40 finished with value: 0.42998087552727243 and parameters: {'observation_period_num': 120, 'train_rates': 0.8275621178282692, 'learning_rate': 0.0001589969824082033, 'batch_size': 70, 'step_size': 11, 'gamma': 0.7912116464756809}. Best is trial 21 with value: 0.16414666175842285.[0m
[32m[I 2025-02-04 21:10:46,736][0m Trial 41 finished with value: 0.17815673351287842 and parameters: {'observation_period_num': 174, 'train_rates': 0.9893052934564982, 'learning_rate': 0.00029198994259538796, 'batch_size': 134, 'step_size': 7, 'gamma': 0.9755099265938639}. Best is trial 21 with value: 0.16414666175842285.[0m
[32m[I 2025-02-04 21:13:35,206][0m Trial 42 finished with value: 0.2962099611759186 and parameters: {'observation_period_num': 144, 'train_rates': 0.9704681413625142, 'learning_rate': 0.0004938080396633112, 'batch_size': 116, 'step_size': 8, 'gamma': 0.975604683081138}. Best is trial 21 with value: 0.16414666175842285.[0m
[32m[I 2025-02-04 21:17:22,246][0m Trial 43 finished with value: 0.15871120989322662 and parameters: {'observation_period_num': 188, 'train_rates': 0.9886245555957569, 'learning_rate': 0.00033816019993174694, 'batch_size': 180, 'step_size': 6, 'gamma': 0.9407271649332751}. Best is trial 43 with value: 0.15871120989322662.[0m
[32m[I 2025-02-04 21:20:46,603][0m Trial 44 finished with value: 0.2273922562599182 and parameters: {'observation_period_num': 167, 'train_rates': 0.9886474782296378, 'learning_rate': 0.00031911378791014185, 'batch_size': 226, 'step_size': 3, 'gamma': 0.8880036066193031}. Best is trial 43 with value: 0.15871120989322662.[0m
[32m[I 2025-02-04 21:23:38,412][0m Trial 45 finished with value: 0.26738643646240234 and parameters: {'observation_period_num': 149, 'train_rates': 0.9443270080412337, 'learning_rate': 0.0006894136944032073, 'batch_size': 199, 'step_size': 6, 'gamma': 0.9414360662649659}. Best is trial 43 with value: 0.15871120989322662.[0m
[32m[I 2025-02-04 21:27:12,658][0m Trial 46 finished with value: 0.28211698339921293 and parameters: {'observation_period_num': 186, 'train_rates': 0.9227743647543512, 'learning_rate': 0.000224911124339694, 'batch_size': 189, 'step_size': 5, 'gamma': 0.9465521154070181}. Best is trial 43 with value: 0.15871120989322662.[0m
[32m[I 2025-02-04 21:31:36,982][0m Trial 47 finished with value: 0.30447494983673096 and parameters: {'observation_period_num': 210, 'train_rates': 0.9698746164653753, 'learning_rate': 0.00011923434517194812, 'batch_size': 144, 'step_size': 7, 'gamma': 0.9747867102767016}. Best is trial 43 with value: 0.15871120989322662.[0m
[32m[I 2025-02-04 21:35:22,516][0m Trial 48 finished with value: 0.2184077650308609 and parameters: {'observation_period_num': 186, 'train_rates': 0.9896308193051585, 'learning_rate': 0.00037235454624673397, 'batch_size': 176, 'step_size': 4, 'gamma': 0.8724344328398131}. Best is trial 43 with value: 0.15871120989322662.[0m
[32m[I 2025-02-04 21:37:30,246][0m Trial 49 finished with value: 0.38597854835088136 and parameters: {'observation_period_num': 126, 'train_rates': 0.8922400935872812, 'learning_rate': 0.00014486213125713753, 'batch_size': 223, 'step_size': 6, 'gamma': 0.8391390137898008}. Best is trial 43 with value: 0.15871120989322662.[0m
seasonal_0 „ÅÆÊúÄÈÅ©„Éè„Ç§„Éë„Éº„Éë„É©„É°„Éº„Çø„ÅåË¶ã„Å§„Åã„Çä„Åæ„Åó„Åü
ÊúÄÈÅ©ÂåñÂØæË±°: seasonal_1
[32m[I 2025-02-04 21:37:30,253][0m A new study created in memory with name: no-name-e32745f4-5a98-4ff0-b551-e8a7cbbc069b[0m
[32m[I 2025-02-04 21:40:04,267][0m Trial 0 finished with value: 1.4417348521096365 and parameters: {'observation_period_num': 141, 'train_rates': 0.8757019346088528, 'learning_rate': 3.1163678768294145e-06, 'batch_size': 128, 'step_size': 5, 'gamma': 0.8479477624479117}. Best is trial 0 with value: 1.4417348521096365.[0m
[32m[I 2025-02-04 21:40:54,845][0m Trial 1 finished with value: 1.0060724049686263 and parameters: {'observation_period_num': 59, 'train_rates': 0.7430456717500272, 'learning_rate': 2.0077597146199656e-05, 'batch_size': 219, 'step_size': 10, 'gamma': 0.834132328716561}. Best is trial 1 with value: 1.0060724049686263.[0m
[32m[I 2025-02-04 21:43:08,052][0m Trial 2 finished with value: 0.9952465459759794 and parameters: {'observation_period_num': 144, 'train_rates': 0.7126027593828432, 'learning_rate': 0.0009814044430618057, 'batch_size': 236, 'step_size': 11, 'gamma': 0.8052735479111107}. Best is trial 2 with value: 0.9952465459759794.[0m
[32m[I 2025-02-04 21:46:47,506][0m Trial 3 finished with value: 1.9378119707107544 and parameters: {'observation_period_num': 181, 'train_rates': 0.9694426042055863, 'learning_rate': 1.1588472872617655e-06, 'batch_size': 192, 'step_size': 13, 'gamma': 0.8858635706305942}. Best is trial 2 with value: 0.9952465459759794.[0m
[32m[I 2025-02-04 21:48:22,249][0m Trial 4 finished with value: 0.7767873606720909 and parameters: {'observation_period_num': 89, 'train_rates': 0.8294946808838897, 'learning_rate': 0.0008389215184207609, 'batch_size': 76, 'step_size': 7, 'gamma': 0.7564133807818441}. Best is trial 4 with value: 0.7767873606720909.[0m
[32m[I 2025-02-04 21:49:18,101][0m Trial 5 finished with value: 1.2432076524202478 and parameters: {'observation_period_num': 58, 'train_rates': 0.8835773082043764, 'learning_rate': 1.4903820285368738e-05, 'batch_size': 251, 'step_size': 3, 'gamma': 0.7645502152985277}. Best is trial 4 with value: 0.7767873606720909.[0m
[32m[I 2025-02-04 21:52:27,729][0m Trial 6 finished with value: 0.8243784308433533 and parameters: {'observation_period_num': 145, 'train_rates': 0.9818964437900966, 'learning_rate': 2.8198629829161005e-06, 'batch_size': 51, 'step_size': 4, 'gamma': 0.9664670560415533}. Best is trial 4 with value: 0.7767873606720909.[0m
[32m[I 2025-02-04 21:54:56,736][0m Trial 7 finished with value: 1.4233148241303657 and parameters: {'observation_period_num': 167, 'train_rates': 0.6055894985245436, 'learning_rate': 0.0001066631404312891, 'batch_size': 229, 'step_size': 2, 'gamma': 0.7951767454013832}. Best is trial 4 with value: 0.7767873606720909.[0m
[32m[I 2025-02-04 21:55:24,310][0m Trial 8 finished with value: 0.4172024428844452 and parameters: {'observation_period_num': 16, 'train_rates': 0.9811314705160158, 'learning_rate': 0.0008320233715939703, 'batch_size': 195, 'step_size': 15, 'gamma': 0.9482028839936065}. Best is trial 8 with value: 0.4172024428844452.[0m
[32m[I 2025-02-04 21:57:06,741][0m Trial 9 finished with value: 1.38653813373979 and parameters: {'observation_period_num': 127, 'train_rates': 0.6012348753767063, 'learning_rate': 3.0198953343243644e-05, 'batch_size': 148, 'step_size': 14, 'gamma': 0.8074944930987494}. Best is trial 8 with value: 0.4172024428844452.[0m
[32m[I 2025-02-04 21:57:44,869][0m Trial 10 finished with value: 0.2560415104323742 and parameters: {'observation_period_num': 11, 'train_rates': 0.9307025259326419, 'learning_rate': 0.00018009321279727054, 'batch_size': 134, 'step_size': 15, 'gamma': 0.9833829695958379}. Best is trial 10 with value: 0.2560415104323742.[0m
[32m[I 2025-02-04 21:58:17,549][0m Trial 11 finished with value: 0.28502569910956593 and parameters: {'observation_period_num': 5, 'train_rates': 0.9446047988332197, 'learning_rate': 0.00018911523874716929, 'batch_size': 157, 'step_size': 15, 'gamma': 0.9892405091587488}. Best is trial 10 with value: 0.2560415104323742.[0m
[32m[I 2025-02-04 21:58:58,734][0m Trial 12 finished with value: 0.23475082207730402 and parameters: {'observation_period_num': 5, 'train_rates': 0.9073023759676262, 'learning_rate': 0.00015818350484900564, 'batch_size': 121, 'step_size': 12, 'gamma': 0.9171575376761518}. Best is trial 12 with value: 0.23475082207730402.[0m
[32m[I 2025-02-04 22:03:49,561][0m Trial 13 finished with value: 0.26455314887257725 and parameters: {'observation_period_num': 235, 'train_rates': 0.90428761042814, 'learning_rate': 0.00016470009277511438, 'batch_size': 101, 'step_size': 11, 'gamma': 0.9128051730892646}. Best is trial 12 with value: 0.23475082207730402.[0m
[32m[I 2025-02-04 22:04:37,019][0m Trial 14 finished with value: 0.446350442224674 and parameters: {'observation_period_num': 43, 'train_rates': 0.8164305205869518, 'learning_rate': 7.451183678952898e-05, 'batch_size': 117, 'step_size': 12, 'gamma': 0.9266141715736325}. Best is trial 12 with value: 0.23475082207730402.[0m
[32m[I 2025-02-04 22:06:36,983][0m Trial 15 finished with value: 0.27794423382332983 and parameters: {'observation_period_num': 94, 'train_rates': 0.9180636987687957, 'learning_rate': 0.0003022627165237202, 'batch_size': 40, 'step_size': 7, 'gamma': 0.8919636756087709}. Best is trial 12 with value: 0.23475082207730402.[0m
[32m[I 2025-02-04 22:07:30,149][0m Trial 16 finished with value: 0.39213190600275993 and parameters: {'observation_period_num': 28, 'train_rates': 0.8523247681262487, 'learning_rate': 6.16196639077771e-05, 'batch_size': 87, 'step_size': 9, 'gamma': 0.9852597282895714}. Best is trial 12 with value: 0.23475082207730402.[0m
[32m[I 2025-02-04 22:08:54,709][0m Trial 17 finished with value: 0.6400622649047211 and parameters: {'observation_period_num': 89, 'train_rates': 0.7711571927666337, 'learning_rate': 0.00036006279544246073, 'batch_size': 169, 'step_size': 13, 'gamma': 0.9463324251805921}. Best is trial 12 with value: 0.23475082207730402.[0m
[32m[I 2025-02-04 22:14:17,116][0m Trial 18 finished with value: 0.31189459446304574 and parameters: {'observation_period_num': 245, 'train_rates': 0.9385105620789158, 'learning_rate': 4.494165264357517e-05, 'batch_size': 67, 'step_size': 13, 'gamma': 0.9207562730980073}. Best is trial 12 with value: 0.23475082207730402.[0m
[32m[I 2025-02-04 22:15:03,988][0m Trial 19 finished with value: 0.9649532034486001 and parameters: {'observation_period_num': 41, 'train_rates': 0.7880247094726311, 'learning_rate': 1.1229300217494464e-05, 'batch_size': 104, 'step_size': 9, 'gamma': 0.8643745416428089}. Best is trial 12 with value: 0.23475082207730402.[0m
[32m[I 2025-02-04 22:15:27,596][0m Trial 20 finished with value: 0.9491139741794847 and parameters: {'observation_period_num': 5, 'train_rates': 0.6880230417707669, 'learning_rate': 0.00037111938349114845, 'batch_size': 181, 'step_size': 15, 'gamma': 0.9622874532140457}. Best is trial 12 with value: 0.23475082207730402.[0m
[32m[I 2025-02-04 22:19:30,331][0m Trial 21 finished with value: 0.25915629267692564 and parameters: {'observation_period_num': 201, 'train_rates': 0.9074230906381032, 'learning_rate': 0.000129339674638465, 'batch_size': 102, 'step_size': 11, 'gamma': 0.9131856486566614}. Best is trial 12 with value: 0.23475082207730402.[0m
[32m[I 2025-02-04 22:24:22,347][0m Trial 22 finished with value: 0.35115071612855664 and parameters: {'observation_period_num': 211, 'train_rates': 0.8741341346937805, 'learning_rate': 0.00015089051946041944, 'batch_size': 22, 'step_size': 11, 'gamma': 0.8996814073696687}. Best is trial 12 with value: 0.23475082207730402.[0m
[32m[I 2025-02-04 22:28:55,817][0m Trial 23 finished with value: 0.31229880065299 and parameters: {'observation_period_num': 220, 'train_rates': 0.9241644911853574, 'learning_rate': 9.526935849443997e-05, 'batch_size': 133, 'step_size': 12, 'gamma': 0.9336794275272481}. Best is trial 12 with value: 0.23475082207730402.[0m
[32m[I 2025-02-04 22:32:41,056][0m Trial 24 finished with value: 0.38620626764452975 and parameters: {'observation_period_num': 196, 'train_rates': 0.849861171733377, 'learning_rate': 0.0002690510864047632, 'batch_size': 111, 'step_size': 14, 'gamma': 0.8704409382120966}. Best is trial 12 with value: 0.23475082207730402.[0m
[32m[I 2025-02-04 22:34:39,244][0m Trial 25 finished with value: 0.2754408700825417 and parameters: {'observation_period_num': 114, 'train_rates': 0.8971760785778067, 'learning_rate': 0.00045359384838889957, 'batch_size': 151, 'step_size': 9, 'gamma': 0.9056604896591047}. Best is trial 12 with value: 0.23475082207730402.[0m
[32m[I 2025-02-04 22:35:50,836][0m Trial 26 finished with value: 0.33064485331104226 and parameters: {'observation_period_num': 64, 'train_rates': 0.9494937783428351, 'learning_rate': 3.907973201553328e-05, 'batch_size': 86, 'step_size': 12, 'gamma': 0.9683700571464346}. Best is trial 12 with value: 0.23475082207730402.[0m
[32m[I 2025-02-04 22:36:29,706][0m Trial 27 finished with value: 0.38582783491122274 and parameters: {'observation_period_num': 32, 'train_rates': 0.8547833429890789, 'learning_rate': 0.0001400407001490357, 'batch_size': 131, 'step_size': 14, 'gamma': 0.9357925150206771}. Best is trial 12 with value: 0.23475082207730402.[0m
[32m[I 2025-02-04 22:39:35,491][0m Trial 28 finished with value: 0.6016933302993092 and parameters: {'observation_period_num': 171, 'train_rates': 0.8190754877905468, 'learning_rate': 0.0005334852217544466, 'batch_size': 94, 'step_size': 10, 'gamma': 0.883805396299656}. Best is trial 12 with value: 0.23475082207730402.[0m
[32m[I 2025-02-04 22:41:23,033][0m Trial 29 finished with value: 0.8640330409417387 and parameters: {'observation_period_num': 106, 'train_rates': 0.8716338696251935, 'learning_rate': 7.98280812565269e-06, 'batch_size': 125, 'step_size': 7, 'gamma': 0.9513804383175396}. Best is trial 12 with value: 0.23475082207730402.[0m
[32m[I 2025-02-04 22:42:54,396][0m Trial 30 finished with value: 0.25707744738134014 and parameters: {'observation_period_num': 71, 'train_rates': 0.958856217786241, 'learning_rate': 0.00022037183813245918, 'batch_size': 60, 'step_size': 6, 'gamma': 0.8480827814882417}. Best is trial 12 with value: 0.23475082207730402.[0m
[32m[I 2025-02-04 22:44:30,360][0m Trial 31 finished with value: 0.25950230892718307 and parameters: {'observation_period_num': 76, 'train_rates': 0.955960873807056, 'learning_rate': 0.00021398989739552238, 'batch_size': 56, 'step_size': 5, 'gamma': 0.8253134848985149}. Best is trial 12 with value: 0.23475082207730402.[0m
