[32m[I 2025-01-19 18:33:26,907][0m Trial 11 finished with value: 0.012416999441583716 and parameters: {'observation_period_num': 6, 'train_rates': 0.7164705776871179, 'learning_rate': 0.0004081862289012911, 'batch_size': 115, 'step_size': 12, 'gamma': 0.8387382797078958}. Best is trial 11 with value: 0.012416999441583716.[0m
[32m[I 2025-01-19 18:34:06,721][0m Trial 12 finished with value: 0.02568109863134752 and parameters: {'observation_period_num': 5, 'train_rates': 0.7480686132464537, 'learning_rate': 0.0005829402102603231, 'batch_size': 124, 'step_size': 15, 'gamma': 0.8237950661546132}. Best is trial 11 with value: 0.012416999441583716.[0m
[32m[I 2025-01-19 18:34:56,328][0m Trial 13 finished with value: 0.14354225898630676 and parameters: {'observation_period_num': 98, 'train_rates': 0.7209068083827933, 'learning_rate': 0.0003490413974682153, 'batch_size': 95, 'step_size': 11, 'gamma': 0.9285935414747964}. Best is trial 11 with value: 0.012416999441583716.[0m
[32m[I 2025-01-19 18:35:24,032][0m Trial 14 finished with value: 0.03995715253953077 and parameters: {'observation_period_num': 38, 'train_rates': 0.7141894310988564, 'learning_rate': 0.00025856844957605106, 'batch_size': 181, 'step_size': 12, 'gamma': 0.91701335102969}. Best is trial 11 with value: 0.012416999441583716.[0m
[32m[I 2025-01-19 18:36:12,290][0m Trial 15 finished with value: 0.02344226608992975 and parameters: {'observation_period_num': 6, 'train_rates': 0.8215449671949948, 'learning_rate': 2.3342426964738746e-05, 'batch_size': 108, 'step_size': 15, 'gamma': 0.819022777772067}. Best is trial 11 with value: 0.012416999441583716.[0m
[32m[I 2025-01-19 18:37:09,340][0m Trial 16 finished with value: 0.02593043218419123 and parameters: {'observation_period_num': 6, 'train_rates': 0.8501430996323529, 'learning_rate': 1.5189032743378e-05, 'batch_size': 94, 'step_size': 15, 'gamma': 0.7945286842692852}. Best is trial 11 with value: 0.012416999441583716.[0m
[32m[I 2025-01-19 18:38:01,350][0m Trial 17 finished with value: 0.20456049318464709 and parameters: {'observation_period_num': 128, 'train_rates': 0.9002656297762767, 'learning_rate': 4.9941929330322415e-06, 'batch_size': 103, 'step_size': 11, 'gamma': 0.8092411845954975}. Best is trial 11 with value: 0.012416999441583716.[0m
[32m[I 2025-01-19 18:39:15,355][0m Trial 18 finished with value: 0.040951820023223486 and parameters: {'observation_period_num': 65, 'train_rates': 0.8283169866083491, 'learning_rate': 3.139960774081251e-05, 'batch_size': 69, 'step_size': 12, 'gamma': 0.7616711178402692}. Best is trial 11 with value: 0.012416999441583716.[0m
[32m[I 2025-01-19 18:39:59,748][0m Trial 19 finished with value: 0.18384132030564296 and parameters: {'observation_period_num': 186, 'train_rates': 0.898231920174386, 'learning_rate': 3.874649559513494e-06, 'batch_size': 124, 'step_size': 15, 'gamma': 0.8281383764139255}. Best is trial 11 with value: 0.012416999441583716.[0m
[32m[I 2025-01-19 18:40:33,489][0m Trial 20 finished with value: 0.1205323999290463 and parameters: {'observation_period_num': 24, 'train_rates': 0.7580194827434805, 'learning_rate': 1.7263008439858594e-05, 'batch_size': 157, 'step_size': 4, 'gamma': 0.7857199010811258}. Best is trial 11 with value: 0.012416999441583716.[0m
[32m[I 2025-01-19 18:41:05,716][0m Trial 21 finished with value: 0.01988223680041053 and parameters: {'observation_period_num': 29, 'train_rates': 0.7195425466663603, 'learning_rate': 0.0002878924435823028, 'batch_size': 156, 'step_size': 13, 'gamma': 0.8470879175561378}. Best is trial 11 with value: 0.012416999441583716.[0m
[32m[I 2025-01-19 18:41:31,427][0m Trial 22 finished with value: 0.04517423944126298 and parameters: {'observation_period_num': 73, 'train_rates': 0.7162589935783589, 'learning_rate': 0.0003507549033077331, 'batch_size': 193, 'step_size': 13, 'gamma': 0.8395227392301531}. Best is trial 11 with value: 0.012416999441583716.[0m
[32m[I 2025-01-19 18:42:09,714][0m Trial 23 finished with value: 0.014761243862795917 and parameters: {'observation_period_num': 25, 'train_rates': 0.8121052475499164, 'learning_rate': 6.044823078595982e-05, 'batch_size': 140, 'step_size': 11, 'gamma': 0.9036654464648839}. Best is trial 11 with value: 0.012416999441583716.[0m
[32m[I 2025-01-19 18:42:43,447][0m Trial 24 finished with value: 0.02875534671031876 and parameters: {'observation_period_num': 24, 'train_rates': 0.7438654201530698, 'learning_rate': 6.660712706040948e-05, 'batch_size': 152, 'step_size': 10, 'gamma': 0.904367686373181}. Best is trial 11 with value: 0.012416999441583716.[0m
[32m[I 2025-01-19 18:43:10,254][0m Trial 25 finished with value: 0.03642813456705965 and parameters: {'observation_period_num': 28, 'train_rates': 0.7872479262400339, 'learning_rate': 0.0007691651082258063, 'batch_size': 204, 'step_size': 11, 'gamma': 0.9447103778291547}. Best is trial 11 with value: 0.012416999441583716.[0m
[32m[I 2025-01-19 18:43:48,677][0m Trial 26 finished with value: 0.16720494774762046 and parameters: {'observation_period_num': 121, 'train_rates': 0.857656061298872, 'learning_rate': 0.0004481046812468412, 'batch_size': 142, 'step_size': 8, 'gamma': 0.8701032882635503}. Best is trial 11 with value: 0.012416999441583716.[0m
[32m[I 2025-01-19 18:44:09,784][0m Trial 27 finished with value: 0.03781250324934276 and parameters: {'observation_period_num': 55, 'train_rates': 0.7015301376799521, 'learning_rate': 0.00019847577022296935, 'batch_size': 234, 'step_size': 12, 'gamma': 0.8970817222937811}. Best is trial 11 with value: 0.012416999441583716.[0m
[32m[I 2025-01-19 18:44:35,314][0m Trial 28 finished with value: 0.04948016078047016 and parameters: {'observation_period_num': 80, 'train_rates': 0.6473067864927827, 'learning_rate': 0.00010260810094211894, 'batch_size': 175, 'step_size': 10, 'gamma': 0.9546901741641514}. Best is trial 11 with value: 0.012416999441583716.[0m
[32m[I 2025-01-19 18:45:36,838][0m Trial 29 finished with value: 0.05101800581858986 and parameters: {'observation_period_num': 111, 'train_rates': 0.7401662969046208, 'learning_rate': 4.369824918355971e-05, 'batch_size': 78, 'step_size': 14, 'gamma': 0.8641203907360565}. Best is trial 11 with value: 0.012416999441583716.[0m
[32m[I 2025-01-19 18:46:26,512][0m Trial 30 finished with value: 0.07327380620551352 and parameters: {'observation_period_num': 44, 'train_rates': 0.9498806948131221, 'learning_rate': 0.000254227429435157, 'batch_size': 117, 'step_size': 13, 'gamma': 0.8462046143744786}. Best is trial 11 with value: 0.012416999441583716.[0m
[32m[I 2025-01-19 18:47:13,860][0m Trial 31 finished with value: 0.04223529277303794 and parameters: {'observation_period_num': 19, 'train_rates': 0.8078114641049929, 'learning_rate': 1.3779455062507126e-05, 'batch_size': 110, 'step_size': 14, 'gamma': 0.8207389292819792}. Best is trial 11 with value: 0.012416999441583716.[0m
[32m[I 2025-01-19 18:47:51,152][0m Trial 32 finished with value: 0.029679752796167327 and parameters: {'observation_period_num': 37, 'train_rates': 0.8310193143475417, 'learning_rate': 4.255491702580097e-05, 'batch_size': 138, 'step_size': 14, 'gamma': 0.778598635166138}. Best is trial 11 with value: 0.012416999441583716.[0m
[32m[I 2025-01-19 18:48:29,386][0m Trial 33 finished with value: 0.03278658173941261 and parameters: {'observation_period_num': 17, 'train_rates': 0.8639458301038101, 'learning_rate': 2.2962385293492262e-05, 'batch_size': 148, 'step_size': 12, 'gamma': 0.8351418268269549}. Best is trial 11 with value: 0.012416999441583716.[0m
[32m[I 2025-01-19 18:49:01,363][0m Trial 34 finished with value: 0.02753192487348249 and parameters: {'observation_period_num': 41, 'train_rates': 0.81176445010622, 'learning_rate': 0.0001913409958810549, 'batch_size': 169, 'step_size': 14, 'gamma': 0.8079617992537315}. Best is trial 11 with value: 0.012416999441583716.[0m
[32m[I 2025-01-19 18:49:58,009][0m Trial 35 finished with value: 0.15425595175474882 and parameters: {'observation_period_num': 243, 'train_rates': 0.7624227907123531, 'learning_rate': 0.00010748066766550576, 'batch_size': 81, 'step_size': 15, 'gamma': 0.8856274430250309}. Best is trial 11 with value: 0.012416999441583716.[0m
[32m[I 2025-01-19 18:50:35,368][0m Trial 36 finished with value: 0.08665218454517104 and parameters: {'observation_period_num': 49, 'train_rates': 0.7768978884119555, 'learning_rate': 8.681962134809053e-06, 'batch_size': 134, 'step_size': 9, 'gamma': 0.8686659560814459}. Best is trial 11 with value: 0.012416999441583716.[0m
[32m[I 2025-01-19 18:52:07,654][0m Trial 37 finished with value: 0.019346117870029534 and parameters: {'observation_period_num': 29, 'train_rates': 0.6138844557386471, 'learning_rate': 0.000594365574857888, 'batch_size': 46, 'step_size': 13, 'gamma': 0.8559879591459211}. Best is trial 11 with value: 0.012416999441583716.[0m
[32m[I 2025-01-19 18:52:36,027][0m Trial 38 finished with value: 0.018922404573911297 and parameters: {'observation_period_num': 31, 'train_rates': 0.6306270679039654, 'learning_rate': 0.0006060361664213855, 'batch_size': 165, 'step_size': 11, 'gamma': 0.8537459416273503}. Best is trial 11 with value: 0.012416999441583716.[0m
[32m[I 2025-01-19 18:54:36,404][0m Trial 39 finished with value: 0.09044766105601892 and parameters: {'observation_period_num': 75, 'train_rates': 0.6010134445315488, 'learning_rate': 0.0006000694329441773, 'batch_size': 34, 'step_size': 10, 'gamma': 0.8593134003306473}. Best is trial 11 with value: 0.012416999441583716.[0m
[32m[I 2025-01-19 18:57:26,145][0m Trial 40 finished with value: 0.10826209404966491 and parameters: {'observation_period_num': 150, 'train_rates': 0.6339686562015673, 'learning_rate': 0.0006453546627440283, 'batch_size': 24, 'step_size': 6, 'gamma': 0.878086209853806}. Best is trial 11 with value: 0.012416999441583716.[0m
[32m[I 2025-01-19 18:57:54,424][0m Trial 41 finished with value: 0.020787673416611908 and parameters: {'observation_period_num': 34, 'train_rates': 0.6210565556511272, 'learning_rate': 0.00045101482882156896, 'batch_size': 161, 'step_size': 11, 'gamma': 0.8508932047255339}. Best is trial 11 with value: 0.012416999441583716.[0m
[32m[I 2025-01-19 18:59:21,721][0m Trial 42 finished with value: 0.03349841645443976 and parameters: {'observation_period_num': 17, 'train_rates': 0.6726849437923315, 'learning_rate': 0.0009063641169497669, 'batch_size': 51, 'step_size': 13, 'gamma': 0.8901561955331603}. Best is trial 11 with value: 0.012416999441583716.[0m
[32m[I 2025-01-19 18:59:45,447][0m Trial 43 finished with value: 0.03451809828795215 and parameters: {'observation_period_num': 59, 'train_rates': 0.6591188389217666, 'learning_rate': 0.00032782182357849355, 'batch_size': 193, 'step_size': 12, 'gamma': 0.9138615036414096}. Best is trial 11 with value: 0.012416999441583716.[0m
[32m[I 2025-01-19 19:00:15,168][0m Trial 44 finished with value: 0.018307350341815392 and parameters: {'observation_period_num': 31, 'train_rates': 0.6902753667907567, 'learning_rate': 0.00016235710497696307, 'batch_size': 165, 'step_size': 9, 'gamma': 0.843700509213574}. Best is trial 11 with value: 0.012416999441583716.[0m
[32m[I 2025-01-19 19:00:38,822][0m Trial 45 finished with value: 0.015285122178700136 and parameters: {'observation_period_num': 15, 'train_rates': 0.6808044516485072, 'learning_rate': 0.0001457554462387873, 'batch_size': 218, 'step_size': 8, 'gamma': 0.8762775549860469}. Best is trial 11 with value: 0.012416999441583716.[0m
[32m[I 2025-01-19 19:01:02,313][0m Trial 46 finished with value: 0.017122075423238833 and parameters: {'observation_period_num': 18, 'train_rates': 0.6912167223952032, 'learning_rate': 9.197529779354389e-05, 'batch_size': 220, 'step_size': 8, 'gamma': 0.8783181424840947}. Best is trial 11 with value: 0.012416999441583716.[0m
[32m[I 2025-01-19 19:01:23,752][0m Trial 47 finished with value: 0.015520020452295911 and parameters: {'observation_period_num': 15, 'train_rates': 0.6859861514779759, 'learning_rate': 0.0001414465426136495, 'batch_size': 229, 'step_size': 8, 'gamma': 0.8764028470146367}. Best is trial 11 with value: 0.012416999441583716.[0m
[32m[I 2025-01-19 19:01:44,487][0m Trial 48 finished with value: 0.016737985480023494 and parameters: {'observation_period_num': 16, 'train_rates': 0.6924756286710976, 'learning_rate': 8.578061118219308e-05, 'batch_size': 229, 'step_size': 7, 'gamma': 0.9031160250644238}. Best is trial 11 with value: 0.012416999441583716.[0m
[32m[I 2025-01-19 19:02:03,264][0m Trial 49 finished with value: 0.013741169719059775 and parameters: {'observation_period_num': 12, 'train_rates': 0.66968974603564, 'learning_rate': 0.00014119213004156492, 'batch_size': 252, 'step_size': 7, 'gamma': 0.9287709900298303}. Best is trial 11 with value: 0.012416999441583716.[0m
[162.40495]
[-4.8963003]
[4.8207793]
[17.38924]
[7.723962]
[27.270603]
/home2/y2021/k2110261/.conda/envs/tensorflow/lib/python3.11/site-packages/sklearn/metrics/_regression.py:1266: UndefinedMetricWarning: R^2 score is not well-defined with less than two samples.
  warnings.warn(msg, UndefinedMetricWarning)
MSE: 107.05535933957435
RMSE: 10.346755981445312
MAE: 10.346755981445312
R-squared: nan
[214.71324]
