[32m[I 2025-01-19 15:21:45,941][0m Trial 15 finished with value: 0.07287248969078064 and parameters: {'observation_period_num': 167, 'train_rates': 0.9851975293739197, 'learning_rate': 1.3105592570332066e-05, 'batch_size': 111, 'step_size': 13, 'gamma': 0.8056369792116255}. Best is trial 14 with value: 0.0014835409238003194.[0m
[32m[I 2025-01-19 15:23:01,216][0m Trial 16 finished with value: 0.1804128980443407 and parameters: {'observation_period_num': 83, 'train_rates': 0.6368224196129575, 'learning_rate': 3.902636413236899e-06, 'batch_size': 56, 'step_size': 13, 'gamma': 0.9892639792693574}. Best is trial 14 with value: 0.0014835409238003194.[0m
[32m[I 2025-01-19 15:23:36,862][0m Trial 17 finished with value: 0.005324969068169594 and parameters: {'observation_period_num': 151, 'train_rates': 0.9589861291144904, 'learning_rate': 0.0002781770581625011, 'batch_size': 166, 'step_size': 14, 'gamma': 0.8118641987719654}. Best is trial 14 with value: 0.0014835409238003194.[0m
[32m[I 2025-01-19 15:24:18,752][0m Trial 18 finished with value: 0.01340242648972106 and parameters: {'observation_period_num': 43, 'train_rates': 0.7242746567558235, 'learning_rate': 0.0009460072638080312, 'batch_size': 117, 'step_size': 13, 'gamma': 0.879128747775287}. Best is trial 14 with value: 0.0014835409238003194.[0m
[32m[I 2025-01-19 15:26:38,846][0m Trial 19 finished with value: 0.013241349574506858 and parameters: {'observation_period_num': 99, 'train_rates': 0.8738506355658184, 'learning_rate': 2.0764571354915406e-05, 'batch_size': 37, 'step_size': 15, 'gamma': 0.9419233288432373}. Best is trial 14 with value: 0.0014835409238003194.[0m
[32m[I 2025-01-19 15:28:00,051][0m Trial 20 finished with value: 0.08393782377243042 and parameters: {'observation_period_num': 160, 'train_rates': 0.9848003898818526, 'learning_rate': 4.52368716946868e-06, 'batch_size': 70, 'step_size': 11, 'gamma': 0.7921155976573229}. Best is trial 14 with value: 0.0014835409238003194.[0m
[32m[I 2025-01-19 15:31:02,765][0m Trial 21 finished with value: 0.009968522275423901 and parameters: {'observation_period_num': 236, 'train_rates': 0.7860896313325382, 'learning_rate': 6.032902608434213e-05, 'batch_size': 25, 'step_size': 8, 'gamma': 0.8275490607395783}. Best is trial 14 with value: 0.0014835409238003194.[0m
[32m[I 2025-01-19 15:35:04,195][0m Trial 22 finished with value: 0.004130278453325649 and parameters: {'observation_period_num': 252, 'train_rates': 0.8556790869025143, 'learning_rate': 6.239899631551102e-05, 'batch_size': 20, 'step_size': 5, 'gamma': 0.8646087610055903}. Best is trial 14 with value: 0.0014835409238003194.[0m
[32m[I 2025-01-19 15:36:32,992][0m Trial 23 finished with value: 0.017223247323185205 and parameters: {'observation_period_num': 50, 'train_rates': 0.7431994099434525, 'learning_rate': 0.00022798259540392075, 'batch_size': 54, 'step_size': 4, 'gamma': 0.8675813039027526}. Best is trial 14 with value: 0.0014835409238003194.[0m
[32m[I 2025-01-19 15:38:44,316][0m Trial 24 finished with value: 0.008180130715187214 and parameters: {'observation_period_num': 250, 'train_rates': 0.7969724913348868, 'learning_rate': 8.465393943021783e-05, 'batch_size': 35, 'step_size': 5, 'gamma': 0.8910835631813598}. Best is trial 14 with value: 0.0014835409238003194.[0m
[32m[I 2025-01-19 15:39:32,122][0m Trial 25 finished with value: 0.10047284699976444 and parameters: {'observation_period_num': 180, 'train_rates': 0.9369967560041312, 'learning_rate': 3.74138196615803e-05, 'batch_size': 109, 'step_size': 1, 'gamma': 0.8692658368599623}. Best is trial 14 with value: 0.0014835409238003194.[0m
[32m[I 2025-01-19 15:40:53,222][0m Trial 26 finished with value: 0.044858697071671484 and parameters: {'observation_period_num': 141, 'train_rates': 0.8675024602802611, 'learning_rate': 2.0436579722974065e-05, 'batch_size': 63, 'step_size': 3, 'gamma': 0.9246845546722103}. Best is trial 14 with value: 0.0014835409238003194.[0m
[32m[I 2025-01-19 15:41:40,922][0m Trial 27 finished with value: 0.04577478114817594 and parameters: {'observation_period_num': 91, 'train_rates': 0.6788048797680106, 'learning_rate': 0.00020347895773115593, 'batch_size': 96, 'step_size': 7, 'gamma': 0.7799176606047896}. Best is trial 14 with value: 0.0014835409238003194.[0m
[32m[I 2025-01-19 15:43:56,102][0m Trial 28 finished with value: 0.0013901265636660982 and parameters: {'observation_period_num': 115, 'train_rates': 0.9460774841548557, 'learning_rate': 0.0006405002855570376, 'batch_size': 40, 'step_size': 6, 'gamma': 0.8214689223589858}. Best is trial 28 with value: 0.0013901265636660982.[0m
[32m[I 2025-01-19 15:46:11,837][0m Trial 29 finished with value: 0.0009083063400728439 and parameters: {'observation_period_num': 110, 'train_rates': 0.9520944548357531, 'learning_rate': 0.0005738205820279131, 'batch_size': 41, 'step_size': 10, 'gamma': 0.8230396213131346}. Best is trial 29 with value: 0.0009083063400728439.[0m
[32m[I 2025-01-19 15:48:23,838][0m Trial 30 finished with value: 0.0007018978072841081 and parameters: {'observation_period_num': 114, 'train_rates': 0.9457439322394309, 'learning_rate': 0.0006351520271751318, 'batch_size': 42, 'step_size': 10, 'gamma': 0.8224535813792283}. Best is trial 30 with value: 0.0007018978072841081.[0m
[32m[I 2025-01-19 15:50:53,989][0m Trial 31 finished with value: 0.0007331069666381356 and parameters: {'observation_period_num': 106, 'train_rates': 0.9500504788305316, 'learning_rate': 0.0006007765885426695, 'batch_size': 37, 'step_size': 10, 'gamma': 0.822585860107629}. Best is trial 30 with value: 0.0007018978072841081.[0m
[32m[I 2025-01-19 15:53:02,321][0m Trial 32 finished with value: 0.0007115441057780978 and parameters: {'observation_period_num': 111, 'train_rates': 0.9351191335471318, 'learning_rate': 0.0006795908981817451, 'batch_size': 43, 'step_size': 10, 'gamma': 0.8315479947248245}. Best is trial 30 with value: 0.0007018978072841081.[0m
[32m[I 2025-01-19 15:54:18,717][0m Trial 33 finished with value: 0.004218432858601964 and parameters: {'observation_period_num': 110, 'train_rates': 0.9169761155233653, 'learning_rate': 0.0005794555405838534, 'batch_size': 72, 'step_size': 10, 'gamma': 0.8480782190351417}. Best is trial 30 with value: 0.0007018978072841081.[0m
[32m[I 2025-01-19 15:56:19,852][0m Trial 34 finished with value: 0.0008873679483674954 and parameters: {'observation_period_num': 70, 'train_rates': 0.963151499097833, 'learning_rate': 0.00037997223965679816, 'batch_size': 47, 'step_size': 10, 'gamma': 0.8365355880891304}. Best is trial 30 with value: 0.0007018978072841081.[0m
[32m[I 2025-01-19 15:57:20,906][0m Trial 35 finished with value: 0.0017356453724366066 and parameters: {'observation_period_num': 66, 'train_rates': 0.9601438991619782, 'learning_rate': 0.0009965295757420635, 'batch_size': 94, 'step_size': 9, 'gamma': 0.7870612052192653}. Best is trial 30 with value: 0.0007018978072841081.[0m
[32m[I 2025-01-19 15:58:57,115][0m Trial 36 finished with value: 0.001712144373227166 and parameters: {'observation_period_num': 94, 'train_rates': 0.9240497783491229, 'learning_rate': 0.0003654240675851341, 'batch_size': 57, 'step_size': 12, 'gamma': 0.8364532165744124}. Best is trial 30 with value: 0.0007018978072841081.[0m
[32m[I 2025-01-19 15:59:31,120][0m Trial 37 finished with value: 0.004800969723499183 and parameters: {'observation_period_num': 59, 'train_rates': 0.8866924591460156, 'learning_rate': 0.00041350611822437675, 'batch_size': 164, 'step_size': 9, 'gamma': 0.8512247941371056}. Best is trial 30 with value: 0.0007018978072841081.[0m
[32m[I 2025-01-19 16:01:32,420][0m Trial 38 finished with value: 0.0012089563079426397 and parameters: {'observation_period_num': 79, 'train_rates': 0.9632227026671969, 'learning_rate': 0.0002819343930245209, 'batch_size': 47, 'step_size': 11, 'gamma': 0.8347149110461146}. Best is trial 30 with value: 0.0007018978072841081.[0m
[32m[I 2025-01-19 16:04:28,062][0m Trial 39 finished with value: 0.0008097559836719502 and parameters: {'observation_period_num': 144, 'train_rates': 0.9128718679782779, 'learning_rate': 0.0007269114383534813, 'batch_size': 30, 'step_size': 10, 'gamma': 0.7578589972814015}. Best is trial 30 with value: 0.0007018978072841081.[0m
[32m[I 2025-01-19 16:07:28,052][0m Trial 40 finished with value: 0.0007927833558756235 and parameters: {'observation_period_num': 138, 'train_rates': 0.9010290100908286, 'learning_rate': 0.0007057036899026596, 'batch_size': 29, 'step_size': 12, 'gamma': 0.7731808008320002}. Best is trial 30 with value: 0.0007018978072841081.[0m
[32m[I 2025-01-19 16:10:25,000][0m Trial 41 finished with value: 0.0009780529873898707 and parameters: {'observation_period_num': 141, 'train_rates': 0.9218356107150847, 'learning_rate': 0.0006381842013631842, 'batch_size': 30, 'step_size': 12, 'gamma': 0.7547656430805544}. Best is trial 30 with value: 0.0007018978072841081.[0m
[32m[I 2025-01-19 16:13:25,313][0m Trial 42 finished with value: 0.0009020696481360289 and parameters: {'observation_period_num': 125, 'train_rates': 0.8944292334053972, 'learning_rate': 0.000737352950185419, 'batch_size': 29, 'step_size': 11, 'gamma': 0.7777094211117372}. Best is trial 30 with value: 0.0007018978072841081.[0m
[32m[I 2025-01-19 16:14:52,116][0m Trial 43 finished with value: 0.0021614860542568154 and parameters: {'observation_period_num': 141, 'train_rates': 0.9079950763644926, 'learning_rate': 0.00048705166989382846, 'batch_size': 62, 'step_size': 9, 'gamma': 0.7615560575572913}. Best is trial 30 with value: 0.0007018978072841081.[0m
[32m[I 2025-01-19 16:18:04,984][0m Trial 44 finished with value: 0.0004643896215826891 and parameters: {'observation_period_num': 123, 'train_rates': 0.9344095322099469, 'learning_rate': 0.0007710541462981941, 'batch_size': 28, 'step_size': 10, 'gamma': 0.7979522587067007}. Best is trial 44 with value: 0.0004643896215826891.[0m
[32m[I 2025-01-19 16:18:28,445][0m Trial 45 finished with value: 0.008153480477631092 and parameters: {'observation_period_num': 122, 'train_rates': 0.9346526260637347, 'learning_rate': 0.0001654023879070484, 'batch_size': 254, 'step_size': 11, 'gamma': 0.794283308415965}. Best is trial 44 with value: 0.0004643896215826891.[0m
[32m[I 2025-01-19 16:19:40,400][0m Trial 46 finished with value: 0.0046907453810986635 and parameters: {'observation_period_num': 101, 'train_rates': 0.8162708918312738, 'learning_rate': 0.0009919478662362951, 'batch_size': 69, 'step_size': 8, 'gamma': 0.799573103833994}. Best is trial 44 with value: 0.0004643896215826891.[0m
[32m[I 2025-01-19 16:21:21,983][0m Trial 47 finished with value: 0.0025850084071996015 and parameters: {'observation_period_num': 180, 'train_rates': 0.8830568306748942, 'learning_rate': 0.00029528013324139576, 'batch_size': 51, 'step_size': 12, 'gamma': 0.7679168314708118}. Best is trial 44 with value: 0.0004643896215826891.[0m
[32m[I 2025-01-19 16:21:51,464][0m Trial 48 finished with value: 0.003830079222097993 and parameters: {'observation_period_num': 131, 'train_rates': 0.9736190556488942, 'learning_rate': 0.00044584791607200095, 'batch_size': 204, 'step_size': 14, 'gamma': 0.8144945280359717}. Best is trial 44 with value: 0.0004643896215826891.[0m
[32m[I 2025-01-19 16:27:30,266][0m Trial 49 finished with value: 0.0005370031406953182 and parameters: {'observation_period_num': 86, 'train_rates': 0.931272719176707, 'learning_rate': 0.0005378549555133845, 'batch_size': 16, 'step_size': 12, 'gamma': 0.809034249442921}. Best is trial 44 with value: 0.0004643896215826891.[0m
[32m[I 2025-01-19 16:27:30,272][0m A new study created in memory with name: no-name-fb070a27-5d69-4a4b-bedc-112a37c95202[0m
[32m[I 2025-01-19 16:28:07,639][0m Trial 0 finished with value: 0.0048002698458731174 and parameters: {'observation_period_num': 227, 'train_rates': 0.9685027023328397, 'learning_rate': 7.655686135719048e-05, 'batch_size': 155, 'step_size': 13, 'gamma': 0.9822777641329986}. Best is trial 0 with value: 0.0048002698458731174.[0m
[32m[I 2025-01-19 16:28:51,711][0m Trial 1 finished with value: 0.045429095713678834 and parameters: {'observation_period_num': 50, 'train_rates': 0.8984555601700253, 'learning_rate': 8.327871543372039e-05, 'batch_size': 125, 'step_size': 2, 'gamma': 0.8835081665284175}. Best is trial 0 with value: 0.0048002698458731174.[0m
[32m[I 2025-01-19 16:29:58,115][0m Trial 2 finished with value: 0.0032247736859026647 and parameters: {'observation_period_num': 246, 'train_rates': 0.7957385017741392, 'learning_rate': 0.00040272570541542127, 'batch_size': 71, 'step_size': 4, 'gamma': 0.8551286364918016}. Best is trial 2 with value: 0.0032247736859026647.[0m
[32m[I 2025-01-19 16:30:40,519][0m Trial 3 finished with value: 0.007969674632505494 and parameters: {'observation_period_num': 98, 'train_rates': 0.7323541821744697, 'learning_rate': 8.214445009933322e-05, 'batch_size': 116, 'step_size': 13, 'gamma': 0.8331868679463363}. Best is trial 2 with value: 0.0032247736859026647.[0m
[32m[I 2025-01-19 16:31:26,814][0m Trial 4 finished with value: 0.005871609506964809 and parameters: {'observation_period_num': 168, 'train_rates': 0.6184913432276383, 'learning_rate': 0.00028551012927829396, 'batch_size': 91, 'step_size': 6, 'gamma': 0.8731932926166721}. Best is trial 2 with value: 0.0032247736859026647.[0m
[32m[I 2025-01-19 16:31:54,680][0m Trial 5 finished with value: 0.006649582267506545 and parameters: {'observation_period_num': 133, 'train_rates': 0.6696560955977371, 'learning_rate': 0.00018053672743459254, 'batch_size': 164, 'step_size': 15, 'gamma': 0.7856780289084336}. Best is trial 2 with value: 0.0032247736859026647.[0m
[32m[I 2025-01-19 16:32:52,353][0m Trial 6 finished with value: 0.04454202083654182 and parameters: {'observation_period_num': 176, 'train_rates': 0.7231915801066852, 'learning_rate': 1.0749102934992163e-05, 'batch_size': 78, 'step_size': 5, 'gamma': 0.9740988293019073}. Best is trial 2 with value: 0.0032247736859026647.[0m
[32m[I 2025-01-19 16:34:15,810][0m Trial 7 finished with value: 0.0011357949584678345 and parameters: {'observation_period_num': 131, 'train_rates': 0.8219275997695603, 'learning_rate': 0.00022408378919835993, 'batch_size': 60, 'step_size': 14, 'gamma': 0.8715945415346066}. Best is trial 7 with value: 0.0011357949584678345.[0m
[32m[I 2025-01-19 16:34:42,423][0m Trial 8 finished with value: 0.007557667887714856 and parameters: {'observation_period_num': 196, 'train_rates': 0.7917962116324051, 'learning_rate': 7.253669514997405e-05, 'batch_size': 187, 'step_size': 8, 'gamma': 0.8890971940402206}. Best is trial 7 with value: 0.0011357949584678345.[0m
[32m[I 2025-01-19 16:35:08,070][0m Trial 9 finished with value: 0.029226556921734294 and parameters: {'observation_period_num': 217, 'train_rates': 0.6453409330868258, 'learning_rate': 0.00022015984666106658, 'batch_size': 174, 'step_size': 3, 'gamma': 0.7847052147883224}. Best is trial 7 with value: 0.0011357949584678345.[0m
[32m[I 2025-01-19 16:39:32,228][0m Trial 10 finished with value: 0.10231665790908867 and parameters: {'observation_period_num': 52, 'train_rates': 0.8768519029798251, 'learning_rate': 1.4913596283819133e-06, 'batch_size': 20, 'step_size': 10, 'gamma': 0.9324441677157352}. Best is trial 7 with value: 0.0011357949584678345.[0m
[32m[I 2025-01-19 16:42:02,475][0m Trial 11 finished with value: 0.000979965933021793 and parameters: {'observation_period_num': 110, 'train_rates': 0.8310265002380439, 'learning_rate': 0.0006675922605589423, 'batch_size': 33, 'step_size': 10, 'gamma': 0.8356260471882182}. Best is trial 11 with value: 0.000979965933021793.[0m
[32m[I 2025-01-19 16:42:24,222][0m Trial 12 finished with value: 0.000978932956490904 and parameters: {'observation_period_num': 112, 'train_rates': 0.8470812275746465, 'learning_rate': 0.0009149158491241863, 'batch_size': 250, 'step_size': 10, 'gamma': 0.8252412784311097}. Best is trial 12 with value: 0.000978932956490904.[0m
[32m[I 2025-01-19 16:42:45,962][0m Trial 13 finished with value: 0.0009399049321689323 and parameters: {'observation_period_num': 93, 'train_rates': 0.8815224254804275, 'learning_rate': 0.0009702605886655019, 'batch_size': 255, 'step_size': 10, 'gamma': 0.8174829587734957}. Best is trial 13 with value: 0.0009399049321689323.[0m
[32m[I 2025-01-19 16:43:11,716][0m Trial 14 finished with value: 0.04133234918117523 and parameters: {'observation_period_num': 5, 'train_rates': 0.9576687297467679, 'learning_rate': 0.0008569378726484492, 'batch_size': 256, 'step_size': 10, 'gamma': 0.7561000393966224}. Best is trial 13 with value: 0.0009399049321689323.[0m
[32m[I 2025-01-19 16:43:35,401][0m Trial 15 finished with value: 0.0565682005447646 and parameters: {'observation_period_num': 72, 'train_rates': 0.9089779836316836, 'learning_rate': 1.3628316721201509e-05, 'batch_size': 253, 'step_size': 8, 'gamma': 0.813792070898831}. Best is trial 13 with value: 0.0009399049321689323.[0m
[32m[I 2025-01-19 16:43:59,051][0m Trial 16 finished with value: 0.0008656097629705897 and parameters: {'observation_period_num': 156, 'train_rates': 0.8630265796868618, 'learning_rate': 0.0009852872465252042, 'batch_size': 221, 'step_size': 11, 'gamma': 0.8071566841578961}. Best is trial 16 with value: 0.0008656097629705897.[0m
[32m[I 2025-01-19 16:44:26,587][0m Trial 17 finished with value: 0.3309573531150818 and parameters: {'observation_period_num': 157, 'train_rates': 0.9324077898569166, 'learning_rate': 1.793024895579182e-06, 'batch_size': 211, 'step_size': 12, 'gamma': 0.7928881690906272}. Best is trial 16 with value: 0.0008656097629705897.[0m
[32m[I 2025-01-19 16:44:49,311][0m Trial 18 finished with value: 0.10800987145046083 and parameters: {'observation_period_num': 80, 'train_rates': 0.7567984000846452, 'learning_rate': 1.800341431938614e-05, 'batch_size': 219, 'step_size': 12, 'gamma': 0.755836340264313}. Best is trial 16 with value: 0.0008656097629705897.[0m
[32m[I 2025-01-19 16:45:15,041][0m Trial 19 finished with value: 0.08612918664780024 and parameters: {'observation_period_num': 11, 'train_rates': 0.8843930503365938, 'learning_rate': 5.934248167143133e-06, 'batch_size': 221, 'step_size': 7, 'gamma': 0.9104695787325144}. Best is trial 16 with value: 0.0008656097629705897.[0m
[32m[I 2025-01-19 16:45:44,605][0m Trial 20 finished with value: 0.001267888117581606 and parameters: {'observation_period_num': 148, 'train_rates': 0.9888719996309385, 'learning_rate': 0.0004857081411548985, 'batch_size': 202, 'step_size': 11, 'gamma': 0.8120676098427889}. Best is trial 16 with value: 0.0008656097629705897.[0m
[32m[I 2025-01-19 16:46:07,181][0m Trial 21 finished with value: 0.0009268104677519075 and parameters: {'observation_period_num': 109, 'train_rates': 0.8520495134005822, 'learning_rate': 0.0007937661982377958, 'batch_size': 246, 'step_size': 9, 'gamma': 0.8443290795021092}. Best is trial 16 with value: 0.0008656097629705897.[0m
[32m[I 2025-01-19 16:46:30,881][0m Trial 22 finished with value: 0.002482600272586099 and parameters: {'observation_period_num': 91, 'train_rates': 0.8627399875138163, 'learning_rate': 0.0004935673143668816, 'batch_size': 232, 'step_size': 8, 'gamma': 0.8458995925468817}. Best is trial 16 with value: 0.0008656097629705897.[0m
[32m[I 2025-01-19 16:46:56,495][0m Trial 23 finished with value: 0.001964255701750517 and parameters: {'observation_period_num': 56, 'train_rates': 0.932304184346024, 'learning_rate': 0.000886300332572109, 'batch_size': 236, 'step_size': 9, 'gamma': 0.792419438012672}. Best is trial 16 with value: 0.0008656097629705897.[0m
[32m[I 2025-01-19 16:47:23,420][0m Trial 24 finished with value: 0.00475862227230264 and parameters: {'observation_period_num': 188, 'train_rates': 0.7860242962140012, 'learning_rate': 0.00013990740694076338, 'batch_size': 196, 'step_size': 12, 'gamma': 0.8553999999859098}. Best is trial 16 with value: 0.0008656097629705897.[0m
[32m[I 2025-01-19 16:47:48,075][0m Trial 25 finished with value: 0.058476945385336876 and parameters: {'observation_period_num': 116, 'train_rates': 0.8250150501204424, 'learning_rate': 3.6843074647700055e-05, 'batch_size': 234, 'step_size': 6, 'gamma': 0.8096531510299139}. Best is trial 16 with value: 0.0008656097629705897.[0m
[32m[I 2025-01-19 16:48:25,720][0m Trial 26 finished with value: 0.0015326075156702212 and parameters: {'observation_period_num': 144, 'train_rates': 0.9237651879852178, 'learning_rate': 0.00036543595364850375, 'batch_size': 145, 'step_size': 9, 'gamma': 0.7766915602989711}. Best is trial 16 with value: 0.0008656097629705897.[0m
[32m[I 2025-01-19 16:48:56,166][0m Trial 27 finished with value: 0.0012716043638111223 and parameters: {'observation_period_num': 122, 'train_rates': 0.8571863501322668, 'learning_rate': 0.0005605457831348405, 'batch_size': 179, 'step_size': 11, 'gamma': 0.9024455538943581}. Best is trial 16 with value: 0.0008656097629705897.[0m
[32m[I 2025-01-19 16:49:21,870][0m Trial 28 finished with value: 0.003785818248339321 and parameters: {'observation_period_num': 27, 'train_rates': 0.8828950069716183, 'learning_rate': 0.0009818014533295276, 'batch_size': 235, 'step_size': 7, 'gamma': 0.8047515481270958}. Best is trial 16 with value: 0.0008656097629705897.[0m
[32m[I 2025-01-19 16:49:48,405][0m Trial 29 finished with value: 0.012630805616288378 and parameters: {'observation_period_num': 70, 'train_rates': 0.8046758299920498, 'learning_rate': 0.000123020335954652, 'batch_size': 208, 'step_size': 14, 'gamma': 0.7674388136136926}. Best is trial 16 with value: 0.0008656097629705897.[0m
