[32m[I 2025-01-19 17:42:02,913][0m Trial 46 finished with value: 0.004373080163806224 and parameters: {'observation_period_num': 118, 'train_rates': 0.8384414763876447, 'learning_rate': 0.0006600003496179016, 'batch_size': 244, 'step_size': 10, 'gamma': 0.8604193781330841}. Best is trial 10 with value: 0.002082470338791609.[0m
[32m[I 2025-01-19 17:43:24,395][0m Trial 47 finished with value: 0.025255267403477076 and parameters: {'observation_period_num': 96, 'train_rates': 0.7901557772738211, 'learning_rate': 4.169364395369852e-06, 'batch_size': 60, 'step_size': 15, 'gamma': 0.8672387353828945}. Best is trial 10 with value: 0.002082470338791609.[0m
[32m[I 2025-01-19 17:43:49,043][0m Trial 48 finished with value: 0.5648640885121292 and parameters: {'observation_period_num': 52, 'train_rates': 0.7533189377833273, 'learning_rate': 1.0069582681630723e-06, 'batch_size': 211, 'step_size': 12, 'gamma': 0.9160130253508614}. Best is trial 10 with value: 0.002082470338791609.[0m
[32m[I 2025-01-19 17:44:16,692][0m Trial 49 finished with value: 0.005346184094033971 and parameters: {'observation_period_num': 157, 'train_rates': 0.8873642398295271, 'learning_rate': 0.0003165749415273901, 'batch_size': 195, 'step_size': 7, 'gamma': 0.8440885378669774}. Best is trial 10 with value: 0.002082470338791609.[0m
[32m[I 2025-01-19 17:44:16,697][0m A new study created in memory with name: no-name-241e89d4-20c7-472c-84cc-c378d8ca32ac[0m
[32m[I 2025-01-19 17:45:16,917][0m Trial 0 finished with value: 0.042136736728727274 and parameters: {'observation_period_num': 50, 'train_rates': 0.9250762236222176, 'learning_rate': 8.097155758388174e-05, 'batch_size': 95, 'step_size': 2, 'gamma': 0.7735145354417432}. Best is trial 0 with value: 0.042136736728727274.[0m
[32m[I 2025-01-19 17:45:44,376][0m Trial 1 finished with value: 0.6017863154411316 and parameters: {'observation_period_num': 136, 'train_rates': 0.96111873117079, 'learning_rate': 2.0429800998501586e-06, 'batch_size': 226, 'step_size': 12, 'gamma': 0.9341036900086417}. Best is trial 0 with value: 0.042136736728727274.[0m
[32m[I 2025-01-19 17:46:26,841][0m Trial 2 finished with value: 0.05283735978518617 and parameters: {'observation_period_num': 194, 'train_rates': 0.8480542073273973, 'learning_rate': 2.633562275318823e-06, 'batch_size': 120, 'step_size': 10, 'gamma': 0.9351418821771981}. Best is trial 0 with value: 0.042136736728727274.[0m
[32m[I 2025-01-19 17:46:50,509][0m Trial 3 finished with value: 0.0044958000655943185 and parameters: {'observation_period_num': 221, 'train_rates': 0.9161569344515514, 'learning_rate': 0.0001777419865084295, 'batch_size': 229, 'step_size': 15, 'gamma': 0.9005659475998337}. Best is trial 3 with value: 0.0044958000655943185.[0m
[32m[I 2025-01-19 17:47:17,076][0m Trial 4 finished with value: 0.7365535201934668 and parameters: {'observation_period_num': 204, 'train_rates': 0.8120354070165585, 'learning_rate': 1.5455079178664805e-06, 'batch_size': 203, 'step_size': 4, 'gamma': 0.858124430101495}. Best is trial 3 with value: 0.0044958000655943185.[0m
[32m[I 2025-01-19 17:47:40,621][0m Trial 5 finished with value: 0.0060308540966872715 and parameters: {'observation_period_num': 187, 'train_rates': 0.8562248776805068, 'learning_rate': 0.0006845757295958249, 'batch_size': 233, 'step_size': 8, 'gamma': 0.766625026636397}. Best is trial 3 with value: 0.0044958000655943185.[0m
[32m[I 2025-01-19 17:49:43,259][0m Trial 6 finished with value: 0.02903965071469318 and parameters: {'observation_period_num': 218, 'train_rates': 0.9048431741308987, 'learning_rate': 1.1921585013891124e-05, 'batch_size': 42, 'step_size': 4, 'gamma': 0.8396181898567999}. Best is trial 3 with value: 0.0044958000655943185.[0m
[32m[I 2025-01-19 17:50:27,164][0m Trial 7 finished with value: 0.3223286673259881 and parameters: {'observation_period_num': 252, 'train_rates': 0.6385779139865472, 'learning_rate': 5.973897353895058e-06, 'batch_size': 94, 'step_size': 4, 'gamma': 0.7821294200996141}. Best is trial 3 with value: 0.0044958000655943185.[0m
[32m[I 2025-01-19 17:50:51,675][0m Trial 8 finished with value: 0.08764820440324719 and parameters: {'observation_period_num': 26, 'train_rates': 0.830124902420553, 'learning_rate': 1.0069228883251481e-05, 'batch_size': 238, 'step_size': 12, 'gamma': 0.7864221146977793}. Best is trial 3 with value: 0.0044958000655943185.[0m
[32m[I 2025-01-19 17:51:12,310][0m Trial 9 finished with value: 0.020720190630742798 and parameters: {'observation_period_num': 185, 'train_rates': 0.7091923198734247, 'learning_rate': 0.00012907911870874302, 'batch_size': 231, 'step_size': 8, 'gamma': 0.7891453157922063}. Best is trial 3 with value: 0.0044958000655943185.[0m
[32m[I 2025-01-19 17:51:39,916][0m Trial 10 finished with value: 0.0077177361927912285 and parameters: {'observation_period_num': 107, 'train_rates': 0.7261959363353947, 'learning_rate': 0.0005772895775709791, 'batch_size': 177, 'step_size': 15, 'gamma': 0.9877886111683543}. Best is trial 3 with value: 0.0044958000655943185.[0m
[32m[I 2025-01-19 17:52:15,235][0m Trial 11 finished with value: 0.0020299931056797504 and parameters: {'observation_period_num': 145, 'train_rates': 0.9892055654009799, 'learning_rate': 0.0009892609846420266, 'batch_size': 169, 'step_size': 8, 'gamma': 0.8912817879185857}. Best is trial 11 with value: 0.0020299931056797504.[0m
[32m[I 2025-01-19 17:52:50,812][0m Trial 12 finished with value: 0.0017303966451436281 and parameters: {'observation_period_num': 136, 'train_rates': 0.9852260747265971, 'learning_rate': 0.00021877462027403765, 'batch_size': 167, 'step_size': 15, 'gamma': 0.9037225112847853}. Best is trial 12 with value: 0.0017303966451436281.[0m
[32m[I 2025-01-19 17:53:28,346][0m Trial 13 finished with value: 0.0028516526799649 and parameters: {'observation_period_num': 127, 'train_rates': 0.9862084601980331, 'learning_rate': 0.0008730713526826866, 'batch_size': 161, 'step_size': 6, 'gamma': 0.8948168409822205}. Best is trial 12 with value: 0.0017303966451436281.[0m
[32m[I 2025-01-19 17:54:09,724][0m Trial 14 finished with value: 0.003831458045169711 and parameters: {'observation_period_num': 91, 'train_rates': 0.9776190526814549, 'learning_rate': 0.00026940218234107504, 'batch_size': 147, 'step_size': 11, 'gamma': 0.8379291030000424}. Best is trial 12 with value: 0.0017303966451436281.[0m
[32m[I 2025-01-19 17:54:36,430][0m Trial 15 finished with value: 0.016126934630568506 and parameters: {'observation_period_num': 154, 'train_rates': 0.7532294914071647, 'learning_rate': 4.426788701643228e-05, 'batch_size': 186, 'step_size': 9, 'gamma': 0.938457390848131}. Best is trial 12 with value: 0.0017303966451436281.[0m
[32m[I 2025-01-19 17:55:24,514][0m Trial 16 finished with value: 0.0030567301241485206 and parameters: {'observation_period_num': 87, 'train_rates': 0.8848124602795004, 'learning_rate': 0.000318423341712682, 'batch_size': 112, 'step_size': 13, 'gamma': 0.8910071841259161}. Best is trial 12 with value: 0.0017303966451436281.[0m
[32m[I 2025-01-19 17:56:58,933][0m Trial 17 finished with value: 0.007160400343127549 and parameters: {'observation_period_num': 158, 'train_rates': 0.9432052719260792, 'learning_rate': 3.5636278971346866e-05, 'batch_size': 58, 'step_size': 6, 'gamma': 0.9760756866342286}. Best is trial 12 with value: 0.0017303966451436281.[0m
[32m[I 2025-01-19 17:57:30,193][0m Trial 18 finished with value: 0.010266869521113097 and parameters: {'observation_period_num': 75, 'train_rates': 0.6044423382028978, 'learning_rate': 0.0004065310862133755, 'batch_size': 140, 'step_size': 7, 'gamma': 0.8709459712683174}. Best is trial 12 with value: 0.0017303966451436281.[0m
[32m[I 2025-01-19 17:57:56,768][0m Trial 19 finished with value: 0.04308780567610965 and parameters: {'observation_period_num': 161, 'train_rates': 0.7702001709696875, 'learning_rate': 9.546427050956865e-05, 'batch_size': 195, 'step_size': 1, 'gamma': 0.9158040989958819}. Best is trial 12 with value: 0.0017303966451436281.[0m
[32m[I 2025-01-19 17:58:31,302][0m Trial 20 finished with value: 0.003619896717038299 and parameters: {'observation_period_num': 120, 'train_rates': 0.8798261108189367, 'learning_rate': 0.0009201644120133945, 'batch_size': 165, 'step_size': 14, 'gamma': 0.9588109764451618}. Best is trial 12 with value: 0.0017303966451436281.[0m
[32m[I 2025-01-19 17:59:08,852][0m Trial 21 finished with value: 0.002702112542465329 and parameters: {'observation_period_num': 136, 'train_rates': 0.9861743924061873, 'learning_rate': 0.0009847816450903925, 'batch_size': 159, 'step_size': 6, 'gamma': 0.8816253874083366}. Best is trial 12 with value: 0.0017303966451436281.[0m
[32m[I 2025-01-19 17:59:37,801][0m Trial 22 finished with value: 0.004713638219982386 and parameters: {'observation_period_num': 150, 'train_rates': 0.9877269073577895, 'learning_rate': 0.00023306716074582225, 'batch_size': 207, 'step_size': 6, 'gamma': 0.8693342371523973}. Best is trial 12 with value: 0.0017303966451436281.[0m
[32m[I 2025-01-19 18:00:15,196][0m Trial 23 finished with value: 0.0028107886099825044 and parameters: {'observation_period_num': 107, 'train_rates': 0.9465562109435455, 'learning_rate': 0.00042357220933294387, 'batch_size': 152, 'step_size': 10, 'gamma': 0.8177535043664609}. Best is trial 12 with value: 0.0017303966451436281.[0m
[32m[I 2025-01-19 18:00:58,887][0m Trial 24 finished with value: 0.0037935139445511444 and parameters: {'observation_period_num': 174, 'train_rates': 0.9480756180212042, 'learning_rate': 0.0004900561297803436, 'batch_size': 128, 'step_size': 5, 'gamma': 0.9139616171539211}. Best is trial 12 with value: 0.0017303966451436281.[0m
[32m[I 2025-01-19 18:01:30,969][0m Trial 25 finished with value: 0.002338320888470505 and parameters: {'observation_period_num': 133, 'train_rates': 0.9183931660286357, 'learning_rate': 0.0009747913115716662, 'batch_size': 177, 'step_size': 9, 'gamma': 0.877867582577288}. Best is trial 12 with value: 0.0017303966451436281.[0m
[32m[I 2025-01-19 18:02:02,754][0m Trial 26 finished with value: 0.013429439685490938 and parameters: {'observation_period_num': 61, 'train_rates': 0.9075589509295191, 'learning_rate': 6.372508027987267e-05, 'batch_size': 177, 'step_size': 9, 'gamma': 0.8503357408954693}. Best is trial 12 with value: 0.0017303966451436281.[0m
[32m[I 2025-01-19 18:02:24,507][0m Trial 27 finished with value: 0.00597703282189908 and parameters: {'observation_period_num': 112, 'train_rates': 0.876477664717027, 'learning_rate': 0.00014150064006133558, 'batch_size': 256, 'step_size': 13, 'gamma': 0.8146722418235576}. Best is trial 12 with value: 0.0017303966451436281.[0m
[32m[I 2025-01-19 18:02:51,892][0m Trial 28 finished with value: 0.02775401622056961 and parameters: {'observation_period_num': 141, 'train_rates': 0.9317457763978244, 'learning_rate': 1.8678596063227943e-05, 'batch_size': 204, 'step_size': 10, 'gamma': 0.9161332853565413}. Best is trial 12 with value: 0.0017303966451436281.[0m
[32m[I 2025-01-19 18:03:48,966][0m Trial 29 finished with value: 0.009500184712015976 and parameters: {'observation_period_num': 11, 'train_rates': 0.9603286666565856, 'learning_rate': 0.0002145837563727653, 'batch_size': 104, 'step_size': 2, 'gamma': 0.9527137169857075}. Best is trial 12 with value: 0.0017303966451436281.[0m
[32m[I 2025-01-19 18:04:59,125][0m Trial 30 finished with value: 0.0078008091930611674 and parameters: {'observation_period_num': 52, 'train_rates': 0.9140194097899141, 'learning_rate': 8.761382749864387e-05, 'batch_size': 80, 'step_size': 11, 'gamma': 0.8768552203515724}. Best is trial 12 with value: 0.0017303966451436281.[0m
[32m[I 2025-01-19 18:05:36,649][0m Trial 31 finished with value: 0.00221934262663126 and parameters: {'observation_period_num': 133, 'train_rates': 0.9700848302582653, 'learning_rate': 0.0009914371688036798, 'batch_size': 159, 'step_size': 7, 'gamma': 0.8842737167504903}. Best is trial 12 with value: 0.0017303966451436281.[0m
[32m[I 2025-01-19 18:06:17,580][0m Trial 32 finished with value: 0.002617777092382312 and parameters: {'observation_period_num': 169, 'train_rates': 0.9622520809085418, 'learning_rate': 0.0006711728443868553, 'batch_size': 137, 'step_size': 7, 'gamma': 0.9057708370882476}. Best is trial 12 with value: 0.0017303966451436281.[0m
[32m[I 2025-01-19 18:06:51,020][0m Trial 33 finished with value: 0.00220687547698617 and parameters: {'observation_period_num': 130, 'train_rates': 0.9668460167621389, 'learning_rate': 0.00035942823060467475, 'batch_size': 175, 'step_size': 9, 'gamma': 0.9247653277578857}. Best is trial 12 with value: 0.0017303966451436281.[0m
[32m[I 2025-01-19 18:07:22,440][0m Trial 34 finished with value: 0.004186479840427637 and parameters: {'observation_period_num': 95, 'train_rates': 0.96525313547398, 'learning_rate': 0.0003331414387852175, 'batch_size': 189, 'step_size': 7, 'gamma': 0.9283329400736816}. Best is trial 12 with value: 0.0017303966451436281.[0m
[32m[I 2025-01-19 18:08:06,143][0m Trial 35 finished with value: 0.003080509912625358 and parameters: {'observation_period_num': 143, 'train_rates': 0.9346323469616166, 'learning_rate': 0.0004931811097348562, 'batch_size': 126, 'step_size': 3, 'gamma': 0.9387156816858487}. Best is trial 12 with value: 0.0017303966451436281.[0m
[32m[I 2025-01-19 18:08:41,740][0m Trial 36 finished with value: 0.0017591278301551938 and parameters: {'observation_period_num': 117, 'train_rates': 0.9644731975341636, 'learning_rate': 0.0006224505422956535, 'batch_size': 166, 'step_size': 8, 'gamma': 0.8968913185446064}. Best is trial 12 with value: 0.0017303966451436281.[0m
[32m[I 2025-01-19 18:09:08,126][0m Trial 37 finished with value: 0.0091773088053359 and parameters: {'observation_period_num': 78, 'train_rates': 0.8949575596834977, 'learning_rate': 0.00018556833869713368, 'batch_size': 218, 'step_size': 11, 'gamma': 0.9269654932623363}. Best is trial 12 with value: 0.0017303966451436281.[0m
[32m[I 2025-01-19 18:13:35,187][0m Trial 38 finished with value: 0.003531871615174639 and parameters: {'observation_period_num': 121, 'train_rates': 0.8589490769908615, 'learning_rate': 0.00014412806779345088, 'batch_size': 19, 'step_size': 8, 'gamma': 0.9012073952182885}. Best is trial 12 with value: 0.0017303966451436281.[0m
[32m[I 2025-01-19 18:14:05,574][0m Trial 39 finished with value: 0.004703398150778367 and parameters: {'observation_period_num': 174, 'train_rates': 0.8044244813048993, 'learning_rate': 0.0006347897618367691, 'batch_size': 170, 'step_size': 10, 'gamma': 0.9508305432822547}. Best is trial 12 with value: 0.0017303966451436281.[0m
[32m[I 2025-01-19 18:14:33,248][0m Trial 40 finished with value: 0.0027284796815365553 and parameters: {'observation_period_num': 104, 'train_rates': 0.9315353956683194, 'learning_rate': 0.0003063090289215601, 'batch_size': 217, 'step_size': 12, 'gamma': 0.8611004866048632}. Best is trial 12 with value: 0.0017303966451436281.[0m
[32m[I 2025-01-19 18:15:10,857][0m Trial 41 finished with value: 0.0023484728299081326 and parameters: {'observation_period_num': 119, 'train_rates': 0.9679656932853188, 'learning_rate': 0.0006676739574939636, 'batch_size': 154, 'step_size': 8, 'gamma': 0.8884972927719696}. Best is trial 12 with value: 0.0017303966451436281.[0m
[32m[I 2025-01-19 18:15:49,877][0m Trial 42 finished with value: 0.003144901478663087 and parameters: {'observation_period_num': 146, 'train_rates': 0.9544065885798779, 'learning_rate': 0.0003956047211905245, 'batch_size': 146, 'step_size': 5, 'gamma': 0.9057563915976187}. Best is trial 12 with value: 0.0017303966451436281.[0m
[32m[I 2025-01-19 18:16:21,146][0m Trial 43 finished with value: 0.0033782580867409706 and parameters: {'observation_period_num': 201, 'train_rates': 0.9722959864555855, 'learning_rate': 0.0006987372002867609, 'batch_size': 189, 'step_size': 7, 'gamma': 0.9231221837722094}. Best is trial 12 with value: 0.0017303966451436281.[0m
[32m[I 2025-01-19 18:16:51,707][0m Trial 44 finished with value: 0.004708575310773755 and parameters: {'observation_period_num': 134, 'train_rates': 0.8327418719248907, 'learning_rate': 0.0005301765377939293, 'batch_size': 174, 'step_size': 9, 'gamma': 0.8936534504309975}. Best is trial 12 with value: 0.0017303966451436281.[0m
[32m[I 2025-01-19 18:17:22,112][0m Trial 45 finished with value: 0.5023146749920928 and parameters: {'observation_period_num': 129, 'train_rates': 0.6956889171116762, 'learning_rate': 3.3823460653318886e-06, 'batch_size': 164, 'step_size': 5, 'gamma': 0.8428417716856408}. Best is trial 12 with value: 0.0017303966451436281.[0m
[32m[I 2025-01-19 18:17:55,266][0m Trial 46 finished with value: 0.0032073205802589655 and parameters: {'observation_period_num': 185, 'train_rates': 0.9893272001303886, 'learning_rate': 0.00026759994433193614, 'batch_size': 183, 'step_size': 15, 'gamma': 0.7541468392678055}. Best is trial 12 with value: 0.0017303966451436281.[0m
[32m[I 2025-01-19 18:18:23,521][0m Trial 47 finished with value: 0.4990648199927132 and parameters: {'observation_period_num': 221, 'train_rates': 0.9232206244865254, 'learning_rate': 1.0322988117469057e-06, 'batch_size': 200, 'step_size': 8, 'gamma': 0.8837315953775066}. Best is trial 12 with value: 0.0017303966451436281.[0m
[32m[I 2025-01-19 18:19:09,456][0m Trial 48 finished with value: 0.0036185693461447954 and parameters: {'observation_period_num': 240, 'train_rates': 0.9723320047228627, 'learning_rate': 0.0007263539531687054, 'batch_size': 121, 'step_size': 14, 'gamma': 0.8606055779687112}. Best is trial 12 with value: 0.0017303966451436281.[0m
[32m[I 2025-01-19 18:19:48,906][0m Trial 49 finished with value: 0.00677252933382988 and parameters: {'observation_period_num': 168, 'train_rates': 0.9507996256025415, 'learning_rate': 5.7954443792416174e-05, 'batch_size': 145, 'step_size': 9, 'gamma': 0.9013097689158016}. Best is trial 12 with value: 0.0017303966451436281.[0m
[32m[I 2025-01-19 18:19:48,911][0m A new study created in memory with name: no-name-e6baee5a-e44d-4a78-949b-fe0f99a76916[0m
[32m[I 2025-01-19 18:20:19,265][0m Trial 0 finished with value: 0.02482862875654237 and parameters: {'observation_period_num': 41, 'train_rates': 0.6681440380337353, 'learning_rate': 0.00015617982778538464, 'batch_size': 157, 'step_size': 14, 'gamma': 0.8544213102860675}. Best is trial 0 with value: 0.02482862875654237.[0m
[32m[I 2025-01-19 18:25:03,656][0m Trial 1 finished with value: 0.07678624165155251 and parameters: {'observation_period_num': 39, 'train_rates': 0.832709079472381, 'learning_rate': 1.1292828072537464e-06, 'batch_size': 18, 'step_size': 6, 'gamma': 0.9830654510289664}. Best is trial 0 with value: 0.02482862875654237.[0m
[32m[I 2025-01-19 18:25:35,204][0m Trial 2 finished with value: 0.10045047942800926 and parameters: {'observation_period_num': 163, 'train_rates': 0.6052640183898137, 'learning_rate': 0.00012557046022169371, 'batch_size': 132, 'step_size': 14, 'gamma': 0.8835884794464488}. Best is trial 0 with value: 0.02482862875654237.[0m
[32m[I 2025-01-19 18:27:35,258][0m Trial 3 finished with value: 0.11673139804383603 and parameters: {'observation_period_num': 245, 'train_rates': 0.7743939113338684, 'learning_rate': 2.8460183332557328e-05, 'batch_size': 38, 'step_size': 10, 'gamma': 0.7980971844426608}. Best is trial 0 with value: 0.02482862875654237.[0m
[32m[I 2025-01-19 18:28:03,803][0m Trial 4 finished with value: 0.14226768814935917 and parameters: {'observation_period_num': 193, 'train_rates': 0.631006294088362, 'learning_rate': 5.7055431519272546e-05, 'batch_size': 156, 'step_size': 9, 'gamma': 0.8498827206002282}. Best is trial 0 with value: 0.02482862875654237.[0m
[32m[I 2025-01-19 18:29:28,843][0m Trial 5 finished with value: 0.0333983863560857 and parameters: {'observation_period_num': 53, 'train_rates': 0.6808984120032263, 'learning_rate': 0.00015569067703601156, 'batch_size': 53, 'step_size': 13, 'gamma': 0.8643542293766332}. Best is trial 0 with value: 0.02482862875654237.[0m
[32m[I 2025-01-19 18:30:16,566][0m Trial 6 finished with value: 0.10385185762512168 and parameters: {'observation_period_num': 96, 'train_rates': 0.6865687486771362, 'learning_rate': 7.777547417992226e-05, 'batch_size': 97, 'step_size': 4, 'gamma': 0.9703655372334903}. Best is trial 0 with value: 0.02482862875654237.[0m
[32m[I 2025-01-19 18:30:41,243][0m Trial 7 finished with value: 0.41534031994154363 and parameters: {'observation_period_num': 145, 'train_rates': 0.7942749628319902, 'learning_rate': 1.4278193196779078e-06, 'batch_size': 212, 'step_size': 7, 'gamma': 0.8828313970302855}. Best is trial 0 with value: 0.02482862875654237.[0m
[32m[I 2025-01-19 18:32:06,142][0m Trial 8 finished with value: 0.07738895305622381 and parameters: {'observation_period_num': 61, 'train_rates': 0.8973615000202444, 'learning_rate': 8.57087571614055e-06, 'batch_size': 64, 'step_size': 13, 'gamma': 0.9794819936936864}. Best is trial 0 with value: 0.02482862875654237.[0m
[32m[I 2025-01-19 18:32:25,612][0m Trial 9 finished with value: 0.1820873888679827 and parameters: {'observation_period_num': 90, 'train_rates': 0.6564065985745163, 'learning_rate': 1.377104507769857e-06, 'batch_size': 245, 'step_size': 9, 'gamma': 0.9890938884428131}. Best is trial 0 with value: 0.02482862875654237.[0m
[32m[I 2025-01-19 18:32:44,282][0m Trial 10 finished with value: 0.2159660905599594 and parameters: {'observation_period_num': 7, 'train_rates': 0.9825329029110556, 'learning_rate': 0.000959757649253649, 'batch_size': 178, 'step_size': 1, 'gamma': 0.7578331379702332}. Best is trial 0 with value: 0.02482862875654237.[0m
