[32m[I 2025-01-19 16:50:12,035][0m Trial 30 finished with value: 0.0027048515621572733 and parameters: {'observation_period_num': 96, 'train_rates': 0.9619928654531809, 'learning_rate': 0.0003072833661355724, 'batch_size': 256, 'step_size': 9, 'gamma': 0.8467501544528765}. Best is trial 16 with value: 0.0008656097629705897.[0m
[32m[I 2025-01-19 16:50:35,758][0m Trial 31 finished with value: 0.0011423408593002119 and parameters: {'observation_period_num': 106, 'train_rates': 0.8542194152788717, 'learning_rate': 0.0009830979303306786, 'batch_size': 242, 'step_size': 11, 'gamma': 0.8253842561350015}. Best is trial 16 with value: 0.0008656097629705897.[0m
[32m[I 2025-01-19 16:50:57,489][0m Trial 32 finished with value: 0.0012983781218321787 and parameters: {'observation_period_num': 140, 'train_rates': 0.8410112006314492, 'learning_rate': 0.0006247592675475071, 'batch_size': 244, 'step_size': 10, 'gamma': 0.8245498328636879}. Best is trial 16 with value: 0.0008656097629705897.[0m
[32m[I 2025-01-19 16:51:23,189][0m Trial 33 finished with value: 0.032406170294977804 and parameters: {'observation_period_num': 84, 'train_rates': 0.9000730146192252, 'learning_rate': 0.0003844317847919485, 'batch_size': 223, 'step_size': 1, 'gamma': 0.8508105114236253}. Best is trial 16 with value: 0.0008656097629705897.[0m
[32m[I 2025-01-19 16:51:49,846][0m Trial 34 finished with value: 0.0018098276460597389 and parameters: {'observation_period_num': 159, 'train_rates': 0.767505506520976, 'learning_rate': 0.0006998428440814083, 'batch_size': 193, 'step_size': 13, 'gamma': 0.8286589712898195}. Best is trial 16 with value: 0.0008656097629705897.[0m
[32m[I 2025-01-19 16:52:14,414][0m Trial 35 finished with value: 0.021989954935927546 and parameters: {'observation_period_num': 121, 'train_rates': 0.8153010713073642, 'learning_rate': 4.273425704945678e-05, 'batch_size': 221, 'step_size': 9, 'gamma': 0.8630322284206859}. Best is trial 16 with value: 0.0008656097629705897.[0m
[32m[I 2025-01-19 16:52:57,139][0m Trial 36 finished with value: 0.0021651118109107586 and parameters: {'observation_period_num': 102, 'train_rates': 0.8454957131387739, 'learning_rate': 0.00029403737512286217, 'batch_size': 125, 'step_size': 11, 'gamma': 0.8002481924924547}. Best is trial 16 with value: 0.0008656097629705897.[0m
[32m[I 2025-01-19 16:53:33,871][0m Trial 37 finished with value: 0.002963745682771186 and parameters: {'observation_period_num': 65, 'train_rates': 0.8758330200301403, 'learning_rate': 0.00045347737496795234, 'batch_size': 157, 'step_size': 7, 'gamma': 0.8361711026787597}. Best is trial 16 with value: 0.0008656097629705897.[0m
[32m[I 2025-01-19 16:53:57,361][0m Trial 38 finished with value: 0.0036758824717253447 and parameters: {'observation_period_num': 250, 'train_rates': 0.9155954458933393, 'learning_rate': 0.00011914591088641865, 'batch_size': 245, 'step_size': 13, 'gamma': 0.8822051922199587}. Best is trial 16 with value: 0.0008656097629705897.[0m
[32m[I 2025-01-19 16:54:44,583][0m Trial 39 finished with value: 0.1382741359831564 and parameters: {'observation_period_num': 34, 'train_rates': 0.7067740284454711, 'learning_rate': 3.826430846295183e-06, 'batch_size': 99, 'step_size': 12, 'gamma': 0.8181299352131727}. Best is trial 16 with value: 0.0008656097629705897.[0m
[32m[I 2025-01-19 16:55:06,942][0m Trial 40 finished with value: 0.016781951444639058 and parameters: {'observation_period_num': 218, 'train_rates': 0.7670904041761875, 'learning_rate': 5.730370927020858e-05, 'batch_size': 227, 'step_size': 15, 'gamma': 0.7709299573101404}. Best is trial 16 with value: 0.0008656097629705897.[0m
[32m[I 2025-01-19 16:56:58,563][0m Trial 41 finished with value: 0.0009432022084754436 and parameters: {'observation_period_num': 110, 'train_rates': 0.8275180208148839, 'learning_rate': 0.0006644773997201034, 'batch_size': 45, 'step_size': 10, 'gamma': 0.8356976358740846}. Best is trial 16 with value: 0.0008656097629705897.[0m
[32m[I 2025-01-19 16:58:26,189][0m Trial 42 finished with value: 0.0036842746254152213 and parameters: {'observation_period_num': 131, 'train_rates': 0.8079421120549636, 'learning_rate': 0.0007263874492327978, 'batch_size': 56, 'step_size': 10, 'gamma': 0.8403107384984221}. Best is trial 16 with value: 0.0008656097629705897.[0m
[32m[I 2025-01-19 16:59:20,653][0m Trial 43 finished with value: 0.0021118879278903516 and parameters: {'observation_period_num': 182, 'train_rates': 0.8685283815809157, 'learning_rate': 0.0006359552669290508, 'batch_size': 95, 'step_size': 9, 'gamma': 0.8669178488231446}. Best is trial 16 with value: 0.0008656097629705897.[0m
[32m[I 2025-01-19 16:59:42,387][0m Trial 44 finished with value: 0.004020631036003399 and parameters: {'observation_period_num': 113, 'train_rates': 0.835380072476484, 'learning_rate': 0.00018577627969099223, 'batch_size': 246, 'step_size': 11, 'gamma': 0.7975972802500768}. Best is trial 16 with value: 0.0008656097629705897.[0m
[32m[I 2025-01-19 17:01:19,676][0m Trial 45 finished with value: 0.0009908376166343012 and parameters: {'observation_period_num': 169, 'train_rates': 0.8940556106508671, 'learning_rate': 0.00030788039721500136, 'batch_size': 54, 'step_size': 8, 'gamma': 0.8205814408063655}. Best is trial 16 with value: 0.0008656097629705897.[0m
[32m[I 2025-01-19 17:02:26,913][0m Trial 46 finished with value: 0.002500018810077972 and parameters: {'observation_period_num': 92, 'train_rates': 0.8485933471192793, 'learning_rate': 0.00022193777989241848, 'batch_size': 77, 'step_size': 10, 'gamma': 0.7838386352066046}. Best is trial 16 with value: 0.0008656097629705897.[0m
[32m[I 2025-01-19 17:04:18,408][0m Trial 47 finished with value: 0.0008813029916437658 and parameters: {'observation_period_num': 128, 'train_rates': 0.7865137797561516, 'learning_rate': 0.0009785146318210603, 'batch_size': 43, 'step_size': 5, 'gamma': 0.858802176117391}. Best is trial 16 with value: 0.0008656097629705897.[0m
[32m[I 2025-01-19 17:07:27,676][0m Trial 48 finished with value: 0.000928751119249109 and parameters: {'observation_period_num': 154, 'train_rates': 0.7887942740970582, 'learning_rate': 0.0004376636865350182, 'batch_size': 25, 'step_size': 4, 'gamma': 0.879634049244291}. Best is trial 16 with value: 0.0008656097629705897.[0m
[32m[I 2025-01-19 17:10:12,678][0m Trial 49 finished with value: 0.0032653559213124063 and parameters: {'observation_period_num': 197, 'train_rates': 0.7350496085133614, 'learning_rate': 0.00042830702941241587, 'batch_size': 27, 'step_size': 4, 'gamma': 0.9498244193434009}. Best is trial 16 with value: 0.0008656097629705897.[0m
[32m[I 2025-01-19 17:10:12,685][0m A new study created in memory with name: no-name-8c38ac3e-8ab4-4550-a122-ed784837dabc[0m
[32m[I 2025-01-19 17:13:27,757][0m Trial 0 finished with value: 0.27902029560604674 and parameters: {'observation_period_num': 153, 'train_rates': 0.8603996650754904, 'learning_rate': 0.0008964032847616533, 'batch_size': 26, 'step_size': 10, 'gamma': 0.7773239030379437}. Best is trial 0 with value: 0.27902029560604674.[0m
[32m[I 2025-01-19 17:15:30,125][0m Trial 1 finished with value: 0.009264268291493257 and parameters: {'observation_period_num': 38, 'train_rates': 0.7751284563803702, 'learning_rate': 2.9337146469649896e-05, 'batch_size': 40, 'step_size': 5, 'gamma': 0.9034236063994624}. Best is trial 1 with value: 0.009264268291493257.[0m
[32m[I 2025-01-19 17:15:59,718][0m Trial 2 finished with value: 0.04344682498109522 and parameters: {'observation_period_num': 154, 'train_rates': 0.7430693911893056, 'learning_rate': 5.608804870906157e-06, 'batch_size': 161, 'step_size': 15, 'gamma': 0.8422941317878972}. Best is trial 1 with value: 0.009264268291493257.[0m
[32m[I 2025-01-19 17:16:27,207][0m Trial 3 finished with value: 0.0037499751986926374 and parameters: {'observation_period_num': 95, 'train_rates': 0.7233060902034559, 'learning_rate': 0.00042217468878616454, 'batch_size': 174, 'step_size': 11, 'gamma': 0.9413242266574704}. Best is trial 3 with value: 0.0037499751986926374.[0m
[32m[I 2025-01-19 17:17:39,535][0m Trial 4 finished with value: 0.05424072130255082 and parameters: {'observation_period_num': 65, 'train_rates': 0.831070516798424, 'learning_rate': 2.7960213285580302e-06, 'batch_size': 71, 'step_size': 10, 'gamma': 0.762341656155184}. Best is trial 3 with value: 0.0037499751986926374.[0m
[32m[I 2025-01-19 17:18:31,393][0m Trial 5 finished with value: 0.01010969840624411 and parameters: {'observation_period_num': 126, 'train_rates': 0.690550461715527, 'learning_rate': 8.615631845422337e-05, 'batch_size': 88, 'step_size': 15, 'gamma': 0.9311778966381788}. Best is trial 3 with value: 0.0037499751986926374.[0m
[32m[I 2025-01-19 17:19:57,859][0m Trial 6 finished with value: 0.04627943798437599 and parameters: {'observation_period_num': 35, 'train_rates': 0.9121115729629459, 'learning_rate': 5.534058221442777e-06, 'batch_size': 65, 'step_size': 9, 'gamma': 0.7572155382026412}. Best is trial 3 with value: 0.0037499751986926374.[0m
[32m[I 2025-01-19 17:20:17,355][0m Trial 7 finished with value: 0.46759561007503425 and parameters: {'observation_period_num': 176, 'train_rates': 0.6343436992347895, 'learning_rate': 1.4313767097746096e-06, 'batch_size': 236, 'step_size': 1, 'gamma': 0.9837055322734745}. Best is trial 3 with value: 0.0037499751986926374.[0m
[32m[I 2025-01-19 17:21:04,039][0m Trial 8 finished with value: 0.1114738181233406 and parameters: {'observation_period_num': 62, 'train_rates': 0.7249076505020623, 'learning_rate': 1.517909666564505e-06, 'batch_size': 103, 'step_size': 14, 'gamma': 0.7677914304963838}. Best is trial 3 with value: 0.0037499751986926374.[0m
[32m[I 2025-01-19 17:23:20,677][0m Trial 9 finished with value: 0.010641067652293643 and parameters: {'observation_period_num': 216, 'train_rates': 0.7031611483559286, 'learning_rate': 6.82740336196875e-05, 'batch_size': 31, 'step_size': 1, 'gamma': 0.9843653315855603}. Best is trial 3 with value: 0.0037499751986926374.[0m
[32m[I 2025-01-19 17:23:52,190][0m Trial 10 finished with value: 0.002082470338791609 and parameters: {'observation_period_num': 100, 'train_rates': 0.9769510913042139, 'learning_rate': 0.0008087473804832661, 'batch_size': 192, 'step_size': 6, 'gamma': 0.8423524938048355}. Best is trial 10 with value: 0.002082470338791609.[0m
[32m[I 2025-01-19 17:24:23,774][0m Trial 11 finished with value: 0.003602568292990327 and parameters: {'observation_period_num': 101, 'train_rates': 0.983712445046425, 'learning_rate': 0.0009348433263946581, 'batch_size': 190, 'step_size': 6, 'gamma': 0.8395787959336821}. Best is trial 10 with value: 0.002082470338791609.[0m
[32m[I 2025-01-19 17:24:51,396][0m Trial 12 finished with value: 0.005177495535463095 and parameters: {'observation_period_num': 105, 'train_rates': 0.9668542797278623, 'learning_rate': 0.0002959149612248526, 'batch_size': 220, 'step_size': 6, 'gamma': 0.8331329778492903}. Best is trial 10 with value: 0.002082470338791609.[0m
[32m[I 2025-01-19 17:25:23,143][0m Trial 13 finished with value: 0.0035566813312470913 and parameters: {'observation_period_num': 88, 'train_rates': 0.9855351379194811, 'learning_rate': 0.0009627904624012546, 'batch_size': 193, 'step_size': 5, 'gamma': 0.8257209604383816}. Best is trial 10 with value: 0.002082470338791609.[0m
[32m[I 2025-01-19 17:26:07,550][0m Trial 14 finished with value: 0.006911020195008534 and parameters: {'observation_period_num': 16, 'train_rates': 0.9083606599761203, 'learning_rate': 0.00020016082075320786, 'batch_size': 130, 'step_size': 4, 'gamma': 0.8075210093179033}. Best is trial 10 with value: 0.002082470338791609.[0m
[32m[I 2025-01-19 17:26:35,148][0m Trial 15 finished with value: 0.009120394830453269 and parameters: {'observation_period_num': 76, 'train_rates': 0.9190878354880574, 'learning_rate': 0.00012226000904470922, 'batch_size': 212, 'step_size': 3, 'gamma': 0.882170998878826}. Best is trial 10 with value: 0.002082470338791609.[0m
[32m[I 2025-01-19 17:26:58,631][0m Trial 16 finished with value: 0.041956815868616104 and parameters: {'observation_period_num': 237, 'train_rates': 0.9893594668956849, 'learning_rate': 2.5404836625131975e-05, 'batch_size': 255, 'step_size': 7, 'gamma': 0.8082429233616027}. Best is trial 10 with value: 0.002082470338791609.[0m
[32m[I 2025-01-19 17:27:37,041][0m Trial 17 finished with value: 0.004993388487202166 and parameters: {'observation_period_num': 127, 'train_rates': 0.8586406688066459, 'learning_rate': 0.0004992223478136912, 'batch_size': 140, 'step_size': 3, 'gamma': 0.878720522857766}. Best is trial 10 with value: 0.002082470338791609.[0m
[32m[I 2025-01-19 17:28:06,982][0m Trial 18 finished with value: 0.03239639103412628 and parameters: {'observation_period_num': 172, 'train_rates': 0.9418709932041885, 'learning_rate': 1.2698764297407052e-05, 'batch_size': 193, 'step_size': 8, 'gamma': 0.8035591910771338}. Best is trial 10 with value: 0.002082470338791609.[0m
[32m[I 2025-01-19 17:28:45,562][0m Trial 19 finished with value: 0.008394796326356983 and parameters: {'observation_period_num': 79, 'train_rates': 0.8712894922639387, 'learning_rate': 0.00017071515868384663, 'batch_size': 141, 'step_size': 3, 'gamma': 0.8569525151234623}. Best is trial 10 with value: 0.002082470338791609.[0m
[32m[I 2025-01-19 17:29:18,308][0m Trial 20 finished with value: 0.010040048654351768 and parameters: {'observation_period_num': 49, 'train_rates': 0.801623408456713, 'learning_rate': 5.7008433623779286e-05, 'batch_size': 165, 'step_size': 7, 'gamma': 0.9046072767579356}. Best is trial 10 with value: 0.002082470338791609.[0m
[32m[I 2025-01-19 17:29:49,822][0m Trial 21 finished with value: 0.005469077732414007 and parameters: {'observation_period_num': 104, 'train_rates': 0.9849456274943279, 'learning_rate': 0.000862668344986205, 'batch_size': 189, 'step_size': 5, 'gamma': 0.8302362519684428}. Best is trial 10 with value: 0.002082470338791609.[0m
[32m[I 2025-01-19 17:30:19,282][0m Trial 22 finished with value: 0.003475094912573695 and parameters: {'observation_period_num': 93, 'train_rates': 0.9484127317798966, 'learning_rate': 0.0009155258618591002, 'batch_size': 204, 'step_size': 6, 'gamma': 0.85372388009732}. Best is trial 10 with value: 0.002082470338791609.[0m
[32m[I 2025-01-19 17:30:48,781][0m Trial 23 finished with value: 0.006110935937613249 and parameters: {'observation_period_num': 9, 'train_rates': 0.9507857844923762, 'learning_rate': 0.00042673540440833784, 'batch_size': 215, 'step_size': 8, 'gamma': 0.8610477618619438}. Best is trial 10 with value: 0.002082470338791609.[0m
[32m[I 2025-01-19 17:31:12,562][0m Trial 24 finished with value: 0.008352076634764671 and parameters: {'observation_period_num': 123, 'train_rates': 0.945457105942542, 'learning_rate': 0.0005325150117966893, 'batch_size': 255, 'step_size': 5, 'gamma': 0.7864107582941742}. Best is trial 10 with value: 0.002082470338791609.[0m
[32m[I 2025-01-19 17:31:38,286][0m Trial 25 finished with value: 0.005989076430274612 and parameters: {'observation_period_num': 83, 'train_rates': 0.8912727832832397, 'learning_rate': 0.00024570829490213014, 'batch_size': 230, 'step_size': 7, 'gamma': 0.8224868317254774}. Best is trial 10 with value: 0.002082470338791609.[0m
[32m[I 2025-01-19 17:32:05,750][0m Trial 26 finished with value: 0.004450719803571701 and parameters: {'observation_period_num': 146, 'train_rates': 0.9309850099664045, 'learning_rate': 0.0006048256977223877, 'batch_size': 203, 'step_size': 12, 'gamma': 0.8988448962245809}. Best is trial 10 with value: 0.002082470338791609.[0m
[32m[I 2025-01-19 17:32:38,750][0m Trial 27 finished with value: 0.0063454811461269855 and parameters: {'observation_period_num': 112, 'train_rates': 0.9596310725950709, 'learning_rate': 0.00028994048656006544, 'batch_size': 175, 'step_size': 4, 'gamma': 0.8543449649779291}. Best is trial 10 with value: 0.002082470338791609.[0m
[32m[I 2025-01-19 17:33:23,435][0m Trial 28 finished with value: 0.010487545656520615 and parameters: {'observation_period_num': 188, 'train_rates': 0.885798424843234, 'learning_rate': 0.000995039664843824, 'batch_size': 118, 'step_size': 2, 'gamma': 0.8747174019692603}. Best is trial 10 with value: 0.002082470338791609.[0m
[32m[I 2025-01-19 17:33:47,496][0m Trial 29 finished with value: 0.0067072945737069655 and parameters: {'observation_period_num': 145, 'train_rates': 0.8575097499911715, 'learning_rate': 0.00014843461418300946, 'batch_size': 234, 'step_size': 9, 'gamma': 0.7844615665401168}. Best is trial 10 with value: 0.002082470338791609.[0m
[32m[I 2025-01-19 17:34:22,278][0m Trial 30 finished with value: 0.004188850403343346 and parameters: {'observation_period_num': 88, 'train_rates': 0.8232533886316945, 'learning_rate': 0.0006896915015292649, 'batch_size': 155, 'step_size': 6, 'gamma': 0.8122436682653639}. Best is trial 10 with value: 0.002082470338791609.[0m
[32m[I 2025-01-19 17:34:55,840][0m Trial 31 finished with value: 0.004111211281269789 and parameters: {'observation_period_num': 108, 'train_rates': 0.9899571075523635, 'learning_rate': 0.0008787352903413589, 'batch_size': 186, 'step_size': 6, 'gamma': 0.8438677556353043}. Best is trial 10 with value: 0.002082470338791609.[0m
[32m[I 2025-01-19 17:35:27,380][0m Trial 32 finished with value: 0.005949770100414753 and parameters: {'observation_period_num': 63, 'train_rates': 0.9684623664552475, 'learning_rate': 0.00034568426750076976, 'batch_size': 199, 'step_size': 4, 'gamma': 0.824950858177351}. Best is trial 10 with value: 0.002082470338791609.[0m
[32m[I 2025-01-19 17:36:02,983][0m Trial 33 finished with value: 0.0046366252936422825 and parameters: {'observation_period_num': 40, 'train_rates': 0.9667922859922181, 'learning_rate': 0.000956430971182139, 'batch_size': 172, 'step_size': 5, 'gamma': 0.8416965950016022}. Best is trial 10 with value: 0.002082470338791609.[0m
[32m[I 2025-01-19 17:36:40,585][0m Trial 34 finished with value: 0.005632595914671672 and parameters: {'observation_period_num': 93, 'train_rates': 0.9292178188089049, 'learning_rate': 0.0005380922215922728, 'batch_size': 155, 'step_size': 6, 'gamma': 0.79199399062735}. Best is trial 10 with value: 0.002082470338791609.[0m
[32m[I 2025-01-19 17:37:07,361][0m Trial 35 finished with value: 0.0029977539386260047 and parameters: {'observation_period_num': 138, 'train_rates': 0.7681396298391124, 'learning_rate': 0.0004040965298271038, 'batch_size': 182, 'step_size': 8, 'gamma': 0.8917148753313006}. Best is trial 10 with value: 0.002082470338791609.[0m
[32m[I 2025-01-19 17:37:32,182][0m Trial 36 finished with value: 0.0037424763109307614 and parameters: {'observation_period_num': 148, 'train_rates': 0.7736836437956242, 'learning_rate': 0.00037439761390218793, 'batch_size': 206, 'step_size': 9, 'gamma': 0.8985062564587091}. Best is trial 10 with value: 0.002082470338791609.[0m
[32m[I 2025-01-19 17:38:00,675][0m Trial 37 finished with value: 0.0033092399939849246 and parameters: {'observation_period_num': 134, 'train_rates': 0.7977170462243971, 'learning_rate': 0.0006447260222325481, 'batch_size': 181, 'step_size': 11, 'gamma': 0.8894831053101638}. Best is trial 10 with value: 0.002082470338791609.[0m
[32m[I 2025-01-19 17:38:26,127][0m Trial 38 finished with value: 0.010020335854138605 and parameters: {'observation_period_num': 161, 'train_rates': 0.6670520037623359, 'learning_rate': 4.340582985721111e-05, 'batch_size': 179, 'step_size': 11, 'gamma': 0.9468523580655294}. Best is trial 10 with value: 0.002082470338791609.[0m
[32m[I 2025-01-19 17:38:57,530][0m Trial 39 finished with value: 0.004459607838173029 and parameters: {'observation_period_num': 136, 'train_rates': 0.7367399024316038, 'learning_rate': 0.00012796836391645028, 'batch_size': 151, 'step_size': 13, 'gamma': 0.9192867948043363}. Best is trial 10 with value: 0.002082470338791609.[0m
[32m[I 2025-01-19 17:39:35,443][0m Trial 40 finished with value: 0.014432850939438755 and parameters: {'observation_period_num': 199, 'train_rates': 0.7600449456526034, 'learning_rate': 1.6974906902099486e-05, 'batch_size': 124, 'step_size': 10, 'gamma': 0.9171227271781172}. Best is trial 10 with value: 0.002082470338791609.[0m
[32m[I 2025-01-19 17:40:00,059][0m Trial 41 finished with value: 0.004587501619310899 and parameters: {'observation_period_num': 124, 'train_rates': 0.8166274551540716, 'learning_rate': 0.000663384188987842, 'batch_size': 221, 'step_size': 8, 'gamma': 0.8845934209134275}. Best is trial 10 with value: 0.002082470338791609.[0m
[32m[I 2025-01-19 17:40:24,650][0m Trial 42 finished with value: 0.004790070808909974 and parameters: {'observation_period_num': 114, 'train_rates': 0.6118963290595181, 'learning_rate': 0.0004021700991567736, 'batch_size': 183, 'step_size': 11, 'gamma': 0.8703041472703885}. Best is trial 10 with value: 0.002082470338791609.[0m
[32m[I 2025-01-19 17:40:51,269][0m Trial 43 finished with value: 0.003858024536097742 and parameters: {'observation_period_num': 163, 'train_rates': 0.7947689477431081, 'learning_rate': 0.00022593458446618585, 'batch_size': 200, 'step_size': 7, 'gamma': 0.891832960371035}. Best is trial 10 with value: 0.002082470338791609.[0m
[32m[I 2025-01-19 17:41:18,920][0m Trial 44 finished with value: 0.004097121660259433 and parameters: {'observation_period_num': 138, 'train_rates': 0.6841876525543181, 'learning_rate': 0.0006949750572478614, 'batch_size': 166, 'step_size': 9, 'gamma': 0.8532699255476648}. Best is trial 10 with value: 0.002082470338791609.[0m
[32m[I 2025-01-19 17:41:41,377][0m Trial 45 finished with value: 0.0054517058726617305 and parameters: {'observation_period_num': 75, 'train_rates': 0.7690818189235992, 'learning_rate': 9.697693828110136e-05, 'batch_size': 227, 'step_size': 8, 'gamma': 0.9505783478010932}. Best is trial 10 with value: 0.002082470338791609.[0m
