[32m[I 2025-01-19 13:29:55,872][0m A new study created in memory with name: no-name-5bc0d5c9-febd-4faa-9ed5-36603a2ce5fe[0m
[32m[I 2025-01-19 13:30:23,639][0m Trial 0 finished with value: 0.1415250194535408 and parameters: {'observation_period_num': 96, 'train_rates': 0.9238124888633926, 'learning_rate': 4.886261221922098e-05, 'batch_size': 218, 'step_size': 3, 'gamma': 0.7757057878817942}. Best is trial 0 with value: 0.1415250194535408.[0m
[32m[I 2025-01-19 13:31:41,181][0m Trial 1 finished with value: 2.478718526287166 and parameters: {'observation_period_num': 112, 'train_rates': 0.6936797047548489, 'learning_rate': 0.0008980103725463675, 'batch_size': 58, 'step_size': 10, 'gamma': 0.9845996288145675}. Best is trial 0 with value: 0.1415250194535408.[0m
[32m[I 2025-01-19 13:32:02,636][0m Trial 2 finished with value: 0.20004659112261577 and parameters: {'observation_period_num': 101, 'train_rates': 0.6401477009381848, 'learning_rate': 0.0006878381602950454, 'batch_size': 209, 'step_size': 15, 'gamma': 0.9399406702506142}. Best is trial 0 with value: 0.1415250194535408.[0m
[32m[I 2025-01-19 13:32:31,231][0m Trial 3 finished with value: 0.2349688266082687 and parameters: {'observation_period_num': 53, 'train_rates': 0.6077174207181415, 'learning_rate': 0.00013324956638933715, 'batch_size': 159, 'step_size': 12, 'gamma': 0.9865905396738619}. Best is trial 0 with value: 0.1415250194535408.[0m
[32m[I 2025-01-19 13:32:54,810][0m Trial 4 finished with value: 0.0708090258160914 and parameters: {'observation_period_num': 243, 'train_rates': 0.907156893691246, 'learning_rate': 0.0001042147960314616, 'batch_size': 245, 'step_size': 5, 'gamma': 0.8485940085163933}. Best is trial 4 with value: 0.0708090258160914.[0m
[32m[I 2025-01-19 13:33:22,036][0m Trial 5 finished with value: 0.12369541823863983 and parameters: {'observation_period_num': 180, 'train_rates': 0.9829462331326109, 'learning_rate': 1.2482593931377582e-05, 'batch_size': 226, 'step_size': 13, 'gamma': 0.7564316473049333}. Best is trial 4 with value: 0.0708090258160914.[0m
[32m[I 2025-01-19 13:34:13,184][0m Trial 6 finished with value: 0.15547168461499655 and parameters: {'observation_period_num': 137, 'train_rates': 0.6970235000900156, 'learning_rate': 6.208118510830219e-05, 'batch_size': 86, 'step_size': 5, 'gamma': 0.9351117459038233}. Best is trial 4 with value: 0.0708090258160914.[0m
[32m[I 2025-01-19 13:34:49,916][0m Trial 7 finished with value: 0.17115148901939392 and parameters: {'observation_period_num': 81, 'train_rates': 0.9601288931131564, 'learning_rate': 5.322530517423624e-06, 'batch_size': 155, 'step_size': 4, 'gamma': 0.9186279460757282}. Best is trial 4 with value: 0.0708090258160914.[0m
[32m[I 2025-01-19 13:35:15,668][0m Trial 8 finished with value: 0.354209950510061 and parameters: {'observation_period_num': 118, 'train_rates': 0.628665589947498, 'learning_rate': 6.27444198837776e-06, 'batch_size': 178, 'step_size': 10, 'gamma': 0.9499328700836446}. Best is trial 4 with value: 0.0708090258160914.[0m
[32m[I 2025-01-19 13:35:55,574][0m Trial 9 finished with value: 0.1463217238585154 and parameters: {'observation_period_num': 181, 'train_rates': 0.7981006385671041, 'learning_rate': 0.00011243302069504099, 'batch_size': 88, 'step_size': 1, 'gamma': 0.7974206937685557}. Best is trial 4 with value: 0.0708090258160914.[0m
[32m[I 2025-01-19 13:36:17,220][0m Trial 10 finished with value: 0.4222016756599014 and parameters: {'observation_period_num': 251, 'train_rates': 0.8641402389024748, 'learning_rate': 1.1050884340225397e-06, 'batch_size': 251, 'step_size': 7, 'gamma': 0.8414599504775254}. Best is trial 4 with value: 0.0708090258160914.[0m
[32m[I 2025-01-19 13:36:40,484][0m Trial 11 finished with value: 0.12003371864557266 and parameters: {'observation_period_num': 236, 'train_rates': 0.9774414499632014, 'learning_rate': 1.4206720853750009e-05, 'batch_size': 253, 'step_size': 15, 'gamma': 0.8513369397904247}. Best is trial 4 with value: 0.0708090258160914.[0m
[32m[I 2025-01-19 13:37:01,979][0m Trial 12 finished with value: 0.110519585227538 and parameters: {'observation_period_num': 245, 'train_rates': 0.8775853633998293, 'learning_rate': 1.9157761912255658e-05, 'batch_size': 256, 'step_size': 7, 'gamma': 0.863161724391494}. Best is trial 4 with value: 0.0708090258160914.[0m
[32m[I 2025-01-19 13:37:48,680][0m Trial 13 finished with value: 0.14757736397711613 and parameters: {'observation_period_num': 206, 'train_rates': 0.8693898940479088, 'learning_rate': 0.0002802871677759595, 'batch_size': 112, 'step_size': 7, 'gamma': 0.8866142700117821}. Best is trial 4 with value: 0.0708090258160914.[0m
[32m[I 2025-01-19 13:38:19,097][0m Trial 14 finished with value: 0.056914033644860335 and parameters: {'observation_period_num': 7, 'train_rates': 0.8638687587823223, 'learning_rate': 2.2178417583520436e-05, 'batch_size': 184, 'step_size': 5, 'gamma': 0.8345853971449712}. Best is trial 14 with value: 0.056914033644860335.[0m
[32m[I 2025-01-19 13:38:47,495][0m Trial 15 finished with value: 0.06986912570946419 and parameters: {'observation_period_num': 12, 'train_rates': 0.8088740627579721, 'learning_rate': 0.00023499694323965314, 'batch_size': 190, 'step_size': 5, 'gamma': 0.8169580342857491}. Best is trial 14 with value: 0.056914033644860335.[0m
[32m[I 2025-01-19 13:39:04,829][0m Trial 16 finished with value: 0.21236781939414043 and parameters: {'observation_period_num': 15, 'train_rates': 0.7873938811851325, 'learning_rate': 0.00020786333245272914, 'batch_size': 188, 'step_size': 1, 'gamma': 0.8058082749050187}. Best is trial 14 with value: 0.056914033644860335.[0m
[32m[I 2025-01-19 13:43:04,022][0m Trial 17 finished with value: 0.027342187198008783 and parameters: {'observation_period_num': 7, 'train_rates': 0.8004592835972067, 'learning_rate': 0.0003448098405700097, 'batch_size': 21, 'step_size': 9, 'gamma': 0.8103260322116792}. Best is trial 17 with value: 0.027342187198008783.[0m
[32m[I 2025-01-19 13:45:07,022][0m Trial 18 finished with value: 0.29186335083542636 and parameters: {'observation_period_num': 46, 'train_rates': 0.7484854789706554, 'learning_rate': 1.5725943051284155e-06, 'batch_size': 39, 'step_size': 9, 'gamma': 0.8903802772224217}. Best is trial 17 with value: 0.027342187198008783.[0m
[32m[I 2025-01-19 13:49:23,458][0m Trial 19 finished with value: 0.0026137736791555497 and parameters: {'observation_period_num': 42, 'train_rates': 0.83957383735512, 'learning_rate': 2.993002133754348e-05, 'batch_size': 20, 'step_size': 12, 'gamma': 0.8253725990162423}. Best is trial 19 with value: 0.0026137736791555497.[0m
[32m[I 2025-01-19 13:54:12,778][0m Trial 20 finished with value: 0.37946635896040076 and parameters: {'observation_period_num': 45, 'train_rates': 0.7476863926877917, 'learning_rate': 0.0003918802136546507, 'batch_size': 16, 'step_size': 13, 'gamma': 0.7835224975040953}. Best is trial 19 with value: 0.0026137736791555497.[0m
[32m[I 2025-01-19 13:59:00,188][0m Trial 21 finished with value: 0.0034354840965761468 and parameters: {'observation_period_num': 10, 'train_rates': 0.8380884324609567, 'learning_rate': 2.766055793659031e-05, 'batch_size': 18, 'step_size': 11, 'gamma': 0.8222633766499279}. Best is trial 19 with value: 0.0026137736791555497.[0m
[32m[I 2025-01-19 14:03:30,327][0m Trial 22 finished with value: 0.003194619591535619 and parameters: {'observation_period_num': 31, 'train_rates': 0.8304276088056933, 'learning_rate': 4.07352902383615e-05, 'batch_size': 19, 'step_size': 11, 'gamma': 0.8231703807237709}. Best is trial 19 with value: 0.0026137736791555497.[0m
[32m[I 2025-01-19 14:05:05,843][0m Trial 23 finished with value: 0.019382472908361686 and parameters: {'observation_period_num': 70, 'train_rates': 0.8404172764826214, 'learning_rate': 3.815044375074965e-05, 'batch_size': 54, 'step_size': 12, 'gamma': 0.8862494760998438}. Best is trial 19 with value: 0.0026137736791555497.[0m
[32m[I 2025-01-19 14:07:13,246][0m Trial 24 finished with value: 0.12190756817935239 and parameters: {'observation_period_num': 33, 'train_rates': 0.8288170485821514, 'learning_rate': 7.2541173505980436e-06, 'batch_size': 40, 'step_size': 11, 'gamma': 0.826026521224764}. Best is trial 19 with value: 0.0026137736791555497.[0m
[32m[I 2025-01-19 14:08:15,828][0m Trial 25 finished with value: 0.09257644936442375 and parameters: {'observation_period_num': 32, 'train_rates': 0.7651871274773605, 'learning_rate': 2.9657585288304e-05, 'batch_size': 78, 'step_size': 14, 'gamma': 0.7844468939911763}. Best is trial 19 with value: 0.0026137736791555497.[0m
[32m[I 2025-01-19 14:10:51,488][0m Trial 26 finished with value: 0.0009196474903592919 and parameters: {'observation_period_num': 69, 'train_rates': 0.9115681251833567, 'learning_rate': 5.6039460011789365e-05, 'batch_size': 35, 'step_size': 11, 'gamma': 0.7556630882477732}. Best is trial 26 with value: 0.0009196474903592919.[0m
[32m[I 2025-01-19 14:11:41,173][0m Trial 27 finished with value: 0.02525277023787721 and parameters: {'observation_period_num': 66, 'train_rates': 0.918989700038377, 'learning_rate': 7.623485645005399e-05, 'batch_size': 114, 'step_size': 13, 'gamma': 0.7537099492170675}. Best is trial 26 with value: 0.0009196474903592919.[0m
[32m[I 2025-01-19 14:13:06,554][0m Trial 28 finished with value: 0.16336964618885655 and parameters: {'observation_period_num': 138, 'train_rates': 0.9389006119995656, 'learning_rate': 3.0348348866806145e-06, 'batch_size': 64, 'step_size': 11, 'gamma': 0.7707237305868918}. Best is trial 26 with value: 0.0009196474903592919.[0m
[32m[I 2025-01-19 14:15:28,388][0m Trial 29 finished with value: 0.0017585777514135745 and parameters: {'observation_period_num': 77, 'train_rates': 0.8992665836505488, 'learning_rate': 5.237648149798321e-05, 'batch_size': 38, 'step_size': 9, 'gamma': 0.7945167603900178}. Best is trial 26 with value: 0.0009196474903592919.[0m
[32m[I 2025-01-19 14:17:42,447][0m Trial 30 finished with value: 0.004383528024621614 and parameters: {'observation_period_num': 88, 'train_rates': 0.8989915515960066, 'learning_rate': 6.240292655089919e-05, 'batch_size': 40, 'step_size': 8, 'gamma': 0.7698826538024184}. Best is trial 26 with value: 0.0009196474903592919.[0m
[32m[I 2025-01-19 14:20:25,750][0m Trial 31 finished with value: 0.0010070174742357794 and parameters: {'observation_period_num': 66, 'train_rates': 0.9419178342338427, 'learning_rate': 4.286647216942826e-05, 'batch_size': 34, 'step_size': 9, 'gamma': 0.7913735195104342}. Best is trial 26 with value: 0.0009196474903592919.[0m
[32m[I 2025-01-19 14:21:47,501][0m Trial 32 finished with value: 0.01822253506116826 and parameters: {'observation_period_num': 66, 'train_rates': 0.9404258474282983, 'learning_rate': 5.0216565955479416e-05, 'batch_size': 69, 'step_size': 9, 'gamma': 0.7899876575502465}. Best is trial 26 with value: 0.0009196474903592919.[0m
[32m[I 2025-01-19 14:23:34,710][0m Trial 33 finished with value: 0.07688620022886636 and parameters: {'observation_period_num': 99, 'train_rates': 0.8948125036404816, 'learning_rate': 1.3432015987156216e-05, 'batch_size': 50, 'step_size': 10, 'gamma': 0.7635168228389236}. Best is trial 26 with value: 0.0009196474903592919.[0m
[32m[I 2025-01-19 14:26:23,223][0m Trial 34 finished with value: 0.00018468615515691424 and parameters: {'observation_period_num': 78, 'train_rates': 0.9386148877106271, 'learning_rate': 0.0001642824318885143, 'batch_size': 33, 'step_size': 8, 'gamma': 0.7974833550993059}. Best is trial 34 with value: 0.00018468615515691424.[0m
[32m[I 2025-01-19 14:29:11,206][0m Trial 35 finished with value: 0.0009642475534928963 and parameters: {'observation_period_num': 112, 'train_rates': 0.9477707015595287, 'learning_rate': 0.00016683143239788973, 'batch_size': 33, 'step_size': 8, 'gamma': 0.7957037424721565}. Best is trial 34 with value: 0.00018468615515691424.[0m
[32m[I 2025-01-19 14:30:02,474][0m Trial 36 finished with value: 0.005758224172423855 and parameters: {'observation_period_num': 119, 'train_rates': 0.9514227042278116, 'learning_rate': 0.0005219182294879592, 'batch_size': 109, 'step_size': 8, 'gamma': 0.7513982835899615}. Best is trial 34 with value: 0.00018468615515691424.[0m
[32m[I 2025-01-19 14:31:00,959][0m Trial 37 finished with value: 0.02455165423452854 and parameters: {'observation_period_num': 151, 'train_rates': 0.9667502308409768, 'learning_rate': 0.00013694105384331006, 'batch_size': 96, 'step_size': 6, 'gamma': 0.774805881130792}. Best is trial 34 with value: 0.00018468615515691424.[0m
[32m[I 2025-01-19 14:32:23,938][0m Trial 38 finished with value: 0.001323251985013485 and parameters: {'observation_period_num': 105, 'train_rates': 0.9895861288059684, 'learning_rate': 0.00013471095827759548, 'batch_size': 70, 'step_size': 8, 'gamma': 0.7998663362694923}. Best is trial 34 with value: 0.00018468615515691424.[0m
[32m[I 2025-01-19 14:35:19,376][0m Trial 39 finished with value: 0.39395079666404365 and parameters: {'observation_period_num': 95, 'train_rates': 0.9266993251597582, 'learning_rate': 0.0008128637290539969, 'batch_size': 31, 'step_size': 6, 'gamma': 0.7608257483468983}. Best is trial 34 with value: 0.00018468615515691424.[0m
[32m[I 2025-01-19 14:36:03,382][0m Trial 40 finished with value: 0.030421616819997627 and parameters: {'observation_period_num': 58, 'train_rates': 0.9218396920081937, 'learning_rate': 7.736325193763789e-05, 'batch_size': 133, 'step_size': 10, 'gamma': 0.7863078938489929}. Best is trial 34 with value: 0.00018468615515691424.[0m
[32m[I 2025-01-19 14:37:54,376][0m Trial 41 finished with value: 0.0007295175455510616 and parameters: {'observation_period_num': 111, 'train_rates': 0.9884500352419555, 'learning_rate': 0.00016389531316101513, 'batch_size': 52, 'step_size': 8, 'gamma': 0.8029925165914377}. Best is trial 34 with value: 0.00018468615515691424.[0m
[32m[I 2025-01-19 14:39:45,775][0m Trial 42 finished with value: 0.0011187020131582094 and parameters: {'observation_period_num': 125, 'train_rates': 0.9566000013207332, 'learning_rate': 0.00014922693513509544, 'batch_size': 50, 'step_size': 7, 'gamma': 0.8084635880444643}. Best is trial 34 with value: 0.00018468615515691424.[0m
[32m[I 2025-01-19 14:42:52,201][0m Trial 43 finished with value: 0.00038746940990677106 and parameters: {'observation_period_num': 85, 'train_rates': 0.9654112685626804, 'learning_rate': 0.00017986477635875575, 'batch_size': 30, 'step_size': 6, 'gamma': 0.7797696626500157}. Best is trial 34 with value: 0.00018468615515691424.[0m
[32m[I 2025-01-19 14:44:30,599][0m Trial 44 finished with value: 0.002421246897653643 and parameters: {'observation_period_num': 108, 'train_rates': 0.9713421940888549, 'learning_rate': 0.0001885634884939885, 'batch_size': 57, 'step_size': 6, 'gamma': 0.7754668889647579}. Best is trial 34 with value: 0.00018468615515691424.[0m
[32m[I 2025-01-19 14:47:51,928][0m Trial 45 finished with value: 0.001504065290568991 and parameters: {'observation_period_num': 139, 'train_rates': 0.9836661586403588, 'learning_rate': 0.0005142351923567945, 'batch_size': 28, 'step_size': 3, 'gamma': 0.7634028071779347}. Best is trial 34 with value: 0.00018468615515691424.[0m
[32m[I 2025-01-19 14:49:24,095][0m Trial 46 finished with value: 0.1132247736758512 and parameters: {'observation_period_num': 84, 'train_rates': 0.6813843416161511, 'learning_rate': 9.165414172808402e-05, 'batch_size': 48, 'step_size': 4, 'gamma': 0.963524903448416}. Best is trial 34 with value: 0.00018468615515691424.[0m
[32m[I 2025-01-19 14:50:33,485][0m Trial 47 finished with value: 0.001178525930758819 and parameters: {'observation_period_num': 149, 'train_rates': 0.9636546651657975, 'learning_rate': 0.00017736012649872946, 'batch_size': 82, 'step_size': 7, 'gamma': 0.8563655262488012}. Best is trial 34 with value: 0.00018468615515691424.[0m
[32m[I 2025-01-19 14:52:02,298][0m Trial 48 finished with value: 0.003670723336642679 and parameters: {'observation_period_num': 113, 'train_rates': 0.9172052333267525, 'learning_rate': 0.0002632606792098527, 'batch_size': 61, 'step_size': 6, 'gamma': 0.7804229884631045}. Best is trial 34 with value: 0.00018468615515691424.[0m
[32m[I 2025-01-19 14:55:00,341][0m Trial 49 finished with value: 0.0025394140731805235 and parameters: {'observation_period_num': 168, 'train_rates': 0.8861245293064854, 'learning_rate': 0.00010086540463275218, 'batch_size': 29, 'step_size': 8, 'gamma': 0.8349484998207298}. Best is trial 34 with value: 0.00018468615515691424.[0m
[32m[I 2025-01-19 14:55:00,347][0m A new study created in memory with name: no-name-9196ccfb-ba94-4451-bbd2-f99b7df5b049[0m
[32m[I 2025-01-19 14:55:22,086][0m Trial 0 finished with value: 0.012110718619281301 and parameters: {'observation_period_num': 215, 'train_rates': 0.8334927945170029, 'learning_rate': 0.00047523085231370913, 'batch_size': 235, 'step_size': 11, 'gamma': 0.9532644632408713}. Best is trial 0 with value: 0.012110718619281301.[0m
[32m[I 2025-01-19 14:56:02,004][0m Trial 1 finished with value: 0.007206388072802701 and parameters: {'observation_period_num': 200, 'train_rates': 0.9356276403404428, 'learning_rate': 0.0008315002204423939, 'batch_size': 141, 'step_size': 12, 'gamma': 0.8444231651575423}. Best is trial 1 with value: 0.007206388072802701.[0m
[32m[I 2025-01-19 14:57:22,528][0m Trial 2 finished with value: 0.018635340496863325 and parameters: {'observation_period_num': 231, 'train_rates': 0.683782290865178, 'learning_rate': 0.0003799418798734449, 'batch_size': 52, 'step_size': 10, 'gamma': 0.8569569557773046}. Best is trial 1 with value: 0.007206388072802701.[0m
[32m[I 2025-01-19 14:58:49,999][0m Trial 3 finished with value: 0.003798636919687926 and parameters: {'observation_period_num': 47, 'train_rates': 0.7992680304017223, 'learning_rate': 0.00039727231576491015, 'batch_size': 57, 'step_size': 14, 'gamma': 0.921980971233884}. Best is trial 3 with value: 0.003798636919687926.[0m
[32m[I 2025-01-19 14:59:27,595][0m Trial 4 finished with value: 0.0761032100500805 and parameters: {'observation_period_num': 182, 'train_rates': 0.899821074449249, 'learning_rate': 9.299749375680204e-06, 'batch_size': 145, 'step_size': 15, 'gamma': 0.755556613808389}. Best is trial 3 with value: 0.003798636919687926.[0m
[32m[I 2025-01-19 14:59:51,512][0m Trial 5 finished with value: 0.07516796748587673 and parameters: {'observation_period_num': 112, 'train_rates': 0.8926130612760288, 'learning_rate': 0.0001320197453513428, 'batch_size': 241, 'step_size': 1, 'gamma': 0.9165737599133238}. Best is trial 3 with value: 0.003798636919687926.[0m
[32m[I 2025-01-19 15:04:54,279][0m Trial 6 finished with value: 0.0041381122081928755 and parameters: {'observation_period_num': 224, 'train_rates': 0.8402792643240784, 'learning_rate': 6.0952729516440267e-05, 'batch_size': 16, 'step_size': 8, 'gamma': 0.8455236915719868}. Best is trial 3 with value: 0.003798636919687926.[0m
[32m[I 2025-01-19 15:07:03,815][0m Trial 7 finished with value: 0.01803593506043639 and parameters: {'observation_period_num': 203, 'train_rates': 0.9072630142556524, 'learning_rate': 1.0916182882014325e-05, 'batch_size': 40, 'step_size': 11, 'gamma': 0.9669172261442471}. Best is trial 3 with value: 0.003798636919687926.[0m
[32m[I 2025-01-19 15:07:29,296][0m Trial 8 finished with value: 0.7775208746845071 and parameters: {'observation_period_num': 130, 'train_rates': 0.7136787840914959, 'learning_rate': 2.0025174178306897e-06, 'batch_size': 199, 'step_size': 4, 'gamma': 0.7705292189560794}. Best is trial 3 with value: 0.003798636919687926.[0m
[32m[I 2025-01-19 15:07:51,922][0m Trial 9 finished with value: 0.5179132472121102 and parameters: {'observation_period_num': 130, 'train_rates': 0.7607679968519883, 'learning_rate': 1.7178710564879549e-06, 'batch_size': 225, 'step_size': 5, 'gamma': 0.9190476194058105}. Best is trial 3 with value: 0.003798636919687926.[0m
[32m[I 2025-01-19 15:08:41,540][0m Trial 10 finished with value: 0.05540076773951769 and parameters: {'observation_period_num': 17, 'train_rates': 0.6083333617235271, 'learning_rate': 0.00012229190208411152, 'batch_size': 87, 'step_size': 15, 'gamma': 0.9035253977113372}. Best is trial 3 with value: 0.003798636919687926.[0m
[32m[I 2025-01-19 15:13:19,677][0m Trial 11 finished with value: 0.01781389867435555 and parameters: {'observation_period_num': 32, 'train_rates': 0.8120549144086405, 'learning_rate': 5.2358462250322786e-05, 'batch_size': 18, 'step_size': 7, 'gamma': 0.8369016623767045}. Best is trial 3 with value: 0.003798636919687926.[0m
[32m[I 2025-01-19 15:14:23,309][0m Trial 12 finished with value: 0.015586555040483879 and parameters: {'observation_period_num': 70, 'train_rates': 0.8412691648911598, 'learning_rate': 0.00015149266990458653, 'batch_size': 84, 'step_size': 7, 'gamma': 0.803582486514375}. Best is trial 3 with value: 0.003798636919687926.[0m
[32m[I 2025-01-19 15:15:26,142][0m Trial 13 finished with value: 0.042489698625164114 and parameters: {'observation_period_num': 72, 'train_rates': 0.7696068372074184, 'learning_rate': 2.980836046743528e-05, 'batch_size': 78, 'step_size': 9, 'gamma': 0.8887002483888556}. Best is trial 3 with value: 0.003798636919687926.[0m
[32m[I 2025-01-19 15:20:54,707][0m Trial 14 finished with value: 0.0014835409238003194 and parameters: {'observation_period_num': 163, 'train_rates': 0.9879510956023372, 'learning_rate': 3.511721443676943e-05, 'batch_size': 17, 'step_size': 13, 'gamma': 0.8180669245565279}. Best is trial 14 with value: 0.0014835409238003194.[0m
