[32m[I 2025-01-15 09:29:56,392][0m Trial 14 finished with value: 0.03186302480444444 and parameters: {'observation_period_num': 5, 'train_rates': 0.9234863361931086, 'learning_rate': 0.00010069730719432104, 'batch_size': 205, 'step_size': 7, 'gamma': 0.9577943269831464}. Best is trial 12 with value: 0.02455838194817876.[0m
[32m[I 2025-01-15 09:30:29,474][0m Trial 15 finished with value: 0.21206463050511148 and parameters: {'observation_period_num': 154, 'train_rates': 0.6787696142096995, 'learning_rate': 7.760349005615955e-06, 'batch_size': 134, 'step_size': 14, 'gamma': 0.8403202283110062}. Best is trial 12 with value: 0.02455838194817876.[0m
[32m[I 2025-01-15 09:30:52,417][0m Trial 16 finished with value: 0.16335803270339966 and parameters: {'observation_period_num': 73, 'train_rates': 0.9123917575326292, 'learning_rate': 0.0002491241345699376, 'batch_size': 254, 'step_size': 10, 'gamma': 0.8895214523349667}. Best is trial 12 with value: 0.02455838194817876.[0m
[32m[I 2025-01-15 09:31:36,987][0m Trial 17 finished with value: 0.02616896602587822 and parameters: {'observation_period_num': 8, 'train_rates': 0.6030383367202109, 'learning_rate': 4.9209147596663525e-05, 'batch_size': 96, 'step_size': 13, 'gamma': 0.941872639740986}. Best is trial 12 with value: 0.02455838194817876.[0m
[32m[I 2025-01-15 09:32:05,536][0m Trial 18 finished with value: 0.15633902944765002 and parameters: {'observation_period_num': 152, 'train_rates': 0.7353485600066354, 'learning_rate': 0.0009614272860515524, 'batch_size': 161, 'step_size': 8, 'gamma': 0.8704094735990315}. Best is trial 12 with value: 0.02455838194817876.[0m
[32m[I 2025-01-15 09:32:30,832][0m Trial 19 finished with value: 0.21903087460685533 and parameters: {'observation_period_num': 55, 'train_rates': 0.8806046151869944, 'learning_rate': 8.286746937331387e-06, 'batch_size': 216, 'step_size': 15, 'gamma': 0.8238537933076704}. Best is trial 12 with value: 0.02455838194817876.[0m
[32m[I 2025-01-15 09:33:03,197][0m Trial 20 finished with value: 0.27209338545799255 and parameters: {'observation_period_num': 88, 'train_rates': 0.9614295484693012, 'learning_rate': 0.00014072330767918604, 'batch_size': 174, 'step_size': 5, 'gamma': 0.8400016529215748}. Best is trial 12 with value: 0.02455838194817876.[0m
[32m[I 2025-01-15 09:33:49,190][0m Trial 21 finished with value: 0.024058344248797138 and parameters: {'observation_period_num': 7, 'train_rates': 0.6149767044777098, 'learning_rate': 4.3753818406409935e-05, 'batch_size': 94, 'step_size': 13, 'gamma': 0.9412491948808638}. Best is trial 21 with value: 0.024058344248797138.[0m
[32m[I 2025-01-15 09:34:38,147][0m Trial 22 finished with value: 0.02817742486998277 and parameters: {'observation_period_num': 8, 'train_rates': 0.6563582271084185, 'learning_rate': 5.049673914471082e-05, 'batch_size': 90, 'step_size': 13, 'gamma': 0.8899308255938022}. Best is trial 21 with value: 0.024058344248797138.[0m
[32m[I 2025-01-15 09:36:01,229][0m Trial 23 finished with value: 0.0742684559644319 and parameters: {'observation_period_num': 32, 'train_rates': 0.6313062683126835, 'learning_rate': 2.0099565764761864e-05, 'batch_size': 50, 'step_size': 12, 'gamma': 0.7542394691941783}. Best is trial 21 with value: 0.024058344248797138.[0m
[32m[I 2025-01-15 09:36:39,568][0m Trial 24 finished with value: 0.08490725956488769 and parameters: {'observation_period_num': 58, 'train_rates': 0.685779360774335, 'learning_rate': 6.172552014732558e-05, 'batch_size': 121, 'step_size': 14, 'gamma': 0.9308267585885185}. Best is trial 21 with value: 0.024058344248797138.[0m
[32m[I 2025-01-15 09:37:34,257][0m Trial 25 finished with value: 0.18856201224014818 and parameters: {'observation_period_num': 126, 'train_rates': 0.6303842517606859, 'learning_rate': 0.00018509968646221084, 'batch_size': 74, 'step_size': 11, 'gamma': 0.988761325991273}. Best is trial 21 with value: 0.024058344248797138.[0m
[32m[I 2025-01-15 09:38:26,267][0m Trial 26 finished with value: 0.028109812412873313 and parameters: {'observation_period_num': 20, 'train_rates': 0.7613728597840191, 'learning_rate': 0.00046584304456533473, 'batch_size': 95, 'step_size': 14, 'gamma': 0.8727492971464851}. Best is trial 21 with value: 0.024058344248797138.[0m
[32m[I 2025-01-15 09:40:00,653][0m Trial 27 finished with value: 0.04513653841687836 and parameters: {'observation_period_num': 44, 'train_rates': 0.7058786788392132, 'learning_rate': 2.9860611755040948e-05, 'batch_size': 47, 'step_size': 10, 'gamma': 0.9079640936869127}. Best is trial 21 with value: 0.024058344248797138.[0m
[32m[I 2025-01-15 09:44:13,288][0m Trial 28 finished with value: 0.02887239353061946 and parameters: {'observation_period_num': 21, 'train_rates': 0.8341191370527555, 'learning_rate': 1.4411684672403952e-05, 'batch_size': 20, 'step_size': 11, 'gamma': 0.8475970025162666}. Best is trial 21 with value: 0.024058344248797138.[0m
[32m[I 2025-01-15 09:45:20,647][0m Trial 29 finished with value: 0.17956376707108765 and parameters: {'observation_period_num': 50, 'train_rates': 0.8941915597795655, 'learning_rate': 2.131312182446625e-06, 'batch_size': 79, 'step_size': 15, 'gamma': 0.9451454772223071}. Best is trial 21 with value: 0.024058344248797138.[0m
[32m[I 2025-01-15 09:46:29,921][0m Trial 30 finished with value: 0.10528574157715513 and parameters: {'observation_period_num': 29, 'train_rates': 0.6349018396775971, 'learning_rate': 5.515372218618692e-06, 'batch_size': 61, 'step_size': 8, 'gamma': 0.9175817202444241}. Best is trial 21 with value: 0.024058344248797138.[0m
[32m[I 2025-01-15 09:47:14,803][0m Trial 31 finished with value: 0.03345649511022953 and parameters: {'observation_period_num': 5, 'train_rates': 0.6222189778205917, 'learning_rate': 7.013836474814138e-05, 'batch_size': 93, 'step_size': 13, 'gamma': 0.946815456128243}. Best is trial 21 with value: 0.024058344248797138.[0m
[32m[I 2025-01-15 09:47:54,041][0m Trial 32 finished with value: 0.02772375961526187 and parameters: {'observation_period_num': 17, 'train_rates': 0.6056945837326654, 'learning_rate': 3.943139009154849e-05, 'batch_size': 105, 'step_size': 13, 'gamma': 0.934657454787716}. Best is trial 21 with value: 0.024058344248797138.[0m
[32m[I 2025-01-15 09:49:48,555][0m Trial 33 finished with value: 0.03712033622718093 and parameters: {'observation_period_num': 32, 'train_rates': 0.6709879706941291, 'learning_rate': 0.0001354452196091728, 'batch_size': 38, 'step_size': 14, 'gamma': 0.9653261124136759}. Best is trial 21 with value: 0.024058344248797138.[0m
[32m[I 2025-01-15 09:50:22,943][0m Trial 34 finished with value: 0.02247798218746091 and parameters: {'observation_period_num': 6, 'train_rates': 0.6058660663173505, 'learning_rate': 5.404866258159903e-05, 'batch_size': 125, 'step_size': 15, 'gamma': 0.897805901244473}. Best is trial 34 with value: 0.02247798218746091.[0m
[32m[I 2025-01-15 09:50:57,510][0m Trial 35 finished with value: 0.11958612136121066 and parameters: {'observation_period_num': 68, 'train_rates': 0.7063210953787515, 'learning_rate': 3.121833398455378e-05, 'batch_size': 128, 'step_size': 15, 'gamma': 0.8969439890864283}. Best is trial 34 with value: 0.02247798218746091.[0m
[32m[I 2025-01-15 09:51:29,820][0m Trial 36 finished with value: 0.13188239884790698 and parameters: {'observation_period_num': 176, 'train_rates': 0.7619409993924464, 'learning_rate': 8.738022294460671e-05, 'batch_size': 149, 'step_size': 14, 'gamma': 0.9228511945517243}. Best is trial 34 with value: 0.02247798218746091.[0m
[32m[I 2025-01-15 09:52:04,035][0m Trial 37 finished with value: 0.20082842626069722 and parameters: {'observation_period_num': 247, 'train_rates': 0.8247172300295683, 'learning_rate': 0.0003015500144405332, 'batch_size': 144, 'step_size': 15, 'gamma': 0.8775499446945413}. Best is trial 34 with value: 0.02247798218746091.[0m
[32m[I 2025-01-15 09:54:16,395][0m Trial 38 finished with value: 0.055200354976229146 and parameters: {'observation_period_num': 41, 'train_rates': 0.6532974159027193, 'learning_rate': 1.6181034650784188e-05, 'batch_size': 32, 'step_size': 12, 'gamma': 0.819248327611994}. Best is trial 34 with value: 0.02247798218746091.[0m
[32m[I 2025-01-15 09:55:29,060][0m Trial 39 finished with value: 0.214567398930703 and parameters: {'observation_period_num': 88, 'train_rates': 0.7407690295856483, 'learning_rate': 0.0001564969918518118, 'batch_size': 63, 'step_size': 1, 'gamma': 0.8629009696721972}. Best is trial 34 with value: 0.02247798218746091.[0m
[32m[I 2025-01-15 09:55:53,508][0m Trial 40 finished with value: 0.04481005832569303 and parameters: {'observation_period_num': 17, 'train_rates': 0.6905077695775022, 'learning_rate': 3.868515180300044e-05, 'batch_size': 188, 'step_size': 9, 'gamma': 0.9804369584495509}. Best is trial 34 with value: 0.02247798218746091.[0m
[32m[I 2025-01-15 09:56:43,688][0m Trial 41 finished with value: 0.04518004274967572 and parameters: {'observation_period_num': 12, 'train_rates': 0.6093397735078181, 'learning_rate': 6.0802128746188784e-05, 'batch_size': 83, 'step_size': 13, 'gamma': 0.9468713654807519}. Best is trial 34 with value: 0.02247798218746091.[0m
[32m[I 2025-01-15 09:57:25,016][0m Trial 42 finished with value: 0.04659358050238194 and parameters: {'observation_period_num': 36, 'train_rates': 0.6020326272975361, 'learning_rate': 5.135302151935427e-05, 'batch_size': 101, 'step_size': 11, 'gamma': 0.9034714583613483}. Best is trial 34 with value: 0.02247798218746091.[0m
[32m[I 2025-01-15 09:58:01,486][0m Trial 43 finished with value: 0.02460933851336166 and parameters: {'observation_period_num': 6, 'train_rates': 0.6425221564629557, 'learning_rate': 2.2089766185621927e-05, 'batch_size': 122, 'step_size': 12, 'gamma': 0.9340008610126289}. Best is trial 34 with value: 0.02247798218746091.[0m
[32m[I 2025-01-15 09:58:37,566][0m Trial 44 finished with value: 0.03543592413361563 and parameters: {'observation_period_num': 25, 'train_rates': 0.6432644657687518, 'learning_rate': 2.762713066814134e-05, 'batch_size': 118, 'step_size': 14, 'gamma': 0.9198287019738539}. Best is trial 34 with value: 0.02247798218746091.[0m
[32m[I 2025-01-15 09:59:13,045][0m Trial 45 finished with value: 0.07788490166541014 and parameters: {'observation_period_num': 47, 'train_rates': 0.6638805396821732, 'learning_rate': 1.636846762899873e-05, 'batch_size': 128, 'step_size': 12, 'gamma': 0.9632173013043722}. Best is trial 34 with value: 0.02247798218746091.[0m
[32m[I 2025-01-15 09:59:39,946][0m Trial 46 finished with value: 0.059990171898495065 and parameters: {'observation_period_num': 5, 'train_rates': 0.6270778208759973, 'learning_rate': 1.0188339329455188e-05, 'batch_size': 168, 'step_size': 11, 'gamma': 0.7986777888314661}. Best is trial 34 with value: 0.02247798218746091.[0m
[32m[I 2025-01-15 10:00:14,769][0m Trial 47 finished with value: 0.03746009723785512 and parameters: {'observation_period_num': 29, 'train_rates': 0.85607379069287, 'learning_rate': 9.725552438380382e-05, 'batch_size': 155, 'step_size': 15, 'gamma': 0.8988064291536516}. Best is trial 34 with value: 0.02247798218746091.[0m
[32m[I 2025-01-15 10:00:50,542][0m Trial 48 finished with value: 0.19850298714206177 and parameters: {'observation_period_num': 109, 'train_rates': 0.8205767098169234, 'learning_rate': 2.2261067885975262e-05, 'batch_size': 139, 'step_size': 12, 'gamma': 0.8829234172829966}. Best is trial 34 with value: 0.02247798218746091.[0m
[32m[I 2025-01-15 10:01:33,138][0m Trial 49 finished with value: 0.1949692415119392 and parameters: {'observation_period_num': 199, 'train_rates': 0.7793005281022025, 'learning_rate': 0.0004328091069211114, 'batch_size': 110, 'step_size': 14, 'gamma': 0.8612494471642891}. Best is trial 34 with value: 0.02247798218746091.[0m
[205.09041]
[0.9820876]
[1.0221236]
[6.248881]
[1.5936842]
[8.151644]
/home2/y2021/k2110261/.conda/envs/tensorflow/lib/python3.11/site-packages/sklearn/metrics/_regression.py:1266: UndefinedMetricWarning: R^2 score is not well-defined with less than two samples.
  warnings.warn(msg, UndefinedMetricWarning)
MSE: 202.81078514666297
RMSE: 14.241165161132812
MAE: 14.241165161132812
R-squared: nan
[223.08884]
