[32m[I 2025-01-15 06:45:42,619][0m Trial 32 finished with value: 0.6016584634780884 and parameters: {'observation_period_num': 221, 'train_rates': 0.9642319929112357, 'learning_rate': 1.0863288836544949e-06, 'batch_size': 229, 'step_size': 4, 'gamma': 0.9739634831735229}. Best is trial 11 with value: 0.000978048425167799.[0m
[32m[I 2025-01-15 06:46:05,729][0m Trial 33 finished with value: 0.004252980463206768 and parameters: {'observation_period_num': 193, 'train_rates': 0.9216515797368577, 'learning_rate': 0.00034122958361249955, 'batch_size': 244, 'step_size': 2, 'gamma': 0.9448190534089687}. Best is trial 11 with value: 0.000978048425167799.[0m
[32m[I 2025-01-15 06:46:27,180][0m Trial 34 finished with value: 0.07978672713148124 and parameters: {'observation_period_num': 165, 'train_rates': 0.6000725544559571, 'learning_rate': 2.0149416723363987e-05, 'batch_size': 206, 'step_size': 7, 'gamma': 0.9166414947206999}. Best is trial 11 with value: 0.000978048425167799.[0m
[32m[I 2025-01-15 06:46:52,733][0m Trial 35 finished with value: 0.0018541254713654335 and parameters: {'observation_period_num': 132, 'train_rates': 0.883855822407653, 'learning_rate': 0.0006721558913542425, 'batch_size': 223, 'step_size': 8, 'gamma': 0.894207229371713}. Best is trial 11 with value: 0.000978048425167799.[0m
[32m[I 2025-01-15 06:47:21,771][0m Trial 36 finished with value: 0.0016321662408312228 and parameters: {'observation_period_num': 133, 'train_rates': 0.867892947930126, 'learning_rate': 0.0006270904699284243, 'batch_size': 178, 'step_size': 10, 'gamma': 0.8897268094296217}. Best is trial 11 with value: 0.000978048425167799.[0m
[32m[I 2025-01-15 06:47:50,928][0m Trial 37 finished with value: 0.00686278071128243 and parameters: {'observation_period_num': 131, 'train_rates': 0.8703064663659974, 'learning_rate': 0.0007163466895871078, 'batch_size': 177, 'step_size': 9, 'gamma': 0.8830772881878544}. Best is trial 11 with value: 0.000978048425167799.[0m
[32m[I 2025-01-15 06:48:30,691][0m Trial 38 finished with value: 0.021265569774537894 and parameters: {'observation_period_num': 108, 'train_rates': 0.8363887225192779, 'learning_rate': 3.639922658171752e-05, 'batch_size': 127, 'step_size': 10, 'gamma': 0.8588605976855592}. Best is trial 11 with value: 0.000978048425167799.[0m
[32m[I 2025-01-15 06:49:58,742][0m Trial 39 finished with value: 0.0010097134232800978 and parameters: {'observation_period_num': 72, 'train_rates': 0.8766758457524876, 'learning_rate': 0.00036845214024773597, 'batch_size': 59, 'step_size': 13, 'gamma': 0.8667191580016894}. Best is trial 11 with value: 0.000978048425167799.[0m
[32m[I 2025-01-15 06:51:18,445][0m Trial 40 finished with value: 0.001909789942825834 and parameters: {'observation_period_num': 58, 'train_rates': 0.8188714851990575, 'learning_rate': 0.00036386168696559725, 'batch_size': 61, 'step_size': 11, 'gamma': 0.818155643575655}. Best is trial 11 with value: 0.000978048425167799.[0m
[32m[I 2025-01-15 06:54:04,033][0m Trial 41 finished with value: 0.0009351380465494968 and parameters: {'observation_period_num': 76, 'train_rates': 0.8743957131912997, 'learning_rate': 0.0007110256267059625, 'batch_size': 31, 'step_size': 14, 'gamma': 0.8779964940818105}. Best is trial 41 with value: 0.0009351380465494968.[0m
[32m[I 2025-01-15 06:57:04,069][0m Trial 42 finished with value: 0.0012251630530988572 and parameters: {'observation_period_num': 82, 'train_rates': 0.851276042532506, 'learning_rate': 0.00021090892796357585, 'batch_size': 28, 'step_size': 14, 'gamma': 0.874548899649071}. Best is trial 41 with value: 0.0009351380465494968.[0m
[32m[I 2025-01-15 07:00:49,904][0m Trial 43 finished with value: 0.002205827629950363 and parameters: {'observation_period_num': 37, 'train_rates': 0.7793843372906935, 'learning_rate': 0.00018864525106011823, 'batch_size': 21, 'step_size': 14, 'gamma': 0.874800493199168}. Best is trial 41 with value: 0.0009351380465494968.[0m
[32m[I 2025-01-15 07:02:40,056][0m Trial 44 finished with value: 0.0025812405481324637 and parameters: {'observation_period_num': 83, 'train_rates': 0.704606553360206, 'learning_rate': 0.0003882488864845495, 'batch_size': 40, 'step_size': 14, 'gamma': 0.8603891619218658}. Best is trial 41 with value: 0.0009351380465494968.[0m
[32m[I 2025-01-15 07:03:55,290][0m Trial 45 finished with value: 0.0018259240428653448 and parameters: {'observation_period_num': 70, 'train_rates': 0.8483966890717191, 'learning_rate': 0.0002371878908381298, 'batch_size': 67, 'step_size': 13, 'gamma': 0.8094630976508241}. Best is trial 41 with value: 0.0009351380465494968.[0m
[32m[I 2025-01-15 07:06:18,343][0m Trial 46 finished with value: 0.00048417340300671043 and parameters: {'observation_period_num': 31, 'train_rates': 0.8503479643857893, 'learning_rate': 0.0008003649334235613, 'batch_size': 36, 'step_size': 13, 'gamma': 0.8474036453921889}. Best is trial 46 with value: 0.00048417340300671043.[0m
[32m[I 2025-01-15 07:08:37,643][0m Trial 47 finished with value: 0.05705765392921682 and parameters: {'observation_period_num': 6, 'train_rates': 0.8479983334365817, 'learning_rate': 5.973516999801009e-06, 'batch_size': 37, 'step_size': 13, 'gamma': 0.7524058440455054}. Best is trial 46 with value: 0.00048417340300671043.[0m
[32m[I 2025-01-15 07:09:37,529][0m Trial 48 finished with value: 0.0015049969078972936 and parameters: {'observation_period_num': 44, 'train_rates': 0.8723594173492245, 'learning_rate': 0.0003967709806836757, 'batch_size': 90, 'step_size': 14, 'gamma': 0.8451317117309382}. Best is trial 46 with value: 0.00048417340300671043.[0m
[32m[I 2025-01-15 07:11:06,698][0m Trial 49 finished with value: 0.007140934410230474 and parameters: {'observation_period_num': 27, 'train_rates': 0.7521435114656224, 'learning_rate': 0.00016100665029648777, 'batch_size': 52, 'step_size': 13, 'gamma': 0.8331460574560077}. Best is trial 46 with value: 0.00048417340300671043.[0m
[32m[I 2025-01-15 07:11:06,703][0m A new study created in memory with name: no-name-23cf52b1-7977-483e-87a7-495bd330aa18[0m
[32m[I 2025-01-15 07:12:44,021][0m Trial 0 finished with value: 0.07086173701772973 and parameters: {'observation_period_num': 56, 'train_rates': 0.7612465404262848, 'learning_rate': 1.8056750341733643e-06, 'batch_size': 49, 'step_size': 11, 'gamma': 0.9618529917873636}. Best is trial 0 with value: 0.07086173701772973.[0m
[32m[I 2025-01-15 07:13:05,574][0m Trial 1 finished with value: 0.027988840099484404 and parameters: {'observation_period_num': 121, 'train_rates': 0.8910966086107652, 'learning_rate': 2.680779191102408e-05, 'batch_size': 254, 'step_size': 14, 'gamma': 0.8094918748465991}. Best is trial 1 with value: 0.027988840099484404.[0m
[32m[I 2025-01-15 07:14:27,075][0m Trial 2 finished with value: 0.06105524936452386 and parameters: {'observation_period_num': 49, 'train_rates': 0.8738559041077376, 'learning_rate': 1.5948764429123458e-06, 'batch_size': 65, 'step_size': 15, 'gamma': 0.9339633160372223}. Best is trial 1 with value: 0.027988840099484404.[0m
[32m[I 2025-01-15 07:14:54,423][0m Trial 3 finished with value: 0.010714762298300623 and parameters: {'observation_period_num': 180, 'train_rates': 0.6631420200446864, 'learning_rate': 0.00033697978543380464, 'batch_size': 162, 'step_size': 1, 'gamma': 0.9568637036829052}. Best is trial 3 with value: 0.010714762298300623.[0m
[32m[I 2025-01-15 07:15:17,920][0m Trial 4 finished with value: 0.02959183421173767 and parameters: {'observation_period_num': 145, 'train_rates': 0.6612627620311426, 'learning_rate': 2.0521812606452327e-05, 'batch_size': 186, 'step_size': 4, 'gamma': 0.9275903784745446}. Best is trial 3 with value: 0.010714762298300623.[0m
[32m[I 2025-01-15 07:15:44,043][0m Trial 5 finished with value: 0.016945374736217208 and parameters: {'observation_period_num': 170, 'train_rates': 0.7851785100295043, 'learning_rate': 0.0006101280093178615, 'batch_size': 188, 'step_size': 2, 'gamma': 0.8300941198369853}. Best is trial 3 with value: 0.010714762298300623.[0m
[32m[I 2025-01-15 07:16:24,723][0m Trial 6 finished with value: 0.05519674886618891 and parameters: {'observation_period_num': 63, 'train_rates': 0.9144761527174963, 'learning_rate': 1.7887597572679558e-05, 'batch_size': 136, 'step_size': 1, 'gamma': 0.910172638545043}. Best is trial 3 with value: 0.010714762298300623.[0m
[32m[I 2025-01-15 07:19:12,288][0m Trial 7 finished with value: 0.20689685495375698 and parameters: {'observation_period_num': 115, 'train_rates': 0.9056640784577811, 'learning_rate': 2.6540775958268213e-06, 'batch_size': 25, 'step_size': 1, 'gamma': 0.8330154429498016}. Best is trial 3 with value: 0.010714762298300623.[0m
[32m[I 2025-01-15 07:19:33,988][0m Trial 8 finished with value: 0.022015675539009724 and parameters: {'observation_period_num': 152, 'train_rates': 0.8116028877070396, 'learning_rate': 6.936451648494364e-05, 'batch_size': 245, 'step_size': 3, 'gamma': 0.8813590176303273}. Best is trial 3 with value: 0.010714762298300623.[0m
[32m[I 2025-01-15 07:21:50,065][0m Trial 9 finished with value: 0.00621775955260185 and parameters: {'observation_period_num': 106, 'train_rates': 0.7285042445294445, 'learning_rate': 7.45666440869647e-05, 'batch_size': 32, 'step_size': 7, 'gamma': 0.9479575364407475}. Best is trial 9 with value: 0.00621775955260185.[0m
[32m[I 2025-01-15 07:22:28,513][0m Trial 10 finished with value: 0.011732410383867282 and parameters: {'observation_period_num': 243, 'train_rates': 0.6051409410117252, 'learning_rate': 0.00012426350304240423, 'batch_size': 98, 'step_size': 7, 'gamma': 0.7565025973921065}. Best is trial 9 with value: 0.00621775955260185.[0m
[32m[I 2025-01-15 07:22:58,879][0m Trial 11 finished with value: 0.005541618134919112 and parameters: {'observation_period_num': 216, 'train_rates': 0.6919733960136853, 'learning_rate': 0.0006090499979110046, 'batch_size': 138, 'step_size': 7, 'gamma': 0.9812451201520249}. Best is trial 11 with value: 0.005541618134919112.[0m
[32m[I 2025-01-15 07:23:40,587][0m Trial 12 finished with value: 0.009515398098685877 and parameters: {'observation_period_num': 247, 'train_rates': 0.7274022999095592, 'learning_rate': 0.0008440332723816347, 'batch_size': 102, 'step_size': 7, 'gamma': 0.9897776810066208}. Best is trial 11 with value: 0.005541618134919112.[0m
[32m[I 2025-01-15 07:24:22,941][0m Trial 13 finished with value: 0.015710763839974964 and parameters: {'observation_period_num': 8, 'train_rates': 0.7033334747942812, 'learning_rate': 0.00017226860804335977, 'batch_size': 112, 'step_size': 10, 'gamma': 0.9827438915605107}. Best is trial 11 with value: 0.005541618134919112.[0m
[32m[I 2025-01-15 07:29:00,098][0m Trial 14 finished with value: 0.010683740265922595 and parameters: {'observation_period_num': 211, 'train_rates': 0.9737065283013926, 'learning_rate': 6.231223211455813e-06, 'batch_size': 19, 'step_size': 5, 'gamma': 0.8929291849031287}. Best is trial 11 with value: 0.005541618134919112.[0m
[32m[I 2025-01-15 07:29:57,320][0m Trial 15 finished with value: 0.011583394779966621 and parameters: {'observation_period_num': 96, 'train_rates': 0.6033885875295034, 'learning_rate': 6.516720454636611e-05, 'batch_size': 69, 'step_size': 9, 'gamma': 0.9487758733579116}. Best is trial 11 with value: 0.005541618134919112.[0m
[32m[I 2025-01-15 07:30:28,815][0m Trial 16 finished with value: 0.005274869800666074 and parameters: {'observation_period_num': 206, 'train_rates': 0.8261072718822176, 'learning_rate': 0.0003556540900772975, 'batch_size': 156, 'step_size': 6, 'gamma': 0.8603984662336981}. Best is trial 16 with value: 0.005274869800666074.[0m
[32m[I 2025-01-15 07:30:52,514][0m Trial 17 finished with value: 0.0063160467376986605 and parameters: {'observation_period_num': 200, 'train_rates': 0.8252179321397938, 'learning_rate': 0.00031367766505510463, 'batch_size': 213, 'step_size': 5, 'gamma': 0.8613286496108256}. Best is trial 16 with value: 0.005274869800666074.[0m
[32m[I 2025-01-15 07:31:23,916][0m Trial 18 finished with value: 0.004225151447047081 and parameters: {'observation_period_num': 219, 'train_rates': 0.8465249621339089, 'learning_rate': 0.00037667009982650325, 'batch_size': 155, 'step_size': 12, 'gamma': 0.7892186690079384}. Best is trial 18 with value: 0.004225151447047081.[0m
[32m[I 2025-01-15 07:31:55,444][0m Trial 19 finished with value: 0.0063830545110312225 and parameters: {'observation_period_num': 186, 'train_rates': 0.8532572180287286, 'learning_rate': 0.00023969136428892763, 'batch_size': 167, 'step_size': 12, 'gamma': 0.7690149574995603}. Best is trial 18 with value: 0.004225151447047081.[0m
[32m[I 2025-01-15 07:32:21,864][0m Trial 20 finished with value: 0.003961227834224701 and parameters: {'observation_period_num': 230, 'train_rates': 0.9567670555509464, 'learning_rate': 0.0009633004505095211, 'batch_size': 216, 'step_size': 13, 'gamma': 0.7937147081521889}. Best is trial 20 with value: 0.003961227834224701.[0m
[32m[I 2025-01-15 07:32:48,522][0m Trial 21 finished with value: 0.0022098449990153313 and parameters: {'observation_period_num': 223, 'train_rates': 0.9830599481114868, 'learning_rate': 0.00042586358907013833, 'batch_size': 220, 'step_size': 13, 'gamma': 0.7901577829113017}. Best is trial 21 with value: 0.0022098449990153313.[0m
[32m[I 2025-01-15 07:33:13,173][0m Trial 22 finished with value: 0.004712807945907116 and parameters: {'observation_period_num': 231, 'train_rates': 0.9775150682111498, 'learning_rate': 0.0008758987404836408, 'batch_size': 225, 'step_size': 13, 'gamma': 0.7860015661468314}. Best is trial 21 with value: 0.0022098449990153313.[0m
[32m[I 2025-01-15 07:33:38,890][0m Trial 23 finished with value: 0.005106436554342508 and parameters: {'observation_period_num': 226, 'train_rates': 0.9470501509979385, 'learning_rate': 0.0004734794428055925, 'batch_size': 214, 'step_size': 12, 'gamma': 0.7924949764066407}. Best is trial 21 with value: 0.0022098449990153313.[0m
[32m[I 2025-01-15 07:34:07,393][0m Trial 24 finished with value: 0.004965407308191061 and parameters: {'observation_period_num': 252, 'train_rates': 0.9369553853106133, 'learning_rate': 0.00014421197582364725, 'batch_size': 194, 'step_size': 15, 'gamma': 0.8285050139369355}. Best is trial 21 with value: 0.0022098449990153313.[0m
[32m[I 2025-01-15 07:34:32,173][0m Trial 25 finished with value: 0.004577073734253645 and parameters: {'observation_period_num': 162, 'train_rates': 0.9893185780125587, 'learning_rate': 0.000979973099395531, 'batch_size': 234, 'step_size': 13, 'gamma': 0.8025562325011496}. Best is trial 21 with value: 0.0022098449990153313.[0m
[32m[I 2025-01-15 07:34:58,793][0m Trial 26 finished with value: 0.00572354719042778 and parameters: {'observation_period_num': 186, 'train_rates': 0.9422956637512431, 'learning_rate': 0.00019531987801531676, 'batch_size': 212, 'step_size': 10, 'gamma': 0.7731216852911321}. Best is trial 21 with value: 0.0022098449990153313.[0m
[32m[I 2025-01-15 07:35:27,752][0m Trial 27 finished with value: 0.01133778132988434 and parameters: {'observation_period_num': 228, 'train_rates': 0.8608431090796851, 'learning_rate': 4.6960266531036836e-05, 'batch_size': 179, 'step_size': 13, 'gamma': 0.7565796300677325}. Best is trial 21 with value: 0.0022098449990153313.[0m
[32m[I 2025-01-15 07:35:50,733][0m Trial 28 finished with value: 0.05503806471824646 and parameters: {'observation_period_num': 197, 'train_rates': 0.927712822356108, 'learning_rate': 9.79307290456909e-06, 'batch_size': 234, 'step_size': 11, 'gamma': 0.8106409214975437}. Best is trial 21 with value: 0.0022098449990153313.[0m
[32m[I 2025-01-15 07:36:25,390][0m Trial 29 finished with value: 0.004564411980325179 and parameters: {'observation_period_num': 136, 'train_rates': 0.7727377311192573, 'learning_rate': 0.0004860546382628315, 'batch_size': 137, 'step_size': 11, 'gamma': 0.8473879986406957}. Best is trial 21 with value: 0.0022098449990153313.[0m
[32m[I 2025-01-15 07:36:54,182][0m Trial 30 finished with value: 0.006043911445885897 and parameters: {'observation_period_num': 230, 'train_rates': 0.9591861275545686, 'learning_rate': 0.00011383406797870442, 'batch_size': 200, 'step_size': 14, 'gamma': 0.7826534957422557}. Best is trial 21 with value: 0.0022098449990153313.[0m
[32m[I 2025-01-15 07:37:28,031][0m Trial 31 finished with value: 0.005285765579684037 and parameters: {'observation_period_num': 135, 'train_rates': 0.7725864213179788, 'learning_rate': 0.0004972039559242633, 'batch_size': 138, 'step_size': 11, 'gamma': 0.845809594127528}. Best is trial 21 with value: 0.0022098449990153313.[0m
[32m[I 2025-01-15 07:38:09,538][0m Trial 32 finished with value: 0.006622767690232539 and parameters: {'observation_period_num': 69, 'train_rates': 0.7413562318280168, 'learning_rate': 0.00027059101896768754, 'batch_size': 114, 'step_size': 12, 'gamma': 0.8120556822751561}. Best is trial 21 with value: 0.0022098449990153313.[0m
[32m[I 2025-01-15 07:38:42,851][0m Trial 33 finished with value: 0.00479782699989768 and parameters: {'observation_period_num': 214, 'train_rates': 0.8838741118035913, 'learning_rate': 0.0004584812422442728, 'batch_size': 156, 'step_size': 14, 'gamma': 0.7968239648982091}. Best is trial 21 with value: 0.0022098449990153313.[0m
[32m[I 2025-01-15 07:39:04,477][0m Trial 34 finished with value: 0.00590231683791468 and parameters: {'observation_period_num': 85, 'train_rates': 0.841192467959428, 'learning_rate': 0.0006775554814349618, 'batch_size': 255, 'step_size': 9, 'gamma': 0.8168129041779841}. Best is trial 21 with value: 0.0022098449990153313.[0m
[32m[I 2025-01-15 07:40:09,854][0m Trial 35 finished with value: 0.009701449607591122 and parameters: {'observation_period_num': 37, 'train_rates': 0.7991203936521959, 'learning_rate': 0.00034348401443059796, 'batch_size': 75, 'step_size': 15, 'gamma': 0.7707403414060883}. Best is trial 21 with value: 0.0022098449990153313.[0m
[32m[I 2025-01-15 07:40:39,447][0m Trial 36 finished with value: 0.14944860102220475 and parameters: {'observation_period_num': 169, 'train_rates': 0.8984938547590221, 'learning_rate': 1.0852947850994828e-06, 'batch_size': 175, 'step_size': 10, 'gamma': 0.8444936457748431}. Best is trial 21 with value: 0.0022098449990153313.[0m
[32m[I 2025-01-15 07:41:20,663][0m Trial 37 finished with value: 0.003610990852441477 and parameters: {'observation_period_num': 137, 'train_rates': 0.8777682003216246, 'learning_rate': 0.0002028923937068301, 'batch_size': 122, 'step_size': 12, 'gamma': 0.8215291836111555}. Best is trial 21 with value: 0.0022098449990153313.[0m
[32m[I 2025-01-15 07:42:18,594][0m Trial 38 finished with value: 0.005743029390569522 and parameters: {'observation_period_num': 182, 'train_rates': 0.8787228877985809, 'learning_rate': 0.0001011359126713188, 'batch_size': 85, 'step_size': 13, 'gamma': 0.7510262501785734}. Best is trial 21 with value: 0.0022098449990153313.[0m
[32m[I 2025-01-15 07:43:00,329][0m Trial 39 finished with value: 0.008722043968737126 and parameters: {'observation_period_num': 236, 'train_rates': 0.9193228694464791, 'learning_rate': 3.583293757658559e-05, 'batch_size': 121, 'step_size': 14, 'gamma': 0.8242254510818946}. Best is trial 21 with value: 0.0022098449990153313.[0m
[32m[I 2025-01-15 07:44:52,837][0m Trial 40 finished with value: 0.0037665901983385546 and parameters: {'observation_period_num': 148, 'train_rates': 0.9593919683360584, 'learning_rate': 0.00021647958696324268, 'batch_size': 47, 'step_size': 12, 'gamma': 0.7808548703283679}. Best is trial 21 with value: 0.0022098449990153313.[0m
[32m[I 2025-01-15 07:46:34,599][0m Trial 41 finished with value: 0.0028841304149791864 and parameters: {'observation_period_num': 158, 'train_rates': 0.9597420302912685, 'learning_rate': 0.00018800914954001947, 'batch_size': 51, 'step_size': 12, 'gamma': 0.7805872085564017}. Best is trial 21 with value: 0.0022098449990153313.[0m
[32m[I 2025-01-15 07:48:15,477][0m Trial 42 finished with value: 0.005921902149437671 and parameters: {'observation_period_num': 120, 'train_rates': 0.9602593696773539, 'learning_rate': 0.00020397788203297394, 'batch_size': 54, 'step_size': 13, 'gamma': 0.778183870807905}. Best is trial 21 with value: 0.0022098449990153313.[0m
[32m[I 2025-01-15 07:49:22,849][0m Trial 43 finished with value: 0.003907886799424887 and parameters: {'observation_period_num': 128, 'train_rates': 0.987318728870781, 'learning_rate': 9.601138628995534e-05, 'batch_size': 83, 'step_size': 14, 'gamma': 0.8017484306018748}. Best is trial 21 with value: 0.0022098449990153313.[0m
[32m[I 2025-01-15 07:51:16,788][0m Trial 44 finished with value: 0.006025641690939665 and parameters: {'observation_period_num': 149, 'train_rates': 0.9893367939347982, 'learning_rate': 8.461106781857764e-05, 'batch_size': 48, 'step_size': 14, 'gamma': 0.803999204956888}. Best is trial 21 with value: 0.0022098449990153313.[0m
[32m[I 2025-01-15 07:53:27,073][0m Trial 45 finished with value: 0.006481425264688928 and parameters: {'observation_period_num': 158, 'train_rates': 0.9093502285659105, 'learning_rate': 0.00015151006097663739, 'batch_size': 40, 'step_size': 15, 'gamma': 0.7638020258741509}. Best is trial 21 with value: 0.0022098449990153313.[0m
[32m[I 2025-01-15 07:54:32,282][0m Trial 46 finished with value: 0.006903974752111191 and parameters: {'observation_period_num': 109, 'train_rates': 0.9692921725758346, 'learning_rate': 5.184661760876778e-05, 'batch_size': 87, 'step_size': 12, 'gamma': 0.8207522742555474}. Best is trial 21 with value: 0.0022098449990153313.[0m
[32m[I 2025-01-15 07:56:13,800][0m Trial 47 finished with value: 0.006910006915516566 and parameters: {'observation_period_num': 132, 'train_rates': 0.9324528082235396, 'learning_rate': 0.0002330806383050115, 'batch_size': 53, 'step_size': 9, 'gamma': 0.8013911698970756}. Best is trial 21 with value: 0.0022098449990153313.[0m
