[32m[I 2025-01-15 05:47:07,326][0m Trial 16 finished with value: 0.02028019809672101 and parameters: {'observation_period_num': 160, 'train_rates': 0.8428600895852046, 'learning_rate': 0.00024230626038327562, 'batch_size': 197, 'step_size': 6, 'gamma': 0.8642004817126622}. Best is trial 7 with value: 0.0053785478595995044.[0m
[32m[I 2025-01-15 05:47:43,942][0m Trial 17 finished with value: 0.06581865988923731 and parameters: {'observation_period_num': 181, 'train_rates': 0.9253647083642936, 'learning_rate': 1.9284653121252854e-05, 'batch_size': 149, 'step_size': 8, 'gamma': 0.8967845303685195}. Best is trial 7 with value: 0.0053785478595995044.[0m
[32m[I 2025-01-15 05:48:19,356][0m Trial 18 finished with value: 0.008708001029365794 and parameters: {'observation_period_num': 69, 'train_rates': 0.8521044077732252, 'learning_rate': 0.000979047965202152, 'batch_size': 146, 'step_size': 4, 'gamma': 0.955099780160553}. Best is trial 7 with value: 0.0053785478595995044.[0m
[32m[I 2025-01-15 05:48:53,473][0m Trial 19 finished with value: 0.032694955441824214 and parameters: {'observation_period_num': 12, 'train_rates': 0.7667450087463125, 'learning_rate': 0.0008682706245231331, 'batch_size': 147, 'step_size': 4, 'gamma': 0.9568492478473306}. Best is trial 7 with value: 0.0053785478595995044.[0m
[32m[I 2025-01-15 05:49:15,088][0m Trial 20 finished with value: 0.1949634997690704 and parameters: {'observation_period_num': 68, 'train_rates': 0.6167200796848638, 'learning_rate': 0.00013238639643576599, 'batch_size': 215, 'step_size': 4, 'gamma': 0.8995550099891109}. Best is trial 7 with value: 0.0053785478595995044.[0m
[32m[I 2025-01-15 05:50:22,095][0m Trial 21 finished with value: 0.008933939120259965 and parameters: {'observation_period_num': 108, 'train_rates': 0.8518927520556161, 'learning_rate': 0.0004027547731238833, 'batch_size': 75, 'step_size': 6, 'gamma': 0.959623990644082}. Best is trial 7 with value: 0.0053785478595995044.[0m
[32m[I 2025-01-15 05:52:20,299][0m Trial 22 finished with value: 0.01050628529158238 and parameters: {'observation_period_num': 113, 'train_rates': 0.8476319288004338, 'learning_rate': 0.0009180884665161805, 'batch_size': 42, 'step_size': 6, 'gamma': 0.9566949156009268}. Best is trial 7 with value: 0.0053785478595995044.[0m
[32m[I 2025-01-15 05:53:39,906][0m Trial 23 finished with value: 0.01795351749751717 and parameters: {'observation_period_num': 136, 'train_rates': 0.8638733120131623, 'learning_rate': 0.0003958289587072081, 'batch_size': 64, 'step_size': 6, 'gamma': 0.9859396921727107}. Best is trial 7 with value: 0.0053785478595995044.[0m
[32m[I 2025-01-15 05:54:15,528][0m Trial 24 finished with value: 0.022934096392821453 and parameters: {'observation_period_num': 70, 'train_rates': 0.8120861684850088, 'learning_rate': 0.00020062357029898204, 'batch_size': 143, 'step_size': 3, 'gamma': 0.9493462491111292}. Best is trial 7 with value: 0.0053785478595995044.[0m
[32m[I 2025-01-15 05:54:47,847][0m Trial 25 finished with value: 0.01336745478198253 and parameters: {'observation_period_num': 106, 'train_rates': 0.8208230404320298, 'learning_rate': 0.0005648121893796947, 'batch_size': 159, 'step_size': 5, 'gamma': 0.9124779058052374}. Best is trial 7 with value: 0.0053785478595995044.[0m
[32m[I 2025-01-15 05:55:18,704][0m Trial 26 finished with value: 0.06678047776222229 and parameters: {'observation_period_num': 30, 'train_rates': 0.9512271952113622, 'learning_rate': 4.952445164351299e-05, 'batch_size': 194, 'step_size': 7, 'gamma': 0.868476047712957}. Best is trial 7 with value: 0.0053785478595995044.[0m
[32m[I 2025-01-15 05:55:59,933][0m Trial 27 finished with value: 0.011124748727750211 and parameters: {'observation_period_num': 133, 'train_rates': 0.8883536427092389, 'learning_rate': 0.0009668322873006247, 'batch_size': 129, 'step_size': 3, 'gamma': 0.9697927071610354}. Best is trial 7 with value: 0.0053785478595995044.[0m
[32m[I 2025-01-15 05:56:19,959][0m Trial 28 finished with value: 0.4092104902340509 and parameters: {'observation_period_num': 74, 'train_rates': 0.7507150163908671, 'learning_rate': 8.705838405692045e-06, 'batch_size': 247, 'step_size': 5, 'gamma': 0.9105684782439446}. Best is trial 7 with value: 0.0053785478595995044.[0m
[32m[I 2025-01-15 05:57:05,982][0m Trial 29 finished with value: 0.01318307136889638 and parameters: {'observation_period_num': 99, 'train_rates': 0.8276996587235997, 'learning_rate': 0.0002535405058291008, 'batch_size': 108, 'step_size': 7, 'gamma': 0.8788140288762576}. Best is trial 7 with value: 0.0053785478595995044.[0m
[32m[I 2025-01-15 05:57:32,788][0m Trial 30 finished with value: 0.021854387234475983 and parameters: {'observation_period_num': 34, 'train_rates': 0.8697810731941542, 'learning_rate': 0.00013535409383436272, 'batch_size': 205, 'step_size': 3, 'gamma': 0.9718460193702553}. Best is trial 7 with value: 0.0053785478595995044.[0m
[32m[I 2025-01-15 05:58:34,432][0m Trial 31 finished with value: 0.0030196616101446022 and parameters: {'observation_period_num': 56, 'train_rates': 0.9136687383169243, 'learning_rate': 0.00043106358961357344, 'batch_size': 86, 'step_size': 9, 'gamma': 0.9333341882855206}. Best is trial 31 with value: 0.0030196616101446022.[0m
[32m[I 2025-01-15 06:00:40,014][0m Trial 32 finished with value: 0.02804021822733556 and parameters: {'observation_period_num': 58, 'train_rates': 0.9149501843392817, 'learning_rate': 0.0005429270527397376, 'batch_size': 42, 'step_size': 13, 'gamma': 0.93958177171182}. Best is trial 31 with value: 0.0030196616101446022.[0m
[32m[I 2025-01-15 06:01:58,147][0m Trial 33 finished with value: 0.007268032990396023 and parameters: {'observation_period_num': 9, 'train_rates': 0.9512643031799093, 'learning_rate': 0.0003495722976059816, 'batch_size': 72, 'step_size': 9, 'gamma': 0.9425997892105551}. Best is trial 31 with value: 0.0030196616101446022.[0m
[32m[I 2025-01-15 06:02:45,516][0m Trial 34 finished with value: 0.029158798006496258 and parameters: {'observation_period_num': 6, 'train_rates': 0.9526469328533023, 'learning_rate': 0.0005918153952461888, 'batch_size': 123, 'step_size': 15, 'gamma': 0.9396210688993101}. Best is trial 31 with value: 0.0030196616101446022.[0m
[32m[I 2025-01-15 06:03:44,091][0m Trial 35 finished with value: 0.0028882480692118406 and parameters: {'observation_period_num': 24, 'train_rates': 0.9864232427159727, 'learning_rate': 0.0002697141965304711, 'batch_size': 97, 'step_size': 10, 'gamma': 0.9206746199552145}. Best is trial 35 with value: 0.0028882480692118406.[0m
[32m[I 2025-01-15 06:04:45,971][0m Trial 36 finished with value: 0.00814423244446516 and parameters: {'observation_period_num': 17, 'train_rates': 0.979817577280601, 'learning_rate': 0.0002847049041364072, 'batch_size': 94, 'step_size': 10, 'gamma': 0.9223599331222956}. Best is trial 35 with value: 0.0028882480692118406.[0m
[32m[I 2025-01-15 06:06:20,975][0m Trial 37 finished with value: 0.013781321063611863 and parameters: {'observation_period_num': 35, 'train_rates': 0.9386551867796452, 'learning_rate': 6.378648688435526e-05, 'batch_size': 59, 'step_size': 10, 'gamma': 0.8889481502124073}. Best is trial 35 with value: 0.0028882480692118406.[0m
[32m[I 2025-01-15 06:07:14,435][0m Trial 38 finished with value: 0.009236636126900578 and parameters: {'observation_period_num': 48, 'train_rates': 0.9619161476343092, 'learning_rate': 0.000156159629887792, 'batch_size': 109, 'step_size': 9, 'gamma': 0.9042417331258142}. Best is trial 35 with value: 0.0028882480692118406.[0m
[32m[I 2025-01-15 06:08:32,487][0m Trial 39 finished with value: 0.02150866131514612 and parameters: {'observation_period_num': 26, 'train_rates': 0.8988030075840007, 'learning_rate': 7.461417973164366e-05, 'batch_size': 69, 'step_size': 11, 'gamma': 0.9219304845516981}. Best is trial 35 with value: 0.0028882480692118406.[0m
[32m[I 2025-01-15 06:09:32,250][0m Trial 40 finished with value: 0.002823321148753166 and parameters: {'observation_period_num': 58, 'train_rates': 0.979519659468524, 'learning_rate': 0.000348333240540044, 'batch_size': 95, 'step_size': 9, 'gamma': 0.8554211748765107}. Best is trial 40 with value: 0.002823321148753166.[0m
[32m[I 2025-01-15 06:10:38,129][0m Trial 41 finished with value: 0.0017058101948350668 and parameters: {'observation_period_num': 39, 'train_rates': 0.9821457533201201, 'learning_rate': 0.0003513684901394519, 'batch_size': 88, 'step_size': 9, 'gamma': 0.8517475768475632}. Best is trial 41 with value: 0.0017058101948350668.[0m
[32m[I 2025-01-15 06:11:38,519][0m Trial 42 finished with value: 0.06317465752363205 and parameters: {'observation_period_num': 58, 'train_rates': 0.9718085395380976, 'learning_rate': 2.422477784334061e-05, 'batch_size': 95, 'step_size': 11, 'gamma': 0.8397411586821558}. Best is trial 41 with value: 0.0017058101948350668.[0m
[32m[I 2025-01-15 06:12:29,919][0m Trial 43 finished with value: 0.005717523396015167 and parameters: {'observation_period_num': 41, 'train_rates': 0.9896036284579581, 'learning_rate': 0.00018248045452967017, 'batch_size': 114, 'step_size': 8, 'gamma': 0.8103825952997066}. Best is trial 41 with value: 0.0017058101948350668.[0m
[32m[I 2025-01-15 06:13:32,752][0m Trial 44 finished with value: 0.002776072622944059 and parameters: {'observation_period_num': 46, 'train_rates': 0.9080950072597928, 'learning_rate': 0.0002917212489635575, 'batch_size': 86, 'step_size': 12, 'gamma': 0.8563432655555255}. Best is trial 41 with value: 0.0017058101948350668.[0m
[32m[I 2025-01-15 06:14:39,152][0m Trial 45 finished with value: 0.006173629505114139 and parameters: {'observation_period_num': 20, 'train_rates': 0.9446434129094401, 'learning_rate': 0.000318611897709883, 'batch_size': 86, 'step_size': 13, 'gamma': 0.8468478309287618}. Best is trial 41 with value: 0.0017058101948350668.[0m
[32m[I 2025-01-15 06:15:37,789][0m Trial 46 finished with value: 0.026118874549865723 and parameters: {'observation_period_num': 45, 'train_rates': 0.9692130356178075, 'learning_rate': 0.00010044040345277735, 'batch_size': 100, 'step_size': 12, 'gamma': 0.829003826183449}. Best is trial 41 with value: 0.0017058101948350668.[0m
[32m[I 2025-01-15 06:17:16,526][0m Trial 47 finished with value: 0.0022739823103594264 and parameters: {'observation_period_num': 58, 'train_rates': 0.9042520049496495, 'learning_rate': 0.00045524248236403924, 'batch_size': 54, 'step_size': 10, 'gamma': 0.8531386581952958}. Best is trial 41 with value: 0.0017058101948350668.[0m
[32m[I 2025-01-15 06:20:40,279][0m Trial 48 finished with value: 0.0018251282162964344 and parameters: {'observation_period_num': 243, 'train_rates': 0.985870939530068, 'learning_rate': 0.00022177958080052046, 'batch_size': 26, 'step_size': 12, 'gamma': 0.8545764966571623}. Best is trial 41 with value: 0.0017058101948350668.[0m
[32m[I 2025-01-15 06:24:00,680][0m Trial 49 finished with value: 0.026121967392308373 and parameters: {'observation_period_num': 209, 'train_rates': 0.8853238210852996, 'learning_rate': 1.0257326796845842e-05, 'batch_size': 24, 'step_size': 12, 'gamma': 0.8577337604488072}. Best is trial 41 with value: 0.0017058101948350668.[0m
[32m[I 2025-01-15 06:24:00,686][0m A new study created in memory with name: no-name-0fc841f9-2914-4653-bd93-bd2f8902b8bf[0m
[32m[I 2025-01-15 06:26:02,074][0m Trial 0 finished with value: 0.040517290171824004 and parameters: {'observation_period_num': 88, 'train_rates': 0.9337678048593531, 'learning_rate': 1.5602356649590815e-05, 'batch_size': 45, 'step_size': 12, 'gamma': 0.7717899677234589}. Best is trial 0 with value: 0.040517290171824004.[0m
[32m[I 2025-01-15 06:26:52,764][0m Trial 1 finished with value: 0.22030145344566496 and parameters: {'observation_period_num': 27, 'train_rates': 0.6651060478860404, 'learning_rate': 6.53181534925867e-06, 'batch_size': 87, 'step_size': 3, 'gamma': 0.7591722376845538}. Best is trial 0 with value: 0.040517290171824004.[0m
[32m[I 2025-01-15 06:27:24,463][0m Trial 2 finished with value: 0.017544384614293335 and parameters: {'observation_period_num': 206, 'train_rates': 0.856424580300684, 'learning_rate': 2.7259255952058574e-05, 'batch_size': 157, 'step_size': 10, 'gamma': 0.908670677935505}. Best is trial 2 with value: 0.017544384614293335.[0m
[32m[I 2025-01-15 06:28:17,803][0m Trial 3 finished with value: 0.11253379733372376 and parameters: {'observation_period_num': 66, 'train_rates': 0.6398324068900912, 'learning_rate': 9.627214673784421e-06, 'batch_size': 79, 'step_size': 3, 'gamma': 0.8838806332571777}. Best is trial 2 with value: 0.017544384614293335.[0m
[32m[I 2025-01-15 06:28:45,048][0m Trial 4 finished with value: 0.1629321705660171 and parameters: {'observation_period_num': 28, 'train_rates': 0.942515635330569, 'learning_rate': 3.905298590117207e-05, 'batch_size': 102, 'step_size': 1, 'gamma': 0.7659574473220123}. Best is trial 2 with value: 0.017544384614293335.[0m
[32m[I 2025-01-15 06:29:27,163][0m Trial 5 finished with value: 0.46522929072380065 and parameters: {'observation_period_num': 144, 'train_rates': 0.8633189458959434, 'learning_rate': 2.253146970967596e-06, 'batch_size': 127, 'step_size': 4, 'gamma': 0.8255259969210461}. Best is trial 2 with value: 0.017544384614293335.[0m
[32m[I 2025-01-15 06:29:54,953][0m Trial 6 finished with value: 0.12907958937438008 and parameters: {'observation_period_num': 6, 'train_rates': 0.8485465986439973, 'learning_rate': 2.029604786993231e-06, 'batch_size': 193, 'step_size': 15, 'gamma': 0.8704602029404964}. Best is trial 2 with value: 0.017544384614293335.[0m
[32m[I 2025-01-15 06:30:36,505][0m Trial 7 finished with value: 0.0717386328590868 and parameters: {'observation_period_num': 252, 'train_rates': 0.717453333413994, 'learning_rate': 8.219188331264253e-06, 'batch_size': 107, 'step_size': 12, 'gamma': 0.9373040854420034}. Best is trial 2 with value: 0.017544384614293335.[0m
[32m[I 2025-01-15 06:31:05,327][0m Trial 8 finished with value: 0.0034768525511026382 and parameters: {'observation_period_num': 51, 'train_rates': 0.9443930858886214, 'learning_rate': 0.0003202482051336333, 'batch_size': 202, 'step_size': 7, 'gamma': 0.9551312592206486}. Best is trial 8 with value: 0.0034768525511026382.[0m
[32m[I 2025-01-15 06:35:54,793][0m Trial 9 finished with value: 0.10715988258867805 and parameters: {'observation_period_num': 103, 'train_rates': 0.9198844907708303, 'learning_rate': 2.473889938062752e-06, 'batch_size': 18, 'step_size': 3, 'gamma': 0.9344029351868646}. Best is trial 8 with value: 0.0034768525511026382.[0m
[32m[I 2025-01-15 06:36:19,331][0m Trial 10 finished with value: 0.0031637002248317003 and parameters: {'observation_period_num': 144, 'train_rates': 0.9895171483972085, 'learning_rate': 0.000479814789322215, 'batch_size': 232, 'step_size': 7, 'gamma': 0.9876076418932904}. Best is trial 10 with value: 0.0031637002248317003.[0m
[32m[I 2025-01-15 06:36:41,251][0m Trial 11 finished with value: 0.000978048425167799 and parameters: {'observation_period_num': 158, 'train_rates': 0.9810300857293883, 'learning_rate': 0.0005482641806925685, 'batch_size': 255, 'step_size': 7, 'gamma': 0.9868159248233853}. Best is trial 11 with value: 0.000978048425167799.[0m
[32m[I 2025-01-15 06:37:03,821][0m Trial 12 finished with value: 0.0012861130526289344 and parameters: {'observation_period_num': 158, 'train_rates': 0.9839034837669414, 'learning_rate': 0.0008718962044085848, 'batch_size': 256, 'step_size': 7, 'gamma': 0.9757497319560686}. Best is trial 11 with value: 0.000978048425167799.[0m
[32m[I 2025-01-15 06:37:22,610][0m Trial 13 finished with value: 0.005568454729689059 and parameters: {'observation_period_num': 182, 'train_rates': 0.7685423599339114, 'learning_rate': 0.0001364021904244802, 'batch_size': 252, 'step_size': 9, 'gamma': 0.9776607223373525}. Best is trial 11 with value: 0.000978048425167799.[0m
[32m[I 2025-01-15 06:37:49,290][0m Trial 14 finished with value: 0.012979540973901749 and parameters: {'observation_period_num': 185, 'train_rates': 0.9691883113203719, 'learning_rate': 0.00013456277555263735, 'batch_size': 220, 'step_size': 5, 'gamma': 0.8334184359234488}. Best is trial 11 with value: 0.000978048425167799.[0m
[32m[I 2025-01-15 06:38:20,176][0m Trial 15 finished with value: 0.0026430152792695375 and parameters: {'observation_period_num': 121, 'train_rates': 0.8947075103796583, 'learning_rate': 0.0009344899381092169, 'batch_size': 170, 'step_size': 6, 'gamma': 0.9549689081087858}. Best is trial 11 with value: 0.000978048425167799.[0m
[32m[I 2025-01-15 06:38:39,929][0m Trial 16 finished with value: 0.005457817900837662 and parameters: {'observation_period_num': 176, 'train_rates': 0.8026510221038121, 'learning_rate': 0.00014845309771763812, 'batch_size': 256, 'step_size': 10, 'gamma': 0.910925744142679}. Best is trial 11 with value: 0.000978048425167799.[0m
[32m[I 2025-01-15 06:39:06,659][0m Trial 17 finished with value: 0.002921377561378524 and parameters: {'observation_period_num': 229, 'train_rates': 0.8066410470086485, 'learning_rate': 0.0006876240334099631, 'batch_size': 183, 'step_size': 8, 'gamma': 0.9897131895711287}. Best is trial 11 with value: 0.000978048425167799.[0m
[32m[I 2025-01-15 06:39:31,579][0m Trial 18 finished with value: 0.002950863187665466 and parameters: {'observation_period_num': 162, 'train_rates': 0.8902751149597731, 'learning_rate': 0.00028901074929024804, 'batch_size': 218, 'step_size': 12, 'gamma': 0.8419121947054856}. Best is trial 11 with value: 0.000978048425167799.[0m
[32m[I 2025-01-15 06:40:09,980][0m Trial 19 finished with value: 0.0847851112484932 and parameters: {'observation_period_num': 210, 'train_rates': 0.9894774334272654, 'learning_rate': 6.238920359507319e-05, 'batch_size': 149, 'step_size': 6, 'gamma': 0.9615876469870066}. Best is trial 11 with value: 0.000978048425167799.[0m
[32m[I 2025-01-15 06:40:32,373][0m Trial 20 finished with value: 0.050810468803141634 and parameters: {'observation_period_num': 114, 'train_rates': 0.7489290393407885, 'learning_rate': 0.0002849797843518752, 'batch_size': 236, 'step_size': 1, 'gamma': 0.9132140112794617}. Best is trial 11 with value: 0.000978048425167799.[0m
[32m[I 2025-01-15 06:41:01,255][0m Trial 21 finished with value: 0.0064828319725795435 and parameters: {'observation_period_num': 137, 'train_rates': 0.8987331602718325, 'learning_rate': 0.0008894964511326168, 'batch_size': 187, 'step_size': 6, 'gamma': 0.957123035300576}. Best is trial 11 with value: 0.000978048425167799.[0m
[32m[I 2025-01-15 06:41:35,579][0m Trial 22 finished with value: 0.003082509618252516 and parameters: {'observation_period_num': 119, 'train_rates': 0.9611178965100525, 'learning_rate': 0.0009765665789454871, 'batch_size': 167, 'step_size': 8, 'gamma': 0.9355157991280311}. Best is trial 11 with value: 0.000978048425167799.[0m
[32m[I 2025-01-15 06:42:00,464][0m Trial 23 finished with value: 0.0023786011705915944 and parameters: {'observation_period_num': 154, 'train_rates': 0.9041661050358429, 'learning_rate': 0.0005048663364922141, 'batch_size': 211, 'step_size': 5, 'gamma': 0.9665467301082215}. Best is trial 11 with value: 0.000978048425167799.[0m
[32m[I 2025-01-15 06:42:24,703][0m Trial 24 finished with value: 0.0023095708246491536 and parameters: {'observation_period_num': 160, 'train_rates': 0.914865056871961, 'learning_rate': 0.0005198759744386932, 'batch_size': 214, 'step_size': 5, 'gamma': 0.9734154206643219}. Best is trial 11 with value: 0.000978048425167799.[0m
[32m[I 2025-01-15 06:42:49,129][0m Trial 25 finished with value: 0.008225812576711178 and parameters: {'observation_period_num': 165, 'train_rates': 0.9682912487596211, 'learning_rate': 8.050575734558726e-05, 'batch_size': 241, 'step_size': 9, 'gamma': 0.9759432056533391}. Best is trial 11 with value: 0.000978048425167799.[0m
[32m[I 2025-01-15 06:43:08,524][0m Trial 26 finished with value: 0.003837081573615482 and parameters: {'observation_period_num': 198, 'train_rates': 0.8290196293196886, 'learning_rate': 0.00021619157514697794, 'batch_size': 255, 'step_size': 4, 'gamma': 0.9327116015575642}. Best is trial 11 with value: 0.000978048425167799.[0m
[32m[I 2025-01-15 06:43:33,019][0m Trial 27 finished with value: 0.004261239431798458 and parameters: {'observation_period_num': 82, 'train_rates': 0.933283424334752, 'learning_rate': 0.00048384315653979694, 'batch_size': 232, 'step_size': 7, 'gamma': 0.7935862252641974}. Best is trial 11 with value: 0.000978048425167799.[0m
[32m[I 2025-01-15 06:43:59,679][0m Trial 28 finished with value: 0.0018616070738062263 and parameters: {'observation_period_num': 232, 'train_rates': 0.9842590571242923, 'learning_rate': 0.0005134165553523944, 'batch_size': 208, 'step_size': 5, 'gamma': 0.8981188918825791}. Best is trial 11 with value: 0.000978048425167799.[0m
[32m[I 2025-01-15 06:44:22,379][0m Trial 29 finished with value: 0.006074828095734119 and parameters: {'observation_period_num': 230, 'train_rates': 0.9584098197226094, 'learning_rate': 8.384146367201606e-05, 'batch_size': 238, 'step_size': 15, 'gamma': 0.8933928655876754}. Best is trial 11 with value: 0.000978048425167799.[0m
[32m[I 2025-01-15 06:44:51,088][0m Trial 30 finished with value: 0.004425057675689459 and parameters: {'observation_period_num': 251, 'train_rates': 0.9893041538860146, 'learning_rate': 0.00019754298081325598, 'batch_size': 197, 'step_size': 11, 'gamma': 0.8524589365734616}. Best is trial 11 with value: 0.000978048425167799.[0m
[32m[I 2025-01-15 06:45:17,869][0m Trial 31 finished with value: 0.007165304385125637 and parameters: {'observation_period_num': 93, 'train_rates': 0.9337584750130652, 'learning_rate': 0.0005268911081272364, 'batch_size': 213, 'step_size': 5, 'gamma': 0.7930989880374667}. Best is trial 11 with value: 0.000978048425167799.[0m
