[32m[I 2025-01-15 07:57:41,566][0m Trial 48 finished with value: 0.011683434247970581 and parameters: {'observation_period_num': 126, 'train_rates': 0.9800011871083759, 'learning_rate': 2.0532164165817126e-05, 'batch_size': 64, 'step_size': 10, 'gamma': 0.8353631987980829}. Best is trial 21 with value: 0.0022098449990153313.[0m
[32m[I 2025-01-15 07:59:59,081][0m Trial 49 finished with value: 0.008151891053746186 and parameters: {'observation_period_num': 143, 'train_rates': 0.9171285037029379, 'learning_rate': 9.330824168282757e-05, 'batch_size': 38, 'step_size': 14, 'gamma': 0.781428538645245}. Best is trial 21 with value: 0.0022098449990153313.[0m
[32m[I 2025-01-15 07:59:59,087][0m A new study created in memory with name: no-name-144d0574-f219-4745-9b21-5ac248db5d59[0m
[32m[I 2025-01-15 08:00:34,810][0m Trial 0 finished with value: 0.013583943121940703 and parameters: {'observation_period_num': 10, 'train_rates': 0.8995686814411806, 'learning_rate': 0.0004690076419709661, 'batch_size': 158, 'step_size': 6, 'gamma': 0.823216835083109}. Best is trial 0 with value: 0.013583943121940703.[0m
[32m[I 2025-01-15 08:05:49,125][0m Trial 1 finished with value: 0.016884769574868296 and parameters: {'observation_period_num': 194, 'train_rates': 0.8983541001817401, 'learning_rate': 7.173857396887764e-06, 'batch_size': 16, 'step_size': 6, 'gamma': 0.8607569442634173}. Best is trial 0 with value: 0.013583943121940703.[0m
[32m[I 2025-01-15 08:11:23,325][0m Trial 2 finished with value: 0.049367044092370915 and parameters: {'observation_period_num': 44, 'train_rates': 0.9779549966314203, 'learning_rate': 2.080478484838864e-06, 'batch_size': 17, 'step_size': 1, 'gamma': 0.9635257488619403}. Best is trial 0 with value: 0.013583943121940703.[0m
[32m[I 2025-01-15 08:11:47,982][0m Trial 3 finished with value: 0.007447106763720512 and parameters: {'observation_period_num': 33, 'train_rates': 0.9857862956434248, 'learning_rate': 0.0007858680197095958, 'batch_size': 256, 'step_size': 4, 'gamma': 0.8883327289109542}. Best is trial 3 with value: 0.007447106763720512.[0m
[32m[I 2025-01-15 08:12:06,515][0m Trial 4 finished with value: 0.01025737293537464 and parameters: {'observation_period_num': 156, 'train_rates': 0.6539832246565052, 'learning_rate': 0.0002347283796163054, 'batch_size': 252, 'step_size': 11, 'gamma': 0.9446012414941602}. Best is trial 3 with value: 0.007447106763720512.[0m
[32m[I 2025-01-15 08:12:34,035][0m Trial 5 finished with value: 0.013326817081485054 and parameters: {'observation_period_num': 246, 'train_rates': 0.8883469485172357, 'learning_rate': 4.993298424163004e-05, 'batch_size': 189, 'step_size': 11, 'gamma': 0.8553065187044777}. Best is trial 3 with value: 0.007447106763720512.[0m
[32m[I 2025-01-15 08:12:43,745][0m Trial 6 finished with value: 1.5944486922687955 and parameters: {'observation_period_num': 92, 'train_rates': 0.6982594126925159, 'learning_rate': 4.836177518558088e-06, 'batch_size': 240, 'step_size': 1, 'gamma': 0.7799261349758185}. Best is trial 3 with value: 0.007447106763720512.[0m
[32m[I 2025-01-15 08:16:54,901][0m Trial 7 finished with value: 0.009160927096672822 and parameters: {'observation_period_num': 61, 'train_rates': 0.7899340607982892, 'learning_rate': 0.0004243944951247783, 'batch_size': 19, 'step_size': 11, 'gamma': 0.8304134747061017}. Best is trial 3 with value: 0.007447106763720512.[0m
[32m[I 2025-01-15 08:20:51,344][0m Trial 8 finished with value: 0.2739617806226015 and parameters: {'observation_period_num': 91, 'train_rates': 0.738374788750587, 'learning_rate': 1.0745591841009886e-06, 'batch_size': 19, 'step_size': 12, 'gamma': 0.8643952633298799}. Best is trial 3 with value: 0.007447106763720512.[0m
[32m[I 2025-01-15 08:21:23,836][0m Trial 9 finished with value: 0.017753772832679027 and parameters: {'observation_period_num': 39, 'train_rates': 0.7623790444072299, 'learning_rate': 8.276517425400124e-05, 'batch_size': 158, 'step_size': 12, 'gamma': 0.8480255047421648}. Best is trial 3 with value: 0.007447106763720512.[0m
[32m[I 2025-01-15 08:22:23,931][0m Trial 10 finished with value: 0.007117082830518484 and parameters: {'observation_period_num': 135, 'train_rates': 0.9774582851957001, 'learning_rate': 0.0009955946512410754, 'batch_size': 92, 'step_size': 4, 'gamma': 0.9208010556882797}. Best is trial 10 with value: 0.007117082830518484.[0m
[32m[I 2025-01-15 08:23:29,079][0m Trial 11 finished with value: 0.006238935980945826 and parameters: {'observation_period_num': 136, 'train_rates': 0.9720573155197667, 'learning_rate': 0.0009588170746216005, 'batch_size': 83, 'step_size': 4, 'gamma': 0.9163739153216794}. Best is trial 11 with value: 0.006238935980945826.[0m
[32m[I 2025-01-15 08:24:30,160][0m Trial 12 finished with value: 0.007025840415342434 and parameters: {'observation_period_num': 138, 'train_rates': 0.8426498650251629, 'learning_rate': 0.00017622353760390438, 'batch_size': 84, 'step_size': 4, 'gamma': 0.9183430218713629}. Best is trial 11 with value: 0.006238935980945826.[0m
[32m[I 2025-01-15 08:25:32,314][0m Trial 13 finished with value: 0.017307944635027335 and parameters: {'observation_period_num': 177, 'train_rates': 0.8290795292021426, 'learning_rate': 0.00013580755263537585, 'batch_size': 77, 'step_size': 8, 'gamma': 0.914728297205872}. Best is trial 11 with value: 0.006238935980945826.[0m
[32m[I 2025-01-15 08:26:31,834][0m Trial 14 finished with value: 0.017490486512187778 and parameters: {'observation_period_num': 109, 'train_rates': 0.8560339366225269, 'learning_rate': 1.9257034226310163e-05, 'batch_size': 85, 'step_size': 3, 'gamma': 0.9874322928316708}. Best is trial 11 with value: 0.006238935980945826.[0m
[32m[I 2025-01-15 08:27:50,210][0m Trial 15 finished with value: 0.007565406680276448 and parameters: {'observation_period_num': 206, 'train_rates': 0.9201677874917134, 'learning_rate': 0.0001787431511228391, 'batch_size': 65, 'step_size': 7, 'gamma': 0.8997450174303375}. Best is trial 11 with value: 0.006238935980945826.[0m
[32m[I 2025-01-15 08:28:24,768][0m Trial 16 finished with value: 0.03923794329252646 and parameters: {'observation_period_num': 144, 'train_rates': 0.6158440131602828, 'learning_rate': 2.1226043009463012e-05, 'batch_size': 119, 'step_size': 15, 'gamma': 0.9454002065795232}. Best is trial 11 with value: 0.006238935980945826.[0m
[32m[I 2025-01-15 08:29:51,941][0m Trial 17 finished with value: 0.004958455534127883 and parameters: {'observation_period_num': 106, 'train_rates': 0.8348090553768843, 'learning_rate': 0.00032968228527953657, 'batch_size': 56, 'step_size': 3, 'gamma': 0.930334130814802}. Best is trial 17 with value: 0.004958455534127883.[0m
[32m[I 2025-01-15 08:31:20,556][0m Trial 18 finished with value: 0.009570169465921059 and parameters: {'observation_period_num': 100, 'train_rates': 0.7152108558026473, 'learning_rate': 0.0003926990385871612, 'batch_size': 50, 'step_size': 2, 'gamma': 0.9852134263962278}. Best is trial 17 with value: 0.004958455534127883.[0m
[32m[I 2025-01-15 08:32:07,680][0m Trial 19 finished with value: 0.01897796374910018 and parameters: {'observation_period_num': 63, 'train_rates': 0.9354622350753439, 'learning_rate': 7.448575641035578e-05, 'batch_size': 121, 'step_size': 5, 'gamma': 0.9467184391312733}. Best is trial 17 with value: 0.004958455534127883.[0m
[32m[I 2025-01-15 08:33:47,233][0m Trial 20 finished with value: 0.011717569734069651 and parameters: {'observation_period_num': 168, 'train_rates': 0.7991891679057, 'learning_rate': 0.0006594930293477737, 'batch_size': 47, 'step_size': 9, 'gamma': 0.8821803943942773}. Best is trial 17 with value: 0.004958455534127883.[0m
[32m[I 2025-01-15 08:34:37,392][0m Trial 21 finished with value: 0.006327284580838928 and parameters: {'observation_period_num': 121, 'train_rates': 0.8559185371558355, 'learning_rate': 0.000255175119655087, 'batch_size': 101, 'step_size': 3, 'gamma': 0.9225121785436633}. Best is trial 17 with value: 0.004958455534127883.[0m
[32m[I 2025-01-15 08:35:30,599][0m Trial 22 finished with value: 0.010027368702850807 and parameters: {'observation_period_num': 106, 'train_rates': 0.9391837587826144, 'learning_rate': 0.00026707670469678865, 'batch_size': 106, 'step_size': 2, 'gamma': 0.9272363600430096}. Best is trial 17 with value: 0.004958455534127883.[0m
[32m[I 2025-01-15 08:37:15,245][0m Trial 23 finished with value: 0.0171057236607413 and parameters: {'observation_period_num': 121, 'train_rates': 0.8694693776906974, 'learning_rate': 0.00038360529127014274, 'batch_size': 48, 'step_size': 3, 'gamma': 0.959565217767127}. Best is trial 17 with value: 0.004958455534127883.[0m
[32m[I 2025-01-15 08:38:33,948][0m Trial 24 finished with value: 0.0037414850623188715 and parameters: {'observation_period_num': 80, 'train_rates': 0.8157575552250163, 'learning_rate': 0.0009837393907367684, 'batch_size': 63, 'step_size': 5, 'gamma': 0.9042221578045346}. Best is trial 24 with value: 0.0037414850623188715.[0m
[32m[I 2025-01-15 08:39:53,698][0m Trial 25 finished with value: 0.004580233262872492 and parameters: {'observation_period_num': 73, 'train_rates': 0.8125323039021415, 'learning_rate': 0.0008358134446683464, 'batch_size': 63, 'step_size': 6, 'gamma': 0.8984951964555467}. Best is trial 24 with value: 0.0037414850623188715.[0m
[32m[I 2025-01-15 08:41:17,171][0m Trial 26 finished with value: 0.005068134256255101 and parameters: {'observation_period_num': 74, 'train_rates': 0.8055091962263149, 'learning_rate': 0.0005517479836954735, 'batch_size': 59, 'step_size': 6, 'gamma': 0.8905129880606639}. Best is trial 24 with value: 0.0037414850623188715.[0m
[32m[I 2025-01-15 08:43:13,493][0m Trial 27 finished with value: 0.01203118113535624 and parameters: {'observation_period_num': 77, 'train_rates': 0.7782013325693014, 'learning_rate': 0.00011616936880467515, 'batch_size': 40, 'step_size': 8, 'gamma': 0.9022133534327548}. Best is trial 24 with value: 0.0037414850623188715.[0m
[32m[I 2025-01-15 08:43:49,958][0m Trial 28 finished with value: 0.04176479017515795 and parameters: {'observation_period_num': 55, 'train_rates': 0.8121437233320146, 'learning_rate': 4.064341123808555e-05, 'batch_size': 145, 'step_size': 5, 'gamma': 0.7574475767040916}. Best is trial 24 with value: 0.0037414850623188715.[0m
[32m[I 2025-01-15 08:44:18,060][0m Trial 29 finished with value: 0.016452557843836525 and parameters: {'observation_period_num': 7, 'train_rates': 0.7563334399254158, 'learning_rate': 0.0005554621441712439, 'batch_size': 177, 'step_size': 7, 'gamma': 0.8025274130030006}. Best is trial 24 with value: 0.0037414850623188715.[0m
[32m[I 2025-01-15 08:46:36,957][0m Trial 30 finished with value: 0.010058607620067892 and parameters: {'observation_period_num': 25, 'train_rates': 0.8153908067605856, 'learning_rate': 0.00032521519841083606, 'batch_size': 36, 'step_size': 9, 'gamma': 0.8339857550426797}. Best is trial 24 with value: 0.0037414850623188715.[0m
[32m[I 2025-01-15 08:47:53,521][0m Trial 31 finished with value: 0.005859077985708912 and parameters: {'observation_period_num': 82, 'train_rates': 0.8372660107115164, 'learning_rate': 0.000592847030907111, 'batch_size': 65, 'step_size': 6, 'gamma': 0.8813002246966133}. Best is trial 24 with value: 0.0037414850623188715.[0m
[32m[I 2025-01-15 08:49:13,151][0m Trial 32 finished with value: 0.005480093187010237 and parameters: {'observation_period_num': 74, 'train_rates': 0.8792277351988376, 'learning_rate': 0.0005612933887260383, 'batch_size': 66, 'step_size': 6, 'gamma': 0.9013296429691006}. Best is trial 24 with value: 0.0037414850623188715.[0m
[32m[I 2025-01-15 08:50:33,173][0m Trial 33 finished with value: 0.005943727406031153 and parameters: {'observation_period_num': 69, 'train_rates': 0.7861033620974167, 'learning_rate': 0.0009923850906619874, 'batch_size': 60, 'step_size': 5, 'gamma': 0.8683282461340007}. Best is trial 24 with value: 0.0037414850623188715.[0m
[32m[I 2025-01-15 08:53:28,478][0m Trial 34 finished with value: 0.006364460987609255 and parameters: {'observation_period_num': 45, 'train_rates': 0.8228256947073029, 'learning_rate': 0.0005791140139059409, 'batch_size': 28, 'step_size': 7, 'gamma': 0.8866984866468767}. Best is trial 24 with value: 0.0037414850623188715.[0m
[32m[I 2025-01-15 08:54:12,341][0m Trial 35 finished with value: 0.25887987925104616 and parameters: {'observation_period_num': 23, 'train_rates': 0.733687007326296, 'learning_rate': 8.090757085630963e-06, 'batch_size': 109, 'step_size': 5, 'gamma': 0.8962266507809817}. Best is trial 24 with value: 0.0037414850623188715.[0m
[32m[I 2025-01-15 08:55:45,030][0m Trial 36 finished with value: 0.004968124959910282 and parameters: {'observation_period_num': 87, 'train_rates': 0.8980187754858155, 'learning_rate': 0.000196631383134354, 'batch_size': 56, 'step_size': 6, 'gamma': 0.9350664186257331}. Best is trial 24 with value: 0.0037414850623188715.[0m
[32m[I 2025-01-15 08:56:56,151][0m Trial 37 finished with value: 0.006428831015750231 and parameters: {'observation_period_num': 115, 'train_rates': 0.9017709055904852, 'learning_rate': 0.0002302478742479622, 'batch_size': 74, 'step_size': 2, 'gamma': 0.934916356178753}. Best is trial 24 with value: 0.0037414850623188715.[0m
[32m[I 2025-01-15 08:59:50,712][0m Trial 38 finished with value: 0.013133059309508938 and parameters: {'observation_period_num': 92, 'train_rates': 0.9092848550660056, 'learning_rate': 0.00010712848687113882, 'batch_size': 30, 'step_size': 9, 'gamma': 0.9680663516564181}. Best is trial 24 with value: 0.0037414850623188715.[0m
[32m[I 2025-01-15 09:00:16,322][0m Trial 39 finished with value: 0.01979562971003664 and parameters: {'observation_period_num': 56, 'train_rates': 0.8677489236747494, 'learning_rate': 0.000361237148936324, 'batch_size': 227, 'step_size': 1, 'gamma': 0.9359727265066928}. Best is trial 24 with value: 0.0037414850623188715.[0m
[32m[I 2025-01-15 09:00:51,980][0m Trial 40 finished with value: 0.026772940411169784 and parameters: {'observation_period_num': 91, 'train_rates': 0.677981507217274, 'learning_rate': 0.0001679926544230357, 'batch_size': 124, 'step_size': 7, 'gamma': 0.9556539930806216}. Best is trial 24 with value: 0.0037414850623188715.[0m
[32m[I 2025-01-15 09:02:20,962][0m Trial 41 finished with value: 0.007428265191734799 and parameters: {'observation_period_num': 83, 'train_rates': 0.8058094906424833, 'learning_rate': 0.0007789405955720559, 'batch_size': 54, 'step_size': 6, 'gamma': 0.903193244169717}. Best is trial 24 with value: 0.0037414850623188715.[0m
[32m[I 2025-01-15 09:03:10,542][0m Trial 42 finished with value: 0.008941765425617518 and parameters: {'observation_period_num': 49, 'train_rates': 0.759431041822556, 'learning_rate': 0.0005089597620740717, 'batch_size': 97, 'step_size': 5, 'gamma': 0.8762201987399028}. Best is trial 24 with value: 0.0037414850623188715.[0m
[32m[I 2025-01-15 09:04:23,661][0m Trial 43 finished with value: 0.003758730775596599 and parameters: {'observation_period_num': 100, 'train_rates': 0.8452884368999878, 'learning_rate': 0.0007728740918610753, 'batch_size': 70, 'step_size': 6, 'gamma': 0.8463211838158193}. Best is trial 24 with value: 0.0037414850623188715.[0m
[32m[I 2025-01-15 09:05:31,862][0m Trial 44 finished with value: 0.006863328269961602 and parameters: {'observation_period_num': 102, 'train_rates': 0.8421216083760225, 'learning_rate': 0.0007388569264907431, 'batch_size': 73, 'step_size': 4, 'gamma': 0.8073510680917283}. Best is trial 24 with value: 0.0037414850623188715.[0m
[32m[I 2025-01-15 09:07:45,970][0m Trial 45 finished with value: 0.01585294988028863 and parameters: {'observation_period_num': 119, 'train_rates': 0.8834053296855228, 'learning_rate': 0.00030241671336079883, 'batch_size': 38, 'step_size': 8, 'gamma': 0.9698851888501996}. Best is trial 24 with value: 0.0037414850623188715.[0m
[32m[I 2025-01-15 09:08:43,899][0m Trial 46 finished with value: 0.008299656203863295 and parameters: {'observation_period_num': 156, 'train_rates': 0.8624692599290276, 'learning_rate': 0.0008584848564163253, 'batch_size': 89, 'step_size': 3, 'gamma': 0.8413311634642708}. Best is trial 24 with value: 0.0037414850623188715.[0m
[32m[I 2025-01-15 09:12:02,921][0m Trial 47 finished with value: 0.00979887611438634 and parameters: {'observation_period_num': 248, 'train_rates': 0.7764076849733536, 'learning_rate': 5.981370364197636e-05, 'batch_size': 22, 'step_size': 6, 'gamma': 0.8572009156773696}. Best is trial 24 with value: 0.0037414850623188715.[0m
[32m[I 2025-01-15 09:13:16,488][0m Trial 48 finished with value: 0.005940249643141502 and parameters: {'observation_period_num': 96, 'train_rates': 0.9601255219234637, 'learning_rate': 0.0004426555948351856, 'batch_size': 75, 'step_size': 4, 'gamma': 0.8159048227333777}. Best is trial 24 with value: 0.0037414850623188715.[0m
[32m[I 2025-01-15 09:15:17,962][0m Trial 49 finished with value: 0.012494564024281913 and parameters: {'observation_period_num': 34, 'train_rates': 0.8910225551857796, 'learning_rate': 0.0007658704301536449, 'batch_size': 44, 'step_size': 10, 'gamma': 0.9097874892649663}. Best is trial 24 with value: 0.0037414850623188715.[0m
[32m[I 2025-01-15 09:15:17,968][0m A new study created in memory with name: no-name-bc282c7e-3cf7-47ef-98f0-f0b2bce0aecc[0m
[32m[I 2025-01-15 09:16:32,654][0m Trial 0 finished with value: 0.13269667134186608 and parameters: {'observation_period_num': 27, 'train_rates': 0.8264380147710215, 'learning_rate': 1.166601998737236e-06, 'batch_size': 68, 'step_size': 15, 'gamma': 0.9257676158152983}. Best is trial 0 with value: 0.13269667134186608.[0m
[32m[I 2025-01-15 09:18:35,326][0m Trial 1 finished with value: 0.1843741544682509 and parameters: {'observation_period_num': 208, 'train_rates': 0.7144092629768792, 'learning_rate': 3.7314701322497335e-06, 'batch_size': 35, 'step_size': 11, 'gamma': 0.8060932875049824}. Best is trial 0 with value: 0.13269667134186608.[0m
[32m[I 2025-01-15 09:21:29,039][0m Trial 2 finished with value: 0.22164811502639833 and parameters: {'observation_period_num': 112, 'train_rates': 0.749495230352202, 'learning_rate': 1.0909315640629646e-06, 'batch_size': 26, 'step_size': 15, 'gamma': 0.7746105368487204}. Best is trial 0 with value: 0.13269667134186608.[0m
[32m[I 2025-01-15 09:22:50,943][0m Trial 3 finished with value: 0.17146419558680487 and parameters: {'observation_period_num': 230, 'train_rates': 0.786237916031986, 'learning_rate': 0.00036699854868079584, 'batch_size': 56, 'step_size': 2, 'gamma': 0.9731685986438207}. Best is trial 0 with value: 0.13269667134186608.[0m
[32m[I 2025-01-15 09:23:18,179][0m Trial 4 finished with value: 0.08956618670337987 and parameters: {'observation_period_num': 62, 'train_rates': 0.8576051643775462, 'learning_rate': 0.0002397575515792747, 'batch_size': 196, 'step_size': 6, 'gamma': 0.9041783687224276}. Best is trial 4 with value: 0.08956618670337987.[0m
[32m[I 2025-01-15 09:23:39,850][0m Trial 5 finished with value: 0.07330724452385458 and parameters: {'observation_period_num': 40, 'train_rates': 0.7977538201496954, 'learning_rate': 4.0266513167080624e-05, 'batch_size': 237, 'step_size': 10, 'gamma': 0.8034963954812238}. Best is trial 5 with value: 0.07330724452385458.[0m
[32m[I 2025-01-15 09:25:12,886][0m Trial 6 finished with value: 0.025905122733221646 and parameters: {'observation_period_num': 8, 'train_rates': 0.8468346980098842, 'learning_rate': 4.595098285141553e-05, 'batch_size': 56, 'step_size': 14, 'gamma': 0.8678398138436927}. Best is trial 6 with value: 0.025905122733221646.[0m
[32m[I 2025-01-15 09:26:18,940][0m Trial 7 finished with value: 0.18972638765498617 and parameters: {'observation_period_num': 40, 'train_rates': 0.7981013161904802, 'learning_rate': 1.1291227735576192e-05, 'batch_size': 75, 'step_size': 2, 'gamma': 0.7860911512541486}. Best is trial 6 with value: 0.025905122733221646.[0m
[32m[I 2025-01-15 09:26:48,748][0m Trial 8 finished with value: 0.17998483418314545 and parameters: {'observation_period_num': 155, 'train_rates': 0.85559249325072, 'learning_rate': 2.2505492243058864e-05, 'batch_size': 177, 'step_size': 9, 'gamma': 0.9128272576560874}. Best is trial 6 with value: 0.025905122733221646.[0m
[32m[I 2025-01-15 09:27:21,063][0m Trial 9 finished with value: 0.2195674560286782 and parameters: {'observation_period_num': 206, 'train_rates': 0.8041036839599991, 'learning_rate': 2.2762813300413893e-05, 'batch_size': 148, 'step_size': 4, 'gamma': 0.8253125370198596}. Best is trial 6 with value: 0.025905122733221646.[0m
[32m[I 2025-01-15 09:28:12,648][0m Trial 10 finished with value: 0.15310901403427124 and parameters: {'observation_period_num': 99, 'train_rates': 0.9789995592326458, 'learning_rate': 0.00010404307016308158, 'batch_size': 110, 'step_size': 12, 'gamma': 0.8610845656724659}. Best is trial 6 with value: 0.025905122733221646.[0m
[32m[I 2025-01-15 09:28:31,448][0m Trial 11 finished with value: 0.034444614948452336 and parameters: {'observation_period_num': 24, 'train_rates': 0.652819028864736, 'learning_rate': 8.287782506552371e-05, 'batch_size': 241, 'step_size': 12, 'gamma': 0.8544095821813551}. Best is trial 6 with value: 0.025905122733221646.[0m
[32m[I 2025-01-15 09:28:49,997][0m Trial 12 finished with value: 0.02455838194817876 and parameters: {'observation_period_num': 15, 'train_rates': 0.6095255460727087, 'learning_rate': 9.983588013310033e-05, 'batch_size': 249, 'step_size': 13, 'gamma': 0.8577899850787426}. Best is trial 12 with value: 0.02455838194817876.[0m
[32m[I 2025-01-15 09:29:27,025][0m Trial 13 finished with value: 0.14424425075796346 and parameters: {'observation_period_num': 77, 'train_rates': 0.6047460316377089, 'learning_rate': 0.0008720504183516338, 'batch_size': 114, 'step_size': 13, 'gamma': 0.8840875606018477}. Best is trial 12 with value: 0.02455838194817876.[0m
