[32m[I 2025-01-15 04:54:29,086][0m A new study created in memory with name: no-name-7ac0eeb9-3253-4014-a191-b2f0bb552ddd[0m
[32m[I 2025-01-15 04:56:12,597][0m Trial 0 finished with value: 0.45293389733821626 and parameters: {'observation_period_num': 9, 'train_rates': 0.8504603416344871, 'learning_rate': 3.908035845379693e-06, 'batch_size': 50, 'step_size': 3, 'gamma': 0.8368406003462641}. Best is trial 0 with value: 0.45293389733821626.[0m
[32m[I 2025-01-15 04:59:09,273][0m Trial 1 finished with value: 0.14531979246731527 and parameters: {'observation_period_num': 163, 'train_rates': 0.7757208926307728, 'learning_rate': 0.0001498234815875195, 'batch_size': 26, 'step_size': 11, 'gamma': 0.8621656807535244}. Best is trial 1 with value: 0.14531979246731527.[0m
[32m[I 2025-01-15 05:01:32,347][0m Trial 2 finished with value: 0.5728600154924095 and parameters: {'observation_period_num': 127, 'train_rates': 0.6379401027149252, 'learning_rate': 0.00016816958277097148, 'batch_size': 28, 'step_size': 11, 'gamma': 0.9083027425031798}. Best is trial 1 with value: 0.14531979246731527.[0m
[32m[I 2025-01-15 05:02:15,469][0m Trial 3 finished with value: 0.6165955165973477 and parameters: {'observation_period_num': 10, 'train_rates': 0.6046429295686729, 'learning_rate': 0.000803958086485426, 'batch_size': 97, 'step_size': 5, 'gamma': 0.8267459456850518}. Best is trial 1 with value: 0.14531979246731527.[0m
[32m[I 2025-01-15 05:04:16,911][0m Trial 4 finished with value: 0.5453955286800272 and parameters: {'observation_period_num': 163, 'train_rates': 0.8191963721665108, 'learning_rate': 1.7770403581746166e-06, 'batch_size': 39, 'step_size': 7, 'gamma': 0.9727110055584391}. Best is trial 1 with value: 0.14531979246731527.[0m
[32m[I 2025-01-15 05:05:59,677][0m Trial 5 finished with value: 0.3887152054113091 and parameters: {'observation_period_num': 135, 'train_rates': 0.7193960014067862, 'learning_rate': 0.000107236124189413, 'batch_size': 43, 'step_size': 15, 'gamma': 0.7827839525171925}. Best is trial 1 with value: 0.14531979246731527.[0m
[32m[I 2025-01-15 05:10:07,582][0m Trial 6 finished with value: 0.09277592194554986 and parameters: {'observation_period_num': 190, 'train_rates': 0.7635448529197366, 'learning_rate': 0.00012765079479563473, 'batch_size': 18, 'step_size': 12, 'gamma': 0.8557760698004558}. Best is trial 6 with value: 0.09277592194554986.[0m
[32m[I 2025-01-15 05:10:35,808][0m Trial 7 finished with value: 0.08606158196926117 and parameters: {'observation_period_num': 62, 'train_rates': 0.9434502126030817, 'learning_rate': 0.0006795960989044704, 'batch_size': 200, 'step_size': 15, 'gamma': 0.7881443577768535}. Best is trial 7 with value: 0.08606158196926117.[0m
[32m[I 2025-01-15 05:11:12,242][0m Trial 8 finished with value: 0.10112553687908189 and parameters: {'observation_period_num': 111, 'train_rates': 0.9216052084964168, 'learning_rate': 0.0001705510034698504, 'batch_size': 153, 'step_size': 8, 'gamma': 0.9098405871476388}. Best is trial 7 with value: 0.08606158196926117.[0m
[32m[I 2025-01-15 05:12:25,175][0m Trial 9 finished with value: 0.3060606928069357 and parameters: {'observation_period_num': 158, 'train_rates': 0.7929429475147357, 'learning_rate': 2.852437927099726e-05, 'batch_size': 64, 'step_size': 3, 'gamma': 0.9703626284358349}. Best is trial 7 with value: 0.08606158196926117.[0m
[32m[I 2025-01-15 05:12:52,136][0m Trial 10 finished with value: 0.025867564603686333 and parameters: {'observation_period_num': 69, 'train_rates': 0.9815702251851283, 'learning_rate': 0.0008387021648332806, 'batch_size': 231, 'step_size': 15, 'gamma': 0.7933578780799161}. Best is trial 10 with value: 0.025867564603686333.[0m
[32m[I 2025-01-15 05:13:18,817][0m Trial 11 finished with value: 0.09842897951602936 and parameters: {'observation_period_num': 68, 'train_rates': 0.9835466662596116, 'learning_rate': 0.000510933776045641, 'batch_size': 233, 'step_size': 15, 'gamma': 0.7539022283891447}. Best is trial 10 with value: 0.025867564603686333.[0m
[32m[I 2025-01-15 05:13:43,436][0m Trial 12 finished with value: 0.1046716719865799 and parameters: {'observation_period_num': 80, 'train_rates': 0.9462656813318705, 'learning_rate': 0.0009094792387849573, 'batch_size': 234, 'step_size': 13, 'gamma': 0.7953474197260473}. Best is trial 10 with value: 0.025867564603686333.[0m
[32m[I 2025-01-15 05:14:14,952][0m Trial 13 finished with value: 0.2595284672613341 and parameters: {'observation_period_num': 55, 'train_rates': 0.8832138077424946, 'learning_rate': 1.984614667406168e-05, 'batch_size': 181, 'step_size': 15, 'gamma': 0.7963943208789733}. Best is trial 10 with value: 0.025867564603686333.[0m
[32m[I 2025-01-15 05:14:44,955][0m Trial 14 finished with value: 0.014249959960579872 and parameters: {'observation_period_num': 231, 'train_rates': 0.9785159776168845, 'learning_rate': 0.00034249488779685257, 'batch_size': 188, 'step_size': 10, 'gamma': 0.7565547954606195}. Best is trial 14 with value: 0.014249959960579872.[0m
[32m[I 2025-01-15 05:15:07,375][0m Trial 15 finished with value: 0.026117242872714996 and parameters: {'observation_period_num': 243, 'train_rates': 0.9867326046404844, 'learning_rate': 0.00033015388489648423, 'batch_size': 250, 'step_size': 10, 'gamma': 0.7521723604681332}. Best is trial 14 with value: 0.014249959960579872.[0m
[32m[I 2025-01-15 05:15:21,730][0m Trial 16 finished with value: 0.44029371744220697 and parameters: {'observation_period_num': 248, 'train_rates': 0.8860358958911636, 'learning_rate': 5.6057959370170154e-05, 'batch_size': 203, 'step_size': 1, 'gamma': 0.822068689335102}. Best is trial 14 with value: 0.014249959960579872.[0m
[32m[I 2025-01-15 05:16:00,710][0m Trial 17 finished with value: 0.15907860595200743 and parameters: {'observation_period_num': 99, 'train_rates': 0.9022378042363041, 'learning_rate': 0.0003504655956793061, 'batch_size': 142, 'step_size': 13, 'gamma': 0.9007049445257099}. Best is trial 14 with value: 0.014249959960579872.[0m
[32m[I 2025-01-15 05:16:27,178][0m Trial 18 finished with value: 0.6672049327322112 and parameters: {'observation_period_num': 211, 'train_rates': 0.6932138765794117, 'learning_rate': 1.0979872931686428e-05, 'batch_size': 172, 'step_size': 9, 'gamma': 0.7679781306861022}. Best is trial 14 with value: 0.014249959960579872.[0m
[32m[I 2025-01-15 05:17:17,336][0m Trial 19 finished with value: 0.17278457420027774 and parameters: {'observation_period_num': 36, 'train_rates': 0.8425369953687809, 'learning_rate': 6.161410096540244e-05, 'batch_size': 104, 'step_size': 13, 'gamma': 0.8081243858664371}. Best is trial 14 with value: 0.014249959960579872.[0m
[32m[I 2025-01-15 05:17:43,524][0m Trial 20 finished with value: 0.034776050597429276 and parameters: {'observation_period_num': 223, 'train_rates': 0.9459624597356315, 'learning_rate': 0.000309796219302033, 'batch_size': 211, 'step_size': 6, 'gamma': 0.8864248038798086}. Best is trial 14 with value: 0.014249959960579872.[0m
[32m[I 2025-01-15 05:18:05,995][0m Trial 21 finished with value: 0.02363109029829502 and parameters: {'observation_period_num': 252, 'train_rates': 0.982876431714381, 'learning_rate': 0.0002677961280555843, 'batch_size': 254, 'step_size': 9, 'gamma': 0.7673266121186364}. Best is trial 14 with value: 0.014249959960579872.[0m
[32m[I 2025-01-15 05:18:28,824][0m Trial 22 finished with value: 0.03244684264063835 and parameters: {'observation_period_num': 210, 'train_rates': 0.9862807987290385, 'learning_rate': 0.00028331575178082766, 'batch_size': 253, 'step_size': 9, 'gamma': 0.7665850008810623}. Best is trial 14 with value: 0.014249959960579872.[0m
[32m[I 2025-01-15 05:18:53,435][0m Trial 23 finished with value: 0.025536123663187027 and parameters: {'observation_period_num': 192, 'train_rates': 0.9584866904489929, 'learning_rate': 0.0004820128850589125, 'batch_size': 232, 'step_size': 8, 'gamma': 0.7760981129129997}. Best is trial 14 with value: 0.014249959960579872.[0m
[32m[I 2025-01-15 05:19:18,115][0m Trial 24 finished with value: 0.1469612866640091 and parameters: {'observation_period_num': 228, 'train_rates': 0.9277544394769954, 'learning_rate': 6.061660692708487e-05, 'batch_size': 216, 'step_size': 8, 'gamma': 0.7730030664729508}. Best is trial 14 with value: 0.014249959960579872.[0m
[32m[I 2025-01-15 05:19:48,715][0m Trial 25 finished with value: 0.06081598997116089 and parameters: {'observation_period_num': 187, 'train_rates': 0.9551790976928923, 'learning_rate': 0.000448059456064602, 'batch_size': 184, 'step_size': 5, 'gamma': 0.9443581792638657}. Best is trial 14 with value: 0.014249959960579872.[0m
[32m[I 2025-01-15 05:20:11,998][0m Trial 26 finished with value: 0.14068910652910904 and parameters: {'observation_period_num': 252, 'train_rates': 0.8665203660445316, 'learning_rate': 0.00022886802206525492, 'batch_size': 223, 'step_size': 10, 'gamma': 0.751774819671336}. Best is trial 14 with value: 0.014249959960579872.[0m
[32m[I 2025-01-15 05:20:45,258][0m Trial 27 finished with value: 0.12280673229398618 and parameters: {'observation_period_num': 193, 'train_rates': 0.905388073399192, 'learning_rate': 9.040655985818739e-05, 'batch_size': 159, 'step_size': 7, 'gamma': 0.8090341347501403}. Best is trial 14 with value: 0.014249959960579872.[0m
[32m[I 2025-01-15 05:21:07,944][0m Trial 28 finished with value: 0.07399235665798187 and parameters: {'observation_period_num': 221, 'train_rates': 0.9557108306369625, 'learning_rate': 0.0005735551573801851, 'batch_size': 253, 'step_size': 9, 'gamma': 0.8393878369126637}. Best is trial 14 with value: 0.014249959960579872.[0m
[32m[I 2025-01-15 05:21:48,155][0m Trial 29 finished with value: 0.5559461186054164 and parameters: {'observation_period_num': 235, 'train_rates': 0.8276901687326673, 'learning_rate': 5.3968515734201575e-06, 'batch_size': 118, 'step_size': 7, 'gamma': 0.8413175445971556}. Best is trial 14 with value: 0.014249959960579872.[0m
[32m[I 2025-01-15 05:22:15,398][0m Trial 30 finished with value: 0.44570719071444925 and parameters: {'observation_period_num': 202, 'train_rates': 0.859612918440493, 'learning_rate': 0.00019874513451209348, 'batch_size': 182, 'step_size': 4, 'gamma': 0.7734860382729771}. Best is trial 14 with value: 0.014249959960579872.[0m
[32m[I 2025-01-15 05:22:40,284][0m Trial 31 finished with value: 0.05143184959888458 and parameters: {'observation_period_num': 175, 'train_rates': 0.9703092309930639, 'learning_rate': 0.0005168070982469675, 'batch_size': 234, 'step_size': 10, 'gamma': 0.807985748857717}. Best is trial 14 with value: 0.014249959960579872.[0m
[32m[I 2025-01-15 05:23:09,368][0m Trial 32 finished with value: 0.07719131736528306 and parameters: {'observation_period_num': 140, 'train_rates': 0.9254816865387144, 'learning_rate': 0.0009563438620741896, 'batch_size': 200, 'step_size': 12, 'gamma': 0.7857256017207734}. Best is trial 14 with value: 0.014249959960579872.[0m
[32m[I 2025-01-15 05:23:33,233][0m Trial 33 finished with value: 0.016297101974487305 and parameters: {'observation_period_num': 232, 'train_rates': 0.9704932757626843, 'learning_rate': 0.0004069467188630643, 'batch_size': 235, 'step_size': 8, 'gamma': 0.7642885655965497}. Best is trial 14 with value: 0.014249959960579872.[0m
[32m[I 2025-01-15 05:23:56,212][0m Trial 34 finished with value: 0.05598681420087814 and parameters: {'observation_period_num': 235, 'train_rates': 0.9575756326022364, 'learning_rate': 0.00023666003907803725, 'batch_size': 243, 'step_size': 8, 'gamma': 0.7648782625165447}. Best is trial 14 with value: 0.014249959960579872.[0m
[32m[I 2025-01-15 05:24:21,597][0m Trial 35 finished with value: 0.09760488987778107 and parameters: {'observation_period_num': 216, 'train_rates': 0.91942707146341, 'learning_rate': 8.691542948243982e-05, 'batch_size': 214, 'step_size': 11, 'gamma': 0.7787573750736674}. Best is trial 14 with value: 0.014249959960579872.[0m
[32m[I 2025-01-15 05:24:46,402][0m Trial 36 finished with value: 0.021628964692354202 and parameters: {'observation_period_num': 252, 'train_rates': 0.967820642963966, 'learning_rate': 0.0004071654636562443, 'batch_size': 223, 'step_size': 6, 'gamma': 0.8205420615468538}. Best is trial 14 with value: 0.014249959960579872.[0m
[32m[I 2025-01-15 05:25:13,457][0m Trial 37 finished with value: 0.0749997349606978 and parameters: {'observation_period_num': 252, 'train_rates': 0.8906998384050333, 'learning_rate': 0.00018272997079588576, 'batch_size': 198, 'step_size': 6, 'gamma': 0.82467141180352}. Best is trial 14 with value: 0.014249959960579872.[0m
[32m[I 2025-01-15 05:25:35,923][0m Trial 38 finished with value: 0.9648661017417908 and parameters: {'observation_period_num': 236, 'train_rates': 0.9336509960292435, 'learning_rate': 1.5756803477076166e-06, 'batch_size': 243, 'step_size': 6, 'gamma': 0.8070855687050549}. Best is trial 14 with value: 0.014249959960579872.[0m
[32m[I 2025-01-15 05:25:56,511][0m Trial 39 finished with value: 0.9591625658083337 and parameters: {'observation_period_num': 178, 'train_rates': 0.6559855189600796, 'learning_rate': 0.00012462143550678165, 'batch_size': 222, 'step_size': 5, 'gamma': 0.8599828747274053}. Best is trial 14 with value: 0.014249959960579872.[0m
[32m[I 2025-01-15 05:26:20,776][0m Trial 40 finished with value: 0.7206306358887024 and parameters: {'observation_period_num': 206, 'train_rates': 0.7449809943685071, 'learning_rate': 1.009523561153983e-06, 'batch_size': 192, 'step_size': 11, 'gamma': 0.8777824519487931}. Best is trial 14 with value: 0.014249959960579872.[0m
[32m[I 2025-01-15 05:26:43,702][0m Trial 41 finished with value: 0.043646007776260376 and parameters: {'observation_period_num': 230, 'train_rates': 0.9688770587338711, 'learning_rate': 0.00038954393207093997, 'batch_size': 241, 'step_size': 8, 'gamma': 0.760262468013086}. Best is trial 14 with value: 0.014249959960579872.[0m
[32m[I 2025-01-15 05:27:08,271][0m Trial 42 finished with value: 0.03276219964027405 and parameters: {'observation_period_num': 240, 'train_rates': 0.9685438110849414, 'learning_rate': 0.0005918660206982949, 'batch_size': 226, 'step_size': 9, 'gamma': 0.7774554808452198}. Best is trial 14 with value: 0.014249959960579872.[0m
[32m[I 2025-01-15 05:27:35,352][0m Trial 43 finished with value: 0.028072305023670197 and parameters: {'observation_period_num': 200, 'train_rates': 0.9885474351840778, 'learning_rate': 0.0007051391056237767, 'batch_size': 210, 'step_size': 7, 'gamma': 0.7859195957792546}. Best is trial 14 with value: 0.014249959960579872.[0m
[32m[I 2025-01-15 05:27:56,172][0m Trial 44 finished with value: 0.11935712397098541 and parameters: {'observation_period_num': 154, 'train_rates': 0.9104390732717077, 'learning_rate': 0.0004015626838629373, 'batch_size': 256, 'step_size': 7, 'gamma': 0.7628370019479495}. Best is trial 14 with value: 0.014249959960579872.[0m
[32m[I 2025-01-15 05:28:28,822][0m Trial 45 finished with value: 0.06843018531799316 and parameters: {'observation_period_num': 221, 'train_rates': 0.9412855891988675, 'learning_rate': 0.00014929633075527198, 'batch_size': 164, 'step_size': 10, 'gamma': 0.7500139200714621}. Best is trial 14 with value: 0.014249959960579872.[0m
[32m[I 2025-01-15 05:28:53,460][0m Trial 46 finished with value: 0.017467457801103592 and parameters: {'observation_period_num': 245, 'train_rates': 0.9647742120315158, 'learning_rate': 0.00024387788597586007, 'batch_size': 235, 'step_size': 8, 'gamma': 0.8173260396166623}. Best is trial 14 with value: 0.014249959960579872.[0m
[32m[I 2025-01-15 05:29:13,260][0m Trial 47 finished with value: 0.3448261642369671 and parameters: {'observation_period_num': 243, 'train_rates': 0.7964174648695923, 'learning_rate': 0.00025442996172431393, 'batch_size': 242, 'step_size': 5, 'gamma': 0.8493164875457894}. Best is trial 14 with value: 0.014249959960579872.[0m
[32m[I 2025-01-15 05:30:42,575][0m Trial 48 finished with value: 0.02323205711346277 and parameters: {'observation_period_num': 231, 'train_rates': 0.9742688606344583, 'learning_rate': 0.00010673939638949383, 'batch_size': 60, 'step_size': 4, 'gamma': 0.8008976791762832}. Best is trial 14 with value: 0.014249959960579872.[0m
[32m[I 2025-01-15 05:31:32,767][0m Trial 49 finished with value: 0.5046926241247389 and parameters: {'observation_period_num': 228, 'train_rates': 0.6082959405873156, 'learning_rate': 9.89084112188764e-05, 'batch_size': 77, 'step_size': 2, 'gamma': 0.818090537248668}. Best is trial 14 with value: 0.014249959960579872.[0m
[32m[I 2025-01-15 05:31:32,772][0m A new study created in memory with name: no-name-0e186ae5-da4e-4fe8-93f3-d654c33531c5[0m
[32m[I 2025-01-15 05:32:15,661][0m Trial 0 finished with value: 0.1210111390442262 and parameters: {'observation_period_num': 23, 'train_rates': 0.6477124687101046, 'learning_rate': 2.419185110280487e-05, 'batch_size': 104, 'step_size': 15, 'gamma': 0.8935301746432005}. Best is trial 0 with value: 0.1210111390442262.[0m
[32m[I 2025-01-15 05:32:50,473][0m Trial 1 finished with value: 1.1517825336367995 and parameters: {'observation_period_num': 43, 'train_rates': 0.6663681859922836, 'learning_rate': 1.0830177766296531e-06, 'batch_size': 126, 'step_size': 14, 'gamma': 0.9263743056658442}. Best is trial 0 with value: 0.1210111390442262.[0m
[32m[I 2025-01-15 05:33:48,850][0m Trial 2 finished with value: 0.009632824417693834 and parameters: {'observation_period_num': 91, 'train_rates': 0.9071737408861671, 'learning_rate': 0.00034332952560710793, 'batch_size': 91, 'step_size': 9, 'gamma': 0.9298855078913341}. Best is trial 2 with value: 0.009632824417693834.[0m
[32m[I 2025-01-15 05:34:22,163][0m Trial 3 finished with value: 0.9315944872448377 and parameters: {'observation_period_num': 214, 'train_rates': 0.8439341804569501, 'learning_rate': 9.4763618961258e-06, 'batch_size': 118, 'step_size': 1, 'gamma': 0.8171932125242796}. Best is trial 2 with value: 0.009632824417693834.[0m
[32m[I 2025-01-15 05:35:13,152][0m Trial 4 finished with value: 2.2412637799978254 and parameters: {'observation_period_num': 51, 'train_rates': 0.8797553164349713, 'learning_rate': 2.954814741340598e-06, 'batch_size': 105, 'step_size': 2, 'gamma': 0.8308334420215633}. Best is trial 2 with value: 0.009632824417693834.[0m
[32m[I 2025-01-15 05:35:33,624][0m Trial 5 finished with value: 0.11551767071789129 and parameters: {'observation_period_num': 52, 'train_rates': 0.6876877231975151, 'learning_rate': 9.118981107258382e-05, 'batch_size': 228, 'step_size': 2, 'gamma': 0.9384342833354871}. Best is trial 2 with value: 0.009632824417693834.[0m
[32m[I 2025-01-15 05:36:36,369][0m Trial 6 finished with value: 0.018166990064970263 and parameters: {'observation_period_num': 203, 'train_rates': 0.8961734505000671, 'learning_rate': 0.00034985016046916017, 'batch_size': 80, 'step_size': 4, 'gamma': 0.7968058547458504}. Best is trial 2 with value: 0.009632824417693834.[0m
[32m[I 2025-01-15 05:37:05,503][0m Trial 7 finished with value: 0.0053785478595995044 and parameters: {'observation_period_num': 101, 'train_rates': 0.9219193829265054, 'learning_rate': 0.0009431467967366139, 'batch_size': 190, 'step_size': 6, 'gamma': 0.8916001141771218}. Best is trial 7 with value: 0.0053785478595995044.[0m
[32m[I 2025-01-15 05:37:55,496][0m Trial 8 finished with value: 1.0726276003286757 and parameters: {'observation_period_num': 252, 'train_rates': 0.7316841646007094, 'learning_rate': 1.5396878470460817e-06, 'batch_size': 86, 'step_size': 1, 'gamma': 0.9153388885963505}. Best is trial 7 with value: 0.0053785478595995044.[0m
[32m[I 2025-01-15 05:38:15,983][0m Trial 9 finished with value: 0.9619475092206683 and parameters: {'observation_period_num': 150, 'train_rates': 0.7081670158833258, 'learning_rate': 1.2887078289776794e-06, 'batch_size': 222, 'step_size': 5, 'gamma': 0.9291381332804158}. Best is trial 7 with value: 0.0053785478595995044.[0m
[32m[I 2025-01-15 05:43:03,462][0m Trial 10 finished with value: 0.022956361542596962 and parameters: {'observation_period_num': 122, 'train_rates': 0.9884868466221984, 'learning_rate': 0.000835885717809226, 'batch_size': 19, 'step_size': 10, 'gamma': 0.989117286739821}. Best is trial 7 with value: 0.0053785478595995044.[0m
[32m[I 2025-01-15 05:43:37,537][0m Trial 11 finished with value: 0.01509922556579113 and parameters: {'observation_period_num': 110, 'train_rates': 0.9688604863256578, 'learning_rate': 0.00020221019095272575, 'batch_size': 171, 'step_size': 8, 'gamma': 0.8503382945923744}. Best is trial 7 with value: 0.0053785478595995044.[0m
[32m[I 2025-01-15 05:44:07,971][0m Trial 12 finished with value: 0.01721555435387053 and parameters: {'observation_period_num': 94, 'train_rates': 0.8035477479310063, 'learning_rate': 0.0004829093145515898, 'batch_size': 169, 'step_size': 9, 'gamma': 0.9732699280342165}. Best is trial 7 with value: 0.0053785478595995044.[0m
[32m[I 2025-01-15 05:44:39,271][0m Trial 13 finished with value: 0.04739600080282577 and parameters: {'observation_period_num': 86, 'train_rates': 0.9330149537567588, 'learning_rate': 0.00010582741239017233, 'batch_size': 184, 'step_size': 7, 'gamma': 0.7521347670518104}. Best is trial 7 with value: 0.0053785478595995044.[0m
[32m[I 2025-01-15 05:46:19,165][0m Trial 14 finished with value: 0.014609929089689808 and parameters: {'observation_period_num': 148, 'train_rates': 0.7790489482062902, 'learning_rate': 0.0006899340226296543, 'batch_size': 47, 'step_size': 11, 'gamma': 0.8830579589210845}. Best is trial 7 with value: 0.0053785478595995044.[0m
[32m[I 2025-01-15 05:46:41,897][0m Trial 15 finished with value: 0.026704726740717888 and parameters: {'observation_period_num': 80, 'train_rates': 0.9266268852563035, 'learning_rate': 5.125913089520119e-05, 'batch_size': 255, 'step_size': 12, 'gamma': 0.9572834467636643}. Best is trial 7 with value: 0.0053785478595995044.[0m
