[32m[I 2025-02-09 02:13:10,939][0m A new study created in memory with name: no-name-b51f0cec-9a5b-4243-b8d6-6b677a19bbeb[0m
Early stopping at epoch 87
[32m[I 2025-02-09 02:13:38,445][0m Trial 0 finished with value: 0.8083346548264259 and parameters: {'observation_period_num': 248, 'train_rates': 0.8400106728390694, 'learning_rate': 1.0713841999665006e-05, 'batch_size': 191, 'step_size': 1, 'gamma': 0.8859088912120567}. Best is trial 0 with value: 0.8083346548264259.[0m
[32m[I 2025-02-09 02:14:07,137][0m Trial 1 finished with value: 1.2884896411452182 and parameters: {'observation_period_num': 139, 'train_rates': 0.83479303241636, 'learning_rate': 2.6011592741572695e-06, 'batch_size': 206, 'step_size': 4, 'gamma': 0.8169788411424328}. Best is trial 0 with value: 0.8083346548264259.[0m
[32m[I 2025-02-09 02:15:38,099][0m Trial 2 finished with value: 0.3809142380456565 and parameters: {'observation_period_num': 40, 'train_rates': 0.6148529099920849, 'learning_rate': 4.161537971020235e-05, 'batch_size': 50, 'step_size': 3, 'gamma': 0.8913433424461819}. Best is trial 2 with value: 0.3809142380456565.[0m
[32m[I 2025-02-09 02:16:16,900][0m Trial 3 finished with value: 1.6089104284500253 and parameters: {'observation_period_num': 66, 'train_rates': 0.8025829184858501, 'learning_rate': 4.719400848551088e-06, 'batch_size': 147, 'step_size': 2, 'gamma': 0.8786770056226999}. Best is trial 2 with value: 0.3809142380456565.[0m
[32m[I 2025-02-09 02:16:48,172][0m Trial 4 finished with value: 0.16727511777597315 and parameters: {'observation_period_num': 86, 'train_rates': 0.8834533734246197, 'learning_rate': 3.3226197485491024e-05, 'batch_size': 192, 'step_size': 7, 'gamma': 0.9618177692706527}. Best is trial 4 with value: 0.16727511777597315.[0m
[32m[I 2025-02-09 02:17:08,969][0m Trial 5 finished with value: 2.044207356290189 and parameters: {'observation_period_num': 63, 'train_rates': 0.6022743731990416, 'learning_rate': 1.7675433280805455e-06, 'batch_size': 245, 'step_size': 3, 'gamma': 0.7941603475538722}. Best is trial 4 with value: 0.16727511777597315.[0m
[32m[I 2025-02-09 02:18:26,066][0m Trial 6 finished with value: 0.20407235931238363 and parameters: {'observation_period_num': 205, 'train_rates': 0.931260451017547, 'learning_rate': 3.3347305315938145e-05, 'batch_size': 74, 'step_size': 15, 'gamma': 0.8514138748281374}. Best is trial 4 with value: 0.16727511777597315.[0m
[32m[I 2025-02-09 02:19:09,585][0m Trial 7 finished with value: 0.5601650804829744 and parameters: {'observation_period_num': 194, 'train_rates': 0.7097778083546481, 'learning_rate': 7.1183046606024095e-06, 'batch_size': 112, 'step_size': 6, 'gamma': 0.9620137687016105}. Best is trial 4 with value: 0.16727511777597315.[0m
[32m[I 2025-02-09 02:19:42,266][0m Trial 8 finished with value: 0.16897669119278733 and parameters: {'observation_period_num': 188, 'train_rates': 0.8036296604024046, 'learning_rate': 0.00046022306350127596, 'batch_size': 165, 'step_size': 12, 'gamma': 0.7725543575472653}. Best is trial 4 with value: 0.16727511777597315.[0m
[32m[I 2025-02-09 02:20:26,902][0m Trial 9 finished with value: 0.2580262340429261 and parameters: {'observation_period_num': 172, 'train_rates': 0.9102961018022057, 'learning_rate': 0.0009979835237358867, 'batch_size': 134, 'step_size': 9, 'gamma': 0.8868958025694345}. Best is trial 4 with value: 0.16727511777597315.[0m
[32m[I 2025-02-09 02:20:54,375][0m Trial 10 finished with value: 0.25795531272888184 and parameters: {'observation_period_num': 110, 'train_rates': 0.9660739223469286, 'learning_rate': 0.00010202010795100077, 'batch_size': 253, 'step_size': 9, 'gamma': 0.9784176385426832}. Best is trial 4 with value: 0.16727511777597315.[0m
[32m[I 2025-02-09 02:21:25,748][0m Trial 11 finished with value: 0.1521078907427894 and parameters: {'observation_period_num': 6, 'train_rates': 0.7380686246501627, 'learning_rate': 0.0004063970899088282, 'batch_size': 183, 'step_size': 13, 'gamma': 0.7510346626270185}. Best is trial 11 with value: 0.1521078907427894.[0m
[32m[I 2025-02-09 02:21:52,923][0m Trial 12 finished with value: 0.15315574881466032 and parameters: {'observation_period_num': 11, 'train_rates': 0.716082306055511, 'learning_rate': 0.0001448444287381277, 'batch_size': 204, 'step_size': 12, 'gamma': 0.9421356218396243}. Best is trial 11 with value: 0.1521078907427894.[0m
[32m[I 2025-02-09 02:22:18,070][0m Trial 13 finished with value: 0.14355927566815035 and parameters: {'observation_period_num': 6, 'train_rates': 0.688410061430548, 'learning_rate': 0.00023071503218973153, 'batch_size': 219, 'step_size': 13, 'gamma': 0.9275480155487976}. Best is trial 13 with value: 0.14355927566815035.[0m
[32m[I 2025-02-09 02:22:44,110][0m Trial 14 finished with value: 0.15331149109991885 and parameters: {'observation_period_num': 10, 'train_rates': 0.7149335339308637, 'learning_rate': 0.00029036957896962995, 'batch_size': 227, 'step_size': 15, 'gamma': 0.9285962041734587}. Best is trial 13 with value: 0.14355927566815035.[0m
[32m[I 2025-02-09 02:23:13,991][0m Trial 15 finished with value: 0.1633184083426992 and parameters: {'observation_period_num': 45, 'train_rates': 0.6754305403942829, 'learning_rate': 0.0009607877617339494, 'batch_size': 170, 'step_size': 12, 'gamma': 0.8411708591235327}. Best is trial 13 with value: 0.14355927566815035.[0m
[32m[I 2025-02-09 02:24:13,695][0m Trial 16 finished with value: 0.15367502638003985 and parameters: {'observation_period_num': 5, 'train_rates': 0.7532645427833685, 'learning_rate': 0.00011482563009865398, 'batch_size': 88, 'step_size': 13, 'gamma': 0.9207553057520171}. Best is trial 13 with value: 0.14355927566815035.[0m
[32m[I 2025-02-09 02:24:37,345][0m Trial 17 finished with value: 0.28860667725683936 and parameters: {'observation_period_num': 121, 'train_rates': 0.6548337356544041, 'learning_rate': 0.00028309670606840734, 'batch_size': 228, 'step_size': 10, 'gamma': 0.7522083903787241}. Best is trial 13 with value: 0.14355927566815035.[0m
[32m[I 2025-02-09 02:25:10,846][0m Trial 18 finished with value: 0.19465941767085274 and parameters: {'observation_period_num': 34, 'train_rates': 0.7499319123000334, 'learning_rate': 7.116708817918183e-05, 'batch_size': 165, 'step_size': 14, 'gamma': 0.9127293603900087}. Best is trial 13 with value: 0.14355927566815035.[0m
[32m[I 2025-02-09 02:28:58,113][0m Trial 19 finished with value: 0.20425172494356392 and parameters: {'observation_period_num': 89, 'train_rates': 0.6609520157233482, 'learning_rate': 0.00041511767629962015, 'batch_size': 20, 'step_size': 11, 'gamma': 0.8193861673903109}. Best is trial 13 with value: 0.14355927566815035.[0m
[32m[I 2025-02-09 02:29:40,076][0m Trial 20 finished with value: 0.38343054653556496 and parameters: {'observation_period_num': 151, 'train_rates': 0.7664214766376253, 'learning_rate': 1.8015342039412936e-05, 'batch_size': 123, 'step_size': 14, 'gamma': 0.8546846798013806}. Best is trial 13 with value: 0.14355927566815035.[0m
[32m[I 2025-02-09 02:30:07,536][0m Trial 21 finished with value: 0.16421583190715922 and parameters: {'observation_period_num': 25, 'train_rates': 0.7103872468155463, 'learning_rate': 0.00015075444732868246, 'batch_size': 203, 'step_size': 12, 'gamma': 0.9377303442232756}. Best is trial 13 with value: 0.14355927566815035.[0m
[32m[I 2025-02-09 02:30:33,055][0m Trial 22 finished with value: 0.13631987973114362 and parameters: {'observation_period_num': 6, 'train_rates': 0.6854633382015538, 'learning_rate': 0.00020841090995566902, 'batch_size': 221, 'step_size': 11, 'gamma': 0.9563317875063705}. Best is trial 22 with value: 0.13631987973114362.[0m
[32m[I 2025-02-09 02:30:55,961][0m Trial 23 finished with value: 0.17344523552468416 and parameters: {'observation_period_num': 54, 'train_rates': 0.6359828461602103, 'learning_rate': 0.0005475762556416206, 'batch_size': 230, 'step_size': 11, 'gamma': 0.9816308076991472}. Best is trial 22 with value: 0.13631987973114362.[0m
[32m[I 2025-02-09 02:31:26,170][0m Trial 24 finished with value: 0.14502007092308739 and parameters: {'observation_period_num': 25, 'train_rates': 0.6908332578217746, 'learning_rate': 0.0002483709756242266, 'batch_size': 181, 'step_size': 10, 'gamma': 0.958527086789647}. Best is trial 22 with value: 0.13631987973114362.[0m
[32m[I 2025-02-09 02:31:51,106][0m Trial 25 finished with value: 0.23489415900613872 and parameters: {'observation_period_num': 81, 'train_rates': 0.6807366862960124, 'learning_rate': 0.00021565242460289938, 'batch_size': 219, 'step_size': 8, 'gamma': 0.9554562134277949}. Best is trial 22 with value: 0.13631987973114362.[0m
[32m[I 2025-02-09 02:32:13,159][0m Trial 26 finished with value: 0.15930085385140236 and parameters: {'observation_period_num': 26, 'train_rates': 0.6871686785900587, 'learning_rate': 6.383249557048632e-05, 'batch_size': 244, 'step_size': 10, 'gamma': 0.9084692892292731}. Best is trial 22 with value: 0.13631987973114362.[0m
[32m[I 2025-02-09 02:32:46,250][0m Trial 27 finished with value: 0.17191498937438981 and parameters: {'observation_period_num': 25, 'train_rates': 0.6406814852487382, 'learning_rate': 0.00020944104295393846, 'batch_size': 151, 'step_size': 6, 'gamma': 0.987341104686889}. Best is trial 22 with value: 0.13631987973114362.[0m
[32m[I 2025-02-09 02:33:12,343][0m Trial 28 finished with value: 0.08012004234790802 and parameters: {'observation_period_num': 56, 'train_rates': 0.787986647767758, 'learning_rate': 7.122564022747644e-05, 'batch_size': 218, 'step_size': 10, 'gamma': 0.9522741959261138}. Best is trial 28 with value: 0.08012004234790802.[0m
[32m[I 2025-02-09 02:33:38,283][0m Trial 29 finished with value: 0.41066574763924363 and parameters: {'observation_period_num': 229, 'train_rates': 0.8423870775248243, 'learning_rate': 1.4725190986763975e-05, 'batch_size': 213, 'step_size': 8, 'gamma': 0.9001444725256995}. Best is trial 28 with value: 0.08012004234790802.[0m
[32m[I 2025-02-09 02:34:00,142][0m Trial 30 finished with value: 0.14420725707072538 and parameters: {'observation_period_num': 104, 'train_rates': 0.7855266327783117, 'learning_rate': 5.905288804347618e-05, 'batch_size': 255, 'step_size': 11, 'gamma': 0.9427446721995918}. Best is trial 28 with value: 0.08012004234790802.[0m
[32m[I 2025-02-09 02:34:23,855][0m Trial 31 finished with value: 0.09087358316877386 and parameters: {'observation_period_num': 74, 'train_rates': 0.7823290408294231, 'learning_rate': 7.617157885895685e-05, 'batch_size': 238, 'step_size': 11, 'gamma': 0.9430050843046522}. Best is trial 28 with value: 0.08012004234790802.[0m
[32m[I 2025-02-09 02:34:49,943][0m Trial 32 finished with value: 0.16907627437310882 and parameters: {'observation_period_num': 75, 'train_rates': 0.8382441058254576, 'learning_rate': 2.0427822046910153e-05, 'batch_size': 234, 'step_size': 13, 'gamma': 0.9716626507629561}. Best is trial 28 with value: 0.08012004234790802.[0m
[32m[I 2025-02-09 02:35:21,998][0m Trial 33 finished with value: 0.11726790796400922 and parameters: {'observation_period_num': 49, 'train_rates': 0.865813385941372, 'learning_rate': 9.728257480917599e-05, 'batch_size': 195, 'step_size': 9, 'gamma': 0.9292666675057646}. Best is trial 28 with value: 0.08012004234790802.[0m
[32m[I 2025-02-09 02:35:51,899][0m Trial 34 finished with value: 0.07811124166355857 and parameters: {'observation_period_num': 50, 'train_rates': 0.8663458597824883, 'learning_rate': 8.640109625197132e-05, 'batch_size': 197, 'step_size': 7, 'gamma': 0.9477701477045196}. Best is trial 34 with value: 0.07811124166355857.[0m
[32m[I 2025-02-09 02:36:24,660][0m Trial 35 finished with value: 0.10696280154950007 and parameters: {'observation_period_num': 58, 'train_rates': 0.8637882912617988, 'learning_rate': 4.39253440647325e-05, 'batch_size': 195, 'step_size': 6, 'gamma': 0.946775626197798}. Best is trial 34 with value: 0.07811124166355857.[0m
[32m[I 2025-02-09 02:36:58,740][0m Trial 36 finished with value: 0.12639138331041508 and parameters: {'observation_period_num': 62, 'train_rates': 0.8681780419996935, 'learning_rate': 4.178626565226517e-05, 'batch_size': 181, 'step_size': 5, 'gamma': 0.9475191999719978}. Best is trial 34 with value: 0.07811124166355857.[0m
[32m[I 2025-02-09 02:37:26,888][0m Trial 37 finished with value: 0.1686323458434276 and parameters: {'observation_period_num': 97, 'train_rates': 0.8175917090305911, 'learning_rate': 2.665765748293998e-05, 'batch_size': 201, 'step_size': 7, 'gamma': 0.9716953645498788}. Best is trial 34 with value: 0.07811124166355857.[0m
Early stopping at epoch 75
[32m[I 2025-02-09 02:37:58,816][0m Trial 38 finished with value: 2.6937836828055204 and parameters: {'observation_period_num': 70, 'train_rates': 0.8896834534374162, 'learning_rate': 1.0256427265781948e-06, 'batch_size': 147, 'step_size': 1, 'gamma': 0.8722315906104443}. Best is trial 34 with value: 0.07811124166355857.[0m
[32m[I 2025-02-09 02:38:25,690][0m Trial 39 finished with value: 0.31251251697540283 and parameters: {'observation_period_num': 137, 'train_rates': 0.9423236530706135, 'learning_rate': 4.776359232779423e-05, 'batch_size': 242, 'step_size': 4, 'gamma': 0.8986735091463063}. Best is trial 34 with value: 0.07811124166355857.[0m
[32m[I 2025-02-09 02:38:56,490][0m Trial 40 finished with value: 0.5172297917306423 and parameters: {'observation_period_num': 53, 'train_rates': 0.7804310078077933, 'learning_rate': 5.368392019425975e-06, 'batch_size': 189, 'step_size': 7, 'gamma': 0.9128334196661665}. Best is trial 34 with value: 0.07811124166355857.[0m
[32m[I 2025-02-09 02:39:27,458][0m Trial 41 finished with value: 0.0962579825094768 and parameters: {'observation_period_num': 46, 'train_rates': 0.8581281306035026, 'learning_rate': 8.371094057516365e-05, 'batch_size': 195, 'step_size': 9, 'gamma': 0.9270536826134299}. Best is trial 34 with value: 0.07811124166355857.[0m
[32m[I 2025-02-09 02:39:56,807][0m Trial 42 finished with value: 0.08534345238962594 and parameters: {'observation_period_num': 39, 'train_rates': 0.8163849984333388, 'learning_rate': 8.095289455093951e-05, 'batch_size': 208, 'step_size': 6, 'gamma': 0.9666238131456113}. Best is trial 34 with value: 0.07811124166355857.[0m
[32m[I 2025-02-09 02:40:26,091][0m Trial 43 finished with value: 0.06516448014877237 and parameters: {'observation_period_num': 38, 'train_rates': 0.8140728692296543, 'learning_rate': 8.474722543737396e-05, 'batch_size': 206, 'step_size': 5, 'gamma': 0.9687472614204601}. Best is trial 43 with value: 0.06516448014877237.[0m
[32m[I 2025-02-09 02:40:54,270][0m Trial 44 finished with value: 0.08662552280879732 and parameters: {'observation_period_num': 67, 'train_rates': 0.8174983977279885, 'learning_rate': 0.00013354915025887512, 'batch_size': 210, 'step_size': 4, 'gamma': 0.9898802720943694}. Best is trial 43 with value: 0.06516448014877237.[0m
[32m[I 2025-02-09 02:41:22,781][0m Trial 45 finished with value: 0.0606686867557574 and parameters: {'observation_period_num': 36, 'train_rates': 0.8138022466314004, 'learning_rate': 0.00013255887938511276, 'batch_size': 211, 'step_size': 4, 'gamma': 0.9685823324117556}. Best is trial 45 with value: 0.0606686867557574.[0m
[32m[I 2025-02-09 02:41:56,891][0m Trial 46 finished with value: 0.061783451667075516 and parameters: {'observation_period_num': 36, 'train_rates': 0.812014680769098, 'learning_rate': 0.00014902012525874915, 'batch_size': 174, 'step_size': 5, 'gamma': 0.9695955644156379}. Best is trial 45 with value: 0.0606686867557574.[0m
[32m[I 2025-02-09 02:42:34,914][0m Trial 47 finished with value: 0.06765528179464801 and parameters: {'observation_period_num': 36, 'train_rates': 0.8956857576815006, 'learning_rate': 0.0001624724035954305, 'batch_size': 170, 'step_size': 3, 'gamma': 0.9769802369265893}. Best is trial 45 with value: 0.0606686867557574.[0m
[32m[I 2025-02-09 02:43:13,232][0m Trial 48 finished with value: 0.04973267516807506 and parameters: {'observation_period_num': 34, 'train_rates': 0.9040745418025193, 'learning_rate': 0.00015199105520177048, 'batch_size': 158, 'step_size': 3, 'gamma': 0.9758632085767139}. Best is trial 48 with value: 0.04973267516807506.[0m
