[32m[I 2025-02-09 02:43:54,999][0m Trial 49 finished with value: 0.06794452667236328 and parameters: {'observation_period_num': 35, 'train_rates': 0.9838595367869822, 'learning_rate': 0.00015805313403754242, 'batch_size': 158, 'step_size': 2, 'gamma': 0.9780623064865317}. Best is trial 48 with value: 0.04973267516807506.[0m
最適ハイパーパラメータが見つかりました
最適なハイパーパラメータが best_hyperparameters_GOOG_iTransformer_noMSTL.json に保存されました
Epoch 1/300, Loss: 0.5174 | 0.6463
Epoch 2/300, Loss: 0.3212 | 0.4644
Epoch 3/300, Loss: 0.2197 | 0.3320
Epoch 4/300, Loss: 0.1828 | 0.3547
Epoch 5/300, Loss: 0.1687 | 0.3041
Epoch 6/300, Loss: 0.1598 | 0.2899
Epoch 7/300, Loss: 0.1467 | 0.2187
Epoch 8/300, Loss: 0.1371 | 0.1753
Epoch 9/300, Loss: 0.1330 | 0.1594
Epoch 10/300, Loss: 0.1286 | 0.1613
Epoch 11/300, Loss: 0.1323 | 0.1910
Epoch 12/300, Loss: 0.1470 | 0.3961
Epoch 13/300, Loss: 0.1287 | 0.1744
Epoch 14/300, Loss: 0.1414 | 0.1373
Epoch 15/300, Loss: 0.1600 | 0.1636
Epoch 16/300, Loss: 0.1355 | 0.1438
Epoch 17/300, Loss: 0.1156 | 0.1184
Epoch 18/300, Loss: 0.1208 | 0.1531
Epoch 19/300, Loss: 0.1216 | 0.1126
Epoch 20/300, Loss: 0.1116 | 0.1017
Epoch 21/300, Loss: 0.1170 | 0.1021
Epoch 22/300, Loss: 0.1044 | 0.1216
Epoch 23/300, Loss: 0.1159 | 0.1056
Epoch 24/300, Loss: 0.1081 | 0.0969
Epoch 25/300, Loss: 0.1139 | 0.0912
Epoch 26/300, Loss: 0.1013 | 0.1074
Epoch 27/300, Loss: 0.1127 | 0.1100
Epoch 28/300, Loss: 0.1032 | 0.0907
Epoch 29/300, Loss: 0.1136 | 0.0920
Epoch 30/300, Loss: 0.0997 | 0.1056
Epoch 31/300, Loss: 0.1132 | 0.1386
Epoch 32/300, Loss: 0.0992 | 0.0899
Epoch 33/300, Loss: 0.1092 | 0.0892
Epoch 34/300, Loss: 0.0982 | 0.1212
Epoch 35/300, Loss: 0.1037 | 0.0924
Epoch 36/300, Loss: 0.0965 | 0.0939
Epoch 37/300, Loss: 0.0979 | 0.0791
Epoch 38/300, Loss: 0.0967 | 0.1199
Epoch 39/300, Loss: 0.0929 | 0.0760
Epoch 40/300, Loss: 0.0932 | 0.0814
Epoch 41/300, Loss: 0.0896 | 0.0790
Epoch 42/300, Loss: 0.0914 | 0.0823
Epoch 43/300, Loss: 0.0873 | 0.0750
Epoch 44/300, Loss: 0.0887 | 0.0744
Epoch 45/300, Loss: 0.0870 | 0.0766
Epoch 46/300, Loss: 0.0865 | 0.0725
Epoch 47/300, Loss: 0.0853 | 0.0728
Epoch 48/300, Loss: 0.0850 | 0.0703
Epoch 49/300, Loss: 0.0850 | 0.0724
Epoch 50/300, Loss: 0.0834 | 0.0692
Epoch 51/300, Loss: 0.0834 | 0.0700
Epoch 52/300, Loss: 0.0828 | 0.0678
Epoch 53/300, Loss: 0.0826 | 0.0676
Epoch 54/300, Loss: 0.0818 | 0.0672
Epoch 55/300, Loss: 0.0815 | 0.0673
Epoch 56/300, Loss: 0.0814 | 0.0662
Epoch 57/300, Loss: 0.0806 | 0.0646
Epoch 58/300, Loss: 0.0806 | 0.0649
Epoch 59/300, Loss: 0.0800 | 0.0646
Epoch 60/300, Loss: 0.0800 | 0.0643
Epoch 61/300, Loss: 0.0793 | 0.0635
Epoch 62/300, Loss: 0.0794 | 0.0633
Epoch 63/300, Loss: 0.0791 | 0.0628
Epoch 64/300, Loss: 0.0788 | 0.0624
Epoch 65/300, Loss: 0.0785 | 0.0626
Epoch 66/300, Loss: 0.0783 | 0.0630
Epoch 67/300, Loss: 0.0783 | 0.0617
Epoch 68/300, Loss: 0.0776 | 0.0610
Epoch 69/300, Loss: 0.0778 | 0.0612
Epoch 70/300, Loss: 0.0773 | 0.0623
Epoch 71/300, Loss: 0.0774 | 0.0613
Epoch 72/300, Loss: 0.0767 | 0.0601
Epoch 73/300, Loss: 0.0770 | 0.0602
Epoch 74/300, Loss: 0.0766 | 0.0607
Epoch 75/300, Loss: 0.0764 | 0.0600
Epoch 76/300, Loss: 0.0761 | 0.0594
Epoch 77/300, Loss: 0.0760 | 0.0599
Epoch 78/300, Loss: 0.0760 | 0.0596
Epoch 79/300, Loss: 0.0754 | 0.0585
Epoch 80/300, Loss: 0.0755 | 0.0586
Epoch 81/300, Loss: 0.0752 | 0.0597
Epoch 82/300, Loss: 0.0752 | 0.0587
Epoch 83/300, Loss: 0.0746 | 0.0576
Epoch 84/300, Loss: 0.0748 | 0.0579
Epoch 85/300, Loss: 0.0745 | 0.0588
Epoch 86/300, Loss: 0.0742 | 0.0576
Epoch 87/300, Loss: 0.0741 | 0.0570
Epoch 88/300, Loss: 0.0739 | 0.0576
Epoch 89/300, Loss: 0.0739 | 0.0575
Epoch 90/300, Loss: 0.0734 | 0.0564
Epoch 91/300, Loss: 0.0735 | 0.0565
Epoch 92/300, Loss: 0.0733 | 0.0573
Epoch 93/300, Loss: 0.0731 | 0.0563
Epoch 94/300, Loss: 0.0728 | 0.0557
Epoch 95/300, Loss: 0.0728 | 0.0562
Epoch 96/300, Loss: 0.0727 | 0.0564
Epoch 97/300, Loss: 0.0723 | 0.0553
Epoch 98/300, Loss: 0.0723 | 0.0552
Epoch 99/300, Loss: 0.0722 | 0.0558
Epoch 100/300, Loss: 0.0720 | 0.0552
Epoch 101/300, Loss: 0.0718 | 0.0547
Epoch 102/300, Loss: 0.0718 | 0.0550
Epoch 103/300, Loss: 0.0716 | 0.0550
Epoch 104/300, Loss: 0.0714 | 0.0543
Epoch 105/300, Loss: 0.0714 | 0.0543
Epoch 106/300, Loss: 0.0712 | 0.0546
Epoch 107/300, Loss: 0.0711 | 0.0541
Epoch 108/300, Loss: 0.0710 | 0.0538
Epoch 109/300, Loss: 0.0709 | 0.0540
Epoch 110/300, Loss: 0.0708 | 0.0539
Epoch 111/300, Loss: 0.0706 | 0.0535
Epoch 112/300, Loss: 0.0705 | 0.0535
Epoch 113/300, Loss: 0.0704 | 0.0535
Epoch 114/300, Loss: 0.0703 | 0.0532
Epoch 115/300, Loss: 0.0702 | 0.0530
Epoch 116/300, Loss: 0.0701 | 0.0531
Epoch 117/300, Loss: 0.0700 | 0.0529
Epoch 118/300, Loss: 0.0699 | 0.0527
Epoch 119/300, Loss: 0.0698 | 0.0527
Epoch 120/300, Loss: 0.0698 | 0.0526
Epoch 121/300, Loss: 0.0697 | 0.0524
Epoch 122/300, Loss: 0.0696 | 0.0524
Epoch 123/300, Loss: 0.0695 | 0.0523
Epoch 124/300, Loss: 0.0694 | 0.0521
Epoch 125/300, Loss: 0.0693 | 0.0520
Epoch 126/300, Loss: 0.0692 | 0.0520
Epoch 127/300, Loss: 0.0692 | 0.0519
Epoch 128/300, Loss: 0.0691 | 0.0518
Epoch 129/300, Loss: 0.0690 | 0.0517
Epoch 130/300, Loss: 0.0689 | 0.0516
Epoch 131/300, Loss: 0.0688 | 0.0515
Epoch 132/300, Loss: 0.0688 | 0.0514
Epoch 133/300, Loss: 0.0687 | 0.0513
Epoch 134/300, Loss: 0.0686 | 0.0513
Epoch 135/300, Loss: 0.0685 | 0.0512
Epoch 136/300, Loss: 0.0685 | 0.0511
Epoch 137/300, Loss: 0.0684 | 0.0510
Epoch 138/300, Loss: 0.0683 | 0.0509
Epoch 139/300, Loss: 0.0683 | 0.0509
Epoch 140/300, Loss: 0.0682 | 0.0508
Epoch 141/300, Loss: 0.0681 | 0.0507
Epoch 142/300, Loss: 0.0681 | 0.0507
Epoch 143/300, Loss: 0.0680 | 0.0506
Epoch 144/300, Loss: 0.0679 | 0.0505
Epoch 145/300, Loss: 0.0679 | 0.0504
Epoch 146/300, Loss: 0.0678 | 0.0504
Epoch 147/300, Loss: 0.0678 | 0.0503
Epoch 148/300, Loss: 0.0677 | 0.0503
Epoch 149/300, Loss: 0.0676 | 0.0502
Epoch 150/300, Loss: 0.0676 | 0.0501
Epoch 151/300, Loss: 0.0675 | 0.0501
Epoch 152/300, Loss: 0.0675 | 0.0500
Epoch 153/300, Loss: 0.0674 | 0.0499
Epoch 154/300, Loss: 0.0674 | 0.0499
Epoch 155/300, Loss: 0.0673 | 0.0498
Epoch 156/300, Loss: 0.0673 | 0.0498
Epoch 157/300, Loss: 0.0672 | 0.0497
Epoch 158/300, Loss: 0.0672 | 0.0497
Epoch 159/300, Loss: 0.0671 | 0.0496
Epoch 160/300, Loss: 0.0671 | 0.0496
Epoch 161/300, Loss: 0.0670 | 0.0495
Epoch 162/300, Loss: 0.0670 | 0.0495
Epoch 163/300, Loss: 0.0669 | 0.0494
Epoch 164/300, Loss: 0.0669 | 0.0494
Epoch 165/300, Loss: 0.0668 | 0.0493
Epoch 166/300, Loss: 0.0668 | 0.0493
Epoch 167/300, Loss: 0.0667 | 0.0492
Epoch 168/300, Loss: 0.0667 | 0.0492
Epoch 169/300, Loss: 0.0666 | 0.0492
Epoch 170/300, Loss: 0.0666 | 0.0491
Epoch 171/300, Loss: 0.0665 | 0.0491
Epoch 172/300, Loss: 0.0665 | 0.0490
Epoch 173/300, Loss: 0.0665 | 0.0490
Epoch 174/300, Loss: 0.0664 | 0.0489
Epoch 175/300, Loss: 0.0664 | 0.0489
Epoch 176/300, Loss: 0.0663 | 0.0489
Epoch 177/300, Loss: 0.0663 | 0.0488
Epoch 178/300, Loss: 0.0663 | 0.0488
Epoch 179/300, Loss: 0.0662 | 0.0488
Epoch 180/300, Loss: 0.0662 | 0.0487
Epoch 181/300, Loss: 0.0661 | 0.0487
Epoch 182/300, Loss: 0.0661 | 0.0486
Epoch 183/300, Loss: 0.0661 | 0.0486
Epoch 184/300, Loss: 0.0660 | 0.0486
Epoch 185/300, Loss: 0.0660 | 0.0485
Epoch 186/300, Loss: 0.0660 | 0.0485
Epoch 187/300, Loss: 0.0659 | 0.0485
Epoch 188/300, Loss: 0.0659 | 0.0484
Epoch 189/300, Loss: 0.0659 | 0.0484
Epoch 190/300, Loss: 0.0658 | 0.0484
Epoch 191/300, Loss: 0.0658 | 0.0484
Epoch 192/300, Loss: 0.0658 | 0.0483
Epoch 193/300, Loss: 0.0657 | 0.0483
Epoch 194/300, Loss: 0.0657 | 0.0483
Epoch 195/300, Loss: 0.0657 | 0.0482
Epoch 196/300, Loss: 0.0656 | 0.0482
Epoch 197/300, Loss: 0.0656 | 0.0482
Epoch 198/300, Loss: 0.0656 | 0.0482
Epoch 199/300, Loss: 0.0655 | 0.0481
Epoch 200/300, Loss: 0.0655 | 0.0481
Epoch 201/300, Loss: 0.0655 | 0.0481
Epoch 202/300, Loss: 0.0655 | 0.0481
Epoch 203/300, Loss: 0.0654 | 0.0480
Epoch 204/300, Loss: 0.0654 | 0.0480
Epoch 205/300, Loss: 0.0654 | 0.0480
Epoch 206/300, Loss: 0.0653 | 0.0480
Epoch 207/300, Loss: 0.0653 | 0.0479
Epoch 208/300, Loss: 0.0653 | 0.0479
Epoch 209/300, Loss: 0.0653 | 0.0479
Epoch 210/300, Loss: 0.0652 | 0.0479
Epoch 211/300, Loss: 0.0652 | 0.0479
Epoch 212/300, Loss: 0.0652 | 0.0478
Epoch 213/300, Loss: 0.0652 | 0.0478
Epoch 214/300, Loss: 0.0652 | 0.0478
Epoch 215/300, Loss: 0.0652 | 0.0478
Epoch 216/300, Loss: 0.0652 | 0.0478
Epoch 217/300, Loss: 0.0653 | 0.0477
Epoch 218/300, Loss: 0.0657 | 0.0478
Epoch 219/300, Loss: 0.0664 | 0.0483
Epoch 220/300, Loss: 0.0676 | 0.0485
Epoch 221/300, Loss: 0.0691 | 0.0615
Epoch 222/300, Loss: 0.0682 | 0.0513
Epoch 223/300, Loss: 0.0671 | 0.0598
Epoch 224/300, Loss: 0.0658 | 0.0486
Epoch 225/300, Loss: 0.0652 | 0.0497
Epoch 226/300, Loss: 0.0650 | 0.0476
Epoch 227/300, Loss: 0.0649 | 0.0479
Epoch 228/300, Loss: 0.0649 | 0.0476
Epoch 229/300, Loss: 0.0649 | 0.0476
Epoch 230/300, Loss: 0.0648 | 0.0475
Epoch 231/300, Loss: 0.0648 | 0.0475
Epoch 232/300, Loss: 0.0648 | 0.0475
Epoch 233/300, Loss: 0.0648 | 0.0475
Epoch 234/300, Loss: 0.0648 | 0.0475
Epoch 235/300, Loss: 0.0648 | 0.0475
Epoch 236/300, Loss: 0.0647 | 0.0475
Epoch 237/300, Loss: 0.0647 | 0.0475
Epoch 238/300, Loss: 0.0647 | 0.0474
Epoch 239/300, Loss: 0.0647 | 0.0474
Epoch 240/300, Loss: 0.0647 | 0.0474
Epoch 241/300, Loss: 0.0647 | 0.0474
Epoch 242/300, Loss: 0.0647 | 0.0474
Epoch 243/300, Loss: 0.0646 | 0.0474
Epoch 244/300, Loss: 0.0646 | 0.0474
Epoch 245/300, Loss: 0.0646 | 0.0474
Epoch 246/300, Loss: 0.0646 | 0.0474
Epoch 247/300, Loss: 0.0646 | 0.0473
Epoch 248/300, Loss: 0.0646 | 0.0473
Epoch 249/300, Loss: 0.0646 | 0.0473
Epoch 250/300, Loss: 0.0646 | 0.0473
Epoch 251/300, Loss: 0.0645 | 0.0473
Epoch 252/300, Loss: 0.0645 | 0.0473
Epoch 253/300, Loss: 0.0645 | 0.0473
Epoch 254/300, Loss: 0.0645 | 0.0473
Epoch 255/300, Loss: 0.0645 | 0.0473
Epoch 256/300, Loss: 0.0645 | 0.0473
Epoch 257/300, Loss: 0.0645 | 0.0472
Epoch 258/300, Loss: 0.0645 | 0.0472
Epoch 259/300, Loss: 0.0644 | 0.0472
Epoch 260/300, Loss: 0.0644 | 0.0472
Epoch 261/300, Loss: 0.0644 | 0.0472
Epoch 262/300, Loss: 0.0644 | 0.0472
Epoch 263/300, Loss: 0.0644 | 0.0472
Epoch 264/300, Loss: 0.0644 | 0.0472
Epoch 265/300, Loss: 0.0644 | 0.0472
Epoch 266/300, Loss: 0.0644 | 0.0472
Epoch 267/300, Loss: 0.0644 | 0.0472
Epoch 268/300, Loss: 0.0644 | 0.0472
Epoch 269/300, Loss: 0.0643 | 0.0471
Epoch 270/300, Loss: 0.0643 | 0.0471
Epoch 271/300, Loss: 0.0643 | 0.0471
Epoch 272/300, Loss: 0.0643 | 0.0471
Epoch 273/300, Loss: 0.0643 | 0.0471
Epoch 274/300, Loss: 0.0643 | 0.0471
Epoch 275/300, Loss: 0.0643 | 0.0471
Epoch 276/300, Loss: 0.0643 | 0.0471
Epoch 277/300, Loss: 0.0643 | 0.0471
Epoch 278/300, Loss: 0.0643 | 0.0471
Epoch 279/300, Loss: 0.0643 | 0.0471
Epoch 280/300, Loss: 0.0642 | 0.0471
Epoch 281/300, Loss: 0.0642 | 0.0471
Epoch 282/300, Loss: 0.0642 | 0.0471
Epoch 283/300, Loss: 0.0642 | 0.0470
Epoch 284/300, Loss: 0.0642 | 0.0470
Epoch 285/300, Loss: 0.0642 | 0.0470
Epoch 286/300, Loss: 0.0642 | 0.0470
Epoch 287/300, Loss: 0.0642 | 0.0470
Epoch 288/300, Loss: 0.0642 | 0.0470
Epoch 289/300, Loss: 0.0642 | 0.0470
Epoch 290/300, Loss: 0.0642 | 0.0470
Epoch 291/300, Loss: 0.0642 | 0.0470
Epoch 292/300, Loss: 0.0641 | 0.0470
Epoch 293/300, Loss: 0.0641 | 0.0470
Epoch 294/300, Loss: 0.0641 | 0.0470
Epoch 295/300, Loss: 0.0641 | 0.0470
Epoch 296/300, Loss: 0.0641 | 0.0470
Epoch 297/300, Loss: 0.0641 | 0.0470
Epoch 298/300, Loss: 0.0641 | 0.0470
Epoch 299/300, Loss: 0.0641 | 0.0470
Epoch 300/300, Loss: 0.0641 | 0.0469
Runtime (seconds): 111.28110933303833
/home2/y2021/k2110261/.conda/envs/tensorflow/lib/python3.11/site-packages/sklearn/metrics/_regression.py:1266: UndefinedMetricWarning: R^2 score is not well-defined with less than two samples.
  warnings.warn(msg, UndefinedMetricWarning)
MSE: 392.53455162071623
RMSE: 19.812484741210938
MAE: 19.812484741210938
R-squared: nan
[206.95248]
