[32m[I 2025-02-01 09:59:18,203][0m Trial 15 finished with value: 0.12279991262642913 and parameters: {'observation_period_num': 47, 'train_rates': 0.60091167274743, 'learning_rate': 0.000299272966378303, 'batch_size': 255, 'step_size': 15, 'gamma': 0.814851295571699}. Best is trial 10 with value: 0.08005399553555448.[0m
[32m[I 2025-02-01 10:00:09,272][0m Trial 16 finished with value: 0.09327702971685464 and parameters: {'observation_period_num': 30, 'train_rates': 0.7855675190609785, 'learning_rate': 0.00010788561356319889, 'batch_size': 103, 'step_size': 10, 'gamma': 0.8872508897654798}. Best is trial 10 with value: 0.08005399553555448.[0m
[32m[I 2025-02-01 10:00:46,351][0m Trial 17 finished with value: 0.5305698826735796 and parameters: {'observation_period_num': 71, 'train_rates': 0.8808802647115352, 'learning_rate': 4.593322800809014e-06, 'batch_size': 155, 'step_size': 10, 'gamma': 0.7798525981041479}. Best is trial 10 with value: 0.08005399553555448.[0m
[32m[I 2025-02-01 10:01:12,087][0m Trial 18 finished with value: 0.17191395657016084 and parameters: {'observation_period_num': 195, 'train_rates': 0.7489992786902451, 'learning_rate': 0.0005333201353128087, 'batch_size': 193, 'step_size': 13, 'gamma': 0.8284917840886243}. Best is trial 10 with value: 0.08005399553555448.[0m
[32m[I 2025-02-01 10:01:37,079][0m Trial 19 finished with value: 0.16615870307282646 and parameters: {'observation_period_num': 130, 'train_rates': 0.8571024968134029, 'learning_rate': 0.00012914092537579197, 'batch_size': 228, 'step_size': 10, 'gamma': 0.8661546686422246}. Best is trial 10 with value: 0.08005399553555448.[0m
[32m[I 2025-02-01 10:02:30,451][0m Trial 20 finished with value: 0.0599784255027771 and parameters: {'observation_period_num': 23, 'train_rates': 0.9821560972648063, 'learning_rate': 4.852481876004693e-05, 'batch_size': 119, 'step_size': 14, 'gamma': 0.7720345609988948}. Best is trial 20 with value: 0.0599784255027771.[0m
[32m[I 2025-02-01 10:03:20,890][0m Trial 21 finished with value: 0.2954765856266022 and parameters: {'observation_period_num': 25, 'train_rates': 0.9655572887419396, 'learning_rate': 6.337719014048178e-05, 'batch_size': 122, 'step_size': 14, 'gamma': 0.7778824225455583}. Best is trial 20 with value: 0.0599784255027771.[0m
[32m[I 2025-02-01 10:03:54,406][0m Trial 22 finished with value: 0.3552850462707733 and parameters: {'observation_period_num': 60, 'train_rates': 0.7933476380314092, 'learning_rate': 6.858704685464826e-06, 'batch_size': 159, 'step_size': 13, 'gamma': 0.8074664388193685}. Best is trial 20 with value: 0.0599784255027771.[0m
[32m[I 2025-02-01 10:05:05,402][0m Trial 23 finished with value: 0.18334572356025777 and parameters: {'observation_period_num': 6, 'train_rates': 0.9327598608025263, 'learning_rate': 0.000531719182876955, 'batch_size': 82, 'step_size': 11, 'gamma': 0.7724566186222503}. Best is trial 20 with value: 0.0599784255027771.[0m
[32m[I 2025-02-01 10:05:41,681][0m Trial 24 finished with value: 0.04628200829029083 and parameters: {'observation_period_num': 29, 'train_rates': 0.9831082480153257, 'learning_rate': 0.00019918870614241732, 'batch_size': 178, 'step_size': 14, 'gamma': 0.7536434606518703}. Best is trial 24 with value: 0.04628200829029083.[0m
[32m[I 2025-02-01 10:06:35,989][0m Trial 25 finished with value: 0.041092969477176666 and parameters: {'observation_period_num': 33, 'train_rates': 0.9822162804600922, 'learning_rate': 0.00016220051805170655, 'batch_size': 111, 'step_size': 15, 'gamma': 0.8236270320122207}. Best is trial 25 with value: 0.041092969477176666.[0m
[32m[I 2025-02-01 10:08:10,209][0m Trial 26 finished with value: 0.10297110676765442 and parameters: {'observation_period_num': 76, 'train_rates': 0.989749581780564, 'learning_rate': 4.1438686961432345e-05, 'batch_size': 62, 'step_size': 15, 'gamma': 0.8203402982188843}. Best is trial 25 with value: 0.041092969477176666.[0m
[32m[I 2025-02-01 10:09:04,571][0m Trial 27 finished with value: 0.05017049238085747 and parameters: {'observation_period_num': 33, 'train_rates': 0.9748094271706989, 'learning_rate': 0.00017291273803922818, 'batch_size': 113, 'step_size': 14, 'gamma': 0.8554251655060437}. Best is trial 25 with value: 0.041092969477176666.[0m
[32m[I 2025-02-01 10:10:03,878][0m Trial 28 finished with value: 0.21874129079544363 and parameters: {'observation_period_num': 101, 'train_rates': 0.9302866599349153, 'learning_rate': 0.0002240085937119172, 'batch_size': 97, 'step_size': 14, 'gamma': 0.8684028471885703}. Best is trial 25 with value: 0.041092969477176666.[0m
[32m[I 2025-02-01 10:11:25,223][0m Trial 29 finished with value: 0.15668153454229902 and parameters: {'observation_period_num': 63, 'train_rates': 0.9075153916143376, 'learning_rate': 0.00015163593873327607, 'batch_size': 69, 'step_size': 15, 'gamma': 0.9064117089876527}. Best is trial 25 with value: 0.041092969477176666.[0m
[32m[I 2025-02-01 10:14:04,612][0m Trial 30 finished with value: 0.23865693960996234 and parameters: {'observation_period_num': 37, 'train_rates': 0.9592815623286699, 'learning_rate': 0.00017152590086376784, 'batch_size': 36, 'step_size': 9, 'gamma': 0.8931268335963916}. Best is trial 25 with value: 0.041092969477176666.[0m
[32m[I 2025-02-01 10:14:56,548][0m Trial 31 finished with value: 0.06469515711069107 and parameters: {'observation_period_num': 23, 'train_rates': 0.9858489593766006, 'learning_rate': 5.9089798061196815e-05, 'batch_size': 117, 'step_size': 14, 'gamma': 0.8567507102810696}. Best is trial 25 with value: 0.041092969477176666.[0m
[32m[I 2025-02-01 10:15:46,947][0m Trial 32 finished with value: 0.31663385033607483 and parameters: {'observation_period_num': 52, 'train_rates': 0.9665973449927796, 'learning_rate': 8.95574987607267e-05, 'batch_size': 121, 'step_size': 14, 'gamma': 0.822639199269493}. Best is trial 25 with value: 0.041092969477176666.[0m
[32m[I 2025-02-01 10:16:27,722][0m Trial 33 finished with value: 0.16819823794920025 and parameters: {'observation_period_num': 29, 'train_rates': 0.9106025966109249, 'learning_rate': 4.824413347435331e-05, 'batch_size': 145, 'step_size': 13, 'gamma': 0.8365996028968101}. Best is trial 25 with value: 0.041092969477176666.[0m
[32m[I 2025-02-01 10:17:24,086][0m Trial 34 finished with value: 0.04753341153264046 and parameters: {'observation_period_num': 41, 'train_rates': 0.986157713898318, 'learning_rate': 0.00042019339400887855, 'batch_size': 109, 'step_size': 11, 'gamma': 0.7730218841258675}. Best is trial 25 with value: 0.041092969477176666.[0m
[32m[I 2025-02-01 10:18:26,424][0m Trial 35 finished with value: 0.18907248990589312 and parameters: {'observation_period_num': 126, 'train_rates': 0.8744871967873193, 'learning_rate': 0.0004285315859142599, 'batch_size': 88, 'step_size': 11, 'gamma': 0.8778776439768738}. Best is trial 25 with value: 0.041092969477176666.[0m
[32m[I 2025-02-01 10:19:19,090][0m Trial 36 finished with value: 0.2577650840418326 and parameters: {'observation_period_num': 184, 'train_rates': 0.930388451735831, 'learning_rate': 0.0002021276021449051, 'batch_size': 105, 'step_size': 11, 'gamma': 0.852744400147107}. Best is trial 25 with value: 0.041092969477176666.[0m
[32m[I 2025-02-01 10:20:01,375][0m Trial 37 finished with value: 0.2671322524547577 and parameters: {'observation_period_num': 91, 'train_rates': 0.955818241595655, 'learning_rate': 0.0003157668475321352, 'batch_size': 139, 'step_size': 13, 'gamma': 0.8087665210108671}. Best is trial 25 with value: 0.041092969477176666.[0m
[32m[I 2025-02-01 10:21:25,020][0m Trial 38 finished with value: 0.16942222726575296 and parameters: {'observation_period_num': 59, 'train_rates': 0.9198891552599391, 'learning_rate': 0.00010583737964082358, 'batch_size': 67, 'step_size': 15, 'gamma': 0.8332688977587754}. Best is trial 25 with value: 0.041092969477176666.[0m
[32m[I 2025-02-01 10:23:27,860][0m Trial 39 finished with value: 0.1548613620721377 and parameters: {'observation_period_num': 42, 'train_rates': 0.8885851235641375, 'learning_rate': 0.0004323157277645192, 'batch_size': 44, 'step_size': 8, 'gamma': 0.9249507976672164}. Best is trial 25 with value: 0.041092969477176666.[0m
[32m[I 2025-02-01 10:24:10,869][0m Trial 40 finished with value: 0.26498062357510604 and parameters: {'observation_period_num': 238, 'train_rates': 0.9463195574750848, 'learning_rate': 0.00026328364909187113, 'batch_size': 132, 'step_size': 9, 'gamma': 0.7674524899612183}. Best is trial 25 with value: 0.041092969477176666.[0m
[32m[I 2025-02-01 10:25:05,894][0m Trial 41 finished with value: 0.08294007927179337 and parameters: {'observation_period_num': 19, 'train_rates': 0.9778957425399054, 'learning_rate': 2.378963378139394e-05, 'batch_size': 112, 'step_size': 14, 'gamma': 0.7889937441286378}. Best is trial 25 with value: 0.041092969477176666.[0m
[32m[I 2025-02-01 10:25:54,643][0m Trial 42 finished with value: 0.17461983859539032 and parameters: {'observation_period_num': 31, 'train_rates': 0.9771788896961568, 'learning_rate': 1.1711797851532373e-05, 'batch_size': 129, 'step_size': 14, 'gamma': 0.767606578112664}. Best is trial 25 with value: 0.041092969477176666.[0m
[32m[I 2025-02-01 10:26:36,822][0m Trial 43 finished with value: 0.42064720392227173 and parameters: {'observation_period_num': 71, 'train_rates': 0.9899118189260302, 'learning_rate': 2.4177362339274013e-06, 'batch_size': 149, 'step_size': 15, 'gamma': 0.8027372947572718}. Best is trial 25 with value: 0.041092969477176666.[0m
[32m[I 2025-02-01 10:27:13,183][0m Trial 44 finished with value: 0.2759799063205719 and parameters: {'observation_period_num': 44, 'train_rates': 0.9466438094351441, 'learning_rate': 7.816979267343346e-05, 'batch_size': 170, 'step_size': 6, 'gamma': 0.7507825069191253}. Best is trial 25 with value: 0.041092969477176666.[0m
[32m[I 2025-02-01 10:28:09,193][0m Trial 45 finished with value: 0.30082178115844727 and parameters: {'observation_period_num': 19, 'train_rates': 0.9693632722361543, 'learning_rate': 0.00014645329232366137, 'batch_size': 109, 'step_size': 12, 'gamma': 0.8464107731391279}. Best is trial 25 with value: 0.041092969477176666.[0m
[32m[I 2025-02-01 10:29:13,567][0m Trial 46 finished with value: 0.2521777721883366 and parameters: {'observation_period_num': 54, 'train_rates': 0.9453701925330801, 'learning_rate': 3.080479429465423e-05, 'batch_size': 89, 'step_size': 13, 'gamma': 0.7931412351759997}. Best is trial 25 with value: 0.041092969477176666.[0m
[32m[I 2025-02-01 10:30:26,907][0m Trial 47 finished with value: 0.16010085400836221 and parameters: {'observation_period_num': 36, 'train_rates': 0.9009658640552737, 'learning_rate': 0.0006363975820575842, 'batch_size': 76, 'step_size': 15, 'gamma': 0.9820143795798666}. Best is trial 25 with value: 0.041092969477176666.[0m
[32m[I 2025-02-01 10:35:24,540][0m Trial 48 finished with value: 0.3481278268897787 and parameters: {'observation_period_num': 84, 'train_rates': 0.9675742188157839, 'learning_rate': 0.00043090880891393765, 'batch_size': 19, 'step_size': 4, 'gamma': 0.7625919159379017}. Best is trial 25 with value: 0.041092969477176666.[0m
[32m[I 2025-02-01 10:36:26,030][0m Trial 49 finished with value: 0.1904038896012788 and parameters: {'observation_period_num': 17, 'train_rates': 0.9328958942862758, 'learning_rate': 0.00019220226539577866, 'batch_size': 97, 'step_size': 12, 'gamma': 0.9605417677496039}. Best is trial 25 with value: 0.041092969477176666.[0m
seasonal_0 „ÅÆÊúÄÈÅ©„Éè„Ç§„Éë„Éº„Éë„É©„É°„Éº„Çø„ÅåË¶ã„Å§„Åã„Çä„Åæ„Åó„Åü
ÊúÄÈÅ©ÂåñÂØæË±°: seasonal_1
[32m[I 2025-02-01 10:36:26,040][0m A new study created in memory with name: no-name-0c02c59b-6cb9-4198-90c0-38b422d7b3a2[0m
[32m[I 2025-02-01 10:36:52,001][0m Trial 0 finished with value: 0.12816995067920298 and parameters: {'observation_period_num': 16, 'train_rates': 0.7058121386913814, 'learning_rate': 1.4067662152352638e-05, 'batch_size': 200, 'step_size': 14, 'gamma': 0.8574128596628344}. Best is trial 0 with value: 0.12816995067920298.[0m
[32m[I 2025-02-01 10:37:28,354][0m Trial 1 finished with value: 0.16694582896988566 and parameters: {'observation_period_num': 31, 'train_rates': 0.9302263786896845, 'learning_rate': 0.0002722510570673029, 'batch_size': 163, 'step_size': 11, 'gamma': 0.8718962660515344}. Best is trial 0 with value: 0.12816995067920298.[0m
[32m[I 2025-02-01 10:38:00,672][0m Trial 2 finished with value: 0.5055772581800029 and parameters: {'observation_period_num': 184, 'train_rates': 0.6054295540661685, 'learning_rate': 3.5916729417006553e-06, 'batch_size': 135, 'step_size': 9, 'gamma': 0.9464076117483232}. Best is trial 0 with value: 0.12816995067920298.[0m
[32m[I 2025-02-01 10:41:29,263][0m Trial 3 finished with value: 0.15983053045997092 and parameters: {'observation_period_num': 128, 'train_rates': 0.6959067060646912, 'learning_rate': 6.7438135754228155e-06, 'batch_size': 21, 'step_size': 9, 'gamma': 0.9474065075951816}. Best is trial 0 with value: 0.12816995067920298.[0m
[32m[I 2025-02-01 10:46:06,591][0m Trial 4 finished with value: 0.1487352898453965 and parameters: {'observation_period_num': 166, 'train_rates': 0.8540433423452652, 'learning_rate': 4.482334776599428e-05, 'batch_size': 18, 'step_size': 4, 'gamma': 0.8853993616111441}. Best is trial 0 with value: 0.12816995067920298.[0m
[32m[I 2025-02-01 10:47:57,136][0m Trial 5 finished with value: 0.3492945179248312 and parameters: {'observation_period_num': 157, 'train_rates': 0.7756792687972112, 'learning_rate': 1.7448360393643152e-06, 'batch_size': 43, 'step_size': 9, 'gamma': 0.96342148774809}. Best is trial 0 with value: 0.12816995067920298.[0m
[32m[I 2025-02-01 10:49:20,605][0m Trial 6 finished with value: 0.3210116325206654 and parameters: {'observation_period_num': 185, 'train_rates': 0.9330779095441474, 'learning_rate': 8.452937790589226e-06, 'batch_size': 65, 'step_size': 12, 'gamma': 0.9654347230530107}. Best is trial 0 with value: 0.12816995067920298.[0m
[32m[I 2025-02-01 10:49:57,920][0m Trial 7 finished with value: 0.5302057730742787 and parameters: {'observation_period_num': 196, 'train_rates': 0.672681886516884, 'learning_rate': 3.902322120220652e-06, 'batch_size': 119, 'step_size': 11, 'gamma': 0.9748349400683761}. Best is trial 0 with value: 0.12816995067920298.[0m
[32m[I 2025-02-01 10:50:58,708][0m Trial 8 finished with value: 0.12721122179050032 and parameters: {'observation_period_num': 106, 'train_rates': 0.6190179429359091, 'learning_rate': 0.00031616492463948793, 'batch_size': 70, 'step_size': 13, 'gamma': 0.8968067839596847}. Best is trial 8 with value: 0.12721122179050032.[0m
[32m[I 2025-02-01 10:52:13,844][0m Trial 9 finished with value: 0.17781370379326103 and parameters: {'observation_period_num': 210, 'train_rates': 0.834916866243072, 'learning_rate': 0.00040285207283342065, 'batch_size': 67, 'step_size': 13, 'gamma': 0.7564963104767211}. Best is trial 8 with value: 0.12721122179050032.[0m
[32m[I 2025-02-01 10:52:57,237][0m Trial 10 finished with value: 0.1590885765435525 and parameters: {'observation_period_num': 90, 'train_rates': 0.6055413233311228, 'learning_rate': 0.00010257278473303464, 'batch_size': 99, 'step_size': 4, 'gamma': 0.8111395951882885}. Best is trial 8 with value: 0.12721122179050032.[0m
[32m[I 2025-02-01 10:53:18,541][0m Trial 11 finished with value: 0.12486705836895919 and parameters: {'observation_period_num': 13, 'train_rates': 0.7114487313716946, 'learning_rate': 2.1821451515986183e-05, 'batch_size': 244, 'step_size': 15, 'gamma': 0.9017853342399369}. Best is trial 11 with value: 0.12486705836895919.[0m
[32m[I 2025-02-01 10:53:42,071][0m Trial 12 finished with value: 0.11679063370546917 and parameters: {'observation_period_num': 67, 'train_rates': 0.7506011701597938, 'learning_rate': 0.0009975800107523331, 'batch_size': 236, 'step_size': 15, 'gamma': 0.9083334556986083}. Best is trial 12 with value: 0.11679063370546917.[0m
[32m[I 2025-02-01 10:54:03,523][0m Trial 13 finished with value: 0.1339014131720131 and parameters: {'observation_period_num': 60, 'train_rates': 0.7593058177893475, 'learning_rate': 4.029375486100148e-05, 'batch_size': 254, 'step_size': 15, 'gamma': 0.919824602429909}. Best is trial 12 with value: 0.11679063370546917.[0m
[32m[I 2025-02-01 10:54:24,795][0m Trial 14 finished with value: 0.11198333322801846 and parameters: {'observation_period_num': 59, 'train_rates': 0.7428608964356193, 'learning_rate': 9.02203567585119e-05, 'batch_size': 253, 'step_size': 15, 'gamma': 0.8338459547639088}. Best is trial 14 with value: 0.11198333322801846.[0m
Early stopping at epoch 77
[32m[I 2025-02-01 10:54:44,874][0m Trial 15 finished with value: 0.3042871881662878 and parameters: {'observation_period_num': 247, 'train_rates': 0.8328500836991161, 'learning_rate': 0.0006713594419479352, 'batch_size': 217, 'step_size': 1, 'gamma': 0.8383605335167125}. Best is trial 14 with value: 0.11198333322801846.[0m
[32m[I 2025-02-01 10:55:14,955][0m Trial 16 finished with value: 0.1295580314855053 and parameters: {'observation_period_num': 62, 'train_rates': 0.74770453614504, 'learning_rate': 0.00012890044747931447, 'batch_size': 180, 'step_size': 6, 'gamma': 0.8019280144468275}. Best is trial 14 with value: 0.11198333322801846.[0m
[32m[I 2025-02-01 10:55:41,339][0m Trial 17 finished with value: 0.1348128316501167 and parameters: {'observation_period_num': 58, 'train_rates': 0.8876726299133549, 'learning_rate': 0.0008740532926540753, 'batch_size': 228, 'step_size': 15, 'gamma': 0.8236647020648242}. Best is trial 14 with value: 0.11198333322801846.[0m
[32m[I 2025-02-01 10:56:10,704][0m Trial 18 finished with value: 0.13105154686946233 and parameters: {'observation_period_num': 87, 'train_rates': 0.8018886868390291, 'learning_rate': 8.463863035191381e-05, 'batch_size': 187, 'step_size': 11, 'gamma': 0.7584444669296143}. Best is trial 14 with value: 0.11198333322801846.[0m
[32m[I 2025-02-01 10:56:42,754][0m Trial 19 finished with value: 0.10489960660993974 and parameters: {'observation_period_num': 43, 'train_rates': 0.7389319934458617, 'learning_rate': 0.00016740788528833378, 'batch_size': 162, 'step_size': 7, 'gamma': 0.78647860357029}. Best is trial 19 with value: 0.10489960660993974.[0m
[32m[I 2025-02-01 10:57:13,814][0m Trial 20 finished with value: 0.09500118472943163 and parameters: {'observation_period_num': 40, 'train_rates': 0.6474560402812222, 'learning_rate': 0.0001940312270078571, 'batch_size': 147, 'step_size': 7, 'gamma': 0.7820545841608368}. Best is trial 20 with value: 0.09500118472943163.[0m
[32m[I 2025-02-01 10:57:43,023][0m Trial 21 finished with value: 0.10297158287618441 and parameters: {'observation_period_num': 40, 'train_rates': 0.6422830719776454, 'learning_rate': 0.00018722273818722694, 'batch_size': 156, 'step_size': 7, 'gamma': 0.7836416883194025}. Best is trial 20 with value: 0.09500118472943163.[0m
[32m[I 2025-02-01 10:58:13,984][0m Trial 22 finished with value: 0.09353964174465265 and parameters: {'observation_period_num': 35, 'train_rates': 0.6671269560937644, 'learning_rate': 0.00019053683178490272, 'batch_size': 157, 'step_size': 7, 'gamma': 0.7890612264558601}. Best is trial 22 with value: 0.09353964174465265.[0m
[32m[I 2025-02-01 10:58:45,218][0m Trial 23 finished with value: 0.08912233861767213 and parameters: {'observation_period_num': 6, 'train_rates': 0.651912682858413, 'learning_rate': 0.00021136461300468227, 'batch_size': 155, 'step_size': 5, 'gamma': 0.7796686496765313}. Best is trial 23 with value: 0.08912233861767213.[0m
[32m[I 2025-02-01 10:59:25,660][0m Trial 24 finished with value: 0.07102459669837924 and parameters: {'observation_period_num': 6, 'train_rates': 0.6516374244998486, 'learning_rate': 0.0004796668825073218, 'batch_size': 113, 'step_size': 5, 'gamma': 0.7809345723473412}. Best is trial 24 with value: 0.07102459669837924.[0m
[32m[I 2025-02-01 11:00:09,853][0m Trial 25 finished with value: 0.07903447598853686 and parameters: {'observation_period_num': 15, 'train_rates': 0.6806514273916143, 'learning_rate': 0.0004936036452144873, 'batch_size': 109, 'step_size': 4, 'gamma': 0.7699275094377348}. Best is trial 24 with value: 0.07102459669837924.[0m
[32m[I 2025-02-01 11:00:54,734][0m Trial 26 finished with value: 0.0737082474635258 and parameters: {'observation_period_num': 6, 'train_rates': 0.6399122399110887, 'learning_rate': 0.0005607429998709491, 'batch_size': 103, 'step_size': 4, 'gamma': 0.7518031766971978}. Best is trial 24 with value: 0.07102459669837924.[0m
Early stopping at epoch 83
[32m[I 2025-02-01 11:01:45,393][0m Trial 27 finished with value: 0.06162525713443756 and parameters: {'observation_period_num': 5, 'train_rates': 0.9847700050094805, 'learning_rate': 0.0004352743783481954, 'batch_size': 102, 'step_size': 2, 'gamma': 0.7616471009223855}. Best is trial 27 with value: 0.06162525713443756.[0m
Early stopping at epoch 47
[32m[I 2025-02-01 11:02:16,764][0m Trial 28 finished with value: 0.07444941252470016 and parameters: {'observation_period_num': 6, 'train_rates': 0.9891566625449723, 'learning_rate': 0.0005292182843479754, 'batch_size': 95, 'step_size': 1, 'gamma': 0.7565488408542201}. Best is trial 27 with value: 0.06162525713443756.[0m
[32m[I 2025-02-01 11:03:13,116][0m Trial 29 finished with value: 0.1359611523451565 and parameters: {'observation_period_num': 26, 'train_rates': 0.715568969162224, 'learning_rate': 5.790443163854421e-05, 'batch_size': 85, 'step_size': 2, 'gamma': 0.8569452460883089}. Best is trial 27 with value: 0.06162525713443756.[0m
[32m[I 2025-02-01 11:03:59,576][0m Trial 30 finished with value: 0.25525410240516067 and parameters: {'observation_period_num': 79, 'train_rates': 0.950031733235883, 'learning_rate': 0.00035905247067066206, 'batch_size': 129, 'step_size': 3, 'gamma': 0.8049820817691368}. Best is trial 27 with value: 0.06162525713443756.[0m
Early stopping at epoch 45
