[32m[I 2025-02-01 11:04:31,753][0m Trial 31 finished with value: 0.06974199414253235 and parameters: {'observation_period_num': 10, 'train_rates': 0.9892124340390896, 'learning_rate': 0.0005771514397943658, 'batch_size': 90, 'step_size': 1, 'gamma': 0.751610780436464}. Best is trial 27 with value: 0.06162525713443756.[0m
Early stopping at epoch 91
[32m[I 2025-02-01 11:05:41,134][0m Trial 32 finished with value: 0.05036494508385658 and parameters: {'observation_period_num': 25, 'train_rates': 0.9787485485345683, 'learning_rate': 0.000560388626745131, 'batch_size': 81, 'step_size': 2, 'gamma': 0.7517895928958118}. Best is trial 32 with value: 0.05036494508385658.[0m
Early stopping at epoch 85
[32m[I 2025-02-01 11:07:27,841][0m Trial 33 finished with value: 0.05138711258769035 and parameters: {'observation_period_num': 27, 'train_rates': 0.9882058993947358, 'learning_rate': 0.0002988263248971846, 'batch_size': 48, 'step_size': 2, 'gamma': 0.7702832941513885}. Best is trial 32 with value: 0.05036494508385658.[0m
Early stopping at epoch 94
[32m[I 2025-02-01 11:09:16,201][0m Trial 34 finished with value: 0.05009311065077782 and parameters: {'observation_period_num': 26, 'train_rates': 0.9864913308507631, 'learning_rate': 0.00029617779690660934, 'batch_size': 52, 'step_size': 2, 'gamma': 0.7653403908163988}. Best is trial 34 with value: 0.05009311065077782.[0m
[32m[I 2025-02-01 11:11:25,540][0m Trial 35 finished with value: 0.25192267992175543 and parameters: {'observation_period_num': 23, 'train_rates': 0.9601002051423102, 'learning_rate': 0.0003064561751327629, 'batch_size': 45, 'step_size': 2, 'gamma': 0.7991307675562203}. Best is trial 34 with value: 0.05009311065077782.[0m
[32m[I 2025-02-01 11:13:38,142][0m Trial 36 finished with value: 0.34821472613961546 and parameters: {'observation_period_num': 129, 'train_rates': 0.898884998754493, 'learning_rate': 2.5121385728794482e-05, 'batch_size': 40, 'step_size': 2, 'gamma': 0.7680577544923195}. Best is trial 34 with value: 0.05009311065077782.[0m
[32m[I 2025-02-01 11:15:31,803][0m Trial 37 finished with value: 0.30209976476564837 and parameters: {'observation_period_num': 46, 'train_rates': 0.9696115131788656, 'learning_rate': 0.0007864483598839902, 'batch_size': 51, 'step_size': 3, 'gamma': 0.7694496877683887}. Best is trial 34 with value: 0.05009311065077782.[0m
[32m[I 2025-02-01 11:18:57,751][0m Trial 38 finished with value: 0.14613756626063296 and parameters: {'observation_period_num': 31, 'train_rates': 0.9152330810682876, 'learning_rate': 0.0002616637663911857, 'batch_size': 27, 'step_size': 3, 'gamma': 0.8175897082125623}. Best is trial 34 with value: 0.05009311065077782.[0m
[32m[I 2025-02-01 11:20:07,756][0m Trial 39 finished with value: 0.2541403778289494 and parameters: {'observation_period_num': 126, 'train_rates': 0.9328462795512578, 'learning_rate': 0.00013572992718728015, 'batch_size': 80, 'step_size': 2, 'gamma': 0.858627980215441}. Best is trial 34 with value: 0.05009311065077782.[0m
[32m[I 2025-02-01 11:21:44,191][0m Trial 40 finished with value: 1.0647427472439441 and parameters: {'observation_period_num': 24, 'train_rates': 0.9692656155180698, 'learning_rate': 1.0144073289392358e-06, 'batch_size': 61, 'step_size': 5, 'gamma': 0.7702708805150511}. Best is trial 34 with value: 0.05009311065077782.[0m
Early stopping at epoch 47
[32m[I 2025-02-01 11:22:19,607][0m Trial 41 finished with value: 0.07489907741546631 and parameters: {'observation_period_num': 49, 'train_rates': 0.9895430656235372, 'learning_rate': 0.0006872961341071884, 'batch_size': 83, 'step_size': 1, 'gamma': 0.7500390152698011}. Best is trial 34 with value: 0.05009311065077782.[0m
Early stopping at epoch 53
[32m[I 2025-02-01 11:23:01,735][0m Trial 42 finished with value: 0.2511997928280802 and parameters: {'observation_period_num': 20, 'train_rates': 0.9425773404206965, 'learning_rate': 0.0002822085333821534, 'batch_size': 75, 'step_size': 1, 'gamma': 0.7654354483093482}. Best is trial 34 with value: 0.05009311065077782.[0m
[32m[I 2025-02-01 11:26:20,187][0m Trial 43 finished with value: 0.13854275157791562 and parameters: {'observation_period_num': 29, 'train_rates': 0.9125911667891694, 'learning_rate': 0.00039042379153074306, 'batch_size': 28, 'step_size': 3, 'gamma': 0.7505701200868592}. Best is trial 34 with value: 0.05009311065077782.[0m
Early stopping at epoch 94
[32m[I 2025-02-01 11:28:03,539][0m Trial 44 finished with value: 0.31721108767294115 and parameters: {'observation_period_num': 74, 'train_rates': 0.9785495207741858, 'learning_rate': 1.1369377287826463e-05, 'batch_size': 54, 'step_size': 2, 'gamma': 0.7915872302363717}. Best is trial 34 with value: 0.05009311065077782.[0m
Early stopping at epoch 49
[32m[I 2025-02-01 11:28:26,045][0m Trial 45 finished with value: 0.4074682092273628 and parameters: {'observation_period_num': 108, 'train_rates': 0.8722594041747767, 'learning_rate': 6.506736980784101e-05, 'batch_size': 125, 'step_size': 1, 'gamma': 0.7744717436224465}. Best is trial 34 with value: 0.05009311065077782.[0m
[32m[I 2025-02-01 11:29:30,399][0m Trial 46 finished with value: 0.21427892859013664 and parameters: {'observation_period_num': 15, 'train_rates': 0.9487044779369003, 'learning_rate': 0.0006336390790467227, 'batch_size': 91, 'step_size': 3, 'gamma': 0.7641079783818332}. Best is trial 34 with value: 0.05009311065077782.[0m
[32m[I 2025-02-01 11:31:01,829][0m Trial 47 finished with value: 0.16716423483322496 and parameters: {'observation_period_num': 47, 'train_rates': 0.9209403089214754, 'learning_rate': 0.0009363027343506808, 'batch_size': 61, 'step_size': 4, 'gamma': 0.7936729588196079}. Best is trial 34 with value: 0.05009311065077782.[0m
[32m[I 2025-02-01 11:33:41,336][0m Trial 48 finished with value: 0.35514479007469407 and parameters: {'observation_period_num': 150, 'train_rates': 0.9614097574971795, 'learning_rate': 0.00041347655505133966, 'batch_size': 35, 'step_size': 2, 'gamma': 0.9357818171728708}. Best is trial 34 with value: 0.05009311065077782.[0m
[32m[I 2025-02-01 11:35:03,962][0m Trial 49 finished with value: 0.06096993759274483 and parameters: {'observation_period_num': 33, 'train_rates': 0.9777954391468064, 'learning_rate': 0.000259629532939768, 'batch_size': 72, 'step_size': 1, 'gamma': 0.8847160446805352}. Best is trial 34 with value: 0.05009311065077782.[0m
seasonal_1 „ÅÆÊúÄÈÅ©„Éè„Ç§„Éë„Éº„Éë„É©„É°„Éº„Çø„ÅåË¶ã„Å§„Åã„Çä„Åæ„Åó„Åü
ÊúÄÈÅ©ÂåñÂØæË±°: seasonal_2
[32m[I 2025-02-01 11:35:03,973][0m A new study created in memory with name: no-name-1e5dda9a-98e5-4e53-a163-2d3e3243d174[0m
[32m[I 2025-02-01 11:36:28,526][0m Trial 0 finished with value: 0.3419303814570109 and parameters: {'observation_period_num': 158, 'train_rates': 0.9733449305913573, 'learning_rate': 4.28667762889713e-06, 'batch_size': 67, 'step_size': 10, 'gamma': 0.8779366158418587}. Best is trial 0 with value: 0.3419303814570109.[0m
[32m[I 2025-02-01 11:36:54,868][0m Trial 1 finished with value: 0.08317097118759359 and parameters: {'observation_period_num': 7, 'train_rates': 0.6420748100065807, 'learning_rate': 0.00025140890692451406, 'batch_size': 183, 'step_size': 8, 'gamma': 0.7679091413874373}. Best is trial 1 with value: 0.08317097118759359.[0m
Early stopping at epoch 72
[32m[I 2025-02-01 11:37:26,035][0m Trial 2 finished with value: 0.18588082018856691 and parameters: {'observation_period_num': 117, 'train_rates': 0.6608198396850408, 'learning_rate': 0.000439020028018373, 'batch_size': 105, 'step_size': 1, 'gamma': 0.8140410666098381}. Best is trial 1 with value: 0.08317097118759359.[0m
[32m[I 2025-02-01 11:38:28,808][0m Trial 3 finished with value: 0.624877265058302 and parameters: {'observation_period_num': 199, 'train_rates': 0.6531681869422359, 'learning_rate': 1.5076345701224513e-06, 'batch_size': 67, 'step_size': 11, 'gamma': 0.9499540380313801}. Best is trial 1 with value: 0.08317097118759359.[0m
[32m[I 2025-02-01 11:39:59,334][0m Trial 4 finished with value: 0.4513541559378306 and parameters: {'observation_period_num': 236, 'train_rates': 0.9680524567212109, 'learning_rate': 0.00017447529302815033, 'batch_size': 61, 'step_size': 9, 'gamma': 0.9198122506959239}. Best is trial 1 with value: 0.08317097118759359.[0m
[32m[I 2025-02-01 11:41:19,450][0m Trial 5 finished with value: 0.1441692013759166 and parameters: {'observation_period_num': 188, 'train_rates': 0.7225407971685492, 'learning_rate': 7.161212604567445e-05, 'batch_size': 56, 'step_size': 9, 'gamma': 0.9707939571741404}. Best is trial 1 with value: 0.08317097118759359.[0m
[32m[I 2025-02-01 11:41:41,725][0m Trial 6 finished with value: 0.45118165382305886 and parameters: {'observation_period_num': 138, 'train_rates': 0.7315599941454421, 'learning_rate': 6.162185676176303e-06, 'batch_size': 246, 'step_size': 6, 'gamma': 0.8838417863629443}. Best is trial 1 with value: 0.08317097118759359.[0m
[32m[I 2025-02-01 11:42:33,074][0m Trial 7 finished with value: 0.20041656053402054 and parameters: {'observation_period_num': 31, 'train_rates': 0.757403141023528, 'learning_rate': 9.927718707131132e-06, 'batch_size': 100, 'step_size': 3, 'gamma': 0.9310613073592203}. Best is trial 1 with value: 0.08317097118759359.[0m
[32m[I 2025-02-01 11:42:54,498][0m Trial 8 finished with value: 0.15949499607086182 and parameters: {'observation_period_num': 228, 'train_rates': 0.7580190421746649, 'learning_rate': 0.0008483389363262492, 'batch_size': 240, 'step_size': 1, 'gamma': 0.9560266732070015}. Best is trial 1 with value: 0.08317097118759359.[0m
[32m[I 2025-02-01 11:44:07,012][0m Trial 9 finished with value: 0.234722820272205 and parameters: {'observation_period_num': 220, 'train_rates': 0.76836384589151, 'learning_rate': 0.0005809733294528564, 'batch_size': 64, 'step_size': 7, 'gamma': 0.9052632186474076}. Best is trial 1 with value: 0.08317097118759359.[0m
[32m[I 2025-02-01 11:44:38,218][0m Trial 10 finished with value: 0.1349449166338201 and parameters: {'observation_period_num': 10, 'train_rates': 0.8536175387129262, 'learning_rate': 3.5467740810115825e-05, 'batch_size': 191, 'step_size': 13, 'gamma': 0.7576298518472532}. Best is trial 1 with value: 0.08317097118759359.[0m
[32m[I 2025-02-01 11:45:08,917][0m Trial 11 finished with value: 0.1399252565511441 and parameters: {'observation_period_num': 9, 'train_rates': 0.8664752818266859, 'learning_rate': 3.444048350672058e-05, 'batch_size': 183, 'step_size': 15, 'gamma': 0.7576450462045806}. Best is trial 1 with value: 0.08317097118759359.[0m
[32m[I 2025-02-01 11:45:40,588][0m Trial 12 finished with value: 0.13936493705685546 and parameters: {'observation_period_num': 78, 'train_rates': 0.8577537742301846, 'learning_rate': 0.0001263828814924111, 'batch_size': 177, 'step_size': 13, 'gamma': 0.7505681814715082}. Best is trial 1 with value: 0.08317097118759359.[0m
[32m[I 2025-02-01 11:46:12,059][0m Trial 13 finished with value: 0.24964428526513716 and parameters: {'observation_period_num': 57, 'train_rates': 0.8536707562756302, 'learning_rate': 2.1715621220169694e-05, 'batch_size': 185, 'step_size': 5, 'gamma': 0.8125069750658548}. Best is trial 1 with value: 0.08317097118759359.[0m
[32m[I 2025-02-01 11:46:48,893][0m Trial 14 finished with value: 0.1370596383840853 and parameters: {'observation_period_num': 83, 'train_rates': 0.8248836472699994, 'learning_rate': 5.4985348142240123e-05, 'batch_size': 149, 'step_size': 12, 'gamma': 0.8034551969314798}. Best is trial 1 with value: 0.08317097118759359.[0m
[32m[I 2025-02-01 11:47:11,766][0m Trial 15 finished with value: 0.0722284387974512 and parameters: {'observation_period_num': 8, 'train_rates': 0.6153772978749987, 'learning_rate': 0.0002762195889775257, 'batch_size': 214, 'step_size': 15, 'gamma': 0.7819442096746705}. Best is trial 15 with value: 0.0722284387974512.[0m
[32m[I 2025-02-01 11:47:32,801][0m Trial 16 finished with value: 0.11326496839961585 and parameters: {'observation_period_num': 45, 'train_rates': 0.6029547680706036, 'learning_rate': 0.00025583560604310014, 'batch_size': 221, 'step_size': 15, 'gamma': 0.838583191789729}. Best is trial 15 with value: 0.0722284387974512.[0m
[32m[I 2025-02-01 11:47:55,774][0m Trial 17 finished with value: 0.17601028446794964 and parameters: {'observation_period_num': 105, 'train_rates': 0.6139458164520027, 'learning_rate': 0.00028455475701319135, 'batch_size': 215, 'step_size': 4, 'gamma': 0.7833271213996892}. Best is trial 15 with value: 0.0722284387974512.[0m
[32m[I 2025-02-01 11:48:33,113][0m Trial 18 finished with value: 0.11018689774358884 and parameters: {'observation_period_num': 34, 'train_rates': 0.679796808479969, 'learning_rate': 9.84220220200156e-05, 'batch_size': 132, 'step_size': 8, 'gamma': 0.8496927330173919}. Best is trial 15 with value: 0.0722284387974512.[0m
[32m[I 2025-02-01 11:49:03,874][0m Trial 19 finished with value: 0.0951142567945154 and parameters: {'observation_period_num': 70, 'train_rates': 0.6840326142779203, 'learning_rate': 0.0009681129599253285, 'batch_size': 156, 'step_size': 11, 'gamma': 0.7822095237896721}. Best is trial 15 with value: 0.0722284387974512.[0m
[32m[I 2025-02-01 11:52:12,116][0m Trial 20 finished with value: 0.06050522843478221 and parameters: {'observation_period_num': 5, 'train_rates': 0.6363464444394393, 'learning_rate': 0.0003159169793114995, 'batch_size': 23, 'step_size': 7, 'gamma': 0.8433780450808582}. Best is trial 20 with value: 0.06050522843478221.[0m
[32m[I 2025-02-01 11:54:12,680][0m Trial 21 finished with value: 0.05844426906794609 and parameters: {'observation_period_num': 5, 'train_rates': 0.629788923503527, 'learning_rate': 0.00025964304083904096, 'batch_size': 36, 'step_size': 7, 'gamma': 0.8424356064345344}. Best is trial 21 with value: 0.05844426906794609.[0m
[32m[I 2025-02-01 11:57:55,115][0m Trial 22 finished with value: 0.08825234480310178 and parameters: {'observation_period_num': 27, 'train_rates': 0.6229925595150904, 'learning_rate': 0.00036976825882351533, 'batch_size': 19, 'step_size': 6, 'gamma': 0.8467015931594389}. Best is trial 21 with value: 0.05844426906794609.[0m
[32m[I 2025-02-01 12:00:37,977][0m Trial 23 finished with value: 0.09400605909543495 and parameters: {'observation_period_num': 55, 'train_rates': 0.700563178686158, 'learning_rate': 0.00013762112585546983, 'batch_size': 28, 'step_size': 3, 'gamma': 0.8311640258026923}. Best is trial 21 with value: 0.05844426906794609.[0m
[32m[I 2025-02-01 12:02:45,097][0m Trial 24 finished with value: 0.09290509016775503 and parameters: {'observation_period_num': 27, 'train_rates': 0.6360229840187748, 'learning_rate': 0.0005504660757029123, 'batch_size': 34, 'step_size': 7, 'gamma': 0.8585742322256502}. Best is trial 21 with value: 0.05844426906794609.[0m
[32m[I 2025-02-01 12:03:26,503][0m Trial 25 finished with value: 0.24930209787931737 and parameters: {'observation_period_num': 92, 'train_rates': 0.6036859636688909, 'learning_rate': 1.7961686981203867e-05, 'batch_size': 106, 'step_size': 5, 'gamma': 0.8925347657958419}. Best is trial 21 with value: 0.05844426906794609.[0m
[32m[I 2025-02-01 12:04:17,764][0m Trial 26 finished with value: 0.07265656026171856 and parameters: {'observation_period_num': 6, 'train_rates': 0.6690943915445408, 'learning_rate': 0.0001894920388667086, 'batch_size': 91, 'step_size': 9, 'gamma': 0.7900376902702115}. Best is trial 21 with value: 0.05844426906794609.[0m
[32m[I 2025-02-01 12:06:04,924][0m Trial 27 finished with value: 0.09849970661838289 and parameters: {'observation_period_num': 48, 'train_rates': 0.7069904256079255, 'learning_rate': 6.978667129909446e-05, 'batch_size': 43, 'step_size': 7, 'gamma': 0.8203522094248114}. Best is trial 21 with value: 0.05844426906794609.[0m
[32m[I 2025-02-01 12:06:54,007][0m Trial 28 finished with value: 0.16306604093599528 and parameters: {'observation_period_num': 24, 'train_rates': 0.9221286101555091, 'learning_rate': 0.0006505332976483653, 'batch_size': 121, 'step_size': 14, 'gamma': 0.8637788596096527}. Best is trial 21 with value: 0.05844426906794609.[0m
[32m[I 2025-02-01 12:07:50,266][0m Trial 29 finished with value: 0.15858232262796296 and parameters: {'observation_period_num': 172, 'train_rates': 0.6417287097558811, 'learning_rate': 0.00038713445171633396, 'batch_size': 75, 'step_size': 10, 'gamma': 0.8711922242661678}. Best is trial 21 with value: 0.05844426906794609.[0m
[32m[I 2025-02-01 12:09:37,590][0m Trial 30 finished with value: 0.518877674759768 and parameters: {'observation_period_num': 148, 'train_rates': 0.7930651655221408, 'learning_rate': 1.801258954777167e-06, 'batch_size': 45, 'step_size': 11, 'gamma': 0.7997063522629595}. Best is trial 21 with value: 0.05844426906794609.[0m
[32m[I 2025-02-01 12:10:31,186][0m Trial 31 finished with value: 0.07212312485823416 and parameters: {'observation_period_num': 9, 'train_rates': 0.6702051526533003, 'learning_rate': 0.00019914436273259667, 'batch_size': 86, 'step_size': 9, 'gamma': 0.7875894161198582}. Best is trial 21 with value: 0.05844426906794609.[0m
[32m[I 2025-02-01 12:11:25,465][0m Trial 32 finished with value: 0.08104078396398753 and parameters: {'observation_period_num': 21, 'train_rates': 0.6307824260003774, 'learning_rate': 0.00020720133261510463, 'batch_size': 81, 'step_size': 8, 'gamma': 0.7731320143976487}. Best is trial 21 with value: 0.05844426906794609.[0m
[32m[I 2025-02-01 12:15:13,859][0m Trial 33 finished with value: 0.10903193958736614 and parameters: {'observation_period_num': 65, 'train_rates': 0.6621907107683023, 'learning_rate': 0.0003104691190702016, 'batch_size': 19, 'step_size': 6, 'gamma': 0.834905635317342}. Best is trial 21 with value: 0.05844426906794609.[0m
[32m[I 2025-02-01 12:16:47,955][0m Trial 34 finished with value: 0.10471676957421741 and parameters: {'observation_period_num': 41, 'train_rates': 0.6528764943578251, 'learning_rate': 9.932984245271078e-05, 'batch_size': 47, 'step_size': 4, 'gamma': 0.8233991570687568}. Best is trial 21 with value: 0.05844426906794609.[0m
[32m[I 2025-02-01 12:17:45,544][0m Trial 35 finished with value: 0.0649783693120224 and parameters: {'observation_period_num': 6, 'train_rates': 0.6884325196361848, 'learning_rate': 0.0004432964669291629, 'batch_size': 82, 'step_size': 10, 'gamma': 0.7997808293488557}. Best is trial 21 with value: 0.05844426906794609.[0m
[32m[I 2025-02-01 12:18:40,860][0m Trial 36 finished with value: 0.0711997071863944 and parameters: {'observation_period_num': 18, 'train_rates': 0.7000127538193203, 'learning_rate': 0.0006101150284828238, 'batch_size': 87, 'step_size': 10, 'gamma': 0.801151887312092}. Best is trial 21 with value: 0.05844426906794609.[0m
[32m[I 2025-02-01 12:19:24,214][0m Trial 37 finished with value: 0.07810679278086485 and parameters: {'observation_period_num': 19, 'train_rates': 0.727385377331307, 'learning_rate': 0.0004666348157466837, 'batch_size': 113, 'step_size': 10, 'gamma': 0.8145016904048206}. Best is trial 21 with value: 0.05844426906794609.[0m
[32m[I 2025-02-01 12:20:50,310][0m Trial 38 finished with value: 0.09359483593238127 and parameters: {'observation_period_num': 41, 'train_rates': 0.696104723218009, 'learning_rate': 0.0007558795208061815, 'batch_size': 54, 'step_size': 10, 'gamma': 0.8005073648259201}. Best is trial 21 with value: 0.05844426906794609.[0m
[32m[I 2025-02-01 12:21:57,898][0m Trial 39 finished with value: 0.15676602708966764 and parameters: {'observation_period_num': 122, 'train_rates': 0.7424849586031166, 'learning_rate': 0.0009663075462134358, 'batch_size': 72, 'step_size': 8, 'gamma': 0.8519843984811764}. Best is trial 21 with value: 0.05844426906794609.[0m
[32m[I 2025-02-01 12:24:09,145][0m Trial 40 finished with value: 0.2016131644303217 and parameters: {'observation_period_num': 249, 'train_rates': 0.708002591043927, 'learning_rate': 0.00046036145060673374, 'batch_size': 33, 'step_size': 11, 'gamma': 0.877053114331012}. Best is trial 21 with value: 0.05844426906794609.[0m
[32m[I 2025-02-01 12:25:00,472][0m Trial 41 finished with value: 0.07484580011052244 and parameters: {'observation_period_num': 17, 'train_rates': 0.652856564826562, 'learning_rate': 0.0001991505182271304, 'batch_size': 88, 'step_size': 9, 'gamma': 0.7951486188839747}. Best is trial 21 with value: 0.05844426906794609.[0m
[32m[I 2025-02-01 12:25:50,503][0m Trial 42 finished with value: 0.07494904000125627 and parameters: {'observation_period_num': 6, 'train_rates': 0.6816084325662413, 'learning_rate': 0.0001330885932057682, 'batch_size': 95, 'step_size': 9, 'gamma': 0.9881699662274229}. Best is trial 21 with value: 0.05844426906794609.[0m
[32m[I 2025-02-01 12:26:59,214][0m Trial 43 finished with value: 0.08296780712711506 and parameters: {'observation_period_num': 29, 'train_rates': 0.6669978448814194, 'learning_rate': 0.0006390183294674403, 'batch_size': 67, 'step_size': 7, 'gamma': 0.7682602547496384}. Best is trial 21 with value: 0.05844426906794609.[0m
[32m[I 2025-02-01 12:28:15,284][0m Trial 44 finished with value: 0.06708451064238316 and parameters: {'observation_period_num': 17, 'train_rates': 0.6402745383007439, 'learning_rate': 0.0003761663431621656, 'batch_size': 58, 'step_size': 8, 'gamma': 0.808305755924858}. Best is trial 21 with value: 0.05844426906794609.[0m
[32m[I 2025-02-01 12:29:33,845][0m Trial 45 finished with value: 0.09926170680495222 and parameters: {'observation_period_num': 57, 'train_rates': 0.6438834759630914, 'learning_rate': 0.0004656246788239845, 'batch_size': 55, 'step_size': 12, 'gamma': 0.8100841609595932}. Best is trial 21 with value: 0.05844426906794609.[0m
