ÊúÄÈÅ©ÂåñÂØæË±°: trend
[32m[I 2025-02-01 09:11:44,894][0m A new study created in memory with name: no-name-94ba1633-2970-4c75-bfd4-f3b10c88dbe9[0m
[32m[I 2025-02-01 09:14:31,375][0m Trial 0 finished with value: 0.20675250787347083 and parameters: {'observation_period_num': 102, 'train_rates': 0.9340681195988767, 'learning_rate': 0.0006004307779011519, 'batch_size': 33, 'step_size': 1, 'gamma': 0.8646586662645801}. Best is trial 0 with value: 0.20675250787347083.[0m
[32m[I 2025-02-01 09:15:53,855][0m Trial 1 finished with value: 0.3348932280222001 and parameters: {'observation_period_num': 161, 'train_rates': 0.901124593100766, 'learning_rate': 6.5504638637208616e-06, 'batch_size': 65, 'step_size': 10, 'gamma': 0.8636985964097419}. Best is trial 0 with value: 0.20675250787347083.[0m
[32m[I 2025-02-01 09:17:14,679][0m Trial 2 finished with value: 0.30460267735752866 and parameters: {'observation_period_num': 211, 'train_rates': 0.6597958293453865, 'learning_rate': 1.2434727844788856e-05, 'batch_size': 53, 'step_size': 8, 'gamma': 0.8307636874592832}. Best is trial 0 with value: 0.20675250787347083.[0m
[32m[I 2025-02-01 09:17:53,328][0m Trial 3 finished with value: 0.4053151731349562 and parameters: {'observation_period_num': 168, 'train_rates': 0.9215442595739656, 'learning_rate': 6.586954766374553e-06, 'batch_size': 151, 'step_size': 14, 'gamma': 0.9618687663357005}. Best is trial 0 with value: 0.20675250787347083.[0m
[32m[I 2025-02-01 09:18:40,589][0m Trial 4 finished with value: 0.21389692425727844 and parameters: {'observation_period_num': 38, 'train_rates': 0.7327723033123206, 'learning_rate': 5.196011859222709e-06, 'batch_size': 102, 'step_size': 13, 'gamma': 0.9648386941309177}. Best is trial 0 with value: 0.20675250787347083.[0m
[32m[I 2025-02-01 09:19:06,918][0m Trial 5 finished with value: 0.6586091094768277 and parameters: {'observation_period_num': 225, 'train_rates': 0.6387534433745002, 'learning_rate': 2.745267259573619e-05, 'batch_size': 167, 'step_size': 1, 'gamma': 0.9179816543894398}. Best is trial 0 with value: 0.20675250787347083.[0m
[32m[I 2025-02-01 09:19:32,174][0m Trial 6 finished with value: 0.14456936767366196 and parameters: {'observation_period_num': 103, 'train_rates': 0.6056163600242936, 'learning_rate': 0.0003988666002220946, 'batch_size': 182, 'step_size': 7, 'gamma': 0.8800656443767427}. Best is trial 6 with value: 0.14456936767366196.[0m
[32m[I 2025-02-01 09:20:20,404][0m Trial 7 finished with value: 0.3237462710210714 and parameters: {'observation_period_num': 66, 'train_rates': 0.7175062578008945, 'learning_rate': 2.5928134689557133e-06, 'batch_size': 102, 'step_size': 7, 'gamma': 0.9532105606291938}. Best is trial 6 with value: 0.14456936767366196.[0m
[32m[I 2025-02-01 09:21:00,477][0m Trial 8 finished with value: 0.1740903976592291 and parameters: {'observation_period_num': 21, 'train_rates': 0.6579088701358116, 'learning_rate': 6.9425817265333405e-06, 'batch_size': 115, 'step_size': 7, 'gamma': 0.9331541998285307}. Best is trial 6 with value: 0.14456936767366196.[0m
[32m[I 2025-02-01 09:25:43,670][0m Trial 9 finished with value: 0.45880008048631926 and parameters: {'observation_period_num': 218, 'train_rates': 0.9719345544208801, 'learning_rate': 8.864892457060879e-05, 'batch_size': 19, 'step_size': 2, 'gamma': 0.8155248037663456}. Best is trial 6 with value: 0.14456936767366196.[0m
[32m[I 2025-02-01 09:26:08,166][0m Trial 10 finished with value: 0.14359086751937866 and parameters: {'observation_period_num': 108, 'train_rates': 0.8384500815462304, 'learning_rate': 0.0006634004785815733, 'batch_size': 230, 'step_size': 4, 'gamma': 0.7601635436918259}. Best is trial 10 with value: 0.14359086751937866.[0m
[32m[I 2025-02-01 09:26:31,452][0m Trial 11 finished with value: 0.14523108620004554 and parameters: {'observation_period_num': 105, 'train_rates': 0.8299957278510826, 'learning_rate': 0.0009020154111949468, 'batch_size': 238, 'step_size': 4, 'gamma': 0.7583171851065996}. Best is trial 10 with value: 0.14359086751937866.[0m
[32m[I 2025-02-01 09:26:56,741][0m Trial 12 finished with value: 0.1439307033722902 and parameters: {'observation_period_num': 76, 'train_rates': 0.823484923513403, 'learning_rate': 0.00020379988828176252, 'batch_size': 219, 'step_size': 5, 'gamma': 0.7562445376340472}. Best is trial 10 with value: 0.14359086751937866.[0m
[32m[I 2025-02-01 09:27:22,063][0m Trial 13 finished with value: 0.16815115048353416 and parameters: {'observation_period_num': 65, 'train_rates': 0.8265622153252451, 'learning_rate': 0.00015499093331788658, 'batch_size': 238, 'step_size': 4, 'gamma': 0.7536105349847704}. Best is trial 10 with value: 0.14359086751937866.[0m
[32m[I 2025-02-01 09:27:50,677][0m Trial 14 finished with value: 0.20763417414129587 and parameters: {'observation_period_num': 142, 'train_rates': 0.8690424946383073, 'learning_rate': 0.00017308656120021667, 'batch_size': 203, 'step_size': 4, 'gamma': 0.7888738477566277}. Best is trial 10 with value: 0.14359086751937866.[0m
[32m[I 2025-02-01 09:28:12,292][0m Trial 15 finished with value: 0.15888315230483982 and parameters: {'observation_period_num': 65, 'train_rates': 0.750804478318986, 'learning_rate': 5.434544552335402e-05, 'batch_size': 254, 'step_size': 10, 'gamma': 0.7876499352870036}. Best is trial 10 with value: 0.14359086751937866.[0m
[32m[I 2025-02-01 09:28:39,756][0m Trial 16 finished with value: 0.09817053650658347 and parameters: {'observation_period_num': 7, 'train_rates': 0.7868604974809096, 'learning_rate': 0.00032748526148099427, 'batch_size': 205, 'step_size': 5, 'gamma': 0.7873178003512898}. Best is trial 16 with value: 0.09817053650658347.[0m
[32m[I 2025-02-01 09:29:07,253][0m Trial 17 finished with value: 0.09625358645436347 and parameters: {'observation_period_num': 5, 'train_rates': 0.769437882625767, 'learning_rate': 0.0003403579897011009, 'batch_size': 191, 'step_size': 5, 'gamma': 0.7942605433257061}. Best is trial 17 with value: 0.09625358645436347.[0m
[32m[I 2025-02-01 09:29:34,736][0m Trial 18 finished with value: 0.07866824533650067 and parameters: {'observation_period_num': 12, 'train_rates': 0.756474734318125, 'learning_rate': 0.00034902762167374066, 'batch_size': 196, 'step_size': 10, 'gamma': 0.8332540714797741}. Best is trial 18 with value: 0.07866824533650067.[0m
[32m[I 2025-02-01 09:30:04,407][0m Trial 19 finished with value: 0.9585437289089722 and parameters: {'observation_period_num': 28, 'train_rates': 0.7714407769385391, 'learning_rate': 1.198627511565008e-06, 'batch_size': 179, 'step_size': 11, 'gamma': 0.8352239639148873}. Best is trial 18 with value: 0.07866824533650067.[0m
[32m[I 2025-02-01 09:30:41,627][0m Trial 20 finished with value: 0.09413300473351925 and parameters: {'observation_period_num': 34, 'train_rates': 0.7075961634204827, 'learning_rate': 7.378935903893223e-05, 'batch_size': 136, 'step_size': 12, 'gamma': 0.8881622909103624}. Best is trial 18 with value: 0.07866824533650067.[0m
[32m[I 2025-02-01 09:31:19,430][0m Trial 21 finished with value: 0.1020228366936956 and parameters: {'observation_period_num': 43, 'train_rates': 0.6997063235013056, 'learning_rate': 6.554300676696277e-05, 'batch_size': 134, 'step_size': 11, 'gamma': 0.8929220079091948}. Best is trial 18 with value: 0.07866824533650067.[0m
[32m[I 2025-02-01 09:31:54,461][0m Trial 22 finished with value: 0.08356001875230244 and parameters: {'observation_period_num': 20, 'train_rates': 0.7020166631908197, 'learning_rate': 0.000286292260289051, 'batch_size': 142, 'step_size': 15, 'gamma': 0.8439646581155966}. Best is trial 18 with value: 0.07866824533650067.[0m
[32m[I 2025-02-01 09:32:29,710][0m Trial 23 finished with value: 0.12604784815341966 and parameters: {'observation_period_num': 42, 'train_rates': 0.6917315228431683, 'learning_rate': 2.7489134528479808e-05, 'batch_size': 141, 'step_size': 15, 'gamma': 0.8399098907017041}. Best is trial 18 with value: 0.07866824533650067.[0m
[32m[I 2025-02-01 09:33:00,315][0m Trial 24 finished with value: 0.10213867305544377 and parameters: {'observation_period_num': 21, 'train_rates': 0.6864342580184354, 'learning_rate': 0.0001225385705138305, 'batch_size': 160, 'step_size': 13, 'gamma': 0.9069299724073601}. Best is trial 18 with value: 0.07866824533650067.[0m
[32m[I 2025-02-01 09:33:36,835][0m Trial 25 finished with value: 0.22471306395797835 and parameters: {'observation_period_num': 252, 'train_rates': 0.7361781287563529, 'learning_rate': 5.2052406284967104e-05, 'batch_size': 128, 'step_size': 12, 'gamma': 0.8518397096552798}. Best is trial 18 with value: 0.07866824533650067.[0m
[32m[I 2025-02-01 09:34:27,029][0m Trial 26 finished with value: 0.10551513936353539 and parameters: {'observation_period_num': 54, 'train_rates': 0.6242476089900468, 'learning_rate': 0.0002477650766029844, 'batch_size': 87, 'step_size': 15, 'gamma': 0.8115333296194578}. Best is trial 18 with value: 0.07866824533650067.[0m
[32m[I 2025-02-01 09:34:55,356][0m Trial 27 finished with value: 0.07710602946398502 and parameters: {'observation_period_num': 11, 'train_rates': 0.6784902648240697, 'learning_rate': 0.00010887188286742096, 'batch_size': 170, 'step_size': 9, 'gamma': 0.9868453947136504}. Best is trial 27 with value: 0.07710602946398502.[0m
[32m[I 2025-02-01 09:35:23,955][0m Trial 28 finished with value: 0.11178319301576384 and parameters: {'observation_period_num': 78, 'train_rates': 0.6768522957548956, 'learning_rate': 0.00012864500160799514, 'batch_size': 167, 'step_size': 9, 'gamma': 0.9806615901401597}. Best is trial 27 with value: 0.07710602946398502.[0m
[32m[I 2025-02-01 09:35:51,255][0m Trial 29 finished with value: 0.1201754611754707 and parameters: {'observation_period_num': 86, 'train_rates': 0.7419725847603551, 'learning_rate': 0.0005310881472869518, 'batch_size': 192, 'step_size': 9, 'gamma': 0.8615218651564712}. Best is trial 27 with value: 0.07710602946398502.[0m
[32m[I 2025-02-01 09:36:18,630][0m Trial 30 finished with value: 0.08762079175981238 and parameters: {'observation_period_num': 6, 'train_rates': 0.8015827752493794, 'learning_rate': 0.0007674220714882769, 'batch_size': 213, 'step_size': 8, 'gamma': 0.8147202353142946}. Best is trial 27 with value: 0.07710602946398502.[0m
[32m[I 2025-02-01 09:36:45,929][0m Trial 31 finished with value: 0.0875651236509005 and parameters: {'observation_period_num': 20, 'train_rates': 0.8116169662504205, 'learning_rate': 0.0007206367073296767, 'batch_size': 213, 'step_size': 8, 'gamma': 0.81624240432671}. Best is trial 27 with value: 0.07710602946398502.[0m
[32m[I 2025-02-01 09:37:19,169][0m Trial 32 finished with value: 0.10449230724659103 and parameters: {'observation_period_num': 23, 'train_rates': 0.858123098969433, 'learning_rate': 0.0005097598660956032, 'batch_size': 177, 'step_size': 9, 'gamma': 0.853746887699075}. Best is trial 27 with value: 0.07710602946398502.[0m
[32m[I 2025-02-01 09:37:54,662][0m Trial 33 finished with value: 0.10261962910061297 and parameters: {'observation_period_num': 50, 'train_rates': 0.802240942064814, 'learning_rate': 0.000256467670801132, 'batch_size': 154, 'step_size': 10, 'gamma': 0.870744195003448}. Best is trial 27 with value: 0.07710602946398502.[0m
[32m[I 2025-02-01 09:38:22,123][0m Trial 34 finished with value: 0.08988994450123154 and parameters: {'observation_period_num': 19, 'train_rates': 0.7552399748656076, 'learning_rate': 0.0003650401269109807, 'batch_size': 197, 'step_size': 8, 'gamma': 0.8242653731227463}. Best is trial 27 with value: 0.07710602946398502.[0m
[32m[I 2025-02-01 09:38:41,516][0m Trial 35 finished with value: 0.16292107367116537 and parameters: {'observation_period_num': 170, 'train_rates': 0.6570444318873808, 'learning_rate': 0.0009988108906933977, 'batch_size': 256, 'step_size': 6, 'gamma': 0.8004262659440128}. Best is trial 27 with value: 0.07710602946398502.[0m
[32m[I 2025-02-01 09:39:08,083][0m Trial 36 finished with value: 0.2507847342097643 and parameters: {'observation_period_num': 132, 'train_rates': 0.8907904033720805, 'learning_rate': 3.6888540226171655e-05, 'batch_size': 222, 'step_size': 14, 'gamma': 0.8437651278731683}. Best is trial 27 with value: 0.07710602946398502.[0m
[32m[I 2025-02-01 09:40:19,845][0m Trial 37 finished with value: 0.09331419461802261 and parameters: {'observation_period_num': 51, 'train_rates': 0.7235102456336275, 'learning_rate': 0.00010232457114146441, 'batch_size': 66, 'step_size': 10, 'gamma': 0.8251794997733588}. Best is trial 27 with value: 0.07710602946398502.[0m
[32m[I 2025-02-01 09:40:51,042][0m Trial 38 finished with value: 0.16312897349034275 and parameters: {'observation_period_num': 35, 'train_rates': 0.7801344473759941, 'learning_rate': 1.5050801076396593e-05, 'batch_size': 172, 'step_size': 11, 'gamma': 0.8730743810297649}. Best is trial 27 with value: 0.07710602946398502.[0m
[32m[I 2025-02-01 09:41:22,844][0m Trial 39 finished with value: 0.08192251555414663 and parameters: {'observation_period_num': 15, 'train_rates': 0.6329474515029181, 'learning_rate': 0.0004881983374238574, 'batch_size': 151, 'step_size': 13, 'gamma': 0.98955014863787}. Best is trial 27 with value: 0.07710602946398502.[0m
[32m[I 2025-02-01 09:41:59,192][0m Trial 40 finished with value: 0.41776059134961485 and parameters: {'observation_period_num': 190, 'train_rates': 0.6056466623418141, 'learning_rate': 0.00025432942385014175, 'batch_size': 116, 'step_size': 14, 'gamma': 0.9892414744350234}. Best is trial 27 with value: 0.07710602946398502.[0m
[32m[I 2025-02-01 09:42:30,593][0m Trial 41 finished with value: 0.0752622994660127 and parameters: {'observation_period_num': 15, 'train_rates': 0.6297898447441226, 'learning_rate': 0.00041669711109987496, 'batch_size': 154, 'step_size': 13, 'gamma': 0.9413629392862535}. Best is trial 41 with value: 0.0752622994660127.[0m
[32m[I 2025-02-01 09:43:03,872][0m Trial 42 finished with value: 0.06794213534852808 and parameters: {'observation_period_num': 5, 'train_rates': 0.6484904087455547, 'learning_rate': 0.0004899387299205314, 'batch_size': 146, 'step_size': 13, 'gamma': 0.9435333891728429}. Best is trial 42 with value: 0.06794213534852808.[0m
[32m[I 2025-02-01 09:43:35,077][0m Trial 43 finished with value: 0.06689805871564201 and parameters: {'observation_period_num': 6, 'train_rates': 0.645038168787052, 'learning_rate': 0.00046105162863935317, 'batch_size': 151, 'step_size': 13, 'gamma': 0.9476918704328177}. Best is trial 43 with value: 0.06689805871564201.[0m
[32m[I 2025-02-01 09:44:15,338][0m Trial 44 finished with value: 0.06643738944253644 and parameters: {'observation_period_num': 9, 'train_rates': 0.6657248148427776, 'learning_rate': 0.0006401750543565856, 'batch_size': 122, 'step_size': 12, 'gamma': 0.9429481356791214}. Best is trial 44 with value: 0.06643738944253644.[0m
[32m[I 2025-02-01 09:44:52,771][0m Trial 45 finished with value: 0.09246933613585136 and parameters: {'observation_period_num': 34, 'train_rates': 0.6651506265668495, 'learning_rate': 0.0004875454961126555, 'batch_size': 125, 'step_size': 12, 'gamma': 0.9409496212889766}. Best is trial 44 with value: 0.06643738944253644.[0m
[32m[I 2025-02-01 09:45:44,796][0m Trial 46 finished with value: 0.08448451474995393 and parameters: {'observation_period_num': 31, 'train_rates': 0.6437697774227539, 'learning_rate': 0.00019725135181339587, 'batch_size': 86, 'step_size': 13, 'gamma': 0.9557767862684239}. Best is trial 44 with value: 0.06643738944253644.[0m
[32m[I 2025-02-01 09:46:26,036][0m Trial 47 finished with value: 0.11796726889553524 and parameters: {'observation_period_num': 54, 'train_rates': 0.6164156625795166, 'learning_rate': 0.0007186008268812797, 'batch_size': 106, 'step_size': 14, 'gamma': 0.926641109915612}. Best is trial 44 with value: 0.06643738944253644.[0m
[32m[I 2025-02-01 09:46:57,335][0m Trial 48 finished with value: 0.1820553029254151 and parameters: {'observation_period_num': 93, 'train_rates': 0.6399678344893464, 'learning_rate': 0.0005988170617714237, 'batch_size': 149, 'step_size': 12, 'gamma': 0.9714527470018457}. Best is trial 44 with value: 0.06643738944253644.[0m
[32m[I 2025-02-01 09:47:24,813][0m Trial 49 finished with value: 0.07447782348273164 and parameters: {'observation_period_num': 5, 'train_rates': 0.6002809670486065, 'learning_rate': 0.0004213922342461783, 'batch_size': 161, 'step_size': 13, 'gamma': 0.9461997931257131}. Best is trial 44 with value: 0.06643738944253644.[0m
trend „ÅÆÊúÄÈÅ©„Éè„Ç§„Éë„Éº„Éë„É©„É°„Éº„Çø„ÅåË¶ã„Å§„Åã„Çä„Åæ„Åó„Åü
ÊúÄÈÅ©ÂåñÂØæË±°: seasonal_0
[32m[I 2025-02-01 09:47:24,825][0m A new study created in memory with name: no-name-2455c495-8357-4032-ad69-198aff75f7e1[0m
[32m[I 2025-02-01 09:49:07,170][0m Trial 0 finished with value: 0.6210505503172777 and parameters: {'observation_period_num': 170, 'train_rates': 0.8947699099931816, 'learning_rate': 1.3474406471554434e-06, 'batch_size': 51, 'step_size': 8, 'gamma': 0.8988424773969611}. Best is trial 0 with value: 0.6210505503172777.[0m
[32m[I 2025-02-01 09:49:35,656][0m Trial 1 finished with value: 0.6755653454313156 and parameters: {'observation_period_num': 158, 'train_rates': 0.6923213739441925, 'learning_rate': 1.5899793466659498e-05, 'batch_size': 173, 'step_size': 2, 'gamma': 0.8392595292800372}. Best is trial 0 with value: 0.6210505503172777.[0m
[32m[I 2025-02-01 09:50:04,129][0m Trial 2 finished with value: 0.3464057841407719 and parameters: {'observation_period_num': 110, 'train_rates': 0.9058083567642615, 'learning_rate': 1.931089189564993e-05, 'batch_size': 212, 'step_size': 8, 'gamma': 0.8467313548538647}. Best is trial 2 with value: 0.3464057841407719.[0m
[32m[I 2025-02-01 09:50:48,093][0m Trial 3 finished with value: 0.8637623399926079 and parameters: {'observation_period_num': 215, 'train_rates': 0.6712423857687086, 'learning_rate': 1.119675458338651e-06, 'batch_size': 101, 'step_size': 3, 'gamma': 0.946427872850608}. Best is trial 2 with value: 0.3464057841407719.[0m
[32m[I 2025-02-01 09:51:21,560][0m Trial 4 finished with value: 0.12683240624637943 and parameters: {'observation_period_num': 86, 'train_rates': 0.6474844204176954, 'learning_rate': 7.826741055475274e-05, 'batch_size': 135, 'step_size': 15, 'gamma': 0.8423121623373429}. Best is trial 4 with value: 0.12683240624637943.[0m
Early stopping at epoch 89
[32m[I 2025-02-01 09:51:39,471][0m Trial 5 finished with value: 0.7051236068760908 and parameters: {'observation_period_num': 229, 'train_rates': 0.7030553364141279, 'learning_rate': 3.3496735304845446e-05, 'batch_size': 254, 'step_size': 2, 'gamma': 0.7613039826609592}. Best is trial 4 with value: 0.12683240624637943.[0m
[32m[I 2025-02-01 09:52:04,889][0m Trial 6 finished with value: 0.1182571325286482 and parameters: {'observation_period_num': 83, 'train_rates': 0.7482031719732405, 'learning_rate': 0.0003297794607416504, 'batch_size': 207, 'step_size': 7, 'gamma': 0.8008189945476402}. Best is trial 6 with value: 0.1182571325286482.[0m
[32m[I 2025-02-01 09:52:49,199][0m Trial 7 finished with value: 0.2986415574947993 and parameters: {'observation_period_num': 102, 'train_rates': 0.9453557031532602, 'learning_rate': 2.259702734573998e-05, 'batch_size': 134, 'step_size': 7, 'gamma': 0.9803866001844198}. Best is trial 6 with value: 0.1182571325286482.[0m
[32m[I 2025-02-01 09:55:24,474][0m Trial 8 finished with value: 0.21053498847570284 and parameters: {'observation_period_num': 51, 'train_rates': 0.7318313153192212, 'learning_rate': 1.4299716451473587e-05, 'batch_size': 30, 'step_size': 3, 'gamma': 0.7965804617060445}. Best is trial 6 with value: 0.1182571325286482.[0m
[32m[I 2025-02-01 09:55:50,012][0m Trial 9 finished with value: 1.4496688803900843 and parameters: {'observation_period_num': 149, 'train_rates': 0.8362514903241496, 'learning_rate': 1.0329166554295292e-06, 'batch_size': 215, 'step_size': 5, 'gamma': 0.9185623144776722}. Best is trial 6 with value: 0.1182571325286482.[0m
[32m[I 2025-02-01 09:56:19,719][0m Trial 10 finished with value: 0.08005399553555448 and parameters: {'observation_period_num': 8, 'train_rates': 0.7854933642587503, 'learning_rate': 0.0009289772628600405, 'batch_size': 186, 'step_size': 12, 'gamma': 0.7927104755633362}. Best is trial 10 with value: 0.08005399553555448.[0m
[32m[I 2025-02-01 09:56:49,608][0m Trial 11 finished with value: 0.08405206942168182 and parameters: {'observation_period_num': 7, 'train_rates': 0.7772828928733774, 'learning_rate': 0.0009136675399001155, 'batch_size': 185, 'step_size': 12, 'gamma': 0.7856500560360486}. Best is trial 10 with value: 0.08005399553555448.[0m
[32m[I 2025-02-01 09:57:20,928][0m Trial 12 finished with value: 0.0826344212478275 and parameters: {'observation_period_num': 14, 'train_rates': 0.7882474233046874, 'learning_rate': 0.0007239335121048373, 'batch_size': 171, 'step_size': 13, 'gamma': 0.7552738375484087}. Best is trial 10 with value: 0.08005399553555448.[0m
[32m[I 2025-02-01 09:57:56,510][0m Trial 13 finished with value: 0.08983809873461723 and parameters: {'observation_period_num': 9, 'train_rates': 0.8275904152213572, 'learning_rate': 0.000997904963581178, 'batch_size': 159, 'step_size': 12, 'gamma': 0.759751742014148}. Best is trial 10 with value: 0.08005399553555448.[0m
[32m[I 2025-02-01 09:58:59,692][0m Trial 14 finished with value: 0.10241781888304981 and parameters: {'observation_period_num': 40, 'train_rates': 0.8237107435046657, 'learning_rate': 0.00023447043219731824, 'batch_size': 85, 'step_size': 12, 'gamma': 0.7513395089330176}. Best is trial 10 with value: 0.08005399553555448.[0m
