[32m[I 2025-02-01 14:07:05,050][0m Trial 11 finished with value: 0.07454623993900088 and parameters: {'observation_period_num': 96, 'train_rates': 0.9844602996957391, 'learning_rate': 0.0009742337832582254, 'batch_size': 32, 'step_size': 3, 'gamma': 0.9684742434076136}. Best is trial 11 with value: 0.07454623993900088.[0m
[32m[I 2025-02-01 14:09:22,361][0m Trial 12 finished with value: 0.3773293329440818 and parameters: {'observation_period_num': 114, 'train_rates': 0.965595787269283, 'learning_rate': 0.0008136328899353148, 'batch_size': 41, 'step_size': 1, 'gamma': 0.9787104667794531}. Best is trial 11 with value: 0.07454623993900088.[0m
[32m[I 2025-02-01 14:14:39,285][0m Trial 13 finished with value: 0.057940245419740674 and parameters: {'observation_period_num': 88, 'train_rates': 0.9829063852233081, 'learning_rate': 0.0009459622748322215, 'batch_size': 18, 'step_size': 4, 'gamma': 0.9873215427985044}. Best is trial 13 with value: 0.057940245419740674.[0m
[32m[I 2025-02-01 14:16:11,213][0m Trial 14 finished with value: 0.09361586647957755 and parameters: {'observation_period_num': 7, 'train_rates': 0.8415931151682644, 'learning_rate': 0.0003578132818349095, 'batch_size': 58, 'step_size': 4, 'gamma': 0.9876059428731313}. Best is trial 13 with value: 0.057940245419740674.[0m
[32m[I 2025-02-01 14:17:44,272][0m Trial 15 finished with value: 0.2668458055357755 and parameters: {'observation_period_num': 142, 'train_rates': 0.9428218231984162, 'learning_rate': 0.00013033341655580274, 'batch_size': 60, 'step_size': 5, 'gamma': 0.9037999130148944}. Best is trial 13 with value: 0.057940245419740674.[0m
[32m[I 2025-02-01 14:21:49,808][0m Trial 16 finished with value: 0.17824325734792754 and parameters: {'observation_period_num': 85, 'train_rates': 0.8504244126975765, 'learning_rate': 0.0005385384531233212, 'batch_size': 21, 'step_size': 4, 'gamma': 0.9572585170838254}. Best is trial 13 with value: 0.057940245419740674.[0m
[32m[I 2025-02-01 14:23:14,110][0m Trial 17 finished with value: 0.15234032273292542 and parameters: {'observation_period_num': 70, 'train_rates': 0.9899597382936323, 'learning_rate': 4.405403062750149e-05, 'batch_size': 70, 'step_size': 1, 'gamma': 0.906860570740411}. Best is trial 13 with value: 0.057940245419740674.[0m
[32m[I 2025-02-01 14:23:45,650][0m Trial 18 finished with value: 0.15026056760141993 and parameters: {'observation_period_num': 132, 'train_rates': 0.8343150301246403, 'learning_rate': 0.00016421511764538174, 'batch_size': 178, 'step_size': 3, 'gamma': 0.9521743628224469}. Best is trial 13 with value: 0.057940245419740674.[0m
[32m[I 2025-02-01 14:29:33,788][0m Trial 19 finished with value: 0.15083662908947235 and parameters: {'observation_period_num': 11, 'train_rates': 0.9223995770152585, 'learning_rate': 0.0004970459375029479, 'batch_size': 16, 'step_size': 6, 'gamma': 0.9870577282108519}. Best is trial 13 with value: 0.057940245419740674.[0m
[32m[I 2025-02-01 14:31:25,284][0m Trial 20 finished with value: 0.13170555597543718 and parameters: {'observation_period_num': 78, 'train_rates': 0.8699957809785149, 'learning_rate': 7.334093906557389e-05, 'batch_size': 48, 'step_size': 10, 'gamma': 0.8836012013668735}. Best is trial 13 with value: 0.057940245419740674.[0m
[32m[I 2025-02-01 14:34:29,122][0m Trial 21 finished with value: 0.08101750239729881 and parameters: {'observation_period_num': 103, 'train_rates': 0.9860615217785307, 'learning_rate': 0.0009542015865917496, 'batch_size': 31, 'step_size': 3, 'gamma': 0.9611142480850412}. Best is trial 13 with value: 0.057940245419740674.[0m
[32m[I 2025-02-01 14:35:41,612][0m Trial 22 finished with value: 0.2791536735816741 and parameters: {'observation_period_num': 123, 'train_rates': 0.9500384469645852, 'learning_rate': 0.0007505658080512546, 'batch_size': 79, 'step_size': 3, 'gamma': 0.9211916518280019}. Best is trial 13 with value: 0.057940245419740674.[0m
[32m[I 2025-02-01 14:38:02,762][0m Trial 23 finished with value: 0.26024615066915247 and parameters: {'observation_period_num': 150, 'train_rates': 0.9158970614314325, 'learning_rate': 0.0002467101441092671, 'batch_size': 38, 'step_size': 5, 'gamma': 0.9679354642831727}. Best is trial 13 with value: 0.057940245419740674.[0m
[32m[I 2025-02-01 14:38:57,325][0m Trial 24 finished with value: 0.08591033518314362 and parameters: {'observation_period_num': 108, 'train_rates': 0.9888781681477643, 'learning_rate': 0.000946471541275448, 'batch_size': 109, 'step_size': 2, 'gamma': 0.9532403052657223}. Best is trial 13 with value: 0.057940245419740674.[0m
[32m[I 2025-02-01 14:41:26,681][0m Trial 25 finished with value: 0.3040007766103372 and parameters: {'observation_period_num': 62, 'train_rates': 0.9559916463921676, 'learning_rate': 0.0004523047308342059, 'batch_size': 38, 'step_size': 5, 'gamma': 0.9895362332125371}. Best is trial 13 with value: 0.057940245419740674.[0m
[32m[I 2025-02-01 14:42:41,745][0m Trial 26 finished with value: 0.2612102564424276 and parameters: {'observation_period_num': 90, 'train_rates': 0.9442601033795996, 'learning_rate': 0.00021800004859634528, 'batch_size': 76, 'step_size': 2, 'gamma': 0.9260569211812569}. Best is trial 13 with value: 0.057940245419740674.[0m
[32m[I 2025-02-01 14:43:18,629][0m Trial 27 finished with value: 0.20807171067384284 and parameters: {'observation_period_num': 154, 'train_rates': 0.909372243292157, 'learning_rate': 0.0006350053450737437, 'batch_size': 159, 'step_size': 7, 'gamma': 0.9643888507765928}. Best is trial 13 with value: 0.057940245419740674.[0m
[32m[I 2025-02-01 14:44:09,014][0m Trial 28 finished with value: 0.3615378737449646 and parameters: {'observation_period_num': 127, 'train_rates': 0.9654236092020904, 'learning_rate': 0.00033366988004309263, 'batch_size': 118, 'step_size': 4, 'gamma': 0.9403640145289168}. Best is trial 13 with value: 0.057940245419740674.[0m
Early stopping at epoch 59
[32m[I 2025-02-01 14:44:57,319][0m Trial 29 finished with value: 0.3076634248423828 and parameters: {'observation_period_num': 169, 'train_rates': 0.6938662251893318, 'learning_rate': 8.902468734528927e-05, 'batch_size': 56, 'step_size': 1, 'gamma': 0.782951364956586}. Best is trial 13 with value: 0.057940245419740674.[0m
[32m[I 2025-02-01 14:47:35,679][0m Trial 30 finished with value: 0.2049497898258915 and parameters: {'observation_period_num': 234, 'train_rates': 0.8094753089539551, 'learning_rate': 7.91386195464168e-06, 'batch_size': 30, 'step_size': 6, 'gamma': 0.9738089544907614}. Best is trial 13 with value: 0.057940245419740674.[0m
[32m[I 2025-02-01 14:48:27,093][0m Trial 31 finished with value: 0.06890719383955002 and parameters: {'observation_period_num': 104, 'train_rates': 0.9840348655690231, 'learning_rate': 0.0007563708939645838, 'batch_size': 116, 'step_size': 2, 'gamma': 0.9503738438373418}. Best is trial 13 with value: 0.057940245419740674.[0m
[32m[I 2025-02-01 14:49:07,585][0m Trial 32 finished with value: 0.2216771386992869 and parameters: {'observation_period_num': 99, 'train_rates': 0.9333299682136711, 'learning_rate': 0.0006417685175211386, 'batch_size': 147, 'step_size': 3, 'gamma': 0.9466965400500128}. Best is trial 13 with value: 0.057940245419740674.[0m
[32m[I 2025-02-01 14:49:57,862][0m Trial 33 finished with value: 0.3377588987350464 and parameters: {'observation_period_num': 84, 'train_rates': 0.9652384848319989, 'learning_rate': 0.0009774868420994597, 'batch_size': 120, 'step_size': 2, 'gamma': 0.9622465076259514}. Best is trial 13 with value: 0.057940245419740674.[0m
[32m[I 2025-02-01 14:55:10,352][0m Trial 34 finished with value: 0.4551527843653382 and parameters: {'observation_period_num': 112, 'train_rates': 0.9729401564920837, 'learning_rate': 0.00043658992520306247, 'batch_size': 18, 'step_size': 4, 'gamma': 0.9178278633330853}. Best is trial 13 with value: 0.057940245419740674.[0m
[32m[I 2025-02-01 14:55:40,786][0m Trial 35 finished with value: 0.1845180356502533 and parameters: {'observation_period_num': 58, 'train_rates': 0.8967505227081753, 'learning_rate': 0.0002834613603662316, 'batch_size': 192, 'step_size': 1, 'gamma': 0.934560365540518}. Best is trial 13 with value: 0.057940245419740674.[0m
[32m[I 2025-02-01 14:56:51,293][0m Trial 36 finished with value: 0.5894413303445887 and parameters: {'observation_period_num': 138, 'train_rates': 0.9425355626138028, 'learning_rate': 2.4372898405424085e-06, 'batch_size': 79, 'step_size': 8, 'gamma': 0.976377444703752}. Best is trial 13 with value: 0.057940245419740674.[0m
[32m[I 2025-02-01 14:58:46,384][0m Trial 37 finished with value: 0.12747932469245393 and parameters: {'observation_period_num': 26, 'train_rates': 0.8795237906362513, 'learning_rate': 0.00017972382211121037, 'batch_size': 47, 'step_size': 13, 'gamma': 0.8740429113476489}. Best is trial 13 with value: 0.057940245419740674.[0m
[32m[I 2025-02-01 14:59:43,715][0m Trial 38 finished with value: 0.23968314092529558 and parameters: {'observation_period_num': 69, 'train_rates': 0.7816397794460315, 'learning_rate': 2.3564142718045884e-05, 'batch_size': 90, 'step_size': 3, 'gamma': 0.8232455292231148}. Best is trial 13 with value: 0.057940245419740674.[0m
[32m[I 2025-02-01 15:02:48,204][0m Trial 39 finished with value: 0.09389211609959602 and parameters: {'observation_period_num': 95, 'train_rates': 0.9854510667817433, 'learning_rate': 0.0005720019688089079, 'batch_size': 31, 'step_size': 5, 'gamma': 0.9063692131754625}. Best is trial 13 with value: 0.057940245419740674.[0m
[32m[I 2025-02-01 15:03:56,928][0m Trial 40 finished with value: 0.1375892612869378 and parameters: {'observation_period_num': 117, 'train_rates': 0.7424213267361743, 'learning_rate': 0.00039363445039568474, 'batch_size': 69, 'step_size': 7, 'gamma': 0.9362255597315892}. Best is trial 13 with value: 0.057940245419740674.[0m
[32m[I 2025-02-01 15:04:45,588][0m Trial 41 finished with value: 0.06729873269796371 and parameters: {'observation_period_num': 105, 'train_rates': 0.9805062445136214, 'learning_rate': 0.0008630814132933242, 'batch_size': 126, 'step_size': 2, 'gamma': 0.953377306763614}. Best is trial 13 with value: 0.057940245419740674.[0m
[32m[I 2025-02-01 15:05:27,777][0m Trial 42 finished with value: 1.3995027542114258 and parameters: {'observation_period_num': 98, 'train_rates': 0.9650923175741045, 'learning_rate': 1.1742919509291748e-06, 'batch_size': 145, 'step_size': 2, 'gamma': 0.9551738935663586}. Best is trial 13 with value: 0.057940245419740674.[0m
[32m[I 2025-02-01 15:06:20,223][0m Trial 43 finished with value: 0.20661372576483447 and parameters: {'observation_period_num': 77, 'train_rates': 0.9303829140593346, 'learning_rate': 0.0007030379243000841, 'batch_size': 109, 'step_size': 2, 'gamma': 0.9461017397465459}. Best is trial 13 with value: 0.057940245419740674.[0m
[32m[I 2025-02-01 15:06:47,668][0m Trial 44 finished with value: 0.15584041253192596 and parameters: {'observation_period_num': 106, 'train_rates': 0.6023669728123346, 'learning_rate': 0.000993239941232778, 'batch_size': 169, 'step_size': 3, 'gamma': 0.9793443918807129}. Best is trial 13 with value: 0.057940245419740674.[0m
[32m[I 2025-02-01 15:07:16,032][0m Trial 45 finished with value: 0.16873030084436827 and parameters: {'observation_period_num': 49, 'train_rates': 0.9060354164047557, 'learning_rate': 0.0006463782854049177, 'batch_size': 209, 'step_size': 4, 'gamma': 0.9660601546814533}. Best is trial 13 with value: 0.057940245419740674.[0m
[32m[I 2025-02-01 15:08:02,395][0m Trial 46 finished with value: 0.15415054559707642 and parameters: {'observation_period_num': 90, 'train_rates': 0.9736196767406866, 'learning_rate': 0.0003204203340913923, 'batch_size': 129, 'step_size': 1, 'gamma': 0.9337386431578822}. Best is trial 13 with value: 0.057940245419740674.[0m
[32m[I 2025-02-01 15:08:58,826][0m Trial 47 finished with value: 0.12481584399938583 and parameters: {'observation_period_num': 119, 'train_rates': 0.9899858447017453, 'learning_rate': 0.0007483541044800311, 'batch_size': 105, 'step_size': 2, 'gamma': 0.980377658552194}. Best is trial 13 with value: 0.057940245419740674.[0m
[32m[I 2025-02-01 15:10:48,116][0m Trial 48 finished with value: 0.27898384825043054 and parameters: {'observation_period_num': 133, 'train_rates': 0.9512201200334306, 'learning_rate': 0.0004771227735991949, 'batch_size': 51, 'step_size': 3, 'gamma': 0.8942031907131036}. Best is trial 13 with value: 0.057940245419740674.[0m
