[32m[I 2025-02-01 12:31:30,079][0m Trial 46 finished with value: 0.08327824177257785 and parameters: {'observation_period_num': 36, 'train_rates': 0.6238494620572591, 'learning_rate': 0.0003137952573656491, 'batch_size': 37, 'step_size': 6, 'gamma': 0.8340096874983259}. Best is trial 21 with value: 0.05844426906794609.[0m
[32m[I 2025-02-01 12:36:38,011][0m Trial 47 finished with value: 0.08256902762290368 and parameters: {'observation_period_num': 17, 'train_rates': 0.7764728187059967, 'learning_rate': 0.0006366506805425118, 'batch_size': 16, 'step_size': 8, 'gamma': 0.8225146046918272}. Best is trial 21 with value: 0.05844426906794609.[0m
[32m[I 2025-02-01 12:37:59,812][0m Trial 48 finished with value: 0.0906670190609316 and parameters: {'observation_period_num': 17, 'train_rates': 0.741131300557865, 'learning_rate': 5.044838549833302e-05, 'batch_size': 59, 'step_size': 10, 'gamma': 0.8404219032198263}. Best is trial 21 with value: 0.05844426906794609.[0m
[32m[I 2025-02-01 12:41:01,221][0m Trial 49 finished with value: 0.0923706147205744 and parameters: {'observation_period_num': 35, 'train_rates': 0.6907062075210008, 'learning_rate': 0.000378686668153626, 'batch_size': 25, 'step_size': 7, 'gamma': 0.8939211844578876}. Best is trial 21 with value: 0.05844426906794609.[0m
seasonal_2 „ÅÆÊúÄÈÅ©„Éè„Ç§„Éë„Éº„Éë„É©„É°„Éº„Çø„ÅåË¶ã„Å§„Åã„Çä„Åæ„Åó„Åü
ÊúÄÈÅ©ÂåñÂØæË±°: seasonal_3
[32m[I 2025-02-01 12:41:01,231][0m A new study created in memory with name: no-name-5912be28-b983-4def-a932-124f5f2af191[0m
[32m[I 2025-02-01 12:42:16,190][0m Trial 0 finished with value: 0.17777737924161385 and parameters: {'observation_period_num': 179, 'train_rates': 0.8474594747611357, 'learning_rate': 0.0003274739010934839, 'batch_size': 69, 'step_size': 9, 'gamma': 0.850607442091825}. Best is trial 0 with value: 0.17777737924161385.[0m
[32m[I 2025-02-01 12:42:39,807][0m Trial 1 finished with value: 0.7708672467101649 and parameters: {'observation_period_num': 76, 'train_rates': 0.7227100005804636, 'learning_rate': 1.361378619695319e-06, 'batch_size': 226, 'step_size': 6, 'gamma': 0.8536222842633978}. Best is trial 0 with value: 0.17777737924161385.[0m
[32m[I 2025-02-01 12:43:06,282][0m Trial 2 finished with value: 0.14507246305975122 and parameters: {'observation_period_num': 112, 'train_rates': 0.6913757686039136, 'learning_rate': 0.00011592295616888175, 'batch_size': 188, 'step_size': 6, 'gamma': 0.9747746677790416}. Best is trial 2 with value: 0.14507246305975122.[0m
[32m[I 2025-02-01 12:43:30,676][0m Trial 3 finished with value: 0.23847934059632478 and parameters: {'observation_period_num': 235, 'train_rates': 0.6378209402736457, 'learning_rate': 0.0005787232857726666, 'batch_size': 190, 'step_size': 3, 'gamma': 0.8860776025735086}. Best is trial 2 with value: 0.14507246305975122.[0m
Early stopping at epoch 82
[32m[I 2025-02-01 12:43:54,213][0m Trial 4 finished with value: 1.260130750603464 and parameters: {'observation_period_num': 63, 'train_rates': 0.7120971130233011, 'learning_rate': 2.2334485779794064e-06, 'batch_size': 177, 'step_size': 2, 'gamma': 0.7752370590336084}. Best is trial 2 with value: 0.14507246305975122.[0m
[32m[I 2025-02-01 12:44:35,752][0m Trial 5 finished with value: 0.13930606662764433 and parameters: {'observation_period_num': 164, 'train_rates': 0.7230813550592387, 'learning_rate': 0.00013430144189041998, 'batch_size': 117, 'step_size': 13, 'gamma': 0.8615014865060071}. Best is trial 5 with value: 0.13930606662764433.[0m
[32m[I 2025-02-01 12:45:18,991][0m Trial 6 finished with value: 0.11035828331583425 and parameters: {'observation_period_num': 73, 'train_rates': 0.7494829731832751, 'learning_rate': 0.00011346066923619329, 'batch_size': 114, 'step_size': 6, 'gamma': 0.987061831034228}. Best is trial 6 with value: 0.11035828331583425.[0m
[32m[I 2025-02-01 12:46:07,497][0m Trial 7 finished with value: 0.5364951592063154 and parameters: {'observation_period_num': 108, 'train_rates': 0.8214267848005504, 'learning_rate': 1.9679270390200664e-06, 'batch_size': 110, 'step_size': 14, 'gamma': 0.8553668641200026}. Best is trial 6 with value: 0.11035828331583425.[0m
[32m[I 2025-02-01 12:47:04,760][0m Trial 8 finished with value: 0.15756095209789853 and parameters: {'observation_period_num': 20, 'train_rates': 0.9156171225808758, 'learning_rate': 7.051229206775424e-05, 'batch_size': 103, 'step_size': 9, 'gamma': 0.8641782401600642}. Best is trial 6 with value: 0.11035828331583425.[0m
[32m[I 2025-02-01 12:47:43,989][0m Trial 9 finished with value: 0.12006431583344467 and parameters: {'observation_period_num': 108, 'train_rates': 0.73249447138694, 'learning_rate': 5.038534186186351e-05, 'batch_size': 126, 'step_size': 13, 'gamma': 0.9533360689862853}. Best is trial 6 with value: 0.11035828331583425.[0m
[32m[I 2025-02-01 12:51:02,603][0m Trial 10 finished with value: 0.26489961207179086 and parameters: {'observation_period_num': 6, 'train_rates': 0.9620976446936627, 'learning_rate': 9.085387986073386e-06, 'batch_size': 29, 'step_size': 5, 'gamma': 0.9380919795665204}. Best is trial 6 with value: 0.11035828331583425.[0m
[32m[I 2025-02-01 12:51:38,899][0m Trial 11 finished with value: 0.12621604210951112 and parameters: {'observation_period_num': 64, 'train_rates': 0.779425243551232, 'learning_rate': 2.18146512481898e-05, 'batch_size': 145, 'step_size': 11, 'gamma': 0.9899514580163955}. Best is trial 6 with value: 0.11035828331583425.[0m
[32m[I 2025-02-01 12:52:38,512][0m Trial 12 finished with value: 0.20590590651429028 and parameters: {'observation_period_num': 161, 'train_rates': 0.6099740295535112, 'learning_rate': 2.7766606920284827e-05, 'batch_size': 70, 'step_size': 15, 'gamma': 0.9303653063765982}. Best is trial 6 with value: 0.11035828331583425.[0m
[32m[I 2025-02-01 12:53:12,848][0m Trial 13 finished with value: 0.2336079851241715 and parameters: {'observation_period_num': 94, 'train_rates': 0.7680944549486143, 'learning_rate': 9.069549002725504e-06, 'batch_size': 147, 'step_size': 12, 'gamma': 0.9417028364490668}. Best is trial 6 with value: 0.11035828331583425.[0m
[32m[I 2025-02-01 12:54:31,568][0m Trial 14 finished with value: 0.12941916676455753 and parameters: {'observation_period_num': 41, 'train_rates': 0.8796328570513474, 'learning_rate': 0.00026846868482986356, 'batch_size': 71, 'step_size': 10, 'gamma': 0.9051161359140174}. Best is trial 6 with value: 0.11035828331583425.[0m
[32m[I 2025-02-01 12:58:56,018][0m Trial 15 finished with value: 0.1976043362638135 and parameters: {'observation_period_num': 143, 'train_rates': 0.6716998720307205, 'learning_rate': 0.000986372976504464, 'batch_size': 16, 'step_size': 7, 'gamma': 0.9643374903049353}. Best is trial 6 with value: 0.11035828331583425.[0m
[32m[I 2025-02-01 12:59:17,337][0m Trial 16 finished with value: 0.36746784017003814 and parameters: {'observation_period_num': 214, 'train_rates': 0.7675744405734871, 'learning_rate': 4.6258020955929534e-05, 'batch_size': 253, 'step_size': 4, 'gamma': 0.7997952096543111}. Best is trial 6 with value: 0.11035828331583425.[0m
[32m[I 2025-02-01 12:59:47,616][0m Trial 17 finished with value: 0.29022603915229944 and parameters: {'observation_period_num': 125, 'train_rates': 0.748642466420719, 'learning_rate': 7.805595457845877e-06, 'batch_size': 163, 'step_size': 8, 'gamma': 0.9123749300857946}. Best is trial 6 with value: 0.11035828331583425.[0m
[32m[I 2025-02-01 13:00:42,231][0m Trial 18 finished with value: 0.1280769407749176 and parameters: {'observation_period_num': 85, 'train_rates': 0.8244375609778695, 'learning_rate': 0.00014515380036192978, 'batch_size': 96, 'step_size': 1, 'gamma': 0.9586157231612276}. Best is trial 6 with value: 0.11035828331583425.[0m
[32m[I 2025-02-01 13:01:18,495][0m Trial 19 finished with value: 0.1336054334953173 and parameters: {'observation_period_num': 40, 'train_rates': 0.658133949987559, 'learning_rate': 1.8783774031981772e-05, 'batch_size': 129, 'step_size': 11, 'gamma': 0.9880353582584982}. Best is trial 6 with value: 0.11035828331583425.[0m
[32m[I 2025-02-01 13:03:16,473][0m Trial 20 finished with value: 0.18761757373247506 and parameters: {'observation_period_num': 136, 'train_rates': 0.8121544555500813, 'learning_rate': 6.029005684917806e-05, 'batch_size': 42, 'step_size': 15, 'gamma': 0.8157129209095633}. Best is trial 6 with value: 0.11035828331583425.[0m
[32m[I 2025-02-01 13:03:50,894][0m Trial 21 finished with value: 0.13507514553706734 and parameters: {'observation_period_num': 47, 'train_rates': 0.7528695908999982, 'learning_rate': 1.81261733595863e-05, 'batch_size': 146, 'step_size': 12, 'gamma': 0.9879854010835829}. Best is trial 6 with value: 0.11035828331583425.[0m
[32m[I 2025-02-01 13:04:29,065][0m Trial 22 finished with value: 0.12497233603168373 and parameters: {'observation_period_num': 64, 'train_rates': 0.7938229655303222, 'learning_rate': 2.7165296776441985e-05, 'batch_size': 141, 'step_size': 11, 'gamma': 0.9605597679739589}. Best is trial 6 with value: 0.11035828331583425.[0m
[32m[I 2025-02-01 13:05:27,636][0m Trial 23 finished with value: 0.1507168921646733 and parameters: {'observation_period_num': 98, 'train_rates': 0.8621650726996952, 'learning_rate': 8.24201721649974e-05, 'batch_size': 93, 'step_size': 13, 'gamma': 0.9563213123646868}. Best is trial 6 with value: 0.11035828331583425.[0m
[32m[I 2025-02-01 13:06:08,164][0m Trial 24 finished with value: 0.12044133312916488 and parameters: {'observation_period_num': 70, 'train_rates': 0.7843015505590634, 'learning_rate': 3.94016641131014e-05, 'batch_size': 126, 'step_size': 8, 'gamma': 0.9166593651276616}. Best is trial 6 with value: 0.11035828331583425.[0m
[32m[I 2025-02-01 13:06:49,484][0m Trial 25 finished with value: 0.14489858751354912 and parameters: {'observation_period_num': 119, 'train_rates': 0.738769959556102, 'learning_rate': 4.18011021798496e-05, 'batch_size': 122, 'step_size': 7, 'gamma': 0.9134991681188239}. Best is trial 6 with value: 0.11035828331583425.[0m
[32m[I 2025-02-01 13:07:46,423][0m Trial 26 finished with value: 0.0993796483022826 and parameters: {'observation_period_num': 81, 'train_rates': 0.6956894180423994, 'learning_rate': 0.0002527326771258533, 'batch_size': 82, 'step_size': 8, 'gamma': 0.8900047852334347}. Best is trial 26 with value: 0.0993796483022826.[0m
[32m[I 2025-02-01 13:09:10,565][0m Trial 27 finished with value: 0.1015401009034691 and parameters: {'observation_period_num': 87, 'train_rates': 0.6928890887112935, 'learning_rate': 0.0002639043753576883, 'batch_size': 54, 'step_size': 4, 'gamma': 0.8895192407180595}. Best is trial 26 with value: 0.0993796483022826.[0m
[32m[I 2025-02-01 13:10:38,885][0m Trial 28 finished with value: 0.07516704196783563 and parameters: {'observation_period_num': 26, 'train_rates': 0.6923752209430871, 'learning_rate': 0.00029641061251933174, 'batch_size': 53, 'step_size': 4, 'gamma': 0.8850037740385741}. Best is trial 28 with value: 0.07516704196783563.[0m
[32m[I 2025-02-01 13:12:13,103][0m Trial 29 finished with value: 0.09660069790459518 and parameters: {'observation_period_num': 26, 'train_rates': 0.6019890572569371, 'learning_rate': 0.0002837056813034562, 'batch_size': 45, 'step_size': 4, 'gamma': 0.8832999278229465}. Best is trial 28 with value: 0.07516704196783563.[0m
Early stopping at epoch 88
[32m[I 2025-02-01 13:13:02,067][0m Trial 30 finished with value: 0.1265260151501269 and parameters: {'observation_period_num': 26, 'train_rates': 0.6126934021396766, 'learning_rate': 0.00043243749426954156, 'batch_size': 80, 'step_size': 1, 'gamma': 0.8338534036430698}. Best is trial 28 with value: 0.07516704196783563.[0m
[32m[I 2025-02-01 13:14:34,270][0m Trial 31 finished with value: 0.06589418628932217 and parameters: {'observation_period_num': 7, 'train_rates': 0.6896060340410133, 'learning_rate': 0.0002719918369689691, 'batch_size': 50, 'step_size': 4, 'gamma': 0.8856761786665857}. Best is trial 31 with value: 0.06589418628932217.[0m
[32m[I 2025-02-01 13:16:10,716][0m Trial 32 finished with value: 0.07057690798523891 and parameters: {'observation_period_num': 5, 'train_rates': 0.659672470058003, 'learning_rate': 0.00019213340796118432, 'batch_size': 47, 'step_size': 3, 'gamma': 0.8840626940195225}. Best is trial 31 with value: 0.06589418628932217.[0m
[32m[I 2025-02-01 13:17:38,237][0m Trial 33 finished with value: 0.06449537158524751 and parameters: {'observation_period_num': 5, 'train_rates': 0.6452860192009355, 'learning_rate': 0.0007724610406611285, 'batch_size': 51, 'step_size': 3, 'gamma': 0.8756513020897677}. Best is trial 33 with value: 0.06449537158524751.[0m
[32m[I 2025-02-01 13:18:59,636][0m Trial 34 finished with value: 0.06215068216005497 and parameters: {'observation_period_num': 6, 'train_rates': 0.6448401365118922, 'learning_rate': 0.0009356723658416945, 'batch_size': 55, 'step_size': 3, 'gamma': 0.8437044702741737}. Best is trial 34 with value: 0.06215068216005497.[0m
[32m[I 2025-02-01 13:21:40,215][0m Trial 35 finished with value: 0.059843652307147714 and parameters: {'observation_period_num': 9, 'train_rates': 0.6386910323643188, 'learning_rate': 0.0009937333419597683, 'batch_size': 27, 'step_size': 2, 'gamma': 0.8357087015044975}. Best is trial 35 with value: 0.059843652307147714.[0m
[32m[I 2025-02-01 13:25:39,115][0m Trial 36 finished with value: 0.06340626941330857 and parameters: {'observation_period_num': 14, 'train_rates': 0.6390060593992415, 'learning_rate': 0.0009645656082409054, 'batch_size': 18, 'step_size': 2, 'gamma': 0.8395251691089357}. Best is trial 35 with value: 0.059843652307147714.[0m
[32m[I 2025-02-01 13:30:03,822][0m Trial 37 finished with value: 0.08560716245002514 and parameters: {'observation_period_num': 41, 'train_rates': 0.6338187833030897, 'learning_rate': 0.0009130425331324617, 'batch_size': 16, 'step_size': 2, 'gamma': 0.8398898729614521}. Best is trial 35 with value: 0.059843652307147714.[0m
[32m[I 2025-02-01 13:32:19,403][0m Trial 38 finished with value: 0.1020537529601461 and parameters: {'observation_period_num': 53, 'train_rates': 0.6409352115242236, 'learning_rate': 0.0005291721991046705, 'batch_size': 32, 'step_size': 2, 'gamma': 0.819495399280538}. Best is trial 35 with value: 0.059843652307147714.[0m
[32m[I 2025-02-01 13:34:30,660][0m Trial 39 finished with value: 0.06757296501628814 and parameters: {'observation_period_num': 16, 'train_rates': 0.6310557080697466, 'learning_rate': 0.0007010769330728948, 'batch_size': 33, 'step_size': 3, 'gamma': 0.7808088916132487}. Best is trial 35 with value: 0.059843652307147714.[0m
Early stopping at epoch 57
[32m[I 2025-02-01 13:35:11,288][0m Trial 40 finished with value: 0.11165048581148897 and parameters: {'observation_period_num': 30, 'train_rates': 0.6650301041752482, 'learning_rate': 0.00040807937519637564, 'batch_size': 65, 'step_size': 1, 'gamma': 0.7511691443979391}. Best is trial 35 with value: 0.059843652307147714.[0m
[32m[I 2025-02-01 13:36:29,475][0m Trial 41 finished with value: 0.06593997104563445 and parameters: {'observation_period_num': 11, 'train_rates': 0.7095308972970037, 'learning_rate': 0.0006881718588110131, 'batch_size': 60, 'step_size': 5, 'gamma': 0.8485154491615013}. Best is trial 35 with value: 0.059843652307147714.[0m
[32m[I 2025-02-01 13:39:11,811][0m Trial 42 finished with value: 0.06317241023836276 and parameters: {'observation_period_num': 5, 'train_rates': 0.6761764094074812, 'learning_rate': 0.0006852930324359975, 'batch_size': 28, 'step_size': 2, 'gamma': 0.8710222370894114}. Best is trial 35 with value: 0.059843652307147714.[0m
[32m[I 2025-02-01 13:41:59,037][0m Trial 43 finished with value: 0.06829553610653287 and parameters: {'observation_period_num': 17, 'train_rates': 0.6457375148026403, 'learning_rate': 0.0006740965984171964, 'batch_size': 26, 'step_size': 2, 'gamma': 0.8706023576462607}. Best is trial 35 with value: 0.059843652307147714.[0m
[32m[I 2025-02-01 13:42:22,051][0m Trial 44 finished with value: 0.1255273284932644 and parameters: {'observation_period_num': 35, 'train_rates': 0.6225116250794157, 'learning_rate': 0.00048662864284015217, 'batch_size': 206, 'step_size': 3, 'gamma': 0.826505672802746}. Best is trial 35 with value: 0.059843652307147714.[0m
[32m[I 2025-02-01 13:44:19,823][0m Trial 45 finished with value: 0.09154077917096298 and parameters: {'observation_period_num': 54, 'train_rates': 0.6806174178342416, 'learning_rate': 0.00097919317085653, 'batch_size': 38, 'step_size': 2, 'gamma': 0.8698669916125698}. Best is trial 35 with value: 0.059843652307147714.[0m
[32m[I 2025-02-01 13:47:15,371][0m Trial 46 finished with value: 0.07892718085422673 and parameters: {'observation_period_num': 18, 'train_rates': 0.6535792254298116, 'learning_rate': 0.0003895912276048589, 'batch_size': 25, 'step_size': 5, 'gamma': 0.849910065481506}. Best is trial 35 with value: 0.059843652307147714.[0m
[32m[I 2025-02-01 13:51:49,164][0m Trial 47 finished with value: 0.0699572737821633 and parameters: {'observation_period_num': 7, 'train_rates': 0.7103749543047113, 'learning_rate': 0.0006840249388712214, 'batch_size': 17, 'step_size': 1, 'gamma': 0.8060733109981882}. Best is trial 35 with value: 0.059843652307147714.[0m
[32m[I 2025-02-01 13:52:43,432][0m Trial 48 finished with value: 0.20805515502766486 and parameters: {'observation_period_num': 194, 'train_rates': 0.6214711199022525, 'learning_rate': 0.0005573082066910143, 'batch_size': 76, 'step_size': 2, 'gamma': 0.8401073946620301}. Best is trial 35 with value: 0.059843652307147714.[0m
[32m[I 2025-02-01 13:54:35,708][0m Trial 49 finished with value: 1.1044504427290582 and parameters: {'observation_period_num': 55, 'train_rates': 0.6019031550744371, 'learning_rate': 1.1068249052715566e-06, 'batch_size': 37, 'step_size': 3, 'gamma': 0.8626372055225879}. Best is trial 35 with value: 0.059843652307147714.[0m
seasonal_3 „ÅÆÊúÄÈÅ©„Éè„Ç§„Éë„Éº„Éë„É©„É°„Éº„Çø„ÅåË¶ã„Å§„Åã„Çä„Åæ„Åó„Åü
ÊúÄÈÅ©ÂåñÂØæË±°: resid
[32m[I 2025-02-01 13:54:35,719][0m A new study created in memory with name: no-name-557c47d3-4e93-4e3d-aa49-ec8b39105529[0m
[32m[I 2025-02-01 13:55:10,214][0m Trial 0 finished with value: 0.6889171871306646 and parameters: {'observation_period_num': 244, 'train_rates': 0.7118441958803374, 'learning_rate': 1.5656457697099784e-06, 'batch_size': 135, 'step_size': 15, 'gamma': 0.7959529741182126}. Best is trial 0 with value: 0.6889171871306646.[0m
[32m[I 2025-02-01 13:55:39,494][0m Trial 1 finished with value: 0.41540650900217857 and parameters: {'observation_period_num': 96, 'train_rates': 0.7845198390645178, 'learning_rate': 3.416465545873198e-06, 'batch_size': 185, 'step_size': 12, 'gamma': 0.9377530779302456}. Best is trial 1 with value: 0.41540650900217857.[0m
[32m[I 2025-02-01 13:56:22,345][0m Trial 2 finished with value: 0.7786027105514612 and parameters: {'observation_period_num': 189, 'train_rates': 0.6163452071955723, 'learning_rate': 1.5246973656396124e-06, 'batch_size': 98, 'step_size': 8, 'gamma': 0.8618868945316962}. Best is trial 1 with value: 0.41540650900217857.[0m
[32m[I 2025-02-01 13:56:47,634][0m Trial 3 finished with value: 0.12046720591825169 and parameters: {'observation_period_num': 55, 'train_rates': 0.7633516702899825, 'learning_rate': 0.00011165489093315897, 'batch_size': 219, 'step_size': 7, 'gamma': 0.9263381503072001}. Best is trial 3 with value: 0.12046720591825169.[0m
[32m[I 2025-02-01 13:57:14,153][0m Trial 4 finished with value: 0.40121151166429153 and parameters: {'observation_period_num': 40, 'train_rates': 0.8847220998595013, 'learning_rate': 5.584676538658981e-06, 'batch_size': 222, 'step_size': 15, 'gamma': 0.846535274766786}. Best is trial 3 with value: 0.12046720591825169.[0m
[32m[I 2025-02-01 13:57:32,418][0m Trial 5 finished with value: 0.20718347045528765 and parameters: {'observation_period_num': 162, 'train_rates': 0.621037593456759, 'learning_rate': 0.00034091365555182147, 'batch_size': 250, 'step_size': 6, 'gamma': 0.7501778323771334}. Best is trial 3 with value: 0.12046720591825169.[0m
[32m[I 2025-02-01 13:58:29,828][0m Trial 6 finished with value: 0.2635212188385462 and parameters: {'observation_period_num': 202, 'train_rates': 0.922932901745614, 'learning_rate': 2.4397125282738113e-05, 'batch_size': 95, 'step_size': 11, 'gamma': 0.891940101231085}. Best is trial 3 with value: 0.12046720591825169.[0m
[32m[I 2025-02-01 13:59:29,453][0m Trial 7 finished with value: 0.16818270706894375 and parameters: {'observation_period_num': 42, 'train_rates': 0.8963054144292051, 'learning_rate': 0.00022686223407256015, 'batch_size': 95, 'step_size': 2, 'gamma': 0.8180146673273103}. Best is trial 3 with value: 0.12046720591825169.[0m
[32m[I 2025-02-01 13:59:51,463][0m Trial 8 finished with value: 0.2020835403989001 and parameters: {'observation_period_num': 42, 'train_rates': 0.6625063513509233, 'learning_rate': 1.3589209848765209e-05, 'batch_size': 240, 'step_size': 9, 'gamma': 0.941376033870355}. Best is trial 3 with value: 0.12046720591825169.[0m
[32m[I 2025-02-01 14:00:28,203][0m Trial 9 finished with value: 0.16239129401434807 and parameters: {'observation_period_num': 182, 'train_rates': 0.7564869342491228, 'learning_rate': 6.151831592805037e-05, 'batch_size': 135, 'step_size': 15, 'gamma': 0.8503450317246646}. Best is trial 3 with value: 0.12046720591825169.[0m
[32m[I 2025-02-01 14:04:07,036][0m Trial 10 finished with value: 0.09352783900949191 and parameters: {'observation_period_num': 104, 'train_rates': 0.9816107531247044, 'learning_rate': 0.0009967081492505921, 'batch_size': 26, 'step_size': 3, 'gamma': 0.9698770043596394}. Best is trial 10 with value: 0.09352783900949191.[0m
