[32m[I 2025-02-01 15:11:51,336][0m Trial 49 finished with value: 0.2030504875104217 and parameters: {'observation_period_num': 66, 'train_rates': 0.9296294266187201, 'learning_rate': 0.00013963826103995084, 'batch_size': 91, 'step_size': 4, 'gamma': 0.9592524314195868}. Best is trial 13 with value: 0.057940245419740674.[0m
resid „ÅÆÊúÄÈÅ©„Éè„Ç§„Éë„Éº„Éë„É©„É°„Éº„Çø„ÅåË¶ã„Å§„Åã„Çä„Åæ„Åó„Åü
ÊúÄÈÅ©„Éè„Ç§„Éë„Éº„Éë„É©„É°„Éº„Çø„Åå best_hyperparameters_SBUX_iTransformer.json „Å´‰øùÂ≠ò„Åï„Çå„Åæ„Åó„Åü
Training trend component with params: {'observation_period_num': 9, 'train_rates': 0.6657248148427776, 'learning_rate': 0.0006401750543565856, 'batch_size': 122, 'step_size': 12, 'gamma': 0.9429481356791214}
Epoch 1/300, trend Loss: 0.4086 | 0.1884
Epoch 2/300, trend Loss: 0.2116 | 0.2018
Epoch 3/300, trend Loss: 0.2288 | 0.1659
Epoch 4/300, trend Loss: 0.1712 | 0.1313
Epoch 5/300, trend Loss: 0.1485 | 0.1145
Epoch 6/300, trend Loss: 0.1383 | 0.1109
Epoch 7/300, trend Loss: 0.1251 | 0.1161
Epoch 8/300, trend Loss: 0.1251 | 0.1102
Epoch 9/300, trend Loss: 0.1185 | 0.1003
Epoch 10/300, trend Loss: 0.1136 | 0.0955
Epoch 11/300, trend Loss: 0.1135 | 0.0999
Epoch 12/300, trend Loss: 0.1091 | 0.0938
Epoch 13/300, trend Loss: 0.1076 | 0.0920
Epoch 14/300, trend Loss: 0.1063 | 0.0906
Epoch 15/300, trend Loss: 0.1034 | 0.0896
Epoch 16/300, trend Loss: 0.1015 | 0.0890
Epoch 17/300, trend Loss: 0.0993 | 0.1025
Epoch 18/300, trend Loss: 0.1016 | 0.0886
Epoch 19/300, trend Loss: 0.0996 | 0.1106
Epoch 20/300, trend Loss: 0.1061 | 0.0851
Epoch 21/300, trend Loss: 0.1060 | 0.1140
Epoch 22/300, trend Loss: 0.1355 | 0.1061
Epoch 23/300, trend Loss: 0.1027 | 0.0804
Epoch 24/300, trend Loss: 0.1008 | 0.0825
Epoch 25/300, trend Loss: 0.1027 | 0.1182
Epoch 26/300, trend Loss: 0.1175 | 0.1042
Epoch 27/300, trend Loss: 0.1328 | 0.1127
Epoch 28/300, trend Loss: 0.1299 | 0.0950
Epoch 29/300, trend Loss: 0.1147 | 0.1313
Epoch 30/300, trend Loss: 0.1109 | 0.1025
Epoch 31/300, trend Loss: 0.1152 | 0.0991
Epoch 32/300, trend Loss: 0.1172 | 0.0914
Epoch 33/300, trend Loss: 0.1083 | 0.1242
Epoch 34/300, trend Loss: 0.1104 | 0.0861
Epoch 35/300, trend Loss: 0.1040 | 0.0795
Epoch 36/300, trend Loss: 0.0965 | 0.0931
Epoch 37/300, trend Loss: 0.0899 | 0.0757
Epoch 38/300, trend Loss: 0.0886 | 0.0751
Epoch 39/300, trend Loss: 0.0869 | 0.0907
Epoch 40/300, trend Loss: 0.0927 | 0.0755
Epoch 41/300, trend Loss: 0.0882 | 0.0820
Epoch 42/300, trend Loss: 0.0971 | 0.0769
Epoch 43/300, trend Loss: 0.0870 | 0.0733
Epoch 44/300, trend Loss: 0.0878 | 0.0727
Epoch 45/300, trend Loss: 0.0890 | 0.0877
Epoch 46/300, trend Loss: 0.0986 | 0.0819
Epoch 47/300, trend Loss: 0.0883 | 0.0765
Epoch 48/300, trend Loss: 0.0879 | 0.0725
Epoch 49/300, trend Loss: 0.0862 | 0.0751
Epoch 50/300, trend Loss: 0.0912 | 0.0720
Epoch 51/300, trend Loss: 0.0892 | 0.0748
Epoch 52/300, trend Loss: 0.0957 | 0.0806
Epoch 53/300, trend Loss: 0.0853 | 0.0719
Epoch 54/300, trend Loss: 0.0840 | 0.0686
Epoch 55/300, trend Loss: 0.0862 | 0.0743
Epoch 56/300, trend Loss: 0.0933 | 0.0792
Epoch 57/300, trend Loss: 0.0869 | 0.0752
Epoch 58/300, trend Loss: 0.0872 | 0.0704
Epoch 59/300, trend Loss: 0.0907 | 0.0791
Epoch 60/300, trend Loss: 0.0929 | 0.0817
Epoch 61/300, trend Loss: 0.0838 | 0.0712
Epoch 62/300, trend Loss: 0.0867 | 0.0710
Epoch 63/300, trend Loss: 0.0854 | 0.0715
Epoch 64/300, trend Loss: 0.0896 | 0.0740
Epoch 65/300, trend Loss: 0.0887 | 0.0699
Epoch 66/300, trend Loss: 0.0926 | 0.0742
Epoch 67/300, trend Loss: 0.0848 | 0.0678
Epoch 68/300, trend Loss: 0.0839 | 0.0726
Epoch 69/300, trend Loss: 0.0841 | 0.0740
Epoch 70/300, trend Loss: 0.0863 | 0.0784
Epoch 71/300, trend Loss: 0.0810 | 0.0695
Epoch 72/300, trend Loss: 0.0811 | 0.0725
Epoch 73/300, trend Loss: 0.0785 | 0.0670
Epoch 74/300, trend Loss: 0.0793 | 0.0712
Epoch 75/300, trend Loss: 0.0783 | 0.0667
Epoch 76/300, trend Loss: 0.0783 | 0.0708
Epoch 77/300, trend Loss: 0.0774 | 0.0667
Epoch 78/300, trend Loss: 0.0763 | 0.0707
Epoch 79/300, trend Loss: 0.0747 | 0.0667
Epoch 80/300, trend Loss: 0.0745 | 0.0692
Epoch 81/300, trend Loss: 0.0738 | 0.0675
Epoch 82/300, trend Loss: 0.0744 | 0.0684
Epoch 83/300, trend Loss: 0.0748 | 0.0677
Epoch 84/300, trend Loss: 0.0766 | 0.0714
Epoch 85/300, trend Loss: 0.0747 | 0.0681
Epoch 86/300, trend Loss: 0.0735 | 0.0670
Epoch 87/300, trend Loss: 0.0739 | 0.0690
Epoch 88/300, trend Loss: 0.0730 | 0.0667
Epoch 89/300, trend Loss: 0.0713 | 0.0656
Epoch 90/300, trend Loss: 0.0711 | 0.0660
Epoch 91/300, trend Loss: 0.0707 | 0.0645
Epoch 92/300, trend Loss: 0.0699 | 0.0651
Epoch 93/300, trend Loss: 0.0696 | 0.0646
Epoch 94/300, trend Loss: 0.0702 | 0.0659
Epoch 95/300, trend Loss: 0.0708 | 0.0636
Epoch 96/300, trend Loss: 0.0722 | 0.0656
Epoch 97/300, trend Loss: 0.0724 | 0.0631
Epoch 98/300, trend Loss: 0.0725 | 0.0666
Epoch 99/300, trend Loss: 0.0733 | 0.0637
Epoch 100/300, trend Loss: 0.0723 | 0.0667
Epoch 101/300, trend Loss: 0.0721 | 0.0667
Epoch 102/300, trend Loss: 0.0731 | 0.0679
Epoch 103/300, trend Loss: 0.0717 | 0.0679
Epoch 104/300, trend Loss: 0.0753 | 0.0712
Epoch 105/300, trend Loss: 0.0712 | 0.0649
Epoch 106/300, trend Loss: 0.0709 | 0.0718
Epoch 107/300, trend Loss: 0.0754 | 0.0707
Epoch 108/300, trend Loss: 0.0727 | 0.0714
Epoch 109/300, trend Loss: 0.0722 | 0.0679
Epoch 110/300, trend Loss: 0.0716 | 0.0690
Epoch 111/300, trend Loss: 0.0707 | 0.0659
Epoch 112/300, trend Loss: 0.0688 | 0.0661
Epoch 113/300, trend Loss: 0.0679 | 0.0639
Epoch 114/300, trend Loss: 0.0680 | 0.0650
Epoch 115/300, trend Loss: 0.0670 | 0.0631
Epoch 116/300, trend Loss: 0.0667 | 0.0632
Epoch 117/300, trend Loss: 0.0665 | 0.0627
Epoch 118/300, trend Loss: 0.0669 | 0.0660
Epoch 119/300, trend Loss: 0.0718 | 0.0691
Epoch 120/300, trend Loss: 0.0710 | 0.0690
Epoch 121/300, trend Loss: 0.0704 | 0.0671
Epoch 122/300, trend Loss: 0.0705 | 0.0677
Epoch 123/300, trend Loss: 0.0701 | 0.0670
Epoch 124/300, trend Loss: 0.0702 | 0.0679
Epoch 125/300, trend Loss: 0.0704 | 0.0649
Epoch 126/300, trend Loss: 0.0707 | 0.0673
Epoch 127/300, trend Loss: 0.0692 | 0.0653
Epoch 128/300, trend Loss: 0.0683 | 0.0652
Epoch 129/300, trend Loss: 0.0670 | 0.0638
Epoch 130/300, trend Loss: 0.0686 | 0.0665
Epoch 131/300, trend Loss: 0.0688 | 0.0638
Epoch 132/300, trend Loss: 0.0687 | 0.0644
Epoch 133/300, trend Loss: 0.0679 | 0.0625
Epoch 134/300, trend Loss: 0.0666 | 0.0643
Epoch 135/300, trend Loss: 0.0668 | 0.0640
Epoch 136/300, trend Loss: 0.0676 | 0.0658
Epoch 137/300, trend Loss: 0.0655 | 0.0631
Epoch 138/300, trend Loss: 0.0648 | 0.0648
Epoch 139/300, trend Loss: 0.0646 | 0.0634
Epoch 140/300, trend Loss: 0.0652 | 0.0645
Epoch 141/300, trend Loss: 0.0650 | 0.0633
Epoch 142/300, trend Loss: 0.0640 | 0.0647
Epoch 143/300, trend Loss: 0.0644 | 0.0635
Epoch 144/300, trend Loss: 0.0644 | 0.0638
Epoch 145/300, trend Loss: 0.0650 | 0.0642
Epoch 146/300, trend Loss: 0.0655 | 0.0652
Epoch 147/300, trend Loss: 0.0641 | 0.0626
Epoch 148/300, trend Loss: 0.0629 | 0.0633
Epoch 149/300, trend Loss: 0.0637 | 0.0635
Epoch 150/300, trend Loss: 0.0640 | 0.0641
Epoch 151/300, trend Loss: 0.0629 | 0.0638
Epoch 152/300, trend Loss: 0.0628 | 0.0637
Epoch 153/300, trend Loss: 0.0627 | 0.0630
Epoch 154/300, trend Loss: 0.0626 | 0.0635
Epoch 155/300, trend Loss: 0.0622 | 0.0627
Epoch 156/300, trend Loss: 0.0619 | 0.0635
Epoch 157/300, trend Loss: 0.0621 | 0.0635
Epoch 158/300, trend Loss: 0.0630 | 0.0640
Epoch 159/300, trend Loss: 0.0624 | 0.0644
Epoch 160/300, trend Loss: 0.0624 | 0.0640
Epoch 161/300, trend Loss: 0.0620 | 0.0633
Epoch 162/300, trend Loss: 0.0619 | 0.0643
Epoch 163/300, trend Loss: 0.0615 | 0.0633
Epoch 164/300, trend Loss: 0.0617 | 0.0647
Epoch 165/300, trend Loss: 0.0618 | 0.0640
Epoch 166/300, trend Loss: 0.0613 | 0.0653
Epoch 167/300, trend Loss: 0.0615 | 0.0635
Epoch 168/300, trend Loss: 0.0617 | 0.0644
Epoch 169/300, trend Loss: 0.0617 | 0.0638
Epoch 170/300, trend Loss: 0.0620 | 0.0652
Epoch 171/300, trend Loss: 0.0621 | 0.0638
Epoch 172/300, trend Loss: 0.0618 | 0.0641
Epoch 173/300, trend Loss: 0.0614 | 0.0644
Epoch 174/300, trend Loss: 0.0607 | 0.0637
Epoch 175/300, trend Loss: 0.0604 | 0.0631
Epoch 176/300, trend Loss: 0.0600 | 0.0638
Epoch 177/300, trend Loss: 0.0596 | 0.0633
Epoch 178/300, trend Loss: 0.0594 | 0.0639
Epoch 179/300, trend Loss: 0.0596 | 0.0633
Epoch 180/300, trend Loss: 0.0592 | 0.0656
Epoch 181/300, trend Loss: 0.0591 | 0.0632
Epoch 182/300, trend Loss: 0.0589 | 0.0637
Epoch 183/300, trend Loss: 0.0586 | 0.0632
Epoch 184/300, trend Loss: 0.0585 | 0.0637
Epoch 185/300, trend Loss: 0.0586 | 0.0639
Epoch 186/300, trend Loss: 0.0592 | 0.0641
Epoch 187/300, trend Loss: 0.0588 | 0.0654
Epoch 188/300, trend Loss: 0.0593 | 0.0645
Epoch 189/300, trend Loss: 0.0593 | 0.0648
Epoch 190/300, trend Loss: 0.0592 | 0.0651
Epoch 191/300, trend Loss: 0.0589 | 0.0649
Epoch 192/300, trend Loss: 0.0584 | 0.0650
Epoch 193/300, trend Loss: 0.0580 | 0.0654
Epoch 194/300, trend Loss: 0.0584 | 0.0653
Epoch 195/300, trend Loss: 0.0591 | 0.0652
Epoch 196/300, trend Loss: 0.0597 | 0.0656
Epoch 197/300, trend Loss: 0.0597 | 0.0646
Epoch 198/300, trend Loss: 0.0590 | 0.0651
Epoch 199/300, trend Loss: 0.0587 | 0.0656
Epoch 200/300, trend Loss: 0.0582 | 0.0663
Epoch 201/300, trend Loss: 0.0587 | 0.0654
Epoch 202/300, trend Loss: 0.0584 | 0.0658
Epoch 203/300, trend Loss: 0.0578 | 0.0653
Epoch 204/300, trend Loss: 0.0572 | 0.0655
Epoch 205/300, trend Loss: 0.0568 | 0.0645
Epoch 206/300, trend Loss: 0.0571 | 0.0653
Epoch 207/300, trend Loss: 0.0570 | 0.0643
Epoch 208/300, trend Loss: 0.0566 | 0.0651
Epoch 209/300, trend Loss: 0.0565 | 0.0647
Epoch 210/300, trend Loss: 0.0568 | 0.0657
Epoch 211/300, trend Loss: 0.0567 | 0.0668
Epoch 212/300, trend Loss: 0.0567 | 0.0659
Epoch 213/300, trend Loss: 0.0563 | 0.0656
Epoch 214/300, trend Loss: 0.0560 | 0.0654
Epoch 215/300, trend Loss: 0.0556 | 0.0654
Epoch 216/300, trend Loss: 0.0551 | 0.0662
Epoch 217/300, trend Loss: 0.0546 | 0.0664
Epoch 218/300, trend Loss: 0.0541 | 0.0673
Epoch 219/300, trend Loss: 0.0534 | 0.0666
Epoch 220/300, trend Loss: 0.0521 | 0.0659
Epoch 221/300, trend Loss: 0.0511 | 0.0662
Epoch 222/300, trend Loss: 0.0506 | 0.0659
Epoch 223/300, trend Loss: 0.0513 | 0.0670
Epoch 224/300, trend Loss: 0.0510 | 0.0673
Epoch 225/300, trend Loss: 0.0497 | 0.0672
Epoch 226/300, trend Loss: 0.0490 | 0.0675
Epoch 227/300, trend Loss: 0.0487 | 0.0668
Epoch 228/300, trend Loss: 0.0492 | 0.0666
Epoch 229/300, trend Loss: 0.0484 | 0.0670
Epoch 230/300, trend Loss: 0.0479 | 0.0671
Epoch 231/300, trend Loss: 0.0472 | 0.0674
Epoch 232/300, trend Loss: 0.0472 | 0.0674
Epoch 233/300, trend Loss: 0.0467 | 0.0678
Epoch 234/300, trend Loss: 0.0468 | 0.0666
Epoch 235/300, trend Loss: 0.0474 | 0.0682
Epoch 236/300, trend Loss: 0.0483 | 0.0667
Epoch 237/300, trend Loss: 0.0469 | 0.0669
Epoch 238/300, trend Loss: 0.0466 | 0.0677
Epoch 239/300, trend Loss: 0.0466 | 0.0676
Epoch 240/300, trend Loss: 0.0469 | 0.0685
Epoch 241/300, trend Loss: 0.0481 | 0.0677
Epoch 242/300, trend Loss: 0.0476 | 0.0672
Epoch 243/300, trend Loss: 0.0467 | 0.0670
Epoch 244/300, trend Loss: 0.0462 | 0.0675
Epoch 245/300, trend Loss: 0.0460 | 0.0675
Epoch 246/300, trend Loss: 0.0460 | 0.0678
Epoch 247/300, trend Loss: 0.0458 | 0.0685
Epoch 248/300, trend Loss: 0.0458 | 0.0678
Epoch 249/300, trend Loss: 0.0457 | 0.0675
Epoch 250/300, trend Loss: 0.0456 | 0.0674
Epoch 251/300, trend Loss: 0.0455 | 0.0676
Epoch 252/300, trend Loss: 0.0455 | 0.0680
Epoch 253/300, trend Loss: 0.0452 | 0.0682
Epoch 254/300, trend Loss: 0.0450 | 0.0685
Epoch 255/300, trend Loss: 0.0449 | 0.0674
Epoch 256/300, trend Loss: 0.0448 | 0.0676
Epoch 257/300, trend Loss: 0.0447 | 0.0675
Epoch 258/300, trend Loss: 0.0447 | 0.0681
Epoch 259/300, trend Loss: 0.0448 | 0.0679
Epoch 260/300, trend Loss: 0.0448 | 0.0690
Epoch 261/300, trend Loss: 0.0446 | 0.0683
Epoch 262/300, trend Loss: 0.0447 | 0.0679
Epoch 263/300, trend Loss: 0.0446 | 0.0678
Epoch 264/300, trend Loss: 0.0445 | 0.0680
Epoch 265/300, trend Loss: 0.0442 | 0.0681
Epoch 266/300, trend Loss: 0.0442 | 0.0687
Epoch 267/300, trend Loss: 0.0441 | 0.0686
Epoch 268/300, trend Loss: 0.0441 | 0.0682
Epoch 269/300, trend Loss: 0.0442 | 0.0678
Epoch 270/300, trend Loss: 0.0440 | 0.0681
Epoch 271/300, trend Loss: 0.0438 | 0.0683
Epoch 272/300, trend Loss: 0.0438 | 0.0686
Epoch 273/300, trend Loss: 0.0438 | 0.0690
Epoch 274/300, trend Loss: 0.0437 | 0.0690
Epoch 275/300, trend Loss: 0.0438 | 0.0680
Epoch 276/300, trend Loss: 0.0438 | 0.0684
Epoch 277/300, trend Loss: 0.0436 | 0.0683
Epoch 278/300, trend Loss: 0.0435 | 0.0688
Epoch 279/300, trend Loss: 0.0436 | 0.0690
Epoch 280/300, trend Loss: 0.0433 | 0.0693
Epoch 281/300, trend Loss: 0.0434 | 0.0684
Epoch 282/300, trend Loss: 0.0434 | 0.0685
Epoch 283/300, trend Loss: 0.0433 | 0.0683
Epoch 284/300, trend Loss: 0.0432 | 0.0690
Epoch 285/300, trend Loss: 0.0432 | 0.0689
Epoch 286/300, trend Loss: 0.0431 | 0.0695
Epoch 287/300, trend Loss: 0.0430 | 0.0692
Epoch 288/300, trend Loss: 0.0431 | 0.0688
Epoch 289/300, trend Loss: 0.0431 | 0.0685
Epoch 290/300, trend Loss: 0.0430 | 0.0689
Epoch 291/300, trend Loss: 0.0429 | 0.0690
Epoch 292/300, trend Loss: 0.0429 | 0.0694
Epoch 293/300, trend Loss: 0.0429 | 0.0696
Epoch 294/300, trend Loss: 0.0427 | 0.0694
Epoch 295/300, trend Loss: 0.0428 | 0.0688
Epoch 296/300, trend Loss: 0.0428 | 0.0689
Epoch 297/300, trend Loss: 0.0426 | 0.0691
Epoch 298/300, trend Loss: 0.0425 | 0.0694
Epoch 299/300, trend Loss: 0.0426 | 0.0697
Epoch 300/300, trend Loss: 0.0424 | 0.0698
Training seasonal_0 component with params: {'observation_period_num': 33, 'train_rates': 0.9822162804600922, 'learning_rate': 0.00016220051805170655, 'batch_size': 111, 'step_size': 15, 'gamma': 0.8236270320122207}
Epoch 1/300, seasonal_0 Loss: 0.4740 | 0.2895
Epoch 2/300, seasonal_0 Loss: 0.2654 | 0.2097
Epoch 3/300, seasonal_0 Loss: 0.2022 | 0.1569
Epoch 4/300, seasonal_0 Loss: 0.1770 | 0.1629
Epoch 5/300, seasonal_0 Loss: 0.1676 | 0.1532
Epoch 6/300, seasonal_0 Loss: 0.1636 | 0.1378
Epoch 7/300, seasonal_0 Loss: 0.1676 | 0.1537
Epoch 8/300, seasonal_0 Loss: 0.2126 | 0.1259
Epoch 9/300, seasonal_0 Loss: 0.2251 | 0.5499
Epoch 10/300, seasonal_0 Loss: 0.1934 | 0.1265
Epoch 11/300, seasonal_0 Loss: 0.1638 | 0.1183
Epoch 12/300, seasonal_0 Loss: 0.1506 | 0.1068
Epoch 13/300, seasonal_0 Loss: 0.1364 | 0.1014
Epoch 14/300, seasonal_0 Loss: 0.1315 | 0.0973
Epoch 15/300, seasonal_0 Loss: 0.1231 | 0.0905
Epoch 16/300, seasonal_0 Loss: 0.1160 | 0.0831
Epoch 17/300, seasonal_0 Loss: 0.1119 | 0.0808
Epoch 18/300, seasonal_0 Loss: 0.1099 | 0.0769
Epoch 19/300, seasonal_0 Loss: 0.1083 | 0.0733
Epoch 20/300, seasonal_0 Loss: 0.1066 | 0.0706
Epoch 21/300, seasonal_0 Loss: 0.1048 | 0.0684
Epoch 22/300, seasonal_0 Loss: 0.1031 | 0.0664
Epoch 23/300, seasonal_0 Loss: 0.1016 | 0.0645
Epoch 24/300, seasonal_0 Loss: 0.1000 | 0.0624
Epoch 25/300, seasonal_0 Loss: 0.0988 | 0.0616
Epoch 26/300, seasonal_0 Loss: 0.0977 | 0.0610
Epoch 27/300, seasonal_0 Loss: 0.0970 | 0.0607
Epoch 28/300, seasonal_0 Loss: 0.0970 | 0.0613
Epoch 29/300, seasonal_0 Loss: 0.0983 | 0.0665
Epoch 30/300, seasonal_0 Loss: 0.1011 | 0.0885
Epoch 31/300, seasonal_0 Loss: 0.1002 | 0.1178
Epoch 32/300, seasonal_0 Loss: 0.1007 | 0.0656
Epoch 33/300, seasonal_0 Loss: 0.1052 | 0.0608
Epoch 34/300, seasonal_0 Loss: 0.1094 | 0.0610
Epoch 35/300, seasonal_0 Loss: 0.1043 | 0.0589
Epoch 36/300, seasonal_0 Loss: 0.0980 | 0.0565
Epoch 37/300, seasonal_0 Loss: 0.0953 | 0.0556
Epoch 38/300, seasonal_0 Loss: 0.0948 | 0.0551
Epoch 39/300, seasonal_0 Loss: 0.0934 | 0.0538
Epoch 40/300, seasonal_0 Loss: 0.0915 | 0.0528
Epoch 41/300, seasonal_0 Loss: 0.0921 | 0.0548
Epoch 42/300, seasonal_0 Loss: 0.0916 | 0.0570
Epoch 43/300, seasonal_0 Loss: 0.0897 | 0.0565
Epoch 44/300, seasonal_0 Loss: 0.0881 | 0.0543
Epoch 45/300, seasonal_0 Loss: 0.0871 | 0.0521
Epoch 46/300, seasonal_0 Loss: 0.0869 | 0.0498
Epoch 47/300, seasonal_0 Loss: 0.0878 | 0.0505
Epoch 48/300, seasonal_0 Loss: 0.0903 | 0.0516
Epoch 49/300, seasonal_0 Loss: 0.0943 | 0.0529
Epoch 50/300, seasonal_0 Loss: 0.0982 | 0.0539
Epoch 51/300, seasonal_0 Loss: 0.0985 | 0.0538
Epoch 52/300, seasonal_0 Loss: 0.0932 | 0.0523
Epoch 53/300, seasonal_0 Loss: 0.0878 | 0.0502
Epoch 54/300, seasonal_0 Loss: 0.0968 | 0.0560
Epoch 55/300, seasonal_0 Loss: 0.0968 | 0.0584
Epoch 56/300, seasonal_0 Loss: 0.0888 | 0.0536
Epoch 57/300, seasonal_0 Loss: 0.0838 | 0.0498
Epoch 58/300, seasonal_0 Loss: 0.0836 | 0.0481
Epoch 59/300, seasonal_0 Loss: 0.0837 | 0.0482
Epoch 60/300, seasonal_0 Loss: 0.0829 | 0.0480
Epoch 61/300, seasonal_0 Loss: 0.0820 | 0.0478
Epoch 62/300, seasonal_0 Loss: 0.0817 | 0.0479
Epoch 63/300, seasonal_0 Loss: 0.0815 | 0.0479
Epoch 64/300, seasonal_0 Loss: 0.0813 | 0.0476
Epoch 65/300, seasonal_0 Loss: 0.0810 | 0.0473
Epoch 66/300, seasonal_0 Loss: 0.0808 | 0.0471
Epoch 67/300, seasonal_0 Loss: 0.0806 | 0.0470
Epoch 68/300, seasonal_0 Loss: 0.0804 | 0.0468
Epoch 69/300, seasonal_0 Loss: 0.0802 | 0.0467
Epoch 70/300, seasonal_0 Loss: 0.0800 | 0.0467
Epoch 71/300, seasonal_0 Loss: 0.0798 | 0.0466
Epoch 72/300, seasonal_0 Loss: 0.0796 | 0.0465
Epoch 73/300, seasonal_0 Loss: 0.0795 | 0.0464
Epoch 74/300, seasonal_0 Loss: 0.0793 | 0.0463
Epoch 75/300, seasonal_0 Loss: 0.0792 | 0.0462
Epoch 76/300, seasonal_0 Loss: 0.0790 | 0.0461
Epoch 77/300, seasonal_0 Loss: 0.0788 | 0.0460
Epoch 78/300, seasonal_0 Loss: 0.0787 | 0.0460
Epoch 79/300, seasonal_0 Loss: 0.0786 | 0.0459
Epoch 80/300, seasonal_0 Loss: 0.0784 | 0.0458
Epoch 81/300, seasonal_0 Loss: 0.0783 | 0.0457
Epoch 82/300, seasonal_0 Loss: 0.0782 | 0.0457
Epoch 83/300, seasonal_0 Loss: 0.0781 | 0.0456
Epoch 84/300, seasonal_0 Loss: 0.0779 | 0.0455
Epoch 85/300, seasonal_0 Loss: 0.0778 | 0.0454
Epoch 86/300, seasonal_0 Loss: 0.0777 | 0.0454
Epoch 87/300, seasonal_0 Loss: 0.0776 | 0.0453
Epoch 88/300, seasonal_0 Loss: 0.0775 | 0.0453
Epoch 89/300, seasonal_0 Loss: 0.0774 | 0.0452
Epoch 90/300, seasonal_0 Loss: 0.0772 | 0.0451
Epoch 91/300, seasonal_0 Loss: 0.0771 | 0.0451
Epoch 92/300, seasonal_0 Loss: 0.0770 | 0.0450
Epoch 93/300, seasonal_0 Loss: 0.0769 | 0.0449
Epoch 94/300, seasonal_0 Loss: 0.0768 | 0.0449
Epoch 95/300, seasonal_0 Loss: 0.0768 | 0.0448
Epoch 96/300, seasonal_0 Loss: 0.0767 | 0.0448
Epoch 97/300, seasonal_0 Loss: 0.0766 | 0.0447
Epoch 98/300, seasonal_0 Loss: 0.0765 | 0.0447
Epoch 99/300, seasonal_0 Loss: 0.0764 | 0.0446
Epoch 100/300, seasonal_0 Loss: 0.0763 | 0.0446
Epoch 101/300, seasonal_0 Loss: 0.0762 | 0.0445
Epoch 102/300, seasonal_0 Loss: 0.0761 | 0.0445
Epoch 103/300, seasonal_0 Loss: 0.0761 | 0.0444
Epoch 104/300, seasonal_0 Loss: 0.0760 | 0.0444
Epoch 105/300, seasonal_0 Loss: 0.0759 | 0.0444
Epoch 106/300, seasonal_0 Loss: 0.0758 | 0.0443
Epoch 107/300, seasonal_0 Loss: 0.0757 | 0.0443
Epoch 108/300, seasonal_0 Loss: 0.0757 | 0.0442
Epoch 109/300, seasonal_0 Loss: 0.0756 | 0.0442
Epoch 110/300, seasonal_0 Loss: 0.0756 | 0.0442
Epoch 111/300, seasonal_0 Loss: 0.0755 | 0.0441
Epoch 112/300, seasonal_0 Loss: 0.0754 | 0.0441
Epoch 113/300, seasonal_0 Loss: 0.0754 | 0.0440
Epoch 114/300, seasonal_0 Loss: 0.0753 | 0.0440
Epoch 115/300, seasonal_0 Loss: 0.0752 | 0.0440
Epoch 116/300, seasonal_0 Loss: 0.0752 | 0.0439
Epoch 117/300, seasonal_0 Loss: 0.0751 | 0.0439
Epoch 118/300, seasonal_0 Loss: 0.0751 | 0.0439
Epoch 119/300, seasonal_0 Loss: 0.0750 | 0.0438
Epoch 120/300, seasonal_0 Loss: 0.0749 | 0.0438
Epoch 121/300, seasonal_0 Loss: 0.0749 | 0.0438
Epoch 122/300, seasonal_0 Loss: 0.0748 | 0.0437
Epoch 123/300, seasonal_0 Loss: 0.0748 | 0.0437
Epoch 124/300, seasonal_0 Loss: 0.0747 | 0.0437
Epoch 125/300, seasonal_0 Loss: 0.0747 | 0.0436
Epoch 126/300, seasonal_0 Loss: 0.0746 | 0.0436
Epoch 127/300, seasonal_0 Loss: 0.0746 | 0.0436
Epoch 128/300, seasonal_0 Loss: 0.0745 | 0.0436
Epoch 129/300, seasonal_0 Loss: 0.0745 | 0.0435
Epoch 130/300, seasonal_0 Loss: 0.0744 | 0.0435
Epoch 131/300, seasonal_0 Loss: 0.0744 | 0.0435
Epoch 132/300, seasonal_0 Loss: 0.0744 | 0.0435
Epoch 133/300, seasonal_0 Loss: 0.0743 | 0.0434
Epoch 134/300, seasonal_0 Loss: 0.0743 | 0.0434
Epoch 135/300, seasonal_0 Loss: 0.0742 | 0.0434
Epoch 136/300, seasonal_0 Loss: 0.0742 | 0.0434
Epoch 137/300, seasonal_0 Loss: 0.0742 | 0.0433
Epoch 138/300, seasonal_0 Loss: 0.0741 | 0.0433
Epoch 139/300, seasonal_0 Loss: 0.0741 | 0.0433
Epoch 140/300, seasonal_0 Loss: 0.0741 | 0.0433
Epoch 141/300, seasonal_0 Loss: 0.0740 | 0.0433
Epoch 142/300, seasonal_0 Loss: 0.0740 | 0.0432
Epoch 143/300, seasonal_0 Loss: 0.0740 | 0.0432
Epoch 144/300, seasonal_0 Loss: 0.0739 | 0.0432
Epoch 145/300, seasonal_0 Loss: 0.0739 | 0.0432
Epoch 146/300, seasonal_0 Loss: 0.0739 | 0.0432
Epoch 147/300, seasonal_0 Loss: 0.0738 | 0.0431
Epoch 148/300, seasonal_0 Loss: 0.0738 | 0.0431
Epoch 149/300, seasonal_0 Loss: 0.0738 | 0.0431
Epoch 150/300, seasonal_0 Loss: 0.0737 | 0.0431
Epoch 151/300, seasonal_0 Loss: 0.0737 | 0.0431
Epoch 152/300, seasonal_0 Loss: 0.0737 | 0.0431
Epoch 153/300, seasonal_0 Loss: 0.0737 | 0.0430
Epoch 154/300, seasonal_0 Loss: 0.0736 | 0.0430
Epoch 155/300, seasonal_0 Loss: 0.0736 | 0.0430
Epoch 156/300, seasonal_0 Loss: 0.0736 | 0.0430
Epoch 157/300, seasonal_0 Loss: 0.0736 | 0.0430
Epoch 158/300, seasonal_0 Loss: 0.0735 | 0.0430
Epoch 159/300, seasonal_0 Loss: 0.0735 | 0.0430
Epoch 160/300, seasonal_0 Loss: 0.0735 | 0.0429
Epoch 161/300, seasonal_0 Loss: 0.0735 | 0.0429
Epoch 162/300, seasonal_0 Loss: 0.0734 | 0.0429
Epoch 163/300, seasonal_0 Loss: 0.0734 | 0.0429
Epoch 164/300, seasonal_0 Loss: 0.0734 | 0.0429
Epoch 165/300, seasonal_0 Loss: 0.0734 | 0.0429
Epoch 166/300, seasonal_0 Loss: 0.0734 | 0.0429
Epoch 167/300, seasonal_0 Loss: 0.0733 | 0.0429
Epoch 168/300, seasonal_0 Loss: 0.0733 | 0.0428
Epoch 169/300, seasonal_0 Loss: 0.0733 | 0.0428
Epoch 170/300, seasonal_0 Loss: 0.0733 | 0.0428
Epoch 171/300, seasonal_0 Loss: 0.0733 | 0.0428
Epoch 172/300, seasonal_0 Loss: 0.0732 | 0.0428
Epoch 173/300, seasonal_0 Loss: 0.0732 | 0.0428
Epoch 174/300, seasonal_0 Loss: 0.0732 | 0.0428
Epoch 175/300, seasonal_0 Loss: 0.0732 |