[32m[I 2024-10-25 02:54:19,039][0m Trial 49 finished with value: 1.3404251050601885 and parameters: {'learning_rate': 0.00019252162351407064, 'batch_size': 241, 'step_size': 11, 'gamma': 0.8064300600571497, 'depth': 4, 'dim': 69}. Best is trial 12 with value: 0.5023035635466425.[0m
Best hyperparameters (trend): {'learning_rate': 8.058014251029621e-05, 'batch_size': 121, 'step_size': 15, 'gamma': 0.9492488229321545, 'depth': 5, 'dim': 158}
Best hyperparameters (seasonal): {'learning_rate': 0.00013736488831073005, 'batch_size': 114, 'step_size': 9, 'gamma': 0.8280621965692284, 'depth': 3, 'dim': 194}
Best hyperparameters (resid): {'learning_rate': 0.0006593806872493431, 'batch_size': 17, 'step_size': 11, 'gamma': 0.8181666716285787, 'depth': 3, 'dim': 97}
