[32m[I 2025-02-02 09:04:41,213][0m Trial 32 finished with value: 0.09769934591637036 and parameters: {'observation_period_num': 20, 'train_rates': 0.6351468336299434, 'learning_rate': 0.0006812753120620403, 'batch_size': 55, 'step_size': 2, 'gamma': 0.8026475228180301}. Best is trial 24 with value: 0.06477421584976725.[0m
[32m[I 2025-02-02 09:06:09,489][0m Trial 33 finished with value: 0.07350879852837945 and parameters: {'observation_period_num': 22, 'train_rates': 0.7251611770084058, 'learning_rate': 0.0009384461870659719, 'batch_size': 37, 'step_size': 4, 'gamma': 0.7579804853637597}. Best is trial 24 with value: 0.06477421584976725.[0m
[32m[I 2025-02-02 09:07:33,457][0m Trial 34 finished with value: 0.06764034628213723 and parameters: {'observation_period_num': 5, 'train_rates': 0.7296422081664903, 'learning_rate': 0.0005139919290627617, 'batch_size': 39, 'step_size': 4, 'gamma': 0.7506724801120745}. Best is trial 24 with value: 0.06477421584976725.[0m
[32m[I 2025-02-02 09:09:15,391][0m Trial 35 finished with value: 0.06812369496196131 and parameters: {'observation_period_num': 5, 'train_rates': 0.732151801699657, 'learning_rate': 0.00046772174854823787, 'batch_size': 32, 'step_size': 5, 'gamma': 0.7542464767050839}. Best is trial 24 with value: 0.06477421584976725.[0m
[32m[I 2025-02-02 09:11:05,305][0m Trial 36 finished with value: 0.0880750418997973 and parameters: {'observation_period_num': 8, 'train_rates': 0.8381156354601742, 'learning_rate': 0.0005174030337201223, 'batch_size': 32, 'step_size': 5, 'gamma': 0.7771938887761394}. Best is trial 24 with value: 0.06477421584976725.[0m
[32m[I 2025-02-02 09:12:56,802][0m Trial 37 finished with value: 0.07886615505467853 and parameters: {'observation_period_num': 5, 'train_rates': 0.7797565419670404, 'learning_rate': 0.00017570766212770555, 'batch_size': 30, 'step_size': 5, 'gamma': 0.7503829370403616}. Best is trial 24 with value: 0.06477421584976725.[0m
[32m[I 2025-02-02 09:15:34,205][0m Trial 38 finished with value: 0.24546583503362918 and parameters: {'observation_period_num': 89, 'train_rates': 0.7435376743228796, 'learning_rate': 1.493018380433748e-05, 'batch_size': 19, 'step_size': 2, 'gamma': 0.7810119293334297}. Best is trial 24 with value: 0.06477421584976725.[0m
[32m[I 2025-02-02 09:16:22,499][0m Trial 39 finished with value: 0.1741744521080602 and parameters: {'observation_period_num': 232, 'train_rates': 0.7929276780823852, 'learning_rate': 0.0004358923651106534, 'batch_size': 65, 'step_size': 5, 'gamma': 0.8332062822698281}. Best is trial 24 with value: 0.06477421584976725.[0m
[32m[I 2025-02-02 09:17:42,541][0m Trial 40 finished with value: 0.147979228496997 and parameters: {'observation_period_num': 131, 'train_rates': 0.7627691288160635, 'learning_rate': 0.00021873851439956304, 'batch_size': 38, 'step_size': 2, 'gamma': 0.7660007846125519}. Best is trial 24 with value: 0.06477421584976725.[0m
[32m[I 2025-02-02 09:20:45,966][0m Trial 41 finished with value: 0.076928419350576 and parameters: {'observation_period_num': 22, 'train_rates': 0.715702828974139, 'learning_rate': 0.0005952231272121406, 'batch_size': 16, 'step_size': 4, 'gamma': 0.7533712813361354}. Best is trial 24 with value: 0.06477421584976725.[0m
[32m[I 2025-02-02 09:22:02,919][0m Trial 42 finished with value: 0.07258211947081948 and parameters: {'observation_period_num': 16, 'train_rates': 0.7336601530837458, 'learning_rate': 0.00045122798152676634, 'batch_size': 41, 'step_size': 4, 'gamma': 0.7654543305003901}. Best is trial 24 with value: 0.06477421584976725.[0m
[32m[I 2025-02-02 09:23:01,072][0m Trial 43 finished with value: 0.09310072704979998 and parameters: {'observation_period_num': 34, 'train_rates': 0.8194755046597947, 'learning_rate': 0.00040046222651367606, 'batch_size': 60, 'step_size': 5, 'gamma': 0.7702420211697769}. Best is trial 24 with value: 0.06477421584976725.[0m
[32m[I 2025-02-02 09:23:37,896][0m Trial 44 finished with value: 0.06903988898304415 and parameters: {'observation_period_num': 15, 'train_rates': 0.6277058087837272, 'learning_rate': 0.0005275978889173532, 'batch_size': 79, 'step_size': 4, 'gamma': 0.7887613445970357}. Best is trial 24 with value: 0.06477421584976725.[0m
[32m[I 2025-02-02 09:24:13,603][0m Trial 45 finished with value: 0.10617912970483304 and parameters: {'observation_period_num': 58, 'train_rates': 0.6267699315929761, 'learning_rate': 0.0005666467915488654, 'batch_size': 81, 'step_size': 2, 'gamma': 0.7899451965788356}. Best is trial 24 with value: 0.06477421584976725.[0m
[32m[I 2025-02-02 09:24:42,994][0m Trial 46 finished with value: 0.18824392578512944 and parameters: {'observation_period_num': 159, 'train_rates': 0.6254277898842087, 'learning_rate': 9.976989077359341e-05, 'batch_size': 102, 'step_size': 4, 'gamma': 0.8176570073068022}. Best is trial 24 with value: 0.06477421584976725.[0m
[32m[I 2025-02-02 09:25:24,878][0m Trial 47 finished with value: 0.11074277594137351 and parameters: {'observation_period_num': 34, 'train_rates': 0.6925875916080082, 'learning_rate': 0.0003224102660174316, 'batch_size': 74, 'step_size': 2, 'gamma': 0.7882665396836068}. Best is trial 24 with value: 0.06477421584976725.[0m
[32m[I 2025-02-02 09:25:59,142][0m Trial 48 finished with value: 0.06546277432857851 and parameters: {'observation_period_num': 15, 'train_rates': 0.6471005076520862, 'learning_rate': 0.00021952184661692896, 'batch_size': 89, 'step_size': 5, 'gamma': 0.9114470064077671}. Best is trial 24 with value: 0.06477421584976725.[0m
[32m[I 2025-02-02 09:26:45,358][0m Trial 49 finished with value: 0.10001244350073583 and parameters: {'observation_period_num': 15, 'train_rates': 0.8577198730955549, 'learning_rate': 0.00021764638999104195, 'batch_size': 83, 'step_size': 7, 'gamma': 0.9239053054339679}. Best is trial 24 with value: 0.06477421584976725.[0m
seasonal_1 „ÅÆÊúÄÈÅ©„Éè„Ç§„Éë„Éº„Éë„É©„É°„Éº„Çø„ÅåË¶ã„Å§„Åã„Çä„Åæ„Åó„Åü
ÊúÄÈÅ©ÂåñÂØæË±°: seasonal_2
[32m[I 2025-02-02 09:26:45,366][0m A new study created in memory with name: no-name-6eb349c3-c793-4c45-ab8f-6a2cc77ec8de[0m
[32m[I 2025-02-02 09:27:18,648][0m Trial 0 finished with value: 0.12043454311788082 and parameters: {'observation_period_num': 83, 'train_rates': 0.7854335182213683, 'learning_rate': 0.000338615588206963, 'batch_size': 132, 'step_size': 8, 'gamma': 0.9701087358429148}. Best is trial 0 with value: 0.12043454311788082.[0m
[32m[I 2025-02-02 09:27:49,827][0m Trial 1 finished with value: 0.5380198980603262 and parameters: {'observation_period_num': 168, 'train_rates': 0.9232252505249064, 'learning_rate': 4.773133469394131e-06, 'batch_size': 195, 'step_size': 9, 'gamma': 0.917063926938762}. Best is trial 0 with value: 0.12043454311788082.[0m
[32m[I 2025-02-02 09:28:18,590][0m Trial 2 finished with value: 0.17439004642412412 and parameters: {'observation_period_num': 198, 'train_rates': 0.750244649649899, 'learning_rate': 5.133873640750351e-05, 'batch_size': 171, 'step_size': 6, 'gamma': 0.9461849074328694}. Best is trial 0 with value: 0.12043454311788082.[0m
[32m[I 2025-02-02 09:29:23,233][0m Trial 3 finished with value: 0.12882841205392898 and parameters: {'observation_period_num': 64, 'train_rates': 0.8586702182159099, 'learning_rate': 4.0159562975502235e-05, 'batch_size': 57, 'step_size': 6, 'gamma': 0.916027625573318}. Best is trial 0 with value: 0.12043454311788082.[0m
[32m[I 2025-02-02 09:29:47,266][0m Trial 4 finished with value: 1.1055452076264614 and parameters: {'observation_period_num': 101, 'train_rates': 0.6616705838612709, 'learning_rate': 3.31189732127441e-06, 'batch_size': 256, 'step_size': 1, 'gamma': 0.962388613453687}. Best is trial 0 with value: 0.12043454311788082.[0m
[32m[I 2025-02-02 09:30:44,698][0m Trial 5 finished with value: 0.28695388760747786 and parameters: {'observation_period_num': 187, 'train_rates': 0.9429232292023154, 'learning_rate': 5.6836616797587115e-05, 'batch_size': 66, 'step_size': 2, 'gamma': 0.9664920532749418}. Best is trial 0 with value: 0.12043454311788082.[0m
[32m[I 2025-02-02 09:31:33,789][0m Trial 6 finished with value: 0.39594937533140184 and parameters: {'observation_period_num': 132, 'train_rates': 0.9645294196691873, 'learning_rate': 6.604067706384711e-05, 'batch_size': 78, 'step_size': 7, 'gamma': 0.98262249789637}. Best is trial 0 with value: 0.12043454311788082.[0m
[32m[I 2025-02-02 09:32:22,544][0m Trial 7 finished with value: 0.4073467216957575 and parameters: {'observation_period_num': 38, 'train_rates': 0.7312632964572725, 'learning_rate': 1.1795370443581615e-06, 'batch_size': 64, 'step_size': 4, 'gamma': 0.9818229223036082}. Best is trial 0 with value: 0.12043454311788082.[0m
[32m[I 2025-02-02 09:33:09,379][0m Trial 8 finished with value: 0.3793603470376063 and parameters: {'observation_period_num': 226, 'train_rates': 0.861773761686764, 'learning_rate': 3.900501517387357e-06, 'batch_size': 70, 'step_size': 10, 'gamma': 0.9252742849626263}. Best is trial 0 with value: 0.12043454311788082.[0m
[32m[I 2025-02-02 09:33:39,542][0m Trial 9 finished with value: 0.5295837417557859 and parameters: {'observation_period_num': 241, 'train_rates': 0.7718318006360889, 'learning_rate': 3.7179349317819014e-06, 'batch_size': 112, 'step_size': 13, 'gamma': 0.7551302999360457}. Best is trial 0 with value: 0.12043454311788082.[0m
[32m[I 2025-02-02 09:34:05,543][0m Trial 10 finished with value: 0.06488908293840512 and parameters: {'observation_period_num': 6, 'train_rates': 0.6331038458659988, 'learning_rate': 0.0008603521926342401, 'batch_size': 136, 'step_size': 15, 'gamma': 0.8427944733935501}. Best is trial 10 with value: 0.06488908293840512.[0m
[32m[I 2025-02-02 09:34:32,245][0m Trial 11 finished with value: 0.06667342904251446 and parameters: {'observation_period_num': 15, 'train_rates': 0.6196671326130465, 'learning_rate': 0.0009834595084426579, 'batch_size': 135, 'step_size': 15, 'gamma': 0.8185073099148955}. Best is trial 10 with value: 0.06488908293840512.[0m
[32m[I 2025-02-02 09:34:57,118][0m Trial 12 finished with value: 0.07218979494036915 and parameters: {'observation_period_num': 9, 'train_rates': 0.6000390182099433, 'learning_rate': 0.000876003487804099, 'batch_size': 176, 'step_size': 15, 'gamma': 0.8192047269452093}. Best is trial 10 with value: 0.06488908293840512.[0m
[32m[I 2025-02-02 09:37:31,809][0m Trial 13 finished with value: 0.06350164617917554 and parameters: {'observation_period_num': 6, 'train_rates': 0.6136198146533486, 'learning_rate': 0.0009774163957408462, 'batch_size': 18, 'step_size': 12, 'gamma': 0.8415641919000277}. Best is trial 13 with value: 0.06350164617917554.[0m
[32m[I 2025-02-02 09:40:11,377][0m Trial 14 finished with value: 0.11104008059749323 and parameters: {'observation_period_num': 49, 'train_rates': 0.6717346930758502, 'learning_rate': 0.0002207819377799221, 'batch_size': 18, 'step_size': 12, 'gamma': 0.8577271236385065}. Best is trial 13 with value: 0.06350164617917554.[0m
[32m[I 2025-02-02 09:42:44,902][0m Trial 15 finished with value: 0.18581493570574636 and parameters: {'observation_period_num': 126, 'train_rates': 0.6808437260582497, 'learning_rate': 0.00023076591454688038, 'batch_size': 18, 'step_size': 12, 'gamma': 0.858541245383936}. Best is trial 13 with value: 0.06350164617917554.[0m
[32m[I 2025-02-02 09:43:09,825][0m Trial 16 finished with value: 0.08729850920137919 and parameters: {'observation_period_num': 34, 'train_rates': 0.7109029923955638, 'learning_rate': 0.0004044545256295635, 'batch_size': 247, 'step_size': 13, 'gamma': 0.8155543876196464}. Best is trial 13 with value: 0.06350164617917554.[0m
[32m[I 2025-02-02 09:43:39,904][0m Trial 17 finished with value: 0.16743278040705004 and parameters: {'observation_period_num': 7, 'train_rates': 0.6351902487091957, 'learning_rate': 1.4501570056259774e-05, 'batch_size': 103, 'step_size': 11, 'gamma': 0.885919292819278}. Best is trial 13 with value: 0.06350164617917554.[0m
[32m[I 2025-02-02 09:44:09,422][0m Trial 18 finished with value: 0.12464760162018157 and parameters: {'observation_period_num': 66, 'train_rates': 0.8425946066277432, 'learning_rate': 0.00012214472099006957, 'batch_size': 215, 'step_size': 14, 'gamma': 0.7854172205218468}. Best is trial 13 with value: 0.06350164617917554.[0m
[32m[I 2025-02-02 09:45:11,850][0m Trial 19 finished with value: 0.20999118085675592 and parameters: {'observation_period_num': 104, 'train_rates': 0.6336758587988274, 'learning_rate': 1.6730658937688713e-05, 'batch_size': 43, 'step_size': 10, 'gamma': 0.8754942411535825}. Best is trial 13 with value: 0.06350164617917554.[0m
[32m[I 2025-02-02 09:45:43,824][0m Trial 20 finished with value: 0.08708955233045128 and parameters: {'observation_period_num': 33, 'train_rates': 0.7011925554147127, 'learning_rate': 0.0005330225772841537, 'batch_size': 104, 'step_size': 15, 'gamma': 0.8305682705390872}. Best is trial 13 with value: 0.06350164617917554.[0m
[32m[I 2025-02-02 09:46:09,018][0m Trial 21 finished with value: 0.06436043673671454 and parameters: {'observation_period_num': 7, 'train_rates': 0.6064355587459025, 'learning_rate': 0.0008046991104787499, 'batch_size': 151, 'step_size': 14, 'gamma': 0.8372436596044529}. Best is trial 13 with value: 0.06350164617917554.[0m
[32m[I 2025-02-02 09:46:34,433][0m Trial 22 finished with value: 0.07489116010153334 and parameters: {'observation_period_num': 5, 'train_rates': 0.6003225419445937, 'learning_rate': 0.0005767111476087994, 'batch_size': 157, 'step_size': 13, 'gamma': 0.8463200013824183}. Best is trial 13 with value: 0.06350164617917554.[0m
[32m[I 2025-02-02 09:46:59,239][0m Trial 23 finished with value: 0.14076613220903608 and parameters: {'observation_period_num': 29, 'train_rates': 0.6522819505522119, 'learning_rate': 0.0001064380057587262, 'batch_size': 220, 'step_size': 14, 'gamma': 0.7908663932415947}. Best is trial 13 with value: 0.06350164617917554.[0m
[32m[I 2025-02-02 09:47:25,038][0m Trial 24 finished with value: 0.10427914818037946 and parameters: {'observation_period_num': 64, 'train_rates': 0.6943040384905159, 'learning_rate': 0.0009959675430781876, 'batch_size': 160, 'step_size': 11, 'gamma': 0.8926086515105512}. Best is trial 13 with value: 0.06350164617917554.[0m
[32m[I 2025-02-02 09:47:52,711][0m Trial 25 finished with value: 0.08761006063594688 and parameters: {'observation_period_num': 53, 'train_rates': 0.6461182645268965, 'learning_rate': 0.0002482270954750485, 'batch_size': 122, 'step_size': 14, 'gamma': 0.7913690447930841}. Best is trial 13 with value: 0.06350164617917554.[0m
[32m[I 2025-02-02 09:48:32,598][0m Trial 26 finished with value: 0.11207750858215804 and parameters: {'observation_period_num': 84, 'train_rates': 0.8139540518214439, 'learning_rate': 0.00012907351938680763, 'batch_size': 86, 'step_size': 12, 'gamma': 0.8426683302171214}. Best is trial 13 with value: 0.06350164617917554.[0m
[32m[I 2025-02-02 09:49:46,695][0m Trial 27 finished with value: 0.08457401765044778 and parameters: {'observation_period_num': 24, 'train_rates': 0.6176708866705181, 'learning_rate': 0.0005751443930126572, 'batch_size': 37, 'step_size': 15, 'gamma': 0.8025358910443089}. Best is trial 13 with value: 0.06350164617917554.[0m
[32m[I 2025-02-02 09:50:14,722][0m Trial 28 finished with value: 0.09598142597289372 and parameters: {'observation_period_num': 51, 'train_rates': 0.7361875827684186, 'learning_rate': 0.00034204310444153473, 'batch_size': 149, 'step_size': 11, 'gamma': 0.7706263949350759}. Best is trial 13 with value: 0.06350164617917554.[0m
[32m[I 2025-02-02 09:50:40,319][0m Trial 29 finished with value: 0.10631590174017222 and parameters: {'observation_period_num': 83, 'train_rates': 0.6660997944637516, 'learning_rate': 0.0005857334842474536, 'batch_size': 189, 'step_size': 8, 'gamma': 0.8975116699395328}. Best is trial 13 with value: 0.06350164617917554.[0m
[32m[I 2025-02-02 09:51:16,885][0m Trial 30 finished with value: 0.1706827664763809 and parameters: {'observation_period_num': 144, 'train_rates': 0.7923387499442547, 'learning_rate': 2.3751438807592188e-05, 'batch_size': 92, 'step_size': 13, 'gamma': 0.8675086011302902}. Best is trial 13 with value: 0.06350164617917554.[0m
[32m[I 2025-02-02 09:51:43,493][0m Trial 31 finished with value: 0.0676753221532783 and parameters: {'observation_period_num': 17, 'train_rates': 0.6219531280200402, 'learning_rate': 0.0009947359969549293, 'batch_size': 134, 'step_size': 15, 'gamma': 0.8310456674873409}. Best is trial 13 with value: 0.06350164617917554.[0m
[32m[I 2025-02-02 09:52:09,585][0m Trial 32 finished with value: 0.0745806524629437 and parameters: {'observation_period_num': 18, 'train_rates': 0.6038504190900187, 'learning_rate': 0.0003958688454324314, 'batch_size': 141, 'step_size': 14, 'gamma': 0.8116566967677699}. Best is trial 13 with value: 0.06350164617917554.[0m
[32m[I 2025-02-02 09:52:36,686][0m Trial 33 finished with value: 0.08288630840433386 and parameters: {'observation_period_num': 41, 'train_rates': 0.6248147657434875, 'learning_rate': 0.0007160863074516659, 'batch_size': 122, 'step_size': 15, 'gamma': 0.8431689361381369}. Best is trial 13 with value: 0.06350164617917554.[0m
[32m[I 2025-02-02 09:53:01,688][0m Trial 34 finished with value: 0.09084891681034069 and parameters: {'observation_period_num': 21, 'train_rates': 0.6432604144669627, 'learning_rate': 0.00018664922812763597, 'batch_size': 181, 'step_size': 9, 'gamma': 0.8311059692265391}. Best is trial 13 with value: 0.06350164617917554.[0m
[32m[I 2025-02-02 09:53:26,877][0m Trial 35 finished with value: 0.07040592996091802 and parameters: {'observation_period_num': 6, 'train_rates': 0.6837225244852285, 'learning_rate': 0.0003895990209141959, 'batch_size': 203, 'step_size': 14, 'gamma': 0.8521251299810454}. Best is trial 13 with value: 0.06350164617917554.[0m
[32m[I 2025-02-02 09:53:57,109][0m Trial 36 finished with value: 0.32777875596109557 and parameters: {'observation_period_num': 64, 'train_rates': 0.9060918544534525, 'learning_rate': 8.192690749214477e-06, 'batch_size': 165, 'step_size': 13, 'gamma': 0.8723016436153886}. Best is trial 13 with value: 0.06350164617917554.[0m
[32m[I 2025-02-02 09:54:27,055][0m Trial 37 finished with value: 0.07788942553323185 and parameters: {'observation_period_num': 19, 'train_rates': 0.7230822959332253, 'learning_rate': 0.0006442123110243314, 'batch_size': 121, 'step_size': 5, 'gamma': 0.8062424577582472}. Best is trial 13 with value: 0.06350164617917554.[0m
[32m[I 2025-02-02 09:54:53,977][0m Trial 38 finished with value: 0.14417706188844076 and parameters: {'observation_period_num': 80, 'train_rates': 0.6537024684486393, 'learning_rate': 8.129512601641329e-05, 'batch_size': 144, 'step_size': 12, 'gamma': 0.8237077546626188}. Best is trial 13 with value: 0.06350164617917554.[0m
[32m[I 2025-02-02 09:55:47,646][0m Trial 39 finished with value: 0.16587642730815708 and parameters: {'observation_period_num': 173, 'train_rates': 0.6153950838120077, 'learning_rate': 0.00029036769083216543, 'batch_size': 49, 'step_size': 14, 'gamma': 0.910935459378441}. Best is trial 13 with value: 0.06350164617917554.[0m
[32m[I 2025-02-02 09:56:12,438][0m Trial 40 finished with value: 0.13979121771654743 and parameters: {'observation_period_num': 44, 'train_rates': 0.6721478647907375, 'learning_rate': 0.00016532690788637473, 'batch_size': 229, 'step_size': 9, 'gamma': 0.7734037566814359}. Best is trial 13 with value: 0.06350164617917554.[0m
[32m[I 2025-02-02 09:56:38,880][0m Trial 41 finished with value: 0.07048760995001536 and parameters: {'observation_period_num': 19, 'train_rates': 0.6197408943643209, 'learning_rate': 0.0009370383888962867, 'batch_size': 132, 'step_size': 15, 'gamma': 0.8336613631940831}. Best is trial 13 with value: 0.06350164617917554.[0m
[32m[I 2025-02-02 09:57:06,650][0m Trial 42 finished with value: 0.07120605076510292 and parameters: {'observation_period_num': 18, 'train_rates': 0.6346635310204584, 'learning_rate': 0.0009690204857122472, 'batch_size': 131, 'step_size': 15, 'gamma': 0.83906244744239}. Best is trial 13 with value: 0.06350164617917554.[0m
[32m[I 2025-02-02 09:57:32,608][0m Trial 43 finished with value: 0.08669763540677333 and parameters: {'observation_period_num': 31, 'train_rates': 0.6175002469191638, 'learning_rate': 0.0004898405467107624, 'batch_size': 146, 'step_size': 15, 'gamma': 0.8240278335864714}. Best is trial 13 with value: 0.06350164617917554.[0m
[32m[I 2025-02-02 09:58:05,222][0m Trial 44 finished with value: 0.07929878335864751 and parameters: {'observation_period_num': 6, 'train_rates': 0.7615547815880341, 'learning_rate': 0.0007688164353155932, 'batch_size': 109, 'step_size': 3, 'gamma': 0.8635254350792846}. Best is trial 13 with value: 0.06350164617917554.[0m
[32m[I 2025-02-02 09:58:30,811][0m Trial 45 finished with value: 0.5290730139042469 and parameters: {'observation_period_num': 40, 'train_rates': 0.660972396204535, 'learning_rate': 1.7315063873916653e-06, 'batch_size': 168, 'step_size': 13, 'gamma': 0.8007675319898967}. Best is trial 13 with value: 0.06350164617917554.[0m
[32m[I 2025-02-02 09:59:01,588][0m Trial 46 finished with value: 0.22714887338655967 and parameters: {'observation_period_num': 207, 'train_rates': 0.6064835941333349, 'learning_rate': 0.0007461945310054799, 'batch_size': 92, 'step_size': 14, 'gamma': 0.9458705495274375}. Best is trial 13 with value: 0.06350164617917554.[0m
[32m[I 2025-02-02 09:59:26,512][0m Trial 47 finished with value: 0.0769939548704853 and parameters: {'observation_period_num': 18, 'train_rates': 0.6341658098937557, 'learning_rate': 0.0004694471531095399, 'batch_size': 196, 'step_size': 7, 'gamma': 0.8546101174964083}. Best is trial 13 with value: 0.06350164617917554.[0m
