[32m[I 2025-02-02 11:55:05,137][0m Trial 49 finished with value: 0.13426798670082737 and parameters: {'observation_period_num': 55, 'train_rates': 0.6991199676560564, 'learning_rate': 1.8563533766973856e-05, 'batch_size': 97, 'step_size': 14, 'gamma': 0.8266877203523048}. Best is trial 23 with value: 0.07135370086410991.[0m
resid „ÅÆÊúÄÈÅ©„Éè„Ç§„Éë„Éº„Éë„É©„É°„Éº„Çø„ÅåË¶ã„Å§„Åã„Çä„Åæ„Åó„Åü
ÊúÄÈÅ©„Éè„Ç§„Éë„Éº„Éë„É©„É°„Éº„Çø„Åå best_hyperparameters_SBUX_iTransformer.json „Å´‰øùÂ≠ò„Åï„Çå„Åæ„Åó„Åü
Training trend component with params: {'observation_period_num': 16, 'train_rates': 0.6659674472424055, 'learning_rate': 5.776884749770517e-05, 'batch_size': 26, 'step_size': 11, 'gamma': 0.938888273377653}
Epoch 1/300, trend Loss: 0.2419 | 0.1966
Epoch 2/300, trend Loss: 0.1631 | 0.1595
Epoch 3/300, trend Loss: 0.1493 | 0.1386
Epoch 4/300, trend Loss: 0.1401 | 0.1279
Epoch 5/300, trend Loss: 0.1335 | 0.1239
Epoch 6/300, trend Loss: 0.1287 | 0.1227
Epoch 7/300, trend Loss: 0.1252 | 0.1223
Epoch 8/300, trend Loss: 0.1226 | 0.1212
Epoch 9/300, trend Loss: 0.1203 | 0.1201
Epoch 10/300, trend Loss: 0.1181 | 0.1193
Epoch 11/300, trend Loss: 0.1159 | 0.1187
Epoch 12/300, trend Loss: 0.1139 | 0.1184
Epoch 13/300, trend Loss: 0.1119 | 0.1184
Epoch 14/300, trend Loss: 0.1097 | 0.1174
Epoch 15/300, trend Loss: 0.1078 | 0.1155
Epoch 16/300, trend Loss: 0.1060 | 0.1132
Epoch 17/300, trend Loss: 0.1041 | 0.1106
Epoch 18/300, trend Loss: 0.1023 | 0.1085
Epoch 19/300, trend Loss: 0.1006 | 0.1054
Epoch 20/300, trend Loss: 0.0989 | 0.1025
Epoch 21/300, trend Loss: 0.0973 | 0.1003
Epoch 22/300, trend Loss: 0.0958 | 0.0985
Epoch 23/300, trend Loss: 0.0943 | 0.0963
Epoch 24/300, trend Loss: 0.0931 | 0.0950
Epoch 25/300, trend Loss: 0.0919 | 0.0935
Epoch 26/300, trend Loss: 0.0907 | 0.0920
Epoch 27/300, trend Loss: 0.0896 | 0.0901
Epoch 28/300, trend Loss: 0.0886 | 0.0883
Epoch 29/300, trend Loss: 0.0877 | 0.0865
Epoch 30/300, trend Loss: 0.0869 | 0.0852
Epoch 31/300, trend Loss: 0.0862 | 0.0840
Epoch 32/300, trend Loss: 0.0856 | 0.0829
Epoch 33/300, trend Loss: 0.0850 | 0.0818
Epoch 34/300, trend Loss: 0.0844 | 0.0810
Epoch 35/300, trend Loss: 0.0839 | 0.0803
Epoch 36/300, trend Loss: 0.0835 | 0.0797
Epoch 37/300, trend Loss: 0.0831 | 0.0793
Epoch 38/300, trend Loss: 0.0827 | 0.0789
Epoch 39/300, trend Loss: 0.0823 | 0.0785
Epoch 40/300, trend Loss: 0.0819 | 0.0782
Epoch 41/300, trend Loss: 0.0816 | 0.0779
Epoch 42/300, trend Loss: 0.0813 | 0.0776
Epoch 43/300, trend Loss: 0.0809 | 0.0774
Epoch 44/300, trend Loss: 0.0806 | 0.0771
Epoch 45/300, trend Loss: 0.0802 | 0.0769
Epoch 46/300, trend Loss: 0.0799 | 0.0765
Epoch 47/300, trend Loss: 0.0795 | 0.0761
Epoch 48/300, trend Loss: 0.0791 | 0.0757
Epoch 49/300, trend Loss: 0.0786 | 0.0752
Epoch 50/300, trend Loss: 0.0780 | 0.0747
Epoch 51/300, trend Loss: 0.0775 | 0.0740
Epoch 52/300, trend Loss: 0.0770 | 0.0735
Epoch 53/300, trend Loss: 0.0765 | 0.0731
Epoch 54/300, trend Loss: 0.0760 | 0.0727
Epoch 55/300, trend Loss: 0.0755 | 0.0724
Epoch 56/300, trend Loss: 0.0751 | 0.0718
Epoch 57/300, trend Loss: 0.0747 | 0.0715
Epoch 58/300, trend Loss: 0.0743 | 0.0712
Epoch 59/300, trend Loss: 0.0740 | 0.0710
Epoch 60/300, trend Loss: 0.0737 | 0.0708
Epoch 61/300, trend Loss: 0.0734 | 0.0706
Epoch 62/300, trend Loss: 0.0731 | 0.0702
Epoch 63/300, trend Loss: 0.0728 | 0.0701
Epoch 64/300, trend Loss: 0.0726 | 0.0700
Epoch 65/300, trend Loss: 0.0724 | 0.0700
Epoch 66/300, trend Loss: 0.0721 | 0.0698
Epoch 67/300, trend Loss: 0.0718 | 0.0696
Epoch 68/300, trend Loss: 0.0716 | 0.0696
Epoch 69/300, trend Loss: 0.0714 | 0.0694
Epoch 70/300, trend Loss: 0.0712 | 0.0695
Epoch 71/300, trend Loss: 0.0709 | 0.0694
Epoch 72/300, trend Loss: 0.0707 | 0.0693
Epoch 73/300, trend Loss: 0.0704 | 0.0692
Epoch 74/300, trend Loss: 0.0702 | 0.0691
Epoch 75/300, trend Loss: 0.0700 | 0.0691
Epoch 76/300, trend Loss: 0.0697 | 0.0691
Epoch 77/300, trend Loss: 0.0695 | 0.0690
Epoch 78/300, trend Loss: 0.0692 | 0.0689
Epoch 79/300, trend Loss: 0.0690 | 0.0689
Epoch 80/300, trend Loss: 0.0688 | 0.0687
Epoch 81/300, trend Loss: 0.0686 | 0.0689
Epoch 82/300, trend Loss: 0.0684 | 0.0687
Epoch 83/300, trend Loss: 0.0682 | 0.0687
Epoch 84/300, trend Loss: 0.0680 | 0.0686
Epoch 85/300, trend Loss: 0.0678 | 0.0683
Epoch 86/300, trend Loss: 0.0676 | 0.0685
Epoch 87/300, trend Loss: 0.0674 | 0.0683
Epoch 88/300, trend Loss: 0.0672 | 0.0682
Epoch 89/300, trend Loss: 0.0670 | 0.0682
Epoch 90/300, trend Loss: 0.0668 | 0.0679
Epoch 91/300, trend Loss: 0.0666 | 0.0681
Epoch 92/300, trend Loss: 0.0664 | 0.0680
Epoch 93/300, trend Loss: 0.0663 | 0.0678
Epoch 94/300, trend Loss: 0.0661 | 0.0682
Epoch 95/300, trend Loss: 0.0659 | 0.0676
Epoch 96/300, trend Loss: 0.0658 | 0.0680
Epoch 97/300, trend Loss: 0.0656 | 0.0680
Epoch 98/300, trend Loss: 0.0655 | 0.0675
Epoch 99/300, trend Loss: 0.0653 | 0.0684
Epoch 100/300, trend Loss: 0.0652 | 0.0672
Epoch 101/300, trend Loss: 0.0651 | 0.0697
Epoch 102/300, trend Loss: 0.0653 | 0.0683
Epoch 103/300, trend Loss: 0.0653 | 0.0749
Epoch 104/300, trend Loss: 0.0668 | 0.0822
Epoch 105/300, trend Loss: 0.0668 | 0.0889
Epoch 106/300, trend Loss: 0.0696 | 0.0877
Epoch 107/300, trend Loss: 0.0662 | 0.0719
Epoch 108/300, trend Loss: 0.0654 | 0.0683
Epoch 109/300, trend Loss: 0.0646 | 0.0761
Epoch 110/300, trend Loss: 0.0658 | 0.0753
Epoch 111/300, trend Loss: 0.0649 | 0.0774
Epoch 112/300, trend Loss: 0.0660 | 0.0748
Epoch 113/300, trend Loss: 0.0646 | 0.0748
Epoch 114/300, trend Loss: 0.0653 | 0.0722
Epoch 115/300, trend Loss: 0.0642 | 0.0737
Epoch 116/300, trend Loss: 0.0649 | 0.0713
Epoch 117/300, trend Loss: 0.0640 | 0.0723
Epoch 118/300, trend Loss: 0.0644 | 0.0693
Epoch 119/300, trend Loss: 0.0637 | 0.0715
Epoch 120/300, trend Loss: 0.0641 | 0.0688
Epoch 121/300, trend Loss: 0.0635 | 0.0712
Epoch 122/300, trend Loss: 0.0639 | 0.0680
Epoch 123/300, trend Loss: 0.0633 | 0.0705
Epoch 124/300, trend Loss: 0.0636 | 0.0675
Epoch 125/300, trend Loss: 0.0632 | 0.0702
Epoch 126/300, trend Loss: 0.0635 | 0.0674
Epoch 127/300, trend Loss: 0.0631 | 0.0703
Epoch 128/300, trend Loss: 0.0633 | 0.0669
Epoch 129/300, trend Loss: 0.0629 | 0.0699
Epoch 130/300, trend Loss: 0.0631 | 0.0666
Epoch 131/300, trend Loss: 0.0628 | 0.0699
Epoch 132/300, trend Loss: 0.0629 | 0.0666
Epoch 133/300, trend Loss: 0.0626 | 0.0701
Epoch 134/300, trend Loss: 0.0627 | 0.0659
Epoch 135/300, trend Loss: 0.0624 | 0.0698
Epoch 136/300, trend Loss: 0.0625 | 0.0658
Epoch 137/300, trend Loss: 0.0622 | 0.0700
Epoch 138/300, trend Loss: 0.0623 | 0.0658
Epoch 139/300, trend Loss: 0.0621 | 0.0700
Epoch 140/300, trend Loss: 0.0621 | 0.0655
Epoch 141/300, trend Loss: 0.0619 | 0.0699
Epoch 142/300, trend Loss: 0.0619 | 0.0654
Epoch 143/300, trend Loss: 0.0617 | 0.0701
Epoch 144/300, trend Loss: 0.0617 | 0.0653
Epoch 145/300, trend Loss: 0.0615 | 0.0697
Epoch 146/300, trend Loss: 0.0615 | 0.0652
Epoch 147/300, trend Loss: 0.0613 | 0.0697
Epoch 148/300, trend Loss: 0.0613 | 0.0653
Epoch 149/300, trend Loss: 0.0611 | 0.0700
Epoch 150/300, trend Loss: 0.0611 | 0.0652
Epoch 151/300, trend Loss: 0.0609 | 0.0696
Epoch 152/300, trend Loss: 0.0609 | 0.0652
Epoch 153/300, trend Loss: 0.0607 | 0.0696
Epoch 154/300, trend Loss: 0.0606 | 0.0652
Epoch 155/300, trend Loss: 0.0604 | 0.0694
Epoch 156/300, trend Loss: 0.0604 | 0.0651
Epoch 157/300, trend Loss: 0.0602 | 0.0693
Epoch 158/300, trend Loss: 0.0601 | 0.0651
Epoch 159/300, trend Loss: 0.0600 | 0.0694
Epoch 160/300, trend Loss: 0.0599 | 0.0651
Epoch 161/300, trend Loss: 0.0597 | 0.0693
Epoch 162/300, trend Loss: 0.0596 | 0.0651
Epoch 163/300, trend Loss: 0.0594 | 0.0693
Epoch 164/300, trend Loss: 0.0593 | 0.0652
Epoch 165/300, trend Loss: 0.0591 | 0.0694
Epoch 166/300, trend Loss: 0.0590 | 0.0652
Epoch 167/300, trend Loss: 0.0588 | 0.0692
Epoch 168/300, trend Loss: 0.0587 | 0.0652
Epoch 169/300, trend Loss: 0.0585 | 0.0693
Epoch 170/300, trend Loss: 0.0583 | 0.0653
Epoch 171/300, trend Loss: 0.0581 | 0.0696
Epoch 172/300, trend Loss: 0.0579 | 0.0654
Epoch 173/300, trend Loss: 0.0577 | 0.0695
Epoch 174/300, trend Loss: 0.0575 | 0.0654
Epoch 175/300, trend Loss: 0.0572 | 0.0696
Epoch 176/300, trend Loss: 0.0570 | 0.0655
Epoch 177/300, trend Loss: 0.0567 | 0.0697
Epoch 178/300, trend Loss: 0.0565 | 0.0656
Epoch 179/300, trend Loss: 0.0562 | 0.0698
Epoch 180/300, trend Loss: 0.0559 | 0.0657
Epoch 181/300, trend Loss: 0.0556 | 0.0700
Epoch 182/300, trend Loss: 0.0554 | 0.0658
Epoch 183/300, trend Loss: 0.0550 | 0.0700
Epoch 184/300, trend Loss: 0.0548 | 0.0659
Epoch 185/300, trend Loss: 0.0545 | 0.0701
Epoch 186/300, trend Loss: 0.0542 | 0.0660
Epoch 187/300, trend Loss: 0.0540 | 0.0703
Epoch 188/300, trend Loss: 0.0537 | 0.0661
Epoch 189/300, trend Loss: 0.0534 | 0.0701
Epoch 190/300, trend Loss: 0.0532 | 0.0661
Epoch 191/300, trend Loss: 0.0530 | 0.0701
Epoch 192/300, trend Loss: 0.0528 | 0.0662
Epoch 193/300, trend Loss: 0.0525 | 0.0703
Epoch 194/300, trend Loss: 0.0523 | 0.0662
Epoch 195/300, trend Loss: 0.0521 | 0.0701
Epoch 196/300, trend Loss: 0.0519 | 0.0663
Epoch 197/300, trend Loss: 0.0517 | 0.0702
Epoch 198/300, trend Loss: 0.0516 | 0.0663
Epoch 199/300, trend Loss: 0.0514 | 0.0702
Epoch 200/300, trend Loss: 0.0512 | 0.0664
Epoch 201/300, trend Loss: 0.0511 | 0.0701
Epoch 202/300, trend Loss: 0.0509 | 0.0664
Epoch 203/300, trend Loss: 0.0508 | 0.0702
Epoch 204/300, trend Loss: 0.0507 | 0.0664
Epoch 205/300, trend Loss: 0.0505 | 0.0701
Epoch 206/300, trend Loss: 0.0504 | 0.0665
Epoch 207/300, trend Loss: 0.0503 | 0.0700
Epoch 208/300, trend Loss: 0.0502 | 0.0665
Epoch 209/300, trend Loss: 0.0501 | 0.0701
Epoch 210/300, trend Loss: 0.0499 | 0.0666
Epoch 211/300, trend Loss: 0.0498 | 0.0698
Epoch 212/300, trend Loss: 0.0497 | 0.0666
Epoch 213/300, trend Loss: 0.0496 | 0.0698
Epoch 214/300, trend Loss: 0.0496 | 0.0666
Epoch 215/300, trend Loss: 0.0495 | 0.0699
Epoch 216/300, trend Loss: 0.0494 | 0.0667
Epoch 217/300, trend Loss: 0.0493 | 0.0697
Epoch 218/300, trend Loss: 0.0492 | 0.0667
Epoch 219/300, trend Loss: 0.0491 | 0.0697
Epoch 220/300, trend Loss: 0.0491 | 0.0667
Epoch 221/300, trend Loss: 0.0490 | 0.0696
Epoch 222/300, trend Loss: 0.0489 | 0.0669
Epoch 223/300, trend Loss: 0.0489 | 0.0696
Epoch 224/300, trend Loss: 0.0488 | 0.0669
Epoch 225/300, trend Loss: 0.0487 | 0.0696
Epoch 226/300, trend Loss: 0.0487 | 0.0669
Epoch 227/300, trend Loss: 0.0486 | 0.0695
Epoch 228/300, trend Loss: 0.0486 | 0.0670
Epoch 229/300, trend Loss: 0.0485 | 0.0695
Epoch 230/300, trend Loss: 0.0485 | 0.0670
Epoch 231/300, trend Loss: 0.0484 | 0.0695
Epoch 232/300, trend Loss: 0.0483 | 0.0671
Epoch 233/300, trend Loss: 0.0483 | 0.0694
Epoch 234/300, trend Loss: 0.0482 | 0.0671
Epoch 235/300, trend Loss: 0.0482 | 0.0693
Epoch 236/300, trend Loss: 0.0482 | 0.0671
Epoch 237/300, trend Loss: 0.0481 | 0.0694
Epoch 238/300, trend Loss: 0.0481 | 0.0672
Epoch 239/300, trend Loss: 0.0480 | 0.0693
Epoch 240/300, trend Loss: 0.0480 | 0.0672
Epoch 241/300, trend Loss: 0.0479 | 0.0692
Epoch 242/300, trend Loss: 0.0479 | 0.0672
Epoch 243/300, trend Loss: 0.0479 | 0.0692
Epoch 244/300, trend Loss: 0.0478 | 0.0673
Epoch 245/300, trend Loss: 0.0478 | 0.0691
Epoch 246/300, trend Loss: 0.0477 | 0.0673
Epoch 247/300, trend Loss: 0.0477 | 0.0691
Epoch 248/300, trend Loss: 0.0477 | 0.0673
Epoch 249/300, trend Loss: 0.0476 | 0.0691
Epoch 250/300, trend Loss: 0.0476 | 0.0674
Epoch 251/300, trend Loss: 0.0476 | 0.0691
Epoch 252/300, trend Loss: 0.0475 | 0.0674
Epoch 253/300, trend Loss: 0.0475 | 0.0691
Epoch 254/300, trend Loss: 0.0475 | 0.0675
Epoch 255/300, trend Loss: 0.0475 | 0.0690
Epoch 256/300, trend Loss: 0.0474 | 0.0675
Epoch 257/300, trend Loss: 0.0474 | 0.0689
Epoch 258/300, trend Loss: 0.0474 | 0.0675
Epoch 259/300, trend Loss: 0.0473 | 0.0689
Epoch 260/300, trend Loss: 0.0473 | 0.0676
Epoch 261/300, trend Loss: 0.0473 | 0.0689
Epoch 262/300, trend Loss: 0.0473 | 0.0676
Epoch 263/300, trend Loss: 0.0472 | 0.0689
Epoch 264/300, trend Loss: 0.0472 | 0.0676
Epoch 265/300, trend Loss: 0.0472 | 0.0688
Epoch 266/300, trend Loss: 0.0471 | 0.0677
Epoch 267/300, trend Loss: 0.0471 | 0.0688
Epoch 268/300, trend Loss: 0.0471 | 0.0677
Epoch 269/300, trend Loss: 0.0471 | 0.0688
Epoch 270/300, trend Loss: 0.0471 | 0.0677
Epoch 271/300, trend Loss: 0.0470 | 0.0688
Epoch 272/300, trend Loss: 0.0470 | 0.0678
Epoch 273/300, trend Loss: 0.0470 | 0.0688
Epoch 274/300, trend Loss: 0.0470 | 0.0678
Epoch 275/300, trend Loss: 0.0469 | 0.0688
Epoch 276/300, trend Loss: 0.0469 | 0.0679
Epoch 277/300, trend Loss: 0.0469 | 0.0688
Epoch 278/300, trend Loss: 0.0469 | 0.0679
Epoch 279/300, trend Loss: 0.0468 | 0.0688
Epoch 280/300, trend Loss: 0.0468 | 0.0680
Epoch 281/300, trend Loss: 0.0468 | 0.0688
Epoch 282/300, trend Loss: 0.0468 | 0.0681
Epoch 283/300, trend Loss: 0.0468 | 0.0688
Epoch 284/300, trend Loss: 0.0467 | 0.0681
Epoch 285/300, trend Loss: 0.0467 | 0.0688
Epoch 286/300, trend Loss: 0.0467 | 0.0681
Epoch 287/300, trend Loss: 0.0467 | 0.0688
Epoch 288/300, trend Loss: 0.0467 | 0.0682
Epoch 289/300, trend Loss: 0.0466 | 0.0688
Epoch 290/300, trend Loss: 0.0466 | 0.0683
Epoch 291/300, trend Loss: 0.0466 | 0.0688
Epoch 292/300, trend Loss: 0.0466 | 0.0683
Epoch 293/300, trend Loss: 0.0466 | 0.0688
Epoch 294/300, trend Loss: 0.0465 | 0.0684
Epoch 295/300, trend Loss: 0.0465 | 0.0688
Epoch 296/300, trend Loss: 0.0465 | 0.0684
Epoch 297/300, trend Loss: 0.0465 | 0.0688
Epoch 298/300, trend Loss: 0.0465 | 0.0685
Epoch 299/300, trend Loss: 0.0465 | 0.0688
Epoch 300/300, trend Loss: 0.0464 | 0.0685
Training seasonal_0 component with params: {'observation_period_num': 49, 'train_rates': 0.988103519295398, 'learning_rate': 0.0001853235005004823, 'batch_size': 28, 'step_size': 6, 'gamma': 0.7962495614845033}
Epoch 1/300, seasonal_0 Loss: 0.2800 | 0.2059
Epoch 2/300, seasonal_0 Loss: 0.1707 | 0.1232
Epoch 3/300, seasonal_0 Loss: 0.1481 | 0.1012
Epoch 4/300, seasonal_0 Loss: 0.1290 | 0.0924
Epoch 5/300, seasonal_0 Loss: 0.1182 | 0.0802
Epoch 6/300, seasonal_0 Loss: 0.1109 | 0.0741
Epoch 7/300, seasonal_0 Loss: 0.1046 | 0.0790
Epoch 8/300, seasonal_0 Loss: 0.0991 | 0.0719
Epoch 9/300, seasonal_0 Loss: 0.0952 | 0.0675
Epoch 10/300, seasonal_0 Loss: 0.0920 | 0.0665
Epoch 11/300, seasonal_0 Loss: 0.0893 | 0.0646
Epoch 12/300, seasonal_0 Loss: 0.0872 | 0.0634
Epoch 13/300, seasonal_0 Loss: 0.0856 | 0.0621
Epoch 14/300, seasonal_0 Loss: 0.0842 | 0.0613
Epoch 15/300, seasonal_0 Loss: 0.0829 | 0.0607
Epoch 16/300, seasonal_0 Loss: 0.0818 | 0.0599
Epoch 17/300, seasonal_0 Loss: 0.0814 | 0.0610
Epoch 18/300, seasonal_0 Loss: 0.0801 | 0.0600
Epoch 19/300, seasonal_0 Loss: 0.0795 | 0.0573
Epoch 20/300, seasonal_0 Loss: 0.0793 | 0.0584
Epoch 21/300, seasonal_0 Loss: 0.0780 | 0.0574
Epoch 22/300, seasonal_0 Loss: 0.0770 | 0.0558
Epoch 23/300, seasonal_0 Loss: 0.0764 | 0.0555
Epoch 24/300, seasonal_0 Loss: 0.0757 | 0.0551
Epoch 25/300, seasonal_0 Loss: 0.0750 | 0.0549
Epoch 26/300, seasonal_0 Loss: 0.0746 | 0.0547
Epoch 27/300, seasonal_0 Loss: 0.0739 | 0.0543
Epoch 28/300, seasonal_0 Loss: 0.0734 | 0.0536
Epoch 29/300, seasonal_0 Loss: 0.0729 | 0.0532
Epoch 30/300, seasonal_0 Loss: 0.0724 | 0.0529
Epoch 31/300, seasonal_0 Loss: 0.0721 | 0.0523
Epoch 32/300, seasonal_0 Loss: 0.0717 | 0.0520
Epoch 33/300, seasonal_0 Loss: 0.0713 | 0.0518
Epoch 34/300, seasonal_0 Loss: 0.0711 | 0.0514
Epoch 35/300, seasonal_0 Loss: 0.0708 | 0.0513
Epoch 36/300, seasonal_0 Loss: 0.0705 | 0.0512
Epoch 37/300, seasonal_0 Loss: 0.0702 | 0.0512
Epoch 38/300, seasonal_0 Loss: 0.0700 | 0.0511
Epoch 39/300, seasonal_0 Loss: 0.0697 | 0.0511
Epoch 40/300, seasonal_0 Loss: 0.0695 | 0.0510
Epoch 41/300, seasonal_0 Loss: 0.0692 | 0.0510
Epoch 42/300, seasonal_0 Loss: 0.0690 | 0.0509
Epoch 43/300, seasonal_0 Loss: 0.0688 | 0.0508
Epoch 44/300, seasonal_0 Loss: 0.0686 | 0.0507
Epoch 45/300, seasonal_0 Loss: 0.0685 | 0.0506
Epoch 46/300, seasonal_0 Loss: 0.0683 | 0.0504
Epoch 47/300, seasonal_0 Loss: 0.0682 | 0.0503
Epoch 48/300, seasonal_0 Loss: 0.0680 | 0.0503
Epoch 49/300, seasonal_0 Loss: 0.0679 | 0.0500
Epoch 50/300, seasonal_0 Loss: 0.0678 | 0.0500
Epoch 51/300, seasonal_0 Loss: 0.0677 | 0.0499
Epoch 52/300, seasonal_0 Loss: 0.0676 | 0.0498
Epoch 53/300, seasonal_0 Loss: 0.0675 | 0.0498
Epoch 54/300, seasonal_0 Loss: 0.0674 | 0.0498
Epoch 55/300, seasonal_0 Loss: 0.0673 | 0.0496
Epoch 56/300, seasonal_0 Loss: 0.0673 | 0.0496
Epoch 57/300, seasonal_0 Loss: 0.0672 | 0.0496
Epoch 58/300, seasonal_0 Loss: 0.0672 | 0.0496
Epoch 59/300, seasonal_0 Loss: 0.0671 | 0.0496
Epoch 60/300, seasonal_0 Loss: 0.0671 | 0.0496
Epoch 61/300, seasonal_0 Loss: 0.0670 | 0.0499
Epoch 62/300, seasonal_0 Loss: 0.0670 | 0.0499
Epoch 63/300, seasonal_0 Loss: 0.0669 | 0.0499
Epoch 64/300, seasonal_0 Loss: 0.0669 | 0.0500
Epoch 65/300, seasonal_0 Loss: 0.0668 | 0.0500
Epoch 66/300, seasonal_0 Loss: 0.0668 | 0.0499
Epoch 67/300, seasonal_0 Loss: 0.0668 | 0.0497
Epoch 68/300, seasonal_0 Loss: 0.0667 | 0.0497
Epoch 69/300, seasonal_0 Loss: 0.0667 | 0.0496
Epoch 70/300, seasonal_0 Loss: 0.0666 | 0.0494
Epoch 71/300, seasonal_0 Loss: 0.0666 | 0.0494
Epoch 72/300, seasonal_0 Loss: 0.0666 | 0.0494
Epoch 73/300, seasonal_0 Loss: 0.0665 | 0.0493
Epoch 74/300, seasonal_0 Loss: 0.0665 | 0.0493
Epoch 75/300, seasonal_0 Loss: 0.0665 | 0.0493
Epoch 76/300, seasonal_0 Loss: 0.0665 | 0.0492
Epoch 77/300, seasonal_0 Loss: 0.0665 | 0.0492
Epoch 78/300, seasonal_0 Loss: 0.0664 | 0.0492
Epoch 79/300, seasonal_0 Loss: 0.0664 | 0.0492
Epoch 80/300, seasonal_0 Loss: 0.0664 | 0.0492
Epoch 81/300, seasonal_0 Loss: 0.0664 | 0.0492
Epoch 82/300, seasonal_0 Loss: 0.0664 | 0.0492
Epoch 83/300, seasonal_0 Loss: 0.0664 | 0.0491
Epoch 84/300, seasonal_0 Loss: 0.0663 | 0.0491
Epoch 85/300, seasonal_0 Loss: 0.0663 | 0.0491
Epoch 86/300, seasonal_0 Loss: 0.0663 | 0.0491
Epoch 87/300, seasonal_0 Loss: 0.0663 | 0.0491
Epoch 88/300, seasonal_0 Loss: 0.0663 | 0.0491
Epoch 89/300, seasonal_0 Loss: 0.0663 | 0.0491
Epoch 90/300, seasonal_0 Loss: 0.0663 | 0.0491
Epoch 91/300, seasonal_0 Loss: 0.0663 | 0.0491
Epoch 92/300, seasonal_0 Loss: 0.0663 | 0.0491
Epoch 93/300, seasonal_0 Loss: 0.0663 | 0.0491
Epoch 94/300, seasonal_0 Loss: 0.0663 | 0.0491
Epoch 95/300, seasonal_0 Loss: 0.0663 | 0.0491
Epoch 96/300, seasonal_0 Loss: 0.0663 | 0.0491
Epoch 97/300, seasonal_0 Loss: 0.0663 | 0.0491
Epoch 98/300, seasonal_0 Loss: 0.0663 | 0.0491
Epoch 99/300, seasonal_0 Loss: 0.0662 | 0.0490
Epoch 100/300, seasonal_0 Loss: 0.0662 | 0.0490
Epoch 101/300, seasonal_0 Loss: 0.0662 | 0.0490
Epoch 102/300, seasonal_0 Loss: 0.0662 | 0.0490
Epoch 103/300, seasonal_0 Loss: 0.0662 | 0.0490
Epoch 104/300, seasonal_0 Loss: 0.0662 | 0.0490
Epoch 105/300, seasonal_0 Loss: 0.0662 | 0.0490
Epoch 106/300, seasonal_0 Loss: 0.0662 | 0.0490
Epoch 107/300, seasonal_0 Loss: 0.0662 | 0.0490
Epoch 108/300, seasonal_0 Loss: 0.0662 | 0.0490
Epoch 109/300, seasonal_0 Loss: 0.0662 | 0.0490
Epoch 110/300, seasonal_0 Loss: 0.0662 | 0.0490
Epoch 111/300, seasonal_0 Loss: 0.0662 | 0.0490
Epoch 112/300, seasonal_0 Loss: 0.0662 | 0.0490
Epoch 113/300, seasonal_0 Loss: 0.0662 | 0.0490
Epoch 114/300, seasonal_0 Loss: 0.0662 | 0.0490
Epoch 115/300, seasonal_0 Loss: 0.0662 | 0.0490
Epoch 116/300, seasonal_0 Loss: 0.0662 | 0.0490
Epoch 117/300, seasonal_0 Loss: 0.0662 | 0.0490
Epoch 118/300, seasonal_0 Loss: 0.0662 | 0.0490
Epoch 119/300, seasonal_0 Loss: 0.0662 | 0.0490
Epoch 120/300, seasonal_0 Loss: 0.0662 | 0.0490
Epoch 121/300, seasonal_0 Loss: 0.0662 | 0.0490
Epoch 122/300, seasonal_0 Loss: 0.0662 | 0.0490
Epoch 123/300, seasonal_0 Loss: 0.0662 | 0.0490
Epoch 124/300, seasonal_0 Loss: 0.0662 | 0.0490
Epoch 125/300, seasonal_0 Loss: 0.0662 | 0.0490
Epoch 126/300, seasonal_0 Loss: 0.0662 | 0.0490
Epoch 127/300, seasonal_0 Loss: 0.0662 | 0.0490
Epoch 128/300, seasonal_0 Loss: 0.0662 | 0.0490
Epoch 129/300, seasonal_0 Loss: 0.0662 | 0.0490
Epoch 130/300, seasonal_0 Loss: 0.0662 | 0.0490
Epoch 131/300, seasonal_0 Loss: 0.0662 | 0.0490
Epoch 132/300, seasonal_0 Loss: 0.0662 | 0.0490
Epoch 133/300, seasonal_0 Loss: 0.0662 | 0.0490
Epoch 134/300, seasonal_0 Loss: 0.0662 | 0.0490
Epoch 135/300, seasonal_0 Loss: 0.0662 | 0.0490
Epoch 136/300, seasonal_0 Loss: 0.0662 | 0.0490
Epoch 137/300, seasonal_0 Loss: 0.0662 | 0.0490
Epoch 138/300, seasonal_0 Loss: 0.0662 | 0.0490
Epoch 139/300, seasonal_0 Loss: 0.0662 | 0.0490
Epoch 140/300, seasonal_0 Loss: 0.0662 | 0.0490
Epoch 141/300, seasonal_0 Loss: 0.0662 | 0.0490
Epoch 142/300, seasonal_0 Loss: 0.0662 | 0.0490
Epoch 143/300, seasonal_0 Loss: 0.0662 | 0.0490
Epoch 144/300, seasonal_0 Loss: 0.0662 | 0.0490
Epoch 145/300, seasonal_0 Loss: 0.0662 | 0.0490
Epoch 146/300, seasonal_0 Loss: 0.0662 | 0.0490
Epoch 147/300, seasonal_0 Loss: 0.0662 | 0.0490
Epoch 148/300, seasonal_0 Loss: 0.0662 | 0.0490
Epoch 149/300, seasonal_0 Loss: 0.0662 | 0.0490
Epoch 150/300, seasonal_0 Loss: 0.0662 | 0.0490
Epoch 151/300, seasonal_0 Loss: 0.0662 | 0.0490
Epoch 152/300, seasonal_0 Loss: 0.0662 | 0.0490
Epoch 153/300, seasonal_0 Loss: 0.0662 | 0.0490
Epoch 154/300, seasonal_0 Loss: 0.0662 | 0.0490
Epoch 155/300, seasonal_0 Loss: 0.0662 | 0.0490
Epoch 156/300, seasonal_0 Loss: 0.0662 | 0.0490
Epoch 157/300, seasonal_0 Loss: 0.0662 | 0.0490
Epoch 158/300, seasonal_0 Loss: 0.0662 | 0.0490
Epoch 159/300, seasonal_0 Loss: 0.0662 | 0.0490
Epoch 160/300, seasonal_0 Loss: 0.0662 | 0.0490
Epoch 161/300, seasonal_0 Loss: 0.0662 | 0.0490
Epoch 162/300, seasonal_0 Loss: 0.0662 | 0.0490
Epoch 163/300, seasonal_0 Loss: 0.0662 | 0.0490
Epoch 164/300, seasonal_0 Loss: 0.0662 | 0.0490
Epoch 165/300, seasonal_0 Loss: 0.0662 | 0.0490
Epoch 166/300, seasonal_0 Loss: 0.0662 | 0.0490
Epoch 167/300, seasonal_0 Loss: 0.0662 | 0.0490
Epoch 168/300, seasonal_0 Loss: 0.0662 | 0.0490
Epoch 169/300, seasonal_0 Loss: 0.0662 | 0.0490
Epoch 170/300, seasonal_0 Loss: 0.0662 | 0.0490
Epoch 171/300, seasonal_0 Loss: 0.0662 | 0.0490
Epoch 172/300, seasonal_0 Loss: 0.0662 | 0.0490
Epoch 173/300, seasonal_0 Loss: 0.0662 | 0.0490
Epoch 174/300, seasonal_0 Loss: 0.0662 | 0.0490
Epoch 175/300, seasonal_0 Loss: 0.0662 | 0.0