[32m[I 2025-02-02 11:13:27,365][0m Trial 13 finished with value: 0.1278929088128359 and parameters: {'observation_period_num': 42, 'train_rates': 0.7089298930712951, 'learning_rate': 0.00018142197870542041, 'batch_size': 163, 'step_size': 3, 'gamma': 0.785576658836199}. Best is trial 11 with value: 0.0737975509182538.[0m
[32m[I 2025-02-02 11:13:55,738][0m Trial 14 finished with value: 0.14848466486227316 and parameters: {'observation_period_num': 185, 'train_rates': 0.8238268519895594, 'learning_rate': 0.00019022737824219633, 'batch_size': 134, 'step_size': 9, 'gamma': 0.8419960280717642}. Best is trial 11 with value: 0.0737975509182538.[0m
[32m[I 2025-02-02 11:15:00,493][0m Trial 15 finished with value: 0.12704761256527966 and parameters: {'observation_period_num': 55, 'train_rates': 0.8749814145723673, 'learning_rate': 0.00023474119711054374, 'batch_size': 56, 'step_size': 3, 'gamma': 0.9106373277617694}. Best is trial 11 with value: 0.0737975509182538.[0m
[32m[I 2025-02-02 11:15:27,395][0m Trial 16 finished with value: 0.20126127983842576 and parameters: {'observation_period_num': 32, 'train_rates': 0.7125711321018361, 'learning_rate': 7.077440985747714e-05, 'batch_size': 200, 'step_size': 3, 'gamma': 0.783731431084976}. Best is trial 11 with value: 0.0737975509182538.[0m
[32m[I 2025-02-02 11:15:58,426][0m Trial 17 finished with value: 0.10662154028567758 and parameters: {'observation_period_num': 67, 'train_rates': 0.747386442876169, 'learning_rate': 0.0004176413247191443, 'batch_size': 133, 'step_size': 8, 'gamma': 0.8356924331263413}. Best is trial 11 with value: 0.0737975509182538.[0m
[32m[I 2025-02-02 11:17:06,310][0m Trial 18 finished with value: 0.14828623221447207 and parameters: {'observation_period_num': 169, 'train_rates': 0.8426716289219642, 'learning_rate': 0.0009700341014351818, 'batch_size': 51, 'step_size': 2, 'gamma': 0.7899649500120957}. Best is trial 11 with value: 0.0737975509182538.[0m
[32m[I 2025-02-02 11:17:31,008][0m Trial 19 finished with value: 0.09096132361123131 and parameters: {'observation_period_num': 5, 'train_rates': 0.6092032292592542, 'learning_rate': 0.00011538142289759349, 'batch_size': 217, 'step_size': 8, 'gamma': 0.8333050478797317}. Best is trial 11 with value: 0.0737975509182538.[0m
[32m[I 2025-02-02 11:18:02,011][0m Trial 20 finished with value: 0.12907223387344463 and parameters: {'observation_period_num': 74, 'train_rates': 0.6787526961454035, 'learning_rate': 0.0003451389399658941, 'batch_size': 110, 'step_size': 4, 'gamma': 0.7793122971339256}. Best is trial 11 with value: 0.0737975509182538.[0m
[32m[I 2025-02-02 11:21:33,594][0m Trial 21 finished with value: 0.08697855282580615 and parameters: {'observation_period_num': 25, 'train_rates': 0.7775729845216356, 'learning_rate': 0.0009294753184021486, 'batch_size': 17, 'step_size': 1, 'gamma': 0.8202349640165115}. Best is trial 11 with value: 0.0737975509182538.[0m
Early stopping at epoch 91
[32m[I 2025-02-02 11:22:47,377][0m Trial 22 finished with value: 0.10278736332796777 and parameters: {'observation_period_num': 36, 'train_rates': 0.7869226588338555, 'learning_rate': 0.0005313970127862013, 'batch_size': 48, 'step_size': 1, 'gamma': 0.8066644753995253}. Best is trial 11 with value: 0.0737975509182538.[0m
[32m[I 2025-02-02 11:24:31,427][0m Trial 23 finished with value: 0.07135370086410991 and parameters: {'observation_period_num': 10, 'train_rates': 0.74811080809927, 'learning_rate': 0.0009207298141960786, 'batch_size': 35, 'step_size': 2, 'gamma': 0.8502553261924184}. Best is trial 23 with value: 0.07135370086410991.[0m
[32m[I 2025-02-02 11:26:03,249][0m Trial 24 finished with value: 0.10567438870766876 and parameters: {'observation_period_num': 42, 'train_rates': 0.6880652465915902, 'learning_rate': 0.00030944808411769337, 'batch_size': 38, 'step_size': 3, 'gamma': 0.8522188969141605}. Best is trial 23 with value: 0.07135370086410991.[0m
[32m[I 2025-02-02 11:26:57,278][0m Trial 25 finished with value: 0.08608050436463231 and parameters: {'observation_period_num': 24, 'train_rates': 0.7389731569955327, 'learning_rate': 0.00012282212347714807, 'batch_size': 71, 'step_size': 4, 'gamma': 0.8982067866165239}. Best is trial 23 with value: 0.07135370086410991.[0m
[32m[I 2025-02-02 11:27:28,397][0m Trial 26 finished with value: 0.11540294749755056 and parameters: {'observation_period_num': 74, 'train_rates': 0.8186392121647531, 'learning_rate': 0.0004990391999144276, 'batch_size': 152, 'step_size': 7, 'gamma': 0.9246457809906848}. Best is trial 23 with value: 0.07135370086410991.[0m
[32m[I 2025-02-02 11:29:18,157][0m Trial 27 finished with value: 0.13446359519536297 and parameters: {'observation_period_num': 19, 'train_rates': 0.8979575994056939, 'learning_rate': 0.0009517602158647738, 'batch_size': 35, 'step_size': 11, 'gamma': 0.7982662836614777}. Best is trial 23 with value: 0.07135370086410991.[0m
Early stopping at epoch 95
[32m[I 2025-02-02 11:29:53,406][0m Trial 28 finished with value: 0.18808509121154823 and parameters: {'observation_period_num': 45, 'train_rates': 0.7583492482904939, 'learning_rate': 7.704472889647905e-05, 'batch_size': 108, 'step_size': 2, 'gamma': 0.7668607223060745}. Best is trial 23 with value: 0.07135370086410991.[0m
[32m[I 2025-02-02 11:31:05,378][0m Trial 29 finished with value: 0.07796353846788406 and parameters: {'observation_period_num': 57, 'train_rates': 0.9871811987338763, 'learning_rate': 3.1749350984979033e-05, 'batch_size': 64, 'step_size': 5, 'gamma': 0.8284942226537303}. Best is trial 23 with value: 0.07135370086410991.[0m
[32m[I 2025-02-02 11:31:44,388][0m Trial 30 finished with value: 0.09983910464535078 and parameters: {'observation_period_num': 55, 'train_rates': 0.6951778380331473, 'learning_rate': 0.000302287840492213, 'batch_size': 96, 'step_size': 4, 'gamma': 0.8558716183700489}. Best is trial 23 with value: 0.07135370086410991.[0m
[32m[I 2025-02-02 11:32:47,303][0m Trial 31 finished with value: 0.13407878960732003 and parameters: {'observation_period_num': 6, 'train_rates': 0.8553706472226055, 'learning_rate': 3.214690508329244e-05, 'batch_size': 66, 'step_size': 5, 'gamma': 0.8272130331526866}. Best is trial 23 with value: 0.07135370086410991.[0m
[32m[I 2025-02-02 11:34:39,660][0m Trial 32 finished with value: 0.24822517934926722 and parameters: {'observation_period_num': 23, 'train_rates': 0.91190569054037, 'learning_rate': 5.028542716449914e-06, 'batch_size': 36, 'step_size': 5, 'gamma': 0.8882604469441009}. Best is trial 23 with value: 0.07135370086410991.[0m
[32m[I 2025-02-02 11:35:49,652][0m Trial 33 finished with value: 0.12772496044635773 and parameters: {'observation_period_num': 62, 'train_rates': 0.9852199119021683, 'learning_rate': 7.061578998043859e-06, 'batch_size': 59, 'step_size': 7, 'gamma': 0.8714444966678817}. Best is trial 23 with value: 0.07135370086410991.[0m
[32m[I 2025-02-02 11:37:19,138][0m Trial 34 finished with value: 0.2023740781884249 and parameters: {'observation_period_num': 81, 'train_rates': 0.7316885892567749, 'learning_rate': 3.884377468223808e-05, 'batch_size': 36, 'step_size': 2, 'gamma': 0.8031151929752208}. Best is trial 23 with value: 0.07135370086410991.[0m
[32m[I 2025-02-02 11:37:53,027][0m Trial 35 finished with value: 0.09284913389835246 and parameters: {'observation_period_num': 49, 'train_rates': 0.6296028782599669, 'learning_rate': 0.0006426478010933632, 'batch_size': 88, 'step_size': 6, 'gamma': 0.846239160187445}. Best is trial 23 with value: 0.07135370086410991.[0m
[32m[I 2025-02-02 11:39:58,405][0m Trial 36 finished with value: 0.14825759935507013 and parameters: {'observation_period_num': 30, 'train_rates': 0.8885397580522528, 'learning_rate': 7.646684853924401e-06, 'batch_size': 30, 'step_size': 15, 'gamma': 0.8641201473833406}. Best is trial 23 with value: 0.07135370086410991.[0m
[32m[I 2025-02-02 11:40:21,710][0m Trial 37 finished with value: 0.29112452678941353 and parameters: {'observation_period_num': 113, 'train_rates': 0.6010726066821422, 'learning_rate': 7.218292140320747e-05, 'batch_size': 232, 'step_size': 4, 'gamma': 0.774849994133073}. Best is trial 23 with value: 0.07135370086410991.[0m
[32m[I 2025-02-02 11:40:45,957][0m Trial 38 finished with value: 0.3548007504829508 and parameters: {'observation_period_num': 234, 'train_rates': 0.6668192860470259, 'learning_rate': 2.5810953260030606e-05, 'batch_size': 196, 'step_size': 7, 'gamma': 0.880295564555149}. Best is trial 23 with value: 0.07135370086410991.[0m
[32m[I 2025-02-02 11:41:14,140][0m Trial 39 finished with value: 0.14160607422856117 and parameters: {'observation_period_num': 87, 'train_rates': 0.8060298521862648, 'learning_rate': 0.000131295739623727, 'batch_size': 256, 'step_size': 10, 'gamma': 0.8271674813901079}. Best is trial 23 with value: 0.07135370086410991.[0m
[32m[I 2025-02-02 11:41:51,808][0m Trial 40 finished with value: 0.11992194063576131 and parameters: {'observation_period_num': 113, 'train_rates': 0.632293022992976, 'learning_rate': 0.00023074210449577828, 'batch_size': 81, 'step_size': 5, 'gamma': 0.978934455931887}. Best is trial 23 with value: 0.07135370086410991.[0m
[32m[I 2025-02-02 11:44:24,932][0m Trial 41 finished with value: 0.07470003082273777 and parameters: {'observation_period_num': 12, 'train_rates': 0.7678638993270344, 'learning_rate': 0.000710226300815694, 'batch_size': 23, 'step_size': 2, 'gamma': 0.8133216998120005}. Best is trial 23 with value: 0.07135370086410991.[0m
[32m[I 2025-02-02 11:45:46,298][0m Trial 42 finished with value: 0.08475687564212896 and parameters: {'observation_period_num': 16, 'train_rates': 0.769872391188165, 'learning_rate': 0.00042043933595190507, 'batch_size': 46, 'step_size': 2, 'gamma': 0.8161013286747524}. Best is trial 23 with value: 0.07135370086410991.[0m
[32m[I 2025-02-02 11:49:12,222][0m Trial 43 finished with value: 0.08649028831472 and parameters: {'observation_period_num': 6, 'train_rates': 0.827112041756876, 'learning_rate': 0.0006760792323836619, 'batch_size': 17, 'step_size': 3, 'gamma': 0.7952557768892756}. Best is trial 23 with value: 0.07135370086410991.[0m
[32m[I 2025-02-02 11:51:17,896][0m Trial 44 finished with value: 0.6607955751552651 and parameters: {'observation_period_num': 33, 'train_rates': 0.7186677439460932, 'learning_rate': 1.0321466668516752e-06, 'batch_size': 26, 'step_size': 2, 'gamma': 0.8406574367113001}. Best is trial 23 with value: 0.07135370086410991.[0m
[32m[I 2025-02-02 11:51:51,318][0m Trial 45 finished with value: 0.08313430198615482 and parameters: {'observation_period_num': 19, 'train_rates': 0.7953338014763178, 'learning_rate': 0.0007214053749118955, 'batch_size': 122, 'step_size': 6, 'gamma': 0.7678701124965539}. Best is trial 23 with value: 0.07135370086410991.[0m
Early stopping at epoch 70
[32m[I 2025-02-02 11:52:36,877][0m Trial 46 finished with value: 0.2656942172211477 and parameters: {'observation_period_num': 150, 'train_rates': 0.9380626497660385, 'learning_rate': 0.0009992405286600589, 'batch_size': 61, 'step_size': 1, 'gamma': 0.8134187130190355}. Best is trial 23 with value: 0.07135370086410991.[0m
[32m[I 2025-02-02 11:53:51,036][0m Trial 47 finished with value: 0.24902388595106187 and parameters: {'observation_period_num': 39, 'train_rates': 0.7508960571816135, 'learning_rate': 2.742454541333691e-06, 'batch_size': 45, 'step_size': 4, 'gamma': 0.9606290752809614}. Best is trial 23 with value: 0.07135370086410991.[0m
[32m[I 2025-02-02 11:54:31,316][0m Trial 48 finished with value: 0.11477882447850575 and parameters: {'observation_period_num': 16, 'train_rates': 0.6557838709641927, 'learning_rate': 0.00044053462913694265, 'batch_size': 77, 'step_size': 3, 'gamma': 0.7502413596384997}. Best is trial 23 with value: 0.07135370086410991.[0m
