[32m[I 2025-02-02 08:01:17,062][0m Trial 16 finished with value: 0.15194068705155092 and parameters: {'observation_period_num': 151, 'train_rates': 0.7487057650450601, 'learning_rate': 5.581638423406236e-05, 'batch_size': 16, 'step_size': 14, 'gamma': 0.7643352362933115}. Best is trial 5 with value: 0.05324200168251991.[0m
[32m[I 2025-02-02 08:01:47,731][0m Trial 17 finished with value: 0.1762876695405275 and parameters: {'observation_period_num': 89, 'train_rates': 0.9035621402985801, 'learning_rate': 0.00023127131066923073, 'batch_size': 177, 'step_size': 9, 'gamma': 0.899628012612112}. Best is trial 5 with value: 0.05324200168251991.[0m
[32m[I 2025-02-02 08:02:18,822][0m Trial 18 finished with value: 0.13766202583681536 and parameters: {'observation_period_num': 32, 'train_rates': 0.8206210771290083, 'learning_rate': 1.9998043190391216e-05, 'batch_size': 142, 'step_size': 6, 'gamma': 0.962139476195104}. Best is trial 5 with value: 0.05324200168251991.[0m
[32m[I 2025-02-02 08:02:47,602][0m Trial 19 finished with value: 0.15888149275512134 and parameters: {'observation_period_num': 80, 'train_rates': 0.6216312850392636, 'learning_rate': 7.213494660699754e-05, 'batch_size': 116, 'step_size': 13, 'gamma': 0.7945520907846848}. Best is trial 5 with value: 0.05324200168251991.[0m
[32m[I 2025-02-02 08:03:13,411][0m Trial 20 finished with value: 0.09712799080571938 and parameters: {'observation_period_num': 36, 'train_rates': 0.7762435761862992, 'learning_rate': 0.0009744188551740912, 'batch_size': 252, 'step_size': 11, 'gamma': 0.8645099357741763}. Best is trial 5 with value: 0.05324200168251991.[0m
[32m[I 2025-02-02 08:03:43,986][0m Trial 21 finished with value: 0.08069452141598413 and parameters: {'observation_period_num': 15, 'train_rates': 0.7674625847237255, 'learning_rate': 0.0007225580268850493, 'batch_size': 144, 'step_size': 10, 'gamma': 0.8813632648845147}. Best is trial 5 with value: 0.05324200168251991.[0m
[32m[I 2025-02-02 08:04:12,505][0m Trial 22 finished with value: 0.08686896172570593 and parameters: {'observation_period_num': 11, 'train_rates': 0.724759358353133, 'learning_rate': 0.0002503521568387519, 'batch_size': 191, 'step_size': 7, 'gamma': 0.9000142573621269}. Best is trial 5 with value: 0.05324200168251991.[0m
[32m[I 2025-02-02 08:04:40,213][0m Trial 23 finished with value: 0.09133779705287172 and parameters: {'observation_period_num': 43, 'train_rates': 0.6782347047885547, 'learning_rate': 0.0005180869673629508, 'batch_size': 153, 'step_size': 10, 'gamma': 0.8693699771650469}. Best is trial 5 with value: 0.05324200168251991.[0m
[32m[I 2025-02-02 08:05:13,324][0m Trial 24 finished with value: 0.08850803971290588 and parameters: {'observation_period_num': 20, 'train_rates': 0.764899343321232, 'learning_rate': 0.0002274267759945534, 'batch_size': 129, 'step_size': 13, 'gamma': 0.8913307079575321}. Best is trial 5 with value: 0.05324200168251991.[0m
[32m[I 2025-02-02 08:05:54,832][0m Trial 25 finished with value: 0.11920352232340882 and parameters: {'observation_period_num': 60, 'train_rates': 0.8304207887043148, 'learning_rate': 0.00011910072621394963, 'batch_size': 96, 'step_size': 11, 'gamma': 0.9166019002298121}. Best is trial 5 with value: 0.05324200168251991.[0m
[32m[I 2025-02-02 08:06:19,181][0m Trial 26 finished with value: 0.14961440591039238 and parameters: {'observation_period_num': 165, 'train_rates': 0.7060862454757756, 'learning_rate': 0.0006609504409113419, 'batch_size': 219, 'step_size': 9, 'gamma': 0.8541813566202151}. Best is trial 5 with value: 0.05324200168251991.[0m
[32m[I 2025-02-02 08:06:44,003][0m Trial 27 finished with value: 0.2482933655078275 and parameters: {'observation_period_num': 48, 'train_rates': 0.64440068848188, 'learning_rate': 1.6581625175388244e-05, 'batch_size': 182, 'step_size': 14, 'gamma': 0.8293252412767511}. Best is trial 5 with value: 0.05324200168251991.[0m
[32m[I 2025-02-02 08:08:02,502][0m Trial 28 finished with value: 0.14662820232602267 and parameters: {'observation_period_num': 86, 'train_rates': 0.8638865706297862, 'learning_rate': 0.0003219764509282862, 'batch_size': 43, 'step_size': 12, 'gamma': 0.9469790846688354}. Best is trial 5 with value: 0.05324200168251991.[0m
[32m[I 2025-02-02 08:08:28,935][0m Trial 29 finished with value: 0.15689404426718787 and parameters: {'observation_period_num': 192, 'train_rates': 0.7986413770468506, 'learning_rate': 0.0003960476286413761, 'batch_size': 208, 'step_size': 4, 'gamma': 0.8858202581304664}. Best is trial 5 with value: 0.05324200168251991.[0m
[32m[I 2025-02-02 08:09:01,703][0m Trial 30 finished with value: 0.17469607280418936 and parameters: {'observation_period_num': 27, 'train_rates': 0.9229399241652845, 'learning_rate': 5.274410888977024e-05, 'batch_size': 136, 'step_size': 9, 'gamma': 0.9145742459980027}. Best is trial 5 with value: 0.05324200168251991.[0m
[32m[I 2025-02-02 08:09:31,225][0m Trial 31 finished with value: 0.08095977019051528 and parameters: {'observation_period_num': 8, 'train_rates': 0.7779089242860939, 'learning_rate': 0.0009256142524550839, 'batch_size': 152, 'step_size': 10, 'gamma': 0.8807235698488226}. Best is trial 5 with value: 0.05324200168251991.[0m
[32m[I 2025-02-02 08:09:58,546][0m Trial 32 finished with value: 0.08590740161350524 and parameters: {'observation_period_num': 21, 'train_rates': 0.7430466544828254, 'learning_rate': 0.0009438980485088627, 'batch_size': 170, 'step_size': 11, 'gamma': 0.8598206209119525}. Best is trial 5 with value: 0.05324200168251991.[0m
[32m[I 2025-02-02 08:11:04,740][0m Trial 33 finished with value: 0.038524139672517776 and parameters: {'observation_period_num': 9, 'train_rates': 0.9795067990142872, 'learning_rate': 0.0006184661001500915, 'batch_size': 63, 'step_size': 8, 'gamma': 0.8849017799214686}. Best is trial 33 with value: 0.038524139672517776.[0m
[32m[I 2025-02-02 08:14:56,298][0m Trial 34 finished with value: 0.04219760694023636 and parameters: {'observation_period_num': 47, 'train_rates': 0.9878129858162826, 'learning_rate': 8.949855302561874e-05, 'batch_size': 17, 'step_size': 7, 'gamma': 0.8359868636717748}. Best is trial 33 with value: 0.038524139672517776.[0m
[32m[I 2025-02-02 08:18:51,829][0m Trial 35 finished with value: 0.42212320922257063 and parameters: {'observation_period_num': 115, 'train_rates': 0.9731386182148698, 'learning_rate': 9.7444525283359e-05, 'batch_size': 16, 'step_size': 5, 'gamma': 0.828703873019706}. Best is trial 33 with value: 0.038524139672517776.[0m
[32m[I 2025-02-02 08:21:12,321][0m Trial 36 finished with value: 0.03507604375481606 and parameters: {'observation_period_num': 49, 'train_rates': 0.988103519295398, 'learning_rate': 0.0001853235005004823, 'batch_size': 28, 'step_size': 6, 'gamma': 0.7962495614845033}. Best is trial 36 with value: 0.03507604375481606.[0m
[32m[I 2025-02-02 08:22:17,984][0m Trial 37 finished with value: 0.09137814491987228 and parameters: {'observation_period_num': 74, 'train_rates': 0.9876365184877259, 'learning_rate': 9.944064468160311e-05, 'batch_size': 61, 'step_size': 7, 'gamma': 0.7876211824413254}. Best is trial 36 with value: 0.03507604375481606.[0m
[32m[I 2025-02-02 08:23:25,808][0m Trial 38 finished with value: 0.2338827686740997 and parameters: {'observation_period_num': 50, 'train_rates': 0.9515186691219277, 'learning_rate': 0.00018453067118250898, 'batch_size': 57, 'step_size': 3, 'gamma': 0.7914895135193136}. Best is trial 36 with value: 0.03507604375481606.[0m
[32m[I 2025-02-02 08:25:23,586][0m Trial 39 finished with value: 0.6370295121389277 and parameters: {'observation_period_num': 93, 'train_rates': 0.9703043981430611, 'learning_rate': 2.742244205684035e-06, 'batch_size': 32, 'step_size': 7, 'gamma': 0.8047501028831496}. Best is trial 36 with value: 0.03507604375481606.[0m
[32m[I 2025-02-02 08:27:15,914][0m Trial 40 finished with value: 0.2521579460158867 and parameters: {'observation_period_num': 127, 'train_rates': 0.9316844252648444, 'learning_rate': 0.0003134840544078735, 'batch_size': 31, 'step_size': 5, 'gamma': 0.8487854008496053}. Best is trial 36 with value: 0.03507604375481606.[0m
[32m[I 2025-02-02 08:28:23,158][0m Trial 41 finished with value: 0.0601796880364418 and parameters: {'observation_period_num': 48, 'train_rates': 0.9898586026134528, 'learning_rate': 0.0001743836918080057, 'batch_size': 57, 'step_size': 8, 'gamma': 0.7517023436557232}. Best is trial 36 with value: 0.03507604375481606.[0m
[32m[I 2025-02-02 08:29:28,612][0m Trial 42 finished with value: 0.26181917225033785 and parameters: {'observation_period_num': 49, 'train_rates': 0.9583180300511461, 'learning_rate': 4.591760595810086e-05, 'batch_size': 56, 'step_size': 8, 'gamma': 0.7563352784225499}. Best is trial 36 with value: 0.03507604375481606.[0m
[32m[I 2025-02-02 08:30:16,467][0m Trial 43 finished with value: 0.19378038716746826 and parameters: {'observation_period_num': 100, 'train_rates': 0.9079267407878252, 'learning_rate': 7.536192694925952e-05, 'batch_size': 75, 'step_size': 6, 'gamma': 0.7755650369154891}. Best is trial 36 with value: 0.03507604375481606.[0m
[32m[I 2025-02-02 08:30:57,445][0m Trial 44 finished with value: 0.06698951870203018 and parameters: {'observation_period_num': 61, 'train_rates': 0.9859688086471999, 'learning_rate': 0.00017625830971816495, 'batch_size': 96, 'step_size': 8, 'gamma': 0.8152221193276774}. Best is trial 36 with value: 0.03507604375481606.[0m
[32m[I 2025-02-02 08:32:38,957][0m Trial 45 finished with value: 0.3279000376832896 and parameters: {'observation_period_num': 251, 'train_rates': 0.9463063239917086, 'learning_rate': 0.0004704099795888442, 'batch_size': 33, 'step_size': 6, 'gamma': 0.777409497814755}. Best is trial 36 with value: 0.03507604375481606.[0m
[32m[I 2025-02-02 08:33:51,645][0m Trial 46 finished with value: 0.3538010385301378 and parameters: {'observation_period_num': 76, 'train_rates': 0.9686996183418155, 'learning_rate': 0.00011482639808715193, 'batch_size': 50, 'step_size': 5, 'gamma': 0.8360370487406978}. Best is trial 36 with value: 0.03507604375481606.[0m
[32m[I 2025-02-02 08:34:41,841][0m Trial 47 finished with value: 0.17023717602978833 and parameters: {'observation_period_num': 41, 'train_rates': 0.9153938104176708, 'learning_rate': 8.588392733715622e-05, 'batch_size': 72, 'step_size': 7, 'gamma': 0.806874843550702}. Best is trial 36 with value: 0.03507604375481606.[0m
[32m[I 2025-02-02 08:37:05,082][0m Trial 48 finished with value: 0.03770437217768161 and parameters: {'observation_period_num': 24, 'train_rates': 0.9896341562780115, 'learning_rate': 0.0002649682703609873, 'batch_size': 26, 'step_size': 9, 'gamma': 0.7697219352636403}. Best is trial 36 with value: 0.03507604375481606.[0m
[32m[I 2025-02-02 08:39:33,498][0m Trial 49 finished with value: 0.12910011611444858 and parameters: {'observation_period_num': 26, 'train_rates': 0.8945844511457859, 'learning_rate': 0.0006224489848925915, 'batch_size': 23, 'step_size': 4, 'gamma': 0.8232586482500814}. Best is trial 36 with value: 0.03507604375481606.[0m
seasonal_0 „ÅÆÊúÄÈÅ©„Éè„Ç§„Éë„Éº„Éë„É©„É°„Éº„Çø„ÅåË¶ã„Å§„Åã„Çä„Åæ„Åó„Åü
ÊúÄÈÅ©ÂåñÂØæË±°: seasonal_1
[32m[I 2025-02-02 08:39:33,505][0m A new study created in memory with name: no-name-ba8d9a19-c794-480e-ac53-2a730a7c3bdd[0m
[32m[I 2025-02-02 08:41:10,542][0m Trial 0 finished with value: 0.13158304558752418 and parameters: {'observation_period_num': 24, 'train_rates': 0.8948550522386471, 'learning_rate': 2.784981043766946e-05, 'batch_size': 36, 'step_size': 13, 'gamma': 0.9623302102738783}. Best is trial 0 with value: 0.13158304558752418.[0m
[32m[I 2025-02-02 08:42:41,247][0m Trial 1 finished with value: 0.2957740125174706 and parameters: {'observation_period_num': 201, 'train_rates': 0.9434997406989859, 'learning_rate': 1.9247684791735365e-05, 'batch_size': 38, 'step_size': 9, 'gamma': 0.8166979962021544}. Best is trial 0 with value: 0.13158304558752418.[0m
[32m[I 2025-02-02 08:43:11,504][0m Trial 2 finished with value: 0.14128134878816215 and parameters: {'observation_period_num': 23, 'train_rates': 0.9081609995786275, 'learning_rate': 0.0004911946261356974, 'batch_size': 191, 'step_size': 10, 'gamma': 0.8300976548378713}. Best is trial 0 with value: 0.13158304558752418.[0m
[32m[I 2025-02-02 08:45:04,459][0m Trial 3 finished with value: 0.4437774289183635 and parameters: {'observation_period_num': 210, 'train_rates': 0.8112263921440204, 'learning_rate': 2.9648512787704542e-06, 'batch_size': 27, 'step_size': 4, 'gamma': 0.8478493661962295}. Best is trial 0 with value: 0.13158304558752418.[0m
[32m[I 2025-02-02 08:45:31,226][0m Trial 4 finished with value: 0.1342167250318558 and parameters: {'observation_period_num': 148, 'train_rates': 0.7795025877221714, 'learning_rate': 0.0004811794062601766, 'batch_size': 206, 'step_size': 11, 'gamma': 0.839399263392143}. Best is trial 0 with value: 0.13158304558752418.[0m
[32m[I 2025-02-02 08:46:02,899][0m Trial 5 finished with value: 0.14821097640127973 and parameters: {'observation_period_num': 155, 'train_rates': 0.8240013157947075, 'learning_rate': 0.00014196859692046238, 'batch_size': 119, 'step_size': 10, 'gamma': 0.9103730221134778}. Best is trial 0 with value: 0.13158304558752418.[0m
[32m[I 2025-02-02 08:46:59,499][0m Trial 6 finished with value: 0.13628699223688043 and parameters: {'observation_period_num': 114, 'train_rates': 0.7704957446086109, 'learning_rate': 4.66562030398292e-05, 'batch_size': 56, 'step_size': 15, 'gamma': 0.9703855719935819}. Best is trial 0 with value: 0.13158304558752418.[0m
[32m[I 2025-02-02 08:47:22,006][0m Trial 7 finished with value: 1.0179184398757284 and parameters: {'observation_period_num': 178, 'train_rates': 0.6114569399301882, 'learning_rate': 3.48681057096506e-06, 'batch_size': 228, 'step_size': 9, 'gamma': 0.8248853035066569}. Best is trial 0 with value: 0.13158304558752418.[0m
[32m[I 2025-02-02 08:47:49,129][0m Trial 8 finished with value: 0.23459313380875885 and parameters: {'observation_period_num': 249, 'train_rates': 0.6364283447266936, 'learning_rate': 4.0001942823008554e-05, 'batch_size': 110, 'step_size': 3, 'gamma': 0.9510379742219173}. Best is trial 0 with value: 0.13158304558752418.[0m
[32m[I 2025-02-02 08:48:19,737][0m Trial 9 finished with value: 0.17945297062397003 and parameters: {'observation_period_num': 193, 'train_rates': 0.9857128757993955, 'learning_rate': 0.0005633813603597151, 'batch_size': 244, 'step_size': 1, 'gamma': 0.8902332857839285}. Best is trial 0 with value: 0.13158304558752418.[0m
[32m[I 2025-02-02 08:49:05,744][0m Trial 10 finished with value: 0.15124069624667832 and parameters: {'observation_period_num': 9, 'train_rates': 0.8734842699583937, 'learning_rate': 8.526661266917118e-06, 'batch_size': 79, 'step_size': 15, 'gamma': 0.7653108155040125}. Best is trial 0 with value: 0.13158304558752418.[0m
[32m[I 2025-02-02 08:49:31,475][0m Trial 11 finished with value: 0.11695714469562445 and parameters: {'observation_period_num': 92, 'train_rates': 0.719637315744854, 'learning_rate': 9.899279053276867e-05, 'batch_size': 174, 'step_size': 12, 'gamma': 0.924322431248191}. Best is trial 11 with value: 0.11695714469562445.[0m
[32m[I 2025-02-02 08:49:58,455][0m Trial 12 finished with value: 0.10912633896086392 and parameters: {'observation_period_num': 74, 'train_rates': 0.7074616194216851, 'learning_rate': 0.00011387376066625817, 'batch_size': 164, 'step_size': 13, 'gamma': 0.9389650003812232}. Best is trial 12 with value: 0.10912633896086392.[0m
[32m[I 2025-02-02 08:50:25,338][0m Trial 13 finished with value: 0.10790926878679695 and parameters: {'observation_period_num': 92, 'train_rates': 0.6976958034008448, 'learning_rate': 0.0001388053480224955, 'batch_size': 166, 'step_size': 6, 'gamma': 0.9244374544245106}. Best is trial 13 with value: 0.10790926878679695.[0m
[32m[I 2025-02-02 08:50:51,910][0m Trial 14 finished with value: 0.10185046583752741 and parameters: {'observation_period_num': 72, 'train_rates': 0.6945655348516863, 'learning_rate': 0.0001783217589751439, 'batch_size': 148, 'step_size': 6, 'gamma': 0.989398657402172}. Best is trial 14 with value: 0.10185046583752741.[0m
[32m[I 2025-02-02 08:51:19,217][0m Trial 15 finished with value: 0.09966202858989665 and parameters: {'observation_period_num': 66, 'train_rates': 0.6820992557933293, 'learning_rate': 0.00022550124817415069, 'batch_size': 149, 'step_size': 6, 'gamma': 0.9882909942874758}. Best is trial 15 with value: 0.09966202858989665.[0m
[32m[I 2025-02-02 08:51:45,509][0m Trial 16 finished with value: 0.09730439708082086 and parameters: {'observation_period_num': 55, 'train_rates': 0.6535895415448942, 'learning_rate': 0.00028799624360334556, 'batch_size': 138, 'step_size': 7, 'gamma': 0.9865508860246164}. Best is trial 16 with value: 0.09730439708082086.[0m
[32m[I 2025-02-02 08:52:19,551][0m Trial 17 finished with value: 0.12792073714458205 and parameters: {'observation_period_num': 49, 'train_rates': 0.6490644978221439, 'learning_rate': 0.0009237742188335267, 'batch_size': 87, 'step_size': 6, 'gamma': 0.9840196823396764}. Best is trial 16 with value: 0.09730439708082086.[0m
[32m[I 2025-02-02 08:52:46,824][0m Trial 18 finished with value: 0.09814577882483616 and parameters: {'observation_period_num': 56, 'train_rates': 0.6538022732223839, 'learning_rate': 0.00028702612796057813, 'batch_size': 134, 'step_size': 7, 'gamma': 0.8878024773650733}. Best is trial 16 with value: 0.09730439708082086.[0m
[32m[I 2025-02-02 08:53:18,818][0m Trial 19 finished with value: 0.09397664255021701 and parameters: {'observation_period_num': 43, 'train_rates': 0.7481503791258675, 'learning_rate': 0.0003446240942223235, 'batch_size': 113, 'step_size': 8, 'gamma': 0.8754059190330538}. Best is trial 19 with value: 0.09397664255021701.[0m
[32m[I 2025-02-02 08:53:53,828][0m Trial 20 finished with value: 0.9038025932362074 and parameters: {'observation_period_num': 112, 'train_rates': 0.7317618835774303, 'learning_rate': 1.2465109499026346e-06, 'batch_size': 92, 'step_size': 4, 'gamma': 0.7898564391097653}. Best is trial 19 with value: 0.09397664255021701.[0m
[32m[I 2025-02-02 08:54:19,973][0m Trial 21 finished with value: 0.0909559852935929 and parameters: {'observation_period_num': 42, 'train_rates': 0.6036114272764723, 'learning_rate': 0.0002817707482764612, 'batch_size': 127, 'step_size': 8, 'gamma': 0.8723400442081856}. Best is trial 21 with value: 0.0909559852935929.[0m
[32m[I 2025-02-02 08:54:47,537][0m Trial 22 finished with value: 0.09935534429389217 and parameters: {'observation_period_num': 41, 'train_rates': 0.6055116113978445, 'learning_rate': 0.0009626193428585382, 'batch_size': 121, 'step_size': 8, 'gamma': 0.8677897827943447}. Best is trial 21 with value: 0.0909559852935929.[0m
[32m[I 2025-02-02 08:55:23,309][0m Trial 23 finished with value: 0.09805296642639091 and parameters: {'observation_period_num': 35, 'train_rates': 0.7511928457100723, 'learning_rate': 7.1353462841917e-05, 'batch_size': 100, 'step_size': 8, 'gamma': 0.8663979941428822}. Best is trial 21 with value: 0.0909559852935929.[0m
[32m[I 2025-02-02 08:56:11,460][0m Trial 24 finished with value: 0.06477421584976725 and parameters: {'observation_period_num': 7, 'train_rates': 0.6616920409899009, 'learning_rate': 0.00030025334533441444, 'batch_size': 66, 'step_size': 4, 'gamma': 0.8975767544901151}. Best is trial 24 with value: 0.06477421584976725.[0m
[32m[I 2025-02-02 08:56:54,530][0m Trial 25 finished with value: 0.09171971082815947 and parameters: {'observation_period_num': 6, 'train_rates': 0.6064699037922993, 'learning_rate': 0.0003995725450008003, 'batch_size': 70, 'step_size': 1, 'gamma': 0.889465645243938}. Best is trial 24 with value: 0.06477421584976725.[0m
[32m[I 2025-02-02 08:57:36,815][0m Trial 26 finished with value: 0.1255166719842386 and parameters: {'observation_period_num': 7, 'train_rates': 0.6039342642633269, 'learning_rate': 6.215844860769287e-05, 'batch_size': 71, 'step_size': 1, 'gamma': 0.9027478194859884}. Best is trial 24 with value: 0.06477421584976725.[0m
[32m[I 2025-02-02 08:58:25,976][0m Trial 27 finished with value: 0.07112573019046452 and parameters: {'observation_period_num': 7, 'train_rates': 0.6707828441873017, 'learning_rate': 0.0006461251455273003, 'batch_size': 65, 'step_size': 2, 'gamma': 0.8544852803429739}. Best is trial 24 with value: 0.06477421584976725.[0m
[32m[I 2025-02-02 08:59:21,887][0m Trial 28 finished with value: 0.07648381727476106 and parameters: {'observation_period_num': 24, 'train_rates': 0.6731267192021253, 'learning_rate': 0.0008272113420577949, 'batch_size': 54, 'step_size': 3, 'gamma': 0.8538664635484647}. Best is trial 24 with value: 0.06477421584976725.[0m
[32m[I 2025-02-02 09:00:26,499][0m Trial 29 finished with value: 0.07604334361689247 and parameters: {'observation_period_num': 23, 'train_rates': 0.6703530325063857, 'learning_rate': 0.0008200835566704429, 'batch_size': 45, 'step_size': 3, 'gamma': 0.8083484209172782}. Best is trial 24 with value: 0.06477421584976725.[0m
[32m[I 2025-02-02 09:02:47,711][0m Trial 30 finished with value: 0.11757282705557456 and parameters: {'observation_period_num': 30, 'train_rates': 0.6675824501846203, 'learning_rate': 2.469886308891218e-05, 'batch_size': 20, 'step_size': 3, 'gamma': 0.8020961053062976}. Best is trial 24 with value: 0.06477421584976725.[0m
[32m[I 2025-02-02 09:03:49,251][0m Trial 31 finished with value: 0.08250659925583452 and parameters: {'observation_period_num': 22, 'train_rates': 0.6797340191792958, 'learning_rate': 0.0007311084131653093, 'batch_size': 48, 'step_size': 3, 'gamma': 0.8504803325533499}. Best is trial 24 with value: 0.06477421584976725.[0m
