[32m[I 2025-02-02 10:00:06,261][0m Trial 48 finished with value: 0.12554120097139077 and parameters: {'observation_period_num': 52, 'train_rates': 0.6907338130842783, 'learning_rate': 4.161559085469737e-05, 'batch_size': 76, 'step_size': 12, 'gamma': 0.880850580778536}. Best is trial 13 with value: 0.06350164617917554.[0m
[32m[I 2025-02-02 10:00:36,994][0m Trial 49 finished with value: 0.18475314766979542 and parameters: {'observation_period_num': 105, 'train_rates': 0.896771478116893, 'learning_rate': 0.000293647557102222, 'batch_size': 155, 'step_size': 15, 'gamma': 0.8177865246515658}. Best is trial 13 with value: 0.06350164617917554.[0m
seasonal_2 „ÅÆÊúÄÈÅ©„Éè„Ç§„Éë„Éº„Éë„É©„É°„Éº„Çø„ÅåË¶ã„Å§„Åã„Çä„Åæ„Åó„Åü
ÊúÄÈÅ©ÂåñÂØæË±°: seasonal_3
[32m[I 2025-02-02 10:00:37,002][0m A new study created in memory with name: no-name-a9c52b10-e6a9-48d4-9509-08b3644a36cc[0m
[32m[I 2025-02-02 10:01:09,880][0m Trial 0 finished with value: 0.942347537691348 and parameters: {'observation_period_num': 184, 'train_rates': 0.9227938830943992, 'learning_rate': 1.8870735502374484e-06, 'batch_size': 122, 'step_size': 7, 'gamma': 0.7685770040802166}. Best is trial 0 with value: 0.942347537691348.[0m
[32m[I 2025-02-02 10:01:44,129][0m Trial 1 finished with value: 0.1053038677215025 and parameters: {'observation_period_num': 16, 'train_rates': 0.7788793567521389, 'learning_rate': 3.1581751207183035e-05, 'batch_size': 104, 'step_size': 14, 'gamma': 0.8270570166988978}. Best is trial 1 with value: 0.1053038677215025.[0m
[32m[I 2025-02-02 10:02:10,163][0m Trial 2 finished with value: 0.5146697405347957 and parameters: {'observation_period_num': 110, 'train_rates': 0.7747089524344397, 'learning_rate': 1.1724428999385427e-05, 'batch_size': 250, 'step_size': 4, 'gamma': 0.7972402246227952}. Best is trial 1 with value: 0.1053038677215025.[0m
[32m[I 2025-02-02 10:02:36,247][0m Trial 3 finished with value: 0.18921559541062874 and parameters: {'observation_period_num': 81, 'train_rates': 0.7393914330950109, 'learning_rate': 2.3499416029937744e-05, 'batch_size': 221, 'step_size': 11, 'gamma': 0.9329887722207578}. Best is trial 1 with value: 0.1053038677215025.[0m
[32m[I 2025-02-02 10:02:58,481][0m Trial 4 finished with value: 1.0611157475448236 and parameters: {'observation_period_num': 237, 'train_rates': 0.6223652195081943, 'learning_rate': 1.3121589477199403e-06, 'batch_size': 250, 'step_size': 14, 'gamma': 0.9427576812219101}. Best is trial 1 with value: 0.1053038677215025.[0m
[32m[I 2025-02-02 10:03:55,653][0m Trial 5 finished with value: 0.3484708531557218 and parameters: {'observation_period_num': 171, 'train_rates': 0.7355124637253571, 'learning_rate': 1.5529862063721653e-05, 'batch_size': 52, 'step_size': 3, 'gamma': 0.7540094590084633}. Best is trial 1 with value: 0.1053038677215025.[0m
[32m[I 2025-02-02 10:04:29,414][0m Trial 6 finished with value: 0.06937263906002045 and parameters: {'observation_period_num': 139, 'train_rates': 0.9846595579806947, 'learning_rate': 0.0007149123438290095, 'batch_size': 137, 'step_size': 3, 'gamma': 0.8796701262853258}. Best is trial 6 with value: 0.06937263906002045.[0m
[32m[I 2025-02-02 10:04:54,181][0m Trial 7 finished with value: 0.4671506110871102 and parameters: {'observation_period_num': 145, 'train_rates': 0.6457851632600999, 'learning_rate': 5.519251462722144e-06, 'batch_size': 143, 'step_size': 3, 'gamma': 0.984856372881976}. Best is trial 6 with value: 0.06937263906002045.[0m
Early stopping at epoch 55
[32m[I 2025-02-02 10:05:11,551][0m Trial 8 finished with value: 1.221098298766701 and parameters: {'observation_period_num': 190, 'train_rates': 0.7941549382222653, 'learning_rate': 4.587562369509594e-06, 'batch_size': 117, 'step_size': 1, 'gamma': 0.7987258803437972}. Best is trial 6 with value: 0.06937263906002045.[0m
[32m[I 2025-02-02 10:05:40,214][0m Trial 9 finished with value: 0.12642652167539511 and parameters: {'observation_period_num': 17, 'train_rates': 0.8092832041666636, 'learning_rate': 3.163742164293045e-05, 'batch_size': 209, 'step_size': 14, 'gamma': 0.7753055805497697}. Best is trial 6 with value: 0.06937263906002045.[0m
[32m[I 2025-02-02 10:07:33,913][0m Trial 10 finished with value: 0.0716763436794281 and parameters: {'observation_period_num': 73, 'train_rates': 0.9888730989232435, 'learning_rate': 0.0008317344298967251, 'batch_size': 33, 'step_size': 8, 'gamma': 0.8820438472138737}. Best is trial 6 with value: 0.06937263906002045.[0m
[32m[I 2025-02-02 10:09:40,146][0m Trial 11 finished with value: 0.06942621695826638 and parameters: {'observation_period_num': 72, 'train_rates': 0.9818345068383767, 'learning_rate': 0.0009969170737748685, 'batch_size': 31, 'step_size': 8, 'gamma': 0.8700898788012552}. Best is trial 6 with value: 0.06937263906002045.[0m
[32m[I 2025-02-02 10:10:11,729][0m Trial 12 finished with value: 0.16861428067845813 and parameters: {'observation_period_num': 76, 'train_rates': 0.9180586643652895, 'learning_rate': 0.0008104957476110441, 'batch_size': 170, 'step_size': 6, 'gamma': 0.8671207267844941}. Best is trial 6 with value: 0.06937263906002045.[0m
[32m[I 2025-02-02 10:11:08,467][0m Trial 13 finished with value: 0.08563578873872757 and parameters: {'observation_period_num': 118, 'train_rates': 0.9835224838343702, 'learning_rate': 0.00025190494103635177, 'batch_size': 70, 'step_size': 10, 'gamma': 0.8689605209429605}. Best is trial 6 with value: 0.06937263906002045.[0m
[32m[I 2025-02-02 10:14:33,228][0m Trial 14 finished with value: 0.14512738212943077 and parameters: {'observation_period_num': 49, 'train_rates': 0.8829930373862276, 'learning_rate': 0.00011986504572361491, 'batch_size': 17, 'step_size': 11, 'gamma': 0.9048444249275202}. Best is trial 6 with value: 0.06937263906002045.[0m
[32m[I 2025-02-02 10:15:18,153][0m Trial 15 finished with value: 0.25312643729542433 and parameters: {'observation_period_num': 225, 'train_rates': 0.9305283456411314, 'learning_rate': 0.0002541205690398386, 'batch_size': 79, 'step_size': 5, 'gamma': 0.8477178839292564}. Best is trial 6 with value: 0.06937263906002045.[0m
[32m[I 2025-02-02 10:15:47,676][0m Trial 16 finished with value: 0.23378550571002318 and parameters: {'observation_period_num': 146, 'train_rates': 0.8731903011436013, 'learning_rate': 0.0002998151295892317, 'batch_size': 174, 'step_size': 1, 'gamma': 0.9079216240715422}. Best is trial 6 with value: 0.06937263906002045.[0m
[32m[I 2025-02-02 10:16:19,296][0m Trial 17 finished with value: 0.2835961580276489 and parameters: {'observation_period_num': 101, 'train_rates': 0.9545609905589942, 'learning_rate': 8.578211163402307e-05, 'batch_size': 154, 'step_size': 10, 'gamma': 0.8273385561255048}. Best is trial 6 with value: 0.06937263906002045.[0m
[32m[I 2025-02-02 10:17:01,282][0m Trial 18 finished with value: 0.12551964471561408 and parameters: {'observation_period_num': 48, 'train_rates': 0.8546255335485182, 'learning_rate': 0.0009685205233929017, 'batch_size': 83, 'step_size': 8, 'gamma': 0.8965367093666268}. Best is trial 6 with value: 0.06937263906002045.[0m
[32m[I 2025-02-02 10:17:30,046][0m Trial 19 finished with value: 0.14513644397325579 and parameters: {'observation_period_num': 153, 'train_rates': 0.8408469971087141, 'learning_rate': 0.0004136800520286989, 'batch_size': 191, 'step_size': 5, 'gamma': 0.9407904565503887}. Best is trial 6 with value: 0.06937263906002045.[0m
[32m[I 2025-02-02 10:18:10,122][0m Trial 20 finished with value: 0.2834724549476693 and parameters: {'observation_period_num': 45, 'train_rates': 0.9579471551294063, 'learning_rate': 0.0001087671497985589, 'batch_size': 100, 'step_size': 2, 'gamma': 0.8449404538120169}. Best is trial 6 with value: 0.06937263906002045.[0m
[32m[I 2025-02-02 10:21:43,690][0m Trial 21 finished with value: 0.06616781279444695 and parameters: {'observation_period_num': 81, 'train_rates': 0.9872342212534561, 'learning_rate': 0.0006049246712672042, 'batch_size': 17, 'step_size': 8, 'gamma': 0.8867204566050071}. Best is trial 21 with value: 0.06616781279444695.[0m
[32m[I 2025-02-02 10:23:21,578][0m Trial 22 finished with value: 0.22735565293475357 and parameters: {'observation_period_num': 92, 'train_rates': 0.9008532797779722, 'learning_rate': 0.00045522782544017183, 'batch_size': 35, 'step_size': 9, 'gamma': 0.9213235514458981}. Best is trial 21 with value: 0.06616781279444695.[0m
[32m[I 2025-02-02 10:24:24,620][0m Trial 23 finished with value: 0.3313072286875902 and parameters: {'observation_period_num': 120, 'train_rates': 0.9602621195277309, 'learning_rate': 0.0005143593024673676, 'batch_size': 57, 'step_size': 12, 'gamma': 0.8843044864152663}. Best is trial 21 with value: 0.06616781279444695.[0m
[32m[I 2025-02-02 10:26:56,225][0m Trial 24 finished with value: 0.04512928053736687 and parameters: {'observation_period_num': 60, 'train_rates': 0.9878864078802193, 'learning_rate': 0.00015686191052045257, 'batch_size': 24, 'step_size': 5, 'gamma': 0.8523988405864255}. Best is trial 24 with value: 0.04512928053736687.[0m
[32m[I 2025-02-02 10:30:26,680][0m Trial 25 finished with value: 0.23702859379693694 and parameters: {'observation_period_num': 55, 'train_rates': 0.9401644396942207, 'learning_rate': 0.00016563371560986622, 'batch_size': 17, 'step_size': 6, 'gamma': 0.9651019913286312}. Best is trial 24 with value: 0.04512928053736687.[0m
[32m[I 2025-02-02 10:31:35,047][0m Trial 26 finished with value: 0.14177941045035486 and parameters: {'observation_period_num': 28, 'train_rates': 0.8901366674880785, 'learning_rate': 5.1593919450175846e-05, 'batch_size': 54, 'step_size': 4, 'gamma': 0.8412912414442384}. Best is trial 24 with value: 0.04512928053736687.[0m
[32m[I 2025-02-02 10:32:09,164][0m Trial 27 finished with value: 0.12985702874832714 and parameters: {'observation_period_num': 131, 'train_rates': 0.6859448003653389, 'learning_rate': 0.00019171259627803806, 'batch_size': 96, 'step_size': 6, 'gamma': 0.8195811183401424}. Best is trial 24 with value: 0.04512928053736687.[0m
[32m[I 2025-02-02 10:32:44,011][0m Trial 28 finished with value: 0.30307579040527344 and parameters: {'observation_period_num': 98, 'train_rates': 0.9601177114555733, 'learning_rate': 0.0005190101333573782, 'batch_size': 135, 'step_size': 3, 'gamma': 0.8546188709728074}. Best is trial 24 with value: 0.04512928053736687.[0m
[32m[I 2025-02-02 10:33:18,174][0m Trial 29 finished with value: 0.20942684669682032 and parameters: {'observation_period_num': 181, 'train_rates': 0.9176028714932499, 'learning_rate': 7.156198214852328e-05, 'batch_size': 124, 'step_size': 7, 'gamma': 0.8897744448674597}. Best is trial 24 with value: 0.04512928053736687.[0m
[32m[I 2025-02-02 10:34:12,424][0m Trial 30 finished with value: 0.10625185817480087 and parameters: {'observation_period_num': 204, 'train_rates': 0.9888443616550175, 'learning_rate': 0.00017024750218567442, 'batch_size': 67, 'step_size': 5, 'gamma': 0.913565574899048}. Best is trial 24 with value: 0.04512928053736687.[0m
[32m[I 2025-02-02 10:35:59,114][0m Trial 31 finished with value: 0.08707560043013285 and parameters: {'observation_period_num': 70, 'train_rates': 0.9784719345109554, 'learning_rate': 0.0006777296759609009, 'batch_size': 34, 'step_size': 7, 'gamma': 0.864151961982446}. Best is trial 24 with value: 0.04512928053736687.[0m
[32m[I 2025-02-02 10:37:26,017][0m Trial 32 finished with value: 0.20624075285517252 and parameters: {'observation_period_num': 31, 'train_rates': 0.9379089089136949, 'learning_rate': 0.00035695723955860004, 'batch_size': 42, 'step_size': 9, 'gamma': 0.8811167092368803}. Best is trial 24 with value: 0.04512928053736687.[0m
[32m[I 2025-02-02 10:39:55,223][0m Trial 33 finished with value: 0.23334623387871453 and parameters: {'observation_period_num': 5, 'train_rates': 0.9649224453681742, 'learning_rate': 0.0006517623332535011, 'batch_size': 27, 'step_size': 4, 'gamma': 0.8169633126724113}. Best is trial 24 with value: 0.04512928053736687.[0m
[32m[I 2025-02-02 10:43:16,687][0m Trial 34 finished with value: 0.2045340844062695 and parameters: {'observation_period_num': 87, 'train_rates': 0.9125815001934777, 'learning_rate': 0.0008978593207533221, 'batch_size': 17, 'step_size': 9, 'gamma': 0.832315010675594}. Best is trial 24 with value: 0.04512928053736687.[0m
[32m[I 2025-02-02 10:44:35,483][0m Trial 35 finished with value: 0.22041453980973788 and parameters: {'observation_period_num': 59, 'train_rates': 0.9398200008528095, 'learning_rate': 0.0002588617452905674, 'batch_size': 46, 'step_size': 7, 'gamma': 0.8558261785374895}. Best is trial 24 with value: 0.04512928053736687.[0m
[32m[I 2025-02-02 10:45:17,849][0m Trial 36 finished with value: 0.39942798018455505 and parameters: {'observation_period_num': 132, 'train_rates': 0.9705017971720443, 'learning_rate': 0.0005666588582166106, 'batch_size': 89, 'step_size': 2, 'gamma': 0.92933875224845}. Best is trial 24 with value: 0.04512928053736687.[0m
[32m[I 2025-02-02 10:45:48,462][0m Trial 37 finished with value: 0.11431368892447333 and parameters: {'observation_period_num': 102, 'train_rates': 0.7501865691862837, 'learning_rate': 0.00037634005815574706, 'batch_size': 118, 'step_size': 12, 'gamma': 0.8048253687573382}. Best is trial 24 with value: 0.04512928053736687.[0m
[32m[I 2025-02-02 10:46:46,095][0m Trial 38 finished with value: 0.2643282793192978 and parameters: {'observation_period_num': 65, 'train_rates': 0.942549319679875, 'learning_rate': 4.336519281654655e-05, 'batch_size': 63, 'step_size': 2, 'gamma': 0.8945653517028328}. Best is trial 24 with value: 0.04512928053736687.[0m
[32m[I 2025-02-02 10:47:15,409][0m Trial 39 finished with value: 0.26626443581318293 and parameters: {'observation_period_num': 86, 'train_rates': 0.8229019407453163, 'learning_rate': 1.1188302267582494e-05, 'batch_size': 152, 'step_size': 8, 'gamma': 0.8752057192786555}. Best is trial 24 with value: 0.04512928053736687.[0m
[32m[I 2025-02-02 10:47:45,610][0m Trial 40 finished with value: 0.1205192431807518 and parameters: {'observation_period_num': 166, 'train_rates': 0.9899252965616633, 'learning_rate': 0.00015558956465032615, 'batch_size': 236, 'step_size': 6, 'gamma': 0.7790661994186207}. Best is trial 24 with value: 0.04512928053736687.[0m
[32m[I 2025-02-02 10:49:35,224][0m Trial 41 finished with value: 0.3482561893640207 and parameters: {'observation_period_num': 34, 'train_rates': 0.973804927437702, 'learning_rate': 0.0009952198204104088, 'batch_size': 34, 'step_size': 8, 'gamma': 0.8609470514676159}. Best is trial 24 with value: 0.04512928053736687.[0m
[32m[I 2025-02-02 10:51:51,248][0m Trial 42 finished with value: 0.06054523925889622 and parameters: {'observation_period_num': 72, 'train_rates': 0.9887123628059248, 'learning_rate': 0.0006550263004263486, 'batch_size': 27, 'step_size': 8, 'gamma': 0.876925400939466}. Best is trial 24 with value: 0.04512928053736687.[0m
[32m[I 2025-02-02 10:54:05,817][0m Trial 43 finished with value: 0.34055964084608215 and parameters: {'observation_period_num': 114, 'train_rates': 0.9507998780502249, 'learning_rate': 0.0006138643230048874, 'batch_size': 26, 'step_size': 10, 'gamma': 0.8730767174329547}. Best is trial 24 with value: 0.04512928053736687.[0m
[32m[I 2025-02-02 10:55:23,490][0m Trial 44 finished with value: 0.17622371771331155 and parameters: {'observation_period_num': 78, 'train_rates': 0.9068241982432138, 'learning_rate': 0.00034745014197331485, 'batch_size': 45, 'step_size': 7, 'gamma': 0.8972986654216794}. Best is trial 24 with value: 0.04512928053736687.[0m
[32m[I 2025-02-02 10:56:14,551][0m Trial 45 finished with value: 0.5303177507418506 and parameters: {'observation_period_num': 65, 'train_rates': 0.9266392901486125, 'learning_rate': 1.0174786860306778e-06, 'batch_size': 72, 'step_size': 15, 'gamma': 0.8759225082624229}. Best is trial 24 with value: 0.04512928053736687.[0m
[32m[I 2025-02-02 10:58:13,860][0m Trial 46 finished with value: 0.2801999621085236 and parameters: {'observation_period_num': 40, 'train_rates': 0.6818068695641183, 'learning_rate': 2.7387230505081123e-06, 'batch_size': 25, 'step_size': 5, 'gamma': 0.8383545085387675}. Best is trial 24 with value: 0.04512928053736687.[0m
[32m[I 2025-02-02 10:58:50,299][0m Trial 47 finished with value: 0.4525703191757202 and parameters: {'observation_period_num': 109, 'train_rates': 0.9745084327330091, 'learning_rate': 0.00023203330378844593, 'batch_size': 112, 'step_size': 3, 'gamma': 0.8497055843923822}. Best is trial 24 with value: 0.04512928053736687.[0m
[32m[I 2025-02-02 10:59:26,763][0m Trial 48 finished with value: 0.02425631508231163 and parameters: {'observation_period_num': 23, 'train_rates': 0.9891688445832926, 'learning_rate': 0.0006654625268226993, 'batch_size': 131, 'step_size': 9, 'gamma': 0.9095385174594361}. Best is trial 48 with value: 0.02425631508231163.[0m
[32m[I 2025-02-02 10:59:59,429][0m Trial 49 finished with value: 0.062308505177497864 and parameters: {'observation_period_num': 8, 'train_rates': 0.9897237339992777, 'learning_rate': 1.942005468153057e-05, 'batch_size': 173, 'step_size': 9, 'gamma': 0.9158482634981834}. Best is trial 48 with value: 0.02425631508231163.[0m
seasonal_3 „ÅÆÊúÄÈÅ©„Éè„Ç§„Éë„Éº„Éë„É©„É°„Éº„Çø„ÅåË¶ã„Å§„Åã„Çä„Åæ„Åó„Åü
ÊúÄÈÅ©ÂåñÂØæË±°: resid
[32m[I 2025-02-02 10:59:59,436][0m A new study created in memory with name: no-name-8d7a6096-b9f5-4458-88c1-9a262e5569aa[0m
[32m[I 2025-02-02 11:00:34,266][0m Trial 0 finished with value: 0.14306857897580125 and parameters: {'observation_period_num': 59, 'train_rates': 0.8644441851438209, 'learning_rate': 4.576236019831369e-05, 'batch_size': 112, 'step_size': 5, 'gamma': 0.8856923879436602}. Best is trial 0 with value: 0.14306857897580125.[0m
[32m[I 2025-02-02 11:01:00,050][0m Trial 1 finished with value: 0.5061859068943855 and parameters: {'observation_period_num': 241, 'train_rates': 0.724148600126358, 'learning_rate': 4.059962517713948e-06, 'batch_size': 177, 'step_size': 12, 'gamma': 0.8701324069687927}. Best is trial 0 with value: 0.14306857897580125.[0m
[32m[I 2025-02-02 11:01:40,700][0m Trial 2 finished with value: 0.31077960700686297 and parameters: {'observation_period_num': 99, 'train_rates': 0.9297062654742476, 'learning_rate': 1.5874364594521848e-05, 'batch_size': 93, 'step_size': 6, 'gamma': 0.876642971487821}. Best is trial 0 with value: 0.14306857897580125.[0m
[32m[I 2025-02-02 11:02:03,572][0m Trial 3 finished with value: 1.7717534991539492 and parameters: {'observation_period_num': 146, 'train_rates': 0.6184493598548956, 'learning_rate': 1.7920755270340554e-06, 'batch_size': 237, 'step_size': 5, 'gamma': 0.9344711530518264}. Best is trial 0 with value: 0.14306857897580125.[0m
[32m[I 2025-02-02 11:02:27,414][0m Trial 4 finished with value: 0.3255152468275717 and parameters: {'observation_period_num': 94, 'train_rates': 0.6463539142949, 'learning_rate': 1.2916490037954588e-05, 'batch_size': 212, 'step_size': 15, 'gamma': 0.758779843166163}. Best is trial 0 with value: 0.14306857897580125.[0m
[32m[I 2025-02-02 11:02:50,817][0m Trial 5 finished with value: 0.07664195321621778 and parameters: {'observation_period_num': 9, 'train_rates': 0.6250258838195091, 'learning_rate': 0.0007565270360830328, 'batch_size': 237, 'step_size': 6, 'gamma': 0.8031029006492061}. Best is trial 5 with value: 0.07664195321621778.[0m
[32m[I 2025-02-02 11:03:24,188][0m Trial 6 finished with value: 0.9634003358116316 and parameters: {'observation_period_num': 224, 'train_rates': 0.664286744643428, 'learning_rate': 1.427197140522027e-06, 'batch_size': 84, 'step_size': 6, 'gamma': 0.8578694703074675}. Best is trial 5 with value: 0.07664195321621778.[0m
[32m[I 2025-02-02 11:04:13,648][0m Trial 7 finished with value: 0.4080579185831374 and parameters: {'observation_period_num': 112, 'train_rates': 0.9517037214715375, 'learning_rate': 1.4828847979657481e-05, 'batch_size': 74, 'step_size': 9, 'gamma': 0.7583271825300909}. Best is trial 5 with value: 0.07664195321621778.[0m
[32m[I 2025-02-02 11:04:37,765][0m Trial 8 finished with value: 0.2841717678670988 and parameters: {'observation_period_num': 93, 'train_rates': 0.6491892973645883, 'learning_rate': 1.5057080011493795e-05, 'batch_size': 248, 'step_size': 12, 'gamma': 0.8181144053043525}. Best is trial 5 with value: 0.07664195321621778.[0m
[32m[I 2025-02-02 11:05:08,558][0m Trial 9 finished with value: 0.7827393412590027 and parameters: {'observation_period_num': 135, 'train_rates': 0.9574817800783864, 'learning_rate': 2.715743487435735e-06, 'batch_size': 174, 'step_size': 6, 'gamma': 0.9731960090176005}. Best is trial 5 with value: 0.07664195321621778.[0m
[32m[I 2025-02-02 11:07:22,966][0m Trial 10 finished with value: 0.0787185848352514 and parameters: {'observation_period_num': 8, 'train_rates': 0.7633802253570562, 'learning_rate': 0.000731570208603633, 'batch_size': 23, 'step_size': 1, 'gamma': 0.8151359498308528}. Best is trial 5 with value: 0.07664195321621778.[0m
[32m[I 2025-02-02 11:09:39,666][0m Trial 11 finished with value: 0.0737975509182538 and parameters: {'observation_period_num': 12, 'train_rates': 0.7631684866379914, 'learning_rate': 0.0009884096959338145, 'batch_size': 26, 'step_size': 2, 'gamma': 0.8055835702287463}. Best is trial 11 with value: 0.0737975509182538.[0m
Early stopping at epoch 98
[32m[I 2025-02-02 11:13:01,405][0m Trial 12 finished with value: 0.08071455111106236 and parameters: {'observation_period_num': 13, 'train_rates': 0.8019800871669402, 'learning_rate': 0.000597959782031805, 'batch_size': 16, 'step_size': 1, 'gamma': 0.8049454318359934}. Best is trial 11 with value: 0.0737975509182538.[0m
