ÊúÄÈÅ©ÂåñÂØæË±°: trend
[32m[I 2025-02-02 06:46:11,839][0m A new study created in memory with name: no-name-a1dd77c4-26c2-46b0-ac06-a249ee6ea48d[0m
[32m[I 2025-02-02 06:46:40,423][0m Trial 0 finished with value: 0.19948046006378398 and parameters: {'observation_period_num': 72, 'train_rates': 0.6211051497477198, 'learning_rate': 1.9957164546565276e-05, 'batch_size': 112, 'step_size': 3, 'gamma': 0.9445419699944452}. Best is trial 0 with value: 0.19948046006378398.[0m
[32m[I 2025-02-02 06:47:07,516][0m Trial 1 finished with value: 0.6649564454772255 and parameters: {'observation_period_num': 178, 'train_rates': 0.7027065254485535, 'learning_rate': 3.7539996563601097e-06, 'batch_size': 162, 'step_size': 10, 'gamma': 0.8256493529727826}. Best is trial 0 with value: 0.19948046006378398.[0m
[32m[I 2025-02-02 06:47:34,299][0m Trial 2 finished with value: 0.25363824786314 and parameters: {'observation_period_num': 155, 'train_rates': 0.7264774057761667, 'learning_rate': 8.272340773244354e-05, 'batch_size': 163, 'step_size': 1, 'gamma': 0.9443652124009873}. Best is trial 0 with value: 0.19948046006378398.[0m
[32m[I 2025-02-02 06:48:05,472][0m Trial 3 finished with value: 0.2868958202455818 and parameters: {'observation_period_num': 181, 'train_rates': 0.6043983513887584, 'learning_rate': 4.5543730898182825e-05, 'batch_size': 89, 'step_size': 5, 'gamma': 0.8793332895527598}. Best is trial 0 with value: 0.19948046006378398.[0m
[32m[I 2025-02-02 06:48:34,759][0m Trial 4 finished with value: 0.17499810791221157 and parameters: {'observation_period_num': 161, 'train_rates': 0.8753706249648211, 'learning_rate': 0.0005290016312320235, 'batch_size': 169, 'step_size': 4, 'gamma': 0.7764388635371009}. Best is trial 4 with value: 0.17499810791221157.[0m
[32m[I 2025-02-02 06:49:51,067][0m Trial 5 finished with value: 0.1118595670474498 and parameters: {'observation_period_num': 67, 'train_rates': 0.6462582852650639, 'learning_rate': 0.00037800228825173005, 'batch_size': 39, 'step_size': 10, 'gamma': 0.9071350396145398}. Best is trial 5 with value: 0.1118595670474498.[0m
[32m[I 2025-02-02 06:50:40,215][0m Trial 6 finished with value: 0.26357213458083323 and parameters: {'observation_period_num': 54, 'train_rates': 0.7397110494496102, 'learning_rate': 3.398671099145148e-05, 'batch_size': 67, 'step_size': 1, 'gamma': 0.8902165057329383}. Best is trial 5 with value: 0.1118595670474498.[0m
[32m[I 2025-02-02 06:51:10,178][0m Trial 7 finished with value: 0.39580858480639575 and parameters: {'observation_period_num': 150, 'train_rates': 0.9125140447909539, 'learning_rate': 1.0760002925621963e-05, 'batch_size': 194, 'step_size': 10, 'gamma': 0.8874743402705312}. Best is trial 5 with value: 0.1118595670474498.[0m
[32m[I 2025-02-02 06:52:17,670][0m Trial 8 finished with value: 0.13123087953416662 and parameters: {'observation_period_num': 57, 'train_rates': 0.6848874786723733, 'learning_rate': 3.9171006760080886e-05, 'batch_size': 46, 'step_size': 6, 'gamma': 0.7719474758579312}. Best is trial 5 with value: 0.1118595670474498.[0m
[32m[I 2025-02-02 06:52:52,007][0m Trial 9 finished with value: 0.15483337364956776 and parameters: {'observation_period_num': 121, 'train_rates': 0.8625484030291464, 'learning_rate': 3.995955662528087e-05, 'batch_size': 119, 'step_size': 11, 'gamma': 0.9468163388716525}. Best is trial 5 with value: 0.1118595670474498.[0m
[32m[I 2025-02-02 06:55:28,770][0m Trial 10 finished with value: 0.0749854815857751 and parameters: {'observation_period_num': 251, 'train_rates': 0.9872917657626628, 'learning_rate': 0.0008088262167310116, 'batch_size': 23, 'step_size': 15, 'gamma': 0.9828320053774495}. Best is trial 10 with value: 0.0749854815857751.[0m
[32m[I 2025-02-02 06:58:31,057][0m Trial 11 finished with value: 0.1557798690122107 and parameters: {'observation_period_num': 249, 'train_rates': 0.9748216772185577, 'learning_rate': 0.0006366895770762856, 'batch_size': 20, 'step_size': 15, 'gamma': 0.9849952737409606}. Best is trial 10 with value: 0.0749854815857751.[0m
[32m[I 2025-02-02 07:00:48,716][0m Trial 12 finished with value: 0.08816917861717712 and parameters: {'observation_period_num': 6, 'train_rates': 0.8054187407741231, 'learning_rate': 0.00018486429731335593, 'batch_size': 25, 'step_size': 15, 'gamma': 0.9818483428415076}. Best is trial 10 with value: 0.0749854815857751.[0m
[32m[I 2025-02-02 07:01:15,641][0m Trial 13 finished with value: 0.09123961759884638 and parameters: {'observation_period_num': 10, 'train_rates': 0.7897946965645395, 'learning_rate': 0.0002195464239723609, 'batch_size': 248, 'step_size': 15, 'gamma': 0.9884007409666018}. Best is trial 10 with value: 0.0749854815857751.[0m
[32m[I 2025-02-02 07:02:09,580][0m Trial 14 finished with value: 0.09707604348659515 and parameters: {'observation_period_num': 251, 'train_rates': 0.9871510402873792, 'learning_rate': 0.00018312449517287428, 'batch_size': 72, 'step_size': 13, 'gamma': 0.9605871922873747}. Best is trial 10 with value: 0.0749854815857751.[0m
[32m[I 2025-02-02 07:05:25,114][0m Trial 15 finished with value: 0.08073019861595201 and parameters: {'observation_period_num': 10, 'train_rates': 0.8101349819554112, 'learning_rate': 0.0009921453389884368, 'batch_size': 19, 'step_size': 13, 'gamma': 0.8364930747289281}. Best is trial 10 with value: 0.0749854815857751.[0m
[32m[I 2025-02-02 07:06:36,400][0m Trial 16 finished with value: 0.29775085477601915 and parameters: {'observation_period_num': 214, 'train_rates': 0.9312998755334568, 'learning_rate': 0.0009120087254986339, 'batch_size': 57, 'step_size': 13, 'gamma': 0.8386559982306417}. Best is trial 10 with value: 0.0749854815857751.[0m
[32m[I 2025-02-02 07:07:15,360][0m Trial 17 finished with value: 0.7112162261113634 and parameters: {'observation_period_num': 103, 'train_rates': 0.8079205063476748, 'learning_rate': 1.251110219510596e-06, 'batch_size': 96, 'step_size': 13, 'gamma': 0.8379183566584724}. Best is trial 10 with value: 0.0749854815857751.[0m
[32m[I 2025-02-02 07:10:07,103][0m Trial 18 finished with value: 0.21695078539641263 and parameters: {'observation_period_num': 208, 'train_rates': 0.8532926748295617, 'learning_rate': 9.960320240698186e-05, 'batch_size': 20, 'step_size': 8, 'gamma': 0.8004330633921498}. Best is trial 10 with value: 0.0749854815857751.[0m
[32m[I 2025-02-02 07:10:37,916][0m Trial 19 finished with value: 0.20300334692001343 and parameters: {'observation_period_num': 33, 'train_rates': 0.9401924089210137, 'learning_rate': 0.0009516052180672242, 'batch_size': 222, 'step_size': 12, 'gamma': 0.8568816021849984}. Best is trial 10 with value: 0.0749854815857751.[0m
[32m[I 2025-02-02 07:11:09,610][0m Trial 20 finished with value: 0.12537631259997167 and parameters: {'observation_period_num': 103, 'train_rates': 0.7848215285223167, 'learning_rate': 0.00034755209983604004, 'batch_size': 131, 'step_size': 8, 'gamma': 0.9208999389417285}. Best is trial 10 with value: 0.0749854815857751.[0m
[32m[I 2025-02-02 07:14:54,590][0m Trial 21 finished with value: 0.10411633222053449 and parameters: {'observation_period_num': 21, 'train_rates': 0.8260791546104723, 'learning_rate': 0.0002165219740227639, 'batch_size': 17, 'step_size': 15, 'gamma': 0.9667998846687318}. Best is trial 10 with value: 0.0749854815857751.[0m
[32m[I 2025-02-02 07:16:28,083][0m Trial 22 finished with value: 0.08566673855175791 and parameters: {'observation_period_num': 36, 'train_rates': 0.7477847972300726, 'learning_rate': 0.00012092012395339682, 'batch_size': 40, 'step_size': 14, 'gamma': 0.9085906355796123}. Best is trial 10 with value: 0.0749854815857751.[0m
[32m[I 2025-02-02 07:17:47,251][0m Trial 23 finished with value: 0.08352221234040803 and parameters: {'observation_period_num': 31, 'train_rates': 0.7548414095726679, 'learning_rate': 9.041208367094639e-05, 'batch_size': 47, 'step_size': 14, 'gamma': 0.9186572215034698}. Best is trial 10 with value: 0.0749854815857751.[0m
[32m[I 2025-02-02 07:18:33,794][0m Trial 24 finished with value: 0.18927400739028535 and parameters: {'observation_period_num': 85, 'train_rates': 0.7674826314454606, 'learning_rate': 1.4770388166302631e-05, 'batch_size': 81, 'step_size': 12, 'gamma': 0.8112402007931839}. Best is trial 10 with value: 0.0749854815857751.[0m
[32m[I 2025-02-02 07:19:52,152][0m Trial 25 finished with value: 0.18572195865332133 and parameters: {'observation_period_num': 41, 'train_rates': 0.8920051321523174, 'learning_rate': 6.811693624820539e-06, 'batch_size': 53, 'step_size': 14, 'gamma': 0.9252219874316289}. Best is trial 10 with value: 0.0749854815857751.[0m
[32m[I 2025-02-02 07:21:16,976][0m Trial 26 finished with value: 0.21914486269201708 and parameters: {'observation_period_num': 225, 'train_rates': 0.6804348355320057, 'learning_rate': 0.0004872433750572445, 'batch_size': 38, 'step_size': 12, 'gamma': 0.864543503765614}. Best is trial 10 with value: 0.0749854815857751.[0m
[32m[I 2025-02-02 07:22:15,189][0m Trial 27 finished with value: 0.12759564536158993 and parameters: {'observation_period_num': 125, 'train_rates': 0.8349101345818298, 'learning_rate': 6.920252004316223e-05, 'batch_size': 68, 'step_size': 14, 'gamma': 0.8527048639912694}. Best is trial 10 with value: 0.0749854815857751.[0m
[32m[I 2025-02-02 07:22:59,848][0m Trial 28 finished with value: 0.3667925749631489 and parameters: {'observation_period_num': 86, 'train_rates': 0.9644922107526239, 'learning_rate': 0.0003065894945520942, 'batch_size': 99, 'step_size': 11, 'gamma': 0.9250053202249244}. Best is trial 10 with value: 0.0749854815857751.[0m
[32m[I 2025-02-02 07:24:28,418][0m Trial 29 finished with value: 0.14234840539014507 and parameters: {'observation_period_num': 22, 'train_rates': 0.6582231881433385, 'learning_rate': 0.000962734643480203, 'batch_size': 35, 'step_size': 9, 'gamma': 0.9466867065336689}. Best is trial 10 with value: 0.0749854815857751.[0m
[32m[I 2025-02-02 07:25:00,417][0m Trial 30 finished with value: 0.08952619596395527 and parameters: {'observation_period_num': 52, 'train_rates': 0.7098630790914415, 'learning_rate': 0.000631115023274667, 'batch_size': 110, 'step_size': 14, 'gamma': 0.7539055493784621}. Best is trial 10 with value: 0.0749854815857751.[0m
[32m[I 2025-02-02 07:26:11,662][0m Trial 31 finished with value: 0.09193213094364514 and parameters: {'observation_period_num': 38, 'train_rates': 0.7735275102715446, 'learning_rate': 0.00012173053445705002, 'batch_size': 48, 'step_size': 14, 'gamma': 0.9036100065155076}. Best is trial 10 with value: 0.0749854815857751.[0m
[32m[I 2025-02-02 07:27:55,324][0m Trial 32 finished with value: 0.08898064186391623 and parameters: {'observation_period_num': 24, 'train_rates': 0.7487055988527732, 'learning_rate': 0.0001366401087335763, 'batch_size': 32, 'step_size': 13, 'gamma': 0.9094884324740787}. Best is trial 10 with value: 0.0749854815857751.[0m
[32m[I 2025-02-02 07:28:51,666][0m Trial 33 finished with value: 0.13008185085992735 and parameters: {'observation_period_num': 69, 'train_rates': 0.7498068245745185, 'learning_rate': 2.3490900535039646e-05, 'batch_size': 59, 'step_size': 14, 'gamma': 0.8729571155689597}. Best is trial 10 with value: 0.0749854815857751.[0m
[32m[I 2025-02-02 07:29:37,253][0m Trial 34 finished with value: 0.07756291219836794 and parameters: {'observation_period_num': 5, 'train_rates': 0.7230776340457121, 'learning_rate': 6.469436415505805e-05, 'batch_size': 83, 'step_size': 11, 'gamma': 0.9387716297034601}. Best is trial 10 with value: 0.0749854815857751.[0m
[32m[I 2025-02-02 07:30:22,512][0m Trial 35 finished with value: 0.1674005069177259 and parameters: {'observation_period_num': 187, 'train_rates': 0.7135923632783071, 'learning_rate': 6.76739392303026e-05, 'batch_size': 81, 'step_size': 11, 'gamma': 0.9631613405822157}. Best is trial 10 with value: 0.0749854815857751.[0m
[32m[I 2025-02-02 07:30:49,504][0m Trial 36 finished with value: 0.20056213239828746 and parameters: {'observation_period_num': 6, 'train_rates': 0.6284800462874551, 'learning_rate': 3.5539565136980148e-06, 'batch_size': 146, 'step_size': 7, 'gamma': 0.9339497400188143}. Best is trial 10 with value: 0.0749854815857751.[0m
[32m[I 2025-02-02 07:34:20,749][0m Trial 37 finished with value: 0.08144841114891337 and parameters: {'observation_period_num': 20, 'train_rates': 0.6793841371164742, 'learning_rate': 5.4874272903088836e-05, 'batch_size': 16, 'step_size': 12, 'gamma': 0.9703294724579894}. Best is trial 10 with value: 0.0749854815857751.[0m
[32m[I 2025-02-02 07:35:57,000][0m Trial 38 finished with value: 0.13645538721942796 and parameters: {'observation_period_num': 51, 'train_rates': 0.6851458612810888, 'learning_rate': 1.8523001722386775e-05, 'batch_size': 33, 'step_size': 10, 'gamma': 0.9711548816076084}. Best is trial 10 with value: 0.0749854815857751.[0m
[32m[I 2025-02-02 07:36:42,457][0m Trial 39 finished with value: 0.13655773048167644 and parameters: {'observation_period_num': 145, 'train_rates': 0.6395589025773614, 'learning_rate': 5.65430787736782e-05, 'batch_size': 66, 'step_size': 9, 'gamma': 0.9548012040546164}. Best is trial 10 with value: 0.0749854815857751.[0m
[32m[I 2025-02-02 07:37:06,514][0m Trial 40 finished with value: 0.4475053448553667 and parameters: {'observation_period_num': 163, 'train_rates': 0.6119932876449972, 'learning_rate': 7.01075480182672e-06, 'batch_size': 180, 'step_size': 3, 'gamma': 0.9770020935170323}. Best is trial 10 with value: 0.0749854815857751.[0m
[32m[I 2025-02-02 07:39:13,989][0m Trial 41 finished with value: 0.07539926567023583 and parameters: {'observation_period_num': 19, 'train_rates': 0.7217418140887106, 'learning_rate': 5.2041722874966387e-05, 'batch_size': 26, 'step_size': 12, 'gamma': 0.9428953314633212}. Best is trial 10 with value: 0.0749854815857751.[0m
[32m[I 2025-02-02 07:41:11,627][0m Trial 42 finished with value: 0.06928334628382772 and parameters: {'observation_period_num': 16, 'train_rates': 0.6659674472424055, 'learning_rate': 5.776884749770517e-05, 'batch_size': 26, 'step_size': 11, 'gamma': 0.938888273377653}. Best is trial 42 with value: 0.06928334628382772.[0m
[32m[I 2025-02-02 07:42:50,693][0m Trial 43 finished with value: 0.11168412210441861 and parameters: {'observation_period_num': 15, 'train_rates': 0.6553379131294946, 'learning_rate': 3.0396197637237662e-05, 'batch_size': 29, 'step_size': 11, 'gamma': 0.9371012194694299}. Best is trial 42 with value: 0.06928334628382772.[0m
[32m[I 2025-02-02 07:43:30,605][0m Trial 44 finished with value: 0.06978562453016177 and parameters: {'observation_period_num': 5, 'train_rates': 0.7262108684136603, 'learning_rate': 0.0004400998837021268, 'batch_size': 82, 'step_size': 9, 'gamma': 0.8952245916011436}. Best is trial 42 with value: 0.06928334628382772.[0m
[32m[I 2025-02-02 07:44:02,654][0m Trial 45 finished with value: 0.12625683984596736 and parameters: {'observation_period_num': 47, 'train_rates': 0.722756521059387, 'learning_rate': 2.6631020722367422e-05, 'batch_size': 110, 'step_size': 10, 'gamma': 0.8932593980992133}. Best is trial 42 with value: 0.06928334628382772.[0m
[32m[I 2025-02-02 07:44:30,923][0m Trial 46 finished with value: 0.10045877575177309 and parameters: {'observation_period_num': 65, 'train_rates': 0.7261019238290932, 'learning_rate': 0.0004998085799586096, 'batch_size': 149, 'step_size': 9, 'gamma': 0.9366230575356933}. Best is trial 42 with value: 0.06928334628382772.[0m
[32m[I 2025-02-02 07:45:07,338][0m Trial 47 finished with value: 0.16214328466572608 and parameters: {'observation_period_num': 138, 'train_rates': 0.6924139554520653, 'learning_rate': 0.00028301401573167963, 'batch_size': 79, 'step_size': 7, 'gamma': 0.9467529941113015}. Best is trial 42 with value: 0.06928334628382772.[0m
[32m[I 2025-02-02 07:45:35,317][0m Trial 48 finished with value: 0.11925704651118073 and parameters: {'observation_period_num': 81, 'train_rates': 0.6668264031572043, 'learning_rate': 3.8437909443958026e-05, 'batch_size': 123, 'step_size': 10, 'gamma': 0.9561021047440154}. Best is trial 42 with value: 0.06928334628382772.[0m
[32m[I 2025-02-02 07:46:10,451][0m Trial 49 finished with value: 0.1911624656582645 and parameters: {'observation_period_num': 238, 'train_rates': 0.7019293272201428, 'learning_rate': 0.0006613617911935448, 'batch_size': 95, 'step_size': 11, 'gamma': 0.8957074736600674}. Best is trial 42 with value: 0.06928334628382772.[0m
trend „ÅÆÊúÄÈÅ©„Éè„Ç§„Éë„Éº„Éë„É©„É°„Éº„Çø„ÅåË¶ã„Å§„Åã„Çä„Åæ„Åó„Åü
ÊúÄÈÅ©ÂåñÂØæË±°: seasonal_0
[32m[I 2025-02-02 07:46:10,458][0m A new study created in memory with name: no-name-bff4a02a-e53e-4933-bbeb-1b959142b9e5[0m
[32m[I 2025-02-02 07:46:40,791][0m Trial 0 finished with value: 0.32796525955200195 and parameters: {'observation_period_num': 193, 'train_rates': 0.9558702363373115, 'learning_rate': 0.00047026171058591067, 'batch_size': 209, 'step_size': 4, 'gamma': 0.9001792967460966}. Best is trial 0 with value: 0.32796525955200195.[0m
[32m[I 2025-02-02 07:47:28,033][0m Trial 1 finished with value: 0.2980513847874899 and parameters: {'observation_period_num': 236, 'train_rates': 0.9497847668696049, 'learning_rate': 0.00011446790196698896, 'batch_size': 84, 'step_size': 8, 'gamma': 0.8099845311927679}. Best is trial 1 with value: 0.2980513847874899.[0m
[32m[I 2025-02-02 07:47:59,195][0m Trial 2 finished with value: 0.44397106766700745 and parameters: {'observation_period_num': 104, 'train_rates': 0.9785288249744553, 'learning_rate': 5.156735170094343e-06, 'batch_size': 227, 'step_size': 15, 'gamma': 0.8467934821121976}. Best is trial 1 with value: 0.2980513847874899.[0m
[32m[I 2025-02-02 07:49:02,365][0m Trial 3 finished with value: 0.299755866606007 and parameters: {'observation_period_num': 234, 'train_rates': 0.7430028981636924, 'learning_rate': 6.880208793955552e-06, 'batch_size': 46, 'step_size': 12, 'gamma': 0.8471979583357477}. Best is trial 1 with value: 0.2980513847874899.[0m
[32m[I 2025-02-02 07:51:15,318][0m Trial 4 finished with value: 0.07854232057474853 and parameters: {'observation_period_num': 8, 'train_rates': 0.738067519191119, 'learning_rate': 0.0001571159722474044, 'batch_size': 23, 'step_size': 11, 'gamma': 0.8857081924786031}. Best is trial 4 with value: 0.07854232057474853.[0m
[32m[I 2025-02-02 07:51:47,913][0m Trial 5 finished with value: 0.05324200168251991 and parameters: {'observation_period_num': 49, 'train_rates': 0.9812210116025188, 'learning_rate': 0.00016331834340772313, 'batch_size': 185, 'step_size': 13, 'gamma': 0.8692557219863031}. Best is trial 5 with value: 0.05324200168251991.[0m
[32m[I 2025-02-02 07:52:33,802][0m Trial 6 finished with value: 0.21225739379671857 and parameters: {'observation_period_num': 64, 'train_rates': 0.933958394329583, 'learning_rate': 6.938042947995707e-05, 'batch_size': 81, 'step_size': 6, 'gamma': 0.933982992006999}. Best is trial 5 with value: 0.05324200168251991.[0m
[32m[I 2025-02-02 07:53:06,331][0m Trial 7 finished with value: 0.18975322914597456 and parameters: {'observation_period_num': 233, 'train_rates': 0.8797539472884572, 'learning_rate': 0.0003472982313626472, 'batch_size': 110, 'step_size': 2, 'gamma': 0.9188151064254451}. Best is trial 5 with value: 0.05324200168251991.[0m
[32m[I 2025-02-02 07:54:31,398][0m Trial 8 finished with value: 0.1127506864102346 and parameters: {'observation_period_num': 35, 'train_rates': 0.8703620019141836, 'learning_rate': 0.0004879744165625596, 'batch_size': 40, 'step_size': 1, 'gamma': 0.9351901638455133}. Best is trial 5 with value: 0.05324200168251991.[0m
[32m[I 2025-02-02 07:55:08,546][0m Trial 9 finished with value: 0.9146035891378969 and parameters: {'observation_period_num': 140, 'train_rates': 0.6055631543307578, 'learning_rate': 1.1118489125053554e-06, 'batch_size': 73, 'step_size': 8, 'gamma': 0.7639556847802037}. Best is trial 5 with value: 0.05324200168251991.[0m
[32m[I 2025-02-02 07:55:36,745][0m Trial 10 finished with value: 0.17540277037668142 and parameters: {'observation_period_num': 111, 'train_rates': 0.8061237057282512, 'learning_rate': 3.218353856052867e-05, 'batch_size': 167, 'step_size': 15, 'gamma': 0.977790113064049}. Best is trial 5 with value: 0.05324200168251991.[0m
[32m[I 2025-02-02 07:56:03,128][0m Trial 11 finished with value: 0.08597378879352365 and parameters: {'observation_period_num': 9, 'train_rates': 0.7079672256681951, 'learning_rate': 0.0001393232490128226, 'batch_size': 161, 'step_size': 11, 'gamma': 0.8765224091314225}. Best is trial 5 with value: 0.05324200168251991.[0m
[32m[I 2025-02-02 07:56:27,217][0m Trial 12 finished with value: 0.18230340038854803 and parameters: {'observation_period_num': 58, 'train_rates': 0.6657926900943227, 'learning_rate': 3.26333471133345e-05, 'batch_size': 254, 'step_size': 12, 'gamma': 0.8158339745213283}. Best is trial 5 with value: 0.05324200168251991.[0m
[32m[I 2025-02-02 07:56:57,374][0m Trial 13 finished with value: 0.08466450764593403 and parameters: {'observation_period_num': 6, 'train_rates': 0.7819032857829722, 'learning_rate': 0.0008504708171700859, 'batch_size': 142, 'step_size': 10, 'gamma': 0.8783334828128743}. Best is trial 5 with value: 0.05324200168251991.[0m
[32m[I 2025-02-02 07:57:27,163][0m Trial 14 finished with value: 0.12875364719187482 and parameters: {'observation_period_num': 68, 'train_rates': 0.8421209345747325, 'learning_rate': 0.000155361632290327, 'batch_size': 197, 'step_size': 13, 'gamma': 0.9886152386353191}. Best is trial 5 with value: 0.05324200168251991.[0m
[32m[I 2025-02-02 07:57:59,509][0m Trial 15 finished with value: 0.22293622883710457 and parameters: {'observation_period_num': 35, 'train_rates': 0.6778048440920518, 'learning_rate': 8.986993367854232e-06, 'batch_size': 116, 'step_size': 10, 'gamma': 0.8362922599565984}. Best is trial 5 with value: 0.05324200168251991.[0m
