[32m[I 2025-01-04 09:37:02,228][0m Trial 48 finished with value: 0.24032052531154877 and parameters: {'observation_period_num': 249, 'train_rates': 0.8793123978199459, 'learning_rate': 4.202325793741299e-05, 'batch_size': 24, 'step_size': 4, 'gamma': 0.9256795456966367}. Best is trial 47 with value: 0.10033188735024404.[0m
[32m[I 2025-01-04 09:43:33,913][0m Trial 49 finished with value: 0.19931855046395527 and parameters: {'observation_period_num': 252, 'train_rates': 0.9126449142447628, 'learning_rate': 1.5885448482248803e-05, 'batch_size': 42, 'step_size': 5, 'gamma': 0.9508722829500205}. Best is trial 47 with value: 0.10033188735024404.[0m
seasonal_2 „ÅÆÊúÄÈÅ©„Éè„Ç§„Éë„Éº„Éë„É©„É°„Éº„Çø„ÅåË¶ã„Å§„Åã„Çä„Åæ„Åó„Åü
ÊúÄÈÅ©ÂåñÂØæË±°: seasonal_3
[32m[I 2025-01-04 09:43:33,920][0m A new study created in memory with name: no-name-4dd2432c-ba35-40b7-957f-19ea3d2a3db7[0m
[32m[I 2025-01-04 09:46:10,219][0m Trial 0 finished with value: 1.1237882343510042 and parameters: {'observation_period_num': 125, 'train_rates': 0.7546700416041169, 'learning_rate': 3.0942833709218046e-06, 'batch_size': 43, 'step_size': 12, 'gamma': 0.7574260685988737}. Best is trial 0 with value: 1.1237882343510042.[0m
[32m[I 2025-01-04 09:46:52,656][0m Trial 1 finished with value: 0.915803344935587 and parameters: {'observation_period_num': 33, 'train_rates': 0.7500000583596408, 'learning_rate': 6.416363249910208e-06, 'batch_size': 124, 'step_size': 13, 'gamma': 0.8131765026612869}. Best is trial 1 with value: 0.915803344935587.[0m
[32m[I 2025-01-04 09:47:27,891][0m Trial 2 finished with value: 0.7406121723792132 and parameters: {'observation_period_num': 25, 'train_rates': 0.7967956611568103, 'learning_rate': 1.3662763342347e-05, 'batch_size': 164, 'step_size': 5, 'gamma': 0.830802107240277}. Best is trial 2 with value: 0.7406121723792132.[0m
[32m[I 2025-01-04 09:49:50,857][0m Trial 3 finished with value: 0.3763924241065979 and parameters: {'observation_period_num': 104, 'train_rates': 0.9674832687200972, 'learning_rate': 1.903147909188681e-05, 'batch_size': 113, 'step_size': 4, 'gamma': 0.7799483945718433}. Best is trial 3 with value: 0.3763924241065979.[0m
[32m[I 2025-01-04 09:54:49,116][0m Trial 4 finished with value: 0.6886185931286677 and parameters: {'observation_period_num': 220, 'train_rates': 0.779949302895075, 'learning_rate': 2.8248578820248006e-05, 'batch_size': 72, 'step_size': 3, 'gamma': 0.8613475040909079}. Best is trial 3 with value: 0.3763924241065979.[0m
[32m[I 2025-01-04 09:57:15,888][0m Trial 5 finished with value: 1.8462907311631673 and parameters: {'observation_period_num': 121, 'train_rates': 0.8109163585125816, 'learning_rate': 1.0001064129816527e-06, 'batch_size': 142, 'step_size': 4, 'gamma': 0.8365230556461112}. Best is trial 3 with value: 0.3763924241065979.[0m
[32m[I 2025-01-04 10:02:36,757][0m Trial 6 finished with value: 0.6781424244244894 and parameters: {'observation_period_num': 221, 'train_rates': 0.8737693814729859, 'learning_rate': 6.607109060894925e-06, 'batch_size': 256, 'step_size': 7, 'gamma': 0.8559086732506648}. Best is trial 3 with value: 0.3763924241065979.[0m
[32m[I 2025-01-04 10:04:55,344][0m Trial 7 finished with value: 1.1804585797258353 and parameters: {'observation_period_num': 111, 'train_rates': 0.6807500573578684, 'learning_rate': 0.0006184298725792711, 'batch_size': 30, 'step_size': 1, 'gamma': 0.9333445302407917}. Best is trial 3 with value: 0.3763924241065979.[0m
[32m[I 2025-01-04 10:09:43,131][0m Trial 8 finished with value: 0.4410807058902074 and parameters: {'observation_period_num': 216, 'train_rates': 0.7939651530020572, 'learning_rate': 7.206314472769816e-05, 'batch_size': 97, 'step_size': 4, 'gamma': 0.8367010331408646}. Best is trial 3 with value: 0.3763924241065979.[0m
[32m[I 2025-01-04 10:15:19,828][0m Trial 9 finished with value: 0.9677605168158266 and parameters: {'observation_period_num': 246, 'train_rates': 0.7803973503969688, 'learning_rate': 0.0006076383232908878, 'batch_size': 93, 'step_size': 12, 'gamma': 0.919364391590811}. Best is trial 3 with value: 0.3763924241065979.[0m
[32m[I 2025-01-04 10:16:55,710][0m Trial 10 finished with value: 0.15363778173923492 and parameters: {'observation_period_num': 69, 'train_rates': 0.9887707903494749, 'learning_rate': 8.258133661953247e-05, 'batch_size': 196, 'step_size': 9, 'gamma': 0.7573819589818382}. Best is trial 10 with value: 0.15363778173923492.[0m
[32m[I 2025-01-04 10:18:37,929][0m Trial 11 finished with value: 0.1435157209634781 and parameters: {'observation_period_num': 74, 'train_rates': 0.9870557551147232, 'learning_rate': 0.00013896381790034026, 'batch_size': 198, 'step_size': 9, 'gamma': 0.7507095925157466}. Best is trial 11 with value: 0.1435157209634781.[0m
[32m[I 2025-01-04 10:20:08,102][0m Trial 12 finished with value: 0.1294867992401123 and parameters: {'observation_period_num': 67, 'train_rates': 0.9518471486995709, 'learning_rate': 0.00011389499863620138, 'batch_size': 203, 'step_size': 9, 'gamma': 0.9891926428440633}. Best is trial 12 with value: 0.1294867992401123.[0m
[32m[I 2025-01-04 10:21:26,342][0m Trial 13 finished with value: 0.155200956804067 and parameters: {'observation_period_num': 64, 'train_rates': 0.9145244870026833, 'learning_rate': 0.00021842074049114855, 'batch_size': 205, 'step_size': 9, 'gamma': 0.9872011458885038}. Best is trial 12 with value: 0.1294867992401123.[0m
[32m[I 2025-01-04 10:25:24,685][0m Trial 14 finished with value: 0.1372509884034715 and parameters: {'observation_period_num': 169, 'train_rates': 0.911830951296457, 'learning_rate': 0.00014151120699168487, 'batch_size': 237, 'step_size': 10, 'gamma': 0.9138503418275379}. Best is trial 12 with value: 0.1294867992401123.[0m
[32m[I 2025-01-04 10:29:14,085][0m Trial 15 finished with value: 0.18900528836129893 and parameters: {'observation_period_num': 167, 'train_rates': 0.8936640885649001, 'learning_rate': 0.0002833028455275697, 'batch_size': 235, 'step_size': 11, 'gamma': 0.9881453721321718}. Best is trial 12 with value: 0.1294867992401123.[0m
[32m[I 2025-01-04 10:33:06,790][0m Trial 16 finished with value: 0.15642525255680084 and parameters: {'observation_period_num': 164, 'train_rates': 0.9223537896343837, 'learning_rate': 5.8225585388398196e-05, 'batch_size': 227, 'step_size': 15, 'gamma': 0.9078166489266878}. Best is trial 12 with value: 0.1294867992401123.[0m
[32m[I 2025-01-04 10:36:38,861][0m Trial 17 finished with value: 0.32939160532421535 and parameters: {'observation_period_num': 161, 'train_rates': 0.8453877226578943, 'learning_rate': 0.0002774915380104184, 'batch_size': 168, 'step_size': 6, 'gamma': 0.9482681949313204}. Best is trial 12 with value: 0.1294867992401123.[0m
[32m[I 2025-01-04 10:39:17,730][0m Trial 18 finished with value: 1.0482959270477294 and parameters: {'observation_period_num': 152, 'train_rates': 0.6002113786716955, 'learning_rate': 0.0008400699787799453, 'batch_size': 244, 'step_size': 10, 'gamma': 0.8904530710464011}. Best is trial 12 with value: 0.1294867992401123.[0m
[32m[I 2025-01-04 10:39:43,457][0m Trial 19 finished with value: 0.12467736750841141 and parameters: {'observation_period_num': 10, 'train_rates': 0.9460096747377875, 'learning_rate': 4.30136519272078e-05, 'batch_size': 168, 'step_size': 15, 'gamma': 0.9619327527359277}. Best is trial 19 with value: 0.12467736750841141.[0m
[32m[I 2025-01-04 10:40:09,057][0m Trial 20 finished with value: 0.11615462601184845 and parameters: {'observation_period_num': 5, 'train_rates': 0.9561201449585606, 'learning_rate': 3.679668396062118e-05, 'batch_size': 163, 'step_size': 15, 'gamma': 0.9615182188556523}. Best is trial 20 with value: 0.11615462601184845.[0m
[32m[I 2025-01-04 10:40:35,565][0m Trial 21 finished with value: 0.11768914759159088 and parameters: {'observation_period_num': 8, 'train_rates': 0.9490686843401096, 'learning_rate': 4.343426437734661e-05, 'batch_size': 164, 'step_size': 15, 'gamma': 0.9631803261649744}. Best is trial 20 with value: 0.11615462601184845.[0m
[32m[I 2025-01-04 10:41:02,351][0m Trial 22 finished with value: 0.12234623730182648 and parameters: {'observation_period_num': 7, 'train_rates': 0.9485245608203295, 'learning_rate': 4.1154858017545007e-05, 'batch_size': 156, 'step_size': 15, 'gamma': 0.9558942846411308}. Best is trial 20 with value: 0.11615462601184845.[0m
[32m[I 2025-01-04 10:41:53,377][0m Trial 23 finished with value: 0.25688454068430494 and parameters: {'observation_period_num': 40, 'train_rates': 0.8699039206439483, 'learning_rate': 2.8181757549599436e-05, 'batch_size': 145, 'step_size': 14, 'gamma': 0.9611615894569833}. Best is trial 20 with value: 0.11615462601184845.[0m
[32m[I 2025-01-04 10:42:17,833][0m Trial 24 finished with value: 0.21936915814876556 and parameters: {'observation_period_num': 12, 'train_rates': 0.9409754738328333, 'learning_rate': 1.1919286288547226e-05, 'batch_size': 178, 'step_size': 14, 'gamma': 0.9466019467930451}. Best is trial 20 with value: 0.11615462601184845.[0m
[32m[I 2025-01-04 10:43:15,791][0m Trial 25 finished with value: 0.2790966320848256 and parameters: {'observation_period_num': 47, 'train_rates': 0.8431221307341021, 'learning_rate': 3.55811001234433e-05, 'batch_size': 151, 'step_size': 13, 'gamma': 0.8869690577294662}. Best is trial 20 with value: 0.11615462601184845.[0m
[32m[I 2025-01-04 10:43:47,178][0m Trial 26 finished with value: 0.19649031573146053 and parameters: {'observation_period_num': 7, 'train_rates': 0.8851951671817985, 'learning_rate': 1.8762476967422126e-05, 'batch_size': 127, 'step_size': 15, 'gamma': 0.9673708020347271}. Best is trial 20 with value: 0.11615462601184845.[0m
[32m[I 2025-01-04 10:45:54,457][0m Trial 27 finished with value: 0.15755079686641693 and parameters: {'observation_period_num': 93, 'train_rates': 0.9624974078188381, 'learning_rate': 4.7231353324348446e-05, 'batch_size': 183, 'step_size': 13, 'gamma': 0.9380772732767142}. Best is trial 20 with value: 0.11615462601184845.[0m
[32m[I 2025-01-04 10:46:57,650][0m Trial 28 finished with value: 0.5116611102125147 and parameters: {'observation_period_num': 53, 'train_rates': 0.8432854522367327, 'learning_rate': 7.804675770436701e-06, 'batch_size': 218, 'step_size': 14, 'gamma': 0.9722219971612618}. Best is trial 20 with value: 0.11615462601184845.[0m
[32m[I 2025-01-04 10:47:59,897][0m Trial 29 finished with value: 0.36085610508918764 and parameters: {'observation_period_num': 24, 'train_rates': 0.9318366966513444, 'learning_rate': 2.937514347124095e-06, 'batch_size': 64, 'step_size': 12, 'gamma': 0.92851661002527}. Best is trial 20 with value: 0.11615462601184845.[0m
[32m[I 2025-01-04 10:48:32,452][0m Trial 30 finished with value: 1.1231619816989147 and parameters: {'observation_period_num': 25, 'train_rates': 0.7227736991618772, 'learning_rate': 3.4072629689552045e-06, 'batch_size': 158, 'step_size': 11, 'gamma': 0.8974991622870853}. Best is trial 20 with value: 0.11615462601184845.[0m
[32m[I 2025-01-04 10:48:57,484][0m Trial 31 finished with value: 0.12751750648021698 and parameters: {'observation_period_num': 10, 'train_rates': 0.951640242204741, 'learning_rate': 3.741209437528468e-05, 'batch_size': 180, 'step_size': 15, 'gamma': 0.9577748630257488}. Best is trial 20 with value: 0.11615462601184845.[0m
[32m[I 2025-01-04 10:49:31,319][0m Trial 32 finished with value: 0.14586470704460808 and parameters: {'observation_period_num': 6, 'train_rates': 0.9027091531370074, 'learning_rate': 2.1704795964725714e-05, 'batch_size': 132, 'step_size': 15, 'gamma': 0.9704600145527422}. Best is trial 20 with value: 0.11615462601184845.[0m
[32m[I 2025-01-04 10:50:22,449][0m Trial 33 finished with value: 0.13112081587314606 and parameters: {'observation_period_num': 34, 'train_rates': 0.9702997649515145, 'learning_rate': 5.385987461909421e-05, 'batch_size': 116, 'step_size': 14, 'gamma': 0.9506898381847171}. Best is trial 20 with value: 0.11615462601184845.[0m
[32m[I 2025-01-04 10:50:53,326][0m Trial 34 finished with value: 0.19765947473810075 and parameters: {'observation_period_num': 18, 'train_rates': 0.9359713790322022, 'learning_rate': 1.2423829323442157e-05, 'batch_size': 166, 'step_size': 13, 'gamma': 0.9755799362378041}. Best is trial 20 with value: 0.11615462601184845.[0m
[32m[I 2025-01-04 10:52:00,359][0m Trial 35 finished with value: 0.11612288653850555 and parameters: {'observation_period_num': 49, 'train_rates': 0.9750419909825236, 'learning_rate': 9.356891387175736e-05, 'batch_size': 154, 'step_size': 15, 'gamma': 0.8023825053498185}. Best is trial 35 with value: 0.11612288653850555.[0m
[32m[I 2025-01-04 10:54:01,835][0m Trial 36 finished with value: 0.12026216834783554 and parameters: {'observation_period_num': 87, 'train_rates': 0.9753545420674911, 'learning_rate': 9.395236888640831e-05, 'batch_size': 103, 'step_size': 12, 'gamma': 0.7838448207235117}. Best is trial 35 with value: 0.11612288653850555.[0m
[32m[I 2025-01-04 10:56:00,870][0m Trial 37 finished with value: 0.11775832623243332 and parameters: {'observation_period_num': 84, 'train_rates': 0.975272182083037, 'learning_rate': 9.725914086869731e-05, 'batch_size': 94, 'step_size': 12, 'gamma': 0.7845862313886278}. Best is trial 35 with value: 0.11612288653850555.[0m
[32m[I 2025-01-04 10:57:16,651][0m Trial 38 finished with value: 0.1353175789117813 and parameters: {'observation_period_num': 55, 'train_rates': 0.9716200228560367, 'learning_rate': 0.00021228617546003618, 'batch_size': 116, 'step_size': 14, 'gamma': 0.7942463944664448}. Best is trial 35 with value: 0.11612288653850555.[0m
[32m[I 2025-01-04 10:58:15,448][0m Trial 39 finished with value: 0.10620522499084473 and parameters: {'observation_period_num': 37, 'train_rates': 0.9897306169718632, 'learning_rate': 0.0001670058257189411, 'batch_size': 81, 'step_size': 13, 'gamma': 0.7715733323702043}. Best is trial 39 with value: 0.10620522499084473.[0m
[32m[I 2025-01-04 10:59:09,878][0m Trial 40 finished with value: 0.6295884507925399 and parameters: {'observation_period_num': 34, 'train_rates': 0.8676875904479973, 'learning_rate': 0.0004572422909399082, 'batch_size': 74, 'step_size': 13, 'gamma': 0.8100015477040756}. Best is trial 39 with value: 0.10620522499084473.[0m
[32m[I 2025-01-04 11:00:36,961][0m Trial 41 finished with value: 0.10818971314879715 and parameters: {'observation_period_num': 33, 'train_rates': 0.9792116067087864, 'learning_rate': 0.00016831772984369085, 'batch_size': 47, 'step_size': 13, 'gamma': 0.7720953485958332}. Best is trial 39 with value: 0.10620522499084473.[0m
[32m[I 2025-01-04 11:03:42,781][0m Trial 42 finished with value: 0.10236410349607468 and parameters: {'observation_period_num': 47, 'train_rates': 0.9829256666514199, 'learning_rate': 0.0001870377771546829, 'batch_size': 22, 'step_size': 14, 'gamma': 0.7683027913183}. Best is trial 42 with value: 0.10236410349607468.[0m
[32m[I 2025-01-04 11:07:57,646][0m Trial 43 finished with value: 0.0887164767635496 and parameters: {'observation_period_num': 45, 'train_rates': 0.9869646334596911, 'learning_rate': 0.00017110817008673173, 'batch_size': 16, 'step_size': 13, 'gamma': 0.772653922539655}. Best is trial 43 with value: 0.0887164767635496.[0m
[32m[I 2025-01-04 11:12:08,291][0m Trial 44 finished with value: 0.38719452085883116 and parameters: {'observation_period_num': 44, 'train_rates': 0.9852776053923624, 'learning_rate': 0.00040236893793760736, 'batch_size': 16, 'step_size': 11, 'gamma': 0.7684589513320798}. Best is trial 43 with value: 0.0887164767635496.[0m
[32m[I 2025-01-04 11:13:40,492][0m Trial 45 finished with value: 0.1190485021458613 and parameters: {'observation_period_num': 58, 'train_rates': 0.9230633742246022, 'learning_rate': 0.0001538105152348632, 'batch_size': 44, 'step_size': 13, 'gamma': 0.7694143428231188}. Best is trial 43 with value: 0.0887164767635496.[0m
[32m[I 2025-01-04 11:17:06,480][0m Trial 46 finished with value: 0.20333744585514069 and parameters: {'observation_period_num': 133, 'train_rates': 0.9891923350573528, 'learning_rate': 0.0001936117689612525, 'batch_size': 44, 'step_size': 2, 'gamma': 0.8045693277418632}. Best is trial 43 with value: 0.0887164767635496.[0m
[32m[I 2025-01-04 11:19:00,646][0m Trial 47 finished with value: 0.969158024510968 and parameters: {'observation_period_num': 77, 'train_rates': 0.7397341432927191, 'learning_rate': 0.00032469640706866363, 'batch_size': 30, 'step_size': 12, 'gamma': 0.8256193184861298}. Best is trial 43 with value: 0.0887164767635496.[0m
[32m[I 2025-01-04 11:19:55,255][0m Trial 48 finished with value: 0.663709667206712 and parameters: {'observation_period_num': 29, 'train_rates': 0.6381149136859652, 'learning_rate': 7.633036007127492e-05, 'batch_size': 56, 'step_size': 14, 'gamma': 0.771708923161931}. Best is trial 43 with value: 0.0887164767635496.[0m
[32m[I 2025-01-04 11:23:30,969][0m Trial 49 finished with value: 0.13074582033228166 and parameters: {'observation_period_num': 101, 'train_rates': 0.9648789021555515, 'learning_rate': 0.00017213583229883566, 'batch_size': 18, 'step_size': 8, 'gamma': 0.7505812946880929}. Best is trial 43 with value: 0.0887164767635496.[0m
seasonal_3 „ÅÆÊúÄÈÅ©„Éè„Ç§„Éë„Éº„Éë„É©„É°„Éº„Çø„ÅåË¶ã„Å§„Åã„Çä„Åæ„Åó„Åü
ÊúÄÈÅ©ÂåñÂØæË±°: resid
[32m[I 2025-01-04 11:23:30,976][0m A new study created in memory with name: no-name-ecd32884-d4f8-4abf-8367-b4f6910b7983[0m
[32m[I 2025-01-04 11:27:58,893][0m Trial 0 finished with value: 0.36292958900748024 and parameters: {'observation_period_num': 190, 'train_rates': 0.9093031560545568, 'learning_rate': 2.4699426074779857e-05, 'batch_size': 242, 'step_size': 7, 'gamma': 0.8263823046460264}. Best is trial 0 with value: 0.36292958900748024.[0m
[32m[I 2025-01-04 11:31:38,642][0m Trial 1 finished with value: 0.6637962481856061 and parameters: {'observation_period_num': 165, 'train_rates': 0.8496992171491483, 'learning_rate': 1.2028152404253911e-05, 'batch_size': 118, 'step_size': 5, 'gamma': 0.7742679532277326}. Best is trial 0 with value: 0.36292958900748024.[0m
[32m[I 2025-01-04 11:33:15,049][0m Trial 2 finished with value: 1.2872579329072427 and parameters: {'observation_period_num': 86, 'train_rates': 0.7305017164900018, 'learning_rate': 3.367736212365194e-05, 'batch_size': 186, 'step_size': 2, 'gamma': 0.8135403223843296}. Best is trial 0 with value: 0.36292958900748024.[0m
[32m[I 2025-01-04 11:33:34,748][0m Trial 3 finished with value: 0.26587922677253056 and parameters: {'observation_period_num': 11, 'train_rates': 0.8248906942481063, 'learning_rate': 0.00011167664134516706, 'batch_size': 207, 'step_size': 10, 'gamma': 0.8175690394028965}. Best is trial 3 with value: 0.26587922677253056.[0m
[32m[I 2025-01-04 11:34:35,562][0m Trial 4 finished with value: 1.8410063583426681 and parameters: {'observation_period_num': 56, 'train_rates': 0.6622715947286089, 'learning_rate': 1.487901722898048e-06, 'batch_size': 146, 'step_size': 4, 'gamma': 0.8776323827302506}. Best is trial 3 with value: 0.26587922677253056.[0m
Early stopping at epoch 99
[32m[I 2025-01-04 11:36:33,487][0m Trial 5 finished with value: 1.1911080171681954 and parameters: {'observation_period_num': 99, 'train_rates': 0.799996635970427, 'learning_rate': 1.1345356093084551e-05, 'batch_size': 176, 'step_size': 2, 'gamma': 0.7944862816425642}. Best is trial 3 with value: 0.26587922677253056.[0m
[32m[I 2025-01-04 11:38:42,345][0m Trial 6 finished with value: 0.6624604076952547 and parameters: {'observation_period_num': 112, 'train_rates': 0.765576904477689, 'learning_rate': 0.0002334171350615565, 'batch_size': 168, 'step_size': 4, 'gamma': 0.9588239390393912}. Best is trial 3 with value: 0.26587922677253056.[0m
[32m[I 2025-01-04 11:39:15,591][0m Trial 7 finished with value: 0.7900896507385381 and parameters: {'observation_period_num': 21, 'train_rates': 0.6326610952844066, 'learning_rate': 9.972634218611335e-05, 'batch_size': 96, 'step_size': 12, 'gamma': 0.7690051729087846}. Best is trial 3 with value: 0.26587922677253056.[0m
[32m[I 2025-01-04 11:42:02,752][0m Trial 8 finished with value: 0.8773862042550576 and parameters: {'observation_period_num': 132, 'train_rates': 0.7740612219470725, 'learning_rate': 0.00036361955644461806, 'batch_size': 73, 'step_size': 8, 'gamma': 0.8760854533710534}. Best is trial 3 with value: 0.26587922677253056.[0m
[32m[I 2025-01-04 11:45:27,844][0m Trial 9 finished with value: 0.34372590937076775 and parameters: {'observation_period_num': 156, 'train_rates': 0.8429883641168476, 'learning_rate': 0.0005199160598159351, 'batch_size': 153, 'step_size': 5, 'gamma': 0.8073236484378603}. Best is trial 3 with value: 0.26587922677253056.[0m
[32m[I 2025-01-04 11:52:48,997][0m Trial 10 finished with value: 0.12546798416546412 and parameters: {'observation_period_num': 248, 'train_rates': 0.9871769151939891, 'learning_rate': 9.019002895400029e-05, 'batch_size': 17, 'step_size': 15, 'gamma': 0.9399014499134971}. Best is trial 10 with value: 0.12546798416546412.[0m
[32m[I 2025-01-04 11:54:55,137][0m Trial 11 finished with value: 0.08544641569620226 and parameters: {'observation_period_num': 6, 'train_rates': 0.9861731892976261, 'learning_rate': 8.543098257861018e-05, 'batch_size': 34, 'step_size': 15, 'gamma': 0.9517939292934263}. Best is trial 11 with value: 0.08544641569620226.[0m
[32m[I 2025-01-04 12:01:33,746][0m Trial 12 finished with value: 0.10978066618554294 and parameters: {'observation_period_num': 226, 'train_rates': 0.9883819568278591, 'learning_rate': 5.5150556191624785e-05, 'batch_size': 17, 'step_size': 15, 'gamma': 0.9630470587897945}. Best is trial 11 with value: 0.08544641569620226.[0m
