ÊúÄÈÅ©ÂåñÂØæË±°: trend
[32m[I 2025-01-03 23:48:19,093][0m A new study created in memory with name: no-name-f167f10c-9819-4b43-ba1b-4ee254d280da[0m
Early stopping at epoch 84
[32m[I 2025-01-03 23:52:27,114][0m Trial 0 finished with value: 1.4190943035348287 and parameters: {'observation_period_num': 250, 'train_rates': 0.6161655699760028, 'learning_rate': 5.209715828908984e-06, 'batch_size': 57, 'step_size': 2, 'gamma': 0.7646733540117003}. Best is trial 0 with value: 1.4190943035348287.[0m
[32m[I 2025-01-03 23:55:29,346][0m Trial 1 finished with value: 0.9938122915296719 and parameters: {'observation_period_num': 134, 'train_rates': 0.7529430053106174, 'learning_rate': 0.00025940505007392703, 'batch_size': 33, 'step_size': 4, 'gamma': 0.9744442397098757}. Best is trial 1 with value: 0.9938122915296719.[0m
[32m[I 2025-01-03 23:58:43,398][0m Trial 2 finished with value: 0.2905790324254734 and parameters: {'observation_period_num': 135, 'train_rates': 0.8544715117131207, 'learning_rate': 6.642877416044055e-05, 'batch_size': 35, 'step_size': 9, 'gamma': 0.9579778881094083}. Best is trial 2 with value: 0.2905790324254734.[0m
[32m[I 2025-01-04 00:00:57,569][0m Trial 3 finished with value: 0.17678524553775787 and parameters: {'observation_period_num': 100, 'train_rates': 0.9491548337938639, 'learning_rate': 2.3593911412792902e-05, 'batch_size': 198, 'step_size': 14, 'gamma': 0.9837728713777183}. Best is trial 3 with value: 0.17678524553775787.[0m
[32m[I 2025-01-04 00:02:32,488][0m Trial 4 finished with value: 0.3683155406568501 and parameters: {'observation_period_num': 63, 'train_rates': 0.9489535473199372, 'learning_rate': 1.0368121676705408e-05, 'batch_size': 51, 'step_size': 3, 'gamma': 0.8133890067256712}. Best is trial 3 with value: 0.17678524553775787.[0m
[32m[I 2025-01-04 00:04:44,058][0m Trial 5 finished with value: 0.17253967106921 and parameters: {'observation_period_num': 98, 'train_rates': 0.8920237722087224, 'learning_rate': 5.469142413637028e-05, 'batch_size': 66, 'step_size': 7, 'gamma': 0.9328183655131457}. Best is trial 5 with value: 0.17253967106921.[0m
[32m[I 2025-01-04 00:07:54,706][0m Trial 6 finished with value: 0.6677396252004669 and parameters: {'observation_period_num': 134, 'train_rates': 0.8371089713017359, 'learning_rate': 2.5310502752100463e-06, 'batch_size': 37, 'step_size': 12, 'gamma': 0.8029243940264155}. Best is trial 5 with value: 0.17253967106921.[0m
[32m[I 2025-01-04 00:11:17,022][0m Trial 7 finished with value: 0.130818292936858 and parameters: {'observation_period_num': 136, 'train_rates': 0.9278334215520193, 'learning_rate': 8.426336738149975e-05, 'batch_size': 46, 'step_size': 12, 'gamma': 0.9582814504487802}. Best is trial 7 with value: 0.130818292936858.[0m
[32m[I 2025-01-04 00:13:39,618][0m Trial 8 finished with value: 0.3206292860859993 and parameters: {'observation_period_num': 115, 'train_rates': 0.8425872565558277, 'learning_rate': 0.00015626297793002236, 'batch_size': 114, 'step_size': 8, 'gamma': 0.7954622482624885}. Best is trial 7 with value: 0.130818292936858.[0m
[32m[I 2025-01-04 00:15:24,113][0m Trial 9 finished with value: 0.4896062887273729 and parameters: {'observation_period_num': 80, 'train_rates': 0.9111498515217689, 'learning_rate': 3.9849710170630355e-06, 'batch_size': 127, 'step_size': 10, 'gamma': 0.9195776471735255}. Best is trial 7 with value: 0.130818292936858.[0m
[32m[I 2025-01-04 00:19:29,666][0m Trial 10 finished with value: 0.8715982813333545 and parameters: {'observation_period_num': 197, 'train_rates': 0.7273779728522876, 'learning_rate': 0.0008019660937374439, 'batch_size': 243, 'step_size': 15, 'gamma': 0.8844775809623493}. Best is trial 7 with value: 0.130818292936858.[0m
[32m[I 2025-01-04 00:20:19,731][0m Trial 11 finished with value: 0.1036735326051712 and parameters: {'observation_period_num': 17, 'train_rates': 0.977211746106709, 'learning_rate': 3.9735190426479786e-05, 'batch_size': 92, 'step_size': 6, 'gamma': 0.9195552007677906}. Best is trial 11 with value: 0.1036735326051712.[0m
[32m[I 2025-01-04 00:21:08,054][0m Trial 12 finished with value: 0.16921813786029816 and parameters: {'observation_period_num': 12, 'train_rates': 0.9899573520773208, 'learning_rate': 1.9414599768484e-05, 'batch_size': 96, 'step_size': 6, 'gamma': 0.8839074202362333}. Best is trial 11 with value: 0.1036735326051712.[0m
[32m[I 2025-01-04 00:21:39,144][0m Trial 13 finished with value: 0.07970857620239258 and parameters: {'observation_period_num': 13, 'train_rates': 0.9753175281497932, 'learning_rate': 0.00013431963840526654, 'batch_size': 166, 'step_size': 11, 'gamma': 0.9224923586269907}. Best is trial 13 with value: 0.07970857620239258.[0m
[32m[I 2025-01-04 00:22:08,342][0m Trial 14 finished with value: 1.5094285011291504 and parameters: {'observation_period_num': 11, 'train_rates': 0.9697409211443522, 'learning_rate': 1.0946813625758895e-06, 'batch_size': 169, 'step_size': 5, 'gamma': 0.854063495501961}. Best is trial 13 with value: 0.07970857620239258.[0m
[32m[I 2025-01-04 00:22:57,822][0m Trial 15 finished with value: 0.9068624531943078 and parameters: {'observation_period_num': 47, 'train_rates': 0.6479962259938569, 'learning_rate': 0.0002024099979191556, 'batch_size': 161, 'step_size': 10, 'gamma': 0.9143377090137262}. Best is trial 13 with value: 0.07970857620239258.[0m
[32m[I 2025-01-04 00:23:47,480][0m Trial 16 finished with value: 1.4593803446057816 and parameters: {'observation_period_num': 38, 'train_rates': 0.7807751369590523, 'learning_rate': 0.0006929700345529129, 'batch_size': 92, 'step_size': 12, 'gamma': 0.8654363812347889}. Best is trial 13 with value: 0.07970857620239258.[0m
[32m[I 2025-01-04 00:27:53,228][0m Trial 17 finished with value: 0.6473085463559388 and parameters: {'observation_period_num': 181, 'train_rates': 0.8741824436356909, 'learning_rate': 3.4095450919572214e-05, 'batch_size': 158, 'step_size': 1, 'gamma': 0.90583079848237}. Best is trial 13 with value: 0.07970857620239258.[0m
[32m[I 2025-01-04 00:28:31,320][0m Trial 18 finished with value: 0.7607126053742 and parameters: {'observation_period_num': 34, 'train_rates': 0.7003004541694534, 'learning_rate': 0.00044727537487195397, 'batch_size': 205, 'step_size': 7, 'gamma': 0.8479580385305382}. Best is trial 13 with value: 0.07970857620239258.[0m
[32m[I 2025-01-04 00:28:53,177][0m Trial 19 finished with value: 0.3111452802881464 and parameters: {'observation_period_num': 7, 'train_rates': 0.8118067095896115, 'learning_rate': 0.00012986709799233339, 'batch_size': 196, 'step_size': 11, 'gamma': 0.9406983202524855}. Best is trial 13 with value: 0.07970857620239258.[0m
[32m[I 2025-01-04 00:30:28,480][0m Trial 20 finished with value: 0.27092936635017395 and parameters: {'observation_period_num': 69, 'train_rates': 0.9888022676522679, 'learning_rate': 1.682001680877105e-05, 'batch_size': 256, 'step_size': 5, 'gamma': 0.8893444796814639}. Best is trial 13 with value: 0.07970857620239258.[0m
[32m[I 2025-01-04 00:34:21,143][0m Trial 21 finished with value: 0.15285329067326606 and parameters: {'observation_period_num': 163, 'train_rates': 0.9160373444216141, 'learning_rate': 7.454918400890782e-05, 'batch_size': 83, 'step_size': 13, 'gamma': 0.9477485434355697}. Best is trial 13 with value: 0.07970857620239258.[0m
[32m[I 2025-01-04 00:39:00,607][0m Trial 22 finished with value: 0.1465030688153216 and parameters: {'observation_period_num': 164, 'train_rates': 0.9396710572340568, 'learning_rate': 0.00010496948528209157, 'batch_size': 17, 'step_size': 9, 'gamma': 0.9652343490254559}. Best is trial 13 with value: 0.07970857620239258.[0m
[32m[I 2025-01-04 00:39:47,889][0m Trial 23 finished with value: 0.15774042960874277 and parameters: {'observation_period_num': 32, 'train_rates': 0.9277805537256292, 'learning_rate': 4.052691915424867e-05, 'batch_size': 113, 'step_size': 13, 'gamma': 0.9279535337076779}. Best is trial 13 with value: 0.07970857620239258.[0m
[32m[I 2025-01-04 00:41:05,917][0m Trial 24 finished with value: 0.17128704488277435 and parameters: {'observation_period_num': 53, 'train_rates': 0.9571510460429631, 'learning_rate': 0.00031166892431698506, 'batch_size': 73, 'step_size': 11, 'gamma': 0.8984401374601342}. Best is trial 13 with value: 0.07970857620239258.[0m
[32m[I 2025-01-04 00:46:01,147][0m Trial 25 finished with value: 0.20653101801872253 and parameters: {'observation_period_num': 208, 'train_rates': 0.8901127702131449, 'learning_rate': 7.885369100779238e-05, 'batch_size': 151, 'step_size': 15, 'gamma': 0.9546474291187119}. Best is trial 13 with value: 0.07970857620239258.[0m
[32m[I 2025-01-04 00:47:53,534][0m Trial 26 finished with value: 0.12832097709178925 and parameters: {'observation_period_num': 82, 'train_rates': 0.9786719099206974, 'learning_rate': 3.805366604332672e-05, 'batch_size': 136, 'step_size': 8, 'gamma': 0.9887269340306696}. Best is trial 13 with value: 0.07970857620239258.[0m
[32m[I 2025-01-04 00:49:58,943][0m Trial 27 finished with value: 0.1510974019765854 and parameters: {'observation_period_num': 91, 'train_rates': 0.9810556320832692, 'learning_rate': 3.2503647495179134e-05, 'batch_size': 140, 'step_size': 8, 'gamma': 0.9878405185700958}. Best is trial 13 with value: 0.07970857620239258.[0m
[32m[I 2025-01-04 00:50:35,933][0m Trial 28 finished with value: 0.504181185743019 and parameters: {'observation_period_num': 26, 'train_rates': 0.8898712221343721, 'learning_rate': 9.366611804448731e-06, 'batch_size': 179, 'step_size': 7, 'gamma': 0.8324869027807207}. Best is trial 13 with value: 0.07970857620239258.[0m
[32m[I 2025-01-04 00:51:39,726][0m Trial 29 finished with value: 1.3477173164931093 and parameters: {'observation_period_num': 63, 'train_rates': 0.616996658563644, 'learning_rate': 1.0270560344992766e-05, 'batch_size': 132, 'step_size': 5, 'gamma': 0.7500785576460177}. Best is trial 13 with value: 0.07970857620239258.[0m
[32m[I 2025-01-04 00:52:22,186][0m Trial 30 finished with value: 0.13980685842037202 and parameters: {'observation_period_num': 22, 'train_rates': 0.9575868624741106, 'learning_rate': 4.6107375054737434e-05, 'batch_size': 106, 'step_size': 3, 'gamma': 0.9398343778582192}. Best is trial 13 with value: 0.07970857620239258.[0m
[32m[I 2025-01-04 00:54:52,052][0m Trial 31 finished with value: 0.15516036637475558 and parameters: {'observation_period_num': 115, 'train_rates': 0.9247541616267818, 'learning_rate': 9.941043108665129e-05, 'batch_size': 177, 'step_size': 9, 'gamma': 0.9713488679373461}. Best is trial 13 with value: 0.07970857620239258.[0m
[32m[I 2025-01-04 00:58:39,365][0m Trial 32 finished with value: 0.13630918479418452 and parameters: {'observation_period_num': 150, 'train_rates': 0.972023618745526, 'learning_rate': 0.00017584628648349796, 'batch_size': 54, 'step_size': 11, 'gamma': 0.9890489759642951}. Best is trial 13 with value: 0.07970857620239258.[0m
[32m[I 2025-01-04 01:04:42,702][0m Trial 33 finished with value: 0.13036875193678468 and parameters: {'observation_period_num': 237, 'train_rates': 0.9341686551151335, 'learning_rate': 0.00032724377122569, 'batch_size': 144, 'step_size': 8, 'gamma': 0.9652215615628422}. Best is trial 13 with value: 0.07970857620239258.[0m
[32m[I 2025-01-04 01:11:18,750][0m Trial 34 finished with value: 0.1361255794763565 and parameters: {'observation_period_num': 251, 'train_rates': 0.9514541228275912, 'learning_rate': 0.00034550377578078747, 'batch_size': 213, 'step_size': 8, 'gamma': 0.9719653342989812}. Best is trial 13 with value: 0.07970857620239258.[0m
[32m[I 2025-01-04 01:16:14,583][0m Trial 35 finished with value: 0.22105318956515368 and parameters: {'observation_period_num': 203, 'train_rates': 0.9073148060904878, 'learning_rate': 0.0005039544480338904, 'batch_size': 143, 'step_size': 6, 'gamma': 0.9756321499477881}. Best is trial 13 with value: 0.07970857620239258.[0m
[32m[I 2025-01-04 01:21:45,324][0m Trial 36 finished with value: 0.41168732558443244 and parameters: {'observation_period_num': 231, 'train_rates': 0.8656804050613157, 'learning_rate': 2.41941633337906e-05, 'batch_size': 188, 'step_size': 9, 'gamma': 0.9284717355864628}. Best is trial 13 with value: 0.07970857620239258.[0m
[32m[I 2025-01-04 01:27:48,213][0m Trial 37 finished with value: 0.13576382398605347 and parameters: {'observation_period_num': 234, 'train_rates': 0.9657884911234091, 'learning_rate': 0.0002476554899481173, 'batch_size': 120, 'step_size': 6, 'gamma': 0.9519691682904571}. Best is trial 13 with value: 0.07970857620239258.[0m
[32m[I 2025-01-04 01:29:30,319][0m Trial 38 finished with value: 0.16290932893753052 and parameters: {'observation_period_num': 77, 'train_rates': 0.9493789655106798, 'learning_rate': 5.8647621275664536e-05, 'batch_size': 220, 'step_size': 4, 'gamma': 0.9139342532688433}. Best is trial 13 with value: 0.07970857620239258.[0m
[32m[I 2025-01-04 01:30:40,527][0m Trial 39 finished with value: 0.18684641199727212 and parameters: {'observation_period_num': 53, 'train_rates': 0.9360469066418541, 'learning_rate': 1.3971980402105503e-05, 'batch_size': 143, 'step_size': 10, 'gamma': 0.9802743130367962}. Best is trial 13 with value: 0.07970857620239258.[0m
[32m[I 2025-01-04 01:32:55,957][0m Trial 40 finished with value: 0.4784768644611207 and parameters: {'observation_period_num': 111, 'train_rates': 0.8320311148694706, 'learning_rate': 0.0001341411323902934, 'batch_size': 126, 'step_size': 7, 'gamma': 0.9630612077478502}. Best is trial 13 with value: 0.07970857620239258.[0m
[32m[I 2025-01-04 01:35:00,414][0m Trial 41 finished with value: 0.1775860219249423 and parameters: {'observation_period_num': 84, 'train_rates': 0.9011622182615775, 'learning_rate': 7.61720610524056e-05, 'batch_size': 43, 'step_size': 13, 'gamma': 0.9541359943236529}. Best is trial 13 with value: 0.07970857620239258.[0m
[32m[I 2025-01-04 01:38:54,281][0m Trial 42 finished with value: 0.10809071641415358 and parameters: {'observation_period_num': 138, 'train_rates': 0.932062301229437, 'learning_rate': 4.743307146803092e-05, 'batch_size': 20, 'step_size': 12, 'gamma': 0.9377180274098519}. Best is trial 13 with value: 0.07970857620239258.[0m
[32m[I 2025-01-04 01:41:42,489][0m Trial 43 finished with value: 0.11186462148062644 and parameters: {'observation_period_num': 103, 'train_rates': 0.9891451856522787, 'learning_rate': 2.5554446788732316e-05, 'batch_size': 28, 'step_size': 8, 'gamma': 0.9296503259361285}. Best is trial 13 with value: 0.07970857620239258.[0m
[32m[I 2025-01-04 01:45:01,108][0m Trial 44 finished with value: 0.11326060025021434 and parameters: {'observation_period_num': 127, 'train_rates': 0.9886768261258859, 'learning_rate': 2.591887816922976e-05, 'batch_size': 28, 'step_size': 14, 'gamma': 0.8980809447549872}. Best is trial 13 with value: 0.07970857620239258.[0m
[32m[I 2025-01-04 01:48:22,115][0m Trial 45 finished with value: 0.10794291204335738 and parameters: {'observation_period_num': 126, 'train_rates': 0.9653959159316251, 'learning_rate': 2.6255151285739634e-05, 'batch_size': 24, 'step_size': 14, 'gamma': 0.8997901643006049}. Best is trial 13 with value: 0.07970857620239258.[0m
[32m[I 2025-01-04 01:52:42,571][0m Trial 46 finished with value: 0.1325262761972052 and parameters: {'observation_period_num': 153, 'train_rates': 0.9664052317019842, 'learning_rate': 6.055180725323326e-06, 'batch_size': 19, 'step_size': 14, 'gamma': 0.8740954288220941}. Best is trial 13 with value: 0.07970857620239258.[0m
[32m[I 2025-01-04 01:55:54,745][0m Trial 47 finished with value: 0.12677487530387366 and parameters: {'observation_period_num': 129, 'train_rates': 0.9448787846324873, 'learning_rate': 4.86785334877822e-05, 'batch_size': 66, 'step_size': 14, 'gamma': 0.9206540001754451}. Best is trial 13 with value: 0.07970857620239258.[0m
[32m[I 2025-01-04 01:58:15,057][0m Trial 48 finished with value: 0.6414582834524267 and parameters: {'observation_period_num': 106, 'train_rates': 0.7670490251546138, 'learning_rate': 1.5292350769585495e-05, 'batch_size': 32, 'step_size': 12, 'gamma': 0.9069974213835008}. Best is trial 13 with value: 0.07970857620239258.[0m
[32m[I 2025-01-04 02:02:42,375][0m Trial 49 finished with value: 0.1918458399073831 and parameters: {'observation_period_num': 180, 'train_rates': 0.9686545918606907, 'learning_rate': 7.421503124473738e-06, 'batch_size': 64, 'step_size': 15, 'gamma': 0.941036834835488}. Best is trial 13 with value: 0.07970857620239258.[0m
trend „ÅÆÊúÄÈÅ©„Éè„Ç§„Éë„Éº„Éë„É©„É°„Éº„Çø„ÅåË¶ã„Å§„Åã„Çä„Åæ„Åó„Åü
ÊúÄÈÅ©ÂåñÂØæË±°: seasonal_0
[32m[I 2025-01-04 02:02:42,382][0m A new study created in memory with name: no-name-478bb940-f9b7-4897-9bd4-62cc26261a8f[0m
[32m[I 2025-01-04 02:04:15,636][0m Trial 0 finished with value: 0.4558777849615356 and parameters: {'observation_period_num': 33, 'train_rates': 0.9723653695797838, 'learning_rate': 0.0004143765123236296, 'batch_size': 44, 'step_size': 7, 'gamma': 0.9425829357480919}. Best is trial 0 with value: 0.4558777849615356.[0m
[32m[I 2025-01-04 02:07:12,617][0m Trial 1 finished with value: 0.942852787176768 and parameters: {'observation_period_num': 161, 'train_rates': 0.6184064685263341, 'learning_rate': 1.418515709606192e-05, 'batch_size': 71, 'step_size': 10, 'gamma': 0.8943470870622001}. Best is trial 0 with value: 0.4558777849615356.[0m
[32m[I 2025-01-04 02:13:12,668][0m Trial 2 finished with value: 0.5863034129142761 and parameters: {'observation_period_num': 228, 'train_rates': 0.9813725503012027, 'learning_rate': 4.0924307279258936e-06, 'batch_size': 185, 'step_size': 8, 'gamma': 0.8821021161728468}. Best is trial 0 with value: 0.4558777849615356.[0m
[32m[I 2025-01-04 02:15:56,376][0m Trial 3 finished with value: 0.9694313006847293 and parameters: {'observation_period_num': 142, 'train_rates': 0.6700975412346444, 'learning_rate': 2.350258350384485e-05, 'batch_size': 71, 'step_size': 8, 'gamma': 0.8470198943089897}. Best is trial 0 with value: 0.4558777849615356.[0m
Early stopping at epoch 74
[32m[I 2025-01-04 02:18:13,974][0m Trial 4 finished with value: 1.2741821746599107 and parameters: {'observation_period_num': 79, 'train_rates': 0.8174826682819831, 'learning_rate': 2.7547798168876625e-06, 'batch_size': 19, 'step_size': 1, 'gamma': 0.8428966746766584}. Best is trial 0 with value: 0.4558777849615356.[0m
[32m[I 2025-01-04 02:21:00,177][0m Trial 5 finished with value: 1.9873950441824995 and parameters: {'observation_period_num': 110, 'train_rates': 0.9046229682946276, 'learning_rate': 0.0008822983547831258, 'batch_size': 29, 'step_size': 11, 'gamma': 0.952991465998263}. Best is trial 0 with value: 0.4558777849615356.[0m
[32m[I 2025-01-04 02:24:11,025][0m Trial 6 finished with value: 0.7102529957294464 and parameters: {'observation_period_num': 153, 'train_rates': 0.7766813077231864, 'learning_rate': 3.5699116839650204e-05, 'batch_size': 189, 'step_size': 14, 'gamma': 0.8250833221319451}. Best is trial 0 with value: 0.4558777849615356.[0m
[32m[I 2025-01-04 02:25:50,412][0m Trial 7 finished with value: 0.1649254411458969 and parameters: {'observation_period_num': 76, 'train_rates': 0.9336546733918394, 'learning_rate': 0.0005915171510724594, 'batch_size': 208, 'step_size': 4, 'gamma': 0.8658294698362876}. Best is trial 7 with value: 0.1649254411458969.[0m
[32m[I 2025-01-04 02:29:40,731][0m Trial 8 finished with value: 0.5760603547096252 and parameters: {'observation_period_num': 161, 'train_rates': 0.9468421109727511, 'learning_rate': 4.619939121643565e-06, 'batch_size': 233, 'step_size': 12, 'gamma': 0.8815750170639192}. Best is trial 7 with value: 0.1649254411458969.[0m
[32m[I 2025-01-04 02:31:27,607][0m Trial 9 finished with value: 1.1312415955111015 and parameters: {'observation_period_num': 99, 'train_rates': 0.660886527597932, 'learning_rate': 2.6824331077194654e-05, 'batch_size': 222, 'step_size': 8, 'gamma': 0.7513733800643562}. Best is trial 7 with value: 0.1649254411458969.[0m
[32m[I 2025-01-04 02:32:04,888][0m Trial 10 finished with value: 0.35571486694472176 and parameters: {'observation_period_num': 25, 'train_rates': 0.856622181920079, 'learning_rate': 0.00017180482738038232, 'batch_size': 144, 'step_size': 3, 'gamma': 0.790571131525363}. Best is trial 7 with value: 0.1649254411458969.[0m
[32m[I 2025-01-04 02:32:38,862][0m Trial 11 finished with value: 0.2771769209797658 and parameters: {'observation_period_num': 9, 'train_rates': 0.8649852876950007, 'learning_rate': 0.00015589644884802286, 'batch_size': 135, 'step_size': 3, 'gamma': 0.7649370119156366}. Best is trial 7 with value: 0.1649254411458969.[0m
[32m[I 2025-01-04 02:33:49,618][0m Trial 12 finished with value: 0.2719352293273677 and parameters: {'observation_period_num': 56, 'train_rates': 0.880914644514636, 'learning_rate': 0.00011832539009354395, 'batch_size': 131, 'step_size': 4, 'gamma': 0.9897009374897892}. Best is trial 7 with value: 0.1649254411458969.[0m
[32m[I 2025-01-04 02:35:02,255][0m Trial 13 finished with value: 0.7347551264776883 and parameters: {'observation_period_num': 63, 'train_rates': 0.7642630294256496, 'learning_rate': 0.0001183962680259412, 'batch_size': 125, 'step_size': 5, 'gamma': 0.9773384347396863}. Best is trial 7 with value: 0.1649254411458969.[0m
[32m[I 2025-01-04 02:36:06,837][0m Trial 14 finished with value: 0.7836466385590984 and parameters: {'observation_period_num': 52, 'train_rates': 0.9110005746834212, 'learning_rate': 0.0009095336642385619, 'batch_size': 254, 'step_size': 5, 'gamma': 0.9161232546966069}. Best is trial 7 with value: 0.1649254411458969.[0m
[32m[I 2025-01-04 02:38:00,500][0m Trial 15 finished with value: 0.3229423119294597 and parameters: {'observation_period_num': 88, 'train_rates': 0.9098397338978529, 'learning_rate': 6.676297446714379e-05, 'batch_size': 169, 'step_size': 1, 'gamma': 0.9191491223830197}. Best is trial 7 with value: 0.1649254411458969.[0m
