[32m[I 2025-01-04 14:52:01,474][0m Trial 49 finished with value: 0.12242539972066879 and parameters: {'observation_period_num': 240, 'train_rates': 0.9534439833732086, 'learning_rate': 0.00013955473568963688, 'batch_size': 150, 'step_size': 12, 'gamma': 0.8827880324980351}. Best is trial 11 with value: 0.08544641569620226.[0m
resid „ÅÆÊúÄÈÅ©„Éè„Ç§„Éë„Éº„Éë„É©„É°„Éº„Çø„ÅåË¶ã„Å§„Åã„Çä„Åæ„Åó„Åü
ÊúÄÈÅ©„Éè„Ç§„Éë„Éº„Éë„É©„É°„Éº„Çø„Åå best_hyperparameters_AMZN_Transformer.json „Å´‰øùÂ≠ò„Åï„Çå„Åæ„Åó„Åü
Training trend component with params: {'observation_period_num': 13, 'train_rates': 0.9753175281497932, 'learning_rate': 0.00013431963840526654, 'batch_size': 166, 'step_size': 11, 'gamma': 0.9224923586269907}
Epoch 1/300, trend Loss: 0.9626 | 0.9467
Epoch 2/300, trend Loss: 0.6524 | 0.6189
Epoch 3/300, trend Loss: 0.5284 | 0.5424
Epoch 4/300, trend Loss: 0.4456 | 0.4395
Epoch 5/300, trend Loss: 0.4115 | 0.4231
Epoch 6/300, trend Loss: 0.3816 | 0.3994
Epoch 7/300, trend Loss: 0.4256 | 0.3689
Epoch 8/300, trend Loss: 0.3795 | 0.3234
Epoch 9/300, trend Loss: 0.5115 | 0.4274
Epoch 10/300, trend Loss: 0.3619 | 0.3330
Epoch 11/300, trend Loss: 0.2992 | 0.3163
Epoch 12/300, trend Loss: 0.2713 | 0.2805
Epoch 13/300, trend Loss: 0.2821 | 0.2619
Epoch 14/300, trend Loss: 0.2515 | 0.2541
Epoch 15/300, trend Loss: 0.2629 | 0.2275
Epoch 16/300, trend Loss: 0.2342 | 0.2224
Epoch 17/300, trend Loss: 0.2349 | 0.2187
Epoch 18/300, trend Loss: 0.2217 | 0.2224
Epoch 19/300, trend Loss: 0.2196 | 0.2104
Epoch 20/300, trend Loss: 0.2500 | 0.2082
Epoch 21/300, trend Loss: 0.2438 | 0.2027
Epoch 22/300, trend Loss: 0.2492 | 0.1994
Epoch 23/300, trend Loss: 0.1986 | 0.2059
Epoch 24/300, trend Loss: 0.1813 | 0.1764
Epoch 25/300, trend Loss: 0.1747 | 0.1754
Epoch 26/300, trend Loss: 0.1685 | 0.1664
Epoch 27/300, trend Loss: 0.1672 | 0.1652
Epoch 28/300, trend Loss: 0.1654 | 0.1594
Epoch 29/300, trend Loss: 0.1649 | 0.1580
Epoch 30/300, trend Loss: 0.1635 | 0.1534
Epoch 31/300, trend Loss: 0.1629 | 0.1517
Epoch 32/300, trend Loss: 0.1745 | 0.1464
Epoch 33/300, trend Loss: 0.1714 | 0.1475
Epoch 34/300, trend Loss: 0.1848 | 0.1446
Epoch 35/300, trend Loss: 0.1675 | 0.1632
Epoch 36/300, trend Loss: 0.1691 | 0.1414
Epoch 37/300, trend Loss: 0.1725 | 0.1514
Epoch 38/300, trend Loss: 0.1631 | 0.1411
Epoch 39/300, trend Loss: 0.1685 | 0.1432
Epoch 40/300, trend Loss: 0.1589 | 0.1360
Epoch 41/300, trend Loss: 0.1552 | 0.1349
Epoch 42/300, trend Loss: 0.1502 | 0.1334
Epoch 43/300, trend Loss: 0.1503 | 0.1283
Epoch 44/300, trend Loss: 0.1459 | 0.1271
Epoch 45/300, trend Loss: 0.1425 | 0.1249
Epoch 46/300, trend Loss: 0.1414 | 0.1208
Epoch 47/300, trend Loss: 0.1378 | 0.1220
Epoch 48/300, trend Loss: 0.1384 | 0.1169
Epoch 49/300, trend Loss: 0.1406 | 0.1192
Epoch 50/300, trend Loss: 0.1435 | 0.1153
Epoch 51/300, trend Loss: 0.1528 | 0.1130
Epoch 52/300, trend Loss: 0.1445 | 0.1170
Epoch 53/300, trend Loss: 0.1443 | 0.1089
Epoch 54/300, trend Loss: 0.1378 | 0.1199
Epoch 55/300, trend Loss: 0.1362 | 0.1076
Epoch 56/300, trend Loss: 0.1337 | 0.1176
Epoch 57/300, trend Loss: 0.1309 | 0.1075
Epoch 58/300, trend Loss: 0.1295 | 0.1126
Epoch 59/300, trend Loss: 0.1280 | 0.1068
Epoch 60/300, trend Loss: 0.1276 | 0.1076
Epoch 61/300, trend Loss: 0.1261 | 0.1034
Epoch 62/300, trend Loss: 0.1260 | 0.1044
Epoch 63/300, trend Loss: 0.1244 | 0.1008
Epoch 64/300, trend Loss: 0.1222 | 0.1002
Epoch 65/300, trend Loss: 0.1211 | 0.0994
Epoch 66/300, trend Loss: 0.1196 | 0.0967
Epoch 67/300, trend Loss: 0.1181 | 0.0959
Epoch 68/300, trend Loss: 0.1158 | 0.0956
Epoch 69/300, trend Loss: 0.1153 | 0.0934
Epoch 70/300, trend Loss: 0.1143 | 0.0939
Epoch 71/300, trend Loss: 0.1149 | 0.0940
Epoch 72/300, trend Loss: 0.1161 | 0.0931
Epoch 73/300, trend Loss: 0.1163 | 0.0940
Epoch 74/300, trend Loss: 0.1169 | 0.0921
Epoch 75/300, trend Loss: 0.1153 | 0.0918
Epoch 76/300, trend Loss: 0.1151 | 0.0915
Epoch 77/300, trend Loss: 0.1132 | 0.0893
Epoch 78/300, trend Loss: 0.1123 | 0.0887
Epoch 79/300, trend Loss: 0.1104 | 0.0883
Epoch 80/300, trend Loss: 0.1098 | 0.0857
Epoch 81/300, trend Loss: 0.1106 | 0.0856
Epoch 82/300, trend Loss: 0.1108 | 0.0847
Epoch 83/300, trend Loss: 0.1113 | 0.0850
Epoch 84/300, trend Loss: 0.1099 | 0.0835
Epoch 85/300, trend Loss: 0.1086 | 0.0833
Epoch 86/300, trend Loss: 0.1070 | 0.0824
Epoch 87/300, trend Loss: 0.1063 | 0.0827
Epoch 88/300, trend Loss: 0.1055 | 0.0808
Epoch 89/300, trend Loss: 0.1048 | 0.0801
Epoch 90/300, trend Loss: 0.1035 | 0.0800
Epoch 91/300, trend Loss: 0.1036 | 0.0804
Epoch 92/300, trend Loss: 0.1036 | 0.0791
Epoch 93/300, trend Loss: 0.1036 | 0.0791
Epoch 94/300, trend Loss: 0.1034 | 0.0787
Epoch 95/300, trend Loss: 0.1024 | 0.0783
Epoch 96/300, trend Loss: 0.1008 | 0.0778
Epoch 97/300, trend Loss: 0.1001 | 0.0775
Epoch 98/300, trend Loss: 0.0992 | 0.0769
Epoch 99/300, trend Loss: 0.0989 | 0.0766
Epoch 100/300, trend Loss: 0.0993 | 0.0763
Epoch 101/300, trend Loss: 0.0986 | 0.0761
Epoch 102/300, trend Loss: 0.0986 | 0.0752
Epoch 103/300, trend Loss: 0.0977 | 0.0757
Epoch 104/300, trend Loss: 0.0981 | 0.0748
Epoch 105/300, trend Loss: 0.0975 | 0.0750
Epoch 106/300, trend Loss: 0.0975 | 0.0739
Epoch 107/300, trend Loss: 0.0967 | 0.0737
Epoch 108/300, trend Loss: 0.0959 | 0.0738
Epoch 109/300, trend Loss: 0.0951 | 0.0731
Epoch 110/300, trend Loss: 0.0948 | 0.0739
Epoch 111/300, trend Loss: 0.0947 | 0.0732
Epoch 112/300, trend Loss: 0.0949 | 0.0736
Epoch 113/300, trend Loss: 0.0957 | 0.0723
Epoch 114/300, trend Loss: 0.0942 | 0.0729
Epoch 115/300, trend Loss: 0.0947 | 0.0723
Epoch 116/300, trend Loss: 0.0944 | 0.0724
Epoch 117/300, trend Loss: 0.0948 | 0.0708
Epoch 118/300, trend Loss: 0.0939 | 0.0717
Epoch 119/300, trend Loss: 0.0931 | 0.0708
Epoch 120/300, trend Loss: 0.0928 | 0.0708
Epoch 121/300, trend Loss: 0.0928 | 0.0709
Epoch 122/300, trend Loss: 0.0920 | 0.0704
Epoch 123/300, trend Loss: 0.0920 | 0.0708
Epoch 124/300, trend Loss: 0.0914 | 0.0706
Epoch 125/300, trend Loss: 0.0918 | 0.0700
Epoch 126/300, trend Loss: 0.0910 | 0.0698
Epoch 127/300, trend Loss: 0.0904 | 0.0702
Epoch 128/300, trend Loss: 0.0901 | 0.0694
Epoch 129/300, trend Loss: 0.0904 | 0.0693
Epoch 130/300, trend Loss: 0.0900 | 0.0691
Epoch 131/300, trend Loss: 0.0901 | 0.0687
Epoch 132/300, trend Loss: 0.0894 | 0.0689
Epoch 133/300, trend Loss: 0.0889 | 0.0685
Epoch 134/300, trend Loss: 0.0898 | 0.0683
Epoch 135/300, trend Loss: 0.0892 | 0.0676
Epoch 136/300, trend Loss: 0.0886 | 0.0679
Epoch 137/300, trend Loss: 0.0883 | 0.0686
Epoch 138/300, trend Loss: 0.0885 | 0.0679
Epoch 139/300, trend Loss: 0.0879 | 0.0679
Epoch 140/300, trend Loss: 0.0880 | 0.0678
Epoch 141/300, trend Loss: 0.0881 | 0.0676
Epoch 142/300, trend Loss: 0.0881 | 0.0671
Epoch 143/300, trend Loss: 0.0876 | 0.0672
Epoch 144/300, trend Loss: 0.0873 | 0.0668
Epoch 145/300, trend Loss: 0.0877 | 0.0669
Epoch 146/300, trend Loss: 0.0872 | 0.0662
Epoch 147/300, trend Loss: 0.0866 | 0.0664
Epoch 148/300, trend Loss: 0.0870 | 0.0663
Epoch 149/300, trend Loss: 0.0862 | 0.0663
Epoch 150/300, trend Loss: 0.0863 | 0.0660
Epoch 151/300, trend Loss: 0.0862 | 0.0659
Epoch 152/300, trend Loss: 0.0862 | 0.0661
Epoch 153/300, trend Loss: 0.0859 | 0.0659
Epoch 154/300, trend Loss: 0.0856 | 0.0657
Epoch 155/300, trend Loss: 0.0860 | 0.0657
Epoch 156/300, trend Loss: 0.0854 | 0.0650
Epoch 157/300, trend Loss: 0.0855 | 0.0649
Epoch 158/300, trend Loss: 0.0853 | 0.0653
Epoch 159/300, trend Loss: 0.0858 | 0.0652
Epoch 160/300, trend Loss: 0.0847 | 0.0650
Epoch 161/300, trend Loss: 0.0848 | 0.0647
Epoch 162/300, trend Loss: 0.0851 | 0.0649
Epoch 163/300, trend Loss: 0.0857 | 0.0652
Epoch 164/300, trend Loss: 0.0847 | 0.0645
Epoch 165/300, trend Loss: 0.0841 | 0.0639
Epoch 166/300, trend Loss: 0.0845 | 0.0643
Epoch 167/300, trend Loss: 0.0839 | 0.0642
Epoch 168/300, trend Loss: 0.0841 | 0.0642
Epoch 169/300, trend Loss: 0.0834 | 0.0641
Epoch 170/300, trend Loss: 0.0834 | 0.0643
Epoch 171/300, trend Loss: 0.0835 | 0.0639
Epoch 172/300, trend Loss: 0.0831 | 0.0640
Epoch 173/300, trend Loss: 0.0837 | 0.0638
Epoch 174/300, trend Loss: 0.0829 | 0.0635
Epoch 175/300, trend Loss: 0.0832 | 0.0641
Epoch 176/300, trend Loss: 0.0832 | 0.0637
Epoch 177/300, trend Loss: 0.0830 | 0.0631
Epoch 178/300, trend Loss: 0.0826 | 0.0632
Epoch 179/300, trend Loss: 0.0826 | 0.0632
Epoch 180/300, trend Loss: 0.0827 | 0.0630
Epoch 181/300, trend Loss: 0.0824 | 0.0626
Epoch 182/300, trend Loss: 0.0823 | 0.0629
Epoch 183/300, trend Loss: 0.0827 | 0.0627
Epoch 184/300, trend Loss: 0.0824 | 0.0629
Epoch 185/300, trend Loss: 0.0827 | 0.0630
Epoch 186/300, trend Loss: 0.0825 | 0.0630
Epoch 187/300, trend Loss: 0.0819 | 0.0628
Epoch 188/300, trend Loss: 0.0817 | 0.0624
Epoch 189/300, trend Loss: 0.0814 | 0.0625
Epoch 190/300, trend Loss: 0.0819 | 0.0620
Epoch 191/300, trend Loss: 0.0815 | 0.0623
Epoch 192/300, trend Loss: 0.0812 | 0.0623
Epoch 193/300, trend Loss: 0.0812 | 0.0620
Epoch 194/300, trend Loss: 0.0813 | 0.0621
Epoch 195/300, trend Loss: 0.0812 | 0.0619
Epoch 196/300, trend Loss: 0.0811 | 0.0615
Epoch 197/300, trend Loss: 0.0810 | 0.0620
Epoch 198/300, trend Loss: 0.0811 | 0.0624
Epoch 199/300, trend Loss: 0.0807 | 0.0622
Epoch 200/300, trend Loss: 0.0807 | 0.0614
Epoch 201/300, trend Loss: 0.0811 | 0.0616
Epoch 202/300, trend Loss: 0.0806 | 0.0622
Epoch 203/300, trend Loss: 0.0804 | 0.0618
Epoch 204/300, trend Loss: 0.0798 | 0.0614
Epoch 205/300, trend Loss: 0.0803 | 0.0615
Epoch 206/300, trend Loss: 0.0810 | 0.0612
Epoch 207/300, trend Loss: 0.0802 | 0.0611
Epoch 208/300, trend Loss: 0.0805 | 0.0613
Epoch 209/300, trend Loss: 0.0800 | 0.0619
Epoch 210/300, trend Loss: 0.0799 | 0.0617
Epoch 211/300, trend Loss: 0.0800 | 0.0612
Epoch 212/300, trend Loss: 0.0796 | 0.0613
Epoch 213/300, trend Loss: 0.0799 | 0.0612
Epoch 214/300, trend Loss: 0.0795 | 0.0612
Epoch 215/300, trend Loss: 0.0799 | 0.0609
Epoch 216/300, trend Loss: 0.0793 | 0.0609
Epoch 217/300, trend Loss: 0.0797 | 0.0611
Epoch 218/300, trend Loss: 0.0792 | 0.0611
Epoch 219/300, trend Loss: 0.0797 | 0.0611
Epoch 220/300, trend Loss: 0.0802 | 0.0608
Epoch 221/300, trend Loss: 0.0792 | 0.0608
Epoch 222/300, trend Loss: 0.0787 | 0.0607
Epoch 223/300, trend Loss: 0.0789 | 0.0608
Epoch 224/300, trend Loss: 0.0789 | 0.0606
Epoch 225/300, trend Loss: 0.0788 | 0.0606
Epoch 226/300, trend Loss: 0.0791 | 0.0610
Epoch 227/300, trend Loss: 0.0786 | 0.0610
Epoch 228/300, trend Loss: 0.0789 | 0.0607
Epoch 229/300, trend Loss: 0.0781 | 0.0606
Epoch 230/300, trend Loss: 0.0788 | 0.0607
Epoch 231/300, trend Loss: 0.0786 | 0.0606
Epoch 232/300, trend Loss: 0.0792 | 0.0602
Epoch 233/300, trend Loss: 0.0782 | 0.0606
Epoch 234/300, trend Loss: 0.0789 | 0.0607
Epoch 235/300, trend Loss: 0.0787 | 0.0603
Epoch 236/300, trend Loss: 0.0793 | 0.0601
Epoch 237/300, trend Loss: 0.0781 | 0.0603
Epoch 238/300, trend Loss: 0.0782 | 0.0603
Epoch 239/300, trend Loss: 0.0785 | 0.0601
Epoch 240/300, trend Loss: 0.0785 | 0.0599
Epoch 241/300, trend Loss: 0.0785 | 0.0600
Epoch 242/300, trend Loss: 0.0783 | 0.0601
Epoch 243/300, trend Loss: 0.0778 | 0.0601
Epoch 244/300, trend Loss: 0.0785 | 0.0602
Epoch 245/300, trend Loss: 0.0774 | 0.0599
Epoch 246/300, trend Loss: 0.0780 | 0.0597
Epoch 247/300, trend Loss: 0.0777 | 0.0599
Epoch 248/300, trend Loss: 0.0780 | 0.0597
Epoch 249/300, trend Loss: 0.0778 | 0.0598
Epoch 250/300, trend Loss: 0.0783 | 0.0602
Epoch 251/300, trend Loss: 0.0776 | 0.0599
Epoch 252/300, trend Loss: 0.0777 | 0.0599
Epoch 253/300, trend Loss: 0.0783 | 0.0598
Epoch 254/300, trend Loss: 0.0784 | 0.0596
Epoch 255/300, trend Loss: 0.0779 | 0.0595
Epoch 256/300, trend Loss: 0.0773 | 0.0601
Epoch 257/300, trend Loss: 0.0777 | 0.0600
Epoch 258/300, trend Loss: 0.0779 | 0.0597
Epoch 259/300, trend Loss: 0.0771 | 0.0596
Epoch 260/300, trend Loss: 0.0776 | 0.0597
Epoch 261/300, trend Loss: 0.0772 | 0.0597
Epoch 262/300, trend Loss: 0.0778 | 0.0597
Epoch 263/300, trend Loss: 0.0771 | 0.0598
Epoch 264/300, trend Loss: 0.0771 | 0.0598
Epoch 265/300, trend Loss: 0.0774 | 0.0597
Epoch 266/300, trend Loss: 0.0769 | 0.0596
Epoch 267/300, trend Loss: 0.0770 | 0.0595
Epoch 268/300, trend Loss: 0.0774 | 0.0597
Epoch 269/300, trend Loss: 0.0773 | 0.0596
Epoch 270/300, trend Loss: 0.0770 | 0.0597
Epoch 271/300, trend Loss: 0.0776 | 0.0597
Epoch 272/300, trend Loss: 0.0772 | 0.0597
Epoch 273/300, trend Loss: 0.0770 | 0.0597
Epoch 274/300, trend Loss: 0.0770 | 0.0597
Epoch 275/300, trend Loss: 0.0774 | 0.0597
Epoch 276/300, trend Loss: 0.0768 | 0.0595
Epoch 277/300, trend Loss: 0.0768 | 0.0595
Epoch 278/300, trend Loss: 0.0771 | 0.0591
Epoch 279/300, trend Loss: 0.0768 | 0.0590
Epoch 280/300, trend Loss: 0.0766 | 0.0594
Epoch 281/300, trend Loss: 0.0767 | 0.0593
Epoch 282/300, trend Loss: 0.0766 | 0.0591
Epoch 283/300, trend Loss: 0.0771 | 0.0592
Epoch 284/300, trend Loss: 0.0764 | 0.0591
Epoch 285/300, trend Loss: 0.0767 | 0.0591
Epoch 286/300, trend Loss: 0.0767 | 0.0592
Epoch 287/300, trend Loss: 0.0762 | 0.0593
Epoch 288/300, trend Loss: 0.0768 | 0.0592
Epoch 289/300, trend Loss: 0.0764 | 0.0593
Epoch 290/300, trend Loss: 0.0767 | 0.0591
Epoch 291/300, trend Loss: 0.0768 | 0.0589
Epoch 292/300, trend Loss: 0.0764 | 0.0591
Epoch 293/300, trend Loss: 0.0764 | 0.0591
Epoch 294/300, trend Loss: 0.0765 | 0.0591
Epoch 295/300, trend Loss: 0.0765 | 0.0591
Epoch 296/300, trend Loss: 0.0763 | 0.0591
Epoch 297/300, trend Loss: 0.0764 | 0.0591
Epoch 298/300, trend Loss: 0.0756 | 0.0590
Epoch 299/300, trend Loss: 0.0760 | 0.0591
Epoch 300/300, trend Loss: 0.0764 | 0.0590
Training seasonal_0 component with params: {'observation_period_num': 5, 'train_rates': 0.9707094688598665, 'learning_rate': 0.0003974905889163145, 'batch_size': 222, 'step_size': 7, 'gamma': 0.8968141479926932}
Epoch 1/300, seasonal_0 Loss: 1.0627 | 1.2599
Epoch 2/300, seasonal_0 Loss: 0.8055 | 0.8081
Epoch 3/300, seasonal_0 Loss: 0.6621 | 0.7122
Epoch 4/300, seasonal_0 Loss: 0.6048 | 0.7818
Epoch 5/300, seasonal_0 Loss: 0.5722 | 0.5652
Epoch 6/300, seasonal_0 Loss: 0.5132 | 0.6131
Epoch 7/300, seasonal_0 Loss: 0.5170 | 0.5709
Epoch 8/300, seasonal_0 Loss: 0.4349 | 0.4726
Epoch 9/300, seasonal_0 Loss: 0.4601 | 0.4880
Epoch 10/300, seasonal_0 Loss: 0.3960 | 0.4165
Epoch 11/300, seasonal_0 Loss: 0.4423 | 0.4123
Epoch 12/300, seasonal_0 Loss: 0.3725 | 0.4302
Epoch 13/300, seasonal_0 Loss: 0.3456 | 0.4409
Epoch 14/300, seasonal_0 Loss: 0.3135 | 0.3779
Epoch 15/300, seasonal_0 Loss: 0.3165 | 0.3667
Epoch 16/300, seasonal_0 Loss: 0.3918 | 0.4500
Epoch 17/300, seasonal_0 Loss: 0.2961 | 0.3743
Epoch 18/300, seasonal_0 Loss: 0.3074 | 0.4044
Epoch 19/300, seasonal_0 Loss: 0.2725 | 0.3422
Epoch 20/300, seasonal_0 Loss: 0.2300 | 0.3073
Epoch 21/300, seasonal_0 Loss: 0.2186 | 0.3114
Epoch 22/300, seasonal_0 Loss: 0.2159 | 0.2751
Epoch 23/300, seasonal_0 Loss: 0.1965 | 0.2742
Epoch 24/300, seasonal_0 Loss: 0.1921 | 0.2641
Epoch 25/300, seasonal_0 Loss: 0.1894 | 0.2595
Epoch 26/300, seasonal_0 Loss: 0.1898 | 0.2471
Epoch 27/300, seasonal_0 Loss: 0.1822 | 0.2482
Epoch 28/300, seasonal_0 Loss: 0.1779 | 0.2291
Epoch 29/300, seasonal_0 Loss: 0.1846 | 0.2343
Epoch 30/300, seasonal_0 Loss: 0.1774 | 0.2260
Epoch 31/300, seasonal_0 Loss: 0.1760 | 0.2196
Epoch 32/300, seasonal_0 Loss: 0.1662 | 0.2203
Epoch 33/300, seasonal_0 Loss: 0.1647 | 0.2136
Epoch 34/300, seasonal_0 Loss: 0.1580 | 0.2115
Epoch 35/300, seasonal_0 Loss: 0.1563 | 0.2099
Epoch 36/300, seasonal_0 Loss: 0.1535 | 0.2044
Epoch 37/300, seasonal_0 Loss: 0.1506 | 0.2068
Epoch 38/300, seasonal_0 Loss: 0.1494 | 0.1986
Epoch 39/300, seasonal_0 Loss: 0.1483 | 0.1996
Epoch 40/300, seasonal_0 Loss: 0.1465 | 0.1928
Epoch 41/300, seasonal_0 Loss: 0.1440 | 0.1951
Epoch 42/300, seasonal_0 Loss: 0.1410 | 0.1880
Epoch 43/300, seasonal_0 Loss: 0.1383 | 0.1896
Epoch 44/300, seasonal_0 Loss: 0.1360 | 0.1846
Epoch 45/300, seasonal_0 Loss: 0.1338 | 0.1850
Epoch 46/300, seasonal_0 Loss: 0.1330 | 0.1814
Epoch 47/300, seasonal_0 Loss: 0.1314 | 0.1812
Epoch 48/300, seasonal_0 Loss: 0.1303 | 0.1781
Epoch 49/300, seasonal_0 Loss: 0.1281 | 0.1762
Epoch 50/300, seasonal_0 Loss: 0.1267 | 0.1742
Epoch 51/300, seasonal_0 Loss: 0.1269 | 0.1733
Epoch 52/300, seasonal_0 Loss: 0.1246 | 0.1712
Epoch 53/300, seasonal_0 Loss: 0.1245 | 0.1691
Epoch 54/300, seasonal_0 Loss: 0.1234 | 0.1674
Epoch 55/300, seasonal_0 Loss: 0.1224 | 0.1665
Epoch 56/300, seasonal_0 Loss: 0.1211 | 0.1651
Epoch 57/300, seasonal_0 Loss: 0.1206 | 0.1638
Epoch 58/300, seasonal_0 Loss: 0.1203 | 0.1621
Epoch 59/300, seasonal_0 Loss: 0.1199 | 0.1619
Epoch 60/300, seasonal_0 Loss: 0.1180 | 0.1604
Epoch 61/300, seasonal_0 Loss: 0.1183 | 0.1589
Epoch 62/300, seasonal_0 Loss: 0.1174 | 0.1582
Epoch 63/300, seasonal_0 Loss: 0.1164 | 0.1573
Epoch 64/300, seasonal_0 Loss: 0.1162 | 0.1559
Epoch 65/300, seasonal_0 Loss: 0.1159 | 0.1553
Epoch 66/300, seasonal_0 Loss: 0.1148 | 0.1547
Epoch 67/300, seasonal_0 Loss: 0.1145 | 0.1534
Epoch 68/300, seasonal_0 Loss: 0.1141 | 0.1523
Epoch 69/300, seasonal_0 Loss: 0.1129 | 0.1516
Epoch 70/300, seasonal_0 Loss: 0.1127 | 0.1506
Epoch 71/300, seasonal_0 Loss: 0.1123 | 0.1498
Epoch 72/300, seasonal_0 Loss: 0.1118 | 0.1490
Epoch 73/300, seasonal_0 Loss: 0.1116 | 0.1481
Epoch 74/300, seasonal_0 Loss: 0.1107 | 0.1481
Epoch 75/300, seasonal_0 Loss: 0.1104 | 0.1477
Epoch 76/300, seasonal_0 Loss: 0.1093 | 0.1462
Epoch 77/300, seasonal_0 Loss: 0.1090 | 0.1456
Epoch 78/300, seasonal_0 Loss: 0.1093 | 0.1446
Epoch 79/300, seasonal_0 Loss: 0.1085 | 0.1444
Epoch 80/300, seasonal_0 Loss: 0.1081 | 0.1445
Epoch 81/300, seasonal_0 Loss: 0.1078 | 0.1432
Epoch 82/300, seasonal_0 Loss: 0.1079 | 0.1423
Epoch 83/300, seasonal_0 Loss: 0.1074 | 0.1420
Epoch 84/300, seasonal_0 Loss: 0.1070 | 0.1417
Epoch 85/300, seasonal_0 Loss: 0.1059 | 0.1416
Epoch 86/300, seasonal_0 Loss: 0.1060 | 0.1403
Epoch 87/300, seasonal_0 Loss: 0.1056 | 0.1396
Epoch 88/300, seasonal_0 Loss: 0.1054 | 0.1397
Epoch 89/300, seasonal_0 Loss: 0.1045 | 0.1393
Epoch 90/300, seasonal_0 Loss: 0.1046 | 0.1391
Epoch 91/300, seasonal_0 Loss: 0.1042 | 0.1388
Epoch 92/300, seasonal_0 Loss: 0.1047 | 0.1384
Epoch 93/300, seasonal_0 Loss: 0.1041 | 0.1378
Epoch 94/300, seasonal_0 Loss: 0.1036 | 0.1378
Epoch 95/300, seasonal_0 Loss: 0.1038 | 0.1371
Epoch 96/300, seasonal_0 Loss: 0.1030 | 0.1361
Epoch 97/300, seasonal_0 Loss: 0.1022 | 0.1359
Epoch 98/300, seasonal_0 Loss: 0.1027 | 0.1359
Epoch 99/300, seasonal_0 Loss: 0.1024 | 0.1357
Epoch 100/300, seasonal_0 Loss: 0.1024 | 0.1350
Epoch 101/300, seasonal_0 Loss: 0.1013 | 0.1347
Epoch 102/300, seasonal_0 Loss: 0.1020 | 0.1343
Epoch 103/300, seasonal_0 Loss: 0.1016 | 0.1338
Epoch 104/300, seasonal_0 Loss: 0.1011 | 0.1335
Epoch 105/300, seasonal_0 Loss: 0.1005 | 0.1332
Epoch 106/300, seasonal_0 Loss: 0.1011 | 0.1328
Epoch 107/300, seasonal_0 Loss: 0.1009 | 0.1328
Epoch 108/300, seasonal_0 Loss: 0.1010 | 0.1326
Epoch 109/300, seasonal_0 Loss: 0.1009 | 0.1320
Epoch 110/300, seasonal_0 Loss: 0.1008 | 0.1322
Epoch 111/300, seasonal_0 Loss: 0.1003 | 0.1322
Epoch 112/300, seasonal_0 Loss: 0.1000 | 0.1318
Epoch 113/300, seasonal_0 Loss: 0.0998 | 0.1315
Epoch 114/300, seasonal_0 Loss: 0.0999 | 0.1314
Epoch 115/300, seasonal_0 Loss: 0.1002 | 0.1314
Epoch 116/300, seasonal_0 Loss: 0.0999 | 0.1313
Epoch 117/300, seasonal_0 Loss: 0.0999 | 0.1308
Epoch 118/300, seasonal_0 Loss: 0.0999 | 0.1305
Epoch 119/300, seasonal_0 Loss: 0.0988 | 0.1305
Epoch 120/300, seasonal_0 Loss: 0.0993 | 0.1305
Epoch 121/300, seasonal_0 Loss: 0.0993 | 0.1304
Epoch 122/300, seasonal_0 Loss: 0.0992 | 0.1302
Epoch 123/300, seasonal_0 Loss: 0.0999 | 0.1298
Epoch 124/300, seasonal_0 Loss: 0.0992 | 0.1296
Epoch 125/300, seasonal_0 Loss: 0.0984 | 0.1293
Epoch 126/300, seasonal_0 Loss: 0.0987 | 0.1291
Epoch 127/300, seasonal_0 Loss: 0.0984 | 0.1290
Epoch 128/300, seasonal_0 Loss: 0.0991 | 0.1290
Epoch 129/300, seasonal_0 Loss: 0.0983 | 0.1289
Epoch 130/300, seasonal_0 Loss: 0.0983 | 0.1288
Epoch 131/300, seasonal_0 Loss: 0.0982 | 0.1288
Epoch 132/300, seasonal_0 Loss: 0.0984 | 0.1287
Epoch 133/300, seasonal_0 Loss: 0.0987 | 0.1284
Epoch 134/300, seasonal_0 Loss: 0.0981 | 0.1282
Epoch 135/300, seasonal_0 Loss: 0.0975 | 0.1281
Epoch 136/300, seasonal_0 Loss: 0.0977 | 0.1279
Epoch 137/300, seasonal_0 Loss: 0.0977 | 0.1278
Epoch 138/300, seasonal_0 Loss: 0.0977 | 0.1276
Epoch 139/300, seasonal_0 Loss: 0.0975 | 0.1275
Epoch 140/300, seasonal_0 Loss: 0.0970 | 0.1274
Epoch 141/300, seasonal_0 Loss: 0.0976 | 0.1272
Epoch 142/300, seasonal_0 Loss: 0.0974 | 0.1271
Epoch 143/300, seasonal_0 Loss: 0.0978 | 0.1271
Epoch 144/300, seasonal_0 Loss: 0.0975 | 0.1271
Epoch 145/300, seasonal_0 Loss: 0.0973 | 0.1270
Epoch 146/300, seasonal_0 Loss: 0.0968 | 0.1268
Epoch 147/300, seasonal_0 Loss: 0.0976 | 0.1268
Epoch 148/300, seasonal_0 Loss: 0.0974 | 0.1268
Epoch 149/300, seasonal_0 Loss: 0.0964 | 0.1267
Epoch 150/300, seasonal_0 Loss: 0.0971 | 0.1266
Epoch 151/300, seasonal_0 Loss: 0.0969 | 0.1265
Epoch 152/300, seasonal_0 Loss: 0.0971 | 0.1264
Epoch 153/300, seasonal_0 Loss: 0.0966 | 0.1263
Epoch 154/300, seasonal_0 Loss: 0.0973 | 0.1262
Epoch 155/300, seasonal_0 Loss: 0.0966 | 0.1260
Epoch 156/300, seasonal_0 Loss: 0.0972 | 0.1258
Epoch 157/300, seasonal_0 Loss: 0.0973 | 0.1257
Epoch 158/300, seasonal_0 Loss: 0.0968 | 0.1256
Epoch 159/300, seasonal_0 Loss: 0.0967 | 0.1255
Epoch 160/300, seasonal_0 Loss: 0.0971 | 0.1255
Epoch 161/300, seasonal_0 Loss: 0.0967 | 0.1255
Epoch 162/300, seasonal_0 Loss: 0.0965 | 0.1255
Epoch 163/300, seasonal_0 Loss: 0.0966 | 0.1255
Epoch 164/300, seasonal_0 Loss: 0.0961 | 0.1255
Epoch 165/300, seasonal_0 Loss: 0.0961 | 0.1255
Epoch 166/300, seasonal_0 Loss: 0.0965 | 0.1255
Epoch 167/300, seasonal_0 Loss: 0.0965 | 0.1255
Epoch 168/300, seasonal_0 Loss: 0.0963 | 0.1255
Epoch 169/300, seasonal_0 Loss: 0.0966 | 0.1254
Epoch 170/300, seasonal_0 Loss: 0.0963 | 0.1253
Epoch 171/300, seasonal_0 Loss: 0.0964 | 0.1252
Epoch 172/300, seasonal_0 Loss: 0.0969 | 0.1251
Epoch 173/300, seasonal_0 Loss: 0.0962 | 0.1251
Epoch 174/300, seasonal_0 Loss: 0.0965 | 0.1251
Epoch 175/300, seasonal_0 Loss: 0.0964 