[32m[I 2025-01-04 05:18:19,938][0m Trial 32 finished with value: 0.12820731103420258 and parameters: {'observation_period_num': 159, 'train_rates': 0.9597170085482464, 'learning_rate': 0.00021509610430379795, 'batch_size': 211, 'step_size': 8, 'gamma': 0.8104129326336788}. Best is trial 32 with value: 0.12820731103420258.[0m
[32m[I 2025-01-04 05:22:05,999][0m Trial 33 finished with value: 0.14820444583892822 and parameters: {'observation_period_num': 157, 'train_rates': 0.9600667591209693, 'learning_rate': 0.0001226749973440815, 'batch_size': 205, 'step_size': 7, 'gamma': 0.8116789998832732}. Best is trial 32 with value: 0.12820731103420258.[0m
[32m[I 2025-01-04 05:24:12,400][0m Trial 34 finished with value: 0.19332284886261514 and parameters: {'observation_period_num': 97, 'train_rates': 0.8986595586154424, 'learning_rate': 0.00032878339394627314, 'batch_size': 182, 'step_size': 7, 'gamma': 0.7790768651875507}. Best is trial 32 with value: 0.12820731103420258.[0m
[32m[I 2025-01-04 05:27:23,145][0m Trial 35 finished with value: 0.15030765533447266 and parameters: {'observation_period_num': 131, 'train_rates': 0.9762708184714214, 'learning_rate': 5.481953266946383e-05, 'batch_size': 158, 'step_size': 8, 'gamma': 0.812565397186687}. Best is trial 32 with value: 0.12820731103420258.[0m
[32m[I 2025-01-04 05:29:58,346][0m Trial 36 finished with value: 0.1669679582118988 and parameters: {'observation_period_num': 116, 'train_rates': 0.946227408773055, 'learning_rate': 9.404645929106093e-05, 'batch_size': 211, 'step_size': 5, 'gamma': 0.9076896857216576}. Best is trial 32 with value: 0.12820731103420258.[0m
[32m[I 2025-01-04 05:33:47,148][0m Trial 37 finished with value: 0.43858404941699675 and parameters: {'observation_period_num': 164, 'train_rates': 0.9152957817715013, 'learning_rate': 6.895664758734936e-06, 'batch_size': 235, 'step_size': 12, 'gamma': 0.9680222010749095}. Best is trial 32 with value: 0.12820731103420258.[0m
[32m[I 2025-01-04 05:37:58,105][0m Trial 38 finished with value: 0.45019068284468217 and parameters: {'observation_period_num': 182, 'train_rates': 0.8810259064172928, 'learning_rate': 2.0817931722021016e-05, 'batch_size': 192, 'step_size': 8, 'gamma': 0.8648125919834967}. Best is trial 32 with value: 0.12820731103420258.[0m
[32m[I 2025-01-04 05:40:55,178][0m Trial 39 finished with value: 0.9115653423647487 and parameters: {'observation_period_num': 143, 'train_rates': 0.7712987172514859, 'learning_rate': 0.0006258644724032222, 'batch_size': 114, 'step_size': 4, 'gamma': 0.8873124549121374}. Best is trial 32 with value: 0.12820731103420258.[0m
[32m[I 2025-01-04 05:42:57,009][0m Trial 40 finished with value: 0.13234943151474 and parameters: {'observation_period_num': 89, 'train_rates': 0.9707885193177902, 'learning_rate': 0.0002833029446520643, 'batch_size': 191, 'step_size': 14, 'gamma': 0.8023056124874185}. Best is trial 32 with value: 0.12820731103420258.[0m
[32m[I 2025-01-04 05:44:48,888][0m Trial 41 finished with value: 0.12286964803934097 and parameters: {'observation_period_num': 82, 'train_rates': 0.9702203269864003, 'learning_rate': 0.0002819880680439929, 'batch_size': 192, 'step_size': 14, 'gamma': 0.8014588759824258}. Best is trial 41 with value: 0.12286964803934097.[0m
[32m[I 2025-01-04 05:46:22,333][0m Trial 42 finished with value: 0.12684085965156555 and parameters: {'observation_period_num': 68, 'train_rates': 0.9714541653057522, 'learning_rate': 0.00023644313732348632, 'batch_size': 193, 'step_size': 14, 'gamma': 0.7975483963191423}. Best is trial 41 with value: 0.12286964803934097.[0m
[32m[I 2025-01-04 05:47:33,359][0m Trial 43 finished with value: 0.12560586631298065 and parameters: {'observation_period_num': 54, 'train_rates': 0.9716959657268276, 'learning_rate': 0.0002771181872589438, 'batch_size': 190, 'step_size': 14, 'gamma': 0.7972668965176166}. Best is trial 41 with value: 0.12286964803934097.[0m
[32m[I 2025-01-04 05:48:42,505][0m Trial 44 finished with value: 0.1691751927137375 and parameters: {'observation_period_num': 50, 'train_rates': 0.9885053058209773, 'learning_rate': 0.000539013186731508, 'batch_size': 168, 'step_size': 14, 'gamma': 0.7736706778361454}. Best is trial 41 with value: 0.12286964803934097.[0m
[32m[I 2025-01-04 05:49:47,766][0m Trial 45 finished with value: 0.6904260352253914 and parameters: {'observation_period_num': 61, 'train_rates': 0.7234430671390817, 'learning_rate': 0.00045174817842047915, 'batch_size': 212, 'step_size': 13, 'gamma': 0.7910456137104336}. Best is trial 41 with value: 0.12286964803934097.[0m
[32m[I 2025-01-04 05:50:31,604][0m Trial 46 finished with value: 0.10955360531806946 and parameters: {'observation_period_num': 30, 'train_rates': 0.9646055887146711, 'learning_rate': 0.0002505221045064007, 'batch_size': 187, 'step_size': 14, 'gamma': 0.753838937243689}. Best is trial 46 with value: 0.10955360531806946.[0m
[32m[I 2025-01-04 05:51:15,432][0m Trial 47 finished with value: 0.11989744752645493 and parameters: {'observation_period_num': 31, 'train_rates': 0.9687345182587455, 'learning_rate': 0.0002705172043752349, 'batch_size': 193, 'step_size': 14, 'gamma': 0.7524973413166085}. Best is trial 46 with value: 0.10955360531806946.[0m
[32m[I 2025-01-04 05:51:47,290][0m Trial 48 finished with value: 0.5478802919387817 and parameters: {'observation_period_num': 12, 'train_rates': 0.9722439972710082, 'learning_rate': 0.000738727658557066, 'batch_size': 150, 'step_size': 14, 'gamma': 0.7599411995701588}. Best is trial 46 with value: 0.10955360531806946.[0m
[32m[I 2025-01-04 05:52:20,045][0m Trial 49 finished with value: 0.1501549956126091 and parameters: {'observation_period_num': 21, 'train_rates': 0.9204350580444027, 'learning_rate': 0.0002713686966666071, 'batch_size': 192, 'step_size': 15, 'gamma': 0.7554978000350638}. Best is trial 46 with value: 0.10955360531806946.[0m
seasonal_1 „ÅÆÊúÄÈÅ©„Éè„Ç§„Éë„Éº„Éë„É©„É°„Éº„Çø„ÅåË¶ã„Å§„Åã„Çä„Åæ„Åó„Åü
ÊúÄÈÅ©ÂåñÂØæË±°: seasonal_2
[32m[I 2025-01-04 05:52:20,052][0m A new study created in memory with name: no-name-3b033ca1-531e-400d-9416-fac8277240ef[0m
[32m[I 2025-01-04 05:57:13,459][0m Trial 0 finished with value: 0.283747484149604 and parameters: {'observation_period_num': 194, 'train_rates': 0.8950864320095345, 'learning_rate': 4.512730441158807e-06, 'batch_size': 34, 'step_size': 6, 'gamma': 0.9874919414350712}. Best is trial 0 with value: 0.283747484149604.[0m
Early stopping at epoch 73
[32m[I 2025-01-04 06:00:07,008][0m Trial 1 finished with value: 0.28938373561217406 and parameters: {'observation_period_num': 159, 'train_rates': 0.9233685616565911, 'learning_rate': 6.200851507879645e-05, 'batch_size': 47, 'step_size': 1, 'gamma': 0.8371043782499609}. Best is trial 0 with value: 0.283747484149604.[0m
[32m[I 2025-01-04 06:01:43,118][0m Trial 2 finished with value: 0.9083957988074994 and parameters: {'observation_period_num': 89, 'train_rates': 0.6342956308478787, 'learning_rate': 0.0001856394747379181, 'batch_size': 84, 'step_size': 7, 'gamma': 0.9686131910653096}. Best is trial 0 with value: 0.283747484149604.[0m
[32m[I 2025-01-04 06:03:51,556][0m Trial 3 finished with value: 0.21816731475550552 and parameters: {'observation_period_num': 92, 'train_rates': 0.9595117284907821, 'learning_rate': 1.0326202100668868e-05, 'batch_size': 76, 'step_size': 9, 'gamma': 0.8140952953671634}. Best is trial 3 with value: 0.21816731475550552.[0m
[32m[I 2025-01-04 06:06:53,141][0m Trial 4 finished with value: 1.1127713641216015 and parameters: {'observation_period_num': 153, 'train_rates': 0.7099364456606972, 'learning_rate': 3.9662503361179585e-06, 'batch_size': 215, 'step_size': 5, 'gamma': 0.9840142586290868}. Best is trial 3 with value: 0.21816731475550552.[0m
[32m[I 2025-01-04 06:11:04,526][0m Trial 5 finished with value: 0.5957980030461362 and parameters: {'observation_period_num': 175, 'train_rates': 0.9454019927562967, 'learning_rate': 3.907536043746317e-06, 'batch_size': 96, 'step_size': 4, 'gamma': 0.8821000862780346}. Best is trial 3 with value: 0.21816731475550552.[0m
[32m[I 2025-01-04 06:17:24,846][0m Trial 6 finished with value: 0.17017900943756104 and parameters: {'observation_period_num': 247, 'train_rates': 0.9272110986396154, 'learning_rate': 0.0003140116567085238, 'batch_size': 86, 'step_size': 5, 'gamma': 0.7733653473295514}. Best is trial 6 with value: 0.17017900943756104.[0m
[32m[I 2025-01-04 06:17:52,891][0m Trial 7 finished with value: 0.881152990538823 and parameters: {'observation_period_num': 13, 'train_rates': 0.741526906254335, 'learning_rate': 3.457432637926663e-05, 'batch_size': 127, 'step_size': 5, 'gamma': 0.8227647819790472}. Best is trial 6 with value: 0.17017900943756104.[0m
[32m[I 2025-01-04 06:20:30,693][0m Trial 8 finished with value: 0.34333300590515137 and parameters: {'observation_period_num': 115, 'train_rates': 0.9804593435308933, 'learning_rate': 3.3928390627468954e-06, 'batch_size': 136, 'step_size': 11, 'gamma': 0.9770603633537949}. Best is trial 6 with value: 0.17017900943756104.[0m
[32m[I 2025-01-04 06:24:40,202][0m Trial 9 finished with value: 0.3186193121367676 and parameters: {'observation_period_num': 183, 'train_rates': 0.874103733806924, 'learning_rate': 3.281194217285981e-05, 'batch_size': 252, 'step_size': 15, 'gamma': 0.9440158179499069}. Best is trial 6 with value: 0.17017900943756104.[0m
Early stopping at epoch 50
[32m[I 2025-01-04 06:27:35,294][0m Trial 10 finished with value: 0.9896877646164409 and parameters: {'observation_period_num': 238, 'train_rates': 0.8443714115360688, 'learning_rate': 0.0009678737490189878, 'batch_size': 179, 'step_size': 1, 'gamma': 0.7513846981125266}. Best is trial 6 with value: 0.17017900943756104.[0m
[32m[I 2025-01-04 06:29:05,216][0m Trial 11 finished with value: 0.3805660676518711 and parameters: {'observation_period_num': 72, 'train_rates': 0.8109149321366723, 'learning_rate': 0.00029745497717355914, 'batch_size': 84, 'step_size': 11, 'gamma': 0.7676870908961256}. Best is trial 6 with value: 0.17017900943756104.[0m
[32m[I 2025-01-04 06:35:48,578][0m Trial 12 finished with value: 0.1931558347354501 and parameters: {'observation_period_num': 248, 'train_rates': 0.9784414495995135, 'learning_rate': 1.2480286545297751e-05, 'batch_size': 51, 'step_size': 10, 'gamma': 0.7938988734560014}. Best is trial 6 with value: 0.17017900943756104.[0m
[32m[I 2025-01-04 06:43:06,199][0m Trial 13 finished with value: 0.44109805396624974 and parameters: {'observation_period_num': 248, 'train_rates': 0.9873223354179047, 'learning_rate': 1.0061878758107613e-06, 'batch_size': 16, 'step_size': 9, 'gamma': 0.786607648841112}. Best is trial 6 with value: 0.17017900943756104.[0m
[32m[I 2025-01-04 06:48:18,238][0m Trial 14 finished with value: 0.1922308482050486 and parameters: {'observation_period_num': 210, 'train_rates': 0.8941651406660475, 'learning_rate': 0.00016270538049739186, 'batch_size': 52, 'step_size': 14, 'gamma': 0.8753408594277728}. Best is trial 6 with value: 0.17017900943756104.[0m
[32m[I 2025-01-04 06:53:18,174][0m Trial 15 finished with value: 0.4819578095103189 and parameters: {'observation_period_num': 215, 'train_rates': 0.8414595274032786, 'learning_rate': 0.000158655967943234, 'batch_size': 115, 'step_size': 15, 'gamma': 0.8899142126096253}. Best is trial 6 with value: 0.17017900943756104.[0m
[32m[I 2025-01-04 06:57:52,197][0m Trial 16 finished with value: 1.4335884455478554 and parameters: {'observation_period_num': 209, 'train_rates': 0.7596438039101432, 'learning_rate': 0.0008524547861330282, 'batch_size': 148, 'step_size': 13, 'gamma': 0.9171034373089414}. Best is trial 6 with value: 0.17017900943756104.[0m
[32m[I 2025-01-04 07:03:21,697][0m Trial 17 finished with value: 0.19479038443746446 and parameters: {'observation_period_num': 217, 'train_rates': 0.9134145819736416, 'learning_rate': 0.0003218775316845543, 'batch_size': 60, 'step_size': 3, 'gamma': 0.8585984694374602}. Best is trial 6 with value: 0.17017900943756104.[0m
[32m[I 2025-01-04 07:06:33,951][0m Trial 18 finished with value: 0.32542205780890643 and parameters: {'observation_period_num': 145, 'train_rates': 0.8547456565387233, 'learning_rate': 9.111533288880636e-05, 'batch_size': 163, 'step_size': 13, 'gamma': 0.8571954532862336}. Best is trial 6 with value: 0.17017900943756104.[0m
[32m[I 2025-01-04 07:11:37,991][0m Trial 19 finished with value: 0.7450610169673556 and parameters: {'observation_period_num': 225, 'train_rates': 0.7923889940360727, 'learning_rate': 0.00045073630535172305, 'batch_size': 102, 'step_size': 7, 'gamma': 0.9145597691298907}. Best is trial 6 with value: 0.17017900943756104.[0m
[32m[I 2025-01-04 07:16:41,459][0m Trial 20 finished with value: 0.16599937627712885 and parameters: {'observation_period_num': 192, 'train_rates': 0.9024477035943155, 'learning_rate': 0.0001134485731828523, 'batch_size': 18, 'step_size': 3, 'gamma': 0.900259494149992}. Best is trial 20 with value: 0.16599937627712885.[0m
[32m[I 2025-01-04 07:22:13,383][0m Trial 21 finished with value: 0.19342011474865548 and parameters: {'observation_period_num': 202, 'train_rates': 0.8974933317923347, 'learning_rate': 9.36768042202046e-05, 'batch_size': 17, 'step_size': 3, 'gamma': 0.9049045535700534}. Best is trial 20 with value: 0.16599937627712885.[0m
[32m[I 2025-01-04 07:28:07,130][0m Trial 22 finished with value: 0.12550456574984958 and parameters: {'observation_period_num': 230, 'train_rates': 0.9360364237084997, 'learning_rate': 0.00015979076023269127, 'batch_size': 58, 'step_size': 3, 'gamma': 0.9396763459031316}. Best is trial 22 with value: 0.12550456574984958.[0m
[32m[I 2025-01-04 07:34:24,867][0m Trial 23 finished with value: 0.8542190321375814 and parameters: {'observation_period_num': 236, 'train_rates': 0.9347096718435149, 'learning_rate': 0.0005271595497716678, 'batch_size': 32, 'step_size': 3, 'gamma': 0.9429305743323204}. Best is trial 22 with value: 0.12550456574984958.[0m
[32m[I 2025-01-04 07:38:39,282][0m Trial 24 finished with value: 0.15397652398936357 and parameters: {'observation_period_num': 175, 'train_rates': 0.9432132383278179, 'learning_rate': 6.387226856848816e-05, 'batch_size': 64, 'step_size': 2, 'gamma': 0.9371843053621732}. Best is trial 22 with value: 0.12550456574984958.[0m
[32m[I 2025-01-04 07:42:48,541][0m Trial 25 finished with value: 0.13630701700846354 and parameters: {'observation_period_num': 169, 'train_rates': 0.9571483438693589, 'learning_rate': 6.61258195784384e-05, 'batch_size': 68, 'step_size': 2, 'gamma': 0.942256347143463}. Best is trial 22 with value: 0.12550456574984958.[0m
[32m[I 2025-01-04 07:46:01,068][0m Trial 26 finished with value: 0.31493126209509575 and parameters: {'observation_period_num': 129, 'train_rates': 0.958364934233121, 'learning_rate': 1.7537728338257783e-05, 'batch_size': 69, 'step_size': 1, 'gamma': 0.9418555226317278}. Best is trial 22 with value: 0.12550456574984958.[0m
[32m[I 2025-01-04 07:48:59,970][0m Trial 27 finished with value: 1.0104849258674442 and parameters: {'observation_period_num': 164, 'train_rates': 0.6104993940419752, 'learning_rate': 5.3419625795828567e-05, 'batch_size': 109, 'step_size': 2, 'gamma': 0.9597442440907851}. Best is trial 22 with value: 0.12550456574984958.[0m
[32m[I 2025-01-04 07:52:07,395][0m Trial 28 finished with value: 0.4112988895941578 and parameters: {'observation_period_num': 137, 'train_rates': 0.87274443333524, 'learning_rate': 2.1602768446974734e-05, 'batch_size': 67, 'step_size': 2, 'gamma': 0.9223132723022694}. Best is trial 22 with value: 0.12550456574984958.[0m
[32m[I 2025-01-04 07:56:04,034][0m Trial 29 finished with value: 0.35125401257311256 and parameters: {'observation_period_num': 174, 'train_rates': 0.814691832903109, 'learning_rate': 5.788424908387622e-05, 'batch_size': 42, 'step_size': 6, 'gamma': 0.933491533178952}. Best is trial 22 with value: 0.12550456574984958.[0m
[32m[I 2025-01-04 08:01:00,042][0m Trial 30 finished with value: 0.11589787524938583 and parameters: {'observation_period_num': 191, 'train_rates': 0.9549212955605125, 'learning_rate': 3.809845885757425e-05, 'batch_size': 31, 'step_size': 4, 'gamma': 0.9559097068499188}. Best is trial 30 with value: 0.11589787524938583.[0m
[32m[I 2025-01-04 08:05:54,354][0m Trial 31 finished with value: 0.11290356631462391 and parameters: {'observation_period_num': 191, 'train_rates': 0.9579627345104076, 'learning_rate': 4.628294811814955e-05, 'batch_size': 34, 'step_size': 4, 'gamma': 0.9617107496926638}. Best is trial 31 with value: 0.11290356631462391.[0m
[32m[I 2025-01-04 08:11:01,187][0m Trial 32 finished with value: 0.17362911012910662 and parameters: {'observation_period_num': 193, 'train_rates': 0.9620467723861033, 'learning_rate': 7.417128731114707e-06, 'batch_size': 34, 'step_size': 4, 'gamma': 0.9554444449611399}. Best is trial 31 with value: 0.11290356631462391.[0m
[32m[I 2025-01-04 08:17:18,997][0m Trial 33 finished with value: 0.11181650310754776 and parameters: {'observation_period_num': 227, 'train_rates': 0.9896992260841736, 'learning_rate': 3.945325673354463e-05, 'batch_size': 35, 'step_size': 4, 'gamma': 0.9647134759283482}. Best is trial 33 with value: 0.11181650310754776.[0m
[32m[I 2025-01-04 08:23:40,615][0m Trial 34 finished with value: 0.11654647232757674 and parameters: {'observation_period_num': 230, 'train_rates': 0.9870495065923905, 'learning_rate': 2.4979736725395312e-05, 'batch_size': 31, 'step_size': 7, 'gamma': 0.989322665303394}. Best is trial 33 with value: 0.11181650310754776.[0m
[32m[I 2025-01-04 08:27:48,711][0m Trial 35 finished with value: 0.7338087021873578 and parameters: {'observation_period_num': 199, 'train_rates': 0.6733388933250005, 'learning_rate': 2.0791048302522614e-05, 'batch_size': 33, 'step_size': 7, 'gamma': 0.9685546826262411}. Best is trial 33 with value: 0.11181650310754776.[0m
[32m[I 2025-01-04 08:33:49,356][0m Trial 36 finished with value: 0.13046909868717194 and parameters: {'observation_period_num': 221, 'train_rates': 0.9860007714367919, 'learning_rate': 3.813433165413512e-05, 'batch_size': 39, 'step_size': 6, 'gamma': 0.9827866647835638}. Best is trial 33 with value: 0.11181650310754776.[0m
[32m[I 2025-01-04 08:36:45,852][0m Trial 37 finished with value: 0.13457387693701905 and parameters: {'observation_period_num': 112, 'train_rates': 0.9670139927220909, 'learning_rate': 7.837417567088162e-06, 'batch_size': 27, 'step_size': 8, 'gamma': 0.9867103431431714}. Best is trial 33 with value: 0.11181650310754776.[0m
[32m[I 2025-01-04 08:38:09,038][0m Trial 38 finished with value: 0.1531429963727151 and parameters: {'observation_period_num': 50, 'train_rates': 0.9145666151095969, 'learning_rate': 1.6666515446579217e-05, 'batch_size': 48, 'step_size': 4, 'gamma': 0.9620705673070016}. Best is trial 33 with value: 0.11181650310754776.[0m
[32m[I 2025-01-04 08:41:48,539][0m Trial 39 finished with value: 0.14566677127009123 and parameters: {'observation_period_num': 152, 'train_rates': 0.9454641542514128, 'learning_rate': 4.294741412508611e-05, 'batch_size': 83, 'step_size': 5, 'gamma': 0.9682906998683543}. Best is trial 33 with value: 0.11181650310754776.[0m
[32m[I 2025-01-04 08:46:31,792][0m Trial 40 finished with value: 0.1624363213777542 and parameters: {'observation_period_num': 187, 'train_rates': 0.9891453463250162, 'learning_rate': 2.7736683306653915e-05, 'batch_size': 206, 'step_size': 7, 'gamma': 0.9897242341668547}. Best is trial 33 with value: 0.11181650310754776.[0m
[32m[I 2025-01-04 08:52:25,185][0m Trial 41 finished with value: 0.16686362933878804 and parameters: {'observation_period_num': 231, 'train_rates': 0.9252222810940859, 'learning_rate': 2.64119469012545e-05, 'batch_size': 55, 'step_size': 5, 'gamma': 0.9501968663460398}. Best is trial 33 with value: 0.11181650310754776.[0m
[32m[I 2025-01-04 08:58:39,665][0m Trial 42 finished with value: 0.13164815406004587 and parameters: {'observation_period_num': 229, 'train_rates': 0.9451694181817639, 'learning_rate': 0.00011709424017173108, 'batch_size': 26, 'step_size': 4, 'gamma': 0.9770542142094711}. Best is trial 33 with value: 0.11181650310754776.[0m
[32m[I 2025-01-04 09:04:53,088][0m Trial 43 finished with value: 0.1239633506282847 and parameters: {'observation_period_num': 239, 'train_rates': 0.9307698706418571, 'learning_rate': 4.0534300855451786e-05, 'batch_size': 45, 'step_size': 6, 'gamma': 0.9720367759108577}. Best is trial 33 with value: 0.11181650310754776.[0m
[32m[I 2025-01-04 09:11:41,056][0m Trial 44 finished with value: 0.11497030446403905 and parameters: {'observation_period_num': 250, 'train_rates': 0.9721354615554337, 'learning_rate': 3.6416261890142844e-05, 'batch_size': 44, 'step_size': 6, 'gamma': 0.9737720901024949}. Best is trial 33 with value: 0.11181650310754776.[0m
[32m[I 2025-01-04 09:18:14,653][0m Trial 45 finished with value: 0.17851423260606367 and parameters: {'observation_period_num': 248, 'train_rates': 0.9701472974172538, 'learning_rate': 1.193745471723013e-05, 'batch_size': 77, 'step_size': 8, 'gamma': 0.9559895025899043}. Best is trial 33 with value: 0.11181650310754776.[0m
[32m[I 2025-01-04 09:23:33,477][0m Trial 46 finished with value: 0.12188121676445007 and parameters: {'observation_period_num': 207, 'train_rates': 0.9704288110462561, 'learning_rate': 7.734984678101612e-05, 'batch_size': 91, 'step_size': 5, 'gamma': 0.9758310530994426}. Best is trial 33 with value: 0.11181650310754776.[0m
[32m[I 2025-01-04 09:30:30,580][0m Trial 47 finished with value: 0.10033188735024404 and parameters: {'observation_period_num': 252, 'train_rates': 0.9565631974326987, 'learning_rate': 4.7662824173442816e-05, 'batch_size': 24, 'step_size': 4, 'gamma': 0.92851798592133}. Best is trial 47 with value: 0.10033188735024404.[0m
