[32m[I 2025-01-04 12:08:40,759][0m Trial 13 finished with value: 0.16220768150829135 and parameters: {'observation_period_num': 250, 'train_rates': 0.9846848084205895, 'learning_rate': 4.436925611458736e-06, 'batch_size': 23, 'step_size': 15, 'gamma': 0.9847667683651601}. Best is trial 11 with value: 0.08544641569620226.[0m
[32m[I 2025-01-04 12:13:49,112][0m Trial 14 finished with value: 1.9331223141063343 and parameters: {'observation_period_num': 205, 'train_rates': 0.9202270285627688, 'learning_rate': 0.0008726066441329239, 'batch_size': 56, 'step_size': 12, 'gamma': 0.9186585899186566}. Best is trial 11 with value: 0.08544641569620226.[0m
[32m[I 2025-01-04 12:15:12,008][0m Trial 15 finished with value: 0.15973226847697278 and parameters: {'observation_period_num': 55, 'train_rates': 0.932342588072517, 'learning_rate': 4.51033831313416e-05, 'batch_size': 53, 'step_size': 13, 'gamma': 0.913148048516122}. Best is trial 11 with value: 0.08544641569620226.[0m
[32m[I 2025-01-04 12:20:28,329][0m Trial 16 finished with value: 0.2929550907683612 and parameters: {'observation_period_num': 218, 'train_rates': 0.8906925094435109, 'learning_rate': 0.00019083866046415193, 'batch_size': 94, 'step_size': 10, 'gamma': 0.9898573374299433}. Best is trial 11 with value: 0.08544641569620226.[0m
[32m[I 2025-01-04 12:22:12,337][0m Trial 17 finished with value: 0.142413829267025 and parameters: {'observation_period_num': 63, 'train_rates': 0.9567426283968239, 'learning_rate': 1.324241814932032e-05, 'batch_size': 39, 'step_size': 14, 'gamma': 0.9539305476973697}. Best is trial 11 with value: 0.08544641569620226.[0m
[32m[I 2025-01-04 12:25:36,944][0m Trial 18 finished with value: 0.2625466791169891 and parameters: {'observation_period_num': 152, 'train_rates': 0.8695125612011315, 'learning_rate': 5.2153540171117803e-05, 'batch_size': 86, 'step_size': 10, 'gamma': 0.9056942128649779}. Best is trial 11 with value: 0.08544641569620226.[0m
[32m[I 2025-01-04 12:30:17,006][0m Trial 19 finished with value: 0.5635551109568764 and parameters: {'observation_period_num': 189, 'train_rates': 0.9527388382606445, 'learning_rate': 2.79709783420276e-06, 'batch_size': 119, 'step_size': 12, 'gamma': 0.8512107437265459}. Best is trial 11 with value: 0.08544641569620226.[0m
[32m[I 2025-01-04 12:31:42,868][0m Trial 20 finished with value: 0.6502417484425926 and parameters: {'observation_period_num': 29, 'train_rates': 0.7002967953801074, 'learning_rate': 2.5618097187084614e-05, 'batch_size': 39, 'step_size': 14, 'gamma': 0.9680014793564575}. Best is trial 11 with value: 0.08544641569620226.[0m
[32m[I 2025-01-04 12:39:01,914][0m Trial 21 finished with value: 0.13634307836664133 and parameters: {'observation_period_num': 246, 'train_rates': 0.989451221601471, 'learning_rate': 0.00010347164481311889, 'batch_size': 17, 'step_size': 15, 'gamma': 0.9370276756782875}. Best is trial 11 with value: 0.08544641569620226.[0m
[32m[I 2025-01-04 12:45:31,704][0m Trial 22 finished with value: 0.15905939228832722 and parameters: {'observation_period_num': 229, 'train_rates': 0.960554806313838, 'learning_rate': 6.662625437025086e-05, 'batch_size': 19, 'step_size': 15, 'gamma': 0.9351109265303228}. Best is trial 11 with value: 0.08544641569620226.[0m
[32m[I 2025-01-04 12:51:37,229][0m Trial 23 finished with value: 0.1428326666355133 and parameters: {'observation_period_num': 228, 'train_rates': 0.9873263350709738, 'learning_rate': 0.00017915142980273445, 'batch_size': 66, 'step_size': 13, 'gamma': 0.89221172816338}. Best is trial 11 with value: 0.08544641569620226.[0m
[32m[I 2025-01-04 12:56:18,037][0m Trial 24 finished with value: 0.2716748394862632 and parameters: {'observation_period_num': 191, 'train_rates': 0.8873815659141429, 'learning_rate': 7.404883808654376e-05, 'batch_size': 39, 'step_size': 11, 'gamma': 0.937891995087067}. Best is trial 11 with value: 0.08544641569620226.[0m
[32m[I 2025-01-04 13:00:35,230][0m Trial 25 finished with value: 0.1470354038476944 and parameters: {'observation_period_num': 170, 'train_rates': 0.9463974273637982, 'learning_rate': 2.1363953988957887e-05, 'batch_size': 38, 'step_size': 13, 'gamma': 0.9705913318768573}. Best is trial 11 with value: 0.08544641569620226.[0m
[32m[I 2025-01-04 13:06:29,942][0m Trial 26 finished with value: 0.394602382183075 and parameters: {'observation_period_num': 213, 'train_rates': 0.9087712268247583, 'learning_rate': 0.0003575750182678822, 'batch_size': 16, 'step_size': 14, 'gamma': 0.9470262715516308}. Best is trial 11 with value: 0.08544641569620226.[0m
[32m[I 2025-01-04 13:09:45,432][0m Trial 27 finished with value: 0.26616818328266556 and parameters: {'observation_period_num': 133, 'train_rates': 0.9674426959913718, 'learning_rate': 5.842807099847449e-06, 'batch_size': 77, 'step_size': 15, 'gamma': 0.9254384871977455}. Best is trial 11 with value: 0.08544641569620226.[0m
[32m[I 2025-01-04 13:16:16,145][0m Trial 28 finished with value: 0.19066368743200987 and parameters: {'observation_period_num': 252, 'train_rates': 0.9330605125119885, 'learning_rate': 0.00016277515368505826, 'batch_size': 56, 'step_size': 11, 'gamma': 0.8937534007668707}. Best is trial 11 with value: 0.08544641569620226.[0m
[32m[I 2025-01-04 13:20:39,193][0m Trial 29 finished with value: 0.28274407960333914 and parameters: {'observation_period_num': 186, 'train_rates': 0.9044600887493071, 'learning_rate': 3.999914361003239e-05, 'batch_size': 243, 'step_size': 8, 'gamma': 0.8514270407997165}. Best is trial 11 with value: 0.08544641569620226.[0m
[32m[I 2025-01-04 13:26:18,984][0m Trial 30 finished with value: 0.28899009517357177 and parameters: {'observation_period_num': 236, 'train_rates': 0.8697828980663213, 'learning_rate': 1.9313089437462956e-05, 'batch_size': 112, 'step_size': 14, 'gamma': 0.9746812188797153}. Best is trial 11 with value: 0.08544641569620226.[0m
[32m[I 2025-01-04 13:33:08,045][0m Trial 31 finished with value: 0.10907194231237684 and parameters: {'observation_period_num': 242, 'train_rates': 0.9845988292949095, 'learning_rate': 0.00010640904887375956, 'batch_size': 30, 'step_size': 15, 'gamma': 0.941095068551}. Best is trial 11 with value: 0.08544641569620226.[0m
[32m[I 2025-01-04 13:38:34,141][0m Trial 32 finished with value: 0.15200118720531464 and parameters: {'observation_period_num': 204, 'train_rates': 0.9694246552150312, 'learning_rate': 8.94838284310354e-05, 'batch_size': 34, 'step_size': 15, 'gamma': 0.9541652355932209}. Best is trial 11 with value: 0.08544641569620226.[0m
[32m[I 2025-01-04 13:44:34,564][0m Trial 33 finished with value: 0.15260598063468933 and parameters: {'observation_period_num': 236, 'train_rates': 0.932645263104953, 'learning_rate': 0.00013106971367506473, 'batch_size': 217, 'step_size': 13, 'gamma': 0.9280441497895067}. Best is trial 11 with value: 0.08544641569620226.[0m
[32m[I 2025-01-04 13:50:23,868][0m Trial 34 finished with value: 0.12330732494592667 and parameters: {'observation_period_num': 217, 'train_rates': 0.9882483909710486, 'learning_rate': 5.4613442774081716e-05, 'batch_size': 49, 'step_size': 14, 'gamma': 0.898204678667163}. Best is trial 11 with value: 0.08544641569620226.[0m
[32m[I 2025-01-04 13:52:20,138][0m Trial 35 finished with value: 0.1653799362204693 and parameters: {'observation_period_num': 77, 'train_rates': 0.9437444772477396, 'learning_rate': 3.1569525892891756e-05, 'batch_size': 50, 'step_size': 14, 'gamma': 0.964286144328372}. Best is trial 11 with value: 0.08544641569620226.[0m
[32m[I 2025-01-04 13:58:06,552][0m Trial 36 finished with value: 0.13094750344753264 and parameters: {'observation_period_num': 220, 'train_rates': 0.9728005571287172, 'learning_rate': 6.19042319580665e-05, 'batch_size': 67, 'step_size': 13, 'gamma': 0.897935655102492}. Best is trial 11 with value: 0.08544641569620226.[0m
Early stopping at epoch 95
[32m[I 2025-01-04 14:02:26,637][0m Trial 37 finished with value: 0.30942291165763586 and parameters: {'observation_period_num': 178, 'train_rates': 0.9181670461695861, 'learning_rate': 0.00029427508854026863, 'batch_size': 30, 'step_size': 1, 'gamma': 0.8588612554434613}. Best is trial 11 with value: 0.08544641569620226.[0m
[32m[I 2025-01-04 14:02:53,165][0m Trial 38 finished with value: 1.022592511091623 and parameters: {'observation_period_num': 6, 'train_rates': 0.6023447303643259, 'learning_rate': 3.6052723928072144e-05, 'batch_size': 111, 'step_size': 11, 'gamma': 0.9111292095139203}. Best is trial 11 with value: 0.08544641569620226.[0m
[32m[I 2025-01-04 14:05:16,396][0m Trial 39 finished with value: 0.36743736243390185 and parameters: {'observation_period_num': 111, 'train_rates': 0.8230820995820265, 'learning_rate': 1.1472343623791554e-05, 'batch_size': 51, 'step_size': 6, 'gamma': 0.9785780635127785}. Best is trial 11 with value: 0.08544641569620226.[0m
[32m[I 2025-01-04 14:09:25,538][0m Trial 40 finished with value: 0.7568382923833785 and parameters: {'observation_period_num': 202, 'train_rates': 0.7182836339188203, 'learning_rate': 0.00012860047327204946, 'batch_size': 128, 'step_size': 9, 'gamma': 0.8658410709291658}. Best is trial 11 with value: 0.08544641569620226.[0m
[32m[I 2025-01-04 14:15:42,258][0m Trial 41 finished with value: 0.15117965324316174 and parameters: {'observation_period_num': 229, 'train_rates': 0.9765131788870591, 'learning_rate': 7.364876498159864e-05, 'batch_size': 29, 'step_size': 15, 'gamma': 0.9445445323490148}. Best is trial 11 with value: 0.08544641569620226.[0m
[32m[I 2025-01-04 14:22:10,093][0m Trial 42 finished with value: 0.11910570412874222 and parameters: {'observation_period_num': 239, 'train_rates': 0.9890509529349609, 'learning_rate': 4.9931425104304894e-05, 'batch_size': 44, 'step_size': 14, 'gamma': 0.8827705846669182}. Best is trial 11 with value: 0.08544641569620226.[0m
[32m[I 2025-01-04 14:27:46,605][0m Trial 43 finished with value: 0.11481118397343726 and parameters: {'observation_period_num': 215, 'train_rates': 0.9542310644453246, 'learning_rate': 5.033007530683237e-05, 'batch_size': 47, 'step_size': 14, 'gamma': 0.8823676106114611}. Best is trial 11 with value: 0.08544641569620226.[0m
[32m[I 2025-01-04 14:33:56,536][0m Trial 44 finished with value: 0.15604276524102392 and parameters: {'observation_period_num': 239, 'train_rates': 0.9556649079791101, 'learning_rate': 2.9125948071855746e-05, 'batch_size': 82, 'step_size': 14, 'gamma': 0.8823678757717758}. Best is trial 11 with value: 0.08544641569620226.[0m
[32m[I 2025-01-04 14:37:36,825][0m Trial 45 finished with value: 0.2148591341291155 and parameters: {'observation_period_num': 151, 'train_rates': 0.9376492302602029, 'learning_rate': 1.6718852116030607e-05, 'batch_size': 66, 'step_size': 12, 'gamma': 0.7876524648323107}. Best is trial 11 with value: 0.08544641569620226.[0m
[32m[I 2025-01-04 14:42:56,266][0m Trial 46 finished with value: 0.19059839255588 and parameters: {'observation_period_num': 200, 'train_rates': 0.9688955286798102, 'learning_rate': 0.00024668870439575636, 'batch_size': 32, 'step_size': 13, 'gamma': 0.8337136434599769}. Best is trial 11 with value: 0.08544641569620226.[0m
[32m[I 2025-01-04 14:43:48,603][0m Trial 47 finished with value: 0.4370186425681807 and parameters: {'observation_period_num': 39, 'train_rates': 0.9199785705576402, 'learning_rate': 7.77062531094215e-06, 'batch_size': 200, 'step_size': 15, 'gamma': 0.8247375836489466}. Best is trial 11 with value: 0.08544641569620226.[0m
[32m[I 2025-01-04 14:45:51,680][0m Trial 48 finished with value: 0.3548911239099353 and parameters: {'observation_period_num': 94, 'train_rates': 0.8886295933054175, 'learning_rate': 4.3380695697373565e-05, 'batch_size': 94, 'step_size': 3, 'gamma': 0.7521513414211018}. Best is trial 11 with value: 0.08544641569620226.[0m
