[32m[I 2025-01-04 02:43:08,026][0m Trial 16 finished with value: 0.3578569305812852 and parameters: {'observation_period_num': 219, 'train_rates': 0.8294480763969625, 'learning_rate': 0.000351787009137956, 'batch_size': 98, 'step_size': 5, 'gamma': 0.808540221680939}. Best is trial 7 with value: 0.1649254411458969.[0m
[32m[I 2025-01-04 02:45:43,737][0m Trial 17 finished with value: 1.026811770679664 and parameters: {'observation_period_num': 122, 'train_rates': 0.8797546872978226, 'learning_rate': 1.0568882215053146e-06, 'batch_size': 112, 'step_size': 3, 'gamma': 0.9859211927499261}. Best is trial 7 with value: 0.1649254411458969.[0m
[32m[I 2025-01-04 02:46:47,432][0m Trial 18 finished with value: 0.13041957186870887 and parameters: {'observation_period_num': 48, 'train_rates': 0.9369865465865885, 'learning_rate': 0.00039819424507881503, 'batch_size': 160, 'step_size': 6, 'gamma': 0.8557356891107897}. Best is trial 18 with value: 0.13041957186870887.[0m
[32m[I 2025-01-04 02:47:39,894][0m Trial 19 finished with value: 0.13791024990110512 and parameters: {'observation_period_num': 38, 'train_rates': 0.9432295735162443, 'learning_rate': 0.00032843804594328457, 'batch_size': 165, 'step_size': 6, 'gamma': 0.8579469566083314}. Best is trial 18 with value: 0.13041957186870887.[0m
[32m[I 2025-01-04 02:48:05,668][0m Trial 20 finished with value: 0.6297982216676076 and parameters: {'observation_period_num': 5, 'train_rates': 0.7455898339534808, 'learning_rate': 0.000271652617568539, 'batch_size': 161, 'step_size': 6, 'gamma': 0.7947172580813556}. Best is trial 18 with value: 0.13041957186870887.[0m
[32m[I 2025-01-04 02:49:01,843][0m Trial 21 finished with value: 0.15983577072620392 and parameters: {'observation_period_num': 42, 'train_rates': 0.9492557663181774, 'learning_rate': 0.0004947698418823499, 'batch_size': 207, 'step_size': 6, 'gamma': 0.8561794710903056}. Best is trial 18 with value: 0.13041957186870887.[0m
[32m[I 2025-01-04 02:49:56,118][0m Trial 22 finished with value: 0.11761733889579773 and parameters: {'observation_period_num': 39, 'train_rates': 0.9887502536782218, 'learning_rate': 0.000274319133329466, 'batch_size': 183, 'step_size': 10, 'gamma': 0.8502339834853416}. Best is trial 22 with value: 0.11761733889579773.[0m
[32m[I 2025-01-04 02:50:36,372][0m Trial 23 finished with value: 0.13630880415439606 and parameters: {'observation_period_num': 25, 'train_rates': 0.9869628505306665, 'learning_rate': 6.532232497004275e-05, 'batch_size': 160, 'step_size': 10, 'gamma': 0.8261070325732205}. Best is trial 22 with value: 0.11761733889579773.[0m
[32m[I 2025-01-04 02:51:10,151][0m Trial 24 finished with value: 0.16787105798721313 and parameters: {'observation_period_num': 21, 'train_rates': 0.9899106348398214, 'learning_rate': 6.137734202420443e-05, 'batch_size': 184, 'step_size': 10, 'gamma': 0.8186020370959304}. Best is trial 22 with value: 0.11761733889579773.[0m
[32m[I 2025-01-04 02:52:40,775][0m Trial 25 finished with value: 0.14541424810886383 and parameters: {'observation_period_num': 65, 'train_rates': 0.9887906522411312, 'learning_rate': 5.7525868606063366e-05, 'batch_size': 156, 'step_size': 15, 'gamma': 0.8286858685069114}. Best is trial 22 with value: 0.11761733889579773.[0m
[32m[I 2025-01-04 02:57:22,964][0m Trial 26 finished with value: 0.2663645491943703 and parameters: {'observation_period_num': 191, 'train_rates': 0.9598292559136856, 'learning_rate': 1.3546017175588036e-05, 'batch_size': 91, 'step_size': 12, 'gamma': 0.7857326350515857}. Best is trial 22 with value: 0.11761733889579773.[0m
[32m[I 2025-01-04 02:57:55,397][0m Trial 27 finished with value: 0.14589145394837913 and parameters: {'observation_period_num': 21, 'train_rates': 0.9274363274666807, 'learning_rate': 0.00022565075285695577, 'batch_size': 196, 'step_size': 10, 'gamma': 0.9028382218701103}. Best is trial 22 with value: 0.11761733889579773.[0m
[32m[I 2025-01-04 03:04:20,305][0m Trial 28 finished with value: 0.18271060287952423 and parameters: {'observation_period_num': 247, 'train_rates': 0.9576093247903925, 'learning_rate': 9.102768701922629e-05, 'batch_size': 178, 'step_size': 9, 'gamma': 0.840807820012877}. Best is trial 22 with value: 0.11761733889579773.[0m
[32m[I 2025-01-04 03:05:13,202][0m Trial 29 finished with value: 0.18490737676620483 and parameters: {'observation_period_num': 38, 'train_rates': 0.9656688580535188, 'learning_rate': 0.0005061187549903755, 'batch_size': 150, 'step_size': 13, 'gamma': 0.8072373075494346}. Best is trial 22 with value: 0.11761733889579773.[0m
[32m[I 2025-01-04 03:07:06,924][0m Trial 30 finished with value: 0.21864271221809017 and parameters: {'observation_period_num': 87, 'train_rates': 0.8922101140988826, 'learning_rate': 0.00018273645426667969, 'batch_size': 120, 'step_size': 9, 'gamma': 0.8736427567822127}. Best is trial 22 with value: 0.11761733889579773.[0m
[32m[I 2025-01-04 03:07:56,175][0m Trial 31 finished with value: 0.12792989576314862 and parameters: {'observation_period_num': 36, 'train_rates': 0.9277877235031637, 'learning_rate': 0.0003393998991291847, 'batch_size': 168, 'step_size': 7, 'gamma': 0.8623758700430176}. Best is trial 22 with value: 0.11761733889579773.[0m
[32m[I 2025-01-04 03:08:57,917][0m Trial 32 finished with value: 0.189217553082095 and parameters: {'observation_period_num': 47, 'train_rates': 0.924060912664515, 'learning_rate': 0.0006754306648972268, 'batch_size': 203, 'step_size': 7, 'gamma': 0.837608334726675}. Best is trial 22 with value: 0.11761733889579773.[0m
[32m[I 2025-01-04 03:09:38,014][0m Trial 33 finished with value: 0.1308845579624176 and parameters: {'observation_period_num': 26, 'train_rates': 0.9752255307396882, 'learning_rate': 0.00032528474014504195, 'batch_size': 174, 'step_size': 9, 'gamma': 0.895003499928347}. Best is trial 22 with value: 0.11761733889579773.[0m
[32m[I 2025-01-04 03:10:01,617][0m Trial 34 finished with value: 0.10757067799568176 and parameters: {'observation_period_num': 5, 'train_rates': 0.9707094688598665, 'learning_rate': 0.0003974905889163145, 'batch_size': 222, 'step_size': 7, 'gamma': 0.8968141479926932}. Best is trial 34 with value: 0.10757067799568176.[0m
[32m[I 2025-01-04 03:10:24,510][0m Trial 35 finished with value: 0.27963813808993987 and parameters: {'observation_period_num': 5, 'train_rates': 0.853257331420793, 'learning_rate': 0.00041358125645927384, 'batch_size': 226, 'step_size': 7, 'gamma': 0.9251169968282649}. Best is trial 34 with value: 0.10757067799568176.[0m
[32m[I 2025-01-04 03:11:31,899][0m Trial 36 finished with value: 0.4070383415282148 and parameters: {'observation_period_num': 58, 'train_rates': 0.8352056966062279, 'learning_rate': 0.0009448271899879018, 'batch_size': 246, 'step_size': 8, 'gamma': 0.8788042633767852}. Best is trial 34 with value: 0.10757067799568176.[0m
[32m[I 2025-01-04 03:12:52,884][0m Trial 37 finished with value: 0.7071041837684425 and parameters: {'observation_period_num': 73, 'train_rates': 0.7040600948146909, 'learning_rate': 0.0002385609603513298, 'batch_size': 218, 'step_size': 7, 'gamma': 0.8951035338147446}. Best is trial 34 with value: 0.10757067799568176.[0m
[32m[I 2025-01-04 03:14:56,149][0m Trial 38 finished with value: 0.7709487066256194 and parameters: {'observation_period_num': 103, 'train_rates': 0.8028973844220056, 'learning_rate': 1.4582153006107225e-05, 'batch_size': 241, 'step_size': 11, 'gamma': 0.8584173680556796}. Best is trial 34 with value: 0.10757067799568176.[0m
[32m[I 2025-01-04 03:18:04,683][0m Trial 39 finished with value: 0.15924918581292313 and parameters: {'observation_period_num': 137, 'train_rates': 0.9248386872101518, 'learning_rate': 0.0005908990748242361, 'batch_size': 191, 'step_size': 9, 'gamma': 0.9081712832137401}. Best is trial 34 with value: 0.10757067799568176.[0m
[32m[I 2025-01-04 03:18:45,870][0m Trial 40 finished with value: 0.8391367591549997 and parameters: {'observation_period_num': 38, 'train_rates': 0.6174677798326696, 'learning_rate': 4.034262143450572e-05, 'batch_size': 144, 'step_size': 8, 'gamma': 0.9330440616317912}. Best is trial 34 with value: 0.10757067799568176.[0m
[32m[I 2025-01-04 03:19:17,850][0m Trial 41 finished with value: 0.1273641437292099 and parameters: {'observation_period_num': 17, 'train_rates': 0.9663088311589775, 'learning_rate': 0.00034024919543356385, 'batch_size': 176, 'step_size': 9, 'gamma': 0.8917559556880141}. Best is trial 34 with value: 0.10757067799568176.[0m
[32m[I 2025-01-04 03:19:44,824][0m Trial 42 finished with value: 0.2545488774776459 and parameters: {'observation_period_num': 16, 'train_rates': 0.9642431572424695, 'learning_rate': 0.0006712026860457533, 'batch_size': 213, 'step_size': 11, 'gamma': 0.8880765515958983}. Best is trial 34 with value: 0.10757067799568176.[0m
[32m[I 2025-01-04 03:20:27,868][0m Trial 43 finished with value: 0.15185193717479706 and parameters: {'observation_period_num': 30, 'train_rates': 0.9423069054236788, 'learning_rate': 0.00013641602314983393, 'batch_size': 180, 'step_size': 6, 'gamma': 0.8674262617562767}. Best is trial 34 with value: 0.10757067799568176.[0m
[32m[I 2025-01-04 03:21:46,273][0m Trial 44 finished with value: 0.12834294476816732 and parameters: {'observation_period_num': 15, 'train_rates': 0.9051547480611115, 'learning_rate': 0.0001926668238748875, 'batch_size': 54, 'step_size': 8, 'gamma': 0.8494225430705703}. Best is trial 34 with value: 0.10757067799568176.[0m
[32m[I 2025-01-04 03:23:44,427][0m Trial 45 finished with value: 0.14494975103812963 and parameters: {'observation_period_num': 13, 'train_rates': 0.9002138071024675, 'learning_rate': 0.000227037391898578, 'batch_size': 32, 'step_size': 8, 'gamma': 0.9468900915683522}. Best is trial 34 with value: 0.10757067799568176.[0m
[32m[I 2025-01-04 03:25:38,680][0m Trial 46 finished with value: 0.1222318017698196 and parameters: {'observation_period_num': 33, 'train_rates': 0.971753876380131, 'learning_rate': 8.895469445028305e-05, 'batch_size': 41, 'step_size': 9, 'gamma': 0.8859580434664015}. Best is trial 34 with value: 0.10757067799568176.[0m
[32m[I 2025-01-04 03:27:20,781][0m Trial 47 finished with value: 0.15067293122410774 and parameters: {'observation_period_num': 70, 'train_rates': 0.9681934919668534, 'learning_rate': 9.812936674489122e-05, 'batch_size': 69, 'step_size': 11, 'gamma': 0.8819784202266384}. Best is trial 34 with value: 0.10757067799568176.[0m
[32m[I 2025-01-04 03:28:07,084][0m Trial 48 finished with value: 0.15969665348529816 and parameters: {'observation_period_num': 33, 'train_rates': 0.9788657048526692, 'learning_rate': 4.376001386166919e-05, 'batch_size': 194, 'step_size': 12, 'gamma': 0.8695757549531407}. Best is trial 34 with value: 0.10757067799568176.[0m
[32m[I 2025-01-04 03:29:57,708][0m Trial 49 finished with value: 0.17028872668743134 and parameters: {'observation_period_num': 84, 'train_rates': 0.9535526755458101, 'learning_rate': 9.156820130634696e-05, 'batch_size': 228, 'step_size': 10, 'gamma': 0.9028761049856997}. Best is trial 34 with value: 0.10757067799568176.[0m
seasonal_0 „ÅÆÊúÄÈÅ©„Éè„Ç§„Éë„Éº„Éë„É©„É°„Éº„Çø„ÅåË¶ã„Å§„Åã„Çä„Åæ„Åó„Åü
ÊúÄÈÅ©ÂåñÂØæË±°: seasonal_1
[32m[I 2025-01-04 03:29:57,716][0m A new study created in memory with name: no-name-0efe07c5-0b27-487e-853f-59c9bd585782[0m
[32m[I 2025-01-04 03:33:02,564][0m Trial 0 finished with value: 0.3220149145314568 and parameters: {'observation_period_num': 142, 'train_rates': 0.8377964628167415, 'learning_rate': 9.967833422281735e-05, 'batch_size': 163, 'step_size': 11, 'gamma': 0.9534905311269135}. Best is trial 0 with value: 0.3220149145314568.[0m
[32m[I 2025-01-04 03:34:07,786][0m Trial 1 finished with value: 1.1954950725144529 and parameters: {'observation_period_num': 59, 'train_rates': 0.7402334325139764, 'learning_rate': 1.0792554647807237e-05, 'batch_size': 158, 'step_size': 1, 'gamma': 0.9792876295175281}. Best is trial 0 with value: 0.3220149145314568.[0m
[32m[I 2025-01-04 03:34:49,000][0m Trial 2 finished with value: 0.7216119924223566 and parameters: {'observation_period_num': 35, 'train_rates': 0.7724905502059679, 'learning_rate': 1.947869911581613e-05, 'batch_size': 192, 'step_size': 8, 'gamma': 0.9181856197002972}. Best is trial 0 with value: 0.3220149145314568.[0m
[32m[I 2025-01-04 03:36:20,593][0m Trial 3 finished with value: 0.18393708048043428 and parameters: {'observation_period_num': 5, 'train_rates': 0.9818518811697361, 'learning_rate': 1.5897715849429705e-05, 'batch_size': 46, 'step_size': 2, 'gamma': 0.9196845374123808}. Best is trial 3 with value: 0.18393708048043428.[0m
[32m[I 2025-01-04 03:39:41,287][0m Trial 4 finished with value: 1.1540228994329862 and parameters: {'observation_period_num': 175, 'train_rates': 0.6837359285319172, 'learning_rate': 8.610041538242757e-05, 'batch_size': 173, 'step_size': 3, 'gamma': 0.8054567700435407}. Best is trial 3 with value: 0.18393708048043428.[0m
[32m[I 2025-01-04 03:40:39,432][0m Trial 5 finished with value: 1.3839926214541418 and parameters: {'observation_period_num': 51, 'train_rates': 0.7763275499028646, 'learning_rate': 5.478202970232001e-06, 'batch_size': 200, 'step_size': 4, 'gamma': 0.8762732659574943}. Best is trial 3 with value: 0.18393708048043428.[0m
[32m[I 2025-01-04 03:42:19,613][0m Trial 6 finished with value: 0.7345894746261068 and parameters: {'observation_period_num': 79, 'train_rates': 0.8945081377470347, 'learning_rate': 4.790863271736524e-06, 'batch_size': 220, 'step_size': 11, 'gamma': 0.8950067856821977}. Best is trial 3 with value: 0.18393708048043428.[0m
[32m[I 2025-01-04 03:46:42,164][0m Trial 7 finished with value: 1.527044680658844 and parameters: {'observation_period_num': 222, 'train_rates': 0.647598260537076, 'learning_rate': 1.2516841562841924e-05, 'batch_size': 200, 'step_size': 2, 'gamma': 0.8707238552555421}. Best is trial 3 with value: 0.18393708048043428.[0m
[32m[I 2025-01-04 03:51:46,772][0m Trial 8 finished with value: 1.011105390604894 and parameters: {'observation_period_num': 242, 'train_rates': 0.7104796389214785, 'learning_rate': 0.0009241109130878801, 'batch_size': 133, 'step_size': 2, 'gamma': 0.9282277887136585}. Best is trial 3 with value: 0.18393708048043428.[0m
[32m[I 2025-01-04 03:54:29,782][0m Trial 9 finished with value: 0.7030598583345662 and parameters: {'observation_period_num': 77, 'train_rates': 0.8263756593199527, 'learning_rate': 0.00038553534381773616, 'batch_size': 24, 'step_size': 12, 'gamma': 0.7944290782458622}. Best is trial 3 with value: 0.18393708048043428.[0m
[32m[I 2025-01-04 03:56:16,940][0m Trial 10 finished with value: 0.7340173765877697 and parameters: {'observation_period_num': 7, 'train_rates': 0.9637749417808523, 'learning_rate': 1.2608172563293838e-06, 'batch_size': 45, 'step_size': 6, 'gamma': 0.8290335435416603}. Best is trial 3 with value: 0.18393708048043428.[0m
[32m[I 2025-01-04 03:59:32,259][0m Trial 11 finished with value: 0.1517658829689026 and parameters: {'observation_period_num': 132, 'train_rates': 0.9856396037466268, 'learning_rate': 6.289813973380431e-05, 'batch_size': 93, 'step_size': 14, 'gamma': 0.9736440675594619}. Best is trial 11 with value: 0.1517658829689026.[0m
[32m[I 2025-01-04 04:02:19,581][0m Trial 12 finished with value: 0.13253848254680634 and parameters: {'observation_period_num': 120, 'train_rates': 0.979615005066186, 'learning_rate': 5.675339023000129e-05, 'batch_size': 87, 'step_size': 15, 'gamma': 0.9750789005464604}. Best is trial 12 with value: 0.13253848254680634.[0m
[32m[I 2025-01-04 04:04:52,859][0m Trial 13 finished with value: 0.2267763472121695 and parameters: {'observation_period_num': 117, 'train_rates': 0.9029026561417702, 'learning_rate': 5.8982241530429356e-05, 'batch_size': 96, 'step_size': 15, 'gamma': 0.9870851258049281}. Best is trial 12 with value: 0.13253848254680634.[0m
[32m[I 2025-01-04 04:07:37,035][0m Trial 14 finished with value: 0.15288656047000312 and parameters: {'observation_period_num': 123, 'train_rates': 0.9234348054809551, 'learning_rate': 0.00022015781799524252, 'batch_size': 99, 'step_size': 15, 'gamma': 0.7574478642245982}. Best is trial 12 with value: 0.13253848254680634.[0m
[32m[I 2025-01-04 04:11:37,577][0m Trial 15 finished with value: 0.14903231355987612 and parameters: {'observation_period_num': 168, 'train_rates': 0.9345163761625093, 'learning_rate': 4.284455783175683e-05, 'batch_size': 96, 'step_size': 13, 'gamma': 0.9554461693553703}. Best is trial 12 with value: 0.13253848254680634.[0m
[32m[I 2025-01-04 04:15:56,659][0m Trial 16 finished with value: 0.31794575071163317 and parameters: {'observation_period_num': 191, 'train_rates': 0.849015010778021, 'learning_rate': 3.813670336607858e-05, 'batch_size': 134, 'step_size': 13, 'gamma': 0.9476746253106598}. Best is trial 12 with value: 0.13253848254680634.[0m
[32m[I 2025-01-04 04:20:05,031][0m Trial 17 finished with value: 0.13717786967754364 and parameters: {'observation_period_num': 176, 'train_rates': 0.9316977227849716, 'learning_rate': 0.00020895533244928022, 'batch_size': 256, 'step_size': 9, 'gamma': 0.8426503497808776}. Best is trial 12 with value: 0.13253848254680634.[0m
[32m[I 2025-01-04 04:24:00,647][0m Trial 18 finished with value: 0.929889628552072 and parameters: {'observation_period_num': 208, 'train_rates': 0.6048037251295397, 'learning_rate': 0.00021938595555918142, 'batch_size': 73, 'step_size': 9, 'gamma': 0.8291757772194651}. Best is trial 12 with value: 0.13253848254680634.[0m
[32m[I 2025-01-04 04:26:09,980][0m Trial 19 finished with value: 0.26934199192022024 and parameters: {'observation_period_num': 103, 'train_rates': 0.8801641515847474, 'learning_rate': 0.0008569507737712174, 'batch_size': 254, 'step_size': 6, 'gamma': 0.8231916831803578}. Best is trial 12 with value: 0.13253848254680634.[0m
[32m[I 2025-01-04 04:30:02,009][0m Trial 20 finished with value: 0.13420073688030243 and parameters: {'observation_period_num': 161, 'train_rates': 0.9429527839941501, 'learning_rate': 0.00015760030208232187, 'batch_size': 232, 'step_size': 10, 'gamma': 0.8511147384799468}. Best is trial 12 with value: 0.13253848254680634.[0m
[32m[I 2025-01-04 04:33:46,412][0m Trial 21 finished with value: 0.1422334760427475 and parameters: {'observation_period_num': 158, 'train_rates': 0.9431796679963387, 'learning_rate': 0.00016829051536553055, 'batch_size': 246, 'step_size': 10, 'gamma': 0.8529285728538535}. Best is trial 12 with value: 0.13253848254680634.[0m
[32m[I 2025-01-04 04:37:08,092][0m Trial 22 finished with value: 0.24886190376869619 and parameters: {'observation_period_num': 151, 'train_rates': 0.8699168924021038, 'learning_rate': 0.0004219275214046743, 'batch_size': 228, 'step_size': 6, 'gamma': 0.8465778666773294}. Best is trial 12 with value: 0.13253848254680634.[0m
[32m[I 2025-01-04 04:41:36,357][0m Trial 23 finished with value: 0.1294008046388626 and parameters: {'observation_period_num': 185, 'train_rates': 0.9504402103514317, 'learning_rate': 0.00011556011693108225, 'batch_size': 232, 'step_size': 8, 'gamma': 0.8819702919303827}. Best is trial 23 with value: 0.1294008046388626.[0m
[32m[I 2025-01-04 04:46:44,113][0m Trial 24 finished with value: 0.1393451690673828 and parameters: {'observation_period_num': 199, 'train_rates': 0.9882600487437883, 'learning_rate': 0.00012087026512303416, 'batch_size': 226, 'step_size': 7, 'gamma': 0.8868711662222761}. Best is trial 23 with value: 0.1294008046388626.[0m
[32m[I 2025-01-04 04:49:02,504][0m Trial 25 finished with value: 0.15308799120512875 and parameters: {'observation_period_num': 103, 'train_rates': 0.9539608164445439, 'learning_rate': 2.878628870501672e-05, 'batch_size': 120, 'step_size': 8, 'gamma': 0.9053130542286983}. Best is trial 23 with value: 0.1294008046388626.[0m
[32m[I 2025-01-04 04:54:45,124][0m Trial 26 finished with value: 0.1825161655375987 and parameters: {'observation_period_num': 231, 'train_rates': 0.9110087230700838, 'learning_rate': 0.00035755242874560545, 'batch_size': 177, 'step_size': 10, 'gamma': 0.7662229019474278}. Best is trial 23 with value: 0.1294008046388626.[0m
[32m[I 2025-01-04 04:58:51,168][0m Trial 27 finished with value: 0.3084776084305662 and parameters: {'observation_period_num': 187, 'train_rates': 0.8091365226289231, 'learning_rate': 0.00012173974839412106, 'batch_size': 71, 'step_size': 5, 'gamma': 0.7861022778217055}. Best is trial 23 with value: 0.1294008046388626.[0m
[32m[I 2025-01-04 05:02:04,063][0m Trial 28 finished with value: 0.36690350067921174 and parameters: {'observation_period_num': 145, 'train_rates': 0.8610795711040133, 'learning_rate': 2.7897972362094516e-05, 'batch_size': 218, 'step_size': 12, 'gamma': 0.8590210400258883}. Best is trial 23 with value: 0.1294008046388626.[0m
[32m[I 2025-01-04 05:07:26,841][0m Trial 29 finished with value: 0.1468297839164734 and parameters: {'observation_period_num': 211, 'train_rates': 0.9605805035798853, 'learning_rate': 7.454736655822823e-05, 'batch_size': 236, 'step_size': 11, 'gamma': 0.9469020930743922}. Best is trial 23 with value: 0.1294008046388626.[0m
[32m[I 2025-01-04 05:10:26,651][0m Trial 30 finished with value: 0.648938396977166 and parameters: {'observation_period_num': 139, 'train_rates': 0.8323818365572065, 'learning_rate': 0.0005950869528585434, 'batch_size': 150, 'step_size': 10, 'gamma': 0.9349987061026926}. Best is trial 23 with value: 0.1294008046388626.[0m
[32m[I 2025-01-04 05:14:31,770][0m Trial 31 finished with value: 0.1649332046508789 and parameters: {'observation_period_num': 173, 'train_rates': 0.9265295406675834, 'learning_rate': 0.00016488335268853403, 'batch_size': 253, 'step_size': 9, 'gamma': 0.8420003239565251}. Best is trial 23 with value: 0.1294008046388626.[0m
