ÊúÄÈÅ©ÂåñÂØæË±°: trend
[32m[I 2024-12-30 02:51:38,097][0m A new study created in memory with name: no-name-317711dc-3cdc-4142-82b9-c6f529da0082[0m
Non-A100 GPU detected, using math or mem efficient attention if input tensor is on cuda
/home2/y2021/k2110261/.conda/envs/tensorflow/lib/python3.11/contextlib.py:105: FutureWarning: `torch.backends.cuda.sdp_kernel()` is deprecated. In the future, this context manager will be removed. Please see `torch.nn.attention.sdpa_kernel()` for the new context manager, with updated signature.
  self.gen = func(*args, **kwds)
[32m[I 2024-12-30 02:54:28,091][0m Trial 0 finished with value: 0.8312454704718519 and parameters: {'observation_period_num': 215, 'train_rates': 0.6499136576781817, 'learning_rate': 1.1965916041576599e-06, 'batch_size': 202, 'step_size': 12, 'gamma': 0.9740564583090711}. Best is trial 0 with value: 0.8312454704718519.[0m
[32m[I 2024-12-30 03:00:55,749][0m Trial 1 finished with value: 0.5136375872603742 and parameters: {'observation_period_num': 13, 'train_rates': 0.6052370487827604, 'learning_rate': 0.0004764623402653452, 'batch_size': 52, 'step_size': 5, 'gamma': 0.7891088451855907}. Best is trial 1 with value: 0.5136375872603742.[0m
[32m[I 2024-12-30 03:03:57,016][0m Trial 2 finished with value: 0.39845083021082417 and parameters: {'observation_period_num': 247, 'train_rates': 0.726221735175133, 'learning_rate': 0.0007970987743185611, 'batch_size': 206, 'step_size': 1, 'gamma': 0.9236169945182181}. Best is trial 2 with value: 0.39845083021082417.[0m
[32m[I 2024-12-30 03:07:35,456][0m Trial 3 finished with value: 0.2510251370026691 and parameters: {'observation_period_num': 18, 'train_rates': 0.7321404554821885, 'learning_rate': 4.781919659711839e-06, 'batch_size': 111, 'step_size': 5, 'gamma': 0.7728594028469307}. Best is trial 3 with value: 0.2510251370026691.[0m
[32m[I 2024-12-30 03:10:42,931][0m Trial 4 finished with value: 0.36891231405355535 and parameters: {'observation_period_num': 102, 'train_rates': 0.6788407153478859, 'learning_rate': 1.1128134379408184e-05, 'batch_size': 154, 'step_size': 2, 'gamma': 0.885961745907862}. Best is trial 3 with value: 0.2510251370026691.[0m
[32m[I 2024-12-30 03:14:12,952][0m Trial 5 finished with value: 0.24432732008247876 and parameters: {'observation_period_num': 42, 'train_rates': 0.7768906782644691, 'learning_rate': 0.0006946827338859451, 'batch_size': 142, 'step_size': 15, 'gamma': 0.9108024275263099}. Best is trial 5 with value: 0.24432732008247876.[0m
[32m[I 2024-12-30 03:18:35,930][0m Trial 6 finished with value: 0.04149517518487864 and parameters: {'observation_period_num': 14, 'train_rates': 0.8221024631253029, 'learning_rate': 1.89417747404024e-05, 'batch_size': 83, 'step_size': 13, 'gamma': 0.7796399472014476}. Best is trial 6 with value: 0.04149517518487864.[0m
[32m[I 2024-12-30 03:22:05,018][0m Trial 7 finished with value: 0.2903830040551411 and parameters: {'observation_period_num': 93, 'train_rates': 0.7726331721186604, 'learning_rate': 7.97130348189353e-05, 'batch_size': 116, 'step_size': 3, 'gamma': 0.8465964636080361}. Best is trial 6 with value: 0.04149517518487864.[0m
[32m[I 2024-12-30 03:25:10,504][0m Trial 8 finished with value: 0.3134711389017736 and parameters: {'observation_period_num': 38, 'train_rates': 0.6611238314603672, 'learning_rate': 0.0009178857659690775, 'batch_size': 179, 'step_size': 13, 'gamma': 0.7819015691847875}. Best is trial 6 with value: 0.04149517518487864.[0m
[32m[I 2024-12-30 03:28:06,527][0m Trial 9 finished with value: 0.3831816146108126 and parameters: {'observation_period_num': 193, 'train_rates': 0.6618675915658526, 'learning_rate': 0.0005553389624387814, 'batch_size': 195, 'step_size': 6, 'gamma': 0.7680971328877273}. Best is trial 6 with value: 0.04149517518487864.[0m
[32m[I 2024-12-30 03:34:47,640][0m Trial 10 finished with value: 0.11772977575963857 and parameters: {'observation_period_num': 147, 'train_rates': 0.9124478225805576, 'learning_rate': 4.6386092557312325e-05, 'batch_size': 50, 'step_size': 10, 'gamma': 0.8385710185804803}. Best is trial 6 with value: 0.04149517518487864.[0m
[32m[I 2024-12-30 03:45:28,858][0m Trial 11 finished with value: 0.15312993109643042 and parameters: {'observation_period_num': 155, 'train_rates': 0.8975672175636988, 'learning_rate': 6.338171000576091e-05, 'batch_size': 31, 'step_size': 10, 'gamma': 0.8327764580149863}. Best is trial 6 with value: 0.04149517518487864.[0m
[32m[I 2024-12-30 03:50:17,670][0m Trial 12 finished with value: 0.10744163114577532 and parameters: {'observation_period_num': 141, 'train_rates': 0.8971243057895858, 'learning_rate': 2.023463499413359e-05, 'batch_size': 74, 'step_size': 10, 'gamma': 0.8132441966871716}. Best is trial 6 with value: 0.04149517518487864.[0m
[32m[I 2024-12-30 03:54:48,531][0m Trial 13 finished with value: 0.08027728508295479 and parameters: {'observation_period_num': 81, 'train_rates': 0.8533594645941125, 'learning_rate': 1.4065148005888414e-05, 'batch_size': 83, 'step_size': 9, 'gamma': 0.8111879558052336}. Best is trial 6 with value: 0.04149517518487864.[0m
[32m[I 2024-12-30 03:59:15,981][0m Trial 14 finished with value: 0.11140069332426396 and parameters: {'observation_period_num': 70, 'train_rates': 0.851054279344322, 'learning_rate': 4.628535496178783e-06, 'batch_size': 83, 'step_size': 8, 'gamma': 0.8020124812432182}. Best is trial 6 with value: 0.04149517518487864.[0m
[32m[I 2024-12-30 04:03:16,413][0m Trial 15 finished with value: 0.09256856212404067 and parameters: {'observation_period_num': 66, 'train_rates': 0.8326460581611884, 'learning_rate': 0.00017829247236916422, 'batch_size': 97, 'step_size': 15, 'gamma': 0.7580694471004629}. Best is trial 6 with value: 0.04149517518487864.[0m
[32m[I 2024-12-30 04:19:58,481][0m Trial 16 finished with value: 0.13342613719403743 and parameters: {'observation_period_num': 110, 'train_rates': 0.9647897936066102, 'learning_rate': 1.5252873830954089e-05, 'batch_size': 21, 'step_size': 12, 'gamma': 0.8632499399715305}. Best is trial 6 with value: 0.04149517518487864.[0m
[32m[I 2024-12-30 04:23:23,926][0m Trial 17 finished with value: 0.18040955190592484 and parameters: {'observation_period_num': 68, 'train_rates': 0.8366875810986109, 'learning_rate': 4.4885615551389355e-06, 'batch_size': 243, 'step_size': 8, 'gamma': 0.8177197828373477}. Best is trial 6 with value: 0.04149517518487864.[0m
[32m[I 2024-12-30 04:29:03,493][0m Trial 18 finished with value: 0.07378327109150051 and parameters: {'observation_period_num': 5, 'train_rates': 0.9672120284699417, 'learning_rate': 1.1687060579255141e-06, 'batch_size': 68, 'step_size': 13, 'gamma': 0.7503073377875937}. Best is trial 6 with value: 0.04149517518487864.[0m
[32m[I 2024-12-30 04:35:27,993][0m Trial 19 finished with value: 0.12596086368841283 and parameters: {'observation_period_num': 34, 'train_rates': 0.9768729409293498, 'learning_rate': 1.305671926973078e-06, 'batch_size': 59, 'step_size': 13, 'gamma': 0.7542404344462158}. Best is trial 6 with value: 0.04149517518487864.[0m
[32m[I 2024-12-30 04:39:34,285][0m Trial 20 finished with value: 0.05397643834270167 and parameters: {'observation_period_num': 5, 'train_rates': 0.9386014007439377, 'learning_rate': 2.398530706429531e-06, 'batch_size': 121, 'step_size': 14, 'gamma': 0.9727172459928884}. Best is trial 6 with value: 0.04149517518487864.[0m
[32m[I 2024-12-30 04:43:45,935][0m Trial 21 finished with value: 0.06052461420137858 and parameters: {'observation_period_num': 8, 'train_rates': 0.9340212322740047, 'learning_rate': 2.199720242778783e-06, 'batch_size': 118, 'step_size': 14, 'gamma': 0.9753217611471856}. Best is trial 6 with value: 0.04149517518487864.[0m
[32m[I 2024-12-30 04:47:52,381][0m Trial 22 finished with value: 0.09346713617126992 and parameters: {'observation_period_num': 42, 'train_rates': 0.9353607533102203, 'learning_rate': 2.4940869533760064e-06, 'batch_size': 128, 'step_size': 15, 'gamma': 0.9864385048809519}. Best is trial 6 with value: 0.04149517518487864.[0m
[32m[I 2024-12-30 04:51:48,930][0m Trial 23 finished with value: 0.05316093484205859 and parameters: {'observation_period_num': 24, 'train_rates': 0.93298304849974, 'learning_rate': 7.627613904275407e-06, 'batch_size': 154, 'step_size': 14, 'gamma': 0.9556355883593742}. Best is trial 6 with value: 0.04149517518487864.[0m
[32m[I 2024-12-30 04:55:32,359][0m Trial 24 finished with value: 0.08794666612651986 and parameters: {'observation_period_num': 53, 'train_rates': 0.8770484715504823, 'learning_rate': 7.491431327738885e-06, 'batch_size': 161, 'step_size': 12, 'gamma': 0.944066439815946}. Best is trial 6 with value: 0.04149517518487864.[0m
[32m[I 2024-12-30 04:59:32,161][0m Trial 25 finished with value: 0.054630306209363634 and parameters: {'observation_period_num': 25, 'train_rates': 0.8055438540770782, 'learning_rate': 2.638719375959305e-05, 'batch_size': 99, 'step_size': 11, 'gamma': 0.9427781008013281}. Best is trial 6 with value: 0.04149517518487864.[0m
[32m[I 2024-12-30 05:03:35,742][0m Trial 26 finished with value: 0.07232150915596221 and parameters: {'observation_period_num': 55, 'train_rates': 0.9375731003832001, 'learning_rate': 8.307267452535154e-06, 'batch_size': 142, 'step_size': 14, 'gamma': 0.9541433447961666}. Best is trial 6 with value: 0.04149517518487864.[0m
[32m[I 2024-12-30 05:07:00,520][0m Trial 27 finished with value: 0.22611308411548012 and parameters: {'observation_period_num': 124, 'train_rates': 0.8042032446753548, 'learning_rate': 2.7748321813081843e-06, 'batch_size': 165, 'step_size': 14, 'gamma': 0.8993657555856516}. Best is trial 6 with value: 0.04149517518487864.[0m
[32m[I 2024-12-30 05:10:57,597][0m Trial 28 finished with value: 0.04212893173098564 and parameters: {'observation_period_num': 27, 'train_rates': 0.9866021382438629, 'learning_rate': 0.000154714567074932, 'batch_size': 230, 'step_size': 11, 'gamma': 0.9251305436472405}. Best is trial 6 with value: 0.04149517518487864.[0m
[32m[I 2024-12-30 05:14:47,107][0m Trial 29 finished with value: 0.1705327033996582 and parameters: {'observation_period_num': 179, 'train_rates': 0.985320858801652, 'learning_rate': 0.00014888745350373356, 'batch_size': 247, 'step_size': 12, 'gamma': 0.9326307416733822}. Best is trial 6 with value: 0.04149517518487864.[0m
trend „ÅÆÊúÄÈÅ©„Éè„Ç§„Éë„Éº„Éë„É©„É°„Éº„Çø„ÅåË¶ã„Å§„Åã„Çä„Åæ„Åó„Åü
ÊúÄÈÅ©ÂåñÂØæË±°: seasonal_0
[32m[I 2024-12-30 05:14:47,112][0m A new study created in memory with name: no-name-2b9842e8-61b0-4d11-833d-6cd7c29d6d4f[0m
[32m[I 2024-12-30 05:17:59,163][0m Trial 0 finished with value: 0.32097455825547333 and parameters: {'observation_period_num': 142, 'train_rates': 0.6831927066465703, 'learning_rate': 0.0008381681345307543, 'batch_size': 212, 'step_size': 10, 'gamma': 0.9657376753542508}. Best is trial 0 with value: 0.32097455825547333.[0m
[32m[I 2024-12-30 05:20:55,385][0m Trial 1 finished with value: 0.493172664662731 and parameters: {'observation_period_num': 169, 'train_rates': 0.6200915745276181, 'learning_rate': 0.00012661488576231573, 'batch_size': 212, 'step_size': 12, 'gamma': 0.825339701808558}. Best is trial 0 with value: 0.32097455825547333.[0m
[32m[I 2024-12-30 05:23:53,245][0m Trial 2 finished with value: 0.32622598143334086 and parameters: {'observation_period_num': 153, 'train_rates': 0.6964021026552516, 'learning_rate': 9.54140691722771e-05, 'batch_size': 243, 'step_size': 11, 'gamma': 0.7910857238325013}. Best is trial 0 with value: 0.32097455825547333.[0m
[32m[I 2024-12-30 05:27:48,703][0m Trial 3 finished with value: 0.35981824070308066 and parameters: {'observation_period_num': 169, 'train_rates': 0.7682191705596312, 'learning_rate': 1.4848331518895061e-05, 'batch_size': 86, 'step_size': 7, 'gamma': 0.833614240405434}. Best is trial 0 with value: 0.32097455825547333.[0m
[32m[I 2024-12-30 05:30:49,253][0m Trial 4 finished with value: 0.22631775598584686 and parameters: {'observation_period_num': 7, 'train_rates': 0.6465684997624368, 'learning_rate': 1.0995609618971425e-06, 'batch_size': 229, 'step_size': 11, 'gamma': 0.9262311300004993}. Best is trial 4 with value: 0.22631775598584686.[0m
[32m[I 2024-12-30 05:35:21,918][0m Trial 5 finished with value: 0.11165272559110935 and parameters: {'observation_period_num': 103, 'train_rates': 0.8258698055661758, 'learning_rate': 0.0001862250750667558, 'batch_size': 76, 'step_size': 8, 'gamma': 0.7710700731613618}. Best is trial 5 with value: 0.11165272559110935.[0m
[32m[I 2024-12-30 05:40:05,229][0m Trial 6 finished with value: 0.3297346093152699 and parameters: {'observation_period_num': 150, 'train_rates': 0.8297005449368033, 'learning_rate': 1.729434762353148e-06, 'batch_size': 75, 'step_size': 3, 'gamma': 0.9014408352175229}. Best is trial 5 with value: 0.11165272559110935.[0m
[32m[I 2024-12-30 05:43:43,963][0m Trial 7 finished with value: 0.08013692298500809 and parameters: {'observation_period_num': 31, 'train_rates': 0.8668478970421216, 'learning_rate': 0.000764286066182096, 'batch_size': 215, 'step_size': 4, 'gamma': 0.961316729370759}. Best is trial 7 with value: 0.08013692298500809.[0m
Early stopping at epoch 85
[32m[I 2024-12-30 05:47:06,115][0m Trial 8 finished with value: 0.19720146254352902 and parameters: {'observation_period_num': 220, 'train_rates': 0.8311189075416292, 'learning_rate': 0.00011736844623385817, 'batch_size': 102, 'step_size': 1, 'gamma': 0.855010838484551}. Best is trial 7 with value: 0.08013692298500809.[0m
[32m[I 2024-12-30 05:50:22,454][0m Trial 9 finished with value: 0.49922868216479266 and parameters: {'observation_period_num': 193, 'train_rates': 0.7542081283212938, 'learning_rate': 6.6645450463239524e-06, 'batch_size': 188, 'step_size': 12, 'gamma': 0.7700686846498499}. Best is trial 7 with value: 0.08013692298500809.[0m
[32m[I 2024-12-30 05:54:26,278][0m Trial 10 finished with value: 0.06567563861608505 and parameters: {'observation_period_num': 23, 'train_rates': 0.9521353978142657, 'learning_rate': 0.0009378508771565122, 'batch_size': 151, 'step_size': 5, 'gamma': 0.9893872700958178}. Best is trial 10 with value: 0.06567563861608505.[0m
[32m[I 2024-12-30 05:58:34,646][0m Trial 11 finished with value: 0.051050711423158646 and parameters: {'observation_period_num': 16, 'train_rates': 0.9583470252230343, 'learning_rate': 0.0008063897760470949, 'batch_size': 145, 'step_size': 4, 'gamma': 0.9888153836389085}. Best is trial 11 with value: 0.051050711423158646.[0m
[32m[I 2024-12-30 06:02:37,242][0m Trial 12 finished with value: 0.059452854096889496 and parameters: {'observation_period_num': 51, 'train_rates': 0.9802341835668505, 'learning_rate': 0.0003840868010138375, 'batch_size': 152, 'step_size': 15, 'gamma': 0.9875288395369802}. Best is trial 11 with value: 0.051050711423158646.[0m
[32m[I 2024-12-30 06:06:44,274][0m Trial 13 finished with value: 0.12154947221279144 and parameters: {'observation_period_num': 80, 'train_rates': 0.9879547132484249, 'learning_rate': 0.0002801645743827505, 'batch_size': 137, 'step_size': 15, 'gamma': 0.9090691557651968}. Best is trial 11 with value: 0.051050711423158646.[0m
[32m[I 2024-12-30 06:10:29,715][0m Trial 14 finished with value: 0.10025346202728076 and parameters: {'observation_period_num': 57, 'train_rates': 0.9187852663757579, 'learning_rate': 3.658821146889081e-05, 'batch_size': 168, 'step_size': 15, 'gamma': 0.9491898867214873}. Best is trial 11 with value: 0.051050711423158646.[0m
[32m[I 2024-12-30 06:22:29,483][0m Trial 15 finished with value: 0.06253466514103553 and parameters: {'observation_period_num': 56, 'train_rates': 0.905766798075489, 'learning_rate': 0.00032470414770448334, 'batch_size': 29, 'step_size': 7, 'gamma': 0.9873687840026104}. Best is trial 11 with value: 0.051050711423158646.[0m
[32m[I 2024-12-30 06:26:41,599][0m Trial 16 finished with value: 0.12294425815343857 and parameters: {'observation_period_num': 100, 'train_rates': 0.9838164277955599, 'learning_rate': 4.035988735650729e-05, 'batch_size': 115, 'step_size': 2, 'gamma': 0.8856459829276933}. Best is trial 11 with value: 0.051050711423158646.[0m
[32m[I 2024-12-30 06:30:32,827][0m Trial 17 finished with value: 0.09811074069635135 and parameters: {'observation_period_num': 48, 'train_rates': 0.9122830875725433, 'learning_rate': 0.00039684739502283457, 'batch_size': 162, 'step_size': 5, 'gamma': 0.9472828270295188}. Best is trial 11 with value: 0.051050711423158646.[0m
[32m[I 2024-12-30 06:34:30,016][0m Trial 18 finished with value: 0.03682366001574113 and parameters: {'observation_period_num': 6, 'train_rates': 0.9363323972799562, 'learning_rate': 7.369791430155322e-05, 'batch_size': 186, 'step_size': 9, 'gamma': 0.931068329628434}. Best is trial 18 with value: 0.03682366001574113.[0m
[32m[I 2024-12-30 06:37:55,309][0m Trial 19 finished with value: 0.19579551747212043 and parameters: {'observation_period_num': 251, 'train_rates': 0.8791432386070274, 'learning_rate': 9.683564049678834e-06, 'batch_size': 188, 'step_size': 9, 'gamma': 0.9327810694334211}. Best is trial 18 with value: 0.03682366001574113.[0m
[32m[I 2024-12-30 06:46:06,579][0m Trial 20 finished with value: 0.05036762279440772 and parameters: {'observation_period_num': 12, 'train_rates': 0.9458865895269312, 'learning_rate': 3.2913097978205738e-06, 'batch_size': 45, 'step_size': 6, 'gamma': 0.9195212181123719}. Best is trial 18 with value: 0.03682366001574113.[0m
[32m[I 2024-12-30 06:58:20,464][0m Trial 21 finished with value: 0.035887865215001334 and parameters: {'observation_period_num': 10, 'train_rates': 0.9434195722422634, 'learning_rate': 6.544776772204642e-05, 'batch_size': 30, 'step_size': 6, 'gamma': 0.916341210826651}. Best is trial 21 with value: 0.035887865215001334.[0m
[32m[I 2024-12-30 07:20:04,452][0m Trial 22 finished with value: 0.07572437750483021 and parameters: {'observation_period_num': 82, 'train_rates': 0.9281112960666414, 'learning_rate': 6.25929589312625e-05, 'batch_size': 16, 'step_size': 6, 'gamma': 0.8788504036262028}. Best is trial 21 with value: 0.035887865215001334.[0m
[32m[I 2024-12-30 07:27:53,668][0m Trial 23 finished with value: 0.06676504139749097 and parameters: {'observation_period_num': 29, 'train_rates': 0.8783021854292836, 'learning_rate': 2.0309782336677613e-05, 'batch_size': 48, 'step_size': 8, 'gamma': 0.9135623225780755}. Best is trial 21 with value: 0.035887865215001334.[0m
[32m[I 2024-12-30 07:35:19,277][0m Trial 24 finished with value: 0.04341882525617818 and parameters: {'observation_period_num': 12, 'train_rates': 0.9434977225285937, 'learning_rate': 5.335123888906238e-06, 'batch_size': 49, 'step_size': 6, 'gamma': 0.8999805109572733}. Best is trial 21 with value: 0.035887865215001334.[0m
[32m[I 2024-12-30 07:42:34,760][0m Trial 25 finished with value: 0.06804315148674821 and parameters: {'observation_period_num': 40, 'train_rates': 0.8610392274476256, 'learning_rate': 4.743971850125433e-06, 'batch_size': 50, 'step_size': 7, 'gamma': 0.8585157154334803}. Best is trial 21 with value: 0.035887865215001334.[0m
[32m[I 2024-12-30 07:48:49,800][0m Trial 26 finished with value: 0.10558340142310506 and parameters: {'observation_period_num': 86, 'train_rates': 0.9006286648194954, 'learning_rate': 2.0352039122535446e-05, 'batch_size': 59, 'step_size': 9, 'gamma': 0.8998024691257045}. Best is trial 21 with value: 0.035887865215001334.[0m
[32m[I 2024-12-30 07:52:41,602][0m Trial 27 finished with value: 0.23760162474679164 and parameters: {'observation_period_num': 71, 'train_rates': 0.7873479686840268, 'learning_rate': 6.500442177150766e-05, 'batch_size': 107, 'step_size': 9, 'gamma': 0.937711245192087}. Best is trial 21 with value: 0.035887865215001334.[0m
[32m[I 2024-12-30 08:13:10,605][0m Trial 28 finished with value: 0.03727842797805746 and parameters: {'observation_period_num': 11, 'train_rates': 0.943366045762122, 'learning_rate': 5.750039083834037e-05, 'batch_size': 18, 'step_size': 5, 'gamma': 0.8824953852283711}. Best is trial 21 with value: 0.035887865215001334.[0m
[32m[I 2024-12-30 08:27:41,823][0m Trial 29 finished with value: 0.2748018300050435 and parameters: {'observation_period_num': 124, 'train_rates': 0.6940584983028263, 'learning_rate': 4.655603915449768e-05, 'batch_size': 19, 'step_size': 3, 'gamma': 0.8693274465878147}. Best is trial 21 with value: 0.035887865215001334.[0m
seasonal_0 „ÅÆÊúÄÈÅ©„Éè„Ç§„Éë„Éº„Éë„É©„É°„Éº„Çø„ÅåË¶ã„Å§„Åã„Çä„Åæ„Åó„Åü
ÊúÄÈÅ©ÂåñÂØæË±°: seasonal_1
[32m[I 2024-12-30 08:27:41,828][0m A new study created in memory with name: no-name-3a936333-ed45-47ab-a5a2-8f045e1b9b4b[0m
[32m[I 2024-12-30 08:31:08,534][0m Trial 0 finished with value: 0.24339519980791452 and parameters: {'observation_period_num': 210, 'train_rates': 0.8647177640148388, 'learning_rate': 9.06074659565672e-06, 'batch_size': 174, 'step_size': 6, 'gamma': 0.8554284734351925}. Best is trial 0 with value: 0.24339519980791452.[0m
[32m[I 2024-12-30 08:34:30,874][0m Trial 1 finished with value: 0.16227820216945657 and parameters: {'observation_period_num': 144, 'train_rates': 0.8395988002194663, 'learning_rate': 8.194495748943864e-06, 'batch_size': 243, 'step_size': 3, 'gamma': 0.9565259743800454}. Best is trial 1 with value: 0.16227820216945657.[0m
[32m[I 2024-12-30 08:42:33,731][0m Trial 2 finished with value: 0.2748258449439378 and parameters: {'observation_period_num': 119, 'train_rates': 0.6940822191070245, 'learning_rate': 0.0001491250763264693, 'batch_size': 35, 'step_size': 10, 'gamma': 0.8088195252922491}. Best is trial 1 with value: 0.16227820216945657.[0m
[32m[I 2024-12-30 08:45:37,901][0m Trial 3 finished with value: 0.38738954237182366 and parameters: {'observation_period_num': 138, 'train_rates': 0.6495696810982624, 'learning_rate': 3.821527763222735e-06, 'batch_size': 136, 'step_size': 12, 'gamma': 0.9400586167871995}. Best is trial 1 with value: 0.16227820216945657.[0m
