[32m[I 2024-12-30 08:48:35,968][0m Trial 4 finished with value: 0.38734291655471526 and parameters: {'observation_period_num': 141, 'train_rates': 0.7033518836246043, 'learning_rate': 1.2530313170965725e-05, 'batch_size': 256, 'step_size': 12, 'gamma': 0.8592078924736182}. Best is trial 1 with value: 0.16227820216945657.[0m
[32m[I 2024-12-30 08:52:38,625][0m Trial 5 finished with value: 0.16295211039351176 and parameters: {'observation_period_num': 13, 'train_rates': 0.7307685820081837, 'learning_rate': 7.817125694629453e-05, 'batch_size': 91, 'step_size': 14, 'gamma': 0.8101625369830456}. Best is trial 1 with value: 0.16227820216945657.[0m
[32m[I 2024-12-30 08:56:28,953][0m Trial 6 finished with value: 0.1034466449840827 and parameters: {'observation_period_num': 102, 'train_rates': 0.9235883594148653, 'learning_rate': 0.00011948412303701245, 'batch_size': 148, 'step_size': 9, 'gamma': 0.9190257008604488}. Best is trial 6 with value: 0.1034466449840827.[0m
[32m[I 2024-12-30 09:00:25,121][0m Trial 7 finished with value: 0.43373093008995056 and parameters: {'observation_period_num': 62, 'train_rates': 0.9729523453872048, 'learning_rate': 1.9234936578262794e-06, 'batch_size': 182, 'step_size': 3, 'gamma': 0.8488060026330441}. Best is trial 6 with value: 0.1034466449840827.[0m
[32m[I 2024-12-30 09:16:21,424][0m Trial 8 finished with value: 0.18255194572799177 and parameters: {'observation_period_num': 232, 'train_rates': 0.8468980638711644, 'learning_rate': 5.758341887645413e-06, 'batch_size': 19, 'step_size': 15, 'gamma': 0.764194230226407}. Best is trial 6 with value: 0.1034466449840827.[0m
[32m[I 2024-12-30 09:20:16,199][0m Trial 9 finished with value: 0.16658091864415578 and parameters: {'observation_period_num': 32, 'train_rates': 0.6387335397006059, 'learning_rate': 1.1006300696792494e-05, 'batch_size': 75, 'step_size': 14, 'gamma': 0.9529428065101907}. Best is trial 6 with value: 0.1034466449840827.[0m
[32m[I 2024-12-30 09:24:11,179][0m Trial 10 finished with value: 0.12680567800998688 and parameters: {'observation_period_num': 82, 'train_rates': 0.9759116311166655, 'learning_rate': 0.000782167618887097, 'batch_size': 195, 'step_size': 7, 'gamma': 0.9131365243704819}. Best is trial 6 with value: 0.1034466449840827.[0m
[32m[I 2024-12-30 09:28:07,678][0m Trial 11 finished with value: 0.10982699692249298 and parameters: {'observation_period_num': 82, 'train_rates': 0.9865469960205357, 'learning_rate': 0.0009829196959298635, 'batch_size': 202, 'step_size': 8, 'gamma': 0.9157447096471497}. Best is trial 6 with value: 0.1034466449840827.[0m
[32m[I 2024-12-30 09:31:57,042][0m Trial 12 finished with value: 0.09206358028378914 and parameters: {'observation_period_num': 93, 'train_rates': 0.9136499820105574, 'learning_rate': 0.0007890304544694795, 'batch_size': 139, 'step_size': 9, 'gamma': 0.9093170411781246}. Best is trial 12 with value: 0.09206358028378914.[0m
[32m[I 2024-12-30 09:35:44,654][0m Trial 13 finished with value: 0.11979082857605315 and parameters: {'observation_period_num': 173, 'train_rates': 0.9011386250598579, 'learning_rate': 0.00025171469731278466, 'batch_size': 128, 'step_size': 10, 'gamma': 0.9879893562384182}. Best is trial 12 with value: 0.09206358028378914.[0m
[32m[I 2024-12-30 09:39:36,064][0m Trial 14 finished with value: 0.08494903921496634 and parameters: {'observation_period_num': 99, 'train_rates': 0.910324770587714, 'learning_rate': 4.9950067512556067e-05, 'batch_size': 140, 'step_size': 5, 'gamma': 0.8977785351182752}. Best is trial 14 with value: 0.08494903921496634.[0m
[32m[I 2024-12-30 09:43:29,025][0m Trial 15 finished with value: 0.08241645125267298 and parameters: {'observation_period_num': 46, 'train_rates': 0.7933471931971384, 'learning_rate': 3.6672521580824704e-05, 'batch_size': 101, 'step_size': 5, 'gamma': 0.8807591219733462}. Best is trial 15 with value: 0.08241645125267298.[0m
[32m[I 2024-12-30 09:47:45,734][0m Trial 16 finished with value: 0.2788378130996002 and parameters: {'observation_period_num': 50, 'train_rates': 0.7799739080814818, 'learning_rate': 3.140809917187948e-05, 'batch_size': 89, 'step_size': 1, 'gamma': 0.8884831658446137}. Best is trial 15 with value: 0.08241645125267298.[0m
[32m[I 2024-12-30 09:53:12,655][0m Trial 17 finished with value: 0.04691828538768536 and parameters: {'observation_period_num': 17, 'train_rates': 0.793253869243469, 'learning_rate': 4.176353471339515e-05, 'batch_size': 61, 'step_size': 5, 'gamma': 0.8264602579821321}. Best is trial 17 with value: 0.04691828538768536.[0m
[32m[I 2024-12-30 09:59:38,436][0m Trial 18 finished with value: 0.1759526254966878 and parameters: {'observation_period_num': 5, 'train_rates': 0.7783827502200225, 'learning_rate': 2.7915367190716553e-05, 'batch_size': 50, 'step_size': 4, 'gamma': 0.813392554563173}. Best is trial 17 with value: 0.04691828538768536.[0m
Early stopping at epoch 68
[32m[I 2024-12-30 10:03:12,562][0m Trial 19 finished with value: 0.08455458208789891 and parameters: {'observation_period_num': 41, 'train_rates': 0.8003301185676549, 'learning_rate': 0.0002752144968009068, 'batch_size': 67, 'step_size': 1, 'gamma': 0.7576947282837243}. Best is trial 17 with value: 0.04691828538768536.[0m
[32m[I 2024-12-30 10:06:24,450][0m Trial 20 finished with value: 0.22664884461865403 and parameters: {'observation_period_num': 23, 'train_rates': 0.6005618595150298, 'learning_rate': 2.078865385483235e-05, 'batch_size': 106, 'step_size': 6, 'gamma': 0.8336323785008133}. Best is trial 17 with value: 0.04691828538768536.[0m
Early stopping at epoch 72
[32m[I 2024-12-30 10:10:05,230][0m Trial 21 finished with value: 0.09312986308795577 and parameters: {'observation_period_num': 54, 'train_rates': 0.8068237852698162, 'learning_rate': 0.0003391227055228206, 'batch_size': 70, 'step_size': 1, 'gamma': 0.7607780520704001}. Best is trial 17 with value: 0.04691828538768536.[0m
[32m[I 2024-12-30 10:15:41,789][0m Trial 22 finished with value: 0.20486979874766478 and parameters: {'observation_period_num': 39, 'train_rates': 0.7558136350340897, 'learning_rate': 6.786419003562687e-05, 'batch_size': 54, 'step_size': 3, 'gamma': 0.7859963845351164}. Best is trial 17 with value: 0.04691828538768536.[0m
[32m[I 2024-12-30 10:19:29,065][0m Trial 23 finished with value: 0.08197833666903379 and parameters: {'observation_period_num': 73, 'train_rates': 0.8123108614309793, 'learning_rate': 0.0002690910481662843, 'batch_size': 106, 'step_size': 2, 'gamma': 0.8806876707234442}. Best is trial 17 with value: 0.04691828538768536.[0m
[32m[I 2024-12-30 10:23:14,429][0m Trial 24 finished with value: 0.07578153106552815 and parameters: {'observation_period_num': 70, 'train_rates': 0.8211817471218941, 'learning_rate': 5.482598460792229e-05, 'batch_size': 116, 'step_size': 5, 'gamma': 0.8786690212861097}. Best is trial 17 with value: 0.04691828538768536.[0m
[32m[I 2024-12-30 10:26:57,940][0m Trial 25 finished with value: 0.08960712711533945 and parameters: {'observation_period_num': 64, 'train_rates': 0.8266762327152322, 'learning_rate': 0.000135186474904951, 'batch_size': 121, 'step_size': 2, 'gamma': 0.8346437064112431}. Best is trial 17 with value: 0.04691828538768536.[0m
[32m[I 2024-12-30 10:30:41,900][0m Trial 26 finished with value: 0.09363345610304068 and parameters: {'observation_period_num': 74, 'train_rates': 0.876398154764135, 'learning_rate': 0.00046572275399881446, 'batch_size': 161, 'step_size': 4, 'gamma': 0.8699406865056245}. Best is trial 17 with value: 0.04691828538768536.[0m
[32m[I 2024-12-30 10:34:17,680][0m Trial 27 finished with value: 0.324589954833638 and parameters: {'observation_period_num': 121, 'train_rates': 0.7485749751945683, 'learning_rate': 1.8677499641209043e-05, 'batch_size': 115, 'step_size': 5, 'gamma': 0.8294260860532894}. Best is trial 17 with value: 0.04691828538768536.[0m
[32m[I 2024-12-30 10:41:50,166][0m Trial 28 finished with value: 0.13558737558773515 and parameters: {'observation_period_num': 166, 'train_rates': 0.8272833202255986, 'learning_rate': 7.765746729578038e-05, 'batch_size': 43, 'step_size': 7, 'gamma': 0.8735953741149239}. Best is trial 17 with value: 0.04691828538768536.[0m
[32m[I 2024-12-30 10:46:22,210][0m Trial 29 finished with value: 0.05248990251916891 and parameters: {'observation_period_num': 22, 'train_rates': 0.8827795505426178, 'learning_rate': 0.00014525990675592638, 'batch_size': 91, 'step_size': 6, 'gamma': 0.8596426281236983}. Best is trial 17 with value: 0.04691828538768536.[0m
seasonal_1 „ÅÆÊúÄÈÅ©„Éè„Ç§„Éë„Éº„Éë„É©„É°„Éº„Çø„ÅåË¶ã„Å§„Åã„Çä„Åæ„Åó„Åü
ÊúÄÈÅ©ÂåñÂØæË±°: seasonal_2
[32m[I 2024-12-30 10:46:22,215][0m A new study created in memory with name: no-name-4da2dec1-9682-46af-a22c-e5a4dc2e79dd[0m
Early stopping at epoch 84
[32m[I 2024-12-30 10:49:53,539][0m Trial 0 finished with value: 0.5724219083786011 and parameters: {'observation_period_num': 191, 'train_rates': 0.841890828829112, 'learning_rate': 1.1049819852326232e-06, 'batch_size': 87, 'step_size': 2, 'gamma': 0.7753295124643862}. Best is trial 0 with value: 0.5724219083786011.[0m
[32m[I 2024-12-30 10:58:29,655][0m Trial 1 finished with value: 0.36261180543982996 and parameters: {'observation_period_num': 220, 'train_rates': 0.6850555158237137, 'learning_rate': 1.0840725164884341e-05, 'batch_size': 32, 'step_size': 13, 'gamma': 0.9394377454974834}. Best is trial 1 with value: 0.36261180543982996.[0m
[32m[I 2024-12-30 11:02:50,150][0m Trial 2 finished with value: 0.07128430157899857 and parameters: {'observation_period_num': 34, 'train_rates': 0.9655174250642709, 'learning_rate': 0.0007623377815449649, 'batch_size': 106, 'step_size': 14, 'gamma': 0.9653878989813797}. Best is trial 2 with value: 0.07128430157899857.[0m
[32m[I 2024-12-30 11:05:41,550][0m Trial 3 finished with value: 0.5352952559628794 and parameters: {'observation_period_num': 167, 'train_rates': 0.6423048953353958, 'learning_rate': 1.7008824515897815e-05, 'batch_size': 208, 'step_size': 10, 'gamma': 0.8767670437526685}. Best is trial 2 with value: 0.07128430157899857.[0m
[32m[I 2024-12-30 11:23:07,721][0m Trial 4 finished with value: 0.10874091944664963 and parameters: {'observation_period_num': 86, 'train_rates': 0.9152815657060838, 'learning_rate': 1.9983200457168925e-05, 'batch_size': 20, 'step_size': 8, 'gamma': 0.7665907012151814}. Best is trial 2 with value: 0.07128430157899857.[0m
[32m[I 2024-12-30 11:26:36,153][0m Trial 5 finished with value: 0.17001634093716894 and parameters: {'observation_period_num': 135, 'train_rates': 0.7939401090788822, 'learning_rate': 6.283631321201683e-05, 'batch_size': 144, 'step_size': 15, 'gamma': 0.8926184252329141}. Best is trial 2 with value: 0.07128430157899857.[0m
[32m[I 2024-12-30 11:31:50,526][0m Trial 6 finished with value: 0.2420917544431886 and parameters: {'observation_period_num': 94, 'train_rates': 0.6810820365753358, 'learning_rate': 0.0002349525179581979, 'batch_size': 53, 'step_size': 9, 'gamma': 0.7917817964644744}. Best is trial 2 with value: 0.07128430157899857.[0m
[32m[I 2024-12-30 11:35:42,096][0m Trial 7 finished with value: 0.036842404320688533 and parameters: {'observation_period_num': 8, 'train_rates': 0.931192630481117, 'learning_rate': 6.22675633292613e-05, 'batch_size': 182, 'step_size': 12, 'gamma': 0.7869654206158495}. Best is trial 7 with value: 0.036842404320688533.[0m
[32m[I 2024-12-30 11:38:42,723][0m Trial 8 finished with value: 0.35784995682006016 and parameters: {'observation_period_num': 212, 'train_rates': 0.6967215616916144, 'learning_rate': 0.00048826150092100366, 'batch_size': 199, 'step_size': 6, 'gamma': 0.9721601438850871}. Best is trial 7 with value: 0.036842404320688533.[0m
[32m[I 2024-12-30 11:42:14,652][0m Trial 9 finished with value: 0.18497559428215027 and parameters: {'observation_period_num': 229, 'train_rates': 0.9344358575074363, 'learning_rate': 1.4052479893040012e-05, 'batch_size': 238, 'step_size': 7, 'gamma': 0.8814362484207894}. Best is trial 7 with value: 0.036842404320688533.[0m
[32m[I 2024-12-30 11:45:56,831][0m Trial 10 finished with value: 0.05220976129894247 and parameters: {'observation_period_num': 31, 'train_rates': 0.8364022875212833, 'learning_rate': 9.016013283583935e-05, 'batch_size': 159, 'step_size': 11, 'gamma': 0.8220633456822074}. Best is trial 7 with value: 0.036842404320688533.[0m
[32m[I 2024-12-30 11:49:36,505][0m Trial 11 finished with value: 0.03868335464171001 and parameters: {'observation_period_num': 11, 'train_rates': 0.844716204971777, 'learning_rate': 9.383068348033754e-05, 'batch_size': 169, 'step_size': 11, 'gamma': 0.8221854398275136}. Best is trial 7 with value: 0.036842404320688533.[0m
[32m[I 2024-12-30 11:53:23,470][0m Trial 12 finished with value: 0.036265853001216874 and parameters: {'observation_period_num': 6, 'train_rates': 0.8844636033918444, 'learning_rate': 0.00013102074237674412, 'batch_size': 177, 'step_size': 12, 'gamma': 0.8287261052406978}. Best is trial 12 with value: 0.036265853001216874.[0m
[32m[I 2024-12-30 11:57:03,862][0m Trial 13 finished with value: 0.10822672125052761 and parameters: {'observation_period_num': 59, 'train_rates': 0.8973075222409406, 'learning_rate': 4.749817764250462e-06, 'batch_size': 252, 'step_size': 12, 'gamma': 0.827640609627825}. Best is trial 12 with value: 0.036265853001216874.[0m
[32m[I 2024-12-30 12:01:03,346][0m Trial 14 finished with value: 0.09441731870174408 and parameters: {'observation_period_num': 68, 'train_rates': 0.9852290823095543, 'learning_rate': 0.0002229288803311278, 'batch_size': 196, 'step_size': 4, 'gamma': 0.8399187315193735}. Best is trial 12 with value: 0.036265853001216874.[0m
[32m[I 2024-12-30 12:04:49,354][0m Trial 15 finished with value: 0.1726701998187553 and parameters: {'observation_period_num': 5, 'train_rates': 0.7690085358406468, 'learning_rate': 5.660010457619765e-05, 'batch_size': 118, 'step_size': 13, 'gamma': 0.755062760624163}. Best is trial 12 with value: 0.036265853001216874.[0m
[32m[I 2024-12-30 12:08:22,981][0m Trial 16 finished with value: 0.1152124778113582 and parameters: {'observation_period_num': 136, 'train_rates': 0.8823895063655155, 'learning_rate': 0.00019623329127786706, 'batch_size': 219, 'step_size': 15, 'gamma': 0.7997248545038913}. Best is trial 12 with value: 0.036265853001216874.[0m
[32m[I 2024-12-30 12:11:48,125][0m Trial 17 finished with value: 0.2567972088420151 and parameters: {'observation_period_num': 41, 'train_rates': 0.742930349481455, 'learning_rate': 6.765024655765938e-06, 'batch_size': 177, 'step_size': 10, 'gamma': 0.8505971465197311}. Best is trial 12 with value: 0.036265853001216874.[0m
[32m[I 2024-12-30 12:15:45,475][0m Trial 18 finished with value: 0.0812701149671166 and parameters: {'observation_period_num': 110, 'train_rates': 0.9428710805164991, 'learning_rate': 5.066378858338514e-05, 'batch_size': 136, 'step_size': 5, 'gamma': 0.9165058847806395}. Best is trial 12 with value: 0.036265853001216874.[0m
[32m[I 2024-12-30 12:19:23,566][0m Trial 19 finished with value: 0.08351578154625036 and parameters: {'observation_period_num': 58, 'train_rates': 0.8647755286380945, 'learning_rate': 3.319623549882406e-05, 'batch_size': 178, 'step_size': 12, 'gamma': 0.7989442961668176}. Best is trial 12 with value: 0.036265853001216874.[0m
[32m[I 2024-12-30 12:22:17,658][0m Trial 20 finished with value: 0.14049612066430234 and parameters: {'observation_period_num': 5, 'train_rates': 0.6054377729088755, 'learning_rate': 0.00013682469178009338, 'batch_size': 227, 'step_size': 8, 'gamma': 0.8557332922080788}. Best is trial 12 with value: 0.036265853001216874.[0m
[32m[I 2024-12-30 12:25:52,380][0m Trial 21 finished with value: 0.040116952232471324 and parameters: {'observation_period_num': 21, 'train_rates': 0.8314733643147489, 'learning_rate': 0.000101872025980317, 'batch_size': 168, 'step_size': 11, 'gamma': 0.8179326907767054}. Best is trial 12 with value: 0.036265853001216874.[0m
[32m[I 2024-12-30 12:29:51,142][0m Trial 22 finished with value: 0.043581862424740374 and parameters: {'observation_period_num': 6, 'train_rates': 0.8799156528263236, 'learning_rate': 0.0003946986497060425, 'batch_size': 142, 'step_size': 13, 'gamma': 0.784375426498695}. Best is trial 12 with value: 0.036265853001216874.[0m
[32m[I 2024-12-30 12:33:21,384][0m Trial 23 finished with value: 0.07319322764791929 and parameters: {'observation_period_num': 47, 'train_rates': 0.8106595636845921, 'learning_rate': 3.617465584228989e-05, 'batch_size': 187, 'step_size': 10, 'gamma': 0.8078459099830005}. Best is trial 12 with value: 0.036265853001216874.[0m
[32m[I 2024-12-30 12:37:22,379][0m Trial 24 finished with value: 0.052319784249578206 and parameters: {'observation_period_num': 26, 'train_rates': 0.9185953037213741, 'learning_rate': 0.0001369837850082993, 'batch_size': 156, 'step_size': 12, 'gamma': 0.8377458251129958}. Best is trial 12 with value: 0.036265853001216874.[0m
[32m[I 2024-12-30 12:41:11,231][0m Trial 25 finished with value: 0.08652597181225756 and parameters: {'observation_period_num': 79, 'train_rates': 0.8570864921881863, 'learning_rate': 0.00035032794151594414, 'batch_size': 119, 'step_size': 14, 'gamma': 0.8591692894682477}. Best is trial 12 with value: 0.036265853001216874.[0m
[32m[I 2024-12-30 12:46:01,281][0m Trial 26 finished with value: 0.11931481701071545 and parameters: {'observation_period_num': 105, 'train_rates': 0.9672663816105795, 'learning_rate': 7.689554330629647e-05, 'batch_size': 83, 'step_size': 11, 'gamma': 0.7505634473483002}. Best is trial 12 with value: 0.036265853001216874.[0m
[32m[I 2024-12-30 12:49:51,363][0m Trial 27 finished with value: 0.03598401153267915 and parameters: {'observation_period_num': 20, 'train_rates': 0.9038493802150087, 'learning_rate': 0.0007536950053643158, 'batch_size': 212, 'step_size': 9, 'gamma': 0.8107415679438772}. Best is trial 27 with value: 0.03598401153267915.[0m
[32m[I 2024-12-30 12:53:42,126][0m Trial 28 finished with value: 0.061765801161527634 and parameters: {'observation_period_num': 44, 'train_rates': 0.9407689522849536, 'learning_rate': 0.0006687438153039427, 'batch_size': 215, 'step_size': 9, 'gamma': 0.7766038891882324}. Best is trial 27 with value: 0.03598401153267915.[0m
Early stopping at epoch 84
[32m[I 2024-12-30 12:56:41,975][0m Trial 29 finished with value: 1.4813716654344038 and parameters: {'observation_period_num': 187, 'train_rates': 0.9001796495545356, 'learning_rate': 1.3715936333663729e-06, 'batch_size': 241, 'step_size': 2, 'gamma': 0.7756003183248086}. Best is trial 27 with value: 0.03598401153267915.[0m
seasonal_2 „ÅÆÊúÄÈÅ©„Éè„Ç§„Éë„Éº„Éë„É©„É°„Éº„Çø„ÅåË¶ã„Å§„Åã„Çä„Åæ„Åó„Åü
ÊúÄÈÅ©ÂåñÂØæË±°: seasonal_3
[32m[I 2024-12-30 12:56:41,980][0m A new study created in memory with name: no-name-fe582bd0-c85e-48c5-b26b-d6b236c1a544[0m
[32m[I 2024-12-30 12:59:57,352][0m Trial 0 finished with value: 0.29108896385878325 and parameters: {'observation_period_num': 127, 'train_rates': 0.755503266899374, 'learning_rate': 0.0008660462824162684, 'batch_size': 215, 'step_size': 14, 'gamma': 0.8494523084229586}. Best is trial 0 with value: 0.29108896385878325.[0m
[32m[I 2024-12-30 13:02:58,140][0m Trial 1 finished with value: 0.45017945466928144 and parameters: {'observation_period_num': 171, 'train_rates': 0.7125619850805308, 'learning_rate': 1.1378211518067574e-05, 'batch_size': 248, 'step_size': 4, 'gamma': 0.9224710635770632}. Best is trial 0 with value: 0.29108896385878325.[0m
[32m[I 2024-12-30 13:06:38,053][0m Trial 2 finished with value: 0.10192106001369365 and parameters: {'observation_period_num': 120, 'train_rates': 0.8909516267551324, 'learning_rate': 0.000995755200450375, 'batch_size': 185, 'step_size': 2, 'gamma': 0.8360126282104429}. Best is trial 2 with value: 0.10192106001369365.[0m
[32m[I 2024-12-30 13:10:23,027][0m Trial 3 finished with value: 0.08981215643627634 and parameters: {'observation_period_num': 83, 'train_rates': 0.9101104004500077, 'learning_rate': 7.7825961049474e-05, 'batch_size': 165, 'step_size': 15, 'gamma': 0.9086222706113964}. Best is trial 3 with value: 0.08981215643627634.[0m
[32m[I 2024-12-30 13:14:02,967][0m Trial 4 finished with value: 0.18400494754314423 and parameters: {'observation_period_num': 164, 'train_rates': 0.9393513775577707, 'learning_rate': 5.86557630652083e-06, 'batch_size': 232, 'step_size': 7, 'gamma': 0.905907575116565}. Best is trial 3 with value: 0.08981215643627634.[0m
[32m[I 2024-12-30 13:27:05,131][0m Trial 5 finished with value: 0.11093597023086693 and parameters: {'observation_period_num': 212, 'train_rates': 0.9039563652257923, 'learning_rate': 0.0001749670383350689, 'batch_size': 25, 'step_size': 2, 'gamma': 0.8104381106970264}. Best is trial 3 with value: 0.08981215643627634.[0m
[32m[I 2024-12-30 13:40:31,266][0m Trial 6 finished with value: 0.13978776345317512 and parameters: {'observation_period_num': 111, 'train_rates': 0.7941800047589055, 'learning_rate': 5.540971592652629e-05, 'batch_size': 23, 'step_size': 12, 'gamma': 0.9455441465414235}. Best is trial 3 with value: 0.08981215643627634.[0m
[32m[I 2024-12-30 13:44:17,350][0m Trial 7 finished with value: 0.12169527262449265 and parameters: {'observation_period_num': 105, 'train_rates': 0.9368845445182418, 'learning_rate': 3.118631692608485e-05, 'batch_size': 198, 'step_size': 2, 'gamma': 0.9813705952303875}. Best is trial 3 with value: 0.08981215643627634.[0m
[32m[I 2024-12-30 13:47:52,667][0m Trial 8 finished with value: 0.14480294870536128 and parameters: {'observation_period_num': 16, 'train_rates': 0.6573414072891487, 'learning_rate': 0.0004289199045660412, 'batch_size': 93, 'step_size': 4, 'gamma': 0.8238171504483938}. Best is trial 3 with value: 0.08981215643627634.[0m
