[32m[I 2024-12-30 18:46:12,459][0m Trial 29 finished with value: 0.1607734746846956 and parameters: {'observation_period_num': 158, 'train_rates': 0.9651103923674318, 'learning_rate': 7.003528591468262e-06, 'batch_size': 78, 'step_size': 9, 'gamma': 0.9138557215139997}. Best is trial 11 with value: 0.032421076534823935.[0m
resid „ÅÆÊúÄÈÅ©„Éè„Ç§„Éë„Éº„Éë„É©„É°„Éº„Çø„ÅåË¶ã„Å§„Åã„Çä„Åæ„Åó„Åü
ÊúÄÈÅ©„Éè„Ç§„Éë„Éº„Éë„É©„É°„Éº„Çø„Åå best_hyperparameters_AMZN_iTransformer.json „Å´‰øùÂ≠ò„Åï„Çå„Åæ„Åó„Åü
Training trend component with params: {'observation_period_num': 14, 'train_rates': 0.8221024631253029, 'learning_rate': 1.89417747404024e-05, 'batch_size': 83, 'step_size': 13, 'gamma': 0.7796399472014476}
Epoch 1/300, trend Loss: 0.3610 | 0.2259
Epoch 2/300, trend Loss: 0.2066 | 0.1448
Epoch 3/300, trend Loss: 0.2819 | 0.1287
Epoch 4/300, trend Loss: 0.1865 | 0.1475
Epoch 5/300, trend Loss: 0.1543 | 0.1115
Epoch 6/300, trend Loss: 0.1605 | 0.1066
Epoch 7/300, trend Loss: 0.1820 | 0.0890
Epoch 8/300, trend Loss: 0.1434 | 0.1043
Epoch 9/300, trend Loss: 0.1364 | 0.0953
Epoch 10/300, trend Loss: 0.1284 | 0.0750
Epoch 11/300, trend Loss: 0.1238 | 0.0743
Epoch 12/300, trend Loss: 0.1188 | 0.0746
Epoch 13/300, trend Loss: 0.1170 | 0.0767
Epoch 14/300, trend Loss: 0.1151 | 0.0739
Epoch 15/300, trend Loss: 0.1132 | 0.0683
Epoch 16/300, trend Loss: 0.1129 | 0.0681
Epoch 17/300, trend Loss: 0.1108 | 0.0678
Epoch 18/300, trend Loss: 0.1095 | 0.0680
Epoch 19/300, trend Loss: 0.1093 | 0.0661
Epoch 20/300, trend Loss: 0.1083 | 0.0639
Epoch 21/300, trend Loss: 0.1070 | 0.0640
Epoch 22/300, trend Loss: 0.1057 | 0.0631
Epoch 23/300, trend Loss: 0.1047 | 0.0631
Epoch 24/300, trend Loss: 0.1039 | 0.0621
Epoch 25/300, trend Loss: 0.1029 | 0.0606
Epoch 26/300, trend Loss: 0.1022 | 0.0604
Epoch 27/300, trend Loss: 0.1018 | 0.0602
Epoch 28/300, trend Loss: 0.1010 | 0.0602
Epoch 29/300, trend Loss: 0.1003 | 0.0595
Epoch 30/300, trend Loss: 0.0996 | 0.0584
Epoch 31/300, trend Loss: 0.0992 | 0.0580
Epoch 32/300, trend Loss: 0.0986 | 0.0578
Epoch 33/300, trend Loss: 0.0979 | 0.0575
Epoch 34/300, trend Loss: 0.0976 | 0.0571
Epoch 35/300, trend Loss: 0.0973 | 0.0565
Epoch 36/300, trend Loss: 0.0969 | 0.0561
Epoch 37/300, trend Loss: 0.0962 | 0.0560
Epoch 38/300, trend Loss: 0.0957 | 0.0559
Epoch 39/300, trend Loss: 0.0953 | 0.0557
Epoch 40/300, trend Loss: 0.0949 | 0.0555
Epoch 41/300, trend Loss: 0.0946 | 0.0550
Epoch 42/300, trend Loss: 0.0942 | 0.0549
Epoch 43/300, trend Loss: 0.0939 | 0.0547
Epoch 44/300, trend Loss: 0.0936 | 0.0544
Epoch 45/300, trend Loss: 0.0933 | 0.0541
Epoch 46/300, trend Loss: 0.0930 | 0.0538
Epoch 47/300, trend Loss: 0.0927 | 0.0536
Epoch 48/300, trend Loss: 0.0924 | 0.0535
Epoch 49/300, trend Loss: 0.0921 | 0.0534
Epoch 50/300, trend Loss: 0.0918 | 0.0533
Epoch 51/300, trend Loss: 0.0916 | 0.0532
Epoch 52/300, trend Loss: 0.0913 | 0.0530
Epoch 53/300, trend Loss: 0.0911 | 0.0529
Epoch 54/300, trend Loss: 0.0909 | 0.0526
Epoch 55/300, trend Loss: 0.0907 | 0.0524
Epoch 56/300, trend Loss: 0.0905 | 0.0522
Epoch 57/300, trend Loss: 0.0903 | 0.0521
Epoch 58/300, trend Loss: 0.0901 | 0.0520
Epoch 59/300, trend Loss: 0.0898 | 0.0519
Epoch 60/300, trend Loss: 0.0896 | 0.0519
Epoch 61/300, trend Loss: 0.0894 | 0.0518
Epoch 62/300, trend Loss: 0.0893 | 0.0517
Epoch 63/300, trend Loss: 0.0891 | 0.0515
Epoch 64/300, trend Loss: 0.0889 | 0.0513
Epoch 65/300, trend Loss: 0.0888 | 0.0512
Epoch 66/300, trend Loss: 0.0886 | 0.0510
Epoch 67/300, trend Loss: 0.0885 | 0.0510
Epoch 68/300, trend Loss: 0.0883 | 0.0510
Epoch 69/300, trend Loss: 0.0882 | 0.0509
Epoch 70/300, trend Loss: 0.0881 | 0.0508
Epoch 71/300, trend Loss: 0.0879 | 0.0507
Epoch 72/300, trend Loss: 0.0878 | 0.0506
Epoch 73/300, trend Loss: 0.0877 | 0.0505
Epoch 74/300, trend Loss: 0.0876 | 0.0504
Epoch 75/300, trend Loss: 0.0874 | 0.0504
Epoch 76/300, trend Loss: 0.0873 | 0.0503
Epoch 77/300, trend Loss: 0.0872 | 0.0502
Epoch 78/300, trend Loss: 0.0871 | 0.0502
Epoch 79/300, trend Loss: 0.0870 | 0.0501
Epoch 80/300, trend Loss: 0.0869 | 0.0500
Epoch 81/300, trend Loss: 0.0868 | 0.0500
Epoch 82/300, trend Loss: 0.0868 | 0.0499
Epoch 83/300, trend Loss: 0.0867 | 0.0499
Epoch 84/300, trend Loss: 0.0866 | 0.0498
Epoch 85/300, trend Loss: 0.0865 | 0.0497
Epoch 86/300, trend Loss: 0.0864 | 0.0497
Epoch 87/300, trend Loss: 0.0863 | 0.0496
Epoch 88/300, trend Loss: 0.0863 | 0.0496
Epoch 89/300, trend Loss: 0.0862 | 0.0496
Epoch 90/300, trend Loss: 0.0861 | 0.0495
Epoch 91/300, trend Loss: 0.0861 | 0.0495
Epoch 92/300, trend Loss: 0.0860 | 0.0494
Epoch 93/300, trend Loss: 0.0859 | 0.0494
Epoch 94/300, trend Loss: 0.0859 | 0.0493
Epoch 95/300, trend Loss: 0.0858 | 0.0493
Epoch 96/300, trend Loss: 0.0858 | 0.0493
Epoch 97/300, trend Loss: 0.0857 | 0.0492
Epoch 98/300, trend Loss: 0.0857 | 0.0492
Epoch 99/300, trend Loss: 0.0856 | 0.0492
Epoch 100/300, trend Loss: 0.0856 | 0.0491
Epoch 101/300, trend Loss: 0.0855 | 0.0491
Epoch 102/300, trend Loss: 0.0855 | 0.0491
Epoch 103/300, trend Loss: 0.0854 | 0.0490
Epoch 104/300, trend Loss: 0.0854 | 0.0490
Epoch 105/300, trend Loss: 0.0853 | 0.0490
Epoch 106/300, trend Loss: 0.0853 | 0.0490
Epoch 107/300, trend Loss: 0.0853 | 0.0489
Epoch 108/300, trend Loss: 0.0852 | 0.0489
Epoch 109/300, trend Loss: 0.0852 | 0.0489
Epoch 110/300, trend Loss: 0.0852 | 0.0489
Epoch 111/300, trend Loss: 0.0851 | 0.0488
Epoch 112/300, trend Loss: 0.0851 | 0.0488
Epoch 113/300, trend Loss: 0.0851 | 0.0488
Epoch 114/300, trend Loss: 0.0850 | 0.0488
Epoch 115/300, trend Loss: 0.0850 | 0.0488
Epoch 116/300, trend Loss: 0.0850 | 0.0487
Epoch 117/300, trend Loss: 0.0850 | 0.0487
Epoch 118/300, trend Loss: 0.0849 | 0.0487
Epoch 119/300, trend Loss: 0.0849 | 0.0487
Epoch 120/300, trend Loss: 0.0849 | 0.0487
Epoch 121/300, trend Loss: 0.0849 | 0.0487
Epoch 122/300, trend Loss: 0.0848 | 0.0486
Epoch 123/300, trend Loss: 0.0848 | 0.0486
Epoch 124/300, trend Loss: 0.0848 | 0.0486
Epoch 125/300, trend Loss: 0.0848 | 0.0486
Epoch 126/300, trend Loss: 0.0848 | 0.0486
Epoch 127/300, trend Loss: 0.0847 | 0.0486
Epoch 128/300, trend Loss: 0.0847 | 0.0486
Epoch 129/300, trend Loss: 0.0847 | 0.0486
Epoch 130/300, trend Loss: 0.0847 | 0.0485
Epoch 131/300, trend Loss: 0.0847 | 0.0485
Epoch 132/300, trend Loss: 0.0846 | 0.0485
Epoch 133/300, trend Loss: 0.0846 | 0.0485
Epoch 134/300, trend Loss: 0.0846 | 0.0485
Epoch 135/300, trend Loss: 0.0846 | 0.0485
Epoch 136/300, trend Loss: 0.0846 | 0.0485
Epoch 137/300, trend Loss: 0.0846 | 0.0485
Epoch 138/300, trend Loss: 0.0846 | 0.0485
Epoch 139/300, trend Loss: 0.0845 | 0.0485
Epoch 140/300, trend Loss: 0.0845 | 0.0484
Epoch 141/300, trend Loss: 0.0845 | 0.0484
Epoch 142/300, trend Loss: 0.0845 | 0.0484
Epoch 143/300, trend Loss: 0.0845 | 0.0484
Epoch 144/300, trend Loss: 0.0845 | 0.0484
Epoch 145/300, trend Loss: 0.0845 | 0.0484
Epoch 146/300, trend Loss: 0.0845 | 0.0484
Epoch 147/300, trend Loss: 0.0845 | 0.0484
Epoch 148/300, trend Loss: 0.0845 | 0.0484
Epoch 149/300, trend Loss: 0.0844 | 0.0484
Epoch 150/300, trend Loss: 0.0844 | 0.0484
Epoch 151/300, trend Loss: 0.0844 | 0.0484
Epoch 152/300, trend Loss: 0.0844 | 0.0484
Epoch 153/300, trend Loss: 0.0844 | 0.0484
Epoch 154/300, trend Loss: 0.0844 | 0.0484
Epoch 155/300, trend Loss: 0.0844 | 0.0484
Epoch 156/300, trend Loss: 0.0844 | 0.0483
Epoch 157/300, trend Loss: 0.0844 | 0.0483
Epoch 158/300, trend Loss: 0.0844 | 0.0483
Epoch 159/300, trend Loss: 0.0844 | 0.0483
Epoch 160/300, trend Loss: 0.0844 | 0.0483
Epoch 161/300, trend Loss: 0.0844 | 0.0483
Epoch 162/300, trend Loss: 0.0844 | 0.0483
Epoch 163/300, trend Loss: 0.0843 | 0.0483
Epoch 164/300, trend Loss: 0.0843 | 0.0483
Epoch 165/300, trend Loss: 0.0843 | 0.0483
Epoch 166/300, trend Loss: 0.0843 | 0.0483
Epoch 167/300, trend Loss: 0.0843 | 0.0483
Epoch 168/300, trend Loss: 0.0843 | 0.0483
Epoch 169/300, trend Loss: 0.0843 | 0.0483
Epoch 170/300, trend Loss: 0.0843 | 0.0483
Epoch 171/300, trend Loss: 0.0843 | 0.0483
Epoch 172/300, trend Loss: 0.0843 | 0.0483
Epoch 173/300, trend Loss: 0.0843 | 0.0483
Epoch 174/300, trend Loss: 0.0843 | 0.0483
Epoch 175/300, trend Loss: 0.0843 | 0.0483
Epoch 176/300, trend Loss: 0.0843 | 0.0483
Epoch 177/300, trend Loss: 0.0843 | 0.0483
Epoch 178/300, trend Loss: 0.0843 | 0.0483
Epoch 179/300, trend Loss: 0.0843 | 0.0483
Epoch 180/300, trend Loss: 0.0843 | 0.0483
Epoch 181/300, trend Loss: 0.0843 | 0.0483
Epoch 182/300, trend Loss: 0.0843 | 0.0483
Epoch 183/300, trend Loss: 0.0843 | 0.0483
Epoch 184/300, trend Loss: 0.0843 | 0.0483
Epoch 185/300, trend Loss: 0.0843 | 0.0483
Epoch 186/300, trend Loss: 0.0843 | 0.0483
Epoch 187/300, trend Loss: 0.0843 | 0.0483
Epoch 188/300, trend Loss: 0.0843 | 0.0483
Epoch 189/300, trend Loss: 0.0843 | 0.0483
Epoch 190/300, trend Loss: 0.0843 | 0.0483
Epoch 191/300, trend Loss: 0.0843 | 0.0483
Epoch 192/300, trend Loss: 0.0842 | 0.0483
Epoch 193/300, trend Loss: 0.0842 | 0.0482
Epoch 194/300, trend Loss: 0.0842 | 0.0482
Epoch 195/300, trend Loss: 0.0842 | 0.0482
Epoch 196/300, trend Loss: 0.0842 | 0.0482
Epoch 197/300, trend Loss: 0.0842 | 0.0482
Epoch 198/300, trend Loss: 0.0842 | 0.0482
Epoch 199/300, trend Loss: 0.0842 | 0.0482
Epoch 200/300, trend Loss: 0.0842 | 0.0482
Epoch 201/300, trend Loss: 0.0842 | 0.0482
Epoch 202/300, trend Loss: 0.0842 | 0.0482
Epoch 203/300, trend Loss: 0.0842 | 0.0482
Epoch 204/300, trend Loss: 0.0842 | 0.0482
Epoch 205/300, trend Loss: 0.0842 | 0.0482
Epoch 206/300, trend Loss: 0.0842 | 0.0482
Epoch 207/300, trend Loss: 0.0842 | 0.0482
Epoch 208/300, trend Loss: 0.0842 | 0.0482
Epoch 209/300, trend Loss: 0.0842 | 0.0482
Epoch 210/300, trend Loss: 0.0842 | 0.0482
Epoch 211/300, trend Loss: 0.0842 | 0.0482
Epoch 212/300, trend Loss: 0.0842 | 0.0482
Epoch 213/300, trend Loss: 0.0842 | 0.0482
Epoch 214/300, trend Loss: 0.0842 | 0.0482
Epoch 215/300, trend Loss: 0.0842 | 0.0482
Epoch 216/300, trend Loss: 0.0842 | 0.0482
Epoch 217/300, trend Loss: 0.0842 | 0.0482
Epoch 218/300, trend Loss: 0.0842 | 0.0482
Epoch 219/300, trend Loss: 0.0842 | 0.0482
Epoch 220/300, trend Loss: 0.0842 | 0.0482
Epoch 221/300, trend Loss: 0.0842 | 0.0482
Epoch 222/300, trend Loss: 0.0842 | 0.0482
Epoch 223/300, trend Loss: 0.0842 | 0.0482
Epoch 224/300, trend Loss: 0.0842 | 0.0482
Epoch 225/300, trend Loss: 0.0842 | 0.0482
Epoch 226/300, trend Loss: 0.0842 | 0.0482
Epoch 227/300, trend Loss: 0.0842 | 0.0482
Epoch 228/300, trend Loss: 0.0842 | 0.0482
Epoch 229/300, trend Loss: 0.0842 | 0.0482
Epoch 230/300, trend Loss: 0.0842 | 0.0482
Epoch 231/300, trend Loss: 0.0842 | 0.0482
Epoch 232/300, trend Loss: 0.0842 | 0.0482
Epoch 233/300, trend Loss: 0.0842 | 0.0482
Epoch 234/300, trend Loss: 0.0842 | 0.0482
Epoch 235/300, trend Loss: 0.0842 | 0.0482
Epoch 236/300, trend Loss: 0.0842 | 0.0482
Epoch 237/300, trend Loss: 0.0842 | 0.0482
Epoch 238/300, trend Loss: 0.0842 | 0.0482
Epoch 239/300, trend Loss: 0.0842 | 0.0482
Epoch 240/300, trend Loss: 0.0842 | 0.0482
Epoch 241/300, trend Loss: 0.0842 | 0.0482
Epoch 242/300, trend Loss: 0.0842 | 0.0482
Epoch 243/300, trend Loss: 0.0842 | 0.0482
Epoch 244/300, trend Loss: 0.0842 | 0.0482
Epoch 245/300, trend Loss: 0.0842 | 0.0482
Epoch 246/300, trend Loss: 0.0842 | 0.0482
Epoch 247/300, trend Loss: 0.0842 | 0.0482
Epoch 248/300, trend Loss: 0.0842 | 0.0482
Epoch 249/300, trend Loss: 0.0842 | 0.0482
Epoch 250/300, trend Loss: 0.0842 | 0.0482
Epoch 251/300, trend Loss: 0.0842 | 0.0482
Epoch 252/300, trend Loss: 0.0842 | 0.0482
Epoch 253/300, trend Loss: 0.0842 | 0.0482
Epoch 254/300, trend Loss: 0.0842 | 0.0482
Epoch 255/300, trend Loss: 0.0842 | 0.0482
Epoch 256/300, trend Loss: 0.0842 | 0.0482
Epoch 257/300, trend Loss: 0.0842 | 0.0482
Epoch 258/300, trend Loss: 0.0842 | 0.0482
Epoch 259/300, trend Loss: 0.0842 | 0.0482
Epoch 260/300, trend Loss: 0.0842 | 0.0482
Epoch 261/300, trend Loss: 0.0842 | 0.0482
Epoch 262/300, trend Loss: 0.0842 | 0.0482
Epoch 263/300, trend Loss: 0.0842 | 0.0482
Epoch 264/300, trend Loss: 0.0842 | 0.0482
Epoch 265/300, trend Loss: 0.0842 | 0.0482
Epoch 266/300, trend Loss: 0.0842 | 0.0482
Epoch 267/300, trend Loss: 0.0842 | 0.0482
Epoch 268/300, trend Loss: 0.0842 | 0.0482
Epoch 269/300, trend Loss: 0.0842 | 0.0482
Epoch 270/300, trend Loss: 0.0842 | 0.0482
Epoch 271/300, trend Loss: 0.0842 | 0.0482
Epoch 272/300, trend Loss: 0.0842 | 0.0482
Epoch 273/300, trend Loss: 0.0842 | 0.0482
Epoch 274/300, trend Loss: 0.0842 | 0.0482
Epoch 275/300, trend Loss: 0.0842 | 0.0482
Epoch 276/300, trend Loss: 0.0842 | 0.0482
Epoch 277/300, trend Loss: 0.0842 | 0.0482
Epoch 278/300, trend Loss: 0.0842 | 0.0482
Epoch 279/300, trend Loss: 0.0842 | 0.0482
Epoch 280/300, trend Loss: 0.0842 | 0.0482
Epoch 281/300, trend Loss: 0.0842 | 0.0482
Epoch 282/300, trend Loss: 0.0842 | 0.0482
Epoch 283/300, trend Loss: 0.0842 | 0.0482
Epoch 284/300, trend Loss: 0.0842 | 0.0482
Epoch 285/300, trend Loss: 0.0842 | 0.0482
Epoch 286/300, trend Loss: 0.0842 | 0.0482
Early stopping for trend
Training seasonal_0 component with params: {'observation_period_num': 10, 'train_rates': 0.9434195722422634, 'learning_rate': 6.544776772204642e-05, 'batch_size': 30, 'step_size': 6, 'gamma': 0.916341210826651}
Epoch 1/300, seasonal_0 Loss: 0.1993 | 0.1721
Epoch 2/300, seasonal_0 Loss: 0.1367 | 0.0898
Epoch 3/300, seasonal_0 Loss: 0.1159 | 0.0770
Epoch 4/300, seasonal_0 Loss: 0.1091 | 0.0859
Epoch 5/300, seasonal_0 Loss: 0.1024 | 0.0785
Epoch 6/300, seasonal_0 Loss: 0.0976 | 0.0694
Epoch 7/300, seasonal_0 Loss: 0.0940 | 0.0703
Epoch 8/300, seasonal_0 Loss: 0.0937 | 0.0692
Epoch 9/300, seasonal_0 Loss: 0.0964 | 0.0695
Epoch 10/300, seasonal_0 Loss: 0.0921 | 0.0556
Epoch 11/300, seasonal_0 Loss: 0.0866 | 0.0483
Epoch 12/300, seasonal_0 Loss: 0.0834 | 0.0454
Epoch 13/300, seasonal_0 Loss: 0.0803 | 0.0433
Epoch 14/300, seasonal_0 Loss: 0.0783 | 0.0426
Epoch 15/300, seasonal_0 Loss: 0.0764 | 0.0425
Epoch 16/300, seasonal_0 Loss: 0.0748 | 0.0420
Epoch 17/300, seasonal_0 Loss: 0.0736 | 0.0415
Epoch 18/300, seasonal_0 Loss: 0.0723 | 0.0411
Epoch 19/300, seasonal_0 Loss: 0.0719 | 0.0436
Epoch 20/300, seasonal_0 Loss: 0.0712 | 0.0422
Epoch 21/300, seasonal_0 Loss: 0.0697 | 0.0403
Epoch 22/300, seasonal_0 Loss: 0.0689 | 0.0411
Epoch 23/300, seasonal_0 Loss: 0.0686 | 0.0388
Epoch 24/300, seasonal_0 Loss: 0.0667 | 0.0412
Epoch 25/300, seasonal_0 Loss: 0.0678 | 0.0430
Epoch 26/300, seasonal_0 Loss: 0.0654 | 0.0402
Epoch 27/300, seasonal_0 Loss: 0.0651 | 0.0404
Epoch 28/300, seasonal_0 Loss: 0.0643 | 0.0405
Epoch 29/300, seasonal_0 Loss: 0.0641 | 0.0444
Epoch 30/300, seasonal_0 Loss: 0.0641 | 0.0337
Epoch 31/300, seasonal_0 Loss: 0.0629 | 0.0390
Epoch 32/300, seasonal_0 Loss: 0.0612 | 0.0347
Epoch 33/300, seasonal_0 Loss: 0.0598 | 0.0350
Epoch 34/300, seasonal_0 Loss: 0.0595 | 0.0350
Epoch 35/300, seasonal_0 Loss: 0.0593 | 0.0346
Epoch 36/300, seasonal_0 Loss: 0.0590 | 0.0346
Epoch 37/300, seasonal_0 Loss: 0.0587 | 0.0347
Epoch 38/300, seasonal_0 Loss: 0.0583 | 0.0348
Epoch 39/300, seasonal_0 Loss: 0.0580 | 0.0355
Epoch 40/300, seasonal_0 Loss: 0.0579 | 0.0401
Epoch 41/300, seasonal_0 Loss: 0.0586 | 0.0398
Epoch 42/300, seasonal_0 Loss: 0.0576 | 0.0359
Epoch 43/300, seasonal_0 Loss: 0.0573 | 0.0357
Epoch 44/300, seasonal_0 Loss: 0.0571 | 0.0345
Epoch 45/300, seasonal_0 Loss: 0.0573 | 0.0349
Epoch 46/300, seasonal_0 Loss: 0.0576 | 0.0340
Epoch 47/300, seasonal_0 Loss: 0.0564 | 0.0331
Epoch 48/300, seasonal_0 Loss: 0.0559 | 0.0334
Epoch 49/300, seasonal_0 Loss: 0.0555 | 0.0342
Epoch 50/300, seasonal_0 Loss: 0.0555 | 0.0349
Epoch 51/300, seasonal_0 Loss: 0.0558 | 0.0347
Epoch 52/300, seasonal_0 Loss: 0.0553 | 0.0342
Epoch 53/300, seasonal_0 Loss: 0.0557 | 0.0350
Epoch 54/300, seasonal_0 Loss: 0.0562 | 0.0361
Epoch 55/300, seasonal_0 Loss: 0.0568 | 0.0386
Epoch 56/300, seasonal_0 Loss: 0.0552 | 0.0393
Epoch 57/300, seasonal_0 Loss: 0.0549 | 0.0397
Epoch 58/300, seasonal_0 Loss: 0.0573 | 0.0397
Epoch 59/300, seasonal_0 Loss: 0.0555 | 0.0387
Epoch 60/300, seasonal_0 Loss: 0.0533 | 0.0400
Epoch 61/300, seasonal_0 Loss: 0.0516 | 0.0436
Epoch 62/300, seasonal_0 Loss: 0.0500 | 0.0469
Epoch 63/300, seasonal_0 Loss: 0.0485 | 0.0467
Epoch 64/300, seasonal_0 Loss: 0.0471 | 0.0476
Epoch 65/300, seasonal_0 Loss: 0.0462 | 0.0428
Epoch 66/300, seasonal_0 Loss: 0.0452 | 0.0438
Epoch 67/300, seasonal_0 Loss: 0.0446 | 0.0403
Epoch 68/300, seasonal_0 Loss: 0.0439 | 0.0417
Epoch 69/300, seasonal_0 Loss: 0.0434 | 0.0388
Epoch 70/300, seasonal_0 Loss: 0.0428 | 0.0394
Epoch 71/300, seasonal_0 Loss: 0.0424 | 0.0375
Epoch 72/300, seasonal_0 Loss: 0.0420 | 0.0381
Epoch 73/300, seasonal_0 Loss: 0.0416 | 0.0363
Epoch 74/300, seasonal_0 Loss: 0.0413 | 0.0370
Epoch 75/300, seasonal_0 Loss: 0.0410 | 0.0357
Epoch 76/300, seasonal_0 Loss: 0.0407 | 0.0361
Epoch 77/300, seasonal_0 Loss: 0.0405 | 0.0352
Epoch 78/300, seasonal_0 Loss: 0.0402 | 0.0357
Epoch 79/300, seasonal_0 Loss: 0.0400 | 0.0349
Epoch 80/300, seasonal_0 Loss: 0.0398 | 0.0354
Epoch 81/300, seasonal_0 Loss: 0.0396 | 0.0348
Epoch 82/300, seasonal_0 Loss: 0.0394 | 0.0352
Epoch 83/300, seasonal_0 Loss: 0.0393 | 0.0347
Epoch 84/300, seasonal_0 Loss: 0.0391 | 0.0351
Epoch 85/300, seasonal_0 Loss: 0.0390 | 0.0346
Epoch 86/300, seasonal_0 Loss: 0.0389 | 0.0351
Epoch 87/300, seasonal_0 Loss: 0.0387 | 0.0346
Epoch 88/300, seasonal_0 Loss: 0.0386 | 0.0350
Epoch 89/300, seasonal_0 Loss: 0.0385 | 0.0345
Epoch 90/300, seasonal_0 Loss: 0.0384 | 0.0351
Epoch 91/300, seasonal_0 Loss: 0.0383 | 0.0344
Epoch 92/300, seasonal_0 Loss: 0.0382 | 0.0351
Epoch 93/300, seasonal_0 Loss: 0.0381 | 0.0342
Epoch 94/300, seasonal_0 Loss: 0.0381 | 0.0352
Epoch 95/300, seasonal_0 Loss: 0.0380 | 0.0344
Epoch 96/300, seasonal_0 Loss: 0.0379 | 0.0351
Epoch 97/300, seasonal_0 Loss: 0.0378 | 0.0345
Epoch 98/300, seasonal_0 Loss: 0.0376 | 0.0349
Epoch 99/300, seasonal_0 Loss: 0.0375 | 0.0345
Epoch 100/300, seasonal_0 Loss: 0.0373 | 0.0347
Epoch 101/300, seasonal_0 Loss: 0.0372 | 0.0346
Epoch 102/300, seasonal_0 Loss: 0.0371 | 0.0347
Epoch 103/300, seasonal_0 Loss: 0.0370 | 0.0346
Epoch 104/300, seasonal_0 Loss: 0.0369 | 0.0346
Epoch 105/300, seasonal_0 Loss: 0.0368 | 0.0346
Epoch 106/300, seasonal_0 Loss: 0.0367 | 0.0347
Epoch 107/300, seasonal_0 Loss: 0.0367 | 0.0347
Epoch 108/300, seasonal_0 Loss: 0.0366 | 0.0347
Epoch 109/300, seasonal_0 Loss: 0.0365 | 0.0348
Epoch 110/300, seasonal_0 Loss: 0.0364 | 0.0347
Epoch 111/300, seasonal_0 Loss: 0.0364 | 0.0347
Epoch 112/300, seasonal_0 Loss: 0.0363 | 0.0348
Epoch 113/300, seasonal_0 Loss: 0.0362 | 0.0348
Epoch 114/300, seasonal_0 Loss: 0.0362 | 0.0348
Epoch 115/300, seasonal_0 Loss: 0.0361 | 0.0348
Epoch 116/300, seasonal_0 Loss: 0.0361 | 0.0348
Epoch 117/300, seasonal_0 Loss: 0.0361 | 0.0347
Epoch 118/300, seasonal_0 Loss: 0.0360 | 0.0347
Epoch 119/300, seasonal_0 Loss: 0.0360 | 0.0346
Epoch 120/300, seasonal_0 Loss: 0.0359 | 0.0346
Epoch 121/300, seasonal_0 Loss: 0.0359 | 0.0345
Epoch 122/300, seasonal_0 Loss: 0.0358 | 0.0346
Epoch 123/300, seasonal_0 Loss: 0.0358 | 0.0346
Epoch 124/300, seasonal_0 Loss: 0.0357 | 0.0345
Epoch 125/300, seasonal_0 Loss: 0.0357 | 0.0345
Epoch 126/300, seasonal_0 Loss: 0.0356 | 0.0345
Epoch 127/300, seasonal_0 Loss: 0.0356 | 0.0345
Epoch 128/300, seasonal_0 Loss: 0.0356 | 0.0345
Epoch 129/300, seasonal_0 Loss: 0.0355 | 0.0345
Epoch 130/300, seasonal_0 Loss: 0.0355 | 0.0345
Epoch 131/300, seasonal_0 Loss: 0.0354 | 0.0345
Epoch 132/300, seasonal_0 Loss: 0.0354 | 0.0345
Epoch 133/300, seasonal_0 Loss: 0.0353 | 0.0345
Epoch 134/300, seasonal_0 Loss: 0.0353 | 0.0345
Epoch 135/300, seasonal_0 Loss: 0.0352 | 0.0345
Epoch 136/300, seasonal_0 Loss: 0.0352 | 0.0345
Epoch 137/300, seasonal_0 Loss: 0.0351 | 0.0345
Epoch 138/300, seasonal_0 Loss: 0.0351 | 0.0345
Epoch 139/300, seasonal_0 Loss: 0.0350 | 0.0345
Epoch 140/300, seasonal_0 Loss: 0.0350 | 0.0345
Epoch 141/300, seasonal_0 Loss: 0.0350 | 0.0345
Epoch 142/300, seasonal_0 Loss: 0.0349 | 0.0345
Epoch 143/300, seasonal_0 Loss: 0.0349 | 0.0345
Epoch 144/300, seasonal_0 Loss: 0.0348 | 0.0345
Epoch 145/300, seasonal_0 Loss: 0.0348 | 0.0345
Epoch 146/300, seasonal_0 Loss: 0.0348 | 0.0345
Epoch 147/300, seasonal_0 Loss: 0.0348 | 0.0345
Epoch 148/300, seasonal_0 Loss: 0.0347 | 0.0346
Epoch 149/300, seasonal_0 Loss: 0.0347 | 0.0346
Epoch 150/300, seasonal_0 Loss: 0.0347 | 0.0346
Epoch 151/300, seasonal_0 Loss: 0.0347 | 0.0346
Epoch 152/300, seasonal_0 Loss: 0.0346 | 0.0346
Epoch 153/300, seasonal_0 Loss: 0.0346 | 0.0346
Epoch 154/300, seasonal_0 Loss: 0.0346 | 0.0346
Epoch 155/300, seasonal_0 Loss: 0.0346 | 0.0347
Epoch 156/300, seasonal_0 Loss: 0.0346 | 0.0347
Epoch 157/300, seasonal_0 Loss: 0.0345 | 0.0347
Epoch 158/300, seasonal_0 Loss: 0.0345 | 0.0347
Epoch 159/300, seasonal_0 Loss: 0.0345 | 0.0347
Epoch 160/300, seasonal_0 Loss: 0.0345 | 0.0347
Epoch 161/300, seasonal_0 Loss: 0.0345 | 0.0347
Epoch 162/300, seasonal_0 Loss: 0.0345 | 0.0347
Epoch 163/300, seasonal_0 Loss: 0.0344 | 0.0347
Epoch 164/300, seasonal_0 Loss: 0.0344 | 0.0347
Epoch 165/300, seasonal_0 Loss: 0.0344 | 0.0347
Epoch 166/300, seasonal_0 Loss: 0.0344 | 0.0347
Epoch 167/300, seasonal_0 Loss: 0.0344 | 0.0347
Epoch 168/300, seasonal_0 Loss: 0.0343 | 0.0347
Epoch 169/300, seasonal_0 Loss: 0.0343 | 0.0347
Epoch 170/300, seasonal_0 Loss: 0.0343 | 0.0347
Epoch 171/300, seasonal_0 Loss: 0.0343 | 0.0347
Epoch 172/300, seasonal_0 Loss: 0.0343 | 0.0347
Epoch 173/300, seasonal_0 Loss: 0.0343 | 0.0347
Epoch 174/300, seasonal_0 Loss: 0.0343 | 0.0347
Epoch 175/300, seasonal_0 Loss: 0.0342 | 0.0347
Epoch 176/300, seasonal_0 Loss: 0.0342 | 0.0347
Epoch 177/300, seasonal_0 Loss: 0.0342 | 0.0347
Epoch 178/300, seasonal_0 Loss: 0.0342 | 0.0347
Epoch 179/300, seasonal_0 Loss: 0.0342 | 0.0347
Epoch 180/300, seasonal_0 Loss: 0.0342 | 0.0347
Epoch 181/300, seasonal_0 Loss: 0.0342 | 0.0347
Epoch 182/300, seasonal_0 Loss: 0.0342 | 0.0347
Epoch 183/300, seasonal_0 Loss: 0.0342 | 0.0347
Epoch 184/300, seasonal_0 Loss: 0.0341 | 0.0347
Epoch 185/300, seasonal_0 Loss: 0.0341 | 0.0348
Epoch 186/300, seasonal_0 Loss: 0.0341 | 0.0348
Epoch 187/300, seasonal_0 Loss: 0.0341 | 0.034