[32m[I 2024-12-30 13:51:25,665][0m Trial 9 finished with value: 0.11375116292507417 and parameters: {'observation_period_num': 107, 'train_rates': 0.8360346240897528, 'learning_rate': 0.0001602310552999455, 'batch_size': 181, 'step_size': 15, 'gamma': 0.9312426825408996}. Best is trial 3 with value: 0.08981215643627634.[0m
[32m[I 2024-12-30 13:55:44,731][0m Trial 10 finished with value: 0.18903926014900208 and parameters: {'observation_period_num': 40, 'train_rates': 0.9808090340839355, 'learning_rate': 1.0356166712397145e-06, 'batch_size': 112, 'step_size': 10, 'gamma': 0.7735094025790178}. Best is trial 3 with value: 0.08981215643627634.[0m
[32m[I 2024-12-30 13:59:28,742][0m Trial 11 finished with value: 0.06938171481029896 and parameters: {'observation_period_num': 64, 'train_rates': 0.8626661772427943, 'learning_rate': 0.00019256133843654818, 'batch_size': 152, 'step_size': 8, 'gamma': 0.8754024363704432}. Best is trial 11 with value: 0.06938171481029896.[0m
[32m[I 2024-12-30 14:03:08,266][0m Trial 12 finished with value: 0.06298952495798152 and parameters: {'observation_period_num': 62, 'train_rates': 0.8368948812057442, 'learning_rate': 9.364309899894478e-05, 'batch_size': 142, 'step_size': 8, 'gamma': 0.8762315892836351}. Best is trial 12 with value: 0.06298952495798152.[0m
[32m[I 2024-12-30 14:06:51,597][0m Trial 13 finished with value: 0.07739970363352609 and parameters: {'observation_period_num': 59, 'train_rates': 0.8404689663179937, 'learning_rate': 0.00022286677252428353, 'batch_size': 148, 'step_size': 8, 'gamma': 0.8762677412130644}. Best is trial 12 with value: 0.06298952495798152.[0m
[32m[I 2024-12-30 14:10:53,719][0m Trial 14 finished with value: 0.06965705569622652 and parameters: {'observation_period_num': 55, 'train_rates': 0.8348866030887242, 'learning_rate': 1.6604716027117652e-05, 'batch_size': 108, 'step_size': 10, 'gamma': 0.8744583245136085}. Best is trial 12 with value: 0.06298952495798152.[0m
[32m[I 2024-12-30 14:14:53,403][0m Trial 15 finished with value: 0.27520009285971486 and parameters: {'observation_period_num': 12, 'train_rates': 0.606189485531369, 'learning_rate': 6.208290445612965e-05, 'batch_size': 73, 'step_size': 6, 'gamma': 0.7916004839958909}. Best is trial 12 with value: 0.06298952495798152.[0m
[32m[I 2024-12-30 14:18:20,511][0m Trial 16 finished with value: 0.256122388104175 and parameters: {'observation_period_num': 79, 'train_rates': 0.7699118479361089, 'learning_rate': 0.00041478752163159915, 'batch_size': 140, 'step_size': 9, 'gamma': 0.8708589510484145}. Best is trial 12 with value: 0.06298952495798152.[0m
[32m[I 2024-12-30 14:23:39,450][0m Trial 17 finished with value: 0.12520169061422348 and parameters: {'observation_period_num': 164, 'train_rates': 0.8648174912120951, 'learning_rate': 0.00010293612932337412, 'batch_size': 63, 'step_size': 12, 'gamma': 0.7556513494379533}. Best is trial 12 with value: 0.06298952495798152.[0m
[32m[I 2024-12-30 14:27:07,499][0m Trial 18 finished with value: 0.19616913260605834 and parameters: {'observation_period_num': 38, 'train_rates': 0.726403474670474, 'learning_rate': 2.924781726388239e-05, 'batch_size': 129, 'step_size': 5, 'gamma': 0.9687039290337766}. Best is trial 12 with value: 0.06298952495798152.[0m
[32m[I 2024-12-30 14:30:39,788][0m Trial 19 finished with value: 0.13059572366679587 and parameters: {'observation_period_num': 74, 'train_rates': 0.8139218800370347, 'learning_rate': 3.3698003445859675e-06, 'batch_size': 156, 'step_size': 12, 'gamma': 0.8532175848133089}. Best is trial 12 with value: 0.06298952495798152.[0m
[32m[I 2024-12-30 14:36:27,828][0m Trial 20 finished with value: 0.08367427438497543 and parameters: {'observation_period_num': 144, 'train_rates': 0.9885770018759956, 'learning_rate': 0.0003551518478419666, 'batch_size': 66, 'step_size': 7, 'gamma': 0.888016092565889}. Best is trial 12 with value: 0.06298952495798152.[0m
[32m[I 2024-12-30 14:40:23,824][0m Trial 21 finished with value: 0.06390634397494382 and parameters: {'observation_period_num': 46, 'train_rates': 0.8598090705132957, 'learning_rate': 1.2831417120032748e-05, 'batch_size': 115, 'step_size': 10, 'gamma': 0.8911229592010582}. Best is trial 12 with value: 0.06298952495798152.[0m
[32m[I 2024-12-30 14:44:17,743][0m Trial 22 finished with value: 0.04792458636530221 and parameters: {'observation_period_num': 33, 'train_rates': 0.8603999334232927, 'learning_rate': 1.7603244570286414e-05, 'batch_size': 123, 'step_size': 10, 'gamma': 0.8864607795968951}. Best is trial 22 with value: 0.04792458636530221.[0m
[32m[I 2024-12-30 14:47:57,021][0m Trial 23 finished with value: 0.057914486626954115 and parameters: {'observation_period_num': 33, 'train_rates': 0.7992681578738, 'learning_rate': 1.452140740080042e-05, 'batch_size': 123, 'step_size': 10, 'gamma': 0.8934167586097863}. Best is trial 22 with value: 0.04792458636530221.[0m
[32m[I 2024-12-30 14:52:10,362][0m Trial 24 finished with value: 0.18423838509031218 and parameters: {'observation_period_num': 5, 'train_rates': 0.7850190314016933, 'learning_rate': 7.140872877153513e-06, 'batch_size': 94, 'step_size': 11, 'gamma': 0.9458510378744427}. Best is trial 22 with value: 0.04792458636530221.[0m
[32m[I 2024-12-30 14:55:36,624][0m Trial 25 finished with value: 0.18758941160710266 and parameters: {'observation_period_num': 28, 'train_rates': 0.7316132677382688, 'learning_rate': 2.093993264145571e-05, 'batch_size': 126, 'step_size': 9, 'gamma': 0.8536766688712037}. Best is trial 22 with value: 0.04792458636530221.[0m
[32m[I 2024-12-30 15:00:07,709][0m Trial 26 finished with value: 0.057632506970549 and parameters: {'observation_period_num': 29, 'train_rates': 0.8242270755239968, 'learning_rate': 3.129624020604556e-06, 'batch_size': 83, 'step_size': 13, 'gamma': 0.8988359830112068}. Best is trial 22 with value: 0.04792458636530221.[0m
[32m[I 2024-12-30 15:06:35,275][0m Trial 27 finished with value: 0.19391185711411868 and parameters: {'observation_period_num': 27, 'train_rates': 0.6788510313933729, 'learning_rate': 2.144478193022039e-06, 'batch_size': 44, 'step_size': 13, 'gamma': 0.904339556705932}. Best is trial 22 with value: 0.04792458636530221.[0m
[32m[I 2024-12-30 15:10:36,764][0m Trial 28 finished with value: 0.23586871484877714 and parameters: {'observation_period_num': 226, 'train_rates': 0.8058871063576049, 'learning_rate': 3.1981936901883703e-06, 'batch_size': 88, 'step_size': 13, 'gamma': 0.9357140492545117}. Best is trial 22 with value: 0.04792458636530221.[0m
[32m[I 2024-12-30 15:14:44,815][0m Trial 29 finished with value: 0.41775846247396065 and parameters: {'observation_period_num': 91, 'train_rates': 0.7765987316806823, 'learning_rate': 1.0915626382769519e-06, 'batch_size': 90, 'step_size': 14, 'gamma': 0.8481200744056482}. Best is trial 22 with value: 0.04792458636530221.[0m
seasonal_3 „ÅÆÊúÄÈÅ©„Éè„Ç§„Éë„Éº„Éë„É©„É°„Éº„Çø„ÅåË¶ã„Å§„Åã„Çä„Åæ„Åó„Åü
ÊúÄÈÅ©ÂåñÂØæË±°: resid
[32m[I 2024-12-30 15:14:44,820][0m A new study created in memory with name: no-name-cdb2d4b9-1cb7-4589-bc97-da9a5d479a42[0m
[32m[I 2024-12-30 15:18:27,922][0m Trial 0 finished with value: 0.11420270800590515 and parameters: {'observation_period_num': 175, 'train_rates': 0.9725301538903182, 'learning_rate': 0.00032048785988489267, 'batch_size': 241, 'step_size': 10, 'gamma': 0.8985594054939599}. Best is trial 0 with value: 0.11420270800590515.[0m
[32m[I 2024-12-30 15:21:23,923][0m Trial 1 finished with value: 0.5274848106126078 and parameters: {'observation_period_num': 69, 'train_rates': 0.6011167891723415, 'learning_rate': 1.0925949767791743e-06, 'batch_size': 157, 'step_size': 11, 'gamma': 0.913316845749736}. Best is trial 0 with value: 0.11420270800590515.[0m
Early stopping at epoch 63
[32m[I 2024-12-30 15:23:38,772][0m Trial 2 finished with value: 0.3091919975278629 and parameters: {'observation_period_num': 165, 'train_rates': 0.7987373099510817, 'learning_rate': 4.874855291478238e-05, 'batch_size': 135, 'step_size': 1, 'gamma': 0.8077731284110147}. Best is trial 0 with value: 0.11420270800590515.[0m
[32m[I 2024-12-30 15:26:49,887][0m Trial 3 finished with value: 0.3716608149454906 and parameters: {'observation_period_num': 208, 'train_rates': 0.7178532260639509, 'learning_rate': 6.347774351781812e-05, 'batch_size': 134, 'step_size': 6, 'gamma': 0.8054627240866306}. Best is trial 0 with value: 0.11420270800590515.[0m
[32m[I 2024-12-30 15:30:29,486][0m Trial 4 finished with value: 0.10464487734034714 and parameters: {'observation_period_num': 65, 'train_rates': 0.8171604037031973, 'learning_rate': 0.00021436056572292334, 'batch_size': 145, 'step_size': 4, 'gamma': 0.8289039991761998}. Best is trial 4 with value: 0.10464487734034714.[0m
[32m[I 2024-12-30 15:34:00,139][0m Trial 5 finished with value: 0.10028969895118361 and parameters: {'observation_period_num': 134, 'train_rates': 0.8322879813894535, 'learning_rate': 0.00012372659353156016, 'batch_size': 159, 'step_size': 4, 'gamma': 0.8665457996350694}. Best is trial 5 with value: 0.10028969895118361.[0m
[32m[I 2024-12-30 15:37:49,672][0m Trial 6 finished with value: 0.08563371840255712 and parameters: {'observation_period_num': 32, 'train_rates': 0.8949131613455017, 'learning_rate': 6.0713242138140515e-06, 'batch_size': 197, 'step_size': 7, 'gamma': 0.8560455359794901}. Best is trial 6 with value: 0.08563371840255712.[0m
[32m[I 2024-12-30 15:40:53,886][0m Trial 7 finished with value: 0.4510422276763954 and parameters: {'observation_period_num': 89, 'train_rates': 0.6468044706826843, 'learning_rate': 3.0808111537745103e-06, 'batch_size': 200, 'step_size': 7, 'gamma': 0.7639646444528119}. Best is trial 6 with value: 0.08563371840255712.[0m
[32m[I 2024-12-30 15:45:01,897][0m Trial 8 finished with value: 0.18555506070454916 and parameters: {'observation_period_num': 242, 'train_rates': 0.8988746852889214, 'learning_rate': 0.00012124848281787219, 'batch_size': 91, 'step_size': 7, 'gamma': 0.8969202626026505}. Best is trial 6 with value: 0.08563371840255712.[0m
[32m[I 2024-12-30 15:48:49,738][0m Trial 9 finished with value: 0.13422104716300964 and parameters: {'observation_period_num': 93, 'train_rates': 0.9808673260220399, 'learning_rate': 2.4378060491855424e-05, 'batch_size': 242, 'step_size': 12, 'gamma': 0.9254329465138789}. Best is trial 6 with value: 0.08563371840255712.[0m
[32m[I 2024-12-30 16:08:29,832][0m Trial 10 finished with value: 0.09879882413893938 and parameters: {'observation_period_num': 48, 'train_rates': 0.8965311716196469, 'learning_rate': 9.01927970311776e-06, 'batch_size': 17, 'step_size': 15, 'gamma': 0.9800554062835586}. Best is trial 6 with value: 0.08563371840255712.[0m
[32m[I 2024-12-30 16:24:37,989][0m Trial 11 finished with value: 0.032421076534823935 and parameters: {'observation_period_num': 5, 'train_rates': 0.8876291712995726, 'learning_rate': 9.842250568398566e-06, 'batch_size': 21, 'step_size': 15, 'gamma': 0.9846904717498514}. Best is trial 11 with value: 0.032421076534823935.[0m
[32m[I 2024-12-30 16:43:30,561][0m Trial 12 finished with value: 0.05566018869259716 and parameters: {'observation_period_num': 13, 'train_rates': 0.8842974898134168, 'learning_rate': 8.754921904828098e-06, 'batch_size': 18, 'step_size': 15, 'gamma': 0.983896142946401}. Best is trial 11 with value: 0.032421076534823935.[0m
[32m[I 2024-12-30 17:00:30,108][0m Trial 13 finished with value: 0.1794381943350883 and parameters: {'observation_period_num': 8, 'train_rates': 0.7377766263071015, 'learning_rate': 1.192771493615461e-05, 'batch_size': 18, 'step_size': 15, 'gamma': 0.9664779385603708}. Best is trial 11 with value: 0.032421076534823935.[0m
[32m[I 2024-12-30 17:06:06,370][0m Trial 14 finished with value: 0.05904962941638082 and parameters: {'observation_period_num': 11, 'train_rates': 0.8611033278676372, 'learning_rate': 1.5696660019189524e-06, 'batch_size': 60, 'step_size': 13, 'gamma': 0.9564103716191803}. Best is trial 11 with value: 0.032421076534823935.[0m
[32m[I 2024-12-30 17:12:08,649][0m Trial 15 finished with value: 0.036380124026133366 and parameters: {'observation_period_num': 5, 'train_rates': 0.9346445127344344, 'learning_rate': 0.0008256236466811789, 'batch_size': 61, 'step_size': 14, 'gamma': 0.9895744945939942}. Best is trial 11 with value: 0.032421076534823935.[0m
[32m[I 2024-12-30 17:17:39,031][0m Trial 16 finished with value: 0.08736803998448411 and parameters: {'observation_period_num': 99, 'train_rates': 0.9485464953814446, 'learning_rate': 0.0008617015570794091, 'batch_size': 65, 'step_size': 13, 'gamma': 0.9401602482703935}. Best is trial 11 with value: 0.032421076534823935.[0m
[32m[I 2024-12-30 17:24:22,734][0m Trial 17 finished with value: 0.07055182182702466 and parameters: {'observation_period_num': 39, 'train_rates': 0.9286525608171925, 'learning_rate': 0.0007670068559566169, 'batch_size': 56, 'step_size': 10, 'gamma': 0.9410615499263798}. Best is trial 11 with value: 0.032421076534823935.[0m
[32m[I 2024-12-30 17:27:58,005][0m Trial 18 finished with value: 0.3364151039444808 and parameters: {'observation_period_num': 136, 'train_rates': 0.7486994396783313, 'learning_rate': 1.6528136734991366e-05, 'batch_size': 101, 'step_size': 13, 'gamma': 0.9835051806965563}. Best is trial 11 with value: 0.032421076534823935.[0m
[32m[I 2024-12-30 17:37:12,459][0m Trial 19 finished with value: 0.07890871222372409 and parameters: {'observation_period_num': 58, 'train_rates': 0.9346244135094117, 'learning_rate': 3.933147726432701e-06, 'batch_size': 40, 'step_size': 9, 'gamma': 0.9521722683975865}. Best is trial 11 with value: 0.032421076534823935.[0m
[32m[I 2024-12-30 17:41:26,461][0m Trial 20 finished with value: 0.12079859056123873 and parameters: {'observation_period_num': 112, 'train_rates': 0.8552475284999579, 'learning_rate': 3.671611452321919e-05, 'batch_size': 92, 'step_size': 14, 'gamma': 0.8814332977502326}. Best is trial 11 with value: 0.032421076534823935.[0m
[32m[I 2024-12-30 17:50:46,117][0m Trial 21 finished with value: 0.0333815644616666 and parameters: {'observation_period_num': 7, 'train_rates': 0.8823595402886347, 'learning_rate': 6.26990596520628e-06, 'batch_size': 39, 'step_size': 15, 'gamma': 0.9889853181908689}. Best is trial 11 with value: 0.032421076534823935.[0m
[32m[I 2024-12-30 17:57:24,889][0m Trial 22 finished with value: 0.20954132154355384 and parameters: {'observation_period_num': 31, 'train_rates': 0.7759761236684857, 'learning_rate': 3.390911695059455e-06, 'batch_size': 47, 'step_size': 12, 'gamma': 0.9662003331007163}. Best is trial 11 with value: 0.032421076534823935.[0m
[32m[I 2024-12-30 18:02:48,745][0m Trial 23 finished with value: 0.05942059220636592 and parameters: {'observation_period_num': 26, 'train_rates': 0.930133834343859, 'learning_rate': 1.6740872512925203e-05, 'batch_size': 72, 'step_size': 14, 'gamma': 0.9868176903190354}. Best is trial 11 with value: 0.032421076534823935.[0m
[32m[I 2024-12-30 18:11:36,188][0m Trial 24 finished with value: 0.044060592599418184 and parameters: {'observation_period_num': 10, 'train_rates': 0.8512969196520318, 'learning_rate': 2.2728769720093968e-06, 'batch_size': 38, 'step_size': 14, 'gamma': 0.9275663824444377}. Best is trial 11 with value: 0.032421076534823935.[0m
[32m[I 2024-12-30 18:16:43,252][0m Trial 25 finished with value: 0.09886278212070465 and parameters: {'observation_period_num': 72, 'train_rates': 0.989137405845028, 'learning_rate': 4.6943495687581795e-06, 'batch_size': 80, 'step_size': 12, 'gamma': 0.9682880518703928}. Best is trial 11 with value: 0.032421076534823935.[0m
[32m[I 2024-12-30 18:20:51,783][0m Trial 26 finished with value: 0.09327474975725636 and parameters: {'observation_period_num': 45, 'train_rates': 0.911668120278343, 'learning_rate': 0.00043422813997819894, 'batch_size': 108, 'step_size': 15, 'gamma': 0.9399876498349647}. Best is trial 11 with value: 0.032421076534823935.[0m
[32m[I 2024-12-30 18:31:09,626][0m Trial 27 finished with value: 0.04253831505775452 and parameters: {'observation_period_num': 23, 'train_rates': 0.9519781742001963, 'learning_rate': 1.8977101133868222e-05, 'batch_size': 35, 'step_size': 11, 'gamma': 0.7506554224634487}. Best is trial 11 with value: 0.032421076534823935.[0m
[32m[I 2024-12-30 18:41:17,015][0m Trial 28 finished with value: 0.10974995231037367 and parameters: {'observation_period_num': 49, 'train_rates': 0.8763828762671826, 'learning_rate': 7.165224602551958e-05, 'batch_size': 33, 'step_size': 14, 'gamma': 0.9896692044927516}. Best is trial 11 with value: 0.032421076534823935.[0m
