[32m[I 2025-01-07 11:32:40,448][0m A new study created in memory with name: no-name-86071cf1-f4fb-4b19-b109-48027cb89b41[0m
[32m[I 2025-01-07 11:34:03,775][0m Trial 0 finished with value: 1.5246637265863816 and parameters: {'observation_period_num': 75, 'train_rates': 0.7184017312842059, 'learning_rate': 1.2726351214190381e-06, 'batch_size': 227, 'step_size': 9, 'gamma': 0.9380968808679921}. Best is trial 0 with value: 1.5246637265863816.[0m
[32m[I 2025-01-07 11:36:53,322][0m Trial 1 finished with value: 0.78413049548973 and parameters: {'observation_period_num': 145, 'train_rates': 0.7082194946473542, 'learning_rate': 8.345897153731066e-05, 'batch_size': 120, 'step_size': 12, 'gamma': 0.7662903672927133}. Best is trial 1 with value: 0.78413049548973.[0m
[32m[I 2025-01-07 11:38:15,675][0m Trial 2 finished with value: 1.2914531238903217 and parameters: {'observation_period_num': 71, 'train_rates': 0.6966200701869859, 'learning_rate': 0.0006599551631254375, 'batch_size': 115, 'step_size': 13, 'gamma': 0.8404914236182139}. Best is trial 1 with value: 0.78413049548973.[0m
[32m[I 2025-01-07 11:39:27,742][0m Trial 3 finished with value: 0.6619507173697153 and parameters: {'observation_period_num': 22, 'train_rates': 0.7658052364247736, 'learning_rate': 1.439018191951241e-05, 'batch_size': 46, 'step_size': 10, 'gamma': 0.7819264035830283}. Best is trial 3 with value: 0.6619507173697153.[0m
[32m[I 2025-01-07 11:45:34,805][0m Trial 4 finished with value: 0.29995953779796075 and parameters: {'observation_period_num': 250, 'train_rates': 0.8613376006309843, 'learning_rate': 0.00014102724556199162, 'batch_size': 151, 'step_size': 7, 'gamma': 0.8131658230902088}. Best is trial 4 with value: 0.29995953779796075.[0m
[32m[I 2025-01-07 11:48:46,752][0m Trial 5 finished with value: 1.3874622433872545 and parameters: {'observation_period_num': 166, 'train_rates': 0.6838706260329073, 'learning_rate': 1.941847747424357e-06, 'batch_size': 108, 'step_size': 12, 'gamma': 0.8754210252871708}. Best is trial 4 with value: 0.29995953779796075.[0m
[32m[I 2025-01-07 11:50:21,720][0m Trial 6 finished with value: 0.5649205990663664 and parameters: {'observation_period_num': 75, 'train_rates': 0.7804314978627501, 'learning_rate': 2.4999672357378427e-05, 'batch_size': 75, 'step_size': 12, 'gamma': 0.7720035099659384}. Best is trial 4 with value: 0.29995953779796075.[0m
[32m[I 2025-01-07 11:55:13,074][0m Trial 7 finished with value: 0.9830730126947457 and parameters: {'observation_period_num': 246, 'train_rates': 0.6257842770514008, 'learning_rate': 1.566884863694039e-05, 'batch_size': 67, 'step_size': 9, 'gamma': 0.8525336950779526}. Best is trial 4 with value: 0.29995953779796075.[0m
[32m[I 2025-01-07 11:56:48,928][0m Trial 8 finished with value: 0.8257363933060025 and parameters: {'observation_period_num': 90, 'train_rates': 0.6164855633183327, 'learning_rate': 0.00010148943868318323, 'batch_size': 82, 'step_size': 8, 'gamma': 0.773581911726959}. Best is trial 4 with value: 0.29995953779796075.[0m
[32m[I 2025-01-07 12:01:44,737][0m Trial 9 finished with value: 1.4097532472440175 and parameters: {'observation_period_num': 220, 'train_rates': 0.7959541971945427, 'learning_rate': 2.192040580896196e-06, 'batch_size': 158, 'step_size': 4, 'gamma': 0.8950934826703436}. Best is trial 4 with value: 0.29995953779796075.[0m
[32m[I 2025-01-07 12:06:31,657][0m Trial 10 finished with value: 0.21267668702164474 and parameters: {'observation_period_num': 194, 'train_rates': 0.9115549420412152, 'learning_rate': 0.0006705097535580967, 'batch_size': 188, 'step_size': 1, 'gamma': 0.98127243935309}. Best is trial 10 with value: 0.21267668702164474.[0m
[32m[I 2025-01-07 12:11:22,582][0m Trial 11 finished with value: 0.20264357948067166 and parameters: {'observation_period_num': 197, 'train_rates': 0.9271487138627351, 'learning_rate': 0.0007650866273238841, 'batch_size': 184, 'step_size': 1, 'gamma': 0.9685262549996809}. Best is trial 11 with value: 0.20264357948067166.[0m
[32m[I 2025-01-07 12:16:02,826][0m Trial 12 finished with value: 0.613757848739624 and parameters: {'observation_period_num': 192, 'train_rates': 0.9623563683464531, 'learning_rate': 0.0009445591580233462, 'batch_size': 207, 'step_size': 1, 'gamma': 0.9749635714048644}. Best is trial 11 with value: 0.20264357948067166.[0m
[32m[I 2025-01-07 12:20:24,226][0m Trial 13 finished with value: 0.14114296436309814 and parameters: {'observation_period_num': 178, 'train_rates': 0.96613341165923, 'learning_rate': 0.00035951234831468204, 'batch_size': 185, 'step_size': 1, 'gamma': 0.9727113086195777}. Best is trial 13 with value: 0.14114296436309814.[0m
[32m[I 2025-01-07 12:23:16,525][0m Trial 14 finished with value: 0.13378965854644775 and parameters: {'observation_period_num': 125, 'train_rates': 0.9751669483159391, 'learning_rate': 0.00025995644437210014, 'batch_size': 256, 'step_size': 4, 'gamma': 0.9375765496193529}. Best is trial 14 with value: 0.13378965854644775.[0m
[32m[I 2025-01-07 12:25:55,368][0m Trial 15 finished with value: 0.14293619990348816 and parameters: {'observation_period_num': 115, 'train_rates': 0.9896132796458487, 'learning_rate': 0.00024380306299748652, 'batch_size': 251, 'step_size': 4, 'gamma': 0.927933766209182}. Best is trial 14 with value: 0.13378965854644775.[0m
[32m[I 2025-01-07 12:28:54,528][0m Trial 16 finished with value: 0.2253806029564768 and parameters: {'observation_period_num': 133, 'train_rates': 0.87217005753179, 'learning_rate': 0.0003236726071724156, 'batch_size': 256, 'step_size': 4, 'gamma': 0.9329358359001982}. Best is trial 14 with value: 0.13378965854644775.[0m
[32m[I 2025-01-07 12:32:24,799][0m Trial 17 finished with value: 0.4198593482515722 and parameters: {'observation_period_num': 159, 'train_rates': 0.8490189128844656, 'learning_rate': 4.9453896235837324e-05, 'batch_size': 221, 'step_size': 6, 'gamma': 0.9050969421449625}. Best is trial 14 with value: 0.13378965854644775.[0m
[32m[I 2025-01-07 12:34:38,831][0m Trial 18 finished with value: 0.14623196499080074 and parameters: {'observation_period_num': 102, 'train_rates': 0.9317677409692106, 'learning_rate': 0.00030008460511439045, 'batch_size': 178, 'step_size': 3, 'gamma': 0.950493811044336}. Best is trial 14 with value: 0.13378965854644775.[0m
[32m[I 2025-01-07 12:39:09,786][0m Trial 19 finished with value: 0.15076616456953146 and parameters: {'observation_period_num': 10, 'train_rates': 0.9802271679188244, 'learning_rate': 5.143492252687027e-06, 'batch_size': 16, 'step_size': 6, 'gamma': 0.9084596496150286}. Best is trial 14 with value: 0.13378965854644775.[0m
[32m[I 2025-01-07 12:40:01,788][0m Trial 20 finished with value: 0.1721079370172897 and parameters: {'observation_period_num': 41, 'train_rates': 0.8966799208983461, 'learning_rate': 0.00016944242366717012, 'batch_size': 232, 'step_size': 3, 'gamma': 0.9879296579864789}. Best is trial 14 with value: 0.13378965854644775.[0m
[32m[I 2025-01-07 12:42:31,734][0m Trial 21 finished with value: 0.18646590411663055 and parameters: {'observation_period_num': 110, 'train_rates': 0.9886529031474474, 'learning_rate': 0.00030576005520655447, 'batch_size': 256, 'step_size': 3, 'gamma': 0.9256259614361432}. Best is trial 14 with value: 0.13378965854644775.[0m
[32m[I 2025-01-07 12:45:37,814][0m Trial 22 finished with value: 0.1252930611371994 and parameters: {'observation_period_num': 130, 'train_rates': 0.9462035233345073, 'learning_rate': 0.00021631120544625393, 'batch_size': 242, 'step_size': 5, 'gamma': 0.9538711019463818}. Best is trial 22 with value: 0.1252930611371994.[0m
[32m[I 2025-01-07 12:49:40,882][0m Trial 23 finished with value: 0.15061189234256744 and parameters: {'observation_period_num': 168, 'train_rates': 0.9464553538930182, 'learning_rate': 6.507405211707297e-05, 'batch_size': 214, 'step_size': 5, 'gamma': 0.9590490947986493}. Best is trial 22 with value: 0.1252930611371994.[0m
[32m[I 2025-01-07 12:52:36,642][0m Trial 24 finished with value: 0.3615458415012167 and parameters: {'observation_period_num': 135, 'train_rates': 0.8252863928515004, 'learning_rate': 0.0003915218512738269, 'batch_size': 200, 'step_size': 2, 'gamma': 0.9540818537306588}. Best is trial 22 with value: 0.1252930611371994.[0m
[32m[I 2025-01-07 12:56:05,706][0m Trial 25 finished with value: 0.19620922083655992 and parameters: {'observation_period_num': 150, 'train_rates': 0.897831396495266, 'learning_rate': 0.00014375362131252808, 'batch_size': 242, 'step_size': 15, 'gamma': 0.8858965842064321}. Best is trial 22 with value: 0.1252930611371994.[0m
[32m[I 2025-01-07 13:00:24,690][0m Trial 26 finished with value: 0.20572137832641602 and parameters: {'observation_period_num': 178, 'train_rates': 0.9535388124951107, 'learning_rate': 3.315726827138434e-05, 'batch_size': 162, 'step_size': 5, 'gamma': 0.9121080440563362}. Best is trial 22 with value: 0.1252930611371994.[0m
[32m[I 2025-01-07 13:05:43,561][0m Trial 27 finished with value: 0.21217678291629058 and parameters: {'observation_period_num': 217, 'train_rates': 0.8920181220589444, 'learning_rate': 0.0005209943866546823, 'batch_size': 232, 'step_size': 2, 'gamma': 0.9461032244638025}. Best is trial 22 with value: 0.1252930611371994.[0m
[32m[I 2025-01-07 13:08:28,251][0m Trial 28 finished with value: 0.1368170827627182 and parameters: {'observation_period_num': 121, 'train_rates': 0.9607233698008296, 'learning_rate': 0.00017763194505997692, 'batch_size': 202, 'step_size': 6, 'gamma': 0.9614957766528801}. Best is trial 22 with value: 0.1252930611371994.[0m
[32m[I 2025-01-07 13:11:10,267][0m Trial 29 finished with value: 0.13562647998332977 and parameters: {'observation_period_num': 123, 'train_rates': 0.9277625131661349, 'learning_rate': 0.00020495978838652273, 'batch_size': 232, 'step_size': 7, 'gamma': 0.9366763537135938}. Best is trial 22 with value: 0.1252930611371994.[0m
[32m[I 2025-01-07 13:12:18,658][0m Trial 30 finished with value: 0.35093941539525986 and parameters: {'observation_period_num': 58, 'train_rates': 0.8315909043597713, 'learning_rate': 4.5834721353096656e-05, 'batch_size': 235, 'step_size': 9, 'gamma': 0.9199540911499}. Best is trial 22 with value: 0.1252930611371994.[0m
[32m[I 2025-01-07 13:14:54,647][0m Trial 31 finished with value: 0.13671323657035828 and parameters: {'observation_period_num': 118, 'train_rates': 0.9326771769087416, 'learning_rate': 0.0001971888838281632, 'batch_size': 219, 'step_size': 7, 'gamma': 0.9438390318823033}. Best is trial 22 with value: 0.1252930611371994.[0m
[32m[I 2025-01-07 13:17:00,067][0m Trial 32 finished with value: 0.17446006834506989 and parameters: {'observation_period_num': 96, 'train_rates': 0.9236381579466864, 'learning_rate': 9.478890606157351e-05, 'batch_size': 224, 'step_size': 7, 'gamma': 0.9344147151506708}. Best is trial 22 with value: 0.1252930611371994.[0m
[32m[I 2025-01-07 13:20:19,457][0m Trial 33 finished with value: 0.13187935948371887 and parameters: {'observation_period_num': 140, 'train_rates': 0.9395937720383287, 'learning_rate': 0.00022207076613898073, 'batch_size': 243, 'step_size': 8, 'gamma': 0.9424781067225818}. Best is trial 22 with value: 0.1252930611371994.[0m
[32m[I 2025-01-07 13:23:10,964][0m Trial 34 finished with value: 0.729647546640685 and parameters: {'observation_period_num': 141, 'train_rates': 0.7404992096575627, 'learning_rate': 0.000454451155851091, 'batch_size': 245, 'step_size': 10, 'gamma': 0.8564324613555068}. Best is trial 22 with value: 0.1252930611371994.[0m
[32m[I 2025-01-07 13:25:01,252][0m Trial 35 finished with value: 0.22132371804293463 and parameters: {'observation_period_num': 88, 'train_rates': 0.8821035166404271, 'learning_rate': 0.00011415900589698996, 'batch_size': 237, 'step_size': 8, 'gamma': 0.8940936361078771}. Best is trial 22 with value: 0.1252930611371994.[0m
[32m[I 2025-01-07 13:28:36,905][0m Trial 36 finished with value: 0.17419789419058831 and parameters: {'observation_period_num': 153, 'train_rates': 0.9118426962214446, 'learning_rate': 0.0002388769590044517, 'batch_size': 132, 'step_size': 10, 'gamma': 0.8110357680482421}. Best is trial 22 with value: 0.1252930611371994.[0m
[32m[I 2025-01-07 13:31:27,311][0m Trial 37 finished with value: 0.15361332893371582 and parameters: {'observation_period_num': 128, 'train_rates': 0.9473050688957465, 'learning_rate': 6.993961050209039e-05, 'batch_size': 200, 'step_size': 5, 'gamma': 0.9406185215788958}. Best is trial 22 with value: 0.1252930611371994.[0m
[32m[I 2025-01-07 13:33:04,137][0m Trial 38 finished with value: 0.36087103904439854 and parameters: {'observation_period_num': 78, 'train_rates': 0.855939526067397, 'learning_rate': 0.000532989531450368, 'batch_size': 245, 'step_size': 7, 'gamma': 0.9894136797198572}. Best is trial 22 with value: 0.1252930611371994.[0m
[32m[I 2025-01-07 13:34:27,347][0m Trial 39 finished with value: 0.2064160257577896 and parameters: {'observation_period_num': 60, 'train_rates': 0.9698714706512597, 'learning_rate': 1.91676261028593e-05, 'batch_size': 104, 'step_size': 8, 'gamma': 0.8648613310384019}. Best is trial 22 with value: 0.1252930611371994.[0m
[32m[I 2025-01-07 13:37:45,476][0m Trial 40 finished with value: 0.19443216919898987 and parameters: {'observation_period_num': 143, 'train_rates': 0.911445449807411, 'learning_rate': 0.0001249698663227061, 'batch_size': 212, 'step_size': 6, 'gamma': 0.8198455033380596}. Best is trial 22 with value: 0.1252930611371994.[0m
[32m[I 2025-01-07 13:40:11,806][0m Trial 41 finished with value: 0.13582061231136322 and parameters: {'observation_period_num': 110, 'train_rates': 0.9388804123791004, 'learning_rate': 0.00017002606880748563, 'batch_size': 222, 'step_size': 7, 'gamma': 0.9430410484113557}. Best is trial 22 with value: 0.1252930611371994.[0m
[32m[I 2025-01-07 13:42:32,587][0m Trial 42 finished with value: 0.1354416012763977 and parameters: {'observation_period_num': 105, 'train_rates': 0.9517767867768661, 'learning_rate': 0.000237205626496804, 'batch_size': 227, 'step_size': 11, 'gamma': 0.9214738941570267}. Best is trial 22 with value: 0.1252930611371994.[0m
[32m[I 2025-01-07 13:45:25,639][0m Trial 43 finished with value: 0.1400112360715866 and parameters: {'observation_period_num': 126, 'train_rates': 0.9751708302391483, 'learning_rate': 0.00024263679668727053, 'batch_size': 243, 'step_size': 11, 'gamma': 0.7506547239366803}. Best is trial 22 with value: 0.1252930611371994.[0m
[32m[I 2025-01-07 13:47:39,495][0m Trial 44 finished with value: 0.16305083136946436 and parameters: {'observation_period_num': 103, 'train_rates': 0.912241294760662, 'learning_rate': 9.056208349102772e-05, 'batch_size': 229, 'step_size': 14, 'gamma': 0.882382854087204}. Best is trial 22 with value: 0.1252930611371994.[0m
[32m[I 2025-01-07 13:49:01,319][0m Trial 45 finished with value: 1.0984931953417252 and parameters: {'observation_period_num': 80, 'train_rates': 0.6420873093211554, 'learning_rate': 1.0255561827969003e-05, 'batch_size': 256, 'step_size': 11, 'gamma': 0.96262487290031}. Best is trial 22 with value: 0.1252930611371994.[0m
[32m[I 2025-01-07 13:52:54,202][0m Trial 46 finished with value: 0.3952091336250305 and parameters: {'observation_period_num': 161, 'train_rates': 0.9431735788877434, 'learning_rate': 0.0007892936400315912, 'batch_size': 193, 'step_size': 9, 'gamma': 0.9144811566511304}. Best is trial 22 with value: 0.1252930611371994.[0m
[32m[I 2025-01-07 13:56:16,905][0m Trial 47 finished with value: 1.5203648805618286 and parameters: {'observation_period_num': 141, 'train_rates': 0.9624978734268677, 'learning_rate': 1.1389197807520632e-06, 'batch_size': 212, 'step_size': 8, 'gamma': 0.8999211869474613}. Best is trial 22 with value: 0.1252930611371994.[0m
[32m[I 2025-01-07 13:58:10,303][0m Trial 48 finished with value: 0.4261195252286484 and parameters: {'observation_period_num': 93, 'train_rates': 0.8025619236289302, 'learning_rate': 0.000573127053849918, 'batch_size': 169, 'step_size': 4, 'gamma': 0.9240954669945715}. Best is trial 22 with value: 0.1252930611371994.[0m
