[32m[I 2025-01-07 14:02:16,205][0m Trial 49 finished with value: 1.0016861535253978 and parameters: {'observation_period_num': 173, 'train_rates': 0.924953393486467, 'learning_rate': 0.0009783746071693206, 'batch_size': 139, 'step_size': 11, 'gamma': 0.975646255980059}. Best is trial 22 with value: 0.1252930611371994.[0m
最適ハイパーパラメータが見つかりました
最適ハイパーパラメータが best_hyperparameters_AMZN_Transformer(nomstl).json に保存されました
Epoch 1/300, Loss: 1.2249 | 1.7299
Epoch 2/300, Loss: 0.7238 | 0.8927
Epoch 3/300, Loss: 0.5698 | 0.6996
Epoch 4/300, Loss: 0.4496 | 0.5974
Epoch 5/300, Loss: 0.3948 | 0.5194
Epoch 6/300, Loss: 0.3731 | 0.4443
Epoch 7/300, Loss: 0.3986 | 0.4775
Epoch 8/300, Loss: 0.3610 | 0.3707
Epoch 9/300, Loss: 0.3761 | 0.4046
Epoch 10/300, Loss: 0.3247 | 0.3506
Epoch 11/300, Loss: 0.3065 | 0.3377
Epoch 12/300, Loss: 0.2929 | 0.3133
Epoch 13/300, Loss: 0.2883 | 0.3234
Epoch 14/300, Loss: 0.2664 | 0.2940
Epoch 15/300, Loss: 0.2514 | 0.2858
Epoch 16/300, Loss: 0.2350 | 0.2640
Epoch 17/300, Loss: 0.2353 | 0.2465
Epoch 18/300, Loss: 0.2236 | 0.2381
Epoch 19/300, Loss: 0.2073 | 0.2248
Epoch 20/300, Loss: 0.1986 | 0.2189
Epoch 21/300, Loss: 0.2026 | 0.2143
Epoch 22/300, Loss: 0.2161 | 0.2244
Epoch 23/300, Loss: 0.2271 | 0.2176
Epoch 24/300, Loss: 0.2257 | 0.2503
Epoch 25/300, Loss: 0.2010 | 0.2135
Epoch 26/300, Loss: 0.1921 | 0.1983
Epoch 27/300, Loss: 0.1917 | 0.1986
Epoch 28/300, Loss: 0.1884 | 0.1918
Epoch 29/300, Loss: 0.1910 | 0.1916
Epoch 30/300, Loss: 0.1875 | 0.1850
Epoch 31/300, Loss: 0.1851 | 0.1874
Epoch 32/300, Loss: 0.1788 | 0.1818
Epoch 33/300, Loss: 0.1748 | 0.1817
Epoch 34/300, Loss: 0.1707 | 0.1767
Epoch 35/300, Loss: 0.1677 | 0.1775
Epoch 36/300, Loss: 0.1657 | 0.1734
Epoch 37/300, Loss: 0.1636 | 0.1727
Epoch 38/300, Loss: 0.1629 | 0.1707
Epoch 39/300, Loss: 0.1625 | 0.1688
Epoch 40/300, Loss: 0.1614 | 0.1656
Epoch 41/300, Loss: 0.1604 | 0.1634
Epoch 42/300, Loss: 0.1582 | 0.1617
Epoch 43/300, Loss: 0.1569 | 0.1609
Epoch 44/300, Loss: 0.1556 | 0.1584
Epoch 45/300, Loss: 0.1551 | 0.1586
Epoch 46/300, Loss: 0.1542 | 0.1555
Epoch 47/300, Loss: 0.1536 | 0.1539
Epoch 48/300, Loss: 0.1533 | 0.1534
Epoch 49/300, Loss: 0.1531 | 0.1516
Epoch 50/300, Loss: 0.1531 | 0.1528
Epoch 51/300, Loss: 0.1535 | 0.1500
Epoch 52/300, Loss: 0.1527 | 0.1534
Epoch 53/300, Loss: 0.1528 | 0.1476
Epoch 54/300, Loss: 0.1524 | 0.1524
Epoch 55/300, Loss: 0.1513 | 0.1461
Epoch 56/300, Loss: 0.1504 | 0.1501
Epoch 57/300, Loss: 0.1491 | 0.1463
Epoch 58/300, Loss: 0.1488 | 0.1476
Epoch 59/300, Loss: 0.1471 | 0.1436
Epoch 60/300, Loss: 0.1469 | 0.1443
Epoch 61/300, Loss: 0.1453 | 0.1441
Epoch 62/300, Loss: 0.1450 | 0.1434
Epoch 63/300, Loss: 0.1444 | 0.1422
Epoch 64/300, Loss: 0.1442 | 0.1418
Epoch 65/300, Loss: 0.1435 | 0.1410
Epoch 66/300, Loss: 0.1435 | 0.1405
Epoch 67/300, Loss: 0.1432 | 0.1382
Epoch 68/300, Loss: 0.1421 | 0.1398
Epoch 69/300, Loss: 0.1423 | 0.1378
Epoch 70/300, Loss: 0.1409 | 0.1374
Epoch 71/300, Loss: 0.1416 | 0.1382
Epoch 72/300, Loss: 0.1404 | 0.1358
Epoch 73/300, Loss: 0.1404 | 0.1369
Epoch 74/300, Loss: 0.1403 | 0.1359
Epoch 75/300, Loss: 0.1404 | 0.1376
Epoch 76/300, Loss: 0.1390 | 0.1355
Epoch 77/300, Loss: 0.1385 | 0.1355
Epoch 78/300, Loss: 0.1381 | 0.1342
Epoch 79/300, Loss: 0.1371 | 0.1342
Epoch 80/300, Loss: 0.1369 | 0.1331
Epoch 81/300, Loss: 0.1369 | 0.1339
Epoch 82/300, Loss: 0.1366 | 0.1327
Epoch 83/300, Loss: 0.1359 | 0.1332
Epoch 84/300, Loss: 0.1355 | 0.1315
Epoch 85/300, Loss: 0.1355 | 0.1334
Epoch 86/300, Loss: 0.1350 | 0.1317
Epoch 87/300, Loss: 0.1352 | 0.1323
Epoch 88/300, Loss: 0.1349 | 0.1314
Epoch 89/300, Loss: 0.1335 | 0.1311
Epoch 90/300, Loss: 0.1331 | 0.1306
Epoch 91/300, Loss: 0.1325 | 0.1301
Epoch 92/300, Loss: 0.1331 | 0.1311
Epoch 93/300, Loss: 0.1320 | 0.1300
Epoch 94/300, Loss: 0.1320 | 0.1289
Epoch 95/300, Loss: 0.1315 | 0.1297
Epoch 96/300, Loss: 0.1318 | 0.1286
Epoch 97/300, Loss: 0.1311 | 0.1291
Epoch 98/300, Loss: 0.1310 | 0.1292
Epoch 99/300, Loss: 0.1306 | 0.1283
Epoch 100/300, Loss: 0.1308 | 0.1289
Epoch 101/300, Loss: 0.1304 | 0.1273
Epoch 102/300, Loss: 0.1300 | 0.1276
Epoch 103/300, Loss: 0.1302 | 0.1260
Epoch 104/300, Loss: 0.1296 | 0.1271
Epoch 105/300, Loss: 0.1294 | 0.1266
Epoch 106/300, Loss: 0.1285 | 0.1274
Epoch 107/300, Loss: 0.1292 | 0.1258
Epoch 108/300, Loss: 0.1290 | 0.1269
Epoch 109/300, Loss: 0.1290 | 0.1249
Epoch 110/300, Loss: 0.1279 | 0.1264
Epoch 111/300, Loss: 0.1280 | 0.1243
Epoch 112/300, Loss: 0.1271 | 0.1250
Epoch 113/300, Loss: 0.1275 | 0.1254
Epoch 114/300, Loss: 0.1271 | 0.1243
Epoch 115/300, Loss: 0.1271 | 0.1257
Epoch 116/300, Loss: 0.1273 | 0.1249
Epoch 117/300, Loss: 0.1267 | 0.1247
Epoch 118/300, Loss: 0.1262 | 0.1250
Epoch 119/300, Loss: 0.1259 | 0.1241
Epoch 120/300, Loss: 0.1257 | 0.1243
Epoch 121/300, Loss: 0.1266 | 0.1241
Epoch 122/300, Loss: 0.1261 | 0.1247
Epoch 123/300, Loss: 0.1257 | 0.1243
Epoch 124/300, Loss: 0.1258 | 0.1230
Epoch 125/300, Loss: 0.1255 | 0.1232
Epoch 126/300, Loss: 0.1255 | 0.1230
Epoch 127/300, Loss: 0.1254 | 0.1236
Epoch 128/300, Loss: 0.1249 | 0.1243
Epoch 129/300, Loss: 0.1252 | 0.1223
Epoch 130/300, Loss: 0.1243 | 0.1233
Epoch 131/300, Loss: 0.1249 | 0.1228
Epoch 132/300, Loss: 0.1245 | 0.1223
Epoch 133/300, Loss: 0.1252 | 0.1223
Epoch 134/300, Loss: 0.1244 | 0.1232
Epoch 135/300, Loss: 0.1237 | 0.1215
Epoch 136/300, Loss: 0.1238 | 0.1220
Epoch 137/300, Loss: 0.1235 | 0.1221
Epoch 138/300, Loss: 0.1230 | 0.1223
Epoch 139/300, Loss: 0.1232 | 0.1222
Epoch 140/300, Loss: 0.1234 | 0.1217
Epoch 141/300, Loss: 0.1232 | 0.1219
Epoch 142/300, Loss: 0.1228 | 0.1224
Epoch 143/300, Loss: 0.1231 | 0.1220
Epoch 144/300, Loss: 0.1222 | 0.1209
Epoch 145/300, Loss: 0.1224 | 0.1217
Epoch 146/300, Loss: 0.1229 | 0.1209
Epoch 147/300, Loss: 0.1222 | 0.1212
Epoch 148/300, Loss: 0.1224 | 0.1213
Epoch 149/300, Loss: 0.1228 | 0.1201
Epoch 150/300, Loss: 0.1216 | 0.1212
Epoch 151/300, Loss: 0.1222 | 0.1213
Epoch 152/300, Loss: 0.1228 | 0.1210
Epoch 153/300, Loss: 0.1217 | 0.1206
Epoch 154/300, Loss: 0.1220 | 0.1208
Epoch 155/300, Loss: 0.1222 | 0.1215
Epoch 156/300, Loss: 0.1218 | 0.1209
Epoch 157/300, Loss: 0.1218 | 0.1204
Epoch 158/300, Loss: 0.1210 | 0.1206
Epoch 159/300, Loss: 0.1213 | 0.1200
Epoch 160/300, Loss: 0.1215 | 0.1202
Epoch 161/300, Loss: 0.1212 | 0.1208
Epoch 162/300, Loss: 0.1207 | 0.1207
Epoch 163/300, Loss: 0.1211 | 0.1199
Epoch 164/300, Loss: 0.1211 | 0.1201
Epoch 165/300, Loss: 0.1205 | 0.1210
Epoch 166/300, Loss: 0.1203 | 0.1204
Epoch 167/300, Loss: 0.1202 | 0.1201
Epoch 168/300, Loss: 0.1210 | 0.1204
Epoch 169/300, Loss: 0.1201 | 0.1207
Epoch 170/300, Loss: 0.1202 | 0.1203
Epoch 171/300, Loss: 0.1211 | 0.1205
Epoch 172/300, Loss: 0.1198 | 0.1207
Epoch 173/300, Loss: 0.1197 | 0.1204
Epoch 174/300, Loss: 0.1199 | 0.1200
Epoch 175/300, Loss: 0.1202 | 0.1194
Epoch 176/300, Loss: 0.1194 | 0.1196
Epoch 177/300, Loss: 0.1207 | 0.1197
Epoch 178/300, Loss: 0.1205 | 0.1196
Epoch 179/300, Loss: 0.1198 | 0.1198
Epoch 180/300, Loss: 0.1200 | 0.1203
Epoch 181/300, Loss: 0.1200 | 0.1197
Epoch 182/300, Loss: 0.1196 | 0.1195
Epoch 183/300, Loss: 0.1197 | 0.1195
Epoch 184/300, Loss: 0.1196 | 0.1194
Epoch 185/300, Loss: 0.1194 | 0.1195
Epoch 186/300, Loss: 0.1193 | 0.1195
Epoch 187/300, Loss: 0.1198 | 0.1190
Epoch 188/300, Loss: 0.1196 | 0.1193
Epoch 189/300, Loss: 0.1187 | 0.1192
Epoch 190/300, Loss: 0.1193 | 0.1191
Epoch 191/300, Loss: 0.1195 | 0.1194
Epoch 192/300, Loss: 0.1189 | 0.1195
Epoch 193/300, Loss: 0.1188 | 0.1196
Epoch 194/300, Loss: 0.1191 | 0.1195
Epoch 195/300, Loss: 0.1183 | 0.1191
Epoch 196/300, Loss: 0.1182 | 0.1194
Epoch 197/300, Loss: 0.1191 | 0.1197
Epoch 198/300, Loss: 0.1190 | 0.1195
Epoch 199/300, Loss: 0.1185 | 0.1196
Epoch 200/300, Loss: 0.1189 | 0.1197
Epoch 201/300, Loss: 0.1192 | 0.1195
Epoch 202/300, Loss: 0.1183 | 0.1190
Epoch 203/300, Loss: 0.1184 | 0.1188
Epoch 204/300, Loss: 0.1180 | 0.1193
Epoch 205/300, Loss: 0.1189 | 0.1195
Epoch 206/300, Loss: 0.1189 | 0.1198
Epoch 207/300, Loss: 0.1183 | 0.1196
Epoch 208/300, Loss: 0.1182 | 0.1191
Epoch 209/300, Loss: 0.1184 | 0.1186
Epoch 210/300, Loss: 0.1181 | 0.1189
Epoch 211/300, Loss: 0.1188 | 0.1191
Epoch 212/300, Loss: 0.1180 | 0.1189
Epoch 213/300, Loss: 0.1186 | 0.1186
Epoch 214/300, Loss: 0.1183 | 0.1188
Epoch 215/300, Loss: 0.1178 | 0.1190
Epoch 216/300, Loss: 0.1177 | 0.1188
Epoch 217/300, Loss: 0.1177 | 0.1188
Epoch 218/300, Loss: 0.1183 | 0.1188
Epoch 219/300, Loss: 0.1182 | 0.1186
Epoch 220/300, Loss: 0.1180 | 0.1185
Epoch 221/300, Loss: 0.1182 | 0.1182
Epoch 222/300, Loss: 0.1175 | 0.1184
Epoch 223/300, Loss: 0.1176 | 0.1189
Epoch 224/300, Loss: 0.1179 | 0.1188
Epoch 225/300, Loss: 0.1177 | 0.1188
Epoch 226/300, Loss: 0.1178 | 0.1186
Epoch 227/300, Loss: 0.1181 | 0.1184
Epoch 228/300, Loss: 0.1173 | 0.1184
Epoch 229/300, Loss: 0.1173 | 0.1184
Epoch 230/300, Loss: 0.1173 | 0.1186
Epoch 231/300, Loss: 0.1177 | 0.1185
Epoch 232/300, Loss: 0.1176 | 0.1185
Epoch 233/300, Loss: 0.1173 | 0.1187
Epoch 234/300, Loss: 0.1173 | 0.1187
Epoch 235/300, Loss: 0.1170 | 0.1184
Epoch 236/300, Loss: 0.1175 | 0.1181
Epoch 237/300, Loss: 0.1177 | 0.1179
Epoch 238/300, Loss: 0.1170 | 0.1181
Epoch 239/300, Loss: 0.1171 | 0.1180
Epoch 240/300, Loss: 0.1179 | 0.1180
Epoch 241/300, Loss: 0.1178 | 0.1181
Epoch 242/300, Loss: 0.1166 | 0.1184
Epoch 243/300, Loss: 0.1170 | 0.1183
Epoch 244/300, Loss: 0.1169 | 0.1183
Epoch 245/300, Loss: 0.1169 | 0.1184
Epoch 246/300, Loss: 0.1173 | 0.1182
Epoch 247/300, Loss: 0.1169 | 0.1181
Epoch 248/300, Loss: 0.1170 | 0.1180
Epoch 249/300, Loss: 0.1169 | 0.1178
Epoch 250/300, Loss: 0.1168 | 0.1177
Epoch 251/300, Loss: 0.1167 | 0.1177
Epoch 252/300, Loss: 0.1169 | 0.1175
Epoch 253/300, Loss: 0.1168 | 0.1176
Epoch 254/300, Loss: 0.1163 | 0.1177
Epoch 255/300, Loss: 0.1166 | 0.1180
Epoch 256/300, Loss: 0.1167 | 0.1181
Epoch 257/300, Loss: 0.1169 | 0.1180
Epoch 258/300, Loss: 0.1170 | 0.1180
Epoch 259/300, Loss: 0.1170 | 0.1181
Epoch 260/300, Loss: 0.1173 | 0.1181
Epoch 261/300, Loss: 0.1166 | 0.1181
Epoch 262/300, Loss: 0.1168 | 0.1180
Epoch 263/300, Loss: 0.1173 | 0.1180
Epoch 264/300, Loss: 0.1166 | 0.1182
Epoch 265/300, Loss: 0.1173 | 0.1184
Epoch 266/300, Loss: 0.1171 | 0.1183
Epoch 267/300, Loss: 0.1165 | 0.1180
Epoch 268/300, Loss: 0.1173 | 0.1179
Epoch 269/300, Loss: 0.1166 | 0.1180
Epoch 270/300, Loss: 0.1170 | 0.1181
Epoch 271/300, Loss: 0.1164 | 0.1181
Epoch 272/300, Loss: 0.1166 | 0.1182
Epoch 273/300, Loss: 0.1170 | 0.1183
Epoch 274/300, Loss: 0.1161 | 0.1183
Epoch 275/300, Loss: 0.1169 | 0.1181
Epoch 276/300, Loss: 0.1172 | 0.1180
Epoch 277/300, Loss: 0.1164 | 0.1180
Epoch 278/300, Loss: 0.1161 | 0.1179
Epoch 279/300, Loss: 0.1161 | 0.1178
Epoch 280/300, Loss: 0.1161 | 0.1178
Epoch 281/300, Loss: 0.1166 | 0.1178
Epoch 282/300, Loss: 0.1167 | 0.1177
Epoch 283/300, Loss: 0.1163 | 0.1178
Epoch 284/300, Loss: 0.1163 | 0.1177
Epoch 285/300, Loss: 0.1167 | 0.1176
Epoch 286/300, Loss: 0.1165 | 0.1176
Epoch 287/300, Loss: 0.1164 | 0.1177
Epoch 288/300, Loss: 0.1164 | 0.1178
Epoch 289/300, Loss: 0.1163 | 0.1178
Epoch 290/300, Loss: 0.1166 | 0.1178
Epoch 291/300, Loss: 0.1162 | 0.1177
Epoch 292/300, Loss: 0.1165 | 0.1178
Epoch 293/300, Loss: 0.1165 | 0.1178
Epoch 294/300, Loss: 0.1155 | 0.1176
Epoch 295/300, Loss: 0.1166 | 0.1175
Epoch 296/300, Loss: 0.1160 | 0.1175
Epoch 297/300, Loss: 0.1168 | 0.1174
Epoch 298/300, Loss: 0.1160 | 0.1175
Epoch 299/300, Loss: 0.1169 | 0.1176
Epoch 300/300, Loss: 0.1161 | 0.1177
Runtime (seconds): 551.9018821716309
/home2/y2021/k2110261/.conda/envs/tensorflow/lib/python3.11/site-packages/sklearn/metrics/_regression.py:1266: UndefinedMetricWarning: R^2 score is not well-defined with less than two samples.
  warnings.warn(msg, UndefinedMetricWarning)
MSE: 887.8483038032427
RMSE: 29.796783447265625
MAE: 29.796783447265625
R-squared: nan
[197.66322]
