[32m[I 2025-01-14 21:12:25,023][0m Trial 13 finished with value: 0.21299591592916872 and parameters: {'observation_period_num': 65, 'train_rates': 0.8436419766084504, 'learning_rate': 5.870134134953649e-06, 'batch_size': 103, 'step_size': 4, 'gamma': 0.9217214010694389}. Best is trial 0 with value: 0.04002757018008891.[0m
[32m[I 2025-01-14 21:15:21,356][0m Trial 14 finished with value: 0.03370025961115901 and parameters: {'observation_period_num': 11, 'train_rates': 0.7273677216802905, 'learning_rate': 4.208771305079903e-06, 'batch_size': 26, 'step_size': 7, 'gamma': 0.9219571339517367}. Best is trial 14 with value: 0.03370025961115901.[0m
[32m[I 2025-01-14 21:19:54,568][0m Trial 15 finished with value: 0.263439041348224 and parameters: {'observation_period_num': 155, 'train_rates': 0.8665475316746908, 'learning_rate': 2.891939102930898e-06, 'batch_size': 18, 'step_size': 8, 'gamma': 0.8542615974632897}. Best is trial 14 with value: 0.03370025961115901.[0m
[32m[I 2025-01-14 21:21:44,454][0m Trial 16 finished with value: 0.10514049094568179 and parameters: {'observation_period_num': 67, 'train_rates': 0.7503348906033014, 'learning_rate': 0.00016063927862333961, 'batch_size': 41, 'step_size': 7, 'gamma': 0.8951124707477208}. Best is trial 14 with value: 0.03370025961115901.[0m
[32m[I 2025-01-14 21:23:08,647][0m Trial 17 finished with value: 0.16577788868565152 and parameters: {'observation_period_num': 140, 'train_rates': 0.659668942534403, 'learning_rate': 1.7760069443231448e-05, 'batch_size': 49, 'step_size': 10, 'gamma': 0.9846745157102377}. Best is trial 14 with value: 0.03370025961115901.[0m
[32m[I 2025-01-14 21:23:39,170][0m Trial 18 finished with value: 0.0954302508255531 and parameters: {'observation_period_num': 28, 'train_rates': 0.7424509235677599, 'learning_rate': 2.914436460213611e-06, 'batch_size': 156, 'step_size': 14, 'gamma': 0.9356542169334474}. Best is trial 14 with value: 0.03370025961115901.[0m
[32m[I 2025-01-14 21:28:09,831][0m Trial 19 finished with value: 0.1211523309542506 and parameters: {'observation_period_num': 60, 'train_rates': 0.8866136443167123, 'learning_rate': 0.0009769924251077108, 'batch_size': 19, 'step_size': 3, 'gamma': 0.8580340498814778}. Best is trial 14 with value: 0.03370025961115901.[0m
[32m[I 2025-01-14 21:29:19,584][0m Trial 20 finished with value: 0.3051738055872506 and parameters: {'observation_period_num': 110, 'train_rates': 0.7962804222472489, 'learning_rate': 2.9710580548679165e-06, 'batch_size': 69, 'step_size': 6, 'gamma': 0.7514486379640354}. Best is trial 14 with value: 0.03370025961115901.[0m
[32m[I 2025-01-14 21:30:09,386][0m Trial 21 finished with value: 0.04461820087755837 and parameters: {'observation_period_num': 5, 'train_rates': 0.7126118593377362, 'learning_rate': 8.726163203951668e-06, 'batch_size': 95, 'step_size': 4, 'gamma': 0.9242071127881961}. Best is trial 14 with value: 0.03370025961115901.[0m
[32m[I 2025-01-14 21:30:55,396][0m Trial 22 finished with value: 0.061133572603670916 and parameters: {'observation_period_num': 6, 'train_rates': 0.7176044670812599, 'learning_rate': 8.75271428225205e-06, 'batch_size': 102, 'step_size': 3, 'gamma': 0.903786038614024}. Best is trial 14 with value: 0.03370025961115901.[0m
[32m[I 2025-01-14 21:32:48,378][0m Trial 23 finished with value: 0.028540060014751265 and parameters: {'observation_period_num': 25, 'train_rates': 0.6701937432035731, 'learning_rate': 1.8302735819348596e-05, 'batch_size': 38, 'step_size': 7, 'gamma': 0.9617366141574144}. Best is trial 23 with value: 0.028540060014751265.[0m
[32m[I 2025-01-14 21:34:39,431][0m Trial 24 finished with value: 0.030619721401300627 and parameters: {'observation_period_num': 29, 'train_rates': 0.6715646275126241, 'learning_rate': 2.4408403262719066e-05, 'batch_size': 39, 'step_size': 8, 'gamma': 0.9548585634442408}. Best is trial 23 with value: 0.028540060014751265.[0m
[32m[I 2025-01-14 21:36:47,522][0m Trial 25 finished with value: 0.1402612429375023 and parameters: {'observation_period_num': 81, 'train_rates': 0.6597245144287252, 'learning_rate': 2.771277933713708e-05, 'batch_size': 33, 'step_size': 10, 'gamma': 0.9473659513859704}. Best is trial 23 with value: 0.028540060014751265.[0m
[32m[I 2025-01-14 21:37:57,081][0m Trial 26 finished with value: 0.10573007844832559 and parameters: {'observation_period_num': 48, 'train_rates': 0.636185863124872, 'learning_rate': 1.9876155346666206e-05, 'batch_size': 61, 'step_size': 6, 'gamma': 0.9059770847589268}. Best is trial 23 with value: 0.028540060014751265.[0m
[32m[I 2025-01-14 21:40:17,747][0m Trial 27 finished with value: 0.027401772851590067 and parameters: {'observation_period_num': 24, 'train_rates': 0.6833844974461244, 'learning_rate': 5.4769787547131096e-05, 'batch_size': 31, 'step_size': 7, 'gamma': 0.8747231295802843}. Best is trial 27 with value: 0.027401772851590067.[0m
[32m[I 2025-01-14 21:40:58,016][0m Trial 28 finished with value: 0.023441283032298088 and parameters: {'observation_period_num': 27, 'train_rates': 0.9895719216102101, 'learning_rate': 5.402222579365998e-05, 'batch_size': 149, 'step_size': 9, 'gamma': 0.8229341885176479}. Best is trial 28 with value: 0.023441283032298088.[0m
[32m[I 2025-01-14 21:41:32,936][0m Trial 29 finished with value: 0.12879273295402527 and parameters: {'observation_period_num': 108, 'train_rates': 0.9880897075120602, 'learning_rate': 0.0001198180805151928, 'batch_size': 159, 'step_size': 10, 'gamma': 0.8206175654791026}. Best is trial 28 with value: 0.023441283032298088.[0m
[32m[I 2025-01-14 21:41:59,228][0m Trial 30 finished with value: 0.14716829984518123 and parameters: {'observation_period_num': 178, 'train_rates': 0.7819837866921581, 'learning_rate': 4.8090512068183106e-05, 'batch_size': 185, 'step_size': 9, 'gamma': 0.8280954238593743}. Best is trial 28 with value: 0.023441283032298088.[0m
[32m[I 2025-01-14 21:42:30,704][0m Trial 31 finished with value: 0.035510445559186914 and parameters: {'observation_period_num': 25, 'train_rates': 0.6735305930686335, 'learning_rate': 4.9370281881400955e-05, 'batch_size': 142, 'step_size': 7, 'gamma': 0.8642119554893701}. Best is trial 28 with value: 0.023441283032298088.[0m
[32m[I 2025-01-14 21:43:06,875][0m Trial 32 finished with value: 0.04436975251624807 and parameters: {'observation_period_num': 28, 'train_rates': 0.6305971939284051, 'learning_rate': 0.00017074555527606418, 'batch_size': 117, 'step_size': 9, 'gamma': 0.8795529546340619}. Best is trial 28 with value: 0.023441283032298088.[0m
[32m[I 2025-01-14 21:44:26,244][0m Trial 33 finished with value: 0.09771944752629892 and parameters: {'observation_period_num': 56, 'train_rates': 0.6927840911188344, 'learning_rate': 1.3230868466920251e-05, 'batch_size': 55, 'step_size': 7, 'gamma': 0.9710483341413642}. Best is trial 28 with value: 0.023441283032298088.[0m
[32m[I 2025-01-14 21:46:58,374][0m Trial 34 finished with value: 0.21079425489710224 and parameters: {'observation_period_num': 75, 'train_rates': 0.9784812023061502, 'learning_rate': 8.274033085153134e-05, 'batch_size': 37, 'step_size': 12, 'gamma': 0.8452981070454879}. Best is trial 28 with value: 0.023441283032298088.[0m
[32m[I 2025-01-14 21:47:21,648][0m Trial 35 finished with value: 0.20052875986589339 and parameters: {'observation_period_num': 97, 'train_rates': 0.6162048606751294, 'learning_rate': 2.5975462180396966e-05, 'batch_size': 189, 'step_size': 8, 'gamma': 0.799491988022979}. Best is trial 28 with value: 0.023441283032298088.[0m
[32m[I 2025-01-14 21:47:44,358][0m Trial 36 finished with value: 0.08890603062510491 and parameters: {'observation_period_num': 39, 'train_rates': 0.6570711185005617, 'learning_rate': 1.3265930162131813e-05, 'batch_size': 206, 'step_size': 9, 'gamma': 0.8748937712296513}. Best is trial 28 with value: 0.023441283032298088.[0m
[32m[I 2025-01-14 21:48:15,351][0m Trial 37 finished with value: 0.13245457282492368 and parameters: {'observation_period_num': 21, 'train_rates': 0.683266456648315, 'learning_rate': 4.492985228611734e-05, 'batch_size': 144, 'step_size': 11, 'gamma': 0.9626626324068077}. Best is trial 28 with value: 0.023441283032298088.[0m
[32m[I 2025-01-14 21:49:17,188][0m Trial 38 finished with value: 0.1724984942793739 and parameters: {'observation_period_num': 126, 'train_rates': 0.6070386914085557, 'learning_rate': 9.150239106115432e-05, 'batch_size': 64, 'step_size': 8, 'gamma': 0.8134731582659256}. Best is trial 28 with value: 0.023441283032298088.[0m
[32m[I 2025-01-14 21:49:48,617][0m Trial 39 finished with value: 0.08575847441819232 and parameters: {'observation_period_num': 50, 'train_rates': 0.9095213715655964, 'learning_rate': 0.0002756062134623098, 'batch_size': 176, 'step_size': 5, 'gamma': 0.8394518209669911}. Best is trial 28 with value: 0.023441283032298088.[0m
[32m[I 2025-01-14 21:50:13,452][0m Trial 40 finished with value: 0.08146723359823227 and parameters: {'observation_period_num': 38, 'train_rates': 0.9625150510998579, 'learning_rate': 2.2138521710446674e-05, 'batch_size': 251, 'step_size': 13, 'gamma': 0.7535070395610431}. Best is trial 28 with value: 0.023441283032298088.[0m
[32m[I 2025-01-14 21:52:41,975][0m Trial 41 finished with value: 0.026219575053810614 and parameters: {'observation_period_num': 16, 'train_rates': 0.7358099948745417, 'learning_rate': 3.908260886825598e-05, 'batch_size': 31, 'step_size': 7, 'gamma': 0.9440215859757506}. Best is trial 28 with value: 0.023441283032298088.[0m
[32m[I 2025-01-14 21:54:56,374][0m Trial 42 finished with value: 0.027918921099823996 and parameters: {'observation_period_num': 18, 'train_rates': 0.6988541459517327, 'learning_rate': 5.807224640069518e-05, 'batch_size': 33, 'step_size': 6, 'gamma': 0.9897012085389705}. Best is trial 28 with value: 0.023441283032298088.[0m
[32m[I 2025-01-14 21:57:30,589][0m Trial 43 finished with value: 0.02670328363671269 and parameters: {'observation_period_num': 17, 'train_rates': 0.7342563233895746, 'learning_rate': 4.027996373741247e-05, 'batch_size': 30, 'step_size': 5, 'gamma': 0.9896912822758354}. Best is trial 28 with value: 0.023441283032298088.[0m
[32m[I 2025-01-14 21:58:35,799][0m Trial 44 finished with value: 0.030112927247756632 and parameters: {'observation_period_num': 19, 'train_rates': 0.7649299557264821, 'learning_rate': 3.583546071679705e-05, 'batch_size': 71, 'step_size': 5, 'gamma': 0.9785442547404218}. Best is trial 28 with value: 0.023441283032298088.[0m
[32m[I 2025-01-14 22:00:05,067][0m Trial 45 finished with value: 0.025764897210117346 and parameters: {'observation_period_num': 16, 'train_rates': 0.7285943620340198, 'learning_rate': 7.116301383230159e-05, 'batch_size': 51, 'step_size': 5, 'gamma': 0.9717268307657818}. Best is trial 28 with value: 0.023441283032298088.[0m
[32m[I 2025-01-14 22:01:32,296][0m Trial 46 finished with value: 0.03592602545455579 and parameters: {'observation_period_num': 39, 'train_rates': 0.7341574653386916, 'learning_rate': 0.00011665969236501995, 'batch_size': 53, 'step_size': 3, 'gamma': 0.9406360420959988}. Best is trial 28 with value: 0.023441283032298088.[0m
[32m[I 2025-01-14 22:02:11,967][0m Trial 47 finished with value: 0.03062799168689238 and parameters: {'observation_period_num': 15, 'train_rates': 0.8144940881644199, 'learning_rate': 6.514168202232725e-05, 'batch_size': 129, 'step_size': 2, 'gamma': 0.9692640618428102}. Best is trial 28 with value: 0.023441283032298088.[0m
[32m[I 2025-01-14 22:04:50,353][0m Trial 48 finished with value: 0.15880654137846417 and parameters: {'observation_period_num': 229, 'train_rates': 0.7677474000766813, 'learning_rate': 3.647233200588164e-05, 'batch_size': 28, 'step_size': 5, 'gamma': 0.7708878629302126}. Best is trial 28 with value: 0.023441283032298088.[0m
[32m[I 2025-01-14 22:05:49,045][0m Trial 49 finished with value: 0.1850730954005203 and parameters: {'observation_period_num': 212, 'train_rates': 0.8093495015317865, 'learning_rate': 0.00021459547189550088, 'batch_size': 80, 'step_size': 6, 'gamma': 0.9836663966002794}. Best is trial 28 with value: 0.023441283032298088.[0m
[212.38919]
[1.2855579]
[0.9093849]
[6.1747127]
[-0.09078991]
[6.6796503]
/home2/y2021/k2110261/.conda/envs/tensorflow/lib/python3.11/site-packages/sklearn/metrics/_regression.py:1266: UndefinedMetricWarning: R^2 score is not well-defined with less than two samples.
  warnings.warn(msg, UndefinedMetricWarning)
MSE: 57.491131492191926
RMSE: 7.5822906494140625
MAE: 7.5822906494140625
R-squared: nan
[227.3477]
