[32m[I 2025-01-14 19:15:58,445][0m Trial 47 finished with value: 0.007868021883365542 and parameters: {'observation_period_num': 52, 'train_rates': 0.9655017561172994, 'learning_rate': 0.00012660390991779677, 'batch_size': 69, 'step_size': 14, 'gamma': 0.8574268763712941}. Best is trial 45 with value: 0.0014120980631560087.[0m
[32m[I 2025-01-14 19:21:23,958][0m Trial 48 finished with value: 0.0006350697837964011 and parameters: {'observation_period_num': 25, 'train_rates': 0.9591534202418891, 'learning_rate': 0.00026502494845613144, 'batch_size': 17, 'step_size': 12, 'gamma': 0.8087176978373981}. Best is trial 48 with value: 0.0006350697837964011.[0m
[32m[I 2025-01-14 19:26:18,384][0m Trial 49 finished with value: 0.0010317970642708006 and parameters: {'observation_period_num': 23, 'train_rates': 0.9731251668479716, 'learning_rate': 0.00028245343994208564, 'batch_size': 19, 'step_size': 11, 'gamma': 0.8354529325275848}. Best is trial 48 with value: 0.0006350697837964011.[0m
[32m[I 2025-01-14 19:26:18,390][0m A new study created in memory with name: no-name-832fc356-2c64-4c3c-a60a-7bc5d4616990[0m
[32m[I 2025-01-14 19:26:55,958][0m Trial 0 finished with value: 0.01582908495734243 and parameters: {'observation_period_num': 191, 'train_rates': 0.7005058758063043, 'learning_rate': 0.0001121068610365912, 'batch_size': 118, 'step_size': 12, 'gamma': 0.9435517934727797}. Best is trial 0 with value: 0.01582908495734243.[0m
[32m[I 2025-01-14 19:27:29,020][0m Trial 1 finished with value: 0.25116382885192123 and parameters: {'observation_period_num': 182, 'train_rates': 0.7170829864109615, 'learning_rate': 6.298620108018353e-06, 'batch_size': 140, 'step_size': 10, 'gamma': 0.756891009500648}. Best is trial 0 with value: 0.01582908495734243.[0m
[32m[I 2025-01-14 19:27:56,517][0m Trial 2 finished with value: 0.010267985085623368 and parameters: {'observation_period_num': 183, 'train_rates': 0.8439621163104605, 'learning_rate': 4.192313672983548e-05, 'batch_size': 192, 'step_size': 7, 'gamma': 0.9672056322556202}. Best is trial 2 with value: 0.010267985085623368.[0m
[32m[I 2025-01-14 19:28:27,991][0m Trial 3 finished with value: 0.2935603963170978 and parameters: {'observation_period_num': 211, 'train_rates': 0.8986704709193474, 'learning_rate': 1.1141154915926266e-06, 'batch_size': 168, 'step_size': 15, 'gamma': 0.7660134234850913}. Best is trial 2 with value: 0.010267985085623368.[0m
[32m[I 2025-01-14 19:29:52,547][0m Trial 4 finished with value: 0.10752751949078897 and parameters: {'observation_period_num': 209, 'train_rates': 0.8451431101418263, 'learning_rate': 2.5059282158411312e-06, 'batch_size': 57, 'step_size': 6, 'gamma': 0.8402474042930684}. Best is trial 2 with value: 0.010267985085623368.[0m
[32m[I 2025-01-14 19:30:41,304][0m Trial 5 finished with value: 0.22489676074091766 and parameters: {'observation_period_num': 81, 'train_rates': 0.7749374500259734, 'learning_rate': 1.010272744930028e-05, 'batch_size': 100, 'step_size': 2, 'gamma': 0.8363445355511487}. Best is trial 2 with value: 0.010267985085623368.[0m
[32m[I 2025-01-14 19:30:57,965][0m Trial 6 finished with value: 0.23630599280198414 and parameters: {'observation_period_num': 131, 'train_rates': 0.6015631262582672, 'learning_rate': 3.6924724740966466e-06, 'batch_size': 255, 'step_size': 12, 'gamma': 0.9685359803820527}. Best is trial 2 with value: 0.010267985085623368.[0m
[32m[I 2025-01-14 19:31:22,674][0m Trial 7 finished with value: 0.04453326884212925 and parameters: {'observation_period_num': 185, 'train_rates': 0.6942428345045807, 'learning_rate': 2.4720824714709746e-05, 'batch_size': 186, 'step_size': 15, 'gamma': 0.9773269507325242}. Best is trial 2 with value: 0.010267985085623368.[0m
[32m[I 2025-01-14 19:31:46,834][0m Trial 8 finished with value: 0.05616293320323395 and parameters: {'observation_period_num': 207, 'train_rates': 0.75713624672156, 'learning_rate': 1.7197938428316735e-05, 'batch_size': 196, 'step_size': 11, 'gamma': 0.8960917648129405}. Best is trial 2 with value: 0.010267985085623368.[0m
[32m[I 2025-01-14 19:32:23,932][0m Trial 9 finished with value: 0.3238079258385406 and parameters: {'observation_period_num': 241, 'train_rates': 0.7295761903095808, 'learning_rate': 1.3089309661184887e-06, 'batch_size': 119, 'step_size': 9, 'gamma': 0.9466221626191051}. Best is trial 2 with value: 0.010267985085623368.[0m
[32m[I 2025-01-14 19:32:48,955][0m Trial 10 finished with value: 0.015471299178898335 and parameters: {'observation_period_num': 12, 'train_rates': 0.9607738927000145, 'learning_rate': 0.0005343373839860071, 'batch_size': 250, 'step_size': 5, 'gamma': 0.9002373872114745}. Best is trial 2 with value: 0.010267985085623368.[0m
[32m[I 2025-01-14 19:33:13,685][0m Trial 11 finished with value: 0.013166672550141811 and parameters: {'observation_period_num': 5, 'train_rates': 0.9812366524295371, 'learning_rate': 0.0008241575644552762, 'batch_size': 253, 'step_size': 5, 'gamma': 0.8980725449760734}. Best is trial 2 with value: 0.010267985085623368.[0m
[32m[I 2025-01-14 19:33:42,395][0m Trial 12 finished with value: 0.010894972831010818 and parameters: {'observation_period_num': 15, 'train_rates': 0.9877800383949599, 'learning_rate': 0.000946085035282318, 'batch_size': 217, 'step_size': 6, 'gamma': 0.9148360496283681}. Best is trial 2 with value: 0.010267985085623368.[0m
[32m[I 2025-01-14 19:34:09,520][0m Trial 13 finished with value: 0.00999771027233113 and parameters: {'observation_period_num': 126, 'train_rates': 0.8833670295952187, 'learning_rate': 0.00012751843013910464, 'batch_size': 207, 'step_size': 7, 'gamma': 0.9305814945443364}. Best is trial 13 with value: 0.00999771027233113.[0m
[32m[I 2025-01-14 19:34:34,689][0m Trial 14 finished with value: 0.023795272381121408 and parameters: {'observation_period_num': 135, 'train_rates': 0.8531798209745233, 'learning_rate': 7.132900396219022e-05, 'batch_size': 208, 'step_size': 2, 'gamma': 0.9397320458565037}. Best is trial 13 with value: 0.00999771027233113.[0m
[32m[I 2025-01-14 19:35:10,261][0m Trial 15 finished with value: 0.043614061759378674 and parameters: {'observation_period_num': 93, 'train_rates': 0.9071442510005736, 'learning_rate': 0.00017951228467962425, 'batch_size': 158, 'step_size': 8, 'gamma': 0.9872855962437865}. Best is trial 13 with value: 0.00999771027233113.[0m
[32m[I 2025-01-14 19:38:31,599][0m Trial 16 finished with value: 0.006407010457499534 and parameters: {'observation_period_num': 154, 'train_rates': 0.8423435013659619, 'learning_rate': 4.5749518213231995e-05, 'batch_size': 24, 'step_size': 8, 'gamma': 0.8615729876608091}. Best is trial 16 with value: 0.006407010457499534.[0m
[32m[I 2025-01-14 19:41:27,156][0m Trial 17 finished with value: 0.002862947291716756 and parameters: {'observation_period_num': 99, 'train_rates': 0.9120018418588645, 'learning_rate': 0.00025633496487011516, 'batch_size': 30, 'step_size': 4, 'gamma': 0.8542884001236392}. Best is trial 17 with value: 0.002862947291716756.[0m
[32m[I 2025-01-14 19:45:46,625][0m Trial 18 finished with value: 0.0013730502385162534 and parameters: {'observation_period_num': 56, 'train_rates': 0.9371966241404895, 'learning_rate': 0.0003047475604551554, 'batch_size': 21, 'step_size': 4, 'gamma': 0.856595371999114}. Best is trial 18 with value: 0.0013730502385162534.[0m
[32m[I 2025-01-14 19:50:08,159][0m Trial 19 finished with value: 0.01809458975657457 and parameters: {'observation_period_num': 55, 'train_rates': 0.9295641365152776, 'learning_rate': 0.0003410579292652257, 'batch_size': 19, 'step_size': 1, 'gamma': 0.8067115660090226}. Best is trial 18 with value: 0.0013730502385162534.[0m
[32m[I 2025-01-14 19:51:31,278][0m Trial 20 finished with value: 0.015515478906270705 and parameters: {'observation_period_num': 51, 'train_rates': 0.9346149402600538, 'learning_rate': 0.00027337905603811753, 'batch_size': 66, 'step_size': 3, 'gamma': 0.8005499942922923}. Best is trial 18 with value: 0.0013730502385162534.[0m
[32m[I 2025-01-14 19:55:30,306][0m Trial 21 finished with value: 0.007662925337042127 and parameters: {'observation_period_num': 99, 'train_rates': 0.8041055778197113, 'learning_rate': 5.370610688991355e-05, 'batch_size': 20, 'step_size': 4, 'gamma': 0.8627613494639964}. Best is trial 18 with value: 0.0013730502385162534.[0m
[32m[I 2025-01-14 19:57:05,631][0m Trial 22 finished with value: 0.006580916243727994 and parameters: {'observation_period_num': 153, 'train_rates': 0.8078414859305025, 'learning_rate': 0.00031652507968495184, 'batch_size': 50, 'step_size': 4, 'gamma': 0.8644562971713851}. Best is trial 18 with value: 0.0013730502385162534.[0m
[32m[I 2025-01-14 19:59:20,896][0m Trial 23 finished with value: 0.01391046613332678 and parameters: {'observation_period_num': 59, 'train_rates': 0.873752878245609, 'learning_rate': 8.467116712786686e-05, 'batch_size': 38, 'step_size': 3, 'gamma': 0.8369921309308038}. Best is trial 18 with value: 0.0013730502385162534.[0m
[32m[I 2025-01-14 20:00:28,946][0m Trial 24 finished with value: 0.03862193237771006 and parameters: {'observation_period_num': 154, 'train_rates': 0.9393354219070286, 'learning_rate': 0.0001658961028366568, 'batch_size': 78, 'step_size': 1, 'gamma': 0.8807403800931186}. Best is trial 18 with value: 0.0013730502385162534.[0m
[32m[I 2025-01-14 20:02:44,852][0m Trial 25 finished with value: 0.002793351032455722 and parameters: {'observation_period_num': 113, 'train_rates': 0.8254506911452167, 'learning_rate': 0.0005046395266812346, 'batch_size': 36, 'step_size': 8, 'gamma': 0.8103100151893317}. Best is trial 18 with value: 0.0013730502385162534.[0m
[32m[I 2025-01-14 20:03:49,254][0m Trial 26 finished with value: 0.01136372526594269 and parameters: {'observation_period_num': 36, 'train_rates': 0.913265958246874, 'learning_rate': 0.0005680193694623248, 'batch_size': 85, 'step_size': 5, 'gamma': 0.7991867722994771}. Best is trial 18 with value: 0.0013730502385162534.[0m
[32m[I 2025-01-14 20:06:01,563][0m Trial 27 finished with value: 0.006926828684906165 and parameters: {'observation_period_num': 110, 'train_rates': 0.9569876190119022, 'learning_rate': 0.0004850746617692338, 'batch_size': 41, 'step_size': 3, 'gamma': 0.7816853651431052}. Best is trial 18 with value: 0.0013730502385162534.[0m
[32m[I 2025-01-14 20:08:13,963][0m Trial 28 finished with value: 0.00456136970069565 and parameters: {'observation_period_num': 74, 'train_rates': 0.8224406062462938, 'learning_rate': 0.00020690132700853467, 'batch_size': 37, 'step_size': 9, 'gamma': 0.8251241782750587}. Best is trial 18 with value: 0.0013730502385162534.[0m
[32m[I 2025-01-14 20:09:10,998][0m Trial 29 finished with value: 0.009213265121126404 and parameters: {'observation_period_num': 111, 'train_rates': 0.8812687674790747, 'learning_rate': 0.0001066444445480377, 'batch_size': 91, 'step_size': 13, 'gamma': 0.8174962185612118}. Best is trial 18 with value: 0.0013730502385162534.[0m
[32m[I 2025-01-14 20:10:12,706][0m Trial 30 finished with value: 0.015527421373208325 and parameters: {'observation_period_num': 36, 'train_rates': 0.6530205441582417, 'learning_rate': 0.00042876999477043374, 'batch_size': 68, 'step_size': 6, 'gamma': 0.8470468932749358}. Best is trial 18 with value: 0.0013730502385162534.[0m
[32m[I 2025-01-14 20:12:28,594][0m Trial 31 finished with value: 0.003774355276618735 and parameters: {'observation_period_num': 73, 'train_rates': 0.822472809686464, 'learning_rate': 0.0002176451867995534, 'batch_size': 36, 'step_size': 10, 'gamma': 0.8226546962621695}. Best is trial 18 with value: 0.0013730502385162534.[0m
[32m[I 2025-01-14 20:14:56,119][0m Trial 32 finished with value: 0.005557507709135777 and parameters: {'observation_period_num': 77, 'train_rates': 0.7700435089812463, 'learning_rate': 0.00024464529937528524, 'batch_size': 32, 'step_size': 10, 'gamma': 0.7805219524278972}. Best is trial 18 with value: 0.0013730502385162534.[0m
[32m[I 2025-01-14 20:16:33,721][0m Trial 33 finished with value: 0.008696299395758202 and parameters: {'observation_period_num': 90, 'train_rates': 0.8265768184373167, 'learning_rate': 0.0007223754551219903, 'batch_size': 51, 'step_size': 11, 'gamma': 0.8151601516611009}. Best is trial 18 with value: 0.0013730502385162534.[0m
[32m[I 2025-01-14 20:21:48,840][0m Trial 34 finished with value: 0.0026366497175986867 and parameters: {'observation_period_num': 70, 'train_rates': 0.8674910632557071, 'learning_rate': 0.00013524102463958584, 'batch_size': 16, 'step_size': 13, 'gamma': 0.8762835583035367}. Best is trial 18 with value: 0.0013730502385162534.[0m
[32m[I 2025-01-14 20:26:44,605][0m Trial 35 finished with value: 0.0033972869202008715 and parameters: {'observation_period_num': 109, 'train_rates': 0.8628580765537268, 'learning_rate': 0.00012687548103021328, 'batch_size': 17, 'step_size': 14, 'gamma': 0.8757109714138317}. Best is trial 18 with value: 0.0013730502385162534.[0m
[32m[I 2025-01-14 20:27:37,738][0m Trial 36 finished with value: 0.011606864909939214 and parameters: {'observation_period_num': 28, 'train_rates': 0.8996954227012898, 'learning_rate': 0.0004098348735908696, 'batch_size': 104, 'step_size': 7, 'gamma': 0.8496923388525361}. Best is trial 18 with value: 0.0013730502385162534.[0m
[32m[I 2025-01-14 20:29:03,882][0m Trial 37 finished with value: 0.009822390818347534 and parameters: {'observation_period_num': 61, 'train_rates': 0.9211658870389984, 'learning_rate': 6.76627059576214e-05, 'batch_size': 62, 'step_size': 13, 'gamma': 0.8821066704574794}. Best is trial 18 with value: 0.0013730502385162534.[0m
[32m[I 2025-01-14 20:30:54,835][0m Trial 38 finished with value: 0.02937621818628253 and parameters: {'observation_period_num': 123, 'train_rates': 0.956852292752034, 'learning_rate': 3.50280953304901e-05, 'batch_size': 49, 'step_size': 4, 'gamma': 0.7533511883187038}. Best is trial 18 with value: 0.0013730502385162534.[0m
[32m[I 2025-01-14 20:31:36,505][0m Trial 39 finished with value: 0.005523037590436488 and parameters: {'observation_period_num': 144, 'train_rates': 0.8940204325098562, 'learning_rate': 0.0006410582720347884, 'batch_size': 132, 'step_size': 9, 'gamma': 0.8521865595329923}. Best is trial 18 with value: 0.0013730502385162534.[0m
[32m[I 2025-01-14 20:34:33,804][0m Trial 40 finished with value: 0.01362737532084187 and parameters: {'observation_period_num': 44, 'train_rates': 0.8649825950837486, 'learning_rate': 2.473241580591452e-05, 'batch_size': 29, 'step_size': 12, 'gamma': 0.9143085911641123}. Best is trial 18 with value: 0.0013730502385162534.[0m
[32m[I 2025-01-14 20:39:47,203][0m Trial 41 finished with value: 0.005817405377403084 and parameters: {'observation_period_num': 108, 'train_rates': 0.8563764859570469, 'learning_rate': 0.00014544550338149443, 'batch_size': 16, 'step_size': 14, 'gamma': 0.8795851699951146}. Best is trial 18 with value: 0.0013730502385162534.[0m
[32m[I 2025-01-14 20:44:37,534][0m Trial 42 finished with value: 0.006698066138553462 and parameters: {'observation_period_num': 92, 'train_rates': 0.7880493189593557, 'learning_rate': 0.00011348934494069238, 'batch_size': 16, 'step_size': 14, 'gamma': 0.8768591288329236}. Best is trial 18 with value: 0.0013730502385162534.[0m
[32m[I 2025-01-14 20:46:26,124][0m Trial 43 finished with value: 0.0035648940312511183 and parameters: {'observation_period_num': 64, 'train_rates': 0.8732590811694042, 'learning_rate': 0.0003166715619053403, 'batch_size': 48, 'step_size': 15, 'gamma': 0.8894386116164076}. Best is trial 18 with value: 0.0013730502385162534.[0m
[32m[I 2025-01-14 20:49:07,057][0m Trial 44 finished with value: 0.009259062282113484 and parameters: {'observation_period_num': 168, 'train_rates': 0.8338466270696856, 'learning_rate': 1.4482988506177271e-05, 'batch_size': 30, 'step_size': 13, 'gamma': 0.9106043057071669}. Best is trial 18 with value: 0.0013730502385162534.[0m
[32m[I 2025-01-14 20:50:20,331][0m Trial 45 finished with value: 0.012816733948640385 and parameters: {'observation_period_num': 118, 'train_rates': 0.9442113649135975, 'learning_rate': 0.00017191192319349793, 'batch_size': 75, 'step_size': 14, 'gamma': 0.8329340052032761}. Best is trial 18 with value: 0.0013730502385162534.[0m
[32m[I 2025-01-14 20:51:51,673][0m Trial 46 finished with value: 0.005287138313767226 and parameters: {'observation_period_num': 84, 'train_rates': 0.8935582915454044, 'learning_rate': 9.477300288752798e-05, 'batch_size': 57, 'step_size': 11, 'gamma': 0.8709771379477872}. Best is trial 18 with value: 0.0013730502385162534.[0m
[32m[I 2025-01-14 20:53:48,744][0m Trial 47 finished with value: 0.04111829555925282 and parameters: {'observation_period_num': 101, 'train_rates': 0.8477828655163661, 'learning_rate': 7.396076299366356e-06, 'batch_size': 43, 'step_size': 7, 'gamma': 0.8565897742398116}. Best is trial 18 with value: 0.0013730502385162534.[0m
[32m[I 2025-01-14 20:56:54,983][0m Trial 48 finished with value: 1.0139691760763525 and parameters: {'observation_period_num': 136, 'train_rates': 0.9151203305527543, 'learning_rate': 0.0009925117805392116, 'batch_size': 28, 'step_size': 12, 'gamma': 0.9035959451607115}. Best is trial 18 with value: 0.0013730502385162534.[0m
[32m[I 2025-01-14 20:57:46,819][0m Trial 49 finished with value: 0.004445934202522039 and parameters: {'observation_period_num': 83, 'train_rates': 0.9674030432575698, 'learning_rate': 0.00041094809389575495, 'batch_size': 110, 'step_size': 6, 'gamma': 0.925757991453076}. Best is trial 18 with value: 0.0013730502385162534.[0m
[32m[I 2025-01-14 20:57:46,824][0m A new study created in memory with name: no-name-34f3bb9b-170d-4d65-bd1d-238b812bdf55[0m
[32m[I 2025-01-14 20:59:22,786][0m Trial 0 finished with value: 0.04002757018008891 and parameters: {'observation_period_num': 30, 'train_rates': 0.7080837581048091, 'learning_rate': 1.005593054186639e-05, 'batch_size': 46, 'step_size': 8, 'gamma': 0.9632943727579648}. Best is trial 0 with value: 0.04002757018008891.[0m
[32m[I 2025-01-14 20:59:45,801][0m Trial 1 finished with value: 0.2263541547921452 and parameters: {'observation_period_num': 92, 'train_rates': 0.6172303512843346, 'learning_rate': 1.2055531765687933e-05, 'batch_size': 196, 'step_size': 12, 'gamma': 0.8878832559279399}. Best is trial 0 with value: 0.04002757018008891.[0m
[32m[I 2025-01-14 21:01:00,210][0m Trial 2 finished with value: 0.16238422453647755 and parameters: {'observation_period_num': 111, 'train_rates': 0.6996213350161761, 'learning_rate': 0.0004463415364993547, 'batch_size': 60, 'step_size': 8, 'gamma': 0.9677368830394988}. Best is trial 0 with value: 0.04002757018008891.[0m
[32m[I 2025-01-14 21:01:18,727][0m Trial 3 finished with value: 0.26851600715100105 and parameters: {'observation_period_num': 224, 'train_rates': 0.6029501250869979, 'learning_rate': 1.818420138431412e-05, 'batch_size': 219, 'step_size': 12, 'gamma': 0.77849442243278}. Best is trial 0 with value: 0.04002757018008891.[0m
[32m[I 2025-01-14 21:03:05,993][0m Trial 4 finished with value: 0.40102862022643865 and parameters: {'observation_period_num': 234, 'train_rates': 0.9211545450611855, 'learning_rate': 1.7794410780916655e-06, 'batch_size': 48, 'step_size': 15, 'gamma': 0.834595983403628}. Best is trial 0 with value: 0.04002757018008891.[0m
[32m[I 2025-01-14 21:03:38,263][0m Trial 5 finished with value: 0.15697236666698494 and parameters: {'observation_period_num': 199, 'train_rates': 0.6379284724196306, 'learning_rate': 7.398056039192338e-05, 'batch_size': 126, 'step_size': 9, 'gamma': 0.9514259345542677}. Best is trial 0 with value: 0.04002757018008891.[0m
[32m[I 2025-01-14 21:03:49,967][0m Trial 6 finished with value: 0.5705855488777161 and parameters: {'observation_period_num': 158, 'train_rates': 0.9472567855690921, 'learning_rate': 7.577353552361817e-05, 'batch_size': 250, 'step_size': 1, 'gamma': 0.7843750876240572}. Best is trial 0 with value: 0.04002757018008891.[0m
[32m[I 2025-01-14 21:04:48,727][0m Trial 7 finished with value: 0.06054401924579563 and parameters: {'observation_period_num': 31, 'train_rates': 0.696455721578592, 'learning_rate': 3.128498058744109e-05, 'batch_size': 77, 'step_size': 1, 'gamma': 0.9526638853846408}. Best is trial 0 with value: 0.04002757018008891.[0m
[32m[I 2025-01-14 21:05:26,639][0m Trial 8 finished with value: 0.16583601815196183 and parameters: {'observation_period_num': 86, 'train_rates': 0.6738638258959189, 'learning_rate': 0.0003402678734575505, 'batch_size': 120, 'step_size': 11, 'gamma': 0.9781022827215047}. Best is trial 0 with value: 0.04002757018008891.[0m
[32m[I 2025-01-14 21:09:12,973][0m Trial 9 finished with value: 0.09420285395373024 and parameters: {'observation_period_num': 40, 'train_rates': 0.7824905768183179, 'learning_rate': 4.815689481326854e-06, 'batch_size': 21, 'step_size': 6, 'gamma': 0.8000408015535386}. Best is trial 0 with value: 0.04002757018008891.[0m
[32m[I 2025-01-14 21:09:45,499][0m Trial 10 finished with value: 0.4755077475432847 and parameters: {'observation_period_num': 9, 'train_rates': 0.819795980460663, 'learning_rate': 1.2413946996529534e-06, 'batch_size': 166, 'step_size': 5, 'gamma': 0.8932335865245857}. Best is trial 0 with value: 0.04002757018008891.[0m
[32m[I 2025-01-14 21:10:41,641][0m Trial 11 finished with value: 0.11042469862158262 and parameters: {'observation_period_num': 47, 'train_rates': 0.756793406588817, 'learning_rate': 4.8800534039684145e-05, 'batch_size': 87, 'step_size': 1, 'gamma': 0.9260723144591155}. Best is trial 0 with value: 0.04002757018008891.[0m
[32m[I 2025-01-14 21:11:34,962][0m Trial 12 finished with value: 0.05078988592027898 and parameters: {'observation_period_num': 6, 'train_rates': 0.7193752130953511, 'learning_rate': 7.624480332042012e-06, 'batch_size': 85, 'step_size': 4, 'gamma': 0.9264786044159165}. Best is trial 0 with value: 0.04002757018008891.[0m
