[32m[I 2025-01-14 14:16:15,127][0m A new study created in memory with name: no-name-a07a0336-61cd-478e-a173-f20ce549328f[0m
[32m[I 2025-01-14 14:16:35,084][0m Trial 0 finished with value: 1.0865693911910057 and parameters: {'observation_period_num': 29, 'train_rates': 0.669121412715732, 'learning_rate': 1.8063958554561683e-05, 'batch_size': 220, 'step_size': 13, 'gamma': 0.9771832527722897}. Best is trial 0 with value: 1.0865693911910057.[0m
[32m[I 2025-01-14 14:16:51,380][0m Trial 1 finished with value: 1.3300309540019546 and parameters: {'observation_period_num': 157, 'train_rates': 0.6291247717945034, 'learning_rate': 0.00013274026887340147, 'batch_size': 254, 'step_size': 4, 'gamma': 0.9854098532226825}. Best is trial 0 with value: 1.0865693911910057.[0m
[32m[I 2025-01-14 14:17:38,194][0m Trial 2 finished with value: 0.1636212533114398 and parameters: {'observation_period_num': 169, 'train_rates': 0.8072064390946776, 'learning_rate': 0.0003055855702231577, 'batch_size': 106, 'step_size': 5, 'gamma': 0.8809401336125144}. Best is trial 2 with value: 0.1636212533114398.[0m
[32m[I 2025-01-14 14:22:05,971][0m Trial 3 finished with value: 0.06394365033127739 and parameters: {'observation_period_num': 120, 'train_rates': 0.7648541049095176, 'learning_rate': 2.7738816444265955e-05, 'batch_size': 17, 'step_size': 14, 'gamma': 0.7663831777934943}. Best is trial 3 with value: 0.06394365033127739.[0m
[32m[I 2025-01-14 14:22:37,396][0m Trial 4 finished with value: 0.48685501457489644 and parameters: {'observation_period_num': 241, 'train_rates': 0.8211893646736133, 'learning_rate': 4.301991931378904e-06, 'batch_size': 152, 'step_size': 1, 'gamma': 0.9831157034031757}. Best is trial 3 with value: 0.06394365033127739.[0m
[32m[I 2025-01-14 14:22:57,888][0m Trial 5 finished with value: 1.1066569584037274 and parameters: {'observation_period_num': 51, 'train_rates': 0.6422999419353956, 'learning_rate': 9.82695287571005e-05, 'batch_size': 218, 'step_size': 3, 'gamma': 0.8862356875592596}. Best is trial 3 with value: 0.06394365033127739.[0m
[32m[I 2025-01-14 14:23:22,760][0m Trial 6 finished with value: 0.35888373851776123 and parameters: {'observation_period_num': 26, 'train_rates': 0.947931112931518, 'learning_rate': 2.5551608462414232e-05, 'batch_size': 234, 'step_size': 2, 'gamma': 0.9476699659642532}. Best is trial 3 with value: 0.06394365033127739.[0m
[32m[I 2025-01-14 14:24:20,800][0m Trial 7 finished with value: 0.017375150695443153 and parameters: {'observation_period_num': 234, 'train_rates': 0.970944694897179, 'learning_rate': 0.00019149759239219815, 'batch_size': 91, 'step_size': 7, 'gamma': 0.8347567650703255}. Best is trial 7 with value: 0.017375150695443153.[0m
[32m[I 2025-01-14 14:24:44,209][0m Trial 8 finished with value: 0.30834705736450774 and parameters: {'observation_period_num': 96, 'train_rates': 0.825565228874802, 'learning_rate': 5.303179490562506e-05, 'batch_size': 226, 'step_size': 5, 'gamma': 0.9008308486632903}. Best is trial 7 with value: 0.017375150695443153.[0m
[32m[I 2025-01-14 14:25:17,273][0m Trial 9 finished with value: 0.9014865190860974 and parameters: {'observation_period_num': 176, 'train_rates': 0.7393914170046735, 'learning_rate': 2.6377031286396963e-06, 'batch_size': 142, 'step_size': 15, 'gamma': 0.9192236947119063}. Best is trial 7 with value: 0.017375150695443153.[0m
[32m[I 2025-01-14 14:26:50,838][0m Trial 10 finished with value: 0.02413378469645977 and parameters: {'observation_period_num': 250, 'train_rates': 0.9855020356348588, 'learning_rate': 0.0005955415855571939, 'batch_size': 57, 'step_size': 9, 'gamma': 0.8085191505809961}. Best is trial 7 with value: 0.017375150695443153.[0m
[32m[I 2025-01-14 14:28:40,367][0m Trial 11 finished with value: 4.082548141479492 and parameters: {'observation_period_num': 246, 'train_rates': 0.9897812323789517, 'learning_rate': 0.0009234813929721067, 'batch_size': 49, 'step_size': 9, 'gamma': 0.8132637310557478}. Best is trial 7 with value: 0.017375150695443153.[0m
[32m[I 2025-01-14 14:29:34,257][0m Trial 12 finished with value: 0.06908347252611965 and parameters: {'observation_period_num': 211, 'train_rates': 0.9059839304836241, 'learning_rate': 0.0009764382452467454, 'batch_size': 92, 'step_size': 9, 'gamma': 0.8209599814886096}. Best is trial 7 with value: 0.017375150695443153.[0m
[32m[I 2025-01-14 14:30:40,131][0m Trial 13 finished with value: 0.011297722943973812 and parameters: {'observation_period_num': 212, 'train_rates': 0.899914181567578, 'learning_rate': 0.0003035932319004244, 'batch_size': 78, 'step_size': 11, 'gamma': 0.827272948627317}. Best is trial 13 with value: 0.011297722943973812.[0m
[32m[I 2025-01-14 14:31:27,486][0m Trial 14 finished with value: 0.09672628368959066 and parameters: {'observation_period_num': 177, 'train_rates': 0.8859086617948536, 'learning_rate': 0.00021136732009532862, 'batch_size': 108, 'step_size': 12, 'gamma': 0.8457907929599352}. Best is trial 13 with value: 0.011297722943973812.[0m
[32m[I 2025-01-14 14:31:56,982][0m Trial 15 finished with value: 0.09471643008060338 and parameters: {'observation_period_num': 208, 'train_rates': 0.8830309146073695, 'learning_rate': 0.00033338894325847973, 'batch_size': 176, 'step_size': 7, 'gamma': 0.7619447992376651}. Best is trial 13 with value: 0.011297722943973812.[0m
[32m[I 2025-01-14 14:33:16,069][0m Trial 16 finished with value: 0.17101793193337905 and parameters: {'observation_period_num': 217, 'train_rates': 0.9276094271585504, 'learning_rate': 8.621513829204458e-06, 'batch_size': 66, 'step_size': 11, 'gamma': 0.8420937841217131}. Best is trial 13 with value: 0.011297722943973812.[0m
[32m[I 2025-01-14 14:34:17,364][0m Trial 17 finished with value: 0.5907887727616731 and parameters: {'observation_period_num': 132, 'train_rates': 0.8581848356651727, 'learning_rate': 1.1457234175386168e-06, 'batch_size': 83, 'step_size': 7, 'gamma': 0.7863570403935677}. Best is trial 13 with value: 0.011297722943973812.[0m
[32m[I 2025-01-14 14:38:03,292][0m Trial 18 finished with value: 9.135661920262578e-05 and parameters: {'observation_period_num': 199, 'train_rates': 0.9505715313035005, 'learning_rate': 6.548254988505815e-05, 'batch_size': 23, 'step_size': 11, 'gamma': 0.8492788714464614}. Best is trial 18 with value: 9.135661920262578e-05.[0m
[32m[I 2025-01-14 14:42:04,634][0m Trial 19 finished with value: 0.0075010326071653375 and parameters: {'observation_period_num': 198, 'train_rates': 0.923420414249526, 'learning_rate': 7.010165639598581e-05, 'batch_size': 21, 'step_size': 11, 'gamma': 0.8603030290674054}. Best is trial 18 with value: 9.135661920262578e-05.[0m
[32m[I 2025-01-14 14:46:21,506][0m Trial 20 finished with value: 0.09090867312631053 and parameters: {'observation_period_num': 81, 'train_rates': 0.7325128332078767, 'learning_rate': 6.496591567069836e-05, 'batch_size': 17, 'step_size': 11, 'gamma': 0.8631709928890132}. Best is trial 18 with value: 9.135661920262578e-05.[0m
[32m[I 2025-01-14 14:48:38,290][0m Trial 21 finished with value: 0.00023839009670124407 and parameters: {'observation_period_num': 192, 'train_rates': 0.9356667787979591, 'learning_rate': 6.51969317855907e-05, 'batch_size': 37, 'step_size': 11, 'gamma': 0.855441842092972}. Best is trial 18 with value: 9.135661920262578e-05.[0m
[32m[I 2025-01-14 14:50:55,238][0m Trial 22 finished with value: 0.000365881243649508 and parameters: {'observation_period_num': 192, 'train_rates': 0.938094923754546, 'learning_rate': 5.769687594920573e-05, 'batch_size': 38, 'step_size': 13, 'gamma': 0.8635455203987836}. Best is trial 18 with value: 9.135661920262578e-05.[0m
[32m[I 2025-01-14 14:53:05,414][0m Trial 23 finished with value: 0.05031154999329198 and parameters: {'observation_period_num': 148, 'train_rates': 0.9447937476280928, 'learning_rate': 1.1481327639877195e-05, 'batch_size': 41, 'step_size': 14, 'gamma': 0.9141599500598837}. Best is trial 18 with value: 9.135661920262578e-05.[0m
[32m[I 2025-01-14 14:55:17,219][0m Trial 24 finished with value: 0.04095121404160492 and parameters: {'observation_period_num': 191, 'train_rates': 0.8468717682111421, 'learning_rate': 4.17213885347316e-05, 'batch_size': 37, 'step_size': 13, 'gamma': 0.7953659973538241}. Best is trial 18 with value: 9.135661920262578e-05.[0m
[32m[I 2025-01-14 14:57:43,963][0m Trial 25 finished with value: 0.0014778932921784133 and parameters: {'observation_period_num': 139, 'train_rates': 0.9509688189762445, 'learning_rate': 0.00011129185518347338, 'batch_size': 37, 'step_size': 10, 'gamma': 0.8571149607666301}. Best is trial 18 with value: 9.135661920262578e-05.[0m
[32m[I 2025-01-14 14:59:02,870][0m Trial 26 finished with value: 0.18276718300779152 and parameters: {'observation_period_num': 111, 'train_rates': 0.8624626816953013, 'learning_rate': 1.424201820616958e-05, 'batch_size': 66, 'step_size': 13, 'gamma': 0.8873195927588039}. Best is trial 18 with value: 9.135661920262578e-05.[0m
[32m[I 2025-01-14 14:59:47,289][0m Trial 27 finished with value: 0.09020943939685822 and parameters: {'observation_period_num': 187, 'train_rates': 0.9602211993124043, 'learning_rate': 3.535861611989021e-05, 'batch_size': 123, 'step_size': 12, 'gamma': 0.8720372390541332}. Best is trial 18 with value: 9.135661920262578e-05.[0m
[32m[I 2025-01-14 15:02:14,115][0m Trial 28 finished with value: 0.08613196495282757 and parameters: {'observation_period_num': 160, 'train_rates': 0.9207839913491186, 'learning_rate': 7.160406537317561e-06, 'batch_size': 35, 'step_size': 15, 'gamma': 0.9298929651180924}. Best is trial 18 with value: 9.135661920262578e-05.[0m
[32m[I 2025-01-14 15:02:41,382][0m Trial 29 finished with value: 0.23635952110076466 and parameters: {'observation_period_num': 224, 'train_rates': 0.8818412657023642, 'learning_rate': 2.0563366051425377e-05, 'batch_size': 189, 'step_size': 12, 'gamma': 0.8981530679772723}. Best is trial 18 with value: 9.135661920262578e-05.[0m
[32m[I 2025-01-14 15:03:50,685][0m Trial 30 finished with value: 0.5756272387553817 and parameters: {'observation_period_num': 194, 'train_rates': 0.6973180857181392, 'learning_rate': 6.201752956414446e-05, 'batch_size': 61, 'step_size': 10, 'gamma': 0.9469916608297038}. Best is trial 18 with value: 9.135661920262578e-05.[0m
[32m[I 2025-01-14 15:06:33,563][0m Trial 31 finished with value: 0.0011985622466571869 and parameters: {'observation_period_num': 143, 'train_rates': 0.944966018352541, 'learning_rate': 0.00010378962159449736, 'batch_size': 32, 'step_size': 10, 'gamma': 0.8538489704582058}. Best is trial 18 with value: 9.135661920262578e-05.[0m
[32m[I 2025-01-14 15:09:57,800][0m Trial 32 finished with value: 0.0013814167819492828 and parameters: {'observation_period_num': 154, 'train_rates': 0.9389013530315886, 'learning_rate': 0.0001454292729626087, 'batch_size': 26, 'step_size': 10, 'gamma': 0.8457823979598755}. Best is trial 18 with value: 9.135661920262578e-05.[0m
[32m[I 2025-01-14 15:11:55,889][0m Trial 33 finished with value: 0.0003955787396989763 and parameters: {'observation_period_num': 7, 'train_rates': 0.966803775855944, 'learning_rate': 8.566339117449364e-05, 'batch_size': 49, 'step_size': 13, 'gamma': 0.8737833288021027}. Best is trial 18 with value: 9.135661920262578e-05.[0m
[32m[I 2025-01-14 15:13:36,679][0m Trial 34 finished with value: 0.0824689513870648 and parameters: {'observation_period_num': 49, 'train_rates': 0.9664365168268856, 'learning_rate': 4.124705130214608e-05, 'batch_size': 56, 'step_size': 14, 'gamma': 0.876170975482495}. Best is trial 18 with value: 9.135661920262578e-05.[0m
[32m[I 2025-01-14 15:15:32,934][0m Trial 35 finished with value: 0.024155208840966225 and parameters: {'observation_period_num': 60, 'train_rates': 0.9894394039442718, 'learning_rate': 8.314725834269318e-05, 'batch_size': 48, 'step_size': 13, 'gamma': 0.8334556392016476}. Best is trial 18 with value: 9.135661920262578e-05.[0m
[32m[I 2025-01-14 15:16:26,263][0m Trial 36 finished with value: 0.1049821994965896 and parameters: {'observation_period_num': 7, 'train_rates': 0.9131529604829759, 'learning_rate': 0.00017548561930169556, 'batch_size': 104, 'step_size': 14, 'gamma': 0.8998721959583333}. Best is trial 18 with value: 9.135661920262578e-05.[0m
[32m[I 2025-01-14 15:17:36,518][0m Trial 37 finished with value: 0.027623113244771957 and parameters: {'observation_period_num': 169, 'train_rates': 0.9683574226581377, 'learning_rate': 2.732494784631816e-05, 'batch_size': 78, 'step_size': 12, 'gamma': 0.8681835805338897}. Best is trial 18 with value: 9.135661920262578e-05.[0m
[32m[I 2025-01-14 15:22:10,872][0m Trial 38 finished with value: 0.04832346920373733 and parameters: {'observation_period_num': 230, 'train_rates': 0.7849610793931077, 'learning_rate': 4.668203623148116e-05, 'batch_size': 16, 'step_size': 13, 'gamma': 0.8849429734125142}. Best is trial 18 with value: 9.135661920262578e-05.[0m
[32m[I 2025-01-14 15:24:01,717][0m Trial 39 finished with value: 0.25020055394403296 and parameters: {'observation_period_num': 112, 'train_rates': 0.8305157759455775, 'learning_rate': 2.1841286943119256e-05, 'batch_size': 45, 'step_size': 8, 'gamma': 0.8009766360520992}. Best is trial 18 with value: 9.135661920262578e-05.[0m
[32m[I 2025-01-14 15:24:18,479][0m Trial 40 finished with value: 1.9700948276449226 and parameters: {'observation_period_num': 79, 'train_rates': 0.6004967494337943, 'learning_rate': 0.00031865491016108677, 'batch_size': 254, 'step_size': 14, 'gamma': 0.7832704184842085}. Best is trial 18 with value: 9.135661920262578e-05.[0m
[32m[I 2025-01-14 15:27:25,022][0m Trial 41 finished with value: 0.0017667150541456067 and parameters: {'observation_period_num': 179, 'train_rates': 0.9425324997258681, 'learning_rate': 9.158575470530366e-05, 'batch_size': 28, 'step_size': 10, 'gamma': 0.8531830679927792}. Best is trial 18 with value: 9.135661920262578e-05.[0m
[32m[I 2025-01-14 15:30:16,604][0m Trial 42 finished with value: 0.01049704261350672 and parameters: {'observation_period_num': 201, 'train_rates': 0.9331256655826592, 'learning_rate': 0.00012248354249344643, 'batch_size': 30, 'step_size': 12, 'gamma': 0.8531264204465462}. Best is trial 18 with value: 9.135661920262578e-05.[0m
[32m[I 2025-01-14 15:31:51,601][0m Trial 43 finished with value: 0.018235971638932823 and parameters: {'observation_period_num': 166, 'train_rates': 0.8996764861221225, 'learning_rate': 8.269745818744602e-05, 'batch_size': 54, 'step_size': 8, 'gamma': 0.8774207662218718}. Best is trial 18 with value: 9.135661920262578e-05.[0m
[32m[I 2025-01-14 15:33:13,453][0m Trial 44 finished with value: 0.013845816520707948 and parameters: {'observation_period_num': 125, 'train_rates': 0.968131261395193, 'learning_rate': 3.278813724135337e-05, 'batch_size': 67, 'step_size': 15, 'gamma': 0.8366930670151667}. Best is trial 18 with value: 9.135661920262578e-05.[0m
[32m[I 2025-01-14 15:35:18,262][0m Trial 45 finished with value: 0.00019253122826250126 and parameters: {'observation_period_num': 142, 'train_rates': 0.9769650549075316, 'learning_rate': 0.0002351484262036042, 'batch_size': 44, 'step_size': 9, 'gamma': 0.820002651475012}. Best is trial 18 with value: 9.135661920262578e-05.[0m
[32m[I 2025-01-14 15:37:13,641][0m Trial 46 finished with value: 0.01580328274998934 and parameters: {'observation_period_num': 181, 'train_rates': 0.9777347850763186, 'learning_rate': 0.00024233120884546133, 'batch_size': 47, 'step_size': 8, 'gamma': 0.8272900677692229}. Best is trial 18 with value: 9.135661920262578e-05.[0m
[32m[I 2025-01-14 15:37:50,398][0m Trial 47 finished with value: 0.029614850878715515 and parameters: {'observation_period_num': 30, 'train_rates': 0.9561025418599273, 'learning_rate': 0.0005014868670305875, 'batch_size': 158, 'step_size': 9, 'gamma': 0.8224284529220721}. Best is trial 18 with value: 9.135661920262578e-05.[0m
[32m[I 2025-01-14 15:39:00,210][0m Trial 48 finished with value: 0.09602810458023789 and parameters: {'observation_period_num': 235, 'train_rates': 0.8944319661935911, 'learning_rate': 0.00013819601470319273, 'batch_size': 72, 'step_size': 5, 'gamma': 0.8147913948239306}. Best is trial 18 with value: 9.135661920262578e-05.[0m
[32m[I 2025-01-14 15:39:55,514][0m Trial 49 finished with value: 0.02533060821242591 and parameters: {'observation_period_num': 99, 'train_rates': 0.8673944732171627, 'learning_rate': 0.0004527591815569978, 'batch_size': 93, 'step_size': 11, 'gamma': 0.891089252603954}. Best is trial 18 with value: 9.135661920262578e-05.[0m
[32m[I 2025-01-14 15:39:55,519][0m A new study created in memory with name: no-name-3384c99e-b281-42d0-a9a7-c4a0a216c424[0m
[32m[I 2025-01-14 15:40:14,145][0m Trial 0 finished with value: 0.09383818690210234 and parameters: {'observation_period_num': 16, 'train_rates': 0.6486426043602039, 'learning_rate': 5.1165444987556496e-05, 'batch_size': 255, 'step_size': 7, 'gamma': 0.9393794576529252}. Best is trial 0 with value: 0.09383818690210234.[0m
[32m[I 2025-01-14 15:41:48,484][0m Trial 1 finished with value: 0.009608633816242218 and parameters: {'observation_period_num': 235, 'train_rates': 0.9815359372293713, 'learning_rate': 9.381428168837563e-05, 'batch_size': 56, 'step_size': 7, 'gamma': 0.856176656297108}. Best is trial 1 with value: 0.009608633816242218.[0m
[32m[I 2025-01-14 15:42:16,065][0m Trial 2 finished with value: 1.397762663510381 and parameters: {'observation_period_num': 165, 'train_rates': 0.806911013341705, 'learning_rate': 1.092123046549273e-06, 'batch_size': 187, 'step_size': 4, 'gamma': 0.8406158884807658}. Best is trial 1 with value: 0.009608633816242218.[0m
[32m[I 2025-01-14 15:44:04,368][0m Trial 3 finished with value: 0.13198577467508252 and parameters: {'observation_period_num': 222, 'train_rates': 0.676691985094374, 'learning_rate': 4.651121747434035e-06, 'batch_size': 37, 'step_size': 7, 'gamma': 0.9580530494097876}. Best is trial 1 with value: 0.009608633816242218.[0m
[32m[I 2025-01-14 15:44:29,560][0m Trial 4 finished with value: 0.015251290721604633 and parameters: {'observation_period_num': 34, 'train_rates': 0.9020104819225054, 'learning_rate': 0.00014529879430884017, 'batch_size': 220, 'step_size': 15, 'gamma': 0.8332949997313948}. Best is trial 1 with value: 0.009608633816242218.[0m
[32m[I 2025-01-14 15:45:18,249][0m Trial 5 finished with value: 0.017115448829981516 and parameters: {'observation_period_num': 206, 'train_rates': 0.94241128525075, 'learning_rate': 7.882226391348995e-05, 'batch_size': 110, 'step_size': 11, 'gamma': 0.9446285917071289}. Best is trial 1 with value: 0.009608633816242218.[0m
[32m[I 2025-01-14 15:45:42,708][0m Trial 6 finished with value: 0.5602322965528492 and parameters: {'observation_period_num': 162, 'train_rates': 0.8394715473820884, 'learning_rate': 1.7130118524207583e-05, 'batch_size': 132, 'step_size': 1, 'gamma': 0.8346628350632262}. Best is trial 1 with value: 0.009608633816242218.[0m
[32m[I 2025-01-14 15:46:09,128][0m Trial 7 finished with value: 0.005714681310645115 and parameters: {'observation_period_num': 27, 'train_rates': 0.9228891537362127, 'learning_rate': 0.0008548964396004818, 'batch_size': 219, 'step_size': 11, 'gamma': 0.943386739185612}. Best is trial 7 with value: 0.005714681310645115.[0m
[32m[I 2025-01-14 15:46:40,346][0m Trial 8 finished with value: 0.14603577307517954 and parameters: {'observation_period_num': 141, 'train_rates': 0.8391993278906967, 'learning_rate': 1.4717348782072618e-05, 'batch_size': 159, 'step_size': 13, 'gamma': 0.7620206084685238}. Best is trial 7 with value: 0.005714681310645115.[0m
[32m[I 2025-01-14 15:47:11,307][0m Trial 9 finished with value: 0.1411026197288375 and parameters: {'observation_period_num': 82, 'train_rates': 0.8701529966794399, 'learning_rate': 1.7374307367661505e-05, 'batch_size': 168, 'step_size': 11, 'gamma': 0.7663153671876854}. Best is trial 7 with value: 0.005714681310645115.[0m
[32m[I 2025-01-14 15:47:31,938][0m Trial 10 finished with value: 0.027173403448895694 and parameters: {'observation_period_num': 78, 'train_rates': 0.7302481078941621, 'learning_rate': 0.0008152408818696839, 'batch_size': 236, 'step_size': 10, 'gamma': 0.9860321952454172}. Best is trial 7 with value: 0.005714681310645115.[0m
[32m[I 2025-01-14 15:49:00,217][0m Trial 11 finished with value: 0.0011629166547209024 and parameters: {'observation_period_num': 92, 'train_rates': 0.9893427121616103, 'learning_rate': 0.0009128571987367837, 'batch_size': 62, 'step_size': 5, 'gamma': 0.8948533763410598}. Best is trial 11 with value: 0.0011629166547209024.[0m
[32m[I 2025-01-14 15:50:11,544][0m Trial 12 finished with value: 0.0026259825099259615 and parameters: {'observation_period_num': 78, 'train_rates': 0.9871911730803129, 'learning_rate': 0.00064825413457725, 'batch_size': 79, 'step_size': 4, 'gamma': 0.902448023309671}. Best is trial 11 with value: 0.0011629166547209024.[0m
[32m[I 2025-01-14 15:51:22,553][0m Trial 13 finished with value: 0.007385458331555128 and parameters: {'observation_period_num': 90, 'train_rates': 0.9811202319950646, 'learning_rate': 0.0002585076172808885, 'batch_size': 80, 'step_size': 4, 'gamma': 0.8963034362829231}. Best is trial 11 with value: 0.0011629166547209024.[0m
[32m[I 2025-01-14 15:52:22,619][0m Trial 14 finished with value: 0.022816556726576964 and parameters: {'observation_period_num': 99, 'train_rates': 0.7576092104840877, 'learning_rate': 0.00042009922732527493, 'batch_size': 80, 'step_size': 4, 'gamma': 0.9000533255888042}. Best is trial 11 with value: 0.0011629166547209024.[0m
