[32m[I 2025-01-14 15:57:46,271][0m Trial 15 finished with value: 0.006292786604414384 and parameters: {'observation_period_num': 54, 'train_rates': 0.9896739219125563, 'learning_rate': 0.000300385551144352, 'batch_size': 17, 'step_size': 1, 'gamma': 0.8920726276021728}. Best is trial 11 with value: 0.0011629166547209024.[0m
[32m[I 2025-01-14 15:58:39,656][0m Trial 16 finished with value: 0.0038601119304075837 and parameters: {'observation_period_num': 115, 'train_rates': 0.9339150935352202, 'learning_rate': 0.0009114438190520651, 'batch_size': 99, 'step_size': 5, 'gamma': 0.877698307340621}. Best is trial 11 with value: 0.0011629166547209024.[0m
[32m[I 2025-01-14 16:00:12,193][0m Trial 17 finished with value: 0.055195805266362814 and parameters: {'observation_period_num': 47, 'train_rates': 0.8876858979937543, 'learning_rate': 0.00019189965398667304, 'batch_size': 57, 'step_size': 2, 'gamma': 0.8074692576752618}. Best is trial 11 with value: 0.0011629166547209024.[0m
[32m[I 2025-01-14 16:00:56,570][0m Trial 18 finished with value: 0.009454652667045593 and parameters: {'observation_period_num': 126, 'train_rates': 0.9586783856766308, 'learning_rate': 0.0005093315774399097, 'batch_size': 127, 'step_size': 5, 'gamma': 0.9175125249950582}. Best is trial 11 with value: 0.0011629166547209024.[0m
[32m[I 2025-01-14 16:01:54,561][0m Trial 19 finished with value: 0.3561974886447746 and parameters: {'observation_period_num': 64, 'train_rates': 0.7583729286278165, 'learning_rate': 5.977333071838323e-06, 'batch_size': 79, 'step_size': 9, 'gamma': 0.8069208252662318}. Best is trial 11 with value: 0.0011629166547209024.[0m
[32m[I 2025-01-14 16:05:38,697][0m Trial 20 finished with value: 0.14178907101306282 and parameters: {'observation_period_num': 187, 'train_rates': 0.615944539774587, 'learning_rate': 3.7540393680964384e-05, 'batch_size': 17, 'step_size': 3, 'gamma': 0.9114077351327234}. Best is trial 11 with value: 0.0011629166547209024.[0m
[32m[I 2025-01-14 16:06:35,673][0m Trial 21 finished with value: 0.004240726295081689 and parameters: {'observation_period_num': 114, 'train_rates': 0.9343421439023246, 'learning_rate': 0.0009233404300704526, 'batch_size': 98, 'step_size': 6, 'gamma': 0.8746775207808248}. Best is trial 11 with value: 0.0011629166547209024.[0m
[32m[I 2025-01-14 16:07:24,059][0m Trial 22 finished with value: 0.005621605915354287 and parameters: {'observation_period_num': 110, 'train_rates': 0.917649111910603, 'learning_rate': 0.0005115229631883255, 'batch_size': 109, 'step_size': 5, 'gamma': 0.8715291908873881}. Best is trial 11 with value: 0.0011629166547209024.[0m
[32m[I 2025-01-14 16:09:05,417][0m Trial 23 finished with value: 0.004569514417089522 and parameters: {'observation_period_num': 129, 'train_rates': 0.9557593577650485, 'learning_rate': 0.0004707501724651036, 'batch_size': 53, 'step_size': 3, 'gamma': 0.8811213178507115}. Best is trial 11 with value: 0.0011629166547209024.[0m
[32m[I 2025-01-14 16:10:03,722][0m Trial 24 finished with value: 0.005489249824408869 and parameters: {'observation_period_num': 151, 'train_rates': 0.9567048361476791, 'learning_rate': 0.0009976073953702935, 'batch_size': 93, 'step_size': 6, 'gamma': 0.9277788090809277}. Best is trial 11 with value: 0.0011629166547209024.[0m
[32m[I 2025-01-14 16:11:20,571][0m Trial 25 finished with value: 0.014590815507939883 and parameters: {'observation_period_num': 74, 'train_rates': 0.8665908051572251, 'learning_rate': 0.00013819574641865117, 'batch_size': 66, 'step_size': 8, 'gamma': 0.8528437975774268}. Best is trial 11 with value: 0.0011629166547209024.[0m
[32m[I 2025-01-14 16:13:55,469][0m Trial 26 finished with value: 0.0013970553550894398 and parameters: {'observation_period_num': 100, 'train_rates': 0.9871368511424564, 'learning_rate': 0.00030159756524207116, 'batch_size': 36, 'step_size': 5, 'gamma': 0.9781264636188856}. Best is trial 11 with value: 0.0011629166547209024.[0m
[32m[I 2025-01-14 16:16:45,999][0m Trial 27 finished with value: 0.000791635269323658 and parameters: {'observation_period_num': 55, 'train_rates': 0.9869060778806019, 'learning_rate': 0.00026138120458085555, 'batch_size': 33, 'step_size': 3, 'gamma': 0.9884499666909184}. Best is trial 27 with value: 0.000791635269323658.[0m
[32m[I 2025-01-14 16:19:14,068][0m Trial 28 finished with value: 0.0016400963289056546 and parameters: {'observation_period_num': 44, 'train_rates': 0.9009695821204314, 'learning_rate': 0.00027083208147867405, 'batch_size': 36, 'step_size': 2, 'gamma': 0.985972587862937}. Best is trial 27 with value: 0.000791635269323658.[0m
[32m[I 2025-01-14 16:21:05,458][0m Trial 29 finished with value: 0.06364480077343829 and parameters: {'observation_period_num': 21, 'train_rates': 0.6755355240766511, 'learning_rate': 6.185222667868929e-05, 'batch_size': 39, 'step_size': 6, 'gamma': 0.9640049289392643}. Best is trial 27 with value: 0.000791635269323658.[0m
[32m[I 2025-01-14 16:24:04,856][0m Trial 30 finished with value: 0.001385128563722699 and parameters: {'observation_period_num': 59, 'train_rates': 0.9627536754643917, 'learning_rate': 0.00014418388226006452, 'batch_size': 31, 'step_size': 8, 'gamma': 0.9639708480796254}. Best is trial 27 with value: 0.000791635269323658.[0m
[32m[I 2025-01-14 16:27:07,276][0m Trial 31 finished with value: 0.003749202344227921 and parameters: {'observation_period_num': 99, 'train_rates': 0.9616025410614947, 'learning_rate': 0.00012832676308985813, 'batch_size': 30, 'step_size': 8, 'gamma': 0.9768323430597137}. Best is trial 27 with value: 0.000791635269323658.[0m
[32m[I 2025-01-14 16:28:47,955][0m Trial 32 finished with value: 0.00815734450429023 and parameters: {'observation_period_num': 7, 'train_rates': 0.9694163850976181, 'learning_rate': 0.00033493606512401277, 'batch_size': 57, 'step_size': 9, 'gamma': 0.9653386507334291}. Best is trial 27 with value: 0.000791635269323658.[0m
[32m[I 2025-01-14 16:30:53,020][0m Trial 33 finished with value: 0.002641975414007902 and parameters: {'observation_period_num': 59, 'train_rates': 0.9882984513131384, 'learning_rate': 0.0001915317505535713, 'batch_size': 46, 'step_size': 3, 'gamma': 0.9317079547941096}. Best is trial 27 with value: 0.000791635269323658.[0m
[32m[I 2025-01-14 16:34:12,644][0m Trial 34 finished with value: 0.0026222999297601064 and parameters: {'observation_period_num': 68, 'train_rates': 0.9423496262975025, 'learning_rate': 9.967635783053094e-05, 'batch_size': 27, 'step_size': 7, 'gamma': 0.9530500529499549}. Best is trial 27 with value: 0.000791635269323658.[0m
[32m[I 2025-01-14 16:35:36,493][0m Trial 35 finished with value: 0.0017651082203862653 and parameters: {'observation_period_num': 35, 'train_rates': 0.9106139349446566, 'learning_rate': 0.00020714349623453612, 'batch_size': 66, 'step_size': 7, 'gamma': 0.9756207509987541}. Best is trial 27 with value: 0.000791635269323658.[0m
[32m[I 2025-01-14 16:40:55,667][0m Trial 36 finished with value: 0.0057886369388804515 and parameters: {'observation_period_num': 94, 'train_rates': 0.9695156066927588, 'learning_rate': 4.569742537048517e-05, 'batch_size': 17, 'step_size': 2, 'gamma': 0.989063966514074}. Best is trial 27 with value: 0.000791635269323658.[0m
[32m[I 2025-01-14 16:43:01,473][0m Trial 37 finished with value: 0.39499285465374023 and parameters: {'observation_period_num': 37, 'train_rates': 0.8832093257670676, 'learning_rate': 2.0816635424879414e-06, 'batch_size': 41, 'step_size': 5, 'gamma': 0.9505411778437556}. Best is trial 27 with value: 0.000791635269323658.[0m
[32m[I 2025-01-14 16:44:14,843][0m Trial 38 finished with value: 0.015013765854140123 and parameters: {'observation_period_num': 250, 'train_rates': 0.8403098198434951, 'learning_rate': 8.362846052191896e-05, 'batch_size': 64, 'step_size': 13, 'gamma': 0.9703279266043858}. Best is trial 27 with value: 0.000791635269323658.[0m
[32m[I 2025-01-14 16:47:30,199][0m Trial 39 finished with value: 0.023165028127112304 and parameters: {'observation_period_num': 54, 'train_rates': 0.9428612864861773, 'learning_rate': 2.512610833114623e-05, 'batch_size': 28, 'step_size': 6, 'gamma': 0.9352955097207764}. Best is trial 27 with value: 0.000791635269323658.[0m
[32m[I 2025-01-14 16:49:20,313][0m Trial 40 finished with value: 0.0022928025423967786 and parameters: {'observation_period_num': 128, 'train_rates': 0.9229822482949149, 'learning_rate': 0.00041317699997566295, 'batch_size': 48, 'step_size': 8, 'gamma': 0.9552232199054024}. Best is trial 27 with value: 0.000791635269323658.[0m
[32m[I 2025-01-14 16:51:56,516][0m Trial 41 finished with value: 0.001352474258575862 and parameters: {'observation_period_num': 41, 'train_rates': 0.8927866515581125, 'learning_rate': 0.00026773535140526265, 'batch_size': 34, 'step_size': 2, 'gamma': 0.9891703471253563}. Best is trial 27 with value: 0.000791635269323658.[0m
[32m[I 2025-01-14 16:54:39,870][0m Trial 42 finished with value: 0.012841701947783675 and parameters: {'observation_period_num': 15, 'train_rates': 0.8131983965096223, 'learning_rate': 0.0006192851425737254, 'batch_size': 30, 'step_size': 3, 'gamma': 0.9777701156794439}. Best is trial 27 with value: 0.000791635269323658.[0m
[32m[I 2025-01-14 16:56:45,876][0m Trial 43 finished with value: 0.019264352042227983 and parameters: {'observation_period_num': 87, 'train_rates': 0.9749403706707651, 'learning_rate': 0.0001095512914515612, 'batch_size': 45, 'step_size': 1, 'gamma': 0.9624502872034489}. Best is trial 27 with value: 0.000791635269323658.[0m
[32m[I 2025-01-14 16:57:14,573][0m Trial 44 finished with value: 0.029190553352236748 and parameters: {'observation_period_num': 63, 'train_rates': 0.9533879770751261, 'learning_rate': 0.0001599892434224093, 'batch_size': 200, 'step_size': 2, 'gamma': 0.9402116427575284}. Best is trial 27 with value: 0.000791635269323658.[0m
[32m[I 2025-01-14 16:57:54,231][0m Trial 45 finished with value: 0.014785507476174986 and parameters: {'observation_period_num': 30, 'train_rates': 0.8948965085852654, 'learning_rate': 0.00028669468954045776, 'batch_size': 145, 'step_size': 4, 'gamma': 0.980967738488964}. Best is trial 27 with value: 0.000791635269323658.[0m
[32m[I 2025-01-14 16:59:16,894][0m Trial 46 finished with value: 0.031995766524350246 and parameters: {'observation_period_num': 44, 'train_rates': 0.9283205902228885, 'learning_rate': 7.098630187852096e-05, 'batch_size': 67, 'step_size': 3, 'gamma': 0.9202162868102726}. Best is trial 27 with value: 0.000791635269323658.[0m
[32m[I 2025-01-14 17:02:48,539][0m Trial 47 finished with value: 0.030301270795333898 and parameters: {'observation_period_num': 73, 'train_rates': 0.8623455377063078, 'learning_rate': 0.0006695130218476495, 'batch_size': 24, 'step_size': 4, 'gamma': 0.9885998088949983}. Best is trial 27 with value: 0.000791635269323658.[0m
[32m[I 2025-01-14 17:05:07,627][0m Trial 48 finished with value: 0.002571716671809554 and parameters: {'observation_period_num': 104, 'train_rates': 0.9747832299928478, 'learning_rate': 0.0003393019053215569, 'batch_size': 40, 'step_size': 12, 'gamma': 0.8158305421350242}. Best is trial 27 with value: 0.000791635269323658.[0m
[32m[I 2025-01-14 17:05:32,340][0m Trial 49 finished with value: 0.018978966400027275 and parameters: {'observation_period_num': 83, 'train_rates': 0.9894830334112291, 'learning_rate': 0.0002256133253566112, 'batch_size': 255, 'step_size': 1, 'gamma': 0.9702026259778517}. Best is trial 27 with value: 0.000791635269323658.[0m
[32m[I 2025-01-14 17:05:32,346][0m A new study created in memory with name: no-name-d90008aa-d24d-44a0-adec-cb180902fbf9[0m
[32m[I 2025-01-14 17:10:08,238][0m Trial 0 finished with value: 0.04152850602837373 and parameters: {'observation_period_num': 10, 'train_rates': 0.6948150733796583, 'learning_rate': 1.2018213079576043e-05, 'batch_size': 16, 'step_size': 6, 'gamma': 0.9844321685493183}. Best is trial 0 with value: 0.04152850602837373.[0m
[32m[I 2025-01-14 17:10:28,747][0m Trial 1 finished with value: 0.0458625373626666 and parameters: {'observation_period_num': 113, 'train_rates': 0.6405128570409928, 'learning_rate': 0.0005648453398619488, 'batch_size': 212, 'step_size': 2, 'gamma': 0.7739402724467673}. Best is trial 0 with value: 0.04152850602837373.[0m
[32m[I 2025-01-14 17:11:33,043][0m Trial 2 finished with value: 1.134084931828759 and parameters: {'observation_period_num': 18, 'train_rates': 0.8203444640789916, 'learning_rate': 4.40146797673091e-06, 'batch_size': 60, 'step_size': 1, 'gamma': 0.8092986077938039}. Best is trial 0 with value: 0.04152850602837373.[0m
[32m[I 2025-01-14 17:12:02,487][0m Trial 3 finished with value: 0.16757077689087668 and parameters: {'observation_period_num': 229, 'train_rates': 0.8423769454966232, 'learning_rate': 3.0224530542098435e-06, 'batch_size': 173, 'step_size': 7, 'gamma': 0.9458523882102094}. Best is trial 0 with value: 0.04152850602837373.[0m
[32m[I 2025-01-14 17:13:45,143][0m Trial 4 finished with value: 0.06218491508915094 and parameters: {'observation_period_num': 8, 'train_rates': 0.8581100332068602, 'learning_rate': 9.078264352951432e-06, 'batch_size': 51, 'step_size': 7, 'gamma': 0.8040206102887305}. Best is trial 0 with value: 0.04152850602837373.[0m
[32m[I 2025-01-14 17:14:54,216][0m Trial 5 finished with value: 0.010077838768404334 and parameters: {'observation_period_num': 247, 'train_rates': 0.7304490174854298, 'learning_rate': 0.0001133694808955816, 'batch_size': 61, 'step_size': 8, 'gamma': 0.9485188155806958}. Best is trial 5 with value: 0.010077838768404334.[0m
[32m[I 2025-01-14 17:15:17,353][0m Trial 6 finished with value: 0.09584104269742966 and parameters: {'observation_period_num': 99, 'train_rates': 0.9692918452809322, 'learning_rate': 0.0002378501830580197, 'batch_size': 153, 'step_size': 1, 'gamma': 0.8095109838228381}. Best is trial 5 with value: 0.010077838768404334.[0m
[32m[I 2025-01-14 17:15:29,189][0m Trial 7 finished with value: 0.1223385077329473 and parameters: {'observation_period_num': 74, 'train_rates': 0.6295302435655356, 'learning_rate': 0.000151601736957586, 'batch_size': 215, 'step_size': 1, 'gamma': 0.7612401728333799}. Best is trial 5 with value: 0.010077838768404334.[0m
[32m[I 2025-01-14 17:15:52,477][0m Trial 8 finished with value: 0.0268959096511421 and parameters: {'observation_period_num': 221, 'train_rates': 0.7979808196885976, 'learning_rate': 3.167685058442092e-05, 'batch_size': 202, 'step_size': 11, 'gamma': 0.840679885614528}. Best is trial 5 with value: 0.010077838768404334.[0m
[32m[I 2025-01-14 17:16:59,658][0m Trial 9 finished with value: 0.04055028658369626 and parameters: {'observation_period_num': 182, 'train_rates': 0.8569166521108653, 'learning_rate': 0.00040253816658620563, 'batch_size': 53, 'step_size': 1, 'gamma': 0.7659378738531504}. Best is trial 5 with value: 0.010077838768404334.[0m
[32m[I 2025-01-14 17:17:39,848][0m Trial 10 finished with value: 0.009952198889119645 and parameters: {'observation_period_num': 158, 'train_rates': 0.6956061573189642, 'learning_rate': 5.660244577557187e-05, 'batch_size': 110, 'step_size': 15, 'gamma': 0.907742676238633}. Best is trial 10 with value: 0.009952198889119645.[0m
[32m[I 2025-01-14 17:18:20,847][0m Trial 11 finished with value: 0.01047217341389243 and parameters: {'observation_period_num': 167, 'train_rates': 0.7266666311993916, 'learning_rate': 6.433393899181934e-05, 'batch_size': 108, 'step_size': 14, 'gamma': 0.9125387999822993}. Best is trial 10 with value: 0.009952198889119645.[0m
[32m[I 2025-01-14 17:19:00,353][0m Trial 12 finished with value: 0.004537589661397405 and parameters: {'observation_period_num': 252, 'train_rates': 0.7278274557086907, 'learning_rate': 9.0267585010061e-05, 'batch_size': 111, 'step_size': 15, 'gamma': 0.8984060360991193}. Best is trial 12 with value: 0.004537589661397405.[0m
[32m[I 2025-01-14 17:19:40,582][0m Trial 13 finished with value: 0.024211618584700553 and parameters: {'observation_period_num': 171, 'train_rates': 0.6818557815712023, 'learning_rate': 3.805469280961413e-05, 'batch_size': 109, 'step_size': 15, 'gamma': 0.8833824469695084}. Best is trial 12 with value: 0.004537589661397405.[0m
[32m[I 2025-01-14 17:20:20,188][0m Trial 14 finished with value: 0.047999102690416136 and parameters: {'observation_period_num': 199, 'train_rates': 0.7619399829825744, 'learning_rate': 1.5177948965135761e-05, 'batch_size': 114, 'step_size': 12, 'gamma': 0.884484157966815}. Best is trial 12 with value: 0.004537589661397405.[0m
[32m[I 2025-01-14 17:20:50,472][0m Trial 15 finished with value: 0.006278638171618091 and parameters: {'observation_period_num': 144, 'train_rates': 0.6007343800241148, 'learning_rate': 0.0009934090454815252, 'batch_size': 130, 'step_size': 12, 'gamma': 0.9192887766907968}. Best is trial 12 with value: 0.004537589661397405.[0m
[32m[I 2025-01-14 17:21:08,902][0m Trial 16 finished with value: 0.008415684871429066 and parameters: {'observation_period_num': 73, 'train_rates': 0.6135131894320447, 'learning_rate': 0.0009982493091963904, 'batch_size': 252, 'step_size': 11, 'gamma': 0.8464674883709079}. Best is trial 12 with value: 0.004537589661397405.[0m
[32m[I 2025-01-14 17:21:46,310][0m Trial 17 finished with value: 0.0018993201392427004 and parameters: {'observation_period_num': 136, 'train_rates': 0.9365995611740503, 'learning_rate': 0.0009879815844832, 'batch_size': 150, 'step_size': 13, 'gamma': 0.9337864499100308}. Best is trial 17 with value: 0.0018993201392427004.[0m
[32m[I 2025-01-14 17:22:21,500][0m Trial 18 finished with value: 0.1653514454117069 and parameters: {'observation_period_num': 42, 'train_rates': 0.9207396467036629, 'learning_rate': 1.0407215655743854e-06, 'batch_size': 159, 'step_size': 13, 'gamma': 0.9847572127881831}. Best is trial 17 with value: 0.0018993201392427004.[0m
[32m[I 2025-01-14 17:23:21,067][0m Trial 19 finished with value: 0.002141432368513593 and parameters: {'observation_period_num': 126, 'train_rates': 0.9004893875278727, 'learning_rate': 0.00028874879335627967, 'batch_size': 90, 'step_size': 9, 'gamma': 0.9513754936804965}. Best is trial 17 with value: 0.0018993201392427004.[0m
[32m[I 2025-01-14 17:24:23,186][0m Trial 20 finished with value: 0.0014646386243477166 and parameters: {'observation_period_num': 130, 'train_rates': 0.9114031187687262, 'learning_rate': 0.0002712782432885801, 'batch_size': 83, 'step_size': 10, 'gamma': 0.9467671140508416}. Best is trial 20 with value: 0.0014646386243477166.[0m
[32m[I 2025-01-14 17:25:33,067][0m Trial 21 finished with value: 0.001802554879047175 and parameters: {'observation_period_num': 129, 'train_rates': 0.9071315912369189, 'learning_rate': 0.0002857874646157011, 'batch_size': 74, 'step_size': 10, 'gamma': 0.9433507706013502}. Best is trial 20 with value: 0.0014646386243477166.[0m
[32m[I 2025-01-14 17:26:43,013][0m Trial 22 finished with value: 0.0006241227383725345 and parameters: {'observation_period_num': 93, 'train_rates': 0.9827644229774551, 'learning_rate': 0.0005443490609780726, 'batch_size': 80, 'step_size': 10, 'gamma': 0.966208786067123}. Best is trial 22 with value: 0.0006241227383725345.[0m
[32m[I 2025-01-14 17:27:52,603][0m Trial 23 finished with value: 0.0019843049813061953 and parameters: {'observation_period_num': 83, 'train_rates': 0.9759320106338188, 'learning_rate': 0.0001681693574987324, 'batch_size': 82, 'step_size': 10, 'gamma': 0.9682515529945526}. Best is trial 22 with value: 0.0006241227383725345.[0m
[32m[I 2025-01-14 17:31:28,025][0m Trial 24 finished with value: 0.0022817010113682884 and parameters: {'observation_period_num': 103, 'train_rates': 0.9090839684997025, 'learning_rate': 0.00048536048917111816, 'batch_size': 24, 'step_size': 5, 'gamma': 0.9663826198033889}. Best is trial 22 with value: 0.0006241227383725345.[0m
[32m[I 2025-01-14 17:32:34,685][0m Trial 25 finished with value: 0.0023670925774588536 and parameters: {'observation_period_num': 47, 'train_rates': 0.9444953970209863, 'learning_rate': 0.0002553333149381902, 'batch_size': 85, 'step_size': 10, 'gamma': 0.9659038428466307}. Best is trial 22 with value: 0.0006241227383725345.[0m
[32m[I 2025-01-14 17:34:36,462][0m Trial 26 finished with value: 0.0008477352407752159 and parameters: {'observation_period_num': 119, 'train_rates': 0.8875740159541876, 'learning_rate': 0.0005831803019515715, 'batch_size': 42, 'step_size': 9, 'gamma': 0.925806272636706}. Best is trial 22 with value: 0.0006241227383725345.[0m
[32m[I 2025-01-14 17:37:29,174][0m Trial 27 finished with value: 0.00030897902470314873 and parameters: {'observation_period_num': 53, 'train_rates': 0.982830346388377, 'learning_rate': 0.0005752078933906242, 'batch_size': 33, 'step_size': 4, 'gamma': 0.9201817577290377}. Best is trial 27 with value: 0.00030897902470314873.[0m
[32m[I 2025-01-14 17:40:03,919][0m Trial 28 finished with value: 0.002808358520269394 and parameters: {'observation_period_num': 53, 'train_rates': 0.989397165517474, 'learning_rate': 0.0005810496270853503, 'batch_size': 36, 'step_size': 6, 'gamma': 0.9270741790846769}. Best is trial 27 with value: 0.00030897902470314873.[0m
[32m[I 2025-01-14 17:45:20,180][0m Trial 29 finished with value: 0.0012785490225935572 and parameters: {'observation_period_num': 88, 'train_rates': 0.8802217945315681, 'learning_rate': 0.0006267783850369426, 'batch_size': 16, 'step_size': 3, 'gamma': 0.8669450292649232}. Best is trial 27 with value: 0.00030897902470314873.[0m
[32m[I 2025-01-14 17:47:44,350][0m Trial 30 finished with value: 0.001887201036495058 and parameters: {'observation_period_num': 61, 'train_rates': 0.9578067474903443, 'learning_rate': 0.00015254080738247934, 'batch_size': 38, 'step_size': 4, 'gamma': 0.9876754131594161}. Best is trial 27 with value: 0.00030897902470314873.[0m
