[32m[I 2025-01-14 17:53:01,215][0m Trial 31 finished with value: 0.0021972680658412474 and parameters: {'observation_period_num': 87, 'train_rates': 0.87982999981447, 'learning_rate': 0.000555290578929407, 'batch_size': 16, 'step_size': 3, 'gamma': 0.8516006542218}. Best is trial 27 with value: 0.00030897902470314873.[0m
[32m[I 2025-01-14 17:55:25,594][0m Trial 32 finished with value: 0.0013287127807488396 and parameters: {'observation_period_num': 37, 'train_rates': 0.8789721751236339, 'learning_rate': 0.0006510488432197196, 'batch_size': 36, 'step_size': 3, 'gamma': 0.8626421842781372}. Best is trial 27 with value: 0.00030897902470314873.[0m
[32m[I 2025-01-14 17:58:42,878][0m Trial 33 finished with value: 0.0004961685097607022 and parameters: {'observation_period_num': 111, 'train_rates': 0.9420042641829605, 'learning_rate': 0.0006265685597787107, 'batch_size': 27, 'step_size': 5, 'gamma': 0.894530989089044}. Best is trial 27 with value: 0.00030897902470314873.[0m
[32m[I 2025-01-14 18:00:02,513][0m Trial 34 finished with value: 0.001274755125103349 and parameters: {'observation_period_num': 109, 'train_rates': 0.9419955166481159, 'learning_rate': 0.00037597481768168327, 'batch_size': 67, 'step_size': 5, 'gamma': 0.8992034767385156}. Best is trial 27 with value: 0.00030897902470314873.[0m
[32m[I 2025-01-14 18:02:08,203][0m Trial 35 finished with value: 0.0005778633058071136 and parameters: {'observation_period_num': 21, 'train_rates': 0.9879108910945125, 'learning_rate': 0.0007322373266492236, 'batch_size': 45, 'step_size': 8, 'gamma': 0.8830353093575721}. Best is trial 27 with value: 0.00030897902470314873.[0m
[32m[I 2025-01-14 18:04:01,564][0m Trial 36 finished with value: 0.041241295635700226 and parameters: {'observation_period_num': 26, 'train_rates': 0.9835162071305107, 'learning_rate': 1.7174379010654707e-05, 'batch_size': 50, 'step_size': 7, 'gamma': 0.8878183760017437}. Best is trial 27 with value: 0.00030897902470314873.[0m
[32m[I 2025-01-14 18:07:27,199][0m Trial 37 finished with value: 0.0006176821008275804 and parameters: {'observation_period_num': 24, 'train_rates': 0.9577159258002574, 'learning_rate': 0.00038904876028719395, 'batch_size': 27, 'step_size': 6, 'gamma': 0.8332590997358846}. Best is trial 27 with value: 0.00030897902470314873.[0m
[32m[I 2025-01-14 18:10:33,816][0m Trial 38 finished with value: 0.0394712395702056 and parameters: {'observation_period_num': 5, 'train_rates': 0.9571938983114985, 'learning_rate': 0.00019084816834977398, 'batch_size': 30, 'step_size': 6, 'gamma': 0.828335021236323}. Best is trial 27 with value: 0.00030897902470314873.[0m
[32m[I 2025-01-14 18:12:00,454][0m Trial 39 finished with value: 0.0249794519106188 and parameters: {'observation_period_num': 23, 'train_rates': 0.8302818020771077, 'learning_rate': 0.00010000765345963647, 'batch_size': 59, 'step_size': 5, 'gamma': 0.7962267153563496}. Best is trial 27 with value: 0.00030897902470314873.[0m
[32m[I 2025-01-14 18:15:35,164][0m Trial 40 finished with value: 0.0007130918220798598 and parameters: {'observation_period_num': 25, 'train_rates': 0.9302468748151198, 'learning_rate': 0.00036776819528799073, 'batch_size': 25, 'step_size': 8, 'gamma': 0.8319980317542696}. Best is trial 27 with value: 0.00030897902470314873.[0m
[32m[I 2025-01-14 18:17:36,346][0m Trial 41 finished with value: 0.0005837602483140479 and parameters: {'observation_period_num': 60, 'train_rates': 0.959718877099995, 'learning_rate': 0.0007466882845544582, 'batch_size': 46, 'step_size': 7, 'gamma': 0.8739239042518078}. Best is trial 27 with value: 0.00030897902470314873.[0m
[32m[I 2025-01-14 18:19:27,646][0m Trial 42 finished with value: 0.0005337203318569144 and parameters: {'observation_period_num': 61, 'train_rates': 0.9615327634370936, 'learning_rate': 0.0007262347622204878, 'batch_size': 50, 'step_size': 7, 'gamma': 0.8788718566506762}. Best is trial 27 with value: 0.00030897902470314873.[0m
[32m[I 2025-01-14 18:20:54,591][0m Trial 43 finished with value: 0.0010988611168304989 and parameters: {'observation_period_num': 64, 'train_rates': 0.9623362433523122, 'learning_rate': 0.0007194961242817714, 'batch_size': 65, 'step_size': 7, 'gamma': 0.877663307177818}. Best is trial 27 with value: 0.00030897902470314873.[0m
[32m[I 2025-01-14 18:22:56,439][0m Trial 44 finished with value: 0.0007345530568666101 and parameters: {'observation_period_num': 71, 'train_rates': 0.9487419800374701, 'learning_rate': 0.0008115339200227533, 'batch_size': 45, 'step_size': 8, 'gamma': 0.8964776218464438}. Best is trial 27 with value: 0.00030897902470314873.[0m
[32m[I 2025-01-14 18:24:44,201][0m Trial 45 finished with value: 0.14737732407082332 and parameters: {'observation_period_num': 36, 'train_rates': 0.9695485343383835, 'learning_rate': 3.696223054970689e-06, 'batch_size': 53, 'step_size': 4, 'gamma': 0.8566193545623739}. Best is trial 27 with value: 0.00030897902470314873.[0m
[32m[I 2025-01-14 18:25:38,764][0m Trial 46 finished with value: 0.09420293327329193 and parameters: {'observation_period_num': 56, 'train_rates': 0.9300266364923102, 'learning_rate': 6.46691793802556e-06, 'batch_size': 100, 'step_size': 7, 'gamma': 0.8746926756715127}. Best is trial 27 with value: 0.00030897902470314873.[0m
[32m[I 2025-01-14 18:26:49,783][0m Trial 47 finished with value: 0.0026281263215250134 and parameters: {'observation_period_num': 78, 'train_rates': 0.8032801463746817, 'learning_rate': 0.00038992269210111574, 'batch_size': 68, 'step_size': 4, 'gamma': 0.9087381078620882}. Best is trial 27 with value: 0.00030897902470314873.[0m
[32m[I 2025-01-14 18:27:17,083][0m Trial 48 finished with value: 0.025723932323903884 and parameters: {'observation_period_num': 13, 'train_rates': 0.8535361389218982, 'learning_rate': 0.0008087096651864485, 'batch_size': 193, 'step_size': 2, 'gamma': 0.8884224418681164}. Best is trial 27 with value: 0.00030897902470314873.[0m
[32m[I 2025-01-14 18:29:02,249][0m Trial 49 finished with value: 0.0013683519995538519 and parameters: {'observation_period_num': 34, 'train_rates': 0.9728556921425489, 'learning_rate': 0.00021263276906165692, 'batch_size': 54, 'step_size': 7, 'gamma': 0.901225255913955}. Best is trial 27 with value: 0.00030897902470314873.[0m
[32m[I 2025-01-14 18:29:02,255][0m A new study created in memory with name: no-name-5d214b32-f257-4a68-a16d-f87441864d3c[0m
[32m[I 2025-01-14 18:29:25,704][0m Trial 0 finished with value: 0.0407504140517083 and parameters: {'observation_period_num': 93, 'train_rates': 0.7761376770429833, 'learning_rate': 1.5751465881682972e-05, 'batch_size': 220, 'step_size': 11, 'gamma': 0.8460353456535142}. Best is trial 0 with value: 0.0407504140517083.[0m
[32m[I 2025-01-14 18:30:26,317][0m Trial 1 finished with value: 0.0024739737114212617 and parameters: {'observation_period_num': 45, 'train_rates': 0.8439892687580784, 'learning_rate': 0.0009903403136617562, 'batch_size': 85, 'step_size': 15, 'gamma': 0.8405287230745071}. Best is trial 1 with value: 0.0024739737114212617.[0m
[32m[I 2025-01-14 18:30:49,922][0m Trial 2 finished with value: 0.11028825341441238 and parameters: {'observation_period_num': 115, 'train_rates': 0.8271452486018659, 'learning_rate': 2.5559816619363323e-06, 'batch_size': 234, 'step_size': 12, 'gamma': 0.8428447640562978}. Best is trial 1 with value: 0.0024739737114212617.[0m
[32m[I 2025-01-14 18:31:11,689][0m Trial 3 finished with value: 0.006254921691047067 and parameters: {'observation_period_num': 168, 'train_rates': 0.8454454079138092, 'learning_rate': 0.00019399540291299014, 'batch_size': 253, 'step_size': 7, 'gamma': 0.8947052466983016}. Best is trial 1 with value: 0.0024739737114212617.[0m
[32m[I 2025-01-14 18:31:39,534][0m Trial 4 finished with value: 0.08308760076761246 and parameters: {'observation_period_num': 45, 'train_rates': 0.9573670637266265, 'learning_rate': 2.694517754247366e-06, 'batch_size': 213, 'step_size': 1, 'gamma': 0.9555812847562013}. Best is trial 1 with value: 0.0024739737114212617.[0m
[32m[I 2025-01-14 18:32:11,582][0m Trial 5 finished with value: 0.013105372215095895 and parameters: {'observation_period_num': 58, 'train_rates': 0.7006714959989285, 'learning_rate': 0.000122854629424603, 'batch_size': 138, 'step_size': 14, 'gamma': 0.9379082642710225}. Best is trial 1 with value: 0.0024739737114212617.[0m
[32m[I 2025-01-14 18:34:51,109][0m Trial 6 finished with value: 0.01869215802074912 and parameters: {'observation_period_num': 250, 'train_rates': 0.6311141805378379, 'learning_rate': 5.793303948827572e-06, 'batch_size': 24, 'step_size': 11, 'gamma': 0.9151924412951135}. Best is trial 1 with value: 0.0024739737114212617.[0m
[32m[I 2025-01-14 18:35:55,651][0m Trial 7 finished with value: 0.05107337808502572 and parameters: {'observation_period_num': 169, 'train_rates': 0.9398488945095949, 'learning_rate': 9.237722493717016e-06, 'batch_size': 82, 'step_size': 4, 'gamma': 0.8574606019839468}. Best is trial 1 with value: 0.0024739737114212617.[0m
[32m[I 2025-01-14 18:36:37,557][0m Trial 8 finished with value: 0.013631183403215251 and parameters: {'observation_period_num': 97, 'train_rates': 0.670152836822594, 'learning_rate': 9.266902171385668e-05, 'batch_size': 106, 'step_size': 9, 'gamma': 0.7547661001189618}. Best is trial 1 with value: 0.0024739737114212617.[0m
[32m[I 2025-01-14 18:37:13,285][0m Trial 9 finished with value: 0.0055480047749289505 and parameters: {'observation_period_num': 189, 'train_rates': 0.8368277662938494, 'learning_rate': 0.00014601633266219616, 'batch_size': 139, 'step_size': 13, 'gamma': 0.7982656849630618}. Best is trial 1 with value: 0.0024739737114212617.[0m
[32m[I 2025-01-14 18:40:44,265][0m Trial 10 finished with value: 0.9998555828019798 and parameters: {'observation_period_num': 6, 'train_rates': 0.7454155306657371, 'learning_rate': 0.0008590462895609784, 'batch_size': 22, 'step_size': 15, 'gamma': 0.7982700775471457}. Best is trial 1 with value: 0.0024739737114212617.[0m
[32m[I 2025-01-14 18:41:19,320][0m Trial 11 finished with value: 0.005980423181702238 and parameters: {'observation_period_num': 217, 'train_rates': 0.8808011580127405, 'learning_rate': 0.0009592701643246588, 'batch_size': 150, 'step_size': 15, 'gamma': 0.7984973900711265}. Best is trial 1 with value: 0.0024739737114212617.[0m
[32m[I 2025-01-14 18:41:48,475][0m Trial 12 finished with value: 0.004794569296756358 and parameters: {'observation_period_num': 182, 'train_rates': 0.8877987230659328, 'learning_rate': 0.0003238155565058662, 'batch_size': 177, 'step_size': 13, 'gamma': 0.8020910666737151}. Best is trial 1 with value: 0.0024739737114212617.[0m
[32m[I 2025-01-14 18:42:19,724][0m Trial 13 finished with value: 0.004090631546556566 and parameters: {'observation_period_num': 139, 'train_rates': 0.9173972373367756, 'learning_rate': 0.00035898118847384333, 'batch_size': 178, 'step_size': 8, 'gamma': 0.9863072505587669}. Best is trial 1 with value: 0.0024739737114212617.[0m
[32m[I 2025-01-14 18:43:35,390][0m Trial 14 finished with value: 0.012133711948990822 and parameters: {'observation_period_num': 145, 'train_rates': 0.978259178590106, 'learning_rate': 3.8160719553315905e-05, 'batch_size': 73, 'step_size': 7, 'gamma': 0.985291056099741}. Best is trial 1 with value: 0.0024739737114212617.[0m
[32m[I 2025-01-14 18:44:07,245][0m Trial 15 finished with value: 0.006812310311943293 and parameters: {'observation_period_num': 56, 'train_rates': 0.9159236434215835, 'learning_rate': 0.0004142211195193487, 'batch_size': 183, 'step_size': 9, 'gamma': 0.8866965545833014}. Best is trial 1 with value: 0.0024739737114212617.[0m
[32m[I 2025-01-14 18:45:02,756][0m Trial 16 finished with value: 0.013880220479882372 and parameters: {'observation_period_num': 12, 'train_rates': 0.7872673552632604, 'learning_rate': 3.8830875328778596e-05, 'batch_size': 92, 'step_size': 5, 'gamma': 0.9829064607534223}. Best is trial 1 with value: 0.0024739737114212617.[0m
[32m[I 2025-01-14 18:45:32,354][0m Trial 17 finished with value: 0.011464588414165294 and parameters: {'observation_period_num': 136, 'train_rates': 0.8869512984738798, 'learning_rate': 0.00047867996814997667, 'batch_size': 181, 'step_size': 4, 'gamma': 0.82734367277267}. Best is trial 1 with value: 0.0024739737114212617.[0m
[32m[I 2025-01-14 18:47:15,598][0m Trial 18 finished with value: 0.017854814336842988 and parameters: {'observation_period_num': 87, 'train_rates': 0.9157556378431373, 'learning_rate': 5.7375278706942e-05, 'batch_size': 51, 'step_size': 10, 'gamma': 0.882945788227002}. Best is trial 1 with value: 0.0024739737114212617.[0m
[32m[I 2025-01-14 18:47:56,393][0m Trial 19 finished with value: 0.011339417416289526 and parameters: {'observation_period_num': 34, 'train_rates': 0.7350262632287108, 'learning_rate': 0.000298797250648614, 'batch_size': 113, 'step_size': 6, 'gamma': 0.9140572298912673}. Best is trial 1 with value: 0.0024739737114212617.[0m
[32m[I 2025-01-14 18:49:24,170][0m Trial 20 finished with value: 0.01884975227755758 and parameters: {'observation_period_num': 73, 'train_rates': 0.8162073299005757, 'learning_rate': 0.000657336664011403, 'batch_size': 57, 'step_size': 2, 'gamma': 0.7548647387056819}. Best is trial 1 with value: 0.0024739737114212617.[0m
[32m[I 2025-01-14 18:49:53,703][0m Trial 21 finished with value: 0.004621487643624492 and parameters: {'observation_period_num': 202, 'train_rates': 0.8765024052104052, 'learning_rate': 0.00026496781044387923, 'batch_size': 173, 'step_size': 13, 'gamma': 0.8212809958446744}. Best is trial 1 with value: 0.0024739737114212617.[0m
[32m[I 2025-01-14 18:50:25,297][0m Trial 22 finished with value: 0.0047114491802252205 and parameters: {'observation_period_num': 214, 'train_rates': 0.8598661995843977, 'learning_rate': 0.00023109636084618821, 'batch_size': 164, 'step_size': 14, 'gamma': 0.8289174807360702}. Best is trial 1 with value: 0.0024739737114212617.[0m
[32m[I 2025-01-14 18:50:52,265][0m Trial 23 finished with value: 0.005283206148305908 and parameters: {'observation_period_num': 115, 'train_rates': 0.9212944698262309, 'learning_rate': 0.00050084753915893, 'batch_size': 203, 'step_size': 8, 'gamma': 0.8690797667614661}. Best is trial 1 with value: 0.0024739737114212617.[0m
[32m[I 2025-01-14 18:51:38,329][0m Trial 24 finished with value: 0.005559227429330349 and parameters: {'observation_period_num': 247, 'train_rates': 0.9849711321828696, 'learning_rate': 8.458828048453958e-05, 'batch_size': 117, 'step_size': 12, 'gamma': 0.8230687170401056}. Best is trial 1 with value: 0.0024739737114212617.[0m
[32m[I 2025-01-14 18:52:11,666][0m Trial 25 finished with value: 0.004592991410020771 and parameters: {'observation_period_num': 150, 'train_rates': 0.875696325629879, 'learning_rate': 0.0009836215576178213, 'batch_size': 154, 'step_size': 15, 'gamma': 0.7785716707768776}. Best is trial 1 with value: 0.0024739737114212617.[0m
[32m[I 2025-01-14 18:52:43,661][0m Trial 26 finished with value: 0.006346368728599891 and parameters: {'observation_period_num': 153, 'train_rates': 0.7925522806201315, 'learning_rate': 0.0009792030849689354, 'batch_size': 158, 'step_size': 15, 'gamma': 0.7745917531067319}. Best is trial 1 with value: 0.0024739737114212617.[0m
[32m[I 2025-01-14 18:53:28,182][0m Trial 27 finished with value: 0.004235417036780794 and parameters: {'observation_period_num': 126, 'train_rates': 0.9464492930606564, 'learning_rate': 0.0005282881818445125, 'batch_size': 122, 'step_size': 10, 'gamma': 0.7802319478509087}. Best is trial 1 with value: 0.0024739737114212617.[0m
[32m[I 2025-01-14 18:54:13,002][0m Trial 28 finished with value: 0.012811796974156287 and parameters: {'observation_period_num': 124, 'train_rates': 0.9496307762877694, 'learning_rate': 2.045194051515699e-05, 'batch_size': 124, 'step_size': 9, 'gamma': 0.9683252456559851}. Best is trial 1 with value: 0.0024739737114212617.[0m
[32m[I 2025-01-14 18:55:09,806][0m Trial 29 finished with value: 0.005145002961964221 and parameters: {'observation_period_num': 81, 'train_rates': 0.9228727370581594, 'learning_rate': 0.0005407652854942353, 'batch_size': 96, 'step_size': 11, 'gamma': 0.9315350671514188}. Best is trial 1 with value: 0.0024739737114212617.[0m
[32m[I 2025-01-14 18:56:30,895][0m Trial 30 finished with value: 0.006496201878940564 and parameters: {'observation_period_num': 101, 'train_rates': 0.7658394818429568, 'learning_rate': 0.00016091114163513002, 'batch_size': 57, 'step_size': 10, 'gamma': 0.8463746767550083}. Best is trial 1 with value: 0.0024739737114212617.[0m
[32m[I 2025-01-14 18:57:10,515][0m Trial 31 finished with value: 0.0043784144373846725 and parameters: {'observation_period_num': 158, 'train_rates': 0.8987389623583298, 'learning_rate': 0.00065642854613632, 'batch_size': 128, 'step_size': 14, 'gamma': 0.7760474571817588}. Best is trial 1 with value: 0.0024739737114212617.[0m
[32m[I 2025-01-14 18:57:51,484][0m Trial 32 finished with value: 0.0034148724225815386 and parameters: {'observation_period_num': 125, 'train_rates': 0.9067990077739099, 'learning_rate': 0.0006164960303705727, 'batch_size': 129, 'step_size': 12, 'gamma': 0.7734155575043737}. Best is trial 1 with value: 0.0024739737114212617.[0m
[32m[I 2025-01-14 18:58:42,539][0m Trial 33 finished with value: 0.005047591391954421 and parameters: {'observation_period_num': 128, 'train_rates': 0.8157012850166862, 'learning_rate': 0.0003643241135526923, 'batch_size': 99, 'step_size': 12, 'gamma': 0.7834826673267149}. Best is trial 1 with value: 0.0024739737114212617.[0m
[32m[I 2025-01-14 18:59:10,143][0m Trial 34 finished with value: 0.007231281358883323 and parameters: {'observation_period_num': 107, 'train_rates': 0.854243116031943, 'learning_rate': 0.00021064762618735393, 'batch_size': 199, 'step_size': 10, 'gamma': 0.761767595356652}. Best is trial 1 with value: 0.0024739737114212617.[0m
[32m[I 2025-01-14 18:59:36,736][0m Trial 35 finished with value: 0.09457740932703018 and parameters: {'observation_period_num': 69, 'train_rates': 0.9637547125237451, 'learning_rate': 1.847427091631173e-06, 'batch_size': 224, 'step_size': 8, 'gamma': 0.844563271493418}. Best is trial 1 with value: 0.0024739737114212617.[0m
[32m[I 2025-01-14 19:00:16,030][0m Trial 36 finished with value: 0.0037472365140936085 and parameters: {'observation_period_num': 135, 'train_rates': 0.9377895370769633, 'learning_rate': 0.0005783399782503906, 'batch_size': 141, 'step_size': 7, 'gamma': 0.9111540562109142}. Best is trial 1 with value: 0.0024739737114212617.[0m
[32m[I 2025-01-14 19:00:39,700][0m Trial 37 finished with value: 0.007829049987525776 and parameters: {'observation_period_num': 37, 'train_rates': 0.9007238564422272, 'learning_rate': 0.0006831849204430626, 'batch_size': 245, 'step_size': 7, 'gamma': 0.9078132237969679}. Best is trial 1 with value: 0.0024739737114212617.[0m
[32m[I 2025-01-14 19:01:17,110][0m Trial 38 finished with value: 0.007058627272056321 and parameters: {'observation_period_num': 166, 'train_rates': 0.9368083477572713, 'learning_rate': 9.278899518057421e-05, 'batch_size': 145, 'step_size': 6, 'gamma': 0.9465591444681953}. Best is trial 1 with value: 0.0024739737114212617.[0m
[32m[I 2025-01-14 19:01:38,569][0m Trial 39 finished with value: 0.0636337571802305 and parameters: {'observation_period_num': 111, 'train_rates': 0.605522278127727, 'learning_rate': 5.602889120577165e-06, 'batch_size': 195, 'step_size': 7, 'gamma': 0.9636819730529915}. Best is trial 1 with value: 0.0024739737114212617.[0m
[32m[I 2025-01-14 19:02:16,939][0m Trial 40 finished with value: 0.004414932543177531 and parameters: {'observation_period_num': 137, 'train_rates': 0.8337393328594563, 'learning_rate': 0.0003822688405272019, 'batch_size': 135, 'step_size': 6, 'gamma': 0.9278365757137602}. Best is trial 1 with value: 0.0024739737114212617.[0m
[32m[I 2025-01-14 19:03:27,679][0m Trial 41 finished with value: 0.0031333606550469992 and parameters: {'observation_period_num': 123, 'train_rates': 0.9647321928159223, 'learning_rate': 0.000643309430851888, 'batch_size': 78, 'step_size': 9, 'gamma': 0.8677816900170348}. Best is trial 1 with value: 0.0024739737114212617.[0m
[32m[I 2025-01-14 19:04:42,159][0m Trial 42 finished with value: 0.005497767416002986 and parameters: {'observation_period_num': 180, 'train_rates': 0.9672363546718112, 'learning_rate': 0.0006346505508356296, 'batch_size': 74, 'step_size': 9, 'gamma': 0.8613561501544048}. Best is trial 1 with value: 0.0024739737114212617.[0m
[32m[I 2025-01-14 19:06:45,425][0m Trial 43 finished with value: 0.00327112615157507 and parameters: {'observation_period_num': 94, 'train_rates': 0.940223099420585, 'learning_rate': 0.0001990834986911315, 'batch_size': 44, 'step_size': 11, 'gamma': 0.8555212183106091}. Best is trial 1 with value: 0.0024739737114212617.[0m
[32m[I 2025-01-14 19:08:55,810][0m Trial 44 finished with value: 0.008031284928648281 and parameters: {'observation_period_num': 97, 'train_rates': 0.9323285819821169, 'learning_rate': 0.000188663984816224, 'batch_size': 41, 'step_size': 11, 'gamma': 0.9003038059522479}. Best is trial 1 with value: 0.0024739737114212617.[0m
[32m[I 2025-01-14 19:11:45,182][0m Trial 45 finished with value: 0.0014120980631560087 and parameters: {'observation_period_num': 26, 'train_rates': 0.9893892638963244, 'learning_rate': 0.0007598856360365727, 'batch_size': 34, 'step_size': 13, 'gamma': 0.878364342095561}. Best is trial 45 with value: 0.0014120980631560087.[0m
[32m[I 2025-01-14 19:14:35,414][0m Trial 46 finished with value: 0.08625346720218659 and parameters: {'observation_period_num': 21, 'train_rates': 0.988256700609455, 'learning_rate': 0.0007932794561854835, 'batch_size': 34, 'step_size': 13, 'gamma': 0.8796557675521945}. Best is trial 45 with value: 0.0014120980631560087.[0m
