[32m[I 2025-01-07 11:26:28,166][0m Trial 49 finished with value: 0.21590348543264928 and parameters: {'observation_period_num': 90, 'train_rates': 0.972880699473057, 'learning_rate': 0.0003364436570102183, 'batch_size': 44, 'step_size': 9, 'gamma': 0.8350837903686961}. Best is trial 32 with value: 0.08666467222205379.[0m
最適ハイパーパラメータが見つかりました
最適ハイパーパラメータが best_hyperparameters_AMZN_Transformer(nomstl).json に保存されました
Epoch 1/300, Loss: 0.4707 | 0.6100
Epoch 2/300, Loss: 0.4569 | 0.5898
Epoch 3/300, Loss: 0.4506 | 0.4838
Epoch 4/300, Loss: 0.3622 | 0.4824
Epoch 5/300, Loss: 0.3308 | 0.5461
Epoch 6/300, Loss: 0.3011 | 0.3835
Epoch 7/300, Loss: 0.2664 | 0.3472
Epoch 8/300, Loss: 0.2673 | 0.3113
Epoch 9/300, Loss: 0.2515 | 0.3099
Epoch 10/300, Loss: 0.2373 | 0.3309
Epoch 11/300, Loss: 0.2241 | 0.2709
Epoch 12/300, Loss: 0.2414 | 0.2574
Epoch 13/300, Loss: 0.2516 | 0.3059
Epoch 14/300, Loss: 0.2095 | 0.2874
Epoch 15/300, Loss: 0.2286 | 0.2962
Epoch 16/300, Loss: 0.1894 | 0.2354
Epoch 17/300, Loss: 0.1777 | 0.2483
Epoch 18/300, Loss: 0.1714 | 0.2040
Epoch 19/300, Loss: 0.1584 | 0.1973
Epoch 20/300, Loss: 0.1508 | 0.2284
Epoch 21/300, Loss: 0.1426 | 0.1824
Epoch 22/300, Loss: 0.1391 | 0.1706
Epoch 23/300, Loss: 0.1348 | 0.1915
Epoch 24/300, Loss: 0.1318 | 0.1642
Epoch 25/300, Loss: 0.1323 | 0.1765
Epoch 26/300, Loss: 0.1332 | 0.1721
Epoch 27/300, Loss: 0.1291 | 0.1477
Epoch 28/300, Loss: 0.1307 | 0.1748
Epoch 29/300, Loss: 0.1240 | 0.1532
Epoch 30/300, Loss: 0.1194 | 0.1387
Epoch 31/300, Loss: 0.1183 | 0.1511
Epoch 32/300, Loss: 0.1125 | 0.1472
Epoch 33/300, Loss: 0.1106 | 0.1305
Epoch 34/300, Loss: 0.1089 | 0.1317
Epoch 35/300, Loss: 0.1065 | 0.1343
Epoch 36/300, Loss: 0.1055 | 0.1238
Epoch 37/300, Loss: 0.1037 | 0.1210
Epoch 38/300, Loss: 0.1025 | 0.1227
Epoch 39/300, Loss: 0.1016 | 0.1177
Epoch 40/300, Loss: 0.1013 | 0.1140
Epoch 41/300, Loss: 0.0995 | 0.1143
Epoch 42/300, Loss: 0.0996 | 0.1108
Epoch 43/300, Loss: 0.0980 | 0.1118
Epoch 44/300, Loss: 0.0972 | 0.1075
Epoch 45/300, Loss: 0.0959 | 0.1045
Epoch 46/300, Loss: 0.0954 | 0.1083
Epoch 47/300, Loss: 0.0951 | 0.1049
Epoch 48/300, Loss: 0.0939 | 0.1012
Epoch 49/300, Loss: 0.0942 | 0.1030
Epoch 50/300, Loss: 0.0928 | 0.1016
Epoch 51/300, Loss: 0.0929 | 0.0985
Epoch 52/300, Loss: 0.0918 | 0.0994
Epoch 53/300, Loss: 0.0914 | 0.0989
Epoch 54/300, Loss: 0.0911 | 0.0961
Epoch 55/300, Loss: 0.0909 | 0.0961
Epoch 56/300, Loss: 0.0901 | 0.0975
Epoch 57/300, Loss: 0.0890 | 0.0951
Epoch 58/300, Loss: 0.0888 | 0.0937
Epoch 59/300, Loss: 0.0886 | 0.0945
Epoch 60/300, Loss: 0.0889 | 0.0937
Epoch 61/300, Loss: 0.0878 | 0.0932
Epoch 62/300, Loss: 0.0879 | 0.0930
Epoch 63/300, Loss: 0.0873 | 0.0914
Epoch 64/300, Loss: 0.0871 | 0.0909
Epoch 65/300, Loss: 0.0875 | 0.0909
Epoch 66/300, Loss: 0.0867 | 0.0901
Epoch 67/300, Loss: 0.0867 | 0.0897
Epoch 68/300, Loss: 0.0856 | 0.0890
Epoch 69/300, Loss: 0.0855 | 0.0891
Epoch 70/300, Loss: 0.0861 | 0.0896
Epoch 71/300, Loss: 0.0859 | 0.0884
Epoch 72/300, Loss: 0.0852 | 0.0881
Epoch 73/300, Loss: 0.0849 | 0.0882
Epoch 74/300, Loss: 0.0846 | 0.0883
Epoch 75/300, Loss: 0.0846 | 0.0879
Epoch 76/300, Loss: 0.0845 | 0.0875
Epoch 77/300, Loss: 0.0844 | 0.0872
Epoch 78/300, Loss: 0.0837 | 0.0870
Epoch 79/300, Loss: 0.0842 | 0.0865
Epoch 80/300, Loss: 0.0838 | 0.0865
Epoch 81/300, Loss: 0.0836 | 0.0864
Epoch 82/300, Loss: 0.0847 | 0.0861
Epoch 83/300, Loss: 0.0839 | 0.0863
Epoch 84/300, Loss: 0.0830 | 0.0858
Epoch 85/300, Loss: 0.0838 | 0.0857
Epoch 86/300, Loss: 0.0830 | 0.0854
Epoch 87/300, Loss: 0.0832 | 0.0853
Epoch 88/300, Loss: 0.0829 | 0.0853
Epoch 89/300, Loss: 0.0829 | 0.0852
Epoch 90/300, Loss: 0.0829 | 0.0851
Epoch 91/300, Loss: 0.0832 | 0.0849
Epoch 92/300, Loss: 0.0820 | 0.0848
Epoch 93/300, Loss: 0.0833 | 0.0848
Epoch 94/300, Loss: 0.0826 | 0.0846
Epoch 95/300, Loss: 0.0824 | 0.0842
Epoch 96/300, Loss: 0.0823 | 0.0840
Epoch 97/300, Loss: 0.0826 | 0.0841
Epoch 98/300, Loss: 0.0834 | 0.0842
Epoch 99/300, Loss: 0.0822 | 0.0842
Epoch 100/300, Loss: 0.0827 | 0.0840
Epoch 101/300, Loss: 0.0819 | 0.0841
Epoch 102/300, Loss: 0.0824 | 0.0840
Epoch 103/300, Loss: 0.0824 | 0.0840
Epoch 104/300, Loss: 0.0821 | 0.0838
Epoch 105/300, Loss: 0.0826 | 0.0839
Epoch 106/300, Loss: 0.0819 | 0.0839
Epoch 107/300, Loss: 0.0825 | 0.0838
Epoch 108/300, Loss: 0.0817 | 0.0838
Epoch 109/300, Loss: 0.0816 | 0.0838
Epoch 110/300, Loss: 0.0819 | 0.0837
Epoch 111/300, Loss: 0.0824 | 0.0838
Epoch 112/300, Loss: 0.0820 | 0.0838
Epoch 113/300, Loss: 0.0815 | 0.0838
Epoch 114/300, Loss: 0.0816 | 0.0836
Epoch 115/300, Loss: 0.0817 | 0.0836
Epoch 116/300, Loss: 0.0814 | 0.0836
Epoch 117/300, Loss: 0.0814 | 0.0836
Epoch 118/300, Loss: 0.0824 | 0.0836
Epoch 119/300, Loss: 0.0818 | 0.0835
Epoch 120/300, Loss: 0.0814 | 0.0833
Epoch 121/300, Loss: 0.0816 | 0.0832
Epoch 122/300, Loss: 0.0816 | 0.0832
Epoch 123/300, Loss: 0.0816 | 0.0832
Epoch 124/300, Loss: 0.0823 | 0.0833
Epoch 125/300, Loss: 0.0811 | 0.0833
Epoch 126/300, Loss: 0.0815 | 0.0833
Epoch 127/300, Loss: 0.0816 | 0.0832
Epoch 128/300, Loss: 0.0815 | 0.0832
Epoch 129/300, Loss: 0.0812 | 0.0832
Epoch 130/300, Loss: 0.0826 | 0.0832
Epoch 131/300, Loss: 0.0810 | 0.0832
Epoch 132/300, Loss: 0.0817 | 0.0832
Epoch 133/300, Loss: 0.0812 | 0.0832
Epoch 134/300, Loss: 0.0818 | 0.0831
Epoch 135/300, Loss: 0.0814 | 0.0831
Epoch 136/300, Loss: 0.0816 | 0.0832
Epoch 137/300, Loss: 0.0819 | 0.0832
Epoch 138/300, Loss: 0.0815 | 0.0832
Epoch 139/300, Loss: 0.0816 | 0.0831
Epoch 140/300, Loss: 0.0812 | 0.0831
Epoch 141/300, Loss: 0.0819 | 0.0831
Epoch 142/300, Loss: 0.0815 | 0.0831
Epoch 143/300, Loss: 0.0818 | 0.0831
Epoch 144/300, Loss: 0.0815 | 0.0830
Epoch 145/300, Loss: 0.0817 | 0.0830
Epoch 146/300, Loss: 0.0814 | 0.0830
Epoch 147/300, Loss: 0.0817 | 0.0830
Epoch 148/300, Loss: 0.0818 | 0.0830
Epoch 149/300, Loss: 0.0818 | 0.0831
Epoch 150/300, Loss: 0.0816 | 0.0831
Epoch 151/300, Loss: 0.0817 | 0.0830
Epoch 152/300, Loss: 0.0814 | 0.0830
Epoch 153/300, Loss: 0.0816 | 0.0830
Epoch 154/300, Loss: 0.0821 | 0.0830
Epoch 155/300, Loss: 0.0814 | 0.0830
Epoch 156/300, Loss: 0.0817 | 0.0830
Epoch 157/300, Loss: 0.0813 | 0.0830
Epoch 158/300, Loss: 0.0815 | 0.0830
Epoch 159/300, Loss: 0.0816 | 0.0830
Epoch 160/300, Loss: 0.0817 | 0.0830
Epoch 161/300, Loss: 0.0816 | 0.0830
Epoch 162/300, Loss: 0.0822 | 0.0830
Epoch 163/300, Loss: 0.0815 | 0.0830
Epoch 164/300, Loss: 0.0818 | 0.0830
Epoch 165/300, Loss: 0.0816 | 0.0830
Epoch 166/300, Loss: 0.0814 | 0.0830
Epoch 167/300, Loss: 0.0816 | 0.0830
Epoch 168/300, Loss: 0.0808 | 0.0830
Epoch 169/300, Loss: 0.0807 | 0.0830
Epoch 170/300, Loss: 0.0815 | 0.0830
Epoch 171/300, Loss: 0.0816 | 0.0830
Epoch 172/300, Loss: 0.0817 | 0.0830
Epoch 173/300, Loss: 0.0815 | 0.0830
Epoch 174/300, Loss: 0.0811 | 0.0830
Epoch 175/300, Loss: 0.0816 | 0.0830
Epoch 176/300, Loss: 0.0814 | 0.0830
Epoch 177/300, Loss: 0.0815 | 0.0830
Epoch 178/300, Loss: 0.0819 | 0.0830
Epoch 179/300, Loss: 0.0814 | 0.0830
Epoch 180/300, Loss: 0.0814 | 0.0830
Epoch 181/300, Loss: 0.0820 | 0.0830
Epoch 182/300, Loss: 0.0825 | 0.0830
Epoch 183/300, Loss: 0.0811 | 0.0830
Epoch 184/300, Loss: 0.0815 | 0.0830
Epoch 185/300, Loss: 0.0813 | 0.0830
Epoch 186/300, Loss: 0.0814 | 0.0830
Epoch 187/300, Loss: 0.0813 | 0.0830
Epoch 188/300, Loss: 0.0817 | 0.0830
Epoch 189/300, Loss: 0.0812 | 0.0830
Epoch 190/300, Loss: 0.0820 | 0.0830
Epoch 191/300, Loss: 0.0815 | 0.0830
Epoch 192/300, Loss: 0.0815 | 0.0830
Epoch 193/300, Loss: 0.0813 | 0.0830
Epoch 194/300, Loss: 0.0810 | 0.0830
Epoch 195/300, Loss: 0.0810 | 0.0830
Epoch 196/300, Loss: 0.0819 | 0.0830
Epoch 197/300, Loss: 0.0819 | 0.0830
Epoch 198/300, Loss: 0.0817 | 0.0830
Epoch 199/300, Loss: 0.0809 | 0.0830
Epoch 200/300, Loss: 0.0814 | 0.0830
Epoch 201/300, Loss: 0.0817 | 0.0830
Epoch 202/300, Loss: 0.0822 | 0.0830
Epoch 203/300, Loss: 0.0820 | 0.0830
Epoch 204/300, Loss: 0.0811 | 0.0830
Epoch 205/300, Loss: 0.0807 | 0.0829
Epoch 206/300, Loss: 0.0817 | 0.0829
Epoch 207/300, Loss: 0.0815 | 0.0829
Epoch 208/300, Loss: 0.0815 | 0.0829
Epoch 209/300, Loss: 0.0814 | 0.0829
Epoch 210/300, Loss: 0.0814 | 0.0829
Epoch 211/300, Loss: 0.0812 | 0.0829
Epoch 212/300, Loss: 0.0816 | 0.0829
Epoch 213/300, Loss: 0.0820 | 0.0829
Epoch 214/300, Loss: 0.0811 | 0.0829
Epoch 215/300, Loss: 0.0816 | 0.0829
Epoch 216/300, Loss: 0.0816 | 0.0829
Epoch 217/300, Loss: 0.0811 | 0.0829
Epoch 218/300, Loss: 0.0811 | 0.0829
Epoch 219/300, Loss: 0.0813 | 0.0829
Epoch 220/300, Loss: 0.0815 | 0.0829
Epoch 221/300, Loss: 0.0810 | 0.0829
Epoch 222/300, Loss: 0.0814 | 0.0829
Epoch 223/300, Loss: 0.0814 | 0.0829
Epoch 224/300, Loss: 0.0817 | 0.0829
Epoch 225/300, Loss: 0.0809 | 0.0829
Epoch 226/300, Loss: 0.0818 | 0.0829
Epoch 227/300, Loss: 0.0824 | 0.0829
Epoch 228/300, Loss: 0.0810 | 0.0829
Epoch 229/300, Loss: 0.0812 | 0.0829
Epoch 230/300, Loss: 0.0816 | 0.0829
Epoch 231/300, Loss: 0.0812 | 0.0829
Epoch 232/300, Loss: 0.0816 | 0.0829
Epoch 233/300, Loss: 0.0816 | 0.0829
Epoch 234/300, Loss: 0.0815 | 0.0829
Epoch 235/300, Loss: 0.0818 | 0.0829
Epoch 236/300, Loss: 0.0817 | 0.0829
Epoch 237/300, Loss: 0.0814 | 0.0829
Epoch 238/300, Loss: 0.0811 | 0.0829
Epoch 239/300, Loss: 0.0813 | 0.0829
Epoch 240/300, Loss: 0.0811 | 0.0829
Epoch 241/300, Loss: 0.0816 | 0.0829
Epoch 242/300, Loss: 0.0811 | 0.0829
Epoch 243/300, Loss: 0.0822 | 0.0829
Epoch 244/300, Loss: 0.0814 | 0.0829
Epoch 245/300, Loss: 0.0810 | 0.0829
Epoch 246/300, Loss: 0.0818 | 0.0829
Epoch 247/300, Loss: 0.0822 | 0.0829
Epoch 248/300, Loss: 0.0815 | 0.0829
Epoch 249/300, Loss: 0.0811 | 0.0829
Epoch 250/300, Loss: 0.0815 | 0.0829
Epoch 251/300, Loss: 0.0816 | 0.0829
Epoch 252/300, Loss: 0.0809 | 0.0829
Epoch 253/300, Loss: 0.0817 | 0.0829
Epoch 254/300, Loss: 0.0807 | 0.0829
Epoch 255/300, Loss: 0.0812 | 0.0829
Epoch 256/300, Loss: 0.0822 | 0.0829
Epoch 257/300, Loss: 0.0811 | 0.0829
Epoch 258/300, Loss: 0.0813 | 0.0829
Epoch 259/300, Loss: 0.0813 | 0.0829
Epoch 260/300, Loss: 0.0815 | 0.0829
Epoch 261/300, Loss: 0.0811 | 0.0829
Epoch 262/300, Loss: 0.0803 | 0.0829
Epoch 263/300, Loss: 0.0812 | 0.0829
Epoch 264/300, Loss: 0.0818 | 0.0829
Epoch 265/300, Loss: 0.0816 | 0.0829
Epoch 266/300, Loss: 0.0812 | 0.0829
Epoch 267/300, Loss: 0.0807 | 0.0829
Epoch 268/300, Loss: 0.0812 | 0.0829
Epoch 269/300, Loss: 0.0815 | 0.0829
Epoch 270/300, Loss: 0.0819 | 0.0829
Epoch 271/300, Loss: 0.0815 | 0.0829
Epoch 272/300, Loss: 0.0813 | 0.0829
Epoch 273/300, Loss: 0.0811 | 0.0829
Epoch 274/300, Loss: 0.0819 | 0.0829
Epoch 275/300, Loss: 0.0813 | 0.0829
Early stopping
Runtime (seconds): 347.3323905467987
/home2/y2021/k2110261/.conda/envs/tensorflow/lib/python3.11/site-packages/sklearn/metrics/_regression.py:1266: UndefinedMetricWarning: R^2 score is not well-defined with less than two samples.
  warnings.warn(msg, UndefinedMetricWarning)
MSE: 1573.4024796634912
RMSE: 39.6661376953125
MAE: 39.6661376953125
R-squared: nan
[189.30386]
