[32m[I 2025-01-07 09:23:45,585][0m A new study created in memory with name: no-name-e028fcb8-9214-405b-808a-178e2ba29f34[0m
[32m[I 2025-01-07 09:29:18,250][0m Trial 0 finished with value: 0.3686094126105309 and parameters: {'observation_period_num': 236, 'train_rates': 0.816727344477465, 'learning_rate': 0.00016353818182918253, 'batch_size': 219, 'step_size': 9, 'gamma': 0.9127047358173161}. Best is trial 0 with value: 0.3686094126105309.[0m
[32m[I 2025-01-07 09:30:33,811][0m Trial 1 finished with value: 0.16277890115723773 and parameters: {'observation_period_num': 58, 'train_rates': 0.919099018745825, 'learning_rate': 0.00035666213151399576, 'batch_size': 149, 'step_size': 2, 'gamma': 0.9377768544329684}. Best is trial 1 with value: 0.16277890115723773.[0m
[32m[I 2025-01-07 09:31:22,661][0m Trial 2 finished with value: 1.6820147081594887 and parameters: {'observation_period_num': 25, 'train_rates': 0.7609164449271009, 'learning_rate': 0.0008728890399384122, 'batch_size': 78, 'step_size': 4, 'gamma': 0.9573744104287556}. Best is trial 1 with value: 0.16277890115723773.[0m
[32m[I 2025-01-07 09:31:53,128][0m Trial 3 finished with value: 0.28216768924139396 and parameters: {'observation_period_num': 22, 'train_rates': 0.831226937343356, 'learning_rate': 0.000333186569124616, 'batch_size': 212, 'step_size': 5, 'gamma': 0.9073757055617531}. Best is trial 1 with value: 0.16277890115723773.[0m
[32m[I 2025-01-07 09:37:28,654][0m Trial 4 finished with value: 0.5642986771713107 and parameters: {'observation_period_num': 247, 'train_rates': 0.7750786862293457, 'learning_rate': 0.000126431536592848, 'batch_size': 134, 'step_size': 14, 'gamma': 0.836804022561477}. Best is trial 1 with value: 0.16277890115723773.[0m
[32m[I 2025-01-07 09:37:48,205][0m Trial 5 finished with value: 0.4407578578736997 and parameters: {'observation_period_num': 6, 'train_rates': 0.8202326967117027, 'learning_rate': 0.0007944966824316913, 'batch_size': 191, 'step_size': 3, 'gamma': 0.9475940399473554}. Best is trial 1 with value: 0.16277890115723773.[0m
[32m[I 2025-01-07 09:42:28,726][0m Trial 6 finished with value: 1.392261146656616 and parameters: {'observation_period_num': 207, 'train_rates': 0.7948213999518863, 'learning_rate': 1.2981937235763847e-06, 'batch_size': 210, 'step_size': 10, 'gamma': 0.860313591814531}. Best is trial 1 with value: 0.16277890115723773.[0m
[32m[I 2025-01-07 09:47:20,114][0m Trial 7 finished with value: 0.31839517575043896 and parameters: {'observation_period_num': 192, 'train_rates': 0.883045399979403, 'learning_rate': 4.530439400331321e-06, 'batch_size': 24, 'step_size': 9, 'gamma': 0.8859343250784903}. Best is trial 1 with value: 0.16277890115723773.[0m
[32m[I 2025-01-07 09:49:11,418][0m Trial 8 finished with value: 0.2237240895628929 and parameters: {'observation_period_num': 86, 'train_rates': 0.8917431441563569, 'learning_rate': 0.00044795755439872606, 'batch_size': 156, 'step_size': 14, 'gamma': 0.8849865595031946}. Best is trial 1 with value: 0.16277890115723773.[0m
[32m[I 2025-01-07 09:51:11,029][0m Trial 9 finished with value: 0.17024756968021393 and parameters: {'observation_period_num': 92, 'train_rates': 0.924431592085678, 'learning_rate': 7.910205491934171e-05, 'batch_size': 231, 'step_size': 8, 'gamma': 0.9170011317042691}. Best is trial 1 with value: 0.16277890115723773.[0m
Early stopping at epoch 59
[32m[I 2025-01-07 09:52:45,289][0m Trial 10 finished with value: 1.3390593218895726 and parameters: {'observation_period_num': 141, 'train_rates': 0.6341877291233631, 'learning_rate': 1.9684987385719898e-05, 'batch_size': 102, 'step_size': 1, 'gamma': 0.7981800418448486}. Best is trial 1 with value: 0.16277890115723773.[0m
[32m[I 2025-01-07 09:54:33,039][0m Trial 11 finished with value: 0.1609724760055542 and parameters: {'observation_period_num': 80, 'train_rates': 0.9839378692968672, 'learning_rate': 5.278742634983823e-05, 'batch_size': 251, 'step_size': 6, 'gamma': 0.9840302919117356}. Best is trial 11 with value: 0.1609724760055542.[0m
[32m[I 2025-01-07 09:56:19,392][0m Trial 12 finished with value: 0.2462134063243866 and parameters: {'observation_period_num': 78, 'train_rates': 0.9873625302033634, 'learning_rate': 1.9160718866583122e-05, 'batch_size': 253, 'step_size': 6, 'gamma': 0.9853806293932037}. Best is trial 11 with value: 0.1609724760055542.[0m
[32m[I 2025-01-07 09:59:27,959][0m Trial 13 finished with value: 0.2391531765460968 and parameters: {'observation_period_num': 130, 'train_rates': 0.9765631505447547, 'learning_rate': 4.7575588178192814e-05, 'batch_size': 160, 'step_size': 1, 'gamma': 0.9572871504207725}. Best is trial 11 with value: 0.1609724760055542.[0m
[32m[I 2025-01-07 10:01:04,140][0m Trial 14 finished with value: 0.16190950486522454 and parameters: {'observation_period_num': 57, 'train_rates': 0.9374957269432433, 'learning_rate': 9.426761699730654e-06, 'batch_size': 43, 'step_size': 7, 'gamma': 0.9828299961670369}. Best is trial 11 with value: 0.1609724760055542.[0m
[32m[I 2025-01-07 10:02:25,071][0m Trial 15 finished with value: 0.7939059142150274 and parameters: {'observation_period_num': 50, 'train_rates': 0.7081265367230376, 'learning_rate': 6.4044155984308874e-06, 'batch_size': 41, 'step_size': 7, 'gamma': 0.982610190912183}. Best is trial 11 with value: 0.1609724760055542.[0m
[32m[I 2025-01-07 10:06:25,260][0m Trial 16 finished with value: 0.27292193387235913 and parameters: {'observation_period_num': 161, 'train_rates': 0.9500501296345556, 'learning_rate': 7.609939850897783e-06, 'batch_size': 61, 'step_size': 12, 'gamma': 0.753397633306973}. Best is trial 11 with value: 0.1609724760055542.[0m
[32m[I 2025-01-07 10:08:44,803][0m Trial 17 finished with value: 0.6992473637735521 and parameters: {'observation_period_num': 107, 'train_rates': 0.8706866316637392, 'learning_rate': 1.9762136776517798e-06, 'batch_size': 98, 'step_size': 11, 'gamma': 0.9867184291192792}. Best is trial 11 with value: 0.1609724760055542.[0m
[32m[I 2025-01-07 10:09:49,637][0m Trial 18 finished with value: 0.23914024804109407 and parameters: {'observation_period_num': 47, 'train_rates': 0.9447207881513449, 'learning_rate': 2.7627404730625975e-05, 'batch_size': 118, 'step_size': 6, 'gamma': 0.8221125236428267}. Best is trial 11 with value: 0.1609724760055542.[0m
[32m[I 2025-01-07 10:11:47,780][0m Trial 19 finished with value: 1.0710194434591855 and parameters: {'observation_period_num': 105, 'train_rates': 0.7282395616354828, 'learning_rate': 1.156296120019936e-05, 'batch_size': 188, 'step_size': 4, 'gamma': 0.9324016741729604}. Best is trial 11 with value: 0.1609724760055542.[0m
[32m[I 2025-01-07 10:15:32,773][0m Trial 20 finished with value: 0.11486007049679756 and parameters: {'observation_period_num': 67, 'train_rates': 0.989757945994361, 'learning_rate': 5.1902436885015726e-05, 'batch_size': 19, 'step_size': 7, 'gamma': 0.9630102937331789}. Best is trial 20 with value: 0.11486007049679756.[0m
[32m[I 2025-01-07 10:19:08,636][0m Trial 21 finished with value: 0.11744539101015437 and parameters: {'observation_period_num': 69, 'train_rates': 0.9887842476172406, 'learning_rate': 5.421021058018093e-05, 'batch_size': 19, 'step_size': 7, 'gamma': 0.9667732632420302}. Best is trial 20 with value: 0.11486007049679756.[0m
[32m[I 2025-01-07 10:22:51,299][0m Trial 22 finished with value: 0.10271676369877748 and parameters: {'observation_period_num': 106, 'train_rates': 0.9851294575872503, 'learning_rate': 5.4284352538292996e-05, 'batch_size': 18, 'step_size': 7, 'gamma': 0.9646528346139415}. Best is trial 22 with value: 0.10271676369877748.[0m
[32m[I 2025-01-07 10:26:13,951][0m Trial 23 finished with value: 0.13040460192638895 and parameters: {'observation_period_num': 111, 'train_rates': 0.9599920169770656, 'learning_rate': 0.00010683612005818356, 'batch_size': 20, 'step_size': 8, 'gamma': 0.9595817783652382}. Best is trial 22 with value: 0.10271676369877748.[0m
[32m[I 2025-01-07 10:30:00,924][0m Trial 24 finished with value: 0.19699995929165504 and parameters: {'observation_period_num': 159, 'train_rates': 0.8958274590628977, 'learning_rate': 4.914181423553532e-05, 'batch_size': 55, 'step_size': 10, 'gamma': 0.9270258840128341}. Best is trial 22 with value: 0.10271676369877748.[0m
[32m[I 2025-01-07 10:31:34,368][0m Trial 25 finished with value: 0.37852592755328207 and parameters: {'observation_period_num': 68, 'train_rates': 0.8591088243244183, 'learning_rate': 0.00018019434894541258, 'batch_size': 75, 'step_size': 8, 'gamma': 0.8938154633232247}. Best is trial 22 with value: 0.10271676369877748.[0m
[32m[I 2025-01-07 10:34:44,055][0m Trial 26 finished with value: 0.14209158129607263 and parameters: {'observation_period_num': 40, 'train_rates': 0.9137326437316916, 'learning_rate': 3.0458926995367873e-05, 'batch_size': 20, 'step_size': 5, 'gamma': 0.9639661222559043}. Best is trial 22 with value: 0.10271676369877748.[0m
[32m[I 2025-01-07 10:37:03,022][0m Trial 27 finished with value: 0.9077604619201255 and parameters: {'observation_period_num': 124, 'train_rates': 0.6356903029863534, 'learning_rate': 8.407597462697041e-05, 'batch_size': 44, 'step_size': 12, 'gamma': 0.9434658366427167}. Best is trial 22 with value: 0.10271676369877748.[0m
[32m[I 2025-01-07 10:37:58,375][0m Trial 28 finished with value: 0.12060622870922089 and parameters: {'observation_period_num': 30, 'train_rates': 0.9897184309937254, 'learning_rate': 0.00022430858248481423, 'batch_size': 79, 'step_size': 7, 'gamma': 0.8590807147938138}. Best is trial 22 with value: 0.10271676369877748.[0m
[32m[I 2025-01-07 10:42:00,293][0m Trial 29 finished with value: 0.13119364037699655 and parameters: {'observation_period_num': 154, 'train_rates': 0.9615295816929699, 'learning_rate': 1.6021861711113595e-05, 'batch_size': 33, 'step_size': 9, 'gamma': 0.9102929383390986}. Best is trial 22 with value: 0.10271676369877748.[0m
[32m[I 2025-01-07 10:43:23,183][0m Trial 30 finished with value: 0.8372906500657316 and parameters: {'observation_period_num': 68, 'train_rates': 0.6743377313865713, 'learning_rate': 6.733544920937776e-05, 'batch_size': 62, 'step_size': 5, 'gamma': 0.9642745343248934}. Best is trial 22 with value: 0.10271676369877748.[0m
[32m[I 2025-01-07 10:47:35,079][0m Trial 31 finished with value: 0.08790283033560062 and parameters: {'observation_period_num': 32, 'train_rates': 0.9803216685694176, 'learning_rate': 0.00018540923031875578, 'batch_size': 16, 'step_size': 7, 'gamma': 0.8595535928004019}. Best is trial 31 with value: 0.08790283033560062.[0m
[32m[I 2025-01-07 10:49:41,050][0m Trial 32 finished with value: 0.08666467222205379 and parameters: {'observation_period_num': 7, 'train_rates': 0.9616263608729723, 'learning_rate': 0.00014056466497531708, 'batch_size': 32, 'step_size': 7, 'gamma': 0.8405021376166915}. Best is trial 32 with value: 0.08666467222205379.[0m
[32m[I 2025-01-07 10:51:40,231][0m Trial 33 finished with value: 0.10412563860979902 and parameters: {'observation_period_num': 5, 'train_rates': 0.9196799000136289, 'learning_rate': 0.00022384392560455493, 'batch_size': 33, 'step_size': 8, 'gamma': 0.8387578811709051}. Best is trial 32 with value: 0.08666467222205379.[0m
[32m[I 2025-01-07 10:53:25,486][0m Trial 34 finished with value: 0.3549598215613514 and parameters: {'observation_period_num': 10, 'train_rates': 0.8485633087730962, 'learning_rate': 0.0002884539157535763, 'batch_size': 35, 'step_size': 10, 'gamma': 0.8327686286012707}. Best is trial 32 with value: 0.08666467222205379.[0m
[32m[I 2025-01-07 10:54:40,073][0m Trial 35 finished with value: 0.39928765553567147 and parameters: {'observation_period_num': 22, 'train_rates': 0.9144391512050857, 'learning_rate': 0.00048572681537268454, 'batch_size': 53, 'step_size': 4, 'gamma': 0.8015823399239604}. Best is trial 32 with value: 0.08666467222205379.[0m
[32m[I 2025-01-07 10:55:38,081][0m Trial 36 finished with value: 0.12502557884815127 and parameters: {'observation_period_num': 34, 'train_rates': 0.926685546763104, 'learning_rate': 0.00013580368451993006, 'batch_size': 72, 'step_size': 9, 'gamma': 0.8543143613804588}. Best is trial 32 with value: 0.08666467222205379.[0m
[32m[I 2025-01-07 10:56:24,913][0m Trial 37 finished with value: 0.32407920022981357 and parameters: {'observation_period_num': 7, 'train_rates': 0.9618355969975627, 'learning_rate': 0.0006274513808112561, 'batch_size': 91, 'step_size': 3, 'gamma': 0.8087616750893536}. Best is trial 32 with value: 0.08666467222205379.[0m
[32m[I 2025-01-07 10:58:12,460][0m Trial 38 finished with value: 0.1182550264110092 and parameters: {'observation_period_num': 18, 'train_rates': 0.9112194325377458, 'learning_rate': 0.00017722394638520147, 'batch_size': 36, 'step_size': 8, 'gamma': 0.781651762308604}. Best is trial 32 with value: 0.08666467222205379.[0m
[32m[I 2025-01-07 11:02:33,149][0m Trial 39 finished with value: 0.3281922993452653 and parameters: {'observation_period_num': 192, 'train_rates': 0.8342751207395449, 'learning_rate': 0.0002678337729466337, 'batch_size': 48, 'step_size': 5, 'gamma': 0.8430069005502239}. Best is trial 32 with value: 0.08666467222205379.[0m
[32m[I 2025-01-07 11:03:05,236][0m Trial 40 finished with value: 0.35940721489134286 and parameters: {'observation_period_num': 18, 'train_rates': 0.8003890811836617, 'learning_rate': 0.00011091280009781784, 'batch_size': 119, 'step_size': 6, 'gamma': 0.8649937176023819}. Best is trial 32 with value: 0.08666467222205379.[0m
[32m[I 2025-01-07 11:07:13,399][0m Trial 41 finished with value: 0.625495120565942 and parameters: {'observation_period_num': 42, 'train_rates': 0.9679839593972887, 'learning_rate': 0.0003864510647955567, 'batch_size': 16, 'step_size': 7, 'gamma': 0.8758684548206245}. Best is trial 32 with value: 0.08666467222205379.[0m
[32m[I 2025-01-07 11:09:20,971][0m Trial 42 finished with value: 0.10452060742219063 and parameters: {'observation_period_num': 30, 'train_rates': 0.9400185221571189, 'learning_rate': 3.797882741376643e-05, 'batch_size': 31, 'step_size': 8, 'gamma': 0.8469547365157751}. Best is trial 32 with value: 0.08666467222205379.[0m
[32m[I 2025-01-07 11:11:28,752][0m Trial 43 finished with value: 0.10988487718118863 and parameters: {'observation_period_num': 29, 'train_rates': 0.9401016406510776, 'learning_rate': 0.00021415644828616618, 'batch_size': 31, 'step_size': 9, 'gamma': 0.8248430851636863}. Best is trial 32 with value: 0.08666467222205379.[0m
[32m[I 2025-01-07 11:13:40,540][0m Trial 44 finished with value: 0.11426635534561354 and parameters: {'observation_period_num': 7, 'train_rates': 0.8983563558542893, 'learning_rate': 0.00014796533581470914, 'batch_size': 29, 'step_size': 8, 'gamma': 0.8490955943165753}. Best is trial 32 with value: 0.08666467222205379.[0m
[32m[I 2025-01-07 11:19:32,905][0m Trial 45 finished with value: 0.14972562342882156 and parameters: {'observation_period_num': 231, 'train_rates': 0.9300348816451585, 'learning_rate': 9.002116579555629e-05, 'batch_size': 64, 'step_size': 10, 'gamma': 0.873834017586942}. Best is trial 32 with value: 0.08666467222205379.[0m
[32m[I 2025-01-07 11:21:00,448][0m Trial 46 finished with value: 0.11981320523080372 and parameters: {'observation_period_num': 57, 'train_rates': 0.956737991295, 'learning_rate': 3.659482849930596e-05, 'batch_size': 53, 'step_size': 15, 'gamma': 0.8911669208475037}. Best is trial 32 with value: 0.08666467222205379.[0m
[32m[I 2025-01-07 11:21:47,525][0m Trial 47 finished with value: 0.5062251483316476 and parameters: {'observation_period_num': 19, 'train_rates': 0.8798521577489454, 'learning_rate': 0.0005996161916425502, 'batch_size': 86, 'step_size': 6, 'gamma': 0.8169017262581549}. Best is trial 32 with value: 0.08666467222205379.[0m
[32m[I 2025-01-07 11:24:11,961][0m Trial 48 finished with value: 0.1025021265853535 and parameters: {'observation_period_num': 38, 'train_rates': 0.9476721605915873, 'learning_rate': 3.692691076670271e-05, 'batch_size': 28, 'step_size': 9, 'gamma': 0.8401553253259084}. Best is trial 32 with value: 0.08666467222205379.[0m
