[32m[I 2025-01-07 22:25:21,836][0m Trial 49 finished with value: 0.1713773357707101 and parameters: {'observation_period_num': 45, 'train_rates': 0.9370187167188027, 'learning_rate': 0.00028844871375715723, 'batch_size': 149, 'step_size': 10, 'gamma': 0.9640902208219099}. Best is trial 29 with value: 0.1126302033662796.[0m
最適ハイパーパラメータが見つかりました
最適ハイパーパラメータが best_hyperparameters_AMZN_Transformer(nomstl).json に保存されました
Epoch 1/300, Loss: 0.8849 | 0.8685
Epoch 2/300, Loss: 0.9391 | 0.8447
Epoch 3/300, Loss: 0.7062 | 0.7749
Epoch 4/300, Loss: 0.6454 | 0.7089
Epoch 5/300, Loss: 0.5239 | 0.7478
Epoch 6/300, Loss: 0.4955 | 0.6330
Epoch 7/300, Loss: 0.5985 | 0.6310
Epoch 8/300, Loss: 0.5532 | 0.5929
Epoch 9/300, Loss: 0.6183 | 0.6372
Epoch 10/300, Loss: 0.5667 | 0.7012
Epoch 11/300, Loss: 0.5234 | 0.5934
Epoch 12/300, Loss: 0.4220 | 0.5062
Epoch 13/300, Loss: 0.3604 | 0.4541
Epoch 14/300, Loss: 0.3347 | 0.4240
Epoch 15/300, Loss: 0.3969 | 0.5128
Epoch 16/300, Loss: 0.4181 | 0.5335
Epoch 17/300, Loss: 0.3978 | 0.4847
Epoch 18/300, Loss: 0.3779 | 0.4706
Epoch 19/300, Loss: 0.3514 | 0.4532
Epoch 20/300, Loss: 0.3219 | 0.3835
Epoch 21/300, Loss: 0.3279 | 0.3655
Epoch 22/300, Loss: 0.4833 | 0.3749
Epoch 23/300, Loss: 0.3231 | 0.3678
Epoch 24/300, Loss: 0.2995 | 0.3506
Epoch 25/300, Loss: 0.3137 | 0.3215
Epoch 26/300, Loss: 0.2676 | 0.3495
Epoch 27/300, Loss: 0.2419 | 0.3198
Epoch 28/300, Loss: 0.2304 | 0.3033
Epoch 29/300, Loss: 0.2112 | 0.2725
Epoch 30/300, Loss: 0.2113 | 0.2621
Epoch 31/300, Loss: 0.2248 | 0.2608
Epoch 32/300, Loss: 0.2238 | 0.2588
Epoch 33/300, Loss: 0.1955 | 0.2341
Epoch 34/300, Loss: 0.1909 | 0.2482
Epoch 35/300, Loss: 0.1968 | 0.2338
Epoch 36/300, Loss: 0.1859 | 0.2470
Epoch 37/300, Loss: 0.1818 | 0.2207
Epoch 38/300, Loss: 0.1682 | 0.2341
Epoch 39/300, Loss: 0.1712 | 0.2196
Epoch 40/300, Loss: 0.1687 | 0.2307
Epoch 41/300, Loss: 0.1741 | 0.2176
Epoch 42/300, Loss: 0.1656 | 0.2160
Epoch 43/300, Loss: 0.1591 | 0.2033
Epoch 44/300, Loss: 0.1518 | 0.2085
Epoch 45/300, Loss: 0.1509 | 0.1953
Epoch 46/300, Loss: 0.1531 | 0.2149
Epoch 47/300, Loss: 0.1599 | 0.1899
Epoch 48/300, Loss: 0.1630 | 0.2219
Epoch 49/300, Loss: 0.1548 | 0.1880
Epoch 50/300, Loss: 0.1480 | 0.2080
Epoch 51/300, Loss: 0.1422 | 0.1871
Epoch 52/300, Loss: 0.1385 | 0.1987
Epoch 53/300, Loss: 0.1348 | 0.1844
Epoch 54/300, Loss: 0.1297 | 0.1906
Epoch 55/300, Loss: 0.1277 | 0.1782
Epoch 56/300, Loss: 0.1254 | 0.1828
Epoch 57/300, Loss: 0.1261 | 0.1743
Epoch 58/300, Loss: 0.1251 | 0.1784
Epoch 59/300, Loss: 0.1256 | 0.1688
Epoch 60/300, Loss: 0.1254 | 0.1742
Epoch 61/300, Loss: 0.1214 | 0.1630
Epoch 62/300, Loss: 0.1195 | 0.1688
Epoch 63/300, Loss: 0.1174 | 0.1561
Epoch 64/300, Loss: 0.1164 | 0.1644
Epoch 65/300, Loss: 0.1161 | 0.1521
Epoch 66/300, Loss: 0.1158 | 0.1625
Epoch 67/300, Loss: 0.1154 | 0.1494
Epoch 68/300, Loss: 0.1139 | 0.1579
Epoch 69/300, Loss: 0.1147 | 0.1457
Epoch 70/300, Loss: 0.1152 | 0.1573
Epoch 71/300, Loss: 0.1153 | 0.1408
Epoch 72/300, Loss: 0.1167 | 0.1579
Epoch 73/300, Loss: 0.1163 | 0.1378
Epoch 74/300, Loss: 0.1126 | 0.1575
Epoch 75/300, Loss: 0.1091 | 0.1383
Epoch 76/300, Loss: 0.1074 | 0.1520
Epoch 77/300, Loss: 0.1073 | 0.1388
Epoch 78/300, Loss: 0.1058 | 0.1456
Epoch 79/300, Loss: 0.1060 | 0.1396
Epoch 80/300, Loss: 0.1032 | 0.1370
Epoch 81/300, Loss: 0.1022 | 0.1355
Epoch 82/300, Loss: 0.1000 | 0.1331
Epoch 83/300, Loss: 0.0990 | 0.1322
Epoch 84/300, Loss: 0.0982 | 0.1297
Epoch 85/300, Loss: 0.0979 | 0.1291
Epoch 86/300, Loss: 0.0969 | 0.1268
Epoch 87/300, Loss: 0.0967 | 0.1283
Epoch 88/300, Loss: 0.0966 | 0.1234
Epoch 89/300, Loss: 0.0957 | 0.1268
Epoch 90/300, Loss: 0.0957 | 0.1192
Epoch 91/300, Loss: 0.0959 | 0.1281
Epoch 92/300, Loss: 0.0968 | 0.1157
Epoch 93/300, Loss: 0.0960 | 0.1279
Epoch 94/300, Loss: 0.0955 | 0.1146
Epoch 95/300, Loss: 0.0938 | 0.1282
Epoch 96/300, Loss: 0.0937 | 0.1141
Epoch 97/300, Loss: 0.0925 | 0.1258
Epoch 98/300, Loss: 0.0924 | 0.1132
Epoch 99/300, Loss: 0.0914 | 0.1244
Epoch 100/300, Loss: 0.0910 | 0.1134
Epoch 101/300, Loss: 0.0897 | 0.1215
Epoch 102/300, Loss: 0.0899 | 0.1129
Epoch 103/300, Loss: 0.0890 | 0.1185
Epoch 104/300, Loss: 0.0889 | 0.1114
Epoch 105/300, Loss: 0.0883 | 0.1157
Epoch 106/300, Loss: 0.0877 | 0.1101
Epoch 107/300, Loss: 0.0868 | 0.1145
Epoch 108/300, Loss: 0.0869 | 0.1106
Epoch 109/300, Loss: 0.0872 | 0.1117
Epoch 110/300, Loss: 0.0860 | 0.1097
Epoch 111/300, Loss: 0.0865 | 0.1099
Epoch 112/300, Loss: 0.0856 | 0.1084
Epoch 113/300, Loss: 0.0850 | 0.1086
Epoch 114/300, Loss: 0.0843 | 0.1065
Epoch 115/300, Loss: 0.0845 | 0.1078
Epoch 116/300, Loss: 0.0844 | 0.1052
Epoch 117/300, Loss: 0.0847 | 0.1068
Epoch 118/300, Loss: 0.0838 | 0.1049
Epoch 119/300, Loss: 0.0836 | 0.1056
Epoch 120/300, Loss: 0.0831 | 0.1044
Epoch 121/300, Loss: 0.0828 | 0.1045
Epoch 122/300, Loss: 0.0827 | 0.1042
Epoch 123/300, Loss: 0.0823 | 0.1028
Epoch 124/300, Loss: 0.0821 | 0.1032
Epoch 125/300, Loss: 0.0820 | 0.1025
Epoch 126/300, Loss: 0.0823 | 0.1021
Epoch 127/300, Loss: 0.0814 | 0.1018
Epoch 128/300, Loss: 0.0817 | 0.1022
Epoch 129/300, Loss: 0.0821 | 0.1013
Epoch 130/300, Loss: 0.0811 | 0.1009
Epoch 131/300, Loss: 0.0806 | 0.0998
Epoch 132/300, Loss: 0.0807 | 0.1002
Epoch 133/300, Loss: 0.0802 | 0.0995
Epoch 134/300, Loss: 0.0806 | 0.0993
Epoch 135/300, Loss: 0.0800 | 0.0998
Epoch 136/300, Loss: 0.0798 | 0.0986
Epoch 137/300, Loss: 0.0794 | 0.0980
Epoch 138/300, Loss: 0.0790 | 0.0987
Epoch 139/300, Loss: 0.0791 | 0.0983
Epoch 140/300, Loss: 0.0793 | 0.0973
Epoch 141/300, Loss: 0.0789 | 0.0972
Epoch 142/300, Loss: 0.0786 | 0.0979
Epoch 143/300, Loss: 0.0787 | 0.0972
Epoch 144/300, Loss: 0.0784 | 0.0969
Epoch 145/300, Loss: 0.0785 | 0.0967
Epoch 146/300, Loss: 0.0780 | 0.0959
Epoch 147/300, Loss: 0.0787 | 0.0949
Epoch 148/300, Loss: 0.0777 | 0.0953
Epoch 149/300, Loss: 0.0783 | 0.0954
Epoch 150/300, Loss: 0.0777 | 0.0957
Epoch 151/300, Loss: 0.0775 | 0.0949
Epoch 152/300, Loss: 0.0772 | 0.0955
Epoch 153/300, Loss: 0.0767 | 0.0952
Epoch 154/300, Loss: 0.0778 | 0.0951
Epoch 155/300, Loss: 0.0772 | 0.0952
Epoch 156/300, Loss: 0.0759 | 0.0947
Epoch 157/300, Loss: 0.0753 | 0.0948
Epoch 158/300, Loss: 0.0768 | 0.0941
Epoch 159/300, Loss: 0.0760 | 0.0939
Epoch 160/300, Loss: 0.0766 | 0.0938
Epoch 161/300, Loss: 0.0758 | 0.0935
Epoch 162/300, Loss: 0.0760 | 0.0944
Epoch 163/300, Loss: 0.0758 | 0.0935
Epoch 164/300, Loss: 0.0764 | 0.0941
Epoch 165/300, Loss: 0.0749 | 0.0925
Epoch 166/300, Loss: 0.0760 | 0.0929
Epoch 167/300, Loss: 0.0756 | 0.0927
Epoch 168/300, Loss: 0.0754 | 0.0929
Epoch 169/300, Loss: 0.0750 | 0.0928
Epoch 170/300, Loss: 0.0750 | 0.0926
Epoch 171/300, Loss: 0.0748 | 0.0922
Epoch 172/300, Loss: 0.0747 | 0.0916
Epoch 173/300, Loss: 0.0746 | 0.0918
Epoch 174/300, Loss: 0.0748 | 0.0918
Epoch 175/300, Loss: 0.0744 | 0.0914
Epoch 176/300, Loss: 0.0749 | 0.0913
Epoch 177/300, Loss: 0.0745 | 0.0914
Epoch 178/300, Loss: 0.0745 | 0.0914
Epoch 179/300, Loss: 0.0741 | 0.0917
Epoch 180/300, Loss: 0.0745 | 0.0916
Epoch 181/300, Loss: 0.0741 | 0.0911
Epoch 182/300, Loss: 0.0743 | 0.0915
Epoch 183/300, Loss: 0.0733 | 0.0912
Epoch 184/300, Loss: 0.0740 | 0.0900
Epoch 185/300, Loss: 0.0749 | 0.0903
Epoch 186/300, Loss: 0.0739 | 0.0904
Epoch 187/300, Loss: 0.0732 | 0.0905
Epoch 188/300, Loss: 0.0743 | 0.0904
Epoch 189/300, Loss: 0.0732 | 0.0903
Epoch 190/300, Loss: 0.0736 | 0.0904
Epoch 191/300, Loss: 0.0732 | 0.0899
Epoch 192/300, Loss: 0.0739 | 0.0898
Epoch 193/300, Loss: 0.0735 | 0.0893
Epoch 194/300, Loss: 0.0732 | 0.0896
Epoch 195/300, Loss: 0.0727 | 0.0896
Epoch 196/300, Loss: 0.0733 | 0.0894
Epoch 197/300, Loss: 0.0727 | 0.0896
Epoch 198/300, Loss: 0.0730 | 0.0896
Epoch 199/300, Loss: 0.0733 | 0.0892
Epoch 200/300, Loss: 0.0734 | 0.0892
Epoch 201/300, Loss: 0.0734 | 0.0896
Epoch 202/300, Loss: 0.0725 | 0.0895
Epoch 203/300, Loss: 0.0725 | 0.0891
Epoch 204/300, Loss: 0.0728 | 0.0891
Epoch 205/300, Loss: 0.0721 | 0.0890
Epoch 206/300, Loss: 0.0725 | 0.0888
Epoch 207/300, Loss: 0.0723 | 0.0891
Epoch 208/300, Loss: 0.0723 | 0.0891
Epoch 209/300, Loss: 0.0728 | 0.0882
Epoch 210/300, Loss: 0.0722 | 0.0885
Epoch 211/300, Loss: 0.0717 | 0.0889
Epoch 212/300, Loss: 0.0723 | 0.0887
Epoch 213/300, Loss: 0.0722 | 0.0882
Epoch 214/300, Loss: 0.0720 | 0.0883
Epoch 215/300, Loss: 0.0724 | 0.0884
Epoch 216/300, Loss: 0.0721 | 0.0881
Epoch 217/300, Loss: 0.0720 | 0.0879
Epoch 218/300, Loss: 0.0716 | 0.0879
Epoch 219/300, Loss: 0.0718 | 0.0883
Epoch 220/300, Loss: 0.0719 | 0.0885
Epoch 221/300, Loss: 0.0712 | 0.0886
Epoch 222/300, Loss: 0.0713 | 0.0885
Epoch 223/300, Loss: 0.0714 | 0.0882
Epoch 224/300, Loss: 0.0721 | 0.0883
Epoch 225/300, Loss: 0.0713 | 0.0880
Epoch 226/300, Loss: 0.0716 | 0.0878
Epoch 227/300, Loss: 0.0717 | 0.0879
Epoch 228/300, Loss: 0.0711 | 0.0879
Epoch 229/300, Loss: 0.0717 | 0.0879
Epoch 230/300, Loss: 0.0706 | 0.0879
Epoch 231/300, Loss: 0.0711 | 0.0878
Epoch 232/300, Loss: 0.0719 | 0.0877
Epoch 233/300, Loss: 0.0716 | 0.0877
Epoch 234/300, Loss: 0.0718 | 0.0877
Epoch 235/300, Loss: 0.0705 | 0.0878
Epoch 236/300, Loss: 0.0712 | 0.0878
Epoch 237/300, Loss: 0.0706 | 0.0878
Epoch 238/300, Loss: 0.0715 | 0.0876
Epoch 239/300, Loss: 0.0715 | 0.0876
Epoch 240/300, Loss: 0.0711 | 0.0877
Epoch 241/300, Loss: 0.0706 | 0.0876
Epoch 242/300, Loss: 0.0710 | 0.0876
Epoch 243/300, Loss: 0.0711 | 0.0877
Epoch 244/300, Loss: 0.0708 | 0.0877
Epoch 245/300, Loss: 0.0705 | 0.0875
Epoch 246/300, Loss: 0.0706 | 0.0872
Epoch 247/300, Loss: 0.0701 | 0.0873
Epoch 248/300, Loss: 0.0710 | 0.0870
Epoch 249/300, Loss: 0.0707 | 0.0871
Epoch 250/300, Loss: 0.0709 | 0.0872
Epoch 251/300, Loss: 0.0707 | 0.0874
Epoch 252/300, Loss: 0.0704 | 0.0874
Epoch 253/300, Loss: 0.0711 | 0.0873
Epoch 254/300, Loss: 0.0708 | 0.0871
Epoch 255/300, Loss: 0.0706 | 0.0871
Epoch 256/300, Loss: 0.0706 | 0.0873
Epoch 257/300, Loss: 0.0700 | 0.0874
Epoch 258/300, Loss: 0.0705 | 0.0873
Epoch 259/300, Loss: 0.0709 | 0.0870
Epoch 260/300, Loss: 0.0702 | 0.0868
Epoch 261/300, Loss: 0.0706 | 0.0867
Epoch 262/300, Loss: 0.0705 | 0.0866
Epoch 263/300, Loss: 0.0703 | 0.0866
Epoch 264/300, Loss: 0.0705 | 0.0869
Epoch 265/300, Loss: 0.0701 | 0.0870
Epoch 266/300, Loss: 0.0704 | 0.0869
Epoch 267/300, Loss: 0.0703 | 0.0868
Epoch 268/300, Loss: 0.0703 | 0.0866
Epoch 269/300, Loss: 0.0704 | 0.0866
Epoch 270/300, Loss: 0.0701 | 0.0866
Epoch 271/300, Loss: 0.0701 | 0.0867
Epoch 272/300, Loss: 0.0696 | 0.0868
Epoch 273/300, Loss: 0.0705 | 0.0867
Epoch 274/300, Loss: 0.0701 | 0.0865
Epoch 275/300, Loss: 0.0699 | 0.0863
Epoch 276/300, Loss: 0.0701 | 0.0863
Epoch 277/300, Loss: 0.0700 | 0.0865
Epoch 278/300, Loss: 0.0700 | 0.0864
Epoch 279/300, Loss: 0.0697 | 0.0863
Epoch 280/300, Loss: 0.0702 | 0.0863
Epoch 281/300, Loss: 0.0700 | 0.0864
Epoch 282/300, Loss: 0.0695 | 0.0864
Epoch 283/300, Loss: 0.0704 | 0.0864
Epoch 284/300, Loss: 0.0697 | 0.0864
Epoch 285/300, Loss: 0.0698 | 0.0864
Epoch 286/300, Loss: 0.0701 | 0.0864
Epoch 287/300, Loss: 0.0693 | 0.0863
Epoch 288/300, Loss: 0.0699 | 0.0863
Epoch 289/300, Loss: 0.0704 | 0.0864
Epoch 290/300, Loss: 0.0697 | 0.0863
Epoch 291/300, Loss: 0.0699 | 0.0863
Epoch 292/300, Loss: 0.0699 | 0.0863
Epoch 293/300, Loss: 0.0699 | 0.0862
Epoch 294/300, Loss: 0.0702 | 0.0863
Epoch 295/300, Loss: 0.0700 | 0.0862
Epoch 296/300, Loss: 0.0699 | 0.0863
Epoch 297/300, Loss: 0.0695 | 0.0862
Epoch 298/300, Loss: 0.0698 | 0.0862
Epoch 299/300, Loss: 0.0692 | 0.0861
Epoch 300/300, Loss: 0.0694 | 0.0860
Runtime (seconds): 81.30850577354431
/home2/y2021/k2110261/.conda/envs/tensorflow/lib/python3.11/site-packages/sklearn/metrics/_regression.py:1266: UndefinedMetricWarning: R^2 score is not well-defined with less than two samples.
  warnings.warn(msg, UndefinedMetricWarning)
MSE: 588.2393855529372
RMSE: 24.253646850585938
MAE: 24.253646850585938
R-squared: nan
[199.03635]
