[32m[I 2025-01-07 20:50:22,574][0m A new study created in memory with name: no-name-514e67a8-6c8a-4abf-b969-2c28a0d8ef52[0m
[32m[I 2025-01-07 20:54:47,530][0m Trial 0 finished with value: 1.1324572592565458 and parameters: {'observation_period_num': 203, 'train_rates': 0.736327434769066, 'learning_rate': 3.090774875291559e-06, 'batch_size': 53, 'step_size': 3, 'gamma': 0.9234307165925815}. Best is trial 0 with value: 1.1324572592565458.[0m
[32m[I 2025-01-07 20:56:15,517][0m Trial 1 finished with value: 0.5527142882347107 and parameters: {'observation_period_num': 73, 'train_rates': 0.782423068611663, 'learning_rate': 0.00011290297450791235, 'batch_size': 180, 'step_size': 11, 'gamma': 0.8686099327162534}. Best is trial 1 with value: 0.5527142882347107.[0m
[32m[I 2025-01-07 21:01:47,573][0m Trial 2 finished with value: 0.3515366373020549 and parameters: {'observation_period_num': 236, 'train_rates': 0.8112082832609567, 'learning_rate': 4.705452797638392e-05, 'batch_size': 66, 'step_size': 12, 'gamma': 0.7838511340859065}. Best is trial 2 with value: 0.3515366373020549.[0m
[32m[I 2025-01-07 21:02:48,859][0m Trial 3 finished with value: 1.0320390490657192 and parameters: {'observation_period_num': 54, 'train_rates': 0.6558091588167732, 'learning_rate': 0.0004273852291272162, 'batch_size': 85, 'step_size': 5, 'gamma': 0.9831945559822111}. Best is trial 2 with value: 0.3515366373020549.[0m
[32m[I 2025-01-07 21:07:36,559][0m Trial 4 finished with value: 0.5421713468036041 and parameters: {'observation_period_num': 200, 'train_rates': 0.853530701896615, 'learning_rate': 3.863164330354096e-06, 'batch_size': 45, 'step_size': 9, 'gamma': 0.7958549261936706}. Best is trial 2 with value: 0.3515366373020549.[0m
[32m[I 2025-01-07 21:08:16,723][0m Trial 5 finished with value: 0.7362240248648547 and parameters: {'observation_period_num': 34, 'train_rates': 0.7066453567363264, 'learning_rate': 2.5944811084232164e-05, 'batch_size': 183, 'step_size': 3, 'gamma': 0.9658245260726109}. Best is trial 2 with value: 0.3515366373020549.[0m
[32m[I 2025-01-07 21:13:48,467][0m Trial 6 finished with value: 0.5494710206985474 and parameters: {'observation_period_num': 211, 'train_rates': 0.9810138168830548, 'learning_rate': 1.503672271551914e-05, 'batch_size': 236, 'step_size': 3, 'gamma': 0.8571633130501934}. Best is trial 2 with value: 0.3515366373020549.[0m
[32m[I 2025-01-07 21:17:00,876][0m Trial 7 finished with value: 0.4418427897419067 and parameters: {'observation_period_num': 132, 'train_rates': 0.8012843406777221, 'learning_rate': 1.1611307465395535e-05, 'batch_size': 27, 'step_size': 11, 'gamma': 0.7674527356889769}. Best is trial 2 with value: 0.3515366373020549.[0m
[32m[I 2025-01-07 21:19:00,651][0m Trial 8 finished with value: 0.3384879231452942 and parameters: {'observation_period_num': 89, 'train_rates': 0.9659043344738457, 'learning_rate': 1.8734964872398888e-05, 'batch_size': 238, 'step_size': 8, 'gamma': 0.8618886230109355}. Best is trial 8 with value: 0.3384879231452942.[0m
[32m[I 2025-01-07 21:23:23,374][0m Trial 9 finished with value: 0.24902581473508964 and parameters: {'observation_period_num': 188, 'train_rates': 0.8874523950867201, 'learning_rate': 6.226949622425199e-05, 'batch_size': 235, 'step_size': 10, 'gamma': 0.904091849091071}. Best is trial 9 with value: 0.24902581473508964.[0m
[32m[I 2025-01-07 21:27:03,724][0m Trial 10 finished with value: 2.192199814858748 and parameters: {'observation_period_num': 154, 'train_rates': 0.9293669203188064, 'learning_rate': 0.0009919988973533455, 'batch_size': 131, 'step_size': 14, 'gamma': 0.9214450094935418}. Best is trial 9 with value: 0.24902581473508964.[0m
[32m[I 2025-01-07 21:29:25,857][0m Trial 11 finished with value: 0.19129740019137248 and parameters: {'observation_period_num': 109, 'train_rates': 0.9031353659348287, 'learning_rate': 0.00012596960587434868, 'batch_size': 256, 'step_size': 7, 'gamma': 0.833022084288184}. Best is trial 11 with value: 0.19129740019137248.[0m
[32m[I 2025-01-07 21:33:10,825][0m Trial 12 finished with value: 0.23224799068558294 and parameters: {'observation_period_num': 164, 'train_rates': 0.8925725919922344, 'learning_rate': 0.00016388908261220138, 'batch_size': 256, 'step_size': 7, 'gamma': 0.8227356844903841}. Best is trial 11 with value: 0.19129740019137248.[0m
[32m[I 2025-01-07 21:35:37,605][0m Trial 13 finished with value: 0.20175621637867558 and parameters: {'observation_period_num': 113, 'train_rates': 0.89939368596269, 'learning_rate': 0.00020815593596035259, 'batch_size': 196, 'step_size': 6, 'gamma': 0.8214247071873186}. Best is trial 11 with value: 0.19129740019137248.[0m
[32m[I 2025-01-07 21:37:52,199][0m Trial 14 finished with value: 0.3235499597432321 and parameters: {'observation_period_num': 108, 'train_rates': 0.8608237695162794, 'learning_rate': 0.0002761998464196668, 'batch_size': 196, 'step_size': 6, 'gamma': 0.8095997239451014}. Best is trial 11 with value: 0.19129740019137248.[0m
Early stopping at epoch 78
[32m[I 2025-01-07 21:38:17,638][0m Trial 15 finished with value: 0.4386238040427816 and parameters: {'observation_period_num': 9, 'train_rates': 0.9256475708909063, 'learning_rate': 0.0006168042258912103, 'batch_size': 145, 'step_size': 1, 'gamma': 0.8325506646825547}. Best is trial 11 with value: 0.19129740019137248.[0m
[32m[I 2025-01-07 21:40:54,343][0m Trial 16 finished with value: 0.22013947367668152 and parameters: {'observation_period_num': 117, 'train_rates': 0.9307376511219841, 'learning_rate': 0.00012799636110025602, 'batch_size': 211, 'step_size': 5, 'gamma': 0.7551821850304579}. Best is trial 11 with value: 0.19129740019137248.[0m
[32m[I 2025-01-07 21:43:27,735][0m Trial 17 finished with value: 0.9170738267695605 and parameters: {'observation_period_num': 143, 'train_rates': 0.6052857775203282, 'learning_rate': 0.0002757038754219302, 'batch_size': 158, 'step_size': 8, 'gamma': 0.8402875480757956}. Best is trial 11 with value: 0.19129740019137248.[0m
[32m[I 2025-01-07 21:45:22,187][0m Trial 18 finished with value: 0.3157292681419297 and parameters: {'observation_period_num': 92, 'train_rates': 0.8425850707470416, 'learning_rate': 7.499611359887095e-05, 'batch_size': 210, 'step_size': 6, 'gamma': 0.8947196453175691}. Best is trial 11 with value: 0.19129740019137248.[0m
[32m[I 2025-01-07 21:46:29,340][0m Trial 19 finished with value: 1.3746009327627875 and parameters: {'observation_period_num': 56, 'train_rates': 0.7714766273170272, 'learning_rate': 1.392648795876059e-06, 'batch_size': 112, 'step_size': 15, 'gamma': 0.7867079966174256}. Best is trial 11 with value: 0.19129740019137248.[0m
Early stopping at epoch 61
[32m[I 2025-01-07 21:49:00,179][0m Trial 20 finished with value: 0.30871649223861963 and parameters: {'observation_period_num': 174, 'train_rates': 0.899338079383645, 'learning_rate': 0.00023747325193752383, 'batch_size': 166, 'step_size': 1, 'gamma': 0.816040219859967}. Best is trial 11 with value: 0.19129740019137248.[0m
[32m[I 2025-01-07 21:51:35,229][0m Trial 21 finished with value: 0.206948384642601 and parameters: {'observation_period_num': 116, 'train_rates': 0.9419560538053187, 'learning_rate': 0.00010002171208670465, 'batch_size': 204, 'step_size': 5, 'gamma': 0.7558402499815109}. Best is trial 11 with value: 0.19129740019137248.[0m
[32m[I 2025-01-07 21:54:01,518][0m Trial 22 finished with value: 0.338890016078949 and parameters: {'observation_period_num': 108, 'train_rates': 0.9541063775240523, 'learning_rate': 4.798237650813529e-05, 'batch_size': 212, 'step_size': 4, 'gamma': 0.7697914371711416}. Best is trial 11 with value: 0.19129740019137248.[0m
[32m[I 2025-01-07 21:56:59,231][0m Trial 23 finished with value: 0.27416669570396995 and parameters: {'observation_period_num': 129, 'train_rates': 0.8870283578929579, 'learning_rate': 0.00010742505126707921, 'batch_size': 250, 'step_size': 7, 'gamma': 0.8425953694735477}. Best is trial 11 with value: 0.19129740019137248.[0m
[32m[I 2025-01-07 21:58:55,883][0m Trial 24 finished with value: 0.19783441722393036 and parameters: {'observation_period_num': 86, 'train_rates': 0.981904195586799, 'learning_rate': 0.0005375509880128396, 'batch_size': 219, 'step_size': 5, 'gamma': 0.803113984265819}. Best is trial 11 with value: 0.19129740019137248.[0m
[32m[I 2025-01-07 22:00:54,612][0m Trial 25 finished with value: 0.18492014706134796 and parameters: {'observation_period_num': 88, 'train_rates': 0.9851447092021277, 'learning_rate': 0.0005228263591392262, 'batch_size': 226, 'step_size': 7, 'gamma': 0.8113583666357445}. Best is trial 25 with value: 0.18492014706134796.[0m
[32m[I 2025-01-07 22:02:44,300][0m Trial 26 finished with value: 0.18109570443630219 and parameters: {'observation_period_num': 80, 'train_rates': 0.9835640014689764, 'learning_rate': 0.0005186575875094078, 'batch_size': 225, 'step_size': 9, 'gamma': 0.8001248628563744}. Best is trial 26 with value: 0.18109570443630219.[0m
[32m[I 2025-01-07 22:04:05,101][0m Trial 27 finished with value: 0.9135405421257019 and parameters: {'observation_period_num': 62, 'train_rates': 0.989229907717548, 'learning_rate': 0.0009738893417072036, 'batch_size': 224, 'step_size': 9, 'gamma': 0.847440361105974}. Best is trial 26 with value: 0.18109570443630219.[0m
[32m[I 2025-01-07 22:04:37,560][0m Trial 28 finished with value: 0.11882322281599045 and parameters: {'observation_period_num': 21, 'train_rates': 0.9586315313834431, 'learning_rate': 0.00037533863967913384, 'batch_size': 254, 'step_size': 13, 'gamma': 0.8820932765531233}. Best is trial 28 with value: 0.11882322281599045.[0m
[32m[I 2025-01-07 22:05:02,242][0m Trial 29 finished with value: 0.1126302033662796 and parameters: {'observation_period_num': 9, 'train_rates': 0.9605336407417484, 'learning_rate': 0.0003756024406490661, 'batch_size': 182, 'step_size': 13, 'gamma': 0.8894923758872988}. Best is trial 29 with value: 0.1126302033662796.[0m
[32m[I 2025-01-07 22:05:23,910][0m Trial 30 finished with value: 0.7548286025887293 and parameters: {'observation_period_num': 5, 'train_rates': 0.7452993854092406, 'learning_rate': 0.0003687365175964524, 'batch_size': 173, 'step_size': 13, 'gamma': 0.8857803966597408}. Best is trial 29 with value: 0.1126302033662796.[0m
[32m[I 2025-01-07 22:06:00,927][0m Trial 31 finished with value: 0.21128082275390625 and parameters: {'observation_period_num': 26, 'train_rates': 0.9620648464955402, 'learning_rate': 0.0006812752071945326, 'batch_size': 236, 'step_size': 13, 'gamma': 0.8804250814925254}. Best is trial 29 with value: 0.1126302033662796.[0m
[32m[I 2025-01-07 22:06:50,400][0m Trial 32 finished with value: 0.1316143423318863 and parameters: {'observation_period_num': 36, 'train_rates': 0.9631289962474013, 'learning_rate': 0.00038201049382193913, 'batch_size': 232, 'step_size': 15, 'gamma': 0.9159695548276354}. Best is trial 29 with value: 0.1126302033662796.[0m
[32m[I 2025-01-07 22:07:34,212][0m Trial 33 finished with value: 0.14018386602401733 and parameters: {'observation_period_num': 32, 'train_rates': 0.9498111409259112, 'learning_rate': 0.0003482241770940416, 'batch_size': 190, 'step_size': 15, 'gamma': 0.9434996560962978}. Best is trial 29 with value: 0.1126302033662796.[0m
[32m[I 2025-01-07 22:08:19,193][0m Trial 34 finished with value: 0.14784051477909088 and parameters: {'observation_period_num': 32, 'train_rates': 0.9494747976977738, 'learning_rate': 0.0002836949264431096, 'batch_size': 183, 'step_size': 15, 'gamma': 0.9373913727580254}. Best is trial 29 with value: 0.1126302033662796.[0m
[32m[I 2025-01-07 22:08:57,703][0m Trial 35 finished with value: 0.1719289907158223 and parameters: {'observation_period_num': 24, 'train_rates': 0.9243269109840468, 'learning_rate': 0.000360729981317994, 'batch_size': 122, 'step_size': 14, 'gamma': 0.9494373990221731}. Best is trial 29 with value: 0.1126302033662796.[0m
[32m[I 2025-01-07 22:09:55,684][0m Trial 36 finished with value: 0.46759270404942616 and parameters: {'observation_period_num': 42, 'train_rates': 0.8472582267051102, 'learning_rate': 6.494873286359367e-06, 'batch_size': 95, 'step_size': 12, 'gamma': 0.9130247364711506}. Best is trial 29 with value: 0.1126302033662796.[0m
[32m[I 2025-01-07 22:10:26,550][0m Trial 37 finished with value: 0.2740779373173912 and parameters: {'observation_period_num': 16, 'train_rates': 0.8699794058390714, 'learning_rate': 0.00017553751515900792, 'batch_size': 152, 'step_size': 14, 'gamma': 0.9450161755688589}. Best is trial 29 with value: 0.1126302033662796.[0m
[32m[I 2025-01-07 22:11:10,790][0m Trial 38 finished with value: 0.972418018271605 and parameters: {'observation_period_num': 39, 'train_rates': 0.7007560521967149, 'learning_rate': 0.00038216483155588757, 'batch_size': 195, 'step_size': 12, 'gamma': 0.970096790940786}. Best is trial 29 with value: 0.1126302033662796.[0m
[32m[I 2025-01-07 22:12:40,673][0m Trial 39 finished with value: 0.1984754779333931 and parameters: {'observation_period_num': 68, 'train_rates': 0.9162376107053548, 'learning_rate': 3.401071278470508e-05, 'batch_size': 181, 'step_size': 13, 'gamma': 0.8766977307976725}. Best is trial 29 with value: 0.1126302033662796.[0m
[32m[I 2025-01-07 22:13:38,523][0m Trial 40 finished with value: 0.5918788213766258 and parameters: {'observation_period_num': 49, 'train_rates': 0.8207976915545889, 'learning_rate': 0.0007734358263836267, 'batch_size': 242, 'step_size': 11, 'gamma': 0.9313874178007867}. Best is trial 29 with value: 0.1126302033662796.[0m
[32m[I 2025-01-07 22:14:21,063][0m Trial 41 finished with value: 0.12326887995004654 and parameters: {'observation_period_num': 30, 'train_rates': 0.9512552529602031, 'learning_rate': 0.00029569556514337183, 'batch_size': 189, 'step_size': 15, 'gamma': 0.9350090854692944}. Best is trial 29 with value: 0.1126302033662796.[0m
[32m[I 2025-01-07 22:14:53,061][0m Trial 42 finished with value: 0.119340680539608 and parameters: {'observation_period_num': 19, 'train_rates': 0.9662831269707959, 'learning_rate': 0.00018518758533981212, 'batch_size': 165, 'step_size': 15, 'gamma': 0.9065334583000326}. Best is trial 29 with value: 0.1126302033662796.[0m
[32m[I 2025-01-07 22:15:22,849][0m Trial 43 finished with value: 0.12379101663827896 and parameters: {'observation_period_num': 18, 'train_rates': 0.9657616170292408, 'learning_rate': 0.00018143330746275938, 'batch_size': 168, 'step_size': 14, 'gamma': 0.8999900938199656}. Best is trial 29 with value: 0.1126302033662796.[0m
[32m[I 2025-01-07 22:15:55,606][0m Trial 44 finished with value: 0.11983425170183182 and parameters: {'observation_period_num': 19, 'train_rates': 0.968303039583177, 'learning_rate': 0.00016782000320634025, 'batch_size': 165, 'step_size': 14, 'gamma': 0.901589397189224}. Best is trial 29 with value: 0.1126302033662796.[0m
[32m[I 2025-01-07 22:22:00,896][0m Trial 45 finished with value: 0.140487811330593 and parameters: {'observation_period_num': 240, 'train_rates': 0.9396078726165477, 'learning_rate': 7.080008632128187e-05, 'batch_size': 140, 'step_size': 13, 'gamma': 0.8679193878325034}. Best is trial 29 with value: 0.1126302033662796.[0m
[32m[I 2025-01-07 22:22:31,200][0m Trial 46 finished with value: 0.13787718106280356 and parameters: {'observation_period_num': 5, 'train_rates': 0.9082117476747902, 'learning_rate': 0.00018719813123132457, 'batch_size': 159, 'step_size': 11, 'gamma': 0.8882248954245028}. Best is trial 29 with value: 0.1126302033662796.[0m
[32m[I 2025-01-07 22:23:40,503][0m Trial 47 finished with value: 0.19611531496047974 and parameters: {'observation_period_num': 51, 'train_rates': 0.9690005957505321, 'learning_rate': 0.00015951965119558728, 'batch_size': 129, 'step_size': 14, 'gamma': 0.9078702981141369}. Best is trial 29 with value: 0.1126302033662796.[0m
[32m[I 2025-01-07 22:24:21,606][0m Trial 48 finished with value: 0.19563670391621796 and parameters: {'observation_period_num': 16, 'train_rates': 0.8753702140374632, 'learning_rate': 9.159478162435101e-05, 'batch_size': 104, 'step_size': 12, 'gamma': 0.9272332624574023}. Best is trial 29 with value: 0.1126302033662796.[0m
