[32m[I 2025-02-04 08:37:35,451][0m A new study created in memory with name: no-name-afcb7fbf-2293-4c2b-81cb-89ea820bfd6f[0m
[32m[I 2025-02-04 08:38:01,077][0m Trial 0 finished with value: 1.4516803695960663 and parameters: {'observation_period_num': 224, 'train_rates': 0.6548431084984591, 'learning_rate': 0.00033384320647208163, 'batch_size': 175, 'step_size': 8, 'gamma': 0.9376117629858349}. Best is trial 0 with value: 1.4516803695960663.[0m
[32m[I 2025-02-04 08:38:26,372][0m Trial 1 finished with value: 0.6416762471199036 and parameters: {'observation_period_num': 219, 'train_rates': 0.975918375518604, 'learning_rate': 3.5740657790164967e-06, 'batch_size': 242, 'step_size': 7, 'gamma': 0.8030706456894162}. Best is trial 1 with value: 0.6416762471199036.[0m
[32m[I 2025-02-04 08:39:49,927][0m Trial 2 finished with value: 6.588517462269643 and parameters: {'observation_period_num': 246, 'train_rates': 0.9672477578676283, 'learning_rate': 0.0009599875772681919, 'batch_size': 65, 'step_size': 11, 'gamma': 0.8463929682917152}. Best is trial 1 with value: 0.6416762471199036.[0m
[32m[I 2025-02-04 08:40:15,305][0m Trial 3 finished with value: 1.9455938167801512 and parameters: {'observation_period_num': 240, 'train_rates': 0.7194012745163519, 'learning_rate': 4.839099983862222e-05, 'batch_size': 179, 'step_size': 12, 'gamma': 0.8377330803025366}. Best is trial 1 with value: 0.6416762471199036.[0m
[32m[I 2025-02-04 08:41:15,774][0m Trial 4 finished with value: 0.8235714186746268 and parameters: {'observation_period_num': 99, 'train_rates': 0.800003383200135, 'learning_rate': 8.051436926676129e-05, 'batch_size': 83, 'step_size': 12, 'gamma': 0.7764771863999322}. Best is trial 1 with value: 0.6416762471199036.[0m
[32m[I 2025-02-04 08:44:54,911][0m Trial 5 finished with value: 0.03854509981881295 and parameters: {'observation_period_num': 144, 'train_rates': 0.9104509943034911, 'learning_rate': 1.956887233784786e-05, 'batch_size': 24, 'step_size': 12, 'gamma': 0.7903758038316381}. Best is trial 5 with value: 0.03854509981881295.[0m
[32m[I 2025-02-04 08:45:27,404][0m Trial 6 finished with value: 1.036358429835393 and parameters: {'observation_period_num': 176, 'train_rates': 0.8314356718044873, 'learning_rate': 1.4811848136598443e-05, 'batch_size': 160, 'step_size': 2, 'gamma': 0.834961137785286}. Best is trial 5 with value: 0.03854509981881295.[0m
[32m[I 2025-02-04 08:45:54,791][0m Trial 7 finished with value: 0.060763999819755554 and parameters: {'observation_period_num': 57, 'train_rates': 0.9676342225221374, 'learning_rate': 0.00017181021951731592, 'batch_size': 232, 'step_size': 8, 'gamma': 0.8765587475809351}. Best is trial 5 with value: 0.03854509981881295.[0m
[32m[I 2025-02-04 08:47:11,262][0m Trial 8 finished with value: 2.36693909712443 and parameters: {'observation_period_num': 129, 'train_rates': 0.7253130109982519, 'learning_rate': 1.7509708371933642e-05, 'batch_size': 60, 'step_size': 8, 'gamma': 0.8663239225594251}. Best is trial 5 with value: 0.03854509981881295.[0m
[32m[I 2025-02-04 08:47:51,174][0m Trial 9 finished with value: 2.473548259682144 and parameters: {'observation_period_num': 115, 'train_rates': 0.6174583470955733, 'learning_rate': 5.929526772838519e-06, 'batch_size': 104, 'step_size': 10, 'gamma': 0.8615611864174616}. Best is trial 5 with value: 0.03854509981881295.[0m
[32m[I 2025-02-04 08:53:06,741][0m Trial 10 finished with value: 0.652875978499651 and parameters: {'observation_period_num': 13, 'train_rates': 0.8845146529705258, 'learning_rate': 1.1786837801453314e-06, 'batch_size': 17, 'step_size': 15, 'gamma': 0.9709456956379077}. Best is trial 5 with value: 0.03854509981881295.[0m
[32m[I 2025-02-04 08:53:30,555][0m Trial 11 finished with value: 0.17830137693090364 and parameters: {'observation_period_num': 38, 'train_rates': 0.9123984363713553, 'learning_rate': 0.00014099299380904262, 'batch_size': 253, 'step_size': 4, 'gamma': 0.9312277882652686}. Best is trial 5 with value: 0.03854509981881295.[0m
[32m[I 2025-02-04 08:53:56,036][0m Trial 12 finished with value: 0.2801503280356322 and parameters: {'observation_period_num': 71, 'train_rates': 0.8987050471708669, 'learning_rate': 0.00023708538720934743, 'batch_size': 221, 'step_size': 15, 'gamma': 0.7594949640087407}. Best is trial 5 with value: 0.03854509981881295.[0m
[32m[I 2025-02-04 08:54:41,687][0m Trial 13 finished with value: 0.2945333743936445 and parameters: {'observation_period_num': 156, 'train_rates': 0.9419550918482322, 'learning_rate': 3.0078548912270532e-05, 'batch_size': 121, 'step_size': 5, 'gamma': 0.9051307429717428}. Best is trial 5 with value: 0.03854509981881295.[0m
[32m[I 2025-02-04 08:55:07,980][0m Trial 14 finished with value: 0.3934764877524016 and parameters: {'observation_period_num': 60, 'train_rates': 0.8535283020572815, 'learning_rate': 0.0006358192251214257, 'batch_size': 206, 'step_size': 10, 'gamma': 0.798800981782599}. Best is trial 5 with value: 0.03854509981881295.[0m
[32m[I 2025-02-04 08:59:05,912][0m Trial 15 finished with value: 0.005777387907451923 and parameters: {'observation_period_num': 180, 'train_rates': 0.9271307850590541, 'learning_rate': 0.00010456142272480924, 'batch_size': 22, 'step_size': 6, 'gamma': 0.891532862219784}. Best is trial 15 with value: 0.005777387907451923.[0m
[32m[I 2025-02-04 09:03:03,952][0m Trial 16 finished with value: 1.1733050560662988 and parameters: {'observation_period_num': 176, 'train_rates': 0.761300356932841, 'learning_rate': 7.229808905714622e-06, 'batch_size': 19, 'step_size': 5, 'gamma': 0.8104265977065112}. Best is trial 15 with value: 0.005777387907451923.[0m
[32m[I 2025-02-04 09:05:06,261][0m Trial 17 finished with value: 0.6156388542745724 and parameters: {'observation_period_num': 195, 'train_rates': 0.8684037500803726, 'learning_rate': 7.279943795653996e-05, 'batch_size': 41, 'step_size': 1, 'gamma': 0.8989839369892385}. Best is trial 15 with value: 0.005777387907451923.[0m
[32m[I 2025-02-04 09:07:06,836][0m Trial 18 finished with value: 0.11064092173455234 and parameters: {'observation_period_num': 140, 'train_rates': 0.9336400520574123, 'learning_rate': 2.6839571866106368e-05, 'batch_size': 45, 'step_size': 13, 'gamma': 0.7525976870683189}. Best is trial 15 with value: 0.005777387907451923.[0m
[32m[I 2025-02-04 09:08:02,622][0m Trial 19 finished with value: 1.0047825375813564 and parameters: {'observation_period_num': 191, 'train_rates': 0.8103499869677673, 'learning_rate': 1.9745609735968625e-06, 'batch_size': 88, 'step_size': 6, 'gamma': 0.9741821748963239}. Best is trial 15 with value: 0.005777387907451923.[0m
[32m[I 2025-02-04 09:08:38,054][0m Trial 20 finished with value: 1.4688488311785504 and parameters: {'observation_period_num': 149, 'train_rates': 0.7629089565219478, 'learning_rate': 1.0179264371684595e-05, 'batch_size': 141, 'step_size': 9, 'gamma': 0.8966077671236994}. Best is trial 15 with value: 0.005777387907451923.[0m
[32m[I 2025-02-04 09:10:54,340][0m Trial 21 finished with value: 0.010078897022388199 and parameters: {'observation_period_num': 97, 'train_rates': 0.9770685858901147, 'learning_rate': 0.00013434678088416793, 'batch_size': 42, 'step_size': 3, 'gamma': 0.8830350725856827}. Best is trial 15 with value: 0.005777387907451923.[0m
[32m[I 2025-02-04 09:13:43,042][0m Trial 22 finished with value: 0.0034246568102389574 and parameters: {'observation_period_num': 95, 'train_rates': 0.9883070452333396, 'learning_rate': 9.211040424701467e-05, 'batch_size': 34, 'step_size': 3, 'gamma': 0.9187872449617019}. Best is trial 22 with value: 0.0034246568102389574.[0m
[32m[I 2025-02-04 09:15:42,029][0m Trial 23 finished with value: 0.015790420888485958 and parameters: {'observation_period_num': 97, 'train_rates': 0.9485283868430691, 'learning_rate': 9.863886699460687e-05, 'batch_size': 47, 'step_size': 3, 'gamma': 0.9305804851693742}. Best is trial 22 with value: 0.0034246568102389574.[0m
[32m[I 2025-02-04 09:16:59,614][0m Trial 24 finished with value: 0.3043796420097351 and parameters: {'observation_period_num': 85, 'train_rates': 0.9775904259029359, 'learning_rate': 0.00046289991378021666, 'batch_size': 74, 'step_size': 3, 'gamma': 0.9538964310973705}. Best is trial 22 with value: 0.0034246568102389574.[0m
[32m[I 2025-02-04 09:17:53,785][0m Trial 25 finished with value: 0.5572146694496195 and parameters: {'observation_period_num': 108, 'train_rates': 0.9336375994305275, 'learning_rate': 4.945453290350938e-05, 'batch_size': 106, 'step_size': 1, 'gamma': 0.9136655667776361}. Best is trial 22 with value: 0.0034246568102389574.[0m
[32m[I 2025-02-04 09:20:45,583][0m Trial 26 finished with value: 0.0009087523212656379 and parameters: {'observation_period_num': 34, 'train_rates': 0.9896379235004351, 'learning_rate': 0.0001505479340076845, 'batch_size': 34, 'step_size': 4, 'gamma': 0.8825771899207652}. Best is trial 26 with value: 0.0009087523212656379.[0m
[32m[I 2025-02-04 09:23:52,731][0m Trial 27 finished with value: 0.033126224080721536 and parameters: {'observation_period_num': 24, 'train_rates': 0.9848783768408208, 'learning_rate': 0.00030976515140584385, 'batch_size': 31, 'step_size': 5, 'gamma': 0.9892897581199664}. Best is trial 26 with value: 0.0009087523212656379.[0m
[32m[I 2025-02-04 09:25:29,403][0m Trial 28 finished with value: 0.13808936169070582 and parameters: {'observation_period_num': 36, 'train_rates': 0.9256563348988118, 'learning_rate': 4.836426899881811e-05, 'batch_size': 58, 'step_size': 6, 'gamma': 0.9179154373100004}. Best is trial 26 with value: 0.0009087523212656379.[0m
[32m[I 2025-02-04 09:26:29,198][0m Trial 29 finished with value: 0.3414454962683204 and parameters: {'observation_period_num': 5, 'train_rates': 0.848474280184885, 'learning_rate': 0.00024935160952232343, 'batch_size': 92, 'step_size': 4, 'gamma': 0.9472075868307314}. Best is trial 26 with value: 0.0009087523212656379.[0m
[32m[I 2025-02-04 09:29:32,896][0m Trial 30 finished with value: 0.14921461580359655 and parameters: {'observation_period_num': 48, 'train_rates': 0.8835485693805224, 'learning_rate': 0.00018620667576534484, 'batch_size': 29, 'step_size': 7, 'gamma': 0.8883750408013394}. Best is trial 26 with value: 0.0009087523212656379.[0m
[32m[I 2025-02-04 09:31:44,378][0m Trial 31 finished with value: 0.012961096130311489 and parameters: {'observation_period_num': 75, 'train_rates': 0.9880450427738003, 'learning_rate': 0.00011256080012963569, 'batch_size': 44, 'step_size': 3, 'gamma': 0.8801053492710913}. Best is trial 26 with value: 0.0009087523212656379.[0m
[32m[I 2025-02-04 09:33:09,996][0m Trial 32 finished with value: 0.15235001793209935 and parameters: {'observation_period_num': 123, 'train_rates': 0.9499007727870324, 'learning_rate': 0.00046874157251077176, 'batch_size': 66, 'step_size': 2, 'gamma': 0.8487653685942748}. Best is trial 26 with value: 0.0009087523212656379.[0m
[32m[I 2025-02-04 09:38:57,411][0m Trial 33 finished with value: 0.0003515552921706568 and parameters: {'observation_period_num': 88, 'train_rates': 0.9601791111135296, 'learning_rate': 6.989854016125345e-05, 'batch_size': 16, 'step_size': 4, 'gamma': 0.9164138906439029}. Best is trial 33 with value: 0.0003515552921706568.[0m
[32m[I 2025-02-04 09:41:56,020][0m Trial 34 finished with value: 0.001800918613145707 and parameters: {'observation_period_num': 206, 'train_rates': 0.9569951023410082, 'learning_rate': 6.135885741652183e-05, 'batch_size': 30, 'step_size': 6, 'gamma': 0.921906957059701}. Best is trial 33 with value: 0.0003515552921706568.[0m
[32m[I 2025-02-04 09:43:32,061][0m Trial 35 finished with value: 0.06811325670334331 and parameters: {'observation_period_num': 223, 'train_rates': 0.9585552410161632, 'learning_rate': 6.240955894455711e-05, 'batch_size': 56, 'step_size': 4, 'gamma': 0.9204258551489394}. Best is trial 33 with value: 0.0003515552921706568.[0m
[32m[I 2025-02-04 09:44:51,792][0m Trial 36 finished with value: 0.18822790682315826 and parameters: {'observation_period_num': 70, 'train_rates': 0.9882918850983451, 'learning_rate': 4.502713242948988e-05, 'batch_size': 74, 'step_size': 7, 'gamma': 0.958142337986557}. Best is trial 33 with value: 0.0003515552921706568.[0m
[32m[I 2025-02-04 09:47:37,019][0m Trial 37 finished with value: 0.03563479776099577 and parameters: {'observation_period_num': 250, 'train_rates': 0.9565281795806971, 'learning_rate': 2.981515265460238e-05, 'batch_size': 32, 'step_size': 2, 'gamma': 0.9381355524554482}. Best is trial 33 with value: 0.0003515552921706568.[0m
[32m[I 2025-02-04 09:48:08,960][0m Trial 38 finished with value: 0.173532395693126 and parameters: {'observation_period_num': 209, 'train_rates': 0.9025435347703024, 'learning_rate': 6.786600465220319e-05, 'batch_size': 173, 'step_size': 7, 'gamma': 0.9070737891193499}. Best is trial 33 with value: 0.0003515552921706568.[0m
[32m[I 2025-02-04 09:50:10,662][0m Trial 39 finished with value: 4.666511880823989 and parameters: {'observation_period_num': 84, 'train_rates': 0.6765478891839615, 'learning_rate': 0.0001691433962077543, 'batch_size': 36, 'step_size': 5, 'gamma': 0.9266537440425718}. Best is trial 33 with value: 0.0003515552921706568.[0m
[32m[I 2025-02-04 09:55:25,204][0m Trial 40 finished with value: 0.003997214032364462 and parameters: {'observation_period_num': 52, 'train_rates': 0.9651215482533434, 'learning_rate': 4.234204517980268e-05, 'batch_size': 18, 'step_size': 4, 'gamma': 0.8211178058981126}. Best is trial 33 with value: 0.0003515552921706568.[0m
[32m[I 2025-02-04 10:01:17,503][0m Trial 41 finished with value: 0.011562680173665286 and parameters: {'observation_period_num': 52, 'train_rates': 0.9587399148971466, 'learning_rate': 4.074434246051665e-05, 'batch_size': 16, 'step_size': 4, 'gamma': 0.8221179213510443}. Best is trial 33 with value: 0.0003515552921706568.[0m
[32m[I 2025-02-04 10:03:03,206][0m Trial 42 finished with value: 0.13654806582551254 and parameters: {'observation_period_num': 31, 'train_rates': 0.9677808040739898, 'learning_rate': 8.523186894528852e-05, 'batch_size': 55, 'step_size': 4, 'gamma': 0.9428463850822931}. Best is trial 33 with value: 0.0003515552921706568.[0m
[32m[I 2025-02-04 10:05:55,743][0m Trial 43 finished with value: 0.38833734599911435 and parameters: {'observation_period_num': 47, 'train_rates': 0.91568839751887, 'learning_rate': 3.618824547009554e-05, 'batch_size': 32, 'step_size': 2, 'gamma': 0.8447887510189968}. Best is trial 33 with value: 0.0003515552921706568.[0m
[32m[I 2025-02-04 10:07:19,328][0m Trial 44 finished with value: 0.24340566992759705 and parameters: {'observation_period_num': 63, 'train_rates': 0.989527269499718, 'learning_rate': 2.2980760423351264e-05, 'batch_size': 71, 'step_size': 6, 'gamma': 0.8258905894078888}. Best is trial 33 with value: 0.0003515552921706568.[0m
[32m[I 2025-02-04 10:09:14,573][0m Trial 45 finished with value: 0.39609376832525783 and parameters: {'observation_period_num': 85, 'train_rates': 0.9675396865469208, 'learning_rate': 1.212191021741833e-05, 'batch_size': 49, 'step_size': 5, 'gamma': 0.8713296525652988}. Best is trial 33 with value: 0.0003515552921706568.[0m
[32m[I 2025-02-04 10:14:32,212][0m Trial 46 finished with value: 0.05060686543372845 and parameters: {'observation_period_num': 18, 'train_rates': 0.8874996571427172, 'learning_rate': 6.167748986757619e-05, 'batch_size': 17, 'step_size': 3, 'gamma': 0.8604002251454901}. Best is trial 33 with value: 0.0003515552921706568.[0m
[32m[I 2025-02-04 10:17:48,778][0m Trial 47 finished with value: 0.13876753200770944 and parameters: {'observation_period_num': 110, 'train_rates': 0.9449099535353525, 'learning_rate': 1.746848177059184e-05, 'batch_size': 28, 'step_size': 4, 'gamma': 0.9053164197634124}. Best is trial 33 with value: 0.0003515552921706568.[0m
[32m[I 2025-02-04 10:18:26,400][0m Trial 48 finished with value: 0.6246392696331708 and parameters: {'observation_period_num': 129, 'train_rates': 0.917345552420967, 'learning_rate': 0.0001218673289146514, 'batch_size': 147, 'step_size': 2, 'gamma': 0.8584881550094398}. Best is trial 33 with value: 0.0003515552921706568.[0m
[32m[I 2025-02-04 10:18:49,972][0m Trial 49 finished with value: 4.162613712416755 and parameters: {'observation_period_num': 160, 'train_rates': 0.6293221127453272, 'learning_rate': 0.00021053125312045653, 'batch_size': 193, 'step_size': 5, 'gamma': 0.8726807072395275}. Best is trial 33 with value: 0.0003515552921706568.[0m
[32m[I 2025-02-04 10:18:49,979][0m A new study created in memory with name: no-name-9ca6e28a-7986-4d01-aa8f-ac99113c6257[0m
[32m[I 2025-02-04 10:20:06,400][0m Trial 0 finished with value: 0.052190352828525334 and parameters: {'observation_period_num': 181, 'train_rates': 0.684671610573325, 'learning_rate': 0.00021801633008761669, 'batch_size': 57, 'step_size': 13, 'gamma': 0.780054646213407}. Best is trial 0 with value: 0.052190352828525334.[0m
[32m[I 2025-02-04 10:21:16,163][0m Trial 1 finished with value: 0.06893737926081037 and parameters: {'observation_period_num': 65, 'train_rates': 0.710748115070783, 'learning_rate': 0.0007004372635678512, 'batch_size': 68, 'step_size': 1, 'gamma': 0.8655965322005612}. Best is trial 0 with value: 0.052190352828525334.[0m
[32m[I 2025-02-04 10:21:36,306][0m Trial 2 finished with value: 0.2314659462102939 and parameters: {'observation_period_num': 178, 'train_rates': 0.6067680725579735, 'learning_rate': 2.107768705489992e-05, 'batch_size': 212, 'step_size': 13, 'gamma': 0.793750240682315}. Best is trial 0 with value: 0.052190352828525334.[0m
[32m[I 2025-02-04 10:21:59,084][0m Trial 3 finished with value: 0.3405181401968002 and parameters: {'observation_period_num': 221, 'train_rates': 0.8354047377194035, 'learning_rate': 2.6635696294273587e-05, 'batch_size': 177, 'step_size': 1, 'gamma': 0.8550968601755974}. Best is trial 0 with value: 0.052190352828525334.[0m
[32m[I 2025-02-04 10:22:22,653][0m Trial 4 finished with value: 0.004601895343512297 and parameters: {'observation_period_num': 120, 'train_rates': 0.913353618362597, 'learning_rate': 0.000623843784681871, 'batch_size': 256, 'step_size': 6, 'gamma': 0.9397621459135812}. Best is trial 4 with value: 0.004601895343512297.[0m
[32m[I 2025-02-04 10:22:50,111][0m Trial 5 finished with value: 0.03166413203723658 and parameters: {'observation_period_num': 215, 'train_rates': 0.7301002782844992, 'learning_rate': 0.00010490841415447289, 'batch_size': 177, 'step_size': 10, 'gamma': 0.8965247033285625}. Best is trial 4 with value: 0.004601895343512297.[0m
[32m[I 2025-02-04 10:23:09,809][0m Trial 6 finished with value: 0.9861931198131965 and parameters: {'observation_period_num': 229, 'train_rates': 0.7045997499855096, 'learning_rate': 5.397459503988488e-06, 'batch_size': 242, 'step_size': 4, 'gamma': 0.8068546616509374}. Best is trial 4 with value: 0.004601895343512297.[0m
[32m[I 2025-02-04 10:23:36,266][0m Trial 7 finished with value: 0.6716804621850743 and parameters: {'observation_period_num': 105, 'train_rates': 0.7612406392432696, 'learning_rate': 2.2904269367109546e-06, 'batch_size': 182, 'step_size': 14, 'gamma': 0.8462814238830305}. Best is trial 4 with value: 0.004601895343512297.[0m
[32m[I 2025-02-04 10:24:00,577][0m Trial 8 finished with value: 0.1897213546287678 and parameters: {'observation_period_num': 190, 'train_rates': 0.8584432066673318, 'learning_rate': 5.376564808639198e-06, 'batch_size': 217, 'step_size': 7, 'gamma': 0.9702076411816438}. Best is trial 4 with value: 0.004601895343512297.[0m
[32m[I 2025-02-04 10:24:34,342][0m Trial 9 finished with value: 0.01215406530571514 and parameters: {'observation_period_num': 29, 'train_rates': 0.7713788556230532, 'learning_rate': 0.0005518932365735366, 'batch_size': 157, 'step_size': 7, 'gamma': 0.8714777494267432}. Best is trial 4 with value: 0.004601895343512297.[0m
[32m[I 2025-02-04 10:25:27,937][0m Trial 10 finished with value: 0.007343122162497961 and parameters: {'observation_period_num': 128, 'train_rates': 0.9588653323767988, 'learning_rate': 9.427710154468877e-05, 'batch_size': 108, 'step_size': 10, 'gamma': 0.9837003635234991}. Best is trial 4 with value: 0.004601895343512297.[0m
[32m[I 2025-02-04 10:26:25,343][0m Trial 11 finished with value: 0.009552805684506893 and parameters: {'observation_period_num': 116, 'train_rates': 0.9870151624661311, 'learning_rate': 0.00010070030716761144, 'batch_size': 102, 'step_size': 10, 'gamma': 0.9871745879072679}. Best is trial 4 with value: 0.004601895343512297.[0m
[32m[I 2025-02-04 10:27:17,037][0m Trial 12 finished with value: 0.0037645545599535725 and parameters: {'observation_period_num': 132, 'train_rates': 0.9571954105242363, 'learning_rate': 0.00020218868818182604, 'batch_size': 111, 'step_size': 5, 'gamma': 0.9347045166686496}. Best is trial 12 with value: 0.0037645545599535725.[0m
[32m[I 2025-02-04 10:30:53,972][0m Trial 13 finished with value: 0.0006357709347105259 and parameters: {'observation_period_num': 86, 'train_rates': 0.9186850138148286, 'learning_rate': 0.0003500194736121426, 'batch_size': 25, 'step_size': 4, 'gamma': 0.9290492878565558}. Best is trial 13 with value: 0.0006357709347105259.[0m
[32m[I 2025-02-04 10:34:41,052][0m Trial 14 finished with value: 0.0014483301310489576 and parameters: {'observation_period_num': 74, 'train_rates': 0.9219039983795536, 'learning_rate': 0.00022464380273484708, 'batch_size': 24, 'step_size': 4, 'gamma': 0.9217935553498066}. Best is trial 13 with value: 0.0006357709347105259.[0m
[32m[I 2025-02-04 10:40:16,505][0m Trial 15 finished with value: 0.0011051017269171003 and parameters: {'observation_period_num': 66, 'train_rates': 0.8998431930696058, 'learning_rate': 0.0002702442758987317, 'batch_size': 16, 'step_size': 3, 'gamma': 0.9203704067479104}. Best is trial 13 with value: 0.0006357709347105259.[0m
