[32m[I 2025-02-04 12:33:15,608][0m Trial 32 finished with value: 0.0018403637480217119 and parameters: {'observation_period_num': 229, 'train_rates': 0.9335514121546182, 'learning_rate': 0.0003035139469504159, 'batch_size': 101, 'step_size': 7, 'gamma': 0.9143972046632393}. Best is trial 17 with value: 0.0007840577745810151.[0m
[32m[I 2025-02-04 12:34:37,218][0m Trial 33 finished with value: 0.0005073195806648018 and parameters: {'observation_period_num': 153, 'train_rates': 0.9648293454047961, 'learning_rate': 0.0005651494814885458, 'batch_size': 69, 'step_size': 9, 'gamma': 0.8886732008105059}. Best is trial 33 with value: 0.0005073195806648018.[0m
[32m[I 2025-02-04 12:35:58,838][0m Trial 34 finished with value: 0.0003714432926952011 and parameters: {'observation_period_num': 147, 'train_rates': 0.9680670185617745, 'learning_rate': 0.0005995233814150749, 'batch_size': 68, 'step_size': 9, 'gamma': 0.8902507637861748}. Best is trial 34 with value: 0.0003714432926952011.[0m
[32m[I 2025-02-04 12:38:37,090][0m Trial 35 finished with value: 0.0006415645627345403 and parameters: {'observation_period_num': 151, 'train_rates': 0.9672103026749901, 'learning_rate': 0.0005831460490750623, 'batch_size': 35, 'step_size': 9, 'gamma': 0.8593710936421874}. Best is trial 34 with value: 0.0003714432926952011.[0m
[32m[I 2025-02-04 12:40:59,651][0m Trial 36 finished with value: 0.0011903625038154062 and parameters: {'observation_period_num': 121, 'train_rates': 0.9636248187266568, 'learning_rate': 0.0006713787040814491, 'batch_size': 39, 'step_size': 11, 'gamma': 0.8619701464136462}. Best is trial 34 with value: 0.0003714432926952011.[0m
[32m[I 2025-02-04 12:42:25,245][0m Trial 37 finished with value: 0.0004778858885695838 and parameters: {'observation_period_num': 147, 'train_rates': 0.9648617967867738, 'learning_rate': 0.0007771679262692973, 'batch_size': 65, 'step_size': 9, 'gamma': 0.8336893281761714}. Best is trial 34 with value: 0.0003714432926952011.[0m
[32m[I 2025-02-04 12:43:52,795][0m Trial 38 finished with value: 0.0003480024317119534 and parameters: {'observation_period_num': 146, 'train_rates': 0.9648677054941778, 'learning_rate': 0.0007099948575282464, 'batch_size': 64, 'step_size': 9, 'gamma': 0.8388601717143546}. Best is trial 38 with value: 0.0003480024317119534.[0m
[32m[I 2025-02-04 12:45:18,533][0m Trial 39 finished with value: 0.0005705607844801205 and parameters: {'observation_period_num': 139, 'train_rates': 0.9682580262313106, 'learning_rate': 0.0007954474464530165, 'batch_size': 65, 'step_size': 6, 'gamma': 0.8351593504881661}. Best is trial 38 with value: 0.0003480024317119534.[0m
[32m[I 2025-02-04 12:46:25,087][0m Trial 40 finished with value: 0.0014423910007806298 and parameters: {'observation_period_num': 64, 'train_rates': 0.7215045176917707, 'learning_rate': 0.0005352658056433897, 'batch_size': 71, 'step_size': 10, 'gamma': 0.8271800618560841}. Best is trial 38 with value: 0.0003480024317119534.[0m
[32m[I 2025-02-04 12:47:30,691][0m Trial 41 finished with value: 0.0039761905711766235 and parameters: {'observation_period_num': 141, 'train_rates': 0.6146875339446329, 'learning_rate': 0.0008560022824690836, 'batch_size': 62, 'step_size': 6, 'gamma': 0.8463095851839832}. Best is trial 38 with value: 0.0003480024317119534.[0m
[32m[I 2025-02-04 12:49:24,466][0m Trial 42 finished with value: 0.0005173509067390114 and parameters: {'observation_period_num': 127, 'train_rates': 0.9682723549136896, 'learning_rate': 0.0007091118987778015, 'batch_size': 49, 'step_size': 6, 'gamma': 0.8248916525571894}. Best is trial 38 with value: 0.0003480024317119534.[0m
[32m[I 2025-02-04 12:50:26,144][0m Trial 43 finished with value: 0.0011143889498604826 and parameters: {'observation_period_num': 123, 'train_rates': 0.9404163145583583, 'learning_rate': 0.00027831944229200995, 'batch_size': 89, 'step_size': 9, 'gamma': 0.8127997631476019}. Best is trial 38 with value: 0.0003480024317119534.[0m
[32m[I 2025-02-04 12:52:16,723][0m Trial 44 finished with value: 0.001663565857291042 and parameters: {'observation_period_num': 88, 'train_rates': 0.9712873287605961, 'learning_rate': 0.0005845986554103037, 'batch_size': 52, 'step_size': 4, 'gamma': 0.7987206889626675}. Best is trial 38 with value: 0.0003480024317119534.[0m
[32m[I 2025-02-04 12:55:32,864][0m Trial 45 finished with value: 0.025082066970647673 and parameters: {'observation_period_num': 148, 'train_rates': 0.8685403612945151, 'learning_rate': 0.000707556187527353, 'batch_size': 26, 'step_size': 1, 'gamma': 0.8263771322517172}. Best is trial 38 with value: 0.0003480024317119534.[0m
[32m[I 2025-02-04 12:57:13,691][0m Trial 46 finished with value: 0.001610946442653497 and parameters: {'observation_period_num': 109, 'train_rates': 0.8044197771475124, 'learning_rate': 0.00046359932131747505, 'batch_size': 49, 'step_size': 7, 'gamma': 0.8033727476322066}. Best is trial 38 with value: 0.0003480024317119534.[0m
[32m[I 2025-02-04 12:58:15,694][0m Trial 47 finished with value: 0.0006634820045553436 and parameters: {'observation_period_num': 120, 'train_rates': 0.9361039715029009, 'learning_rate': 0.0009620181175884952, 'batch_size': 90, 'step_size': 11, 'gamma': 0.8346492560095429}. Best is trial 38 with value: 0.0003480024317119534.[0m
[32m[I 2025-02-04 13:01:34,354][0m Trial 48 finished with value: 0.001700239651836455 and parameters: {'observation_period_num': 134, 'train_rates': 0.9716969434849019, 'learning_rate': 0.00026321606536098256, 'batch_size': 28, 'step_size': 9, 'gamma': 0.8878677089918176}. Best is trial 38 with value: 0.0003480024317119534.[0m
[32m[I 2025-02-04 13:02:43,316][0m Trial 49 finished with value: 0.0006486604574759527 and parameters: {'observation_period_num': 145, 'train_rates': 0.9000314963146944, 'learning_rate': 0.0006707186314225516, 'batch_size': 78, 'step_size': 10, 'gamma': 0.8625904341134247}. Best is trial 38 with value: 0.0003480024317119534.[0m
[32m[I 2025-02-04 13:02:43,321][0m A new study created in memory with name: no-name-617d07dd-eadb-43c4-8828-b70532dfbd34[0m
[32m[I 2025-02-04 13:03:11,296][0m Trial 0 finished with value: 0.19846724212268005 and parameters: {'observation_period_num': 218, 'train_rates': 0.6675378454840106, 'learning_rate': 2.4282123581343043e-06, 'batch_size': 156, 'step_size': 2, 'gamma': 0.9721626039522897}. Best is trial 0 with value: 0.19846724212268005.[0m
[32m[I 2025-02-04 13:03:52,389][0m Trial 1 finished with value: 0.29506945113341015 and parameters: {'observation_period_num': 48, 'train_rates': 0.8235903319032665, 'learning_rate': 2.332967717354774e-06, 'batch_size': 131, 'step_size': 12, 'gamma': 0.8977793310059432}. Best is trial 0 with value: 0.19846724212268005.[0m
[32m[I 2025-02-04 13:04:17,876][0m Trial 2 finished with value: 0.20119384883380517 and parameters: {'observation_period_num': 120, 'train_rates': 0.7106312329114874, 'learning_rate': 2.9377188008215384e-06, 'batch_size': 197, 'step_size': 9, 'gamma': 0.9866974272815362}. Best is trial 0 with value: 0.19846724212268005.[0m
[32m[I 2025-02-04 13:05:23,449][0m Trial 3 finished with value: 0.003575317287415937 and parameters: {'observation_period_num': 124, 'train_rates': 0.8510750211873452, 'learning_rate': 0.00019193710649504183, 'batch_size': 79, 'step_size': 10, 'gamma': 0.793706027181332}. Best is trial 3 with value: 0.003575317287415937.[0m
[32m[I 2025-02-04 13:05:57,875][0m Trial 4 finished with value: 0.028027960266981226 and parameters: {'observation_period_num': 131, 'train_rates': 0.6873307098238836, 'learning_rate': 1.5043516386346628e-05, 'batch_size': 130, 'step_size': 12, 'gamma': 0.9761841825147861}. Best is trial 3 with value: 0.003575317287415937.[0m
[32m[I 2025-02-04 13:08:35,101][0m Trial 5 finished with value: 0.018164225989939088 and parameters: {'observation_period_num': 97, 'train_rates': 0.8563687379834835, 'learning_rate': 0.0006012333977528861, 'batch_size': 33, 'step_size': 8, 'gamma': 0.9844529798563496}. Best is trial 3 with value: 0.003575317287415937.[0m
[32m[I 2025-02-04 13:11:12,673][0m Trial 6 finished with value: 0.03503691681353403 and parameters: {'observation_period_num': 242, 'train_rates': 0.6346538465332695, 'learning_rate': 7.292554344685924e-06, 'batch_size': 25, 'step_size': 4, 'gamma': 0.8683164178189314}. Best is trial 3 with value: 0.003575317287415937.[0m
[32m[I 2025-02-04 13:11:29,640][0m Trial 7 finished with value: 0.2034282721495172 and parameters: {'observation_period_num': 56, 'train_rates': 0.6934077501292345, 'learning_rate': 6.570099146352835e-05, 'batch_size': 157, 'step_size': 1, 'gamma': 0.762921288168005}. Best is trial 3 with value: 0.003575317287415937.[0m
[32m[I 2025-02-04 13:14:01,556][0m Trial 8 finished with value: 0.003999676376863462 and parameters: {'observation_period_num': 130, 'train_rates': 0.8050628872534833, 'learning_rate': 0.00030979832096447436, 'batch_size': 32, 'step_size': 5, 'gamma': 0.9619792360936678}. Best is trial 3 with value: 0.003575317287415937.[0m
[32m[I 2025-02-04 13:15:01,254][0m Trial 9 finished with value: 0.0035169209581665663 and parameters: {'observation_period_num': 167, 'train_rates': 0.8257981520693607, 'learning_rate': 0.0005176806568618599, 'batch_size': 85, 'step_size': 10, 'gamma': 0.7695378454939276}. Best is trial 9 with value: 0.0035169209581665663.[0m
[32m[I 2025-02-04 13:15:24,780][0m Trial 10 finished with value: 0.0011000538943335414 and parameters: {'observation_period_num': 188, 'train_rates': 0.9807169062075896, 'learning_rate': 0.0009826628006639213, 'batch_size': 256, 'step_size': 15, 'gamma': 0.819729929585193}. Best is trial 10 with value: 0.0011000538943335414.[0m
[32m[I 2025-02-04 13:15:48,300][0m Trial 11 finished with value: 0.0024081130977720022 and parameters: {'observation_period_num': 180, 'train_rates': 0.9444525334689712, 'learning_rate': 0.0009601481934150264, 'batch_size': 242, 'step_size': 14, 'gamma': 0.8231209441135862}. Best is trial 10 with value: 0.0011000538943335414.[0m
[32m[I 2025-02-04 13:16:14,160][0m Trial 12 finished with value: 0.0033912276849150658 and parameters: {'observation_period_num': 193, 'train_rates': 0.9819567303451073, 'learning_rate': 0.000935127737826956, 'batch_size': 241, 'step_size': 15, 'gamma': 0.8250559385474765}. Best is trial 10 with value: 0.0011000538943335414.[0m
[32m[I 2025-02-04 13:16:37,570][0m Trial 13 finished with value: 0.0032931906171143055 and parameters: {'observation_period_num': 184, 'train_rates': 0.9882012202084812, 'learning_rate': 0.0001027547796468851, 'batch_size': 254, 'step_size': 15, 'gamma': 0.8407302318669947}. Best is trial 10 with value: 0.0011000538943335414.[0m
[32m[I 2025-02-04 13:17:03,188][0m Trial 14 finished with value: 0.010086722671985626 and parameters: {'observation_period_num': 251, 'train_rates': 0.9306955295203668, 'learning_rate': 4.200125954133955e-05, 'batch_size': 214, 'step_size': 13, 'gamma': 0.8184325717654155}. Best is trial 10 with value: 0.0011000538943335414.[0m
[32m[I 2025-02-04 13:17:32,915][0m Trial 15 finished with value: 0.01938966428861022 and parameters: {'observation_period_num': 6, 'train_rates': 0.9092037980652113, 'learning_rate': 0.00019658276558331682, 'batch_size': 201, 'step_size': 14, 'gamma': 0.8678294124780319}. Best is trial 10 with value: 0.0011000538943335414.[0m
[32m[I 2025-02-04 13:17:58,279][0m Trial 16 finished with value: 0.0021296998020261526 and parameters: {'observation_period_num': 159, 'train_rates': 0.9219884879149511, 'learning_rate': 0.000830138551354994, 'batch_size': 219, 'step_size': 12, 'gamma': 0.9103293691045743}. Best is trial 10 with value: 0.0011000538943335414.[0m
[32m[I 2025-02-04 13:18:20,816][0m Trial 17 finished with value: 0.025071636752479455 and parameters: {'observation_period_num': 155, 'train_rates': 0.7484806322985815, 'learning_rate': 1.9270316271839044e-05, 'batch_size': 216, 'step_size': 7, 'gamma': 0.914473480371293}. Best is trial 10 with value: 0.0011000538943335414.[0m
[32m[I 2025-02-04 13:18:50,345][0m Trial 18 finished with value: 0.004489173014618216 and parameters: {'observation_period_num': 215, 'train_rates': 0.8868133588379734, 'learning_rate': 0.00012662251409831476, 'batch_size': 176, 'step_size': 11, 'gamma': 0.935209132618611}. Best is trial 10 with value: 0.0011000538943335414.[0m
[32m[I 2025-02-04 13:19:15,880][0m Trial 19 finished with value: 0.002351340837776661 and parameters: {'observation_period_num': 208, 'train_rates': 0.9607830750601111, 'learning_rate': 0.00028853833696800116, 'batch_size': 232, 'step_size': 13, 'gamma': 0.8936226707327023}. Best is trial 10 with value: 0.0011000538943335414.[0m
[32m[I 2025-02-04 13:19:42,393][0m Trial 20 finished with value: 0.0029475463389645935 and parameters: {'observation_period_num': 151, 'train_rates': 0.7614793938767553, 'learning_rate': 0.00040036973285589324, 'batch_size': 182, 'step_size': 7, 'gamma': 0.9421457390109331}. Best is trial 10 with value: 0.0011000538943335414.[0m
[32m[I 2025-02-04 13:20:08,049][0m Trial 21 finished with value: 0.0023727361112833023 and parameters: {'observation_period_num': 212, 'train_rates': 0.9539226493484794, 'learning_rate': 0.00028251283154168903, 'batch_size': 229, 'step_size': 13, 'gamma': 0.8936502557191103}. Best is trial 10 with value: 0.0011000538943335414.[0m
[32m[I 2025-02-04 13:20:29,625][0m Trial 22 finished with value: 0.0019248269137196157 and parameters: {'observation_period_num': 196, 'train_rates': 0.9043202087248223, 'learning_rate': 0.0009062494601625785, 'batch_size': 255, 'step_size': 15, 'gamma': 0.8956602560345247}. Best is trial 10 with value: 0.0011000538943335414.[0m
[32m[I 2025-02-04 13:20:53,324][0m Trial 23 finished with value: 0.004957550906079919 and parameters: {'observation_period_num': 171, 'train_rates': 0.8910421394721254, 'learning_rate': 0.0009823499201504831, 'batch_size': 245, 'step_size': 15, 'gamma': 0.8536212368720129}. Best is trial 10 with value: 0.0011000538943335414.[0m
[32m[I 2025-02-04 13:21:14,789][0m Trial 24 finished with value: 0.0028830636292696 and parameters: {'observation_period_num': 233, 'train_rates': 0.9252189910591799, 'learning_rate': 0.0006024079374705259, 'batch_size': 255, 'step_size': 14, 'gamma': 0.927609557070126}. Best is trial 10 with value: 0.0011000538943335414.[0m
[32m[I 2025-02-04 13:21:40,774][0m Trial 25 finished with value: 0.006243997665808937 and parameters: {'observation_period_num': 197, 'train_rates': 0.870402461485389, 'learning_rate': 0.00012557390469769631, 'batch_size': 217, 'step_size': 12, 'gamma': 0.7988413839487931}. Best is trial 10 with value: 0.0011000538943335414.[0m
[32m[I 2025-02-04 13:22:10,334][0m Trial 26 finished with value: 0.002279684080870128 and parameters: {'observation_period_num': 97, 'train_rates': 0.9109006129529699, 'learning_rate': 0.0005567022390550168, 'batch_size': 194, 'step_size': 15, 'gamma': 0.8831235933914564}. Best is trial 10 with value: 0.0011000538943335414.[0m
[32m[I 2025-02-04 13:22:35,829][0m Trial 27 finished with value: 0.00422830693423748 and parameters: {'observation_period_num': 155, 'train_rates': 0.9639915500723154, 'learning_rate': 6.256440634684711e-05, 'batch_size': 228, 'step_size': 11, 'gamma': 0.9131871771142671}. Best is trial 10 with value: 0.0011000538943335414.[0m
[32m[I 2025-02-04 13:23:26,339][0m Trial 28 finished with value: 0.41383510988492234 and parameters: {'observation_period_num': 145, 'train_rates': 0.9074401896210448, 'learning_rate': 1.0454856232694476e-06, 'batch_size': 108, 'step_size': 14, 'gamma': 0.8421147648244717}. Best is trial 10 with value: 0.0011000538943335414.[0m
[32m[I 2025-02-04 13:23:53,234][0m Trial 29 finished with value: 0.006708504035324551 and parameters: {'observation_period_num': 224, 'train_rates': 0.6057497968136063, 'learning_rate': 0.0003995282290968746, 'batch_size': 151, 'step_size': 13, 'gamma': 0.9469665758150421}. Best is trial 10 with value: 0.0011000538943335414.[0m
[32m[I 2025-02-04 13:24:22,015][0m Trial 30 finished with value: 0.004963997464029141 and parameters: {'observation_period_num': 102, 'train_rates': 0.7728019416187384, 'learning_rate': 0.00018685520533842954, 'batch_size': 176, 'step_size': 11, 'gamma': 0.9152116591515401}. Best is trial 10 with value: 0.0011000538943335414.[0m
[32m[I 2025-02-04 13:24:51,634][0m Trial 31 finished with value: 0.001560706398907184 and parameters: {'observation_period_num': 82, 'train_rates': 0.9219983008507138, 'learning_rate': 0.0006765558752980279, 'batch_size': 198, 'step_size': 15, 'gamma': 0.8838472257847493}. Best is trial 10 with value: 0.0011000538943335414.[0m
[32m[I 2025-02-04 13:25:15,159][0m Trial 32 finished with value: 0.0009765169234015048 and parameters: {'observation_period_num': 64, 'train_rates': 0.9373267590404979, 'learning_rate': 0.0006954040945732219, 'batch_size': 256, 'step_size': 15, 'gamma': 0.8800521252220739}. Best is trial 32 with value: 0.0009765169234015048.[0m
[32m[I 2025-02-04 13:25:40,930][0m Trial 33 finished with value: 0.0006538386223837733 and parameters: {'observation_period_num': 66, 'train_rates': 0.971293338784555, 'learning_rate': 0.0006259606035518978, 'batch_size': 254, 'step_size': 15, 'gamma': 0.8730250923797129}. Best is trial 33 with value: 0.0006538386223837733.[0m
[32m[I 2025-02-04 13:26:10,688][0m Trial 34 finished with value: 0.001206904649734497 and parameters: {'observation_period_num': 64, 'train_rates': 0.9741504848954723, 'learning_rate': 0.0004144865842228292, 'batch_size': 205, 'step_size': 14, 'gamma': 0.878452207353308}. Best is trial 33 with value: 0.0006538386223837733.[0m
[32m[I 2025-02-04 13:26:36,027][0m Trial 35 finished with value: 0.002108725719153881 and parameters: {'observation_period_num': 48, 'train_rates': 0.9778608997905847, 'learning_rate': 0.0004032053682943905, 'batch_size': 237, 'step_size': 14, 'gamma': 0.8612390193345207}. Best is trial 33 with value: 0.0006538386223837733.[0m
[32m[I 2025-02-04 13:27:05,610][0m Trial 36 finished with value: 0.01144129317253828 and parameters: {'observation_period_num': 16, 'train_rates': 0.9462808084422702, 'learning_rate': 0.00021147039687767494, 'batch_size': 209, 'step_size': 13, 'gamma': 0.8464285054349421}. Best is trial 33 with value: 0.0006538386223837733.[0m
[32m[I 2025-02-04 13:27:31,051][0m Trial 37 finished with value: 0.0018283447716385126 and parameters: {'observation_period_num': 72, 'train_rates': 0.965713849822613, 'learning_rate': 0.0004447518901328954, 'batch_size': 247, 'step_size': 12, 'gamma': 0.8037557356827605}. Best is trial 33 with value: 0.0006538386223837733.[0m
[32m[I 2025-02-04 13:27:58,657][0m Trial 38 finished with value: 0.04080238193273544 and parameters: {'observation_period_num': 30, 'train_rates': 0.9881049542979377, 'learning_rate': 6.003019578136309e-06, 'batch_size': 227, 'step_size': 9, 'gamma': 0.8784206014903491}. Best is trial 33 with value: 0.0006538386223837733.[0m
[32m[I 2025-02-04 13:28:40,591][0m Trial 39 finished with value: 0.00746552746456403 and parameters: {'observation_period_num': 35, 'train_rates': 0.9420806838219958, 'learning_rate': 0.0003005861528708924, 'batch_size': 140, 'step_size': 5, 'gamma': 0.7758382592068219}. Best is trial 33 with value: 0.0006538386223837733.[0m
[32m[I 2025-02-04 13:30:27,219][0m Trial 40 finished with value: 0.0008216390547860815 and parameters: {'observation_period_num': 67, 'train_rates': 0.8679846255042523, 'learning_rate': 0.0006229905852356272, 'batch_size': 50, 'step_size': 14, 'gamma': 0.832928442586385}. Best is trial 33 with value: 0.0006538386223837733.[0m
[32m[I 2025-02-04 13:31:41,849][0m Trial 41 finished with value: 0.000869003501444096 and parameters: {'observation_period_num': 60, 'train_rates': 0.8254116432008005, 'learning_rate': 0.0005578345238443743, 'batch_size': 70, 'step_size': 14, 'gamma': 0.8333943819036705}. Best is trial 33 with value: 0.0006538386223837733.[0m
[32m[I 2025-02-04 13:33:40,310][0m Trial 42 finished with value: 0.0026560740270369803 and parameters: {'observation_period_num': 81, 'train_rates': 0.8306684194731564, 'learning_rate': 0.0006686519000761015, 'batch_size': 43, 'step_size': 14, 'gamma': 0.8320470899962475}. Best is trial 33 with value: 0.0006538386223837733.[0m
[32m[I 2025-02-04 13:35:05,109][0m Trial 43 finished with value: 0.003153983069899567 and parameters: {'observation_period_num': 115, 'train_rates': 0.8469624425812778, 'learning_rate': 0.0007513254098131957, 'batch_size': 61, 'step_size': 15, 'gamma': 0.8139705909958593}. Best is trial 33 with value: 0.0006538386223837733.[0m
[32m[I 2025-02-04 13:36:12,456][0m Trial 44 finished with value: 0.014297792605908686 and parameters: {'observation_period_num': 35, 'train_rates': 0.8698194054357659, 'learning_rate': 0.000552124525548293, 'batch_size': 81, 'step_size': 3, 'gamma': 0.7836554320885076}. Best is trial 33 with value: 0.0006538386223837733.[0m
[32m[I 2025-02-04 13:41:20,810][0m Trial 45 finished with value: 0.01803282904778136 and parameters: {'observation_period_num': 49, 'train_rates': 0.7994136322562155, 'learning_rate': 0.00023190660327079948, 'batch_size': 16, 'step_size': 13, 'gamma': 0.8526896760210805}. Best is trial 33 with value: 0.0006538386223837733.[0m
[32m[I 2025-02-04 13:42:10,333][0m Trial 46 finished with value: 0.006059107410764655 and parameters: {'observation_period_num': 83, 'train_rates': 0.8421323312872073, 'learning_rate': 0.00013608184068322423, 'batch_size': 108, 'step_size': 15, 'gamma': 0.8300089642060104}. Best is trial 33 with value: 0.0006538386223837733.[0m
