[32m[I 2025-02-04 13:43:42,802][0m Trial 47 finished with value: 0.011414799942166766 and parameters: {'observation_period_num': 62, 'train_rates': 0.8748853377267636, 'learning_rate': 8.130697366844989e-05, 'batch_size': 58, 'step_size': 12, 'gamma': 0.7881338968523299}. Best is trial 33 with value: 0.0006538386223837733.[0m
[32m[I 2025-02-04 13:44:30,447][0m Trial 48 finished with value: 0.015956330871835178 and parameters: {'observation_period_num': 113, 'train_rates': 0.8175803890047063, 'learning_rate': 2.5107001509321766e-05, 'batch_size': 109, 'step_size': 14, 'gamma': 0.8086544514007102}. Best is trial 33 with value: 0.0006538386223837733.[0m
[32m[I 2025-02-04 13:45:30,862][0m Trial 49 finished with value: 0.004839370457441114 and parameters: {'observation_period_num': 93, 'train_rates': 0.9323147764983016, 'learning_rate': 0.0007133634227335705, 'batch_size': 93, 'step_size': 10, 'gamma': 0.8641329253800603}. Best is trial 33 with value: 0.0006538386223837733.[0m
[32m[I 2025-02-04 13:45:30,867][0m A new study created in memory with name: no-name-da7b5f3b-3e71-4fae-8a5a-6d3528dcc3ec[0m
[32m[I 2025-02-04 13:48:45,928][0m Trial 0 finished with value: 0.03145193170918071 and parameters: {'observation_period_num': 209, 'train_rates': 0.9330609023285901, 'learning_rate': 4.398385312793615e-06, 'batch_size': 27, 'step_size': 3, 'gamma': 0.825198119489316}. Best is trial 0 with value: 0.03145193170918071.[0m
[32m[I 2025-02-04 13:49:11,504][0m Trial 1 finished with value: 0.05635666869417253 and parameters: {'observation_period_num': 194, 'train_rates': 0.8844397406138655, 'learning_rate': 6.26547961470389e-06, 'batch_size': 207, 'step_size': 4, 'gamma': 0.8965385093380449}. Best is trial 0 with value: 0.03145193170918071.[0m
[32m[I 2025-02-04 13:52:13,648][0m Trial 2 finished with value: 0.016289694554698055 and parameters: {'observation_period_num': 151, 'train_rates': 0.819805636650427, 'learning_rate': 5.545751397871349e-06, 'batch_size': 27, 'step_size': 3, 'gamma': 0.8552612726806333}. Best is trial 2 with value: 0.016289694554698055.[0m
[32m[I 2025-02-04 13:53:03,347][0m Trial 3 finished with value: 0.0645553057781295 and parameters: {'observation_period_num': 59, 'train_rates': 0.800470586602563, 'learning_rate': 3.3517408671006666e-06, 'batch_size': 103, 'step_size': 8, 'gamma': 0.7774531218308179}. Best is trial 2 with value: 0.016289694554698055.[0m
[32m[I 2025-02-04 13:53:48,774][0m Trial 4 finished with value: 0.08495426504657819 and parameters: {'observation_period_num': 208, 'train_rates': 0.9289874196624247, 'learning_rate': 1.3696674200907773e-06, 'batch_size': 121, 'step_size': 10, 'gamma': 0.9825236688271526}. Best is trial 2 with value: 0.016289694554698055.[0m
[32m[I 2025-02-04 13:55:13,613][0m Trial 5 finished with value: 0.013944907792606334 and parameters: {'observation_period_num': 109, 'train_rates': 0.9133573608349137, 'learning_rate': 5.702446789237579e-06, 'batch_size': 64, 'step_size': 11, 'gamma': 0.9415785663700686}. Best is trial 5 with value: 0.013944907792606334.[0m
[32m[I 2025-02-04 13:55:49,430][0m Trial 6 finished with value: 0.008900163733489709 and parameters: {'observation_period_num': 80, 'train_rates': 0.7461507891316148, 'learning_rate': 0.000196333969891214, 'batch_size': 134, 'step_size': 5, 'gamma': 0.8586870282833337}. Best is trial 6 with value: 0.008900163733489709.[0m
[32m[I 2025-02-04 13:56:57,294][0m Trial 7 finished with value: 0.0341151737552222 and parameters: {'observation_period_num': 8, 'train_rates': 0.8527167967348627, 'learning_rate': 3.031148190259203e-06, 'batch_size': 80, 'step_size': 5, 'gamma': 0.8186073284014808}. Best is trial 6 with value: 0.008900163733489709.[0m
[32m[I 2025-02-04 13:57:31,958][0m Trial 8 finished with value: 0.021664257703737897 and parameters: {'observation_period_num': 188, 'train_rates': 0.8685559970775172, 'learning_rate': 4.2055980463283234e-06, 'batch_size': 153, 'step_size': 11, 'gamma': 0.9891201672125121}. Best is trial 6 with value: 0.008900163733489709.[0m
[32m[I 2025-02-04 13:59:19,270][0m Trial 9 finished with value: 0.021495708415441347 and parameters: {'observation_period_num': 110, 'train_rates': 0.6025340888545757, 'learning_rate': 0.0002158657478338285, 'batch_size': 38, 'step_size': 10, 'gamma': 0.8234032747997481}. Best is trial 6 with value: 0.008900163733489709.[0m
[32m[I 2025-02-04 13:59:38,164][0m Trial 10 finished with value: 0.03134050619996846 and parameters: {'observation_period_num': 56, 'train_rates': 0.69762321676122, 'learning_rate': 0.0008465484818500879, 'batch_size': 253, 'step_size': 1, 'gamma': 0.905079120403108}. Best is trial 6 with value: 0.008900163733489709.[0m
[32m[I 2025-02-04 14:00:07,528][0m Trial 11 finished with value: 0.01087894967710026 and parameters: {'observation_period_num': 105, 'train_rates': 0.7435733026075726, 'learning_rate': 3.887602350058535e-05, 'batch_size': 163, 'step_size': 15, 'gamma': 0.9407886879079034}. Best is trial 6 with value: 0.008900163733489709.[0m
[32m[I 2025-02-04 14:00:37,078][0m Trial 12 finished with value: 0.010781961369418329 and parameters: {'observation_period_num': 71, 'train_rates': 0.7309994908546453, 'learning_rate': 4.7991499687462484e-05, 'batch_size': 168, 'step_size': 15, 'gamma': 0.9298746954634683}. Best is trial 6 with value: 0.008900163733489709.[0m
[32m[I 2025-02-04 14:01:04,444][0m Trial 13 finished with value: 0.008772732327920819 and parameters: {'observation_period_num': 56, 'train_rates': 0.7146840168493637, 'learning_rate': 5.631863947150024e-05, 'batch_size': 188, 'step_size': 15, 'gamma': 0.8727020109483772}. Best is trial 13 with value: 0.008772732327920819.[0m
[32m[I 2025-02-04 14:01:28,142][0m Trial 14 finished with value: 0.005322224011944684 and parameters: {'observation_period_num': 6, 'train_rates': 0.6480540458872142, 'learning_rate': 0.00015805591571036728, 'batch_size': 200, 'step_size': 7, 'gamma': 0.8677460598511321}. Best is trial 14 with value: 0.005322224011944684.[0m
[32m[I 2025-02-04 14:01:51,678][0m Trial 15 finished with value: 0.006179999404442101 and parameters: {'observation_period_num': 23, 'train_rates': 0.6508498459222212, 'learning_rate': 0.0001384036326253016, 'batch_size': 205, 'step_size': 8, 'gamma': 0.8851497221203274}. Best is trial 14 with value: 0.005322224011944684.[0m
[32m[I 2025-02-04 14:02:11,038][0m Trial 16 finished with value: 0.006864027423564524 and parameters: {'observation_period_num': 8, 'train_rates': 0.6113042032666935, 'learning_rate': 0.00016189446244970057, 'batch_size': 231, 'step_size': 8, 'gamma': 0.753098945118415}. Best is trial 14 with value: 0.005322224011944684.[0m
[32m[I 2025-02-04 14:02:32,779][0m Trial 17 finished with value: 0.024755045463419233 and parameters: {'observation_period_num': 247, 'train_rates': 0.6449507170945129, 'learning_rate': 1.4781723817213077e-05, 'batch_size': 208, 'step_size': 7, 'gamma': 0.8911308661800441}. Best is trial 14 with value: 0.005322224011944684.[0m
[32m[I 2025-02-04 14:02:52,062][0m Trial 18 finished with value: 0.00543347693595169 and parameters: {'observation_period_num': 28, 'train_rates': 0.6720402613322457, 'learning_rate': 0.0006915832024106022, 'batch_size': 251, 'step_size': 7, 'gamma': 0.7971270468710592}. Best is trial 14 with value: 0.005322224011944684.[0m
[32m[I 2025-02-04 14:03:10,622][0m Trial 19 finished with value: 0.0065973628618822885 and parameters: {'observation_period_num': 33, 'train_rates': 0.6784531865723461, 'learning_rate': 0.0007102114685710253, 'batch_size': 255, 'step_size': 6, 'gamma': 0.7930675045689642}. Best is trial 14 with value: 0.005322224011944684.[0m
[32m[I 2025-02-04 14:03:36,045][0m Trial 20 finished with value: 0.00574162183329463 and parameters: {'observation_period_num': 140, 'train_rates': 0.9851786503456734, 'learning_rate': 0.00040028044120173496, 'batch_size': 231, 'step_size': 13, 'gamma': 0.7971988165471401}. Best is trial 14 with value: 0.005322224011944684.[0m
[32m[I 2025-02-04 14:04:01,496][0m Trial 21 finished with value: 0.004563918337225914 and parameters: {'observation_period_num': 149, 'train_rates': 0.970987928640023, 'learning_rate': 0.0004201160560339673, 'batch_size': 231, 'step_size': 12, 'gamma': 0.7977425057218412}. Best is trial 21 with value: 0.004563918337225914.[0m
[32m[I 2025-02-04 14:04:24,196][0m Trial 22 finished with value: 0.0057562476097994045 and parameters: {'observation_period_num': 165, 'train_rates': 0.778617143652839, 'learning_rate': 0.0004135667575552647, 'batch_size': 230, 'step_size': 13, 'gamma': 0.754826206235391}. Best is trial 21 with value: 0.004563918337225914.[0m
[32m[I 2025-02-04 14:04:50,343][0m Trial 23 finished with value: 0.007707498057858448 and parameters: {'observation_period_num': 38, 'train_rates': 0.6438678094500779, 'learning_rate': 9.914112316447914e-05, 'batch_size': 185, 'step_size': 10, 'gamma': 0.8406732926179085}. Best is trial 21 with value: 0.004563918337225914.[0m
[32m[I 2025-02-04 14:05:11,813][0m Trial 24 finished with value: 0.01321898006781791 and parameters: {'observation_period_num': 83, 'train_rates': 0.6772500026812862, 'learning_rate': 0.000422974639978274, 'batch_size': 237, 'step_size': 6, 'gamma': 0.7794375111102838}. Best is trial 21 with value: 0.004563918337225914.[0m
[32m[I 2025-02-04 14:05:39,284][0m Trial 25 finished with value: 0.0050872997380793095 and parameters: {'observation_period_num': 167, 'train_rates': 0.964619448246512, 'learning_rate': 0.0003005639321225833, 'batch_size': 215, 'step_size': 9, 'gamma': 0.8055894809187272}. Best is trial 21 with value: 0.004563918337225914.[0m
[32m[I 2025-02-04 14:06:11,016][0m Trial 26 finished with value: 0.0045277769677340984 and parameters: {'observation_period_num': 167, 'train_rates': 0.9787788191573022, 'learning_rate': 7.685291630620297e-05, 'batch_size': 186, 'step_size': 13, 'gamma': 0.8089279478770506}. Best is trial 26 with value: 0.0045277769677340984.[0m
[32m[I 2025-02-04 14:06:44,525][0m Trial 27 finished with value: 0.00664367713034153 and parameters: {'observation_period_num': 170, 'train_rates': 0.9835323380716217, 'learning_rate': 1.9047266660920856e-05, 'batch_size': 175, 'step_size': 13, 'gamma': 0.8112988900626155}. Best is trial 26 with value: 0.0045277769677340984.[0m
[32m[I 2025-02-04 14:07:11,945][0m Trial 28 finished with value: 0.006024764385074377 and parameters: {'observation_period_num': 131, 'train_rates': 0.9556263405492731, 'learning_rate': 9.515009848804963e-05, 'batch_size': 221, 'step_size': 12, 'gamma': 0.838874455284235}. Best is trial 26 with value: 0.0045277769677340984.[0m
[32m[I 2025-02-04 14:07:49,743][0m Trial 29 finished with value: 0.005739312153309584 and parameters: {'observation_period_num': 235, 'train_rates': 0.9620302064105728, 'learning_rate': 7.576338490776506e-05, 'batch_size': 149, 'step_size': 14, 'gamma': 0.7705571646155079}. Best is trial 26 with value: 0.0045277769677340984.[0m
[32m[I 2025-02-04 14:08:19,253][0m Trial 30 finished with value: 0.004283684305846691 and parameters: {'observation_period_num': 171, 'train_rates': 0.9432982271070164, 'learning_rate': 0.00026630825687395276, 'batch_size': 190, 'step_size': 12, 'gamma': 0.840868875104329}. Best is trial 30 with value: 0.004283684305846691.[0m
[32m[I 2025-02-04 14:08:48,887][0m Trial 31 finished with value: 0.004499253709854066 and parameters: {'observation_period_num': 172, 'train_rates': 0.9064457164295734, 'learning_rate': 0.0002974995586324413, 'batch_size': 186, 'step_size': 12, 'gamma': 0.8392499298524617}. Best is trial 30 with value: 0.004283684305846691.[0m
[32m[I 2025-02-04 14:09:18,476][0m Trial 32 finished with value: 0.003586806927807629 and parameters: {'observation_period_num': 190, 'train_rates': 0.909493201078121, 'learning_rate': 0.0002552293773364253, 'batch_size': 193, 'step_size': 12, 'gamma': 0.8402102318325859}. Best is trial 32 with value: 0.003586806927807629.[0m
[32m[I 2025-02-04 14:09:48,469][0m Trial 33 finished with value: 0.009705881285481156 and parameters: {'observation_period_num': 189, 'train_rates': 0.8990191783193392, 'learning_rate': 2.4482860722060473e-05, 'batch_size': 189, 'step_size': 12, 'gamma': 0.8374434944069786}. Best is trial 32 with value: 0.003586806927807629.[0m
[32m[I 2025-02-04 14:10:18,915][0m Trial 34 finished with value: 0.006220397064584847 and parameters: {'observation_period_num': 180, 'train_rates': 0.8357156362885119, 'learning_rate': 0.00023936316529909137, 'batch_size': 177, 'step_size': 14, 'gamma': 0.8479237724670233}. Best is trial 32 with value: 0.003586806927807629.[0m
[32m[I 2025-02-04 14:10:58,619][0m Trial 35 finished with value: 0.005580027649965994 and parameters: {'observation_period_num': 220, 'train_rates': 0.9316040683456424, 'learning_rate': 0.0001154408288516609, 'batch_size': 134, 'step_size': 11, 'gamma': 0.8272930550186137}. Best is trial 32 with value: 0.003586806927807629.[0m
[32m[I 2025-02-04 14:11:32,381][0m Trial 36 finished with value: 0.005652553896652535 and parameters: {'observation_period_num': 203, 'train_rates': 0.8952636306135369, 'learning_rate': 7.004694053729997e-05, 'batch_size': 154, 'step_size': 14, 'gamma': 0.8575492228713008}. Best is trial 32 with value: 0.003586806927807629.[0m
[32m[I 2025-02-04 14:12:00,647][0m Trial 37 finished with value: 0.019616715175410113 and parameters: {'observation_period_num': 219, 'train_rates': 0.9122255764872832, 'learning_rate': 9.899532585880789e-06, 'batch_size': 197, 'step_size': 12, 'gamma': 0.8301301723949828}. Best is trial 32 with value: 0.003586806927807629.[0m
[32m[I 2025-02-04 14:12:48,359][0m Trial 38 finished with value: 0.00716085406877329 and parameters: {'observation_period_num': 177, 'train_rates': 0.9414073086436483, 'learning_rate': 0.0009976530304024243, 'batch_size': 114, 'step_size': 9, 'gamma': 0.8705468357557843}. Best is trial 32 with value: 0.003586806927807629.[0m
[32m[I 2025-02-04 14:13:27,194][0m Trial 39 finished with value: 0.0065663251412077074 and parameters: {'observation_period_num': 151, 'train_rates': 0.8757377391353114, 'learning_rate': 0.00030622920047152494, 'batch_size': 143, 'step_size': 10, 'gamma': 0.9109788579057393}. Best is trial 32 with value: 0.003586806927807629.[0m
[32m[I 2025-02-04 14:14:25,731][0m Trial 40 finished with value: 0.006632034221183858 and parameters: {'observation_period_num': 201, 'train_rates': 0.8140000792789328, 'learning_rate': 0.0005665000696195089, 'batch_size': 85, 'step_size': 11, 'gamma': 0.8498399852743417}. Best is trial 32 with value: 0.003586806927807629.[0m
[32m[I 2025-02-04 14:14:53,303][0m Trial 41 finished with value: 0.004576462786644697 and parameters: {'observation_period_num': 156, 'train_rates': 0.9438593443342111, 'learning_rate': 0.00027420188105646223, 'batch_size': 217, 'step_size': 12, 'gamma': 0.8100416499479427}. Best is trial 32 with value: 0.003586806927807629.[0m
[32m[I 2025-02-04 14:15:27,248][0m Trial 42 finished with value: 0.004214544496976604 and parameters: {'observation_period_num': 134, 'train_rates': 0.9172997655350001, 'learning_rate': 0.0005141333368584787, 'batch_size': 165, 'step_size': 13, 'gamma': 0.779628049331969}. Best is trial 32 with value: 0.003586806927807629.[0m
[32m[I 2025-02-04 14:16:01,077][0m Trial 43 finished with value: 0.004563508436482384 and parameters: {'observation_period_num': 120, 'train_rates': 0.9143421986974768, 'learning_rate': 0.0001927871714521509, 'batch_size': 163, 'step_size': 13, 'gamma': 0.7833016088175941}. Best is trial 32 with value: 0.003586806927807629.[0m
[32m[I 2025-02-04 14:16:33,723][0m Trial 44 finished with value: 0.005960488514167713 and parameters: {'observation_period_num': 132, 'train_rates': 0.8486611394516179, 'learning_rate': 0.0004995011314330988, 'batch_size': 170, 'step_size': 14, 'gamma': 0.8191939192968587}. Best is trial 32 with value: 0.003586806927807629.[0m
[32m[I 2025-02-04 14:17:03,508][0m Trial 45 finished with value: 0.12871005150647657 and parameters: {'observation_period_num': 191, 'train_rates': 0.9232580553831735, 'learning_rate': 1.2912441489215488e-06, 'batch_size': 184, 'step_size': 11, 'gamma': 0.8319333743537031}. Best is trial 32 with value: 0.003586806927807629.[0m
[32m[I 2025-02-04 14:17:37,668][0m Trial 46 finished with value: 0.0057890327868632754 and parameters: {'observation_period_num': 160, 'train_rates': 0.8917294470217901, 'learning_rate': 0.0003205026757728567, 'batch_size': 157, 'step_size': 13, 'gamma': 0.7632229034352784}. Best is trial 32 with value: 0.003586806927807629.[0m
[32m[I 2025-02-04 14:18:05,518][0m Trial 47 finished with value: 0.06072192863235629 and parameters: {'observation_period_num': 142, 'train_rates': 0.868998165353448, 'learning_rate': 2.209317479711042e-06, 'batch_size': 195, 'step_size': 3, 'gamma': 0.8183463541855883}. Best is trial 32 with value: 0.003586806927807629.[0m
[32m[I 2025-02-04 14:18:51,127][0m Trial 48 finished with value: 0.009725834796394127 and parameters: {'observation_period_num': 97, 'train_rates': 0.9518328074113331, 'learning_rate': 0.00013110901782931612, 'batch_size': 124, 'step_size': 15, 'gamma': 0.7857856167216901}. Best is trial 32 with value: 0.003586806927807629.[0m
[32m[I 2025-02-04 14:19:22,756][0m Trial 49 finished with value: 0.008158960342555645 and parameters: {'observation_period_num': 118, 'train_rates': 0.911663336024038, 'learning_rate': 3.302512198863133e-05, 'batch_size': 178, 'step_size': 9, 'gamma': 0.8772817411744295}. Best is trial 32 with value: 0.003586806927807629.[0m
[32m[I 2025-02-04 14:19:22,762][0m A new study created in memory with name: no-name-f5db80ff-219e-4a55-bf23-85d2a8186af2[0m
[32m[I 2025-02-04 14:21:55,322][0m Trial 0 finished with value: 0.05225648761146748 and parameters: {'observation_period_num': 246, 'train_rates': 0.8197319349172283, 'learning_rate': 0.0002646465843564634, 'batch_size': 31, 'step_size': 9, 'gamma': 0.750902172472324}. Best is trial 0 with value: 0.05225648761146748.[0m
[32m[I 2025-02-04 14:23:27,245][0m Trial 1 finished with value: 0.16994502489427918 and parameters: {'observation_period_num': 98, 'train_rates': 0.9642497936127512, 'learning_rate': 1.2874060928693682e-06, 'batch_size': 62, 'step_size': 14, 'gamma': 0.7918720028031656}. Best is trial 0 with value: 0.05225648761146748.[0m
[32m[I 2025-02-04 14:24:01,032][0m Trial 2 finished with value: 0.1044640936668655 and parameters: {'observation_period_num': 250, 'train_rates': 0.6008697587372683, 'learning_rate': 0.00032356559140155495, 'batch_size': 116, 'step_size': 4, 'gamma': 0.9501252390144566}. Best is trial 0 with value: 0.05225648761146748.[0m
[32m[I 2025-02-04 14:24:23,630][0m Trial 3 finished with value: 0.07504501286894083 and parameters: {'observation_period_num': 124, 'train_rates': 0.8079420127915622, 'learning_rate': 1.568492673371451e-05, 'batch_size': 242, 'step_size': 9, 'gamma': 0.8593165399706859}. Best is trial 0 with value: 0.05225648761146748.[0m
[32m[I 2025-02-04 14:25:12,148][0m Trial 4 finished with value: 0.19168979676942977 and parameters: {'observation_period_num': 201, 'train_rates': 0.8857218074117892, 'learning_rate': 1.219741022561641e-05, 'batch_size': 107, 'step_size': 4, 'gamma': 0.7844926277659712}. Best is trial 0 with value: 0.05225648761146748.[0m
[32m[I 2025-02-04 14:25:50,609][0m Trial 5 finished with value: 0.013752996006182261 and parameters: {'observation_period_num': 12, 'train_rates': 0.8810729844551505, 'learning_rate': 0.00030691438852956733, 'batch_size': 149, 'step_size': 10, 'gamma': 0.8304290705497661}. Best is trial 5 with value: 0.013752996006182261.[0m
[32m[I 2025-02-04 14:28:53,668][0m Trial 6 finished with value: 0.01995578459685757 and parameters: {'observation_period_num': 27, 'train_rates': 0.8567356902377236, 'learning_rate': 0.00011248910633995525, 'batch_size': 29, 'step_size': 5, 'gamma': 0.9133555851810089}. Best is trial 5 with value: 0.013752996006182261.[0m
[32m[I 2025-02-04 14:29:53,140][0m Trial 7 finished with value: 0.09048758585406927 and parameters: {'observation_period_num': 146, 'train_rates': 0.8411614685234168, 'learning_rate': 3.268798004123415e-05, 'batch_size': 85, 'step_size': 9, 'gamma': 0.9060795736767879}. Best is trial 5 with value: 0.013752996006182261.[0m
[32m[I 2025-02-04 14:30:17,790][0m Trial 8 finished with value: 0.10850862934073406 and parameters: {'observation_period_num': 97, 'train_rates': 0.7656341484780715, 'learning_rate': 7.751255687351684e-06, 'batch_size': 209, 'step_size': 13, 'gamma': 0.8967212436466344}. Best is trial 5 with value: 0.013752996006182261.[0m
[32m[I 2025-02-04 14:30:45,197][0m Trial 9 finished with value: 0.05935607850551605 and parameters: {'observation_period_num': 159, 'train_rates': 0.9406893289267487, 'learning_rate': 0.00010822375793350202, 'batch_size': 210, 'step_size': 13, 'gamma': 0.8002122275269147}. Best is trial 5 with value: 0.013752996006182261.[0m
[32m[I 2025-02-04 14:31:15,740][0m Trial 10 finished with value: 0.01328943612790114 and parameters: {'observation_period_num': 24, 'train_rates': 0.6727359267851538, 'learning_rate': 0.0006864470695995214, 'batch_size': 153, 'step_size': 7, 'gamma': 0.836717846563199}. Best is trial 10 with value: 0.01328943612790114.[0m
[32m[I 2025-02-04 14:31:44,542][0m Trial 11 finished with value: 0.03046892812542085 and parameters: {'observation_period_num': 8, 'train_rates': 0.7147114982891764, 'learning_rate': 0.0008568282643127764, 'batch_size': 159, 'step_size': 1, 'gamma': 0.8500979650259783}. Best is trial 10 with value: 0.01328943612790114.[0m
