[32m[I 2025-02-04 10:45:06,718][0m Trial 16 finished with value: 0.011340389832515608 and parameters: {'observation_period_num': 48, 'train_rates': 0.8637692936312943, 'learning_rate': 5.335231370725761e-05, 'batch_size': 18, 'step_size': 3, 'gamma': 0.9078294529727795}. Best is trial 13 with value: 0.0006357709347105259.[0m
[32m[I 2025-02-04 10:46:40,178][0m Trial 17 finished with value: 0.0043878821722630945 and parameters: {'observation_period_num': 18, 'train_rates': 0.8163030826510573, 'learning_rate': 0.0009084898477704788, 'batch_size': 55, 'step_size': 2, 'gamma': 0.9508892014153519}. Best is trial 13 with value: 0.0006357709347105259.[0m
[32m[I 2025-02-04 10:48:52,105][0m Trial 18 finished with value: 0.01065280524470051 and parameters: {'observation_period_num': 94, 'train_rates': 0.8876250665044626, 'learning_rate': 0.00035734588834184406, 'batch_size': 40, 'step_size': 3, 'gamma': 0.7507201433984303}. Best is trial 13 with value: 0.0006357709347105259.[0m
[32m[I 2025-02-04 10:49:52,534][0m Trial 19 finished with value: 0.0896039622431063 and parameters: {'observation_period_num': 156, 'train_rates': 0.9155892173295209, 'learning_rate': 1.0992660023882068e-05, 'batch_size': 91, 'step_size': 5, 'gamma': 0.8916099109424855}. Best is trial 13 with value: 0.0006357709347105259.[0m
[32m[I 2025-02-04 10:50:59,411][0m Trial 20 finished with value: 0.02233212417317635 and parameters: {'observation_period_num': 72, 'train_rates': 0.7999956844677938, 'learning_rate': 5.2333531683163115e-05, 'batch_size': 76, 'step_size': 9, 'gamma': 0.9607614398812587}. Best is trial 13 with value: 0.0006357709347105259.[0m
[32m[I 2025-02-04 10:55:18,722][0m Trial 21 finished with value: 0.0007826447727985321 and parameters: {'observation_period_num': 77, 'train_rates': 0.9244467424920593, 'learning_rate': 0.00028164493226806743, 'batch_size': 21, 'step_size': 4, 'gamma': 0.9170113343805691}. Best is trial 13 with value: 0.0006357709347105259.[0m
[32m[I 2025-02-04 10:58:04,085][0m Trial 22 finished with value: 0.0015254560534025208 and parameters: {'observation_period_num': 45, 'train_rates': 0.945338684688272, 'learning_rate': 0.0003473652448045915, 'batch_size': 34, 'step_size': 3, 'gamma': 0.910023578444558}. Best is trial 13 with value: 0.0006357709347105259.[0m
[32m[I 2025-02-04 11:00:17,854][0m Trial 23 finished with value: 0.0015120231546461582 and parameters: {'observation_period_num': 90, 'train_rates': 0.9891566425272406, 'learning_rate': 0.00014310876052163967, 'batch_size': 43, 'step_size': 5, 'gamma': 0.8837653770675944}. Best is trial 13 with value: 0.0006357709347105259.[0m
[32m[I 2025-02-04 11:05:28,418][0m Trial 24 finished with value: 0.0016514614064870455 and parameters: {'observation_period_num': 48, 'train_rates': 0.8816669250439256, 'learning_rate': 0.0003528650246632871, 'batch_size': 17, 'step_size': 2, 'gamma': 0.9281395186378294}. Best is trial 13 with value: 0.0006357709347105259.[0m
[32m[I 2025-02-04 11:06:09,058][0m Trial 25 finished with value: 0.020356921987100082 and parameters: {'observation_period_num': 142, 'train_rates': 0.8983014499210982, 'learning_rate': 5.227890996680127e-05, 'batch_size': 134, 'step_size': 7, 'gamma': 0.8368123752450879}. Best is trial 13 with value: 0.0006357709347105259.[0m
[32m[I 2025-02-04 11:07:18,699][0m Trial 26 finished with value: 0.511213626209143 and parameters: {'observation_period_num': 81, 'train_rates': 0.845609752356233, 'learning_rate': 1.0247257628839741e-06, 'batch_size': 75, 'step_size': 4, 'gamma': 0.9488146961450405}. Best is trial 13 with value: 0.0006357709347105259.[0m
[32m[I 2025-02-04 11:09:17,914][0m Trial 27 finished with value: 0.0026050372557206588 and parameters: {'observation_period_num': 8, 'train_rates': 0.9405414585250151, 'learning_rate': 0.0004297910800772667, 'batch_size': 48, 'step_size': 6, 'gamma': 0.9159661249477421}. Best is trial 13 with value: 0.0006357709347105259.[0m
[32m[I 2025-02-04 11:12:10,822][0m Trial 28 finished with value: 0.014031196450894205 and parameters: {'observation_period_num': 53, 'train_rates': 0.8790900369987406, 'learning_rate': 0.0001645716027961572, 'batch_size': 31, 'step_size': 2, 'gamma': 0.8827771064210617}. Best is trial 13 with value: 0.0006357709347105259.[0m
[32m[I 2025-02-04 11:13:19,660][0m Trial 29 finished with value: 0.05894777040560784 and parameters: {'observation_period_num': 102, 'train_rates': 0.639536590011105, 'learning_rate': 0.0008992557781998855, 'batch_size': 63, 'step_size': 8, 'gamma': 0.8306408231915478}. Best is trial 13 with value: 0.0006357709347105259.[0m
[32m[I 2025-02-04 11:14:01,317][0m Trial 30 finished with value: 0.01746469604267368 and parameters: {'observation_period_num': 27, 'train_rates': 0.8239403040269665, 'learning_rate': 0.0002563526189381264, 'batch_size': 129, 'step_size': 1, 'gamma': 0.966606821993987}. Best is trial 13 with value: 0.0006357709347105259.[0m
[32m[I 2025-02-04 11:19:20,690][0m Trial 31 finished with value: 0.0006545424826599082 and parameters: {'observation_period_num': 69, 'train_rates': 0.9194690153664403, 'learning_rate': 0.00026621098756961253, 'batch_size': 17, 'step_size': 4, 'gamma': 0.91992894463678}. Best is trial 13 with value: 0.0006357709347105259.[0m
[32m[I 2025-02-04 11:24:44,374][0m Trial 32 finished with value: 0.0006299319508624204 and parameters: {'observation_period_num': 61, 'train_rates': 0.9351324714885626, 'learning_rate': 0.00027284365681897393, 'batch_size': 17, 'step_size': 4, 'gamma': 0.9024695843158455}. Best is trial 32 with value: 0.0006299319508624204.[0m
[32m[I 2025-02-04 11:26:26,739][0m Trial 33 finished with value: 0.00190462536809161 and parameters: {'observation_period_num': 58, 'train_rates': 0.9314570153063289, 'learning_rate': 0.0005194884713428815, 'batch_size': 54, 'step_size': 6, 'gamma': 0.9006054596068015}. Best is trial 32 with value: 0.0006299319508624204.[0m
[32m[I 2025-02-04 11:29:05,428][0m Trial 34 finished with value: 0.005857201875187457 and parameters: {'observation_period_num': 87, 'train_rates': 0.9751304841689329, 'learning_rate': 7.38634065480426e-05, 'batch_size': 36, 'step_size': 4, 'gamma': 0.8696665207197842}. Best is trial 32 with value: 0.0006299319508624204.[0m
[32m[I 2025-02-04 11:30:15,028][0m Trial 35 finished with value: 0.004841636372013734 and parameters: {'observation_period_num': 35, 'train_rates': 0.9555891609213187, 'learning_rate': 0.00014664478861270276, 'batch_size': 84, 'step_size': 12, 'gamma': 0.9345745763980726}. Best is trial 32 with value: 0.0006299319508624204.[0m
[32m[I 2025-02-04 11:31:37,611][0m Trial 36 finished with value: 0.022764839398017687 and parameters: {'observation_period_num': 109, 'train_rates': 0.9094199984484816, 'learning_rate': 1.8550472155861294e-05, 'batch_size': 65, 'step_size': 5, 'gamma': 0.9449429602355865}. Best is trial 32 with value: 0.0006299319508624204.[0m
[32m[I 2025-02-04 11:34:29,136][0m Trial 37 finished with value: 0.006457758473862015 and parameters: {'observation_period_num': 246, 'train_rates': 0.8688255942731745, 'learning_rate': 0.000628186653626762, 'batch_size': 29, 'step_size': 1, 'gamma': 0.8989096169588374}. Best is trial 32 with value: 0.0006299319508624204.[0m
[32m[I 2025-02-04 11:36:11,577][0m Trial 38 finished with value: 0.023868980492202287 and parameters: {'observation_period_num': 62, 'train_rates': 0.9277859193354926, 'learning_rate': 3.280359847805249e-05, 'batch_size': 54, 'step_size': 6, 'gamma': 0.8568806967489084}. Best is trial 32 with value: 0.0006299319508624204.[0m
[32m[I 2025-02-04 11:38:17,686][0m Trial 39 finished with value: 0.004164792762915652 and parameters: {'observation_period_num': 83, 'train_rates': 0.9662974629379549, 'learning_rate': 0.00013591478751547235, 'batch_size': 45, 'step_size': 4, 'gamma': 0.8826266740706228}. Best is trial 32 with value: 0.0006299319508624204.[0m
[32m[I 2025-02-04 11:41:31,210][0m Trial 40 finished with value: 0.002349462394044827 and parameters: {'observation_period_num': 36, 'train_rates': 0.8442506542175335, 'learning_rate': 0.00027267419638736203, 'batch_size': 27, 'step_size': 8, 'gamma': 0.9105238712582308}. Best is trial 32 with value: 0.0006299319508624204.[0m
[32m[I 2025-02-04 11:46:44,268][0m Trial 41 finished with value: 0.0010622400421340895 and parameters: {'observation_period_num': 70, 'train_rates': 0.8983464854646221, 'learning_rate': 0.0002807497001190945, 'batch_size': 17, 'step_size': 3, 'gamma': 0.930097659912271}. Best is trial 32 with value: 0.0006299319508624204.[0m
[32m[I 2025-02-04 11:50:00,776][0m Trial 42 finished with value: 0.0015552448687153532 and parameters: {'observation_period_num': 98, 'train_rates': 0.9343903902450911, 'learning_rate': 0.00046368554893615725, 'batch_size': 28, 'step_size': 2, 'gamma': 0.9280958998310705}. Best is trial 32 with value: 0.0006299319508624204.[0m
[32m[I 2025-02-04 11:55:15,744][0m Trial 43 finished with value: 0.0008789550308175025 and parameters: {'observation_period_num': 74, 'train_rates': 0.9016164227003923, 'learning_rate': 0.0008223399553066661, 'batch_size': 17, 'step_size': 3, 'gamma': 0.9533208208377636}. Best is trial 32 with value: 0.0006299319508624204.[0m
[32m[I 2025-02-04 11:57:23,470][0m Trial 44 finished with value: 0.0008284626336239468 and parameters: {'observation_period_num': 119, 'train_rates': 0.9170465304320651, 'learning_rate': 0.0007286609789486433, 'batch_size': 42, 'step_size': 5, 'gamma': 0.9594871381938309}. Best is trial 32 with value: 0.0006299319508624204.[0m
[32m[I 2025-02-04 11:59:19,177][0m Trial 45 finished with value: 0.008360356270499966 and parameters: {'observation_period_num': 152, 'train_rates': 0.7511619784609332, 'learning_rate': 0.0006626025912469569, 'batch_size': 40, 'step_size': 5, 'gamma': 0.9792364693853496}. Best is trial 32 with value: 0.0006299319508624204.[0m
[32m[I 2025-02-04 11:59:42,545][0m Trial 46 finished with value: 0.05562292069693924 and parameters: {'observation_period_num': 122, 'train_rates': 0.6612367466769229, 'learning_rate': 0.0004225630535415125, 'batch_size': 200, 'step_size': 6, 'gamma': 0.9724703819705063}. Best is trial 32 with value: 0.0006299319508624204.[0m
[32m[I 2025-02-04 12:00:19,911][0m Trial 47 finished with value: 0.006175151094794273 and parameters: {'observation_period_num': 174, 'train_rates': 0.9725220832945976, 'learning_rate': 7.526383580618198e-05, 'batch_size': 158, 'step_size': 4, 'gamma': 0.9583626685776216}. Best is trial 32 with value: 0.0006299319508624204.[0m
[32m[I 2025-02-04 12:01:39,337][0m Trial 48 finished with value: 0.0030105570607163287 and parameters: {'observation_period_num': 113, 'train_rates': 0.9525201128592723, 'learning_rate': 0.00017075809426308586, 'batch_size': 71, 'step_size': 7, 'gamma': 0.9401667401461238}. Best is trial 32 with value: 0.0006299319508624204.[0m
[32m[I 2025-02-04 12:03:08,309][0m Trial 49 finished with value: 0.003151127854036777 and parameters: {'observation_period_num': 134, 'train_rates': 0.9189482385356318, 'learning_rate': 0.00020461584595410053, 'batch_size': 61, 'step_size': 5, 'gamma': 0.9183266291163805}. Best is trial 32 with value: 0.0006299319508624204.[0m
[32m[I 2025-02-04 12:03:08,315][0m A new study created in memory with name: no-name-a003620a-50a8-48d7-bfd6-7868c1347c4b[0m
[32m[I 2025-02-04 12:06:03,695][0m Trial 0 finished with value: 0.06812841717001734 and parameters: {'observation_period_num': 80, 'train_rates': 0.7614894063750935, 'learning_rate': 5.073359238442289e-06, 'batch_size': 27, 'step_size': 1, 'gamma': 0.9723504610932072}. Best is trial 0 with value: 0.06812841717001734.[0m
[32m[I 2025-02-04 12:06:38,438][0m Trial 1 finished with value: 0.01766465082610049 and parameters: {'observation_period_num': 137, 'train_rates': 0.6577522812233463, 'learning_rate': 3.7408615184449516e-05, 'batch_size': 124, 'step_size': 7, 'gamma': 0.975784547371322}. Best is trial 1 with value: 0.01766465082610049.[0m
[32m[I 2025-02-04 12:07:26,389][0m Trial 2 finished with value: 0.0047366915988999074 and parameters: {'observation_period_num': 207, 'train_rates': 0.6794024201610723, 'learning_rate': 7.982931647671149e-05, 'batch_size': 89, 'step_size': 15, 'gamma': 0.9299575265040539}. Best is trial 2 with value: 0.0047366915988999074.[0m
[32m[I 2025-02-04 12:07:48,213][0m Trial 3 finished with value: 0.06529716333938301 and parameters: {'observation_period_num': 81, 'train_rates': 0.6204070849319167, 'learning_rate': 2.9127111042856856e-05, 'batch_size': 210, 'step_size': 13, 'gamma': 0.8147282049842791}. Best is trial 2 with value: 0.0047366915988999074.[0m
[32m[I 2025-02-04 12:08:13,952][0m Trial 4 finished with value: 0.13912548213531598 and parameters: {'observation_period_num': 12, 'train_rates': 0.7261347609799684, 'learning_rate': 2.1329054641548548e-05, 'batch_size': 196, 'step_size': 3, 'gamma': 0.8467013459833558}. Best is trial 2 with value: 0.0047366915988999074.[0m
[32m[I 2025-02-04 12:08:41,501][0m Trial 5 finished with value: 0.0048049199394881725 and parameters: {'observation_period_num': 150, 'train_rates': 0.9837983830882864, 'learning_rate': 5.227070187403779e-05, 'batch_size': 212, 'step_size': 10, 'gamma': 0.9391498250994017}. Best is trial 2 with value: 0.0047366915988999074.[0m
[32m[I 2025-02-04 12:09:32,221][0m Trial 6 finished with value: 0.01750658679358677 and parameters: {'observation_period_num': 200, 'train_rates': 0.6609081961176418, 'learning_rate': 6.415777313019664e-05, 'batch_size': 85, 'step_size': 7, 'gamma': 0.8074752527208133}. Best is trial 2 with value: 0.0047366915988999074.[0m
[32m[I 2025-02-04 12:09:56,601][0m Trial 7 finished with value: 0.0033421340571620907 and parameters: {'observation_period_num': 133, 'train_rates': 0.8339975270072346, 'learning_rate': 0.00046217692946247705, 'batch_size': 227, 'step_size': 9, 'gamma': 0.7711988135688075}. Best is trial 7 with value: 0.0033421340571620907.[0m
[32m[I 2025-02-04 12:10:45,090][0m Trial 8 finished with value: 0.017649964674165214 and parameters: {'observation_period_num': 136, 'train_rates': 0.8543151563563076, 'learning_rate': 3.8629357157921584e-05, 'batch_size': 108, 'step_size': 11, 'gamma': 0.8180711517030953}. Best is trial 7 with value: 0.0033421340571620907.[0m
[32m[I 2025-02-04 12:11:09,257][0m Trial 9 finished with value: 0.024221443025004348 and parameters: {'observation_period_num': 7, 'train_rates': 0.7801817724008985, 'learning_rate': 0.0007916667921739268, 'batch_size': 218, 'step_size': 5, 'gamma': 0.9270492340159553}. Best is trial 7 with value: 0.0033421340571620907.[0m
[32m[I 2025-02-04 12:11:30,515][0m Trial 10 finished with value: 0.001833484552091334 and parameters: {'observation_period_num': 241, 'train_rates': 0.8731467267322219, 'learning_rate': 0.0006404488005388727, 'batch_size': 251, 'step_size': 10, 'gamma': 0.7503909089999796}. Best is trial 10 with value: 0.001833484552091334.[0m
[32m[I 2025-02-04 12:11:51,954][0m Trial 11 finished with value: 0.0023310385516688097 and parameters: {'observation_period_num': 245, 'train_rates': 0.8748908405661925, 'learning_rate': 0.0009847770110896774, 'batch_size': 256, 'step_size': 10, 'gamma': 0.7517656701598671}. Best is trial 10 with value: 0.001833484552091334.[0m
[32m[I 2025-02-04 12:12:13,571][0m Trial 12 finished with value: 0.0027608179952949286 and parameters: {'observation_period_num': 238, 'train_rates': 0.9144850474181551, 'learning_rate': 0.00022240218591199288, 'batch_size': 249, 'step_size': 12, 'gamma': 0.7530778322978956}. Best is trial 10 with value: 0.001833484552091334.[0m
[32m[I 2025-02-04 12:12:45,174][0m Trial 13 finished with value: 0.0023080972467641567 and parameters: {'observation_period_num': 252, 'train_rates': 0.9030067838742306, 'learning_rate': 0.0009941326301474258, 'batch_size': 169, 'step_size': 14, 'gamma': 0.7809966075985169}. Best is trial 10 with value: 0.001833484552091334.[0m
[32m[I 2025-02-04 12:13:16,530][0m Trial 14 finished with value: 0.002046208130195737 and parameters: {'observation_period_num': 195, 'train_rates': 0.9505911317036913, 'learning_rate': 0.00020994447676940932, 'batch_size': 178, 'step_size': 14, 'gamma': 0.7889883610156403}. Best is trial 10 with value: 0.001833484552091334.[0m
[32m[I 2025-02-04 12:13:51,889][0m Trial 15 finished with value: 0.0014591135550290346 and parameters: {'observation_period_num': 185, 'train_rates': 0.9886745169316496, 'learning_rate': 0.00017121261144119844, 'batch_size': 167, 'step_size': 15, 'gamma': 0.8711252694216668}. Best is trial 15 with value: 0.0014591135550290346.[0m
[32m[I 2025-02-04 12:14:31,309][0m Trial 16 finished with value: 0.0017847900744527578 and parameters: {'observation_period_num': 175, 'train_rates': 0.9887912904025085, 'learning_rate': 0.0001995546445430758, 'batch_size': 149, 'step_size': 12, 'gamma': 0.8771879699731145}. Best is trial 15 with value: 0.0014591135550290346.[0m
[32m[I 2025-02-04 12:15:10,709][0m Trial 17 finished with value: 0.0007840577745810151 and parameters: {'observation_period_num': 168, 'train_rates': 0.9850376459397366, 'learning_rate': 0.00016939495146794668, 'batch_size': 150, 'step_size': 12, 'gamma': 0.8826505852570546}. Best is trial 17 with value: 0.0007840577745810151.[0m
[32m[I 2025-02-04 12:15:48,324][0m Trial 18 finished with value: 0.04614759050309658 and parameters: {'observation_period_num': 99, 'train_rates': 0.9299122319765132, 'learning_rate': 1.0602856393604177e-05, 'batch_size': 150, 'step_size': 14, 'gamma': 0.87759172993469}. Best is trial 17 with value: 0.0007840577745810151.[0m
[32m[I 2025-02-04 12:17:17,603][0m Trial 19 finished with value: 0.0026629191846996836 and parameters: {'observation_period_num': 174, 'train_rates': 0.8161118191390091, 'learning_rate': 0.00010773053059824184, 'batch_size': 54, 'step_size': 15, 'gamma': 0.8539104922503059}. Best is trial 17 with value: 0.0007840577745810151.[0m
[32m[I 2025-02-04 12:17:50,818][0m Trial 20 finished with value: 0.18646398186683655 and parameters: {'observation_period_num': 102, 'train_rates': 0.9571033917863483, 'learning_rate': 1.6757512359138267e-06, 'batch_size': 172, 'step_size': 12, 'gamma': 0.8947794058419397}. Best is trial 17 with value: 0.0007840577745810151.[0m
[32m[I 2025-02-04 12:18:32,238][0m Trial 21 finished with value: 0.0012339362874627113 and parameters: {'observation_period_num': 160, 'train_rates': 0.9886734786447952, 'learning_rate': 0.00020652706462678827, 'batch_size': 139, 'step_size': 12, 'gamma': 0.8937470407695789}. Best is trial 17 with value: 0.0007840577745810151.[0m
[32m[I 2025-02-04 12:19:15,797][0m Trial 22 finished with value: 0.0013226420851424336 and parameters: {'observation_period_num': 164, 'train_rates': 0.9559505656905505, 'learning_rate': 0.00032303704781746107, 'batch_size': 133, 'step_size': 13, 'gamma': 0.9037216320794891}. Best is trial 17 with value: 0.0007840577745810151.[0m
[32m[I 2025-02-04 12:20:01,180][0m Trial 23 finished with value: 0.000806812741892769 and parameters: {'observation_period_num': 155, 'train_rates': 0.9499291544433057, 'learning_rate': 0.00036624820326284943, 'batch_size': 125, 'step_size': 8, 'gamma': 0.9094173588380523}. Best is trial 17 with value: 0.0007840577745810151.[0m
[32m[I 2025-02-04 12:20:53,408][0m Trial 24 finished with value: 0.0010103399930316132 and parameters: {'observation_period_num': 215, 'train_rates': 0.9091384782546765, 'learning_rate': 0.0003863371275307378, 'batch_size': 100, 'step_size': 8, 'gamma': 0.9067600805726342}. Best is trial 17 with value: 0.0007840577745810151.[0m
[32m[I 2025-02-04 12:22:01,688][0m Trial 25 finished with value: 0.0011634730994153548 and parameters: {'observation_period_num': 215, 'train_rates': 0.9194740679591007, 'learning_rate': 0.0004928190468421351, 'batch_size': 78, 'step_size': 8, 'gamma': 0.9526542544267336}. Best is trial 17 with value: 0.0007840577745810151.[0m
[32m[I 2025-02-04 12:22:54,541][0m Trial 26 finished with value: 0.0032235991361559747 and parameters: {'observation_period_num': 113, 'train_rates': 0.8876936471454564, 'learning_rate': 0.00011556505378720435, 'batch_size': 104, 'step_size': 6, 'gamma': 0.9148280478249304}. Best is trial 17 with value: 0.0007840577745810151.[0m
[32m[I 2025-02-04 12:24:22,893][0m Trial 27 finished with value: 0.0013753061100621434 and parameters: {'observation_period_num': 225, 'train_rates': 0.9439497055840419, 'learning_rate': 0.00037161117682916653, 'batch_size': 60, 'step_size': 5, 'gamma': 0.842139725004976}. Best is trial 17 with value: 0.0007840577745810151.[0m
[32m[I 2025-02-04 12:25:05,512][0m Trial 28 finished with value: 0.007779067952325133 and parameters: {'observation_period_num': 217, 'train_rates': 0.8438085787270712, 'learning_rate': 0.00011805989891963483, 'batch_size': 117, 'step_size': 8, 'gamma': 0.9468007803579785}. Best is trial 17 with value: 0.0007840577745810151.[0m
[32m[I 2025-02-04 12:29:09,313][0m Trial 29 finished with value: 0.010857625568621552 and parameters: {'observation_period_num': 187, 'train_rates': 0.7276645672585236, 'learning_rate': 1.3682745911708763e-05, 'batch_size': 18, 'step_size': 3, 'gamma': 0.9653182306383916}. Best is trial 17 with value: 0.0007840577745810151.[0m
[32m[I 2025-02-04 12:31:13,827][0m Trial 30 finished with value: 0.05489443319211819 and parameters: {'observation_period_num': 38, 'train_rates': 0.8935788320013287, 'learning_rate': 3.812670458507709e-06, 'batch_size': 44, 'step_size': 9, 'gamma': 0.9881885580594637}. Best is trial 17 with value: 0.0007840577745810151.[0m
[32m[I 2025-02-04 12:32:22,126][0m Trial 31 finished with value: 0.0008118790886705605 and parameters: {'observation_period_num': 226, 'train_rates': 0.9250758081294608, 'learning_rate': 0.0004102628203518611, 'batch_size': 77, 'step_size': 8, 'gamma': 0.909416859716916}. Best is trial 17 with value: 0.0007840577745810151.[0m
