[32m[I 2025-02-04 14:32:13,178][0m Trial 12 finished with value: 0.01608440025996834 and parameters: {'observation_period_num': 46, 'train_rates': 0.6499509038098796, 'learning_rate': 0.0004248503625853827, 'batch_size': 169, 'step_size': 7, 'gamma': 0.8334549601119048}. Best is trial 10 with value: 0.01328943612790114.[0m
[32m[I 2025-02-04 14:32:44,740][0m Trial 13 finished with value: 0.027639950839440378 and parameters: {'observation_period_num': 64, 'train_rates': 0.7243205309618981, 'learning_rate': 0.000776726440925381, 'batch_size': 160, 'step_size': 11, 'gamma': 0.8235937576818609}. Best is trial 10 with value: 0.01328943612790114.[0m
[32m[I 2025-02-04 14:33:27,207][0m Trial 14 finished with value: 0.011091271033810992 and parameters: {'observation_period_num': 6, 'train_rates': 0.8949746864220726, 'learning_rate': 9.553326022174211e-05, 'batch_size': 137, 'step_size': 6, 'gamma': 0.8716434202208417}. Best is trial 14 with value: 0.011091271033810992.[0m
[32m[I 2025-02-04 14:33:52,678][0m Trial 15 finished with value: 0.04069140897576748 and parameters: {'observation_period_num': 61, 'train_rates': 0.676003360722308, 'learning_rate': 9.317238152159402e-05, 'batch_size': 191, 'step_size': 6, 'gamma': 0.9868058108567771}. Best is trial 14 with value: 0.011091271033810992.[0m
[32m[I 2025-02-04 14:34:32,413][0m Trial 16 finished with value: 0.0840814751737258 and parameters: {'observation_period_num': 85, 'train_rates': 0.7629760858487438, 'learning_rate': 5.0394481245410146e-05, 'batch_size': 124, 'step_size': 1, 'gamma': 0.8831590582634548}. Best is trial 14 with value: 0.011091271033810992.[0m
[32m[I 2025-02-04 14:35:45,102][0m Trial 17 finished with value: 0.10431086008505124 and parameters: {'observation_period_num': 44, 'train_rates': 0.9156187767407749, 'learning_rate': 2.726930093830368e-06, 'batch_size': 77, 'step_size': 7, 'gamma': 0.9360755436040026}. Best is trial 14 with value: 0.011091271033810992.[0m
[32m[I 2025-02-04 14:36:18,615][0m Trial 18 finished with value: 0.010425161570310593 and parameters: {'observation_period_num': 7, 'train_rates': 0.9870288830401198, 'learning_rate': 0.0001327623595015299, 'batch_size': 182, 'step_size': 3, 'gamma': 0.8648175502296734}. Best is trial 18 with value: 0.010425161570310593.[0m
[32m[I 2025-02-04 14:36:42,166][0m Trial 19 finished with value: 0.08837024122476578 and parameters: {'observation_period_num': 200, 'train_rates': 0.983630289573633, 'learning_rate': 5.424028365035822e-05, 'batch_size': 247, 'step_size': 3, 'gamma': 0.8830222820899931}. Best is trial 18 with value: 0.010425161570310593.[0m
[32m[I 2025-02-04 14:37:14,371][0m Trial 20 finished with value: 0.01673793451507287 and parameters: {'observation_period_num': 40, 'train_rates': 0.9203750175560746, 'learning_rate': 0.00015830100228553929, 'batch_size': 190, 'step_size': 3, 'gamma': 0.9384917477497166}. Best is trial 18 with value: 0.010425161570310593.[0m
[32m[I 2025-02-04 14:37:58,251][0m Trial 21 finished with value: 0.011404282750284418 and parameters: {'observation_period_num': 5, 'train_rates': 0.9524052313153843, 'learning_rate': 0.0005297692284731198, 'batch_size': 135, 'step_size': 6, 'gamma': 0.8673854012273209}. Best is trial 18 with value: 0.010425161570310593.[0m
[32m[I 2025-02-04 14:38:57,765][0m Trial 22 finished with value: 0.007394706830382347 and parameters: {'observation_period_num': 8, 'train_rates': 0.9889940959492851, 'learning_rate': 0.00018600446349439077, 'batch_size': 103, 'step_size': 5, 'gamma': 0.8684846456501039}. Best is trial 22 with value: 0.007394706830382347.[0m
[32m[I 2025-02-04 14:39:59,304][0m Trial 23 finished with value: 0.01733965054154396 and parameters: {'observation_period_num': 69, 'train_rates': 0.9843872154585039, 'learning_rate': 0.00021693057632396194, 'batch_size': 95, 'step_size': 3, 'gamma': 0.8816694219752056}. Best is trial 22 with value: 0.007394706830382347.[0m
[32m[I 2025-02-04 14:41:38,915][0m Trial 24 finished with value: 0.01166536678683083 and parameters: {'observation_period_num': 31, 'train_rates': 0.909616975890689, 'learning_rate': 6.324819466740333e-05, 'batch_size': 56, 'step_size': 5, 'gamma': 0.8556330732232247}. Best is trial 22 with value: 0.007394706830382347.[0m
[32m[I 2025-02-04 14:42:12,334][0m Trial 25 finished with value: 0.028331536799669266 and parameters: {'observation_period_num': 5, 'train_rates': 0.9894265619378374, 'learning_rate': 2.233843532686539e-05, 'batch_size': 185, 'step_size': 2, 'gamma': 0.8073081843689793}. Best is trial 22 with value: 0.007394706830382347.[0m
[32m[I 2025-02-04 14:42:53,838][0m Trial 26 finished with value: 0.017618149654333327 and parameters: {'observation_period_num': 56, 'train_rates': 0.9407382027896521, 'learning_rate': 0.00016370031632522412, 'batch_size': 137, 'step_size': 5, 'gamma': 0.9101115352902843}. Best is trial 22 with value: 0.007394706830382347.[0m
[32m[I 2025-02-04 14:43:19,750][0m Trial 27 finished with value: 0.06505269469279382 and parameters: {'observation_period_num': 78, 'train_rates': 0.8749415530502919, 'learning_rate': 3.0319934284525174e-05, 'batch_size': 223, 'step_size': 4, 'gamma': 0.8707320348135714}. Best is trial 22 with value: 0.007394706830382347.[0m
[32m[I 2025-02-04 14:44:14,364][0m Trial 28 finished with value: 0.030787841238700094 and parameters: {'observation_period_num': 25, 'train_rates': 0.905470513922082, 'learning_rate': 7.123652540043706e-05, 'batch_size': 104, 'step_size': 2, 'gamma': 0.8427266082111323}. Best is trial 22 with value: 0.007394706830382347.[0m
[32m[I 2025-02-04 14:44:52,745][0m Trial 29 finished with value: 0.04850045525560492 and parameters: {'observation_period_num': 115, 'train_rates': 0.8281412352050413, 'learning_rate': 0.00023162326878793112, 'batch_size': 133, 'step_size': 6, 'gamma': 0.7527663574827144}. Best is trial 22 with value: 0.007394706830382347.[0m
[32m[I 2025-02-04 14:46:35,113][0m Trial 30 finished with value: 0.04735708836375213 and parameters: {'observation_period_num': 186, 'train_rates': 0.9557698709816369, 'learning_rate': 0.00013192614519234907, 'batch_size': 53, 'step_size': 8, 'gamma': 0.8171315323671052}. Best is trial 22 with value: 0.007394706830382347.[0m
[32m[I 2025-02-04 14:47:10,492][0m Trial 31 finished with value: 0.010912308469414711 and parameters: {'observation_period_num': 14, 'train_rates': 0.960069468382056, 'learning_rate': 0.00046834257225060667, 'batch_size': 174, 'step_size': 6, 'gamma': 0.8641540172721949}. Best is trial 22 with value: 0.007394706830382347.[0m
[32m[I 2025-02-04 14:47:46,113][0m Trial 32 finished with value: 0.011738558299839497 and parameters: {'observation_period_num': 21, 'train_rates': 0.9677992533373758, 'learning_rate': 0.00044373780465303754, 'batch_size': 176, 'step_size': 8, 'gamma': 0.8876185554744866}. Best is trial 22 with value: 0.007394706830382347.[0m
[32m[I 2025-02-04 14:48:15,601][0m Trial 33 finished with value: 0.015034815296530724 and parameters: {'observation_period_num': 41, 'train_rates': 0.934613951127635, 'learning_rate': 0.00022701800873398467, 'batch_size': 204, 'step_size': 5, 'gamma': 0.867895447530229}. Best is trial 22 with value: 0.007394706830382347.[0m
[32m[I 2025-02-04 14:49:06,957][0m Trial 34 finished with value: 0.011803137138485909 and parameters: {'observation_period_num': 22, 'train_rates': 0.9671702334489007, 'learning_rate': 0.00033146981823452124, 'batch_size': 115, 'step_size': 4, 'gamma': 0.8537023059296132}. Best is trial 22 with value: 0.007394706830382347.[0m
[32m[I 2025-02-04 14:49:42,340][0m Trial 35 finished with value: 0.020868312567472458 and parameters: {'observation_period_num': 50, 'train_rates': 0.9716684391928241, 'learning_rate': 0.00019068831909071598, 'batch_size': 176, 'step_size': 2, 'gamma': 0.9230432292221731}. Best is trial 22 with value: 0.007394706830382347.[0m
[32m[I 2025-02-04 14:50:08,128][0m Trial 36 finished with value: 0.015136669281610223 and parameters: {'observation_period_num': 34, 'train_rates': 0.8970450725965502, 'learning_rate': 8.414563587256157e-05, 'batch_size': 224, 'step_size': 6, 'gamma': 0.8935465711652443}. Best is trial 22 with value: 0.007394706830382347.[0m
[32m[I 2025-02-04 14:50:44,701][0m Trial 37 finished with value: 0.09000347419034528 and parameters: {'observation_period_num': 231, 'train_rates': 0.864916328218348, 'learning_rate': 4.29149957495881e-05, 'batch_size': 145, 'step_size': 4, 'gamma': 0.8728554863704696}. Best is trial 22 with value: 0.007394706830382347.[0m
[32m[I 2025-02-04 14:51:32,924][0m Trial 38 finished with value: 0.0137596108183703 and parameters: {'observation_period_num': 17, 'train_rates': 0.9307264691103757, 'learning_rate': 0.00037650793678586605, 'batch_size': 123, 'step_size': 10, 'gamma': 0.7796222234628329}. Best is trial 22 with value: 0.007394706830382347.[0m
[32m[I 2025-02-04 14:57:17,858][0m Trial 39 finished with value: 0.05562614597104214 and parameters: {'observation_period_num': 104, 'train_rates': 0.9529457957127094, 'learning_rate': 0.00013109444984317711, 'batch_size': 16, 'step_size': 7, 'gamma': 0.8443289531599772}. Best is trial 22 with value: 0.007394706830382347.[0m
[32m[I 2025-02-04 14:58:23,693][0m Trial 40 finished with value: 0.3228176039436803 and parameters: {'observation_period_num': 147, 'train_rates': 0.7930823791074157, 'learning_rate': 1.195536251707401e-06, 'batch_size': 74, 'step_size': 5, 'gamma': 0.9022843648142159}. Best is trial 22 with value: 0.007394706830382347.[0m
[32m[I 2025-02-04 14:59:06,825][0m Trial 41 finished with value: 0.01685414430020111 and parameters: {'observation_period_num': 5, 'train_rates': 0.9526693511247726, 'learning_rate': 0.0004322808588543249, 'batch_size': 138, 'step_size': 6, 'gamma': 0.8712884057535483}. Best is trial 22 with value: 0.007394706830382347.[0m
[32m[I 2025-02-04 14:59:41,961][0m Trial 42 finished with value: 0.012340518736070203 and parameters: {'observation_period_num': 14, 'train_rates': 0.8946729806281635, 'learning_rate': 0.0005126466613469459, 'batch_size': 164, 'step_size': 8, 'gamma': 0.8618702790122253}. Best is trial 22 with value: 0.007394706830382347.[0m
[32m[I 2025-02-04 15:00:42,537][0m Trial 43 finished with value: 0.007906627841293812 and parameters: {'observation_period_num': 5, 'train_rates': 0.9897164951646008, 'learning_rate': 0.000575859481860907, 'batch_size': 98, 'step_size': 6, 'gamma': 0.8616792997653772}. Best is trial 22 with value: 0.007394706830382347.[0m
[32m[I 2025-02-04 15:01:44,827][0m Trial 44 finished with value: 0.01187609788030386 and parameters: {'observation_period_num': 31, 'train_rates': 0.9872235990975399, 'learning_rate': 0.0002643659397839863, 'batch_size': 93, 'step_size': 4, 'gamma': 0.8552315901992287}. Best is trial 22 with value: 0.007394706830382347.[0m
[32m[I 2025-02-04 15:02:43,625][0m Trial 45 finished with value: 0.012345876544713974 and parameters: {'observation_period_num': 16, 'train_rates': 0.9686951740330333, 'learning_rate': 0.0005994370296617442, 'batch_size': 98, 'step_size': 5, 'gamma': 0.8313690727196492}. Best is trial 22 with value: 0.007394706830382347.[0m
[32m[I 2025-02-04 15:03:32,831][0m Trial 46 finished with value: 0.018420055682692574 and parameters: {'observation_period_num': 52, 'train_rates': 0.9264961012665289, 'learning_rate': 0.0009668930791560485, 'batch_size': 114, 'step_size': 15, 'gamma': 0.8433615165691393}. Best is trial 22 with value: 0.007394706830382347.[0m
[32m[I 2025-02-04 15:04:12,283][0m Trial 47 finished with value: 0.012962647096159305 and parameters: {'observation_period_num': 33, 'train_rates': 0.9360024721406974, 'learning_rate': 0.00031798011859887946, 'batch_size': 149, 'step_size': 9, 'gamma': 0.819799664777221}. Best is trial 22 with value: 0.007394706830382347.[0m
[32m[I 2025-02-04 15:04:40,588][0m Trial 48 finished with value: 0.05250249264592474 and parameters: {'observation_period_num': 16, 'train_rates': 0.8504229717339898, 'learning_rate': 7.799529602892114e-06, 'batch_size': 202, 'step_size': 7, 'gamma': 0.8978579469663781}. Best is trial 22 with value: 0.007394706830382347.[0m
[32m[I 2025-02-04 15:05:50,226][0m Trial 49 finished with value: 0.02556978352367878 and parameters: {'observation_period_num': 79, 'train_rates': 0.9751377768249166, 'learning_rate': 0.0006944012269151756, 'batch_size': 82, 'step_size': 8, 'gamma': 0.9195663878830029}. Best is trial 22 with value: 0.007394706830382347.[0m
[108.14874]
[-0.16827907]
[1.7668971]
[0.42507562]
[6.468189]
[2.4022188]
/home2/y2021/k2110261/.conda/envs/tensorflow/lib/python3.11/site-packages/sklearn/metrics/_regression.py:1266: UndefinedMetricWarning: R^2 score is not well-defined with less than two samples.
  warnings.warn(msg, UndefinedMetricWarning)
MSE: 1.1509973788633943
RMSE: 1.072845458984375
MAE: 1.072845458984375
R-squared: nan
[119.04285]
