[32m[I 2025-01-06 15:21:31,710][0m Trial 49 finished with value: 0.15193775296211243 and parameters: {'observation_period_num': 66, 'train_rates': 0.9890528833108063, 'learning_rate': 0.00028466996478109516, 'batch_size': 28, 'step_size': 13, 'gamma': 0.7694973959657755}. Best is trial 45 with value: 0.08386370177629968.[0m
最適ハイパーパラメータが見つかりました
最適ハイパーパラメータが best_hyperparameters_AMZN_Transformer(nomstl).json に保存されました
Epoch 1/300, Loss: 0.6518 | 0.5814
Epoch 2/300, Loss: 0.5550 | 0.5615
Epoch 3/300, Loss: 0.4137 | 0.4460
Epoch 4/300, Loss: 0.3528 | 0.4541
Epoch 5/300, Loss: 0.3008 | 0.4115
Epoch 6/300, Loss: 0.2700 | 0.3512
Epoch 7/300, Loss: 0.2546 | 0.4060
Epoch 8/300, Loss: 0.2610 | 0.2875
Epoch 9/300, Loss: 0.2380 | 0.2659
Epoch 10/300, Loss: 0.2321 | 0.2674
Epoch 11/300, Loss: 0.2113 | 0.2742
Epoch 12/300, Loss: 0.2104 | 0.2239
Epoch 13/300, Loss: 0.2022 | 0.2207
Epoch 14/300, Loss: 0.2233 | 0.2860
Epoch 15/300, Loss: 0.1947 | 0.2052
Epoch 16/300, Loss: 0.1790 | 0.1916
Epoch 17/300, Loss: 0.1869 | 0.2378
Epoch 18/300, Loss: 0.1720 | 0.1867
Epoch 19/300, Loss: 0.1665 | 0.2007
Epoch 20/300, Loss: 0.1783 | 0.2394
Epoch 21/300, Loss: 0.1693 | 0.1762
Epoch 22/300, Loss: 0.1655 | 0.1823
Epoch 23/300, Loss: 0.1610 | 0.1732
Epoch 24/300, Loss: 0.1610 | 0.1877
Epoch 25/300, Loss: 0.1536 | 0.1697
Epoch 26/300, Loss: 0.1511 | 0.1623
Epoch 27/300, Loss: 0.1544 | 0.1597
Epoch 28/300, Loss: 0.1461 | 0.1453
Epoch 29/300, Loss: 0.1423 | 0.1469
Epoch 30/300, Loss: 0.1409 | 0.1557
Epoch 31/300, Loss: 0.1386 | 0.1486
Epoch 32/300, Loss: 0.1393 | 0.1498
Epoch 33/300, Loss: 0.1376 | 0.1414
Epoch 34/300, Loss: 0.1417 | 0.1876
Epoch 35/300, Loss: 0.1391 | 0.1392
Epoch 36/300, Loss: 0.1359 | 0.1317
Epoch 37/300, Loss: 0.1331 | 0.1261
Epoch 38/300, Loss: 0.1321 | 0.1441
Epoch 39/300, Loss: 0.1302 | 0.1282
Epoch 40/300, Loss: 0.1276 | 0.1200
Epoch 41/300, Loss: 0.1257 | 0.1203
Epoch 42/300, Loss: 0.1250 | 0.1239
Epoch 43/300, Loss: 0.1224 | 0.1217
Epoch 44/300, Loss: 0.1217 | 0.1145
Epoch 45/300, Loss: 0.1205 | 0.1230
Epoch 46/300, Loss: 0.1213 | 0.1192
Epoch 47/300, Loss: 0.1201 | 0.1213
Epoch 48/300, Loss: 0.1195 | 0.1102
Epoch 49/300, Loss: 0.1185 | 0.1157
Epoch 50/300, Loss: 0.1187 | 0.1127
Epoch 51/300, Loss: 0.1172 | 0.1173
Epoch 52/300, Loss: 0.1160 | 0.1081
Epoch 53/300, Loss: 0.1163 | 0.1134
Epoch 54/300, Loss: 0.1152 | 0.1080
Epoch 55/300, Loss: 0.1142 | 0.1078
Epoch 56/300, Loss: 0.1135 | 0.1055
Epoch 57/300, Loss: 0.1121 | 0.1065
Epoch 58/300, Loss: 0.1117 | 0.1054
Epoch 59/300, Loss: 0.1120 | 0.1070
Epoch 60/300, Loss: 0.1111 | 0.1036
Epoch 61/300, Loss: 0.1105 | 0.1032
Epoch 62/300, Loss: 0.1103 | 0.1026
Epoch 63/300, Loss: 0.1087 | 0.1025
Epoch 64/300, Loss: 0.1089 | 0.1020
Epoch 65/300, Loss: 0.1083 | 0.1006
Epoch 66/300, Loss: 0.1080 | 0.1010
Epoch 67/300, Loss: 0.1075 | 0.1004
Epoch 68/300, Loss: 0.1070 | 0.0991
Epoch 69/300, Loss: 0.1075 | 0.0991
Epoch 70/300, Loss: 0.1075 | 0.0993
Epoch 71/300, Loss: 0.1067 | 0.0991
Epoch 72/300, Loss: 0.1063 | 0.0983
Epoch 73/300, Loss: 0.1061 | 0.0976
Epoch 74/300, Loss: 0.1054 | 0.0989
Epoch 75/300, Loss: 0.1051 | 0.0984
Epoch 76/300, Loss: 0.1041 | 0.0971
Epoch 77/300, Loss: 0.1056 | 0.0977
Epoch 78/300, Loss: 0.1052 | 0.0982
Epoch 79/300, Loss: 0.1049 | 0.0964
Epoch 80/300, Loss: 0.1038 | 0.0967
Epoch 81/300, Loss: 0.1046 | 0.0962
Epoch 82/300, Loss: 0.1040 | 0.0964
Epoch 83/300, Loss: 0.1044 | 0.0961
Epoch 84/300, Loss: 0.1032 | 0.0955
Epoch 85/300, Loss: 0.1046 | 0.0957
Epoch 86/300, Loss: 0.1030 | 0.0955
Epoch 87/300, Loss: 0.1031 | 0.0952
Epoch 88/300, Loss: 0.1027 | 0.0951
Epoch 89/300, Loss: 0.1029 | 0.0949
Epoch 90/300, Loss: 0.1026 | 0.0948
Epoch 91/300, Loss: 0.1026 | 0.0949
Epoch 92/300, Loss: 0.1034 | 0.0947
Epoch 93/300, Loss: 0.1028 | 0.0948
Epoch 94/300, Loss: 0.1024 | 0.0950
Epoch 95/300, Loss: 0.1019 | 0.0948
Epoch 96/300, Loss: 0.1027 | 0.0942
Epoch 97/300, Loss: 0.1014 | 0.0941
Epoch 98/300, Loss: 0.1017 | 0.0940
Epoch 99/300, Loss: 0.1017 | 0.0942
Epoch 100/300, Loss: 0.1017 | 0.0939
Epoch 101/300, Loss: 0.1019 | 0.0940
Epoch 102/300, Loss: 0.1020 | 0.0940
Epoch 103/300, Loss: 0.1015 | 0.0935
Epoch 104/300, Loss: 0.1015 | 0.0935
Epoch 105/300, Loss: 0.1019 | 0.0936
Epoch 106/300, Loss: 0.1022 | 0.0937
Epoch 107/300, Loss: 0.1009 | 0.0938
Epoch 108/300, Loss: 0.1007 | 0.0935
Epoch 109/300, Loss: 0.1015 | 0.0934
Epoch 110/300, Loss: 0.1006 | 0.0932
Epoch 111/300, Loss: 0.1010 | 0.0930
Epoch 112/300, Loss: 0.1015 | 0.0932
Epoch 113/300, Loss: 0.1010 | 0.0930
Epoch 114/300, Loss: 0.1011 | 0.0932
Epoch 115/300, Loss: 0.1016 | 0.0931
Epoch 116/300, Loss: 0.1010 | 0.0930
Epoch 117/300, Loss: 0.1007 | 0.0928
Epoch 118/300, Loss: 0.1013 | 0.0927
Epoch 119/300, Loss: 0.1010 | 0.0929
Epoch 120/300, Loss: 0.1008 | 0.0929
Epoch 121/300, Loss: 0.1003 | 0.0927
Epoch 122/300, Loss: 0.1004 | 0.0927
Epoch 123/300, Loss: 0.1004 | 0.0927
Epoch 124/300, Loss: 0.1013 | 0.0929
Epoch 125/300, Loss: 0.1004 | 0.0929
Epoch 126/300, Loss: 0.1004 | 0.0929
Epoch 127/300, Loss: 0.1002 | 0.0927
Epoch 128/300, Loss: 0.1003 | 0.0926
Epoch 129/300, Loss: 0.1010 | 0.0927
Epoch 130/300, Loss: 0.1004 | 0.0927
Epoch 131/300, Loss: 0.1003 | 0.0926
Epoch 132/300, Loss: 0.1006 | 0.0927
Epoch 133/300, Loss: 0.1001 | 0.0926
Epoch 134/300, Loss: 0.1005 | 0.0926
Epoch 135/300, Loss: 0.1004 | 0.0925
Epoch 136/300, Loss: 0.1006 | 0.0925
Epoch 137/300, Loss: 0.1002 | 0.0925
Epoch 138/300, Loss: 0.1003 | 0.0925
Epoch 139/300, Loss: 0.1003 | 0.0924
Epoch 140/300, Loss: 0.0999 | 0.0924
Epoch 141/300, Loss: 0.1005 | 0.0924
Epoch 142/300, Loss: 0.0998 | 0.0924
Epoch 143/300, Loss: 0.1001 | 0.0924
Epoch 144/300, Loss: 0.1008 | 0.0923
Epoch 145/300, Loss: 0.0998 | 0.0924
Epoch 146/300, Loss: 0.0999 | 0.0925
Epoch 147/300, Loss: 0.1004 | 0.0924
Epoch 148/300, Loss: 0.1003 | 0.0923
Epoch 149/300, Loss: 0.1002 | 0.0923
Epoch 150/300, Loss: 0.1000 | 0.0923
Epoch 151/300, Loss: 0.1002 | 0.0923
Epoch 152/300, Loss: 0.1002 | 0.0923
Epoch 153/300, Loss: 0.1003 | 0.0923
Epoch 154/300, Loss: 0.1004 | 0.0922
Epoch 155/300, Loss: 0.1004 | 0.0922
Epoch 156/300, Loss: 0.1003 | 0.0921
Epoch 157/300, Loss: 0.1002 | 0.0921
Epoch 158/300, Loss: 0.1005 | 0.0921
Epoch 159/300, Loss: 0.1000 | 0.0921
Epoch 160/300, Loss: 0.1002 | 0.0921
Epoch 161/300, Loss: 0.1001 | 0.0921
Epoch 162/300, Loss: 0.1001 | 0.0921
Epoch 163/300, Loss: 0.1001 | 0.0922
Epoch 164/300, Loss: 0.1000 | 0.0922
Epoch 165/300, Loss: 0.1000 | 0.0922
Epoch 166/300, Loss: 0.1000 | 0.0922
Epoch 167/300, Loss: 0.0999 | 0.0922
Epoch 168/300, Loss: 0.0997 | 0.0922
Epoch 169/300, Loss: 0.1000 | 0.0922
Epoch 170/300, Loss: 0.1001 | 0.0922
Epoch 171/300, Loss: 0.0999 | 0.0921
Epoch 172/300, Loss: 0.1001 | 0.0922
Epoch 173/300, Loss: 0.0993 | 0.0921
Epoch 174/300, Loss: 0.0997 | 0.0921
Epoch 175/300, Loss: 0.0999 | 0.0921
Epoch 176/300, Loss: 0.0999 | 0.0921
Epoch 177/300, Loss: 0.1001 | 0.0921
Epoch 178/300, Loss: 0.1003 | 0.0921
Epoch 179/300, Loss: 0.1001 | 0.0921
Epoch 180/300, Loss: 0.0997 | 0.0921
Epoch 181/300, Loss: 0.1000 | 0.0921
Epoch 182/300, Loss: 0.1001 | 0.0921
Epoch 183/300, Loss: 0.0997 | 0.0921
Epoch 184/300, Loss: 0.1002 | 0.0921
Epoch 185/300, Loss: 0.1001 | 0.0920
Epoch 186/300, Loss: 0.0997 | 0.0920
Epoch 187/300, Loss: 0.0991 | 0.0920
Epoch 188/300, Loss: 0.1000 | 0.0920
Epoch 189/300, Loss: 0.0994 | 0.0920
Epoch 190/300, Loss: 0.1006 | 0.0921
Epoch 191/300, Loss: 0.1005 | 0.0921
Epoch 192/300, Loss: 0.0999 | 0.0921
Epoch 193/300, Loss: 0.0996 | 0.0921
Epoch 194/300, Loss: 0.0997 | 0.0921
Epoch 195/300, Loss: 0.1001 | 0.0921
Epoch 196/300, Loss: 0.1004 | 0.0921
Epoch 197/300, Loss: 0.0995 | 0.0921
Epoch 198/300, Loss: 0.0997 | 0.0921
Epoch 199/300, Loss: 0.0998 | 0.0921
Epoch 200/300, Loss: 0.0995 | 0.0921
Epoch 201/300, Loss: 0.0997 | 0.0921
Epoch 202/300, Loss: 0.0999 | 0.0921
Epoch 203/300, Loss: 0.1002 | 0.0921
Epoch 204/300, Loss: 0.1002 | 0.0921
Epoch 205/300, Loss: 0.1000 | 0.0921
Epoch 206/300, Loss: 0.0997 | 0.0921
Epoch 207/300, Loss: 0.0999 | 0.0921
Epoch 208/300, Loss: 0.1003 | 0.0920
Epoch 209/300, Loss: 0.0997 | 0.0920
Epoch 210/300, Loss: 0.0996 | 0.0920
Epoch 211/300, Loss: 0.0990 | 0.0920
Epoch 212/300, Loss: 0.1002 | 0.0920
Epoch 213/300, Loss: 0.0995 | 0.0920
Epoch 214/300, Loss: 0.0999 | 0.0920
Epoch 215/300, Loss: 0.1004 | 0.0920
Epoch 216/300, Loss: 0.1001 | 0.0920
Epoch 217/300, Loss: 0.1002 | 0.0920
Epoch 218/300, Loss: 0.0989 | 0.0920
Epoch 219/300, Loss: 0.1000 | 0.0920
Epoch 220/300, Loss: 0.0997 | 0.0920
Epoch 221/300, Loss: 0.0998 | 0.0920
Epoch 222/300, Loss: 0.1003 | 0.0920
Epoch 223/300, Loss: 0.0996 | 0.0920
Epoch 224/300, Loss: 0.0999 | 0.0920
Epoch 225/300, Loss: 0.1007 | 0.0920
Epoch 226/300, Loss: 0.1003 | 0.0920
Epoch 227/300, Loss: 0.1002 | 0.0920
Epoch 228/300, Loss: 0.0999 | 0.0920
Epoch 229/300, Loss: 0.1001 | 0.0920
Epoch 230/300, Loss: 0.0997 | 0.0920
Epoch 231/300, Loss: 0.0994 | 0.0920
Epoch 232/300, Loss: 0.1002 | 0.0920
Epoch 233/300, Loss: 0.1000 | 0.0920
Epoch 234/300, Loss: 0.1005 | 0.0920
Epoch 235/300, Loss: 0.0997 | 0.0920
Epoch 236/300, Loss: 0.1002 | 0.0920
Epoch 237/300, Loss: 0.0999 | 0.0920
Epoch 238/300, Loss: 0.0995 | 0.0920
Epoch 239/300, Loss: 0.1004 | 0.0920
Epoch 240/300, Loss: 0.1000 | 0.0920
Epoch 241/300, Loss: 0.0999 | 0.0920
Epoch 242/300, Loss: 0.0999 | 0.0920
Epoch 243/300, Loss: 0.1002 | 0.0920
Epoch 244/300, Loss: 0.0991 | 0.0920
Epoch 245/300, Loss: 0.1000 | 0.0920
Epoch 246/300, Loss: 0.0999 | 0.0920
Epoch 247/300, Loss: 0.0997 | 0.0920
Epoch 248/300, Loss: 0.0990 | 0.0920
Epoch 249/300, Loss: 0.0998 | 0.0920
Epoch 250/300, Loss: 0.0995 | 0.0920
Epoch 251/300, Loss: 0.0998 | 0.0920
Epoch 252/300, Loss: 0.0998 | 0.0920
Epoch 253/300, Loss: 0.1005 | 0.0920
Epoch 254/300, Loss: 0.0990 | 0.0920
Epoch 255/300, Loss: 0.1004 | 0.0920
Epoch 256/300, Loss: 0.0997 | 0.0920
Epoch 257/300, Loss: 0.0998 | 0.0920
Epoch 258/300, Loss: 0.0999 | 0.0920
Epoch 259/300, Loss: 0.0995 | 0.0920
Epoch 260/300, Loss: 0.0993 | 0.0920
Epoch 261/300, Loss: 0.1007 | 0.0920
Epoch 262/300, Loss: 0.0994 | 0.0920
Epoch 263/300, Loss: 0.0996 | 0.0920
Epoch 264/300, Loss: 0.0998 | 0.0920
Epoch 265/300, Loss: 0.1000 | 0.0920
Epoch 266/300, Loss: 0.0995 | 0.0920
Epoch 267/300, Loss: 0.0997 | 0.0920
Epoch 268/300, Loss: 0.0997 | 0.0920
Epoch 269/300, Loss: 0.0998 | 0.0920
Epoch 270/300, Loss: 0.1000 | 0.0920
Epoch 271/300, Loss: 0.1001 | 0.0920
Epoch 272/300, Loss: 0.1001 | 0.0920
Epoch 273/300, Loss: 0.1006 | 0.0920
Epoch 274/300, Loss: 0.0998 | 0.0920
Epoch 275/300, Loss: 0.1003 | 0.0920
Epoch 276/300, Loss: 0.1002 | 0.0920
Epoch 277/300, Loss: 0.0998 | 0.0920
Epoch 278/300, Loss: 0.0998 | 0.0920
Epoch 279/300, Loss: 0.0993 | 0.0920
Epoch 280/300, Loss: 0.0999 | 0.0920
Epoch 281/300, Loss: 0.0994 | 0.0920
Epoch 282/300, Loss: 0.0995 | 0.0920
Epoch 283/300, Loss: 0.0995 | 0.0920
Epoch 284/300, Loss: 0.1002 | 0.0920
Epoch 285/300, Loss: 0.0994 | 0.0920
Epoch 286/300, Loss: 0.0998 | 0.0920
Epoch 287/300, Loss: 0.0996 | 0.0920
Epoch 288/300, Loss: 0.0998 | 0.0920
Epoch 289/300, Loss: 0.1005 | 0.0920
Epoch 290/300, Loss: 0.0999 | 0.0920
Epoch 291/300, Loss: 0.0999 | 0.0920
Epoch 292/300, Loss: 0.1003 | 0.0920
Epoch 293/300, Loss: 0.0997 | 0.0920
Epoch 294/300, Loss: 0.1001 | 0.0920
Epoch 295/300, Loss: 0.0999 | 0.0920
Epoch 296/300, Loss: 0.0998 | 0.0920
Epoch 297/300, Loss: 0.0993 | 0.0920
Epoch 298/300, Loss: 0.1003 | 0.0920
Epoch 299/300, Loss: 0.0997 | 0.0920
Epoch 300/300, Loss: 0.1006 | 0.0920
Runtime (seconds): 406.4833402633667
/home2/y2021/k2110261/.conda/envs/tensorflow/lib/python3.11/site-packages/sklearn/metrics/_regression.py:1266: UndefinedMetricWarning: R^2 score is not well-defined with less than two samples.
  warnings.warn(msg, UndefinedMetricWarning)
MSE: 217.033464089036
RMSE: 14.7320556640625
MAE: 14.7320556640625
R-squared: nan
[198.70795]
