[32m[I 2025-01-06 13:00:12,610][0m A new study created in memory with name: no-name-7505ccca-c35b-4306-abba-a23b471bb107[0m
[32m[I 2025-01-06 13:00:48,869][0m Trial 0 finished with value: 0.6312444272611832 and parameters: {'observation_period_num': 23, 'train_rates': 0.7214623885495439, 'learning_rate': 2.506033326595786e-05, 'batch_size': 98, 'step_size': 8, 'gamma': 0.9380591650206014}. Best is trial 0 with value: 0.6312444272611832.[0m
[32m[I 2025-01-06 13:01:27,334][0m Trial 1 finished with value: 0.9295255963736815 and parameters: {'observation_period_num': 38, 'train_rates': 0.6135861025224958, 'learning_rate': 0.0007073404701035911, 'batch_size': 233, 'step_size': 10, 'gamma': 0.8321316560779457}. Best is trial 0 with value: 0.6312444272611832.[0m
[32m[I 2025-01-06 13:02:27,913][0m Trial 2 finished with value: 0.27903689807202636 and parameters: {'observation_period_num': 28, 'train_rates': 0.8374983743584545, 'learning_rate': 2.6624902159491786e-05, 'batch_size': 66, 'step_size': 6, 'gamma': 0.951767382936841}. Best is trial 2 with value: 0.27903689807202636.[0m
[32m[I 2025-01-06 13:08:36,272][0m Trial 3 finished with value: 0.2157813378742763 and parameters: {'observation_period_num': 246, 'train_rates': 0.9097475740513241, 'learning_rate': 0.0006255279147990093, 'batch_size': 161, 'step_size': 4, 'gamma': 0.9532151057344279}. Best is trial 3 with value: 0.2157813378742763.[0m
[32m[I 2025-01-06 13:11:47,461][0m Trial 4 finished with value: 0.8297411746953696 and parameters: {'observation_period_num': 159, 'train_rates': 0.7279242308575435, 'learning_rate': 0.00010644435521799113, 'batch_size': 147, 'step_size': 10, 'gamma': 0.8007170046288071}. Best is trial 3 with value: 0.2157813378742763.[0m
[32m[I 2025-01-06 13:13:20,509][0m Trial 5 finished with value: 0.676576336570408 and parameters: {'observation_period_num': 72, 'train_rates': 0.8804167147977993, 'learning_rate': 3.018837629343782e-06, 'batch_size': 123, 'step_size': 15, 'gamma': 0.7861317287345754}. Best is trial 3 with value: 0.2157813378742763.[0m
[32m[I 2025-01-06 13:14:49,899][0m Trial 6 finished with value: 0.7902482151985168 and parameters: {'observation_period_num': 75, 'train_rates': 0.7670307385711358, 'learning_rate': 0.00013445443930955976, 'batch_size': 120, 'step_size': 13, 'gamma': 0.9640493488805453}. Best is trial 3 with value: 0.2157813378742763.[0m
[32m[I 2025-01-06 13:20:07,277][0m Trial 7 finished with value: 0.5415461283566346 and parameters: {'observation_period_num': 223, 'train_rates': 0.8530970985774533, 'learning_rate': 1.3126409801416323e-05, 'batch_size': 81, 'step_size': 7, 'gamma': 0.8207776422230815}. Best is trial 3 with value: 0.2157813378742763.[0m
[32m[I 2025-01-06 13:25:51,549][0m Trial 8 finished with value: 0.2949715674824318 and parameters: {'observation_period_num': 238, 'train_rates': 0.8541118058853951, 'learning_rate': 0.00019414489493759898, 'batch_size': 254, 'step_size': 11, 'gamma': 0.8814088471489889}. Best is trial 3 with value: 0.2157813378742763.[0m
[32m[I 2025-01-06 13:28:31,658][0m Trial 9 finished with value: 0.9273579778413843 and parameters: {'observation_period_num': 147, 'train_rates': 0.6160800601618222, 'learning_rate': 3.263776070711572e-05, 'batch_size': 103, 'step_size': 14, 'gamma': 0.7925637178907755}. Best is trial 3 with value: 0.2157813378742763.[0m
[32m[I 2025-01-06 13:33:12,953][0m Trial 10 finished with value: 0.28139832615852356 and parameters: {'observation_period_num': 189, 'train_rates': 0.9840679820308276, 'learning_rate': 0.0006796092874874609, 'batch_size': 179, 'step_size': 1, 'gamma': 0.901085638891757}. Best is trial 3 with value: 0.2157813378742763.[0m
[32m[I 2025-01-06 13:36:52,558][0m Trial 11 finished with value: 0.13903269534440418 and parameters: {'observation_period_num': 97, 'train_rates': 0.9469854907790777, 'learning_rate': 4.938052528504647e-06, 'batch_size': 18, 'step_size': 4, 'gamma': 0.9881990555759707}. Best is trial 11 with value: 0.13903269534440418.[0m
[32m[I 2025-01-06 13:40:47,773][0m Trial 12 finished with value: 0.2702347350120544 and parameters: {'observation_period_num': 102, 'train_rates': 0.9827573972137351, 'learning_rate': 1.106623955945775e-06, 'batch_size': 17, 'step_size': 3, 'gamma': 0.9875462279070885}. Best is trial 11 with value: 0.13903269534440418.[0m
[32m[I 2025-01-06 13:43:28,783][0m Trial 13 finished with value: 0.5979415038856891 and parameters: {'observation_period_num': 122, 'train_rates': 0.9231572476402586, 'learning_rate': 5.787781632564975e-06, 'batch_size': 179, 'step_size': 4, 'gamma': 0.9180471217016688}. Best is trial 11 with value: 0.13903269534440418.[0m
[32m[I 2025-01-06 13:48:29,364][0m Trial 14 finished with value: 0.18960560078047356 and parameters: {'observation_period_num': 190, 'train_rates': 0.923464983507879, 'learning_rate': 4.171588916380734e-06, 'batch_size': 23, 'step_size': 4, 'gamma': 0.9839632292423245}. Best is trial 11 with value: 0.13903269534440418.[0m
[32m[I 2025-01-06 13:53:54,452][0m Trial 15 finished with value: 0.390039856895546 and parameters: {'observation_period_num': 193, 'train_rates': 0.9377208398792213, 'learning_rate': 1.2054434227077791e-06, 'batch_size': 21, 'step_size': 1, 'gamma': 0.9881165060731489}. Best is trial 11 with value: 0.13903269534440418.[0m
[32m[I 2025-01-06 13:58:36,056][0m Trial 16 finished with value: 0.3690622626370146 and parameters: {'observation_period_num': 183, 'train_rates': 0.952806468980222, 'learning_rate': 4.437505740042917e-06, 'batch_size': 43, 'step_size': 5, 'gamma': 0.8620000533056973}. Best is trial 11 with value: 0.13903269534440418.[0m
[32m[I 2025-01-06 14:00:50,782][0m Trial 17 finished with value: 0.9798220825749774 and parameters: {'observation_period_num': 106, 'train_rates': 0.7890609371715208, 'learning_rate': 9.701848121538627e-06, 'batch_size': 55, 'step_size': 3, 'gamma': 0.7560083587250381}. Best is trial 11 with value: 0.13903269534440418.[0m
[32m[I 2025-01-06 14:04:35,979][0m Trial 18 finished with value: 0.48976050712194547 and parameters: {'observation_period_num': 155, 'train_rates': 0.8990734833763662, 'learning_rate': 2.3242660437774578e-06, 'batch_size': 40, 'step_size': 6, 'gamma': 0.9265633360438184}. Best is trial 11 with value: 0.13903269534440418.[0m
[32m[I 2025-01-06 14:06:22,477][0m Trial 19 finished with value: 0.2204878181219101 and parameters: {'observation_period_num': 72, 'train_rates': 0.9897640509837341, 'learning_rate': 1.1505818421226319e-05, 'batch_size': 67, 'step_size': 2, 'gamma': 0.9689077816723134}. Best is trial 11 with value: 0.13903269534440418.[0m
[32m[I 2025-01-06 14:11:22,930][0m Trial 20 finished with value: 0.5752555683046996 and parameters: {'observation_period_num': 210, 'train_rates': 0.8178381689763068, 'learning_rate': 2.286425288139933e-06, 'batch_size': 31, 'step_size': 8, 'gamma': 0.8994635600572067}. Best is trial 11 with value: 0.13903269534440418.[0m
[32m[I 2025-01-06 14:17:36,295][0m Trial 21 finished with value: 0.22187371898401267 and parameters: {'observation_period_num': 249, 'train_rates': 0.8998921718289434, 'learning_rate': 6.049737900207639e-05, 'batch_size': 181, 'step_size': 4, 'gamma': 0.9618674468149746}. Best is trial 11 with value: 0.13903269534440418.[0m
[32m[I 2025-01-06 14:23:04,141][0m Trial 22 finished with value: 0.35261066760986476 and parameters: {'observation_period_num': 217, 'train_rates': 0.9427686064615628, 'learning_rate': 6.664196904253198e-06, 'batch_size': 153, 'step_size': 5, 'gamma': 0.9856330929062376}. Best is trial 11 with value: 0.13903269534440418.[0m
[32m[I 2025-01-06 14:27:02,820][0m Trial 23 finished with value: 0.17536975561783014 and parameters: {'observation_period_num': 172, 'train_rates': 0.8918054955305272, 'learning_rate': 0.00032525817578354395, 'batch_size': 162, 'step_size': 3, 'gamma': 0.938592415270925}. Best is trial 11 with value: 0.13903269534440418.[0m
[32m[I 2025-01-06 14:30:02,830][0m Trial 24 finished with value: 0.234929315967574 and parameters: {'observation_period_num': 134, 'train_rates': 0.8809710264066644, 'learning_rate': 0.00033888927394428635, 'batch_size': 209, 'step_size': 2, 'gamma': 0.9386151067603048}. Best is trial 11 with value: 0.13903269534440418.[0m
[32m[I 2025-01-06 14:33:57,608][0m Trial 25 finished with value: 0.13439314564069113 and parameters: {'observation_period_num': 161, 'train_rates': 0.9616676339147888, 'learning_rate': 4.606188321565417e-05, 'batch_size': 86, 'step_size': 6, 'gamma': 0.9743276851464012}. Best is trial 25 with value: 0.13439314564069113.[0m
[32m[I 2025-01-06 14:38:07,344][0m Trial 26 finished with value: 0.14211556315422058 and parameters: {'observation_period_num': 170, 'train_rates': 0.96743660208958, 'learning_rate': 5.84827096975812e-05, 'batch_size': 98, 'step_size': 6, 'gamma': 0.9111727038144325}. Best is trial 25 with value: 0.13439314564069113.[0m
[32m[I 2025-01-06 14:40:39,913][0m Trial 27 finished with value: 0.13478459409632526 and parameters: {'observation_period_num': 110, 'train_rates': 0.9681206781970643, 'learning_rate': 5.07850472376202e-05, 'batch_size': 90, 'step_size': 7, 'gamma': 0.8579084583624048}. Best is trial 25 with value: 0.13439314564069113.[0m
[32m[I 2025-01-06 14:42:52,291][0m Trial 28 finished with value: 0.1338471541595128 and parameters: {'observation_period_num': 94, 'train_rates': 0.9500163456733245, 'learning_rate': 4.4961765659457865e-05, 'batch_size': 77, 'step_size': 9, 'gamma': 0.8455478591795214}. Best is trial 28 with value: 0.1338471541595128.[0m
[32m[I 2025-01-06 14:46:05,775][0m Trial 29 finished with value: 0.1418820301953115 and parameters: {'observation_period_num': 133, 'train_rates': 0.959628009783648, 'learning_rate': 4.287254345651594e-05, 'batch_size': 87, 'step_size': 9, 'gamma': 0.8564794334549264}. Best is trial 28 with value: 0.1338471541595128.[0m
[32m[I 2025-01-06 14:47:05,521][0m Trial 30 finished with value: 0.8704107026510601 and parameters: {'observation_period_num': 53, 'train_rates': 0.72815264567479, 'learning_rate': 1.8634784624950947e-05, 'batch_size': 121, 'step_size': 8, 'gamma': 0.8444198108953094}. Best is trial 28 with value: 0.1338471541595128.[0m
[32m[I 2025-01-06 14:48:55,439][0m Trial 31 finished with value: 0.8210865550001171 and parameters: {'observation_period_num': 98, 'train_rates': 0.6665872778247564, 'learning_rate': 8.053965835956956e-05, 'batch_size': 77, 'step_size': 7, 'gamma': 0.8741868069835409}. Best is trial 28 with value: 0.1338471541595128.[0m
[32m[I 2025-01-06 14:51:33,437][0m Trial 32 finished with value: 0.22193416401191993 and parameters: {'observation_period_num': 117, 'train_rates': 0.9430436020997657, 'learning_rate': 1.8822921045558046e-05, 'batch_size': 103, 'step_size': 11, 'gamma': 0.8205746939136757}. Best is trial 28 with value: 0.1338471541595128.[0m
[32m[I 2025-01-06 14:53:52,046][0m Trial 33 finished with value: 0.12133331424914874 and parameters: {'observation_period_num': 94, 'train_rates': 0.9638586612909038, 'learning_rate': 4.268957399630868e-05, 'batch_size': 51, 'step_size': 9, 'gamma': 0.8871175880126365}. Best is trial 33 with value: 0.12133331424914874.[0m
[32m[I 2025-01-06 14:55:14,474][0m Trial 34 finished with value: 0.11077628324429194 and parameters: {'observation_period_num': 54, 'train_rates': 0.9742945054605101, 'learning_rate': 3.997972907658802e-05, 'batch_size': 59, 'step_size': 10, 'gamma': 0.8416927486197577}. Best is trial 34 with value: 0.11077628324429194.[0m
[32m[I 2025-01-06 14:56:30,047][0m Trial 35 finished with value: 0.13312320863898797 and parameters: {'observation_period_num': 16, 'train_rates': 0.9197252650695152, 'learning_rate': 3.036015658062178e-05, 'batch_size': 52, 'step_size': 10, 'gamma': 0.8347779247489837}. Best is trial 34 with value: 0.11077628324429194.[0m
[32m[I 2025-01-06 14:57:41,296][0m Trial 36 finished with value: 0.1341357879778918 and parameters: {'observation_period_num': 5, 'train_rates': 0.9194639765276136, 'learning_rate': 2.7835580719441827e-05, 'batch_size': 56, 'step_size': 10, 'gamma': 0.8392832056096479}. Best is trial 34 with value: 0.11077628324429194.[0m
[32m[I 2025-01-06 14:58:50,150][0m Trial 37 finished with value: 0.2413842702972824 and parameters: {'observation_period_num': 44, 'train_rates': 0.8739029731475089, 'learning_rate': 0.00011619104225186723, 'batch_size': 59, 'step_size': 12, 'gamma': 0.8870898405192268}. Best is trial 34 with value: 0.11077628324429194.[0m
[32m[I 2025-01-06 15:00:31,056][0m Trial 38 finished with value: 0.15546839702201176 and parameters: {'observation_period_num': 27, 'train_rates': 0.9151035465080587, 'learning_rate': 1.9616654946849785e-05, 'batch_size': 39, 'step_size': 9, 'gamma': 0.8189941586766806}. Best is trial 34 with value: 0.11077628324429194.[0m
[32m[I 2025-01-06 15:02:15,890][0m Trial 39 finished with value: 0.3350902450084686 and parameters: {'observation_period_num': 82, 'train_rates': 0.8262046184018152, 'learning_rate': 3.4437909640334684e-05, 'batch_size': 70, 'step_size': 9, 'gamma': 0.8313806475472751}. Best is trial 34 with value: 0.11077628324429194.[0m
[32m[I 2025-01-06 15:03:29,125][0m Trial 40 finished with value: 0.21863005566359095 and parameters: {'observation_period_num': 11, 'train_rates': 0.8469517080770848, 'learning_rate': 9.359364551855263e-05, 'batch_size': 51, 'step_size': 11, 'gamma': 0.802236710048808}. Best is trial 34 with value: 0.11077628324429194.[0m
[32m[I 2025-01-06 15:04:52,445][0m Trial 41 finished with value: 0.1646459637905046 and parameters: {'observation_period_num': 55, 'train_rates': 0.9253832285389934, 'learning_rate': 2.6118713664457137e-05, 'batch_size': 53, 'step_size': 10, 'gamma': 0.8461154414067005}. Best is trial 34 with value: 0.11077628324429194.[0m
[32m[I 2025-01-06 15:05:52,041][0m Trial 42 finished with value: 0.2184871346653286 and parameters: {'observation_period_num': 15, 'train_rates': 0.8701001017588454, 'learning_rate': 0.00017181480182417797, 'batch_size': 63, 'step_size': 10, 'gamma': 0.8371694079629916}. Best is trial 34 with value: 0.11077628324429194.[0m
[32m[I 2025-01-06 15:07:49,063][0m Trial 43 finished with value: 0.0848508073311103 and parameters: {'observation_period_num': 37, 'train_rates': 0.9739781932196933, 'learning_rate': 7.152603251777385e-05, 'batch_size': 36, 'step_size': 12, 'gamma': 0.8076694850732252}. Best is trial 43 with value: 0.0848508073311103.[0m
[32m[I 2025-01-06 15:09:33,028][0m Trial 44 finished with value: 0.08584993753744208 and parameters: {'observation_period_num': 36, 'train_rates': 0.9763981397701216, 'learning_rate': 7.036890577633644e-05, 'batch_size': 42, 'step_size': 13, 'gamma': 0.7729933716863692}. Best is trial 43 with value: 0.0848508073311103.[0m
[32m[I 2025-01-06 15:11:42,789][0m Trial 45 finished with value: 0.08386370177629968 and parameters: {'observation_period_num': 36, 'train_rates': 0.9759370904787381, 'learning_rate': 7.596562709360802e-05, 'batch_size': 33, 'step_size': 13, 'gamma': 0.7702097114089388}. Best is trial 45 with value: 0.08386370177629968.[0m
[32m[I 2025-01-06 15:13:48,359][0m Trial 46 finished with value: 0.12770551483373385 and parameters: {'observation_period_num': 38, 'train_rates': 0.9749446094352263, 'learning_rate': 0.00017796833615700813, 'batch_size': 34, 'step_size': 14, 'gamma': 0.7615300934941667}. Best is trial 45 with value: 0.08386370177629968.[0m
[32m[I 2025-01-06 15:16:14,991][0m Trial 47 finished with value: 0.08998120922980637 and parameters: {'observation_period_num': 61, 'train_rates': 0.9803019793400659, 'learning_rate': 7.818410575010802e-05, 'batch_size': 30, 'step_size': 12, 'gamma': 0.7795286610653547}. Best is trial 45 with value: 0.08386370177629968.[0m
[32m[I 2025-01-06 15:18:53,562][0m Trial 48 finished with value: 0.1096591746265238 and parameters: {'observation_period_num': 60, 'train_rates': 0.988946767978167, 'learning_rate': 7.725927713725191e-05, 'batch_size': 28, 'step_size': 13, 'gamma': 0.7749929923471792}. Best is trial 45 with value: 0.08386370177629968.[0m
