[32m[I 2025-01-18 07:33:26,728][0m Trial 12 finished with value: 0.13002045037300916 and parameters: {'observation_period_num': 77, 'train_rates': 0.7966356692831364, 'learning_rate': 0.00014787163204969169, 'batch_size': 95, 'step_size': 10, 'gamma': 0.9202207089622463}. Best is trial 0 with value: 0.02996129191683533.[0m
[32m[I 2025-01-18 07:33:57,091][0m Trial 13 finished with value: 0.14484773402752943 and parameters: {'observation_period_num': 146, 'train_rates': 0.7411443868121653, 'learning_rate': 1.6469911600261113e-05, 'batch_size': 157, 'step_size': 3, 'gamma': 0.829288027353671}. Best is trial 0 with value: 0.02996129191683533.[0m
[32m[I 2025-01-18 07:34:42,396][0m Trial 14 finished with value: 0.1707466128102643 and parameters: {'observation_period_num': 248, 'train_rates': 0.6089594449844136, 'learning_rate': 0.000829620001041342, 'batch_size': 87, 'step_size': 3, 'gamma': 0.8885689682659924}. Best is trial 0 with value: 0.02996129191683533.[0m
[32m[I 2025-01-18 07:35:03,085][0m Trial 15 finished with value: 0.06186611976387889 and parameters: {'observation_period_num': 54, 'train_rates': 0.8524341953053951, 'learning_rate': 0.00014769333993791144, 'batch_size': 254, 'step_size': 15, 'gamma': 0.9567210057553532}. Best is trial 0 with value: 0.02996129191683533.[0m
[32m[I 2025-01-18 07:35:27,550][0m Trial 16 finished with value: 0.14632436633110046 and parameters: {'observation_period_num': 6, 'train_rates': 0.9879390956157843, 'learning_rate': 2.180140433782466e-05, 'batch_size': 252, 'step_size': 15, 'gamma': 0.9774163771812825}. Best is trial 0 with value: 0.02996129191683533.[0m
[32m[I 2025-01-18 07:37:10,612][0m Trial 17 finished with value: 0.08097961052019793 and parameters: {'observation_period_num': 62, 'train_rates': 0.8628815906055103, 'learning_rate': 0.0003087050867226106, 'batch_size': 51, 'step_size': 9, 'gamma': 0.9442472464310168}. Best is trial 0 with value: 0.02996129191683533.[0m
[32m[I 2025-01-18 07:37:52,725][0m Trial 18 finished with value: 0.018393739825114608 and parameters: {'observation_period_num': 42, 'train_rates': 0.8330822698383892, 'learning_rate': 6.717924330849353e-05, 'batch_size': 122, 'step_size': 15, 'gamma': 0.9515672919986695}. Best is trial 18 with value: 0.018393739825114608.[0m
[32m[I 2025-01-18 07:38:34,921][0m Trial 19 finished with value: 0.041387368427552904 and parameters: {'observation_period_num': 99, 'train_rates': 0.7697136771890948, 'learning_rate': 7.72000563332209e-05, 'batch_size': 115, 'step_size': 12, 'gamma': 0.9261000506752595}. Best is trial 18 with value: 0.018393739825114608.[0m
[32m[I 2025-01-18 07:40:11,152][0m Trial 20 finished with value: 0.02157718935794436 and parameters: {'observation_period_num': 34, 'train_rates': 0.8164492777529146, 'learning_rate': 1.2490033634172117e-05, 'batch_size': 50, 'step_size': 13, 'gamma': 0.9690502212741199}. Best is trial 18 with value: 0.018393739825114608.[0m
[32m[I 2025-01-18 07:41:38,099][0m Trial 21 finished with value: 0.01898266249220849 and parameters: {'observation_period_num': 27, 'train_rates': 0.8352894728625216, 'learning_rate': 1.2206785440132425e-05, 'batch_size': 58, 'step_size': 13, 'gamma': 0.9778849175774614}. Best is trial 18 with value: 0.018393739825114608.[0m
[32m[I 2025-01-18 07:45:18,494][0m Trial 22 finished with value: 0.02865708360176706 and parameters: {'observation_period_num': 28, 'train_rates': 0.904356374421925, 'learning_rate': 1.1014644421294588e-05, 'batch_size': 23, 'step_size': 13, 'gamma': 0.9689350779550335}. Best is trial 18 with value: 0.018393739825114608.[0m
[32m[I 2025-01-18 07:46:26,759][0m Trial 23 finished with value: 0.021521837444832694 and parameters: {'observation_period_num': 10, 'train_rates': 0.7802321856887134, 'learning_rate': 7.736379977367598e-06, 'batch_size': 71, 'step_size': 14, 'gamma': 0.9899181265440529}. Best is trial 18 with value: 0.018393739825114608.[0m
[32m[I 2025-01-18 07:47:34,047][0m Trial 24 finished with value: 0.016714581101077475 and parameters: {'observation_period_num': 5, 'train_rates': 0.761504570600712, 'learning_rate': 6.340657609250285e-06, 'batch_size': 72, 'step_size': 15, 'gamma': 0.9868210642809784}. Best is trial 24 with value: 0.016714581101077475.[0m
[32m[I 2025-01-18 07:48:18,824][0m Trial 25 finished with value: 0.0147518497696324 and parameters: {'observation_period_num': 7, 'train_rates': 0.7519458087693908, 'learning_rate': 3.085236511394461e-05, 'batch_size': 111, 'step_size': 15, 'gamma': 0.9429776954937509}. Best is trial 25 with value: 0.0147518497696324.[0m
[32m[I 2025-01-18 07:48:56,999][0m Trial 26 finished with value: 0.017582094577319702 and parameters: {'observation_period_num': 10, 'train_rates': 0.6876626774062774, 'learning_rate': 2.8107135310622486e-05, 'batch_size': 120, 'step_size': 15, 'gamma': 0.9324564040043977}. Best is trial 25 with value: 0.0147518497696324.[0m
[32m[I 2025-01-18 07:49:38,797][0m Trial 27 finished with value: 0.013522424565179504 and parameters: {'observation_period_num': 5, 'train_rates': 0.6763052447778697, 'learning_rate': 2.982138945089963e-05, 'batch_size': 106, 'step_size': 11, 'gamma': 0.9324808367656309}. Best is trial 27 with value: 0.013522424565179504.[0m
[32m[I 2025-01-18 07:50:23,233][0m Trial 28 finished with value: 0.042408929427207656 and parameters: {'observation_period_num': 6, 'train_rates': 0.7521455969232734, 'learning_rate': 3.477111629842829e-06, 'batch_size': 106, 'step_size': 11, 'gamma': 0.9351224194299351}. Best is trial 27 with value: 0.013522424565179504.[0m
[32m[I 2025-01-18 07:50:52,675][0m Trial 29 finished with value: 0.04863165223128568 and parameters: {'observation_period_num': 69, 'train_rates': 0.6671997399192667, 'learning_rate': 3.642424713917787e-05, 'batch_size': 152, 'step_size': 9, 'gamma': 0.9176413013718832}. Best is trial 27 with value: 0.013522424565179504.[0m
[32m[I 2025-01-18 07:51:55,275][0m Trial 30 finished with value: 0.06961177276544477 and parameters: {'observation_period_num': 111, 'train_rates': 0.7178731757407639, 'learning_rate': 2.255858386701919e-05, 'batch_size': 71, 'step_size': 11, 'gamma': 0.9064971562321463}. Best is trial 27 with value: 0.013522424565179504.[0m
[32m[I 2025-01-18 07:52:28,853][0m Trial 31 finished with value: 0.022812082858599095 and parameters: {'observation_period_num': 19, 'train_rates': 0.690289806222689, 'learning_rate': 2.571123599775894e-05, 'batch_size': 143, 'step_size': 14, 'gamma': 0.934537903203141}. Best is trial 27 with value: 0.013522424565179504.[0m
[32m[I 2025-01-18 07:52:55,999][0m Trial 32 finished with value: 0.03082275824171716 and parameters: {'observation_period_num': 47, 'train_rates': 0.6820449568226965, 'learning_rate': 4.23989771511728e-05, 'batch_size': 178, 'step_size': 14, 'gamma': 0.9604230863107717}. Best is trial 27 with value: 0.013522424565179504.[0m
[32m[I 2025-01-18 07:53:38,977][0m Trial 33 finished with value: 0.016610588155248587 and parameters: {'observation_period_num': 14, 'train_rates': 0.6544611794820611, 'learning_rate': 3.372470366392608e-05, 'batch_size': 104, 'step_size': 15, 'gamma': 0.9049742409972794}. Best is trial 27 with value: 0.013522424565179504.[0m
[32m[I 2025-01-18 07:54:24,420][0m Trial 34 finished with value: 0.06186895541889819 and parameters: {'observation_period_num': 38, 'train_rates': 0.6455527017331356, 'learning_rate': 7.4318160042199835e-06, 'batch_size': 98, 'step_size': 12, 'gamma': 0.9020881313711834}. Best is trial 27 with value: 0.013522424565179504.[0m
[32m[I 2025-01-18 07:55:28,552][0m Trial 35 finished with value: 0.013210705871668022 and parameters: {'observation_period_num': 22, 'train_rates': 0.7423067258169861, 'learning_rate': 0.00010110808200857942, 'batch_size': 75, 'step_size': 14, 'gamma': 0.899379966009813}. Best is trial 35 with value: 0.013210705871668022.[0m
[32m[I 2025-01-18 07:56:08,681][0m Trial 36 finished with value: 0.024758082401205802 and parameters: {'observation_period_num': 19, 'train_rates': 0.6558560578925196, 'learning_rate': 0.00010332709159785567, 'batch_size': 108, 'step_size': 12, 'gamma': 0.860434997932931}. Best is trial 35 with value: 0.013210705871668022.[0m
[32m[I 2025-01-18 07:57:06,335][0m Trial 37 finished with value: 0.01993365708226876 and parameters: {'observation_period_num': 56, 'train_rates': 0.7325034088737061, 'learning_rate': 4.935401089410805e-05, 'batch_size': 81, 'step_size': 14, 'gamma': 0.9000305784930752}. Best is trial 35 with value: 0.013210705871668022.[0m
[32m[I 2025-01-18 07:59:11,832][0m Trial 38 finished with value: 0.015989683001305405 and parameters: {'observation_period_num': 22, 'train_rates': 0.7054749204442473, 'learning_rate': 9.50877876889356e-05, 'batch_size': 36, 'step_size': 10, 'gamma': 0.8748107667119567}. Best is trial 35 with value: 0.013210705871668022.[0m
[32m[I 2025-01-18 08:01:03,751][0m Trial 39 finished with value: 0.037008009765449226 and parameters: {'observation_period_num': 77, 'train_rates': 0.6947535802140135, 'learning_rate': 9.835789378507553e-05, 'batch_size': 39, 'step_size': 8, 'gamma': 0.8754426853523182}. Best is trial 35 with value: 0.013210705871668022.[0m
[32m[I 2025-01-18 08:03:02,541][0m Trial 40 finished with value: 0.01683919783681631 and parameters: {'observation_period_num': 34, 'train_rates': 0.7083928516506885, 'learning_rate': 5.2014591907027644e-05, 'batch_size': 38, 'step_size': 10, 'gamma': 0.8562483569779243}. Best is trial 35 with value: 0.013210705871668022.[0m
[32m[I 2025-01-18 08:03:36,109][0m Trial 41 finished with value: 0.02065348736222117 and parameters: {'observation_period_num': 19, 'train_rates': 0.6312720625575702, 'learning_rate': 0.00047004950335215103, 'batch_size': 128, 'step_size': 13, 'gamma': 0.8953073058259078}. Best is trial 35 with value: 0.013210705871668022.[0m
[32m[I 2025-01-18 08:04:23,538][0m Trial 42 finished with value: 0.03941168188184653 and parameters: {'observation_period_num': 47, 'train_rates': 0.6676183242633342, 'learning_rate': 0.0001074608598878993, 'batch_size': 95, 'step_size': 10, 'gamma': 0.8790091377132879}. Best is trial 35 with value: 0.013210705871668022.[0m
[32m[I 2025-01-18 08:04:53,948][0m Trial 43 finished with value: 0.03838108147600454 and parameters: {'observation_period_num': 22, 'train_rates': 0.6030320882777191, 'learning_rate': 3.516347854620798e-05, 'batch_size': 141, 'step_size': 12, 'gamma': 0.9108100366238178}. Best is trial 35 with value: 0.013210705871668022.[0m
[32m[I 2025-01-18 08:05:47,538][0m Trial 44 finished with value: 0.1143792707283618 and parameters: {'observation_period_num': 226, 'train_rates': 0.7416406326212026, 'learning_rate': 1.6194859649289153e-05, 'batch_size': 84, 'step_size': 6, 'gamma': 0.9137221281746746}. Best is trial 35 with value: 0.013210705871668022.[0m
[32m[I 2025-01-18 08:06:59,350][0m Trial 45 finished with value: 0.01132764668150139 and parameters: {'observation_period_num': 18, 'train_rates': 0.7122127539509608, 'learning_rate': 0.00019900605412659844, 'batch_size': 64, 'step_size': 14, 'gamma': 0.8475978455432156}. Best is trial 45 with value: 0.01132764668150139.[0m
[32m[I 2025-01-18 08:09:38,991][0m Trial 46 finished with value: 0.1259825158173616 and parameters: {'observation_period_num': 160, 'train_rates': 0.7144466141333615, 'learning_rate': 0.000246308911759738, 'batch_size': 27, 'step_size': 11, 'gamma': 0.8027639834048292}. Best is trial 45 with value: 0.01132764668150139.[0m
[32m[I 2025-01-18 08:10:54,484][0m Trial 47 finished with value: 0.012777019577596955 and parameters: {'observation_period_num': 32, 'train_rates': 0.7287574610898284, 'learning_rate': 0.00021187431474756002, 'batch_size': 62, 'step_size': 9, 'gamma': 0.8426439954990527}. Best is trial 45 with value: 0.01132764668150139.[0m
[32m[I 2025-01-18 08:12:14,586][0m Trial 48 finished with value: 0.014843488060268424 and parameters: {'observation_period_num': 33, 'train_rates': 0.7888222822409199, 'learning_rate': 0.000519250120763897, 'batch_size': 61, 'step_size': 8, 'gamma': 0.8168022910780613}. Best is trial 45 with value: 0.01132764668150139.[0m
[32m[I 2025-01-18 08:13:14,689][0m Trial 49 finished with value: 0.020090093255299618 and parameters: {'observation_period_num': 45, 'train_rates': 0.7317267720231085, 'learning_rate': 0.0002664537398352812, 'batch_size': 79, 'step_size': 9, 'gamma': 0.848734818865361}. Best is trial 45 with value: 0.01132764668150139.[0m
[161.54736]
[-4.0385704]
[5.0217805]
[19.60066]
[9.103369]
[28.622608]
/home2/y2021/k2110261/.conda/envs/tensorflow/lib/python3.11/site-packages/sklearn/metrics/_regression.py:1266: UndefinedMetricWarning: R^2 score is not well-defined with less than two samples.
  warnings.warn(msg, UndefinedMetricWarning)
MSE: 170.89809154183604
RMSE: 13.072799682617188
MAE: 13.072799682617188
R-squared: nan
[219.8572]
