[32m[I 2025-01-18 04:09:48,705][0m Trial 15 finished with value: 0.004074481996492698 and parameters: {'observation_period_num': 99, 'train_rates': 0.9092904645552665, 'learning_rate': 0.0009879649981839845, 'batch_size': 20, 'step_size': 10, 'gamma': 0.7814807337553961}. Best is trial 11 with value: 0.0007034381548064776.[0m
[32m[I 2025-01-18 04:11:25,063][0m Trial 16 finished with value: 0.02470824122428894 and parameters: {'observation_period_num': 178, 'train_rates': 0.9820334190361523, 'learning_rate': 5.002580390935351e-05, 'batch_size': 56, 'step_size': 4, 'gamma': 0.843977097833753}. Best is trial 11 with value: 0.0007034381548064776.[0m
[32m[I 2025-01-18 04:12:18,896][0m Trial 17 finished with value: 0.04739299404227044 and parameters: {'observation_period_num': 125, 'train_rates': 0.8724796296953191, 'learning_rate': 2.0848328232447818e-05, 'batch_size': 96, 'step_size': 11, 'gamma': 0.7820668724209414}. Best is trial 11 with value: 0.0007034381548064776.[0m
[32m[I 2025-01-18 04:12:49,643][0m Trial 18 finished with value: 0.006625673267990351 and parameters: {'observation_period_num': 41, 'train_rates': 0.9456067482780035, 'learning_rate': 0.000284157234007565, 'batch_size': 188, 'step_size': 8, 'gamma': 0.8403798075896523}. Best is trial 11 with value: 0.0007034381548064776.[0m
[32m[I 2025-01-18 04:14:39,470][0m Trial 19 finished with value: 0.34356771595329405 and parameters: {'observation_period_num': 111, 'train_rates': 0.707923484253699, 'learning_rate': 1.3316946906227495e-06, 'batch_size': 40, 'step_size': 9, 'gamma': 0.7891708022819907}. Best is trial 11 with value: 0.0007034381548064776.[0m
[32m[I 2025-01-18 04:15:27,352][0m Trial 20 finished with value: 0.007014655512951625 and parameters: {'observation_period_num': 146, 'train_rates': 0.8638059053242302, 'learning_rate': 0.0005497167355250805, 'batch_size': 110, 'step_size': 4, 'gamma': 0.8765517894879444}. Best is trial 11 with value: 0.0007034381548064776.[0m
[32m[I 2025-01-18 04:21:06,097][0m Trial 21 finished with value: 0.003760657881974508 and parameters: {'observation_period_num': 77, 'train_rates': 0.9380919434175261, 'learning_rate': 0.0009475156973511634, 'batch_size': 16, 'step_size': 11, 'gamma': 0.8097870706682312}. Best is trial 11 with value: 0.0007034381548064776.[0m
[32m[I 2025-01-18 04:26:23,973][0m Trial 22 finished with value: 0.001609670386533253 and parameters: {'observation_period_num': 81, 'train_rates': 0.9483133493434897, 'learning_rate': 0.0009850018731835642, 'batch_size': 17, 'step_size': 10, 'gamma': 0.8343256465971705}. Best is trial 11 with value: 0.0007034381548064776.[0m
[32m[I 2025-01-18 04:28:44,046][0m Trial 23 finished with value: 0.000939462887600246 and parameters: {'observation_period_num': 46, 'train_rates': 0.9720449893764217, 'learning_rate': 0.0004302113845899781, 'batch_size': 40, 'step_size': 7, 'gamma': 0.7913029161357641}. Best is trial 11 with value: 0.0007034381548064776.[0m
[32m[I 2025-01-18 04:30:10,831][0m Trial 24 finished with value: 0.007026500028974199 and parameters: {'observation_period_num': 105, 'train_rates': 0.9179008786062341, 'learning_rate': 0.000123652165373052, 'batch_size': 62, 'step_size': 10, 'gamma': 0.7525011303770633}. Best is trial 11 with value: 0.0007034381548064776.[0m
[32m[I 2025-01-18 04:31:23,797][0m Trial 25 finished with value: 0.004090257454663515 and parameters: {'observation_period_num': 164, 'train_rates': 0.9895368542733437, 'learning_rate': 0.000589199774030201, 'batch_size': 76, 'step_size': 12, 'gamma': 0.8062754692395375}. Best is trial 11 with value: 0.0007034381548064776.[0m
[32m[I 2025-01-18 04:33:42,634][0m Trial 26 finished with value: 0.0036319572103647737 and parameters: {'observation_period_num': 89, 'train_rates': 0.8833566271450465, 'learning_rate': 0.0001670563911535573, 'batch_size': 37, 'step_size': 8, 'gamma': 0.7710562174758956}. Best is trial 11 with value: 0.0007034381548064776.[0m
[32m[I 2025-01-18 04:34:08,970][0m Trial 27 finished with value: 0.029047183184645817 and parameters: {'observation_period_num': 128, 'train_rates': 0.6769898946049333, 'learning_rate': 0.00030483164267931546, 'batch_size': 170, 'step_size': 9, 'gamma': 0.8531381679722803}. Best is trial 11 with value: 0.0007034381548064776.[0m
[32m[I 2025-01-18 04:36:58,797][0m Trial 28 finished with value: 0.0008008756739179957 and parameters: {'observation_period_num': 195, 'train_rates': 0.9419147139549994, 'learning_rate': 0.0007420607993784396, 'batch_size': 31, 'step_size': 11, 'gamma': 0.8212925410170844}. Best is trial 11 with value: 0.0007034381548064776.[0m
[32m[I 2025-01-18 04:37:43,440][0m Trial 29 finished with value: 0.010130121428519488 and parameters: {'observation_period_num': 198, 'train_rates': 0.9278817861073455, 'learning_rate': 6.727841058750965e-05, 'batch_size': 122, 'step_size': 13, 'gamma': 0.8786974436616363}. Best is trial 11 with value: 0.0007034381548064776.[0m
[32m[I 2025-01-18 04:39:18,895][0m Trial 30 finished with value: 0.008052077570378229 and parameters: {'observation_period_num': 248, 'train_rates': 0.9007234874963507, 'learning_rate': 5.334334167845631e-05, 'batch_size': 53, 'step_size': 11, 'gamma': 0.830916663481479}. Best is trial 11 with value: 0.0007034381548064776.[0m
[32m[I 2025-01-18 04:42:21,516][0m Trial 31 finished with value: 0.0008597708412609692 and parameters: {'observation_period_num': 220, 'train_rates': 0.9598804271562044, 'learning_rate': 0.0007138935265034699, 'batch_size': 29, 'step_size': 10, 'gamma': 0.8007918486270096}. Best is trial 11 with value: 0.0007034381548064776.[0m
[32m[I 2025-01-18 04:44:38,335][0m Trial 32 finished with value: 0.0013866333109844062 and parameters: {'observation_period_num': 227, 'train_rates': 0.950872745923362, 'learning_rate': 0.00044131779740615417, 'batch_size': 38, 'step_size': 9, 'gamma': 0.7692872786879704}. Best is trial 11 with value: 0.0007034381548064776.[0m
[32m[I 2025-01-18 04:45:45,811][0m Trial 33 finished with value: 0.004451741811834158 and parameters: {'observation_period_num': 195, 'train_rates': 0.931777836107089, 'learning_rate': 0.0006057042288528139, 'batch_size': 78, 'step_size': 12, 'gamma': 0.7969690796511555}. Best is trial 11 with value: 0.0007034381548064776.[0m
[32m[I 2025-01-18 04:48:26,064][0m Trial 34 finished with value: 0.003918909425590569 and parameters: {'observation_period_num': 221, 'train_rates': 0.8612821783760468, 'learning_rate': 0.00025072372261053977, 'batch_size': 30, 'step_size': 7, 'gamma': 0.7649712097944004}. Best is trial 11 with value: 0.0007034381548064776.[0m
[32m[I 2025-01-18 04:49:58,913][0m Trial 35 finished with value: 0.005306435217566651 and parameters: {'observation_period_num': 183, 'train_rates': 0.8245449314410136, 'learning_rate': 0.0007130900158168132, 'batch_size': 51, 'step_size': 11, 'gamma': 0.8262852790124773}. Best is trial 11 with value: 0.0007034381548064776.[0m
[32m[I 2025-01-18 04:52:44,000][0m Trial 36 finished with value: 0.001549432192841107 and parameters: {'observation_period_num': 157, 'train_rates': 0.845783122289004, 'learning_rate': 0.00037314606301609346, 'batch_size': 30, 'step_size': 13, 'gamma': 0.8554776661754411}. Best is trial 11 with value: 0.0007034381548064776.[0m
[32m[I 2025-01-18 04:53:05,546][0m Trial 37 finished with value: 0.013743818712050784 and parameters: {'observation_period_num': 236, 'train_rates': 0.8933182162949177, 'learning_rate': 0.00016101994662905296, 'batch_size': 244, 'step_size': 8, 'gamma': 0.7553336656588869}. Best is trial 11 with value: 0.0007034381548064776.[0m
[32m[I 2025-01-18 04:54:29,724][0m Trial 38 finished with value: 0.0019437509673562916 and parameters: {'observation_period_num': 210, 'train_rates': 0.9601806290767543, 'learning_rate': 0.0006920224234337557, 'batch_size': 64, 'step_size': 14, 'gamma': 0.8215183404588993}. Best is trial 11 with value: 0.0007034381548064776.[0m
[32m[I 2025-01-18 04:56:00,477][0m Trial 39 finished with value: 0.010968421968255216 and parameters: {'observation_period_num': 185, 'train_rates': 0.7830173930216999, 'learning_rate': 0.0002267731962392258, 'batch_size': 51, 'step_size': 9, 'gamma': 0.7767494874219089}. Best is trial 11 with value: 0.0007034381548064776.[0m
[32m[I 2025-01-18 04:57:04,689][0m Trial 40 finished with value: 0.20343310379107063 and parameters: {'observation_period_num': 142, 'train_rates': 0.9229194564256706, 'learning_rate': 2.9441747216461407e-06, 'batch_size': 82, 'step_size': 6, 'gamma': 0.8033466884005371}. Best is trial 11 with value: 0.0007034381548064776.[0m
[32m[I 2025-01-18 05:00:13,911][0m Trial 41 finished with value: 0.0007727439878423006 and parameters: {'observation_period_num': 116, 'train_rates': 0.9620812533175079, 'learning_rate': 0.0007541001154069743, 'batch_size': 29, 'step_size': 10, 'gamma': 0.8210493429290358}. Best is trial 11 with value: 0.0007034381548064776.[0m
[32m[I 2025-01-18 05:03:27,777][0m Trial 42 finished with value: 0.0004874102305620909 and parameters: {'observation_period_num': 116, 'train_rates': 0.9898436370054922, 'learning_rate': 0.0004072978228455138, 'batch_size': 29, 'step_size': 10, 'gamma': 0.8160027297590897}. Best is trial 42 with value: 0.0004874102305620909.[0m
[32m[I 2025-01-18 05:06:39,731][0m Trial 43 finished with value: 0.0003195691245814992 and parameters: {'observation_period_num': 121, 'train_rates': 0.984495670886695, 'learning_rate': 0.0003734918128602633, 'batch_size': 29, 'step_size': 12, 'gamma': 0.7942901005538523}. Best is trial 43 with value: 0.0003195691245814992.[0m
[32m[I 2025-01-18 05:08:46,066][0m Trial 44 finished with value: 0.0008171317749656737 and parameters: {'observation_period_num': 121, 'train_rates': 0.9887490321691025, 'learning_rate': 0.00038131770782131176, 'batch_size': 44, 'step_size': 12, 'gamma': 0.7907725882017502}. Best is trial 43 with value: 0.0003195691245814992.[0m
[32m[I 2025-01-18 05:10:12,731][0m Trial 45 finished with value: 0.13673447498253413 and parameters: {'observation_period_num': 115, 'train_rates': 0.9682031715933724, 'learning_rate': 1.1768909696361149e-05, 'batch_size': 65, 'step_size': 1, 'gamma': 0.8978577998519868}. Best is trial 43 with value: 0.0003195691245814992.[0m
[32m[I 2025-01-18 05:13:31,118][0m Trial 46 finished with value: 0.0007328201112720897 and parameters: {'observation_period_num': 140, 'train_rates': 0.9881361668569725, 'learning_rate': 0.00011775071143086112, 'batch_size': 28, 'step_size': 14, 'gamma': 0.8136673848285435}. Best is trial 43 with value: 0.0003195691245814992.[0m
[32m[I 2025-01-18 05:15:33,808][0m Trial 47 finished with value: 0.0032277879227573672 and parameters: {'observation_period_num': 140, 'train_rates': 0.9788977936784452, 'learning_rate': 7.973515269500231e-05, 'batch_size': 46, 'step_size': 15, 'gamma': 0.8460211374845636}. Best is trial 43 with value: 0.0003195691245814992.[0m
[32m[I 2025-01-18 05:19:27,446][0m Trial 48 finished with value: 0.0013276132638566196 and parameters: {'observation_period_num': 133, 'train_rates': 0.9897350744733099, 'learning_rate': 0.0001130144160915512, 'batch_size': 24, 'step_size': 14, 'gamma': 0.8146320921946463}. Best is trial 43 with value: 0.0003195691245814992.[0m
[32m[I 2025-01-18 05:20:04,362][0m Trial 49 finished with value: 0.0067849792540073395 and parameters: {'observation_period_num': 152, 'train_rates': 0.9601731634504559, 'learning_rate': 0.00019735102195096157, 'batch_size': 154, 'step_size': 13, 'gamma': 0.7749115346978742}. Best is trial 43 with value: 0.0003195691245814992.[0m
[32m[I 2025-01-18 05:20:04,367][0m A new study created in memory with name: no-name-3d240f50-5d78-4422-b37a-3b9e05116924[0m
[32m[I 2025-01-18 05:20:37,989][0m Trial 0 finished with value: 0.010929539311933524 and parameters: {'observation_period_num': 139, 'train_rates': 0.7019901338768069, 'learning_rate': 0.00010120378396683616, 'batch_size': 133, 'step_size': 4, 'gamma': 0.9238167054719364}. Best is trial 0 with value: 0.010929539311933524.[0m
[32m[I 2025-01-18 05:21:09,486][0m Trial 1 finished with value: 0.03767492369280578 and parameters: {'observation_period_num': 10, 'train_rates': 0.9349288262430389, 'learning_rate': 3.020013801485204e-05, 'batch_size': 191, 'step_size': 13, 'gamma': 0.9515013041762278}. Best is trial 0 with value: 0.010929539311933524.[0m
[32m[I 2025-01-18 05:21:29,630][0m Trial 2 finished with value: 0.09751592971976901 and parameters: {'observation_period_num': 246, 'train_rates': 0.6717714479445461, 'learning_rate': 1.1208978169388058e-05, 'batch_size': 227, 'step_size': 13, 'gamma': 0.8569501395153472}. Best is trial 0 with value: 0.010929539311933524.[0m
[32m[I 2025-01-18 05:21:51,276][0m Trial 3 finished with value: 0.45515261932474665 and parameters: {'observation_period_num': 221, 'train_rates': 0.8668190936424387, 'learning_rate': 4.9700631600230955e-06, 'batch_size': 253, 'step_size': 4, 'gamma': 0.7896590220900243}. Best is trial 0 with value: 0.010929539311933524.[0m
[32m[I 2025-01-18 05:22:13,882][0m Trial 4 finished with value: 0.005897149909287691 and parameters: {'observation_period_num': 89, 'train_rates': 0.9633570597109269, 'learning_rate': 0.0009241792452742029, 'batch_size': 253, 'step_size': 2, 'gamma': 0.873782228146062}. Best is trial 4 with value: 0.005897149909287691.[0m
[32m[I 2025-01-18 05:22:32,744][0m Trial 5 finished with value: 0.018906466903284267 and parameters: {'observation_period_num': 103, 'train_rates': 0.6454343484174843, 'learning_rate': 0.00041189085028787254, 'batch_size': 246, 'step_size': 1, 'gamma': 0.9548738002828207}. Best is trial 4 with value: 0.005897149909287691.[0m
[32m[I 2025-01-18 05:23:07,471][0m Trial 6 finished with value: 0.2714374363422394 and parameters: {'observation_period_num': 80, 'train_rates': 0.9774301838784313, 'learning_rate': 1.0908618314783019e-05, 'batch_size': 84, 'step_size': 1, 'gamma': 0.7837451042191753}. Best is trial 4 with value: 0.005897149909287691.[0m
[32m[I 2025-01-18 05:24:30,775][0m Trial 7 finished with value: 0.0018783116824998278 and parameters: {'observation_period_num': 69, 'train_rates': 0.9563577478023901, 'learning_rate': 0.00012715042454219597, 'batch_size': 69, 'step_size': 14, 'gamma': 0.9743784868351594}. Best is trial 7 with value: 0.0018783116824998278.[0m
[32m[I 2025-01-18 05:26:09,138][0m Trial 8 finished with value: 0.002060665904431838 and parameters: {'observation_period_num': 74, 'train_rates': 0.7966313561049011, 'learning_rate': 0.00035976636750374393, 'batch_size': 50, 'step_size': 10, 'gamma': 0.9812574474454836}. Best is trial 7 with value: 0.0018783116824998278.[0m
[32m[I 2025-01-18 05:26:41,282][0m Trial 9 finished with value: 0.295553418423385 and parameters: {'observation_period_num': 39, 'train_rates': 0.7244910341258399, 'learning_rate': 1.8311223674396202e-05, 'batch_size': 107, 'step_size': 1, 'gamma': 0.795487121068604}. Best is trial 7 with value: 0.0018783116824998278.[0m
[32m[I 2025-01-18 05:29:47,720][0m Trial 10 finished with value: 0.0836861103773117 and parameters: {'observation_period_num': 163, 'train_rates': 0.8715251580140354, 'learning_rate': 2.028821029803004e-06, 'batch_size': 27, 'step_size': 15, 'gamma': 0.886506312530528}. Best is trial 7 with value: 0.0018783116824998278.[0m
[32m[I 2025-01-18 05:32:24,318][0m Trial 11 finished with value: 0.005650208888510182 and parameters: {'observation_period_num': 61, 'train_rates': 0.7839946576278201, 'learning_rate': 0.00011336848719577622, 'batch_size': 31, 'step_size': 9, 'gamma': 0.9838658882670219}. Best is trial 7 with value: 0.0018783116824998278.[0m
[32m[I 2025-01-18 05:33:39,881][0m Trial 12 finished with value: 0.005091109254863113 and parameters: {'observation_period_num': 35, 'train_rates': 0.8171679126296607, 'learning_rate': 0.00012998181007514858, 'batch_size': 67, 'step_size': 9, 'gamma': 0.9814951222128215}. Best is trial 7 with value: 0.0018783116824998278.[0m
[32m[I 2025-01-18 05:35:13,080][0m Trial 13 finished with value: 0.0008285514421923143 and parameters: {'observation_period_num': 125, 'train_rates': 0.8969522903718002, 'learning_rate': 0.000278737567820653, 'batch_size': 57, 'step_size': 11, 'gamma': 0.9172990197627945}. Best is trial 13 with value: 0.0008285514421923143.[0m
[32m[I 2025-01-18 05:36:06,797][0m Trial 14 finished with value: 0.00435355972464993 and parameters: {'observation_period_num': 175, 'train_rates': 0.9109466989279748, 'learning_rate': 6.235112987794393e-05, 'batch_size': 99, 'step_size': 12, 'gamma': 0.9198568400251117}. Best is trial 13 with value: 0.0008285514421923143.[0m
[32m[I 2025-01-18 05:36:38,422][0m Trial 15 finished with value: 0.0017112260119248072 and parameters: {'observation_period_num': 130, 'train_rates': 0.8912198271495697, 'learning_rate': 0.00031906969947428763, 'batch_size': 174, 'step_size': 15, 'gamma': 0.9138322957392854}. Best is trial 13 with value: 0.0008285514421923143.[0m
[32m[I 2025-01-18 05:37:09,812][0m Trial 16 finished with value: 0.0016877255598247974 and parameters: {'observation_period_num': 130, 'train_rates': 0.8805927432029383, 'learning_rate': 0.000355664304461038, 'batch_size': 171, 'step_size': 11, 'gamma': 0.8395582404206706}. Best is trial 13 with value: 0.0008285514421923143.[0m
[32m[I 2025-01-18 05:37:41,546][0m Trial 17 finished with value: 0.0013974868569645907 and parameters: {'observation_period_num': 197, 'train_rates': 0.8358794125145991, 'learning_rate': 0.0007608416555352516, 'batch_size': 162, 'step_size': 7, 'gamma': 0.8299133726018739}. Best is trial 13 with value: 0.0008285514421923143.[0m
[32m[I 2025-01-18 05:38:20,051][0m Trial 18 finished with value: 0.0011125145290990616 and parameters: {'observation_period_num': 204, 'train_rates': 0.8363257201018709, 'learning_rate': 0.0009637680730897423, 'batch_size': 133, 'step_size': 7, 'gamma': 0.8180815752488961}. Best is trial 13 with value: 0.0008285514421923143.[0m
[32m[I 2025-01-18 05:38:57,768][0m Trial 19 finished with value: 0.0025592659881036707 and parameters: {'observation_period_num': 169, 'train_rates': 0.7441954953386493, 'learning_rate': 0.0009137760251177765, 'batch_size': 124, 'step_size': 7, 'gamma': 0.815754131043298}. Best is trial 13 with value: 0.0008285514421923143.[0m
[32m[I 2025-01-18 05:39:30,195][0m Trial 20 finished with value: 0.008827563678926748 and parameters: {'observation_period_num': 212, 'train_rates': 0.7580063809795552, 'learning_rate': 0.00022833001688861624, 'batch_size': 145, 'step_size': 6, 'gamma': 0.7519760176335253}. Best is trial 13 with value: 0.0008285514421923143.[0m
[32m[I 2025-01-18 05:39:55,835][0m Trial 21 finished with value: 0.0020132563528116212 and parameters: {'observation_period_num': 199, 'train_rates': 0.8312628630337487, 'learning_rate': 0.000997750825333472, 'batch_size': 197, 'step_size': 6, 'gamma': 0.8296096657936461}. Best is trial 13 with value: 0.0008285514421923143.[0m
[32m[I 2025-01-18 05:40:27,637][0m Trial 22 finished with value: 0.001546262239842394 and parameters: {'observation_period_num': 248, 'train_rates': 0.8417630522557936, 'learning_rate': 0.0005480951669000349, 'batch_size': 156, 'step_size': 8, 'gamma': 0.8918951243245463}. Best is trial 13 with value: 0.0008285514421923143.[0m
[32m[I 2025-01-18 05:40:54,597][0m Trial 23 finished with value: 0.0015870858915150166 and parameters: {'observation_period_num': 154, 'train_rates': 0.9264284484092808, 'learning_rate': 0.0006089361119351352, 'batch_size': 212, 'step_size': 6, 'gamma': 0.850661096010129}. Best is trial 13 with value: 0.0008285514421923143.[0m
[32m[I 2025-01-18 05:41:39,149][0m Trial 24 finished with value: 0.003418627745387229 and parameters: {'observation_period_num': 190, 'train_rates': 0.8416819072593154, 'learning_rate': 0.00018905660412099469, 'batch_size': 115, 'step_size': 8, 'gamma': 0.8126145897717659}. Best is trial 13 with value: 0.0008285514421923143.[0m
[32m[I 2025-01-18 05:42:07,788][0m Trial 25 finished with value: 0.0844199897374137 and parameters: {'observation_period_num': 111, 'train_rates': 0.607266772043191, 'learning_rate': 4.775661029385235e-05, 'batch_size': 152, 'step_size': 4, 'gamma': 0.7604807807446817}. Best is trial 13 with value: 0.0008285514421923143.[0m
[32m[I 2025-01-18 05:42:57,182][0m Trial 26 finished with value: 0.0013029338971969962 and parameters: {'observation_period_num': 228, 'train_rates': 0.7827047129387167, 'learning_rate': 0.0006192723786077716, 'batch_size': 94, 'step_size': 10, 'gamma': 0.8673197274087348}. Best is trial 13 with value: 0.0008285514421923143.[0m
[32m[I 2025-01-18 05:43:50,792][0m Trial 27 finished with value: 0.002330725923981487 and parameters: {'observation_period_num': 216, 'train_rates': 0.7792695162937968, 'learning_rate': 0.00022928024635683237, 'batch_size': 88, 'step_size': 11, 'gamma': 0.8971731730705848}. Best is trial 13 with value: 0.0008285514421923143.[0m
[32m[I 2025-01-18 05:45:29,658][0m Trial 28 finished with value: 0.23924645580149986 and parameters: {'observation_period_num': 234, 'train_rates': 0.8104823540878054, 'learning_rate': 1.2009562317316785e-06, 'batch_size': 48, 'step_size': 10, 'gamma': 0.8703869674408069}. Best is trial 13 with value: 0.0008285514421923143.[0m
[32m[I 2025-01-18 05:46:05,032][0m Trial 29 finished with value: 0.00794763733603521 and parameters: {'observation_period_num': 110, 'train_rates': 0.7000466504341463, 'learning_rate': 6.14281731299587e-05, 'batch_size': 126, 'step_size': 10, 'gamma': 0.9387031259250496}. Best is trial 13 with value: 0.0008285514421923143.[0m
[32m[I 2025-01-18 05:50:36,274][0m Trial 30 finished with value: 0.019545961736211794 and parameters: {'observation_period_num': 151, 'train_rates': 0.7723749732937893, 'learning_rate': 0.0005829328394795725, 'batch_size': 17, 'step_size': 12, 'gamma': 0.9012280645572125}. Best is trial 13 with value: 0.0008285514421923143.[0m
