[32m[I 2025-01-18 02:14:43,983][0m A new study created in memory with name: no-name-8e8363e1-062d-408a-8b7e-def510e3c930[0m
[32m[I 2025-01-18 02:14:58,694][0m Trial 0 finished with value: 0.16820593362379258 and parameters: {'observation_period_num': 132, 'train_rates': 0.90873365166912, 'learning_rate': 5.798982768870874e-05, 'batch_size': 233, 'step_size': 1, 'gamma': 0.7994881623087919}. Best is trial 0 with value: 0.16820593362379258.[0m
[32m[I 2025-01-18 02:15:38,285][0m Trial 1 finished with value: 0.3084469546848118 and parameters: {'observation_period_num': 64, 'train_rates': 0.7393502191521582, 'learning_rate': 4.282599583943116e-06, 'batch_size': 122, 'step_size': 1, 'gamma': 0.9109969522707978}. Best is trial 0 with value: 0.16820593362379258.[0m
[32m[I 2025-01-18 02:16:17,842][0m Trial 2 finished with value: 0.11552444899652207 and parameters: {'observation_period_num': 177, 'train_rates': 0.8277429062478676, 'learning_rate': 0.0001608150076512542, 'batch_size': 128, 'step_size': 1, 'gamma': 0.9452309414768902}. Best is trial 2 with value: 0.11552444899652207.[0m
[32m[I 2025-01-18 02:16:47,066][0m Trial 3 finished with value: 0.15827013953876135 and parameters: {'observation_period_num': 159, 'train_rates': 0.6569064454701752, 'learning_rate': 0.00040996691511632457, 'batch_size': 151, 'step_size': 13, 'gamma': 0.9510623858918925}. Best is trial 2 with value: 0.11552444899652207.[0m
[32m[I 2025-01-18 02:18:02,550][0m Trial 4 finished with value: 0.28069216144849196 and parameters: {'observation_period_num': 17, 'train_rates': 0.6317900014590295, 'learning_rate': 7.75531686965689e-06, 'batch_size': 55, 'step_size': 10, 'gamma': 0.8891321761097841}. Best is trial 2 with value: 0.11552444899652207.[0m
[32m[I 2025-01-18 02:18:41,138][0m Trial 5 finished with value: 0.1645127128301308 and parameters: {'observation_period_num': 18, 'train_rates': 0.6303553774813297, 'learning_rate': 1.770785718812273e-05, 'batch_size': 113, 'step_size': 14, 'gamma': 0.9402635074510909}. Best is trial 2 with value: 0.11552444899652207.[0m
[32m[I 2025-01-18 02:21:53,484][0m Trial 6 finished with value: 0.04306095614085137 and parameters: {'observation_period_num': 55, 'train_rates': 0.8509156775636446, 'learning_rate': 6.282140472178512e-06, 'batch_size': 26, 'step_size': 11, 'gamma': 0.9186281809249051}. Best is trial 6 with value: 0.04306095614085137.[0m
[32m[I 2025-01-18 02:22:32,551][0m Trial 7 finished with value: 0.2700427254041036 and parameters: {'observation_period_num': 107, 'train_rates': 0.9370589042005364, 'learning_rate': 6.301605137614528e-06, 'batch_size': 96, 'step_size': 1, 'gamma': 0.8639199884848355}. Best is trial 6 with value: 0.04306095614085137.[0m
[32m[I 2025-01-18 02:22:52,375][0m Trial 8 finished with value: 0.14007468537472983 and parameters: {'observation_period_num': 242, 'train_rates': 0.6319425640011143, 'learning_rate': 8.441352950571883e-05, 'batch_size': 212, 'step_size': 5, 'gamma': 0.8762978133518438}. Best is trial 6 with value: 0.04306095614085137.[0m
[32m[I 2025-01-18 02:23:20,558][0m Trial 9 finished with value: 0.4760410604657422 and parameters: {'observation_period_num': 26, 'train_rates': 0.6137223887735334, 'learning_rate': 1.2393903487846975e-06, 'batch_size': 155, 'step_size': 14, 'gamma': 0.8855213224340689}. Best is trial 6 with value: 0.04306095614085137.[0m
[32m[I 2025-01-18 02:25:50,279][0m Trial 10 finished with value: 0.18997542626229968 and parameters: {'observation_period_num': 80, 'train_rates': 0.8245276383684109, 'learning_rate': 1.7023265122545125e-06, 'batch_size': 33, 'step_size': 9, 'gamma': 0.8148439047217584}. Best is trial 6 with value: 0.04306095614085137.[0m
[32m[I 2025-01-18 02:27:08,875][0m Trial 11 finished with value: 0.1922795371727997 and parameters: {'observation_period_num': 191, 'train_rates': 0.8396251674794792, 'learning_rate': 0.00025541211021427537, 'batch_size': 62, 'step_size': 6, 'gamma': 0.9771758285984559}. Best is trial 6 with value: 0.04306095614085137.[0m
[32m[I 2025-01-18 02:27:35,087][0m Trial 12 finished with value: 0.11174404591377547 and parameters: {'observation_period_num': 188, 'train_rates': 0.7589744908698768, 'learning_rate': 0.00011983635436568263, 'batch_size': 187, 'step_size': 11, 'gamma': 0.9840665283482061}. Best is trial 6 with value: 0.04306095614085137.[0m
[32m[I 2025-01-18 02:28:01,197][0m Trial 13 finished with value: 0.09051486540233508 and parameters: {'observation_period_num': 228, 'train_rates': 0.7451239204658192, 'learning_rate': 0.0007517634583454935, 'batch_size': 182, 'step_size': 11, 'gamma': 0.7517388088505784}. Best is trial 6 with value: 0.04306095614085137.[0m
[32m[I 2025-01-18 02:28:19,728][0m Trial 14 finished with value: 0.15588863576445633 and parameters: {'observation_period_num': 241, 'train_rates': 0.7110628169422206, 'learning_rate': 0.0007304849757303396, 'batch_size': 253, 'step_size': 12, 'gamma': 0.7749104310182356}. Best is trial 6 with value: 0.04306095614085137.[0m
[32m[I 2025-01-18 02:28:51,885][0m Trial 15 finished with value: 0.06982690095901489 and parameters: {'observation_period_num': 69, 'train_rates': 0.9875540399744642, 'learning_rate': 2.282236313317953e-05, 'batch_size': 190, 'step_size': 7, 'gamma': 0.8416472063162597}. Best is trial 6 with value: 0.04306095614085137.[0m
[32m[I 2025-01-18 02:32:45,632][0m Trial 16 finished with value: 0.0030442913776360728 and parameters: {'observation_period_num': 58, 'train_rates': 0.8879843026282167, 'learning_rate': 2.5158242398816502e-05, 'batch_size': 22, 'step_size': 7, 'gamma': 0.8392277925775188}. Best is trial 16 with value: 0.0030442913776360728.[0m
[32m[I 2025-01-18 02:38:10,651][0m Trial 17 finished with value: 0.024126172915362475 and parameters: {'observation_period_num': 48, 'train_rates': 0.8829961508059183, 'learning_rate': 1.267896158207173e-05, 'batch_size': 16, 'step_size': 4, 'gamma': 0.8446811361473466}. Best is trial 16 with value: 0.0030442913776360728.[0m
[32m[I 2025-01-18 02:39:22,251][0m Trial 18 finished with value: 0.08067439069006457 and parameters: {'observation_period_num': 97, 'train_rates': 0.8842467821655241, 'learning_rate': 4.036530356929778e-05, 'batch_size': 73, 'step_size': 4, 'gamma': 0.8283354765606792}. Best is trial 16 with value: 0.0030442913776360728.[0m
[32m[I 2025-01-18 02:43:22,385][0m Trial 19 finished with value: 0.013710127726274854 and parameters: {'observation_period_num': 41, 'train_rates': 0.9675092115790889, 'learning_rate': 1.717230856821353e-05, 'batch_size': 23, 'step_size': 3, 'gamma': 0.8489729838923634}. Best is trial 16 with value: 0.0030442913776360728.[0m
[32m[I 2025-01-18 02:44:28,610][0m Trial 20 finished with value: 0.24441248178482056 and parameters: {'observation_period_num': 110, 'train_rates': 0.987510321529065, 'learning_rate': 2.8064995365687637e-06, 'batch_size': 87, 'step_size': 3, 'gamma': 0.7912035302309948}. Best is trial 16 with value: 0.0030442913776360728.[0m
[32m[I 2025-01-18 02:49:51,443][0m Trial 21 finished with value: 0.015233767329383705 and parameters: {'observation_period_num': 30, 'train_rates': 0.9399289080203481, 'learning_rate': 1.358140790929791e-05, 'batch_size': 17, 'step_size': 3, 'gamma': 0.8512733990739889}. Best is trial 16 with value: 0.0030442913776360728.[0m
[32m[I 2025-01-18 02:52:00,311][0m Trial 22 finished with value: 0.003168263030515629 and parameters: {'observation_period_num': 38, 'train_rates': 0.942692647578583, 'learning_rate': 2.999843258401677e-05, 'batch_size': 43, 'step_size': 8, 'gamma': 0.8562377033239238}. Best is trial 16 with value: 0.0030442913776360728.[0m
[32m[I 2025-01-18 02:53:57,146][0m Trial 23 finished with value: 0.004800421156687662 and parameters: {'observation_period_num': 41, 'train_rates': 0.9565055325320153, 'learning_rate': 3.843378379346646e-05, 'batch_size': 48, 'step_size': 8, 'gamma': 0.8152056569734162}. Best is trial 16 with value: 0.0030442913776360728.[0m
[32m[I 2025-01-18 02:55:39,685][0m Trial 24 finished with value: 0.004091244442143331 and parameters: {'observation_period_num': 7, 'train_rates': 0.922997204018307, 'learning_rate': 3.683108635236654e-05, 'batch_size': 54, 'step_size': 8, 'gamma': 0.8161826365981828}. Best is trial 16 with value: 0.0030442913776360728.[0m
[32m[I 2025-01-18 02:57:50,441][0m Trial 25 finished with value: 0.0006426817414143847 and parameters: {'observation_period_num': 5, 'train_rates': 0.9088191328320226, 'learning_rate': 5.631414111878257e-05, 'batch_size': 42, 'step_size': 8, 'gamma': 0.8207527279470316}. Best is trial 25 with value: 0.0006426817414143847.[0m
[32m[I 2025-01-18 02:58:58,714][0m Trial 26 finished with value: 0.008696970208708582 and parameters: {'observation_period_num': 5, 'train_rates': 0.8826465871960798, 'learning_rate': 7.338731876473057e-05, 'batch_size': 80, 'step_size': 7, 'gamma': 0.7859007835368811}. Best is trial 25 with value: 0.0006426817414143847.[0m
[32m[I 2025-01-18 03:00:47,580][0m Trial 27 finished with value: 0.003260516265240325 and parameters: {'observation_period_num': 88, 'train_rates': 0.7892097059206926, 'learning_rate': 0.00018371121946329194, 'batch_size': 44, 'step_size': 9, 'gamma': 0.8657396980788176}. Best is trial 25 with value: 0.0006426817414143847.[0m
[32m[I 2025-01-18 03:01:38,824][0m Trial 28 finished with value: 0.04137612551062967 and parameters: {'observation_period_num': 138, 'train_rates': 0.9049656950333435, 'learning_rate': 5.7268648896691095e-05, 'batch_size': 106, 'step_size': 6, 'gamma': 0.9000025745223619}. Best is trial 25 with value: 0.0006426817414143847.[0m
[32m[I 2025-01-18 03:02:55,742][0m Trial 29 finished with value: 0.05540450889018032 and parameters: {'observation_period_num': 65, 'train_rates': 0.9014596587768375, 'learning_rate': 2.3255675009249146e-05, 'batch_size': 69, 'step_size': 9, 'gamma': 0.8038205662091612}. Best is trial 25 with value: 0.0006426817414143847.[0m
[32m[I 2025-01-18 03:05:02,104][0m Trial 30 finished with value: 0.01346238873898983 and parameters: {'observation_period_num': 134, 'train_rates': 0.8677370616590302, 'learning_rate': 5.808555829060493e-05, 'batch_size': 40, 'step_size': 7, 'gamma': 0.8321286609668549}. Best is trial 25 with value: 0.0006426817414143847.[0m
[32m[I 2025-01-18 03:06:55,961][0m Trial 31 finished with value: 0.003984987883185187 and parameters: {'observation_period_num': 87, 'train_rates': 0.8017153203751894, 'learning_rate': 0.0001754200876140862, 'batch_size': 42, 'step_size': 9, 'gamma': 0.8687894677765574}. Best is trial 25 with value: 0.0006426817414143847.[0m
[32m[I 2025-01-18 03:08:58,311][0m Trial 32 finished with value: 0.05790752660221368 and parameters: {'observation_period_num': 79, 'train_rates': 0.7771203511379657, 'learning_rate': 0.00033360601296664465, 'batch_size': 39, 'step_size': 9, 'gamma': 0.8562237499305414}. Best is trial 25 with value: 0.0006426817414143847.[0m
[32m[I 2025-01-18 03:10:15,852][0m Trial 33 finished with value: 0.024695627328517263 and parameters: {'observation_period_num': 33, 'train_rates': 0.7979379848470336, 'learning_rate': 0.00011920013843888278, 'batch_size': 64, 'step_size': 6, 'gamma': 0.8370848415672794}. Best is trial 25 with value: 0.0006426817414143847.[0m
[32m[I 2025-01-18 03:11:06,302][0m Trial 34 finished with value: 0.10818865725234376 and parameters: {'observation_period_num': 53, 'train_rates': 0.7054246159572406, 'learning_rate': 2.795499960019212e-05, 'batch_size': 91, 'step_size': 10, 'gamma': 0.9102695946457107}. Best is trial 25 with value: 0.0006426817414143847.[0m
[32m[I 2025-01-18 03:13:32,677][0m Trial 35 finished with value: 0.09365394781478223 and parameters: {'observation_period_num': 118, 'train_rates': 0.8178677105637993, 'learning_rate': 9.418890859025499e-06, 'batch_size': 33, 'step_size': 8, 'gamma': 0.8740747774989401}. Best is trial 25 with value: 0.0006426817414143847.[0m
[32m[I 2025-01-18 03:14:13,505][0m Trial 36 finished with value: 0.024330652794723427 and parameters: {'observation_period_num': 92, 'train_rates': 0.9205606956458733, 'learning_rate': 0.00018536581669196294, 'batch_size': 135, 'step_size': 8, 'gamma': 0.826996660770998}. Best is trial 25 with value: 0.0006426817414143847.[0m
[32m[I 2025-01-18 03:15:50,048][0m Trial 37 finished with value: 0.000989572426107504 and parameters: {'observation_period_num': 66, 'train_rates': 0.8588544512514289, 'learning_rate': 0.00010277466300174521, 'batch_size': 54, 'step_size': 10, 'gamma': 0.8601248627365518}. Best is trial 25 with value: 0.0006426817414143847.[0m
[32m[I 2025-01-18 03:17:21,317][0m Trial 38 finished with value: 0.0008743275892602743 and parameters: {'observation_period_num': 20, 'train_rates': 0.8539880755801902, 'learning_rate': 4.90531013459571e-05, 'batch_size': 57, 'step_size': 10, 'gamma': 0.8846609318744029}. Best is trial 25 with value: 0.0006426817414143847.[0m
[32m[I 2025-01-18 03:18:08,373][0m Trial 39 finished with value: 0.02198923678806403 and parameters: {'observation_period_num': 20, 'train_rates': 0.8579219216670867, 'learning_rate': 9.726836768101056e-05, 'batch_size': 112, 'step_size': 13, 'gamma': 0.9301249322426277}. Best is trial 25 with value: 0.0006426817414143847.[0m
[32m[I 2025-01-18 03:19:17,371][0m Trial 40 finished with value: 0.017382119892799593 and parameters: {'observation_period_num': 16, 'train_rates': 0.8458274817083867, 'learning_rate': 5.5918199766860554e-05, 'batch_size': 76, 'step_size': 10, 'gamma': 0.8922890280062241}. Best is trial 25 with value: 0.0006426817414143847.[0m
[32m[I 2025-01-18 03:20:51,375][0m Trial 41 finished with value: 0.0034701428065697353 and parameters: {'observation_period_num': 60, 'train_rates': 0.9019140322976081, 'learning_rate': 4.604785169554457e-05, 'batch_size': 56, 'step_size': 12, 'gamma': 0.8559538911634086}. Best is trial 25 with value: 0.0006426817414143847.[0m
[32m[I 2025-01-18 03:24:27,632][0m Trial 42 finished with value: 0.00034720840640171794 and parameters: {'observation_period_num': 39, 'train_rates': 0.8706955222183338, 'learning_rate': 3.046908037624032e-05, 'batch_size': 24, 'step_size': 10, 'gamma': 0.8830386637948806}. Best is trial 42 with value: 0.00034720840640171794.[0m
[32m[I 2025-01-18 03:27:40,317][0m Trial 43 finished with value: 0.0012440686133317058 and parameters: {'observation_period_num': 23, 'train_rates': 0.8709664345012571, 'learning_rate': 0.000115208975123374, 'batch_size': 27, 'step_size': 10, 'gamma': 0.8852014765186295}. Best is trial 42 with value: 0.00034720840640171794.[0m
[32m[I 2025-01-18 03:30:41,432][0m Trial 44 finished with value: 0.0006825950234702843 and parameters: {'observation_period_num': 16, 'train_rates': 0.8682194181239362, 'learning_rate': 7.626941092039278e-05, 'batch_size': 29, 'step_size': 11, 'gamma': 0.8823759478303603}. Best is trial 42 with value: 0.00034720840640171794.[0m
[32m[I 2025-01-18 03:32:12,748][0m Trial 45 finished with value: 0.004824549797731918 and parameters: {'observation_period_num': 8, 'train_rates': 0.83465149924503, 'learning_rate': 7.334716076998771e-05, 'batch_size': 56, 'step_size': 12, 'gamma': 0.9079541178911839}. Best is trial 42 with value: 0.00034720840640171794.[0m
[32m[I 2025-01-18 03:34:57,832][0m Trial 46 finished with value: 0.00026167887790003527 and parameters: {'observation_period_num': 28, 'train_rates': 0.8154725008790549, 'learning_rate': 8.547486842219509e-05, 'batch_size': 30, 'step_size': 11, 'gamma': 0.9239172335435663}. Best is trial 46 with value: 0.00026167887790003527.[0m
[32m[I 2025-01-18 03:37:39,174][0m Trial 47 finished with value: 0.013967110849447462 and parameters: {'observation_period_num': 20, 'train_rates': 0.8219593398182778, 'learning_rate': 0.00025486151498370195, 'batch_size': 31, 'step_size': 15, 'gamma': 0.9588100113992688}. Best is trial 46 with value: 0.00026167887790003527.[0m
[32m[I 2025-01-18 03:38:29,648][0m Trial 48 finished with value: 0.05725711490958929 and parameters: {'observation_period_num': 45, 'train_rates': 0.8062607953686494, 'learning_rate': 7.781083315886819e-05, 'batch_size': 101, 'step_size': 11, 'gamma': 0.9262357965951555}. Best is trial 46 with value: 0.00026167887790003527.[0m
[32m[I 2025-01-18 03:41:18,385][0m Trial 49 finished with value: 0.006460170117023746 and parameters: {'observation_period_num': 30, 'train_rates': 0.8485937839248264, 'learning_rate': 5.044498290389007e-05, 'batch_size': 30, 'step_size': 13, 'gamma': 0.8818573148645463}. Best is trial 46 with value: 0.00026167887790003527.[0m
[32m[I 2025-01-18 03:41:18,391][0m A new study created in memory with name: no-name-76e47eb1-c90e-402f-bb20-6dfb4e946807[0m
[32m[I 2025-01-18 03:41:55,800][0m Trial 0 finished with value: 0.05733888768089146 and parameters: {'observation_period_num': 18, 'train_rates': 0.7292717881482084, 'learning_rate': 6.239852485592879e-05, 'batch_size': 131, 'step_size': 9, 'gamma': 0.7574527167763629}. Best is trial 0 with value: 0.05733888768089146.[0m
[32m[I 2025-01-18 03:43:34,132][0m Trial 1 finished with value: 0.005044913659837809 and parameters: {'observation_period_num': 154, 'train_rates': 0.8067048711414225, 'learning_rate': 0.00045838891895759497, 'batch_size': 49, 'step_size': 12, 'gamma': 0.7605631150012231}. Best is trial 1 with value: 0.005044913659837809.[0m
[32m[I 2025-01-18 03:45:33,754][0m Trial 2 finished with value: 0.05305809022086073 and parameters: {'observation_period_num': 217, 'train_rates': 0.6219304584215517, 'learning_rate': 0.00020944538738999373, 'batch_size': 32, 'step_size': 2, 'gamma': 0.9681665244290985}. Best is trial 1 with value: 0.005044913659837809.[0m
[32m[I 2025-01-18 03:45:59,467][0m Trial 3 finished with value: 0.13635058452685675 and parameters: {'observation_period_num': 173, 'train_rates': 0.8345910345607677, 'learning_rate': 5.363850997804789e-06, 'batch_size': 197, 'step_size': 6, 'gamma': 0.9429845768020583}. Best is trial 1 with value: 0.005044913659837809.[0m
[32m[I 2025-01-18 03:47:12,402][0m Trial 4 finished with value: 0.007982808459025102 and parameters: {'observation_period_num': 134, 'train_rates': 0.842123796833676, 'learning_rate': 0.00011525244534846625, 'batch_size': 70, 'step_size': 14, 'gamma': 0.8201551870524328}. Best is trial 1 with value: 0.005044913659837809.[0m
[32m[I 2025-01-18 03:48:29,928][0m Trial 5 finished with value: 0.004662982337357639 and parameters: {'observation_period_num': 131, 'train_rates': 0.8912292475954628, 'learning_rate': 0.00019400282039652497, 'batch_size': 68, 'step_size': 8, 'gamma': 0.9623612291530118}. Best is trial 5 with value: 0.004662982337357639.[0m
[32m[I 2025-01-18 03:48:50,249][0m Trial 6 finished with value: 0.013681920069883757 and parameters: {'observation_period_num': 250, 'train_rates': 0.7536626988232451, 'learning_rate': 0.00010594652341950433, 'batch_size': 233, 'step_size': 13, 'gamma': 0.9034506681416465}. Best is trial 5 with value: 0.004662982337357639.[0m
[32m[I 2025-01-18 03:49:28,298][0m Trial 7 finished with value: 0.01660431247573715 and parameters: {'observation_period_num': 14, 'train_rates': 0.8122183962047618, 'learning_rate': 0.0003245248545707495, 'batch_size': 137, 'step_size': 12, 'gamma': 0.8638089774593906}. Best is trial 5 with value: 0.004662982337357639.[0m
[32m[I 2025-01-18 03:50:02,448][0m Trial 8 finished with value: 1.8151081927617392 and parameters: {'observation_period_num': 66, 'train_rates': 0.7671891804315123, 'learning_rate': 1.8006169910855318e-06, 'batch_size': 146, 'step_size': 2, 'gamma': 0.8981712629681248}. Best is trial 5 with value: 0.004662982337357639.[0m
[32m[I 2025-01-18 03:50:32,533][0m Trial 9 finished with value: 0.09560831458417104 and parameters: {'observation_period_num': 201, 'train_rates': 0.6271508928971233, 'learning_rate': 1.1429287229585147e-05, 'batch_size': 142, 'step_size': 15, 'gamma': 0.9358279027518105}. Best is trial 5 with value: 0.004662982337357639.[0m
[32m[I 2025-01-18 03:51:36,769][0m Trial 10 finished with value: 0.024371836334466934 and parameters: {'observation_period_num': 98, 'train_rates': 0.9719382707176815, 'learning_rate': 2.523402303587905e-05, 'batch_size': 89, 'step_size': 7, 'gamma': 0.9864353413953214}. Best is trial 5 with value: 0.004662982337357639.[0m
[32m[I 2025-01-18 03:54:27,374][0m Trial 11 finished with value: 0.0007034381548064776 and parameters: {'observation_period_num': 147, 'train_rates': 0.9337714849437909, 'learning_rate': 0.0005817156285159726, 'batch_size': 31, 'step_size': 10, 'gamma': 0.7631973121083638}. Best is trial 11 with value: 0.0007034381548064776.[0m
[32m[I 2025-01-18 03:59:44,115][0m Trial 12 finished with value: 0.000870173353177961 and parameters: {'observation_period_num': 98, 'train_rates': 0.9450805536864666, 'learning_rate': 0.0008089696193212823, 'batch_size': 17, 'step_size': 9, 'gamma': 0.8218065004738562}. Best is trial 11 with value: 0.0007034381548064776.[0m
[32m[I 2025-01-18 04:04:31,917][0m Trial 13 finished with value: 0.0008990424805098748 and parameters: {'observation_period_num': 88, 'train_rates': 0.9626345579582269, 'learning_rate': 0.000991799879422833, 'batch_size': 19, 'step_size': 10, 'gamma': 0.8089588055265613}. Best is trial 11 with value: 0.0007034381548064776.[0m
[32m[I 2025-01-18 04:05:29,354][0m Trial 14 finished with value: 0.005479996100038409 and parameters: {'observation_period_num': 58, 'train_rates': 0.9139473228010598, 'learning_rate': 0.000583457467872193, 'batch_size': 97, 'step_size': 5, 'gamma': 0.8097601143505193}. Best is trial 11 with value: 0.0007034381548064776.[0m
