[32m[I 2025-01-18 06:40:25,246][0m Trial 47 finished with value: 0.00399757521508274 and parameters: {'observation_period_num': 206, 'train_rates': 0.7299825954502372, 'learning_rate': 0.00029415162620546274, 'batch_size': 181, 'step_size': 15, 'gamma': 0.8636798780293485}. Best is trial 41 with value: 0.0033376496760191597.[0m
[32m[I 2025-01-18 06:41:08,250][0m Trial 48 finished with value: 0.0037592718293327815 and parameters: {'observation_period_num': 164, 'train_rates': 0.7875330804402799, 'learning_rate': 0.0006825425015494223, 'batch_size': 111, 'step_size': 12, 'gamma': 0.7953321419960899}. Best is trial 41 with value: 0.0033376496760191597.[0m
[32m[I 2025-01-18 06:41:57,404][0m Trial 49 finished with value: 0.0048938083219463415 and parameters: {'observation_period_num': 251, 'train_rates': 0.7884051211559694, 'learning_rate': 0.0006747668841511811, 'batch_size': 95, 'step_size': 8, 'gamma': 0.8122199473142502}. Best is trial 41 with value: 0.0033376496760191597.[0m
[32m[I 2025-01-18 06:41:57,409][0m A new study created in memory with name: no-name-d4a01e7c-9ba2-4b68-b2bb-c718c9ddf102[0m
[32m[I 2025-01-18 06:42:54,002][0m Trial 0 finished with value: 0.0035646634629171196 and parameters: {'observation_period_num': 197, 'train_rates': 0.9347152337795948, 'learning_rate': 0.00013514233812166935, 'batch_size': 93, 'step_size': 15, 'gamma': 0.8538084826419853}. Best is trial 0 with value: 0.0035646634629171196.[0m
[32m[I 2025-01-18 06:43:20,456][0m Trial 1 finished with value: 0.4253624342554023 and parameters: {'observation_period_num': 146, 'train_rates': 0.6930672909271108, 'learning_rate': 9.202998845575472e-06, 'batch_size': 177, 'step_size': 2, 'gamma': 0.8688664206994123}. Best is trial 0 with value: 0.0035646634629171196.[0m
[32m[I 2025-01-18 06:44:04,558][0m Trial 2 finished with value: 0.01654539256076221 and parameters: {'observation_period_num': 157, 'train_rates': 0.8084749895697069, 'learning_rate': 0.00011934789916408048, 'batch_size': 113, 'step_size': 12, 'gamma': 0.959609147027584}. Best is trial 0 with value: 0.0035646634629171196.[0m
[32m[I 2025-01-18 06:44:41,903][0m Trial 3 finished with value: 0.014529194836956107 and parameters: {'observation_period_num': 36, 'train_rates': 0.7112029398250554, 'learning_rate': 0.0001347709563208709, 'batch_size': 130, 'step_size': 7, 'gamma': 0.7755948555624805}. Best is trial 0 with value: 0.0035646634629171196.[0m
[32m[I 2025-01-18 06:45:00,576][0m Trial 4 finished with value: 0.01511881429044853 and parameters: {'observation_period_num': 40, 'train_rates': 0.6495094566444795, 'learning_rate': 0.0006957025800685528, 'batch_size': 245, 'step_size': 11, 'gamma': 0.9552220956582729}. Best is trial 0 with value: 0.0035646634629171196.[0m
[32m[I 2025-01-18 06:45:34,479][0m Trial 5 finished with value: 0.006002243515301788 and parameters: {'observation_period_num': 112, 'train_rates': 0.6700424673071376, 'learning_rate': 0.0007136396152601134, 'batch_size': 133, 'step_size': 13, 'gamma': 0.7909062424588613}. Best is trial 0 with value: 0.0035646634629171196.[0m
[32m[I 2025-01-18 06:47:35,827][0m Trial 6 finished with value: 0.028223755292030944 and parameters: {'observation_period_num': 172, 'train_rates': 0.9148278150703604, 'learning_rate': 4.292379919680729e-06, 'batch_size': 43, 'step_size': 13, 'gamma': 0.9436228152914695}. Best is trial 0 with value: 0.0035646634629171196.[0m
[32m[I 2025-01-18 06:48:11,719][0m Trial 7 finished with value: 0.0080814529890021 and parameters: {'observation_period_num': 67, 'train_rates': 0.8333421278037028, 'learning_rate': 0.0002593690250280972, 'batch_size': 150, 'step_size': 8, 'gamma': 0.9365785845173703}. Best is trial 0 with value: 0.0035646634629171196.[0m
[32m[I 2025-01-18 06:49:11,808][0m Trial 8 finished with value: 0.014614074782002717 and parameters: {'observation_period_num': 133, 'train_rates': 0.7756944283682213, 'learning_rate': 0.0007371358918193307, 'batch_size': 79, 'step_size': 10, 'gamma': 0.9265044361823478}. Best is trial 0 with value: 0.0035646634629171196.[0m
[32m[I 2025-01-18 06:50:08,235][0m Trial 9 finished with value: 0.03383253142237663 and parameters: {'observation_period_num': 48, 'train_rates': 0.974910431595698, 'learning_rate': 1.591603946881265e-05, 'batch_size': 103, 'step_size': 6, 'gamma': 0.7594174502494312}. Best is trial 0 with value: 0.0035646634629171196.[0m
[32m[I 2025-01-18 06:55:15,567][0m Trial 10 finished with value: 0.01321505468513351 and parameters: {'observation_period_num': 247, 'train_rates': 0.9059585753324657, 'learning_rate': 6.591978177799345e-05, 'batch_size': 16, 'step_size': 15, 'gamma': 0.8448233885838345}. Best is trial 0 with value: 0.0035646634629171196.[0m
[32m[I 2025-01-18 06:55:36,737][0m Trial 11 finished with value: 0.012754422356438467 and parameters: {'observation_period_num': 223, 'train_rates': 0.601736086606797, 'learning_rate': 0.0003612843503158816, 'batch_size': 192, 'step_size': 15, 'gamma': 0.8167915349314387}. Best is trial 0 with value: 0.0035646634629171196.[0m
[32m[I 2025-01-18 06:57:01,304][0m Trial 12 finished with value: 0.4095790684223175 and parameters: {'observation_period_num': 92, 'train_rates': 0.9866190873314271, 'learning_rate': 1.1284857682815977e-06, 'batch_size': 67, 'step_size': 15, 'gamma': 0.8084663298892926}. Best is trial 0 with value: 0.0035646634629171196.[0m
[32m[I 2025-01-18 06:57:31,863][0m Trial 13 finished with value: 0.012453771590226505 and parameters: {'observation_period_num': 184, 'train_rates': 0.7435354016638656, 'learning_rate': 4.8369354409013744e-05, 'batch_size': 158, 'step_size': 13, 'gamma': 0.8885919091027893}. Best is trial 0 with value: 0.0035646634629171196.[0m
[32m[I 2025-01-18 06:57:57,457][0m Trial 14 finished with value: 0.007928026496447662 and parameters: {'observation_period_num': 99, 'train_rates': 0.8697630436749575, 'learning_rate': 0.0009735869712027464, 'batch_size': 211, 'step_size': 4, 'gamma': 0.7946846084788942}. Best is trial 0 with value: 0.0035646634629171196.[0m
[32m[I 2025-01-18 06:58:42,320][0m Trial 15 finished with value: 0.009800322385773658 and parameters: {'observation_period_num': 193, 'train_rates': 0.647640505485939, 'learning_rate': 0.00025887852072601405, 'batch_size': 94, 'step_size': 9, 'gamma': 0.8411646561738392}. Best is trial 0 with value: 0.0035646634629171196.[0m
[32m[I 2025-01-18 06:59:25,527][0m Trial 16 finished with value: 0.004635306021759325 and parameters: {'observation_period_num': 114, 'train_rates': 0.9315503642217067, 'learning_rate': 0.00011411301567805713, 'batch_size': 127, 'step_size': 13, 'gamma': 0.8846969337163257}. Best is trial 0 with value: 0.0035646634629171196.[0m
[32m[I 2025-01-18 07:00:56,166][0m Trial 17 finished with value: 0.007929975757394563 and parameters: {'observation_period_num': 210, 'train_rates': 0.9298003223484617, 'learning_rate': 2.7797091364132746e-05, 'batch_size': 58, 'step_size': 11, 'gamma': 0.9032832065717487}. Best is trial 0 with value: 0.0035646634629171196.[0m
[32m[I 2025-01-18 07:03:35,379][0m Trial 18 finished with value: 0.010521849614433336 and parameters: {'observation_period_num': 8, 'train_rates': 0.9463014035563803, 'learning_rate': 0.00010803032757900004, 'batch_size': 35, 'step_size': 14, 'gamma': 0.8654451286612918}. Best is trial 0 with value: 0.0035646634629171196.[0m
[32m[I 2025-01-18 07:04:30,904][0m Trial 19 finished with value: 0.014291271367203711 and parameters: {'observation_period_num': 246, 'train_rates': 0.8718471436440217, 'learning_rate': 2.6044069960368892e-05, 'batch_size': 89, 'step_size': 5, 'gamma': 0.9104595227365536}. Best is trial 0 with value: 0.0035646634629171196.[0m
[32m[I 2025-01-18 07:05:09,123][0m Trial 20 finished with value: 0.1264175640926207 and parameters: {'observation_period_num': 124, 'train_rates': 0.8697564878238847, 'learning_rate': 4.882123875040522e-05, 'batch_size': 122, 'step_size': 1, 'gamma': 0.8296553825175987}. Best is trial 0 with value: 0.0035646634629171196.[0m
[32m[I 2025-01-18 07:05:43,539][0m Trial 21 finished with value: 0.0076332122919225845 and parameters: {'observation_period_num': 104, 'train_rates': 0.77795046923324, 'learning_rate': 0.0004204684798142977, 'batch_size': 146, 'step_size': 12, 'gamma': 0.8834505668715582}. Best is trial 0 with value: 0.0035646634629171196.[0m
[32m[I 2025-01-18 07:06:23,528][0m Trial 22 finished with value: 0.011525808870792388 and parameters: {'observation_period_num': 76, 'train_rates': 0.8183269013311599, 'learning_rate': 0.00021230191957222666, 'batch_size': 129, 'step_size': 13, 'gamma': 0.9792105714143802}. Best is trial 0 with value: 0.0035646634629171196.[0m
[32m[I 2025-01-18 07:06:56,510][0m Trial 23 finished with value: 0.0049349763430655 and parameters: {'observation_period_num': 127, 'train_rates': 0.9530129012423767, 'learning_rate': 8.77132747516833e-05, 'batch_size': 171, 'step_size': 14, 'gamma': 0.8544919577602551}. Best is trial 0 with value: 0.0035646634629171196.[0m
[32m[I 2025-01-18 07:07:29,070][0m Trial 24 finished with value: 0.00563188036903739 and parameters: {'observation_period_num': 145, 'train_rates': 0.9582188492356798, 'learning_rate': 7.222393022419456e-05, 'batch_size': 169, 'step_size': 14, 'gamma': 0.8500960462282046}. Best is trial 0 with value: 0.0035646634629171196.[0m
[32m[I 2025-01-18 07:07:56,095][0m Trial 25 finished with value: 0.006526294688228518 and parameters: {'observation_period_num': 169, 'train_rates': 0.8857272680442589, 'learning_rate': 0.00015973327790908383, 'batch_size': 203, 'step_size': 10, 'gamma': 0.8819779636225372}. Best is trial 0 with value: 0.0035646634629171196.[0m
[32m[I 2025-01-18 07:08:20,580][0m Trial 26 finished with value: 0.00565730407834053 and parameters: {'observation_period_num': 125, 'train_rates': 0.9496703902516787, 'learning_rate': 8.431462499319934e-05, 'batch_size': 226, 'step_size': 14, 'gamma': 0.8618428880088124}. Best is trial 0 with value: 0.0035646634629171196.[0m
[32m[I 2025-01-18 07:08:50,073][0m Trial 27 finished with value: 0.020619168725266333 and parameters: {'observation_period_num': 203, 'train_rates': 0.9027679942845471, 'learning_rate': 1.915114472736786e-05, 'batch_size': 184, 'step_size': 15, 'gamma': 0.9085445529245805}. Best is trial 0 with value: 0.0035646634629171196.[0m
[32m[I 2025-01-18 07:09:24,330][0m Trial 28 finished with value: 0.013855683617293835 and parameters: {'observation_period_num': 79, 'train_rates': 0.9650866513892755, 'learning_rate': 4.24991231584486e-05, 'batch_size': 164, 'step_size': 12, 'gamma': 0.8258165026062126}. Best is trial 0 with value: 0.0035646634629171196.[0m
[32m[I 2025-01-18 07:10:13,602][0m Trial 29 finished with value: 0.08860758161513593 and parameters: {'observation_period_num': 148, 'train_rates': 0.9324109208486197, 'learning_rate': 7.17664023344549e-06, 'batch_size': 111, 'step_size': 11, 'gamma': 0.8605892487934298}. Best is trial 0 with value: 0.0035646634629171196.[0m
[32m[I 2025-01-18 07:11:21,741][0m Trial 30 finished with value: 0.005697787275295834 and parameters: {'observation_period_num': 134, 'train_rates': 0.8478008528558697, 'learning_rate': 0.000409344727015614, 'batch_size': 74, 'step_size': 3, 'gamma': 0.891106417383401}. Best is trial 0 with value: 0.0035646634629171196.[0m
[32m[I 2025-01-18 07:11:56,329][0m Trial 31 finished with value: 0.005109776277095079 and parameters: {'observation_period_num': 154, 'train_rates': 0.9565823214557284, 'learning_rate': 7.052531149281011e-05, 'batch_size': 159, 'step_size': 14, 'gamma': 0.8500816031790072}. Best is trial 0 with value: 0.0035646634629171196.[0m
[32m[I 2025-01-18 07:12:29,008][0m Trial 32 finished with value: 0.003783330786973238 and parameters: {'observation_period_num': 175, 'train_rates': 0.9820178732383755, 'learning_rate': 0.0001636845922939231, 'batch_size': 174, 'step_size': 14, 'gamma': 0.8742164582759263}. Best is trial 0 with value: 0.0035646634629171196.[0m
[32m[I 2025-01-18 07:12:59,507][0m Trial 33 finished with value: 0.0027693393640220165 and parameters: {'observation_period_num': 224, 'train_rates': 0.9864531606915968, 'learning_rate': 0.00013754145249558877, 'batch_size': 184, 'step_size': 14, 'gamma': 0.8749990310906547}. Best is trial 33 with value: 0.0027693393640220165.[0m
[32m[I 2025-01-18 07:13:28,278][0m Trial 34 finished with value: 0.0030156609136611223 and parameters: {'observation_period_num': 222, 'train_rates': 0.9898704504052326, 'learning_rate': 0.0001651812160734953, 'batch_size': 195, 'step_size': 12, 'gamma': 0.8767074465470502}. Best is trial 33 with value: 0.0027693393640220165.[0m
[32m[I 2025-01-18 07:13:51,507][0m Trial 35 finished with value: 0.00308333826251328 and parameters: {'observation_period_num': 228, 'train_rates': 0.989889572748987, 'learning_rate': 0.00016763007606225168, 'batch_size': 254, 'step_size': 12, 'gamma': 0.8696711610222069}. Best is trial 33 with value: 0.0027693393640220165.[0m
[32m[I 2025-01-18 07:14:16,098][0m Trial 36 finished with value: 0.0020711924880743027 and parameters: {'observation_period_num': 227, 'train_rates': 0.9897382698238416, 'learning_rate': 0.00022699806348283963, 'batch_size': 239, 'step_size': 12, 'gamma': 0.9210349477143313}. Best is trial 36 with value: 0.0020711924880743027.[0m
[32m[I 2025-01-18 07:14:38,707][0m Trial 37 finished with value: 0.0018908516503870487 and parameters: {'observation_period_num': 227, 'train_rates': 0.9872160060522872, 'learning_rate': 0.0003175275066671276, 'batch_size': 250, 'step_size': 10, 'gamma': 0.9226003109075045}. Best is trial 37 with value: 0.0018908516503870487.[0m
[32m[I 2025-01-18 07:15:01,487][0m Trial 38 finished with value: 0.003930341452360153 and parameters: {'observation_period_num': 229, 'train_rates': 0.9194123641543936, 'learning_rate': 0.0005180871143970728, 'batch_size': 232, 'step_size': 9, 'gamma': 0.9640764481853644}. Best is trial 37 with value: 0.0018908516503870487.[0m
[32m[I 2025-01-18 07:15:25,956][0m Trial 39 finished with value: 0.0038746241480112076 and parameters: {'observation_period_num': 240, 'train_rates': 0.9690717648029541, 'learning_rate': 0.00026386484166230164, 'batch_size': 233, 'step_size': 10, 'gamma': 0.9205376859759197}. Best is trial 37 with value: 0.0018908516503870487.[0m
[32m[I 2025-01-18 07:15:52,757][0m Trial 40 finished with value: 0.0011846477864310145 and parameters: {'observation_period_num': 217, 'train_rates': 0.9899282953659579, 'learning_rate': 0.0005734087305568855, 'batch_size': 216, 'step_size': 8, 'gamma': 0.9442374716132123}. Best is trial 40 with value: 0.0011846477864310145.[0m
[32m[I 2025-01-18 07:16:19,147][0m Trial 41 finished with value: 0.0020122549030929804 and parameters: {'observation_period_num': 207, 'train_rates': 0.9873675593823227, 'learning_rate': 0.0005343953473218807, 'batch_size': 216, 'step_size': 7, 'gamma': 0.9437384281403665}. Best is trial 40 with value: 0.0011846477864310145.[0m
[32m[I 2025-01-18 07:16:45,846][0m Trial 42 finished with value: 0.0022829335648566484 and parameters: {'observation_period_num': 213, 'train_rates': 0.9695493401148687, 'learning_rate': 0.0005901351732375863, 'batch_size': 219, 'step_size': 7, 'gamma': 0.9334622501042714}. Best is trial 40 with value: 0.0011846477864310145.[0m
[32m[I 2025-01-18 07:17:12,727][0m Trial 43 finished with value: 0.0012654386227950454 and parameters: {'observation_period_num': 211, 'train_rates': 0.9676281052010252, 'learning_rate': 0.0005857269458601532, 'batch_size': 213, 'step_size': 8, 'gamma': 0.9457174885516456}. Best is trial 40 with value: 0.0011846477864310145.[0m
[32m[I 2025-01-18 07:17:35,567][0m Trial 44 finished with value: 0.004287244286388159 and parameters: {'observation_period_num': 194, 'train_rates': 0.9397070733287143, 'learning_rate': 0.000973823265471155, 'batch_size': 245, 'step_size': 7, 'gamma': 0.9464311189678745}. Best is trial 40 with value: 0.0011846477864310145.[0m
[32m[I 2025-01-18 07:17:57,031][0m Trial 45 finished with value: 0.005795646003181381 and parameters: {'observation_period_num': 251, 'train_rates': 0.8971233754025196, 'learning_rate': 0.0003403967035546394, 'batch_size': 254, 'step_size': 8, 'gamma': 0.9697728971877381}. Best is trial 40 with value: 0.0011846477864310145.[0m
[32m[I 2025-01-18 07:18:23,946][0m Trial 46 finished with value: 0.002266997704282403 and parameters: {'observation_period_num': 235, 'train_rates': 0.9727344572993765, 'learning_rate': 0.0007086319552901296, 'batch_size': 211, 'step_size': 8, 'gamma': 0.9893255042133497}. Best is trial 40 with value: 0.0011846477864310145.[0m
[32m[I 2025-01-18 07:18:46,756][0m Trial 47 finished with value: 0.0037633483298122883 and parameters: {'observation_period_num': 211, 'train_rates': 0.9153794312582779, 'learning_rate': 0.0005252540987451468, 'batch_size': 239, 'step_size': 6, 'gamma': 0.9511029302936707}. Best is trial 40 with value: 0.0011846477864310145.[0m
[32m[I 2025-01-18 07:19:09,129][0m Trial 48 finished with value: 0.007648295787432877 and parameters: {'observation_period_num': 185, 'train_rates': 0.7420766079001057, 'learning_rate': 0.0003155197496125879, 'batch_size': 215, 'step_size': 9, 'gamma': 0.9225947591279126}. Best is trial 40 with value: 0.0011846477864310145.[0m
[32m[I 2025-01-18 07:19:35,965][0m Trial 49 finished with value: 0.0038651826325803995 and parameters: {'observation_period_num': 213, 'train_rates': 0.9408434828639664, 'learning_rate': 0.0008017911274430094, 'batch_size': 203, 'step_size': 6, 'gamma': 0.932638072362553}. Best is trial 40 with value: 0.0011846477864310145.[0m
[32m[I 2025-01-18 07:19:35,970][0m A new study created in memory with name: no-name-1a4f33e1-cbd8-41ca-b46b-a772c9e595a1[0m
[32m[I 2025-01-18 07:21:03,360][0m Trial 0 finished with value: 0.02996129191683533 and parameters: {'observation_period_num': 68, 'train_rates': 0.8305235788569174, 'learning_rate': 0.0002530689239644179, 'batch_size': 58, 'step_size': 3, 'gamma': 0.8903220557577096}. Best is trial 0 with value: 0.02996129191683533.[0m
[32m[I 2025-01-18 07:23:14,391][0m Trial 1 finished with value: 0.0808295159982004 and parameters: {'observation_period_num': 204, 'train_rates': 0.9080868809450797, 'learning_rate': 4.453745521201296e-05, 'batch_size': 39, 'step_size': 6, 'gamma': 0.8843954101379053}. Best is trial 0 with value: 0.02996129191683533.[0m
[32m[I 2025-01-18 07:23:34,786][0m Trial 2 finished with value: 0.27407935789283017 and parameters: {'observation_period_num': 104, 'train_rates': 0.6626914010522957, 'learning_rate': 5.783306035603787e-06, 'batch_size': 220, 'step_size': 7, 'gamma': 0.7665033329125914}. Best is trial 0 with value: 0.02996129191683533.[0m
[32m[I 2025-01-18 07:24:25,040][0m Trial 3 finished with value: 0.17975626672517525 and parameters: {'observation_period_num': 46, 'train_rates': 0.6353469498740271, 'learning_rate': 1.0788756414500028e-06, 'batch_size': 85, 'step_size': 5, 'gamma': 0.9105349301489748}. Best is trial 0 with value: 0.02996129191683533.[0m
[32m[I 2025-01-18 07:24:50,440][0m Trial 4 finished with value: 0.8611340097959529 and parameters: {'observation_period_num': 25, 'train_rates': 0.8768807771636506, 'learning_rate': 2.0878726301131886e-06, 'batch_size': 223, 'step_size': 5, 'gamma': 0.7756581255427686}. Best is trial 0 with value: 0.02996129191683533.[0m
[32m[I 2025-01-18 07:25:19,815][0m Trial 5 finished with value: 0.22972226370514537 and parameters: {'observation_period_num': 173, 'train_rates': 0.7081477564182712, 'learning_rate': 1.7607212801845238e-06, 'batch_size': 161, 'step_size': 13, 'gamma': 0.8662956506047144}. Best is trial 0 with value: 0.02996129191683533.[0m
[32m[I 2025-01-18 07:25:31,429][0m Trial 6 finished with value: 1.1992730208450377 and parameters: {'observation_period_num': 190, 'train_rates': 0.7236128336417553, 'learning_rate': 4.528792991002271e-06, 'batch_size': 238, 'step_size': 1, 'gamma': 0.783321496161605}. Best is trial 0 with value: 0.02996129191683533.[0m
[32m[I 2025-01-18 07:25:51,508][0m Trial 7 finished with value: 0.06431108368716759 and parameters: {'observation_period_num': 131, 'train_rates': 0.6212734919871424, 'learning_rate': 0.0001612862992384793, 'batch_size': 205, 'step_size': 3, 'gamma': 0.8865235855766702}. Best is trial 0 with value: 0.02996129191683533.[0m
[32m[I 2025-01-18 07:26:20,114][0m Trial 8 finished with value: 0.1440506875514984 and parameters: {'observation_period_num': 201, 'train_rates': 0.9368403384389637, 'learning_rate': 0.0001695837280866243, 'batch_size': 194, 'step_size': 11, 'gamma': 0.9877895643969496}. Best is trial 0 with value: 0.02996129191683533.[0m
[32m[I 2025-01-18 07:26:48,633][0m Trial 9 finished with value: 0.09449400007724762 and parameters: {'observation_period_num': 192, 'train_rates': 0.9487446545918098, 'learning_rate': 6.316059834899946e-05, 'batch_size': 201, 'step_size': 7, 'gamma': 0.9477266472753465}. Best is trial 0 with value: 0.02996129191683533.[0m
[32m[I 2025-01-18 07:31:54,854][0m Trial 10 finished with value: 0.0704422286293638 and parameters: {'observation_period_num': 87, 'train_rates': 0.8238286019486447, 'learning_rate': 0.0008705651930095232, 'batch_size': 16, 'step_size': 1, 'gamma': 0.8296469346706191}. Best is trial 0 with value: 0.02996129191683533.[0m
[32m[I 2025-01-18 07:32:33,450][0m Trial 11 finished with value: 0.073238905480842 and parameters: {'observation_period_num': 137, 'train_rates': 0.7942752838072865, 'learning_rate': 0.0003477704382357803, 'batch_size': 132, 'step_size': 3, 'gamma': 0.8436353258077001}. Best is trial 0 with value: 0.02996129191683533.[0m
