[32m[I 2025-01-18 05:51:13,953][0m Trial 31 finished with value: 0.0017186571424583179 and parameters: {'observation_period_num': 189, 'train_rates': 0.8626200165707516, 'learning_rate': 0.0005615196415353504, 'batch_size': 138, 'step_size': 7, 'gamma': 0.8218044413960462}. Best is trial 13 with value: 0.0008285514421923143.[0m
[32m[I 2025-01-18 05:51:47,516][0m Trial 32 finished with value: 0.0026929459740391132 and parameters: {'observation_period_num': 232, 'train_rates': 0.9183513641187105, 'learning_rate': 0.000685232851919505, 'batch_size': 167, 'step_size': 5, 'gamma': 0.8505947903984242}. Best is trial 13 with value: 0.0008285514421923143.[0m
[32m[I 2025-01-18 05:53:01,907][0m Trial 33 finished with value: 0.0030322935116522654 and parameters: {'observation_period_num': 201, 'train_rates': 0.9036050107118323, 'learning_rate': 0.00018798109995736315, 'batch_size': 71, 'step_size': 7, 'gamma': 0.8368218453193869}. Best is trial 13 with value: 0.0008285514421923143.[0m
[32m[I 2025-01-18 05:53:55,456][0m Trial 34 finished with value: 0.0023901704805141958 and parameters: {'observation_period_num': 182, 'train_rates': 0.850788903989323, 'learning_rate': 0.0002855876474188437, 'batch_size': 93, 'step_size': 9, 'gamma': 0.8631214912276614}. Best is trial 13 with value: 0.0008285514421923143.[0m
[32m[I 2025-01-18 05:54:22,541][0m Trial 35 finished with value: 0.002110454338682137 and parameters: {'observation_period_num': 144, 'train_rates': 0.8172595370923623, 'learning_rate': 0.0004903417420931697, 'batch_size': 190, 'step_size': 12, 'gamma': 0.8018833243199264}. Best is trial 13 with value: 0.0008285514421923143.[0m
[32m[I 2025-01-18 05:55:03,109][0m Trial 36 finished with value: 0.0008169592145254443 and parameters: {'observation_period_num': 227, 'train_rates': 0.8057961328641137, 'learning_rate': 0.0008233948062274884, 'batch_size': 119, 'step_size': 3, 'gamma': 0.946464744776785}. Best is trial 36 with value: 0.0008169592145254443.[0m
[32m[I 2025-01-18 05:55:42,548][0m Trial 37 finished with value: 0.001735218682895518 and parameters: {'observation_period_num': 231, 'train_rates': 0.7368142021877364, 'learning_rate': 0.0009899854233470754, 'batch_size': 112, 'step_size': 3, 'gamma': 0.9440340720759576}. Best is trial 36 with value: 0.0008169592145254443.[0m
[32m[I 2025-01-18 05:56:51,708][0m Trial 38 finished with value: 0.0014789187344958227 and parameters: {'observation_period_num': 247, 'train_rates': 0.9421915050260387, 'learning_rate': 0.00045153037606785357, 'batch_size': 77, 'step_size': 3, 'gamma': 0.9622150750213461}. Best is trial 36 with value: 0.0008169592145254443.[0m
[32m[I 2025-01-18 05:58:09,364][0m Trial 39 finished with value: 0.08106259978229895 and parameters: {'observation_period_num': 215, 'train_rates': 0.7110083016880921, 'learning_rate': 5.0167121312144914e-06, 'batch_size': 55, 'step_size': 13, 'gamma': 0.9360236108038408}. Best is trial 36 with value: 0.0008169592145254443.[0m
[32m[I 2025-01-18 05:58:54,360][0m Trial 40 finished with value: 0.05068539582850538 and parameters: {'observation_period_num': 97, 'train_rates': 0.6763473004898832, 'learning_rate': 2.829319450875097e-05, 'batch_size': 101, 'step_size': 11, 'gamma': 0.7744193541332639}. Best is trial 36 with value: 0.0008169592145254443.[0m
[32m[I 2025-01-18 05:59:31,088][0m Trial 41 finished with value: 0.0013845586890933277 and parameters: {'observation_period_num': 204, 'train_rates': 0.7984779584532364, 'learning_rate': 0.0007482504578172683, 'batch_size': 133, 'step_size': 5, 'gamma': 0.8837656254069945}. Best is trial 36 with value: 0.0008169592145254443.[0m
[32m[I 2025-01-18 06:00:07,477][0m Trial 42 finished with value: 0.003991158208441284 and parameters: {'observation_period_num': 228, 'train_rates': 0.7969061275075402, 'learning_rate': 0.00040593771457213, 'batch_size': 130, 'step_size': 3, 'gamma': 0.8807407776416336}. Best is trial 36 with value: 0.0008169592145254443.[0m
[32m[I 2025-01-18 06:00:42,187][0m Trial 43 finished with value: 0.0017888947279731695 and parameters: {'observation_period_num': 207, 'train_rates': 0.7591508611833162, 'learning_rate': 0.0007461392047968619, 'batch_size': 139, 'step_size': 5, 'gamma': 0.9056237378944204}. Best is trial 36 with value: 0.0008169592145254443.[0m
[32m[I 2025-01-18 06:01:22,868][0m Trial 44 finished with value: 0.0019962420493268287 and parameters: {'observation_period_num': 222, 'train_rates': 0.8021326921445026, 'learning_rate': 0.00027037019250584723, 'batch_size': 118, 'step_size': 2, 'gamma': 0.9658412301729065}. Best is trial 36 with value: 0.0008169592145254443.[0m
[32m[I 2025-01-18 06:02:46,056][0m Trial 45 finished with value: 0.0013880558459851546 and parameters: {'observation_period_num': 238, 'train_rates': 0.861945689190554, 'learning_rate': 0.00014909749068327082, 'batch_size': 59, 'step_size': 5, 'gamma': 0.9285161560200917}. Best is trial 36 with value: 0.0008169592145254443.[0m
[32m[I 2025-01-18 06:03:56,620][0m Trial 46 finished with value: 0.0015464740572497249 and parameters: {'observation_period_num': 120, 'train_rates': 0.9865376052291109, 'learning_rate': 0.00043031885725878995, 'batch_size': 82, 'step_size': 4, 'gamma': 0.913024751559838}. Best is trial 36 with value: 0.0008169592145254443.[0m
[32m[I 2025-01-18 06:04:48,051][0m Trial 47 finished with value: 0.00533552959735739 and parameters: {'observation_period_num': 161, 'train_rates': 0.8211081824072445, 'learning_rate': 0.0007082694445604737, 'batch_size': 97, 'step_size': 2, 'gamma': 0.8781594346510926}. Best is trial 36 with value: 0.0008169592145254443.[0m
[32m[I 2025-01-18 06:06:52,588][0m Trial 48 finished with value: 0.002026766720287217 and parameters: {'observation_period_num': 177, 'train_rates': 0.8874665153939704, 'learning_rate': 0.0003445847087390445, 'batch_size': 40, 'step_size': 9, 'gamma': 0.9493530615041025}. Best is trial 36 with value: 0.0008169592145254443.[0m
[32m[I 2025-01-18 06:07:27,585][0m Trial 49 finished with value: 0.005714686460660188 and parameters: {'observation_period_num': 138, 'train_rates': 0.782017038548544, 'learning_rate': 8.39278043449381e-05, 'batch_size': 147, 'step_size': 8, 'gamma': 0.9259623735254094}. Best is trial 36 with value: 0.0008169592145254443.[0m
[32m[I 2025-01-18 06:07:27,592][0m A new study created in memory with name: no-name-3fe7c561-5622-4eec-89eb-b8491d6f29c1[0m
[32m[I 2025-01-18 06:07:47,398][0m Trial 0 finished with value: 0.004637479562081176 and parameters: {'observation_period_num': 96, 'train_rates': 0.7531558456235211, 'learning_rate': 0.00012448190104671453, 'batch_size': 252, 'step_size': 9, 'gamma': 0.9783007035766247}. Best is trial 0 with value: 0.004637479562081176.[0m
[32m[I 2025-01-18 06:08:49,623][0m Trial 1 finished with value: 0.003534080180408502 and parameters: {'observation_period_num': 120, 'train_rates': 0.7723605317652115, 'learning_rate': 0.00027030808165147787, 'batch_size': 76, 'step_size': 8, 'gamma': 0.9006539127773596}. Best is trial 1 with value: 0.003534080180408502.[0m
[32m[I 2025-01-18 06:09:19,152][0m Trial 2 finished with value: 0.08711377785627143 and parameters: {'observation_period_num': 176, 'train_rates': 0.9108060450651214, 'learning_rate': 5.926216851054658e-06, 'batch_size': 188, 'step_size': 4, 'gamma': 0.8786948113350856}. Best is trial 1 with value: 0.003534080180408502.[0m
[32m[I 2025-01-18 06:09:51,117][0m Trial 3 finished with value: 0.008869620557626887 and parameters: {'observation_period_num': 194, 'train_rates': 0.6634106670714573, 'learning_rate': 8.873961190768857e-05, 'batch_size': 133, 'step_size': 4, 'gamma': 0.8891474207496501}. Best is trial 1 with value: 0.003534080180408502.[0m
[32m[I 2025-01-18 06:10:21,500][0m Trial 4 finished with value: 0.036719368465922095 and parameters: {'observation_period_num': 49, 'train_rates': 0.7926148732651235, 'learning_rate': 3.973172302802697e-05, 'batch_size': 172, 'step_size': 2, 'gamma': 0.8177134118467588}. Best is trial 1 with value: 0.003534080180408502.[0m
[32m[I 2025-01-18 06:11:06,836][0m Trial 5 finished with value: 0.009180887703309363 and parameters: {'observation_period_num': 206, 'train_rates': 0.8849974722433134, 'learning_rate': 6.471918601308146e-05, 'batch_size': 111, 'step_size': 11, 'gamma': 0.9712646948862201}. Best is trial 1 with value: 0.003534080180408502.[0m
[32m[I 2025-01-18 06:11:52,385][0m Trial 6 finished with value: 0.11772101601383772 and parameters: {'observation_period_num': 38, 'train_rates': 0.9149991259985055, 'learning_rate': 1.5215470525410573e-06, 'batch_size': 123, 'step_size': 13, 'gamma': 0.7625372874249973}. Best is trial 1 with value: 0.003534080180408502.[0m
[32m[I 2025-01-18 06:12:21,834][0m Trial 7 finished with value: 0.007548785878235584 and parameters: {'observation_period_num': 31, 'train_rates': 0.6591468822847651, 'learning_rate': 0.0007720737941803519, 'batch_size': 155, 'step_size': 13, 'gamma': 0.8120361138621806}. Best is trial 1 with value: 0.003534080180408502.[0m
[32m[I 2025-01-18 06:12:50,606][0m Trial 8 finished with value: 0.006128276698291302 and parameters: {'observation_period_num': 137, 'train_rates': 0.9577636606659032, 'learning_rate': 6.711607687708957e-05, 'batch_size': 195, 'step_size': 8, 'gamma': 0.9677328753978636}. Best is trial 1 with value: 0.003534080180408502.[0m
[32m[I 2025-01-18 06:13:18,171][0m Trial 9 finished with value: 0.163589702781878 and parameters: {'observation_period_num': 121, 'train_rates': 0.6660090391536491, 'learning_rate': 2.4253734433906876e-06, 'batch_size': 170, 'step_size': 9, 'gamma': 0.7984044298244697}. Best is trial 1 with value: 0.003534080180408502.[0m
[32m[I 2025-01-18 06:15:34,834][0m Trial 10 finished with value: 0.014737818022886066 and parameters: {'observation_period_num': 242, 'train_rates': 0.7411655357278806, 'learning_rate': 0.0005277059883327214, 'batch_size': 32, 'step_size': 6, 'gamma': 0.9230088853480823}. Best is trial 1 with value: 0.003534080180408502.[0m
[32m[I 2025-01-18 06:15:54,805][0m Trial 11 finished with value: 0.0042956196075158845 and parameters: {'observation_period_num': 100, 'train_rates': 0.7517172696025589, 'learning_rate': 0.00022943194323268328, 'batch_size': 256, 'step_size': 9, 'gamma': 0.932361432126139}. Best is trial 1 with value: 0.003534080180408502.[0m
[32m[I 2025-01-18 06:17:11,914][0m Trial 12 finished with value: 0.006215596141015751 and parameters: {'observation_period_num': 86, 'train_rates': 0.8385779946248308, 'learning_rate': 0.0002949735672503506, 'batch_size': 66, 'step_size': 15, 'gamma': 0.9217442385925234}. Best is trial 1 with value: 0.003534080180408502.[0m
[32m[I 2025-01-18 06:17:32,539][0m Trial 13 finished with value: 0.050038295364334386 and parameters: {'observation_period_num': 134, 'train_rates': 0.7224915056764738, 'learning_rate': 1.357253983280709e-05, 'batch_size': 243, 'step_size': 7, 'gamma': 0.9215637895465276}. Best is trial 1 with value: 0.003534080180408502.[0m
[32m[I 2025-01-18 06:18:28,927][0m Trial 14 finished with value: 0.004805060932782161 and parameters: {'observation_period_num': 80, 'train_rates': 0.8340859081934493, 'learning_rate': 0.00020453828986813968, 'batch_size': 92, 'step_size': 11, 'gamma': 0.8490792121994852}. Best is trial 1 with value: 0.003534080180408502.[0m
[32m[I 2025-01-18 06:20:36,160][0m Trial 15 finished with value: 0.009739488999532387 and parameters: {'observation_period_num': 160, 'train_rates': 0.7987904852309463, 'learning_rate': 1.972578278272232e-05, 'batch_size': 36, 'step_size': 5, 'gamma': 0.9440777256161124}. Best is trial 1 with value: 0.003534080180408502.[0m
[32m[I 2025-01-18 06:20:57,677][0m Trial 16 finished with value: 0.004962622465420203 and parameters: {'observation_period_num': 109, 'train_rates': 0.6106146380228201, 'learning_rate': 0.0003421241113806538, 'batch_size': 216, 'step_size': 10, 'gamma': 0.8968661057557246}. Best is trial 1 with value: 0.003534080180408502.[0m
[32m[I 2025-01-18 06:21:56,052][0m Trial 17 finished with value: 0.023153511218206826 and parameters: {'observation_period_num': 66, 'train_rates': 0.7036673522508435, 'learning_rate': 0.0008415426347701036, 'batch_size': 76, 'step_size': 1, 'gamma': 0.8473395671360437}. Best is trial 1 with value: 0.003534080180408502.[0m
[32m[I 2025-01-18 06:23:19,796][0m Trial 18 finished with value: 0.008872323812219104 and parameters: {'observation_period_num': 8, 'train_rates': 0.7816560090802883, 'learning_rate': 0.00016021366385437688, 'batch_size': 59, 'step_size': 7, 'gamma': 0.9471435709988607}. Best is trial 1 with value: 0.003534080180408502.[0m
[32m[I 2025-01-18 06:24:08,021][0m Trial 19 finished with value: 0.008842279358456532 and parameters: {'observation_period_num': 154, 'train_rates': 0.8400532354763591, 'learning_rate': 3.2829845503891754e-05, 'batch_size': 105, 'step_size': 12, 'gamma': 0.8543871106029509}. Best is trial 1 with value: 0.003534080180408502.[0m
[32m[I 2025-01-18 06:24:28,771][0m Trial 20 finished with value: 0.006156504717450041 and parameters: {'observation_period_num': 109, 'train_rates': 0.61924065738534, 'learning_rate': 0.00031620275079097574, 'batch_size': 218, 'step_size': 15, 'gamma': 0.9024294072364643}. Best is trial 1 with value: 0.003534080180408502.[0m
[32m[I 2025-01-18 06:24:48,802][0m Trial 21 finished with value: 0.0049744713454816 and parameters: {'observation_period_num': 97, 'train_rates': 0.7499129476813627, 'learning_rate': 0.0001161071391824687, 'batch_size': 252, 'step_size': 9, 'gamma': 0.9854663684770558}. Best is trial 1 with value: 0.003534080180408502.[0m
[32m[I 2025-01-18 06:25:08,800][0m Trial 22 finished with value: 0.007799685722191448 and parameters: {'observation_period_num': 64, 'train_rates': 0.7736115309237244, 'learning_rate': 0.00013849567669766723, 'batch_size': 256, 'step_size': 9, 'gamma': 0.9484955603623958}. Best is trial 1 with value: 0.003534080180408502.[0m
[32m[I 2025-01-18 06:25:29,207][0m Trial 23 finished with value: 0.00511582065428767 and parameters: {'observation_period_num': 142, 'train_rates': 0.7008494198278428, 'learning_rate': 0.00038978871048991144, 'batch_size': 226, 'step_size': 7, 'gamma': 0.9862472029111032}. Best is trial 1 with value: 0.003534080180408502.[0m
[32m[I 2025-01-18 06:25:52,872][0m Trial 24 finished with value: 0.004577481907136752 and parameters: {'observation_period_num': 116, 'train_rates': 0.8151357589281751, 'learning_rate': 0.00022656583235142674, 'batch_size': 231, 'step_size': 10, 'gamma': 0.9570290115337314}. Best is trial 1 with value: 0.003534080180408502.[0m
[32m[I 2025-01-18 06:30:20,484][0m Trial 25 finished with value: 0.008706780534974017 and parameters: {'observation_period_num': 113, 'train_rates': 0.8192047528555566, 'learning_rate': 0.0005811142122184757, 'batch_size': 18, 'step_size': 11, 'gamma': 0.9310989336121221}. Best is trial 1 with value: 0.003534080180408502.[0m
[32m[I 2025-01-18 06:30:43,416][0m Trial 26 finished with value: 0.004725831748620302 and parameters: {'observation_period_num': 172, 'train_rates': 0.8722542118648343, 'learning_rate': 0.00019366394344793458, 'batch_size': 222, 'step_size': 8, 'gamma': 0.9051191193602015}. Best is trial 1 with value: 0.003534080180408502.[0m
[32m[I 2025-01-18 06:31:10,975][0m Trial 27 finished with value: 0.00773044915967377 and parameters: {'observation_period_num': 70, 'train_rates': 0.8617810681430854, 'learning_rate': 4.297438212013001e-05, 'batch_size': 196, 'step_size': 10, 'gamma': 0.9611113934510108}. Best is trial 1 with value: 0.003534080180408502.[0m
[32m[I 2025-01-18 06:31:51,019][0m Trial 28 finished with value: 0.024120183661580086 and parameters: {'observation_period_num': 121, 'train_rates': 0.9870244133283268, 'learning_rate': 1.9236220952082277e-05, 'batch_size': 145, 'step_size': 6, 'gamma': 0.8716048628823378}. Best is trial 1 with value: 0.003534080180408502.[0m
[32m[I 2025-01-18 06:32:12,840][0m Trial 29 finished with value: 0.004232356060534196 and parameters: {'observation_period_num': 93, 'train_rates': 0.7602749946898953, 'learning_rate': 0.0002402712887306474, 'batch_size': 231, 'step_size': 13, 'gamma': 0.9380810366772261}. Best is trial 1 with value: 0.003534080180408502.[0m
[32m[I 2025-01-18 06:32:37,005][0m Trial 30 finished with value: 0.006372538405604782 and parameters: {'observation_period_num': 92, 'train_rates': 0.7659546458993435, 'learning_rate': 9.055565060850182e-05, 'batch_size': 204, 'step_size': 14, 'gamma': 0.9378221575735878}. Best is trial 1 with value: 0.003534080180408502.[0m
[32m[I 2025-01-18 06:32:57,360][0m Trial 31 finished with value: 0.005835569991617446 and parameters: {'observation_period_num': 101, 'train_rates': 0.7261490942627047, 'learning_rate': 0.0002211168413572019, 'batch_size': 237, 'step_size': 12, 'gamma': 0.9577364835069389}. Best is trial 1 with value: 0.003534080180408502.[0m
[32m[I 2025-01-18 06:33:19,469][0m Trial 32 finished with value: 0.004216706163546014 and parameters: {'observation_period_num': 128, 'train_rates': 0.8018523621091249, 'learning_rate': 0.0005129405090764391, 'batch_size': 234, 'step_size': 10, 'gamma': 0.9122158774526826}. Best is trial 1 with value: 0.003534080180408502.[0m
[32m[I 2025-01-18 06:33:43,913][0m Trial 33 finished with value: 0.0039108851387237124 and parameters: {'observation_period_num': 149, 'train_rates': 0.755632806425126, 'learning_rate': 0.000488406451743774, 'batch_size': 212, 'step_size': 13, 'gamma': 0.8847608534990352}. Best is trial 1 with value: 0.003534080180408502.[0m
[32m[I 2025-01-18 06:34:12,093][0m Trial 34 finished with value: 0.003398255256719754 and parameters: {'observation_period_num': 194, 'train_rates': 0.7979773913239655, 'learning_rate': 0.0004885350102336541, 'batch_size': 177, 'step_size': 13, 'gamma': 0.8830704559006812}. Best is trial 34 with value: 0.003398255256719754.[0m
[32m[I 2025-01-18 06:34:41,928][0m Trial 35 finished with value: 0.003758714142979463 and parameters: {'observation_period_num': 192, 'train_rates': 0.8056786245137931, 'learning_rate': 0.0009700432055860372, 'batch_size': 171, 'step_size': 14, 'gamma': 0.8839319289411591}. Best is trial 34 with value: 0.003398255256719754.[0m
[32m[I 2025-01-18 06:35:13,194][0m Trial 36 finished with value: 0.004309150653288645 and parameters: {'observation_period_num': 199, 'train_rates': 0.9080543254081853, 'learning_rate': 0.0008403688387830744, 'batch_size': 177, 'step_size': 14, 'gamma': 0.8836311796225491}. Best is trial 34 with value: 0.003398255256719754.[0m
[32m[I 2025-01-18 06:35:43,423][0m Trial 37 finished with value: 0.0045888454322695 and parameters: {'observation_period_num': 226, 'train_rates': 0.792368893911158, 'learning_rate': 0.0004971748009545238, 'batch_size': 159, 'step_size': 14, 'gamma': 0.8566425050594443}. Best is trial 34 with value: 0.003398255256719754.[0m
[32m[I 2025-01-18 06:36:17,107][0m Trial 38 finished with value: 0.004368918289113766 and parameters: {'observation_period_num': 219, 'train_rates': 0.7099161617515466, 'learning_rate': 0.0006913939939632629, 'batch_size': 132, 'step_size': 12, 'gamma': 0.8666399378086065}. Best is trial 34 with value: 0.003398255256719754.[0m
[32m[I 2025-01-18 06:36:41,788][0m Trial 39 finished with value: 0.005743705722370318 and parameters: {'observation_period_num': 181, 'train_rates': 0.68599722126538, 'learning_rate': 0.0009383637638304964, 'batch_size': 181, 'step_size': 15, 'gamma': 0.8314776219665826}. Best is trial 34 with value: 0.003398255256719754.[0m
[32m[I 2025-01-18 06:37:12,854][0m Trial 40 finished with value: 0.03333789647063788 and parameters: {'observation_period_num': 183, 'train_rates': 0.8533627023462275, 'learning_rate': 7.785499813453472e-06, 'batch_size': 159, 'step_size': 13, 'gamma': 0.8885217713246786}. Best is trial 34 with value: 0.003398255256719754.[0m
[32m[I 2025-01-18 06:37:36,549][0m Trial 41 finished with value: 0.0033376496760191597 and parameters: {'observation_period_num': 156, 'train_rates': 0.804874851009626, 'learning_rate': 0.0004550922176018456, 'batch_size': 211, 'step_size': 12, 'gamma': 0.9106842282182364}. Best is trial 41 with value: 0.0033376496760191597.[0m
[32m[I 2025-01-18 06:38:00,932][0m Trial 42 finished with value: 0.004336644288740344 and parameters: {'observation_period_num': 154, 'train_rates': 0.7792880743671242, 'learning_rate': 0.00040500682100051916, 'batch_size': 206, 'step_size': 14, 'gamma': 0.872851517376426}. Best is trial 41 with value: 0.0033376496760191597.[0m
[32m[I 2025-01-18 06:38:26,708][0m Trial 43 finished with value: 0.004620385657868941 and parameters: {'observation_period_num': 167, 'train_rates': 0.8115224641361098, 'learning_rate': 0.0005842998826106827, 'batch_size': 190, 'step_size': 12, 'gamma': 0.8944916290951822}. Best is trial 41 with value: 0.0033376496760191597.[0m
[32m[I 2025-01-18 06:38:55,437][0m Trial 44 finished with value: 0.00462305490655939 and parameters: {'observation_period_num': 190, 'train_rates': 0.7423036843325412, 'learning_rate': 0.0004091356370906544, 'batch_size': 168, 'step_size': 13, 'gamma': 0.8803051812642678}. Best is trial 41 with value: 0.0033376496760191597.[0m
[32m[I 2025-01-18 06:39:33,027][0m Trial 45 finished with value: 0.005474170802959374 and parameters: {'observation_period_num': 219, 'train_rates': 0.8932732622471836, 'learning_rate': 0.0009692583303900237, 'batch_size': 142, 'step_size': 3, 'gamma': 0.9115442806175634}. Best is trial 41 with value: 0.0033376496760191597.[0m
[32m[I 2025-01-18 06:39:58,682][0m Trial 46 finished with value: 0.012355735682013655 and parameters: {'observation_period_num': 145, 'train_rates': 0.8314296446352835, 'learning_rate': 6.194872192147901e-05, 'batch_size': 207, 'step_size': 11, 'gamma': 0.835487168112754}. Best is trial 41 with value: 0.0033376496760191597.[0m
