[32m[I 2025-02-07 02:13:53,222][0m Trial 49 finished with value: 0.300538070499897 and parameters: {'observation_period_num': 108, 'train_rates': 0.9613947202627059, 'learning_rate': 6.660629638483011e-05, 'batch_size': 28, 'step_size': 1, 'gamma': 0.8511394273987466}. Best is trial 12 with value: 0.029888253060647244.[0m
最適ハイパーパラメータが見つかりました
最適なハイパーパラメータが best_hyperparameters_GOOG_iTransformer_noMSTL.json に保存されました
Epoch 1/300, Loss: 0.3303 | 0.1646
Epoch 2/300, Loss: 0.1453 | 0.1985
Epoch 3/300, Loss: 0.1209 | 0.1325
Epoch 4/300, Loss: 0.1119 | 0.1449
Epoch 5/300, Loss: 0.1093 | 0.0911
Epoch 6/300, Loss: 0.1274 | 0.1281
Epoch 7/300, Loss: 0.1021 | 0.0734
Epoch 8/300, Loss: 0.0956 | 0.0720
Epoch 9/300, Loss: 0.0890 | 0.0672
Epoch 10/300, Loss: 0.0857 | 0.0591
Epoch 11/300, Loss: 0.0931 | 0.0524
Epoch 12/300, Loss: 0.0935 | 0.0517
Epoch 13/300, Loss: 0.0866 | 0.0484
Epoch 14/300, Loss: 0.0872 | 0.0472
Epoch 15/300, Loss: 0.0798 | 0.0488
Epoch 16/300, Loss: 0.0796 | 0.0477
Epoch 17/300, Loss: 0.0795 | 0.0527
Epoch 18/300, Loss: 0.0803 | 0.0500
Epoch 19/300, Loss: 0.0802 | 0.0502
Epoch 20/300, Loss: 0.0794 | 0.0505
Epoch 21/300, Loss: 0.0766 | 0.0484
Epoch 22/300, Loss: 0.0745 | 0.0459
Epoch 23/300, Loss: 0.0734 | 0.0461
Epoch 24/300, Loss: 0.0727 | 0.0459
Epoch 25/300, Loss: 0.0722 | 0.0458
Epoch 26/300, Loss: 0.0718 | 0.0458
Epoch 27/300, Loss: 0.0716 | 0.0455
Epoch 28/300, Loss: 0.0716 | 0.0457
Epoch 29/300, Loss: 0.0717 | 0.0450
Epoch 30/300, Loss: 0.0720 | 0.0446
Epoch 31/300, Loss: 0.0724 | 0.0421
Epoch 32/300, Loss: 0.0730 | 0.0410
Epoch 33/300, Loss: 0.0736 | 0.0405
Epoch 34/300, Loss: 0.0736 | 0.0410
Epoch 35/300, Loss: 0.0729 | 0.0420
Epoch 36/300, Loss: 0.0715 | 0.0430
Epoch 37/300, Loss: 0.0707 | 0.0433
Epoch 38/300, Loss: 0.0712 | 0.0443
Epoch 39/300, Loss: 0.0724 | 0.0467
Epoch 40/300, Loss: 0.0735 | 0.0482
Epoch 41/300, Loss: 0.0732 | 0.0498
Epoch 42/300, Loss: 0.0720 | 0.0470
Epoch 43/300, Loss: 0.0706 | 0.0446
Epoch 44/300, Loss: 0.0692 | 0.0420
Epoch 45/300, Loss: 0.0685 | 0.0412
Epoch 46/300, Loss: 0.0681 | 0.0406
Epoch 47/300, Loss: 0.0679 | 0.0407
Epoch 48/300, Loss: 0.0677 | 0.0404
Epoch 49/300, Loss: 0.0675 | 0.0404
Epoch 50/300, Loss: 0.0672 | 0.0402
Epoch 51/300, Loss: 0.0669 | 0.0402
Epoch 52/300, Loss: 0.0666 | 0.0400
Epoch 53/300, Loss: 0.0664 | 0.0398
Epoch 54/300, Loss: 0.0661 | 0.0397
Epoch 55/300, Loss: 0.0659 | 0.0395
Epoch 56/300, Loss: 0.0658 | 0.0393
Epoch 57/300, Loss: 0.0656 | 0.0391
Epoch 58/300, Loss: 0.0655 | 0.0391
Epoch 59/300, Loss: 0.0654 | 0.0389
Epoch 60/300, Loss: 0.0652 | 0.0388
Epoch 61/300, Loss: 0.0652 | 0.0387
Epoch 62/300, Loss: 0.0651 | 0.0386
Epoch 63/300, Loss: 0.0650 | 0.0385
Epoch 64/300, Loss: 0.0650 | 0.0384
Epoch 65/300, Loss: 0.0649 | 0.0383
Epoch 66/300, Loss: 0.0649 | 0.0382
Epoch 67/300, Loss: 0.0648 | 0.0381
Epoch 68/300, Loss: 0.0648 | 0.0381
Epoch 69/300, Loss: 0.0647 | 0.0380
Epoch 70/300, Loss: 0.0647 | 0.0380
Epoch 71/300, Loss: 0.0647 | 0.0379
Epoch 72/300, Loss: 0.0647 | 0.0379
Epoch 73/300, Loss: 0.0646 | 0.0378
Epoch 74/300, Loss: 0.0646 | 0.0378
Epoch 75/300, Loss: 0.0646 | 0.0378
Epoch 76/300, Loss: 0.0646 | 0.0377
Epoch 77/300, Loss: 0.0645 | 0.0377
Epoch 78/300, Loss: 0.0645 | 0.0377
Epoch 79/300, Loss: 0.0645 | 0.0376
Epoch 80/300, Loss: 0.0645 | 0.0376
Epoch 81/300, Loss: 0.0645 | 0.0376
Epoch 82/300, Loss: 0.0644 | 0.0376
Epoch 83/300, Loss: 0.0644 | 0.0375
Epoch 84/300, Loss: 0.0644 | 0.0375
Epoch 85/300, Loss: 0.0644 | 0.0375
Epoch 86/300, Loss: 0.0644 | 0.0375
Epoch 87/300, Loss: 0.0644 | 0.0375
Epoch 88/300, Loss: 0.0644 | 0.0374
Epoch 89/300, Loss: 0.0644 | 0.0374
Epoch 90/300, Loss: 0.0644 | 0.0374
Epoch 91/300, Loss: 0.0643 | 0.0374
Epoch 92/300, Loss: 0.0643 | 0.0374
Epoch 93/300, Loss: 0.0643 | 0.0374
Epoch 94/300, Loss: 0.0643 | 0.0374
Epoch 95/300, Loss: 0.0643 | 0.0374
Epoch 96/300, Loss: 0.0643 | 0.0374
Epoch 97/300, Loss: 0.0643 | 0.0374
Epoch 98/300, Loss: 0.0643 | 0.0373
Epoch 99/300, Loss: 0.0643 | 0.0373
Epoch 100/300, Loss: 0.0643 | 0.0373
Epoch 101/300, Loss: 0.0643 | 0.0373
Epoch 102/300, Loss: 0.0643 | 0.0373
Epoch 103/300, Loss: 0.0643 | 0.0373
Epoch 104/300, Loss: 0.0643 | 0.0373
Epoch 105/300, Loss: 0.0643 | 0.0373
Epoch 106/300, Loss: 0.0643 | 0.0373
Epoch 107/300, Loss: 0.0643 | 0.0373
Epoch 108/300, Loss: 0.0643 | 0.0373
Epoch 109/300, Loss: 0.0643 | 0.0373
Epoch 110/300, Loss: 0.0643 | 0.0373
Epoch 111/300, Loss: 0.0643 | 0.0373
Epoch 112/300, Loss: 0.0643 | 0.0373
Epoch 113/300, Loss: 0.0643 | 0.0373
Epoch 114/300, Loss: 0.0643 | 0.0373
Epoch 115/300, Loss: 0.0643 | 0.0373
Epoch 116/300, Loss: 0.0643 | 0.0373
Epoch 117/300, Loss: 0.0643 | 0.0373
Epoch 118/300, Loss: 0.0643 | 0.0373
Epoch 119/300, Loss: 0.0643 | 0.0373
Epoch 120/300, Loss: 0.0643 | 0.0373
Epoch 121/300, Loss: 0.0643 | 0.0373
Epoch 122/300, Loss: 0.0643 | 0.0373
Epoch 123/300, Loss: 0.0643 | 0.0373
Epoch 124/300, Loss: 0.0643 | 0.0373
Epoch 125/300, Loss: 0.0643 | 0.0373
Epoch 126/300, Loss: 0.0643 | 0.0373
Epoch 127/300, Loss: 0.0643 | 0.0373
Epoch 128/300, Loss: 0.0643 | 0.0373
Epoch 129/300, Loss: 0.0643 | 0.0373
Epoch 130/300, Loss: 0.0643 | 0.0373
Epoch 131/300, Loss: 0.0643 | 0.0373
Epoch 132/300, Loss: 0.0643 | 0.0372
Epoch 133/300, Loss: 0.0643 | 0.0372
Epoch 134/300, Loss: 0.0643 | 0.0372
Epoch 135/300, Loss: 0.0643 | 0.0372
Epoch 136/300, Loss: 0.0643 | 0.0372
Epoch 137/300, Loss: 0.0643 | 0.0372
Epoch 138/300, Loss: 0.0643 | 0.0372
Epoch 139/300, Loss: 0.0643 | 0.0372
Epoch 140/300, Loss: 0.0643 | 0.0372
Epoch 141/300, Loss: 0.0642 | 0.0372
Epoch 142/300, Loss: 0.0642 | 0.0372
Epoch 143/300, Loss: 0.0642 | 0.0372
Epoch 144/300, Loss: 0.0642 | 0.0372
Epoch 145/300, Loss: 0.0642 | 0.0372
Epoch 146/300, Loss: 0.0642 | 0.0372
Epoch 147/300, Loss: 0.0642 | 0.0372
Epoch 148/300, Loss: 0.0642 | 0.0372
Epoch 149/300, Loss: 0.0642 | 0.0372
Epoch 150/300, Loss: 0.0642 | 0.0372
Epoch 151/300, Loss: 0.0642 | 0.0372
Epoch 152/300, Loss: 0.0642 | 0.0372
Epoch 153/300, Loss: 0.0642 | 0.0372
Epoch 154/300, Loss: 0.0642 | 0.0372
Epoch 155/300, Loss: 0.0642 | 0.0372
Epoch 156/300, Loss: 0.0642 | 0.0372
Epoch 157/300, Loss: 0.0642 | 0.0372
Epoch 158/300, Loss: 0.0642 | 0.0372
Epoch 159/300, Loss: 0.0642 | 0.0372
Epoch 160/300, Loss: 0.0642 | 0.0372
Epoch 161/300, Loss: 0.0642 | 0.0372
Epoch 162/300, Loss: 0.0642 | 0.0372
Epoch 163/300, Loss: 0.0642 | 0.0372
Epoch 164/300, Loss: 0.0642 | 0.0372
Epoch 165/300, Loss: 0.0642 | 0.0372
Epoch 166/300, Loss: 0.0642 | 0.0372
Epoch 167/300, Loss: 0.0642 | 0.0372
Epoch 168/300, Loss: 0.0642 | 0.0372
Epoch 169/300, Loss: 0.0642 | 0.0372
Epoch 170/300, Loss: 0.0642 | 0.0372
Epoch 171/300, Loss: 0.0642 | 0.0372
Epoch 172/300, Loss: 0.0642 | 0.0372
Epoch 173/300, Loss: 0.0642 | 0.0372
Epoch 174/300, Loss: 0.0642 | 0.0372
Epoch 175/300, Loss: 0.0642 | 0.0372
Epoch 176/300, Loss: 0.0642 | 0.0372
Epoch 177/300, Loss: 0.0642 | 0.0372
Epoch 178/300, Loss: 0.0642 | 0.0372
Epoch 179/300, Loss: 0.0642 | 0.0372
Epoch 180/300, Loss: 0.0642 | 0.0372
Epoch 181/300, Loss: 0.0642 | 0.0372
Epoch 182/300, Loss: 0.0642 | 0.0372
Epoch 183/300, Loss: 0.0642 | 0.0372
Epoch 184/300, Loss: 0.0642 | 0.0372
Epoch 185/300, Loss: 0.0642 | 0.0372
Epoch 186/300, Loss: 0.0642 | 0.0372
Early stopping
Runtime (seconds): 158.8158438205719
/home2/y2021/k2110261/.conda/envs/tensorflow/lib/python3.11/site-packages/sklearn/metrics/_regression.py:1266: UndefinedMetricWarning: R^2 score is not well-defined with less than two samples.
  warnings.warn(msg, UndefinedMetricWarning)
MSE: 0.37187738926149905
RMSE: 0.6098175048828125
MAE: 0.6098175048828125
R-squared: nan
[193.90982]
