[32m[I 2025-01-01 11:39:22,071][0m Trial 8 finished with value: 0.28808154943790143 and parameters: {'observation_period_num': 121, 'train_rates': 0.7689417459531087, 'learning_rate': 9.809489043234648e-05, 'batch_size': 63, 'step_size': 10, 'gamma': 0.824400143168277}. Best is trial 4 with value: 0.055103589568373766.[0m
[32m[I 2025-01-01 11:43:07,456][0m Trial 9 finished with value: 0.1361475116753763 and parameters: {'observation_period_num': 249, 'train_rates': 0.9048537605519695, 'learning_rate': 7.751744711815603e-05, 'batch_size': 200, 'step_size': 1, 'gamma': 0.9510863325603172}. Best is trial 4 with value: 0.055103589568373766.[0m
[32m[I 2025-01-01 11:46:48,967][0m Trial 10 finished with value: 1.6817078766688494 and parameters: {'observation_period_num': 6, 'train_rates': 0.6146540559518541, 'learning_rate': 0.000946652149322798, 'batch_size': 124, 'step_size': 13, 'gamma': 0.989719430983537}. Best is trial 4 with value: 0.055103589568373766.[0m
Early stopping at epoch 47
[32m[I 2025-01-01 11:48:44,578][0m Trial 11 finished with value: 1.6476206124630743 and parameters: {'observation_period_num': 14, 'train_rates': 0.8484792212245921, 'learning_rate': 0.0007526822662542553, 'batch_size': 165, 'step_size': 1, 'gamma': 0.7513883728195091}. Best is trial 4 with value: 0.055103589568373766.[0m
[32m[I 2025-01-01 11:52:26,518][0m Trial 12 finished with value: 0.08156754672527314 and parameters: {'observation_period_num': 72, 'train_rates': 0.850927906014285, 'learning_rate': 0.00033183578299308524, 'batch_size': 256, 'step_size': 4, 'gamma': 0.8697321473929558}. Best is trial 4 with value: 0.055103589568373766.[0m
[32m[I 2025-01-01 11:56:06,484][0m Trial 13 finished with value: 0.07023282787033322 and parameters: {'observation_period_num': 61, 'train_rates': 0.824784538365226, 'learning_rate': 0.0003173693859642211, 'batch_size': 256, 'step_size': 4, 'gamma': 0.8754055445870262}. Best is trial 4 with value: 0.055103589568373766.[0m
[32m[I 2025-01-01 12:00:47,902][0m Trial 14 finished with value: 0.08329058274515529 and parameters: {'observation_period_num': 50, 'train_rates': 0.8157311642435696, 'learning_rate': 0.00025093312577772136, 'batch_size': 100, 'step_size': 6, 'gamma': 0.9879706774247198}. Best is trial 4 with value: 0.055103589568373766.[0m
[32m[I 2025-01-01 12:04:49,744][0m Trial 15 finished with value: 0.09169337858406201 and parameters: {'observation_period_num': 50, 'train_rates': 0.8147111105861282, 'learning_rate': 0.00028021699508514727, 'batch_size': 141, 'step_size': 15, 'gamma': 0.8881691903690008}. Best is trial 4 with value: 0.055103589568373766.[0m
[32m[I 2025-01-01 12:09:17,603][0m Trial 16 finished with value: 0.20865328185260296 and parameters: {'observation_period_num': 65, 'train_rates': 0.688497079725185, 'learning_rate': 0.00037000070080541435, 'batch_size': 94, 'step_size': 4, 'gamma': 0.8611005013162654}. Best is trial 4 with value: 0.055103589568373766.[0m
[32m[I 2025-01-01 12:13:28,001][0m Trial 17 finished with value: 0.045078814029693604 and parameters: {'observation_period_num': 36, 'train_rates': 0.9766756424861124, 'learning_rate': 0.00014905410876565824, 'batch_size': 248, 'step_size': 5, 'gamma': 0.907702529108343}. Best is trial 17 with value: 0.045078814029693604.[0m
[32m[I 2025-01-01 12:17:55,318][0m Trial 18 finished with value: 0.08540692180395126 and parameters: {'observation_period_num': 29, 'train_rates': 0.9631733773481862, 'learning_rate': 2.1376737570555304e-05, 'batch_size': 154, 'step_size': 11, 'gamma': 0.9204232649819959}. Best is trial 17 with value: 0.045078814029693604.[0m
[32m[I 2025-01-01 12:23:11,543][0m Trial 19 finished with value: 0.1326470673084259 and parameters: {'observation_period_num': 84, 'train_rates': 0.9893197851534923, 'learning_rate': 0.00015512117743726487, 'batch_size': 99, 'step_size': 6, 'gamma': 0.9645492033758278}. Best is trial 17 with value: 0.045078814029693604.[0m
[32m[I 2025-01-01 12:26:58,665][0m Trial 20 finished with value: 0.17484242614001444 and parameters: {'observation_period_num': 30, 'train_rates': 0.8754525337478498, 'learning_rate': 1.1439543650653697e-06, 'batch_size': 223, 'step_size': 3, 'gamma': 0.9093019097410621}. Best is trial 17 with value: 0.045078814029693604.[0m
[32m[I 2025-01-01 12:30:39,572][0m Trial 21 finished with value: 0.06647213761295591 and parameters: {'observation_period_num': 34, 'train_rates': 0.7989126599417393, 'learning_rate': 0.0006032717797044625, 'batch_size': 252, 'step_size': 5, 'gamma': 0.881153857489982}. Best is trial 17 with value: 0.045078814029693604.[0m
[32m[I 2025-01-01 12:34:11,386][0m Trial 22 finished with value: 0.09784938077926636 and parameters: {'observation_period_num': 90, 'train_rates': 0.7818837524836821, 'learning_rate': 0.000659202193098398, 'batch_size': 236, 'step_size': 6, 'gamma': 0.9342490239354139}. Best is trial 17 with value: 0.045078814029693604.[0m
[32m[I 2025-01-01 12:37:27,936][0m Trial 23 finished with value: 0.16299204678746199 and parameters: {'observation_period_num': 32, 'train_rates': 0.6730486709757592, 'learning_rate': 0.00015691495671982673, 'batch_size': 206, 'step_size': 5, 'gamma': 0.9663722687795968}. Best is trial 17 with value: 0.045078814029693604.[0m
[32m[I 2025-01-01 12:41:48,710][0m Trial 24 finished with value: 0.03495977446436882 and parameters: {'observation_period_num': 12, 'train_rates': 0.9444119624332082, 'learning_rate': 0.0005036204775221417, 'batch_size': 172, 'step_size': 8, 'gamma': 0.8528087979792369}. Best is trial 24 with value: 0.03495977446436882.[0m
[32m[I 2025-01-01 12:46:10,784][0m Trial 25 finished with value: 0.0344674289226532 and parameters: {'observation_period_num': 6, 'train_rates': 0.9457737179087906, 'learning_rate': 0.0001580962846713013, 'batch_size': 162, 'step_size': 8, 'gamma': 0.8475047397820581}. Best is trial 25 with value: 0.0344674289226532.[0m
[32m[I 2025-01-01 12:50:31,424][0m Trial 26 finished with value: 0.03352983214090325 and parameters: {'observation_period_num': 18, 'train_rates': 0.9412667183421158, 'learning_rate': 0.00014991764928175684, 'batch_size': 169, 'step_size': 11, 'gamma': 0.8518307755459404}. Best is trial 26 with value: 0.03352983214090325.[0m
[32m[I 2025-01-01 12:54:43,410][0m Trial 27 finished with value: 0.039811352104112345 and parameters: {'observation_period_num': 17, 'train_rates': 0.9381128242710375, 'learning_rate': 3.0132303572581842e-05, 'batch_size': 167, 'step_size': 12, 'gamma': 0.8465401734472365}. Best is trial 26 with value: 0.03352983214090325.[0m
[32m[I 2025-01-01 12:58:53,095][0m Trial 28 finished with value: 0.07790517864635636 and parameters: {'observation_period_num': 90, 'train_rates': 0.9370737326192451, 'learning_rate': 0.00019060657858717907, 'batch_size': 169, 'step_size': 8, 'gamma': 0.7997215643908712}. Best is trial 26 with value: 0.03352983214090325.[0m
[32m[I 2025-01-01 13:02:55,907][0m Trial 29 finished with value: 0.12817952303744073 and parameters: {'observation_period_num': 161, 'train_rates': 0.9282790863186471, 'learning_rate': 2.9576403255282806e-05, 'batch_size': 182, 'step_size': 9, 'gamma': 0.8552351810673124}. Best is trial 26 with value: 0.03352983214090325.[0m
seasonal_3 „ÅÆÊúÄÈÅ©„Éè„Ç§„Éë„Éº„Éë„É©„É°„Éº„Çø„ÅåË¶ã„Å§„Åã„Çä„Åæ„Åó„Åü
ÊúÄÈÅ©ÂåñÂØæË±°: resid
[32m[I 2025-01-01 13:02:55,913][0m A new study created in memory with name: no-name-97d9d949-8aa2-4645-84cd-fca74a33c788[0m
[32m[I 2025-01-01 13:13:20,405][0m Trial 0 finished with value: 0.18281013416846778 and parameters: {'observation_period_num': 51, 'train_rates': 0.63062627924476, 'learning_rate': 0.00013626919304557375, 'batch_size': 35, 'step_size': 8, 'gamma': 0.8647371807809541}. Best is trial 0 with value: 0.18281013416846778.[0m
[32m[I 2025-01-01 13:18:53,171][0m Trial 1 finished with value: 0.22949320856660857 and parameters: {'observation_period_num': 80, 'train_rates': 0.6311100087468837, 'learning_rate': 5.325482693291322e-06, 'batch_size': 65, 'step_size': 2, 'gamma': 0.9881307014637318}. Best is trial 0 with value: 0.18281013416846778.[0m
[32m[I 2025-01-01 13:26:28,811][0m Trial 2 finished with value: 0.20572547603067745 and parameters: {'observation_period_num': 225, 'train_rates': 0.9053570983754777, 'learning_rate': 0.000380799955063386, 'batch_size': 55, 'step_size': 12, 'gamma': 0.9446142200273289}. Best is trial 0 with value: 0.18281013416846778.[0m
[32m[I 2025-01-01 13:30:01,887][0m Trial 3 finished with value: 0.12694910932688197 and parameters: {'observation_period_num': 210, 'train_rates': 0.8285571387593537, 'learning_rate': 0.0007737713636579847, 'batch_size': 233, 'step_size': 14, 'gamma': 0.7994266404806248}. Best is trial 3 with value: 0.12694910932688197.[0m
[32m[I 2025-01-01 13:35:20,084][0m Trial 4 finished with value: 0.09413359254070623 and parameters: {'observation_period_num': 126, 'train_rates': 0.9104393411081254, 'learning_rate': 5.534558079830376e-05, 'batch_size': 87, 'step_size': 1, 'gamma': 0.9185415633738322}. Best is trial 4 with value: 0.09413359254070623.[0m
[32m[I 2025-01-01 13:38:38,724][0m Trial 5 finished with value: 0.1880286542134672 and parameters: {'observation_period_num': 61, 'train_rates': 0.6828916576831514, 'learning_rate': 0.000744638898408072, 'batch_size': 239, 'step_size': 9, 'gamma': 0.8301500591039745}. Best is trial 4 with value: 0.09413359254070623.[0m
[32m[I 2025-01-01 13:42:32,106][0m Trial 6 finished with value: 0.30175169450167105 and parameters: {'observation_period_num': 234, 'train_rates': 0.8929157545587322, 'learning_rate': 1.5727959097097663e-06, 'batch_size': 171, 'step_size': 7, 'gamma': 0.7801182690739109}. Best is trial 4 with value: 0.09413359254070623.[0m
[32m[I 2025-01-01 13:45:56,169][0m Trial 7 finished with value: 0.4324874155830454 and parameters: {'observation_period_num': 209, 'train_rates': 0.7542456364229414, 'learning_rate': 3.342163866976489e-05, 'batch_size': 203, 'step_size': 3, 'gamma': 0.8479981908446989}. Best is trial 4 with value: 0.09413359254070623.[0m
[32m[I 2025-01-01 13:51:22,279][0m Trial 8 finished with value: 0.0577226682931562 and parameters: {'observation_period_num': 11, 'train_rates': 0.9466275692495452, 'learning_rate': 1.8380080171457638e-05, 'batch_size': 94, 'step_size': 2, 'gamma': 0.8682800990910013}. Best is trial 8 with value: 0.0577226682931562.[0m
[32m[I 2025-01-01 13:54:21,931][0m Trial 9 finished with value: 0.5431772370020104 and parameters: {'observation_period_num': 224, 'train_rates': 0.6077191315633697, 'learning_rate': 4.983639351471714e-06, 'batch_size': 233, 'step_size': 11, 'gamma': 0.8881514755605806}. Best is trial 8 with value: 0.0577226682931562.[0m
[32m[I 2025-01-01 13:59:34,989][0m Trial 10 finished with value: 0.07258883863687515 and parameters: {'observation_period_num': 22, 'train_rates': 0.9849380281225124, 'learning_rate': 8.380248050654608e-06, 'batch_size': 113, 'step_size': 5, 'gamma': 0.7554567103590742}. Best is trial 8 with value: 0.0577226682931562.[0m
[32m[I 2025-01-01 14:04:36,171][0m Trial 11 finished with value: 0.05755780637264252 and parameters: {'observation_period_num': 15, 'train_rates': 0.9812620772159463, 'learning_rate': 1.087564273831643e-05, 'batch_size': 122, 'step_size': 5, 'gamma': 0.7606195151922548}. Best is trial 11 with value: 0.05755780637264252.[0m
[32m[I 2025-01-01 14:09:24,920][0m Trial 12 finished with value: 0.056165821850299835 and parameters: {'observation_period_num': 7, 'train_rates': 0.977039901584086, 'learning_rate': 1.36545689100142e-05, 'batch_size': 136, 'step_size': 5, 'gamma': 0.8181004515529416}. Best is trial 12 with value: 0.056165821850299835.[0m
[32m[I 2025-01-01 14:13:51,228][0m Trial 13 finished with value: 0.19282321631908417 and parameters: {'observation_period_num': 111, 'train_rates': 0.9896303544314247, 'learning_rate': 1.3507155532039277e-05, 'batch_size': 163, 'step_size': 5, 'gamma': 0.8036308926203415}. Best is trial 12 with value: 0.056165821850299835.[0m
[32m[I 2025-01-01 14:17:47,006][0m Trial 14 finished with value: 0.3208877550487363 and parameters: {'observation_period_num': 172, 'train_rates': 0.8236198773084957, 'learning_rate': 1.544480659248557e-06, 'batch_size': 138, 'step_size': 5, 'gamma': 0.7549336080254256}. Best is trial 12 with value: 0.056165821850299835.[0m
[32m[I 2025-01-01 14:22:15,668][0m Trial 15 finished with value: 0.05490816929809432 and parameters: {'observation_period_num': 36, 'train_rates': 0.863416149195303, 'learning_rate': 6.049441774485375e-05, 'batch_size': 130, 'step_size': 6, 'gamma': 0.8210143446037358}. Best is trial 15 with value: 0.05490816929809432.[0m
[32m[I 2025-01-01 14:25:56,317][0m Trial 16 finished with value: 0.25717905297407656 and parameters: {'observation_period_num': 97, 'train_rates': 0.7660697267682921, 'learning_rate': 8.694291606117317e-05, 'batch_size': 160, 'step_size': 7, 'gamma': 0.8225057163899157}. Best is trial 15 with value: 0.05490816929809432.[0m
[32m[I 2025-01-01 14:29:40,912][0m Trial 17 finished with value: 0.17368708995175872 and parameters: {'observation_period_num': 153, 'train_rates': 0.8666993675504018, 'learning_rate': 0.00016973902118133297, 'batch_size': 191, 'step_size': 10, 'gamma': 0.89630738066783}. Best is trial 15 with value: 0.05490816929809432.[0m
[32m[I 2025-01-01 14:33:25,263][0m Trial 18 finished with value: 0.20005764781110702 and parameters: {'observation_period_num': 44, 'train_rates': 0.7202866462805823, 'learning_rate': 3.6088797562862824e-05, 'batch_size': 142, 'step_size': 4, 'gamma': 0.8169180466972662}. Best is trial 15 with value: 0.05490816929809432.[0m
[32m[I 2025-01-01 14:38:08,224][0m Trial 19 finished with value: 0.11345663751874652 and parameters: {'observation_period_num': 74, 'train_rates': 0.8542587936626684, 'learning_rate': 2.9113645181464478e-06, 'batch_size': 104, 'step_size': 7, 'gamma': 0.8408692982925298}. Best is trial 15 with value: 0.05490816929809432.[0m
[32m[I 2025-01-01 14:42:13,155][0m Trial 20 finished with value: 0.07076488435268402 and parameters: {'observation_period_num': 37, 'train_rates': 0.9386322630990119, 'learning_rate': 2.185555699759468e-05, 'batch_size': 206, 'step_size': 13, 'gamma': 0.7836425736923521}. Best is trial 15 with value: 0.05490816929809432.[0m
[32m[I 2025-01-01 14:47:13,382][0m Trial 21 finished with value: 0.05755316284371585 and parameters: {'observation_period_num': 5, 'train_rates': 0.944647359974189, 'learning_rate': 9.972352279028755e-06, 'batch_size': 120, 'step_size': 6, 'gamma': 0.7785649126225792}. Best is trial 15 with value: 0.05490816929809432.[0m
[32m[I 2025-01-01 14:52:08,436][0m Trial 22 finished with value: 0.04234741053475839 and parameters: {'observation_period_num': 6, 'train_rates': 0.9444331851010117, 'learning_rate': 5.577912666428857e-05, 'batch_size': 125, 'step_size': 6, 'gamma': 0.7865136050415347}. Best is trial 22 with value: 0.04234741053475839.[0m
[32m[I 2025-01-01 14:58:37,596][0m Trial 23 finished with value: 0.04980782600618451 and parameters: {'observation_period_num': 29, 'train_rates': 0.9377343140291826, 'learning_rate': 6.884786064903658e-05, 'batch_size': 73, 'step_size': 8, 'gamma': 0.8013130755248437}. Best is trial 22 with value: 0.04234741053475839.[0m
[32m[I 2025-01-01 15:04:33,577][0m Trial 24 finished with value: 0.06794631432579912 and parameters: {'observation_period_num': 33, 'train_rates': 0.8740289427588399, 'learning_rate': 0.00023800708367677424, 'batch_size': 76, 'step_size': 9, 'gamma': 0.7967556711155311}. Best is trial 22 with value: 0.04234741053475839.[0m
[32m[I 2025-01-01 15:16:42,148][0m Trial 25 finished with value: 0.0946020665422581 and parameters: {'observation_period_num': 67, 'train_rates': 0.9279140852797656, 'learning_rate': 6.839645139534447e-05, 'batch_size': 37, 'step_size': 8, 'gamma': 0.8489936782542167}. Best is trial 22 with value: 0.04234741053475839.[0m
[32m[I 2025-01-01 15:24:38,083][0m Trial 26 finished with value: 0.1032360564012312 and parameters: {'observation_period_num': 91, 'train_rates': 0.8148000808601145, 'learning_rate': 0.00010274157262026399, 'batch_size': 52, 'step_size': 10, 'gamma': 0.7729090463513524}. Best is trial 22 with value: 0.04234741053475839.[0m
[32m[I 2025-01-01 15:48:20,658][0m Trial 27 finished with value: 0.07982287861908119 and parameters: {'observation_period_num': 31, 'train_rates': 0.8526091123306051, 'learning_rate': 5.07783986087598e-05, 'batch_size': 18, 'step_size': 6, 'gamma': 0.8037976048542721}. Best is trial 22 with value: 0.04234741053475839.[0m
[32m[I 2025-01-01 15:53:43,060][0m Trial 28 finished with value: 0.08681558290353188 and parameters: {'observation_period_num': 53, 'train_rates': 0.8881150501497762, 'learning_rate': 0.0003494093494102033, 'batch_size': 86, 'step_size': 15, 'gamma': 0.8345703597783581}. Best is trial 22 with value: 0.04234741053475839.[0m
