ÊúÄÈÅ©ÂåñÂØæË±°: trend
[32m[I 2025-01-01 01:36:55,136][0m A new study created in memory with name: no-name-c51c7428-e774-44ec-94df-4f1fdecdbc11[0m
Non-A100 GPU detected, using math or mem efficient attention if input tensor is on cuda
/home2/y2021/k2110261/.conda/envs/tensorflow/lib/python3.11/contextlib.py:105: FutureWarning: `torch.backends.cuda.sdp_kernel()` is deprecated. In the future, this context manager will be removed. Please see `torch.nn.attention.sdpa_kernel()` for the new context manager, with updated signature.
  self.gen = func(*args, **kwds)
[32m[I 2025-01-01 01:37:29,857][0m Trial 0 finished with value: 0.21663805842399597 and parameters: {'observation_period_num': 252, 'train_rates': 0.9398014291583966, 'learning_rate': 1.0720461281156929e-05, 'batch_size': 226, 'step_size': 11, 'gamma': 0.8575560531849182}. Best is trial 0 with value: 0.21663805842399597.[0m
[32m[I 2025-01-01 01:38:10,923][0m Trial 1 finished with value: 0.12706915287171455 and parameters: {'observation_period_num': 19, 'train_rates': 0.8728865138192643, 'learning_rate': 5.073537337325846e-06, 'batch_size': 145, 'step_size': 5, 'gamma': 0.8481019335501648}. Best is trial 1 with value: 0.12706915287171455.[0m
[32m[I 2025-01-01 01:38:48,408][0m Trial 2 finished with value: 0.4946099030425009 and parameters: {'observation_period_num': 198, 'train_rates': 0.8734544568258232, 'learning_rate': 1.1115881891448406e-06, 'batch_size': 159, 'step_size': 14, 'gamma': 0.8391051414500539}. Best is trial 1 with value: 0.12706915287171455.[0m
[32m[I 2025-01-01 01:39:19,978][0m Trial 3 finished with value: 0.42924882088388716 and parameters: {'observation_period_num': 220, 'train_rates': 0.8977072070027258, 'learning_rate': 3.4070902065613743e-06, 'batch_size': 228, 'step_size': 2, 'gamma': 0.9409040875114991}. Best is trial 1 with value: 0.12706915287171455.[0m
[32m[I 2025-01-01 01:39:48,811][0m Trial 4 finished with value: 0.255808495678385 and parameters: {'observation_period_num': 42, 'train_rates': 0.7085740551318083, 'learning_rate': 8.762371211431502e-05, 'batch_size': 247, 'step_size': 1, 'gamma': 0.9024549241377272}. Best is trial 1 with value: 0.12706915287171455.[0m
[32m[I 2025-01-01 01:41:13,892][0m Trial 5 finished with value: 0.1940911298332584 and parameters: {'observation_period_num': 10, 'train_rates': 0.6583197837680054, 'learning_rate': 1.3980268198206506e-06, 'batch_size': 54, 'step_size': 14, 'gamma': 0.9737714534475665}. Best is trial 1 with value: 0.12706915287171455.[0m
Early stopping at epoch 63
[32m[I 2025-01-01 01:41:36,789][0m Trial 6 finished with value: 0.1490641859640558 and parameters: {'observation_period_num': 92, 'train_rates': 0.8552876627817634, 'learning_rate': 0.00042310314983620316, 'batch_size': 178, 'step_size': 1, 'gamma': 0.7927051208284679}. Best is trial 1 with value: 0.12706915287171455.[0m
[32m[I 2025-01-01 01:42:15,763][0m Trial 7 finished with value: 0.11673128604888916 and parameters: {'observation_period_num': 190, 'train_rates': 0.989239643499346, 'learning_rate': 0.0003066783143837664, 'batch_size': 167, 'step_size': 5, 'gamma': 0.9533775894366848}. Best is trial 7 with value: 0.11673128604888916.[0m
[32m[I 2025-01-01 01:43:07,323][0m Trial 8 finished with value: 0.2733895200781706 and parameters: {'observation_period_num': 229, 'train_rates': 0.6991509780417355, 'learning_rate': 0.0001472590698536633, 'batch_size': 88, 'step_size': 14, 'gamma': 0.957601723728998}. Best is trial 7 with value: 0.11673128604888916.[0m
[32m[I 2025-01-01 01:44:11,913][0m Trial 9 finished with value: 0.2501068385184239 and parameters: {'observation_period_num': 200, 'train_rates': 0.6966571295577814, 'learning_rate': 0.00022640818996496495, 'batch_size': 71, 'step_size': 7, 'gamma': 0.8735999725870638}. Best is trial 7 with value: 0.11673128604888916.[0m
[32m[I 2025-01-01 01:49:22,851][0m Trial 10 finished with value: 0.10087749063968658 and parameters: {'observation_period_num': 146, 'train_rates': 0.9769987290504265, 'learning_rate': 3.474040627071888e-05, 'batch_size': 18, 'step_size': 5, 'gamma': 0.9890827664316253}. Best is trial 10 with value: 0.10087749063968658.[0m
[32m[I 2025-01-01 01:54:32,089][0m Trial 11 finished with value: 0.08691539409859426 and parameters: {'observation_period_num': 153, 'train_rates': 0.9795524007477622, 'learning_rate': 0.0009487669963740203, 'batch_size': 18, 'step_size': 5, 'gamma': 0.9897064070641203}. Best is trial 11 with value: 0.08691539409859426.[0m
[32m[I 2025-01-01 02:00:19,596][0m Trial 12 finished with value: 0.08006427519851261 and parameters: {'observation_period_num': 142, 'train_rates': 0.9779136187767241, 'learning_rate': 0.0008662655894844652, 'batch_size': 16, 'step_size': 5, 'gamma': 0.9182744508407746}. Best is trial 12 with value: 0.08006427519851261.[0m
[32m[I 2025-01-01 02:05:18,922][0m Trial 13 finished with value: 0.07921894737023258 and parameters: {'observation_period_num': 146, 'train_rates': 0.7928706579905156, 'learning_rate': 0.0009642381337607953, 'batch_size': 16, 'step_size': 10, 'gamma': 0.9138169871168044}. Best is trial 13 with value: 0.07921894737023258.[0m
[32m[I 2025-01-01 02:06:08,496][0m Trial 14 finished with value: 0.12541010450632845 and parameters: {'observation_period_num': 98, 'train_rates': 0.7866024235336075, 'learning_rate': 0.0008187245488280514, 'batch_size': 106, 'step_size': 10, 'gamma': 0.9146618651165809}. Best is trial 13 with value: 0.07921894737023258.[0m
[32m[I 2025-01-01 02:08:02,838][0m Trial 15 finished with value: 0.09345192056506464 and parameters: {'observation_period_num': 101, 'train_rates': 0.7955021146716368, 'learning_rate': 7.071145390455634e-05, 'batch_size': 44, 'step_size': 9, 'gamma': 0.9062751510943949}. Best is trial 13 with value: 0.07921894737023258.[0m
[32m[I 2025-01-01 02:08:52,785][0m Trial 16 finished with value: 0.0920929520621181 and parameters: {'observation_period_num': 159, 'train_rates': 0.806121886355948, 'learning_rate': 0.0005254589117200095, 'batch_size': 107, 'step_size': 12, 'gamma': 0.7527522544351333}. Best is trial 13 with value: 0.07921894737023258.[0m
[32m[I 2025-01-01 02:10:48,482][0m Trial 17 finished with value: 0.23131216170364305 and parameters: {'observation_period_num': 123, 'train_rates': 0.7584066698569589, 'learning_rate': 1.9911456923671896e-05, 'batch_size': 42, 'step_size': 8, 'gamma': 0.9299733118230081}. Best is trial 13 with value: 0.07921894737023258.[0m
[32m[I 2025-01-01 02:11:26,152][0m Trial 18 finished with value: 0.16928329008554382 and parameters: {'observation_period_num': 66, 'train_rates': 0.6315973801287524, 'learning_rate': 0.0001474219680585061, 'batch_size': 123, 'step_size': 7, 'gamma': 0.8912280601511707}. Best is trial 13 with value: 0.07921894737023258.[0m
[32m[I 2025-01-01 02:12:37,019][0m Trial 19 finished with value: 0.09250405072654266 and parameters: {'observation_period_num': 172, 'train_rates': 0.8325704674934884, 'learning_rate': 0.000984913988324598, 'batch_size': 74, 'step_size': 12, 'gamma': 0.8215179173504911}. Best is trial 13 with value: 0.07921894737023258.[0m
[32m[I 2025-01-01 02:17:27,213][0m Trial 20 finished with value: 0.22488822304365927 and parameters: {'observation_period_num': 126, 'train_rates': 0.7381626387163549, 'learning_rate': 7.050910047831891e-05, 'batch_size': 16, 'step_size': 4, 'gamma': 0.875616674120747}. Best is trial 13 with value: 0.07921894737023258.[0m
[32m[I 2025-01-01 02:19:59,481][0m Trial 21 finished with value: 0.10452089372434115 and parameters: {'observation_period_num': 141, 'train_rates': 0.9324799858820575, 'learning_rate': 0.0005988821832216072, 'batch_size': 36, 'step_size': 3, 'gamma': 0.922050875350975}. Best is trial 13 with value: 0.07921894737023258.[0m
[32m[I 2025-01-01 02:25:38,547][0m Trial 22 finished with value: 0.07629192851440252 and parameters: {'observation_period_num': 170, 'train_rates': 0.938674512853455, 'learning_rate': 0.0002883790944245855, 'batch_size': 16, 'step_size': 7, 'gamma': 0.9868268041318542}. Best is trial 22 with value: 0.07629192851440252.[0m
[32m[I 2025-01-01 02:27:08,983][0m Trial 23 finished with value: 0.11467415706838592 and parameters: {'observation_period_num': 182, 'train_rates': 0.936430315554261, 'learning_rate': 0.00026291439941344367, 'batch_size': 63, 'step_size': 7, 'gamma': 0.9531400102396861}. Best is trial 22 with value: 0.07629192851440252.[0m
[32m[I 2025-01-01 02:30:31,374][0m Trial 24 finished with value: 0.06966197302069844 and parameters: {'observation_period_num': 120, 'train_rates': 0.9165106412652865, 'learning_rate': 0.0004063517966799682, 'batch_size': 27, 'step_size': 9, 'gamma': 0.8891767651113578}. Best is trial 24 with value: 0.06966197302069844.[0m
[32m[I 2025-01-01 02:32:58,895][0m Trial 25 finished with value: 0.1037819334795039 and parameters: {'observation_period_num': 116, 'train_rates': 0.9097657333409542, 'learning_rate': 0.00015305456175103982, 'batch_size': 37, 'step_size': 9, 'gamma': 0.8860484906945751}. Best is trial 24 with value: 0.06966197302069844.[0m
[32m[I 2025-01-01 02:34:05,008][0m Trial 26 finished with value: 0.05764420797405805 and parameters: {'observation_period_num': 78, 'train_rates': 0.8408434302835129, 'learning_rate': 0.0004242824823721914, 'batch_size': 82, 'step_size': 10, 'gamma': 0.8159241014899361}. Best is trial 26 with value: 0.05764420797405805.[0m
[32m[I 2025-01-01 02:35:04,468][0m Trial 27 finished with value: 0.06768022399784913 and parameters: {'observation_period_num': 76, 'train_rates': 0.8371034216692808, 'learning_rate': 3.651226638692383e-05, 'batch_size': 92, 'step_size': 8, 'gamma': 0.8002031839364061}. Best is trial 26 with value: 0.05764420797405805.[0m
[32m[I 2025-01-01 02:36:04,085][0m Trial 28 finished with value: 0.06486199713415569 and parameters: {'observation_period_num': 74, 'train_rates': 0.8314873592651574, 'learning_rate': 2.899731042359844e-05, 'batch_size': 90, 'step_size': 12, 'gamma': 0.7980099082637314}. Best is trial 26 with value: 0.05764420797405805.[0m
[32m[I 2025-01-01 02:37:03,926][0m Trial 29 finished with value: 0.08940397558907266 and parameters: {'observation_period_num': 65, 'train_rates': 0.8293206933873969, 'learning_rate': 1.2008313535630687e-05, 'batch_size': 92, 'step_size': 12, 'gamma': 0.7949357268876488}. Best is trial 26 with value: 0.05764420797405805.[0m
trend „ÅÆÊúÄÈÅ©„Éè„Ç§„Éë„Éº„Éë„É©„É°„Éº„Çø„ÅåË¶ã„Å§„Åã„Çä„Åæ„Åó„Åü
ÊúÄÈÅ©ÂåñÂØæË±°: seasonal_0
[32m[I 2025-01-01 02:37:03,932][0m A new study created in memory with name: no-name-2b64228a-f3a2-4bdc-aa08-4f1c18da3cd7[0m
[32m[I 2025-01-01 02:41:25,815][0m Trial 0 finished with value: 0.3245100141768038 and parameters: {'observation_period_num': 173, 'train_rates': 0.7538149282964488, 'learning_rate': 0.00022227472133937637, 'batch_size': 99, 'step_size': 9, 'gamma': 0.8026843836720662}. Best is trial 0 with value: 0.3245100141768038.[0m
[32m[I 2025-01-01 02:46:16,151][0m Trial 1 finished with value: 0.15740852057933807 and parameters: {'observation_period_num': 186, 'train_rates': 0.970328681163603, 'learning_rate': 2.1813131870141115e-05, 'batch_size': 115, 'step_size': 10, 'gamma': 0.9701714163831285}. Best is trial 1 with value: 0.15740852057933807.[0m
[32m[I 2025-01-01 02:50:14,361][0m Trial 2 finished with value: 0.29676172137260437 and parameters: {'observation_period_num': 202, 'train_rates': 0.9714881667333554, 'learning_rate': 1.6041599756520549e-06, 'batch_size': 226, 'step_size': 7, 'gamma': 0.8661056655090057}. Best is trial 1 with value: 0.15740852057933807.[0m
[32m[I 2025-01-01 02:53:23,126][0m Trial 3 finished with value: 0.27836299486062377 and parameters: {'observation_period_num': 106, 'train_rates': 0.6367952846457837, 'learning_rate': 1.7113440764916085e-05, 'batch_size': 185, 'step_size': 13, 'gamma': 0.8293425698060557}. Best is trial 1 with value: 0.15740852057933807.[0m
[32m[I 2025-01-01 02:58:40,780][0m Trial 4 finished with value: 0.1528113464128624 and parameters: {'observation_period_num': 131, 'train_rates': 0.9637316697217693, 'learning_rate': 0.0001556753782148542, 'batch_size': 97, 'step_size': 4, 'gamma': 0.9851184977666784}. Best is trial 4 with value: 0.1528113464128624.[0m
[32m[I 2025-01-01 03:09:24,799][0m Trial 5 finished with value: 0.6743175176062017 and parameters: {'observation_period_num': 205, 'train_rates': 0.6114431280182744, 'learning_rate': 1.2769294673290247e-05, 'batch_size': 32, 'step_size': 6, 'gamma': 0.8119298377335769}. Best is trial 4 with value: 0.1528113464128624.[0m
[32m[I 2025-01-01 03:12:41,459][0m Trial 6 finished with value: 0.35149977832575285 and parameters: {'observation_period_num': 241, 'train_rates': 0.7120603193668165, 'learning_rate': 7.043781864397123e-05, 'batch_size': 185, 'step_size': 14, 'gamma': 0.7758466711044119}. Best is trial 4 with value: 0.1528113464128624.[0m
Early stopping at epoch 71
[32m[I 2025-01-01 03:16:53,966][0m Trial 7 finished with value: 0.4613226056098938 and parameters: {'observation_period_num': 192, 'train_rates': 0.9758138962663709, 'learning_rate': 1.0953491155284163e-06, 'batch_size': 77, 'step_size': 1, 'gamma': 0.873152335875188}. Best is trial 4 with value: 0.1528113464128624.[0m
[32m[I 2025-01-01 03:21:42,988][0m Trial 8 finished with value: 0.26693553616092586 and parameters: {'observation_period_num': 50, 'train_rates': 0.6316607230926908, 'learning_rate': 0.00014508639073957467, 'batch_size': 77, 'step_size': 12, 'gamma': 0.9640079001902335}. Best is trial 4 with value: 0.1528113464128624.[0m
[32m[I 2025-01-01 03:28:53,287][0m Trial 9 finished with value: 0.32092385356588665 and parameters: {'observation_period_num': 171, 'train_rates': 0.7047561472214243, 'learning_rate': 0.00029619072291384906, 'batch_size': 52, 'step_size': 14, 'gamma': 0.8730131806893606}. Best is trial 4 with value: 0.1528113464128624.[0m
[32m[I 2025-01-01 03:32:58,390][0m Trial 10 finished with value: 0.0928686747185724 and parameters: {'observation_period_num': 99, 'train_rates': 0.8711945326937335, 'learning_rate': 0.0007862616360163566, 'batch_size': 149, 'step_size': 3, 'gamma': 0.9310847575000422}. Best is trial 10 with value: 0.0928686747185724.[0m
[32m[I 2025-01-01 03:37:01,610][0m Trial 11 finished with value: 1.7930428724784355 and parameters: {'observation_period_num': 103, 'train_rates': 0.8650489407864123, 'learning_rate': 0.0009707696967195965, 'batch_size': 149, 'step_size': 3, 'gamma': 0.9272038767729229}. Best is trial 10 with value: 0.0928686747185724.[0m
[32m[I 2025-01-01 03:41:06,088][0m Trial 12 finished with value: 1.7841565897970488 and parameters: {'observation_period_num': 45, 'train_rates': 0.8641160675903402, 'learning_rate': 0.0009406654914207717, 'batch_size': 152, 'step_size': 4, 'gamma': 0.9239608691220063}. Best is trial 10 with value: 0.0928686747185724.[0m
[32m[I 2025-01-01 03:44:59,037][0m Trial 13 finished with value: 0.12357091750623236 and parameters: {'observation_period_num': 132, 'train_rates': 0.8830203996782591, 'learning_rate': 0.0003454683276540448, 'batch_size': 248, 'step_size': 1, 'gamma': 0.9873786072004128}. Best is trial 10 with value: 0.0928686747185724.[0m
[32m[I 2025-01-01 03:48:45,632][0m Trial 14 finished with value: 0.07981729819331058 and parameters: {'observation_period_num': 78, 'train_rates': 0.8656748537999452, 'learning_rate': 0.000451379767300559, 'batch_size': 234, 'step_size': 1, 'gamma': 0.9311718822282535}. Best is trial 14 with value: 0.07981729819331058.[0m
[32m[I 2025-01-01 03:52:27,109][0m Trial 15 finished with value: 0.07090285794291686 and parameters: {'observation_period_num': 9, 'train_rates': 0.8119563658565878, 'learning_rate': 5.268948662237666e-06, 'batch_size': 204, 'step_size': 3, 'gamma': 0.9243022418203021}. Best is trial 15 with value: 0.07090285794291686.[0m
[32m[I 2025-01-01 03:56:07,524][0m Trial 16 finished with value: 0.06938231113838823 and parameters: {'observation_period_num': 14, 'train_rates': 0.8016648518277896, 'learning_rate': 5.0181902154039825e-06, 'batch_size': 204, 'step_size': 6, 'gamma': 0.9033449346113481}. Best is trial 16 with value: 0.06938231113838823.[0m
[32m[I 2025-01-01 03:59:49,431][0m Trial 17 finished with value: 0.06655439205012521 and parameters: {'observation_period_num': 6, 'train_rates': 0.7892630675336324, 'learning_rate': 4.064109136856726e-06, 'batch_size': 194, 'step_size': 6, 'gamma': 0.905644931281625}. Best is trial 17 with value: 0.06655439205012521.[0m
[32m[I 2025-01-01 04:03:43,113][0m Trial 18 finished with value: 0.06505580326995335 and parameters: {'observation_period_num': 5, 'train_rates': 0.7993573682149085, 'learning_rate': 3.4970461914235217e-06, 'batch_size': 179, 'step_size': 6, 'gamma': 0.895107568507326}. Best is trial 18 with value: 0.06505580326995335.[0m
[32m[I 2025-01-01 04:07:31,894][0m Trial 19 finished with value: 0.2635815553792885 and parameters: {'observation_period_num': 48, 'train_rates': 0.759258691759624, 'learning_rate': 2.9161968932466054e-06, 'batch_size': 169, 'step_size': 8, 'gamma': 0.8488146819571888}. Best is trial 18 with value: 0.06505580326995335.[0m
[32m[I 2025-01-01 04:12:06,564][0m Trial 20 finished with value: 0.05372634783387184 and parameters: {'observation_period_num': 31, 'train_rates': 0.914811846106646, 'learning_rate': 8.235784288703487e-06, 'batch_size': 130, 'step_size': 11, 'gamma': 0.8979923739759286}. Best is trial 20 with value: 0.05372634783387184.[0m
[32m[I 2025-01-01 04:16:55,440][0m Trial 21 finished with value: 0.05007074698122269 and parameters: {'observation_period_num': 27, 'train_rates': 0.9257007731034621, 'learning_rate': 9.51023635202683e-06, 'batch_size': 121, 'step_size': 11, 'gamma': 0.8961406045884175}. Best is trial 21 with value: 0.05007074698122269.[0m
[32m[I 2025-01-01 04:21:32,156][0m Trial 22 finished with value: 0.05585361811993779 and parameters: {'observation_period_num': 30, 'train_rates': 0.9294375557862594, 'learning_rate': 9.617013358114241e-06, 'batch_size': 134, 'step_size': 11, 'gamma': 0.8876822604244984}. Best is trial 21 with value: 0.05007074698122269.[0m
[32m[I 2025-01-01 04:26:14,866][0m Trial 23 finished with value: 0.06433693455024199 and parameters: {'observation_period_num': 33, 'train_rates': 0.9209386938328912, 'learning_rate': 9.710494118427796e-06, 'batch_size': 126, 'step_size': 11, 'gamma': 0.89353304848993}. Best is trial 21 with value: 0.05007074698122269.[0m
[32m[I 2025-01-01 04:30:48,632][0m Trial 24 finished with value: 0.09636604335917308 and parameters: {'observation_period_num': 69, 'train_rates': 0.9220087471892046, 'learning_rate': 4.235465173141189e-05, 'batch_size': 127, 'step_size': 11, 'gamma': 0.8470491973745308}. Best is trial 21 with value: 0.05007074698122269.[0m
[32m[I 2025-01-01 04:35:40,331][0m Trial 25 finished with value: 0.07439989839145478 and parameters: {'observation_period_num': 67, 'train_rates': 0.9187136071340868, 'learning_rate': 8.492946538846915e-06, 'batch_size': 109, 'step_size': 15, 'gamma': 0.8578177925580167}. Best is trial 21 with value: 0.05007074698122269.[0m
[32m[I 2025-01-01 04:41:56,399][0m Trial 26 finished with value: 0.07856613277427611 and parameters: {'observation_period_num': 32, 'train_rates': 0.936514176546081, 'learning_rate': 3.208864671283795e-05, 'batch_size': 75, 'step_size': 10, 'gamma': 0.9526244568450989}. Best is trial 21 with value: 0.05007074698122269.[0m
[32m[I 2025-01-01 04:46:08,111][0m Trial 27 finished with value: 0.06087123359674993 and parameters: {'observation_period_num': 28, 'train_rates': 0.890232409774848, 'learning_rate': 8.21895957506712e-06, 'batch_size': 162, 'step_size': 12, 'gamma': 0.8885431393742171}. Best is trial 21 with value: 0.05007074698122269.[0m
[32m[I 2025-01-01 04:50:16,011][0m Trial 28 finished with value: 0.09796941415681881 and parameters: {'observation_period_num': 82, 'train_rates': 0.8410164581280521, 'learning_rate': 5.274237059973048e-05, 'batch_size': 135, 'step_size': 9, 'gamma': 0.9470491987870974}. Best is trial 21 with value: 0.05007074698122269.[0m
[32m[I 2025-01-01 04:55:30,768][0m Trial 29 finished with value: 0.11230581845430766 and parameters: {'observation_period_num': 57, 'train_rates': 0.9415716850223719, 'learning_rate': 2.196490263987671e-06, 'batch_size': 95, 'step_size': 9, 'gamma': 0.7558622246102136}. Best is trial 21 with value: 0.05007074698122269.[0m
seasonal_0 „ÅÆÊúÄÈÅ©„Éè„Ç§„Éë„Éº„Éë„É©„É°„Éº„Çø„ÅåË¶ã„Å§„Åã„Çä„Åæ„Åó„Åü
ÊúÄÈÅ©ÂåñÂØæË±°: seasonal_1
[32m[I 2025-01-01 04:55:30,774][0m A new study created in memory with name: no-name-163c8b3f-e5a3-4a58-81d0-d6ae143360e8[0m
Early stopping at epoch 64
[32m[I 2025-01-01 04:57:54,730][0m Trial 0 finished with value: 0.18905280551041553 and parameters: {'observation_period_num': 59, 'train_rates': 0.8001455870292253, 'learning_rate': 3.385442119984275e-05, 'batch_size': 253, 'step_size': 1, 'gamma': 0.8212876941331284}. Best is trial 0 with value: 0.18905280551041553.[0m
[32m[I 2025-01-01 05:12:21,094][0m Trial 1 finished with value: 0.13331783379764617 and parameters: {'observation_period_num': 113, 'train_rates': 0.8326364610777225, 'learning_rate': 4.1259230478879626e-05, 'batch_size': 29, 'step_size': 3, 'gamma': 0.9078932415635201}. Best is trial 1 with value: 0.13331783379764617.[0m
[32m[I 2025-01-01 05:15:56,213][0m Trial 2 finished with value: 0.1823769190056833 and parameters: {'observation_period_num': 245, 'train_rates': 0.8152785562950056, 'learning_rate': 3.355740875072813e-05, 'batch_size': 164, 'step_size': 8, 'gamma': 0.8430174984528478}. Best is trial 1 with value: 0.13331783379764617.[0m
