[32m[I 2025-01-01 15:58:48,349][0m Trial 29 finished with value: 0.08181007556391484 and parameters: {'observation_period_num': 48, 'train_rates': 0.9547011703690144, 'learning_rate': 0.00021767351610597606, 'batch_size': 103, 'step_size': 8, 'gamma': 0.8548860022253715}. Best is trial 22 with value: 0.04234741053475839.[0m
resid „ÅÆÊúÄÈÅ©„Éè„Ç§„Éë„Éº„Éë„É©„É°„Éº„Çø„ÅåË¶ã„Å§„Åã„Çä„Åæ„Åó„Åü
ÊúÄÈÅ©„Éè„Ç§„Éë„Éº„Éë„É©„É°„Éº„Çø„Åå best_hyperparameters_AMZN_change_iTransformer.json „Å´‰øùÂ≠ò„Åï„Çå„Åæ„Åó„Åü
Training trend component with params: {'observation_period_num': 78, 'train_rates': 0.8408434302835129, 'learning_rate': 0.0004242824823721914, 'batch_size': 82, 'step_size': 10, 'gamma': 0.8159241014899361}
Epoch 1/300, trend Loss: 0.5408 | 0.2045
Epoch 2/300, trend Loss: 0.2293 | 0.1417
Epoch 3/300, trend Loss: 0.1646 | 0.1613
Epoch 4/300, trend Loss: 0.1542 | 0.1895
Epoch 5/300, trend Loss: 0.1371 | 0.0897
Epoch 6/300, trend Loss: 0.1284 | 0.1240
Epoch 7/300, trend Loss: 0.1112 | 0.1020
Epoch 8/300, trend Loss: 0.1080 | 0.1003
Epoch 9/300, trend Loss: 0.1043 | 0.0967
Epoch 10/300, trend Loss: 0.1024 | 0.0913
Epoch 11/300, trend Loss: 0.1148 | 0.0765
Epoch 12/300, trend Loss: 0.0927 | 0.0670
Epoch 13/300, trend Loss: 0.0887 | 0.0760
Epoch 14/300, trend Loss: 0.0903 | 0.0661
Epoch 15/300, trend Loss: 0.0963 | 0.0847
Epoch 16/300, trend Loss: 0.1065 | 0.0861
Epoch 17/300, trend Loss: 0.0974 | 0.0997
Epoch 18/300, trend Loss: 0.0895 | 0.1137
Epoch 19/300, trend Loss: 0.0968 | 0.1705
Epoch 20/300, trend Loss: 0.0996 | 0.1330
Epoch 21/300, trend Loss: 0.1004 | 0.3460
Epoch 22/300, trend Loss: 0.1131 | 0.3755
Epoch 23/300, trend Loss: 0.1298 | 0.2957
Epoch 24/300, trend Loss: 0.1005 | 0.1276
Epoch 25/300, trend Loss: 0.1111 | 0.0773
Epoch 26/300, trend Loss: 0.1198 | 0.1016
Epoch 27/300, trend Loss: 0.0940 | 0.0893
Epoch 28/300, trend Loss: 0.0874 | 0.1616
Epoch 29/300, trend Loss: 0.0937 | 0.0832
Epoch 30/300, trend Loss: 0.1247 | 0.0804
Epoch 31/300, trend Loss: 0.1092 | 0.2991
Epoch 32/300, trend Loss: 0.1292 | 0.0874
Epoch 33/300, trend Loss: 0.0909 | 0.0930
Epoch 34/300, trend Loss: 0.1251 | 0.0778
Epoch 35/300, trend Loss: 0.0783 | 0.0735
Epoch 36/300, trend Loss: 0.0839 | 0.1445
Epoch 37/300, trend Loss: 0.0805 | 0.0988
Epoch 38/300, trend Loss: 0.0893 | 0.0870
Epoch 39/300, trend Loss: 0.0834 | 0.0690
Epoch 40/300, trend Loss: 0.0729 | 0.0736
Epoch 41/300, trend Loss: 0.0705 | 0.0706
Epoch 42/300, trend Loss: 0.0728 | 0.0592
Epoch 43/300, trend Loss: 0.0687 | 0.0573
Epoch 44/300, trend Loss: 0.0635 | 0.0564
Epoch 45/300, trend Loss: 0.0614 | 0.0569
Epoch 46/300, trend Loss: 0.0608 | 0.0636
Epoch 47/300, trend Loss: 0.0593 | 0.0627
Epoch 48/300, trend Loss: 0.0574 | 0.0540
Epoch 49/300, trend Loss: 0.0575 | 0.0505
Epoch 50/300, trend Loss: 0.0579 | 0.0501
Epoch 51/300, trend Loss: 0.0575 | 0.0520
Epoch 52/300, trend Loss: 0.0561 | 0.0534
Epoch 53/300, trend Loss: 0.0551 | 0.0520
Epoch 54/300, trend Loss: 0.0548 | 0.0518
Epoch 55/300, trend Loss: 0.0543 | 0.0527
Epoch 56/300, trend Loss: 0.0538 | 0.0537
Epoch 57/300, trend Loss: 0.0533 | 0.0526
Epoch 58/300, trend Loss: 0.0529 | 0.0512
Epoch 59/300, trend Loss: 0.0526 | 0.0503
Epoch 60/300, trend Loss: 0.0523 | 0.0499
Epoch 61/300, trend Loss: 0.0521 | 0.0498
Epoch 62/300, trend Loss: 0.0519 | 0.0501
Epoch 63/300, trend Loss: 0.0517 | 0.0503
Epoch 64/300, trend Loss: 0.0515 | 0.0504
Epoch 65/300, trend Loss: 0.0513 | 0.0503
Epoch 66/300, trend Loss: 0.0510 | 0.0501
Epoch 67/300, trend Loss: 0.0509 | 0.0497
Epoch 68/300, trend Loss: 0.0507 | 0.0496
Epoch 69/300, trend Loss: 0.0505 | 0.0495
Epoch 70/300, trend Loss: 0.0504 | 0.0494
Epoch 71/300, trend Loss: 0.0502 | 0.0494
Epoch 72/300, trend Loss: 0.0501 | 0.0494
Epoch 73/300, trend Loss: 0.0500 | 0.0494
Epoch 74/300, trend Loss: 0.0498 | 0.0493
Epoch 75/300, trend Loss: 0.0497 | 0.0492
Epoch 76/300, trend Loss: 0.0496 | 0.0491
Epoch 77/300, trend Loss: 0.0495 | 0.0490
Epoch 78/300, trend Loss: 0.0494 | 0.0490
Epoch 79/300, trend Loss: 0.0493 | 0.0489
Epoch 80/300, trend Loss: 0.0491 | 0.0489
Epoch 81/300, trend Loss: 0.0490 | 0.0488
Epoch 82/300, trend Loss: 0.0489 | 0.0488
Epoch 83/300, trend Loss: 0.0489 | 0.0488
Epoch 84/300, trend Loss: 0.0488 | 0.0487
Epoch 85/300, trend Loss: 0.0487 | 0.0487
Epoch 86/300, trend Loss: 0.0486 | 0.0486
Epoch 87/300, trend Loss: 0.0485 | 0.0486
Epoch 88/300, trend Loss: 0.0484 | 0.0486
Epoch 89/300, trend Loss: 0.0484 | 0.0485
Epoch 90/300, trend Loss: 0.0483 | 0.0485
Epoch 91/300, trend Loss: 0.0482 | 0.0485
Epoch 92/300, trend Loss: 0.0482 | 0.0484
Epoch 93/300, trend Loss: 0.0481 | 0.0484
Epoch 94/300, trend Loss: 0.0480 | 0.0484
Epoch 95/300, trend Loss: 0.0480 | 0.0484
Epoch 96/300, trend Loss: 0.0479 | 0.0483
Epoch 97/300, trend Loss: 0.0479 | 0.0483
Epoch 98/300, trend Loss: 0.0478 | 0.0483
Epoch 99/300, trend Loss: 0.0478 | 0.0483
Epoch 100/300, trend Loss: 0.0477 | 0.0482
Epoch 101/300, trend Loss: 0.0477 | 0.0482
Epoch 102/300, trend Loss: 0.0476 | 0.0482
Epoch 103/300, trend Loss: 0.0476 | 0.0482
Epoch 104/300, trend Loss: 0.0475 | 0.0482
Epoch 105/300, trend Loss: 0.0475 | 0.0481
Epoch 106/300, trend Loss: 0.0474 | 0.0481
Epoch 107/300, trend Loss: 0.0474 | 0.0481
Epoch 108/300, trend Loss: 0.0474 | 0.0481
Epoch 109/300, trend Loss: 0.0473 | 0.0481
Epoch 110/300, trend Loss: 0.0473 | 0.0481
Epoch 111/300, trend Loss: 0.0473 | 0.0480
Epoch 112/300, trend Loss: 0.0472 | 0.0480
Epoch 113/300, trend Loss: 0.0472 | 0.0480
Epoch 114/300, trend Loss: 0.0472 | 0.0480
Epoch 115/300, trend Loss: 0.0471 | 0.0480
Epoch 116/300, trend Loss: 0.0471 | 0.0480
Epoch 117/300, trend Loss: 0.0471 | 0.0480
Epoch 118/300, trend Loss: 0.0471 | 0.0480
Epoch 119/300, trend Loss: 0.0470 | 0.0480
Epoch 120/300, trend Loss: 0.0470 | 0.0479
Epoch 121/300, trend Loss: 0.0470 | 0.0479
Epoch 122/300, trend Loss: 0.0470 | 0.0479
Epoch 123/300, trend Loss: 0.0469 | 0.0479
Epoch 124/300, trend Loss: 0.0469 | 0.0479
Epoch 125/300, trend Loss: 0.0469 | 0.0479
Epoch 126/300, trend Loss: 0.0469 | 0.0479
Epoch 127/300, trend Loss: 0.0469 | 0.0479
Epoch 128/300, trend Loss: 0.0468 | 0.0479
Epoch 129/300, trend Loss: 0.0468 | 0.0479
Epoch 130/300, trend Loss: 0.0468 | 0.0479
Epoch 131/300, trend Loss: 0.0468 | 0.0478
Epoch 132/300, trend Loss: 0.0468 | 0.0478
Epoch 133/300, trend Loss: 0.0467 | 0.0478
Epoch 134/300, trend Loss: 0.0467 | 0.0478
Epoch 135/300, trend Loss: 0.0467 | 0.0478
Epoch 136/300, trend Loss: 0.0467 | 0.0478
Epoch 137/300, trend Loss: 0.0467 | 0.0478
Epoch 138/300, trend Loss: 0.0467 | 0.0478
Epoch 139/300, trend Loss: 0.0467 | 0.0478
Epoch 140/300, trend Loss: 0.0466 | 0.0478
Epoch 141/300, trend Loss: 0.0466 | 0.0478
Epoch 142/300, trend Loss: 0.0466 | 0.0478
Epoch 143/300, trend Loss: 0.0466 | 0.0478
Epoch 144/300, trend Loss: 0.0466 | 0.0478
Epoch 145/300, trend Loss: 0.0466 | 0.0478
Epoch 146/300, trend Loss: 0.0466 | 0.0478
Epoch 147/300, trend Loss: 0.0466 | 0.0478
Epoch 148/300, trend Loss: 0.0466 | 0.0478
Epoch 149/300, trend Loss: 0.0466 | 0.0478
Epoch 150/300, trend Loss: 0.0465 | 0.0478
Epoch 151/300, trend Loss: 0.0465 | 0.0477
Epoch 152/300, trend Loss: 0.0465 | 0.0477
Epoch 153/300, trend Loss: 0.0465 | 0.0477
Epoch 154/300, trend Loss: 0.0465 | 0.0477
Epoch 155/300, trend Loss: 0.0465 | 0.0477
Epoch 156/300, trend Loss: 0.0465 | 0.0477
Epoch 157/300, trend Loss: 0.0465 | 0.0477
Epoch 158/300, trend Loss: 0.0465 | 0.0477
Epoch 159/300, trend Loss: 0.0465 | 0.0477
Epoch 160/300, trend Loss: 0.0465 | 0.0477
Epoch 161/300, trend Loss: 0.0465 | 0.0477
Epoch 162/300, trend Loss: 0.0465 | 0.0477
Epoch 163/300, trend Loss: 0.0465 | 0.0477
Epoch 164/300, trend Loss: 0.0464 | 0.0477
Epoch 165/300, trend Loss: 0.0464 | 0.0477
Epoch 166/300, trend Loss: 0.0464 | 0.0477
Epoch 167/300, trend Loss: 0.0464 | 0.0477
Epoch 168/300, trend Loss: 0.0464 | 0.0477
Epoch 169/300, trend Loss: 0.0464 | 0.0477
Epoch 170/300, trend Loss: 0.0464 | 0.0477
Epoch 171/300, trend Loss: 0.0464 | 0.0477
Epoch 172/300, trend Loss: 0.0464 | 0.0477
Epoch 173/300, trend Loss: 0.0464 | 0.0477
Epoch 174/300, trend Loss: 0.0464 | 0.0477
Epoch 175/300, trend Loss: 0.0464 | 0.0477
Epoch 176/300, trend Loss: 0.0464 | 0.0477
Epoch 177/300, trend Loss: 0.0464 | 0.0477
Epoch 178/300, trend Loss: 0.0464 | 0.0477
Epoch 179/300, trend Loss: 0.0464 | 0.0477
Epoch 180/300, trend Loss: 0.0464 | 0.0477
Epoch 181/300, trend Loss: 0.0464 | 0.0477
Epoch 182/300, trend Loss: 0.0464 | 0.0477
Epoch 183/300, trend Loss: 0.0464 | 0.0477
Epoch 184/300, trend Loss: 0.0464 | 0.0477
Epoch 185/300, trend Loss: 0.0464 | 0.0477
Epoch 186/300, trend Loss: 0.0464 | 0.0477
Epoch 187/300, trend Loss: 0.0464 | 0.0477
Epoch 188/300, trend Loss: 0.0464 | 0.0477
Epoch 189/300, trend Loss: 0.0464 | 0.0477
Epoch 190/300, trend Loss: 0.0464 | 0.0477
Epoch 191/300, trend Loss: 0.0463 | 0.0477
Epoch 192/300, trend Loss: 0.0463 | 0.0477
Epoch 193/300, trend Loss: 0.0463 | 0.0477
Epoch 194/300, trend Loss: 0.0463 | 0.0477
Epoch 195/300, trend Loss: 0.0463 | 0.0477
Epoch 196/300, trend Loss: 0.0463 | 0.0477
Epoch 197/300, trend Loss: 0.0463 | 0.0477
Epoch 198/300, trend Loss: 0.0463 | 0.0477
Epoch 199/300, trend Loss: 0.0463 | 0.0477
Epoch 200/300, trend Loss: 0.0463 | 0.0477
Epoch 201/300, trend Loss: 0.0463 | 0.0477
Epoch 202/300, trend Loss: 0.0463 | 0.0477
Epoch 203/300, trend Loss: 0.0463 | 0.0477
Epoch 204/300, trend Loss: 0.0463 | 0.0477
Epoch 205/300, trend Loss: 0.0463 | 0.0477
Epoch 206/300, trend Loss: 0.0463 | 0.0477
Epoch 207/300, trend Loss: 0.0463 | 0.0477
Epoch 208/300, trend Loss: 0.0463 | 0.0477
Epoch 209/300, trend Loss: 0.0463 | 0.0477
Epoch 210/300, trend Loss: 0.0463 | 0.0477
Epoch 211/300, trend Loss: 0.0463 | 0.0476
Epoch 212/300, trend Loss: 0.0463 | 0.0476
Epoch 213/300, trend Loss: 0.0463 | 0.0476
Epoch 214/300, trend Loss: 0.0463 | 0.0476
Epoch 215/300, trend Loss: 0.0463 | 0.0476
Epoch 216/300, trend Loss: 0.0463 | 0.0476
Epoch 217/300, trend Loss: 0.0463 | 0.0476
Epoch 218/300, trend Loss: 0.0463 | 0.0476
Epoch 219/300, trend Loss: 0.0463 | 0.0476
Epoch 220/300, trend Loss: 0.0463 | 0.0476
Epoch 221/300, trend Loss: 0.0463 | 0.0476
Epoch 222/300, trend Loss: 0.0463 | 0.0476
Epoch 223/300, trend Loss: 0.0463 | 0.0476
Epoch 224/300, trend Loss: 0.0463 | 0.0476
Epoch 225/300, trend Loss: 0.0463 | 0.0476
Epoch 226/300, trend Loss: 0.0463 | 0.0476
Epoch 227/300, trend Loss: 0.0463 | 0.0476
Epoch 228/300, trend Loss: 0.0463 | 0.0476
Epoch 229/300, trend Loss: 0.0463 | 0.0476
Epoch 230/300, trend Loss: 0.0463 | 0.0476
Epoch 231/300, trend Loss: 0.0463 | 0.0476
Epoch 232/300, trend Loss: 0.0463 | 0.0476
Epoch 233/300, trend Loss: 0.0463 | 0.0476
Epoch 234/300, trend Loss: 0.0463 | 0.0476
Epoch 235/300, trend Loss: 0.0463 | 0.0476
Epoch 236/300, trend Loss: 0.0463 | 0.0476
Epoch 237/300, trend Loss: 0.0463 | 0.0476
Epoch 238/300, trend Loss: 0.0463 | 0.0476
Epoch 239/300, trend Loss: 0.0463 | 0.0476
Epoch 240/300, trend Loss: 0.0463 | 0.0476
Epoch 241/300, trend Loss: 0.0463 | 0.0476
Epoch 242/300, trend Loss: 0.0463 | 0.0476
Epoch 243/300, trend Loss: 0.0463 | 0.0476
Epoch 244/300, trend Loss: 0.0463 | 0.0476
Epoch 245/300, trend Loss: 0.0463 | 0.0476
Epoch 246/300, trend Loss: 0.0463 | 0.0476
Epoch 247/300, trend Loss: 0.0463 | 0.0476
Epoch 248/300, trend Loss: 0.0463 | 0.0476
Epoch 249/300, trend Loss: 0.0463 | 0.0476
Epoch 250/300, trend Loss: 0.0463 | 0.0476
Epoch 251/300, trend Loss: 0.0463 | 0.0476
Epoch 252/300, trend Loss: 0.0463 | 0.0476
Epoch 253/300, trend Loss: 0.0463 | 0.0476
Epoch 254/300, trend Loss: 0.0463 | 0.0476
Epoch 255/300, trend Loss: 0.0463 | 0.0476
Epoch 256/300, trend Loss: 0.0463 | 0.0476
Epoch 257/300, trend Loss: 0.0463 | 0.0476
Epoch 258/300, trend Loss: 0.0463 | 0.0476
Epoch 259/300, trend Loss: 0.0463 | 0.0476
Epoch 260/300, trend Loss: 0.0463 | 0.0476
Epoch 261/300, trend Loss: 0.0463 | 0.0476
Epoch 262/300, trend Loss: 0.0463 | 0.0476
Epoch 263/300, trend Loss: 0.0463 | 0.0476
Epoch 264/300, trend Loss: 0.0463 | 0.0476
Epoch 265/300, trend Loss: 0.0463 | 0.0476
Epoch 266/300, trend Loss: 0.0463 | 0.0476
Epoch 267/300, trend Loss: 0.0463 | 0.0476
Epoch 268/300, trend Loss: 0.0463 | 0.0476
Epoch 269/300, trend Loss: 0.0463 | 0.0476
Epoch 270/300, trend Loss: 0.0463 | 0.0476
Epoch 271/300, trend Loss: 0.0463 | 0.0476
Epoch 272/300, trend Loss: 0.0463 | 0.0476
Epoch 273/300, trend Loss: 0.0463 | 0.0476
Epoch 274/300, trend Loss: 0.0463 | 0.0476
Epoch 275/300, trend Loss: 0.0463 | 0.0476
Epoch 276/300, trend Loss: 0.0463 | 0.0476
Epoch 277/300, trend Loss: 0.0463 | 0.0476
Epoch 278/300, trend Loss: 0.0463 | 0.0476
Epoch 279/300, trend Loss: 0.0463 | 0.0476
Epoch 280/300, trend Loss: 0.0463 | 0.0476
Epoch 281/300, trend Loss: 0.0463 | 0.0476
Epoch 282/300, trend Loss: 0.0463 | 0.0476
Epoch 283/300, trend Loss: 0.0463 | 0.0476
Epoch 284/300, trend Loss: 0.0463 | 0.0476
Epoch 285/300, trend Loss: 0.0463 | 0.0476
Epoch 286/300, trend Loss: 0.0463 | 0.0476
Epoch 287/300, trend Loss: 0.0463 | 0.0476
Epoch 288/300, trend Loss: 0.0463 | 0.0476
Epoch 289/300, trend Loss: 0.0463 | 0.0476
Epoch 290/300, trend Loss: 0.0463 | 0.0476
Epoch 291/300, trend Loss: 0.0463 | 0.0476
Epoch 292/300, trend Loss: 0.0463 | 0.0476
Epoch 293/300, trend Loss: 0.0463 | 0.0476
Epoch 294/300, trend Loss: 0.0463 | 0.0476
Epoch 295/300, trend Loss: 0.0463 | 0.0476
Epoch 296/300, trend Loss: 0.0463 | 0.0476
Epoch 297/300, trend Loss: 0.0463 | 0.0476
Epoch 298/300, trend Loss: 0.0463 | 0.0476
Epoch 299/300, trend Loss: 0.0463 | 0.0476
Epoch 300/300, trend Loss: 0.0463 | 0.0476
Training seasonal_0 component with params: {'observation_period_num': 27, 'train_rates': 0.9257007731034621, 'learning_rate': 9.51023635202683e-06, 'batch_size': 121, 'step_size': 11, 'gamma': 0.8961406045884175}
Epoch 1/300, seasonal_0 Loss: 0.5600 | 0.2921
Epoch 2/300, seasonal_0 Loss: 0.2969 | 0.3286
Epoch 3/300, seasonal_0 Loss: 0.2621 | 0.2723
Epoch 4/300, seasonal_0 Loss: 0.2037 | 0.1435
Epoch 5/300, seasonal_0 Loss: 0.2116 | 0.1487
Epoch 6/300, seasonal_0 Loss: 0.1755 | 0.1486
Epoch 7/300, seasonal_0 Loss: 0.2468 | 0.3311
Epoch 8/300, seasonal_0 Loss: 0.2261 | 0.1298
Epoch 9/300, seasonal_0 Loss: 0.1924 | 0.1142
Epoch 10/300, seasonal_0 Loss: 0.2525 | 0.1191
Epoch 11/300, seasonal_0 Loss: 0.1687 | 0.1348
Epoch 12/300, seasonal_0 Loss: 0.1408 | 0.1126
Epoch 13/300, seasonal_0 Loss: 0.1345 | 0.0994
Epoch 14/300, seasonal_0 Loss: 0.1303 | 0.0991
Epoch 15/300, seasonal_0 Loss: 0.1261 | 0.0907
Epoch 16/300, seasonal_0 Loss: 0.1212 | 0.0867
Epoch 17/300, seasonal_0 Loss: 0.1192 | 0.0880
Epoch 18/300, seasonal_0 Loss: 0.1170 | 0.0887
Epoch 19/300, seasonal_0 Loss: 0.1153 | 0.0828
Epoch 20/300, seasonal_0 Loss: 0.1135 | 0.0770
Epoch 21/300, seasonal_0 Loss: 0.1115 | 0.0743
Epoch 22/300, seasonal_0 Loss: 0.1099 | 0.0738
Epoch 23/300, seasonal_0 Loss: 0.1086 | 0.0758
Epoch 24/300, seasonal_0 Loss: 0.1076 | 0.0779
Epoch 25/300, seasonal_0 Loss: 0.1066 | 0.0767
Epoch 26/300, seasonal_0 Loss: 0.1052 | 0.0716
Epoch 27/300, seasonal_0 Loss: 0.1043 | 0.0667
Epoch 28/300, seasonal_0 Loss: 0.1051 | 0.0654
Epoch 29/300, seasonal_0 Loss: 0.1055 | 0.0672
Epoch 30/300, seasonal_0 Loss: 0.1028 | 0.0647
Epoch 31/300, seasonal_0 Loss: 0.1070 | 0.0858
Epoch 32/300, seasonal_0 Loss: 0.1150 | 0.1416
Epoch 33/300, seasonal_0 Loss: 0.1079 | 0.0958
Epoch 34/300, seasonal_0 Loss: 0.1111 | 0.0704
Epoch 35/300, seasonal_0 Loss: 0.1170 | 0.0715
Epoch 36/300, seasonal_0 Loss: 0.1035 | 0.0777
Epoch 37/300, seasonal_0 Loss: 0.1155 | 0.0958
Epoch 38/300, seasonal_0 Loss: 0.1057 | 0.0642
Epoch 39/300, seasonal_0 Loss: 0.1031 | 0.0621
Epoch 40/300, seasonal_0 Loss: 0.1135 | 0.0612
Epoch 41/300, seasonal_0 Loss: 0.0996 | 0.0703
Epoch 42/300, seasonal_0 Loss: 0.1003 | 0.0691
Epoch 43/300, seasonal_0 Loss: 0.0993 | 0.0609
Epoch 44/300, seasonal_0 Loss: 0.0946 | 0.0588
Epoch 45/300, seasonal_0 Loss: 0.0974 | 0.0595
Epoch 46/300, seasonal_0 Loss: 0.0923 | 0.0609
Epoch 47/300, seasonal_0 Loss: 0.0941 | 0.0608
Epoch 48/300, seasonal_0 Loss: 0.0914 | 0.0588
Epoch 49/300, seasonal_0 Loss: 0.0914 | 0.0581
Epoch 50/300, seasonal_0 Loss: 0.0906 | 0.0576
Epoch 51/300, seasonal_0 Loss: 0.0899 | 0.0582
Epoch 52/300, seasonal_0 Loss: 0.0898 | 0.0584
Epoch 53/300, seasonal_0 Loss: 0.0887 | 0.0576
Epoch 54/300, seasonal_0 Loss: 0.0886 | 0.0567
Epoch 55/300, seasonal_0 Loss: 0.0880 | 0.0564
Epoch 56/300, seasonal_0 Loss: 0.0879 | 0.0567
Epoch 57/300, seasonal_0 Loss: 0.0873 | 0.0569
Epoch 58/300, seasonal_0 Loss: 0.0869 | 0.0564
Epoch 59/300, seasonal_0 Loss: 0.0866 | 0.0558
Epoch 60/300, seasonal_0 Loss: 0.0863 | 0.0556
Epoch 61/300, seasonal_0 Loss: 0.0860 | 0.0557
Epoch 62/300, seasonal_0 Loss: 0.0856 | 0.0557
Epoch 63/300, seasonal_0 Loss: 0.0853 | 0.0555
Epoch 64/300, seasonal_0 Loss: 0.0850 | 0.0551
Epoch 65/300, seasonal_0 Loss: 0.0848 | 0.0550
Epoch 66/300, seasonal_0 Loss: 0.0845 | 0.0549
Epoch 67/300, seasonal_0 Loss: 0.0842 | 0.0548
Epoch 68/300, seasonal_0 Loss: 0.0840 | 0.0547
Epoch 69/300, seasonal_0 Loss: 0.0837 | 0.0545
Epoch 70/300, seasonal_0 Loss: 0.0835 | 0.0544
Epoch 71/300, seasonal_0 Loss: 0.0833 | 0.0543
Epoch 72/300, seasonal_0 Loss: 0.0830 | 0.0542
Epoch 73/300, seasonal_0 Loss: 0.0828 | 0.0541
Epoch 74/300, seasonal_0 Loss: 0.0826 | 0.0540
Epoch 75/300, seasonal_0 Loss: 0.0824 | 0.0539
Epoch 76/300, seasonal_0 Loss: 0.0822 | 0.0538
Epoch 77/300, seasonal_0 Loss: 0.0819 | 0.0537
Epoch 78/300, seasonal_0 Loss: 0.0817 | 0.0537
Epoch 79/300, seasonal_0 Loss: 0.0815 | 0.0536
Epoch 80/300, seasonal_0 Loss: 0.0814 | 0.0535
Epoch 81/300, seasonal_0 Loss: 0.0812 | 0.0534
Epoch 82/300, seasonal_0 Loss: 0.0810 | 0.0533
Epoch 83/300, seasonal_0 Loss: 0.0808 | 0.0533
Epoch 84/300, seasonal_0 Loss: 0.0806 | 0.0532
Epoch 85/300, seasonal_0 Loss: 0.0805 | 0.0532
Epoch 86/300, seasonal_0 Loss: 0.0803 | 0.0531
Epoch 87/300, seasonal_0 Loss: 0.0801 | 0.0530
Epoch 88/300, seasonal_0 Loss: 0.0800 | 0.0530
Epoch 89/300, seasonal_0 Loss: 0.0798 | 0.0529
Epoch 90/300, seasonal_0 Loss: 0.0796 | 0.0529
Epoch 91/300, seasonal_0 Loss: 0.0795 | 0.0528
Epoch 92/300, seasonal_0 Loss: 0.0793 | 0.0528
Epoch 93/300, seasonal_0 Loss: 0.0792 | 0.0527
Epoch 94/300, seasonal_0 Loss: 0.0791 | 0.0527
Epoch 95/300, seasonal_0 Loss: 0.0789 | 0.0526
Epoch 96/300, seasonal_0 Loss: 0.0788 | 0.0526
Epoch 97/300, seasonal_0 Loss: 0.0786 | 0.0525
Epoch 98/300, seasonal_0 Loss: 0.0785 | 0.0525
Epoch 99/300, seasonal_0 Loss: 0.0784 | 0.0524
Epoch 100/300, seasonal_0 Loss: 0.0782 | 0.0524
Epoch 101/300, seasonal_0 Loss: 0.0781 | 0.0524
Epoch 102/300, seasonal_0 Loss: 0.0780 | 0.0523
Epoch 103/300, seasonal_0 Loss: 0.0779 | 0.0523
Epoch 104/300, seasonal_0 Loss: 0.0778 | 0.0522
Epoch 105/300, seasonal_0 Loss: 0.0777 | 0.0522
Epoch 106/300, seasonal_0 Loss: 0.0775 | 0.0522
Epoch 107/300, seasonal_0 Loss: 0.0774 | 0.0521
Epoch 108/300, seasonal_0 Loss: 0.0773 | 0.0521
Epoch 109/300, seasonal_0 Loss: 0.0772 | 0.0521
Epoch 110/300, seasonal_0 Loss: 0.0771 | 0.0520
Epoch 111/300, seasonal_0 Loss: 0.0770 | 0.0520
Epoch 112/300, seasonal_0 Loss: 0.0769 | 0.0520
Epoch 113/300, seasonal_0 Loss: 0.0768 | 0.0519
Epoch 114/300, seasonal_0 Loss: 0.0767 | 0.0519
Epoch 115/300, seasonal_0 Loss: 0.0766 | 0.0519
Epoch 116/300, seasonal_0 Loss: 0.0765 | 0.0518
Epoch 117/300, seasonal_0 Loss: 0.0764 | 0.0518
Epoch 118/300, seasonal_0 Loss: 0.0763 | 0.0518
Epoch 119/300, seasonal_0 Loss: 0.0762 | 0.0518
Epoch 120/300, seasonal_0 Loss: 0.0762 | 0.0517
Epoch 121/300, seasonal_0 Loss: 0.0761 | 0.0517
Epoch 122/300, seasonal_0 Loss: 0.0760 | 0.0517
Epoch 123/300, seasonal_0 Loss: 0.0759 | 0.0517
Epoch 124/300, seasonal_0 Loss: 0.0758 | 0.0516
Epoch 125/300, seasonal_0 Loss: 0.0757 | 0.0516
Epoch 126/300, seasonal_0 Loss: 0.0757 | 0.0516
Epoch 127/300, seasonal_0 Loss: 0.0756 | 0.0516
Epoch 128/300, seasonal_0 Loss: 0.0755 | 0.0515
Epoch 129/300, seasonal_0 Loss: 0.0754 | 0.0515
Epoch 130/300, seasonal_0 Loss: 0.0754 | 0.0515
Epoch 131/300, seasonal_0 Loss: 0.0753 | 0.0515
Epoch 132/300, seasonal_0 Loss: 0.0752 | 0.0514
Epoch 133/300, seasonal_0 Loss: 0.0751 | 0.0514
Epoch 134/300, seasonal_0 Loss: 0.0751 | 0.0514
Epoch 135/300, seasonal_0 Loss: 0.0750 | 0.0514
Epoch 136/300, seasonal_0 Loss: 0.0749 | 0.0514
Epoch 137/300, seasonal_0 Loss: 0.0749 | 0.0513
Epoch 138/300, seasonal_0 Loss: 0.0748 | 0.0513
Epoch 139/300, seasonal_0 Loss: 0.0747 | 0.0513
Epoch 140/300, seasonal_0 Loss: 0.0747 | 0.0513
Epoch 141/300, seasonal_0 Loss: 0.0746 | 0.0513
Epoch 142/300, seasonal_0 Loss: 0.0746 | 0.0513
Epoch 143/300, seasonal_0 Loss: 0.0745 | 0.0512
Epoch 144/300, seasonal_0 Loss: 0.0744 | 0.0512
Epoch 145/300, seasonal_0 Loss: 0.0744 | 0.0512
Epoch 146/300, seasonal_0 Loss: 0.0743 | 0.0512
Epoch 147/300, seasonal_0 Loss: 0.0743 | 0.0512
Epoch 148/300, seasonal_0 Loss: 0.0742 | 0.0512
Epoch 149/300, seasonal_0 Loss: 0.0742 | 0.0511
Epoch 150/300, seasonal_0 Loss: 0.0741 | 0.0511
Epoch 151/300, seasonal_0 Loss: 0.0741 | 0.0511
Epoch 152/300, seasonal_0 Loss: 0.0740 | 0.0511
Epoch 153/300, seasonal_0 Loss: 0.0740 | 0.0511
Epoch 154/300, seasonal_0 Loss: 0.0739 | 0.0511
Epoch 155/300, seasonal_0 Loss: 0.0739 | 0.0511
Epoch 156/300, seasonal_0 Loss: 0.0738 | 0.0510
Epoch 157/300, seasonal_0 Loss: 0.0738 | 0.0510
Epoch 158/300, seasonal_0 Loss: 0.0737 | 0.0510
Epoch 159/300, seasonal_0 Loss: 0.0737 | 0.0510
Epoch 160/300, seasonal_0 Loss: 0.0736 | 0.0510
Epoch 161/300, seasonal_0 Loss: 0.0736 | 0.0510
Epoch 162/300, seasonal_0 Loss: 0.0736 | 0.0510
Epoch 163/300, seasonal_0 Loss: 0.0735 | 0.0510
Epoch 164/300, seasonal_0 Loss: 0.0735 | 0.0509
Epoch 165/300, seasonal_0 Loss: 0.0734 | 0.0509
Epoch 166/300, seasonal_0 Loss: 0.0734 | 0.0509
Epoch 167/300, seasonal_0 Loss: 0.0733 | 0.0509
Epoch 168/300, seasonal_0 Loss: 0.0733 | 0.0509
Epoch 169/300, seasonal_0 Loss: 0.0733 | 0.0509
Epoch 170/300, seasonal_0 Loss: 0.0732 | 0.0509
Epoch 171/300, seasonal_0 Loss: 0.0732 | 0.0509
Epoch 172/300, seasonal_0 Loss: 0.0732 | 0.0508
Epoch 173/300, seasonal_0 Loss: 0.0731 | 0.0508
Epoch 174/300, seasonal_0 Loss: 0.0731 | 0.0508
Epoch 175/300, seasonal_0 Loss: 0.