[32m[I 2025-01-01 05:21:09,863][0m Trial 3 finished with value: 0.43609032803647396 and parameters: {'observation_period_num': 233, 'train_rates': 0.7231063137462513, 'learning_rate': 4.452476076432239e-06, 'batch_size': 71, 'step_size': 5, 'gamma': 0.7786064483885348}. Best is trial 1 with value: 0.13331783379764617.[0m
[32m[I 2025-01-01 05:24:29,559][0m Trial 4 finished with value: 0.4679916589818102 and parameters: {'observation_period_num': 189, 'train_rates': 0.6430745006229001, 'learning_rate': 9.467586120514461e-06, 'batch_size': 161, 'step_size': 3, 'gamma': 0.8173333372437103}. Best is trial 1 with value: 0.13331783379764617.[0m
[32m[I 2025-01-01 05:30:43,164][0m Trial 5 finished with value: 0.19329945397863416 and parameters: {'observation_period_num': 28, 'train_rates': 0.7531829854195617, 'learning_rate': 2.621685530482253e-06, 'batch_size': 65, 'step_size': 9, 'gamma': 0.9414442489896021}. Best is trial 1 with value: 0.13331783379764617.[0m
[32m[I 2025-01-01 05:47:27,636][0m Trial 6 finished with value: 0.06034186580713759 and parameters: {'observation_period_num': 26, 'train_rates': 0.9199791876559906, 'learning_rate': 0.0002791772046010881, 'batch_size': 27, 'step_size': 14, 'gamma': 0.8958214733133654}. Best is trial 6 with value: 0.06034186580713759.[0m
[32m[I 2025-01-01 05:51:22,877][0m Trial 7 finished with value: 0.23145747184753418 and parameters: {'observation_period_num': 187, 'train_rates': 0.9407384840997037, 'learning_rate': 1.2868656600054168e-05, 'batch_size': 164, 'step_size': 2, 'gamma': 0.826894889987603}. Best is trial 6 with value: 0.06034186580713759.[0m
[32m[I 2025-01-01 05:55:13,955][0m Trial 8 finished with value: 0.18673000294280703 and parameters: {'observation_period_num': 204, 'train_rates': 0.8535127745693003, 'learning_rate': 1.7078210711182107e-06, 'batch_size': 150, 'step_size': 8, 'gamma': 0.9695607837206471}. Best is trial 6 with value: 0.06034186580713759.[0m
[32m[I 2025-01-01 05:59:22,625][0m Trial 9 finished with value: 0.180073082447052 and parameters: {'observation_period_num': 122, 'train_rates': 0.9686243597128307, 'learning_rate': 1.169806379797431e-05, 'batch_size': 193, 'step_size': 4, 'gamma': 0.8049023171247031}. Best is trial 6 with value: 0.06034186580713759.[0m
[32m[I 2025-01-01 06:04:42,508][0m Trial 10 finished with value: 0.05081143599247264 and parameters: {'observation_period_num': 11, 'train_rates': 0.891060886420665, 'learning_rate': 0.0004848503078260573, 'batch_size': 93, 'step_size': 15, 'gamma': 0.8831898865333954}. Best is trial 10 with value: 0.05081143599247264.[0m
[32m[I 2025-01-01 06:10:02,906][0m Trial 11 finished with value: 0.0520583622210228 and parameters: {'observation_period_num': 18, 'train_rates': 0.9038816978763129, 'learning_rate': 0.0005148877446808312, 'batch_size': 94, 'step_size': 15, 'gamma': 0.8890995843799172}. Best is trial 10 with value: 0.05081143599247264.[0m
[32m[I 2025-01-01 06:14:57,727][0m Trial 12 finished with value: 1.830333762862734 and parameters: {'observation_period_num': 79, 'train_rates': 0.8879346972046093, 'learning_rate': 0.0008469193284052769, 'batch_size': 100, 'step_size': 15, 'gamma': 0.8737243985372652}. Best is trial 10 with value: 0.05081143599247264.[0m
[32m[I 2025-01-01 06:20:13,490][0m Trial 13 finished with value: 0.03924427926540375 and parameters: {'observation_period_num': 9, 'train_rates': 0.9863904184853886, 'learning_rate': 0.0001745306708282874, 'batch_size': 107, 'step_size': 12, 'gamma': 0.922794497151182}. Best is trial 13 with value: 0.03924427926540375.[0m
[32m[I 2025-01-01 06:25:15,968][0m Trial 14 finished with value: 0.10759842395782471 and parameters: {'observation_period_num': 68, 'train_rates': 0.9711770166378856, 'learning_rate': 0.00011852719583538458, 'batch_size': 116, 'step_size': 12, 'gamma': 0.936094909555177}. Best is trial 13 with value: 0.03924427926540375.[0m
[32m[I 2025-01-01 06:33:54,912][0m Trial 15 finished with value: 0.03319040685892105 and parameters: {'observation_period_num': 12, 'train_rates': 0.9885797675229907, 'learning_rate': 0.0001303452853256295, 'batch_size': 55, 'step_size': 12, 'gamma': 0.9890051303776992}. Best is trial 15 with value: 0.03319040685892105.[0m
[32m[I 2025-01-01 06:42:14,914][0m Trial 16 finished with value: 0.11335843801498413 and parameters: {'observation_period_num': 153, 'train_rates': 0.9833546104136031, 'learning_rate': 0.00011828529862356913, 'batch_size': 54, 'step_size': 11, 'gamma': 0.9852879658564018}. Best is trial 15 with value: 0.03319040685892105.[0m
[32m[I 2025-01-01 06:45:47,081][0m Trial 17 finished with value: 0.29157712662997454 and parameters: {'observation_period_num': 54, 'train_rates': 0.6035785143164989, 'learning_rate': 0.00012100109041246101, 'batch_size': 126, 'step_size': 12, 'gamma': 0.9462200835052003}. Best is trial 15 with value: 0.03319040685892105.[0m
[32m[I 2025-01-01 06:49:12,459][0m Trial 18 finished with value: 0.3199879122374035 and parameters: {'observation_period_num': 90, 'train_rates': 0.7409085473168728, 'learning_rate': 8.623840605788497e-05, 'batch_size': 204, 'step_size': 10, 'gamma': 0.9879227151138251}. Best is trial 15 with value: 0.03319040685892105.[0m
[32m[I 2025-01-01 06:59:57,974][0m Trial 19 finished with value: 0.08338171941905073 and parameters: {'observation_period_num': 43, 'train_rates': 0.9374731608161613, 'learning_rate': 0.0002145051137362094, 'batch_size': 43, 'step_size': 6, 'gamma': 0.9139340708400339}. Best is trial 15 with value: 0.03319040685892105.[0m
[32m[I 2025-01-01 07:05:37,643][0m Trial 20 finished with value: 0.10681657515749146 and parameters: {'observation_period_num': 97, 'train_rates': 0.8620699668055337, 'learning_rate': 5.961878635655714e-05, 'batch_size': 77, 'step_size': 13, 'gamma': 0.9662831728312706}. Best is trial 15 with value: 0.03319040685892105.[0m
[32m[I 2025-01-01 07:10:52,968][0m Trial 21 finished with value: 0.03831632807850838 and parameters: {'observation_period_num': 9, 'train_rates': 0.986591411621717, 'learning_rate': 0.00029520332722397715, 'batch_size': 115, 'step_size': 13, 'gamma': 0.8505371784587199}. Best is trial 15 with value: 0.03319040685892105.[0m
[32m[I 2025-01-01 07:15:59,454][0m Trial 22 finished with value: 0.0938553735613823 and parameters: {'observation_period_num': 8, 'train_rates': 0.9862764019429879, 'learning_rate': 0.0002536145150090478, 'batch_size': 119, 'step_size': 13, 'gamma': 0.8484962467236195}. Best is trial 15 with value: 0.03319040685892105.[0m
[32m[I 2025-01-01 07:20:39,066][0m Trial 23 finished with value: 0.0551861272007227 and parameters: {'observation_period_num': 42, 'train_rates': 0.9486120482425637, 'learning_rate': 0.0001952896345196714, 'batch_size': 137, 'step_size': 11, 'gamma': 0.9229011074530288}. Best is trial 15 with value: 0.03319040685892105.[0m
[32m[I 2025-01-01 07:26:30,267][0m Trial 24 finished with value: 1.9933511940938122 and parameters: {'observation_period_num': 8, 'train_rates': 0.9462387081200307, 'learning_rate': 0.000921472045613374, 'batch_size': 84, 'step_size': 13, 'gamma': 0.8557918756718129}. Best is trial 15 with value: 0.03319040685892105.[0m
[32m[I 2025-01-01 07:31:38,902][0m Trial 25 finished with value: 0.043209634721279144 and parameters: {'observation_period_num': 34, 'train_rates': 0.9891063147323425, 'learning_rate': 0.000415829284562938, 'batch_size': 110, 'step_size': 10, 'gamma': 0.7727956696999756}. Best is trial 15 with value: 0.03319040685892105.[0m
[32m[I 2025-01-01 07:58:22,092][0m Trial 26 finished with value: 0.0981004432386715 and parameters: {'observation_period_num': 145, 'train_rates': 0.9124059958387065, 'learning_rate': 6.84897477048655e-05, 'batch_size': 16, 'step_size': 12, 'gamma': 0.9602499306964329}. Best is trial 15 with value: 0.03319040685892105.[0m
[32m[I 2025-01-01 08:06:40,463][0m Trial 27 finished with value: 0.09030788542590938 and parameters: {'observation_period_num': 51, 'train_rates': 0.8681030649194543, 'learning_rate': 2.0905189154218195e-05, 'batch_size': 53, 'step_size': 7, 'gamma': 0.8621302711738171}. Best is trial 15 with value: 0.03319040685892105.[0m
[32m[I 2025-01-01 08:10:21,014][0m Trial 28 finished with value: 0.26132242421868357 and parameters: {'observation_period_num': 79, 'train_rates': 0.685088026387049, 'learning_rate': 0.0001516965466430094, 'batch_size': 139, 'step_size': 14, 'gamma': 0.7540854113508867}. Best is trial 15 with value: 0.03319040685892105.[0m
[32m[I 2025-01-01 08:13:54,553][0m Trial 29 finished with value: 0.24629645882556156 and parameters: {'observation_period_num': 63, 'train_rates': 0.777329253759078, 'learning_rate': 0.00035315455574349246, 'batch_size': 228, 'step_size': 11, 'gamma': 0.9302512008733211}. Best is trial 15 with value: 0.03319040685892105.[0m
seasonal_1 „ÅÆÊúÄÈÅ©„Éè„Ç§„Éë„Éº„Éë„É©„É°„Éº„Çø„ÅåË¶ã„Å§„Åã„Çä„Åæ„Åó„Åü
ÊúÄÈÅ©ÂåñÂØæË±°: seasonal_2
[32m[I 2025-01-01 08:13:54,558][0m A new study created in memory with name: no-name-90fb3afd-c178-496e-9947-6bfc5ffb7f4c[0m
Early stopping at epoch 97
[32m[I 2025-01-01 08:20:08,883][0m Trial 0 finished with value: 0.39789206269793037 and parameters: {'observation_period_num': 246, 'train_rates': 0.7664234676789726, 'learning_rate': 6.8416468366428e-05, 'batch_size': 60, 'step_size': 1, 'gamma': 0.8346898036366198}. Best is trial 0 with value: 0.39789206269793037.[0m
[32m[I 2025-01-01 08:25:02,596][0m Trial 1 finished with value: 0.11938762664794922 and parameters: {'observation_period_num': 181, 'train_rates': 0.9643684452287031, 'learning_rate': 6.568407871651761e-05, 'batch_size': 106, 'step_size': 10, 'gamma': 0.8965363136172615}. Best is trial 1 with value: 0.11938762664794922.[0m
[32m[I 2025-01-01 08:29:17,149][0m Trial 2 finished with value: 0.17462711395888492 and parameters: {'observation_period_num': 235, 'train_rates': 0.7868076098035052, 'learning_rate': 1.0586087844911961e-05, 'batch_size': 106, 'step_size': 10, 'gamma': 0.8917026048820305}. Best is trial 1 with value: 0.11938762664794922.[0m
[32m[I 2025-01-01 08:32:29,131][0m Trial 3 finished with value: 0.4980966368142296 and parameters: {'observation_period_num': 236, 'train_rates': 0.6250748807542915, 'learning_rate': 0.0001808204910806152, 'batch_size': 168, 'step_size': 1, 'gamma': 0.895477708252971}. Best is trial 1 with value: 0.11938762664794922.[0m
[32m[I 2025-01-01 08:46:50,475][0m Trial 4 finished with value: 0.15230966451549038 and parameters: {'observation_period_num': 119, 'train_rates': 0.7949490997346331, 'learning_rate': 3.5564412672529375e-05, 'batch_size': 28, 'step_size': 3, 'gamma': 0.8195406654109931}. Best is trial 1 with value: 0.11938762664794922.[0m
[32m[I 2025-01-01 08:50:49,237][0m Trial 5 finished with value: 0.20451957407132001 and parameters: {'observation_period_num': 51, 'train_rates': 0.706758684403353, 'learning_rate': 0.0002980976613292986, 'batch_size': 128, 'step_size': 15, 'gamma': 0.9260751065077939}. Best is trial 1 with value: 0.11938762664794922.[0m
[32m[I 2025-01-01 08:54:49,690][0m Trial 6 finished with value: 0.08850502222776413 and parameters: {'observation_period_num': 60, 'train_rates': 0.9308736792303385, 'learning_rate': 0.0004391874308469184, 'batch_size': 232, 'step_size': 7, 'gamma': 0.9111111113381651}. Best is trial 6 with value: 0.08850502222776413.[0m
[32m[I 2025-01-01 09:00:44,373][0m Trial 7 finished with value: 0.17486588313689388 and parameters: {'observation_period_num': 228, 'train_rates': 0.808964074132821, 'learning_rate': 6.858046248806017e-06, 'batch_size': 68, 'step_size': 2, 'gamma': 0.9845910875732856}. Best is trial 6 with value: 0.08850502222776413.[0m
[32m[I 2025-01-01 09:12:08,721][0m Trial 8 finished with value: 1.9654365901289315 and parameters: {'observation_period_num': 191, 'train_rates': 0.9267879555686119, 'learning_rate': 0.0009900621661859212, 'batch_size': 38, 'step_size': 8, 'gamma': 0.8480836683278783}. Best is trial 6 with value: 0.08850502222776413.[0m
[32m[I 2025-01-01 09:15:43,661][0m Trial 9 finished with value: 0.20347310415555056 and parameters: {'observation_period_num': 24, 'train_rates': 0.77469563473822, 'learning_rate': 6.993621787042284e-05, 'batch_size': 229, 'step_size': 4, 'gamma': 0.7896478484186297}. Best is trial 6 with value: 0.08850502222776413.[0m
[32m[I 2025-01-01 09:19:39,608][0m Trial 10 finished with value: 0.12826868555388854 and parameters: {'observation_period_num': 86, 'train_rates': 0.8890939487947412, 'learning_rate': 2.9684168825862703e-06, 'batch_size': 252, 'step_size': 7, 'gamma': 0.961065579247249}. Best is trial 6 with value: 0.08850502222776413.[0m
[32m[I 2025-01-01 09:23:45,865][0m Trial 11 finished with value: 1.9608725309371948 and parameters: {'observation_period_num': 149, 'train_rates': 0.9838623820032633, 'learning_rate': 0.000948876991731073, 'batch_size': 187, 'step_size': 12, 'gamma': 0.9309127448511489}. Best is trial 6 with value: 0.08850502222776413.[0m
[32m[I 2025-01-01 09:27:49,460][0m Trial 12 finished with value: 0.11483217775821686 and parameters: {'observation_period_num': 169, 'train_rates': 0.9767256725682275, 'learning_rate': 0.00014134853192813702, 'batch_size': 183, 'step_size': 6, 'gamma': 0.8747512760710303}. Best is trial 6 with value: 0.08850502222776413.[0m
[32m[I 2025-01-01 09:31:38,959][0m Trial 13 finished with value: 0.09116652154692556 and parameters: {'observation_period_num': 91, 'train_rates': 0.8824698740575143, 'learning_rate': 0.0002295690892626151, 'batch_size': 195, 'step_size': 5, 'gamma': 0.7629325929851908}. Best is trial 6 with value: 0.08850502222776413.[0m
[32m[I 2025-01-01 09:35:23,093][0m Trial 14 finished with value: 0.0904601640773542 and parameters: {'observation_period_num': 92, 'train_rates': 0.8732889720800506, 'learning_rate': 0.0003986965396800353, 'batch_size': 220, 'step_size': 5, 'gamma': 0.7584895499600901}. Best is trial 6 with value: 0.08850502222776413.[0m
[32m[I 2025-01-01 09:39:20,851][0m Trial 15 finished with value: 0.07447372559601298 and parameters: {'observation_period_num': 58, 'train_rates': 0.856380167446757, 'learning_rate': 0.00044717434409619267, 'batch_size': 225, 'step_size': 9, 'gamma': 0.7538104383059109}. Best is trial 15 with value: 0.07447372559601298.[0m
[32m[I 2025-01-01 09:43:15,293][0m Trial 16 finished with value: 0.03663665539377641 and parameters: {'observation_period_num': 7, 'train_rates': 0.8447493378649096, 'learning_rate': 0.000497139546817353, 'batch_size': 247, 'step_size': 9, 'gamma': 0.7994409629029275}. Best is trial 16 with value: 0.03663665539377641.[0m
[32m[I 2025-01-01 09:47:22,566][0m Trial 17 finished with value: 0.04879407026239603 and parameters: {'observation_period_num': 18, 'train_rates': 0.8268346717488889, 'learning_rate': 1.3669532736583125e-05, 'batch_size': 149, 'step_size': 10, 'gamma': 0.796691154805959}. Best is trial 16 with value: 0.03663665539377641.[0m
[32m[I 2025-01-01 09:50:59,375][0m Trial 18 finished with value: 0.20322182292802862 and parameters: {'observation_period_num': 9, 'train_rates': 0.7071945012161367, 'learning_rate': 1.0512319451697496e-06, 'batch_size': 151, 'step_size': 13, 'gamma': 0.7975764914896503}. Best is trial 16 with value: 0.03663665539377641.[0m
[32m[I 2025-01-01 09:55:23,955][0m Trial 19 finished with value: 0.04720100331535217 and parameters: {'observation_period_num': 28, 'train_rates': 0.8397211008727216, 'learning_rate': 1.3738897869242573e-05, 'batch_size': 123, 'step_size': 12, 'gamma': 0.7884861920068617}. Best is trial 16 with value: 0.03663665539377641.[0m
[32m[I 2025-01-01 09:59:36,677][0m Trial 20 finished with value: 0.18578134746598102 and parameters: {'observation_period_num': 41, 'train_rates': 0.7235211864479529, 'learning_rate': 2.6270837887758526e-05, 'batch_size': 109, 'step_size': 12, 'gamma': 0.8588939276387011}. Best is trial 16 with value: 0.03663665539377641.[0m
[32m[I 2025-01-01 10:03:52,432][0m Trial 21 finished with value: 0.043416166281604385 and parameters: {'observation_period_num': 5, 'train_rates': 0.8312239025387512, 'learning_rate': 1.271001350288076e-05, 'batch_size': 142, 'step_size': 11, 'gamma': 0.7935126330563993}. Best is trial 16 with value: 0.03663665539377641.[0m
[32m[I 2025-01-01 10:09:23,218][0m Trial 22 finished with value: 0.04485499275902824 and parameters: {'observation_period_num': 5, 'train_rates': 0.838121309159936, 'learning_rate': 3.5311832635844994e-06, 'batch_size': 81, 'step_size': 13, 'gamma': 0.8158681268644699}. Best is trial 16 with value: 0.03663665539377641.[0m
[32m[I 2025-01-01 10:14:39,050][0m Trial 23 finished with value: 0.1765109369309591 and parameters: {'observation_period_num': 6, 'train_rates': 0.752264279470851, 'learning_rate': 3.5478797458382073e-06, 'batch_size': 81, 'step_size': 14, 'gamma': 0.8211899278967094}. Best is trial 16 with value: 0.03663665539377641.[0m
[32m[I 2025-01-01 10:19:51,126][0m Trial 24 finished with value: 0.09151425727337371 and parameters: {'observation_period_num': 70, 'train_rates': 0.9093712948501, 'learning_rate': 1.9062134656721125e-06, 'batch_size': 91, 'step_size': 11, 'gamma': 0.8130655766216688}. Best is trial 16 with value: 0.03663665539377641.[0m
[32m[I 2025-01-01 10:28:35,322][0m Trial 25 finished with value: 0.05726751983165741 and parameters: {'observation_period_num': 33, 'train_rates': 0.8323545402466593, 'learning_rate': 6.098725890899711e-06, 'batch_size': 49, 'step_size': 15, 'gamma': 0.7774633032277319}. Best is trial 16 with value: 0.03663665539377641.[0m
[32m[I 2025-01-01 10:32:32,966][0m Trial 26 finished with value: 0.0740193555324848 and parameters: {'observation_period_num': 40, 'train_rates': 0.8546323926579434, 'learning_rate': 2.5413697994380385e-05, 'batch_size': 207, 'step_size': 13, 'gamma': 0.8393739351125998}. Best is trial 16 with value: 0.03663665539377641.[0m
[32m[I 2025-01-01 10:35:50,660][0m Trial 27 finished with value: 0.3882454150709613 and parameters: {'observation_period_num': 114, 'train_rates': 0.6428124424390933, 'learning_rate': 3.927381407609034e-06, 'batch_size': 156, 'step_size': 9, 'gamma': 0.7798120057305963}. Best is trial 16 with value: 0.03663665539377641.[0m
[32m[I 2025-01-01 10:39:35,234][0m Trial 28 finished with value: 0.0722116389177822 and parameters: {'observation_period_num': 5, 'train_rates': 0.8162743963086397, 'learning_rate': 1.739024660151629e-06, 'batch_size': 256, 'step_size': 11, 'gamma': 0.8071131297287752}. Best is trial 16 with value: 0.03663665539377641.[0m
[32m[I 2025-01-01 10:45:18,713][0m Trial 29 finished with value: 0.18511897407290412 and parameters: {'observation_period_num': 24, 'train_rates': 0.74815981331195, 'learning_rate': 7.638369367377042e-06, 'batch_size': 71, 'step_size': 14, 'gamma': 0.8335287192592303}. Best is trial 16 with value: 0.03663665539377641.[0m
seasonal_2 „ÅÆÊúÄÈÅ©„Éè„Ç§„Éë„Éº„Éë„É©„É°„Éº„Çø„ÅåË¶ã„Å§„Åã„Çä„Åæ„Åó„Åü
ÊúÄÈÅ©ÂåñÂØæË±°: seasonal_3
[32m[I 2025-01-01 10:45:18,719][0m A new study created in memory with name: no-name-dd157bd8-8826-42bc-8018-69172afcaa8b[0m
[32m[I 2025-01-01 10:51:19,262][0m Trial 0 finished with value: 0.3190646031467726 and parameters: {'observation_period_num': 189, 'train_rates': 0.7580533268405694, 'learning_rate': 5.1863000130614176e-05, 'batch_size': 65, 'step_size': 9, 'gamma': 0.8997770323982561}. Best is trial 0 with value: 0.3190646031467726.[0m
[32m[I 2025-01-01 11:01:55,516][0m Trial 1 finished with value: 0.3626040327004515 and parameters: {'observation_period_num': 220, 'train_rates': 0.7337242768445996, 'learning_rate': 1.173584245119114e-05, 'batch_size': 35, 'step_size': 5, 'gamma': 0.8392613078533817}. Best is trial 0 with value: 0.3190646031467726.[0m
[32m[I 2025-01-01 11:06:36,082][0m Trial 2 finished with value: 0.11767695844173431 and parameters: {'observation_period_num': 118, 'train_rates': 0.9618336461397218, 'learning_rate': 6.840387767968303e-05, 'batch_size': 124, 'step_size': 7, 'gamma': 0.9283249214286957}. Best is trial 2 with value: 0.11767695844173431.[0m
[32m[I 2025-01-01 11:10:33,003][0m Trial 3 finished with value: 0.1138473269072446 and parameters: {'observation_period_num': 114, 'train_rates': 0.9034754274915079, 'learning_rate': 7.535981342127453e-05, 'batch_size': 188, 'step_size': 2, 'gamma': 0.7982733408674971}. Best is trial 3 with value: 0.1138473269072446.[0m
[32m[I 2025-01-01 11:15:11,726][0m Trial 4 finished with value: 0.055103589568373766 and parameters: {'observation_period_num': 6, 'train_rates': 0.8544325640793514, 'learning_rate': 0.0005537853947692869, 'batch_size': 117, 'step_size': 4, 'gamma': 0.9707724163228691}. Best is trial 4 with value: 0.055103589568373766.[0m
[32m[I 2025-01-01 11:25:42,085][0m Trial 5 finished with value: 0.28331350363217866 and parameters: {'observation_period_num': 135, 'train_rates': 0.7371717307197979, 'learning_rate': 1.2187080197790612e-05, 'batch_size': 37, 'step_size': 7, 'gamma': 0.945631336420713}. Best is trial 4 with value: 0.055103589568373766.[0m
[32m[I 2025-01-01 11:29:03,853][0m Trial 6 finished with value: 0.3058894141600822 and parameters: {'observation_period_num': 169, 'train_rates': 0.7171367486815134, 'learning_rate': 5.26043781043764e-05, 'batch_size': 188, 'step_size': 9, 'gamma': 0.7672181997184716}. Best is trial 4 with value: 0.055103589568373766.[0m
[32m[I 2025-01-01 11:33:01,534][0m Trial 7 finished with value: 0.2993743285888762 and parameters: {'observation_period_num': 124, 'train_rates': 0.9103606362703618, 'learning_rate': 2.255075328963792e-06, 'batch_size': 226, 'step_size': 3, 'gamma': 0.8214611579847749}. Best is trial 4 with value: 0.055103589568373766.[0m
