[32m[I 2025-02-08 03:49:16,415][0m Trial 49 finished with value: 0.053512757060243124 and parameters: {'observation_period_num': 17, 'train_rates': 0.8653162916354109, 'learning_rate': 0.0006596401662300529, 'batch_size': 48, 'step_size': 10, 'gamma': 0.8838640372859731}. Best is trial 10 with value: 0.03957110157723995.[0m
最適ハイパーパラメータが見つかりました
最適なハイパーパラメータが best_hyperparameters_GOOG_iTransformer_noMSTL.json に保存されました
Epoch 1/300, Loss: 0.2590 | 0.2094
Epoch 2/300, Loss: 0.1474 | 0.1644
Epoch 3/300, Loss: 0.1346 | 0.1385
Epoch 4/300, Loss: 0.1260 | 0.1175
Epoch 5/300, Loss: 0.1199 | 0.1014
Epoch 6/300, Loss: 0.1158 | 0.0908
Epoch 7/300, Loss: 0.1132 | 0.0849
Epoch 8/300, Loss: 0.1111 | 0.0807
Epoch 9/300, Loss: 0.1091 | 0.0776
Epoch 10/300, Loss: 0.1073 | 0.0751
Epoch 11/300, Loss: 0.1056 | 0.0723
Epoch 12/300, Loss: 0.1044 | 0.0707
Epoch 13/300, Loss: 0.1032 | 0.0692
Epoch 14/300, Loss: 0.1021 | 0.0678
Epoch 15/300, Loss: 0.1010 | 0.0665
Epoch 16/300, Loss: 0.1001 | 0.0648
Epoch 17/300, Loss: 0.0992 | 0.0639
Epoch 18/300, Loss: 0.0983 | 0.0630
Epoch 19/300, Loss: 0.0973 | 0.0621
Epoch 20/300, Loss: 0.0964 | 0.0612
Epoch 21/300, Loss: 0.0954 | 0.0606
Epoch 22/300, Loss: 0.0947 | 0.0598
Epoch 23/300, Loss: 0.0938 | 0.0590
Epoch 24/300, Loss: 0.0930 | 0.0581
Epoch 25/300, Loss: 0.0922 | 0.0573
Epoch 26/300, Loss: 0.0914 | 0.0565
Epoch 27/300, Loss: 0.0908 | 0.0557
Epoch 28/300, Loss: 0.0902 | 0.0550
Epoch 29/300, Loss: 0.0896 | 0.0543
Epoch 30/300, Loss: 0.0890 | 0.0537
Epoch 31/300, Loss: 0.0885 | 0.0531
Epoch 32/300, Loss: 0.0880 | 0.0526
Epoch 33/300, Loss: 0.0876 | 0.0521
Epoch 34/300, Loss: 0.0873 | 0.0516
Epoch 35/300, Loss: 0.0869 | 0.0511
Epoch 36/300, Loss: 0.0865 | 0.0509
Epoch 37/300, Loss: 0.0862 | 0.0505
Epoch 38/300, Loss: 0.0859 | 0.0501
Epoch 39/300, Loss: 0.0856 | 0.0497
Epoch 40/300, Loss: 0.0853 | 0.0493
Epoch 41/300, Loss: 0.0850 | 0.0491
Epoch 42/300, Loss: 0.0847 | 0.0488
Epoch 43/300, Loss: 0.0845 | 0.0485
Epoch 44/300, Loss: 0.0842 | 0.0482
Epoch 45/300, Loss: 0.0840 | 0.0479
Epoch 46/300, Loss: 0.0837 | 0.0476
Epoch 47/300, Loss: 0.0835 | 0.0473
Epoch 48/300, Loss: 0.0833 | 0.0471
Epoch 49/300, Loss: 0.0831 | 0.0469
Epoch 50/300, Loss: 0.0829 | 0.0466
Epoch 51/300, Loss: 0.0827 | 0.0464
Epoch 52/300, Loss: 0.0825 | 0.0462
Epoch 53/300, Loss: 0.0824 | 0.0460
Epoch 54/300, Loss: 0.0822 | 0.0458
Epoch 55/300, Loss: 0.0820 | 0.0456
Epoch 56/300, Loss: 0.0818 | 0.0454
Epoch 57/300, Loss: 0.0817 | 0.0453
Epoch 58/300, Loss: 0.0816 | 0.0451
Epoch 59/300, Loss: 0.0814 | 0.0450
Epoch 60/300, Loss: 0.0813 | 0.0448
Epoch 61/300, Loss: 0.0812 | 0.0447
Epoch 62/300, Loss: 0.0811 | 0.0446
Epoch 63/300, Loss: 0.0810 | 0.0445
Epoch 64/300, Loss: 0.0808 | 0.0443
Epoch 65/300, Loss: 0.0807 | 0.0442
Epoch 66/300, Loss: 0.0806 | 0.0442
Epoch 67/300, Loss: 0.0805 | 0.0441
Epoch 68/300, Loss: 0.0804 | 0.0440
Epoch 69/300, Loss: 0.0803 | 0.0439
Epoch 70/300, Loss: 0.0803 | 0.0438
Epoch 71/300, Loss: 0.0802 | 0.0437
Epoch 72/300, Loss: 0.0801 | 0.0436
Epoch 73/300, Loss: 0.0800 | 0.0435
Epoch 74/300, Loss: 0.0799 | 0.0435
Epoch 75/300, Loss: 0.0799 | 0.0434
Epoch 76/300, Loss: 0.0798 | 0.0434
Epoch 77/300, Loss: 0.0797 | 0.0433
Epoch 78/300, Loss: 0.0796 | 0.0432
Epoch 79/300, Loss: 0.0796 | 0.0432
Epoch 80/300, Loss: 0.0795 | 0.0431
Epoch 81/300, Loss: 0.0794 | 0.0431
Epoch 82/300, Loss: 0.0794 | 0.0430
Epoch 83/300, Loss: 0.0793 | 0.0430
Epoch 84/300, Loss: 0.0793 | 0.0429
Epoch 85/300, Loss: 0.0792 | 0.0429
Epoch 86/300, Loss: 0.0792 | 0.0429
Epoch 87/300, Loss: 0.0791 | 0.0428
Epoch 88/300, Loss: 0.0791 | 0.0428
Epoch 89/300, Loss: 0.0791 | 0.0427
Epoch 90/300, Loss: 0.0790 | 0.0427
Epoch 91/300, Loss: 0.0790 | 0.0427
Epoch 92/300, Loss: 0.0789 | 0.0427
Epoch 93/300, Loss: 0.0789 | 0.0426
Epoch 94/300, Loss: 0.0789 | 0.0426
Epoch 95/300, Loss: 0.0788 | 0.0426
Epoch 96/300, Loss: 0.0788 | 0.0425
Epoch 97/300, Loss: 0.0788 | 0.0425
Epoch 98/300, Loss: 0.0787 | 0.0425
Epoch 99/300, Loss: 0.0787 | 0.0425
Epoch 100/300, Loss: 0.0787 | 0.0424
Epoch 101/300, Loss: 0.0786 | 0.0424
Epoch 102/300, Loss: 0.0786 | 0.0424
Epoch 103/300, Loss: 0.0786 | 0.0424
Epoch 104/300, Loss: 0.0786 | 0.0424
Epoch 105/300, Loss: 0.0786 | 0.0423
Epoch 106/300, Loss: 0.0785 | 0.0423
Epoch 107/300, Loss: 0.0785 | 0.0423
Epoch 108/300, Loss: 0.0785 | 0.0423
Epoch 109/300, Loss: 0.0785 | 0.0423
Epoch 110/300, Loss: 0.0784 | 0.0422
Epoch 111/300, Loss: 0.0784 | 0.0422
Epoch 112/300, Loss: 0.0784 | 0.0422
Epoch 113/300, Loss: 0.0784 | 0.0422
Epoch 114/300, Loss: 0.0784 | 0.0422
Epoch 115/300, Loss: 0.0784 | 0.0422
Epoch 116/300, Loss: 0.0783 | 0.0422
Epoch 117/300, Loss: 0.0783 | 0.0421
Epoch 118/300, Loss: 0.0783 | 0.0421
Epoch 119/300, Loss: 0.0783 | 0.0421
Epoch 120/300, Loss: 0.0783 | 0.0421
Epoch 121/300, Loss: 0.0783 | 0.0421
Epoch 122/300, Loss: 0.0783 | 0.0421
Epoch 123/300, Loss: 0.0782 | 0.0421
Epoch 124/300, Loss: 0.0782 | 0.0421
Epoch 125/300, Loss: 0.0782 | 0.0421
Epoch 126/300, Loss: 0.0782 | 0.0420
Epoch 127/300, Loss: 0.0782 | 0.0420
Epoch 128/300, Loss: 0.0782 | 0.0420
Epoch 129/300, Loss: 0.0782 | 0.0420
Epoch 130/300, Loss: 0.0782 | 0.0420
Epoch 131/300, Loss: 0.0782 | 0.0420
Epoch 132/300, Loss: 0.0782 | 0.0420
Epoch 133/300, Loss: 0.0781 | 0.0420
Epoch 134/300, Loss: 0.0781 | 0.0420
Epoch 135/300, Loss: 0.0781 | 0.0420
Epoch 136/300, Loss: 0.0781 | 0.0420
Epoch 137/300, Loss: 0.0781 | 0.0420
Epoch 138/300, Loss: 0.0781 | 0.0420
Epoch 139/300, Loss: 0.0781 | 0.0420
Epoch 140/300, Loss: 0.0781 | 0.0420
Epoch 141/300, Loss: 0.0781 | 0.0419
Epoch 142/300, Loss: 0.0781 | 0.0419
Epoch 143/300, Loss: 0.0781 | 0.0419
Epoch 144/300, Loss: 0.0781 | 0.0419
Epoch 145/300, Loss: 0.0781 | 0.0419
Epoch 146/300, Loss: 0.0781 | 0.0419
Epoch 147/300, Loss: 0.0780 | 0.0419
Epoch 148/300, Loss: 0.0780 | 0.0419
Epoch 149/300, Loss: 0.0780 | 0.0419
Epoch 150/300, Loss: 0.0780 | 0.0419
Epoch 151/300, Loss: 0.0780 | 0.0419
Epoch 152/300, Loss: 0.0780 | 0.0419
Epoch 153/300, Loss: 0.0780 | 0.0419
Epoch 154/300, Loss: 0.0780 | 0.0419
Epoch 155/300, Loss: 0.0780 | 0.0419
Epoch 156/300, Loss: 0.0780 | 0.0419
Epoch 157/300, Loss: 0.0780 | 0.0419
Epoch 158/300, Loss: 0.0780 | 0.0419
Epoch 159/300, Loss: 0.0780 | 0.0419
Epoch 160/300, Loss: 0.0780 | 0.0419
Epoch 161/300, Loss: 0.0780 | 0.0419
Epoch 162/300, Loss: 0.0780 | 0.0419
Epoch 163/300, Loss: 0.0780 | 0.0419
Epoch 164/300, Loss: 0.0780 | 0.0419
Epoch 165/300, Loss: 0.0780 | 0.0419
Epoch 166/300, Loss: 0.0780 | 0.0419
Epoch 167/300, Loss: 0.0780 | 0.0419
Epoch 168/300, Loss: 0.0780 | 0.0419
Epoch 169/300, Loss: 0.0780 | 0.0419
Epoch 170/300, Loss: 0.0780 | 0.0419
Epoch 171/300, Loss: 0.0780 | 0.0419
Epoch 172/300, Loss: 0.0780 | 0.0419
Epoch 173/300, Loss: 0.0780 | 0.0419
Epoch 174/300, Loss: 0.0780 | 0.0419
Epoch 175/300, Loss: 0.0780 | 0.0419
Epoch 176/300, Loss: 0.0779 | 0.0419
Epoch 177/300, Loss: 0.0779 | 0.0419
Epoch 178/300, Loss: 0.0779 | 0.0419
Epoch 179/300, Loss: 0.0779 | 0.0419
Epoch 180/300, Loss: 0.0779 | 0.0419
Epoch 181/300, Loss: 0.0779 | 0.0419
Epoch 182/300, Loss: 0.0779 | 0.0419
Epoch 183/300, Loss: 0.0779 | 0.0419
Epoch 184/300, Loss: 0.0779 | 0.0419
Epoch 185/300, Loss: 0.0779 | 0.0419
Epoch 186/300, Loss: 0.0779 | 0.0419
Epoch 187/300, Loss: 0.0779 | 0.0419
Epoch 188/300, Loss: 0.0779 | 0.0419
Epoch 189/300, Loss: 0.0779 | 0.0419
Epoch 190/300, Loss: 0.0779 | 0.0419
Epoch 191/300, Loss: 0.0779 | 0.0419
Epoch 192/300, Loss: 0.0779 | 0.0419
Epoch 193/300, Loss: 0.0779 | 0.0419
Epoch 194/300, Loss: 0.0779 | 0.0419
Epoch 195/300, Loss: 0.0779 | 0.0419
Epoch 196/300, Loss: 0.0779 | 0.0419
Epoch 197/300, Loss: 0.0779 | 0.0419
Epoch 198/300, Loss: 0.0779 | 0.0419
Epoch 199/300, Loss: 0.0779 | 0.0419
Epoch 200/300, Loss: 0.0779 | 0.0419
Epoch 201/300, Loss: 0.0779 | 0.0419
Epoch 202/300, Loss: 0.0779 | 0.0419
Epoch 203/300, Loss: 0.0779 | 0.0419
Epoch 204/300, Loss: 0.0779 | 0.0419
Epoch 205/300, Loss: 0.0779 | 0.0419
Epoch 206/300, Loss: 0.0779 | 0.0419
Epoch 207/300, Loss: 0.0779 | 0.0419
Epoch 208/300, Loss: 0.0779 | 0.0419
Epoch 209/300, Loss: 0.0779 | 0.0419
Epoch 210/300, Loss: 0.0779 | 0.0419
Epoch 211/300, Loss: 0.0779 | 0.0419
Epoch 212/300, Loss: 0.0779 | 0.0419
Epoch 213/300, Loss: 0.0779 | 0.0419
Epoch 214/300, Loss: 0.0779 | 0.0419
Epoch 215/300, Loss: 0.0779 | 0.0419
Epoch 216/300, Loss: 0.0779 | 0.0419
Epoch 217/300, Loss: 0.0779 | 0.0419
Epoch 218/300, Loss: 0.0779 | 0.0419
Epoch 219/300, Loss: 0.0779 | 0.0419
Epoch 220/300, Loss: 0.0779 | 0.0419
Epoch 221/300, Loss: 0.0779 | 0.0419
Epoch 222/300, Loss: 0.0779 | 0.0419
Epoch 223/300, Loss: 0.0779 | 0.0419
Epoch 224/300, Loss: 0.0779 | 0.0419
Epoch 225/300, Loss: 0.0779 | 0.0419
Epoch 226/300, Loss: 0.0779 | 0.0419
Epoch 227/300, Loss: 0.0779 | 0.0418
Epoch 228/300, Loss: 0.0779 | 0.0418
Epoch 229/300, Loss: 0.0779 | 0.0418
Epoch 230/300, Loss: 0.0779 | 0.0418
Epoch 231/300, Loss: 0.0779 | 0.0418
Epoch 232/300, Loss: 0.0779 | 0.0418
Epoch 233/300, Loss: 0.0779 | 0.0418
Epoch 234/300, Loss: 0.0779 | 0.0418
Epoch 235/300, Loss: 0.0779 | 0.0418
Epoch 236/300, Loss: 0.0779 | 0.0418
Epoch 237/300, Loss: 0.0779 | 0.0418
Epoch 238/300, Loss: 0.0779 | 0.0418
Epoch 239/300, Loss: 0.0779 | 0.0418
Epoch 240/300, Loss: 0.0779 | 0.0418
Epoch 241/300, Loss: 0.0779 | 0.0418
Epoch 242/300, Loss: 0.0779 | 0.0418
Epoch 243/300, Loss: 0.0779 | 0.0418
Epoch 244/300, Loss: 0.0779 | 0.0418
Epoch 245/300, Loss: 0.0779 | 0.0418
Epoch 246/300, Loss: 0.0779 | 0.0418
Epoch 247/300, Loss: 0.0779 | 0.0418
Epoch 248/300, Loss: 0.0779 | 0.0418
Epoch 249/300, Loss: 0.0779 | 0.0418
Epoch 250/300, Loss: 0.0779 | 0.0418
Epoch 251/300, Loss: 0.0779 | 0.0418
Epoch 252/300, Loss: 0.0779 | 0.0418
Epoch 253/300, Loss: 0.0779 | 0.0418
Epoch 254/300, Loss: 0.0779 | 0.0418
Epoch 255/300, Loss: 0.0779 | 0.0418
Epoch 256/300, Loss: 0.0779 | 0.0418
Epoch 257/300, Loss: 0.0779 | 0.0418
Epoch 258/300, Loss: 0.0779 | 0.0418
Epoch 259/300, Loss: 0.0779 | 0.0418
Epoch 260/300, Loss: 0.0779 | 0.0418
Epoch 261/300, Loss: 0.0779 | 0.0418
Epoch 262/300, Loss: 0.0779 | 0.0418
Epoch 263/300, Loss: 0.0779 | 0.0418
Epoch 264/300, Loss: 0.0779 | 0.0418
Epoch 265/300, Loss: 0.0779 | 0.0418
Epoch 266/300, Loss: 0.0779 | 0.0418
Epoch 267/300, Loss: 0.0779 | 0.0418
Epoch 268/300, Loss: 0.0779 | 0.0418
Epoch 269/300, Loss: 0.0779 | 0.0418
Epoch 270/300, Loss: 0.0779 | 0.0418
Epoch 271/300, Loss: 0.0779 | 0.0418
Epoch 272/300, Loss: 0.0779 | 0.0418
Epoch 273/300, Loss: 0.0779 | 0.0418
Epoch 274/300, Loss: 0.0779 | 0.0418
Epoch 275/300, Loss: 0.0779 | 0.0418
Epoch 276/300, Loss: 0.0779 | 0.0418
Epoch 277/300, Loss: 0.0779 | 0.0418
Epoch 278/300, Loss: 0.0779 | 0.0418
Epoch 279/300, Loss: 0.0779 | 0.0418
Epoch 280/300, Loss: 0.0779 | 0.0418
Epoch 281/300, Loss: 0.0779 | 0.0418
Epoch 282/300, Loss: 0.0779 | 0.0418
Epoch 283/300, Loss: 0.0779 | 0.0418
Epoch 284/300, Loss: 0.0779 | 0.0418
Epoch 285/300, Loss: 0.0779 | 0.0418
Epoch 286/300, Loss: 0.0779 | 0.0418
Epoch 287/300, Loss: 0.0779 | 0.0418
Epoch 288/300, Loss: 0.0779 | 0.0418
Epoch 289/300, Loss: 0.0779 | 0.0418
Epoch 290/300, Loss: 0.0779 | 0.0418
Epoch 291/300, Loss: 0.0779 | 0.0418
Epoch 292/300, Loss: 0.0779 | 0.0418
Epoch 293/300, Loss: 0.0779 | 0.0418
Epoch 294/300, Loss: 0.0779 | 0.0418
Epoch 295/300, Loss: 0.0779 | 0.0418
Epoch 296/300, Loss: 0.0779 | 0.0418
Epoch 297/300, Loss: 0.0779 | 0.0418
Epoch 298/300, Loss: 0.0779 | 0.0418
Epoch 299/300, Loss: 0.0779 | 0.0418
Epoch 300/300, Loss: 0.0779 | 0.0418
Runtime (seconds): 878.5972719192505
/home2/y2021/k2110261/.conda/envs/tensorflow/lib/python3.11/site-packages/sklearn/metrics/_regression.py:1266: UndefinedMetricWarning: R^2 score is not well-defined with less than two samples.
  warnings.warn(msg, UndefinedMetricWarning)
MSE: 376.70381750003435
RMSE: 19.408859252929688
MAE: 19.408859252929688
R-squared: nan
[205.41885]
