[32m[I 2025-02-08 02:07:26,597][0m A new study created in memory with name: no-name-db6125bf-e0ff-43ea-bfeb-37e0b2e9adbe[0m
[32m[I 2025-02-08 02:07:54,554][0m Trial 0 finished with value: 0.31263216397282445 and parameters: {'observation_period_num': 238, 'train_rates': 0.656493763210834, 'learning_rate': 0.0001979576451279211, 'batch_size': 168, 'step_size': 6, 'gamma': 0.7773558173573655}. Best is trial 0 with value: 0.31263216397282445.[0m
[32m[I 2025-02-08 02:08:39,053][0m Trial 1 finished with value: 1.8894429556328616 and parameters: {'observation_period_num': 184, 'train_rates': 0.6054477979187006, 'learning_rate': 1.0204153092543087e-06, 'batch_size': 100, 'step_size': 5, 'gamma': 0.8987177937834939}. Best is trial 0 with value: 0.31263216397282445.[0m
[32m[I 2025-02-08 02:09:10,631][0m Trial 2 finished with value: 0.2317675594240427 and parameters: {'observation_period_num': 223, 'train_rates': 0.8965447570231306, 'learning_rate': 0.0006336252652044801, 'batch_size': 180, 'step_size': 5, 'gamma': 0.9651813206875256}. Best is trial 2 with value: 0.2317675594240427.[0m
[32m[I 2025-02-08 02:09:38,537][0m Trial 3 finished with value: 0.19027086666652135 and parameters: {'observation_period_num': 203, 'train_rates': 0.9100145858692086, 'learning_rate': 0.0009532996477478409, 'batch_size': 230, 'step_size': 3, 'gamma': 0.8509142756734349}. Best is trial 3 with value: 0.19027086666652135.[0m
[32m[I 2025-02-08 02:10:49,749][0m Trial 4 finished with value: 0.17258345137326783 and parameters: {'observation_period_num': 88, 'train_rates': 0.6733647455106548, 'learning_rate': 0.00014454637445280563, 'batch_size': 67, 'step_size': 14, 'gamma': 0.7910197176002634}. Best is trial 4 with value: 0.17258345137326783.[0m
[32m[I 2025-02-08 02:11:18,501][0m Trial 5 finished with value: 0.13852982223033905 and parameters: {'observation_period_num': 67, 'train_rates': 0.9839646838856847, 'learning_rate': 0.00026359510723889624, 'batch_size': 232, 'step_size': 14, 'gamma': 0.7558787894599526}. Best is trial 5 with value: 0.13852982223033905.[0m
[32m[I 2025-02-08 02:12:25,948][0m Trial 6 finished with value: 0.7869195816266602 and parameters: {'observation_period_num': 91, 'train_rates': 0.626734748216328, 'learning_rate': 1.7327566142481996e-06, 'batch_size': 66, 'step_size': 15, 'gamma': 0.7719415084168395}. Best is trial 5 with value: 0.13852982223033905.[0m
[32m[I 2025-02-08 02:13:25,850][0m Trial 7 finished with value: 0.08077056347322997 and parameters: {'observation_period_num': 56, 'train_rates': 0.8180602217393687, 'learning_rate': 0.00016564086151852941, 'batch_size': 92, 'step_size': 11, 'gamma': 0.8725621065579507}. Best is trial 7 with value: 0.08077056347322997.[0m
[32m[I 2025-02-08 02:14:00,855][0m Trial 8 finished with value: 0.5696871325351309 and parameters: {'observation_period_num': 230, 'train_rates': 0.7594734748608059, 'learning_rate': 9.384235400702556e-06, 'batch_size': 149, 'step_size': 14, 'gamma': 0.7786740407910663}. Best is trial 7 with value: 0.08077056347322997.[0m
[32m[I 2025-02-08 02:14:47,785][0m Trial 9 finished with value: 0.3818990326758507 and parameters: {'observation_period_num': 124, 'train_rates': 0.6856753361824749, 'learning_rate': 9.881672668329212e-05, 'batch_size': 103, 'step_size': 1, 'gamma': 0.9069013619755859}. Best is trial 7 with value: 0.08077056347322997.[0m
[32m[I 2025-02-08 02:19:35,906][0m Trial 10 finished with value: 0.03957110157723995 and parameters: {'observation_period_num': 10, 'train_rates': 0.8007287962361207, 'learning_rate': 2.3609653643132523e-05, 'batch_size': 18, 'step_size': 10, 'gamma': 0.8421400224135613}. Best is trial 10 with value: 0.03957110157723995.[0m
[32m[I 2025-02-08 02:24:40,439][0m Trial 11 finished with value: 0.052020858115678505 and parameters: {'observation_period_num': 23, 'train_rates': 0.8048919785536239, 'learning_rate': 2.3842441783347023e-05, 'batch_size': 17, 'step_size': 10, 'gamma': 0.8424083164951497}. Best is trial 10 with value: 0.03957110157723995.[0m
[32m[I 2025-02-08 02:30:00,674][0m Trial 12 finished with value: 0.16891211031926065 and parameters: {'observation_period_num': 6, 'train_rates': 0.7834448698116372, 'learning_rate': 1.81948238604391e-05, 'batch_size': 16, 'step_size': 10, 'gamma': 0.8308941801944306}. Best is trial 10 with value: 0.03957110157723995.[0m
[32m[I 2025-02-08 02:34:57,127][0m Trial 13 finished with value: 0.061762192942202095 and parameters: {'observation_period_num': 9, 'train_rates': 0.8329426085147382, 'learning_rate': 6.388761989680682e-06, 'batch_size': 18, 'step_size': 9, 'gamma': 0.8249696384324586}. Best is trial 10 with value: 0.03957110157723995.[0m
[32m[I 2025-02-08 02:36:46,220][0m Trial 14 finished with value: 0.17230398566067065 and parameters: {'observation_period_num': 34, 'train_rates': 0.7377329930302765, 'learning_rate': 4.412599092062764e-05, 'batch_size': 46, 'step_size': 12, 'gamma': 0.9318051370718469}. Best is trial 10 with value: 0.03957110157723995.[0m
[32m[I 2025-02-08 02:38:19,978][0m Trial 15 finished with value: 0.1367159857402874 and parameters: {'observation_period_num': 145, 'train_rates': 0.8618989719518071, 'learning_rate': 3.624356169758298e-05, 'batch_size': 58, 'step_size': 7, 'gamma': 0.8127564440504433}. Best is trial 10 with value: 0.03957110157723995.[0m
[32m[I 2025-02-08 02:40:29,545][0m Trial 16 finished with value: 0.3185443705033018 and parameters: {'observation_period_num': 39, 'train_rates': 0.726795472052354, 'learning_rate': 4.108751628037656e-06, 'batch_size': 38, 'step_size': 8, 'gamma': 0.8666523828456133}. Best is trial 10 with value: 0.03957110157723995.[0m
[32m[I 2025-02-08 02:41:18,430][0m Trial 17 finished with value: 0.23903070390224457 and parameters: {'observation_period_num': 123, 'train_rates': 0.9521733126660195, 'learning_rate': 1.5123529743926992e-05, 'batch_size': 126, 'step_size': 12, 'gamma': 0.9897648346972192}. Best is trial 10 with value: 0.03957110157723995.[0m
[32m[I 2025-02-08 02:42:26,366][0m Trial 18 finished with value: 0.06305193515428946 and parameters: {'observation_period_num': 26, 'train_rates': 0.8663238962513317, 'learning_rate': 4.685178319263749e-05, 'batch_size': 84, 'step_size': 10, 'gamma': 0.8923803421756437}. Best is trial 10 with value: 0.03957110157723995.[0m
[32m[I 2025-02-08 02:44:53,851][0m Trial 19 finished with value: 0.09945491438962682 and parameters: {'observation_period_num': 84, 'train_rates': 0.8122663575075202, 'learning_rate': 1.8187471255964773e-05, 'batch_size': 35, 'step_size': 8, 'gamma': 0.8487164190016919}. Best is trial 10 with value: 0.03957110157723995.[0m
[32m[I 2025-02-08 02:45:21,950][0m Trial 20 finished with value: 0.7552674427428053 and parameters: {'observation_period_num': 56, 'train_rates': 0.7730155014614428, 'learning_rate': 3.6378898147988876e-06, 'batch_size': 195, 'step_size': 12, 'gamma': 0.8042000093899601}. Best is trial 10 with value: 0.03957110157723995.[0m
[32m[I 2025-02-08 02:49:54,389][0m Trial 21 finished with value: 0.06281229758581507 and parameters: {'observation_period_num': 7, 'train_rates': 0.8376730916111695, 'learning_rate': 8.288691629196835e-06, 'batch_size': 20, 'step_size': 9, 'gamma': 0.8272871939320127}. Best is trial 10 with value: 0.03957110157723995.[0m
[32m[I 2025-02-08 02:55:12,158][0m Trial 22 finished with value: 0.072648493690299 and parameters: {'observation_period_num': 22, 'train_rates': 0.856233534718228, 'learning_rate': 5.420130559603577e-06, 'batch_size': 17, 'step_size': 10, 'gamma': 0.8195884924861296}. Best is trial 10 with value: 0.03957110157723995.[0m
[32m[I 2025-02-08 02:56:59,092][0m Trial 23 finished with value: 0.16922051134418506 and parameters: {'observation_period_num': 6, 'train_rates': 0.7191835084489843, 'learning_rate': 2.353239994976168e-05, 'batch_size': 46, 'step_size': 9, 'gamma': 0.8554773505075438}. Best is trial 10 with value: 0.03957110157723995.[0m
[32m[I 2025-02-08 02:58:11,172][0m Trial 24 finished with value: 0.06403131452569671 and parameters: {'observation_period_num': 48, 'train_rates': 0.7991969403624452, 'learning_rate': 6.921253599614374e-05, 'batch_size': 74, 'step_size': 7, 'gamma': 0.8798047993786896}. Best is trial 10 with value: 0.03957110157723995.[0m
[32m[I 2025-02-08 02:59:01,919][0m Trial 25 finished with value: 0.3185214233527545 and parameters: {'observation_period_num': 73, 'train_rates': 0.9054334877047141, 'learning_rate': 8.66537880657197e-06, 'batch_size': 117, 'step_size': 11, 'gamma': 0.8385435100803525}. Best is trial 10 with value: 0.03957110157723995.[0m
[32m[I 2025-02-08 03:01:32,164][0m Trial 26 finished with value: 0.29128661565482616 and parameters: {'observation_period_num': 105, 'train_rates': 0.8260829314907898, 'learning_rate': 2.9312801748520746e-06, 'batch_size': 35, 'step_size': 9, 'gamma': 0.9224695651141309}. Best is trial 10 with value: 0.03957110157723995.[0m
[32m[I 2025-02-08 03:03:04,876][0m Trial 27 finished with value: 0.20349965016495525 and parameters: {'observation_period_num': 23, 'train_rates': 0.7620042082975242, 'learning_rate': 1.3956752616247406e-05, 'batch_size': 56, 'step_size': 11, 'gamma': 0.8123101739745926}. Best is trial 10 with value: 0.03957110157723995.[0m
[32m[I 2025-02-08 03:06:18,311][0m Trial 28 finished with value: 0.11939516541909198 and parameters: {'observation_period_num': 145, 'train_rates': 0.8456219138793903, 'learning_rate': 2.6897201474508863e-05, 'batch_size': 27, 'step_size': 7, 'gamma': 0.7947362721649031}. Best is trial 10 with value: 0.03957110157723995.[0m
[32m[I 2025-02-08 03:07:03,228][0m Trial 29 finished with value: 0.08423478049891335 and parameters: {'observation_period_num': 39, 'train_rates': 0.891465838072465, 'learning_rate': 7.364195458955165e-05, 'batch_size': 145, 'step_size': 6, 'gamma': 0.8432560297409514}. Best is trial 10 with value: 0.03957110157723995.[0m
[32m[I 2025-02-08 03:08:33,830][0m Trial 30 finished with value: 0.38610859075248644 and parameters: {'observation_period_num': 63, 'train_rates': 0.6957177784517682, 'learning_rate': 6.0639097138089966e-06, 'batch_size': 54, 'step_size': 13, 'gamma': 0.8670922893340306}. Best is trial 10 with value: 0.03957110157723995.[0m
[32m[I 2025-02-08 03:13:49,471][0m Trial 31 finished with value: 0.05133645795285702 and parameters: {'observation_period_num': 8, 'train_rates': 0.8327582051809211, 'learning_rate': 9.554598382251762e-06, 'batch_size': 17, 'step_size': 9, 'gamma': 0.8298500486361916}. Best is trial 10 with value: 0.03957110157723995.[0m
[32m[I 2025-02-08 03:17:01,119][0m Trial 32 finished with value: 0.07196346415369302 and parameters: {'observation_period_num': 21, 'train_rates': 0.8001206020147545, 'learning_rate': 1.1345183759384288e-05, 'batch_size': 28, 'step_size': 9, 'gamma': 0.8297860874347593}. Best is trial 10 with value: 0.03957110157723995.[0m
[32m[I 2025-02-08 03:19:21,884][0m Trial 33 finished with value: 0.12344013037634831 and parameters: {'observation_period_num': 5, 'train_rates': 0.8809879024887736, 'learning_rate': 2.0053907525346034e-06, 'batch_size': 40, 'step_size': 10, 'gamma': 0.859438612671449}. Best is trial 10 with value: 0.03957110157723995.[0m
[32m[I 2025-02-08 03:22:51,984][0m Trial 34 finished with value: 0.310045107284136 and parameters: {'observation_period_num': 178, 'train_rates': 0.9194411971449337, 'learning_rate': 6.712334309470705e-06, 'batch_size': 26, 'step_size': 6, 'gamma': 0.884709320198678}. Best is trial 10 with value: 0.03957110157723995.[0m
[32m[I 2025-02-08 03:23:20,153][0m Trial 35 finished with value: 0.2994466002138568 and parameters: {'observation_period_num': 46, 'train_rates': 0.8318150269906788, 'learning_rate': 2.6443150926078253e-05, 'batch_size': 209, 'step_size': 5, 'gamma': 0.8077995070736954}. Best is trial 10 with value: 0.03957110157723995.[0m
[32m[I 2025-02-08 03:24:32,743][0m Trial 36 finished with value: 1.0697829027466363 and parameters: {'observation_period_num': 25, 'train_rates': 0.9338552962863105, 'learning_rate': 1.2483519682068266e-06, 'batch_size': 82, 'step_size': 8, 'gamma': 0.7873507435058348}. Best is trial 10 with value: 0.03957110157723995.[0m
[32m[I 2025-02-08 03:24:57,372][0m Trial 37 finished with value: 0.5903226697444915 and parameters: {'observation_period_num': 17, 'train_rates': 0.7486697343089511, 'learning_rate': 1.14494135244711e-05, 'batch_size': 246, 'step_size': 3, 'gamma': 0.8408912841363372}. Best is trial 10 with value: 0.03957110157723995.[0m
[32m[I 2025-02-08 03:25:29,816][0m Trial 38 finished with value: 0.9209221117708781 and parameters: {'observation_period_num': 247, 'train_rates': 0.7880085453274028, 'learning_rate': 2.3535789520500187e-06, 'batch_size': 166, 'step_size': 8, 'gamma': 0.7529035077811567}. Best is trial 10 with value: 0.03957110157723995.[0m
[32m[I 2025-02-08 03:26:59,591][0m Trial 39 finished with value: 0.07207585994704188 and parameters: {'observation_period_num': 38, 'train_rates': 0.8790377399538061, 'learning_rate': 2.016031195471846e-05, 'batch_size': 63, 'step_size': 11, 'gamma': 0.8232676122284844}. Best is trial 10 with value: 0.03957110157723995.[0m
[32m[I 2025-02-08 03:28:44,372][0m Trial 40 finished with value: 0.17117750610428295 and parameters: {'observation_period_num': 212, 'train_rates': 0.8128183662601696, 'learning_rate': 0.0002206147451424353, 'batch_size': 48, 'step_size': 13, 'gamma': 0.7765159302185103}. Best is trial 10 with value: 0.03957110157723995.[0m
[32m[I 2025-02-08 03:33:02,640][0m Trial 41 finished with value: 0.0658669109555232 and parameters: {'observation_period_num': 11, 'train_rates': 0.8460701357938059, 'learning_rate': 7.1958524187500925e-06, 'batch_size': 21, 'step_size': 9, 'gamma': 0.8299728708245516}. Best is trial 10 with value: 0.03957110157723995.[0m
[32m[I 2025-02-08 03:37:32,045][0m Trial 42 finished with value: 0.09328770666845201 and parameters: {'observation_period_num': 31, 'train_rates': 0.8290113917648736, 'learning_rate': 4.672426915566779e-06, 'batch_size': 20, 'step_size': 10, 'gamma': 0.7993596660224696}. Best is trial 10 with value: 0.03957110157723995.[0m
[32m[I 2025-02-08 03:40:21,882][0m Trial 43 finished with value: 0.0437121073467822 and parameters: {'observation_period_num': 15, 'train_rates': 0.841523857536336, 'learning_rate': 0.0005270929293904358, 'batch_size': 32, 'step_size': 9, 'gamma': 0.8523604438263169}. Best is trial 10 with value: 0.03957110157723995.[0m
[32m[I 2025-02-08 03:42:49,358][0m Trial 44 finished with value: 0.10608805639878884 and parameters: {'observation_period_num': 51, 'train_rates': 0.7862788007301499, 'learning_rate': 0.000551908652195975, 'batch_size': 35, 'step_size': 7, 'gamma': 0.8504122717700824}. Best is trial 10 with value: 0.03957110157723995.[0m
[32m[I 2025-02-08 03:44:03,970][0m Trial 45 finished with value: 0.051902434467214396 and parameters: {'observation_period_num': 17, 'train_rates': 0.8108403704691093, 'learning_rate': 0.0007063424418666919, 'batch_size': 72, 'step_size': 8, 'gamma': 0.862833079862303}. Best is trial 10 with value: 0.03957110157723995.[0m
[32m[I 2025-02-08 03:44:48,391][0m Trial 46 finished with value: 0.1733171072299788 and parameters: {'observation_period_num': 66, 'train_rates': 0.6357089647738352, 'learning_rate': 0.0004045232079097294, 'batch_size': 105, 'step_size': 11, 'gamma': 0.9040965513865541}. Best is trial 10 with value: 0.03957110157723995.[0m
[32m[I 2025-02-08 03:46:07,568][0m Trial 47 finished with value: 0.2400008085169899 and parameters: {'observation_period_num': 78, 'train_rates': 0.7708992518354133, 'learning_rate': 0.000956546024943261, 'batch_size': 66, 'step_size': 8, 'gamma': 0.8740731891914089}. Best is trial 10 with value: 0.03957110157723995.[0m
[32m[I 2025-02-08 03:47:19,498][0m Trial 48 finished with value: 0.09162656782271611 and parameters: {'observation_period_num': 103, 'train_rates': 0.8073861309369325, 'learning_rate': 0.00029906487790100236, 'batch_size': 75, 'step_size': 5, 'gamma': 0.8615210120485653}. Best is trial 10 with value: 0.03957110157723995.[0m
