[32m[I 2024-11-05 17:18:27,271][0m Trial 55 finished with value: 0.006869492586702108 and parameters: {'learning_rate': 0.000991312984575295, 'batch_size': 46, 'step_size': 2, 'gamma': 0.8147788360234597, 'depth': 4, 'dim': 249}. Best is trial 50 with value: 0.004517225082963705.[0m
[33m[W 2024-11-05 17:19:45,021][0m Trial 56 failed with parameters: {'learning_rate': 0.00037171603206115485, 'batch_size': 88, 'step_size': 3, 'gamma': 0.808441020857348, 'depth': 4, 'dim': 227} because of the following error: KeyboardInterrupt().[0m
Traceback (most recent call last):
  File "/home2/y2021/k2110261/.conda/envs/tensorflow/lib/python3.11/site-packages/optuna/study/_optimize.py", line 197, in _run_trial
    value_or_values = func(trial)
                      ^^^^^^^^^^^
  File "/data/student/k2110261/Multi-iTransformer/optunademo.py", line 144, in <lambda>
    study_trend.optimize(lambda trial: objective(trial, "trend"), n_trials=1)
                                       ^^^^^^^^^^^^^^^^^^^^^^^^^
  File "/data/student/k2110261/Multi-iTransformer/optunademo.py", line 132, in objective
    model, train_loss, valid_loss = train(
                                    ^^^^^^
  File "/data/student/k2110261/Multi-iTransformer/src/train.py", line 31, in train
    output = model(data)
             ^^^^^^^^^^^
  File "/home2/y2021/k2110261/.conda/envs/tensorflow/lib/python3.11/site-packages/torch/nn/modules/module.py", line 1736, in _wrapped_call_impl
    return self._call_impl(*args, **kwargs)
           ^^^^^^^^^^^^^^^^^^^^^^^^^^^^^^^^
  File "/home2/y2021/k2110261/.conda/envs/tensorflow/lib/python3.11/site-packages/torch/nn/modules/module.py", line 1747, in _call_impl
    return forward_call(*args, **kwargs)
           ^^^^^^^^^^^^^^^^^^^^^^^^^^^^^
  File "<@beartype(src.model.iTransformer.forward) at 0x7fb13b6c5f80>", line 66, in forward
  File "/data/student/k2110261/Multi-iTransformer/src/model.py", line 183, in forward
    x, mem_ps = pack([m, x], 'b * d')
                ^^^^^^^^^^^^^^^^^^^^^
  File "/home2/y2021/k2110261/.conda/envs/tensorflow/lib/python3.11/site-packages/einops/packing.py", line 88, in pack
    return backend.concat(reshaped_tensors, axis=n_axes_before), packed_shapes
           ^^^^^^^^^^^^^^^^^^^^^^^^^^^^^^^^^^^^^^^^^^^^^^^^^^^^
  File "/home2/y2021/k2110261/.conda/envs/tensorflow/lib/python3.11/site-packages/einops/_backends.py", line 273, in concat
    return self.torch.cat(tensors, dim=axis)
           ^^^^^^^^^^^^^^^^^^^^^^^^^^^^^^^^^
KeyboardInterrupt
[33m[W 2024-11-05 17:19:45,317][0m Trial 56 failed with value None.[0m
Traceback (most recent call last):
  File "/data/student/k2110261/Multi-iTransformer/optunademo.py", line 144, in <module>
    study_trend.optimize(lambda trial: objective(trial, "trend"), n_trials=1)
  File "/home2/y2021/k2110261/.conda/envs/tensorflow/lib/python3.11/site-packages/optuna/study/study.py", line 475, in optimize
    _optimize(
  File "/home2/y2021/k2110261/.conda/envs/tensorflow/lib/python3.11/site-packages/optuna/study/_optimize.py", line 63, in _optimize
    _optimize_sequential(
  File "/home2/y2021/k2110261/.conda/envs/tensorflow/lib/python3.11/site-packages/optuna/study/_optimize.py", line 160, in _optimize_sequential
    frozen_trial = _run_trial(study, func, catch)
                   ^^^^^^^^^^^^^^^^^^^^^^^^^^^^^^
  File "/home2/y2021/k2110261/.conda/envs/tensorflow/lib/python3.11/site-packages/optuna/study/_optimize.py", line 248, in _run_trial
    raise func_err
  File "/home2/y2021/k2110261/.conda/envs/tensorflow/lib/python3.11/site-packages/optuna/study/_optimize.py", line 197, in _run_trial
    value_or_values = func(trial)
                      ^^^^^^^^^^^
  File "/data/student/k2110261/Multi-iTransformer/optunademo.py", line 144, in <lambda>
    study_trend.optimize(lambda trial: objective(trial, "trend"), n_trials=1)
                                       ^^^^^^^^^^^^^^^^^^^^^^^^^
  File "/data/student/k2110261/Multi-iTransformer/optunademo.py", line 132, in objective
    model, train_loss, valid_loss = train(
                                    ^^^^^^
  File "/data/student/k2110261/Multi-iTransformer/src/train.py", line 31, in train
    output = model(data)
             ^^^^^^^^^^^
  File "/home2/y2021/k2110261/.conda/envs/tensorflow/lib/python3.11/site-packages/torch/nn/modules/module.py", line 1736, in _wrapped_call_impl
    return self._call_impl(*args, **kwargs)
           ^^^^^^^^^^^^^^^^^^^^^^^^^^^^^^^^
  File "/home2/y2021/k2110261/.conda/envs/tensorflow/lib/python3.11/site-packages/torch/nn/modules/module.py", line 1747, in _call_impl
    return forward_call(*args, **kwargs)
           ^^^^^^^^^^^^^^^^^^^^^^^^^^^^^
  File "<@beartype(src.model.iTransformer.forward) at 0x7fb13b6c5f80>", line 66, in forward
  File "/data/student/k2110261/Multi-iTransformer/src/model.py", line 183, in forward
    x, mem_ps = pack([m, x], 'b * d')
                ^^^^^^^^^^^^^^^^^^^^^
  File "/home2/y2021/k2110261/.conda/envs/tensorflow/lib/python3.11/site-packages/einops/packing.py", line 88, in pack
    return backend.concat(reshaped_tensors, axis=n_axes_before), packed_shapes
           ^^^^^^^^^^^^^^^^^^^^^^^^^^^^^^^^^^^^^^^^^^^^^^^^^^^^
  File "/home2/y2021/k2110261/.conda/envs/tensorflow/lib/python3.11/site-packages/einops/_backends.py", line 273, in concat
    return self.torch.cat(tensors, dim=axis)
           ^^^^^^^^^^^^^^^^^^^^^^^^^^^^^^^^^
KeyboardInterrupt
