[32m[I 2025-02-04 14:56:04,072][0m Trial 49 finished with value: 0.04020504219340383 and parameters: {'observation_period_num': 19, 'train_rates': 0.8330958915665009, 'learning_rate': 8.997859862183378e-05, 'batch_size': 33, 'step_size': 2, 'gamma': 0.9610454646567944}. Best is trial 42 with value: 0.0349555596791372.[0m
最適ハイパーパラメータが見つかりました
最適なハイパーパラメータが best_hyperparameters_XOM_iTransformer_noMSTL.json に保存されました
Epoch 1/300, Loss: 0.2192 | 0.2037
Epoch 2/300, Loss: 0.1539 | 0.1936
Epoch 3/300, Loss: 0.1062 | 0.1313
Epoch 4/300, Loss: 0.0916 | 0.1036
Epoch 5/300, Loss: 0.0826 | 0.0856
Epoch 6/300, Loss: 0.0778 | 0.0763
Epoch 7/300, Loss: 0.0757 | 0.0756
Epoch 8/300, Loss: 0.0761 | 0.0786
Epoch 9/300, Loss: 0.0758 | 0.0748
Epoch 10/300, Loss: 0.0720 | 0.0705
Epoch 11/300, Loss: 0.0681 | 0.0695
Epoch 12/300, Loss: 0.0665 | 0.0690
Epoch 13/300, Loss: 0.0653 | 0.0678
Epoch 14/300, Loss: 0.0638 | 0.0678
Epoch 15/300, Loss: 0.0632 | 0.0671
Epoch 16/300, Loss: 0.0622 | 0.0665
Epoch 17/300, Loss: 0.0617 | 0.0679
Epoch 18/300, Loss: 0.0618 | 0.0703
Epoch 19/300, Loss: 0.0604 | 0.0720
Epoch 20/300, Loss: 0.0589 | 0.0694
Epoch 21/300, Loss: 0.0563 | 0.0675
Epoch 22/300, Loss: 0.0544 | 0.0680
Epoch 23/300, Loss: 0.0540 | 0.0675
Epoch 24/300, Loss: 0.0532 | 0.0660
Epoch 25/300, Loss: 0.0519 | 0.0657
Epoch 26/300, Loss: 0.0511 | 0.0653
Epoch 27/300, Loss: 0.0504 | 0.0654
Epoch 28/300, Loss: 0.0501 | 0.0653
Epoch 29/300, Loss: 0.0495 | 0.0639
Epoch 30/300, Loss: 0.0486 | 0.0629
Epoch 31/300, Loss: 0.0480 | 0.0597
Epoch 32/300, Loss: 0.0466 | 0.0549
Epoch 33/300, Loss: 0.0455 | 0.0510
Epoch 34/300, Loss: 0.0443 | 0.0496
Epoch 35/300, Loss: 0.0422 | 0.0482
Epoch 36/300, Loss: 0.0406 | 0.0473
Epoch 37/300, Loss: 0.0400 | 0.0464
Epoch 38/300, Loss: 0.0399 | 0.0463
Epoch 39/300, Loss: 0.0392 | 0.0456
Epoch 40/300, Loss: 0.0386 | 0.0451
Epoch 41/300, Loss: 0.0383 | 0.0450
Epoch 42/300, Loss: 0.0382 | 0.0448
Epoch 43/300, Loss: 0.0377 | 0.0444
Epoch 44/300, Loss: 0.0374 | 0.0441
Epoch 45/300, Loss: 0.0372 | 0.0440
Epoch 46/300, Loss: 0.0370 | 0.0438
Epoch 47/300, Loss: 0.0367 | 0.0436
Epoch 48/300, Loss: 0.0364 | 0.0433
Epoch 49/300, Loss: 0.0363 | 0.0433
Epoch 50/300, Loss: 0.0362 | 0.0431
Epoch 51/300, Loss: 0.0359 | 0.0429
Epoch 52/300, Loss: 0.0358 | 0.0428
Epoch 53/300, Loss: 0.0357 | 0.0427
Epoch 54/300, Loss: 0.0356 | 0.0426
Epoch 55/300, Loss: 0.0355 | 0.0425
Epoch 56/300, Loss: 0.0354 | 0.0424
Epoch 57/300, Loss: 0.0353 | 0.0424
Epoch 58/300, Loss: 0.0353 | 0.0424
Epoch 59/300, Loss: 0.0353 | 0.0424
Epoch 60/300, Loss: 0.0353 | 0.0425
Epoch 61/300, Loss: 0.0355 | 0.0426
Epoch 62/300, Loss: 0.0355 | 0.0426
Epoch 63/300, Loss: 0.0355 | 0.0426
Epoch 64/300, Loss: 0.0353 | 0.0424
Epoch 65/300, Loss: 0.0348 | 0.0422
Epoch 66/300, Loss: 0.0343 | 0.0419
Epoch 67/300, Loss: 0.0337 | 0.0416
Epoch 68/300, Loss: 0.0332 | 0.0414
Epoch 69/300, Loss: 0.0327 | 0.0412
Epoch 70/300, Loss: 0.0322 | 0.0410
Epoch 71/300, Loss: 0.0319 | 0.0409
Epoch 72/300, Loss: 0.0316 | 0.0407
Epoch 73/300, Loss: 0.0313 | 0.0406
Epoch 74/300, Loss: 0.0311 | 0.0405
Epoch 75/300, Loss: 0.0309 | 0.0404
Epoch 76/300, Loss: 0.0308 | 0.0403
Epoch 77/300, Loss: 0.0307 | 0.0402
Epoch 78/300, Loss: 0.0305 | 0.0401
Epoch 79/300, Loss: 0.0304 | 0.0400
Epoch 80/300, Loss: 0.0303 | 0.0399
Epoch 81/300, Loss: 0.0302 | 0.0398
Epoch 82/300, Loss: 0.0301 | 0.0397
Epoch 83/300, Loss: 0.0300 | 0.0397
Epoch 84/300, Loss: 0.0299 | 0.0396
Epoch 85/300, Loss: 0.0298 | 0.0395
Epoch 86/300, Loss: 0.0298 | 0.0395
Epoch 87/300, Loss: 0.0297 | 0.0394
Epoch 88/300, Loss: 0.0296 | 0.0394
Epoch 89/300, Loss: 0.0295 | 0.0394
Epoch 90/300, Loss: 0.0294 | 0.0393
Epoch 91/300, Loss: 0.0294 | 0.0393
Epoch 92/300, Loss: 0.0293 | 0.0392
Epoch 93/300, Loss: 0.0292 | 0.0392
Epoch 94/300, Loss: 0.0291 | 0.0392
Epoch 95/300, Loss: 0.0291 | 0.0391
Epoch 96/300, Loss: 0.0290 | 0.0391
Epoch 97/300, Loss: 0.0290 | 0.0391
Epoch 98/300, Loss: 0.0289 | 0.0390
Epoch 99/300, Loss: 0.0288 | 0.0390
Epoch 100/300, Loss: 0.0288 | 0.0390
Epoch 101/300, Loss: 0.0287 | 0.0390
Epoch 102/300, Loss: 0.0287 | 0.0389
Epoch 103/300, Loss: 0.0286 | 0.0389
Epoch 104/300, Loss: 0.0285 | 0.0389
Epoch 105/300, Loss: 0.0285 | 0.0388
Epoch 106/300, Loss: 0.0284 | 0.0388
Epoch 107/300, Loss: 0.0283 | 0.0388
Epoch 108/300, Loss: 0.0283 | 0.0388
Epoch 109/300, Loss: 0.0282 | 0.0388
Epoch 110/300, Loss: 0.0281 | 0.0387
Epoch 111/300, Loss: 0.0281 | 0.0387
Epoch 112/300, Loss: 0.0280 | 0.0387
Epoch 113/300, Loss: 0.0280 | 0.0387
Epoch 114/300, Loss: 0.0279 | 0.0387
Epoch 115/300, Loss: 0.0279 | 0.0387
Epoch 116/300, Loss: 0.0278 | 0.0387
Epoch 117/300, Loss: 0.0278 | 0.0386
Epoch 118/300, Loss: 0.0277 | 0.0386
Epoch 119/300, Loss: 0.0277 | 0.0386
Epoch 120/300, Loss: 0.0276 | 0.0386
Epoch 121/300, Loss: 0.0276 | 0.0386
Epoch 122/300, Loss: 0.0276 | 0.0386
Epoch 123/300, Loss: 0.0275 | 0.0385
Epoch 124/300, Loss: 0.0275 | 0.0385
Epoch 125/300, Loss: 0.0275 | 0.0385
Epoch 126/300, Loss: 0.0274 | 0.0385
Epoch 127/300, Loss: 0.0274 | 0.0385
Epoch 128/300, Loss: 0.0274 | 0.0385
Epoch 129/300, Loss: 0.0273 | 0.0385
Epoch 130/300, Loss: 0.0273 | 0.0385
Epoch 131/300, Loss: 0.0273 | 0.0384
Epoch 132/300, Loss: 0.0272 | 0.0384
Epoch 133/300, Loss: 0.0272 | 0.0384
Epoch 134/300, Loss: 0.0272 | 0.0384
Epoch 135/300, Loss: 0.0272 | 0.0384
Epoch 136/300, Loss: 0.0271 | 0.0384
Epoch 137/300, Loss: 0.0271 | 0.0384
Epoch 138/300, Loss: 0.0271 | 0.0384
Epoch 139/300, Loss: 0.0271 | 0.0384
Epoch 140/300, Loss: 0.0271 | 0.0383
Epoch 141/300, Loss: 0.0270 | 0.0383
Epoch 142/300, Loss: 0.0270 | 0.0383
Epoch 143/300, Loss: 0.0270 | 0.0383
Epoch 144/300, Loss: 0.0270 | 0.0383
Epoch 145/300, Loss: 0.0270 | 0.0383
Epoch 146/300, Loss: 0.0269 | 0.0383
Epoch 147/300, Loss: 0.0269 | 0.0383
Epoch 148/300, Loss: 0.0269 | 0.0383
Epoch 149/300, Loss: 0.0269 | 0.0383
Epoch 150/300, Loss: 0.0269 | 0.0383
Epoch 151/300, Loss: 0.0269 | 0.0383
Epoch 152/300, Loss: 0.0269 | 0.0382
Epoch 153/300, Loss: 0.0268 | 0.0382
Epoch 154/300, Loss: 0.0268 | 0.0382
Epoch 155/300, Loss: 0.0268 | 0.0382
Epoch 156/300, Loss: 0.0268 | 0.0382
Epoch 157/300, Loss: 0.0268 | 0.0382
Epoch 158/300, Loss: 0.0268 | 0.0382
Epoch 159/300, Loss: 0.0267 | 0.0382
Epoch 160/300, Loss: 0.0267 | 0.0382
Epoch 161/300, Loss: 0.0267 | 0.0381
Epoch 162/300, Loss: 0.0267 | 0.0381
Epoch 163/300, Loss: 0.0267 | 0.0381
Epoch 164/300, Loss: 0.0267 | 0.0381
Epoch 165/300, Loss: 0.0267 | 0.0381
Epoch 166/300, Loss: 0.0266 | 0.0381
Epoch 167/300, Loss: 0.0266 | 0.0381
Epoch 168/300, Loss: 0.0266 | 0.0381
Epoch 169/300, Loss: 0.0266 | 0.0381
Epoch 170/300, Loss: 0.0266 | 0.0381
Epoch 171/300, Loss: 0.0266 | 0.0381
Epoch 172/300, Loss: 0.0266 | 0.0381
Epoch 173/300, Loss: 0.0265 | 0.0381
Epoch 174/300, Loss: 0.0265 | 0.0381
Epoch 175/300, Loss: 0.0265 | 0.0381
Epoch 176/300, Loss: 0.0265 | 0.0380
Epoch 177/300, Loss: 0.0265 | 0.0380
Epoch 178/300, Loss: 0.0265 | 0.0380
Epoch 179/300, Loss: 0.0265 | 0.0380
Epoch 180/300, Loss: 0.0265 | 0.0380
Epoch 181/300, Loss: 0.0265 | 0.0380
Epoch 182/300, Loss: 0.0265 | 0.0380
Epoch 183/300, Loss: 0.0264 | 0.0380
Epoch 184/300, Loss: 0.0264 | 0.0380
Epoch 185/300, Loss: 0.0264 | 0.0380
Epoch 186/300, Loss: 0.0264 | 0.0380
Epoch 187/300, Loss: 0.0264 | 0.0380
Epoch 188/300, Loss: 0.0264 | 0.0380
Epoch 189/300, Loss: 0.0264 | 0.0380
Epoch 190/300, Loss: 0.0264 | 0.0380
Epoch 191/300, Loss: 0.0264 | 0.0380
Epoch 192/300, Loss: 0.0264 | 0.0380
Epoch 193/300, Loss: 0.0264 | 0.0380
Epoch 194/300, Loss: 0.0264 | 0.0380
Epoch 195/300, Loss: 0.0264 | 0.0380
Epoch 196/300, Loss: 0.0263 | 0.0380
Epoch 197/300, Loss: 0.0263 | 0.0380
Epoch 198/300, Loss: 0.0263 | 0.0380
Epoch 199/300, Loss: 0.0263 | 0.0380
Epoch 200/300, Loss: 0.0263 | 0.0380
Epoch 201/300, Loss: 0.0263 | 0.0380
Epoch 202/300, Loss: 0.0263 | 0.0380
Epoch 203/300, Loss: 0.0263 | 0.0380
Epoch 204/300, Loss: 0.0263 | 0.0380
Epoch 205/300, Loss: 0.0263 | 0.0380
Epoch 206/300, Loss: 0.0263 | 0.0380
Epoch 207/300, Loss: 0.0263 | 0.0380
Epoch 208/300, Loss: 0.0263 | 0.0380
Epoch 209/300, Loss: 0.0263 | 0.0380
Epoch 210/300, Loss: 0.0263 | 0.0380
Epoch 211/300, Loss: 0.0263 | 0.0380
Epoch 212/300, Loss: 0.0263 | 0.0380
Epoch 213/300, Loss: 0.0263 | 0.0380
Epoch 214/300, Loss: 0.0263 | 0.0380
Epoch 215/300, Loss: 0.0263 | 0.0380
Epoch 216/300, Loss: 0.0263 | 0.0380
Epoch 217/300, Loss: 0.0263 | 0.0380
Epoch 218/300, Loss: 0.0262 | 0.0380
Epoch 219/300, Loss: 0.0262 | 0.0380
Epoch 220/300, Loss: 0.0262 | 0.0380
Epoch 221/300, Loss: 0.0262 | 0.0380
Epoch 222/300, Loss: 0.0262 | 0.0380
Epoch 223/300, Loss: 0.0262 | 0.0380
Epoch 224/300, Loss: 0.0262 | 0.0380
Epoch 225/300, Loss: 0.0262 | 0.0379
Epoch 226/300, Loss: 0.0262 | 0.0379
Epoch 227/300, Loss: 0.0262 | 0.0379
Epoch 228/300, Loss: 0.0262 | 0.0379
Epoch 229/300, Loss: 0.0262 | 0.0379
Epoch 230/300, Loss: 0.0262 | 0.0379
Epoch 231/300, Loss: 0.0262 | 0.0379
Epoch 232/300, Loss: 0.0262 | 0.0379
Epoch 233/300, Loss: 0.0262 | 0.0379
Epoch 234/300, Loss: 0.0262 | 0.0379
Epoch 235/300, Loss: 0.0262 | 0.0379
Epoch 236/300, Loss: 0.0262 | 0.0379
Epoch 237/300, Loss: 0.0262 | 0.0379
Epoch 238/300, Loss: 0.0262 | 0.0379
Epoch 239/300, Loss: 0.0262 | 0.0379
Epoch 240/300, Loss: 0.0262 | 0.0379
Epoch 241/300, Loss: 0.0262 | 0.0379
Epoch 242/300, Loss: 0.0262 | 0.0379
Epoch 243/300, Loss: 0.0262 | 0.0379
Epoch 244/300, Loss: 0.0262 | 0.0379
Epoch 245/300, Loss: 0.0262 | 0.0379
Epoch 246/300, Loss: 0.0262 | 0.0379
Epoch 247/300, Loss: 0.0262 | 0.0379
Epoch 248/300, Loss: 0.0262 | 0.0379
Epoch 249/300, Loss: 0.0262 | 0.0379
Epoch 250/300, Loss: 0.0262 | 0.0379
Epoch 251/300, Loss: 0.0262 | 0.0379
Epoch 252/300, Loss: 0.0262 | 0.0379
Epoch 253/300, Loss: 0.0262 | 0.0379
Epoch 254/300, Loss: 0.0262 | 0.0379
Epoch 255/300, Loss: 0.0262 | 0.0379
Epoch 256/300, Loss: 0.0262 | 0.0379
Epoch 257/300, Loss: 0.0262 | 0.0379
Epoch 258/300, Loss: 0.0262 | 0.0379
Epoch 259/300, Loss: 0.0262 | 0.0379
Epoch 260/300, Loss: 0.0262 | 0.0379
Epoch 261/300, Loss: 0.0262 | 0.0379
Epoch 262/300, Loss: 0.0262 | 0.0379
Epoch 263/300, Loss: 0.0262 | 0.0379
Epoch 264/300, Loss: 0.0262 | 0.0379
Epoch 265/300, Loss: 0.0262 | 0.0379
Epoch 266/300, Loss: 0.0262 | 0.0379
Epoch 267/300, Loss: 0.0262 | 0.0379
Epoch 268/300, Loss: 0.0262 | 0.0379
Epoch 269/300, Loss: 0.0262 | 0.0379
Epoch 270/300, Loss: 0.0262 | 0.0379
Epoch 271/300, Loss: 0.0262 | 0.0379
Epoch 272/300, Loss: 0.0262 | 0.0379
Epoch 273/300, Loss: 0.0262 | 0.0379
Epoch 274/300, Loss: 0.0262 | 0.0379
Epoch 275/300, Loss: 0.0262 | 0.0379
Epoch 276/300, Loss: 0.0262 | 0.0379
Epoch 277/300, Loss: 0.0262 | 0.0379
Epoch 278/300, Loss: 0.0262 | 0.0379
Epoch 279/300, Loss: 0.0262 | 0.0379
Epoch 280/300, Loss: 0.0262 | 0.0379
Epoch 281/300, Loss: 0.0262 | 0.0379
Epoch 282/300, Loss: 0.0262 | 0.0379
Epoch 283/300, Loss: 0.0262 | 0.0379
Epoch 284/300, Loss: 0.0262 | 0.0379
Epoch 285/300, Loss: 0.0261 | 0.0379
Epoch 286/300, Loss: 0.0261 | 0.0379
Epoch 287/300, Loss: 0.0261 | 0.0379
Epoch 288/300, Loss: 0.0261 | 0.0379
Epoch 289/300, Loss: 0.0261 | 0.0379
Epoch 290/300, Loss: 0.0261 | 0.0379
Epoch 291/300, Loss: 0.0261 | 0.0379
Epoch 292/300, Loss: 0.0261 | 0.0379
Epoch 293/300, Loss: 0.0261 | 0.0379
Epoch 294/300, Loss: 0.0261 | 0.0379
Epoch 295/300, Loss: 0.0261 | 0.0379
Epoch 296/300, Loss: 0.0261 | 0.0379
Epoch 297/300, Loss: 0.0261 | 0.0379
Epoch 298/300, Loss: 0.0261 | 0.0379
Epoch 299/300, Loss: 0.0261 | 0.0379
Epoch 300/300, Loss: 0.0261 | 0.0379
Runtime (seconds): 290.4916636943817
/home2/y2021/k2110261/.conda/envs/tensorflow/lib/python3.11/site-packages/sklearn/metrics/_regression.py:1266: UndefinedMetricWarning: R^2 score is not well-defined with less than two samples.
  warnings.warn(msg, UndefinedMetricWarning)
MSE: 1.4410731979296543
RMSE: 1.2004470825195312
MAE: 1.2004470825195312
R-squared: nan
[106.71045]
