[32m[I 2025-01-11 10:07:24,201][0m Trial 12 finished with value: 0.05441610598936677 and parameters: {'observation_period_num': 86, 'train_rates': 0.9860597574712459, 'learning_rate': 0.0001723178559364284, 'batch_size': 27, 'step_size': 15, 'gamma': 0.9149099970818448}. Best is trial 6 with value: 0.04759276746878407.[0m
[32m[I 2025-01-11 10:08:21,626][0m Trial 13 finished with value: 0.34524538192567944 and parameters: {'observation_period_num': 97, 'train_rates': 0.8616537912101834, 'learning_rate': 2.065529265475189e-05, 'batch_size': 93, 'step_size': 7, 'gamma': 0.8597495860541126}. Best is trial 6 with value: 0.04759276746878407.[0m
[32m[I 2025-01-11 10:09:56,055][0m Trial 14 finished with value: 0.09177009340484771 and parameters: {'observation_period_num': 6, 'train_rates': 0.9190846540920989, 'learning_rate': 2.0256521841772075e-05, 'batch_size': 59, 'step_size': 11, 'gamma': 0.7981071021540171}. Best is trial 6 with value: 0.04759276746878407.[0m
[32m[I 2025-01-11 10:10:51,450][0m Trial 15 finished with value: 0.08266244166427189 and parameters: {'observation_period_num': 113, 'train_rates': 0.8668802093209071, 'learning_rate': 0.00012856701994707733, 'batch_size': 98, 'step_size': 15, 'gamma': 0.9004772668425223}. Best is trial 6 with value: 0.04759276746878407.[0m
[32m[I 2025-01-11 10:13:19,969][0m Trial 16 finished with value: 0.0890762848513467 and parameters: {'observation_period_num': 68, 'train_rates': 0.9540415321789522, 'learning_rate': 0.00022045624551597176, 'batch_size': 38, 'step_size': 7, 'gamma': 0.936184653463666}. Best is trial 6 with value: 0.04759276746878407.[0m
[32m[I 2025-01-11 10:14:03,294][0m Trial 17 finished with value: 0.07647261926025714 and parameters: {'observation_period_num': 182, 'train_rates': 0.8088409985604497, 'learning_rate': 0.0009796161117786454, 'batch_size': 116, 'step_size': 10, 'gamma': 0.8699164554487719}. Best is trial 6 with value: 0.04759276746878407.[0m
[32m[I 2025-01-11 10:15:33,067][0m Trial 18 finished with value: 0.06707865681992956 and parameters: {'observation_period_num': 11, 'train_rates': 0.8873304933376874, 'learning_rate': 4.05622897430034e-05, 'batch_size': 62, 'step_size': 13, 'gamma': 0.8099896434425837}. Best is trial 6 with value: 0.04759276746878407.[0m
[32m[I 2025-01-11 10:16:12,435][0m Trial 19 finished with value: 0.1164439469575882 and parameters: {'observation_period_num': 136, 'train_rates': 0.9522111144469488, 'learning_rate': 0.00021721197235192769, 'batch_size': 146, 'step_size': 7, 'gamma': 0.8885073156570925}. Best is trial 6 with value: 0.04759276746878407.[0m
[32m[I 2025-01-11 10:20:20,274][0m Trial 20 finished with value: 0.15861501672564174 and parameters: {'observation_period_num': 67, 'train_rates': 0.7657008894115692, 'learning_rate': 7.140116543906716e-06, 'batch_size': 19, 'step_size': 11, 'gamma': 0.9338162575745663}. Best is trial 6 with value: 0.04759276746878407.[0m
[32m[I 2025-01-11 10:22:59,207][0m Trial 21 finished with value: 0.06603602177285134 and parameters: {'observation_period_num': 88, 'train_rates': 0.9838566460662531, 'learning_rate': 0.0002040337993115157, 'batch_size': 36, 'step_size': 15, 'gamma': 0.9170959650923631}. Best is trial 6 with value: 0.04759276746878407.[0m
[32m[I 2025-01-11 10:28:43,543][0m Trial 22 finished with value: 0.06706436211713637 and parameters: {'observation_period_num': 110, 'train_rates': 0.965481436519631, 'learning_rate': 0.00011467343913244333, 'batch_size': 16, 'step_size': 15, 'gamma': 0.9182900825934561}. Best is trial 6 with value: 0.04759276746878407.[0m
[32m[I 2025-01-11 10:30:57,239][0m Trial 23 finished with value: 0.0630017340183258 and parameters: {'observation_period_num': 73, 'train_rates': 0.9288227265684837, 'learning_rate': 0.000194601502055065, 'batch_size': 41, 'step_size': 14, 'gamma': 0.9546439970224824}. Best is trial 6 with value: 0.04759276746878407.[0m
[32m[I 2025-01-11 10:32:06,688][0m Trial 24 finished with value: 0.0646919359271301 and parameters: {'observation_period_num': 28, 'train_rates': 0.8879068736341413, 'learning_rate': 6.884496093093677e-05, 'batch_size': 79, 'step_size': 12, 'gamma': 0.8873799862243904}. Best is trial 6 with value: 0.04759276746878407.[0m
[32m[I 2025-01-11 10:34:31,939][0m Trial 25 finished with value: 0.16502511501312256 and parameters: {'observation_period_num': 120, 'train_rates': 0.9894945550565318, 'learning_rate': 2.7166370896920283e-05, 'batch_size': 39, 'step_size': 14, 'gamma': 0.8481869913604976}. Best is trial 6 with value: 0.04759276746878407.[0m
[32m[I 2025-01-11 10:35:49,884][0m Trial 26 finished with value: 0.06521375922124777 and parameters: {'observation_period_num': 55, 'train_rates': 0.9540200701734894, 'learning_rate': 0.00033521440594286105, 'batch_size': 74, 'step_size': 11, 'gamma': 0.9156757395904174}. Best is trial 6 with value: 0.04759276746878407.[0m
[32m[I 2025-01-11 10:36:41,287][0m Trial 27 finished with value: 0.09889533230188217 and parameters: {'observation_period_num': 159, 'train_rates': 0.8425080397388112, 'learning_rate': 0.0001501301767888275, 'batch_size': 101, 'step_size': 9, 'gamma': 0.816606562471315}. Best is trial 6 with value: 0.04759276746878407.[0m
[32m[I 2025-01-11 10:38:00,192][0m Trial 28 finished with value: 0.3098379431624028 and parameters: {'observation_period_num': 99, 'train_rates': 0.6043317133103621, 'learning_rate': 8.658571687885276e-05, 'batch_size': 52, 'step_size': 12, 'gamma': 0.8814380562341348}. Best is trial 6 with value: 0.04759276746878407.[0m
[32m[I 2025-01-11 10:40:59,127][0m Trial 29 finished with value: 0.06133150594751183 and parameters: {'observation_period_num': 79, 'train_rates': 0.9034425047629676, 'learning_rate': 0.00033312761751491687, 'batch_size': 30, 'step_size': 14, 'gamma': 0.9009198984482294}. Best is trial 6 with value: 0.04759276746878407.[0m
[32m[I 2025-01-11 10:41:33,541][0m Trial 30 finished with value: 0.6722074757019679 and parameters: {'observation_period_num': 150, 'train_rates': 0.9357798459779592, 'learning_rate': 1.4378817043775644e-05, 'batch_size': 174, 'step_size': 8, 'gamma': 0.7821018183900458}. Best is trial 6 with value: 0.04759276746878407.[0m
[32m[I 2025-01-11 10:42:02,942][0m Trial 31 finished with value: 0.05773354678891087 and parameters: {'observation_period_num': 39, 'train_rates': 0.7751352604588356, 'learning_rate': 0.0004658791347847032, 'batch_size': 178, 'step_size': 13, 'gamma': 0.834373530521298}. Best is trial 6 with value: 0.04759276746878407.[0m
[32m[I 2025-01-11 10:42:32,366][0m Trial 32 finished with value: 0.0828522483818233 and parameters: {'observation_period_num': 54, 'train_rates': 0.737820712864984, 'learning_rate': 0.0004132969282592766, 'batch_size': 171, 'step_size': 14, 'gamma': 0.8502853542212793}. Best is trial 6 with value: 0.04759276746878407.[0m
[32m[I 2025-01-11 10:42:59,097][0m Trial 33 finished with value: 0.04045137505227622 and parameters: {'observation_period_num': 26, 'train_rates': 0.8203562967858251, 'learning_rate': 0.0009401849474394205, 'batch_size': 200, 'step_size': 13, 'gamma': 0.8266745550238258}. Best is trial 33 with value: 0.04045137505227622.[0m
[32m[I 2025-01-11 10:43:25,677][0m Trial 34 finished with value: 0.052767338478840846 and parameters: {'observation_period_num': 22, 'train_rates': 0.8229812091072136, 'learning_rate': 0.0008774385424050834, 'batch_size': 207, 'step_size': 5, 'gamma': 0.8233943490065762}. Best is trial 33 with value: 0.04045137505227622.[0m
[32m[I 2025-01-11 10:43:50,186][0m Trial 35 finished with value: 0.07381303936516473 and parameters: {'observation_period_num': 21, 'train_rates': 0.8140955483418857, 'learning_rate': 0.0007461105893381159, 'batch_size': 224, 'step_size': 3, 'gamma': 0.8206921427497726}. Best is trial 33 with value: 0.04045137505227622.[0m
[32m[I 2025-01-11 10:44:14,637][0m Trial 36 finished with value: 0.05717363131457362 and parameters: {'observation_period_num': 17, 'train_rates': 0.8320048903803802, 'learning_rate': 0.0008912202674504944, 'batch_size': 227, 'step_size': 4, 'gamma': 0.7907253601054017}. Best is trial 33 with value: 0.04045137505227622.[0m
[32m[I 2025-01-11 10:44:43,066][0m Trial 37 finished with value: 0.07963223437347063 and parameters: {'observation_period_num': 45, 'train_rates': 0.8589206144796431, 'learning_rate': 0.00030705442651517015, 'batch_size': 194, 'step_size': 6, 'gamma': 0.8274081782001562}. Best is trial 33 with value: 0.04045137505227622.[0m
Early stopping at epoch 42
[32m[I 2025-01-11 10:44:57,456][0m Trial 38 finished with value: 2.22871214353022 and parameters: {'observation_period_num': 28, 'train_rates': 0.7471073182004335, 'learning_rate': 2.4221828281510025e-06, 'batch_size': 157, 'step_size': 1, 'gamma': 0.8044193268110856}. Best is trial 33 with value: 0.04045137505227622.[0m
[32m[I 2025-01-11 10:45:20,066][0m Trial 39 finished with value: 0.10566754176960153 and parameters: {'observation_period_num': 52, 'train_rates': 0.7967172716140783, 'learning_rate': 0.000542133613858504, 'batch_size': 238, 'step_size': 5, 'gamma': 0.7648677428314689}. Best is trial 33 with value: 0.04045137505227622.[0m
[32m[I 2025-01-11 10:45:46,526][0m Trial 40 finished with value: 0.25963242564004724 and parameters: {'observation_period_num': 64, 'train_rates': 0.8322449622089383, 'learning_rate': 6.121465053541215e-05, 'batch_size': 206, 'step_size': 10, 'gamma': 0.8601805483295106}. Best is trial 33 with value: 0.04045137505227622.[0m
[32m[I 2025-01-11 10:46:16,901][0m Trial 41 finished with value: 0.06457299313374928 and parameters: {'observation_period_num': 38, 'train_rates': 0.8846897187101718, 'learning_rate': 0.0002845753242897189, 'batch_size': 192, 'step_size': 3, 'gamma': 0.989379994854423}. Best is trial 33 with value: 0.04045137505227622.[0m
[32m[I 2025-01-11 10:47:04,306][0m Trial 42 finished with value: 0.07525478303432465 and parameters: {'observation_period_num': 82, 'train_rates': 0.9717388301572322, 'learning_rate': 0.000605105663483578, 'batch_size': 124, 'step_size': 2, 'gamma': 0.9458350718270867}. Best is trial 33 with value: 0.04045137505227622.[0m
[32m[I 2025-01-11 10:47:30,622][0m Trial 43 finished with value: 0.15539977426234358 and parameters: {'observation_period_num': 102, 'train_rates': 0.9091230634895585, 'learning_rate': 0.0001630179727408333, 'batch_size': 218, 'step_size': 13, 'gamma': 0.8448325744694807}. Best is trial 33 with value: 0.04045137505227622.[0m
[32m[I 2025-01-11 10:48:51,085][0m Trial 44 finished with value: 0.033807881629813914 and parameters: {'observation_period_num': 6, 'train_rates': 0.9359439916256783, 'learning_rate': 0.0009951404550119485, 'batch_size': 71, 'step_size': 8, 'gamma': 0.873297258564811}. Best is trial 44 with value: 0.033807881629813914.[0m
[32m[I 2025-01-11 10:50:10,388][0m Trial 45 finished with value: 0.030313233858146143 and parameters: {'observation_period_num': 8, 'train_rates': 0.9042617893974346, 'learning_rate': 0.0009818737100685557, 'batch_size': 71, 'step_size': 8, 'gamma': 0.8731808613274266}. Best is trial 45 with value: 0.030313233858146143.[0m
[32m[I 2025-01-11 10:51:19,222][0m Trial 46 finished with value: 0.030704815243560123 and parameters: {'observation_period_num': 5, 'train_rates': 0.8747582251788678, 'learning_rate': 0.0007477786014489872, 'batch_size': 80, 'step_size': 8, 'gamma': 0.8719090822260346}. Best is trial 45 with value: 0.030313233858146143.[0m
[32m[I 2025-01-11 10:52:22,723][0m Trial 47 finished with value: 0.033220875950664586 and parameters: {'observation_period_num': 5, 'train_rates': 0.8685229603905854, 'learning_rate': 0.0006361333140302714, 'batch_size': 86, 'step_size': 8, 'gamma': 0.8750845187170194}. Best is trial 45 with value: 0.030313233858146143.[0m
[32m[I 2025-01-11 10:53:23,672][0m Trial 48 finished with value: 0.0305920522660017 and parameters: {'observation_period_num': 5, 'train_rates': 0.8679641658083762, 'learning_rate': 0.0007042697546464776, 'batch_size': 89, 'step_size': 8, 'gamma': 0.8625140163497113}. Best is trial 45 with value: 0.030313233858146143.[0m
