[32m[I 2025-01-11 04:39:20,984][0m Trial 15 finished with value: 0.07471362240158202 and parameters: {'observation_period_num': 57, 'train_rates': 0.8868270627955837, 'learning_rate': 6.849503296286178e-05, 'batch_size': 62, 'step_size': 11, 'gamma': 0.8367383908542094}. Best is trial 12 with value: 0.06518908822304242.[0m
[32m[I 2025-01-11 04:40:05,297][0m Trial 16 finished with value: 0.11941346566933785 and parameters: {'observation_period_num': 45, 'train_rates': 0.9057814087387792, 'learning_rate': 6.364208511469059e-05, 'batch_size': 131, 'step_size': 11, 'gamma': 0.8627578454325895}. Best is trial 12 with value: 0.06518908822304242.[0m
[32m[I 2025-01-11 04:41:26,755][0m Trial 17 finished with value: 0.06838712783453507 and parameters: {'observation_period_num': 48, 'train_rates': 0.8249169293538824, 'learning_rate': 7.71643277839343e-05, 'batch_size': 63, 'step_size': 12, 'gamma': 0.8042732550562199}. Best is trial 12 with value: 0.06518908822304242.[0m
[32m[I 2025-01-11 04:42:00,065][0m Trial 18 finished with value: 0.05578618937713293 and parameters: {'observation_period_num': 18, 'train_rates': 0.8260297528065851, 'learning_rate': 0.00037409782943962505, 'batch_size': 163, 'step_size': 9, 'gamma': 0.7937589728324397}. Best is trial 18 with value: 0.05578618937713293.[0m
[32m[I 2025-01-11 04:42:33,292][0m Trial 19 finished with value: 0.046584400905038195 and parameters: {'observation_period_num': 7, 'train_rates': 0.8210528694359012, 'learning_rate': 0.0003795542836489579, 'batch_size': 169, 'step_size': 9, 'gamma': 0.8080346666845432}. Best is trial 19 with value: 0.046584400905038195.[0m
[32m[I 2025-01-11 04:43:03,687][0m Trial 20 finished with value: 0.05544850720643774 and parameters: {'observation_period_num': 7, 'train_rates': 0.8187046231507209, 'learning_rate': 0.0003535445615074627, 'batch_size': 185, 'step_size': 9, 'gamma': 0.80358788084391}. Best is trial 19 with value: 0.046584400905038195.[0m
[32m[I 2025-01-11 04:43:32,388][0m Trial 21 finished with value: 0.05911066690716175 and parameters: {'observation_period_num': 7, 'train_rates': 0.8148222299560425, 'learning_rate': 0.0004884675291191698, 'batch_size': 196, 'step_size': 7, 'gamma': 0.8045155664935679}. Best is trial 19 with value: 0.046584400905038195.[0m
[32m[I 2025-01-11 04:44:04,667][0m Trial 22 finished with value: 0.06190149658129889 and parameters: {'observation_period_num': 24, 'train_rates': 0.8479080939937638, 'learning_rate': 0.0003737425151392497, 'batch_size': 177, 'step_size': 9, 'gamma': 0.8071492753290366}. Best is trial 19 with value: 0.046584400905038195.[0m
[32m[I 2025-01-11 04:44:29,377][0m Trial 23 finished with value: 0.07146064004316194 and parameters: {'observation_period_num': 20, 'train_rates': 0.784801013946222, 'learning_rate': 0.0003873029419195427, 'batch_size': 222, 'step_size': 6, 'gamma': 0.7798604426824365}. Best is trial 19 with value: 0.046584400905038195.[0m
[32m[I 2025-01-11 04:45:07,662][0m Trial 24 finished with value: 0.07241179775900958 and parameters: {'observation_period_num': 63, 'train_rates': 0.9290801145728189, 'learning_rate': 0.00033985024934803917, 'batch_size': 157, 'step_size': 9, 'gamma': 0.862429316674598}. Best is trial 19 with value: 0.046584400905038195.[0m
[32m[I 2025-01-11 04:45:38,178][0m Trial 25 finished with value: 0.19246955143828545 and parameters: {'observation_period_num': 30, 'train_rates': 0.8515744036039598, 'learning_rate': 9.473420633898915e-05, 'batch_size': 185, 'step_size': 6, 'gamma': 0.8028817326108737}. Best is trial 19 with value: 0.046584400905038195.[0m
[32m[I 2025-01-11 04:46:17,845][0m Trial 26 finished with value: 0.03650419510672117 and parameters: {'observation_period_num': 7, 'train_rates': 0.8008930482270435, 'learning_rate': 0.0005487517920453237, 'batch_size': 132, 'step_size': 9, 'gamma': 0.8812349606900016}. Best is trial 26 with value: 0.03650419510672117.[0m
[32m[I 2025-01-11 04:46:55,879][0m Trial 27 finished with value: 0.06076118576403564 and parameters: {'observation_period_num': 66, 'train_rates': 0.7652133398283443, 'learning_rate': 0.000992268430603905, 'batch_size': 134, 'step_size': 10, 'gamma': 0.8870995626756688}. Best is trial 26 with value: 0.03650419510672117.[0m
[32m[I 2025-01-11 04:47:39,748][0m Trial 28 finished with value: 0.125431627035141 and parameters: {'observation_period_num': 118, 'train_rates': 0.7988671956461847, 'learning_rate': 0.0001067908024977517, 'batch_size': 114, 'step_size': 6, 'gamma': 0.8916320389616061}. Best is trial 26 with value: 0.03650419510672117.[0m
[32m[I 2025-01-11 04:48:07,961][0m Trial 29 finished with value: 0.1555233527093906 and parameters: {'observation_period_num': 37, 'train_rates': 0.8605402224226825, 'learning_rate': 4.747072055510012e-05, 'batch_size': 208, 'step_size': 15, 'gamma': 0.8208773573354801}. Best is trial 26 with value: 0.03650419510672117.[0m
[32m[I 2025-01-11 04:48:31,299][0m Trial 30 finished with value: 0.0733751951206115 and parameters: {'observation_period_num': 36, 'train_rates': 0.7341963004555475, 'learning_rate': 0.0005678245168688451, 'batch_size': 234, 'step_size': 13, 'gamma': 0.855777622190587}. Best is trial 26 with value: 0.03650419510672117.[0m
[32m[I 2025-01-11 04:49:04,690][0m Trial 31 finished with value: 0.054982994562756696 and parameters: {'observation_period_num': 5, 'train_rates': 0.8082007559006633, 'learning_rate': 0.00028866396819652955, 'batch_size': 162, 'step_size': 9, 'gamma': 0.7836466810340361}. Best is trial 26 with value: 0.03650419510672117.[0m
[32m[I 2025-01-11 04:49:40,010][0m Trial 32 finished with value: 0.05781927471030123 and parameters: {'observation_period_num': 7, 'train_rates': 0.8002698733251588, 'learning_rate': 0.0002451824596203186, 'batch_size': 151, 'step_size': 10, 'gamma': 0.7703749185439267}. Best is trial 26 with value: 0.03650419510672117.[0m
[32m[I 2025-01-11 04:50:09,194][0m Trial 33 finished with value: 0.048222315895009596 and parameters: {'observation_period_num': 5, 'train_rates': 0.7525007128008592, 'learning_rate': 0.0006393106861349992, 'batch_size': 182, 'step_size': 7, 'gamma': 0.8185848666291574}. Best is trial 26 with value: 0.03650419510672117.[0m
[32m[I 2025-01-11 04:50:37,240][0m Trial 34 finished with value: 0.06105042626443891 and parameters: {'observation_period_num': 26, 'train_rates': 0.6912419197794412, 'learning_rate': 0.0005945576617589428, 'batch_size': 171, 'step_size': 7, 'gamma': 0.989856897564005}. Best is trial 26 with value: 0.03650419510672117.[0m
[32m[I 2025-01-11 04:51:19,098][0m Trial 35 finished with value: 1.3185111718360933 and parameters: {'observation_period_num': 52, 'train_rates': 0.7576256072158108, 'learning_rate': 1.0627820000716414e-06, 'batch_size': 120, 'step_size': 7, 'gamma': 0.8496961442317157}. Best is trial 26 with value: 0.03650419510672117.[0m
[32m[I 2025-01-11 04:51:53,070][0m Trial 36 finished with value: 0.5252484735955886 and parameters: {'observation_period_num': 19, 'train_rates': 0.7027476095152732, 'learning_rate': 1.1428862458598147e-05, 'batch_size': 147, 'step_size': 10, 'gamma': 0.81961043627399}. Best is trial 26 with value: 0.03650419510672117.[0m
[32m[I 2025-01-11 04:52:23,049][0m Trial 37 finished with value: 0.0873623328047235 and parameters: {'observation_period_num': 69, 'train_rates': 0.7837798015739342, 'learning_rate': 0.0006408081659957936, 'batch_size': 166, 'step_size': 5, 'gamma': 0.7767807920952774}. Best is trial 26 with value: 0.03650419510672117.[0m
[32m[I 2025-01-11 04:52:50,168][0m Trial 38 finished with value: 0.08986879326403141 and parameters: {'observation_period_num': 34, 'train_rates': 0.7366434142687853, 'learning_rate': 0.00026827915056459894, 'batch_size': 192, 'step_size': 7, 'gamma': 0.8194986035359476}. Best is trial 26 with value: 0.03650419510672117.[0m
[32m[I 2025-01-11 04:53:26,662][0m Trial 39 finished with value: 0.13019617026353755 and parameters: {'observation_period_num': 134, 'train_rates': 0.7088794855487948, 'learning_rate': 0.00012142464878720363, 'batch_size': 127, 'step_size': 8, 'gamma': 0.9020970791948402}. Best is trial 26 with value: 0.03650419510672117.[0m
[32m[I 2025-01-11 04:54:12,860][0m Trial 40 finished with value: 0.07836553103679532 and parameters: {'observation_period_num': 162, 'train_rates': 0.7736141533568978, 'learning_rate': 0.0009912433217487584, 'batch_size': 103, 'step_size': 5, 'gamma': 0.8790530600430414}. Best is trial 26 with value: 0.03650419510672117.[0m
[32m[I 2025-01-11 04:54:43,866][0m Trial 41 finished with value: 0.06083607153982675 and parameters: {'observation_period_num': 5, 'train_rates': 0.8384467748750838, 'learning_rate': 0.0003026336004363258, 'batch_size': 184, 'step_size': 9, 'gamma': 0.7911154383258835}. Best is trial 26 with value: 0.03650419510672117.[0m
[32m[I 2025-01-11 04:55:12,423][0m Trial 42 finished with value: 0.07078530051206287 and parameters: {'observation_period_num': 15, 'train_rates': 0.812292275479821, 'learning_rate': 0.0004895724174442517, 'batch_size': 198, 'step_size': 9, 'gamma': 0.7897703739715906}. Best is trial 26 with value: 0.03650419510672117.[0m
[32m[I 2025-01-11 04:55:44,983][0m Trial 43 finished with value: 0.035571678541600704 and parameters: {'observation_period_num': 13, 'train_rates': 0.8641213259034833, 'learning_rate': 0.0007199296523659778, 'batch_size': 175, 'step_size': 8, 'gamma': 0.8752623299537569}. Best is trial 43 with value: 0.035571678541600704.[0m
[32m[I 2025-01-11 04:56:15,218][0m Trial 44 finished with value: 0.06453430401470756 and parameters: {'observation_period_num': 44, 'train_rates': 0.6791028894793, 'learning_rate': 0.0006663816865692823, 'batch_size': 157, 'step_size': 10, 'gamma': 0.8753760106923196}. Best is trial 43 with value: 0.035571678541600704.[0m
[32m[I 2025-01-11 04:56:45,632][0m Trial 45 finished with value: 0.09033402004846433 and parameters: {'observation_period_num': 221, 'train_rates': 0.8707707467214763, 'learning_rate': 0.0004826954666464235, 'batch_size': 175, 'step_size': 8, 'gamma': 0.9274829417396073}. Best is trial 43 with value: 0.035571678541600704.[0m
[32m[I 2025-01-11 04:57:09,444][0m Trial 46 finished with value: 1.3229429721832275 and parameters: {'observation_period_num': 29, 'train_rates': 0.9178117398248892, 'learning_rate': 4.3189796063437476e-06, 'batch_size': 253, 'step_size': 8, 'gamma': 0.902046700845244}. Best is trial 43 with value: 0.035571678541600704.[0m
[32m[I 2025-01-11 04:57:45,616][0m Trial 47 finished with value: 0.03872024939984691 and parameters: {'observation_period_num': 16, 'train_rates': 0.7497125973576663, 'learning_rate': 0.0007466850051084543, 'batch_size': 142, 'step_size': 12, 'gamma': 0.8465030011553095}. Best is trial 43 with value: 0.035571678541600704.[0m
[32m[I 2025-01-11 04:58:18,824][0m Trial 48 finished with value: 0.08046500997510023 and parameters: {'observation_period_num': 78, 'train_rates': 0.651358084016994, 'learning_rate': 0.0008280373764766971, 'batch_size': 140, 'step_size': 13, 'gamma': 0.850245338638803}. Best is trial 43 with value: 0.035571678541600704.[0m
[32m[I 2025-01-11 04:59:04,567][0m Trial 49 finished with value: 0.09061365438695096 and parameters: {'observation_period_num': 110, 'train_rates': 0.727819886586155, 'learning_rate': 0.0007555098724443072, 'batch_size': 101, 'step_size': 12, 'gamma': 0.8682954135955464}. Best is trial 43 with value: 0.035571678541600704.[0m
seasonal_0 „ÅÆÊúÄÈÅ©„Éè„Ç§„Éë„Éº„Éë„É©„É°„Éº„Çø„ÅåË¶ã„Å§„Åã„Çä„Åæ„Åó„Åü
ÊúÄÈÅ©ÂåñÂØæË±°: seasonal_1
[32m[I 2025-01-11 04:59:04,577][0m A new study created in memory with name: no-name-95928f5e-9bb9-45e1-8e8e-b76f07258f4c[0m
[32m[I 2025-01-11 04:59:35,182][0m Trial 0 finished with value: 0.17734310834696798 and parameters: {'observation_period_num': 226, 'train_rates': 0.8184838864035213, 'learning_rate': 0.00015622729963782076, 'batch_size': 166, 'step_size': 7, 'gamma': 0.8082524601848059}. Best is trial 0 with value: 0.17734310834696798.[0m
[32m[I 2025-01-11 04:59:59,802][0m Trial 1 finished with value: 0.595567069890845 and parameters: {'observation_period_num': 188, 'train_rates': 0.8105973386339843, 'learning_rate': 1.3152312604355505e-05, 'batch_size': 204, 'step_size': 15, 'gamma': 0.8550803103603394}. Best is trial 0 with value: 0.17734310834696798.[0m
[32m[I 2025-01-11 05:00:33,982][0m Trial 2 finished with value: 0.20128163495170537 and parameters: {'observation_period_num': 197, 'train_rates': 0.9273492081035772, 'learning_rate': 8.679590460045539e-05, 'batch_size': 169, 'step_size': 13, 'gamma': 0.8933724867671102}. Best is trial 0 with value: 0.17734310834696798.[0m
[32m[I 2025-01-11 05:01:35,399][0m Trial 3 finished with value: 0.29710559921761964 and parameters: {'observation_period_num': 221, 'train_rates': 0.8210272400373082, 'learning_rate': 4.168750421962541e-05, 'batch_size': 78, 'step_size': 4, 'gamma': 0.8836026717941617}. Best is trial 0 with value: 0.17734310834696798.[0m
[32m[I 2025-01-11 05:02:25,141][0m Trial 4 finished with value: 0.8199737668037415 and parameters: {'observation_period_num': 196, 'train_rates': 0.9691179055946069, 'learning_rate': 3.4702649524754053e-06, 'batch_size': 113, 'step_size': 3, 'gamma': 0.942732549529234}. Best is trial 0 with value: 0.17734310834696798.[0m
[32m[I 2025-01-11 05:03:01,652][0m Trial 5 finished with value: 0.7740937149071175 and parameters: {'observation_period_num': 52, 'train_rates': 0.873283894573796, 'learning_rate': 2.762871927163183e-06, 'batch_size': 151, 'step_size': 12, 'gamma': 0.9309447114813199}. Best is trial 0 with value: 0.17734310834696798.[0m
[32m[I 2025-01-11 05:03:52,838][0m Trial 6 finished with value: 0.060917270332574845 and parameters: {'observation_period_num': 15, 'train_rates': 0.8553317347966609, 'learning_rate': 6.568221595717757e-05, 'batch_size': 107, 'step_size': 9, 'gamma': 0.9115868521388321}. Best is trial 6 with value: 0.060917270332574845.[0m
[32m[I 2025-01-11 05:04:18,084][0m Trial 7 finished with value: 1.9196050161665137 and parameters: {'observation_period_num': 40, 'train_rates': 0.7733165879145718, 'learning_rate': 1.256683776188324e-06, 'batch_size': 217, 'step_size': 8, 'gamma': 0.8307940063426964}. Best is trial 6 with value: 0.060917270332574845.[0m
[32m[I 2025-01-11 05:05:28,588][0m Trial 8 finished with value: 0.10270937932561142 and parameters: {'observation_period_num': 148, 'train_rates': 0.8233869775519606, 'learning_rate': 8.751963430210823e-05, 'batch_size': 71, 'step_size': 9, 'gamma': 0.9841052673485886}. Best is trial 6 with value: 0.060917270332574845.[0m
[32m[I 2025-01-11 05:08:11,243][0m Trial 9 finished with value: 0.06460450135697186 and parameters: {'observation_period_num': 74, 'train_rates': 0.7980319339568975, 'learning_rate': 5.37929881635506e-05, 'batch_size': 30, 'step_size': 13, 'gamma': 0.9092813404187405}. Best is trial 6 with value: 0.060917270332574845.[0m
Early stopping at epoch 64
[32m[I 2025-01-11 05:08:40,394][0m Trial 10 finished with value: 0.16550332658694597 and parameters: {'observation_period_num': 5, 'train_rates': 0.6613221320744805, 'learning_rate': 0.00035948818505103904, 'batch_size': 107, 'step_size': 1, 'gamma': 0.7678366229783969}. Best is trial 6 with value: 0.060917270332574845.[0m
[32m[I 2025-01-11 05:12:11,745][0m Trial 11 finished with value: 0.307565628088701 and parameters: {'observation_period_num': 101, 'train_rates': 0.7128881701467352, 'learning_rate': 0.0009232120475214233, 'batch_size': 21, 'step_size': 11, 'gamma': 0.9313819916155762}. Best is trial 6 with value: 0.060917270332574845.[0m
[32m[I 2025-01-11 05:16:00,520][0m Trial 12 finished with value: 0.12948247485989284 and parameters: {'observation_period_num': 88, 'train_rates': 0.7367972076319276, 'learning_rate': 1.4252341822983777e-05, 'batch_size': 20, 'step_size': 15, 'gamma': 0.90513792420656}. Best is trial 6 with value: 0.060917270332574845.[0m
[32m[I 2025-01-11 05:17:38,450][0m Trial 13 finished with value: 0.053790392803734745 and parameters: {'observation_period_num': 9, 'train_rates': 0.8916899170649586, 'learning_rate': 2.858136342544514e-05, 'batch_size': 56, 'step_size': 10, 'gamma': 0.9801094999375047}. Best is trial 13 with value: 0.053790392803734745.[0m
[32m[I 2025-01-11 05:18:02,692][0m Trial 14 finished with value: 0.1638760375526716 and parameters: {'observation_period_num': 8, 'train_rates': 0.8921185948736369, 'learning_rate': 1.7459948668903392e-05, 'batch_size': 256, 'step_size': 10, 'gamma': 0.9887434831131807}. Best is trial 13 with value: 0.053790392803734745.[0m
[32m[I 2025-01-11 05:19:39,521][0m Trial 15 finished with value: 0.3674240708351135 and parameters: {'observation_period_num': 130, 'train_rates': 0.9831153580015829, 'learning_rate': 0.00023001263274152528, 'batch_size': 58, 'step_size': 7, 'gamma': 0.9604965099854134}. Best is trial 13 with value: 0.053790392803734745.[0m
[32m[I 2025-01-11 05:20:30,921][0m Trial 16 finished with value: 0.9353646385042291 and parameters: {'observation_period_num': 37, 'train_rates': 0.876287229323617, 'learning_rate': 6.8675215229110846e-06, 'batch_size': 109, 'step_size': 5, 'gamma': 0.8567624971485358}. Best is trial 13 with value: 0.053790392803734745.[0m
[32m[I 2025-01-11 05:22:14,163][0m Trial 17 finished with value: 0.1037333648803547 and parameters: {'observation_period_num': 62, 'train_rates': 0.923483789149233, 'learning_rate': 2.9444277799752726e-05, 'batch_size': 54, 'step_size': 6, 'gamma': 0.9652070120810642}. Best is trial 13 with value: 0.053790392803734745.[0m
[32m[I 2025-01-11 05:23:16,484][0m Trial 18 finished with value: 0.047301202267408374 and parameters: {'observation_period_num': 26, 'train_rates': 0.9232174390503158, 'learning_rate': 0.0005859048994569145, 'batch_size': 90, 'step_size': 10, 'gamma': 0.9520681831942417}. Best is trial 18 with value: 0.047301202267408374.[0m
[32m[I 2025-01-11 05:24:05,468][0m Trial 19 finished with value: 0.14273497886495495 and parameters: {'observation_period_num': 111, 'train_rates': 0.6068533482121371, 'learning_rate': 0.0009038943595567088, 'batch_size': 86, 'step_size': 11, 'gamma': 0.959595820250429}. Best is trial 18 with value: 0.047301202267408374.[0m
[32m[I 2025-01-11 05:24:49,829][0m Trial 20 finished with value: 0.052777825721672604 and parameters: {'observation_period_num': 34, 'train_rates': 0.935386588548795, 'learning_rate': 0.00045104975610622605, 'batch_size': 135, 'step_size': 13, 'gamma': 0.9437665229447085}. Best is trial 18 with value: 0.047301202267408374.[0m
[32m[I 2025-01-11 05:25:34,119][0m Trial 21 finished with value: 0.10419840869065877 and parameters: {'observation_period_num': 29, 'train_rates': 0.9370071825967938, 'learning_rate': 0.00039308761715100166, 'batch_size': 135, 'step_size': 13, 'gamma': 0.9452340708720868}. Best is trial 18 with value: 0.047301202267408374.[0m
[32m[I 2025-01-11 05:26:18,528][0m Trial 22 finished with value: 0.1453694411336559 and parameters: {'observation_period_num': 69, 'train_rates': 0.949667317601657, 'learning_rate': 0.0005394495156887443, 'batch_size': 134, 'step_size': 11, 'gamma': 0.9771597093791071}. Best is trial 18 with value: 0.047301202267408374.[0m
[32m[I 2025-01-11 05:28:40,610][0m Trial 23 finished with value: 0.03867762320571476 and parameters: {'observation_period_num': 26, 'train_rates': 0.9078998614679715, 'learning_rate': 0.0001901355044734345, 'batch_size': 39, 'step_size': 14, 'gamma': 0.9285055739986681}. Best is trial 23 with value: 0.03867762320571476.[0m
[32m[I 2025-01-11 05:30:44,575][0m Trial 24 finished with value: 0.04482040793419405 and parameters: {'observation_period_num': 33, 'train_rates': 0.9216454501780386, 'learning_rate': 0.0001661990535307761, 'batch_size': 45, 'step_size': 14, 'gamma': 0.9259845667930744}. Best is trial 23 with value: 0.03867762320571476.[0m
[32m[I 2025-01-11 05:33:04,439][0m Trial 25 finished with value: 0.0481630033696559 and parameters: {'observation_period_num': 53, 'train_rates': 0.9095041367471965, 'learning_rate': 0.00016246803920842237, 'batch_size': 39, 'step_size': 15, 'gamma': 0.9240192581196535}. Best is trial 23 with value: 0.03867762320571476.[0m
[32m[I 2025-01-11 05:34:01,982][0m Trial 26 finished with value: 0.05757924070898092 and parameters: {'observation_period_num': 87, 'train_rates': 0.8520988390681034, 'learning_rate': 0.0002051350448390465, 'batch_size': 92, 'step_size': 14, 'gamma': 0.8778853382719995}. Best is trial 23 with value: 0.03867762320571476.[0m
[32m[I 2025-01-11 05:36:15,631][0m Trial 27 finished with value: 0.10603312402963638 and parameters: {'observation_period_num': 153, 'train_rates': 0.988230112575899, 'learning_rate': 0.00012512127734279308, 'batch_size': 42, 'step_size': 14, 'gamma': 0.8987335432436442}. Best is trial 23 with value: 0.03867762320571476.[0m
[32m[I 2025-01-11 05:37:33,496][0m Trial 28 finished with value: 0.059402750328529715 and parameters: {'observation_period_num': 23, 'train_rates': 0.9561028521252333, 'learning_rate': 0.00024353625574977615, 'batch_size': 75, 'step_size': 12, 'gamma': 0.9532563645999592}. Best is trial 23 with value: 0.03867762320571476.[0m
[32m[I 2025-01-11 05:39:38,780][0m Trial 29 finished with value: 0.19649696857600973 and parameters: {'observation_period_num': 49, 'train_rates': 0.8574518735635834, 'learning_rate': 0.0006037024938993347, 'batch_size': 42, 'step_size': 14, 'gamma': 0.9202342876185947}. Best is trial 23 with value: 0.03867762320571476.[0m
[32m[I 2025-01-11 05:40:35,278][0m Trial 30 finished with value: 0.1370409910896873 and parameters: {'observation_period_num': 246, 'train_rates': 0.905122057706037, 'learning_rate': 0.0001299083645281153, 'batch_size': 94, 'step_size': 12, 'gamma': 0.769477811642254}. Best is trial 23 with value: 0.03867762320571476.[0m
