[32m[I 2025-01-11 10:54:27,041][0m Trial 49 finished with value: 0.031182197072813587 and parameters: {'observation_period_num': 8, 'train_rates': 0.8735763834610811, 'learning_rate': 0.0006838134054595931, 'batch_size': 88, 'step_size': 8, 'gamma': 0.875416263607544}. Best is trial 45 with value: 0.030313233858146143.[0m
resid „ÅÆÊúÄÈÅ©„Éè„Ç§„Éë„Éº„Éë„É©„É°„Éº„Çø„ÅåË¶ã„Å§„Åã„Çä„Åæ„Åó„Åü
ÊúÄÈÅ©„Éè„Ç§„Éë„Éº„Éë„É©„É°„Éº„Çø„Åå best_hyperparameters_AAPL_change_iTransformer.json „Å´‰øùÂ≠ò„Åï„Çå„Åæ„Åó„Åü
Training trend component with params: {'observation_period_num': 11, 'train_rates': 0.7981524305770709, 'learning_rate': 0.0005689261112441613, 'batch_size': 16, 'step_size': 5, 'gamma': 0.7972821710517621}
Epoch 1/300, trend Loss: 0.1981 | 0.1265
Epoch 2/300, trend Loss: 0.1159 | 0.0849
Epoch 3/300, trend Loss: 0.1076 | 0.0797
Epoch 4/300, trend Loss: 0.1014 | 0.0912
Epoch 5/300, trend Loss: 0.0978 | 0.0930
Epoch 6/300, trend Loss: 0.0946 | 0.0678
Epoch 7/300, trend Loss: 0.0913 | 0.0638
Epoch 8/300, trend Loss: 0.0886 | 0.0614
Epoch 9/300, trend Loss: 0.0855 | 0.0530
Epoch 10/300, trend Loss: 0.0823 | 0.0510
Epoch 11/300, trend Loss: 0.0793 | 0.0477
Epoch 12/300, trend Loss: 0.0773 | 0.0460
Epoch 13/300, trend Loss: 0.0760 | 0.0449
Epoch 14/300, trend Loss: 0.0747 | 0.0424
Epoch 15/300, trend Loss: 0.0738 | 0.0406
Epoch 16/300, trend Loss: 0.0725 | 0.0402
Epoch 17/300, trend Loss: 0.0718 | 0.0387
Epoch 18/300, trend Loss: 0.0711 | 0.0377
Epoch 19/300, trend Loss: 0.0704 | 0.0378
Epoch 20/300, trend Loss: 0.0700 | 0.0367
Epoch 21/300, trend Loss: 0.0694 | 0.0363
Epoch 22/300, trend Loss: 0.0690 | 0.0356
Epoch 23/300, trend Loss: 0.0687 | 0.0351
Epoch 24/300, trend Loss: 0.0683 | 0.0339
Epoch 25/300, trend Loss: 0.0680 | 0.0336
Epoch 26/300, trend Loss: 0.0677 | 0.0323
Epoch 27/300, trend Loss: 0.0675 | 0.0319
Epoch 28/300, trend Loss: 0.0673 | 0.0316
Epoch 29/300, trend Loss: 0.0671 | 0.0312
Epoch 30/300, trend Loss: 0.0670 | 0.0309
Epoch 31/300, trend Loss: 0.0667 | 0.0311
Epoch 32/300, trend Loss: 0.0666 | 0.0309
Epoch 33/300, trend Loss: 0.0665 | 0.0308
Epoch 34/300, trend Loss: 0.0663 | 0.0311
Epoch 35/300, trend Loss: 0.0663 | 0.0310
Epoch 36/300, trend Loss: 0.0661 | 0.0312
Epoch 37/300, trend Loss: 0.0660 | 0.0310
Epoch 38/300, trend Loss: 0.0659 | 0.0308
Epoch 39/300, trend Loss: 0.0658 | 0.0308
Epoch 40/300, trend Loss: 0.0657 | 0.0306
Epoch 41/300, trend Loss: 0.0656 | 0.0305
Epoch 42/300, trend Loss: 0.0655 | 0.0304
Epoch 43/300, trend Loss: 0.0654 | 0.0303
Epoch 44/300, trend Loss: 0.0653 | 0.0301
Epoch 45/300, trend Loss: 0.0652 | 0.0301
Epoch 46/300, trend Loss: 0.0652 | 0.0299
Epoch 47/300, trend Loss: 0.0651 | 0.0299
Epoch 48/300, trend Loss: 0.0651 | 0.0299
Epoch 49/300, trend Loss: 0.0650 | 0.0297
Epoch 50/300, trend Loss: 0.0649 | 0.0297
Epoch 51/300, trend Loss: 0.0649 | 0.0296
Epoch 52/300, trend Loss: 0.0649 | 0.0297
Epoch 53/300, trend Loss: 0.0648 | 0.0297
Epoch 54/300, trend Loss: 0.0648 | 0.0296
Epoch 55/300, trend Loss: 0.0647 | 0.0296
Epoch 56/300, trend Loss: 0.0647 | 0.0296
Epoch 57/300, trend Loss: 0.0647 | 0.0296
Epoch 58/300, trend Loss: 0.0647 | 0.0296
Epoch 59/300, trend Loss: 0.0646 | 0.0296
Epoch 60/300, trend Loss: 0.0646 | 0.0296
Epoch 61/300, trend Loss: 0.0646 | 0.0296
Epoch 62/300, trend Loss: 0.0646 | 0.0296
Epoch 63/300, trend Loss: 0.0646 | 0.0296
Epoch 64/300, trend Loss: 0.0646 | 0.0296
Epoch 65/300, trend Loss: 0.0645 | 0.0296
Epoch 66/300, trend Loss: 0.0645 | 0.0296
Epoch 67/300, trend Loss: 0.0645 | 0.0296
Epoch 68/300, trend Loss: 0.0645 | 0.0296
Epoch 69/300, trend Loss: 0.0645 | 0.0296
Epoch 70/300, trend Loss: 0.0645 | 0.0296
Epoch 71/300, trend Loss: 0.0645 | 0.0296
Epoch 72/300, trend Loss: 0.0645 | 0.0296
Epoch 73/300, trend Loss: 0.0645 | 0.0296
Epoch 74/300, trend Loss: 0.0644 | 0.0296
Epoch 75/300, trend Loss: 0.0644 | 0.0296
Epoch 76/300, trend Loss: 0.0644 | 0.0296
Epoch 77/300, trend Loss: 0.0644 | 0.0296
Epoch 78/300, trend Loss: 0.0644 | 0.0296
Epoch 79/300, trend Loss: 0.0644 | 0.0296
Epoch 80/300, trend Loss: 0.0644 | 0.0296
Epoch 81/300, trend Loss: 0.0644 | 0.0296
Epoch 82/300, trend Loss: 0.0644 | 0.0296
Epoch 83/300, trend Loss: 0.0644 | 0.0296
Epoch 84/300, trend Loss: 0.0644 | 0.0296
Epoch 85/300, trend Loss: 0.0644 | 0.0295
Epoch 86/300, trend Loss: 0.0644 | 0.0295
Epoch 87/300, trend Loss: 0.0644 | 0.0295
Epoch 88/300, trend Loss: 0.0644 | 0.0295
Epoch 89/300, trend Loss: 0.0644 | 0.0295
Epoch 90/300, trend Loss: 0.0644 | 0.0295
Epoch 91/300, trend Loss: 0.0644 | 0.0295
Epoch 92/300, trend Loss: 0.0644 | 0.0295
Epoch 93/300, trend Loss: 0.0644 | 0.0295
Epoch 94/300, trend Loss: 0.0644 | 0.0295
Epoch 95/300, trend Loss: 0.0644 | 0.0295
Epoch 96/300, trend Loss: 0.0644 | 0.0295
Epoch 97/300, trend Loss: 0.0644 | 0.0295
Epoch 98/300, trend Loss: 0.0644 | 0.0295
Epoch 99/300, trend Loss: 0.0644 | 0.0295
Epoch 100/300, trend Loss: 0.0644 | 0.0295
Epoch 101/300, trend Loss: 0.0644 | 0.0295
Epoch 102/300, trend Loss: 0.0644 | 0.0295
Epoch 103/300, trend Loss: 0.0644 | 0.0295
Epoch 104/300, trend Loss: 0.0644 | 0.0295
Epoch 105/300, trend Loss: 0.0644 | 0.0295
Epoch 106/300, trend Loss: 0.0644 | 0.0295
Epoch 107/300, trend Loss: 0.0644 | 0.0295
Epoch 108/300, trend Loss: 0.0644 | 0.0295
Epoch 109/300, trend Loss: 0.0644 | 0.0295
Epoch 110/300, trend Loss: 0.0644 | 0.0295
Epoch 111/300, trend Loss: 0.0644 | 0.0295
Epoch 112/300, trend Loss: 0.0644 | 0.0295
Epoch 113/300, trend Loss: 0.0644 | 0.0295
Epoch 114/300, trend Loss: 0.0644 | 0.0295
Epoch 115/300, trend Loss: 0.0644 | 0.0295
Epoch 116/300, trend Loss: 0.0644 | 0.0295
Epoch 117/300, trend Loss: 0.0644 | 0.0295
Epoch 118/300, trend Loss: 0.0644 | 0.0295
Epoch 119/300, trend Loss: 0.0644 | 0.0295
Epoch 120/300, trend Loss: 0.0644 | 0.0295
Epoch 121/300, trend Loss: 0.0644 | 0.0295
Epoch 122/300, trend Loss: 0.0644 | 0.0295
Epoch 123/300, trend Loss: 0.0644 | 0.0295
Epoch 124/300, trend Loss: 0.0644 | 0.0295
Epoch 125/300, trend Loss: 0.0644 | 0.0295
Epoch 126/300, trend Loss: 0.0644 | 0.0295
Epoch 127/300, trend Loss: 0.0644 | 0.0295
Epoch 128/300, trend Loss: 0.0644 | 0.0295
Epoch 129/300, trend Loss: 0.0644 | 0.0295
Epoch 130/300, trend Loss: 0.0644 | 0.0295
Epoch 131/300, trend Loss: 0.0644 | 0.0295
Epoch 132/300, trend Loss: 0.0644 | 0.0295
Epoch 133/300, trend Loss: 0.0644 | 0.0295
Epoch 134/300, trend Loss: 0.0644 | 0.0295
Epoch 135/300, trend Loss: 0.0644 | 0.0295
Epoch 136/300, trend Loss: 0.0644 | 0.0295
Epoch 137/300, trend Loss: 0.0644 | 0.0295
Epoch 138/300, trend Loss: 0.0644 | 0.0295
Epoch 139/300, trend Loss: 0.0644 | 0.0295
Epoch 140/300, trend Loss: 0.0644 | 0.0295
Epoch 141/300, trend Loss: 0.0644 | 0.0295
Epoch 142/300, trend Loss: 0.0644 | 0.0295
Epoch 143/300, trend Loss: 0.0644 | 0.0295
Epoch 144/300, trend Loss: 0.0644 | 0.0295
Epoch 145/300, trend Loss: 0.0644 | 0.0295
Epoch 146/300, trend Loss: 0.0644 | 0.0295
Epoch 147/300, trend Loss: 0.0644 | 0.0295
Epoch 148/300, trend Loss: 0.0644 | 0.0295
Epoch 149/300, trend Loss: 0.0644 | 0.0295
Epoch 150/300, trend Loss: 0.0644 | 0.0295
Epoch 151/300, trend Loss: 0.0644 | 0.0295
Epoch 152/300, trend Loss: 0.0644 | 0.0295
Epoch 153/300, trend Loss: 0.0644 | 0.0295
Epoch 154/300, trend Loss: 0.0644 | 0.0295
Epoch 155/300, trend Loss: 0.0644 | 0.0295
Epoch 156/300, trend Loss: 0.0644 | 0.0295
Epoch 157/300, trend Loss: 0.0644 | 0.0295
Epoch 158/300, trend Loss: 0.0644 | 0.0295
Epoch 159/300, trend Loss: 0.0644 | 0.0295
Epoch 160/300, trend Loss: 0.0644 | 0.0295
Epoch 161/300, trend Loss: 0.0644 | 0.0295
Epoch 162/300, trend Loss: 0.0644 | 0.0295
Epoch 163/300, trend Loss: 0.0644 | 0.0295
Epoch 164/300, trend Loss: 0.0644 | 0.0295
Epoch 165/300, trend Loss: 0.0644 | 0.0295
Epoch 166/300, trend Loss: 0.0644 | 0.0295
Epoch 167/300, trend Loss: 0.0644 | 0.0295
Epoch 168/300, trend Loss: 0.0644 | 0.0295
Epoch 169/300, trend Loss: 0.0644 | 0.0295
Epoch 170/300, trend Loss: 0.0644 | 0.0295
Epoch 171/300, trend Loss: 0.0644 | 0.0295
Epoch 172/300, trend Loss: 0.0644 | 0.0295
Epoch 173/300, trend Loss: 0.0644 | 0.0295
Epoch 174/300, trend Loss: 0.0644 | 0.0295
Epoch 175/300, trend Loss: 0.0644 | 0.0295
Epoch 176/300, trend Loss: 0.0644 | 0.0295
Epoch 177/300, trend Loss: 0.0644 | 0.0295
Epoch 178/300, trend Loss: 0.0644 | 0.0295
Epoch 179/300, trend Loss: 0.0644 | 0.0295
Epoch 180/300, trend Loss: 0.0644 | 0.0295
Epoch 181/300, trend Loss: 0.0644 | 0.0295
Epoch 182/300, trend Loss: 0.0644 | 0.0295
Epoch 183/300, trend Loss: 0.0644 | 0.0295
Epoch 184/300, trend Loss: 0.0644 | 0.0295
Epoch 185/300, trend Loss: 0.0644 | 0.0295
Epoch 186/300, trend Loss: 0.0644 | 0.0295
Epoch 187/300, trend Loss: 0.0644 | 0.0295
Epoch 188/300, trend Loss: 0.0644 | 0.0295
Epoch 189/300, trend Loss: 0.0644 | 0.0295
Epoch 190/300, trend Loss: 0.0644 | 0.0295
Epoch 191/300, trend Loss: 0.0644 | 0.0295
Epoch 192/300, trend Loss: 0.0644 | 0.0295
Epoch 193/300, trend Loss: 0.0644 | 0.0295
Epoch 194/300, trend Loss: 0.0644 | 0.0295
Epoch 195/300, trend Loss: 0.0644 | 0.0295
Epoch 196/300, trend Loss: 0.0644 | 0.0295
Epoch 197/300, trend Loss: 0.0644 | 0.0295
Epoch 198/300, trend Loss: 0.0644 | 0.0295
Epoch 199/300, trend Loss: 0.0644 | 0.0295
Epoch 200/300, trend Loss: 0.0644 | 0.0295
Epoch 201/300, trend Loss: 0.0644 | 0.0295
Epoch 202/300, trend Loss: 0.0644 | 0.0295
Epoch 203/300, trend Loss: 0.0644 | 0.0295
Epoch 204/300, trend Loss: 0.0644 | 0.0295
Epoch 205/300, trend Loss: 0.0644 | 0.0295
Epoch 206/300, trend Loss: 0.0644 | 0.0295
Epoch 207/300, trend Loss: 0.0644 | 0.0295
Epoch 208/300, trend Loss: 0.0644 | 0.0295
Epoch 209/300, trend Loss: 0.0644 | 0.0295
Epoch 210/300, trend Loss: 0.0644 | 0.0295
Epoch 211/300, trend Loss: 0.0644 | 0.0295
Epoch 212/300, trend Loss: 0.0644 | 0.0295
Epoch 213/300, trend Loss: 0.0644 | 0.0295
Epoch 214/300, trend Loss: 0.0644 | 0.0295
Epoch 215/300, trend Loss: 0.0644 | 0.0295
Early stopping for trend
Training seasonal_0 component with params: {'observation_period_num': 13, 'train_rates': 0.8641213259034833, 'learning_rate': 0.0007199296523659778, 'batch_size': 175, 'step_size': 8, 'gamma': 0.8752623299537569}
Epoch 1/300, seasonal_0 Loss: 2.8080 | 1.6345
Epoch 2/300, seasonal_0 Loss: 0.9112 | 1.7127
Epoch 3/300, seasonal_0 Loss: 0.8892 | 1.6144
Epoch 4/300, seasonal_0 Loss: 1.1761 | 1.6607
Epoch 5/300, seasonal_0 Loss: 1.4173 | 1.8653
Epoch 6/300, seasonal_0 Loss: 1.1087 | 2.2726
Epoch 7/300, seasonal_0 Loss: 0.8849 | 2.0933
Epoch 8/300, seasonal_0 Loss: 0.8999 | 2.1058
Epoch 9/300, seasonal_0 Loss: 0.8946 | 2.1484
Epoch 10/300, seasonal_0 Loss: 0.8769 | 2.1157
Epoch 11/300, seasonal_0 Loss: 0.8870 | 2.1340
Epoch 12/300, seasonal_0 Loss: 0.8819 | 2.1252
Epoch 13/300, seasonal_0 Loss: 0.8755 | 2.1429
Epoch 14/300, seasonal_0 Loss: 0.8700 | 2.1329
Epoch 15/300, seasonal_0 Loss: 0.8732 | 2.1380
Epoch 16/300, seasonal_0 Loss: 0.8718 | 2.1355
Epoch 17/300, seasonal_0 Loss: 0.8655 | 2.1454
Epoch 18/300, seasonal_0 Loss: 0.8626 | 2.1417
Epoch 19/300, seasonal_0 Loss: 0.8639 | 2.1428
Epoch 20/300, seasonal_0 Loss: 0.8636 | 2.1425
Epoch 21/300, seasonal_0 Loss: 0.8579 | 2.1478
Epoch 22/300, seasonal_0 Loss: 0.8565 | 2.1480
Epoch 23/300, seasonal_0 Loss: 0.8568 | 2.1466
Epoch 24/300, seasonal_0 Loss: 0.8571 | 2.1477
Epoch 25/300, seasonal_0 Loss: 0.8519 | 2.1501
Epoch 26/300, seasonal_0 Loss: 0.8515 | 2.1523
Epoch 27/300, seasonal_0 Loss: 0.8512 | 2.1499
Epoch 28/300, seasonal_0 Loss: 0.8518 | 2.1512
Epoch 29/300, seasonal_0 Loss: 0.8473 | 2.1524
Epoch 30/300, seasonal_0 Loss: 0.8473 | 2.1551
Epoch 31/300, seasonal_0 Loss: 0.8469 | 2.1528
Epoch 32/300, seasonal_0 Loss: 0.8474 | 2.1538
Epoch 33/300, seasonal_0 Loss: 0.8437 | 2.1544
Epoch 34/300, seasonal_0 Loss: 0.8438 | 2.1572
Epoch 35/300, seasonal_0 Loss: 0.8433 | 2.1552
Epoch 36/300, seasonal_0 Loss: 0.8438 | 2.1558
Epoch 37/300, seasonal_0 Loss: 0.8406 | 2.1562
Epoch 38/300, seasonal_0 Loss: 0.8408 | 2.1588
Epoch 39/300, seasonal_0 Loss: 0.8404 | 2.1573
Epoch 40/300, seasonal_0 Loss: 0.8407 | 2.1574
Epoch 41/300, seasonal_0 Loss: 0.8381 | 2.1577
Epoch 42/300, seasonal_0 Loss: 0.8383 | 2.1600
Epoch 43/300, seasonal_0 Loss: 0.8380 | 2.1589
Epoch 44/300, seasonal_0 Loss: 0.8382 | 2.1588
Epoch 45/300, seasonal_0 Loss: 0.8360 | 2.1589
Epoch 46/300, seasonal_0 Loss: 0.8362 | 2.1610
Epoch 47/300, seasonal_0 Loss: 0.8359 | 2.1603
Epoch 48/300, seasonal_0 Loss: 0.8360 | 2.1600
Epoch 49/300, seasonal_0 Loss: 0.8342 | 2.1600
Epoch 50/300, seasonal_0 Loss: 0.8343 | 2.1618
Epoch 51/300, seasonal_0 Loss: 0.8341 | 2.1614
Epoch 52/300, seasonal_0 Loss: 0.8342 | 2.1611
Epoch 53/300, seasonal_0 Loss: 0.8326 | 2.1609
Epoch 54/300, seasonal_0 Loss: 0.8328 | 2.1624
Epoch 55/300, seasonal_0 Loss: 0.8326 | 2.1623
Epoch 56/300, seasonal_0 Loss: 0.8327 | 2.1620
Epoch 57/300, seasonal_0 Loss: 0.8313 | 2.1617
Epoch 58/300, seasonal_0 Loss: 0.8314 | 2.1630
Epoch 59/300, seasonal_0 Loss: 0.8313 | 2.1630
Epoch 60/300, seasonal_0 Loss: 0.8313 | 2.1627
Epoch 61/300, seasonal_0 Loss: 0.8301 | 2.1625
Epoch 62/300, seasonal_0 Loss: 0.8302 | 2.1635
Epoch 63/300, seasonal_0 Loss: 0.8302 | 2.1636
Epoch 64/300, seasonal_0 Loss: 0.8302 | 2.1634
Epoch 65/300, seasonal_0 Loss: 0.8291 | 2.1631
Epoch 66/300, seasonal_0 Loss: 0.8292 | 2.1639
Epoch 67/300, seasonal_0 Loss: 0.8292 | 2.1641
Epoch 68/300, seasonal_0 Loss: 0.8292 | 2.1640
Epoch 69/300, seasonal_0 Loss: 0.8282 | 2.1637
Epoch 70/300, seasonal_0 Loss: 0.8283 | 2.1643
Epoch 71/300, seasonal_0 Loss: 0.8283 | 2.1645
Epoch 72/300, seasonal_0 Loss: 0.8283 | 2.1644
Epoch 73/300, seasonal_0 Loss: 0.8274 | 2.1642
Epoch 74/300, seasonal_0 Loss: 0.8275 | 2.1646
Epoch 75/300, seasonal_0 Loss: 0.8275 | 2.1649
Epoch 76/300, seasonal_0 Loss: 0.8275 | 2.1648
Epoch 77/300, seasonal_0 Loss: 0.8268 | 2.1646
Epoch 78/300, seasonal_0 Loss: 0.8268 | 2.1650
Epoch 79/300, seasonal_0 Loss: 0.8268 | 2.1652
Epoch 80/300, seasonal_0 Loss: 0.8268 | 2.1652
Epoch 81/300, seasonal_0 Loss: 0.8262 | 2.1650
Epoch 82/300, seasonal_0 Loss: 0.8262 | 2.1653
Epoch 83/300, seasonal_0 Loss: 0.8262 | 2.1654
Epoch 84/300, seasonal_0 Loss: 0.8262 | 2.1655
Epoch 85/300, seasonal_0 Loss: 0.8256 | 2.1653
Epoch 86/300, seasonal_0 Loss: 0.8257 | 2.1655
Epoch 87/300, seasonal_0 Loss: 0.8257 | 2.1657
Epoch 88/300, seasonal_0 Loss: 0.8257 | 2.1657
Epoch 89/300, seasonal_0 Loss: 0.8252 | 2.1656
Epoch 90/300, seasonal_0 Loss: 0.8252 | 2.1658
Epoch 91/300, seasonal_0 Loss: 0.8252 | 2.1659
Epoch 92/300, seasonal_0 Loss: 0.8252 | 2.1659
Epoch 93/300, seasonal_0 Loss: 0.8248 | 2.1659
Epoch 94/300, seasonal_0 Loss: 0.8248 | 2.1660
Epoch 95/300, seasonal_0 Loss: 0.8248 | 2.1661
Epoch 96/300, seasonal_0 Loss: 0.8248 | 2.1661
Epoch 97/300, seasonal_0 Loss: 0.8244 | 2.1661
Epoch 98/300, seasonal_0 Loss: 0.8245 | 2.1662
Epoch 99/300, seasonal_0 Loss: 0.8245 | 2.1662
Epoch 100/300, seasonal_0 Loss: 0.8245 | 2.1663
Epoch 101/300, seasonal_0 Loss: 0.8241 | 2.1663
Epoch 102/300, seasonal_0 Loss: 0.8241 | 2.1663
Epoch 103/300, seasonal_0 Loss: 0.8241 | 2.1664
Epoch 104/300, seasonal_0 Loss: 0.8241 | 2.1664
Epoch 105/300, seasonal_0 Loss: 0.8238 | 2.1664
Epoch 106/300, seasonal_0 Loss: 0.8239 | 2.1665
Epoch 107/300, seasonal_0 Loss: 0.8239 | 2.1665
Epoch 108/300, seasonal_0 Loss: 0.8239 | 2.1666
Epoch 109/300, seasonal_0 Loss: 0.8236 | 2.1665
Epoch 110/300, seasonal_0 Loss: 0.8236 | 2.1666
Epoch 111/300, seasonal_0 Loss: 0.8236 | 2.1666
Epoch 112/300, seasonal_0 Loss: 0.8236 | 2.1667
Epoch 113/300, seasonal_0 Loss: 0.8234 | 2.1667
Epoch 114/300, seasonal_0 Loss: 0.8234 | 2.1667
Epoch 115/300, seasonal_0 Loss: 0.8234 | 2.1668
Epoch 116/300, seasonal_0 Loss: 0.8234 | 2.1668
Epoch 117/300, seasonal_0 Loss: 0.8232 | 2.1668
Epoch 118/300, seasonal_0 Loss: 0.8232 | 2.1668
Epoch 119/300, seasonal_0 Loss: 0.8232 | 2.1668
Epoch 120/300, seasonal_0 Loss: 0.8232 | 2.1669
Epoch 121/300, seasonal_0 Loss: 0.8230 | 2.1669
Epoch 122/300, seasonal_0 Loss: 0.8230 | 2.1669
Epoch 123/300, seasonal_0 Loss: 0.8230 | 2.1669
Epoch 124/300, seasonal_0 Loss: 0.8230 | 2.1669
Epoch 125/300, seasonal_0 Loss: 0.8229 | 2.1669
Epoch 126/300, seasonal_0 Loss: 0.8229 | 2.1670
Epoch 127/300, seasonal_0 Loss: 0.8229 | 2.1670
Epoch 128/300, seasonal_0 Loss: 0.8229 | 2.1670
Epoch 129/300, seasonal_0 Loss: 0.8227 | 2.1670
Epoch 130/300, seasonal_0 Loss: 0.8227 | 2.1670
Epoch 131/300, seasonal_0 Loss: 0.8227 | 2.1671
Epoch 132/300, seasonal_0 Loss: 0.8227 | 2.1671
Epoch 133/300, seasonal_0 Loss: 0.8226 | 2.1671
Epoch 134/300, seasonal_0 Loss: 0.8226 | 2.1671
Epoch 135/300, seasonal_0 Loss: 0.8226 | 2.1671
Epoch 136/300, seasonal_0 Loss: 0.8226 | 2.1671
Epoch 137/300, seasonal_0 Loss: 0.8225 | 2.1671
Epoch 138/300, seasonal_0 Loss: 0.8225 | 2.1672
Epoch 139/300, seasonal_0 Loss: 0.8225 | 2.1672
Epoch 140/300, seasonal_0 Loss: 0.8225 | 2.1672
Epoch 141/300, seasonal_0 Loss: 0.8224 | 2.1672
Epoch 142/300, seasonal_0 Loss: 0.8224 | 2.1672
Epoch 143/300, seasonal_0 Loss: 0.8224 | 2.1672
Epoch 144/300, seasonal_0 Loss: 0.8224 | 2.1672
Epoch 145/300, seasonal_0 Loss: 0.8223 | 2.1672
Epoch 146/300, seasonal_0 Loss: 0.8223 | 2.1672
Epoch 147/300, seasonal_0 Loss: 0.8223 | 2.1673
Epoch 148/300, seasonal_0 Loss: 0.8223 | 2.1673
Epoch 149/300, seasonal_0 Loss: 0.8223 | 2.1673
Epoch 150/300, seasonal_0 Loss: 0.8223 | 2.1673
Epoch 151/300, seasonal_0 Loss: 0.8223 | 2.1673
Epoch 152/300, seasonal_0 Loss: 0.8223 | 2.1673
Epoch 153/300, seasonal_0 Loss: 0.8222 | 2.1673
Epoch 154/300, seasonal_0 Loss: 0.8222 | 2.1673
Epoch 155/300, seasonal_0 Loss: 0.8222 | 2.1673
Epoch 156/300, seasonal_0 Loss: 0.8222 | 2.1673
Epoch 157/300, seasonal_0 Loss: 0.8221 | 2.1673
Epoch 158/300, seasonal_0 Loss: 0.8221 | 2.1673
Epoch 159/300, seasonal_0 Loss: 0.8221 | 2.1674
Epoch 160/300, seasonal_0 Loss: 0.8221 | 2.1674
Epoch 161/300, seasonal_0 Loss: 0.8221 | 2.1674
Epoch 162/300, seasonal_0 Loss: 0.8221 | 2.1674
Epoch 163/300, seasonal_0 Loss: 0.8221 | 2.1674
Epoch 164/300, seasonal_0 Loss: 0.8221 | 2.1674
Epoch 165/300, seasonal_0 Loss: 0.8220 | 2.1674
Epoch 166/300, seasonal_0 Loss: 0.8220 | 2.1674
Epoch 167/300, seasonal_0 Loss: 0.8220 | 2.1674
Epoch 168/300, seasonal_0 Loss: 0.8220 | 2.1674
Epoch 169/300, seasonal_0 Loss: 0.8220 | 2.1674
Epoch 170/300, seasonal_0 Loss: 0.8220 | 2.1674
Epoch 171/300, seasonal_0 Loss: 0.8220 | 2.1674
Epoch 172/300, seasonal_0 Loss: 0.8220 | 2.1674
Epoch 173/300, seasonal_0 Loss: 0.8220 | 2.1674
Epoch 174/300, seasonal_0 Loss: 0.8220 | 2.1674
Epoch 175/300, seasonal_0 Loss: 0.8220 | 2.1674
Epoch 176/300, seasonal_0 Loss: 0.8220 | 2.1674
Epoch 177/300, seasonal_0 Loss: 0.8219 | 2.1674
Epoch 178/300, seasonal_0 Loss: 0.8219 | 2.1674
Epoch 179/300, seasonal_0 Loss: 0.8219 | 2.1674
Epoch 180/300, seasonal_0 Loss: 0.8219 | 2.1675
Epoch 181/300, seasonal_0 Loss: 0.8219 | 2.1675
Epoch 182/300, seasonal_0 Loss: 0.8219 | 2.1675
Epoch 183/300, seasonal_0 Loss: 0.8219 | 2.1675
Epoch 184/300, seasonal_0 Loss: 0.8219 | 2.1675
Epoch 185/300, seasonal_0 Loss: 0.8219 | 2.1675
Epoch 186/300, seasonal_0 Loss: 0.8219 | 2.1675
Epoch 187/300, seasonal_0 Loss: 0.8219 | 2.1675
Epoch 188/300, seasonal_0 Loss: 0.8219 | 2.1675
Epoch 189/300, seasonal_0 Loss: 0.8219 | 2.1675
Epoch 190/300, seasonal_0 Loss: 0.8219 | 2.1675
Epoch 191/300, seasonal_0 Loss: 0.8219 | 2.1675
Epoch 192/300, seasonal_0 Loss: 0.8219 | 2.1675
Epoch 193/300, seasonal_0 Loss: 0.8218 | 2.1675
Epoch 194/300, seasonal_0 Loss: 0.8218 | 2.1675
Epoch 195/300, seasonal_0 Loss: 0.8218 | 2.1675
Epoch 196/300, seasonal_0 Loss: 0.8218 | 2.1675
Epoch 197/300, seasonal_0 Loss: 0.8218 | 2.1675
Epoch 198/300, seasonal_0 Loss: 0.8218 | 2.1675
Epoch 199/300, seasonal_0 Loss: 0.8218 | 2.1675
Epoch 200/300, seasonal_0 Loss: 0.8218 | 2.1675
Epoch 201/300, seasonal_0 Loss: 0.8218 | 2.1675
Epoch 202/300, seasonal_0 Loss: 0.8218 | 2.1675
Epoch 203/300, seasonal_0 Loss: 0.8218 | 2.1675
Epoch 204/300, seasonal_0 Loss: 0.8218 | 2.1675
Epoch 205/300, seasonal_0 Loss: 0.8218 | 2.1675
Epoch 206/300, seasonal_0 Loss: 0.8218 | 2.1675
Epoch 207/300, seasonal_0 Loss: 0.8218 | 2.1675
Epoch 208/300, seasonal_0 Loss: 0.8218 | 2.1675
Epoch 209/300, seasonal_0 Loss: 0.8218 | 2.1675
Epoch 210/300, seasonal_0 Loss: 0.8218 | 2.1675
Epoch 211/300, seasonal_0 Loss: 0.8218 | 2.1675
Epoch 212/300, seasonal_0 Loss: 0.8218 | 2.1675
Epoch 213/300, seasonal_0 Loss: 0.8218 | 2.1675
Epoch 214/300, seasonal_0 Loss: 0.8218 | 2.1675
Epoch 215/300, seasonal_0 Loss: 0.8218 | 2.1675
Epoch 216/300, seasonal_0 Loss: 0.8218 | 2.1675
Epoch 217/300, seasonal_0 Loss: 0.8218 | 2.1675
Epoch 218/300, seasonal_0 Loss: 0.8218 | 2.1675
Epoch 219/300, seasonal_0 Loss: 0.8218 | 2.1675
Epoch 220/300, seasonal_0 Loss: 0.8218 | 2.1675
Epoch 221/300, seasonal_0 Loss: 0.8218 | 2.1675
Epoch 222/300, seasonal_0 Loss: 0.8218 | 2.1675
Epoch 223/300, seasonal_0 Loss: 0.8218 | 2.1675
Epoch 224/300, seasonal_0 Loss: 0.8218 | 2.1675
Epoch 225/300, seasonal_0 Loss: 0.8218 | 2.1675
Epoch 226/300, seasonal_0 Loss: 0.8218 | 2.1675
Epoch 227/300, seasonal_0 Loss: 0.8218 | 2.1675
Epoch 228/300, seasonal_0 Loss: 0.8218 | 2.1675
Epoch 229/300, seasonal_0 Loss: 0.8217 | 2.1675
Epoch 230/300, seasonal_0 Loss: 0.8217 | 2.1675
Epoch 231/300, seasonal_0 Loss: 0.8217 | 2.1675
Epoch 232/300, seasonal_0 Loss: 0.8217 | 2.1675
Epoch 233/300, seasonal_0 Loss: 0.8217 | 2.1675
Epoch 234/300, seasonal_0 Loss: 0.8217 | 2.1675
Epoch 235/300, seasonal_0 Loss: 0.8217 | 2.1675
Epoch 236/300, seasonal_0 Loss: 0.8217 | 2.1675
Epoch 237/300, seasonal_0 Loss: 0.8217 | 2.1675
Epoch 238/300, seasonal_0 Loss: 0.8217 | 2.1675
Epoch 239/300, seasonal_0 Loss: 0.8217 | 2.1675
Epoch 240/300, seasonal_0 Loss: 0.8217 | 2.1675
Epoch 241/300, seasonal_0 Loss: 0.8217 | 2.1675
Epoch 242/300, seasonal_0 Loss: 0.8217 | 2.1675
Epoch 243/300, seasonal_0 Loss: 0.8217 | 2.1675
Epoch 244/300, seasonal_0 Loss: 0.8217 | 2.1675
Epoch 245/300, seasonal_0 Loss: 0.8217 | 2.1675
Epoch 246/300, seasonal_0 Loss: 0.8217 | 2.1675
Early stopping for seasonal_0
Training seasonal_1 component with params: {'observation_period_num': 6, 'train_rates': 0.8561588149194292, 'learning_rate': 0.000486406153888435, 'batch_size': 28, 'step_size': 4, 