[32m[I 2025-01-11 05:43:18,747][0m Trial 31 finished with value: 0.05313085490951733 and parameters: {'observation_period_num': 55, 'train_rates': 0.8987633121589866, 'learning_rate': 0.0002708180677918698, 'batch_size': 33, 'step_size': 15, 'gamma': 0.9251318148202702}. Best is trial 23 with value: 0.03867762320571476.[0m
[32m[I 2025-01-11 05:44:55,956][0m Trial 32 finished with value: 0.04656239644316213 and parameters: {'observation_period_num': 29, 'train_rates': 0.9100390311111801, 'learning_rate': 0.00015208972688819737, 'batch_size': 57, 'step_size': 15, 'gamma': 0.8593649888251511}. Best is trial 23 with value: 0.03867762320571476.[0m
[32m[I 2025-01-11 05:46:19,099][0m Trial 33 finished with value: 0.05132181021146291 and parameters: {'observation_period_num': 26, 'train_rates': 0.8345792807050854, 'learning_rate': 0.00010170690482302032, 'batch_size': 63, 'step_size': 14, 'gamma': 0.8276767437395667}. Best is trial 23 with value: 0.03867762320571476.[0m
[32m[I 2025-01-11 05:48:07,366][0m Trial 34 finished with value: 0.08437294129169348 and parameters: {'observation_period_num': 80, 'train_rates': 0.9540205453500367, 'learning_rate': 0.0006572919951527627, 'batch_size': 52, 'step_size': 15, 'gamma': 0.8602042948751799}. Best is trial 23 with value: 0.03867762320571476.[0m
[32m[I 2025-01-11 05:49:28,543][0m Trial 35 finished with value: 0.04500172072058094 and parameters: {'observation_period_num': 21, 'train_rates': 0.9209548719323343, 'learning_rate': 0.0003208326573175498, 'batch_size': 70, 'step_size': 13, 'gamma': 0.8382236519928417}. Best is trial 23 with value: 0.03867762320571476.[0m
[32m[I 2025-01-11 05:54:18,681][0m Trial 36 finished with value: 0.060790934145450594 and parameters: {'observation_period_num': 43, 'train_rates': 0.8711878839436693, 'learning_rate': 0.00016595885796684922, 'batch_size': 18, 'step_size': 13, 'gamma': 0.8381736187102671}. Best is trial 23 with value: 0.03867762320571476.[0m
[32m[I 2025-01-11 05:54:50,065][0m Trial 37 finished with value: 0.1072683185338974 and parameters: {'observation_period_num': 175, 'train_rates': 0.9621090220610703, 'learning_rate': 0.0003161962375900983, 'batch_size': 189, 'step_size': 14, 'gamma': 0.793027203464277}. Best is trial 23 with value: 0.03867762320571476.[0m
[32m[I 2025-01-11 05:55:53,051][0m Trial 38 finished with value: 0.06991178260383776 and parameters: {'observation_period_num': 18, 'train_rates': 0.7799411949570207, 'learning_rate': 6.499235079514794e-05, 'batch_size': 79, 'step_size': 12, 'gamma': 0.8874956394466831}. Best is trial 23 with value: 0.03867762320571476.[0m
[32m[I 2025-01-11 05:57:50,046][0m Trial 39 finished with value: 0.12289277755833687 and parameters: {'observation_period_num': 100, 'train_rates': 0.9177753591247239, 'learning_rate': 4.0425735702516066e-05, 'batch_size': 46, 'step_size': 15, 'gamma': 0.8181563936867913}. Best is trial 23 with value: 0.03867762320571476.[0m
[32m[I 2025-01-11 05:59:06,322][0m Trial 40 finished with value: 0.0696772923575172 and parameters: {'observation_period_num': 65, 'train_rates': 0.8360145030294522, 'learning_rate': 8.32341629929547e-05, 'batch_size': 68, 'step_size': 12, 'gamma': 0.8714455662173519}. Best is trial 23 with value: 0.03867762320571476.[0m
[32m[I 2025-01-11 06:00:10,773][0m Trial 41 finished with value: 0.05168317158411189 and parameters: {'observation_period_num': 23, 'train_rates': 0.9302383648622976, 'learning_rate': 0.00018973237642192045, 'batch_size': 89, 'step_size': 13, 'gamma': 0.8414741397199965}. Best is trial 23 with value: 0.03867762320571476.[0m
[32m[I 2025-01-11 06:03:08,124][0m Trial 42 finished with value: 0.08015886642809572 and parameters: {'observation_period_num': 41, 'train_rates': 0.8807048516936423, 'learning_rate': 0.00033313869419075243, 'batch_size': 30, 'step_size': 10, 'gamma': 0.8461887957427369}. Best is trial 23 with value: 0.03867762320571476.[0m
[32m[I 2025-01-11 06:03:56,337][0m Trial 43 finished with value: 0.052827590440740126 and parameters: {'observation_period_num': 33, 'train_rates': 0.9429605765103445, 'learning_rate': 0.0007045313520628278, 'batch_size': 121, 'step_size': 8, 'gamma': 0.8013660945994024}. Best is trial 23 with value: 0.03867762320571476.[0m
[32m[I 2025-01-11 06:04:35,540][0m Trial 44 finished with value: 0.08102520555257797 and parameters: {'observation_period_num': 21, 'train_rates': 0.9712926666076839, 'learning_rate': 9.903568114828566e-05, 'batch_size': 152, 'step_size': 14, 'gamma': 0.8628088315626625}. Best is trial 23 with value: 0.03867762320571476.[0m
[32m[I 2025-01-11 06:05:58,669][0m Trial 45 finished with value: 0.03098189573811025 and parameters: {'observation_period_num': 5, 'train_rates': 0.9169195889916527, 'learning_rate': 0.000488575988577244, 'batch_size': 68, 'step_size': 9, 'gamma': 0.8930607259806284}. Best is trial 45 with value: 0.03098189573811025.[0m
[32m[I 2025-01-11 06:07:14,845][0m Trial 46 finished with value: 0.02940898070878842 and parameters: {'observation_period_num': 5, 'train_rates': 0.8616497094677267, 'learning_rate': 0.0004378804790611763, 'batch_size': 72, 'step_size': 15, 'gamma': 0.8847551321001074}. Best is trial 46 with value: 0.02940898070878842.[0m
[32m[I 2025-01-11 06:08:28,835][0m Trial 47 finished with value: 0.036606442279675425 and parameters: {'observation_period_num': 9, 'train_rates': 0.8557797886475449, 'learning_rate': 0.0004341667544579744, 'batch_size': 72, 'step_size': 3, 'gamma': 0.9116049401441632}. Best is trial 46 with value: 0.02940898070878842.[0m
[32m[I 2025-01-11 06:09:20,254][0m Trial 48 finished with value: 0.05284699405425451 and parameters: {'observation_period_num': 8, 'train_rates': 0.807027529920796, 'learning_rate': 0.0004470718312941541, 'batch_size': 98, 'step_size': 2, 'gamma': 0.8966223858121166}. Best is trial 46 with value: 0.02940898070878842.[0m
[32m[I 2025-01-11 06:12:28,045][0m Trial 49 finished with value: 0.02506900495708973 and parameters: {'observation_period_num': 6, 'train_rates': 0.8561588149194292, 'learning_rate': 0.000486406153888435, 'batch_size': 28, 'step_size': 4, 'gamma': 0.9115661863487297}. Best is trial 49 with value: 0.02506900495708973.[0m
seasonal_1 „ÅÆÊúÄÈÅ©„Éè„Ç§„Éë„Éº„Éë„É©„É°„Éº„Çø„ÅåË¶ã„Å§„Åã„Çä„Åæ„Åó„Åü
ÊúÄÈÅ©ÂåñÂØæË±°: seasonal_2
[32m[I 2025-01-11 06:12:28,054][0m A new study created in memory with name: no-name-00b250db-a30a-4d75-ab32-b967d692c901[0m
[32m[I 2025-01-11 06:13:53,268][0m Trial 0 finished with value: 0.14034287631511688 and parameters: {'observation_period_num': 166, 'train_rates': 0.8938248470679613, 'learning_rate': 0.0007435281423719468, 'batch_size': 62, 'step_size': 8, 'gamma': 0.8718640939607911}. Best is trial 0 with value: 0.14034287631511688.[0m
[32m[I 2025-01-11 06:14:20,449][0m Trial 1 finished with value: 0.10484863817691803 and parameters: {'observation_period_num': 154, 'train_rates': 0.9522069103357664, 'learning_rate': 0.00033765250335565395, 'batch_size': 219, 'step_size': 6, 'gamma': 0.910710575849464}. Best is trial 1 with value: 0.10484863817691803.[0m
[32m[I 2025-01-11 06:14:43,989][0m Trial 2 finished with value: 1.357574701309204 and parameters: {'observation_period_num': 193, 'train_rates': 0.9483462893092067, 'learning_rate': 3.875616785359464e-06, 'batch_size': 256, 'step_size': 3, 'gamma': 0.930366574695653}. Best is trial 1 with value: 0.10484863817691803.[0m
[32m[I 2025-01-11 06:16:08,163][0m Trial 3 finished with value: 0.8494413101968686 and parameters: {'observation_period_num': 202, 'train_rates': 0.7801077093133766, 'learning_rate': 1.5998924584024208e-06, 'batch_size': 56, 'step_size': 8, 'gamma': 0.9855643101448031}. Best is trial 1 with value: 0.10484863817691803.[0m
[32m[I 2025-01-11 06:16:44,293][0m Trial 4 finished with value: 0.5416603778780197 and parameters: {'observation_period_num': 209, 'train_rates': 0.9056685108484983, 'learning_rate': 5.243128130886984e-06, 'batch_size': 153, 'step_size': 8, 'gamma': 0.9117105823149247}. Best is trial 1 with value: 0.10484863817691803.[0m
[32m[I 2025-01-11 06:17:27,833][0m Trial 5 finished with value: 0.8477614093049665 and parameters: {'observation_period_num': 248, 'train_rates': 0.9208085813287425, 'learning_rate': 2.3260088753228106e-06, 'batch_size': 119, 'step_size': 13, 'gamma': 0.9066925150849432}. Best is trial 1 with value: 0.10484863817691803.[0m
[32m[I 2025-01-11 06:17:57,372][0m Trial 6 finished with value: 0.21346797662355552 and parameters: {'observation_period_num': 60, 'train_rates': 0.7732641571727613, 'learning_rate': 4.887123143540719e-05, 'batch_size': 182, 'step_size': 12, 'gamma': 0.8686135780382946}. Best is trial 1 with value: 0.10484863817691803.[0m
[32m[I 2025-01-11 06:23:03,398][0m Trial 7 finished with value: 0.06791692581982042 and parameters: {'observation_period_num': 85, 'train_rates': 0.8160880735995264, 'learning_rate': 0.0002395800458022034, 'batch_size': 16, 'step_size': 3, 'gamma': 0.8547120812138405}. Best is trial 7 with value: 0.06791692581982042.[0m
[32m[I 2025-01-11 06:23:41,615][0m Trial 8 finished with value: 0.3809811424196156 and parameters: {'observation_period_num': 241, 'train_rates': 0.8871254138516367, 'learning_rate': 5.8452332358463134e-05, 'batch_size': 140, 'step_size': 5, 'gamma': 0.8094976789145962}. Best is trial 7 with value: 0.06791692581982042.[0m
[32m[I 2025-01-11 06:26:34,689][0m Trial 9 finished with value: 0.09839385802019908 and parameters: {'observation_period_num': 244, 'train_rates': 0.9341667023413909, 'learning_rate': 0.00013119263466280218, 'batch_size': 30, 'step_size': 6, 'gamma': 0.9323426294668228}. Best is trial 7 with value: 0.06791692581982042.[0m
Early stopping at epoch 45
[32m[I 2025-01-11 06:26:55,017][0m Trial 10 finished with value: 2.701579031690026 and parameters: {'observation_period_num': 77, 'train_rates': 0.6543563972758307, 'learning_rate': 1.5111466609184654e-05, 'batch_size': 103, 'step_size': 1, 'gamma': 0.7563586608739633}. Best is trial 7 with value: 0.06791692581982042.[0m
[32m[I 2025-01-11 06:31:34,107][0m Trial 11 finished with value: 0.06821226794272661 and parameters: {'observation_period_num': 82, 'train_rates': 0.8438850606593373, 'learning_rate': 0.00021204865624908513, 'batch_size': 18, 'step_size': 4, 'gamma': 0.9751669583884951}. Best is trial 7 with value: 0.06791692581982042.[0m
[32m[I 2025-01-11 06:36:48,256][0m Trial 12 finished with value: 0.026731190346039747 and parameters: {'observation_period_num': 5, 'train_rates': 0.8216310481852048, 'learning_rate': 0.00022809492655890073, 'batch_size': 16, 'step_size': 1, 'gamma': 0.9880828234720889}. Best is trial 12 with value: 0.026731190346039747.[0m
Early stopping at epoch 86
[32m[I 2025-01-11 06:37:44,662][0m Trial 13 finished with value: 0.13936591690554864 and parameters: {'observation_period_num': 24, 'train_rates': 0.7088485877997801, 'learning_rate': 0.0008945525079766261, 'batch_size': 74, 'step_size': 1, 'gamma': 0.832137677189809}. Best is trial 12 with value: 0.026731190346039747.[0m
[32m[I 2025-01-11 06:38:48,935][0m Trial 14 finished with value: 0.1399501589373139 and parameters: {'observation_period_num': 7, 'train_rates': 0.8293598980436053, 'learning_rate': 0.00010818395112449748, 'batch_size': 84, 'step_size': 2, 'gamma': 0.8129362094320294}. Best is trial 12 with value: 0.026731190346039747.[0m
[32m[I 2025-01-11 06:40:49,651][0m Trial 15 finished with value: 0.34482506742879004 and parameters: {'observation_period_num': 123, 'train_rates': 0.7669589369223101, 'learning_rate': 1.258645778730853e-05, 'batch_size': 39, 'step_size': 11, 'gamma': 0.8562993458971584}. Best is trial 12 with value: 0.026731190346039747.[0m
[32m[I 2025-01-11 06:43:59,579][0m Trial 16 finished with value: 0.080247830434153 and parameters: {'observation_period_num': 114, 'train_rates': 0.833281167144735, 'learning_rate': 0.0003788774042676145, 'batch_size': 26, 'step_size': 3, 'gamma': 0.7775542205229838}. Best is trial 12 with value: 0.026731190346039747.[0m
[32m[I 2025-01-11 06:44:50,997][0m Trial 17 finished with value: 0.1204832035215783 and parameters: {'observation_period_num': 40, 'train_rates': 0.7185597717892379, 'learning_rate': 2.8161161600485384e-05, 'batch_size': 94, 'step_size': 15, 'gamma': 0.9575731579110559}. Best is trial 12 with value: 0.026731190346039747.[0m
[32m[I 2025-01-11 06:46:02,744][0m Trial 18 finished with value: 0.427590766719178 and parameters: {'observation_period_num': 92, 'train_rates': 0.6139446415312257, 'learning_rate': 9.624237742164273e-05, 'batch_size': 57, 'step_size': 1, 'gamma': 0.8864154576915251}. Best is trial 12 with value: 0.026731190346039747.[0m
[32m[I 2025-01-11 06:46:32,109][0m Trial 19 finished with value: 0.09493493718173117 and parameters: {'observation_period_num': 58, 'train_rates': 0.7193706382254131, 'learning_rate': 0.0003894436675890381, 'batch_size': 172, 'step_size': 4, 'gamma': 0.8392583459054093}. Best is trial 12 with value: 0.026731190346039747.[0m
[32m[I 2025-01-11 06:48:38,859][0m Trial 20 finished with value: 0.03265247121453285 and parameters: {'observation_period_num': 31, 'train_rates': 0.9853535991738784, 'learning_rate': 0.0002044238842606243, 'batch_size': 46, 'step_size': 6, 'gamma': 0.942240581173567}. Best is trial 12 with value: 0.026731190346039747.[0m
[32m[I 2025-01-11 06:50:44,913][0m Trial 21 finished with value: 0.0328082156492703 and parameters: {'observation_period_num': 7, 'train_rates': 0.9775170374796706, 'learning_rate': 0.0002019295374861381, 'batch_size': 47, 'step_size': 6, 'gamma': 0.9606951550130178}. Best is trial 12 with value: 0.026731190346039747.[0m
[32m[I 2025-01-11 06:52:53,898][0m Trial 22 finished with value: 0.03193700313568115 and parameters: {'observation_period_num': 5, 'train_rates': 0.9893336958713176, 'learning_rate': 0.00017554005885260667, 'batch_size': 46, 'step_size': 10, 'gamma': 0.9561793799161449}. Best is trial 12 with value: 0.026731190346039747.[0m
[32m[I 2025-01-11 06:54:12,001][0m Trial 23 finished with value: 0.04777810858880601 and parameters: {'observation_period_num': 32, 'train_rates': 0.9720875827340715, 'learning_rate': 0.0005794481719424938, 'batch_size': 75, 'step_size': 10, 'gamma': 0.9537629280925877}. Best is trial 12 with value: 0.026731190346039747.[0m
[32m[I 2025-01-11 06:54:59,130][0m Trial 24 finished with value: 0.06992472310472901 and parameters: {'observation_period_num': 48, 'train_rates': 0.867837320821214, 'learning_rate': 6.849617019180835e-05, 'batch_size': 118, 'step_size': 9, 'gamma': 0.9895690567110373}. Best is trial 12 with value: 0.026731190346039747.[0m
[32m[I 2025-01-11 06:57:11,600][0m Trial 25 finished with value: 0.06627393414576849 and parameters: {'observation_period_num': 21, 'train_rates': 0.9797903632663159, 'learning_rate': 3.0086872380928994e-05, 'batch_size': 44, 'step_size': 14, 'gamma': 0.944916743270922}. Best is trial 12 with value: 0.026731190346039747.[0m
[32m[I 2025-01-11 06:58:37,415][0m Trial 26 finished with value: 0.04352382912499006 and parameters: {'observation_period_num': 14, 'train_rates': 0.9378763530623464, 'learning_rate': 0.0001497157404225818, 'batch_size': 67, 'step_size': 10, 'gamma': 0.9721730412713389}. Best is trial 12 with value: 0.026731190346039747.[0m
[32m[I 2025-01-11 07:01:00,300][0m Trial 27 finished with value: 0.07040983777376214 and parameters: {'observation_period_num': 44, 'train_rates': 0.8686718309987013, 'learning_rate': 0.0004356636081286033, 'batch_size': 37, 'step_size': 7, 'gamma': 0.9334342768326946}. Best is trial 12 with value: 0.026731190346039747.[0m
[32m[I 2025-01-11 07:01:55,555][0m Trial 28 finished with value: 0.07510782033205032 and parameters: {'observation_period_num': 63, 'train_rates': 0.9875529626209032, 'learning_rate': 0.0002268646123193831, 'batch_size': 107, 'step_size': 10, 'gamma': 0.969292981852719}. Best is trial 12 with value: 0.026731190346039747.[0m
[32m[I 2025-01-11 07:03:29,577][0m Trial 29 finished with value: 0.0869040917660433 and parameters: {'observation_period_num': 30, 'train_rates': 0.8846009431764196, 'learning_rate': 0.0007123875238124574, 'batch_size': 58, 'step_size': 12, 'gamma': 0.943403610415857}. Best is trial 12 with value: 0.026731190346039747.[0m
[32m[I 2025-01-11 07:05:38,806][0m Trial 30 finished with value: 0.2740437611937523 and parameters: {'observation_period_num': 170, 'train_rates': 0.7483044403464933, 'learning_rate': 1.6454383868584226e-05, 'batch_size': 35, 'step_size': 9, 'gamma': 0.8988978336625345}. Best is trial 12 with value: 0.026731190346039747.[0m
[32m[I 2025-01-11 07:07:36,726][0m Trial 31 finished with value: 0.037693577975166585 and parameters: {'observation_period_num': 6, 'train_rates': 0.9616957995115829, 'learning_rate': 0.000158193233023157, 'batch_size': 49, 'step_size': 6, 'gamma': 0.9642876957119954}. Best is trial 12 with value: 0.026731190346039747.[0m
[32m[I 2025-01-11 07:08:46,098][0m Trial 32 finished with value: 0.039916617531771864 and parameters: {'observation_period_num': 19, 'train_rates': 0.9112427543307222, 'learning_rate': 0.00026688002924696525, 'batch_size': 83, 'step_size': 7, 'gamma': 0.9212679240019541}. Best is trial 12 with value: 0.026731190346039747.[0m
[32m[I 2025-01-11 07:14:22,476][0m Trial 33 finished with value: 0.03197297165170312 and parameters: {'observation_period_num': 11, 'train_rates': 0.9645464693923673, 'learning_rate': 9.17615302029987e-05, 'batch_size': 17, 'step_size': 5, 'gamma': 0.9486840068272044}. Best is trial 12 with value: 0.026731190346039747.[0m
[32m[I 2025-01-11 07:19:07,849][0m Trial 34 finished with value: 0.06993990900981076 and parameters: {'observation_period_num': 147, 'train_rates': 0.951707220325213, 'learning_rate': 8.472944568667941e-05, 'batch_size': 19, 'step_size': 5, 'gamma': 0.9827776085554754}. Best is trial 12 with value: 0.026731190346039747.[0m
[32m[I 2025-01-11 07:19:35,530][0m Trial 35 finished with value: 0.13296325504779816 and parameters: {'observation_period_num': 36, 'train_rates': 0.9895403242965238, 'learning_rate': 5.004786771761108e-05, 'batch_size': 234, 'step_size': 7, 'gamma': 0.9434131359535517}. Best is trial 12 with value: 0.026731190346039747.[0m
[32m[I 2025-01-11 07:22:37,334][0m Trial 36 finished with value: 0.07851346381126888 and parameters: {'observation_period_num': 106, 'train_rates': 0.933796344246846, 'learning_rate': 0.0005500916430638167, 'batch_size': 30, 'step_size': 4, 'gamma': 0.9226031918623462}. Best is trial 12 with value: 0.026731190346039747.[0m
[32m[I 2025-01-11 07:24:17,416][0m Trial 37 finished with value: 0.29361057637342763 and parameters: {'observation_period_num': 52, 'train_rates': 0.9539262897595413, 'learning_rate': 3.735092690737976e-05, 'batch_size': 57, 'step_size': 2, 'gamma': 0.8897484883093204}. Best is trial 12 with value: 0.026731190346039747.[0m
[32m[I 2025-01-11 07:24:43,958][0m Trial 38 finished with value: 0.10359347851754487 and parameters: {'observation_period_num': 72, 'train_rates': 0.8017995233926831, 'learning_rate': 7.900198348892177e-05, 'batch_size': 199, 'step_size': 9, 'gamma': 0.9789539513517055}. Best is trial 12 with value: 0.026731190346039747.[0m
[32m[I 2025-01-11 07:29:49,371][0m Trial 39 finished with value: 0.03613909710010019 and parameters: {'observation_period_num': 23, 'train_rates': 0.9192554879544091, 'learning_rate': 0.0003212762712676238, 'batch_size': 18, 'step_size': 8, 'gamma': 0.9126485864569254}. Best is trial 12 with value: 0.026731190346039747.[0m
[32m[I 2025-01-11 07:31:12,293][0m Trial 40 finished with value: 1.4421193212460561 and parameters: {'observation_period_num': 36, 'train_rates': 0.8924638117878783, 'learning_rate': 1.0051328540909153e-06, 'batch_size': 66, 'step_size': 5, 'gamma': 0.949508430237268}. Best is trial 12 with value: 0.026731190346039747.[0m
[32m[I 2025-01-11 07:33:36,264][0m Trial 41 finished with value: 0.03448844468648281 and parameters: {'observation_period_num': 5, 'train_rates': 0.9631747923694071, 'learning_rate': 0.00017842552505511862, 'batch_size': 40, 'step_size': 6, 'gamma': 0.9639328915508999}. Best is trial 12 with value: 0.026731190346039747.[0m
[32m[I 2025-01-11 07:35:32,369][0m Trial 42 finished with value: 0.05200836310784022 and parameters: {'observation_period_num': 17, 'train_rates': 0.9685224940111531, 'learning_rate': 0.00011752347290752504, 'batch_size': 50, 'step_size': 7, 'gamma': 0.9366554677481792}. Best is trial 12 with value: 0.026731190346039747.[0m
[32m[I 2025-01-11 07:38:59,521][0m Trial 43 finished with value: 0.03125339210161875 and parameters: {'observation_period_num': 6, 'train_rates': 0.9409552128307509, 'learning_rate': 0.0003007361314269445, 'batch_size': 27, 'step_size': 8, 'gamma': 0.9899616077502562}. Best is trial 12 with value: 0.026731190346039747.[0m
[32m[I 2025-01-11 07:42:32,540][0m Trial 44 finished with value: 0.04348683597155563 and parameters: {'observation_period_num': 27, 'train_rates': 0.9372966311685814, 'learning_rate': 0.0002796174500912078, 'batch_size': 27, 'step_size': 8, 'gamma': 0.9864674439946034}. Best is trial 12 with value: 0.026731190346039747.[0m
[32m[I 2025-01-11 07:45:56,427][0m Trial 45 finished with value: 0.030435355829781498 and parameters: {'observation_period_num': 15, 'train_rates': 0.921138710797429, 'learning_rate': 0.00013141574616845297, 'batch_size': 27, 'step_size': 11, 'gamma': 0.9732549474791431}. Best is trial 12 with value: 0.026731190346039747.[0m
[32m[I 2025-01-11 07:50:51,461][0m Trial 46 finished with value: 0.13548981103786203 and parameters: {'observation_period_num': 228, 'train_rates': 0.8578265971983688, 'learning_rate': 0.00012436294770642434, 'batch_size': 16, 'step_size': 12, 'gamma': 0.9749929803117233}. Best is trial 12 with value: 0.026731190346039747.[0m
