ÊúÄÈÅ©ÂåñÂØæË±°: trend
[32m[I 2025-01-11 02:35:28,453][0m A new study created in memory with name: no-name-daf1df70-cc5b-4419-aa6e-33ce02ba2620[0m
Non-A100 GPU detected, using math or mem efficient attention if input tensor is on cuda
[32m[I 2025-01-11 02:36:27,995][0m Trial 0 finished with value: 0.06901426675194867 and parameters: {'observation_period_num': 63, 'train_rates': 0.7122279638489434, 'learning_rate': 0.00024750910051232056, 'batch_size': 78, 'step_size': 15, 'gamma': 0.7525331565029616}. Best is trial 0 with value: 0.06901426675194867.[0m
[32m[I 2025-01-11 02:36:52,720][0m Trial 1 finished with value: 0.7820899892764487 and parameters: {'observation_period_num': 104, 'train_rates': 0.8898947958969452, 'learning_rate': 6.778844486062603e-06, 'batch_size': 218, 'step_size': 11, 'gamma': 0.9860544778017848}. Best is trial 0 with value: 0.06901426675194867.[0m
[32m[I 2025-01-11 02:37:28,097][0m Trial 2 finished with value: 0.9485223889350891 and parameters: {'observation_period_num': 86, 'train_rates': 0.9588273076618323, 'learning_rate': 6.38262102106743e-06, 'batch_size': 167, 'step_size': 11, 'gamma': 0.7972187139536904}. Best is trial 0 with value: 0.06901426675194867.[0m
[32m[I 2025-01-11 02:38:42,546][0m Trial 3 finished with value: 0.05362059319338964 and parameters: {'observation_period_num': 49, 'train_rates': 0.7815265316650208, 'learning_rate': 0.00019305041294893175, 'batch_size': 65, 'step_size': 14, 'gamma': 0.8202068555920776}. Best is trial 3 with value: 0.05362059319338964.[0m
[32m[I 2025-01-11 02:39:13,569][0m Trial 4 finished with value: 0.7285578060898749 and parameters: {'observation_period_num': 191, 'train_rates': 0.6192832976754982, 'learning_rate': 1.8857266061335133e-05, 'batch_size': 133, 'step_size': 1, 'gamma': 0.9372628936578468}. Best is trial 3 with value: 0.05362059319338964.[0m
[32m[I 2025-01-11 02:41:03,267][0m Trial 5 finished with value: 0.15868897275018184 and parameters: {'observation_period_num': 222, 'train_rates': 0.6224142216008215, 'learning_rate': 7.647909433506187e-05, 'batch_size': 36, 'step_size': 13, 'gamma': 0.913877433425257}. Best is trial 3 with value: 0.05362059319338964.[0m
[32m[I 2025-01-11 02:42:04,454][0m Trial 6 finished with value: 0.7053274924304628 and parameters: {'observation_period_num': 56, 'train_rates': 0.9253413599279409, 'learning_rate': 4.684423462891912e-06, 'batch_size': 90, 'step_size': 10, 'gamma': 0.9601766894411974}. Best is trial 3 with value: 0.05362059319338964.[0m
[32m[I 2025-01-11 02:43:13,369][0m Trial 7 finished with value: 0.29737676601510493 and parameters: {'observation_period_num': 114, 'train_rates': 0.6322365185249228, 'learning_rate': 0.00010611648403499309, 'batch_size': 60, 'step_size': 2, 'gamma': 0.8609113345900268}. Best is trial 3 with value: 0.05362059319338964.[0m
[32m[I 2025-01-11 02:43:38,974][0m Trial 8 finished with value: 2.2610118950114533 and parameters: {'observation_period_num': 128, 'train_rates': 0.9037388795158583, 'learning_rate': 1.4818044241020966e-06, 'batch_size': 224, 'step_size': 15, 'gamma': 0.848233257987741}. Best is trial 3 with value: 0.05362059319338964.[0m
[32m[I 2025-01-11 02:44:23,202][0m Trial 9 finished with value: 0.480123132972394 and parameters: {'observation_period_num': 17, 'train_rates': 0.8994535020731942, 'learning_rate': 5.013908439782148e-06, 'batch_size': 128, 'step_size': 13, 'gamma': 0.9715156220490492}. Best is trial 3 with value: 0.05362059319338964.[0m
[32m[I 2025-01-11 02:49:25,913][0m Trial 10 finished with value: 0.02455597943398618 and parameters: {'observation_period_num': 8, 'train_rates': 0.7986432002112183, 'learning_rate': 0.0007652123471841687, 'batch_size': 16, 'step_size': 6, 'gamma': 0.7933634287267952}. Best is trial 10 with value: 0.02455597943398618.[0m
[32m[I 2025-01-11 02:53:35,128][0m Trial 11 finished with value: 0.026262780103658925 and parameters: {'observation_period_num': 6, 'train_rates': 0.795919902422214, 'learning_rate': 0.0009692915837646141, 'batch_size': 20, 'step_size': 6, 'gamma': 0.8000928435280338}. Best is trial 10 with value: 0.02455597943398618.[0m
[32m[I 2025-01-11 02:57:21,418][0m Trial 12 finished with value: 0.023266856786934575 and parameters: {'observation_period_num': 10, 'train_rates': 0.8074030968285543, 'learning_rate': 0.0007073725859948118, 'batch_size': 22, 'step_size': 6, 'gamma': 0.7606563160269512}. Best is trial 12 with value: 0.023266856786934575.[0m
[32m[I 2025-01-11 03:00:36,519][0m Trial 13 finished with value: 0.023563656841705943 and parameters: {'observation_period_num': 6, 'train_rates': 0.8173703520548969, 'learning_rate': 0.000916765763917156, 'batch_size': 26, 'step_size': 6, 'gamma': 0.750480490116581}. Best is trial 12 with value: 0.023266856786934575.[0m
[32m[I 2025-01-11 03:01:23,806][0m Trial 14 finished with value: 0.20403491670840254 and parameters: {'observation_period_num': 158, 'train_rates': 0.7319251183250777, 'learning_rate': 0.0003338133586302421, 'batch_size': 98, 'step_size': 4, 'gamma': 0.7561552885419549}. Best is trial 12 with value: 0.023266856786934575.[0m
[32m[I 2025-01-11 03:03:08,850][0m Trial 15 finished with value: 0.0670909922260905 and parameters: {'observation_period_num': 38, 'train_rates': 0.8428111608378277, 'learning_rate': 4.284213724687947e-05, 'batch_size': 50, 'step_size': 8, 'gamma': 0.8932425803732075}. Best is trial 12 with value: 0.023266856786934575.[0m
[32m[I 2025-01-11 03:03:37,278][0m Trial 16 finished with value: 0.17912804123458512 and parameters: {'observation_period_num': 249, 'train_rates': 0.8386312108511356, 'learning_rate': 0.0004500552175623096, 'batch_size': 176, 'step_size': 6, 'gamma': 0.773492408911692}. Best is trial 12 with value: 0.023266856786934575.[0m
[32m[I 2025-01-11 03:05:34,447][0m Trial 17 finished with value: 0.08299266229846113 and parameters: {'observation_period_num': 33, 'train_rates': 0.7005964767775631, 'learning_rate': 0.0009813102680899517, 'batch_size': 39, 'step_size': 4, 'gamma': 0.8364908897443571}. Best is trial 12 with value: 0.023266856786934575.[0m
[32m[I 2025-01-11 03:06:18,675][0m Trial 18 finished with value: 0.10393359753787938 and parameters: {'observation_period_num': 81, 'train_rates': 0.7532031255939645, 'learning_rate': 0.00015313761066740688, 'batch_size': 110, 'step_size': 9, 'gamma': 0.7760249078691109}. Best is trial 12 with value: 0.023266856786934575.[0m
[32m[I 2025-01-11 03:06:44,950][0m Trial 19 finished with value: 0.24481197577779706 and parameters: {'observation_period_num': 158, 'train_rates': 0.6707881527281938, 'learning_rate': 0.0005164428456424425, 'batch_size': 182, 'step_size': 4, 'gamma': 0.8214911279539443}. Best is trial 12 with value: 0.023266856786934575.[0m
[32m[I 2025-01-11 03:07:55,130][0m Trial 20 finished with value: 0.3951463785269713 and parameters: {'observation_period_num': 75, 'train_rates': 0.8482891257441674, 'learning_rate': 2.4963344318518502e-05, 'batch_size': 74, 'step_size': 8, 'gamma': 0.7745013874033014}. Best is trial 12 with value: 0.023266856786934575.[0m
[32m[I 2025-01-11 03:13:01,657][0m Trial 21 finished with value: 0.022318420555404943 and parameters: {'observation_period_num': 11, 'train_rates': 0.7981524305770709, 'learning_rate': 0.0005689261112441613, 'batch_size': 16, 'step_size': 5, 'gamma': 0.7972821710517621}. Best is trial 21 with value: 0.022318420555404943.[0m
[32m[I 2025-01-11 03:15:39,265][0m Trial 22 finished with value: 0.04054330841783335 and parameters: {'observation_period_num': 30, 'train_rates': 0.8200304712231828, 'learning_rate': 0.00046641347137119863, 'batch_size': 32, 'step_size': 5, 'gamma': 0.7517688483504732}. Best is trial 21 with value: 0.022318420555404943.[0m
[32m[I 2025-01-11 03:15:59,824][0m Trial 23 finished with value: 0.09200863466485516 and parameters: {'observation_period_num': 26, 'train_rates': 0.7511441788233467, 'learning_rate': 0.000310826441163265, 'batch_size': 253, 'step_size': 7, 'gamma': 0.810242496380416}. Best is trial 21 with value: 0.022318420555404943.[0m
[32m[I 2025-01-11 03:17:44,375][0m Trial 24 finished with value: 0.03561145833123531 and parameters: {'observation_period_num': 5, 'train_rates': 0.8637426585567949, 'learning_rate': 0.00059509961996578, 'batch_size': 51, 'step_size': 3, 'gamma': 0.784569384934275}. Best is trial 21 with value: 0.022318420555404943.[0m
[32m[I 2025-01-11 03:22:39,228][0m Trial 25 finished with value: 0.08512029358569313 and parameters: {'observation_period_num': 44, 'train_rates': 0.7721524583402689, 'learning_rate': 6.154846807277133e-05, 'batch_size': 16, 'step_size': 5, 'gamma': 0.7714285286846658}. Best is trial 21 with value: 0.022318420555404943.[0m
[32m[I 2025-01-11 03:24:43,951][0m Trial 26 finished with value: 0.0545567630065812 and parameters: {'observation_period_num': 64, 'train_rates': 0.8130448100215205, 'learning_rate': 0.00013815261868620156, 'batch_size': 40, 'step_size': 8, 'gamma': 0.872269033206058}. Best is trial 21 with value: 0.022318420555404943.[0m
[32m[I 2025-01-11 03:25:23,582][0m Trial 27 finished with value: 0.2082810401916504 and parameters: {'observation_period_num': 24, 'train_rates': 0.9694061203528322, 'learning_rate': 0.0002520147340818847, 'batch_size': 151, 'step_size': 2, 'gamma': 0.830702960432931}. Best is trial 21 with value: 0.022318420555404943.[0m
[32m[I 2025-01-11 03:26:22,610][0m Trial 28 finished with value: 0.06987653046443655 and parameters: {'observation_period_num': 149, 'train_rates': 0.8679845975582164, 'learning_rate': 0.0006186186914473568, 'batch_size': 87, 'step_size': 7, 'gamma': 0.7581366502019207}. Best is trial 21 with value: 0.022318420555404943.[0m
[32m[I 2025-01-11 03:27:05,934][0m Trial 29 finished with value: 0.13723800997985036 and parameters: {'observation_period_num': 66, 'train_rates': 0.7101631873582493, 'learning_rate': 0.00029409392524931195, 'batch_size': 110, 'step_size': 5, 'gamma': 0.7515176219468135}. Best is trial 21 with value: 0.022318420555404943.[0m
[32m[I 2025-01-11 03:28:32,334][0m Trial 30 finished with value: 0.05306900524012578 and parameters: {'observation_period_num': 48, 'train_rates': 0.7683157498580356, 'learning_rate': 0.0009854392753736014, 'batch_size': 57, 'step_size': 7, 'gamma': 0.7833596628589149}. Best is trial 21 with value: 0.022318420555404943.[0m
[32m[I 2025-01-11 03:33:41,575][0m Trial 31 finished with value: 0.025180794049859675 and parameters: {'observation_period_num': 9, 'train_rates': 0.8068533795463516, 'learning_rate': 0.0005993778787716742, 'batch_size': 16, 'step_size': 6, 'gamma': 0.7979293302762626}. Best is trial 21 with value: 0.022318420555404943.[0m
[32m[I 2025-01-11 03:36:37,361][0m Trial 32 finished with value: 0.042084948304626675 and parameters: {'observation_period_num': 20, 'train_rates': 0.8312243942740122, 'learning_rate': 0.0008414917923423899, 'batch_size': 29, 'step_size': 3, 'gamma': 0.7914153725456289}. Best is trial 21 with value: 0.022318420555404943.[0m
[32m[I 2025-01-11 03:39:40,203][0m Trial 33 finished with value: 0.02734362519976588 and parameters: {'observation_period_num': 7, 'train_rates': 0.7897839818472676, 'learning_rate': 0.00036803741975869345, 'batch_size': 27, 'step_size': 6, 'gamma': 0.8067886152299957}. Best is trial 21 with value: 0.022318420555404943.[0m
[32m[I 2025-01-11 03:40:58,048][0m Trial 34 finished with value: 0.08453159167371958 and parameters: {'observation_period_num': 99, 'train_rates': 0.8735722573042345, 'learning_rate': 0.00022368646038609157, 'batch_size': 69, 'step_size': 9, 'gamma': 0.7622817195808105}. Best is trial 21 with value: 0.022318420555404943.[0m
[32m[I 2025-01-11 03:42:35,915][0m Trial 35 finished with value: 0.053176427585264995 and parameters: {'observation_period_num': 38, 'train_rates': 0.7404707372778275, 'learning_rate': 0.0006676650831704434, 'batch_size': 48, 'step_size': 5, 'gamma': 0.7646887291972385}. Best is trial 21 with value: 0.022318420555404943.[0m
[32m[I 2025-01-11 03:44:57,037][0m Trial 36 finished with value: 0.0441343639999772 and parameters: {'observation_period_num': 20, 'train_rates': 0.9296128860472488, 'learning_rate': 0.0001844735562746757, 'batch_size': 40, 'step_size': 7, 'gamma': 0.8158321735957836}. Best is trial 21 with value: 0.022318420555404943.[0m
[32m[I 2025-01-11 03:49:54,109][0m Trial 37 finished with value: 0.33311684698593325 and parameters: {'observation_period_num': 54, 'train_rates': 0.7879615610122225, 'learning_rate': 1.5368688754928825e-05, 'batch_size': 16, 'step_size': 3, 'gamma': 0.7890817459712802}. Best is trial 21 with value: 0.022318420555404943.[0m
[32m[I 2025-01-11 03:51:13,131][0m Trial 38 finished with value: 0.0664648804709176 and parameters: {'observation_period_num': 99, 'train_rates': 0.812474857131054, 'learning_rate': 0.00039970256531232017, 'batch_size': 64, 'step_size': 11, 'gamma': 0.8521922675149916}. Best is trial 21 with value: 0.022318420555404943.[0m
[32m[I 2025-01-11 03:52:12,344][0m Trial 39 finished with value: 0.13024215306205328 and parameters: {'observation_period_num': 195, 'train_rates': 0.7700369881806125, 'learning_rate': 9.251307220411335e-05, 'batch_size': 80, 'step_size': 9, 'gamma': 0.8892243106058453}. Best is trial 21 with value: 0.022318420555404943.[0m
Early stopping at epoch 59
[32m[I 2025-01-11 03:53:47,210][0m Trial 40 finished with value: 2.3051252022742235 and parameters: {'observation_period_num': 17, 'train_rates': 0.6726346635484809, 'learning_rate': 1.19294358253154e-06, 'batch_size': 28, 'step_size': 1, 'gamma': 0.8353521539005924}. Best is trial 21 with value: 0.022318420555404943.[0m
[32m[I 2025-01-11 03:58:38,072][0m Trial 41 finished with value: 0.0238913018976605 and parameters: {'observation_period_num': 5, 'train_rates': 0.806868832404646, 'learning_rate': 0.0006825264241336356, 'batch_size': 17, 'step_size': 6, 'gamma': 0.7997066937930737}. Best is trial 21 with value: 0.022318420555404943.[0m
[32m[I 2025-01-11 04:00:32,018][0m Trial 42 finished with value: 0.0354392953806805 and parameters: {'observation_period_num': 36, 'train_rates': 0.8288406094737675, 'learning_rate': 0.0006463843854569495, 'batch_size': 45, 'step_size': 6, 'gamma': 0.7984454312300309}. Best is trial 21 with value: 0.022318420555404943.[0m
[32m[I 2025-01-11 04:03:30,224][0m Trial 43 finished with value: 0.6138568933725752 and parameters: {'observation_period_num': 5, 'train_rates': 0.7952631139797168, 'learning_rate': 2.2156618332049614e-06, 'batch_size': 28, 'step_size': 5, 'gamma': 0.7665197110951496}. Best is trial 21 with value: 0.022318420555404943.[0m
[32m[I 2025-01-11 04:06:23,273][0m Trial 44 finished with value: 0.03445177083341884 and parameters: {'observation_period_num': 17, 'train_rates': 0.7283744989727239, 'learning_rate': 0.0007371619633910435, 'batch_size': 27, 'step_size': 4, 'gamma': 0.7820398007159783}. Best is trial 21 with value: 0.022318420555404943.[0m
[32m[I 2025-01-11 04:07:47,220][0m Trial 45 finished with value: 0.04581790321210832 and parameters: {'observation_period_num': 51, 'train_rates': 0.8545139274631642, 'learning_rate': 0.00043018345975015, 'batch_size': 63, 'step_size': 7, 'gamma': 0.825566266821105}. Best is trial 21 with value: 0.022318420555404943.[0m
[32m[I 2025-01-11 04:09:27,035][0m Trial 46 finished with value: 0.03994439078305296 and parameters: {'observation_period_num': 30, 'train_rates': 0.8857805152361897, 'learning_rate': 0.00024228722503808644, 'batch_size': 54, 'step_size': 6, 'gamma': 0.9394660385691926}. Best is trial 21 with value: 0.022318420555404943.[0m
[32m[I 2025-01-11 04:11:42,924][0m Trial 47 finished with value: 0.4299018740148868 and parameters: {'observation_period_num': 17, 'train_rates': 0.7988497080979944, 'learning_rate': 8.49211277320501e-06, 'batch_size': 37, 'step_size': 4, 'gamma': 0.8090392580436404}. Best is trial 21 with value: 0.022318420555404943.[0m
[32m[I 2025-01-11 04:12:08,272][0m Trial 48 finished with value: 0.07863633918178665 and parameters: {'observation_period_num': 41, 'train_rates': 0.7543363957009329, 'learning_rate': 0.0007689286562634309, 'batch_size': 205, 'step_size': 10, 'gamma': 0.7890600756813255}. Best is trial 21 with value: 0.022318420555404943.[0m
[32m[I 2025-01-11 04:15:35,603][0m Trial 49 finished with value: 0.06051511490262869 and parameters: {'observation_period_num': 72, 'train_rates': 0.7793992802334295, 'learning_rate': 0.0001267298214278822, 'batch_size': 23, 'step_size': 8, 'gamma': 0.8433950737886794}. Best is trial 21 with value: 0.022318420555404943.[0m
trend „ÅÆÊúÄÈÅ©„Éè„Ç§„Éë„Éº„Éë„É©„É°„Éº„Çø„ÅåË¶ã„Å§„Åã„Çä„Åæ„Åó„Åü
ÊúÄÈÅ©ÂåñÂØæË±°: seasonal_0
[32m[I 2025-01-11 04:15:35,613][0m A new study created in memory with name: no-name-d5ddab10-030d-4e58-8cdc-0ee03fd388d9[0m
[32m[I 2025-01-11 04:16:12,826][0m Trial 0 finished with value: 0.3090100586414337 and parameters: {'observation_period_num': 38, 'train_rates': 0.9837890660871007, 'learning_rate': 1.888029158026572e-05, 'batch_size': 166, 'step_size': 15, 'gamma': 0.7849558542575371}. Best is trial 0 with value: 0.3090100586414337.[0m
[32m[I 2025-01-11 04:19:06,373][0m Trial 1 finished with value: 0.8290032636917507 and parameters: {'observation_period_num': 191, 'train_rates': 0.7219007507136525, 'learning_rate': 1.9218250084390583e-06, 'batch_size': 25, 'step_size': 14, 'gamma': 0.9396225320587124}. Best is trial 0 with value: 0.3090100586414337.[0m
[32m[I 2025-01-11 04:20:32,259][0m Trial 2 finished with value: 0.09205515794162675 and parameters: {'observation_period_num': 140, 'train_rates': 0.9550356364710199, 'learning_rate': 0.0007795578293237937, 'batch_size': 64, 'step_size': 4, 'gamma': 0.7547972189769895}. Best is trial 2 with value: 0.09205515794162675.[0m
[32m[I 2025-01-11 04:20:51,431][0m Trial 3 finished with value: 1.247062594190789 and parameters: {'observation_period_num': 143, 'train_rates': 0.7199042660967113, 'learning_rate': 5.054337887075703e-06, 'batch_size': 254, 'step_size': 8, 'gamma': 0.9184271112639155}. Best is trial 2 with value: 0.09205515794162675.[0m
Early stopping at epoch 55
[32m[I 2025-01-11 04:21:54,901][0m Trial 4 finished with value: 0.8744879330497191 and parameters: {'observation_period_num': 234, 'train_rates': 0.694440620592806, 'learning_rate': 3.249109778051838e-05, 'batch_size': 37, 'step_size': 1, 'gamma': 0.7841775405093477}. Best is trial 2 with value: 0.09205515794162675.[0m
[32m[I 2025-01-11 04:24:51,440][0m Trial 5 finished with value: 0.249924713156177 and parameters: {'observation_period_num': 7, 'train_rates': 0.8252327480661434, 'learning_rate': 5.49618700512702e-06, 'batch_size': 29, 'step_size': 4, 'gamma': 0.8826744188481197}. Best is trial 2 with value: 0.09205515794162675.[0m
[32m[I 2025-01-11 04:25:35,425][0m Trial 6 finished with value: 0.7206661496252668 and parameters: {'observation_period_num': 171, 'train_rates': 0.7720299277895651, 'learning_rate': 2.2710831063572443e-05, 'batch_size': 110, 'step_size': 3, 'gamma': 0.837055004116015}. Best is trial 2 with value: 0.09205515794162675.[0m
[32m[I 2025-01-11 04:25:56,773][0m Trial 7 finished with value: 0.15083797027922607 and parameters: {'observation_period_num': 236, 'train_rates': 0.6415914500432794, 'learning_rate': 0.0008658666558824217, 'batch_size': 214, 'step_size': 13, 'gamma': 0.9229241040906004}. Best is trial 2 with value: 0.09205515794162675.[0m
[32m[I 2025-01-11 04:29:28,053][0m Trial 8 finished with value: 0.7367508586955397 and parameters: {'observation_period_num': 185, 'train_rates': 0.6042066089496598, 'learning_rate': 1.9701095182188672e-05, 'batch_size': 18, 'step_size': 1, 'gamma': 0.9116008799290676}. Best is trial 2 with value: 0.09205515794162675.[0m
[32m[I 2025-01-11 04:32:31,000][0m Trial 9 finished with value: 0.2257436699511712 and parameters: {'observation_period_num': 227, 'train_rates': 0.7490985194324233, 'learning_rate': 0.0007710697866186194, 'batch_size': 24, 'step_size': 4, 'gamma': 0.9658561856376139}. Best is trial 2 with value: 0.09205515794162675.[0m
[32m[I 2025-01-11 04:33:36,571][0m Trial 10 finished with value: 0.10703758895397186 and parameters: {'observation_period_num': 87, 'train_rates': 0.979727991900672, 'learning_rate': 0.00015070947235953778, 'batch_size': 90, 'step_size': 8, 'gamma': 0.7604901580083103}. Best is trial 2 with value: 0.09205515794162675.[0m
[32m[I 2025-01-11 04:34:42,050][0m Trial 11 finished with value: 0.09598025679588318 and parameters: {'observation_period_num': 84, 'train_rates': 0.9894226239258479, 'learning_rate': 0.00017707880125035196, 'batch_size': 91, 'step_size': 8, 'gamma': 0.7553579961679393}. Best is trial 2 with value: 0.09205515794162675.[0m
[32m[I 2025-01-11 04:35:53,238][0m Trial 12 finished with value: 0.06518908822304242 and parameters: {'observation_period_num': 87, 'train_rates': 0.8924233705290933, 'learning_rate': 0.00020100202055835212, 'batch_size': 76, 'step_size': 11, 'gamma': 0.8329810660028704}. Best is trial 12 with value: 0.06518908822304242.[0m
[32m[I 2025-01-11 04:37:14,437][0m Trial 13 finished with value: 0.07811396532697873 and parameters: {'observation_period_num': 101, 'train_rates': 0.8886728270103861, 'learning_rate': 0.00023132878719426766, 'batch_size': 65, 'step_size': 11, 'gamma': 0.8335081984347301}. Best is trial 12 with value: 0.06518908822304242.[0m
[32m[I 2025-01-11 04:37:53,129][0m Trial 14 finished with value: 0.08691984722470827 and parameters: {'observation_period_num': 90, 'train_rates': 0.8780193304052479, 'learning_rate': 0.00016117224593413906, 'batch_size': 142, 'step_size': 11, 'gamma': 0.835954855240863}. Best is trial 12 with value: 0.06518908822304242.[0m
