[32m[I 2025-01-11 07:53:55,165][0m Trial 47 finished with value: 0.03312495186065252 and parameters: {'observation_period_num': 15, 'train_rates': 0.9114738572606311, 'learning_rate': 0.0005000833752189851, 'batch_size': 30, 'step_size': 11, 'gamma': 0.9873323445917677}. Best is trial 12 with value: 0.026731190346039747.[0m
[32m[I 2025-01-11 07:54:35,383][0m Trial 48 finished with value: 0.09095820199663394 and parameters: {'observation_period_num': 69, 'train_rates': 0.9260529935263004, 'learning_rate': 0.00031263601925779147, 'batch_size': 146, 'step_size': 13, 'gamma': 0.9539953295520847}. Best is trial 12 with value: 0.026731190346039747.[0m
[32m[I 2025-01-11 07:58:18,311][0m Trial 49 finished with value: 0.07828484742805876 and parameters: {'observation_period_num': 50, 'train_rates': 0.9001166491115015, 'learning_rate': 0.0009809182473902098, 'batch_size': 24, 'step_size': 2, 'gamma': 0.9713062097362594}. Best is trial 12 with value: 0.026731190346039747.[0m
seasonal_2 „ÅÆÊúÄÈÅ©„Éè„Ç§„Éë„Éº„Éë„É©„É°„Éº„Çø„ÅåË¶ã„Å§„Åã„Çä„Åæ„Åó„Åü
ÊúÄÈÅ©ÂåñÂØæË±°: seasonal_3
[32m[I 2025-01-11 07:58:18,320][0m A new study created in memory with name: no-name-80b1e1b4-36cf-413d-bb03-1f805e621069[0m
[32m[I 2025-01-11 07:58:45,636][0m Trial 0 finished with value: 0.10440652004157404 and parameters: {'observation_period_num': 140, 'train_rates': 0.7321718183433604, 'learning_rate': 0.00039961616157313176, 'batch_size': 179, 'step_size': 11, 'gamma': 0.8463449300584691}. Best is trial 0 with value: 0.10440652004157404.[0m
[32m[I 2025-01-11 07:59:09,317][0m Trial 1 finished with value: 0.7362088561058044 and parameters: {'observation_period_num': 243, 'train_rates': 0.9600232326709404, 'learning_rate': 7.572206511334907e-06, 'batch_size': 247, 'step_size': 9, 'gamma': 0.8735541729664135}. Best is trial 0 with value: 0.10440652004157404.[0m
[32m[I 2025-01-11 08:00:00,491][0m Trial 2 finished with value: 1.243712420623327 and parameters: {'observation_period_num': 93, 'train_rates': 0.8642181397989415, 'learning_rate': 2.70754740204566e-06, 'batch_size': 105, 'step_size': 2, 'gamma': 0.9271433918783313}. Best is trial 0 with value: 0.10440652004157404.[0m
[32m[I 2025-01-11 08:01:35,919][0m Trial 3 finished with value: 0.09731680793421608 and parameters: {'observation_period_num': 226, 'train_rates': 0.9386716404195152, 'learning_rate': 0.0005746288295434307, 'batch_size': 55, 'step_size': 15, 'gamma': 0.9332707832249338}. Best is trial 3 with value: 0.09731680793421608.[0m
Early stopping at epoch 45
[32m[I 2025-01-11 08:02:13,559][0m Trial 4 finished with value: 4.8938927473266265 and parameters: {'observation_period_num': 37, 'train_rates': 0.6860839037905918, 'learning_rate': 4.956740260967616e-06, 'batch_size': 56, 'step_size': 1, 'gamma': 0.781740972721055}. Best is trial 3 with value: 0.09731680793421608.[0m
[32m[I 2025-01-11 08:02:34,520][0m Trial 5 finished with value: 0.13259898902020245 and parameters: {'observation_period_num': 188, 'train_rates': 0.7289720818047298, 'learning_rate': 0.0005604755438538248, 'batch_size': 227, 'step_size': 15, 'gamma': 0.9009633662424428}. Best is trial 3 with value: 0.09731680793421608.[0m
[32m[I 2025-01-11 08:03:24,264][0m Trial 6 finished with value: 0.12433671628980428 and parameters: {'observation_period_num': 176, 'train_rates': 0.770340935426358, 'learning_rate': 0.000267326224667496, 'batch_size': 96, 'step_size': 8, 'gamma': 0.7703398029482378}. Best is trial 3 with value: 0.09731680793421608.[0m
[32m[I 2025-01-11 08:06:42,699][0m Trial 7 finished with value: 0.2692138123833121 and parameters: {'observation_period_num': 215, 'train_rates': 0.6469663039875845, 'learning_rate': 2.315138753552994e-05, 'batch_size': 20, 'step_size': 7, 'gamma': 0.858056854517492}. Best is trial 3 with value: 0.09731680793421608.[0m
[32m[I 2025-01-11 08:07:11,295][0m Trial 8 finished with value: 0.38815415600518216 and parameters: {'observation_period_num': 94, 'train_rates': 0.8336250289022189, 'learning_rate': 1.4341679562911989e-05, 'batch_size': 191, 'step_size': 7, 'gamma': 0.9747666550994959}. Best is trial 3 with value: 0.09731680793421608.[0m
[32m[I 2025-01-11 08:07:38,134][0m Trial 9 finished with value: 0.4571402445435524 and parameters: {'observation_period_num': 215, 'train_rates': 0.8305626971799721, 'learning_rate': 2.5614087885781053e-05, 'batch_size': 191, 'step_size': 13, 'gamma': 0.7557801847129137}. Best is trial 3 with value: 0.09731680793421608.[0m
[32m[I 2025-01-11 08:12:24,672][0m Trial 10 finished with value: 0.03292560098426683 and parameters: {'observation_period_num': 11, 'train_rates': 0.9836297054391738, 'learning_rate': 9.823129213635967e-05, 'batch_size': 20, 'step_size': 15, 'gamma': 0.9844967465285224}. Best is trial 10 with value: 0.03292560098426683.[0m
[32m[I 2025-01-11 08:17:59,705][0m Trial 11 finished with value: 0.039473077903191246 and parameters: {'observation_period_num': 33, 'train_rates': 0.9889501316548572, 'learning_rate': 0.00010998171156994324, 'batch_size': 17, 'step_size': 15, 'gamma': 0.98336871645176}. Best is trial 10 with value: 0.03292560098426683.[0m
[32m[I 2025-01-11 08:23:39,837][0m Trial 12 finished with value: 0.027367406617850067 and parameters: {'observation_period_num': 8, 'train_rates': 0.9866214331441603, 'learning_rate': 9.815105777747816e-05, 'batch_size': 17, 'step_size': 12, 'gamma': 0.9873827873368126}. Best is trial 12 with value: 0.027367406617850067.[0m
[32m[I 2025-01-11 08:25:04,840][0m Trial 13 finished with value: 0.04590940179133957 and parameters: {'observation_period_num': 8, 'train_rates': 0.9029831474881251, 'learning_rate': 0.00010157928680803283, 'batch_size': 65, 'step_size': 12, 'gamma': 0.9539825207450544}. Best is trial 12 with value: 0.027367406617850067.[0m
[32m[I 2025-01-11 08:25:46,914][0m Trial 14 finished with value: 0.12740458077055283 and parameters: {'observation_period_num': 67, 'train_rates': 0.9096094961610696, 'learning_rate': 8.365995815807753e-05, 'batch_size': 133, 'step_size': 10, 'gamma': 0.8189010662316745}. Best is trial 12 with value: 0.027367406617850067.[0m
[32m[I 2025-01-11 08:28:23,212][0m Trial 15 finished with value: 0.03742084504579598 and parameters: {'observation_period_num': 5, 'train_rates': 0.9820997388258668, 'learning_rate': 5.918849120658513e-05, 'batch_size': 37, 'step_size': 13, 'gamma': 0.9849779090415793}. Best is trial 12 with value: 0.027367406617850067.[0m
[32m[I 2025-01-11 08:29:09,593][0m Trial 16 finished with value: 0.21288728320005676 and parameters: {'observation_period_num': 52, 'train_rates': 0.6047155691360104, 'learning_rate': 0.00021538949096146665, 'batch_size': 90, 'step_size': 4, 'gamma': 0.943173799298799}. Best is trial 12 with value: 0.027367406617850067.[0m
[32m[I 2025-01-11 08:29:51,382][0m Trial 17 finished with value: 0.1636734372915182 and parameters: {'observation_period_num': 86, 'train_rates': 0.9072898825269103, 'learning_rate': 4.740224051571792e-05, 'batch_size': 136, 'step_size': 13, 'gamma': 0.9050282996606407}. Best is trial 12 with value: 0.027367406617850067.[0m
[32m[I 2025-01-11 08:31:05,286][0m Trial 18 finished with value: 0.08580878559957471 and parameters: {'observation_period_num': 145, 'train_rates': 0.9390612616120116, 'learning_rate': 0.0001253465414483528, 'batch_size': 75, 'step_size': 11, 'gamma': 0.9603003871769737}. Best is trial 12 with value: 0.027367406617850067.[0m
[32m[I 2025-01-11 08:31:45,436][0m Trial 19 finished with value: 0.46040319001421015 and parameters: {'observation_period_num': 117, 'train_rates': 0.8674732067801079, 'learning_rate': 1.35286244639528e-05, 'batch_size': 133, 'step_size': 5, 'gamma': 0.9033591565463275}. Best is trial 12 with value: 0.027367406617850067.[0m
[32m[I 2025-01-11 08:34:00,286][0m Trial 20 finished with value: 0.04352706979314788 and parameters: {'observation_period_num': 28, 'train_rates': 0.7749472604282843, 'learning_rate': 0.0009609040365810116, 'batch_size': 36, 'step_size': 14, 'gamma': 0.8208194317607558}. Best is trial 12 with value: 0.027367406617850067.[0m
[32m[I 2025-01-11 08:36:33,567][0m Trial 21 finished with value: 0.03456594794988632 and parameters: {'observation_period_num': 7, 'train_rates': 0.9892843161161762, 'learning_rate': 4.9554548848484754e-05, 'batch_size': 38, 'step_size': 13, 'gamma': 0.9888086974639299}. Best is trial 12 with value: 0.027367406617850067.[0m
[32m[I 2025-01-11 08:39:01,548][0m Trial 22 finished with value: 0.07238392080486256 and parameters: {'observation_period_num': 58, 'train_rates': 0.952853474704514, 'learning_rate': 4.4725818442164447e-05, 'batch_size': 38, 'step_size': 12, 'gamma': 0.9892371538486783}. Best is trial 12 with value: 0.027367406617850067.[0m
[32m[I 2025-01-11 08:44:23,816][0m Trial 23 finished with value: 0.0321417271214373 and parameters: {'observation_period_num': 17, 'train_rates': 0.9885896258844445, 'learning_rate': 0.00021184733218486328, 'batch_size': 18, 'step_size': 14, 'gamma': 0.9635358513728389}. Best is trial 12 with value: 0.027367406617850067.[0m
[32m[I 2025-01-11 08:48:57,529][0m Trial 24 finished with value: 0.39711206153738654 and parameters: {'observation_period_num': 28, 'train_rates': 0.9205826191514631, 'learning_rate': 1.106269465590537e-06, 'batch_size': 20, 'step_size': 14, 'gamma': 0.9640936710384129}. Best is trial 12 with value: 0.027367406617850067.[0m
[32m[I 2025-01-11 08:50:02,648][0m Trial 25 finished with value: 0.058182442508762776 and parameters: {'observation_period_num': 73, 'train_rates': 0.875907992381967, 'learning_rate': 0.00016446463490697928, 'batch_size': 82, 'step_size': 11, 'gamma': 0.919265086016959}. Best is trial 12 with value: 0.027367406617850067.[0m
[32m[I 2025-01-11 08:50:53,696][0m Trial 26 finished with value: 0.0662325769662857 and parameters: {'observation_period_num': 48, 'train_rates': 0.9649244052457833, 'learning_rate': 0.0002839656307140871, 'batch_size': 114, 'step_size': 14, 'gamma': 0.9490246002084568}. Best is trial 12 with value: 0.027367406617850067.[0m
[32m[I 2025-01-11 08:52:33,604][0m Trial 27 finished with value: 0.043054544246258514 and parameters: {'observation_period_num': 18, 'train_rates': 0.9342496823244237, 'learning_rate': 0.0001688980210783562, 'batch_size': 57, 'step_size': 15, 'gamma': 0.9651708957576574}. Best is trial 12 with value: 0.027367406617850067.[0m
[32m[I 2025-01-11 08:54:41,387][0m Trial 28 finished with value: 0.051490851606313996 and parameters: {'observation_period_num': 46, 'train_rates': 0.9641987290914118, 'learning_rate': 0.000936083431181761, 'batch_size': 44, 'step_size': 10, 'gamma': 0.9399387355515357}. Best is trial 12 with value: 0.027367406617850067.[0m
[32m[I 2025-01-11 08:55:17,519][0m Trial 29 finished with value: 0.06954827131790535 and parameters: {'observation_period_num': 114, 'train_rates': 0.8870232274335152, 'learning_rate': 0.00034014925082055826, 'batch_size': 153, 'step_size': 12, 'gamma': 0.878911405168387}. Best is trial 12 with value: 0.027367406617850067.[0m
[32m[I 2025-01-11 08:56:26,726][0m Trial 30 finished with value: 0.09063463555548781 and parameters: {'observation_period_num': 145, 'train_rates': 0.8343743491035572, 'learning_rate': 7.792573841378858e-05, 'batch_size': 73, 'step_size': 10, 'gamma': 0.9710003652949063}. Best is trial 12 with value: 0.027367406617850067.[0m
[32m[I 2025-01-11 08:59:55,372][0m Trial 31 finished with value: 0.05742318257689476 and parameters: {'observation_period_num': 19, 'train_rates': 0.9847929167185534, 'learning_rate': 3.14386468553404e-05, 'batch_size': 28, 'step_size': 13, 'gamma': 0.9847721774078604}. Best is trial 12 with value: 0.027367406617850067.[0m
[32m[I 2025-01-11 09:01:59,067][0m Trial 32 finished with value: 0.04433704164022437 and parameters: {'observation_period_num': 5, 'train_rates': 0.9649028954330653, 'learning_rate': 6.532464621953393e-05, 'batch_size': 47, 'step_size': 14, 'gamma': 0.9717988315363216}. Best is trial 12 with value: 0.027367406617850067.[0m
[32m[I 2025-01-11 09:07:36,538][0m Trial 33 finished with value: 0.025998133825711332 and parameters: {'observation_period_num': 19, 'train_rates': 0.982482874333066, 'learning_rate': 0.00015049424790659728, 'batch_size': 17, 'step_size': 12, 'gamma': 0.9191662542502691}. Best is trial 33 with value: 0.025998133825711332.[0m
[32m[I 2025-01-11 09:13:01,882][0m Trial 34 finished with value: 0.07511887554869508 and parameters: {'observation_period_num': 39, 'train_rates': 0.943642859639894, 'learning_rate': 0.00045754609049263116, 'batch_size': 17, 'step_size': 9, 'gamma': 0.9229523916615202}. Best is trial 33 with value: 0.025998133825711332.[0m
[32m[I 2025-01-11 09:14:46,052][0m Trial 35 finished with value: 0.046626260690391066 and parameters: {'observation_period_num': 23, 'train_rates': 0.9251737979978836, 'learning_rate': 0.00014798086688184094, 'batch_size': 54, 'step_size': 12, 'gamma': 0.8861869148414439}. Best is trial 33 with value: 0.025998133825711332.[0m
[32m[I 2025-01-11 09:18:00,027][0m Trial 36 finished with value: 0.05371581847375294 and parameters: {'observation_period_num': 68, 'train_rates': 0.9634377555575764, 'learning_rate': 0.00020851690605044337, 'batch_size': 29, 'step_size': 11, 'gamma': 0.9322928055185613}. Best is trial 33 with value: 0.025998133825711332.[0m
[32m[I 2025-01-11 09:18:26,348][0m Trial 37 finished with value: 0.06561694771440979 and parameters: {'observation_period_num': 18, 'train_rates': 0.8958322456851391, 'learning_rate': 0.0004534693359448465, 'batch_size': 236, 'step_size': 15, 'gamma': 0.953164582233313}. Best is trial 33 with value: 0.025998133825711332.[0m
[32m[I 2025-01-11 09:19:37,387][0m Trial 38 finished with value: 0.08695004855282605 and parameters: {'observation_period_num': 84, 'train_rates': 0.7211695486225306, 'learning_rate': 9.855774375344522e-05, 'batch_size': 66, 'step_size': 14, 'gamma': 0.9183139824230634}. Best is trial 33 with value: 0.025998133825711332.[0m
[32m[I 2025-01-11 09:22:50,505][0m Trial 39 finished with value: 0.05054437927901745 and parameters: {'observation_period_num': 38, 'train_rates': 0.9486761661712309, 'learning_rate': 0.00026721908133907156, 'batch_size': 29, 'step_size': 9, 'gamma': 0.9389512384565827}. Best is trial 33 with value: 0.025998133825711332.[0m
[32m[I 2025-01-11 09:24:34,069][0m Trial 40 finished with value: 0.12039705082316207 and parameters: {'observation_period_num': 51, 'train_rates': 0.8543656256384596, 'learning_rate': 0.0006536056819019165, 'batch_size': 50, 'step_size': 15, 'gamma': 0.8940139980421395}. Best is trial 33 with value: 0.025998133825711332.[0m
[32m[I 2025-01-11 09:28:16,144][0m Trial 41 finished with value: 0.0346145239762134 and parameters: {'observation_period_num': 14, 'train_rates': 0.9877541823020417, 'learning_rate': 3.8372522450409416e-05, 'batch_size': 26, 'step_size': 13, 'gamma': 0.9768102491051902}. Best is trial 33 with value: 0.025998133825711332.[0m
[32m[I 2025-01-11 09:34:05,323][0m Trial 42 finished with value: 0.05229108458435213 and parameters: {'observation_period_num': 28, 'train_rates': 0.974919516737776, 'learning_rate': 1.9407286523613808e-05, 'batch_size': 16, 'step_size': 12, 'gamma': 0.9898905981058498}. Best is trial 33 with value: 0.025998133825711332.[0m
[32m[I 2025-01-11 09:36:26,230][0m Trial 43 finished with value: 0.03692987160844224 and parameters: {'observation_period_num': 6, 'train_rates': 0.9276406817917258, 'learning_rate': 5.9010048945400825e-05, 'batch_size': 40, 'step_size': 14, 'gamma': 0.962678925713005}. Best is trial 33 with value: 0.025998133825711332.[0m
[32m[I 2025-01-11 09:39:33,190][0m Trial 44 finished with value: 0.14243055344559252 and parameters: {'observation_period_num': 40, 'train_rates': 0.9891558845749094, 'learning_rate': 8.783616548867128e-06, 'batch_size': 31, 'step_size': 11, 'gamma': 0.865306057013841}. Best is trial 33 with value: 0.025998133825711332.[0m
[32m[I 2025-01-11 09:41:11,095][0m Trial 45 finished with value: 0.09493393050645714 and parameters: {'observation_period_num': 181, 'train_rates': 0.9518606443875355, 'learning_rate': 0.00012333800964062434, 'batch_size': 55, 'step_size': 13, 'gamma': 0.9792767163139054}. Best is trial 33 with value: 0.025998133825711332.[0m
[32m[I 2025-01-11 09:41:40,787][0m Trial 46 finished with value: 0.08271384239196777 and parameters: {'observation_period_num': 16, 'train_rates': 0.9725110587329222, 'learning_rate': 8.50717802844184e-05, 'batch_size': 205, 'step_size': 15, 'gamma': 0.9530053056506604}. Best is trial 33 with value: 0.025998133825711332.[0m
[32m[I 2025-01-11 09:42:59,647][0m Trial 47 finished with value: 0.05146161356785909 and parameters: {'observation_period_num': 30, 'train_rates': 0.7984926290746909, 'learning_rate': 0.0002205883635631142, 'batch_size': 63, 'step_size': 1, 'gamma': 0.9735524135262712}. Best is trial 33 with value: 0.025998133825711332.[0m
[32m[I 2025-01-11 09:43:44,291][0m Trial 48 finished with value: 0.13876545990634465 and parameters: {'observation_period_num': 55, 'train_rates': 0.704447737621393, 'learning_rate': 3.445083030290231e-05, 'batch_size': 105, 'step_size': 8, 'gamma': 0.9598584942906901}. Best is trial 33 with value: 0.025998133825711332.[0m
[32m[I 2025-01-11 09:45:19,796][0m Trial 49 finished with value: 0.24858335865409462 and parameters: {'observation_period_num': 252, 'train_rates': 0.6630878089145339, 'learning_rate': 5.679449518494953e-05, 'batch_size': 42, 'step_size': 7, 'gamma': 0.8433861212430293}. Best is trial 33 with value: 0.025998133825711332.[0m
seasonal_3 „ÅÆÊúÄÈÅ©„Éè„Ç§„Éë„Éº„Éë„É©„É°„Éº„Çø„ÅåË¶ã„Å§„Åã„Çä„Åæ„Åó„Åü
ÊúÄÈÅ©ÂåñÂØæË±°: resid
[32m[I 2025-01-11 09:45:19,807][0m A new study created in memory with name: no-name-927cfc88-b445-4016-8143-02b0a0311d9e[0m
[32m[I 2025-01-11 09:45:51,957][0m Trial 0 finished with value: 0.1971460637909856 and parameters: {'observation_period_num': 156, 'train_rates': 0.7125381711992801, 'learning_rate': 0.00037401857498919075, 'batch_size': 149, 'step_size': 4, 'gamma': 0.7680614413688358}. Best is trial 0 with value: 0.1971460637909856.[0m
[32m[I 2025-01-11 09:47:00,288][0m Trial 1 finished with value: 0.12977335651329056 and parameters: {'observation_period_num': 239, 'train_rates': 0.905332418789752, 'learning_rate': 7.5822172702969e-05, 'batch_size': 76, 'step_size': 4, 'gamma': 0.9790618334126975}. Best is trial 1 with value: 0.12977335651329056.[0m
[32m[I 2025-01-11 09:47:36,389][0m Trial 2 finished with value: 1.1829828624631844 and parameters: {'observation_period_num': 242, 'train_rates': 0.7178067072667655, 'learning_rate': 1.093498049059411e-06, 'batch_size': 127, 'step_size': 13, 'gamma': 0.939148918580897}. Best is trial 1 with value: 0.12977335651329056.[0m
[32m[I 2025-01-11 09:48:03,263][0m Trial 3 finished with value: 0.7880725077220372 and parameters: {'observation_period_num': 181, 'train_rates': 0.8359185965625286, 'learning_rate': 5.117396900409573e-06, 'batch_size': 208, 'step_size': 9, 'gamma': 0.8353887175362884}. Best is trial 1 with value: 0.12977335651329056.[0m
[32m[I 2025-01-11 09:48:26,904][0m Trial 4 finished with value: 1.038073182106018 and parameters: {'observation_period_num': 137, 'train_rates': 0.9305866183895819, 'learning_rate': 6.843960571005454e-06, 'batch_size': 248, 'step_size': 1, 'gamma': 0.9655943807374021}. Best is trial 1 with value: 0.12977335651329056.[0m
[32m[I 2025-01-11 09:48:50,231][0m Trial 5 finished with value: 0.1429453982213109 and parameters: {'observation_period_num': 43, 'train_rates': 0.699997822850925, 'learning_rate': 5.2227341316835174e-05, 'batch_size': 207, 'step_size': 5, 'gamma': 0.9806707693629967}. Best is trial 1 with value: 0.12977335651329056.[0m
[32m[I 2025-01-11 09:52:14,670][0m Trial 6 finished with value: 0.04759276746878407 and parameters: {'observation_period_num': 68, 'train_rates': 0.89369885999556, 'learning_rate': 0.00022919325873759828, 'batch_size': 26, 'step_size': 13, 'gamma': 0.867542243652726}. Best is trial 6 with value: 0.04759276746878407.[0m
[32m[I 2025-01-11 09:52:43,839][0m Trial 7 finished with value: 0.05901397724000972 and parameters: {'observation_period_num': 33, 'train_rates': 0.7803447503381347, 'learning_rate': 0.00044171350808188054, 'batch_size': 182, 'step_size': 13, 'gamma': 0.8386870202190535}. Best is trial 6 with value: 0.04759276746878407.[0m
[32m[I 2025-01-11 09:53:04,847][0m Trial 8 finished with value: 0.11930742702986065 and parameters: {'observation_period_num': 54, 'train_rates': 0.711362053183914, 'learning_rate': 0.0006611620162188819, 'batch_size': 256, 'step_size': 3, 'gamma': 0.8707671274198192}. Best is trial 6 with value: 0.04759276746878407.[0m
[32m[I 2025-01-11 09:54:20,310][0m Trial 9 finished with value: 0.14462210827655664 and parameters: {'observation_period_num': 237, 'train_rates': 0.64667732287098, 'learning_rate': 0.0006047993133669684, 'batch_size': 53, 'step_size': 12, 'gamma': 0.750511521556206}. Best is trial 6 with value: 0.04759276746878407.[0m
[32m[I 2025-01-11 09:59:00,173][0m Trial 10 finished with value: 0.054318760987371206 and parameters: {'observation_period_num': 90, 'train_rates': 0.9779283678214209, 'learning_rate': 0.00011970304391558257, 'batch_size': 20, 'step_size': 9, 'gamma': 0.9095256697073866}. Best is trial 6 with value: 0.04759276746878407.[0m
[32m[I 2025-01-11 10:03:53,623][0m Trial 11 finished with value: 0.06145922828684835 and parameters: {'observation_period_num': 89, 'train_rates': 0.9883761365981835, 'learning_rate': 0.00010590660345350743, 'batch_size': 19, 'step_size': 9, 'gamma': 0.8993142709575318}. Best is trial 6 with value: 0.04759276746878407.[0m
