[32m[I 2025-02-07 08:34:12,430][0m Trial 49 finished with value: 0.03634765617738695 and parameters: {'observation_period_num': 11, 'train_rates': 0.8551801747104788, 'learning_rate': 0.000992880710394086, 'batch_size': 178, 'step_size': 3, 'gamma': 0.8952146420049266}. Best is trial 49 with value: 0.03634765617738695.[0m
最適ハイパーパラメータが見つかりました
最適なハイパーパラメータが best_hyperparameters_GOOG_iTransformer_noMSTL.json に保存されました
Epoch 1/300, Loss: 0.6558 | 0.4455
Epoch 2/300, Loss: 0.2255 | 0.2078
Epoch 3/300, Loss: 0.2428 | 0.2201
Epoch 4/300, Loss: 0.2178 | 0.3144
Epoch 5/300, Loss: 0.2224 | 0.4076
Epoch 6/300, Loss: 0.2076 | 0.1992
Epoch 7/300, Loss: 0.1825 | 0.2081
Epoch 8/300, Loss: 0.1567 | 0.1295
Epoch 9/300, Loss: 0.1484 | 0.1518
Epoch 10/300, Loss: 0.1374 | 0.1758
Epoch 11/300, Loss: 0.1435 | 0.1349
Epoch 12/300, Loss: 0.1437 | 0.1670
Epoch 13/300, Loss: 0.1335 | 0.1108
Epoch 14/300, Loss: 0.1288 | 0.1584
Epoch 15/300, Loss: 0.1203 | 0.0929
Epoch 16/300, Loss: 0.1187 | 0.1385
Epoch 17/300, Loss: 0.1136 | 0.0853
Epoch 18/300, Loss: 0.1150 | 0.1560
Epoch 19/300, Loss: 0.1060 | 0.0778
Epoch 20/300, Loss: 0.1035 | 0.1074
Epoch 21/300, Loss: 0.0987 | 0.0732
Epoch 22/300, Loss: 0.0984 | 0.0974
Epoch 23/300, Loss: 0.0952 | 0.0698
Epoch 24/300, Loss: 0.0946 | 0.0846
Epoch 25/300, Loss: 0.0927 | 0.0677
Epoch 26/300, Loss: 0.0924 | 0.0772
Epoch 27/300, Loss: 0.0912 | 0.0671
Epoch 28/300, Loss: 0.0908 | 0.0726
Epoch 29/300, Loss: 0.0900 | 0.0668
Epoch 30/300, Loss: 0.0896 | 0.0690
Epoch 31/300, Loss: 0.0890 | 0.0665
Epoch 32/300, Loss: 0.0886 | 0.0669
Epoch 33/300, Loss: 0.0882 | 0.0658
Epoch 34/300, Loss: 0.0878 | 0.0656
Epoch 35/300, Loss: 0.0874 | 0.0650
Epoch 36/300, Loss: 0.0871 | 0.0645
Epoch 37/300, Loss: 0.0867 | 0.0641
Epoch 38/300, Loss: 0.0864 | 0.0637
Epoch 39/300, Loss: 0.0861 | 0.0633
Epoch 40/300, Loss: 0.0858 | 0.0629
Epoch 41/300, Loss: 0.0855 | 0.0625
Epoch 42/300, Loss: 0.0853 | 0.0622
Epoch 43/300, Loss: 0.0850 | 0.0619
Epoch 44/300, Loss: 0.0848 | 0.0615
Epoch 45/300, Loss: 0.0846 | 0.0612
Epoch 46/300, Loss: 0.0844 | 0.0609
Epoch 47/300, Loss: 0.0842 | 0.0607
Epoch 48/300, Loss: 0.0840 | 0.0604
Epoch 49/300, Loss: 0.0839 | 0.0602
Epoch 50/300, Loss: 0.0837 | 0.0599
Epoch 51/300, Loss: 0.0836 | 0.0597
Epoch 52/300, Loss: 0.0835 | 0.0595
Epoch 53/300, Loss: 0.0833 | 0.0593
Epoch 54/300, Loss: 0.0832 | 0.0592
Epoch 55/300, Loss: 0.0831 | 0.0590
Epoch 56/300, Loss: 0.0830 | 0.0588
Epoch 57/300, Loss: 0.0830 | 0.0587
Epoch 58/300, Loss: 0.0829 | 0.0586
Epoch 59/300, Loss: 0.0828 | 0.0584
Epoch 60/300, Loss: 0.0827 | 0.0583
Epoch 61/300, Loss: 0.0827 | 0.0582
Epoch 62/300, Loss: 0.0826 | 0.0581
Epoch 63/300, Loss: 0.0826 | 0.0580
Epoch 64/300, Loss: 0.0825 | 0.0579
Epoch 65/300, Loss: 0.0825 | 0.0579
Epoch 66/300, Loss: 0.0824 | 0.0578
Epoch 67/300, Loss: 0.0824 | 0.0577
Epoch 68/300, Loss: 0.0823 | 0.0576
Epoch 69/300, Loss: 0.0823 | 0.0576
Epoch 70/300, Loss: 0.0823 | 0.0575
Epoch 71/300, Loss: 0.0822 | 0.0575
Epoch 72/300, Loss: 0.0822 | 0.0574
Epoch 73/300, Loss: 0.0822 | 0.0574
Epoch 74/300, Loss: 0.0822 | 0.0573
Epoch 75/300, Loss: 0.0821 | 0.0573
Epoch 76/300, Loss: 0.0821 | 0.0572
Epoch 77/300, Loss: 0.0821 | 0.0572
Epoch 78/300, Loss: 0.0821 | 0.0572
Epoch 79/300, Loss: 0.0821 | 0.0572
Epoch 80/300, Loss: 0.0821 | 0.0571
Epoch 81/300, Loss: 0.0820 | 0.0571
Epoch 82/300, Loss: 0.0820 | 0.0571
Epoch 83/300, Loss: 0.0820 | 0.0570
Epoch 84/300, Loss: 0.0820 | 0.0570
Epoch 85/300, Loss: 0.0820 | 0.0570
Epoch 86/300, Loss: 0.0820 | 0.0570
Epoch 87/300, Loss: 0.0820 | 0.0570
Epoch 88/300, Loss: 0.0820 | 0.0569
Epoch 89/300, Loss: 0.0820 | 0.0569
Epoch 90/300, Loss: 0.0819 | 0.0569
Epoch 91/300, Loss: 0.0819 | 0.0569
Epoch 92/300, Loss: 0.0819 | 0.0569
Epoch 93/300, Loss: 0.0819 | 0.0569
Epoch 94/300, Loss: 0.0819 | 0.0569
Epoch 95/300, Loss: 0.0819 | 0.0569
Epoch 96/300, Loss: 0.0819 | 0.0568
Epoch 97/300, Loss: 0.0819 | 0.0568
Epoch 98/300, Loss: 0.0819 | 0.0568
Epoch 99/300, Loss: 0.0819 | 0.0568
Epoch 100/300, Loss: 0.0819 | 0.0568
Epoch 101/300, Loss: 0.0819 | 0.0568
Epoch 102/300, Loss: 0.0819 | 0.0568
Epoch 103/300, Loss: 0.0819 | 0.0568
Epoch 104/300, Loss: 0.0819 | 0.0568
Epoch 105/300, Loss: 0.0819 | 0.0568
Epoch 106/300, Loss: 0.0819 | 0.0568
Epoch 107/300, Loss: 0.0819 | 0.0568
Epoch 108/300, Loss: 0.0819 | 0.0568
Epoch 109/300, Loss: 0.0819 | 0.0568
Epoch 110/300, Loss: 0.0819 | 0.0568
Epoch 111/300, Loss: 0.0819 | 0.0568
Epoch 112/300, Loss: 0.0819 | 0.0568
Epoch 113/300, Loss: 0.0819 | 0.0567
Epoch 114/300, Loss: 0.0819 | 0.0567
Epoch 115/300, Loss: 0.0819 | 0.0567
Epoch 116/300, Loss: 0.0819 | 0.0567
Epoch 117/300, Loss: 0.0819 | 0.0567
Epoch 118/300, Loss: 0.0819 | 0.0567
Epoch 119/300, Loss: 0.0819 | 0.0567
Epoch 120/300, Loss: 0.0819 | 0.0567
Epoch 121/300, Loss: 0.0819 | 0.0567
Epoch 122/300, Loss: 0.0819 | 0.0567
Epoch 123/300, Loss: 0.0818 | 0.0567
Epoch 124/300, Loss: 0.0818 | 0.0567
Epoch 125/300, Loss: 0.0818 | 0.0567
Epoch 126/300, Loss: 0.0818 | 0.0567
Epoch 127/300, Loss: 0.0818 | 0.0567
Epoch 128/300, Loss: 0.0818 | 0.0567
Epoch 129/300, Loss: 0.0818 | 0.0567
Epoch 130/300, Loss: 0.0818 | 0.0567
Epoch 131/300, Loss: 0.0818 | 0.0567
Epoch 132/300, Loss: 0.0818 | 0.0567
Epoch 133/300, Loss: 0.0818 | 0.0567
Epoch 134/300, Loss: 0.0818 | 0.0567
Epoch 135/300, Loss: 0.0818 | 0.0567
Epoch 136/300, Loss: 0.0818 | 0.0567
Epoch 137/300, Loss: 0.0818 | 0.0567
Epoch 138/300, Loss: 0.0818 | 0.0567
Epoch 139/300, Loss: 0.0818 | 0.0567
Epoch 140/300, Loss: 0.0818 | 0.0567
Epoch 141/300, Loss: 0.0818 | 0.0567
Epoch 142/300, Loss: 0.0818 | 0.0567
Epoch 143/300, Loss: 0.0818 | 0.0567
Epoch 144/300, Loss: 0.0818 | 0.0567
Epoch 145/300, Loss: 0.0818 | 0.0567
Epoch 146/300, Loss: 0.0818 | 0.0567
Epoch 147/300, Loss: 0.0818 | 0.0567
Epoch 148/300, Loss: 0.0818 | 0.0567
Epoch 149/300, Loss: 0.0818 | 0.0567
Epoch 150/300, Loss: 0.0818 | 0.0567
Epoch 151/300, Loss: 0.0818 | 0.0567
Epoch 152/300, Loss: 0.0818 | 0.0567
Epoch 153/300, Loss: 0.0818 | 0.0567
Epoch 154/300, Loss: 0.0818 | 0.0567
Epoch 155/300, Loss: 0.0818 | 0.0567
Epoch 156/300, Loss: 0.0818 | 0.0567
Epoch 157/300, Loss: 0.0818 | 0.0567
Epoch 158/300, Loss: 0.0818 | 0.0567
Epoch 159/300, Loss: 0.0818 | 0.0567
Epoch 160/300, Loss: 0.0818 | 0.0567
Epoch 161/300, Loss: 0.0818 | 0.0567
Epoch 162/300, Loss: 0.0818 | 0.0567
Epoch 163/300, Loss: 0.0818 | 0.0567
Epoch 164/300, Loss: 0.0818 | 0.0567
Epoch 165/300, Loss: 0.0818 | 0.0567
Epoch 166/300, Loss: 0.0818 | 0.0567
Epoch 167/300, Loss: 0.0818 | 0.0567
Epoch 168/300, Loss: 0.0818 | 0.0567
Epoch 169/300, Loss: 0.0818 | 0.0567
Epoch 170/300, Loss: 0.0818 | 0.0567
Epoch 171/300, Loss: 0.0818 | 0.0567
Epoch 172/300, Loss: 0.0818 | 0.0567
Epoch 173/300, Loss: 0.0818 | 0.0567
Epoch 174/300, Loss: 0.0818 | 0.0567
Epoch 175/300, Loss: 0.0818 | 0.0567
Epoch 176/300, Loss: 0.0818 | 0.0567
Epoch 177/300, Loss: 0.0818 | 0.0567
Epoch 178/300, Loss: 0.0818 | 0.0567
Epoch 179/300, Loss: 0.0818 | 0.0567
Epoch 180/300, Loss: 0.0818 | 0.0567
Epoch 181/300, Loss: 0.0818 | 0.0567
Epoch 182/300, Loss: 0.0818 | 0.0567
Epoch 183/300, Loss: 0.0818 | 0.0567
Epoch 184/300, Loss: 0.0818 | 0.0567
Epoch 185/300, Loss: 0.0818 | 0.0567
Epoch 186/300, Loss: 0.0818 | 0.0567
Early stopping
Runtime (seconds): 62.984201192855835
/home2/y2021/k2110261/.conda/envs/tensorflow/lib/python3.11/site-packages/sklearn/metrics/_regression.py:1266: UndefinedMetricWarning: R^2 score is not well-defined with less than two samples.
  warnings.warn(msg, UndefinedMetricWarning)
MSE: 0.08516144589520991
RMSE: 0.2918243408203125
MAE: 0.2918243408203125
R-squared: nan
[193.60182]
