[32m[I 2025-02-07 07:53:04,545][0m A new study created in memory with name: no-name-3e909219-ae8e-48ba-a21a-b4f20e0a84f1[0m
[32m[I 2025-02-07 07:54:58,094][0m Trial 0 finished with value: 0.22382425014362778 and parameters: {'observation_period_num': 250, 'train_rates': 0.8280593035276533, 'learning_rate': 0.0007708509067020633, 'batch_size': 44, 'step_size': 4, 'gamma': 0.8510189078284842}. Best is trial 0 with value: 0.22382425014362778.[0m
[32m[I 2025-02-07 07:55:44,588][0m Trial 1 finished with value: 0.17259531190756683 and parameters: {'observation_period_num': 70, 'train_rates': 0.7140719467055249, 'learning_rate': 0.00020276477352792072, 'batch_size': 108, 'step_size': 10, 'gamma': 0.8837575256105752}. Best is trial 1 with value: 0.17259531190756683.[0m
[32m[I 2025-02-07 08:00:52,682][0m Trial 2 finished with value: 0.22052822136275255 and parameters: {'observation_period_num': 204, 'train_rates': 0.8887892225916014, 'learning_rate': 0.0001813584241289813, 'batch_size': 17, 'step_size': 11, 'gamma': 0.8371403956144929}. Best is trial 1 with value: 0.17259531190756683.[0m
[32m[I 2025-02-07 08:02:15,788][0m Trial 3 finished with value: 0.17506245322588346 and parameters: {'observation_period_num': 65, 'train_rates': 0.6365917159746737, 'learning_rate': 0.0008382942665649952, 'batch_size': 54, 'step_size': 9, 'gamma': 0.865113636093331}. Best is trial 1 with value: 0.17259531190756683.[0m
[32m[I 2025-02-07 08:02:45,791][0m Trial 4 finished with value: 0.8712337139209262 and parameters: {'observation_period_num': 186, 'train_rates': 0.6254818425363794, 'learning_rate': 3.6386830605922534e-06, 'batch_size': 156, 'step_size': 5, 'gamma': 0.947347129697499}. Best is trial 1 with value: 0.17259531190756683.[0m
[32m[I 2025-02-07 08:03:11,103][0m Trial 5 finished with value: 0.21702913474291563 and parameters: {'observation_period_num': 213, 'train_rates': 0.9082169821728516, 'learning_rate': 0.000755195628064722, 'batch_size': 232, 'step_size': 4, 'gamma': 0.830954404732452}. Best is trial 1 with value: 0.17259531190756683.[0m
[32m[I 2025-02-07 08:03:40,656][0m Trial 6 finished with value: 0.27648651599884033 and parameters: {'observation_period_num': 118, 'train_rates': 0.9860756148023146, 'learning_rate': 0.00036920952277962006, 'batch_size': 232, 'step_size': 4, 'gamma': 0.7592056493479675}. Best is trial 1 with value: 0.17259531190756683.[0m
[32m[I 2025-02-07 08:04:41,192][0m Trial 7 finished with value: 0.2924716355119433 and parameters: {'observation_period_num': 207, 'train_rates': 0.6242444881186803, 'learning_rate': 0.0001739529677201821, 'batch_size': 72, 'step_size': 5, 'gamma': 0.9787777876912984}. Best is trial 1 with value: 0.17259531190756683.[0m
[32m[I 2025-02-07 08:05:06,485][0m Trial 8 finished with value: 0.4113061995733352 and parameters: {'observation_period_num': 208, 'train_rates': 0.8648845149448617, 'learning_rate': 1.0500237744561789e-05, 'batch_size': 226, 'step_size': 12, 'gamma': 0.9689995524894177}. Best is trial 1 with value: 0.17259531190756683.[0m
[32m[I 2025-02-07 08:05:36,935][0m Trial 9 finished with value: 0.24415610624211176 and parameters: {'observation_period_num': 241, 'train_rates': 0.7871342608628201, 'learning_rate': 2.818628442763901e-05, 'batch_size': 175, 'step_size': 3, 'gamma': 0.9888139831994394}. Best is trial 1 with value: 0.17259531190756683.[0m
[32m[I 2025-02-07 08:06:26,798][0m Trial 10 finished with value: 0.15530083268630704 and parameters: {'observation_period_num': 5, 'train_rates': 0.7216480017233619, 'learning_rate': 4.4403272519747615e-05, 'batch_size': 106, 'step_size': 15, 'gamma': 0.9142558854967964}. Best is trial 10 with value: 0.15530083268630704.[0m
[32m[I 2025-02-07 08:07:15,023][0m Trial 11 finished with value: 0.17448818487365073 and parameters: {'observation_period_num': 43, 'train_rates': 0.722752343383725, 'learning_rate': 7.819507536954759e-05, 'batch_size': 104, 'step_size': 15, 'gamma': 0.9064723022780418}. Best is trial 10 with value: 0.15530083268630704.[0m
[32m[I 2025-02-07 08:08:00,534][0m Trial 12 finished with value: 0.15768700124735527 and parameters: {'observation_period_num': 10, 'train_rates': 0.7169767499716209, 'learning_rate': 3.7188051662282596e-05, 'batch_size': 114, 'step_size': 15, 'gamma': 0.9074201140086584}. Best is trial 10 with value: 0.15530083268630704.[0m
[32m[I 2025-02-07 08:08:40,710][0m Trial 13 finished with value: 0.17194801321226444 and parameters: {'observation_period_num': 17, 'train_rates': 0.7196823128741512, 'learning_rate': 3.0188256967198127e-05, 'batch_size': 127, 'step_size': 15, 'gamma': 0.9166609881071892}. Best is trial 10 with value: 0.15530083268630704.[0m
[32m[I 2025-02-07 08:09:11,272][0m Trial 14 finished with value: 0.6218022961242526 and parameters: {'observation_period_num': 18, 'train_rates': 0.7779058274813699, 'learning_rate': 1.1731451619632478e-06, 'batch_size': 182, 'step_size': 13, 'gamma': 0.9263202409612072}. Best is trial 10 with value: 0.15530083268630704.[0m
[32m[I 2025-02-07 08:10:00,174][0m Trial 15 finished with value: 0.5042108481978638 and parameters: {'observation_period_num': 127, 'train_rates': 0.6827088527780154, 'learning_rate': 1.1142856576027057e-05, 'batch_size': 97, 'step_size': 7, 'gamma': 0.7962450343713932}. Best is trial 10 with value: 0.15530083268630704.[0m
[32m[I 2025-02-07 08:10:40,234][0m Trial 16 finished with value: 0.22702846819969694 and parameters: {'observation_period_num': 92, 'train_rates': 0.7615513651800951, 'learning_rate': 7.416618081368651e-05, 'batch_size': 132, 'step_size': 13, 'gamma': 0.8914685364910538}. Best is trial 10 with value: 0.15530083268630704.[0m
[32m[I 2025-02-07 08:11:46,222][0m Trial 17 finished with value: 0.27570698191773707 and parameters: {'observation_period_num': 11, 'train_rates': 0.6771881809839746, 'learning_rate': 1.1512375648637321e-05, 'batch_size': 74, 'step_size': 1, 'gamma': 0.9422000155951104}. Best is trial 10 with value: 0.15530083268630704.[0m
[32m[I 2025-02-07 08:12:22,202][0m Trial 18 finished with value: 0.0717833643865012 and parameters: {'observation_period_num': 46, 'train_rates': 0.8312797316071778, 'learning_rate': 8.974573298508652e-05, 'batch_size': 156, 'step_size': 14, 'gamma': 0.812851841261101}. Best is trial 18 with value: 0.0717833643865012.[0m
[32m[I 2025-02-07 08:12:50,586][0m Trial 19 finished with value: 0.16272351309176414 and parameters: {'observation_period_num': 154, 'train_rates': 0.8365999243606173, 'learning_rate': 7.382952610804427e-05, 'batch_size': 203, 'step_size': 13, 'gamma': 0.8043413305858664}. Best is trial 18 with value: 0.0717833643865012.[0m
[32m[I 2025-02-07 08:13:32,141][0m Trial 20 finished with value: 0.6566662576336127 and parameters: {'observation_period_num': 47, 'train_rates': 0.9297162872284721, 'learning_rate': 3.6323753158684824e-06, 'batch_size': 151, 'step_size': 8, 'gamma': 0.7550634959725608}. Best is trial 18 with value: 0.0717833643865012.[0m
[32m[I 2025-02-07 08:14:16,352][0m Trial 21 finished with value: 0.19188465688880196 and parameters: {'observation_period_num': 40, 'train_rates': 0.7570965780980253, 'learning_rate': 4.9325108795726686e-05, 'batch_size': 120, 'step_size': 15, 'gamma': 0.8923154602169587}. Best is trial 18 with value: 0.0717833643865012.[0m
[32m[I 2025-02-07 08:15:18,617][0m Trial 22 finished with value: 0.06190257797402049 and parameters: {'observation_period_num': 8, 'train_rates': 0.8104383770859998, 'learning_rate': 2.4354066736755517e-05, 'batch_size': 87, 'step_size': 14, 'gamma': 0.806135472252083}. Best is trial 22 with value: 0.06190257797402049.[0m
[32m[I 2025-02-07 08:16:22,423][0m Trial 23 finished with value: 0.12771463803946972 and parameters: {'observation_period_num': 88, 'train_rates': 0.8148371275956675, 'learning_rate': 2.2765505880088982e-05, 'batch_size': 87, 'step_size': 13, 'gamma': 0.7960218300956071}. Best is trial 22 with value: 0.06190257797402049.[0m
[32m[I 2025-02-07 08:17:26,226][0m Trial 24 finished with value: 0.1938869244566839 and parameters: {'observation_period_num': 101, 'train_rates': 0.8195502767841866, 'learning_rate': 1.778342209416555e-05, 'batch_size': 86, 'step_size': 12, 'gamma': 0.7912613914615203}. Best is trial 22 with value: 0.06190257797402049.[0m
[32m[I 2025-02-07 08:18:04,334][0m Trial 25 finished with value: 0.19837271448948401 and parameters: {'observation_period_num': 75, 'train_rates': 0.8574436948655012, 'learning_rate': 1.956816629053025e-05, 'batch_size': 150, 'step_size': 13, 'gamma': 0.8146630328380348}. Best is trial 22 with value: 0.06190257797402049.[0m
[32m[I 2025-02-07 08:19:47,608][0m Trial 26 finished with value: 0.3665591057657537 and parameters: {'observation_period_num': 153, 'train_rates': 0.8093918595475108, 'learning_rate': 5.749241578985988e-06, 'batch_size': 49, 'step_size': 11, 'gamma': 0.7816431728484671}. Best is trial 22 with value: 0.06190257797402049.[0m
[32m[I 2025-02-07 08:20:24,822][0m Trial 27 finished with value: 0.1049143448472023 and parameters: {'observation_period_num': 39, 'train_rates': 0.9430835083467777, 'learning_rate': 0.00010989941306439688, 'batch_size': 174, 'step_size': 14, 'gamma': 0.7742306590148748}. Best is trial 22 with value: 0.06190257797402049.[0m
[32m[I 2025-02-07 08:20:57,659][0m Trial 28 finished with value: 0.06847124546766281 and parameters: {'observation_period_num': 32, 'train_rates': 0.9797635604514036, 'learning_rate': 0.00011992879487855048, 'batch_size': 204, 'step_size': 14, 'gamma': 0.7758967981169844}. Best is trial 22 with value: 0.06190257797402049.[0m
[32m[I 2025-02-07 08:21:30,451][0m Trial 29 finished with value: 0.06716188788414001 and parameters: {'observation_period_num': 30, 'train_rates': 0.9897352473412936, 'learning_rate': 0.0004339865674444717, 'batch_size': 207, 'step_size': 11, 'gamma': 0.8210888170030091}. Best is trial 22 with value: 0.06190257797402049.[0m
[32m[I 2025-02-07 08:21:57,631][0m Trial 30 finished with value: 0.11493717133998871 and parameters: {'observation_period_num': 57, 'train_rates': 0.9879220262608825, 'learning_rate': 0.0003768083328623262, 'batch_size': 251, 'step_size': 10, 'gamma': 0.8528116820644948}. Best is trial 22 with value: 0.06190257797402049.[0m
[32m[I 2025-02-07 08:22:30,342][0m Trial 31 finished with value: 0.08325941860675812 and parameters: {'observation_period_num': 30, 'train_rates': 0.9576969760380349, 'learning_rate': 0.00035727237850215866, 'batch_size': 202, 'step_size': 14, 'gamma': 0.8169599031680166}. Best is trial 22 with value: 0.06190257797402049.[0m
[32m[I 2025-02-07 08:23:03,531][0m Trial 32 finished with value: 0.06569506227970123 and parameters: {'observation_period_num': 34, 'train_rates': 0.9689384306608648, 'learning_rate': 0.0001250470932445667, 'batch_size': 197, 'step_size': 11, 'gamma': 0.830445165155065}. Best is trial 22 with value: 0.06190257797402049.[0m
[32m[I 2025-02-07 08:23:35,071][0m Trial 33 finished with value: 0.05491179600358009 and parameters: {'observation_period_num': 28, 'train_rates': 0.9564188237252295, 'learning_rate': 0.00023817764013704844, 'batch_size': 206, 'step_size': 11, 'gamma': 0.8317140577477333}. Best is trial 33 with value: 0.05491179600358009.[0m
[32m[I 2025-02-07 08:24:05,347][0m Trial 34 finished with value: 0.04810315714432643 and parameters: {'observation_period_num': 25, 'train_rates': 0.9083790219935973, 'learning_rate': 0.0002502664305911485, 'batch_size': 219, 'step_size': 10, 'gamma': 0.8358591727942872}. Best is trial 34 with value: 0.04810315714432643.[0m
[32m[I 2025-02-07 08:24:31,123][0m Trial 35 finished with value: 0.0726184522954084 and parameters: {'observation_period_num': 60, 'train_rates': 0.8999049041019853, 'learning_rate': 0.00022758396200699238, 'batch_size': 250, 'step_size': 10, 'gamma': 0.8428983640571167}. Best is trial 34 with value: 0.04810315714432643.[0m
[32m[I 2025-02-07 08:27:47,240][0m Trial 36 finished with value: 0.13612146978067535 and parameters: {'observation_period_num': 74, 'train_rates': 0.9201811129511296, 'learning_rate': 0.00025021629272259507, 'batch_size': 29, 'step_size': 9, 'gamma': 0.865668888341409}. Best is trial 34 with value: 0.04810315714432643.[0m
[32m[I 2025-02-07 08:28:18,260][0m Trial 37 finished with value: 0.05192108824849129 and parameters: {'observation_period_num': 24, 'train_rates': 0.95663357582314, 'learning_rate': 0.0005825132162332385, 'batch_size': 218, 'step_size': 8, 'gamma': 0.8522014177090165}. Best is trial 34 with value: 0.04810315714432643.[0m
[32m[I 2025-02-07 08:28:44,996][0m Trial 38 finished with value: 0.04062716427105892 and parameters: {'observation_period_num': 24, 'train_rates': 0.867369015376519, 'learning_rate': 0.0009514322021052659, 'batch_size': 225, 'step_size': 7, 'gamma': 0.8502761229110147}. Best is trial 38 with value: 0.04062716427105892.[0m
[32m[I 2025-02-07 08:29:13,226][0m Trial 39 finished with value: 0.04530956724486431 and parameters: {'observation_period_num': 22, 'train_rates': 0.880201384926429, 'learning_rate': 0.0006319881565014706, 'batch_size': 220, 'step_size': 7, 'gamma': 0.8777002847501552}. Best is trial 38 with value: 0.04062716427105892.[0m
[32m[I 2025-02-07 08:29:41,385][0m Trial 40 finished with value: 0.11246803724864843 and parameters: {'observation_period_num': 57, 'train_rates': 0.8773282263727411, 'learning_rate': 0.000956248521410764, 'batch_size': 226, 'step_size': 7, 'gamma': 0.8782658894384702}. Best is trial 38 with value: 0.04062716427105892.[0m
[32m[I 2025-02-07 08:30:11,728][0m Trial 41 finished with value: 0.04852753132581711 and parameters: {'observation_period_num': 23, 'train_rates': 0.9399781487399546, 'learning_rate': 0.0006327416567831812, 'batch_size': 217, 'step_size': 7, 'gamma': 0.8531164798578397}. Best is trial 38 with value: 0.04062716427105892.[0m
[32m[I 2025-02-07 08:30:39,131][0m Trial 42 finished with value: 0.04403932616114616 and parameters: {'observation_period_num': 22, 'train_rates': 0.8858132021467023, 'learning_rate': 0.0005872261560332495, 'batch_size': 238, 'step_size': 6, 'gamma': 0.8575045627376578}. Best is trial 38 with value: 0.04062716427105892.[0m
[32m[I 2025-02-07 08:31:06,533][0m Trial 43 finished with value: 0.06596523571060971 and parameters: {'observation_period_num': 52, 'train_rates': 0.8915627583656967, 'learning_rate': 0.0006352002444822985, 'batch_size': 237, 'step_size': 6, 'gamma': 0.8724091274770592}. Best is trial 38 with value: 0.04062716427105892.[0m
[32m[I 2025-02-07 08:31:32,079][0m Trial 44 finished with value: 0.07839685624465347 and parameters: {'observation_period_num': 70, 'train_rates': 0.8637442439522519, 'learning_rate': 0.00062900088392166, 'batch_size': 242, 'step_size': 6, 'gamma': 0.8605960574547654}. Best is trial 38 with value: 0.04062716427105892.[0m
[32m[I 2025-02-07 08:32:01,105][0m Trial 45 finished with value: 0.041291247646094334 and parameters: {'observation_period_num': 22, 'train_rates': 0.91708271581191, 'learning_rate': 0.0009863207825339569, 'batch_size': 218, 'step_size': 5, 'gamma': 0.8414461659503758}. Best is trial 38 with value: 0.04062716427105892.[0m
[32m[I 2025-02-07 08:32:34,603][0m Trial 46 finished with value: 0.041072076885029674 and parameters: {'observation_period_num': 5, 'train_rates': 0.914589096595696, 'learning_rate': 0.0009464998125981583, 'batch_size': 188, 'step_size': 4, 'gamma': 0.8428938079943955}. Best is trial 38 with value: 0.04062716427105892.[0m
[32m[I 2025-02-07 08:33:06,690][0m Trial 47 finished with value: 0.03892222220102512 and parameters: {'observation_period_num': 6, 'train_rates': 0.8470922545936695, 'learning_rate': 0.0008372946654800449, 'batch_size': 191, 'step_size': 3, 'gamma': 0.8832815632958289}. Best is trial 47 with value: 0.03892222220102512.[0m
[32m[I 2025-02-07 08:33:38,328][0m Trial 48 finished with value: 0.041946903193932225 and parameters: {'observation_period_num': 10, 'train_rates': 0.8571815608321044, 'learning_rate': 0.0009501868319861116, 'batch_size': 187, 'step_size': 3, 'gamma': 0.8949005670984018}. Best is trial 47 with value: 0.03892222220102512.[0m
