[32m[I 2025-02-08 07:47:13,240][0m Trial 49 finished with value: 0.14372038491423458 and parameters: {'observation_period_num': 153, 'train_rates': 0.8446073485296096, 'learning_rate': 0.000510672592149379, 'batch_size': 112, 'step_size': 7, 'gamma': 0.8547766388669066}. Best is trial 23 with value: 0.03361513830152743.[0m
最適ハイパーパラメータが見つかりました
最適なハイパーパラメータが best_hyperparameters_GOOG_iTransformer_noMSTL.json に保存されました
Epoch 1/300, Loss: 0.2775 | 0.1567
Epoch 2/300, Loss: 0.1393 | 0.1213
Epoch 3/300, Loss: 0.1227 | 0.1000
Epoch 4/300, Loss: 0.1150 | 0.0933
Epoch 5/300, Loss: 0.1114 | 0.0808
Epoch 6/300, Loss: 0.1115 | 0.0763
Epoch 7/300, Loss: 0.1137 | 0.0737
Epoch 8/300, Loss: 0.1147 | 0.0690
Epoch 9/300, Loss: 0.1078 | 0.0653
Epoch 10/300, Loss: 0.1047 | 0.0636
Epoch 11/300, Loss: 0.1030 | 0.0626
Epoch 12/300, Loss: 0.1018 | 0.0622
Epoch 13/300, Loss: 0.1005 | 0.0616
Epoch 14/300, Loss: 0.0990 | 0.0619
Epoch 15/300, Loss: 0.0971 | 0.0625
Epoch 16/300, Loss: 0.0954 | 0.0632
Epoch 17/300, Loss: 0.0938 | 0.0612
Epoch 18/300, Loss: 0.0921 | 0.0620
Epoch 19/300, Loss: 0.0906 | 0.0624
Epoch 20/300, Loss: 0.0894 | 0.0613
Epoch 21/300, Loss: 0.0885 | 0.0586
Epoch 22/300, Loss: 0.0879 | 0.0565
Epoch 23/300, Loss: 0.0870 | 0.0551
Epoch 24/300, Loss: 0.0863 | 0.0541
Epoch 25/300, Loss: 0.0856 | 0.0520
Epoch 26/300, Loss: 0.0851 | 0.0513
Epoch 27/300, Loss: 0.0846 | 0.0510
Epoch 28/300, Loss: 0.0841 | 0.0507
Epoch 29/300, Loss: 0.0837 | 0.0492
Epoch 30/300, Loss: 0.0835 | 0.0487
Epoch 31/300, Loss: 0.0831 | 0.0484
Epoch 32/300, Loss: 0.0827 | 0.0479
Epoch 33/300, Loss: 0.0824 | 0.0477
Epoch 34/300, Loss: 0.0821 | 0.0473
Epoch 35/300, Loss: 0.0818 | 0.0468
Epoch 36/300, Loss: 0.0815 | 0.0463
Epoch 37/300, Loss: 0.0812 | 0.0460
Epoch 38/300, Loss: 0.0810 | 0.0456
Epoch 39/300, Loss: 0.0810 | 0.0453
Epoch 40/300, Loss: 0.0810 | 0.0449
Epoch 41/300, Loss: 0.0810 | 0.0442
Epoch 42/300, Loss: 0.0811 | 0.0440
Epoch 43/300, Loss: 0.0812 | 0.0436
Epoch 44/300, Loss: 0.0812 | 0.0433
Epoch 45/300, Loss: 0.0814 | 0.0431
Epoch 46/300, Loss: 0.0815 | 0.0430
Epoch 47/300, Loss: 0.0810 | 0.0428
Epoch 48/300, Loss: 0.0805 | 0.0427
Epoch 49/300, Loss: 0.0801 | 0.0429
Epoch 50/300, Loss: 0.0795 | 0.0426
Epoch 51/300, Loss: 0.0788 | 0.0424
Epoch 52/300, Loss: 0.0784 | 0.0423
Epoch 53/300, Loss: 0.0782 | 0.0422
Epoch 54/300, Loss: 0.0781 | 0.0421
Epoch 55/300, Loss: 0.0781 | 0.0420
Epoch 56/300, Loss: 0.0780 | 0.0419
Epoch 57/300, Loss: 0.0780 | 0.0419
Epoch 58/300, Loss: 0.0779 | 0.0418
Epoch 59/300, Loss: 0.0779 | 0.0418
Epoch 60/300, Loss: 0.0777 | 0.0417
Epoch 61/300, Loss: 0.0776 | 0.0417
Epoch 62/300, Loss: 0.0776 | 0.0416
Epoch 63/300, Loss: 0.0774 | 0.0416
Epoch 64/300, Loss: 0.0773 | 0.0415
Epoch 65/300, Loss: 0.0772 | 0.0415
Epoch 66/300, Loss: 0.0771 | 0.0414
Epoch 67/300, Loss: 0.0770 | 0.0414
Epoch 68/300, Loss: 0.0769 | 0.0413
Epoch 69/300, Loss: 0.0769 | 0.0413
Epoch 70/300, Loss: 0.0768 | 0.0412
Epoch 71/300, Loss: 0.0767 | 0.0412
Epoch 72/300, Loss: 0.0767 | 0.0411
Epoch 73/300, Loss: 0.0766 | 0.0411
Epoch 74/300, Loss: 0.0766 | 0.0411
Epoch 75/300, Loss: 0.0766 | 0.0410
Epoch 76/300, Loss: 0.0765 | 0.0410
Epoch 77/300, Loss: 0.0765 | 0.0410
Epoch 78/300, Loss: 0.0764 | 0.0409
Epoch 79/300, Loss: 0.0764 | 0.0409
Epoch 80/300, Loss: 0.0764 | 0.0409
Epoch 81/300, Loss: 0.0763 | 0.0409
Epoch 82/300, Loss: 0.0763 | 0.0408
Epoch 83/300, Loss: 0.0763 | 0.0408
Epoch 84/300, Loss: 0.0763 | 0.0408
Epoch 85/300, Loss: 0.0762 | 0.0408
Epoch 86/300, Loss: 0.0762 | 0.0408
Epoch 87/300, Loss: 0.0762 | 0.0407
Epoch 88/300, Loss: 0.0762 | 0.0407
Epoch 89/300, Loss: 0.0762 | 0.0407
Epoch 90/300, Loss: 0.0761 | 0.0407
Epoch 91/300, Loss: 0.0761 | 0.0407
Epoch 92/300, Loss: 0.0761 | 0.0407
Epoch 93/300, Loss: 0.0761 | 0.0407
Epoch 94/300, Loss: 0.0761 | 0.0406
Epoch 95/300, Loss: 0.0761 | 0.0406
Epoch 96/300, Loss: 0.0760 | 0.0406
Epoch 97/300, Loss: 0.0760 | 0.0406
Epoch 98/300, Loss: 0.0760 | 0.0406
Epoch 99/300, Loss: 0.0760 | 0.0406
Epoch 100/300, Loss: 0.0760 | 0.0406
Epoch 101/300, Loss: 0.0760 | 0.0406
Epoch 102/300, Loss: 0.0759 | 0.0406
Epoch 103/300, Loss: 0.0759 | 0.0406
Epoch 104/300, Loss: 0.0759 | 0.0406
Epoch 105/300, Loss: 0.0759 | 0.0406
Epoch 106/300, Loss: 0.0759 | 0.0406
Epoch 107/300, Loss: 0.0759 | 0.0406
Epoch 108/300, Loss: 0.0759 | 0.0406
Epoch 109/300, Loss: 0.0759 | 0.0406
Epoch 110/300, Loss: 0.0759 | 0.0406
Epoch 111/300, Loss: 0.0759 | 0.0406
Epoch 112/300, Loss: 0.0759 | 0.0405
Epoch 113/300, Loss: 0.0758 | 0.0405
Epoch 114/300, Loss: 0.0758 | 0.0405
Epoch 115/300, Loss: 0.0758 | 0.0405
Epoch 116/300, Loss: 0.0758 | 0.0405
Epoch 117/300, Loss: 0.0758 | 0.0405
Epoch 118/300, Loss: 0.0758 | 0.0405
Epoch 119/300, Loss: 0.0758 | 0.0405
Epoch 120/300, Loss: 0.0758 | 0.0405
Epoch 121/300, Loss: 0.0758 | 0.0405
Epoch 122/300, Loss: 0.0758 | 0.0405
Epoch 123/300, Loss: 0.0758 | 0.0405
Epoch 124/300, Loss: 0.0758 | 0.0405
Epoch 125/300, Loss: 0.0758 | 0.0405
Epoch 126/300, Loss: 0.0758 | 0.0405
Epoch 127/300, Loss: 0.0758 | 0.0405
Epoch 128/300, Loss: 0.0758 | 0.0405
Epoch 129/300, Loss: 0.0758 | 0.0405
Epoch 130/300, Loss: 0.0758 | 0.0405
Epoch 131/300, Loss: 0.0758 | 0.0405
Epoch 132/300, Loss: 0.0758 | 0.0405
Epoch 133/300, Loss: 0.0758 | 0.0405
Epoch 134/300, Loss: 0.0758 | 0.0405
Epoch 135/300, Loss: 0.0758 | 0.0405
Epoch 136/300, Loss: 0.0758 | 0.0405
Epoch 137/300, Loss: 0.0758 | 0.0405
Epoch 138/300, Loss: 0.0758 | 0.0405
Epoch 139/300, Loss: 0.0758 | 0.0405
Epoch 140/300, Loss: 0.0758 | 0.0405
Epoch 141/300, Loss: 0.0758 | 0.0405
Epoch 142/300, Loss: 0.0758 | 0.0405
Epoch 143/300, Loss: 0.0758 | 0.0405
Epoch 144/300, Loss: 0.0757 | 0.0405
Epoch 145/300, Loss: 0.0757 | 0.0405
Epoch 146/300, Loss: 0.0757 | 0.0405
Epoch 147/300, Loss: 0.0757 | 0.0405
Epoch 148/300, Loss: 0.0757 | 0.0405
Epoch 149/300, Loss: 0.0757 | 0.0405
Epoch 150/300, Loss: 0.0757 | 0.0405
Epoch 151/300, Loss: 0.0757 | 0.0405
Epoch 152/300, Loss: 0.0757 | 0.0405
Epoch 153/300, Loss: 0.0757 | 0.0405
Epoch 154/300, Loss: 0.0757 | 0.0405
Epoch 155/300, Loss: 0.0757 | 0.0405
Epoch 156/300, Loss: 0.0757 | 0.0405
Epoch 157/300, Loss: 0.0757 | 0.0405
Epoch 158/300, Loss: 0.0757 | 0.0405
Epoch 159/300, Loss: 0.0757 | 0.0405
Epoch 160/300, Loss: 0.0757 | 0.0405
Epoch 161/300, Loss: 0.0757 | 0.0405
Epoch 162/300, Loss: 0.0757 | 0.0405
Epoch 163/300, Loss: 0.0757 | 0.0405
Epoch 164/300, Loss: 0.0757 | 0.0405
Epoch 165/300, Loss: 0.0757 | 0.0405
Epoch 166/300, Loss: 0.0757 | 0.0405
Epoch 167/300, Loss: 0.0757 | 0.0405
Epoch 168/300, Loss: 0.0757 | 0.0405
Epoch 169/300, Loss: 0.0757 | 0.0405
Epoch 170/300, Loss: 0.0757 | 0.0405
Epoch 171/300, Loss: 0.0757 | 0.0405
Epoch 172/300, Loss: 0.0757 | 0.0405
Epoch 173/300, Loss: 0.0757 | 0.0405
Epoch 174/300, Loss: 0.0757 | 0.0405
Epoch 175/300, Loss: 0.0757 | 0.0405
Epoch 176/300, Loss: 0.0757 | 0.0405
Epoch 177/300, Loss: 0.0757 | 0.0405
Epoch 178/300, Loss: 0.0757 | 0.0405
Epoch 179/300, Loss: 0.0757 | 0.0405
Epoch 180/300, Loss: 0.0757 | 0.0405
Epoch 181/300, Loss: 0.0757 | 0.0405
Epoch 182/300, Loss: 0.0757 | 0.0405
Epoch 183/300, Loss: 0.0757 | 0.0405
Epoch 184/300, Loss: 0.0757 | 0.0405
Epoch 185/300, Loss: 0.0757 | 0.0405
Epoch 186/300, Loss: 0.0757 | 0.0405
Epoch 187/300, Loss: 0.0757 | 0.0405
Epoch 188/300, Loss: 0.0757 | 0.0405
Epoch 189/300, Loss: 0.0757 | 0.0405
Epoch 190/300, Loss: 0.0757 | 0.0405
Epoch 191/300, Loss: 0.0757 | 0.0405
Epoch 192/300, Loss: 0.0757 | 0.0405
Epoch 193/300, Loss: 0.0757 | 0.0405
Epoch 194/300, Loss: 0.0757 | 0.0405
Epoch 195/300, Loss: 0.0757 | 0.0405
Epoch 196/300, Loss: 0.0757 | 0.0405
Epoch 197/300, Loss: 0.0757 | 0.0405
Epoch 198/300, Loss: 0.0757 | 0.0405
Epoch 199/300, Loss: 0.0757 | 0.0405
Epoch 200/300, Loss: 0.0757 | 0.0405
Epoch 201/300, Loss: 0.0757 | 0.0405
Epoch 202/300, Loss: 0.0757 | 0.0405
Epoch 203/300, Loss: 0.0757 | 0.0405
Epoch 204/300, Loss: 0.0757 | 0.0405
Epoch 205/300, Loss: 0.0757 | 0.0405
Epoch 206/300, Loss: 0.0757 | 0.0405
Epoch 207/300, Loss: 0.0757 | 0.0405
Epoch 208/300, Loss: 0.0757 | 0.0405
Epoch 209/300, Loss: 0.0757 | 0.0405
Epoch 210/300, Loss: 0.0757 | 0.0405
Epoch 211/300, Loss: 0.0757 | 0.0405
Epoch 212/300, Loss: 0.0757 | 0.0405
Epoch 213/300, Loss: 0.0757 | 0.0405
Epoch 214/300, Loss: 0.0757 | 0.0405
Epoch 215/300, Loss: 0.0757 | 0.0405
Epoch 216/300, Loss: 0.0757 | 0.0405
Epoch 217/300, Loss: 0.0757 | 0.0405
Epoch 218/300, Loss: 0.0757 | 0.0405
Epoch 219/300, Loss: 0.0757 | 0.0405
Epoch 220/300, Loss: 0.0757 | 0.0405
Epoch 221/300, Loss: 0.0757 | 0.0405
Epoch 222/300, Loss: 0.0757 | 0.0405
Epoch 223/300, Loss: 0.0757 | 0.0405
Epoch 224/300, Loss: 0.0757 | 0.0405
Epoch 225/300, Loss: 0.0757 | 0.0405
Epoch 226/300, Loss: 0.0757 | 0.0405
Epoch 227/300, Loss: 0.0757 | 0.0405
Epoch 228/300, Loss: 0.0757 | 0.0405
Epoch 229/300, Loss: 0.0757 | 0.0405
Epoch 230/300, Loss: 0.0757 | 0.0405
Epoch 231/300, Loss: 0.0757 | 0.0405
Epoch 232/300, Loss: 0.0757 | 0.0405
Epoch 233/300, Loss: 0.0757 | 0.0405
Epoch 234/300, Loss: 0.0757 | 0.0405
Epoch 235/300, Loss: 0.0757 | 0.0405
Epoch 236/300, Loss: 0.0757 | 0.0405
Epoch 237/300, Loss: 0.0757 | 0.0405
Epoch 238/300, Loss: 0.0757 | 0.0405
Epoch 239/300, Loss: 0.0757 | 0.0405
Epoch 240/300, Loss: 0.0757 | 0.0405
Epoch 241/300, Loss: 0.0757 | 0.0405
Epoch 242/300, Loss: 0.0757 | 0.0405
Epoch 243/300, Loss: 0.0757 | 0.0405
Epoch 244/300, Loss: 0.0757 | 0.0405
Epoch 245/300, Loss: 0.0757 | 0.0405
Epoch 246/300, Loss: 0.0757 | 0.0405
Epoch 247/300, Loss: 0.0757 | 0.0405
Epoch 248/300, Loss: 0.0757 | 0.0405
Epoch 249/300, Loss: 0.0757 | 0.0405
Epoch 250/300, Loss: 0.0757 | 0.0405
Epoch 251/300, Loss: 0.0757 | 0.0405
Epoch 252/300, Loss: 0.0757 | 0.0405
Epoch 253/300, Loss: 0.0757 | 0.0405
Epoch 254/300, Loss: 0.0757 | 0.0405
Epoch 255/300, Loss: 0.0757 | 0.0405
Epoch 256/300, Loss: 0.0757 | 0.0405
Epoch 257/300, Loss: 0.0757 | 0.0405
Epoch 258/300, Loss: 0.0757 | 0.0405
Epoch 259/300, Loss: 0.0757 | 0.0405
Epoch 260/300, Loss: 0.0757 | 0.0405
Epoch 261/300, Loss: 0.0757 | 0.0405
Epoch 262/300, Loss: 0.0757 | 0.0405
Epoch 263/300, Loss: 0.0757 | 0.0405
Epoch 264/300, Loss: 0.0757 | 0.0405
Epoch 265/300, Loss: 0.0757 | 0.0405
Epoch 266/300, Loss: 0.0757 | 0.0405
Epoch 267/300, Loss: 0.0757 | 0.0405
Early stopping
Runtime (seconds): 391.2701873779297
/home2/y2021/k2110261/.conda/envs/tensorflow/lib/python3.11/site-packages/sklearn/metrics/_regression.py:1266: UndefinedMetricWarning: R^2 score is not well-defined with less than two samples.
  warnings.warn(msg, UndefinedMetricWarning)
MSE: 181.32461820938624
RMSE: 13.465682983398438
MAE: 13.465682983398438
R-squared: nan
[200.60568]
