[32m[I 2025-01-08 00:02:35,954][0m Trial 49 finished with value: 0.38906781153475983 and parameters: {'observation_period_num': 89, 'train_rates': 0.7554445007304604, 'learning_rate': 0.0001045194620016494, 'batch_size': 50, 'step_size': 8, 'gamma': 0.8544808156931112}. Best is trial 42 with value: 0.09968065694872155.[0m
最適ハイパーパラメータが見つかりました
最適ハイパーパラメータが best_hyperparameters_AAPL_Transformer(nomstl).json に保存されました
Epoch 1/300, Loss: 0.4807 | 0.5475
Epoch 2/300, Loss: 0.3874 | 0.4119
Epoch 3/300, Loss: 0.3131 | 0.4099
Epoch 4/300, Loss: 0.2550 | 0.4015
Epoch 5/300, Loss: 0.2726 | 0.3175
Epoch 6/300, Loss: 0.2777 | 0.4693
Epoch 7/300, Loss: 0.2452 | 0.3517
Epoch 8/300, Loss: 0.2339 | 0.3371
Epoch 9/300, Loss: 0.2098 | 0.2660
Epoch 10/300, Loss: 0.1970 | 0.2541
Epoch 11/300, Loss: 0.1897 | 0.2381
Epoch 12/300, Loss: 0.1867 | 0.2320
Epoch 13/300, Loss: 0.1789 | 0.2345
Epoch 14/300, Loss: 0.1749 | 0.2073
Epoch 15/300, Loss: 0.1788 | 0.2162
Epoch 16/300, Loss: 0.1739 | 0.2288
Epoch 17/300, Loss: 0.1662 | 0.2287
Epoch 18/300, Loss: 0.1545 | 0.1956
Epoch 19/300, Loss: 0.1552 | 0.1894
Epoch 20/300, Loss: 0.1526 | 0.2034
Epoch 21/300, Loss: 0.1463 | 0.1834
Epoch 22/300, Loss: 0.1420 | 0.1777
Epoch 23/300, Loss: 0.1399 | 0.1773
Epoch 24/300, Loss: 0.1398 | 0.1723
Epoch 25/300, Loss: 0.1382 | 0.1640
Epoch 26/300, Loss: 0.1363 | 0.1575
Epoch 27/300, Loss: 0.1327 | 0.1570
Epoch 28/300, Loss: 0.1330 | 0.1628
Epoch 29/300, Loss: 0.1338 | 0.1476
Epoch 30/300, Loss: 0.1307 | 0.1439
Epoch 31/300, Loss: 0.1297 | 0.1476
Epoch 32/300, Loss: 0.1286 | 0.1514
Epoch 33/300, Loss: 0.1270 | 0.1394
Epoch 34/300, Loss: 0.1248 | 0.1408
Epoch 35/300, Loss: 0.1232 | 0.1444
Epoch 36/300, Loss: 0.1220 | 0.1406
Epoch 37/300, Loss: 0.1196 | 0.1356
Epoch 38/300, Loss: 0.1181 | 0.1358
Epoch 39/300, Loss: 0.1167 | 0.1368
Epoch 40/300, Loss: 0.1157 | 0.1336
Epoch 41/300, Loss: 0.1148 | 0.1298
Epoch 42/300, Loss: 0.1141 | 0.1302
Epoch 43/300, Loss: 0.1134 | 0.1298
Epoch 44/300, Loss: 0.1116 | 0.1283
Epoch 45/300, Loss: 0.1105 | 0.1253
Epoch 46/300, Loss: 0.1094 | 0.1228
Epoch 47/300, Loss: 0.1085 | 0.1237
Epoch 48/300, Loss: 0.1086 | 0.1226
Epoch 49/300, Loss: 0.1072 | 0.1214
Epoch 50/300, Loss: 0.1068 | 0.1211
Epoch 51/300, Loss: 0.1075 | 0.1203
Epoch 52/300, Loss: 0.1064 | 0.1175
Epoch 53/300, Loss: 0.1059 | 0.1180
Epoch 54/300, Loss: 0.1050 | 0.1177
Epoch 55/300, Loss: 0.1052 | 0.1175
Epoch 56/300, Loss: 0.1047 | 0.1172
Epoch 57/300, Loss: 0.1040 | 0.1153
Epoch 58/300, Loss: 0.1036 | 0.1149
Epoch 59/300, Loss: 0.1029 | 0.1146
Epoch 60/300, Loss: 0.1030 | 0.1153
Epoch 61/300, Loss: 0.1028 | 0.1153
Epoch 62/300, Loss: 0.1020 | 0.1158
Epoch 63/300, Loss: 0.1022 | 0.1137
Epoch 64/300, Loss: 0.1019 | 0.1129
Epoch 65/300, Loss: 0.1020 | 0.1139
Epoch 66/300, Loss: 0.1006 | 0.1132
Epoch 67/300, Loss: 0.1007 | 0.1130
Epoch 68/300, Loss: 0.1003 | 0.1139
Epoch 69/300, Loss: 0.1001 | 0.1125
Epoch 70/300, Loss: 0.1000 | 0.1129
Epoch 71/300, Loss: 0.1005 | 0.1125
Epoch 72/300, Loss: 0.0996 | 0.1122
Epoch 73/300, Loss: 0.0990 | 0.1121
Epoch 74/300, Loss: 0.0985 | 0.1120
Epoch 75/300, Loss: 0.0987 | 0.1116
Epoch 76/300, Loss: 0.0990 | 0.1120
Epoch 77/300, Loss: 0.0987 | 0.1107
Epoch 78/300, Loss: 0.0982 | 0.1112
Epoch 79/300, Loss: 0.0981 | 0.1117
Epoch 80/300, Loss: 0.0981 | 0.1114
Epoch 81/300, Loss: 0.0978 | 0.1107
Epoch 82/300, Loss: 0.0976 | 0.1106
Epoch 83/300, Loss: 0.0975 | 0.1112
Epoch 84/300, Loss: 0.0976 | 0.1108
Epoch 85/300, Loss: 0.0977 | 0.1106
Epoch 86/300, Loss: 0.0974 | 0.1098
Epoch 87/300, Loss: 0.0972 | 0.1101
Epoch 88/300, Loss: 0.0976 | 0.1104
Epoch 89/300, Loss: 0.0963 | 0.1097
Epoch 90/300, Loss: 0.0972 | 0.1100
Epoch 91/300, Loss: 0.0964 | 0.1103
Epoch 92/300, Loss: 0.0965 | 0.1101
Epoch 93/300, Loss: 0.0966 | 0.1102
Epoch 94/300, Loss: 0.0974 | 0.1097
Epoch 95/300, Loss: 0.0963 | 0.1097
Epoch 96/300, Loss: 0.0964 | 0.1097
Epoch 97/300, Loss: 0.0965 | 0.1099
Epoch 98/300, Loss: 0.0964 | 0.1096
Epoch 99/300, Loss: 0.0963 | 0.1095
Epoch 100/300, Loss: 0.0964 | 0.1091
Epoch 101/300, Loss: 0.0963 | 0.1095
Epoch 102/300, Loss: 0.0962 | 0.1095
Epoch 103/300, Loss: 0.0959 | 0.1093
Epoch 104/300, Loss: 0.0964 | 0.1095
Epoch 105/300, Loss: 0.0966 | 0.1094
Epoch 106/300, Loss: 0.0955 | 0.1092
Epoch 107/300, Loss: 0.0955 | 0.1092
Epoch 108/300, Loss: 0.0952 | 0.1093
Epoch 109/300, Loss: 0.0959 | 0.1092
Epoch 110/300, Loss: 0.0962 | 0.1092
Epoch 111/300, Loss: 0.0954 | 0.1090
Epoch 112/300, Loss: 0.0960 | 0.1088
Epoch 113/300, Loss: 0.0953 | 0.1087
Epoch 114/300, Loss: 0.0953 | 0.1088
Epoch 115/300, Loss: 0.0956 | 0.1090
Epoch 116/300, Loss: 0.0958 | 0.1090
Epoch 117/300, Loss: 0.0960 | 0.1090
Epoch 118/300, Loss: 0.0956 | 0.1087
Epoch 119/300, Loss: 0.0957 | 0.1089
Epoch 120/300, Loss: 0.0951 | 0.1089
Epoch 121/300, Loss: 0.0953 | 0.1088
Epoch 122/300, Loss: 0.0949 | 0.1088
Epoch 123/300, Loss: 0.0952 | 0.1089
Epoch 124/300, Loss: 0.0958 | 0.1089
Epoch 125/300, Loss: 0.0957 | 0.1088
Epoch 126/300, Loss: 0.0953 | 0.1089
Epoch 127/300, Loss: 0.0952 | 0.1088
Epoch 128/300, Loss: 0.0954 | 0.1086
Epoch 129/300, Loss: 0.0956 | 0.1088
Epoch 130/300, Loss: 0.0956 | 0.1087
Epoch 131/300, Loss: 0.0950 | 0.1088
Epoch 132/300, Loss: 0.0957 | 0.1089
Epoch 133/300, Loss: 0.0959 | 0.1088
Epoch 134/300, Loss: 0.0952 | 0.1087
Epoch 135/300, Loss: 0.0950 | 0.1087
Epoch 136/300, Loss: 0.0953 | 0.1088
Epoch 137/300, Loss: 0.0951 | 0.1087
Epoch 138/300, Loss: 0.0948 | 0.1088
Epoch 139/300, Loss: 0.0951 | 0.1088
Epoch 140/300, Loss: 0.0952 | 0.1088
Epoch 141/300, Loss: 0.0955 | 0.1088
Epoch 142/300, Loss: 0.0946 | 0.1088
Epoch 143/300, Loss: 0.0950 | 0.1088
Epoch 144/300, Loss: 0.0951 | 0.1088
Epoch 145/300, Loss: 0.0950 | 0.1087
Epoch 146/300, Loss: 0.0946 | 0.1086
Epoch 147/300, Loss: 0.0947 | 0.1086
Epoch 148/300, Loss: 0.0951 | 0.1086
Epoch 149/300, Loss: 0.0947 | 0.1086
Epoch 150/300, Loss: 0.0958 | 0.1087
Epoch 151/300, Loss: 0.0955 | 0.1087
Epoch 152/300, Loss: 0.0952 | 0.1087
Epoch 153/300, Loss: 0.0952 | 0.1086
Epoch 154/300, Loss: 0.0952 | 0.1087
Epoch 155/300, Loss: 0.0952 | 0.1087
Epoch 156/300, Loss: 0.0955 | 0.1087
Epoch 157/300, Loss: 0.0952 | 0.1087
Epoch 158/300, Loss: 0.0947 | 0.1087
Epoch 159/300, Loss: 0.0950 | 0.1087
Epoch 160/300, Loss: 0.0946 | 0.1087
Epoch 161/300, Loss: 0.0953 | 0.1087
Epoch 162/300, Loss: 0.0947 | 0.1087
Epoch 163/300, Loss: 0.0948 | 0.1087
Epoch 164/300, Loss: 0.0952 | 0.1086
Epoch 165/300, Loss: 0.0949 | 0.1086
Epoch 166/300, Loss: 0.0957 | 0.1086
Epoch 167/300, Loss: 0.0963 | 0.1086
Epoch 168/300, Loss: 0.0952 | 0.1087
Epoch 169/300, Loss: 0.0951 | 0.1087
Epoch 170/300, Loss: 0.0946 | 0.1087
Epoch 171/300, Loss: 0.0954 | 0.1087
Epoch 172/300, Loss: 0.0953 | 0.1087
Epoch 173/300, Loss: 0.0952 | 0.1087
Epoch 174/300, Loss: 0.0955 | 0.1086
Epoch 175/300, Loss: 0.0958 | 0.1086
Epoch 176/300, Loss: 0.0951 | 0.1086
Epoch 177/300, Loss: 0.0954 | 0.1086
Epoch 178/300, Loss: 0.0953 | 0.1087
Epoch 179/300, Loss: 0.0951 | 0.1087
Epoch 180/300, Loss: 0.0952 | 0.1087
Epoch 181/300, Loss: 0.0954 | 0.1087
Epoch 182/300, Loss: 0.0951 | 0.1087
Epoch 183/300, Loss: 0.0949 | 0.1087
Epoch 184/300, Loss: 0.0956 | 0.1087
Epoch 185/300, Loss: 0.0951 | 0.1087
Epoch 186/300, Loss: 0.0954 | 0.1087
Epoch 187/300, Loss: 0.0944 | 0.1087
Epoch 188/300, Loss: 0.0946 | 0.1087
Epoch 189/300, Loss: 0.0949 | 0.1087
Epoch 190/300, Loss: 0.0954 | 0.1087
Epoch 191/300, Loss: 0.0950 | 0.1087
Epoch 192/300, Loss: 0.0950 | 0.1087
Epoch 193/300, Loss: 0.0948 | 0.1087
Epoch 194/300, Loss: 0.0952 | 0.1087
Epoch 195/300, Loss: 0.0954 | 0.1087
Epoch 196/300, Loss: 0.0952 | 0.1087
Epoch 197/300, Loss: 0.0946 | 0.1087
Epoch 198/300, Loss: 0.0950 | 0.1087
Epoch 199/300, Loss: 0.0951 | 0.1087
Epoch 200/300, Loss: 0.0953 | 0.1087
Epoch 201/300, Loss: 0.0951 | 0.1087
Epoch 202/300, Loss: 0.0955 | 0.1087
Epoch 203/300, Loss: 0.0949 | 0.1087
Epoch 204/300, Loss: 0.0946 | 0.1087
Epoch 205/300, Loss: 0.0950 | 0.1087
Epoch 206/300, Loss: 0.0952 | 0.1087
Epoch 207/300, Loss: 0.0953 | 0.1087
Epoch 208/300, Loss: 0.0951 | 0.1087
Epoch 209/300, Loss: 0.0956 | 0.1087
Epoch 210/300, Loss: 0.0950 | 0.1087
Epoch 211/300, Loss: 0.0940 | 0.1087
Epoch 212/300, Loss: 0.0947 | 0.1087
Epoch 213/300, Loss: 0.0948 | 0.1087
Epoch 214/300, Loss: 0.0944 | 0.1087
Epoch 215/300, Loss: 0.0949 | 0.1087
Epoch 216/300, Loss: 0.0953 | 0.1087
Epoch 217/300, Loss: 0.0951 | 0.1087
Epoch 218/300, Loss: 0.0939 | 0.1087
Epoch 219/300, Loss: 0.0950 | 0.1087
Epoch 220/300, Loss: 0.0951 | 0.1087
Epoch 221/300, Loss: 0.0950 | 0.1087
Epoch 222/300, Loss: 0.0950 | 0.1087
Epoch 223/300, Loss: 0.0951 | 0.1087
Epoch 224/300, Loss: 0.0948 | 0.1087
Epoch 225/300, Loss: 0.0947 | 0.1087
Epoch 226/300, Loss: 0.0960 | 0.1087
Epoch 227/300, Loss: 0.0952 | 0.1087
Epoch 228/300, Loss: 0.0948 | 0.1087
Epoch 229/300, Loss: 0.0953 | 0.1087
Epoch 230/300, Loss: 0.0952 | 0.1087
Epoch 231/300, Loss: 0.0949 | 0.1087
Epoch 232/300, Loss: 0.0956 | 0.1087
Epoch 233/300, Loss: 0.0949 | 0.1087
Epoch 234/300, Loss: 0.0946 | 0.1087
Epoch 235/300, Loss: 0.0951 | 0.1087
Epoch 236/300, Loss: 0.0953 | 0.1087
Epoch 237/300, Loss: 0.0946 | 0.1087
Epoch 238/300, Loss: 0.0954 | 0.1087
Epoch 239/300, Loss: 0.0952 | 0.1087
Epoch 240/300, Loss: 0.0945 | 0.1086
Epoch 241/300, Loss: 0.0944 | 0.1086
Epoch 242/300, Loss: 0.0946 | 0.1086
Epoch 243/300, Loss: 0.0948 | 0.1086
Epoch 244/300, Loss: 0.0948 | 0.1086
Epoch 245/300, Loss: 0.0949 | 0.1086
Epoch 246/300, Loss: 0.0952 | 0.1086
Epoch 247/300, Loss: 0.0953 | 0.1086
Epoch 248/300, Loss: 0.0957 | 0.1086
Epoch 249/300, Loss: 0.0953 | 0.1086
Epoch 250/300, Loss: 0.0951 | 0.1086
Epoch 251/300, Loss: 0.0950 | 0.1086
Epoch 252/300, Loss: 0.0949 | 0.1086
Epoch 253/300, Loss: 0.0949 | 0.1086
Epoch 254/300, Loss: 0.0943 | 0.1086
Epoch 255/300, Loss: 0.0948 | 0.1086
Epoch 256/300, Loss: 0.0957 | 0.1086
Epoch 257/300, Loss: 0.0946 | 0.1086
Epoch 258/300, Loss: 0.0950 | 0.1086
Epoch 259/300, Loss: 0.0951 | 0.1086
Epoch 260/300, Loss: 0.0946 | 0.1086
Epoch 261/300, Loss: 0.0949 | 0.1086
Epoch 262/300, Loss: 0.0947 | 0.1086
Epoch 263/300, Loss: 0.0953 | 0.1086
Epoch 264/300, Loss: 0.0954 | 0.1086
Epoch 265/300, Loss: 0.0950 | 0.1086
Epoch 266/300, Loss: 0.0948 | 0.1086
Epoch 267/300, Loss: 0.0951 | 0.1086
Epoch 268/300, Loss: 0.0946 | 0.1086
Epoch 269/300, Loss: 0.0948 | 0.1086
Epoch 270/300, Loss: 0.0944 | 0.1086
Epoch 271/300, Loss: 0.0954 | 0.1086
Epoch 272/300, Loss: 0.0955 | 0.1086
Epoch 273/300, Loss: 0.0951 | 0.1086
Epoch 274/300, Loss: 0.0946 | 0.1086
Epoch 275/300, Loss: 0.0949 | 0.1086
Epoch 276/300, Loss: 0.0951 | 0.1086
Epoch 277/300, Loss: 0.0950 | 0.1086
Epoch 278/300, Loss: 0.0949 | 0.1086
Epoch 279/300, Loss: 0.0947 | 0.1086
Epoch 280/300, Loss: 0.0953 | 0.1086
Epoch 281/300, Loss: 0.0951 | 0.1086
Early stopping
Runtime (seconds): 553.1289491653442
/home2/y2021/k2110261/.conda/envs/tensorflow/lib/python3.11/site-packages/sklearn/metrics/_regression.py:1266: UndefinedMetricWarning: R^2 score is not well-defined with less than two samples.
  warnings.warn(msg, UndefinedMetricWarning)
MSE: 530.0695403015707
RMSE: 23.023239135742188
MAE: 23.023239135742188
R-squared: nan
[231.46677]
/data/student/k2110261/Multi-iTransformer/Transformer_nomstl.py:486: RuntimeWarning: More than 20 figures have been opened. Figures created through the pyplot interface (`matplotlib.pyplot.figure`) are retained until explicitly closed and may consume too much memory. (To control this warning, see the rcParam `figure.max_open_warning`). Consider using `matplotlib.pyplot.close()`.
  plt.figure(figsize=(10, 6))
