[32m[I 2025-01-19 11:54:38,387][0m Trial 14 finished with value: 0.19597606360912323 and parameters: {'observation_period_num': 48, 'train_rates': 0.9873021878565356, 'learning_rate': 8.097321293931114e-06, 'batch_size': 155, 'step_size': 3, 'gamma': 0.9545453722689983}. Best is trial 12 with value: 0.02891156779019379.[0m
[32m[I 2025-01-19 11:55:29,186][0m Trial 15 finished with value: 0.2876294071432687 and parameters: {'observation_period_num': 41, 'train_rates': 0.723894203313638, 'learning_rate': 1.0682367297064557e-06, 'batch_size': 93, 'step_size': 4, 'gamma': 0.9596367173939596}. Best is trial 12 with value: 0.02891156779019379.[0m
[32m[I 2025-01-19 11:56:29,683][0m Trial 16 finished with value: 0.1359691870672034 and parameters: {'observation_period_num': 93, 'train_rates': 0.6752178792456697, 'learning_rate': 1.5375363742386527e-05, 'batch_size': 72, 'step_size': 7, 'gamma': 0.9881256813812453}. Best is trial 12 with value: 0.02891156779019379.[0m
[32m[I 2025-01-19 11:57:00,654][0m Trial 17 finished with value: 0.28463259986508205 and parameters: {'observation_period_num': 100, 'train_rates': 0.7746255558712474, 'learning_rate': 6.0697879283941695e-06, 'batch_size': 161, 'step_size': 9, 'gamma': 0.9539180696394093}. Best is trial 12 with value: 0.02891156779019379.[0m
[32m[I 2025-01-19 11:57:37,062][0m Trial 18 finished with value: 0.22973059193301473 and parameters: {'observation_period_num': 33, 'train_rates': 0.6705502315864462, 'learning_rate': 4.113365535094873e-06, 'batch_size': 124, 'step_size': 4, 'gamma': 0.8597922787681928}. Best is trial 12 with value: 0.02891156779019379.[0m
[32m[I 2025-01-19 11:58:44,258][0m Trial 19 finished with value: 0.038030547442943305 and parameters: {'observation_period_num': 26, 'train_rates': 0.7723979113600953, 'learning_rate': 0.00041160140043613314, 'batch_size': 74, 'step_size': 11, 'gamma': 0.9250146680991829}. Best is trial 12 with value: 0.02891156779019379.[0m
[32m[I 2025-01-19 11:59:08,504][0m Trial 20 finished with value: 0.1279583506529795 and parameters: {'observation_period_num': 61, 'train_rates': 0.6004181379034487, 'learning_rate': 2.955077540727416e-05, 'batch_size': 180, 'step_size': 7, 'gamma': 0.9655085095140625}. Best is trial 12 with value: 0.02891156779019379.[0m
[32m[I 2025-01-19 12:00:13,016][0m Trial 21 finished with value: 0.044355518479498215 and parameters: {'observation_period_num': 31, 'train_rates': 0.7689549268470606, 'learning_rate': 0.0005377722473183222, 'batch_size': 76, 'step_size': 10, 'gamma': 0.9267291609292145}. Best is trial 12 with value: 0.02891156779019379.[0m
[32m[I 2025-01-19 12:00:51,549][0m Trial 22 finished with value: 0.02829785777130639 and parameters: {'observation_period_num': 5, 'train_rates': 0.6889948430046555, 'learning_rate': 0.00032171551914258545, 'batch_size': 123, 'step_size': 11, 'gamma': 0.9237177931786359}. Best is trial 22 with value: 0.02829785777130639.[0m
[32m[I 2025-01-19 12:01:27,888][0m Trial 23 finished with value: 0.034089847301181996 and parameters: {'observation_period_num': 5, 'train_rates': 0.679485201012053, 'learning_rate': 8.057855508463195e-05, 'batch_size': 129, 'step_size': 8, 'gamma': 0.9724358342131296}. Best is trial 22 with value: 0.02829785777130639.[0m
[32m[I 2025-01-19 12:02:02,044][0m Trial 24 finished with value: 0.19192176153069562 and parameters: {'observation_period_num': 91, 'train_rates': 0.6780867291636552, 'learning_rate': 0.00013346204405471074, 'batch_size': 135, 'step_size': 12, 'gamma': 0.8868137848487351}. Best is trial 22 with value: 0.02829785777130639.[0m
[32m[I 2025-01-19 12:02:37,243][0m Trial 25 finished with value: 0.0774159360331733 and parameters: {'observation_period_num': 52, 'train_rates': 0.6486230562380336, 'learning_rate': 0.00029282920086993254, 'batch_size': 127, 'step_size': 8, 'gamma': 0.9481845943052444}. Best is trial 22 with value: 0.02829785777130639.[0m
[32m[I 2025-01-19 12:03:26,490][0m Trial 26 finished with value: 0.033712551140208616 and parameters: {'observation_period_num': 23, 'train_rates': 0.6981430413447568, 'learning_rate': 6.470549843273721e-05, 'batch_size': 95, 'step_size': 8, 'gamma': 0.9117655574519117}. Best is trial 22 with value: 0.02829785777130639.[0m
[32m[I 2025-01-19 12:04:21,474][0m Trial 27 finished with value: 0.027893706930861357 and parameters: {'observation_period_num': 24, 'train_rates': 0.7473422991150326, 'learning_rate': 0.00023107271500736655, 'batch_size': 89, 'step_size': 10, 'gamma': 0.9113098708554319}. Best is trial 27 with value: 0.027893706930861357.[0m
[32m[I 2025-01-19 12:05:19,372][0m Trial 28 finished with value: 0.13141406338129724 and parameters: {'observation_period_num': 72, 'train_rates': 0.8069205641240391, 'learning_rate': 0.0002370537415140864, 'batch_size': 89, 'step_size': 11, 'gamma': 0.8810729015176059}. Best is trial 27 with value: 0.027893706930861357.[0m
[32m[I 2025-01-19 12:06:54,947][0m Trial 29 finished with value: 0.23203352034346308 and parameters: {'observation_period_num': 104, 'train_rates': 0.7545846548731213, 'learning_rate': 0.0009835468724885901, 'batch_size': 50, 'step_size': 15, 'gamma': 0.8499439613531248}. Best is trial 27 with value: 0.027893706930861357.[0m
[32m[I 2025-01-19 12:07:26,326][0m Trial 30 finished with value: 0.041272666761563895 and parameters: {'observation_period_num': 22, 'train_rates': 0.74785573877624, 'learning_rate': 0.0009881407906593377, 'batch_size': 163, 'step_size': 11, 'gamma': 0.8969308819651187}. Best is trial 27 with value: 0.027893706930861357.[0m
[32m[I 2025-01-19 12:08:20,533][0m Trial 31 finished with value: 0.025138000410554237 and parameters: {'observation_period_num': 23, 'train_rates': 0.6914887785298489, 'learning_rate': 6.83349647518489e-05, 'batch_size': 87, 'step_size': 9, 'gamma': 0.9090467225376975}. Best is trial 31 with value: 0.025138000410554237.[0m
[32m[I 2025-01-19 12:09:44,984][0m Trial 32 finished with value: 0.06242284754112567 and parameters: {'observation_period_num': 44, 'train_rates': 0.700520357264686, 'learning_rate': 0.0004858209825323813, 'batch_size': 54, 'step_size': 10, 'gamma': 0.9184243276310888}. Best is trial 31 with value: 0.025138000410554237.[0m
[32m[I 2025-01-19 12:10:24,505][0m Trial 33 finished with value: 0.027637183163179098 and parameters: {'observation_period_num': 19, 'train_rates': 0.6285396262200886, 'learning_rate': 0.00020766425957975326, 'batch_size': 112, 'step_size': 9, 'gamma': 0.9009226836723366}. Best is trial 31 with value: 0.025138000410554237.[0m
[32m[I 2025-01-19 12:11:44,568][0m Trial 34 finished with value: 0.1067369936027081 and parameters: {'observation_period_num': 64, 'train_rates': 0.6338185387997958, 'learning_rate': 0.00020296923327124764, 'batch_size': 53, 'step_size': 9, 'gamma': 0.872502859003717}. Best is trial 31 with value: 0.025138000410554237.[0m
[32m[I 2025-01-19 12:12:31,035][0m Trial 35 finished with value: 0.24555663614616902 and parameters: {'observation_period_num': 204, 'train_rates': 0.6188060984100916, 'learning_rate': 0.00011147623426366087, 'batch_size': 88, 'step_size': 12, 'gamma': 0.9028945959596707}. Best is trial 31 with value: 0.025138000410554237.[0m
[32m[I 2025-01-19 12:13:10,000][0m Trial 36 finished with value: 0.03789187269699856 and parameters: {'observation_period_num': 23, 'train_rates': 0.6567301318140325, 'learning_rate': 0.00029085610243888597, 'batch_size': 119, 'step_size': 12, 'gamma': 0.9352769719809433}. Best is trial 31 with value: 0.025138000410554237.[0m
[32m[I 2025-01-19 12:15:04,897][0m Trial 37 finished with value: 0.055360762282502494 and parameters: {'observation_period_num': 54, 'train_rates': 0.6002132220531733, 'learning_rate': 0.0006240256394363229, 'batch_size': 35, 'step_size': 9, 'gamma': 0.7570527846108971}. Best is trial 31 with value: 0.025138000410554237.[0m
[32m[I 2025-01-19 12:15:36,740][0m Trial 38 finished with value: 0.13675904465573174 and parameters: {'observation_period_num': 86, 'train_rates': 0.6967231149117952, 'learning_rate': 9.331145711985915e-05, 'batch_size': 145, 'step_size': 10, 'gamma': 0.8414837278191875}. Best is trial 31 with value: 0.025138000410554237.[0m
[32m[I 2025-01-19 12:15:58,209][0m Trial 39 finished with value: 0.03845818470464806 and parameters: {'observation_period_num': 40, 'train_rates': 0.6267308439861877, 'learning_rate': 0.00015913100371047774, 'batch_size': 211, 'step_size': 13, 'gamma': 0.9011105822853127}. Best is trial 31 with value: 0.025138000410554237.[0m
[32m[I 2025-01-19 12:20:36,615][0m Trial 40 finished with value: 0.19038408189611947 and parameters: {'observation_period_num': 117, 'train_rates': 0.8432176871475295, 'learning_rate': 4.5268682650601866e-05, 'batch_size': 18, 'step_size': 11, 'gamma': 0.8756036217015007}. Best is trial 31 with value: 0.025138000410554237.[0m
[32m[I 2025-01-19 12:21:22,487][0m Trial 41 finished with value: 0.18610096723916383 and parameters: {'observation_period_num': 248, 'train_rates': 0.7452618782275737, 'learning_rate': 0.0003441738536883283, 'batch_size': 100, 'step_size': 7, 'gamma': 0.9414912327432062}. Best is trial 31 with value: 0.025138000410554237.[0m
[32m[I 2025-01-19 12:22:03,169][0m Trial 42 finished with value: 0.025953629430075852 and parameters: {'observation_period_num': 13, 'train_rates': 0.7049481498389776, 'learning_rate': 0.00021173812477500285, 'batch_size': 118, 'step_size': 8, 'gamma': 0.914698912242381}. Best is trial 31 with value: 0.025138000410554237.[0m
[32m[I 2025-01-19 12:22:41,367][0m Trial 43 finished with value: 0.028154356862468345 and parameters: {'observation_period_num': 17, 'train_rates': 0.6592088106293548, 'learning_rate': 0.00021349728338220203, 'batch_size': 117, 'step_size': 8, 'gamma': 0.9209576515601309}. Best is trial 31 with value: 0.025138000410554237.[0m
[32m[I 2025-01-19 12:23:36,006][0m Trial 44 finished with value: 0.03458846358220969 and parameters: {'observation_period_num': 17, 'train_rates': 0.6597512956886021, 'learning_rate': 0.00019261252153024894, 'batch_size': 82, 'step_size': 9, 'gamma': 0.9145516077712822}. Best is trial 31 with value: 0.025138000410554237.[0m
[32m[I 2025-01-19 12:24:06,784][0m Trial 45 finished with value: 0.056602282140554336 and parameters: {'observation_period_num': 37, 'train_rates': 0.6197561826286223, 'learning_rate': 5.101404056266465e-05, 'batch_size': 142, 'step_size': 7, 'gamma': 0.895919345924707}. Best is trial 31 with value: 0.025138000410554237.[0m
[32m[I 2025-01-19 12:24:49,240][0m Trial 46 finished with value: 0.028371547367314846 and parameters: {'observation_period_num': 17, 'train_rates': 0.7105283712640319, 'learning_rate': 0.00014281752432507026, 'batch_size': 116, 'step_size': 8, 'gamma': 0.9356009546231945}. Best is trial 31 with value: 0.025138000410554237.[0m
[32m[I 2025-01-19 12:25:53,813][0m Trial 47 finished with value: 0.16914037696045378 and parameters: {'observation_period_num': 143, 'train_rates': 0.6417757652704332, 'learning_rate': 0.0007175809722601282, 'batch_size': 65, 'step_size': 8, 'gamma': 0.9101441196883042}. Best is trial 31 with value: 0.025138000410554237.[0m
[32m[I 2025-01-19 12:26:37,242][0m Trial 48 finished with value: 0.06714602651815098 and parameters: {'observation_period_num': 55, 'train_rates': 0.6582841810348626, 'learning_rate': 8.687917689811048e-05, 'batch_size': 102, 'step_size': 9, 'gamma': 0.888278652731268}. Best is trial 31 with value: 0.025138000410554237.[0m
[32m[I 2025-01-19 12:27:49,788][0m Trial 49 finished with value: 0.15937609446962098 and parameters: {'observation_period_num': 78, 'train_rates': 0.7381258035380179, 'learning_rate': 3.207239055692774e-05, 'batch_size': 65, 'step_size': 6, 'gamma': 0.8642831632943111}. Best is trial 31 with value: 0.025138000410554237.[0m
[217.76047]
[3.3871274]
[1.2290622]
[9.373237]
[4.565419]
[12.540914]
/home2/y2021/k2110261/.conda/envs/tensorflow/lib/python3.11/site-packages/sklearn/metrics/_regression.py:1266: UndefinedMetricWarning: R^2 score is not well-defined with less than two samples.
  warnings.warn(msg, UndefinedMetricWarning)
MSE: 0.8719392158091068
RMSE: 0.93377685546875
MAE: 0.93377685546875
R-squared: nan
[248.85622]
