[32m[I 2025-01-19 05:47:25,426][0m A new study created in memory with name: no-name-a1853a0f-746c-4868-b3ed-d08a2297443e[0m
[32m[I 2025-01-19 05:48:47,889][0m Trial 0 finished with value: 0.1846995408214418 and parameters: {'observation_period_num': 83, 'train_rates': 0.7917381299928022, 'learning_rate': 0.00018837371023863432, 'batch_size': 58, 'step_size': 10, 'gamma': 0.8544210060471681}. Best is trial 0 with value: 0.1846995408214418.[0m
[32m[I 2025-01-19 05:49:17,073][0m Trial 1 finished with value: 0.724252355966609 and parameters: {'observation_period_num': 147, 'train_rates': 0.6579139633825062, 'learning_rate': 0.0005181939641990194, 'batch_size': 143, 'step_size': 11, 'gamma': 0.8474230160890849}. Best is trial 0 with value: 0.1846995408214418.[0m
[32m[I 2025-01-19 05:52:36,806][0m Trial 2 finished with value: 0.045979072786929504 and parameters: {'observation_period_num': 189, 'train_rates': 0.8919793575610561, 'learning_rate': 1.1305061062231095e-05, 'batch_size': 25, 'step_size': 14, 'gamma': 0.8009869153307047}. Best is trial 2 with value: 0.045979072786929504.[0m
[32m[I 2025-01-19 05:53:12,807][0m Trial 3 finished with value: 0.7069749033239194 and parameters: {'observation_period_num': 120, 'train_rates': 0.6784870833123011, 'learning_rate': 0.0002576367061016558, 'batch_size': 121, 'step_size': 10, 'gamma': 0.8086069439163367}. Best is trial 2 with value: 0.045979072786929504.[0m
[32m[I 2025-01-19 05:55:06,790][0m Trial 4 finished with value: 0.3851617648033425 and parameters: {'observation_period_num': 174, 'train_rates': 0.7136771976220654, 'learning_rate': 0.0001278599764688622, 'batch_size': 38, 'step_size': 8, 'gamma': 0.8985616252511278}. Best is trial 2 with value: 0.045979072786929504.[0m
[32m[I 2025-01-19 05:57:55,192][0m Trial 5 finished with value: 0.5294786677994859 and parameters: {'observation_period_num': 216, 'train_rates': 0.8813554506073205, 'learning_rate': 1.2250180168837754e-06, 'batch_size': 29, 'step_size': 2, 'gamma': 0.9241919905003827}. Best is trial 2 with value: 0.045979072786929504.[0m
[32m[I 2025-01-19 05:58:21,943][0m Trial 6 finished with value: 3.021716833114624 and parameters: {'observation_period_num': 77, 'train_rates': 0.9811086239805799, 'learning_rate': 1.0328572960100524e-06, 'batch_size': 224, 'step_size': 8, 'gamma': 0.7523546517257177}. Best is trial 2 with value: 0.045979072786929504.[0m
[32m[I 2025-01-19 06:00:05,286][0m Trial 7 finished with value: 0.37283988305128335 and parameters: {'observation_period_num': 128, 'train_rates': 0.9357340930278217, 'learning_rate': 6.321197816442372e-06, 'batch_size': 52, 'step_size': 5, 'gamma': 0.87686305397469}. Best is trial 2 with value: 0.045979072786929504.[0m
[32m[I 2025-01-19 06:00:27,421][0m Trial 8 finished with value: 0.8131989874029806 and parameters: {'observation_period_num': 79, 'train_rates': 0.6936255992022409, 'learning_rate': 4.5029091435395244e-05, 'batch_size': 205, 'step_size': 2, 'gamma': 0.9646140187721416}. Best is trial 2 with value: 0.045979072786929504.[0m
[32m[I 2025-01-19 06:00:51,726][0m Trial 9 finished with value: 0.7657249125834028 and parameters: {'observation_period_num': 50, 'train_rates': 0.7600093878025387, 'learning_rate': 4.796558890701284e-06, 'batch_size': 215, 'step_size': 15, 'gamma': 0.9066734835548274}. Best is trial 2 with value: 0.045979072786929504.[0m
[32m[I 2025-01-19 06:01:39,695][0m Trial 10 finished with value: 0.26873178892399197 and parameters: {'observation_period_num': 240, 'train_rates': 0.8541327035651097, 'learning_rate': 1.4351224623472865e-05, 'batch_size': 104, 'step_size': 15, 'gamma': 0.7712664970026802}. Best is trial 2 with value: 0.045979072786929504.[0m
[32m[I 2025-01-19 06:02:40,587][0m Trial 11 finished with value: 0.2002384792899527 and parameters: {'observation_period_num': 184, 'train_rates': 0.823682392876032, 'learning_rate': 6.64292096565117e-05, 'batch_size': 81, 'step_size': 13, 'gamma': 0.8158265018083826}. Best is trial 2 with value: 0.045979072786929504.[0m
[32m[I 2025-01-19 06:03:46,131][0m Trial 12 finished with value: 0.5246877159391131 and parameters: {'observation_period_num': 10, 'train_rates': 0.7751889864292157, 'learning_rate': 1.4976521007074204e-05, 'batch_size': 75, 'step_size': 12, 'gamma': 0.8355424498767532}. Best is trial 2 with value: 0.045979072786929504.[0m
[32m[I 2025-01-19 06:04:19,126][0m Trial 13 finished with value: 0.07620871511353239 and parameters: {'observation_period_num': 96, 'train_rates': 0.8909240647996524, 'learning_rate': 0.0007617501723505451, 'batch_size': 165, 'step_size': 6, 'gamma': 0.7923989572794622}. Best is trial 2 with value: 0.045979072786929504.[0m
[32m[I 2025-01-19 06:04:50,436][0m Trial 14 finished with value: 0.06554003506351043 and parameters: {'observation_period_num': 193, 'train_rates': 0.9022557264218007, 'learning_rate': 0.0009060881625049833, 'batch_size': 175, 'step_size': 4, 'gamma': 0.7892741212382358}. Best is trial 2 with value: 0.045979072786929504.[0m
[32m[I 2025-01-19 06:05:11,121][0m Trial 15 finished with value: 0.4621230363845825 and parameters: {'observation_period_num': 204, 'train_rates': 0.9227678516527745, 'learning_rate': 2.13422114802994e-05, 'batch_size': 256, 'step_size': 4, 'gamma': 0.7865598062067131}. Best is trial 2 with value: 0.045979072786929504.[0m
[32m[I 2025-01-19 06:05:24,748][0m Trial 16 finished with value: 3.509412113781814 and parameters: {'observation_period_num': 163, 'train_rates': 0.610969511948493, 'learning_rate': 3.758072782958208e-06, 'batch_size': 170, 'step_size': 1, 'gamma': 0.7602413562528579}. Best is trial 2 with value: 0.045979072786929504.[0m
[32m[I 2025-01-19 06:05:55,530][0m Trial 17 finished with value: 0.07272180914878845 and parameters: {'observation_period_num': 249, 'train_rates': 0.9825135913545604, 'learning_rate': 6.755739544726855e-05, 'batch_size': 183, 'step_size': 6, 'gamma': 0.8144288098772746}. Best is trial 2 with value: 0.045979072786929504.[0m
[32m[I 2025-01-19 06:06:31,333][0m Trial 18 finished with value: 0.7605994698325438 and parameters: {'observation_period_num': 201, 'train_rates': 0.8384375247254383, 'learning_rate': 9.0842786134234e-06, 'batch_size': 143, 'step_size': 3, 'gamma': 0.7889217702332365}. Best is trial 2 with value: 0.045979072786929504.[0m
[32m[I 2025-01-19 06:07:26,504][0m Trial 19 finished with value: 0.45293981375667336 and parameters: {'observation_period_num': 220, 'train_rates': 0.9356263368723058, 'learning_rate': 2.487057666782914e-06, 'batch_size': 98, 'step_size': 7, 'gamma': 0.8302443379093704}. Best is trial 2 with value: 0.045979072786929504.[0m
[32m[I 2025-01-19 06:07:49,424][0m Trial 20 finished with value: 0.07248346839940507 and parameters: {'observation_period_num': 158, 'train_rates': 0.8945512246245627, 'learning_rate': 2.783652734138141e-05, 'batch_size': 247, 'step_size': 13, 'gamma': 0.9838134529281364}. Best is trial 2 with value: 0.045979072786929504.[0m
[32m[I 2025-01-19 06:08:10,612][0m Trial 21 finished with value: 0.3308789355312279 and parameters: {'observation_period_num': 144, 'train_rates': 0.8820061061265074, 'learning_rate': 2.9487760703095578e-05, 'batch_size': 256, 'step_size': 14, 'gamma': 0.9475868740198894}. Best is trial 2 with value: 0.045979072786929504.[0m
[32m[I 2025-01-19 06:08:39,368][0m Trial 22 finished with value: 0.22594498377293348 and parameters: {'observation_period_num': 179, 'train_rates': 0.9141697024357182, 'learning_rate': 1.1836567283832834e-05, 'batch_size': 195, 'step_size': 13, 'gamma': 0.9869091770025162}. Best is trial 2 with value: 0.045979072786929504.[0m
[32m[I 2025-01-19 06:09:03,559][0m Trial 23 finished with value: 0.04559227079153061 and parameters: {'observation_period_num': 161, 'train_rates': 0.9535337977248654, 'learning_rate': 9.541486486621144e-05, 'batch_size': 233, 'step_size': 9, 'gamma': 0.8704020702163138}. Best is trial 23 with value: 0.04559227079153061.[0m
[32m[I 2025-01-19 06:09:28,240][0m Trial 24 finished with value: 0.11619742214679718 and parameters: {'observation_period_num': 201, 'train_rates': 0.9606564606258096, 'learning_rate': 0.00029765864322719694, 'batch_size': 228, 'step_size': 9, 'gamma': 0.8729997946450953}. Best is trial 23 with value: 0.04559227079153061.[0m
[32m[I 2025-01-19 06:10:04,989][0m Trial 25 finished with value: 0.0313357338309288 and parameters: {'observation_period_num': 228, 'train_rates': 0.9563716980911484, 'learning_rate': 0.000991458479070699, 'batch_size': 150, 'step_size': 4, 'gamma': 0.8886468154960339}. Best is trial 25 with value: 0.0313357338309288.[0m
[32m[I 2025-01-19 06:15:11,852][0m Trial 26 finished with value: 0.003730244380599519 and parameters: {'observation_period_num': 226, 'train_rates': 0.9571434368759052, 'learning_rate': 0.0001082603136261137, 'batch_size': 17, 'step_size': 11, 'gamma': 0.893994311977295}. Best is trial 26 with value: 0.003730244380599519.[0m
[32m[I 2025-01-19 06:15:53,130][0m Trial 27 finished with value: 0.06008492933883183 and parameters: {'observation_period_num': 226, 'train_rates': 0.9499592731720384, 'learning_rate': 0.00011446459906059216, 'batch_size': 131, 'step_size': 10, 'gamma': 0.8907530964831013}. Best is trial 26 with value: 0.003730244380599519.[0m
[32m[I 2025-01-19 06:16:29,856][0m Trial 28 finished with value: 0.26782315969467163 and parameters: {'observation_period_num': 238, 'train_rates': 0.9676765442360418, 'learning_rate': 0.0004729013017568836, 'batch_size': 150, 'step_size': 9, 'gamma': 0.9269283245887228}. Best is trial 26 with value: 0.003730244380599519.[0m
[32m[I 2025-01-19 06:17:37,078][0m Trial 29 finished with value: 0.14925617685663367 and parameters: {'observation_period_num': 250, 'train_rates': 0.8034140345209836, 'learning_rate': 0.00017324751239498616, 'batch_size': 69, 'step_size': 11, 'gamma': 0.8567699851168509}. Best is trial 26 with value: 0.003730244380599519.[0m
[32m[I 2025-01-19 06:18:25,141][0m Trial 30 finished with value: 0.13554173076282378 and parameters: {'observation_period_num': 228, 'train_rates': 0.8573873238355, 'learning_rate': 7.08932426927358e-05, 'batch_size': 106, 'step_size': 7, 'gamma': 0.9180435831370466}. Best is trial 26 with value: 0.003730244380599519.[0m
[32m[I 2025-01-19 06:22:09,280][0m Trial 31 finished with value: 0.0004798241143655633 and parameters: {'observation_period_num': 210, 'train_rates': 0.9888232596160569, 'learning_rate': 4.976222906502402e-05, 'batch_size': 24, 'step_size': 11, 'gamma': 0.8810335810225821}. Best is trial 31 with value: 0.0004798241143655633.[0m
[32m[I 2025-01-19 06:23:56,995][0m Trial 32 finished with value: 0.008752371184527874 and parameters: {'observation_period_num': 213, 'train_rates': 0.984222311039625, 'learning_rate': 0.00011265516833217079, 'batch_size': 50, 'step_size': 11, 'gamma': 0.8597890795479343}. Best is trial 31 with value: 0.0004798241143655633.[0m
[32m[I 2025-01-19 06:29:09,985][0m Trial 33 finished with value: 3.6252689112478227 and parameters: {'observation_period_num': 212, 'train_rates': 0.9759236070919652, 'learning_rate': 0.0004349695726400297, 'batch_size': 17, 'step_size': 11, 'gamma': 0.8499027237918627}. Best is trial 31 with value: 0.0004798241143655633.[0m
[32m[I 2025-01-19 06:31:03,742][0m Trial 34 finished with value: 0.003384800162166357 and parameters: {'observation_period_num': 234, 'train_rates': 0.9835517682358134, 'learning_rate': 4.625959132296885e-05, 'batch_size': 48, 'step_size': 12, 'gamma': 0.8882009948245372}. Best is trial 31 with value: 0.0004798241143655633.[0m
[32m[I 2025-01-19 06:32:57,890][0m Trial 35 finished with value: 0.02006220817565918 and parameters: {'observation_period_num': 251, 'train_rates': 0.9876365457816932, 'learning_rate': 4.798226643003932e-05, 'batch_size': 47, 'step_size': 12, 'gamma': 0.8612479859504789}. Best is trial 31 with value: 0.0004798241143655633.[0m
[32m[I 2025-01-19 06:35:38,943][0m Trial 36 finished with value: 0.015003953067982783 and parameters: {'observation_period_num': 213, 'train_rates': 0.9338205524445485, 'learning_rate': 0.00014352981045698507, 'batch_size': 32, 'step_size': 11, 'gamma': 0.8380148611729898}. Best is trial 31 with value: 0.0004798241143655633.[0m
[32m[I 2025-01-19 06:37:02,469][0m Trial 37 finished with value: 0.0012056297855451703 and parameters: {'observation_period_num': 234, 'train_rates': 0.986179643295692, 'learning_rate': 0.00021575928907678705, 'batch_size': 64, 'step_size': 10, 'gamma': 0.9062396958521494}. Best is trial 31 with value: 0.0004798241143655633.[0m
[32m[I 2025-01-19 06:38:12,267][0m Trial 38 finished with value: 0.2731899091457898 and parameters: {'observation_period_num': 240, 'train_rates': 0.7423880427916448, 'learning_rate': 0.0002370450407605857, 'batch_size': 63, 'step_size': 10, 'gamma': 0.9377517435223388}. Best is trial 31 with value: 0.0004798241143655633.[0m
[32m[I 2025-01-19 06:43:38,843][0m Trial 39 finished with value: 0.0099793544189401 and parameters: {'observation_period_num': 108, 'train_rates': 0.9146283900607565, 'learning_rate': 4.2970628767641614e-05, 'batch_size': 16, 'step_size': 12, 'gamma': 0.9048053479396847}. Best is trial 31 with value: 0.0004798241143655633.[0m
[32m[I 2025-01-19 06:45:54,681][0m Trial 40 finished with value: 0.021953078199445586 and parameters: {'observation_period_num': 195, 'train_rates': 0.9448183842193028, 'learning_rate': 0.0003173973043239165, 'batch_size': 39, 'step_size': 10, 'gamma': 0.8817085363972923}. Best is trial 31 with value: 0.0004798241143655633.[0m
[32m[I 2025-01-19 06:47:45,806][0m Trial 41 finished with value: 0.0003823692095465958 and parameters: {'observation_period_num': 236, 'train_rates': 0.9876179544184239, 'learning_rate': 9.214914293570329e-05, 'batch_size': 49, 'step_size': 12, 'gamma': 0.8978292349841758}. Best is trial 41 with value: 0.0003823692095465958.[0m
[32m[I 2025-01-19 06:48:48,887][0m Trial 42 finished with value: 0.015231968834996223 and parameters: {'observation_period_num': 239, 'train_rates': 0.9895569255000728, 'learning_rate': 0.00018206666155990466, 'batch_size': 85, 'step_size': 14, 'gamma': 0.9108902124230444}. Best is trial 41 with value: 0.0003823692095465958.[0m
[32m[I 2025-01-19 06:50:58,575][0m Trial 43 finished with value: 0.009943743636831641 and parameters: {'observation_period_num': 231, 'train_rates': 0.9636367646463068, 'learning_rate': 8.043199309033156e-05, 'batch_size': 41, 'step_size': 12, 'gamma': 0.8896503670558412}. Best is trial 41 with value: 0.0003823692095465958.[0m
[32m[I 2025-01-19 06:52:29,910][0m Trial 44 finished with value: 0.007511005532450792 and parameters: {'observation_period_num': 220, 'train_rates': 0.9702148379718539, 'learning_rate': 5.427010013182007e-05, 'batch_size': 58, 'step_size': 13, 'gamma': 0.8965172425630467}. Best is trial 41 with value: 0.0003823692095465958.[0m
[32m[I 2025-01-19 06:55:51,172][0m Trial 45 finished with value: 0.002038978748465758 and parameters: {'observation_period_num': 172, 'train_rates': 0.9360514443209341, 'learning_rate': 3.3617269692157434e-05, 'batch_size': 26, 'step_size': 9, 'gamma': 0.9335290553054274}. Best is trial 41 with value: 0.0003823692095465958.[0m
[32m[I 2025-01-19 06:58:51,180][0m Trial 46 finished with value: 0.0013297903337187206 and parameters: {'observation_period_num': 185, 'train_rates': 0.9278476637310447, 'learning_rate': 2.1473583477501462e-05, 'batch_size': 29, 'step_size': 8, 'gamma': 0.9505784014043634}. Best is trial 41 with value: 0.0003823692095465958.[0m
[32m[I 2025-01-19 07:01:51,267][0m Trial 47 finished with value: 0.004281425242113095 and parameters: {'observation_period_num': 144, 'train_rates': 0.8715772742328145, 'learning_rate': 2.1526754782267903e-05, 'batch_size': 28, 'step_size': 8, 'gamma': 0.9589926743877647}. Best is trial 41 with value: 0.0003823692095465958.[0m
[32m[I 2025-01-19 07:04:27,518][0m Trial 48 finished with value: 0.0005646000502019888 and parameters: {'observation_period_num': 176, 'train_rates': 0.9287001711906641, 'learning_rate': 3.340691191046636e-05, 'batch_size': 33, 'step_size': 9, 'gamma': 0.9341701495575278}. Best is trial 41 with value: 0.0003823692095465958.[0m
[32m[I 2025-01-19 07:05:28,131][0m Trial 49 finished with value: 0.10801100254793873 and parameters: {'observation_period_num': 185, 'train_rates': 0.920197063869236, 'learning_rate': 2.190524445522512e-05, 'batch_size': 87, 'step_size': 7, 'gamma': 0.9514744052900734}. Best is trial 41 with value: 0.0003823692095465958.[0m
[32m[I 2025-01-19 07:05:28,137][0m A new study created in memory with name: no-name-269c43bd-24c5-442b-87cc-e8e40fbbfae0[0m
[32m[I 2025-01-19 07:05:52,732][0m Trial 0 finished with value: 0.01921764388680458 and parameters: {'observation_period_num': 183, 'train_rates': 0.9695937034656621, 'learning_rate': 0.0002090962714905102, 'batch_size': 227, 'step_size': 10, 'gamma': 0.9468097655099974}. Best is trial 0 with value: 0.01921764388680458.[0m
[32m[I 2025-01-19 07:06:28,979][0m Trial 1 finished with value: 0.14028926204512085 and parameters: {'observation_period_num': 152, 'train_rates': 0.6571127800627035, 'learning_rate': 0.00027442098559226047, 'batch_size': 119, 'step_size': 10, 'gamma': 0.9665050709613425}. Best is trial 0 with value: 0.01921764388680458.[0m
[32m[I 2025-01-19 07:07:10,176][0m Trial 2 finished with value: 0.03024152090979947 and parameters: {'observation_period_num': 144, 'train_rates': 0.9363997990518074, 'learning_rate': 0.0003733772576158675, 'batch_size': 134, 'step_size': 2, 'gamma': 0.8614662928289379}. Best is trial 0 with value: 0.01921764388680458.[0m
[32m[I 2025-01-19 07:09:32,797][0m Trial 3 finished with value: 0.01979078034438738 and parameters: {'observation_period_num': 155, 'train_rates': 0.7669171331365195, 'learning_rate': 9.219649953143641e-05, 'batch_size': 32, 'step_size': 14, 'gamma': 0.8847676166054952}. Best is trial 0 with value: 0.01921764388680458.[0m
[32m[I 2025-01-19 07:09:58,321][0m Trial 4 finished with value: 0.015867658362570983 and parameters: {'observation_period_num': 150, 'train_rates': 0.8099241739681511, 'learning_rate': 0.0009138711406077399, 'batch_size': 200, 'step_size': 8, 'gamma': 0.8756359608168178}. Best is trial 4 with value: 0.015867658362570983.[0m
[32m[I 2025-01-19 07:10:47,400][0m Trial 5 finished with value: 0.5540017320597468 and parameters: {'observation_period_num': 166, 'train_rates': 0.9136431424747936, 'learning_rate': 1.1774280501311381e-06, 'batch_size': 107, 'step_size': 14, 'gamma': 0.8550719976735335}. Best is trial 4 with value: 0.015867658362570983.[0m
[32m[I 2025-01-19 07:12:47,661][0m Trial 6 finished with value: 0.11546669616255649 and parameters: {'observation_period_num': 93, 'train_rates': 0.7009313884834325, 'learning_rate': 4.194468446408673e-05, 'batch_size': 36, 'step_size': 1, 'gamma': 0.9686620196333012}. Best is trial 4 with value: 0.015867658362570983.[0m
[32m[I 2025-01-19 07:13:18,207][0m Trial 7 finished with value: 0.32421342545889154 and parameters: {'observation_period_num': 155, 'train_rates': 0.6104525084349445, 'learning_rate': 1.6447446895407023e-05, 'batch_size': 135, 'step_size': 7, 'gamma': 0.8884082068157876}. Best is trial 4 with value: 0.015867658362570983.[0m
[32m[I 2025-01-19 07:13:35,375][0m Trial 8 finished with value: 2.6986007690429688 and parameters: {'observation_period_num': 181, 'train_rates': 0.9582392198089367, 'learning_rate': 1.438568842641518e-06, 'batch_size': 240, 'step_size': 2, 'gamma': 0.7561298324645871}. Best is trial 4 with value: 0.015867658362570983.[0m
[32m[I 2025-01-19 07:14:33,759][0m Trial 9 finished with value: 0.015681129976737877 and parameters: {'observation_period_num': 139, 'train_rates': 0.9216759803051888, 'learning_rate': 0.00013968560323722665, 'batch_size': 92, 'step_size': 12, 'gamma': 0.9505967169414342}. Best is trial 9 with value: 0.015681129976737877.[0m
[32m[I 2025-01-19 07:15:31,994][0m Trial 10 finished with value: 0.0701191585175435 and parameters: {'observation_period_num': 240, 'train_rates': 0.8414637748346492, 'learning_rate': 8.523173569072231e-06, 'batch_size': 82, 'step_size': 12, 'gamma': 0.9267286587650982}. Best is trial 9 with value: 0.015681129976737877.[0m
[32m[I 2025-01-19 07:16:01,819][0m Trial 11 finished with value: 0.05694501417933472 and parameters: {'observation_period_num': 8, 'train_rates': 0.8443637198726437, 'learning_rate': 0.0008577535487967857, 'batch_size': 186, 'step_size': 6, 'gamma': 0.7987559066499959}. Best is trial 9 with value: 0.015681129976737877.[0m
[32m[I 2025-01-19 07:16:30,404][0m Trial 12 finished with value: 0.02136019970642467 and parameters: {'observation_period_num': 94, 'train_rates': 0.7875493583633991, 'learning_rate': 0.0009434689307254562, 'batch_size': 187, 'step_size': 5, 'gamma': 0.9180384828316855}. Best is trial 9 with value: 0.015681129976737877.[0m
[32m[I 2025-01-19 07:16:57,744][0m Trial 13 finished with value: 0.028729929576046784 and parameters: {'observation_period_num': 97, 'train_rates': 0.8724042537097951, 'learning_rate': 9.393074958936664e-05, 'batch_size': 194, 'step_size': 9, 'gamma': 0.8317851810024439}. Best is trial 9 with value: 0.015681129976737877.[0m
[32m[I 2025-01-19 07:17:55,669][0m Trial 14 finished with value: 0.04905615301895372 and parameters: {'observation_period_num': 215, 'train_rates': 0.7370741744160554, 'learning_rate': 0.0001048072060709765, 'batch_size': 78, 'step_size': 12, 'gamma': 0.9092459309577694}. Best is trial 9 with value: 0.015681129976737877.[0m
[32m[I 2025-01-19 07:18:28,454][0m Trial 15 finished with value: 0.013761091157053875 and parameters: {'observation_period_num': 48, 'train_rates': 0.89660311300435, 'learning_rate': 0.00046843765973959714, 'batch_size': 167, 'step_size': 4, 'gamma': 0.816370305393464}. Best is trial 15 with value: 0.013761091157053875.[0m
