[32m[I 2025-01-19 08:55:43,851][0m Trial 32 finished with value: 0.001360574296255291 and parameters: {'observation_period_num': 169, 'train_rates': 0.8789823268516896, 'learning_rate': 0.0006702971131122228, 'batch_size': 68, 'step_size': 13, 'gamma': 0.8921713334440745}. Best is trial 24 with value: 0.0005341314593584515.[0m
[32m[I 2025-01-19 08:56:39,496][0m Trial 33 finished with value: 0.0007838321175432495 and parameters: {'observation_period_num': 205, 'train_rates': 0.9460898301596878, 'learning_rate': 0.0009918592769971861, 'batch_size': 97, 'step_size': 14, 'gamma': 0.8606455594520245}. Best is trial 24 with value: 0.0005341314593584515.[0m
[32m[I 2025-01-19 08:57:37,510][0m Trial 34 finished with value: 0.0009154788648850652 and parameters: {'observation_period_num': 204, 'train_rates': 0.9094839277351999, 'learning_rate': 0.0005122660949061163, 'batch_size': 92, 'step_size': 14, 'gamma': 0.9073863099477885}. Best is trial 24 with value: 0.0005341314593584515.[0m
[32m[I 2025-01-19 08:58:18,185][0m Trial 35 finished with value: 0.001536969099058421 and parameters: {'observation_period_num': 225, 'train_rates': 0.8347347380621878, 'learning_rate': 0.00022985236225006814, 'batch_size': 126, 'step_size': 15, 'gamma': 0.8652150415351659}. Best is trial 24 with value: 0.0005341314593584515.[0m
[32m[I 2025-01-19 08:59:06,470][0m Trial 36 finished with value: 0.0018248701828373272 and parameters: {'observation_period_num': 209, 'train_rates': 0.7703407696398915, 'learning_rate': 0.0006673571829823368, 'batch_size': 99, 'step_size': 12, 'gamma': 0.8922366473306564}. Best is trial 24 with value: 0.0005341314593584515.[0m
[32m[I 2025-01-19 09:00:36,035][0m Trial 37 finished with value: 0.0007947981066536158 and parameters: {'observation_period_num': 235, 'train_rates': 0.9561094294913834, 'learning_rate': 0.00040642569396810604, 'batch_size': 60, 'step_size': 14, 'gamma': 0.9266446279082913}. Best is trial 24 with value: 0.0005341314593584515.[0m
[32m[I 2025-01-19 09:03:34,512][0m Trial 38 finished with value: 0.0021020244013802225 and parameters: {'observation_period_num': 234, 'train_rates': 0.9570162931522515, 'learning_rate': 7.149587012428769e-05, 'batch_size': 30, 'step_size': 14, 'gamma': 0.9284094726956473}. Best is trial 24 with value: 0.0005341314593584515.[0m
[32m[I 2025-01-19 09:05:00,117][0m Trial 39 finished with value: 0.006553676107898355 and parameters: {'observation_period_num': 250, 'train_rates': 0.9541214573477632, 'learning_rate': 0.0004208221678584508, 'batch_size': 62, 'step_size': 15, 'gamma': 0.9217747917982497}. Best is trial 24 with value: 0.0005341314593584515.[0m
[32m[I 2025-01-19 09:06:58,796][0m Trial 40 finished with value: 0.0008848170284181834 and parameters: {'observation_period_num': 218, 'train_rates': 0.9200812775846914, 'learning_rate': 0.0007169508252994883, 'batch_size': 44, 'step_size': 4, 'gamma': 0.9499763407509408}. Best is trial 24 with value: 0.0005341314593584515.[0m
[32m[I 2025-01-19 09:08:59,745][0m Trial 41 finished with value: 0.00254328472192146 and parameters: {'observation_period_num': 220, 'train_rates': 0.9212830422374008, 'learning_rate': 0.0007387972161640289, 'batch_size': 43, 'step_size': 1, 'gamma': 0.9470434660804155}. Best is trial 24 with value: 0.0005341314593584515.[0m
[32m[I 2025-01-19 09:10:34,906][0m Trial 42 finished with value: 0.006921559572219849 and parameters: {'observation_period_num': 235, 'train_rates': 0.9878833142716579, 'learning_rate': 0.0002654138751534051, 'batch_size': 58, 'step_size': 5, 'gamma': 0.9679728786643789}. Best is trial 24 with value: 0.0005341314593584515.[0m
[32m[I 2025-01-19 09:13:27,644][0m Trial 43 finished with value: 0.0025432455028278817 and parameters: {'observation_period_num': 212, 'train_rates': 0.947467385017377, 'learning_rate': 0.0007623046787747752, 'batch_size': 31, 'step_size': 4, 'gamma': 0.9361669716365939}. Best is trial 24 with value: 0.0005341314593584515.[0m
[32m[I 2025-01-19 09:14:28,217][0m Trial 44 finished with value: 0.0020255275440457113 and parameters: {'observation_period_num': 229, 'train_rates': 0.9007399691185135, 'learning_rate': 0.00042789686096803356, 'batch_size': 88, 'step_size': 1, 'gamma': 0.9668286379971553}. Best is trial 24 with value: 0.0005341314593584515.[0m
[32m[I 2025-01-19 09:16:21,489][0m Trial 45 finished with value: 0.0010413741745222151 and parameters: {'observation_period_num': 141, 'train_rates': 0.9687879847622767, 'learning_rate': 0.00021506095205677192, 'batch_size': 49, 'step_size': 6, 'gamma': 0.9117249789665737}. Best is trial 24 with value: 0.0005341314593584515.[0m
[32m[I 2025-01-19 09:16:43,059][0m Trial 46 finished with value: 0.025807612035875373 and parameters: {'observation_period_num': 241, 'train_rates': 0.8640357212957159, 'learning_rate': 0.0009892154333286849, 'batch_size': 255, 'step_size': 2, 'gamma': 0.7946343906556258}. Best is trial 24 with value: 0.0005341314593584515.[0m
[32m[I 2025-01-19 09:21:28,730][0m Trial 47 finished with value: 0.0009739087381365599 and parameters: {'observation_period_num': 219, 'train_rates': 0.9169409998935067, 'learning_rate': 0.0006373998058418299, 'batch_size': 18, 'step_size': 9, 'gamma': 0.8302919921146326}. Best is trial 24 with value: 0.0005341314593584515.[0m
[32m[I 2025-01-19 09:22:18,658][0m Trial 48 finished with value: 0.018171884567488597 and parameters: {'observation_period_num': 183, 'train_rates': 0.9435593297513482, 'learning_rate': 2.9420683239379715e-05, 'batch_size': 112, 'step_size': 10, 'gamma': 0.880138537118322}. Best is trial 24 with value: 0.0005341314593584515.[0m
[32m[I 2025-01-19 09:23:21,217][0m Trial 49 finished with value: 0.0011299580255581532 and parameters: {'observation_period_num': 210, 'train_rates': 0.8958355726111481, 'learning_rate': 0.00035239783969326697, 'batch_size': 83, 'step_size': 3, 'gamma': 0.9893210756157386}. Best is trial 24 with value: 0.0005341314593584515.[0m
[32m[I 2025-01-19 09:23:21,223][0m A new study created in memory with name: no-name-611c85e6-262f-4d08-aa0b-75c50c5c666b[0m
[32m[I 2025-01-19 09:23:51,813][0m Trial 0 finished with value: 0.009158245141513156 and parameters: {'observation_period_num': 186, 'train_rates': 0.8307235188806503, 'learning_rate': 0.00024844729052513856, 'batch_size': 173, 'step_size': 2, 'gamma': 0.9184123341298338}. Best is trial 0 with value: 0.009158245141513156.[0m
[32m[I 2025-01-19 09:24:12,465][0m Trial 1 finished with value: 0.03200252880816331 and parameters: {'observation_period_num': 67, 'train_rates': 0.7123327988900526, 'learning_rate': 2.5773308254915207e-05, 'batch_size': 236, 'step_size': 9, 'gamma': 0.7949902819728326}. Best is trial 0 with value: 0.009158245141513156.[0m
[32m[I 2025-01-19 09:24:36,983][0m Trial 2 finished with value: 0.01562775425456287 and parameters: {'observation_period_num': 87, 'train_rates': 0.8102609558966868, 'learning_rate': 0.0002048809669798149, 'batch_size': 226, 'step_size': 3, 'gamma': 0.8451590425310525}. Best is trial 0 with value: 0.009158245141513156.[0m
[32m[I 2025-01-19 09:25:01,461][0m Trial 3 finished with value: 0.026806762812976025 and parameters: {'observation_period_num': 185, 'train_rates': 0.8269913440420364, 'learning_rate': 7.972029879203783e-05, 'batch_size': 214, 'step_size': 4, 'gamma': 0.770432785568473}. Best is trial 0 with value: 0.009158245141513156.[0m
[32m[I 2025-01-19 09:25:37,623][0m Trial 4 finished with value: 0.014456682511521886 and parameters: {'observation_period_num': 147, 'train_rates': 0.8538669610196233, 'learning_rate': 3.6832900841678795e-05, 'batch_size': 148, 'step_size': 6, 'gamma': 0.9321030117110863}. Best is trial 0 with value: 0.009158245141513156.[0m
[32m[I 2025-01-19 09:26:00,156][0m Trial 5 finished with value: 0.039849058044926514 and parameters: {'observation_period_num': 185, 'train_rates': 0.6379984697929777, 'learning_rate': 7.627375794433436e-06, 'batch_size': 184, 'step_size': 14, 'gamma': 0.9343385210161094}. Best is trial 0 with value: 0.009158245141513156.[0m
[32m[I 2025-01-19 09:26:18,919][0m Trial 6 finished with value: 0.02396428498263891 and parameters: {'observation_period_num': 91, 'train_rates': 0.6481583658795458, 'learning_rate': 7.713182535709138e-05, 'batch_size': 254, 'step_size': 5, 'gamma': 0.8652292384283955}. Best is trial 0 with value: 0.009158245141513156.[0m
[32m[I 2025-01-19 09:27:19,323][0m Trial 7 finished with value: 0.007001170180213284 and parameters: {'observation_period_num': 239, 'train_rates': 0.7920232303728143, 'learning_rate': 8.366838432021998e-05, 'batch_size': 80, 'step_size': 13, 'gamma': 0.8845155376790275}. Best is trial 7 with value: 0.007001170180213284.[0m
[32m[I 2025-01-19 09:27:50,840][0m Trial 8 finished with value: 0.06675930321216583 and parameters: {'observation_period_num': 58, 'train_rates': 0.949005044760228, 'learning_rate': 2.0257668070480976e-06, 'batch_size': 189, 'step_size': 3, 'gamma': 0.8266415753296744}. Best is trial 7 with value: 0.007001170180213284.[0m
[32m[I 2025-01-19 09:29:29,944][0m Trial 9 finished with value: 0.05658987656993381 and parameters: {'observation_period_num': 104, 'train_rates': 0.979626084940571, 'learning_rate': 1.5021889632385684e-06, 'batch_size': 58, 'step_size': 8, 'gamma': 0.9862421276713045}. Best is trial 7 with value: 0.007001170180213284.[0m
[32m[I 2025-01-19 09:30:24,908][0m Trial 10 finished with value: 0.008736939356849716 and parameters: {'observation_period_num': 248, 'train_rates': 0.7552698470392669, 'learning_rate': 0.0008948032242045239, 'batch_size': 83, 'step_size': 15, 'gamma': 0.8900318884676203}. Best is trial 7 with value: 0.007001170180213284.[0m
[32m[I 2025-01-19 09:31:22,455][0m Trial 11 finished with value: 0.006835154639974014 and parameters: {'observation_period_num': 249, 'train_rates': 0.7291538315645704, 'learning_rate': 0.0009667725670930072, 'batch_size': 77, 'step_size': 15, 'gamma': 0.8935097523060198}. Best is trial 11 with value: 0.006835154639974014.[0m
[32m[I 2025-01-19 09:32:06,884][0m Trial 12 finished with value: 0.006203578628396536 and parameters: {'observation_period_num': 252, 'train_rates': 0.7234256720509247, 'learning_rate': 0.0009306039676281557, 'batch_size': 99, 'step_size': 12, 'gamma': 0.8941095374596915}. Best is trial 12 with value: 0.006203578628396536.[0m
[32m[I 2025-01-19 09:35:51,287][0m Trial 13 finished with value: 1.0078167713879087 and parameters: {'observation_period_num': 219, 'train_rates': 0.7014116909946029, 'learning_rate': 0.0008931595459186144, 'batch_size': 19, 'step_size': 11, 'gamma': 0.976407933021424}. Best is trial 12 with value: 0.006203578628396536.[0m
[32m[I 2025-01-19 09:36:31,538][0m Trial 14 finished with value: 0.004138197679734253 and parameters: {'observation_period_num': 213, 'train_rates': 0.7181796804025699, 'learning_rate': 0.00032998736900448654, 'batch_size': 116, 'step_size': 12, 'gamma': 0.9037550327071139}. Best is trial 14 with value: 0.004138197679734253.[0m
[32m[I 2025-01-19 09:37:06,610][0m Trial 15 finished with value: 0.006416352147007371 and parameters: {'observation_period_num': 145, 'train_rates': 0.6027949761674138, 'learning_rate': 0.00037946446727868925, 'batch_size': 120, 'step_size': 12, 'gamma': 0.9512286608449384}. Best is trial 14 with value: 0.004138197679734253.[0m
[32m[I 2025-01-19 09:37:43,244][0m Trial 16 finished with value: 0.004920397448154886 and parameters: {'observation_period_num': 214, 'train_rates': 0.6818100419771285, 'learning_rate': 0.0004252649139340451, 'batch_size': 121, 'step_size': 10, 'gamma': 0.8258158042803418}. Best is trial 14 with value: 0.004138197679734253.[0m
[32m[I 2025-01-19 09:38:15,691][0m Trial 17 finished with value: 0.006396284151275682 and parameters: {'observation_period_num': 208, 'train_rates': 0.6668521261246699, 'learning_rate': 0.00034810872029594514, 'batch_size': 139, 'step_size': 9, 'gamma': 0.8179606095852535}. Best is trial 14 with value: 0.004138197679734253.[0m
[32m[I 2025-01-19 09:39:01,207][0m Trial 18 finished with value: 0.03657647080913623 and parameters: {'observation_period_num': 159, 'train_rates': 0.890711919788676, 'learning_rate': 1.0810211775511347e-05, 'batch_size': 117, 'step_size': 10, 'gamma': 0.7571245834667859}. Best is trial 14 with value: 0.004138197679734253.[0m
[32m[I 2025-01-19 09:40:56,877][0m Trial 19 finished with value: 0.007378644540175829 and parameters: {'observation_period_num': 122, 'train_rates': 0.6847873792644052, 'learning_rate': 0.000114258062687887, 'batch_size': 38, 'step_size': 7, 'gamma': 0.8480422940550848}. Best is trial 14 with value: 0.004138197679734253.[0m
[32m[I 2025-01-19 09:41:40,947][0m Trial 20 finished with value: 0.01379040462038607 and parameters: {'observation_period_num': 5, 'train_rates': 0.7657447312612063, 'learning_rate': 0.00016157534472723725, 'batch_size': 114, 'step_size': 11, 'gamma': 0.7974835405026993}. Best is trial 14 with value: 0.004138197679734253.[0m
[32m[I 2025-01-19 09:42:29,551][0m Trial 21 finished with value: 0.004417013432750859 and parameters: {'observation_period_num': 218, 'train_rates': 0.7452524270210275, 'learning_rate': 0.0004753559220771069, 'batch_size': 95, 'step_size': 13, 'gamma': 0.9075381663703459}. Best is trial 14 with value: 0.004138197679734253.[0m
[32m[I 2025-01-19 09:43:04,986][0m Trial 22 finished with value: 0.004640149666918713 and parameters: {'observation_period_num': 214, 'train_rates': 0.7758593818493614, 'learning_rate': 0.00044732151885078084, 'batch_size': 138, 'step_size': 13, 'gamma': 0.8595136943894847}. Best is trial 14 with value: 0.004138197679734253.[0m
[32m[I 2025-01-19 09:43:36,506][0m Trial 23 finished with value: 0.003749118669827971 and parameters: {'observation_period_num': 205, 'train_rates': 0.7660866844196504, 'learning_rate': 0.0005201847406264361, 'batch_size': 155, 'step_size': 13, 'gamma': 0.9146402940774345}. Best is trial 23 with value: 0.003749118669827971.[0m
[32m[I 2025-01-19 09:44:07,856][0m Trial 24 finished with value: 0.0081543490849963 and parameters: {'observation_period_num': 176, 'train_rates': 0.7474448633617027, 'learning_rate': 4.4766251619935335e-05, 'batch_size': 159, 'step_size': 13, 'gamma': 0.918721397398818}. Best is trial 23 with value: 0.003749118669827971.[0m
[32m[I 2025-01-19 09:45:41,624][0m Trial 25 finished with value: 0.007557159370534922 and parameters: {'observation_period_num': 197, 'train_rates': 0.8690477263623099, 'learning_rate': 0.00048817054496791965, 'batch_size': 54, 'step_size': 14, 'gamma': 0.9600610596299283}. Best is trial 23 with value: 0.003749118669827971.[0m
[32m[I 2025-01-19 09:46:28,977][0m Trial 26 finished with value: 0.009717682496687394 and parameters: {'observation_period_num': 228, 'train_rates': 0.7858646688807962, 'learning_rate': 0.00015712855298576095, 'batch_size': 98, 'step_size': 12, 'gamma': 0.9126158223904417}. Best is trial 23 with value: 0.003749118669827971.[0m
[32m[I 2025-01-19 09:47:00,304][0m Trial 27 finished with value: 0.004826545375456467 and parameters: {'observation_period_num': 163, 'train_rates': 0.7389154568334318, 'learning_rate': 0.0002500751625628289, 'batch_size': 159, 'step_size': 14, 'gamma': 0.9057770198126512}. Best is trial 23 with value: 0.003749118669827971.[0m
[32m[I 2025-01-19 09:47:52,796][0m Trial 28 finished with value: 0.003842780348278728 and parameters: {'observation_period_num': 226, 'train_rates': 0.9071717387495098, 'learning_rate': 0.0005828938221169844, 'batch_size': 100, 'step_size': 11, 'gamma': 0.9486580913533821}. Best is trial 23 with value: 0.003749118669827971.[0m
[32m[I 2025-01-19 09:48:24,619][0m Trial 29 finished with value: 0.0030621706582877758 and parameters: {'observation_period_num': 231, 'train_rates': 0.8999136943136761, 'learning_rate': 0.00025415872731658477, 'batch_size': 173, 'step_size': 11, 'gamma': 0.9461600952231342}. Best is trial 29 with value: 0.0030621706582877758.[0m
[32m[I 2025-01-19 09:48:52,138][0m Trial 30 finished with value: 0.003657873306231565 and parameters: {'observation_period_num': 198, 'train_rates': 0.9160332700784374, 'learning_rate': 0.0006321286509552343, 'batch_size': 201, 'step_size': 10, 'gamma': 0.9495151978733886}. Best is trial 29 with value: 0.0030621706582877758.[0m
[32m[I 2025-01-19 09:49:19,790][0m Trial 31 finished with value: 0.008166209316186723 and parameters: {'observation_period_num': 197, 'train_rates': 0.907631369503302, 'learning_rate': 0.0006084708762817118, 'batch_size': 201, 'step_size': 10, 'gamma': 0.9444237314824119}. Best is trial 29 with value: 0.0030621706582877758.[0m
[32m[I 2025-01-19 09:49:51,308][0m Trial 32 finished with value: 0.003570721870983526 and parameters: {'observation_period_num': 234, 'train_rates': 0.920931059381436, 'learning_rate': 0.00023951542891450367, 'batch_size': 169, 'step_size': 8, 'gamma': 0.965549377762841}. Best is trial 29 with value: 0.0030621706582877758.[0m
[32m[I 2025-01-19 09:50:22,824][0m Trial 33 finished with value: 0.003045828314498067 and parameters: {'observation_period_num': 234, 'train_rates': 0.9417949709482404, 'learning_rate': 0.0002827510453895972, 'batch_size': 173, 'step_size': 8, 'gamma': 0.9691497230458488}. Best is trial 33 with value: 0.003045828314498067.[0m
[32m[I 2025-01-19 09:50:54,403][0m Trial 34 finished with value: 0.0033943471498787403 and parameters: {'observation_period_num': 234, 'train_rates': 0.9420075991484655, 'learning_rate': 0.00020889518658534956, 'batch_size': 176, 'step_size': 8, 'gamma': 0.9728426355865908}. Best is trial 33 with value: 0.003045828314498067.[0m
[32m[I 2025-01-19 09:51:26,014][0m Trial 35 finished with value: 0.0033473679795861244 and parameters: {'observation_period_num': 237, 'train_rates': 0.9425030369412403, 'learning_rate': 0.00012870420636508563, 'batch_size': 175, 'step_size': 7, 'gamma': 0.9736359010955635}. Best is trial 33 with value: 0.003045828314498067.[0m
[32m[I 2025-01-19 09:51:59,633][0m Trial 36 finished with value: 0.006660004612058401 and parameters: {'observation_period_num': 235, 'train_rates': 0.9852976437794783, 'learning_rate': 2.2055939350311292e-05, 'batch_size': 175, 'step_size': 6, 'gamma': 0.9886184956763816}. Best is trial 33 with value: 0.003045828314498067.[0m
[32m[I 2025-01-19 09:52:25,262][0m Trial 37 finished with value: 0.006626678630709648 and parameters: {'observation_period_num': 182, 'train_rates': 0.9505337456124603, 'learning_rate': 5.1663561936485364e-05, 'batch_size': 227, 'step_size': 7, 'gamma': 0.9690619718468271}. Best is trial 33 with value: 0.003045828314498067.[0m
[32m[I 2025-01-19 09:52:52,903][0m Trial 38 finished with value: 0.01569526642560959 and parameters: {'observation_period_num': 237, 'train_rates': 0.9517658763297079, 'learning_rate': 0.00010767565701041835, 'batch_size': 203, 'step_size': 1, 'gamma': 0.9368052089892366}. Best is trial 33 with value: 0.003045828314498067.[0m
[32m[I 2025-01-19 09:53:23,464][0m Trial 39 finished with value: 0.013172262851772696 and parameters: {'observation_period_num': 47, 'train_rates': 0.857208548485882, 'learning_rate': 0.00019744922331581347, 'batch_size': 185, 'step_size': 5, 'gamma': 0.9759863115855373}. Best is trial 33 with value: 0.003045828314498067.[0m
[32m[I 2025-01-19 09:53:45,138][0m Trial 40 finished with value: 0.010704891008265821 and parameters: {'observation_period_num': 173, 'train_rates': 0.8366785402413328, 'learning_rate': 6.461671762335614e-05, 'batch_size': 247, 'step_size': 8, 'gamma': 0.9235951715536959}. Best is trial 33 with value: 0.003045828314498067.[0m
[32m[I 2025-01-19 09:54:16,627][0m Trial 41 finished with value: 0.004600291600949614 and parameters: {'observation_period_num': 233, 'train_rates': 0.9332606029805325, 'learning_rate': 0.0002635248564135004, 'batch_size': 173, 'step_size': 8, 'gamma': 0.9648861001195536}. Best is trial 33 with value: 0.003045828314498067.[0m
[32m[I 2025-01-19 09:54:50,142][0m Trial 42 finished with value: 0.005068493541330099 and parameters: {'observation_period_num': 241, 'train_rates': 0.963574449443801, 'learning_rate': 0.00012957283741989143, 'batch_size': 171, 'step_size': 7, 'gamma': 0.9591120707045667}. Best is trial 33 with value: 0.003045828314498067.[0m
[32m[I 2025-01-19 09:55:15,728][0m Trial 43 finished with value: 0.003812868494049976 and parameters: {'observation_period_num': 226, 'train_rates': 0.8836912031136536, 'learning_rate': 0.00020979783682570084, 'batch_size': 216, 'step_size': 9, 'gamma': 0.9781222147196104}. Best is trial 33 with value: 0.003045828314498067.[0m
[32m[I 2025-01-19 09:55:45,027][0m Trial 44 finished with value: 0.01570048553831115 and parameters: {'observation_period_num': 249, 'train_rates': 0.9282188786979715, 'learning_rate': 2.48076552246011e-05, 'batch_size': 190, 'step_size': 6, 'gamma': 0.9325354598278275}. Best is trial 33 with value: 0.003045828314498067.[0m
[32m[I 2025-01-19 09:56:20,462][0m Trial 45 finished with value: 0.0029356633313000202 and parameters: {'observation_period_num': 195, 'train_rates': 0.9664493127268189, 'learning_rate': 0.00027027489905285775, 'batch_size': 165, 'step_size': 5, 'gamma': 0.9869369210051444}. Best is trial 45 with value: 0.0029356633313000202.[0m
[32m[I 2025-01-19 09:56:59,631][0m Trial 46 finished with value: 0.008014557883143425 and parameters: {'observation_period_num': 193, 'train_rates': 0.968273708811326, 'learning_rate': 8.955581999794657e-05, 'batch_size': 149, 'step_size': 4, 'gamma': 0.9835176884542348}. Best is trial 45 with value: 0.0029356633313000202.[0m
[32m[I 2025-01-19 09:57:28,164][0m Trial 47 finished with value: 0.006122204615886129 and parameters: {'observation_period_num': 224, 'train_rates': 0.8119683225217469, 'learning_rate': 0.00015981428633581957, 'batch_size': 181, 'step_size': 5, 'gamma': 0.9899266465889578}. Best is trial 45 with value: 0.0029356633313000202.[0m
