[32m[I 2025-01-19 07:19:03,303][0m Trial 16 finished with value: 0.12847324569656998 and parameters: {'observation_period_num': 37, 'train_rates': 0.8975304400879828, 'learning_rate': 3.488660250938642e-05, 'batch_size': 155, 'step_size': 4, 'gamma': 0.8076533275230695}. Best is trial 15 with value: 0.013761091157053875.[0m
[32m[I 2025-01-19 07:20:13,096][0m Trial 17 finished with value: 0.0034211711401398153 and parameters: {'observation_period_num': 56, 'train_rates': 0.8808033112879008, 'learning_rate': 0.0003860149446829038, 'batch_size': 76, 'step_size': 4, 'gamma': 0.9871891865320246}. Best is trial 17 with value: 0.0034211711401398153.[0m
[32m[I 2025-01-19 07:21:47,733][0m Trial 18 finished with value: 0.015811684034512535 and parameters: {'observation_period_num': 59, 'train_rates': 0.8682542733626717, 'learning_rate': 0.000421820063098803, 'batch_size': 55, 'step_size': 4, 'gamma': 0.7521106032584708}. Best is trial 17 with value: 0.0034211711401398153.[0m
[32m[I 2025-01-19 07:22:24,568][0m Trial 19 finished with value: 0.11786508560180664 and parameters: {'observation_period_num': 57, 'train_rates': 0.9802915805154273, 'learning_rate': 4.653139600940553e-06, 'batch_size': 159, 'step_size': 3, 'gamma': 0.9874559351720906}. Best is trial 17 with value: 0.0034211711401398153.[0m
[32m[I 2025-01-19 07:23:50,322][0m Trial 20 finished with value: 0.07036939593699743 and parameters: {'observation_period_num': 15, 'train_rates': 0.8206106307696247, 'learning_rate': 5.474638128049688e-05, 'batch_size': 60, 'step_size': 6, 'gamma': 0.8088746430000959}. Best is trial 17 with value: 0.0034211711401398153.[0m
[32m[I 2025-01-19 07:24:43,293][0m Trial 21 finished with value: 0.006734099104693255 and parameters: {'observation_period_num': 106, 'train_rates': 0.8986687413585148, 'learning_rate': 0.00016770943195622702, 'batch_size': 99, 'step_size': 15, 'gamma': 0.9791391351795217}. Best is trial 17 with value: 0.0034211711401398153.[0m
[32m[I 2025-01-19 07:25:33,029][0m Trial 22 finished with value: 0.014754978709073163 and parameters: {'observation_period_num': 69, 'train_rates': 0.8806009589234339, 'learning_rate': 0.000524607192677751, 'batch_size': 107, 'step_size': 15, 'gamma': 0.9853868308622369}. Best is trial 17 with value: 0.0034211711401398153.[0m
[32m[I 2025-01-19 07:30:24,127][0m Trial 23 finished with value: 0.003081722011212522 and parameters: {'observation_period_num': 117, 'train_rates': 0.9255776701013501, 'learning_rate': 0.00019399511342012318, 'batch_size': 18, 'step_size': 5, 'gamma': 0.839717212788685}. Best is trial 23 with value: 0.003081722011212522.[0m
[32m[I 2025-01-19 07:34:42,743][0m Trial 24 finished with value: 0.006459148057684716 and parameters: {'observation_period_num': 116, 'train_rates': 0.8422378639600966, 'learning_rate': 0.00018884935078476755, 'batch_size': 19, 'step_size': 6, 'gamma': 0.8422983627718648}. Best is trial 23 with value: 0.003081722011212522.[0m
[32m[I 2025-01-19 07:39:44,032][0m Trial 25 finished with value: 0.02813367781842627 and parameters: {'observation_period_num': 118, 'train_rates': 0.9424979623182459, 'learning_rate': 1.825046428415774e-05, 'batch_size': 16, 'step_size': 6, 'gamma': 0.8381264906700838}. Best is trial 23 with value: 0.003081722011212522.[0m
[32m[I 2025-01-19 07:41:11,501][0m Trial 26 finished with value: 0.03923338316630997 and parameters: {'observation_period_num': 77, 'train_rates': 0.8454949354455803, 'learning_rate': 6.660634491596239e-05, 'batch_size': 57, 'step_size': 7, 'gamma': 0.7781264685693545}. Best is trial 23 with value: 0.003081722011212522.[0m
[32m[I 2025-01-19 07:43:59,142][0m Trial 27 finished with value: 0.013327220510950505 and parameters: {'observation_period_num': 109, 'train_rates': 0.7737329454258838, 'learning_rate': 0.0002539058643399985, 'batch_size': 26, 'step_size': 5, 'gamma': 0.8293078084063412}. Best is trial 23 with value: 0.003081722011212522.[0m
[32m[I 2025-01-19 07:45:38,116][0m Trial 28 finished with value: 0.016363025144673884 and parameters: {'observation_period_num': 127, 'train_rates': 0.8240909905671058, 'learning_rate': 0.0001489576975661879, 'batch_size': 45, 'step_size': 3, 'gamma': 0.90749104017997}. Best is trial 23 with value: 0.003081722011212522.[0m
[32m[I 2025-01-19 07:47:00,398][0m Trial 29 finished with value: 0.003019568044692278 and parameters: {'observation_period_num': 31, 'train_rates': 0.9811026353986229, 'learning_rate': 0.000233611711122458, 'batch_size': 69, 'step_size': 8, 'gamma': 0.8473740440812746}. Best is trial 29 with value: 0.003019568044692278.[0m
[32m[I 2025-01-19 07:48:19,739][0m Trial 30 finished with value: 0.0030563517939299345 and parameters: {'observation_period_num': 31, 'train_rates': 0.9791921435673525, 'learning_rate': 0.0002729190491436549, 'batch_size': 73, 'step_size': 8, 'gamma': 0.8526826353888723}. Best is trial 29 with value: 0.003019568044692278.[0m
[32m[I 2025-01-19 07:49:39,338][0m Trial 31 finished with value: 0.0016538354102522135 and parameters: {'observation_period_num': 29, 'train_rates': 0.9835895295892093, 'learning_rate': 0.0003310612381327266, 'batch_size': 74, 'step_size': 9, 'gamma': 0.8547308133855239}. Best is trial 31 with value: 0.0016538354102522135.[0m
[32m[I 2025-01-19 07:51:14,492][0m Trial 32 finished with value: 0.0024792995123613265 and parameters: {'observation_period_num': 27, 'train_rates': 0.97913297861932, 'learning_rate': 0.0002528456093273168, 'batch_size': 60, 'step_size': 10, 'gamma': 0.8542208895662103}. Best is trial 31 with value: 0.0016538354102522135.[0m
[32m[I 2025-01-19 07:52:34,097][0m Trial 33 finished with value: 0.0020808721892535686 and parameters: {'observation_period_num': 21, 'train_rates': 0.9877475707719012, 'learning_rate': 0.00027547736855618334, 'batch_size': 74, 'step_size': 10, 'gamma': 0.8602564200923687}. Best is trial 31 with value: 0.0016538354102522135.[0m
[32m[I 2025-01-19 07:54:02,366][0m Trial 34 finished with value: 0.0014432972291780804 and parameters: {'observation_period_num': 25, 'train_rates': 0.9553986253326248, 'learning_rate': 0.0005748521078136858, 'batch_size': 63, 'step_size': 10, 'gamma': 0.8648152085802961}. Best is trial 34 with value: 0.0014432972291780804.[0m
[32m[I 2025-01-19 07:56:15,120][0m Trial 35 finished with value: 0.007004961974517856 and parameters: {'observation_period_num': 6, 'train_rates': 0.9513953874263427, 'learning_rate': 0.0006293220492417319, 'batch_size': 43, 'step_size': 10, 'gamma': 0.8705513664990239}. Best is trial 34 with value: 0.0014432972291780804.[0m
[32m[I 2025-01-19 07:57:04,109][0m Trial 36 finished with value: 0.0035846636164933443 and parameters: {'observation_period_num': 19, 'train_rates': 0.9876635673252047, 'learning_rate': 0.0006337048576741407, 'batch_size': 119, 'step_size': 11, 'gamma': 0.8888135110475123}. Best is trial 34 with value: 0.0014432972291780804.[0m
[32m[I 2025-01-19 07:58:07,751][0m Trial 37 finished with value: 0.002536063121059104 and parameters: {'observation_period_num': 39, 'train_rates': 0.9497250198896793, 'learning_rate': 0.00035703044790693375, 'batch_size': 89, 'step_size': 11, 'gamma': 0.8646524998930298}. Best is trial 34 with value: 0.0014432972291780804.[0m
[32m[I 2025-01-19 07:59:00,106][0m Trial 38 finished with value: 0.0065590678714215755 and parameters: {'observation_period_num': 75, 'train_rates': 0.9637447538894781, 'learning_rate': 0.00030908235669977586, 'batch_size': 110, 'step_size': 9, 'gamma': 0.8799903963507072}. Best is trial 34 with value: 0.0014432972291780804.[0m
[32m[I 2025-01-19 07:59:45,491][0m Trial 39 finished with value: 0.008020549381692563 and parameters: {'observation_period_num': 22, 'train_rates': 0.9265395373775343, 'learning_rate': 0.0007229526047046795, 'batch_size': 126, 'step_size': 9, 'gamma': 0.8981655089125833}. Best is trial 34 with value: 0.0014432972291780804.[0m
[32m[I 2025-01-19 08:01:43,054][0m Trial 40 finished with value: 0.004663286504468747 and parameters: {'observation_period_num': 44, 'train_rates': 0.9643634280105337, 'learning_rate': 0.00011894594097282866, 'batch_size': 48, 'step_size': 11, 'gamma': 0.8601645014180842}. Best is trial 34 with value: 0.0014432972291780804.[0m
[32m[I 2025-01-19 08:02:45,099][0m Trial 41 finished with value: 0.003499784092936251 and parameters: {'observation_period_num': 28, 'train_rates': 0.9512779680704553, 'learning_rate': 0.0003361416857187308, 'batch_size': 91, 'step_size': 11, 'gamma': 0.8606113001227483}. Best is trial 34 with value: 0.0014432972291780804.[0m
[32m[I 2025-01-19 08:04:09,344][0m Trial 42 finished with value: 0.0028865566401439437 and parameters: {'observation_period_num': 44, 'train_rates': 0.943530711045773, 'learning_rate': 0.00047415329747260205, 'batch_size': 66, 'step_size': 10, 'gamma': 0.8673152494681716}. Best is trial 34 with value: 0.0014432972291780804.[0m
[32m[I 2025-01-19 08:05:14,170][0m Trial 43 finished with value: 0.003681630183778265 and parameters: {'observation_period_num': 16, 'train_rates': 0.9656199318609826, 'learning_rate': 0.00035187993621888994, 'batch_size': 90, 'step_size': 13, 'gamma': 0.8796523971468002}. Best is trial 34 with value: 0.0014432972291780804.[0m
[32m[I 2025-01-19 08:08:14,348][0m Trial 44 finished with value: 0.004740091982195295 and parameters: {'observation_period_num': 38, 'train_rates': 0.9888430913886378, 'learning_rate': 7.061193393584142e-05, 'batch_size': 32, 'step_size': 9, 'gamma': 0.8228694229093151}. Best is trial 34 with value: 0.0014432972291780804.[0m
[32m[I 2025-01-19 08:09:20,232][0m Trial 45 finished with value: 0.015883765208560066 and parameters: {'observation_period_num': 5, 'train_rates': 0.9375728484681295, 'learning_rate': 0.0009513255375520163, 'batch_size': 85, 'step_size': 11, 'gamma': 0.8927957941781073}. Best is trial 34 with value: 0.0014432972291780804.[0m
[32m[I 2025-01-19 08:10:04,208][0m Trial 46 finished with value: 0.140810231228223 and parameters: {'observation_period_num': 65, 'train_rates': 0.6630622006436501, 'learning_rate': 0.0002451562555356234, 'batch_size': 99, 'step_size': 10, 'gamma': 0.9334696256708142}. Best is trial 34 with value: 0.0014432972291780804.[0m
[32m[I 2025-01-19 08:11:30,380][0m Trial 47 finished with value: 0.0034225314959157697 and parameters: {'observation_period_num': 80, 'train_rates': 0.9122197249432296, 'learning_rate': 0.0005707225006545419, 'batch_size': 63, 'step_size': 13, 'gamma': 0.853163671506395}. Best is trial 34 with value: 0.0014432972291780804.[0m
[32m[I 2025-01-19 08:12:12,952][0m Trial 48 finished with value: 0.6096712946891785 and parameters: {'observation_period_num': 25, 'train_rates': 0.9716285519540248, 'learning_rate': 2.076100836083651e-06, 'batch_size': 142, 'step_size': 12, 'gamma': 0.8698032682158555}. Best is trial 34 with value: 0.0014432972291780804.[0m
[32m[I 2025-01-19 08:14:35,842][0m Trial 49 finished with value: 0.03545455057890369 and parameters: {'observation_period_num': 50, 'train_rates': 0.9156938852626793, 'learning_rate': 2.135522860135976e-05, 'batch_size': 38, 'step_size': 8, 'gamma': 0.8990744645516258}. Best is trial 34 with value: 0.0014432972291780804.[0m
[32m[I 2025-01-19 08:14:35,848][0m A new study created in memory with name: no-name-bda2e03a-5c51-4b5a-86e5-6da92b412c11[0m
[32m[I 2025-01-19 08:15:33,291][0m Trial 0 finished with value: 0.0035487730796872215 and parameters: {'observation_period_num': 153, 'train_rates': 0.9377314465369323, 'learning_rate': 0.0003618256558268631, 'batch_size': 97, 'step_size': 9, 'gamma': 0.7779491240739393}. Best is trial 0 with value: 0.0035487730796872215.[0m
[32m[I 2025-01-19 08:15:55,938][0m Trial 1 finished with value: 0.003868467368273582 and parameters: {'observation_period_num': 214, 'train_rates': 0.7466467623696897, 'learning_rate': 0.0006170839616447584, 'batch_size': 222, 'step_size': 5, 'gamma': 0.9010615106203925}. Best is trial 0 with value: 0.0035487730796872215.[0m
[32m[I 2025-01-19 08:16:21,657][0m Trial 2 finished with value: 0.07905936485431234 and parameters: {'observation_period_num': 33, 'train_rates': 0.9170162097372103, 'learning_rate': 4.7876507073772294e-05, 'batch_size': 240, 'step_size': 3, 'gamma': 0.7823891268157072}. Best is trial 0 with value: 0.0035487730796872215.[0m
[32m[I 2025-01-19 08:17:48,026][0m Trial 3 finished with value: 0.4638924117701942 and parameters: {'observation_period_num': 217, 'train_rates': 0.8645885247119085, 'learning_rate': 2.2058283120603176e-06, 'batch_size': 50, 'step_size': 1, 'gamma': 0.8751327317001625}. Best is trial 0 with value: 0.0035487730796872215.[0m
[32m[I 2025-01-19 08:18:22,971][0m Trial 4 finished with value: 0.05625277696031889 and parameters: {'observation_period_num': 105, 'train_rates': 0.7721553119172547, 'learning_rate': 4.765357373227577e-05, 'batch_size': 140, 'step_size': 5, 'gamma': 0.7904237458324669}. Best is trial 0 with value: 0.0035487730796872215.[0m
[32m[I 2025-01-19 08:23:01,132][0m Trial 5 finished with value: 0.003626601949729251 and parameters: {'observation_period_num': 221, 'train_rates': 0.8199265079623226, 'learning_rate': 0.0007915132723150886, 'batch_size': 17, 'step_size': 7, 'gamma': 0.9170829257113196}. Best is trial 0 with value: 0.0035487730796872215.[0m
[32m[I 2025-01-19 08:24:38,665][0m Trial 6 finished with value: 0.0015936856197708465 and parameters: {'observation_period_num': 232, 'train_rates': 0.9657566987171837, 'learning_rate': 0.0003419492110130026, 'batch_size': 56, 'step_size': 10, 'gamma': 0.8448943943788444}. Best is trial 6 with value: 0.0015936856197708465.[0m
[32m[I 2025-01-19 08:25:08,010][0m Trial 7 finished with value: 0.007073600310832262 and parameters: {'observation_period_num': 51, 'train_rates': 0.964416995018524, 'learning_rate': 0.00011772994979843583, 'batch_size': 211, 'step_size': 13, 'gamma': 0.9849909865164574}. Best is trial 6 with value: 0.0015936856197708465.[0m
[32m[I 2025-01-19 08:25:32,416][0m Trial 8 finished with value: 0.0039603877940272356 and parameters: {'observation_period_num': 64, 'train_rates': 0.8431752277357292, 'learning_rate': 0.0005979087823728765, 'batch_size': 223, 'step_size': 9, 'gamma': 0.8119813176688145}. Best is trial 6 with value: 0.0015936856197708465.[0m
[32m[I 2025-01-19 08:26:07,185][0m Trial 9 finished with value: 0.056154492384834324 and parameters: {'observation_period_num': 142, 'train_rates': 0.7989783930914414, 'learning_rate': 3.282620353558679e-05, 'batch_size': 144, 'step_size': 3, 'gamma': 0.9117927954573772}. Best is trial 6 with value: 0.0015936856197708465.[0m
[32m[I 2025-01-19 08:26:55,713][0m Trial 10 finished with value: 0.17566125573588523 and parameters: {'observation_period_num': 245, 'train_rates': 0.6356915959213056, 'learning_rate': 3.3500739426984376e-06, 'batch_size': 86, 'step_size': 15, 'gamma': 0.845502479260501}. Best is trial 6 with value: 0.0015936856197708465.[0m
[32m[I 2025-01-19 08:27:59,277][0m Trial 11 finished with value: 0.0036145657068118453 and parameters: {'observation_period_num': 153, 'train_rates': 0.948881511218013, 'learning_rate': 0.00024454885840822843, 'batch_size': 88, 'step_size': 10, 'gamma': 0.7573910494752669}. Best is trial 6 with value: 0.0015936856197708465.[0m
[32m[I 2025-01-19 08:28:56,336][0m Trial 12 finished with value: 0.07771394401788712 and parameters: {'observation_period_num': 176, 'train_rates': 0.9860862966621983, 'learning_rate': 7.152062437882778e-06, 'batch_size': 101, 'step_size': 11, 'gamma': 0.832279874456759}. Best is trial 6 with value: 0.0015936856197708465.[0m
[32m[I 2025-01-19 08:31:09,528][0m Trial 13 finished with value: 0.002120459204683946 and parameters: {'observation_period_num': 93, 'train_rates': 0.9015042468616007, 'learning_rate': 0.000168581670855504, 'batch_size': 40, 'step_size': 12, 'gamma': 0.7579523628702377}. Best is trial 6 with value: 0.0015936856197708465.[0m
[32m[I 2025-01-19 08:35:33,562][0m Trial 14 finished with value: 0.00337335533683615 and parameters: {'observation_period_num': 89, 'train_rates': 0.896255686290054, 'learning_rate': 0.00014659624651339529, 'batch_size': 20, 'step_size': 12, 'gamma': 0.9758240034850046}. Best is trial 6 with value: 0.0015936856197708465.[0m
[32m[I 2025-01-19 08:37:14,965][0m Trial 15 finished with value: 0.05008274932601014 and parameters: {'observation_period_num': 14, 'train_rates': 0.8839581728991664, 'learning_rate': 9.927635545578213e-06, 'batch_size': 54, 'step_size': 14, 'gamma': 0.7527047682932979}. Best is trial 6 with value: 0.0015936856197708465.[0m
[32m[I 2025-01-19 08:38:49,003][0m Trial 16 finished with value: 0.004113390800268508 and parameters: {'observation_period_num': 109, 'train_rates': 0.7273690196516316, 'learning_rate': 0.00017178405572306342, 'batch_size': 49, 'step_size': 7, 'gamma': 0.9467870815978914}. Best is trial 6 with value: 0.0015936856197708465.[0m
[32m[I 2025-01-19 08:39:16,529][0m Trial 17 finished with value: 0.007798290264056346 and parameters: {'observation_period_num': 188, 'train_rates': 0.6907188678243412, 'learning_rate': 8.689737566082583e-05, 'batch_size': 171, 'step_size': 12, 'gamma': 0.8642296860178801}. Best is trial 6 with value: 0.0015936856197708465.[0m
[32m[I 2025-01-19 08:40:35,652][0m Trial 18 finished with value: 0.05141929182198208 and parameters: {'observation_period_num': 74, 'train_rates': 0.9128362515241769, 'learning_rate': 1.6466847052031213e-05, 'batch_size': 68, 'step_size': 11, 'gamma': 0.8144234281580692}. Best is trial 6 with value: 0.0015936856197708465.[0m
[32m[I 2025-01-19 08:41:21,771][0m Trial 19 finished with value: 0.002633081950644831 and parameters: {'observation_period_num': 125, 'train_rates': 0.8536489973698523, 'learning_rate': 0.000318267222935723, 'batch_size': 115, 'step_size': 15, 'gamma': 0.8772927072319263}. Best is trial 6 with value: 0.0015936856197708465.[0m
[32m[I 2025-01-19 08:41:54,955][0m Trial 20 finished with value: 0.010706482455134392 and parameters: {'observation_period_num': 179, 'train_rates': 0.970756828616507, 'learning_rate': 9.348302474980111e-05, 'batch_size': 174, 'step_size': 8, 'gamma': 0.8101593698215765}. Best is trial 6 with value: 0.0015936856197708465.[0m
[32m[I 2025-01-19 08:42:39,520][0m Trial 21 finished with value: 0.0019846516239511616 and parameters: {'observation_period_num': 123, 'train_rates': 0.8506469161883786, 'learning_rate': 0.0003213518426317727, 'batch_size': 118, 'step_size': 15, 'gamma': 0.8773837168036905}. Best is trial 6 with value: 0.0015936856197708465.[0m
[32m[I 2025-01-19 08:45:18,449][0m Trial 22 finished with value: 0.0013929101617586373 and parameters: {'observation_period_num': 120, 'train_rates': 0.927957396843413, 'learning_rate': 0.00036462753576243563, 'batch_size': 34, 'step_size': 13, 'gamma': 0.8468914316512667}. Best is trial 22 with value: 0.0013929101617586373.[0m
[32m[I 2025-01-19 08:46:36,145][0m Trial 23 finished with value: 0.0013909657970846941 and parameters: {'observation_period_num': 123, 'train_rates': 0.9368489978343031, 'learning_rate': 0.0009756159050824792, 'batch_size': 71, 'step_size': 14, 'gamma': 0.848594906874981}. Best is trial 23 with value: 0.0013909657970846941.[0m
[32m[I 2025-01-19 08:47:49,911][0m Trial 24 finished with value: 0.0005341314593584515 and parameters: {'observation_period_num': 251, 'train_rates': 0.9368731444174219, 'learning_rate': 0.000890973153018212, 'batch_size': 71, 'step_size': 13, 'gamma': 0.8452648172424974}. Best is trial 24 with value: 0.0005341314593584515.[0m
[32m[I 2025-01-19 08:49:01,881][0m Trial 25 finished with value: 0.00121569158216745 and parameters: {'observation_period_num': 163, 'train_rates': 0.9350367158026932, 'learning_rate': 0.0009977070773527252, 'batch_size': 77, 'step_size': 13, 'gamma': 0.8520168152974925}. Best is trial 24 with value: 0.0005341314593584515.[0m
[32m[I 2025-01-19 08:50:06,642][0m Trial 26 finished with value: 0.0013187570468636252 and parameters: {'observation_period_num': 193, 'train_rates': 0.8791388953053674, 'learning_rate': 0.0009457552540478888, 'batch_size': 79, 'step_size': 14, 'gamma': 0.8905569822512285}. Best is trial 24 with value: 0.0005341314593584515.[0m
[32m[I 2025-01-19 08:51:13,892][0m Trial 27 finished with value: 0.0008864011292138861 and parameters: {'observation_period_num': 198, 'train_rates': 0.8765511200899148, 'learning_rate': 0.0005738193939377863, 'batch_size': 76, 'step_size': 13, 'gamma': 0.8956940307753587}. Best is trial 24 with value: 0.0005341314593584515.[0m
[32m[I 2025-01-19 08:51:51,026][0m Trial 28 finished with value: 0.3784152067882914 and parameters: {'observation_period_num': 245, 'train_rates': 0.8175739563181718, 'learning_rate': 1.0008583559032535e-06, 'batch_size': 133, 'step_size': 13, 'gamma': 0.9321983677278393}. Best is trial 24 with value: 0.0005341314593584515.[0m
[32m[I 2025-01-19 08:52:42,767][0m Trial 29 finished with value: 0.0031103375762030878 and parameters: {'observation_period_num': 201, 'train_rates': 0.9317161589536482, 'learning_rate': 0.0005063470891207247, 'batch_size': 106, 'step_size': 11, 'gamma': 0.9536153314146154}. Best is trial 24 with value: 0.0005341314593584515.[0m
[32m[I 2025-01-19 08:53:18,312][0m Trial 30 finished with value: 0.001531805843114853 and parameters: {'observation_period_num': 159, 'train_rates': 0.9837727256244206, 'learning_rate': 0.0004764850019865571, 'batch_size': 164, 'step_size': 9, 'gamma': 0.8281210701687676}. Best is trial 24 with value: 0.0005341314593584515.[0m
[32m[I 2025-01-19 08:54:26,731][0m Trial 31 finished with value: 0.0007579567346034483 and parameters: {'observation_period_num': 197, 'train_rates': 0.8865482957889647, 'learning_rate': 0.0008820294254426054, 'batch_size': 75, 'step_size': 14, 'gamma': 0.8935134553736077}. Best is trial 24 with value: 0.0005341314593584515.[0m
