[32m[I 2025-01-19 09:57:57,661][0m Trial 48 finished with value: 0.001405570306815207 and parameters: {'observation_period_num': 243, 'train_rates': 0.9892158790885082, 'learning_rate': 0.00031188403333401096, 'batch_size': 193, 'step_size': 4, 'gamma': 0.9731099581930692}. Best is trial 48 with value: 0.001405570306815207.[0m
[32m[I 2025-01-19 09:58:25,141][0m Trial 49 finished with value: 0.002921635750681162 and parameters: {'observation_period_num': 252, 'train_rates': 0.9697337992045534, 'learning_rate': 0.00033366166080062284, 'batch_size': 211, 'step_size': 3, 'gamma': 0.9546715520942962}. Best is trial 48 with value: 0.001405570306815207.[0m
[32m[I 2025-01-19 09:58:25,146][0m A new study created in memory with name: no-name-474e8798-baee-488f-b7e4-d4cedf68f6ad[0m
[32m[I 2025-01-19 09:58:53,611][0m Trial 0 finished with value: 0.008192727309950545 and parameters: {'observation_period_num': 122, 'train_rates': 0.6606991169322733, 'learning_rate': 0.0006866848877900693, 'batch_size': 158, 'step_size': 7, 'gamma': 0.920015914051893}. Best is trial 0 with value: 0.008192727309950545.[0m
[32m[I 2025-01-19 09:59:27,984][0m Trial 1 finished with value: 0.3633785905756582 and parameters: {'observation_period_num': 132, 'train_rates': 0.6851905624825986, 'learning_rate': 2.5097427853935687e-06, 'batch_size': 136, 'step_size': 5, 'gamma': 0.8554903809552906}. Best is trial 0 with value: 0.008192727309950545.[0m
[32m[I 2025-01-19 10:00:07,274][0m Trial 2 finished with value: 0.09303636660233304 and parameters: {'observation_period_num': 229, 'train_rates': 0.6361587547029453, 'learning_rate': 6.507925400602622e-06, 'batch_size': 104, 'step_size': 7, 'gamma': 0.9529194170173122}. Best is trial 0 with value: 0.008192727309950545.[0m
[32m[I 2025-01-19 10:03:00,991][0m Trial 3 finished with value: 0.00450130774661069 and parameters: {'observation_period_num': 76, 'train_rates': 0.753310792903796, 'learning_rate': 0.00033314434471676203, 'batch_size': 27, 'step_size': 7, 'gamma': 0.841642512933507}. Best is trial 3 with value: 0.00450130774661069.[0m
[32m[I 2025-01-19 10:03:33,782][0m Trial 4 finished with value: 0.21516421678629846 and parameters: {'observation_period_num': 128, 'train_rates': 0.6122562385799807, 'learning_rate': 3.801441579008949e-06, 'batch_size': 126, 'step_size': 13, 'gamma': 0.875776105482265}. Best is trial 3 with value: 0.00450130774661069.[0m
[32m[I 2025-01-19 10:04:12,245][0m Trial 5 finished with value: 0.06940797389573014 and parameters: {'observation_period_num': 197, 'train_rates': 0.8209103570347008, 'learning_rate': 6.241995809156379e-06, 'batch_size': 132, 'step_size': 15, 'gamma': 0.8177535312298944}. Best is trial 3 with value: 0.00450130774661069.[0m
[32m[I 2025-01-19 10:04:43,771][0m Trial 6 finished with value: 0.0360019645933282 and parameters: {'observation_period_num': 26, 'train_rates': 0.7125154099594735, 'learning_rate': 5.119028556253173e-05, 'batch_size': 154, 'step_size': 8, 'gamma': 0.8008882852508966}. Best is trial 3 with value: 0.00450130774661069.[0m
[32m[I 2025-01-19 10:08:24,119][0m Trial 7 finished with value: 0.01639153113025298 and parameters: {'observation_period_num': 27, 'train_rates': 0.6696687426929582, 'learning_rate': 0.00037053511190146185, 'batch_size': 20, 'step_size': 8, 'gamma': 0.868338726203581}. Best is trial 3 with value: 0.00450130774661069.[0m
[32m[I 2025-01-19 10:08:51,434][0m Trial 8 finished with value: 0.08369511298157951 and parameters: {'observation_period_num': 204, 'train_rates': 0.912575804603436, 'learning_rate': 5.0692871655883996e-05, 'batch_size': 154, 'step_size': 1, 'gamma': 0.8465498346110268}. Best is trial 3 with value: 0.00450130774661069.[0m
[32m[I 2025-01-19 10:10:05,535][0m Trial 9 finished with value: 0.06257820621759932 and parameters: {'observation_period_num': 166, 'train_rates': 0.7498828084517085, 'learning_rate': 0.0004378958534885025, 'batch_size': 62, 'step_size': 1, 'gamma': 0.8268226787048324}. Best is trial 3 with value: 0.00450130774661069.[0m
[32m[I 2025-01-19 10:10:29,968][0m Trial 10 finished with value: 0.012479165385800675 and parameters: {'observation_period_num': 69, 'train_rates': 0.8353268225593395, 'learning_rate': 0.00014386278069464034, 'batch_size': 234, 'step_size': 11, 'gamma': 0.7518181058933889}. Best is trial 3 with value: 0.00450130774661069.[0m
[32m[I 2025-01-19 10:10:54,674][0m Trial 11 finished with value: 0.006733668870101423 and parameters: {'observation_period_num': 96, 'train_rates': 0.7626467681796565, 'learning_rate': 0.0009336001438342463, 'batch_size': 207, 'step_size': 5, 'gamma': 0.9221375089137919}. Best is trial 3 with value: 0.00450130774661069.[0m
[32m[I 2025-01-19 10:11:19,574][0m Trial 12 finished with value: 0.007483927860641769 and parameters: {'observation_period_num': 78, 'train_rates': 0.7657145197880911, 'learning_rate': 0.0009469583294964122, 'batch_size': 217, 'step_size': 4, 'gamma': 0.9847653986486554}. Best is trial 3 with value: 0.00450130774661069.[0m
[32m[I 2025-01-19 10:11:49,272][0m Trial 13 finished with value: 0.011344413795187825 and parameters: {'observation_period_num': 80, 'train_rates': 0.8945174679449579, 'learning_rate': 0.0001535065573235573, 'batch_size': 194, 'step_size': 4, 'gamma': 0.9102775164633168}. Best is trial 3 with value: 0.00450130774661069.[0m
[32m[I 2025-01-19 10:15:53,368][0m Trial 14 finished with value: 0.0050569242591419344 and parameters: {'observation_period_num': 56, 'train_rates': 0.849128477137535, 'learning_rate': 0.00020590752025004757, 'batch_size': 21, 'step_size': 10, 'gamma': 0.906986557809515}. Best is trial 3 with value: 0.00450130774661069.[0m
[32m[I 2025-01-19 10:21:27,173][0m Trial 15 finished with value: 0.00969837182364835 and parameters: {'observation_period_num': 48, 'train_rates': 0.9611273243152395, 'learning_rate': 2.0157804642524502e-05, 'batch_size': 17, 'step_size': 11, 'gamma': 0.8993568973495393}. Best is trial 3 with value: 0.00450130774661069.[0m
[32m[I 2025-01-19 10:22:53,963][0m Trial 16 finished with value: 0.012184443822266851 and parameters: {'observation_period_num': 10, 'train_rates': 0.861571688291032, 'learning_rate': 0.00020844870283935404, 'batch_size': 61, 'step_size': 10, 'gamma': 0.7787130762427914}. Best is trial 3 with value: 0.00450130774661069.[0m
[32m[I 2025-01-19 10:24:16,398][0m Trial 17 finished with value: 0.028899963755728834 and parameters: {'observation_period_num': 50, 'train_rates': 0.7978135470078181, 'learning_rate': 8.713156885259832e-05, 'batch_size': 60, 'step_size': 10, 'gamma': 0.9451092768193348}. Best is trial 3 with value: 0.00450130774661069.[0m
[32m[I 2025-01-19 10:25:07,196][0m Trial 18 finished with value: 0.09099780494733802 and parameters: {'observation_period_num': 98, 'train_rates': 0.7233328921639725, 'learning_rate': 2.2086842679472173e-05, 'batch_size': 91, 'step_size': 13, 'gamma': 0.8825784123371703}. Best is trial 3 with value: 0.00450130774661069.[0m
[32m[I 2025-01-19 10:27:46,373][0m Trial 19 finished with value: 0.012772241566816101 and parameters: {'observation_period_num': 45, 'train_rates': 0.9686545000050701, 'learning_rate': 0.00029068756259260166, 'batch_size': 36, 'step_size': 6, 'gamma': 0.9452034992588981}. Best is trial 3 with value: 0.00450130774661069.[0m
[32m[I 2025-01-19 10:29:42,212][0m Trial 20 finished with value: 0.006620436203132152 and parameters: {'observation_period_num': 104, 'train_rates': 0.8903993780985812, 'learning_rate': 8.714085069590879e-05, 'batch_size': 45, 'step_size': 9, 'gamma': 0.9879790806858051}. Best is trial 3 with value: 0.00450130774661069.[0m
[32m[I 2025-01-19 10:32:13,864][0m Trial 21 finished with value: 0.08710539427120238 and parameters: {'observation_period_num': 150, 'train_rates': 0.8866440522677017, 'learning_rate': 1.0182759026257476e-06, 'batch_size': 34, 'step_size': 9, 'gamma': 0.9882807500981451}. Best is trial 3 with value: 0.00450130774661069.[0m
[32m[I 2025-01-19 10:33:23,732][0m Trial 22 finished with value: 0.012573961611034462 and parameters: {'observation_period_num': 106, 'train_rates': 0.9370227230598491, 'learning_rate': 8.928166200198436e-05, 'batch_size': 80, 'step_size': 12, 'gamma': 0.9663863732889807}. Best is trial 3 with value: 0.00450130774661069.[0m
[32m[I 2025-01-19 10:35:31,318][0m Trial 23 finished with value: 0.008720565663461792 and parameters: {'observation_period_num': 60, 'train_rates': 0.8508752845338304, 'learning_rate': 7.339851694295482e-05, 'batch_size': 41, 'step_size': 9, 'gamma': 0.8307891731633635}. Best is trial 3 with value: 0.00450130774661069.[0m
[32m[I 2025-01-19 10:37:17,856][0m Trial 24 finished with value: 0.01402662051504994 and parameters: {'observation_period_num': 89, 'train_rates': 0.7984776121165601, 'learning_rate': 0.0001800770937911431, 'batch_size': 46, 'step_size': 9, 'gamma': 0.8924759358066318}. Best is trial 3 with value: 0.00450130774661069.[0m
[32m[I 2025-01-19 10:38:25,179][0m Trial 25 finished with value: 0.004764020892499928 and parameters: {'observation_period_num': 111, 'train_rates': 0.8739509625743747, 'learning_rate': 0.0003990742269921521, 'batch_size': 79, 'step_size': 7, 'gamma': 0.8015885305284857}. Best is trial 3 with value: 0.00450130774661069.[0m
[32m[I 2025-01-19 10:39:26,947][0m Trial 26 finished with value: 0.014327479966987784 and parameters: {'observation_period_num': 154, 'train_rates': 0.8154874162381555, 'learning_rate': 0.0005017157384942593, 'batch_size': 81, 'step_size': 3, 'gamma': 0.796895423363742}. Best is trial 3 with value: 0.00450130774661069.[0m
[32m[I 2025-01-19 10:44:54,610][0m Trial 27 finished with value: 0.002570336458098133 and parameters: {'observation_period_num': 67, 'train_rates': 0.8735181441290687, 'learning_rate': 0.0005324354845750544, 'batch_size': 16, 'step_size': 7, 'gamma': 0.767027448452373}. Best is trial 27 with value: 0.002570336458098133.[0m
[32m[I 2025-01-19 10:45:46,232][0m Trial 28 finished with value: 0.010073514739898119 and parameters: {'observation_period_num': 171, 'train_rates': 0.9293410972842661, 'learning_rate': 0.0005871785508411666, 'batch_size': 107, 'step_size': 6, 'gamma': 0.7622316494763043}. Best is trial 27 with value: 0.002570336458098133.[0m
[32m[I 2025-01-19 10:47:03,920][0m Trial 29 finished with value: 0.006747342290922957 and parameters: {'observation_period_num': 123, 'train_rates': 0.8764738775547498, 'learning_rate': 0.00030816283226851133, 'batch_size': 69, 'step_size': 7, 'gamma': 0.7863992391645855}. Best is trial 27 with value: 0.002570336458098133.[0m
[32m[I 2025-01-19 10:47:51,594][0m Trial 30 finished with value: 0.00938549264581786 and parameters: {'observation_period_num': 140, 'train_rates': 0.7833479660542807, 'learning_rate': 0.0006498281035654541, 'batch_size': 103, 'step_size': 6, 'gamma': 0.7744584038503023}. Best is trial 27 with value: 0.002570336458098133.[0m
[32m[I 2025-01-19 10:53:11,175][0m Trial 31 finished with value: 0.0016199593067090696 and parameters: {'observation_period_num': 67, 'train_rates': 0.8487725473725599, 'learning_rate': 0.0002352197523497361, 'batch_size': 16, 'step_size': 8, 'gamma': 0.8117926610132299}. Best is trial 31 with value: 0.0016199593067090696.[0m
[32m[I 2025-01-19 10:55:41,877][0m Trial 32 finished with value: 0.007218036541267287 and parameters: {'observation_period_num': 110, 'train_rates': 0.7239128860752275, 'learning_rate': 0.00028989895334421, 'batch_size': 30, 'step_size': 7, 'gamma': 0.8079103006298594}. Best is trial 31 with value: 0.0016199593067090696.[0m
[32m[I 2025-01-19 10:57:38,863][0m Trial 33 finished with value: 0.003594709327444434 and parameters: {'observation_period_num': 76, 'train_rates': 0.9887276535409855, 'learning_rate': 0.0007315298778043217, 'batch_size': 50, 'step_size': 5, 'gamma': 0.8460186151298954}. Best is trial 31 with value: 0.0016199593067090696.[0m
[32m[I 2025-01-19 10:59:34,013][0m Trial 34 finished with value: 0.0019030708353966475 and parameters: {'observation_period_num': 70, 'train_rates': 0.989869537347238, 'learning_rate': 0.0007759067346431661, 'batch_size': 51, 'step_size': 5, 'gamma': 0.8477121537588371}. Best is trial 31 with value: 0.0016199593067090696.[0m
[32m[I 2025-01-19 11:01:16,802][0m Trial 35 finished with value: 0.004871008917689323 and parameters: {'observation_period_num': 67, 'train_rates': 0.9844265096841613, 'learning_rate': 0.0009587834640970109, 'batch_size': 57, 'step_size': 3, 'gamma': 0.8579653481417489}. Best is trial 31 with value: 0.0016199593067090696.[0m
[32m[I 2025-01-19 11:03:18,996][0m Trial 36 finished with value: 0.00496227677807316 and parameters: {'observation_period_num': 35, 'train_rates': 0.9513199589819471, 'learning_rate': 0.0006200115169828573, 'batch_size': 47, 'step_size': 5, 'gamma': 0.8404294103418755}. Best is trial 31 with value: 0.0016199593067090696.[0m
[32m[I 2025-01-19 11:08:44,554][0m Trial 37 finished with value: 0.009723170544020832 and parameters: {'observation_period_num': 15, 'train_rates': 0.989478654992774, 'learning_rate': 0.0007058328990366547, 'batch_size': 18, 'step_size': 3, 'gamma': 0.8221780809321066}. Best is trial 31 with value: 0.0016199593067090696.[0m
[32m[I 2025-01-19 11:09:34,660][0m Trial 38 finished with value: 0.09355674362758722 and parameters: {'observation_period_num': 37, 'train_rates': 0.9083019076652801, 'learning_rate': 1.1249846982926125e-05, 'batch_size': 113, 'step_size': 4, 'gamma': 0.8597894670866022}. Best is trial 31 with value: 0.0016199593067090696.[0m
[32m[I 2025-01-19 11:10:06,224][0m Trial 39 finished with value: 0.026952303180264103 and parameters: {'observation_period_num': 246, 'train_rates': 0.9338749301426932, 'learning_rate': 0.00024578483344505904, 'batch_size': 179, 'step_size': 2, 'gamma': 0.8472221575722864}. Best is trial 31 with value: 0.0016199593067090696.[0m
[32m[I 2025-01-19 11:12:53,980][0m Trial 40 finished with value: 0.002293018697503399 and parameters: {'observation_period_num': 87, 'train_rates': 0.9187339617706229, 'learning_rate': 0.00043162047239535825, 'batch_size': 32, 'step_size': 6, 'gamma': 0.8131335919151237}. Best is trial 31 with value: 0.0016199593067090696.[0m
[32m[I 2025-01-19 11:15:53,456][0m Trial 41 finished with value: 0.0027384746788932076 and parameters: {'observation_period_num': 90, 'train_rates': 0.9107434406636539, 'learning_rate': 0.00045456579915500886, 'batch_size': 30, 'step_size': 6, 'gamma': 0.8148048162581844}. Best is trial 31 with value: 0.0016199593067090696.[0m
[32m[I 2025-01-19 11:18:52,455][0m Trial 42 finished with value: 0.005343429258573451 and parameters: {'observation_period_num': 88, 'train_rates': 0.9112092040677393, 'learning_rate': 0.0001288491871953703, 'batch_size': 30, 'step_size': 8, 'gamma': 0.8182019578264625}. Best is trial 31 with value: 0.0016199593067090696.[0m
[32m[I 2025-01-19 11:24:03,984][0m Trial 43 finished with value: 0.0026491763530451266 and parameters: {'observation_period_num': 84, 'train_rates': 0.8220519956658563, 'learning_rate': 0.00046208411075387854, 'batch_size': 16, 'step_size': 6, 'gamma': 0.790076995019313}. Best is trial 31 with value: 0.0016199593067090696.[0m
[32m[I 2025-01-19 11:28:45,236][0m Trial 44 finished with value: 0.002170376899010091 and parameters: {'observation_period_num': 66, 'train_rates': 0.8335697928774592, 'learning_rate': 0.00040923770506889916, 'batch_size': 18, 'step_size': 8, 'gamma': 0.788058945440105}. Best is trial 31 with value: 0.0016199593067090696.[0m
[32m[I 2025-01-19 11:31:03,744][0m Trial 45 finished with value: 0.003426956987792724 and parameters: {'observation_period_num': 64, 'train_rates': 0.8365120683302159, 'learning_rate': 0.0003320547995620252, 'batch_size': 37, 'step_size': 8, 'gamma': 0.764874111615794}. Best is trial 31 with value: 0.0016199593067090696.[0m
[32m[I 2025-01-19 11:34:27,247][0m Trial 46 finished with value: 0.010977501873858273 and parameters: {'observation_period_num': 21, 'train_rates': 0.8645356262153258, 'learning_rate': 0.00012744287565389116, 'batch_size': 26, 'step_size': 7, 'gamma': 0.8344918858533243}. Best is trial 31 with value: 0.0016199593067090696.[0m
[32m[I 2025-01-19 11:35:29,462][0m Trial 47 finished with value: 0.014348069624844398 and parameters: {'observation_period_num': 36, 'train_rates': 0.6361893564951681, 'learning_rate': 0.0008006467608956679, 'batch_size': 71, 'step_size': 8, 'gamma': 0.7574200006229586}. Best is trial 31 with value: 0.0016199593067090696.[0m
[32m[I 2025-01-19 11:37:07,559][0m Trial 48 finished with value: 0.018053268647812322 and parameters: {'observation_period_num': 72, 'train_rates': 0.8438446159632135, 'learning_rate': 4.464034897434323e-05, 'batch_size': 52, 'step_size': 5, 'gamma': 0.7834693476854147}. Best is trial 31 with value: 0.0016199593067090696.[0m
[32m[I 2025-01-19 11:37:42,826][0m Trial 49 finished with value: 0.011435658380031145 and parameters: {'observation_period_num': 53, 'train_rates': 0.8144510439768162, 'learning_rate': 0.000235234927171058, 'batch_size': 148, 'step_size': 7, 'gamma': 0.8065472074978149}. Best is trial 31 with value: 0.0016199593067090696.[0m
[32m[I 2025-01-19 11:37:42,831][0m A new study created in memory with name: no-name-32b29fa1-b45f-4fc5-9c24-471f16046238[0m
[32m[I 2025-01-19 11:37:59,941][0m Trial 0 finished with value: 0.21720911886972877 and parameters: {'observation_period_num': 229, 'train_rates': 0.6203869617368839, 'learning_rate': 0.000997764208878417, 'batch_size': 253, 'step_size': 14, 'gamma': 0.9057815904312756}. Best is trial 0 with value: 0.21720911886972877.[0m
[32m[I 2025-01-19 11:40:42,694][0m Trial 1 finished with value: 0.19193255893910843 and parameters: {'observation_period_num': 74, 'train_rates': 0.8963198952101255, 'learning_rate': 3.2018887945271827e-06, 'batch_size': 33, 'step_size': 14, 'gamma': 0.9371749422611296}. Best is trial 1 with value: 0.19193255893910843.[0m
[32m[I 2025-01-19 11:43:08,923][0m Trial 2 finished with value: 0.4976642995045103 and parameters: {'observation_period_num': 154, 'train_rates': 0.9074378418974227, 'learning_rate': 1.866461993387281e-06, 'batch_size': 36, 'step_size': 9, 'gamma': 0.7527371487068127}. Best is trial 1 with value: 0.19193255893910843.[0m
[32m[I 2025-01-19 11:43:32,554][0m Trial 3 finished with value: 0.32204849078603415 and parameters: {'observation_period_num': 184, 'train_rates': 0.9008828868477053, 'learning_rate': 0.00016592636674185403, 'batch_size': 235, 'step_size': 13, 'gamma': 0.8007803943819488}. Best is trial 1 with value: 0.19193255893910843.[0m
[32m[I 2025-01-19 11:43:56,859][0m Trial 4 finished with value: 0.0569567215619701 and parameters: {'observation_period_num': 5, 'train_rates': 0.8298460458641491, 'learning_rate': 1.5924066679196668e-05, 'batch_size': 244, 'step_size': 13, 'gamma': 0.8308909945433687}. Best is trial 4 with value: 0.0569567215619701.[0m
[32m[I 2025-01-19 11:44:24,505][0m Trial 5 finished with value: 0.20777286319746135 and parameters: {'observation_period_num': 138, 'train_rates': 0.8750990640279817, 'learning_rate': 0.00012490076816201783, 'batch_size': 203, 'step_size': 2, 'gamma': 0.8628435123718616}. Best is trial 4 with value: 0.0569567215619701.[0m
[32m[I 2025-01-19 11:48:54,758][0m Trial 6 finished with value: 0.1939974291003253 and parameters: {'observation_period_num': 130, 'train_rates': 0.883356474584065, 'learning_rate': 6.338122654265696e-05, 'batch_size': 19, 'step_size': 6, 'gamma': 0.9085485325509232}. Best is trial 4 with value: 0.0569567215619701.[0m
[32m[I 2025-01-19 11:49:21,328][0m Trial 7 finished with value: 0.5404250066939408 and parameters: {'observation_period_num': 221, 'train_rates': 0.8210653014500264, 'learning_rate': 1.8228699064657835e-06, 'batch_size': 188, 'step_size': 10, 'gamma': 0.8167211722059601}. Best is trial 4 with value: 0.0569567215619701.[0m
[32m[I 2025-01-19 11:50:25,127][0m Trial 8 finished with value: 0.19194417100321737 and parameters: {'observation_period_num': 170, 'train_rates': 0.6417319163803683, 'learning_rate': 4.61354929107135e-05, 'batch_size': 65, 'step_size': 14, 'gamma': 0.9366344567105345}. Best is trial 4 with value: 0.0569567215619701.[0m
[32m[I 2025-01-19 11:51:01,783][0m Trial 9 finished with value: 0.49847104479142323 and parameters: {'observation_period_num': 166, 'train_rates': 0.912482407388369, 'learning_rate': 2.1806783956123682e-05, 'batch_size': 145, 'step_size': 1, 'gamma': 0.8898022123420875}. Best is trial 4 with value: 0.0569567215619701.[0m
[32m[I 2025-01-19 11:51:46,012][0m Trial 10 finished with value: 0.054872467015823406 and parameters: {'observation_period_num': 11, 'train_rates': 0.7226569483873957, 'learning_rate': 8.10363399136955e-06, 'batch_size': 110, 'step_size': 6, 'gamma': 0.9819837645061075}. Best is trial 10 with value: 0.054872467015823406.[0m
[32m[I 2025-01-19 11:52:30,152][0m Trial 11 finished with value: 0.0378444724208759 and parameters: {'observation_period_num': 9, 'train_rates': 0.7178732315090927, 'learning_rate': 8.47982716322668e-06, 'batch_size': 109, 'step_size': 6, 'gamma': 0.9730225483743374}. Best is trial 11 with value: 0.0378444724208759.[0m
[32m[I 2025-01-19 11:53:14,351][0m Trial 12 finished with value: 0.02891156779019379 and parameters: {'observation_period_num': 6, 'train_rates': 0.7249772727950599, 'learning_rate': 8.282723782992361e-06, 'batch_size': 110, 'step_size': 5, 'gamma': 0.9896698044429222}. Best is trial 12 with value: 0.02891156779019379.[0m
[32m[I 2025-01-19 11:53:59,041][0m Trial 13 finished with value: 0.20725272314943327 and parameters: {'observation_period_num': 70, 'train_rates': 0.7292648857050037, 'learning_rate': 6.344233270838927e-06, 'batch_size': 106, 'step_size': 5, 'gamma': 0.9889431414091915}. Best is trial 12 with value: 0.02891156779019379.[0m
