[32m[I 2025-02-02 17:40:10,415][0m Trial 15 finished with value: 0.3164887548612317 and parameters: {'observation_period_num': 52, 'train_rates': 0.7061807242437299, 'learning_rate': 2.240098722703549e-05, 'batch_size': 152, 'step_size': 4, 'gamma': 0.8409923940806425}. Best is trial 11 with value: 0.055397333219867353.[0m
[32m[I 2025-02-02 17:41:38,554][0m Trial 16 finished with value: 0.0719349736140834 and parameters: {'observation_period_num': 117, 'train_rates': 0.8157762488633262, 'learning_rate': 0.00041502956809768226, 'batch_size': 58, 'step_size': 9, 'gamma': 0.9454802246117037}. Best is trial 11 with value: 0.055397333219867353.[0m
[32m[I 2025-02-02 17:42:39,180][0m Trial 17 finished with value: 0.07862678170204163 and parameters: {'observation_period_num': 55, 'train_rates': 0.9779202534418274, 'learning_rate': 4.842783228200683e-05, 'batch_size': 102, 'step_size': 5, 'gamma': 0.8455561634011692}. Best is trial 11 with value: 0.055397333219867353.[0m
[32m[I 2025-02-02 17:43:23,143][0m Trial 18 finished with value: 0.04925206060642782 and parameters: {'observation_period_num': 14, 'train_rates': 0.8749572470196095, 'learning_rate': 0.0001889819217527405, 'batch_size': 140, 'step_size': 9, 'gamma': 0.9092172348977259}. Best is trial 18 with value: 0.04925206060642782.[0m
[32m[I 2025-02-02 17:44:01,470][0m Trial 19 finished with value: 0.04907155397897119 and parameters: {'observation_period_num': 12, 'train_rates': 0.8573919483621366, 'learning_rate': 0.00018617345544968782, 'batch_size': 153, 'step_size': 10, 'gamma': 0.9112487430638792}. Best is trial 19 with value: 0.04907155397897119.[0m
[32m[I 2025-02-02 17:44:27,218][0m Trial 20 finished with value: 0.07580193454952916 and parameters: {'observation_period_num': 5, 'train_rates': 0.875679998203962, 'learning_rate': 2.1754497298382567e-05, 'batch_size': 243, 'step_size': 14, 'gamma': 0.9130061696075837}. Best is trial 19 with value: 0.04907155397897119.[0m
[32m[I 2025-02-02 17:45:06,021][0m Trial 21 finished with value: 0.0569238402443476 and parameters: {'observation_period_num': 35, 'train_rates': 0.8707918397100411, 'learning_rate': 0.00022106957557022777, 'batch_size': 155, 'step_size': 10, 'gamma': 0.9536827775986382}. Best is trial 19 with value: 0.04907155397897119.[0m
[32m[I 2025-02-02 17:45:41,327][0m Trial 22 finished with value: 0.05105721448035026 and parameters: {'observation_period_num': 25, 'train_rates': 0.8020630277889437, 'learning_rate': 0.0006116741140221499, 'batch_size': 157, 'step_size': 9, 'gamma': 0.9348889783226704}. Best is trial 19 with value: 0.04907155397897119.[0m
[32m[I 2025-02-02 17:46:14,643][0m Trial 23 finished with value: 0.07185337704869219 and parameters: {'observation_period_num': 23, 'train_rates': 0.7325279920395587, 'learning_rate': 0.0001700361951475933, 'batch_size': 158, 'step_size': 10, 'gamma': 0.9052163470563929}. Best is trial 19 with value: 0.04907155397897119.[0m
[32m[I 2025-02-02 17:46:41,074][0m Trial 24 finished with value: 0.07966951256364045 and parameters: {'observation_period_num': 57, 'train_rates': 0.7897529864245363, 'learning_rate': 5.0480659114078154e-05, 'batch_size': 220, 'step_size': 10, 'gamma': 0.9280772696365763}. Best is trial 19 with value: 0.04907155397897119.[0m
[32m[I 2025-02-02 17:47:19,560][0m Trial 25 finished with value: 0.05321575903230243 and parameters: {'observation_period_num': 29, 'train_rates': 0.8460919033118248, 'learning_rate': 0.000503701958542133, 'batch_size': 151, 'step_size': 13, 'gamma': 0.9661034653075201}. Best is trial 19 with value: 0.04907155397897119.[0m
[32m[I 2025-02-02 17:48:15,539][0m Trial 26 finished with value: 0.05677345829705397 and parameters: {'observation_period_num': 11, 'train_rates': 0.9553949396334545, 'learning_rate': 7.967924294276639e-05, 'batch_size': 110, 'step_size': 9, 'gamma': 0.859268362447235}. Best is trial 19 with value: 0.04907155397897119.[0m
[32m[I 2025-02-02 17:49:27,408][0m Trial 27 finished with value: 0.05950474867824117 and parameters: {'observation_period_num': 48, 'train_rates': 0.8784086174098885, 'learning_rate': 0.00021232837420115904, 'batch_size': 78, 'step_size': 6, 'gamma': 0.9327978322407424}. Best is trial 19 with value: 0.04907155397897119.[0m
[32m[I 2025-02-02 17:50:06,606][0m Trial 28 finished with value: 0.07430149215672698 and parameters: {'observation_period_num': 62, 'train_rates': 0.8401130306114398, 'learning_rate': 0.00015070255685685065, 'batch_size': 143, 'step_size': 9, 'gamma': 0.8986688448512448}. Best is trial 19 with value: 0.04907155397897119.[0m
[32m[I 2025-02-02 17:50:27,842][0m Trial 29 finished with value: 0.2020718107967011 and parameters: {'observation_period_num': 72, 'train_rates': 0.6012748844558017, 'learning_rate': 0.0009435811596824064, 'batch_size': 232, 'step_size': 7, 'gamma': 0.8625874618634531}. Best is trial 19 with value: 0.04907155397897119.[0m
[32m[I 2025-02-02 17:51:00,396][0m Trial 30 finished with value: 0.3660529211280853 and parameters: {'observation_period_num': 7, 'train_rates': 0.7845575871155013, 'learning_rate': 1.3699514515361164e-06, 'batch_size': 170, 'step_size': 12, 'gamma': 0.8206757345838839}. Best is trial 19 with value: 0.04907155397897119.[0m
[32m[I 2025-02-02 17:51:38,830][0m Trial 31 finished with value: 0.06404412985866326 and parameters: {'observation_period_num': 31, 'train_rates': 0.8497214453268083, 'learning_rate': 0.0005257054637501824, 'batch_size': 147, 'step_size': 14, 'gamma': 0.9659291942887765}. Best is trial 19 with value: 0.04907155397897119.[0m
[32m[I 2025-02-02 17:52:14,603][0m Trial 32 finished with value: 0.059931704331012 and parameters: {'observation_period_num': 27, 'train_rates': 0.8994750132992494, 'learning_rate': 0.0003162206446933509, 'batch_size': 166, 'step_size': 15, 'gamma': 0.9645560693861492}. Best is trial 19 with value: 0.04907155397897119.[0m
[32m[I 2025-02-02 17:53:03,602][0m Trial 33 finished with value: 0.06021710308426517 and parameters: {'observation_period_num': 42, 'train_rates': 0.8581366500162241, 'learning_rate': 0.00012103802132978385, 'batch_size': 114, 'step_size': 12, 'gamma': 0.9198118559756413}. Best is trial 19 with value: 0.04907155397897119.[0m
[32m[I 2025-02-02 17:53:34,091][0m Trial 34 finished with value: 0.045267051046950994 and parameters: {'observation_period_num': 21, 'train_rates': 0.8200936730139688, 'learning_rate': 0.0005627244660875208, 'batch_size': 190, 'step_size': 13, 'gamma': 0.8912564155355595}. Best is trial 34 with value: 0.045267051046950994.[0m
[32m[I 2025-02-02 17:53:58,125][0m Trial 35 finished with value: 0.06918256676239933 and parameters: {'observation_period_num': 20, 'train_rates': 0.81034212022389, 'learning_rate': 7.503868710889578e-05, 'batch_size': 256, 'step_size': 11, 'gamma': 0.8848983168312}. Best is trial 34 with value: 0.045267051046950994.[0m
[32m[I 2025-02-02 17:54:28,258][0m Trial 36 finished with value: 0.05981687662912713 and parameters: {'observation_period_num': 41, 'train_rates': 0.829789219229778, 'learning_rate': 0.0006608243337395377, 'batch_size': 189, 'step_size': 10, 'gamma': 0.9004863960267755}. Best is trial 34 with value: 0.045267051046950994.[0m
[32m[I 2025-02-02 17:54:57,994][0m Trial 37 finished with value: 0.0640264461320397 and parameters: {'observation_period_num': 65, 'train_rates': 0.8976235541030642, 'learning_rate': 0.0002550420621672017, 'batch_size': 206, 'step_size': 13, 'gamma': 0.9157972508062457}. Best is trial 34 with value: 0.045267051046950994.[0m
[32m[I 2025-02-02 17:55:22,087][0m Trial 38 finished with value: 0.13203717519839606 and parameters: {'observation_period_num': 206, 'train_rates': 0.7674322238260075, 'learning_rate': 0.0001341721518765876, 'batch_size': 219, 'step_size': 7, 'gamma': 0.8711308053314488}. Best is trial 34 with value: 0.045267051046950994.[0m
[32m[I 2025-02-02 17:55:48,956][0m Trial 39 finished with value: 0.7296890531267438 and parameters: {'observation_period_num': 158, 'train_rates': 0.7093873400768993, 'learning_rate': 2.8678188265010744e-06, 'batch_size': 183, 'step_size': 11, 'gamma': 0.8894673109738971}. Best is trial 34 with value: 0.045267051046950994.[0m
[32m[I 2025-02-02 17:56:28,587][0m Trial 40 finished with value: 0.054922282695770264 and parameters: {'observation_period_num': 16, 'train_rates': 0.9479337398102239, 'learning_rate': 9.264074880780325e-05, 'batch_size': 163, 'step_size': 15, 'gamma': 0.93392962062755}. Best is trial 34 with value: 0.045267051046950994.[0m
[32m[I 2025-02-02 17:57:09,763][0m Trial 41 finished with value: 0.05342988839844158 and parameters: {'observation_period_num': 30, 'train_rates': 0.8553725161001912, 'learning_rate': 0.00045864447307110716, 'batch_size': 139, 'step_size': 13, 'gamma': 0.9693032924745291}. Best is trial 34 with value: 0.045267051046950994.[0m
[32m[I 2025-02-02 17:57:42,118][0m Trial 42 finished with value: 0.05336206033825874 and parameters: {'observation_period_num': 19, 'train_rates': 0.8307841644316807, 'learning_rate': 0.0006684135789715825, 'batch_size': 175, 'step_size': 14, 'gamma': 0.9081977011226949}. Best is trial 34 with value: 0.045267051046950994.[0m
[32m[I 2025-02-02 17:58:10,257][0m Trial 43 finished with value: 0.07442554703267634 and parameters: {'observation_period_num': 36, 'train_rates': 0.8007497847465989, 'learning_rate': 0.0002690265055925216, 'batch_size': 197, 'step_size': 12, 'gamma': 0.9216093376323913}. Best is trial 34 with value: 0.045267051046950994.[0m
[32m[I 2025-02-02 17:58:53,050][0m Trial 44 finished with value: 0.057596526024016464 and parameters: {'observation_period_num': 6, 'train_rates': 0.8954382849912568, 'learning_rate': 0.00048777438608936925, 'batch_size': 140, 'step_size': 11, 'gamma': 0.939982043624518}. Best is trial 34 with value: 0.045267051046950994.[0m
[32m[I 2025-02-02 17:59:38,677][0m Trial 45 finished with value: 0.057865883135183684 and parameters: {'observation_period_num': 44, 'train_rates': 0.8191737792439419, 'learning_rate': 0.000852070922283914, 'batch_size': 120, 'step_size': 1, 'gamma': 0.9890594421862645}. Best is trial 34 with value: 0.045267051046950994.[0m
[32m[I 2025-02-02 18:00:11,594][0m Trial 46 finished with value: 0.06388882583961254 and parameters: {'observation_period_num': 82, 'train_rates': 0.843005712582707, 'learning_rate': 0.00018552967794453897, 'batch_size': 181, 'step_size': 13, 'gamma': 0.7748794520447686}. Best is trial 34 with value: 0.045267051046950994.[0m
[32m[I 2025-02-02 18:00:50,731][0m Trial 47 finished with value: 0.055499187483459195 and parameters: {'observation_period_num': 24, 'train_rates': 0.8626063686836936, 'learning_rate': 0.00036261401946926326, 'batch_size': 151, 'step_size': 9, 'gamma': 0.9561464992892585}. Best is trial 34 with value: 0.045267051046950994.[0m
[32m[I 2025-02-02 18:01:33,728][0m Trial 48 finished with value: 0.06048849092487909 and parameters: {'observation_period_num': 67, 'train_rates': 0.886929801565132, 'learning_rate': 0.0005007092685253254, 'batch_size': 135, 'step_size': 14, 'gamma': 0.8874073723447402}. Best is trial 34 with value: 0.045267051046950994.[0m
[32m[I 2025-02-02 18:02:09,110][0m Trial 49 finished with value: 0.04584299922332786 and parameters: {'observation_period_num': 17, 'train_rates': 0.9262097783427613, 'learning_rate': 0.0007032989170863389, 'batch_size': 173, 'step_size': 8, 'gamma': 0.8922042704599725}. Best is trial 34 with value: 0.045267051046950994.[0m
seasonal_0 „ÅÆÊúÄÈÅ©„Éè„Ç§„Éë„Éº„Éë„É©„É°„Éº„Çø„ÅåË¶ã„Å§„Åã„Çä„Åæ„Åó„Åü
ÊúÄÈÅ©ÂåñÂØæË±°: seasonal_1
[32m[I 2025-02-02 18:02:09,121][0m A new study created in memory with name: no-name-62396c2c-6815-490f-9db9-95994d65c8a7[0m
[32m[I 2025-02-02 18:02:42,234][0m Trial 0 finished with value: 0.10552272263491688 and parameters: {'observation_period_num': 147, 'train_rates': 0.8648016765525546, 'learning_rate': 0.00017794892464259563, 'batch_size': 181, 'step_size': 2, 'gamma': 0.8895879688662377}. Best is trial 0 with value: 0.10552272263491688.[0m
[32m[I 2025-02-02 18:03:09,695][0m Trial 1 finished with value: 0.1366220861673355 and parameters: {'observation_period_num': 111, 'train_rates': 0.9691004417013895, 'learning_rate': 1.5802305148982047e-05, 'batch_size': 239, 'step_size': 12, 'gamma': 0.9611239181572755}. Best is trial 0 with value: 0.10552272263491688.[0m
[32m[I 2025-02-02 18:03:41,885][0m Trial 2 finished with value: 0.06368533314312276 and parameters: {'observation_period_num': 124, 'train_rates': 0.8578014783208985, 'learning_rate': 0.000801719391398328, 'batch_size': 184, 'step_size': 6, 'gamma': 0.7980926758453784}. Best is trial 2 with value: 0.06368533314312276.[0m
[32m[I 2025-02-02 18:04:10,734][0m Trial 3 finished with value: 0.37396774616072087 and parameters: {'observation_period_num': 138, 'train_rates': 0.7398186576006297, 'learning_rate': 1.2837262484224317e-05, 'batch_size': 178, 'step_size': 7, 'gamma': 0.9477244768563029}. Best is trial 2 with value: 0.06368533314312276.[0m
[32m[I 2025-02-02 18:04:35,878][0m Trial 4 finished with value: 0.8847332053700147 and parameters: {'observation_period_num': 157, 'train_rates': 0.6656646090411146, 'learning_rate': 3.4276347003132346e-06, 'batch_size': 187, 'step_size': 2, 'gamma': 0.9490924671861654}. Best is trial 2 with value: 0.06368533314312276.[0m
[32m[I 2025-02-02 18:05:52,543][0m Trial 5 finished with value: 0.06503304071612094 and parameters: {'observation_period_num': 51, 'train_rates': 0.9314273625969403, 'learning_rate': 5.93477509502224e-05, 'batch_size': 78, 'step_size': 9, 'gamma': 0.7635095231587409}. Best is trial 2 with value: 0.06368533314312276.[0m
[32m[I 2025-02-02 18:08:26,395][0m Trial 6 finished with value: 0.16932434875010524 and parameters: {'observation_period_num': 204, 'train_rates': 0.7169540961324838, 'learning_rate': 6.983508373610355e-05, 'batch_size': 29, 'step_size': 8, 'gamma': 0.9870816383370875}. Best is trial 2 with value: 0.06368533314312276.[0m
[32m[I 2025-02-02 18:08:47,527][0m Trial 7 finished with value: 0.8511697805941162 and parameters: {'observation_period_num': 148, 'train_rates': 0.6266303868687264, 'learning_rate': 9.742580121141777e-06, 'batch_size': 242, 'step_size': 5, 'gamma': 0.7683349657446166}. Best is trial 2 with value: 0.06368533314312276.[0m
[32m[I 2025-02-02 18:09:30,623][0m Trial 8 finished with value: 0.20095366933934333 and parameters: {'observation_period_num': 223, 'train_rates': 0.7091339271550837, 'learning_rate': 0.00033686464652959557, 'batch_size': 112, 'step_size': 4, 'gamma': 0.9579325397552045}. Best is trial 2 with value: 0.06368533314312276.[0m
[32m[I 2025-02-02 18:10:22,193][0m Trial 9 finished with value: 0.06569475213867657 and parameters: {'observation_period_num': 32, 'train_rates': 0.8497811227775353, 'learning_rate': 3.3479417831453196e-05, 'batch_size': 112, 'step_size': 2, 'gamma': 0.9810551315857344}. Best is trial 2 with value: 0.06368533314312276.[0m
[32m[I 2025-02-02 18:10:59,560][0m Trial 10 finished with value: 0.10368587775765178 and parameters: {'observation_period_num': 75, 'train_rates': 0.8139939145626551, 'learning_rate': 0.0009902562667728936, 'batch_size': 148, 'step_size': 15, 'gamma': 0.8205958285321969}. Best is trial 2 with value: 0.06368533314312276.[0m
[32m[I 2025-02-02 18:12:45,025][0m Trial 11 finished with value: 0.3132674880533911 and parameters: {'observation_period_num': 25, 'train_rates': 0.9391077410597036, 'learning_rate': 1.0798873988986446e-06, 'batch_size': 55, 'step_size': 10, 'gamma': 0.7632929554917037}. Best is trial 2 with value: 0.06368533314312276.[0m
[32m[I 2025-02-02 18:13:58,167][0m Trial 12 finished with value: 0.06868142669471047 and parameters: {'observation_period_num': 74, 'train_rates': 0.9033598565951677, 'learning_rate': 0.00048083770511900124, 'batch_size': 78, 'step_size': 11, 'gamma': 0.812915555602177}. Best is trial 2 with value: 0.06368533314312276.[0m
[32m[I 2025-02-02 18:15:03,331][0m Trial 13 finished with value: 0.07214881498136638 and parameters: {'observation_period_num': 79, 'train_rates': 0.915387784481148, 'learning_rate': 0.00011639130935217947, 'batch_size': 89, 'step_size': 6, 'gamma': 0.8088795248784334}. Best is trial 2 with value: 0.06368533314312276.[0m
[32m[I 2025-02-02 18:15:41,070][0m Trial 14 finished with value: 0.13420548284893594 and parameters: {'observation_period_num': 186, 'train_rates': 0.789748242660538, 'learning_rate': 5.121720488811957e-05, 'batch_size': 145, 'step_size': 9, 'gamma': 0.8563232304490465}. Best is trial 2 with value: 0.06368533314312276.[0m
[32m[I 2025-02-02 18:16:10,649][0m Trial 15 finished with value: 0.08733165264129639 and parameters: {'observation_period_num': 252, 'train_rates': 0.975685163779203, 'learning_rate': 0.0008997140323311462, 'batch_size': 211, 'step_size': 13, 'gamma': 0.785833246332662}. Best is trial 2 with value: 0.06368533314312276.[0m
[32m[I 2025-02-02 18:20:23,270][0m Trial 16 finished with value: 0.07318917030136879 and parameters: {'observation_period_num': 104, 'train_rates': 0.871798356513874, 'learning_rate': 0.00022329141055072422, 'batch_size': 21, 'step_size': 4, 'gamma': 0.8572617535321694}. Best is trial 2 with value: 0.06368533314312276.[0m
[32m[I 2025-02-02 18:21:08,002][0m Trial 17 finished with value: 0.36377247580194966 and parameters: {'observation_period_num': 44, 'train_rates': 0.8011026133643275, 'learning_rate': 3.8735558806618255e-06, 'batch_size': 124, 'step_size': 8, 'gamma': 0.7502892599371062}. Best is trial 2 with value: 0.06368533314312276.[0m
[32m[I 2025-02-02 18:22:35,625][0m Trial 18 finished with value: 0.05334175266831169 and parameters: {'observation_period_num': 6, 'train_rates': 0.9249477604370226, 'learning_rate': 0.00010699865734385972, 'batch_size': 67, 'step_size': 6, 'gamma': 0.7859215900796909}. Best is trial 18 with value: 0.05334175266831169.[0m
[32m[I 2025-02-02 18:24:13,556][0m Trial 19 finished with value: 0.09845284656941436 and parameters: {'observation_period_num': 178, 'train_rates': 0.7637529997941678, 'learning_rate': 0.0003859946735293706, 'batch_size': 50, 'step_size': 6, 'gamma': 0.8938699945108559}. Best is trial 18 with value: 0.05334175266831169.[0m
[32m[I 2025-02-02 18:24:41,470][0m Trial 20 finished with value: 0.07981459562312772 and parameters: {'observation_period_num': 9, 'train_rates': 0.8401490363235361, 'learning_rate': 0.00010344547124438729, 'batch_size': 212, 'step_size': 4, 'gamma': 0.7935375100530937}. Best is trial 18 with value: 0.05334175266831169.[0m
[32m[I 2025-02-02 18:25:49,394][0m Trial 21 finished with value: 0.08001481554694048 and parameters: {'observation_period_num': 59, 'train_rates': 0.9092993367240503, 'learning_rate': 2.7847791841355333e-05, 'batch_size': 85, 'step_size': 9, 'gamma': 0.8377126038942786}. Best is trial 18 with value: 0.05334175266831169.[0m
[32m[I 2025-02-02 18:27:29,215][0m Trial 22 finished with value: 0.048290765914269264 and parameters: {'observation_period_num': 9, 'train_rates': 0.9414680343414497, 'learning_rate': 0.00015509369218601353, 'batch_size': 60, 'step_size': 7, 'gamma': 0.7792063052439119}. Best is trial 22 with value: 0.048290765914269264.[0m
[32m[I 2025-02-02 18:29:16,756][0m Trial 23 finished with value: 0.05161645749340887 and parameters: {'observation_period_num': 18, 'train_rates': 0.8824158612324394, 'learning_rate': 0.00017971689050841832, 'batch_size': 52, 'step_size': 6, 'gamma': 0.7919010151260605}. Best is trial 22 with value: 0.048290765914269264.[0m
[32m[I 2025-02-02 18:31:29,885][0m Trial 24 finished with value: 0.04422613730033239 and parameters: {'observation_period_num': 6, 'train_rates': 0.9542941087094593, 'learning_rate': 0.000169314133492727, 'batch_size': 45, 'step_size': 7, 'gamma': 0.8364599332740307}. Best is trial 24 with value: 0.04422613730033239.[0m
[32m[I 2025-02-02 18:34:00,805][0m Trial 25 finished with value: 0.08044876158237457 and parameters: {'observation_period_num': 25, 'train_rates': 0.9893262737262702, 'learning_rate': 0.00025449256723330925, 'batch_size': 40, 'step_size': 8, 'gamma': 0.8330124581671803}. Best is trial 24 with value: 0.04422613730033239.[0m
[32m[I 2025-02-02 18:36:32,157][0m Trial 26 finished with value: 0.04600942668979926 and parameters: {'observation_period_num': 6, 'train_rates': 0.9489573013459127, 'learning_rate': 0.0001508259679722254, 'batch_size': 39, 'step_size': 7, 'gamma': 0.8870847318174346}. Best is trial 24 with value: 0.04422613730033239.[0m
[32m[I 2025-02-02 18:40:43,456][0m Trial 27 finished with value: 0.05504977889358997 and parameters: {'observation_period_num': 36, 'train_rates': 0.9527518253545311, 'learning_rate': 0.0004864782612009735, 'batch_size': 23, 'step_size': 7, 'gamma': 0.9135694811768603}. Best is trial 24 with value: 0.04422613730033239.[0m
[32m[I 2025-02-02 18:41:43,386][0m Trial 28 finished with value: 0.08700538962340552 and parameters: {'observation_period_num': 91, 'train_rates': 0.9579098320689164, 'learning_rate': 3.495631089594112e-05, 'batch_size': 101, 'step_size': 3, 'gamma': 0.9197241464643763}. Best is trial 24 with value: 0.04422613730033239.[0m
[32m[I 2025-02-02 18:43:59,987][0m Trial 29 finished with value: 0.07706853283088355 and parameters: {'observation_period_num': 58, 'train_rates': 0.8837060199941638, 'learning_rate': 0.00014268932016121507, 'batch_size': 40, 'step_size': 10, 'gamma': 0.8816415952130073}. Best is trial 24 with value: 0.04422613730033239.[0m
[32m[I 2025-02-02 18:45:44,381][0m Trial 30 finished with value: 0.06864290684461594 and parameters: {'observation_period_num': 9, 'train_rates': 0.9860806561721955, 'learning_rate': 8.90680311596507e-05, 'batch_size': 59, 'step_size': 7, 'gamma': 0.8590891990342859}. Best is trial 24 with value: 0.04422613730033239.[0m
