[32m[I 2025-02-02 18:48:11,026][0m Trial 31 finished with value: 0.054881904468250774 and parameters: {'observation_period_num': 20, 'train_rates': 0.9017199922132275, 'learning_rate': 0.00018112819184131211, 'batch_size': 39, 'step_size': 5, 'gamma': 0.8390048216726045}. Best is trial 24 with value: 0.04422613730033239.[0m
[32m[I 2025-02-02 18:49:44,236][0m Trial 32 finished with value: 0.04175692190691619 and parameters: {'observation_period_num': 5, 'train_rates': 0.9519672615322599, 'learning_rate': 0.00024608070100553175, 'batch_size': 65, 'step_size': 5, 'gamma': 0.87796502742039}. Best is trial 32 with value: 0.04175692190691619.[0m
[32m[I 2025-02-02 18:51:14,501][0m Trial 33 finished with value: 0.043573234755320836 and parameters: {'observation_period_num': 5, 'train_rates': 0.9495942321372338, 'learning_rate': 0.00031715679266050144, 'batch_size': 68, 'step_size': 5, 'gamma': 0.8992673757118167}. Best is trial 32 with value: 0.04175692190691619.[0m
[32m[I 2025-02-02 18:52:40,405][0m Trial 34 finished with value: 0.05512384905145978 and parameters: {'observation_period_num': 39, 'train_rates': 0.9637225908480708, 'learning_rate': 0.0006137212253380361, 'batch_size': 69, 'step_size': 1, 'gamma': 0.9075016952182658}. Best is trial 32 with value: 0.04175692190691619.[0m
[32m[I 2025-02-02 18:53:46,486][0m Trial 35 finished with value: 0.05532460012718251 and parameters: {'observation_period_num': 51, 'train_rates': 0.9608203888072026, 'learning_rate': 0.00028719947429432454, 'batch_size': 90, 'step_size': 5, 'gamma': 0.9328637870210695}. Best is trial 32 with value: 0.04175692190691619.[0m
[32m[I 2025-02-02 18:58:48,305][0m Trial 36 finished with value: 0.07630205457752519 and parameters: {'observation_period_num': 120, 'train_rates': 0.8365064403962058, 'learning_rate': 0.0005839167915278492, 'batch_size': 17, 'step_size': 3, 'gamma': 0.878882745902103}. Best is trial 32 with value: 0.04175692190691619.[0m
[32m[I 2025-02-02 19:01:34,694][0m Trial 37 finished with value: 0.047688425262820536 and parameters: {'observation_period_num': 23, 'train_rates': 0.9342445370600857, 'learning_rate': 0.0003448876433078552, 'batch_size': 35, 'step_size': 3, 'gamma': 0.8997244126894397}. Best is trial 32 with value: 0.04175692190691619.[0m
[32m[I 2025-02-02 19:02:13,887][0m Trial 38 finished with value: 0.07120793118232789 and parameters: {'observation_period_num': 38, 'train_rates': 0.884418737402563, 'learning_rate': 6.945564949662149e-05, 'batch_size': 160, 'step_size': 5, 'gamma': 0.8680953191878767}. Best is trial 32 with value: 0.04175692190691619.[0m
[32m[I 2025-02-02 19:03:36,962][0m Trial 39 finished with value: 0.07045842098215452 and parameters: {'observation_period_num': 5, 'train_rates': 0.9737951809756648, 'learning_rate': 2.0431929740835374e-05, 'batch_size': 75, 'step_size': 7, 'gamma': 0.9350778966810519}. Best is trial 32 with value: 0.04175692190691619.[0m
[32m[I 2025-02-02 19:04:19,862][0m Trial 40 finished with value: 0.17548033268152116 and parameters: {'observation_period_num': 58, 'train_rates': 0.6019963985906958, 'learning_rate': 0.00019207537290464246, 'batch_size': 107, 'step_size': 8, 'gamma': 0.8831819225706118}. Best is trial 32 with value: 0.04175692190691619.[0m
[32m[I 2025-02-02 19:07:10,207][0m Trial 41 finished with value: 0.04734189655882707 and parameters: {'observation_period_num': 19, 'train_rates': 0.9343625638832003, 'learning_rate': 0.00038425719235017706, 'batch_size': 34, 'step_size': 3, 'gamma': 0.9005834367710553}. Best is trial 32 with value: 0.04175692190691619.[0m
[32m[I 2025-02-02 19:09:21,501][0m Trial 42 finished with value: 0.06662564998378559 and parameters: {'observation_period_num': 21, 'train_rates': 0.9501029281922506, 'learning_rate': 0.0002532998662782211, 'batch_size': 45, 'step_size': 1, 'gamma': 0.8969648949059026}. Best is trial 32 with value: 0.04175692190691619.[0m
[32m[I 2025-02-02 19:12:16,710][0m Trial 43 finished with value: 0.051188389857098 and parameters: {'observation_period_num': 30, 'train_rates': 0.9337434564230783, 'learning_rate': 0.0007114733197771612, 'batch_size': 33, 'step_size': 4, 'gamma': 0.8681401062745693}. Best is trial 32 with value: 0.04175692190691619.[0m
[32m[I 2025-02-02 19:15:42,164][0m Trial 44 finished with value: 0.047069587577611975 and parameters: {'observation_period_num': 16, 'train_rates': 0.9204234774358762, 'learning_rate': 0.00045345941071754154, 'batch_size': 28, 'step_size': 2, 'gamma': 0.9277206918741808}. Best is trial 32 with value: 0.04175692190691619.[0m
[32m[I 2025-02-02 19:17:15,977][0m Trial 45 finished with value: 0.06419153438835609 and parameters: {'observation_period_num': 50, 'train_rates': 0.9012979780531394, 'learning_rate': 0.0004694663979559869, 'batch_size': 63, 'step_size': 2, 'gamma': 0.928857443392082}. Best is trial 32 with value: 0.04175692190691619.[0m
[32m[I 2025-02-02 19:22:51,193][0m Trial 46 finished with value: 0.06876787600253732 and parameters: {'observation_period_num': 32, 'train_rates': 0.9170706304242153, 'learning_rate': 4.440257318407264e-05, 'batch_size': 17, 'step_size': 5, 'gamma': 0.973668261864198}. Best is trial 32 with value: 0.04175692190691619.[0m
[32m[I 2025-02-02 19:23:54,366][0m Trial 47 finished with value: 0.0946211963891983 and parameters: {'observation_period_num': 69, 'train_rates': 0.9856811886884791, 'learning_rate': 0.00012858432161697798, 'batch_size': 98, 'step_size': 9, 'gamma': 0.8488092428488381}. Best is trial 32 with value: 0.04175692190691619.[0m
[32m[I 2025-02-02 19:25:35,741][0m Trial 48 finished with value: 0.12007741770262502 and parameters: {'observation_period_num': 15, 'train_rates': 0.7069579466832967, 'learning_rate': 7.497045483754966e-06, 'batch_size': 48, 'step_size': 4, 'gamma': 0.9234640923821279}. Best is trial 32 with value: 0.04175692190691619.[0m
[32m[I 2025-02-02 19:28:44,716][0m Trial 49 finished with value: 0.0904342785106087 and parameters: {'observation_period_num': 88, 'train_rates': 0.8669814416235089, 'learning_rate': 0.0002971901304504566, 'batch_size': 29, 'step_size': 6, 'gamma': 0.9470197914418644}. Best is trial 32 with value: 0.04175692190691619.[0m
seasonal_1 „ÅÆÊúÄÈÅ©„Éè„Ç§„Éë„Éº„Éë„É©„É°„Éº„Çø„ÅåË¶ã„Å§„Åã„Çä„Åæ„Åó„Åü
ÊúÄÈÅ©ÂåñÂØæË±°: seasonal_2
[32m[I 2025-02-02 19:28:44,727][0m A new study created in memory with name: no-name-5a66f8e3-7f8b-4b9a-bbd9-235ff1205b2a[0m
[32m[I 2025-02-02 19:29:13,721][0m Trial 0 finished with value: 0.11531115777916827 and parameters: {'observation_period_num': 177, 'train_rates': 0.766059171712189, 'learning_rate': 7.153317965236504e-05, 'batch_size': 187, 'step_size': 8, 'gamma': 0.9683632443391121}. Best is trial 0 with value: 0.11531115777916827.[0m
[32m[I 2025-02-02 19:29:39,986][0m Trial 1 finished with value: 0.5084040959676107 and parameters: {'observation_period_num': 8, 'train_rates': 0.861353563450052, 'learning_rate': 1.0821957287774237e-06, 'batch_size': 248, 'step_size': 14, 'gamma': 0.8583495459671271}. Best is trial 0 with value: 0.11531115777916827.[0m
[32m[I 2025-02-02 19:30:14,683][0m Trial 2 finished with value: 0.07119863043709468 and parameters: {'observation_period_num': 148, 'train_rates': 0.9338835551105702, 'learning_rate': 0.0002365380526452315, 'batch_size': 179, 'step_size': 6, 'gamma': 0.8358360210416218}. Best is trial 2 with value: 0.07119863043709468.[0m
[32m[I 2025-02-02 19:32:11,370][0m Trial 3 finished with value: 0.6735333814898034 and parameters: {'observation_period_num': 95, 'train_rates': 0.6567130641680391, 'learning_rate': 2.1982764315525517e-06, 'batch_size': 39, 'step_size': 2, 'gamma': 0.8751558437644817}. Best is trial 2 with value: 0.07119863043709468.[0m
[32m[I 2025-02-02 19:33:21,886][0m Trial 4 finished with value: 0.07415662404834007 and parameters: {'observation_period_num': 64, 'train_rates': 0.7456411923688409, 'learning_rate': 6.511728189642255e-05, 'batch_size': 72, 'step_size': 6, 'gamma': 0.9135247030475832}. Best is trial 2 with value: 0.07119863043709468.[0m
[32m[I 2025-02-02 19:36:04,254][0m Trial 5 finished with value: 0.20703161309791518 and parameters: {'observation_period_num': 189, 'train_rates': 0.7142233577388161, 'learning_rate': 0.0005508498640444224, 'batch_size': 28, 'step_size': 7, 'gamma': 0.8457759363407505}. Best is trial 2 with value: 0.07119863043709468.[0m
[32m[I 2025-02-02 19:36:56,221][0m Trial 6 finished with value: 0.2661631107330322 and parameters: {'observation_period_num': 84, 'train_rates': 0.970613496247146, 'learning_rate': 5.805014333679714e-06, 'batch_size': 120, 'step_size': 9, 'gamma': 0.7625885071182332}. Best is trial 2 with value: 0.07119863043709468.[0m
[32m[I 2025-02-02 19:37:58,734][0m Trial 7 finished with value: 0.408357173204422 and parameters: {'observation_period_num': 222, 'train_rates': 0.9769206434369235, 'learning_rate': 1.372523284474507e-06, 'batch_size': 94, 'step_size': 5, 'gamma': 0.9496457455456783}. Best is trial 2 with value: 0.07119863043709468.[0m
[32m[I 2025-02-02 19:39:05,961][0m Trial 8 finished with value: 0.10873119371305955 and parameters: {'observation_period_num': 28, 'train_rates': 0.8960847599594984, 'learning_rate': 7.740825160761037e-06, 'batch_size': 87, 'step_size': 11, 'gamma': 0.8466280000592072}. Best is trial 2 with value: 0.07119863043709468.[0m
[32m[I 2025-02-02 19:40:34,111][0m Trial 9 finished with value: 0.3264297657817073 and parameters: {'observation_period_num': 251, 'train_rates': 0.812485657659791, 'learning_rate': 6.443288552873209e-06, 'batch_size': 56, 'step_size': 7, 'gamma': 0.7569058516798512}. Best is trial 2 with value: 0.07119863043709468.[0m
Early stopping at epoch 77
[32m[I 2025-02-02 19:40:54,639][0m Trial 10 finished with value: 0.47726126431032667 and parameters: {'observation_period_num': 152, 'train_rates': 0.6006847764134812, 'learning_rate': 0.0005767962815266497, 'batch_size': 182, 'step_size': 1, 'gamma': 0.8100181219800959}. Best is trial 2 with value: 0.07119863043709468.[0m
[32m[I 2025-02-02 19:41:26,040][0m Trial 11 finished with value: 0.12311016559312686 and parameters: {'observation_period_num': 105, 'train_rates': 0.7458317598401786, 'learning_rate': 8.554006036578987e-05, 'batch_size': 165, 'step_size': 4, 'gamma': 0.9174544401456131}. Best is trial 2 with value: 0.07119863043709468.[0m
[32m[I 2025-02-02 19:41:53,148][0m Trial 12 finished with value: 0.0667316659532887 and parameters: {'observation_period_num': 53, 'train_rates': 0.8907895579817365, 'learning_rate': 0.00015653650219709406, 'batch_size': 224, 'step_size': 4, 'gamma': 0.899987700694945}. Best is trial 12 with value: 0.0667316659532887.[0m
[32m[I 2025-02-02 19:42:18,867][0m Trial 13 finished with value: 0.11615821538705727 and parameters: {'observation_period_num': 136, 'train_rates': 0.8976073105337792, 'learning_rate': 0.0002335368553505452, 'batch_size': 230, 'step_size': 3, 'gamma': 0.8057127012297145}. Best is trial 12 with value: 0.0667316659532887.[0m
[32m[I 2025-02-02 19:42:49,003][0m Trial 14 finished with value: 0.06822379688601687 and parameters: {'observation_period_num': 53, 'train_rates': 0.9239554468519469, 'learning_rate': 0.00019300930005288841, 'batch_size': 210, 'step_size': 10, 'gamma': 0.8995232031662098}. Best is trial 12 with value: 0.0667316659532887.[0m
[32m[I 2025-02-02 19:43:16,660][0m Trial 15 finished with value: 0.10784849915110949 and parameters: {'observation_period_num': 51, 'train_rates': 0.8578938507563592, 'learning_rate': 1.818197818596558e-05, 'batch_size': 216, 'step_size': 11, 'gamma': 0.8970006635589539}. Best is trial 12 with value: 0.0667316659532887.[0m
[32m[I 2025-02-02 19:43:40,964][0m Trial 16 finished with value: 0.06716331665762068 and parameters: {'observation_period_num': 43, 'train_rates': 0.8202178637342475, 'learning_rate': 0.00022121333828126747, 'batch_size': 256, 'step_size': 11, 'gamma': 0.9387568256895351}. Best is trial 12 with value: 0.0667316659532887.[0m
[32m[I 2025-02-02 19:44:04,795][0m Trial 17 finished with value: 0.06684333395005557 and parameters: {'observation_period_num': 11, 'train_rates': 0.8107983173640398, 'learning_rate': 2.6660341212225648e-05, 'batch_size': 254, 'step_size': 15, 'gamma': 0.9855060888794962}. Best is trial 12 with value: 0.0667316659532887.[0m
[32m[I 2025-02-02 19:44:46,371][0m Trial 18 finished with value: 0.06201056536568814 and parameters: {'observation_period_num': 18, 'train_rates': 0.8377179022154465, 'learning_rate': 3.14098777321203e-05, 'batch_size': 142, 'step_size': 15, 'gamma': 0.9790827960750235}. Best is trial 18 with value: 0.06201056536568814.[0m
[32m[I 2025-02-02 19:45:25,646][0m Trial 19 finished with value: 0.1162296956291004 and parameters: {'observation_period_num': 76, 'train_rates': 0.8467043630184087, 'learning_rate': 1.5339854200931583e-05, 'batch_size': 144, 'step_size': 13, 'gamma': 0.9481772914118165}. Best is trial 18 with value: 0.06201056536568814.[0m
[32m[I 2025-02-02 19:46:13,110][0m Trial 20 finished with value: 0.08736007014252492 and parameters: {'observation_period_num': 114, 'train_rates': 0.8938339098798423, 'learning_rate': 4.275864748001324e-05, 'batch_size': 124, 'step_size': 13, 'gamma': 0.9863859468628542}. Best is trial 18 with value: 0.06201056536568814.[0m
[32m[I 2025-02-02 19:46:37,172][0m Trial 21 finished with value: 0.06853312220519935 and parameters: {'observation_period_num': 5, 'train_rates': 0.7883431887620668, 'learning_rate': 2.3582139612421933e-05, 'batch_size': 236, 'step_size': 15, 'gamma': 0.9883468585245716}. Best is trial 18 with value: 0.06201056536568814.[0m
[32m[I 2025-02-02 19:47:05,265][0m Trial 22 finished with value: 0.06873164556675242 and parameters: {'observation_period_num': 26, 'train_rates': 0.8339213312757502, 'learning_rate': 3.1842398442400904e-05, 'batch_size': 205, 'step_size': 15, 'gamma': 0.97407443346622}. Best is trial 18 with value: 0.06201056536568814.[0m
[32m[I 2025-02-02 19:47:40,170][0m Trial 23 finished with value: 0.051403697311448365 and parameters: {'observation_period_num': 28, 'train_rates': 0.7865055355089268, 'learning_rate': 0.00013380523935278973, 'batch_size': 159, 'step_size': 12, 'gamma': 0.9314219104924012}. Best is trial 23 with value: 0.051403697311448365.[0m
[32m[I 2025-02-02 19:48:14,281][0m Trial 24 finished with value: 0.0607899570102812 and parameters: {'observation_period_num': 30, 'train_rates': 0.7015428060368396, 'learning_rate': 0.00012718524413801377, 'batch_size': 155, 'step_size': 13, 'gamma': 0.9272005758483487}. Best is trial 23 with value: 0.051403697311448365.[0m
[32m[I 2025-02-02 19:48:48,060][0m Trial 25 finished with value: 0.07453809757816031 and parameters: {'observation_period_num': 29, 'train_rates': 0.6943548126949243, 'learning_rate': 0.0009378204528834796, 'batch_size': 152, 'step_size': 13, 'gamma': 0.9320438749495141}. Best is trial 23 with value: 0.051403697311448365.[0m
[32m[I 2025-02-02 19:49:31,543][0m Trial 26 finished with value: 0.08566279298155446 and parameters: {'observation_period_num': 75, 'train_rates': 0.6952287920852528, 'learning_rate': 0.00010611674204756434, 'batch_size': 114, 'step_size': 12, 'gamma': 0.9605366131582943}. Best is trial 23 with value: 0.051403697311448365.[0m
[32m[I 2025-02-02 19:50:04,075][0m Trial 27 finished with value: 0.17448528788306497 and parameters: {'observation_period_num': 38, 'train_rates': 0.6487283547827172, 'learning_rate': 5.2660966756049916e-05, 'batch_size': 155, 'step_size': 14, 'gamma': 0.9242302082891743}. Best is trial 23 with value: 0.051403697311448365.[0m
[32m[I 2025-02-02 19:50:46,970][0m Trial 28 finished with value: 0.050717260717155384 and parameters: {'observation_period_num': 22, 'train_rates': 0.7778902028954735, 'learning_rate': 0.00011415746923833799, 'batch_size': 128, 'step_size': 12, 'gamma': 0.8833030164713722}. Best is trial 28 with value: 0.050717260717155384.[0m
[32m[I 2025-02-02 19:51:37,410][0m Trial 29 finished with value: 0.06166820868203884 and parameters: {'observation_period_num': 67, 'train_rates': 0.7761349556988973, 'learning_rate': 0.00010759295013393078, 'batch_size': 103, 'step_size': 9, 'gamma': 0.8814392265045835}. Best is trial 28 with value: 0.050717260717155384.[0m
[32m[I 2025-02-02 19:52:04,017][0m Trial 30 finished with value: 0.12428263940459142 and parameters: {'observation_period_num': 173, 'train_rates': 0.7478595981827287, 'learning_rate': 0.00012924254688118423, 'batch_size': 197, 'step_size': 12, 'gamma': 0.8848155313080175}. Best is trial 28 with value: 0.050717260717155384.[0m
[32m[I 2025-02-02 19:52:55,263][0m Trial 31 finished with value: 0.05924901827622991 and parameters: {'observation_period_num': 65, 'train_rates': 0.7733197922004814, 'learning_rate': 0.0004042993471562547, 'batch_size': 102, 'step_size': 9, 'gamma': 0.8805178988425278}. Best is trial 28 with value: 0.050717260717155384.[0m
[32m[I 2025-02-02 19:53:36,075][0m Trial 32 finished with value: 0.058239085070880846 and parameters: {'observation_period_num': 37, 'train_rates': 0.7219935880924963, 'learning_rate': 0.00037911532174105347, 'batch_size': 128, 'step_size': 9, 'gamma': 0.8625554163692203}. Best is trial 28 with value: 0.050717260717155384.[0m
[32m[I 2025-02-02 19:54:18,108][0m Trial 33 finished with value: 0.05393733759410679 and parameters: {'observation_period_num': 42, 'train_rates': 0.763529392728927, 'learning_rate': 0.0004049872906486669, 'batch_size': 129, 'step_size': 9, 'gamma': 0.8601515113674084}. Best is trial 28 with value: 0.050717260717155384.[0m
[32m[I 2025-02-02 19:55:01,477][0m Trial 34 finished with value: 0.04252653833674757 and parameters: {'observation_period_num': 6, 'train_rates': 0.7292231387367786, 'learning_rate': 0.00037029588862826866, 'batch_size': 126, 'step_size': 9, 'gamma': 0.8596057552743231}. Best is trial 34 with value: 0.04252653833674757.[0m
[32m[I 2025-02-02 19:55:31,300][0m Trial 35 finished with value: 0.057220782689294036 and parameters: {'observation_period_num': 8, 'train_rates': 0.6669126082176619, 'learning_rate': 0.00031873218127743296, 'batch_size': 172, 'step_size': 8, 'gamma': 0.8208641189334146}. Best is trial 34 with value: 0.04252653833674757.[0m
[32m[I 2025-02-02 19:56:12,240][0m Trial 36 finished with value: 0.07043915512401028 and parameters: {'observation_period_num': 92, 'train_rates': 0.7564299911547371, 'learning_rate': 0.0003146493266423017, 'batch_size': 130, 'step_size': 7, 'gamma': 0.8316083261420816}. Best is trial 34 with value: 0.04252653833674757.[0m
[32m[I 2025-02-02 19:57:26,306][0m Trial 37 finished with value: 0.044729242240693294 and parameters: {'observation_period_num': 17, 'train_rates': 0.7998111740423889, 'learning_rate': 0.0008654045482421231, 'batch_size': 73, 'step_size': 10, 'gamma': 0.8636829210709746}. Best is trial 34 with value: 0.04252653833674757.[0m
[32m[I 2025-02-02 19:58:37,749][0m Trial 38 finished with value: 0.06075646057817049 and parameters: {'observation_period_num': 20, 'train_rates': 0.724147198632948, 'learning_rate': 0.0009783588896227322, 'batch_size': 69, 'step_size': 10, 'gamma': 0.780385774599853}. Best is trial 34 with value: 0.04252653833674757.[0m
[32m[I 2025-02-02 20:03:37,449][0m Trial 39 finished with value: 0.044104961749314275 and parameters: {'observation_period_num': 15, 'train_rates': 0.7944906969977142, 'learning_rate': 0.000630196800746435, 'batch_size': 17, 'step_size': 10, 'gamma': 0.8484811355633247}. Best is trial 34 with value: 0.04252653833674757.[0m
[32m[I 2025-02-02 20:06:50,212][0m Trial 40 finished with value: 0.04428604005792197 and parameters: {'observation_period_num': 10, 'train_rates': 0.7974226887114845, 'learning_rate': 0.0006727528999479001, 'batch_size': 27, 'step_size': 10, 'gamma': 0.8447981424493183}. Best is trial 34 with value: 0.04252653833674757.[0m
[32m[I 2025-02-02 20:10:09,103][0m Trial 41 finished with value: 0.03867424987887932 and parameters: {'observation_period_num': 5, 'train_rates': 0.7998811241313577, 'learning_rate': 0.0005717597410169622, 'batch_size': 26, 'step_size': 10, 'gamma': 0.8430872708491666}. Best is trial 41 with value: 0.03867424987887932.[0m
[32m[I 2025-02-02 20:13:37,902][0m Trial 42 finished with value: 0.03797622851876391 and parameters: {'observation_period_num': 7, 'train_rates': 0.799073931036394, 'learning_rate': 0.0006794215868785664, 'batch_size': 25, 'step_size': 10, 'gamma': 0.8473103286113046}. Best is trial 42 with value: 0.03797622851876391.[0m
[32m[I 2025-02-02 20:18:14,386][0m Trial 43 finished with value: 0.0494031773747078 and parameters: {'observation_period_num': 9, 'train_rates': 0.8192495011187548, 'learning_rate': 0.0005937879991522692, 'batch_size': 19, 'step_size': 10, 'gamma': 0.8451099832132254}. Best is trial 42 with value: 0.03797622851876391.[0m
[32m[I 2025-02-02 20:20:31,042][0m Trial 44 finished with value: 0.0734998856368777 and parameters: {'observation_period_num': 9, 'train_rates': 0.8691006982989351, 'learning_rate': 0.0006496138120887355, 'batch_size': 41, 'step_size': 8, 'gamma': 0.8317108739476975}. Best is trial 42 with value: 0.03797622851876391.[0m
[32m[I 2025-02-02 20:22:52,681][0m Trial 45 finished with value: 0.05261605934376692 and parameters: {'observation_period_num': 46, 'train_rates': 0.8031868330568755, 'learning_rate': 0.00067313590662849, 'batch_size': 37, 'step_size': 6, 'gamma': 0.7946711444267655}. Best is trial 42 with value: 0.03797622851876391.[0m
[32m[I 2025-02-02 20:27:36,153][0m Trial 46 finished with value: 0.15972493547067212 and parameters: {'observation_period_num': 215, 'train_rates': 0.7399407654836085, 'learning_rate': 0.0007531926455964532, 'batch_size': 16, 'step_size': 11, 'gamma': 0.8498692416665924}. Best is trial 42 with value: 0.03797622851876391.[0m
