[32m[I 2025-02-02 23:20:48,811][0m Trial 49 finished with value: 0.053473719783061376 and parameters: {'observation_period_num': 22, 'train_rates': 0.7686362165380636, 'learning_rate': 0.0006814930130189755, 'batch_size': 16, 'step_size': 2, 'gamma': 0.934672231107678}. Best is trial 42 with value: 0.044924839570764034.[0m
resid „ÅÆÊúÄÈÅ©„Éè„Ç§„Éë„Éº„Éë„É©„É°„Éº„Çø„ÅåË¶ã„Å§„Åã„Çä„Åæ„Åó„Åü
ÊúÄÈÅ©„Éè„Ç§„Éë„Éº„Éë„É©„É°„Éº„Çø„Åå best_hyperparameters_PFE_iTransformer.json „Å´‰øùÂ≠ò„Åï„Çå„Åæ„Åó„Åü
Training trend component with params: {'observation_period_num': 5, 'train_rates': 0.8365512210504514, 'learning_rate': 0.0009595027289612512, 'batch_size': 127, 'step_size': 12, 'gamma': 0.8282302171797296}
Epoch 1/300, trend Loss: 0.5364 | 0.1394
Epoch 2/300, trend Loss: 0.1766 | 0.0946
Epoch 3/300, trend Loss: 0.1448 | 0.0848
Epoch 4/300, trend Loss: 0.1279 | 0.0876
Epoch 5/300, trend Loss: 0.1182 | 0.0876
Epoch 6/300, trend Loss: 0.1141 | 0.0871
Epoch 7/300, trend Loss: 0.1143 | 0.1108
Epoch 8/300, trend Loss: 0.1176 | 0.1238
Epoch 9/300, trend Loss: 0.1184 | 0.1096
Epoch 10/300, trend Loss: 0.1176 | 0.0920
Epoch 11/300, trend Loss: 0.1121 | 0.0631
Epoch 12/300, trend Loss: 0.1097 | 0.0641
Epoch 13/300, trend Loss: 0.1193 | 0.0873
Epoch 14/300, trend Loss: 0.1012 | 0.0584
Epoch 15/300, trend Loss: 0.0919 | 0.0557
Epoch 16/300, trend Loss: 0.1002 | 0.0564
Epoch 17/300, trend Loss: 0.0956 | 0.0696
Epoch 18/300, trend Loss: 0.1072 | 0.0914
Epoch 19/300, trend Loss: 0.0968 | 0.0556
Epoch 20/300, trend Loss: 0.0909 | 0.0554
Epoch 21/300, trend Loss: 0.0888 | 0.0538
Epoch 22/300, trend Loss: 0.0883 | 0.0560
Epoch 23/300, trend Loss: 0.0843 | 0.0500
Epoch 24/300, trend Loss: 0.0858 | 0.0501
Epoch 25/300, trend Loss: 0.0840 | 0.0493
Epoch 26/300, trend Loss: 0.0814 | 0.0480
Epoch 27/300, trend Loss: 0.0807 | 0.0490
Epoch 28/300, trend Loss: 0.0821 | 0.0481
Epoch 29/300, trend Loss: 0.0804 | 0.0480
Epoch 30/300, trend Loss: 0.0797 | 0.0466
Epoch 31/300, trend Loss: 0.0803 | 0.0474
Epoch 32/300, trend Loss: 0.0803 | 0.0469
Epoch 33/300, trend Loss: 0.0790 | 0.0463
Epoch 34/300, trend Loss: 0.0778 | 0.0465
Epoch 35/300, trend Loss: 0.0774 | 0.0478
Epoch 36/300, trend Loss: 0.0772 | 0.0490
Epoch 37/300, trend Loss: 0.0777 | 0.0464
Epoch 38/300, trend Loss: 0.0794 | 0.0476
Epoch 39/300, trend Loss: 0.0786 | 0.0467
Epoch 40/300, trend Loss: 0.0773 | 0.0457
Epoch 41/300, trend Loss: 0.0774 | 0.0447
Epoch 42/300, trend Loss: 0.0774 | 0.0455
Epoch 43/300, trend Loss: 0.0771 | 0.0445
Epoch 44/300, trend Loss: 0.0765 | 0.0446
Epoch 45/300, trend Loss: 0.0760 | 0.0438
Epoch 46/300, trend Loss: 0.0750 | 0.0430
Epoch 47/300, trend Loss: 0.0744 | 0.0432
Epoch 48/300, trend Loss: 0.0766 | 0.0427
Epoch 49/300, trend Loss: 0.0749 | 0.0443
Epoch 50/300, trend Loss: 0.0752 | 0.0437
Epoch 51/300, trend Loss: 0.0749 | 0.0427
Epoch 52/300, trend Loss: 0.0739 | 0.0421
Epoch 53/300, trend Loss: 0.0747 | 0.0422
Epoch 54/300, trend Loss: 0.0739 | 0.0417
Epoch 55/300, trend Loss: 0.0725 | 0.0421
Epoch 56/300, trend Loss: 0.0719 | 0.0416
Epoch 57/300, trend Loss: 0.0717 | 0.0413
Epoch 58/300, trend Loss: 0.0718 | 0.0412
Epoch 59/300, trend Loss: 0.0715 | 0.0409
Epoch 60/300, trend Loss: 0.0710 | 0.0406
Epoch 61/300, trend Loss: 0.0703 | 0.0403
Epoch 62/300, trend Loss: 0.0699 | 0.0399
Epoch 63/300, trend Loss: 0.0695 | 0.0397
Epoch 64/300, trend Loss: 0.0693 | 0.0396
Epoch 65/300, trend Loss: 0.0691 | 0.0394
Epoch 66/300, trend Loss: 0.0689 | 0.0393
Epoch 67/300, trend Loss: 0.0685 | 0.0389
Epoch 68/300, trend Loss: 0.0683 | 0.0388
Epoch 69/300, trend Loss: 0.0681 | 0.0387
Epoch 70/300, trend Loss: 0.0680 | 0.0386
Epoch 71/300, trend Loss: 0.0679 | 0.0384
Epoch 72/300, trend Loss: 0.0678 | 0.0384
Epoch 73/300, trend Loss: 0.0678 | 0.0382
Epoch 74/300, trend Loss: 0.0679 | 0.0382
Epoch 75/300, trend Loss: 0.0678 | 0.0381
Epoch 76/300, trend Loss: 0.0675 | 0.0385
Epoch 77/300, trend Loss: 0.0673 | 0.0382
Epoch 78/300, trend Loss: 0.0673 | 0.0380
Epoch 79/300, trend Loss: 0.0671 | 0.0380
Epoch 80/300, trend Loss: 0.0670 | 0.0376
Epoch 81/300, trend Loss: 0.0669 | 0.0374
Epoch 82/300, trend Loss: 0.0667 | 0.0374
Epoch 83/300, trend Loss: 0.0666 | 0.0375
Epoch 84/300, trend Loss: 0.0665 | 0.0377
Epoch 85/300, trend Loss: 0.0663 | 0.0379
Epoch 86/300, trend Loss: 0.0661 | 0.0377
Epoch 87/300, trend Loss: 0.0660 | 0.0377
Epoch 88/300, trend Loss: 0.0659 | 0.0376
Epoch 89/300, trend Loss: 0.0659 | 0.0376
Epoch 90/300, trend Loss: 0.0658 | 0.0376
Epoch 91/300, trend Loss: 0.0657 | 0.0377
Epoch 92/300, trend Loss: 0.0656 | 0.0376
Epoch 93/300, trend Loss: 0.0656 | 0.0376
Epoch 94/300, trend Loss: 0.0655 | 0.0375
Epoch 95/300, trend Loss: 0.0654 | 0.0375
Epoch 96/300, trend Loss: 0.0654 | 0.0375
Epoch 97/300, trend Loss: 0.0654 | 0.0378
Epoch 98/300, trend Loss: 0.0654 | 0.0378
Epoch 99/300, trend Loss: 0.0653 | 0.0378
Epoch 100/300, trend Loss: 0.0653 | 0.0379
Epoch 101/300, trend Loss: 0.0652 | 0.0379
Epoch 102/300, trend Loss: 0.0652 | 0.0380
Epoch 103/300, trend Loss: 0.0651 | 0.0380
Epoch 104/300, trend Loss: 0.0652 | 0.0378
Epoch 105/300, trend Loss: 0.0655 | 0.0373
Epoch 106/300, trend Loss: 0.0676 | 0.0399
Epoch 107/300, trend Loss: 0.0664 | 0.0369
Epoch 108/300, trend Loss: 0.0688 | 0.0414
Epoch 109/300, trend Loss: 0.0689 | 0.0411
Epoch 110/300, trend Loss: 0.0684 | 0.0406
Epoch 111/300, trend Loss: 0.0665 | 0.0377
Epoch 112/300, trend Loss: 0.0666 | 0.0384
Epoch 113/300, trend Loss: 0.0653 | 0.0373
Epoch 114/300, trend Loss: 0.0658 | 0.0375
Epoch 115/300, trend Loss: 0.0651 | 0.0373
Epoch 116/300, trend Loss: 0.0652 | 0.0371
Epoch 117/300, trend Loss: 0.0650 | 0.0372
Epoch 118/300, trend Loss: 0.0650 | 0.0371
Epoch 119/300, trend Loss: 0.0650 | 0.0372
Epoch 120/300, trend Loss: 0.0650 | 0.0372
Epoch 121/300, trend Loss: 0.0649 | 0.0370
Epoch 122/300, trend Loss: 0.0647 | 0.0370
Epoch 123/300, trend Loss: 0.0647 | 0.0370
Epoch 124/300, trend Loss: 0.0646 | 0.0370
Epoch 125/300, trend Loss: 0.0646 | 0.0370
Epoch 126/300, trend Loss: 0.0645 | 0.0370
Epoch 127/300, trend Loss: 0.0645 | 0.0369
Epoch 128/300, trend Loss: 0.0643 | 0.0369
Epoch 129/300, trend Loss: 0.0642 | 0.0369
Epoch 130/300, trend Loss: 0.0641 | 0.0368
Epoch 131/300, trend Loss: 0.0640 | 0.0368
Epoch 132/300, trend Loss: 0.0640 | 0.0368
Epoch 133/300, trend Loss: 0.0639 | 0.0368
Epoch 134/300, trend Loss: 0.0638 | 0.0367
Epoch 135/300, trend Loss: 0.0638 | 0.0367
Epoch 136/300, trend Loss: 0.0637 | 0.0367
Epoch 137/300, trend Loss: 0.0637 | 0.0367
Epoch 138/300, trend Loss: 0.0637 | 0.0367
Epoch 139/300, trend Loss: 0.0636 | 0.0367
Epoch 140/300, trend Loss: 0.0636 | 0.0367
Epoch 141/300, trend Loss: 0.0635 | 0.0367
Epoch 142/300, trend Loss: 0.0635 | 0.0366
Epoch 143/300, trend Loss: 0.0635 | 0.0366
Epoch 144/300, trend Loss: 0.0635 | 0.0366
Epoch 145/300, trend Loss: 0.0634 | 0.0366
Epoch 146/300, trend Loss: 0.0634 | 0.0366
Epoch 147/300, trend Loss: 0.0634 | 0.0366
Epoch 148/300, trend Loss: 0.0634 | 0.0366
Epoch 149/300, trend Loss: 0.0634 | 0.0366
Epoch 150/300, trend Loss: 0.0633 | 0.0366
Epoch 151/300, trend Loss: 0.0633 | 0.0366
Epoch 152/300, trend Loss: 0.0633 | 0.0366
Epoch 153/300, trend Loss: 0.0633 | 0.0365
Epoch 154/300, trend Loss: 0.0633 | 0.0365
Epoch 155/300, trend Loss: 0.0633 | 0.0365
Epoch 156/300, trend Loss: 0.0632 | 0.0365
Epoch 157/300, trend Loss: 0.0632 | 0.0365
Epoch 158/300, trend Loss: 0.0632 | 0.0365
Epoch 159/300, trend Loss: 0.0632 | 0.0365
Epoch 160/300, trend Loss: 0.0632 | 0.0365
Epoch 161/300, trend Loss: 0.0632 | 0.0365
Epoch 162/300, trend Loss: 0.0631 | 0.0365
Epoch 163/300, trend Loss: 0.0631 | 0.0365
Epoch 164/300, trend Loss: 0.0631 | 0.0365
Epoch 165/300, trend Loss: 0.0631 | 0.0365
Epoch 166/300, trend Loss: 0.0631 | 0.0365
Epoch 167/300, trend Loss: 0.0631 | 0.0365
Epoch 168/300, trend Loss: 0.0631 | 0.0365
Epoch 169/300, trend Loss: 0.0631 | 0.0365
Epoch 170/300, trend Loss: 0.0630 | 0.0365
Epoch 171/300, trend Loss: 0.0630 | 0.0365
Epoch 172/300, trend Loss: 0.0630 | 0.0365
Epoch 173/300, trend Loss: 0.0630 | 0.0364
Epoch 174/300, trend Loss: 0.0630 | 0.0364
Epoch 175/300, trend Loss: 0.0630 | 0.0364
Epoch 176/300, trend Loss: 0.0630 | 0.0364
Epoch 177/300, trend Loss: 0.0630 | 0.0364
Epoch 178/300, trend Loss: 0.0630 | 0.0364
Epoch 179/300, trend Loss: 0.0630 | 0.0364
Epoch 180/300, trend Loss: 0.0630 | 0.0364
Epoch 181/300, trend Loss: 0.0629 | 0.0364
Epoch 182/300, trend Loss: 0.0629 | 0.0364
Epoch 183/300, trend Loss: 0.0629 | 0.0364
Epoch 184/300, trend Loss: 0.0629 | 0.0364
Epoch 185/300, trend Loss: 0.0629 | 0.0364
Epoch 186/300, trend Loss: 0.0629 | 0.0364
Epoch 187/300, trend Loss: 0.0629 | 0.0364
Epoch 188/300, trend Loss: 0.0629 | 0.0364
Epoch 189/300, trend Loss: 0.0629 | 0.0364
Epoch 190/300, trend Loss: 0.0629 | 0.0364
Epoch 191/300, trend Loss: 0.0629 | 0.0364
Epoch 192/300, trend Loss: 0.0629 | 0.0364
Epoch 193/300, trend Loss: 0.0629 | 0.0364
Epoch 194/300, trend Loss: 0.0629 | 0.0364
Epoch 195/300, trend Loss: 0.0629 | 0.0364
Epoch 196/300, trend Loss: 0.0629 | 0.0364
Epoch 197/300, trend Loss: 0.0629 | 0.0364
Epoch 198/300, trend Loss: 0.0628 | 0.0364
Epoch 199/300, trend Loss: 0.0628 | 0.0364
Epoch 200/300, trend Loss: 0.0628 | 0.0364
Epoch 201/300, trend Loss: 0.0628 | 0.0364
Epoch 202/300, trend Loss: 0.0628 | 0.0364
Epoch 203/300, trend Loss: 0.0628 | 0.0364
Epoch 204/300, trend Loss: 0.0628 | 0.0364
Epoch 205/300, trend Loss: 0.0628 | 0.0364
Epoch 206/300, trend Loss: 0.0628 | 0.0364
Epoch 207/300, trend Loss: 0.0628 | 0.0364
Epoch 208/300, trend Loss: 0.0628 | 0.0364
Epoch 209/300, trend Loss: 0.0628 | 0.0364
Epoch 210/300, trend Loss: 0.0628 | 0.0364
Epoch 211/300, trend Loss: 0.0628 | 0.0364
Epoch 212/300, trend Loss: 0.0628 | 0.0364
Epoch 213/300, trend Loss: 0.0628 | 0.0364
Epoch 214/300, trend Loss: 0.0628 | 0.0364
Epoch 215/300, trend Loss: 0.0628 | 0.0364
Epoch 216/300, trend Loss: 0.0628 | 0.0364
Epoch 217/300, trend Loss: 0.0628 | 0.0364
Epoch 218/300, trend Loss: 0.0628 | 0.0364
Epoch 219/300, trend Loss: 0.0628 | 0.0364
Epoch 220/300, trend Loss: 0.0628 | 0.0364
Epoch 221/300, trend Loss: 0.0628 | 0.0364
Epoch 222/300, trend Loss: 0.0628 | 0.0364
Epoch 223/300, trend Loss: 0.0628 | 0.0364
Epoch 224/300, trend Loss: 0.0628 | 0.0364
Epoch 225/300, trend Loss: 0.0628 | 0.0364
Epoch 226/300, trend Loss: 0.0628 | 0.0364
Epoch 227/300, trend Loss: 0.0628 | 0.0364
Epoch 228/300, trend Loss: 0.0628 | 0.0363
Epoch 229/300, trend Loss: 0.0628 | 0.0363
Epoch 230/300, trend Loss: 0.0627 | 0.0363
Epoch 231/300, trend Loss: 0.0627 | 0.0363
Epoch 232/300, trend Loss: 0.0627 | 0.0363
Epoch 233/300, trend Loss: 0.0627 | 0.0363
Epoch 234/300, trend Loss: 0.0627 | 0.0363
Epoch 235/300, trend Loss: 0.0627 | 0.0363
Epoch 236/300, trend Loss: 0.0627 | 0.0363
Epoch 237/300, trend Loss: 0.0627 | 0.0363
Epoch 238/300, trend Loss: 0.0627 | 0.0363
Epoch 239/300, trend Loss: 0.0627 | 0.0363
Epoch 240/300, trend Loss: 0.0627 | 0.0363
Epoch 241/300, trend Loss: 0.0627 | 0.0363
Epoch 242/300, trend Loss: 0.0627 | 0.0363
Epoch 243/300, trend Loss: 0.0627 | 0.0363
Epoch 244/300, trend Loss: 0.0627 | 0.0363
Epoch 245/300, trend Loss: 0.0627 | 0.0363
Epoch 246/300, trend Loss: 0.0627 | 0.0363
Epoch 247/300, trend Loss: 0.0627 | 0.0363
Epoch 248/300, trend Loss: 0.0627 | 0.0363
Epoch 249/300, trend Loss: 0.0627 | 0.0363
Epoch 250/300, trend Loss: 0.0627 | 0.0363
Epoch 251/300, trend Loss: 0.0627 | 0.0363
Epoch 252/300, trend Loss: 0.0627 | 0.0363
Epoch 253/300, trend Loss: 0.0627 | 0.0363
Epoch 254/300, trend Loss: 0.0627 | 0.0363
Epoch 255/300, trend Loss: 0.0627 | 0.0363
Epoch 256/300, trend Loss: 0.0627 | 0.0363
Epoch 257/300, trend Loss: 0.0627 | 0.0363
Epoch 258/300, trend Loss: 0.0627 | 0.0363
Epoch 259/300, trend Loss: 0.0627 | 0.0363
Epoch 260/300, trend Loss: 0.0627 | 0.0363
Epoch 261/300, trend Loss: 0.0627 | 0.0363
Epoch 262/300, trend Loss: 0.0627 | 0.0363
Epoch 263/300, trend Loss: 0.0627 | 0.0363
Epoch 264/300, trend Loss: 0.0627 | 0.0363
Epoch 265/300, trend Loss: 0.0627 | 0.0363
Epoch 266/300, trend Loss: 0.0627 | 0.0363
Epoch 267/300, trend Loss: 0.0627 | 0.0363
Epoch 268/300, trend Loss: 0.0627 | 0.0363
Epoch 269/300, trend Loss: 0.0627 | 0.0363
Epoch 270/300, trend Loss: 0.0627 | 0.0363
Epoch 271/300, trend Loss: 0.0627 | 0.0363
Epoch 272/300, trend Loss: 0.0627 | 0.0363
Epoch 273/300, trend Loss: 0.0627 | 0.0363
Epoch 274/300, trend Loss: 0.0627 | 0.0363
Epoch 275/300, trend Loss: 0.0627 | 0.0363
Epoch 276/300, trend Loss: 0.0627 | 0.0363
Epoch 277/300, trend Loss: 0.0627 | 0.0363
Epoch 278/300, trend Loss: 0.0627 | 0.0363
Epoch 279/300, trend Loss: 0.0627 | 0.0363
Epoch 280/300, trend Loss: 0.0627 | 0.0363
Epoch 281/300, trend Loss: 0.0627 | 0.0363
Epoch 282/300, trend Loss: 0.0627 | 0.0363
Epoch 283/300, trend Loss: 0.0627 | 0.0363
Epoch 284/300, trend Loss: 0.0627 | 0.0363
Epoch 285/300, trend Loss: 0.0627 | 0.0363
Epoch 286/300, trend Loss: 0.0627 | 0.0363
Epoch 287/300, trend Loss: 0.0627 | 0.0363
Epoch 288/300, trend Loss: 0.0627 | 0.0363
Epoch 289/300, trend Loss: 0.0627 | 0.0363
Epoch 290/300, trend Loss: 0.0627 | 0.0363
Epoch 291/300, trend Loss: 0.0627 | 0.0363
Epoch 292/300, trend Loss: 0.0627 | 0.0363
Epoch 293/300, trend Loss: 0.0627 | 0.0363
Epoch 294/300, trend Loss: 0.0627 | 0.0363
Epoch 295/300, trend Loss: 0.0627 | 0.0363
Epoch 296/300, trend Loss: 0.0627 | 0.0363
Epoch 297/300, trend Loss: 0.0627 | 0.0363
Epoch 298/300, trend Loss: 0.0627 | 0.0363
Epoch 299/300, trend Loss: 0.0627 | 0.0363
Epoch 300/300, trend Loss: 0.0627 | 0.0363
Training seasonal_0 component with params: {'observation_period_num': 21, 'train_rates': 0.8200936730139688, 'learning_rate': 0.0005627244660875208, 'batch_size': 190, 'step_size': 13, 'gamma': 0.8912564155355595}
Epoch 1/300, seasonal_0 Loss: 0.5416 | 0.2652
Epoch 2/300, seasonal_0 Loss: 0.2898 | 0.2068
Epoch 3/300, seasonal_0 Loss: 0.2448 | 0.1364
Epoch 4/300, seasonal_0 Loss: 0.2513 | 0.3246
Epoch 5/300, seasonal_0 Loss: 0.2317 | 0.1271
Epoch 6/300, seasonal_0 Loss: 0.1727 | 0.1114
Epoch 7/300, seasonal_0 Loss: 0.1746 | 0.1322
Epoch 8/300, seasonal_0 Loss: 0.1686 | 0.0953
Epoch 9/300, seasonal_0 Loss: 0.1484 | 0.0865
Epoch 10/300, seasonal_0 Loss: 0.1290 | 0.1004
Epoch 11/300, seasonal_0 Loss: 0.1379 | 0.0935
Epoch 12/300, seasonal_0 Loss: 0.1340 | 0.1233
Epoch 13/300, seasonal_0 Loss: 0.1213 | 0.0943
Epoch 14/300, seasonal_0 Loss: 0.1234 | 0.0757
Epoch 15/300, seasonal_0 Loss: 0.1151 | 0.0791
Epoch 16/300, seasonal_0 Loss: 0.1108 | 0.0743
Epoch 17/300, seasonal_0 Loss: 0.1208 | 0.1259
Epoch 18/300, seasonal_0 Loss: 0.1225 | 0.0829
Epoch 19/300, seasonal_0 Loss: 0.1147 | 0.0784
Epoch 20/300, seasonal_0 Loss: 0.1289 | 0.0918
Epoch 21/300, seasonal_0 Loss: 0.1467 | 0.1183
Epoch 22/300, seasonal_0 Loss: 0.1483 | 0.0850
Epoch 23/300, seasonal_0 Loss: 0.1361 | 0.0888
Epoch 24/300, seasonal_0 Loss: 0.2004 | 0.1896
Epoch 25/300, seasonal_0 Loss: 0.1844 | 0.1266
Epoch 26/300, seasonal_0 Loss: 0.1263 | 0.0815
Epoch 27/300, seasonal_0 Loss: 0.1178 | 0.0830
Epoch 28/300, seasonal_0 Loss: 0.1074 | 0.0707
Epoch 29/300, seasonal_0 Loss: 0.1037 | 0.0682
Epoch 30/300, seasonal_0 Loss: 0.1144 | 0.0761
Epoch 31/300, seasonal_0 Loss: 0.1097 | 0.0666
Epoch 32/300, seasonal_0 Loss: 0.1345 | 0.1059
Epoch 33/300, seasonal_0 Loss: 0.1257 | 0.0850
Epoch 34/300, seasonal_0 Loss: 0.1186 | 0.0802
Epoch 35/300, seasonal_0 Loss: 0.1072 | 0.0701
Epoch 36/300, seasonal_0 Loss: 0.1205 | 0.0909
Epoch 37/300, seasonal_0 Loss: 0.1092 | 0.0771
Epoch 38/300, seasonal_0 Loss: 0.1114 | 0.0740
Epoch 39/300, seasonal_0 Loss: 0.1008 | 0.0634
Epoch 40/300, seasonal_0 Loss: 0.1126 | 0.0808
Epoch 41/300, seasonal_0 Loss: 0.1044 | 0.0734
Epoch 42/300, seasonal_0 Loss: 0.1099 | 0.0718
Epoch 43/300, seasonal_0 Loss: 0.1031 | 0.0624
Epoch 44/300, seasonal_0 Loss: 0.1165 | 0.0837
Epoch 45/300, seasonal_0 Loss: 0.1059 | 0.0727
Epoch 46/300, seasonal_0 Loss: 0.1071 | 0.0652
Epoch 47/300, seasonal_0 Loss: 0.0995 | 0.0619
Epoch 48/300, seasonal_0 Loss: 0.1104 | 0.0781
Epoch 49/300, seasonal_0 Loss: 0.1010 | 0.0710
Epoch 50/300, seasonal_0 Loss: 0.1027 | 0.0624
Epoch 51/300, seasonal_0 Loss: 0.1015 | 0.0618
Epoch 52/300, seasonal_0 Loss: 0.1127 | 0.0837
Epoch 53/300, seasonal_0 Loss: 0.0991 | 0.0728
Epoch 54/300, seasonal_0 Loss: 0.0936 | 0.0575
Epoch 55/300, seasonal_0 Loss: 0.0939 | 0.0636
Epoch 56/300, seasonal_0 Loss: 0.0950 | 0.0635
Epoch 57/300, seasonal_0 Loss: 0.0911 | 0.0605
Epoch 58/300, seasonal_0 Loss: 0.0993 | 0.0759
Epoch 59/300, seasonal_0 Loss: 0.0932 | 0.0723
Epoch 60/300, seasonal_0 Loss: 0.0895 | 0.0594
Epoch 61/300, seasonal_0 Loss: 0.0843 | 0.0623
Epoch 62/300, seasonal_0 Loss: 0.0850 | 0.0562
Epoch 63/300, seasonal_0 Loss: 0.0825 | 0.0578
Epoch 64/300, seasonal_0 Loss: 0.0860 | 0.0605
Epoch 65/300, seasonal_0 Loss: 0.0830 | 0.0611
Epoch 66/300, seasonal_0 Loss: 0.0846 | 0.0600
Epoch 67/300, seasonal_0 Loss: 0.0802 | 0.0608
Epoch 68/300, seasonal_0 Loss: 0.0795 | 0.0534
Epoch 69/300, seasonal_0 Loss: 0.0778 | 0.0554
Epoch 70/300, seasonal_0 Loss: 0.0783 | 0.0531
Epoch 71/300, seasonal_0 Loss: 0.0777 | 0.0543
Epoch 72/300, seasonal_0 Loss: 0.0801 | 0.0555
Epoch 73/300, seasonal_0 Loss: 0.0777 | 0.0565
Epoch 74/300, seasonal_0 Loss: 0.0782 | 0.0536
Epoch 75/300, seasonal_0 Loss: 0.0761 | 0.0546
Epoch 76/300, seasonal_0 Loss: 0.0764 | 0.0520
Epoch 77/300, seasonal_0 Loss: 0.0750 | 0.0531
Epoch 78/300, seasonal_0 Loss: 0.0760 | 0.0518
Epoch 79/300, seasonal_0 Loss: 0.0743 | 0.0531
Epoch 80/300, seasonal_0 Loss: 0.0747 | 0.0512
Epoch 81/300, seasonal_0 Loss: 0.0734 | 0.0520
Epoch 82/300, seasonal_0 Loss: 0.0738 | 0.0504
Epoch 83/300, seasonal_0 Loss: 0.0729 | 0.0511
Epoch 84/300, seasonal_0 Loss: 0.0736 | 0.0502
Epoch 85/300, seasonal_0 Loss: 0.0729 | 0.0509
Epoch 86/300, seasonal_0 Loss: 0.0735 | 0.0510
Epoch 87/300, seasonal_0 Loss: 0.0726 | 0.0517
Epoch 88/300, seasonal_0 Loss: 0.0727 | 0.0499
Epoch 89/300, seasonal_0 Loss: 0.0721 | 0.0503
Epoch 90/300, seasonal_0 Loss: 0.0718 | 0.0493
Epoch 91/300, seasonal_0 Loss: 0.0726 | 0.0503
Epoch 92/300, seasonal_0 Loss: 0.0727 | 0.0491
Epoch 93/300, seasonal_0 Loss: 0.0723 | 0.0491
Epoch 94/300, seasonal_0 Loss: 0.0709 | 0.0491
Epoch 95/300, seasonal_0 Loss: 0.0707 | 0.0489
Epoch 96/300, seasonal_0 Loss: 0.0705 | 0.0479
Epoch 97/300, seasonal_0 Loss: 0.0694 | 0.0482
Epoch 98/300, seasonal_0 Loss: 0.0690 | 0.0475
Epoch 99/300, seasonal_0 Loss: 0.0689 | 0.0477
Epoch 100/300, seasonal_0 Loss: 0.0685 | 0.0473
Epoch 101/300, seasonal_0 Loss: 0.0682 | 0.0476
Epoch 102/300, seasonal_0 Loss: 0.0682 | 0.0473
Epoch 103/300, seasonal_0 Loss: 0.0680 | 0.0474
Epoch 104/300, seasonal_0 Loss: 0.0677 | 0.0469
Epoch 105/300, seasonal_0 Loss: 0.0675 | 0.0470
Epoch 106/300, seasonal_0 Loss: 0.0673 | 0.0467
Epoch 107/300, seasonal_0 Loss: 0.0672 | 0.0468
Epoch 108/300, seasonal_0 Loss: 0.0670 | 0.0466
Epoch 109/300, seasonal_0 Loss: 0.0669 | 0.0466
Epoch 110/300, seasonal_0 Loss: 0.0668 | 0.0465
Epoch 111/300, seasonal_0 Loss: 0.0667 | 0.0465
Epoch 112/300, seasonal_0 Loss: 0.0665 | 0.0463
Epoch 113/300, seasonal_0 Loss: 0.0663 | 0.0463
Epoch 114/300, seasonal_0 Loss: 0.0662 | 0.0462
Epoch 115/300, seasonal_0 Loss: 0.0661 | 0.0463
Epoch 116/300, seasonal_0 Loss: 0.0660 | 0.0462
Epoch 117/300, seasonal_0 Loss: 0.0659 | 0.0462
Epoch 118/300, seasonal_0 Loss: 0.0658 | 0.0462
Epoch 119/300, seasonal_0 Loss: 0.0657 | 0.0461
Epoch 120/300, seasonal_0 Loss: 0.0656 | 0.0460
Epoch 121/300, seasonal_0 Loss: 0.0654 | 0.0459
Epoch 122/300, seasonal_0 Loss: 0.0653 | 0.0459
Epoch 123/300, seasonal_0 Loss: 0.0653 | 0.0459
Epoch 124/300, seasonal_0 Loss: 0.0653 | 0.0460
Epoch 125/300, seasonal_0 Loss: 0.0654 | 0.0461
Epoch 126/300, seasonal_0 Loss: 0.0654 | 0.0459
Epoch 127/300, seasonal_0 Loss: 0.0651 | 0.0457
Epoch 128/300, seasonal_0 Loss: 0.0649 | 0.0457
Epoch 129/300, seasonal_0 Loss: 0.0649 | 0.0460
Epoch 130/300, seasonal_0 Loss: 0.0651 | 0.0462
Epoch 131/300, seasonal_0 Loss: 0.0651 | 0.0460
Epoch 132/300, seasonal_0 Loss: 0.0649 | 0.0457
Epoch 133/300, seasonal_0 Loss: 0.0644 | 0.0458
Epoch 134/300, seasonal_0 Loss: 0.0644 | 0.0458
Epoch 135/300, seasonal_0 Loss: 0.0645 | 0.0456
Epoch 136/300, seasonal_0 Loss: 0.0642 | 0.0455
Epoch 137/300, seasonal_0 Loss: 0.0640 | 0.0455
Epoch 138/300, seasonal_0 Loss: 0.0640 | 0.0456
Epoch 139/300, seasonal_0 Loss: 0.0640 | 0.0455
Epoch 140/300, seasonal_0 Loss: 0.0638 | 0.0455
Epoch 141/300, seasonal_0 Loss: 0.0636 | 0.0455
Epoch 142/300, seasonal_0 Loss: 0.0636 | 0.0454
Epoch 143/300, seasonal_0 Loss: 0.0635 | 0.0454
Epoch 144/300, seasonal_0 Loss: 0.0634 | 0.0453
Epoch 145/300, seasonal_0 Loss: 0.0634 | 0.0453
Epoch 146/300, seasonal_0 Loss: 0.0633 | 0.0454
Epoch 147/300, seasonal_0 Loss: 0.0632 | 0.0453
Epoch 148/300, seasonal_0 Loss: 0.0632 | 0.0453
Epoch 149/300, seasonal_0 Loss: 0.0631 | 0.0453
Epoch 150/300, seasonal_0 Loss: 0.0630 | 0.0453
Epoch 151/300, seasonal_0 Loss: 0.0630 | 0.0453
Epoch 152/300, seasonal_0 Loss: 0.0629 | 0.0452
Epoch 153/300, seasonal_0 Loss: 0.0628 | 0.0452
Epoch 154/300, seasonal_0 Loss: 0.0628 | 0.0452
Epoch 155/300, seasonal_0 Loss: 0.0627 | 0.0452
Epoch 156/300, seasonal_0 Loss: 0.0627 | 0.0452
Epoch 157/300, seasonal_0 Loss: 0.0626 | 0.0452
Epoch 158/300, seasonal_0 Loss: 0.0626 | 0.0452
Epoch 159/300, seasonal_0 Loss: 0.0625 | 0.0452
Epoch 160/300, seasonal_0 Loss: 0.0624 | 0.0452
Epoch 161/300, seasonal_0 Loss: 0.0624 | 0.0452
Epoch 162/300, seasonal_0 Loss: 0.0623 | 0.0452
Epoch 163/300, seasonal_0 Loss: 0.0623 | 0.0452
Epoch 164/300, seasonal_0 Loss: 0.0622 | 0.0452
Epoch 165/300, seasonal_0 Loss: 0.0622 | 0.0452
Epoch 166/300, seasonal_0 Loss: 0.0621 | 0.0451
Epoch 167/300, seasonal_0 Loss: 0.0621 | 0.0451
Epoch 168/300, seasonal_0 Loss: 0.0621 | 0.0451
Epoch 169/300, seasonal_0 Loss: 0.0620 | 0.0451
Epoch 170/300, seasonal_0 Loss: 0.0620 | 0.0451
Epoch 171/300, seasonal_0 Loss: 0.0619 | 0.0451
Epoch 172/300, seasonal_0 Loss: 0.0619 | 0.0451
Epoch 173/300, seasonal_0 Loss: 0.0618 | 0.0451
Epoch 174/300, seasonal_0 Loss: 0.0618 | 0.0451
Epoch 175/300, seasonal_0 Loss: 0.0617 | 0