ÊúÄÈÅ©ÂåñÂØæË±°: trend
[32m[I 2025-02-02 16:34:46,527][0m A new study created in memory with name: no-name-86de137a-e39c-471a-b1b0-5ab8f7d158be[0m
Non-A100 GPU detected, using math or mem efficient attention if input tensor is on cuda
[32m[I 2025-02-02 16:35:13,244][0m Trial 0 finished with value: 0.08184405864371419 and parameters: {'observation_period_num': 77, 'train_rates': 0.713613826899843, 'learning_rate': 0.0004217774787086384, 'batch_size': 180, 'step_size': 7, 'gamma': 0.8916277958286459}. Best is trial 0 with value: 0.08184405864371419.[0m
[32m[I 2025-02-02 16:35:32,672][0m Trial 1 finished with value: 0.5350425973197744 and parameters: {'observation_period_num': 59, 'train_rates': 0.6787695416581502, 'learning_rate': 2.1542181908206124e-05, 'batch_size': 232, 'step_size': 3, 'gamma': 0.7911534189375863}. Best is trial 0 with value: 0.08184405864371419.[0m
[32m[I 2025-02-02 16:35:55,330][0m Trial 2 finished with value: 0.10244076652932413 and parameters: {'observation_period_num': 44, 'train_rates': 0.7332627072698317, 'learning_rate': 0.00016601775769099536, 'batch_size': 212, 'step_size': 8, 'gamma': 0.9059164349856614}. Best is trial 0 with value: 0.08184405864371419.[0m
[32m[I 2025-02-02 16:39:41,145][0m Trial 3 finished with value: 0.18726659614498478 and parameters: {'observation_period_num': 164, 'train_rates': 0.7732345950187698, 'learning_rate': 7.891706064536335e-06, 'batch_size': 19, 'step_size': 5, 'gamma': 0.8806119398577316}. Best is trial 0 with value: 0.08184405864371419.[0m
[32m[I 2025-02-02 16:40:22,807][0m Trial 4 finished with value: 0.05876147994238426 and parameters: {'observation_period_num': 55, 'train_rates': 0.8145071990632733, 'learning_rate': 0.0002529409811952321, 'batch_size': 145, 'step_size': 12, 'gamma': 0.8686627797921628}. Best is trial 4 with value: 0.05876147994238426.[0m
[32m[I 2025-02-02 16:45:12,001][0m Trial 5 finished with value: 0.2042419786636646 and parameters: {'observation_period_num': 140, 'train_rates': 0.9307191520290039, 'learning_rate': 4.982154849091974e-06, 'batch_size': 19, 'step_size': 3, 'gamma': 0.8787056878183858}. Best is trial 4 with value: 0.05876147994238426.[0m
[32m[I 2025-02-02 16:46:01,705][0m Trial 6 finished with value: 0.4561361906381187 and parameters: {'observation_period_num': 59, 'train_rates': 0.8210732272929464, 'learning_rate': 2.4820720120156655e-06, 'batch_size': 108, 'step_size': 3, 'gamma': 0.9726075084843788}. Best is trial 4 with value: 0.05876147994238426.[0m
[32m[I 2025-02-02 16:46:33,708][0m Trial 7 finished with value: 0.1945495560411243 and parameters: {'observation_period_num': 159, 'train_rates': 0.6683284398013537, 'learning_rate': 5.18664419210616e-05, 'batch_size': 153, 'step_size': 2, 'gamma': 0.9891546700470799}. Best is trial 4 with value: 0.05876147994238426.[0m
[32m[I 2025-02-02 16:48:38,648][0m Trial 8 finished with value: 0.08606136312235647 and parameters: {'observation_period_num': 65, 'train_rates': 0.9538783385474937, 'learning_rate': 8.523400661228988e-06, 'batch_size': 46, 'step_size': 7, 'gamma': 0.9415322564937574}. Best is trial 4 with value: 0.05876147994238426.[0m
[32m[I 2025-02-02 16:49:24,209][0m Trial 9 finished with value: 0.058124799134219786 and parameters: {'observation_period_num': 15, 'train_rates': 0.8104335167791779, 'learning_rate': 0.00013161987372122937, 'batch_size': 121, 'step_size': 2, 'gamma': 0.9169685572746723}. Best is trial 9 with value: 0.058124799134219786.[0m
[32m[I 2025-02-02 16:50:27,203][0m Trial 10 finished with value: 0.11031803183934906 and parameters: {'observation_period_num': 224, 'train_rates': 0.8870854765090954, 'learning_rate': 6.15921093836314e-05, 'batch_size': 85, 'step_size': 15, 'gamma': 0.8063032710005822}. Best is trial 9 with value: 0.058124799134219786.[0m
[32m[I 2025-02-02 16:51:12,613][0m Trial 11 finished with value: 0.03887290244775194 and parameters: {'observation_period_num': 5, 'train_rates': 0.8365512210504514, 'learning_rate': 0.0009595027289612512, 'batch_size': 127, 'step_size': 12, 'gamma': 0.8282302171797296}. Best is trial 11 with value: 0.03887290244775194.[0m
[32m[I 2025-02-02 16:52:11,360][0m Trial 12 finished with value: 0.045706110717407586 and parameters: {'observation_period_num': 10, 'train_rates': 0.8816586554041191, 'learning_rate': 0.0009034189352200615, 'batch_size': 98, 'step_size': 10, 'gamma': 0.8324700732772832}. Best is trial 11 with value: 0.03887290244775194.[0m
[32m[I 2025-02-02 16:53:10,523][0m Trial 13 finished with value: 0.055871781562605215 and parameters: {'observation_period_num': 14, 'train_rates': 0.8734120219968265, 'learning_rate': 0.000881296225541134, 'batch_size': 96, 'step_size': 11, 'gamma': 0.8189421151747195}. Best is trial 11 with value: 0.03887290244775194.[0m
[32m[I 2025-02-02 16:54:26,064][0m Trial 14 finished with value: 0.07760077997029406 and parameters: {'observation_period_num': 96, 'train_rates': 0.8920269153758804, 'learning_rate': 0.0006752413691844425, 'batch_size': 73, 'step_size': 11, 'gamma': 0.7515924104463289}. Best is trial 11 with value: 0.03887290244775194.[0m
[32m[I 2025-02-02 16:54:54,150][0m Trial 15 finished with value: 0.14748515361313924 and parameters: {'observation_period_num': 10, 'train_rates': 0.6009118127900963, 'learning_rate': 0.0003605963529259365, 'batch_size': 176, 'step_size': 14, 'gamma': 0.8379022239818366}. Best is trial 11 with value: 0.03887290244775194.[0m
[32m[I 2025-02-02 16:56:34,452][0m Trial 16 finished with value: 0.11074939370155334 and parameters: {'observation_period_num': 112, 'train_rates': 0.9867084283141663, 'learning_rate': 0.0009571614807988664, 'batch_size': 59, 'step_size': 10, 'gamma': 0.8491611275218928}. Best is trial 11 with value: 0.03887290244775194.[0m
[32m[I 2025-02-02 16:57:17,710][0m Trial 17 finished with value: 0.10709510177230949 and parameters: {'observation_period_num': 217, 'train_rates': 0.8476205234759672, 'learning_rate': 0.00011023757273643404, 'batch_size': 127, 'step_size': 13, 'gamma': 0.7725364382461853}. Best is trial 11 with value: 0.03887290244775194.[0m
[32m[I 2025-02-02 16:57:50,412][0m Trial 18 finished with value: 0.12360972110099751 and parameters: {'observation_period_num': 32, 'train_rates': 0.7674606323350969, 'learning_rate': 2.0827115555118956e-05, 'batch_size': 170, 'step_size': 9, 'gamma': 0.8353125339411005}. Best is trial 11 with value: 0.03887290244775194.[0m
[32m[I 2025-02-02 16:58:19,345][0m Trial 19 finished with value: 0.10825643688440323 and parameters: {'observation_period_num': 191, 'train_rates': 0.9283460401823029, 'learning_rate': 0.0002946554222562967, 'batch_size': 201, 'step_size': 12, 'gamma': 0.7878589786489851}. Best is trial 11 with value: 0.03887290244775194.[0m
[32m[I 2025-02-02 16:58:42,809][0m Trial 20 finished with value: 0.07466144349383212 and parameters: {'observation_period_num': 91, 'train_rates': 0.8481880417025326, 'learning_rate': 0.0005302516042846117, 'batch_size': 248, 'step_size': 15, 'gamma': 0.8488432466529209}. Best is trial 11 with value: 0.03887290244775194.[0m
[32m[I 2025-02-02 16:59:46,476][0m Trial 21 finished with value: 0.03889816314787478 and parameters: {'observation_period_num': 6, 'train_rates': 0.8746142462117139, 'learning_rate': 0.0008937295306934745, 'batch_size': 90, 'step_size': 10, 'gamma': 0.8134221721610708}. Best is trial 11 with value: 0.03887290244775194.[0m
[32m[I 2025-02-02 17:00:41,385][0m Trial 22 finished with value: 0.057740176618099215 and parameters: {'observation_period_num': 29, 'train_rates': 0.9144749410310091, 'learning_rate': 0.0008877026602286958, 'batch_size': 110, 'step_size': 9, 'gamma': 0.8169450217007187}. Best is trial 11 with value: 0.03887290244775194.[0m
[32m[I 2025-02-02 17:01:54,393][0m Trial 23 finished with value: 0.2273831053528675 and parameters: {'observation_period_num': 7, 'train_rates': 0.8540785509048738, 'learning_rate': 1.256365836721523e-06, 'batch_size': 77, 'step_size': 10, 'gamma': 0.8599581503914815}. Best is trial 11 with value: 0.03887290244775194.[0m
[32m[I 2025-02-02 17:04:08,703][0m Trial 24 finished with value: 0.053080649124187175 and parameters: {'observation_period_num': 35, 'train_rates': 0.9649414023295999, 'learning_rate': 0.00021166511862718125, 'batch_size': 44, 'step_size': 13, 'gamma': 0.8225576954873144}. Best is trial 11 with value: 0.03887290244775194.[0m
[32m[I 2025-02-02 17:04:51,716][0m Trial 25 finished with value: 0.0493185151050367 and parameters: {'observation_period_num': 5, 'train_rates': 0.888637996632575, 'learning_rate': 0.00047597176188800516, 'batch_size': 139, 'step_size': 7, 'gamma': 0.7883672756065385}. Best is trial 11 with value: 0.03887290244775194.[0m
[32m[I 2025-02-02 17:05:44,621][0m Trial 26 finished with value: 0.06161236662316967 and parameters: {'observation_period_num': 32, 'train_rates': 0.7718069474619556, 'learning_rate': 8.626168481658944e-05, 'batch_size': 98, 'step_size': 11, 'gamma': 0.8053314121165056}. Best is trial 11 with value: 0.03887290244775194.[0m
[32m[I 2025-02-02 17:06:21,232][0m Trial 27 finished with value: 0.06353207895280064 and parameters: {'observation_period_num': 77, 'train_rates': 0.8536519964162317, 'learning_rate': 0.0004964762337256386, 'batch_size': 160, 'step_size': 5, 'gamma': 0.7667180377159817}. Best is trial 11 with value: 0.03887290244775194.[0m
[32m[I 2025-02-02 17:07:09,337][0m Trial 28 finished with value: 0.06860512495040894 and parameters: {'observation_period_num': 115, 'train_rates': 0.9133120292204616, 'learning_rate': 0.00029185816964574925, 'batch_size': 123, 'step_size': 9, 'gamma': 0.8397575982308486}. Best is trial 11 with value: 0.03887290244775194.[0m
[32m[I 2025-02-02 17:08:37,652][0m Trial 29 finished with value: 0.07309678940447674 and parameters: {'observation_period_num': 78, 'train_rates': 0.8292154355426388, 'learning_rate': 0.0006206585884552385, 'batch_size': 60, 'step_size': 13, 'gamma': 0.8920585638206421}. Best is trial 11 with value: 0.03887290244775194.[0m
[32m[I 2025-02-02 17:09:32,870][0m Trial 30 finished with value: 0.15754806651319894 and parameters: {'observation_period_num': 250, 'train_rates': 0.7868030897560264, 'learning_rate': 0.00017841586484878267, 'batch_size': 91, 'step_size': 6, 'gamma': 0.8030365968503322}. Best is trial 11 with value: 0.03887290244775194.[0m
[32m[I 2025-02-02 17:10:15,538][0m Trial 31 finished with value: 0.049496308611795166 and parameters: {'observation_period_num': 7, 'train_rates': 0.8939603180840744, 'learning_rate': 0.00043113303452626005, 'batch_size': 142, 'step_size': 7, 'gamma': 0.7935541530731867}. Best is trial 11 with value: 0.03887290244775194.[0m
[32m[I 2025-02-02 17:11:07,156][0m Trial 32 finished with value: 0.04423191782675291 and parameters: {'observation_period_num': 23, 'train_rates': 0.8702057735480946, 'learning_rate': 0.000944025130138342, 'batch_size': 113, 'step_size': 8, 'gamma': 0.7771341078439551}. Best is trial 11 with value: 0.03887290244775194.[0m
[32m[I 2025-02-02 17:11:56,239][0m Trial 33 finished with value: 0.06585139931652138 and parameters: {'observation_period_num': 48, 'train_rates': 0.7442547105856372, 'learning_rate': 0.0008761025790954886, 'batch_size': 105, 'step_size': 8, 'gamma': 0.7717441055716386}. Best is trial 11 with value: 0.03887290244775194.[0m
[32m[I 2025-02-02 17:12:46,192][0m Trial 34 finished with value: 0.04890825014702881 and parameters: {'observation_period_num': 24, 'train_rates': 0.8651626162035523, 'learning_rate': 0.0006358738105177968, 'batch_size': 119, 'step_size': 10, 'gamma': 0.8263042104155812}. Best is trial 11 with value: 0.03887290244775194.[0m
[32m[I 2025-02-02 17:14:04,781][0m Trial 35 finished with value: 0.07378617337175236 and parameters: {'observation_period_num': 43, 'train_rates': 0.8380687917123392, 'learning_rate': 2.5334322839532348e-05, 'batch_size': 69, 'step_size': 12, 'gamma': 0.7594664868900669}. Best is trial 11 with value: 0.03887290244775194.[0m
[32m[I 2025-02-02 17:14:33,742][0m Trial 36 finished with value: 0.057588936157816246 and parameters: {'observation_period_num': 46, 'train_rates': 0.8066354929693994, 'learning_rate': 0.00034855967225358263, 'batch_size': 204, 'step_size': 8, 'gamma': 0.7815104655221148}. Best is trial 11 with value: 0.03887290244775194.[0m
[32m[I 2025-02-02 17:15:20,363][0m Trial 37 finished with value: 0.04963968020001072 and parameters: {'observation_period_num': 24, 'train_rates': 0.9445666310754666, 'learning_rate': 0.00023763751002601753, 'batch_size': 133, 'step_size': 10, 'gamma': 0.8574491092180478}. Best is trial 11 with value: 0.03887290244775194.[0m
[32m[I 2025-02-02 17:16:27,634][0m Trial 38 finished with value: 0.06602652200305735 and parameters: {'observation_period_num': 68, 'train_rates': 0.9090971158517478, 'learning_rate': 0.0009962737418948706, 'batch_size': 87, 'step_size': 6, 'gamma': 0.8048000194493707}. Best is trial 11 with value: 0.03887290244775194.[0m
[32m[I 2025-02-02 17:18:49,944][0m Trial 39 finished with value: 0.061328697318988525 and parameters: {'observation_period_num': 20, 'train_rates': 0.8700773783144118, 'learning_rate': 0.0006569707288751374, 'batch_size': 39, 'step_size': 9, 'gamma': 0.87016100831377}. Best is trial 11 with value: 0.03887290244775194.[0m
[32m[I 2025-02-02 17:19:24,855][0m Trial 40 finished with value: 0.11795412771195382 and parameters: {'observation_period_num': 57, 'train_rates': 0.8022857767606434, 'learning_rate': 1.6986392799016484e-05, 'batch_size': 157, 'step_size': 12, 'gamma': 0.8925769056737252}. Best is trial 11 with value: 0.03887290244775194.[0m
[32m[I 2025-02-02 17:20:18,153][0m Trial 41 finished with value: 0.05081537708935171 and parameters: {'observation_period_num': 25, 'train_rates': 0.8621106869119177, 'learning_rate': 0.0006474204955178507, 'batch_size': 108, 'step_size': 10, 'gamma': 0.8262052729088091}. Best is trial 11 with value: 0.03887290244775194.[0m
[32m[I 2025-02-02 17:21:06,523][0m Trial 42 finished with value: 0.05037151218599956 and parameters: {'observation_period_num': 37, 'train_rates': 0.8294901087471399, 'learning_rate': 0.00046203563771640536, 'batch_size': 117, 'step_size': 11, 'gamma': 0.8234548379444598}. Best is trial 11 with value: 0.03887290244775194.[0m
[32m[I 2025-02-02 17:21:57,233][0m Trial 43 finished with value: 0.04567317386180061 and parameters: {'observation_period_num': 16, 'train_rates': 0.9003886463109222, 'learning_rate': 0.0007006318874378033, 'batch_size': 116, 'step_size': 8, 'gamma': 0.8109472976597953}. Best is trial 11 with value: 0.03887290244775194.[0m
[32m[I 2025-02-02 17:22:39,319][0m Trial 44 finished with value: 0.04789356458651361 and parameters: {'observation_period_num': 20, 'train_rates': 0.932342826479401, 'learning_rate': 0.00036972126207428783, 'batch_size': 149, 'step_size': 8, 'gamma': 0.7955770190466387}. Best is trial 11 with value: 0.03887290244775194.[0m
[32m[I 2025-02-02 17:23:23,995][0m Trial 45 finished with value: 0.08007090949663545 and parameters: {'observation_period_num': 51, 'train_rates': 0.8763252958302343, 'learning_rate': 4.150842008175458e-05, 'batch_size': 132, 'step_size': 6, 'gamma': 0.8089143013164432}. Best is trial 11 with value: 0.03887290244775194.[0m
[32m[I 2025-02-02 17:24:23,345][0m Trial 46 finished with value: 0.06812753141936609 and parameters: {'observation_period_num': 16, 'train_rates': 0.899557928379886, 'learning_rate': 0.0001587874838521245, 'batch_size': 101, 'step_size': 4, 'gamma': 0.7770746083005169}. Best is trial 11 with value: 0.03887290244775194.[0m
[32m[I 2025-02-02 17:25:20,826][0m Trial 47 finished with value: 0.22794807787883925 and parameters: {'observation_period_num': 163, 'train_rates': 0.681587802353192, 'learning_rate': 0.0007571600603202124, 'batch_size': 82, 'step_size': 9, 'gamma': 0.8355940959643394}. Best is trial 11 with value: 0.03887290244775194.[0m
[32m[I 2025-02-02 17:26:55,042][0m Trial 48 finished with value: 0.09396953392645409 and parameters: {'observation_period_num': 67, 'train_rates': 0.9699599109655166, 'learning_rate': 1.096597213578132e-05, 'batch_size': 63, 'step_size': 14, 'gamma': 0.8153092061469509}. Best is trial 11 with value: 0.03887290244775194.[0m
[32m[I 2025-02-02 17:27:43,757][0m Trial 49 finished with value: 0.07822027883934927 and parameters: {'observation_period_num': 141, 'train_rates': 0.8211009855894246, 'learning_rate': 0.0009589923113754147, 'batch_size': 115, 'step_size': 1, 'gamma': 0.9410968602358801}. Best is trial 11 with value: 0.03887290244775194.[0m
trend „ÅÆÊúÄÈÅ©„Éè„Ç§„Éë„Éº„Éë„É©„É°„Éº„Çø„ÅåË¶ã„Å§„Åã„Çä„Åæ„Åó„Åü
ÊúÄÈÅ©ÂåñÂØæË±°: seasonal_0
[32m[I 2025-02-02 17:27:43,935][0m A new study created in memory with name: no-name-a474ed19-92eb-45d2-b2b7-5b7a9073e443[0m
[32m[I 2025-02-02 17:28:06,690][0m Trial 0 finished with value: 0.17236863007789016 and parameters: {'observation_period_num': 77, 'train_rates': 0.676578487684441, 'learning_rate': 0.00011494216533179262, 'batch_size': 239, 'step_size': 6, 'gamma': 0.7691338848545721}. Best is trial 0 with value: 0.17236863007789016.[0m
[32m[I 2025-02-02 17:28:35,176][0m Trial 1 finished with value: 0.08284324563519899 and parameters: {'observation_period_num': 93, 'train_rates': 0.8495298223496637, 'learning_rate': 0.00010360431058132451, 'batch_size': 210, 'step_size': 15, 'gamma': 0.896677919628141}. Best is trial 1 with value: 0.08284324563519899.[0m
[32m[I 2025-02-02 17:29:54,656][0m Trial 2 finished with value: 0.16961058323560324 and parameters: {'observation_period_num': 146, 'train_rates': 0.9185762734615253, 'learning_rate': 6.497162614911673e-06, 'batch_size': 70, 'step_size': 11, 'gamma': 0.8746536941157144}. Best is trial 1 with value: 0.08284324563519899.[0m
[32m[I 2025-02-02 17:30:23,115][0m Trial 3 finished with value: 0.18709265504686431 and parameters: {'observation_period_num': 38, 'train_rates': 0.640191918879198, 'learning_rate': 9.219371095456519e-05, 'batch_size': 179, 'step_size': 11, 'gamma': 0.9174199468446207}. Best is trial 1 with value: 0.08284324563519899.[0m
[32m[I 2025-02-02 17:30:57,079][0m Trial 4 finished with value: 0.08798502528286994 and parameters: {'observation_period_num': 186, 'train_rates': 0.9323208407143859, 'learning_rate': 0.00019163235648499757, 'batch_size': 183, 'step_size': 12, 'gamma': 0.7521213185773649}. Best is trial 1 with value: 0.08284324563519899.[0m
[32m[I 2025-02-02 17:31:20,187][0m Trial 5 finished with value: 0.6227487336190443 and parameters: {'observation_period_num': 233, 'train_rates': 0.6457592910803184, 'learning_rate': 9.280343167098002e-06, 'batch_size': 200, 'step_size': 11, 'gamma': 0.8035030111512123}. Best is trial 1 with value: 0.08284324563519899.[0m
[32m[I 2025-02-02 17:31:51,641][0m Trial 6 finished with value: 0.10605800020344117 and parameters: {'observation_period_num': 16, 'train_rates': 0.9134134979557285, 'learning_rate': 8.231551067805865e-06, 'batch_size': 195, 'step_size': 13, 'gamma': 0.8875962107905514}. Best is trial 1 with value: 0.08284324563519899.[0m
[32m[I 2025-02-02 17:32:45,687][0m Trial 7 finished with value: 0.2237696250809281 and parameters: {'observation_period_num': 226, 'train_rates': 0.8278610413616755, 'learning_rate': 4.474972446301847e-05, 'batch_size': 95, 'step_size': 3, 'gamma': 0.8040689358900777}. Best is trial 1 with value: 0.08284324563519899.[0m
[32m[I 2025-02-02 17:33:17,419][0m Trial 8 finished with value: 1.0470016102287427 and parameters: {'observation_period_num': 240, 'train_rates': 0.8742881523651145, 'learning_rate': 1.0689871585647474e-06, 'batch_size': 175, 'step_size': 6, 'gamma': 0.8466294634207326}. Best is trial 1 with value: 0.08284324563519899.[0m
[32m[I 2025-02-02 17:34:04,859][0m Trial 9 finished with value: 0.05669668016145048 and parameters: {'observation_period_num': 102, 'train_rates': 0.9218328039864139, 'learning_rate': 0.00031806699427301124, 'batch_size': 126, 'step_size': 8, 'gamma': 0.8798644885627804}. Best is trial 9 with value: 0.05669668016145048.[0m
[32m[I 2025-02-02 17:36:33,426][0m Trial 10 finished with value: 0.09613529105294258 and parameters: {'observation_period_num': 133, 'train_rates': 0.7497509838957084, 'learning_rate': 0.0009739395342983582, 'batch_size': 32, 'step_size': 2, 'gamma': 0.9774397711820358}. Best is trial 9 with value: 0.05669668016145048.[0m
[32m[I 2025-02-02 17:37:17,275][0m Trial 11 finished with value: 0.055397333219867353 and parameters: {'observation_period_num': 85, 'train_rates': 0.8108982503478823, 'learning_rate': 0.0006036804014412222, 'batch_size': 125, 'step_size': 8, 'gamma': 0.943966991702539}. Best is trial 11 with value: 0.055397333219867353.[0m
[32m[I 2025-02-02 17:38:05,382][0m Trial 12 finished with value: 0.08095607161521912 and parameters: {'observation_period_num': 76, 'train_rates': 0.9834434128805394, 'learning_rate': 0.0007489638557480288, 'batch_size': 133, 'step_size': 8, 'gamma': 0.951870031952863}. Best is trial 11 with value: 0.055397333219867353.[0m
[32m[I 2025-02-02 17:38:45,641][0m Trial 13 finished with value: 0.07869076484093701 and parameters: {'observation_period_num': 101, 'train_rates': 0.7597590880633129, 'learning_rate': 0.0003863686262221576, 'batch_size': 128, 'step_size': 8, 'gamma': 0.92897003325151}. Best is trial 11 with value: 0.055397333219867353.[0m
[32m[I 2025-02-02 17:39:36,590][0m Trial 14 finished with value: 0.13969763247250336 and parameters: {'observation_period_num': 168, 'train_rates': 0.7812746364908673, 'learning_rate': 0.00034207119730473407, 'batch_size': 100, 'step_size': 7, 'gamma': 0.9859727619821125}. Best is trial 11 with value: 0.055397333219867353.[0m
