[32m[I 2025-02-02 22:20:51,113][0m Trial 12 finished with value: 0.11194459162652493 and parameters: {'observation_period_num': 171, 'train_rates': 0.8958518245467016, 'learning_rate': 0.000923799306235721, 'batch_size': 33, 'step_size': 6, 'gamma': 0.9346675293129394}. Best is trial 11 with value: 0.10158313299928393.[0m
[32m[I 2025-02-02 22:24:48,748][0m Trial 13 finished with value: 0.10938805886716754 and parameters: {'observation_period_num': 164, 'train_rates': 0.8839121342409098, 'learning_rate': 0.0009193703583102082, 'batch_size': 22, 'step_size': 7, 'gamma': 0.9465416000539901}. Best is trial 11 with value: 0.10158313299928393.[0m
[32m[I 2025-02-02 22:26:04,543][0m Trial 14 finished with value: 0.09448962639600705 and parameters: {'observation_period_num': 158, 'train_rates': 0.8881942406116938, 'learning_rate': 0.0003704623323697116, 'batch_size': 71, 'step_size': 7, 'gamma': 0.955647098742396}. Best is trial 14 with value: 0.09448962639600705.[0m
[32m[I 2025-02-02 22:27:18,538][0m Trial 15 finished with value: 0.09219884341077288 and parameters: {'observation_period_num': 147, 'train_rates': 0.9082331439508011, 'learning_rate': 0.0002228556194586868, 'batch_size': 76, 'step_size': 15, 'gamma': 0.973374538081159}. Best is trial 15 with value: 0.09219884341077288.[0m
[32m[I 2025-02-02 22:28:33,395][0m Trial 16 finished with value: 0.06039092667400837 and parameters: {'observation_period_num': 19, 'train_rates': 0.8977559706280163, 'learning_rate': 0.0002530059113261114, 'batch_size': 77, 'step_size': 14, 'gamma': 0.9588534806737224}. Best is trial 16 with value: 0.06039092667400837.[0m
[32m[I 2025-02-02 22:29:54,047][0m Trial 17 finished with value: 0.04608279522634237 and parameters: {'observation_period_num': 20, 'train_rates': 0.7980993948820104, 'learning_rate': 0.0001802349104460674, 'batch_size': 66, 'step_size': 15, 'gamma': 0.905902330751193}. Best is trial 17 with value: 0.04608279522634237.[0m
[32m[I 2025-02-02 22:31:23,411][0m Trial 18 finished with value: 0.0555249944447525 and parameters: {'observation_period_num': 16, 'train_rates': 0.785452154349851, 'learning_rate': 2.427043575539006e-05, 'batch_size': 58, 'step_size': 15, 'gamma': 0.9065749232592032}. Best is trial 17 with value: 0.04608279522634237.[0m
[32m[I 2025-02-02 22:33:08,001][0m Trial 19 finished with value: 0.18098375562169938 and parameters: {'observation_period_num': 11, 'train_rates': 0.7923688119490958, 'learning_rate': 1.0533067049460946e-06, 'batch_size': 51, 'step_size': 12, 'gamma': 0.8558247967357199}. Best is trial 17 with value: 0.04608279522634237.[0m
[32m[I 2025-02-02 22:34:43,299][0m Trial 20 finished with value: 0.07579783459931064 and parameters: {'observation_period_num': 57, 'train_rates': 0.7746528742036237, 'learning_rate': 1.8978014069454667e-05, 'batch_size': 54, 'step_size': 15, 'gamma': 0.9080475953194125}. Best is trial 17 with value: 0.04608279522634237.[0m
[32m[I 2025-02-02 22:35:37,197][0m Trial 21 finished with value: 0.05964273088136498 and parameters: {'observation_period_num': 5, 'train_rates': 0.8337677049880278, 'learning_rate': 3.5328740835221766e-05, 'batch_size': 103, 'step_size': 14, 'gamma': 0.9099098870441246}. Best is trial 17 with value: 0.04608279522634237.[0m
[32m[I 2025-02-02 22:36:29,885][0m Trial 22 finished with value: 0.07918187450457052 and parameters: {'observation_period_num': 34, 'train_rates': 0.849010031828707, 'learning_rate': 1.1519911924155158e-05, 'batch_size': 109, 'step_size': 13, 'gamma': 0.9023950422488519}. Best is trial 17 with value: 0.04608279522634237.[0m
[32m[I 2025-02-02 22:37:24,402][0m Trial 23 finished with value: 0.05820569841607103 and parameters: {'observation_period_num': 5, 'train_rates': 0.8251868890075488, 'learning_rate': 3.813556982457675e-05, 'batch_size': 102, 'step_size': 15, 'gamma': 0.843387541947077}. Best is trial 17 with value: 0.04608279522634237.[0m
[32m[I 2025-02-02 22:38:50,174][0m Trial 24 finished with value: 0.08319559055103276 and parameters: {'observation_period_num': 67, 'train_rates': 0.7146893639622034, 'learning_rate': 0.0001215918757406744, 'batch_size': 57, 'step_size': 11, 'gamma': 0.836374380430935}. Best is trial 17 with value: 0.04608279522634237.[0m
[32m[I 2025-02-02 22:39:44,958][0m Trial 25 finished with value: 0.061573782214173325 and parameters: {'observation_period_num': 33, 'train_rates': 0.8097457294132229, 'learning_rate': 3.32701503374045e-05, 'batch_size': 100, 'step_size': 15, 'gamma': 0.8425414438083926}. Best is trial 17 with value: 0.04608279522634237.[0m
[32m[I 2025-02-02 22:40:43,900][0m Trial 26 finished with value: 0.16606478204455558 and parameters: {'observation_period_num': 79, 'train_rates': 0.7801986850791233, 'learning_rate': 8.228582438766963e-06, 'batch_size': 88, 'step_size': 14, 'gamma': 0.88391757015621}. Best is trial 17 with value: 0.04608279522634237.[0m
[32m[I 2025-02-02 22:41:19,428][0m Trial 27 finished with value: 0.1645245227305709 and parameters: {'observation_period_num': 28, 'train_rates': 0.6064253339648311, 'learning_rate': 9.421206197678401e-05, 'batch_size': 130, 'step_size': 12, 'gamma': 0.7718258941745546}. Best is trial 17 with value: 0.04608279522634237.[0m
[32m[I 2025-02-02 22:43:11,160][0m Trial 28 finished with value: 0.0637020368893177 and parameters: {'observation_period_num': 50, 'train_rates': 0.7580348515872517, 'learning_rate': 4.6237060952997205e-05, 'batch_size': 45, 'step_size': 13, 'gamma': 0.8284086148699616}. Best is trial 17 with value: 0.04608279522634237.[0m
[32m[I 2025-02-02 22:44:31,916][0m Trial 29 finished with value: 0.0760606618845189 and parameters: {'observation_period_num': 90, 'train_rates': 0.86316033561693, 'learning_rate': 2.1020800775803464e-05, 'batch_size': 67, 'step_size': 15, 'gamma': 0.8699969755765891}. Best is trial 17 with value: 0.04608279522634237.[0m
[32m[I 2025-02-02 22:45:29,753][0m Trial 30 finished with value: 0.05767984963556018 and parameters: {'observation_period_num': 5, 'train_rates': 0.7011141133715516, 'learning_rate': 0.0001465344618895121, 'batch_size': 87, 'step_size': 11, 'gamma': 0.887751520858194}. Best is trial 17 with value: 0.04608279522634237.[0m
[32m[I 2025-02-02 22:46:28,904][0m Trial 31 finished with value: 0.05698085891869708 and parameters: {'observation_period_num': 6, 'train_rates': 0.7000830187563817, 'learning_rate': 0.00015452893741631416, 'batch_size': 84, 'step_size': 14, 'gamma': 0.8931346061297493}. Best is trial 17 with value: 0.04608279522634237.[0m
[32m[I 2025-02-02 22:47:25,192][0m Trial 32 finished with value: 0.06534473457647716 and parameters: {'observation_period_num': 23, 'train_rates': 0.6856628249884549, 'learning_rate': 0.00018120555550761415, 'batch_size': 86, 'step_size': 11, 'gamma': 0.893604947780874}. Best is trial 17 with value: 0.04608279522634237.[0m
[32m[I 2025-02-02 22:48:02,137][0m Trial 33 finished with value: 0.08152199788604464 and parameters: {'observation_period_num': 41, 'train_rates': 0.6993730103111162, 'learning_rate': 0.0002946032764383014, 'batch_size': 142, 'step_size': 9, 'gamma': 0.9221303155660343}. Best is trial 17 with value: 0.04608279522634237.[0m
[32m[I 2025-02-02 22:48:43,175][0m Trial 34 finished with value: 0.19249943480311504 and parameters: {'observation_period_num': 60, 'train_rates': 0.6407986942144771, 'learning_rate': 0.0004887820564768352, 'batch_size': 118, 'step_size': 14, 'gamma': 0.8684656376063954}. Best is trial 17 with value: 0.04608279522634237.[0m
[32m[I 2025-02-02 22:50:06,108][0m Trial 35 finished with value: 0.05257478227177935 and parameters: {'observation_period_num': 20, 'train_rates': 0.7462149734049754, 'learning_rate': 0.00016697423973958042, 'batch_size': 61, 'step_size': 11, 'gamma': 0.891131433205984}. Best is trial 17 with value: 0.04608279522634237.[0m
[32m[I 2025-02-02 22:52:15,280][0m Trial 36 finished with value: 0.08168376667675682 and parameters: {'observation_period_num': 27, 'train_rates': 0.7408344177589876, 'learning_rate': 8.553052343079975e-05, 'batch_size': 38, 'step_size': 13, 'gamma': 0.919936726017216}. Best is trial 17 with value: 0.04608279522634237.[0m
[32m[I 2025-02-02 22:53:34,365][0m Trial 37 finished with value: 0.0760647668360883 and parameters: {'observation_period_num': 73, 'train_rates': 0.7615428075234026, 'learning_rate': 5.1953392110156555e-05, 'batch_size': 63, 'step_size': 9, 'gamma': 0.9371319517674997}. Best is trial 17 with value: 0.04608279522634237.[0m
[32m[I 2025-02-02 22:54:15,653][0m Trial 38 finished with value: 0.5496639725715315 and parameters: {'observation_period_num': 194, 'train_rates': 0.7249997597900246, 'learning_rate': 6.246271235075134e-06, 'batch_size': 119, 'step_size': 12, 'gamma': 0.8998585942961475}. Best is trial 17 with value: 0.04608279522634237.[0m
[32m[I 2025-02-02 22:56:01,673][0m Trial 39 finished with value: 0.059920241695631885 and parameters: {'observation_period_num': 95, 'train_rates': 0.802935923024951, 'learning_rate': 0.00010590825962889227, 'batch_size': 48, 'step_size': 10, 'gamma': 0.9152080800655871}. Best is trial 17 with value: 0.04608279522634237.[0m
[32m[I 2025-02-02 22:57:15,513][0m Trial 40 finished with value: 0.1184305028396403 and parameters: {'observation_period_num': 46, 'train_rates': 0.6566042812315205, 'learning_rate': 1.624452997429079e-05, 'batch_size': 63, 'step_size': 13, 'gamma': 0.8609015243444735}. Best is trial 17 with value: 0.04608279522634237.[0m
[32m[I 2025-02-02 22:58:16,149][0m Trial 41 finished with value: 0.04842461693450945 and parameters: {'observation_period_num': 16, 'train_rates': 0.7029719849952876, 'learning_rate': 0.00016836652431819518, 'batch_size': 81, 'step_size': 11, 'gamma': 0.889451078519267}. Best is trial 17 with value: 0.04608279522634237.[0m
[32m[I 2025-02-02 22:59:22,862][0m Trial 42 finished with value: 0.044924839570764034 and parameters: {'observation_period_num': 18, 'train_rates': 0.7419012549078947, 'learning_rate': 0.00018637360517349675, 'batch_size': 75, 'step_size': 8, 'gamma': 0.8816101098872315}. Best is trial 42 with value: 0.044924839570764034.[0m
[32m[I 2025-02-02 23:02:17,353][0m Trial 43 finished with value: 0.1311459863539209 and parameters: {'observation_period_num': 251, 'train_rates': 0.7846566911986051, 'learning_rate': 0.0005449491695878641, 'batch_size': 27, 'step_size': 8, 'gamma': 0.8816364559985607}. Best is trial 42 with value: 0.044924839570764034.[0m
[32m[I 2025-02-02 23:04:27,970][0m Trial 44 finished with value: 0.05517042874702486 and parameters: {'observation_period_num': 18, 'train_rates': 0.7406104625423242, 'learning_rate': 0.0003004222408043915, 'batch_size': 38, 'step_size': 8, 'gamma': 0.8725961169456962}. Best is trial 42 with value: 0.044924839570764034.[0m
[32m[I 2025-02-02 23:06:26,722][0m Trial 45 finished with value: 0.07109068882371374 and parameters: {'observation_period_num': 38, 'train_rates': 0.738916084030762, 'learning_rate': 0.00038694115611118173, 'batch_size': 42, 'step_size': 8, 'gamma': 0.8741265608064922}. Best is trial 42 with value: 0.044924839570764034.[0m
[32m[I 2025-02-02 23:11:32,364][0m Trial 46 finished with value: 0.05415317777674796 and parameters: {'observation_period_num': 22, 'train_rates': 0.7467025941286984, 'learning_rate': 0.0006445002246991377, 'batch_size': 16, 'step_size': 7, 'gamma': 0.8577618417453147}. Best is trial 42 with value: 0.044924839570764034.[0m
[32m[I 2025-02-02 23:12:02,069][0m Trial 47 finished with value: 0.22027570278325204 and parameters: {'observation_period_num': 122, 'train_rates': 0.6740861273201936, 'learning_rate': 0.0006365717652311247, 'batch_size': 161, 'step_size': 7, 'gamma': 0.8537554439960664}. Best is trial 42 with value: 0.044924839570764034.[0m
[32m[I 2025-02-02 23:15:38,419][0m Trial 48 finished with value: 0.0814869324245104 and parameters: {'observation_period_num': 55, 'train_rates': 0.716810248037576, 'learning_rate': 6.347313866714177e-05, 'batch_size': 22, 'step_size': 5, 'gamma': 0.8169915337799974}. Best is trial 42 with value: 0.044924839570764034.[0m
