[32m[I 2025-02-02 20:29:22,889][0m Trial 47 finished with value: 0.05720653325079914 and parameters: {'observation_period_num': 56, 'train_rates': 0.8279712514640674, 'learning_rate': 0.0004400312600982513, 'batch_size': 49, 'step_size': 10, 'gamma': 0.8206677111088209}. Best is trial 42 with value: 0.03797622851876391.[0m
[32m[I 2025-02-02 20:32:37,814][0m Trial 48 finished with value: 0.05547708656260933 and parameters: {'observation_period_num': 37, 'train_rates': 0.8580832297738215, 'learning_rate': 0.00029318721886736286, 'batch_size': 28, 'step_size': 8, 'gamma': 0.8718536067998138}. Best is trial 42 with value: 0.03797622851876391.[0m
[32m[I 2025-02-02 20:34:07,593][0m Trial 49 finished with value: 0.04007368972818452 and parameters: {'observation_period_num': 5, 'train_rates': 0.7953433364549315, 'learning_rate': 0.0005441536450788174, 'batch_size': 59, 'step_size': 11, 'gamma': 0.8508102187737044}. Best is trial 42 with value: 0.03797622851876391.[0m
seasonal_2 „ÅÆÊúÄÈÅ©„Éè„Ç§„Éë„Éº„Éë„É©„É°„Éº„Çø„ÅåË¶ã„Å§„Åã„Çä„Åæ„Åó„Åü
ÊúÄÈÅ©ÂåñÂØæË±°: seasonal_3
[32m[I 2025-02-02 20:34:07,604][0m A new study created in memory with name: no-name-74c44988-4734-47f9-ae74-9f491368f1c3[0m
[32m[I 2025-02-02 20:34:30,611][0m Trial 0 finished with value: 0.3405808303356171 and parameters: {'observation_period_num': 209, 'train_rates': 0.635236289895402, 'learning_rate': 0.0002802710457907708, 'batch_size': 216, 'step_size': 11, 'gamma': 0.7707073782238945}. Best is trial 0 with value: 0.3405808303356171.[0m
[32m[I 2025-02-02 20:35:23,535][0m Trial 1 finished with value: 0.07957944145622474 and parameters: {'observation_period_num': 138, 'train_rates': 0.8618460903035067, 'learning_rate': 8.27545245382369e-05, 'batch_size': 102, 'step_size': 11, 'gamma': 0.9266802319723736}. Best is trial 1 with value: 0.07957944145622474.[0m
[32m[I 2025-02-02 20:35:50,254][0m Trial 2 finished with value: 0.09840144634486524 and parameters: {'observation_period_num': 101, 'train_rates': 0.738190291318322, 'learning_rate': 0.0004997144114745965, 'batch_size': 199, 'step_size': 11, 'gamma': 0.8417636218947817}. Best is trial 1 with value: 0.07957944145622474.[0m
[32m[I 2025-02-02 20:36:22,965][0m Trial 3 finished with value: 0.06498040685403174 and parameters: {'observation_period_num': 123, 'train_rates': 0.8050795433530648, 'learning_rate': 0.000567280618101594, 'batch_size': 164, 'step_size': 3, 'gamma': 0.9368709812240859}. Best is trial 3 with value: 0.06498040685403174.[0m
[32m[I 2025-02-02 20:38:34,769][0m Trial 4 finished with value: 0.2783479528419627 and parameters: {'observation_period_num': 170, 'train_rates': 0.8287671778205202, 'learning_rate': 3.593451526144015e-06, 'batch_size': 39, 'step_size': 12, 'gamma': 0.791591995166768}. Best is trial 3 with value: 0.06498040685403174.[0m
[32m[I 2025-02-02 20:39:04,037][0m Trial 5 finished with value: 0.10031410306692123 and parameters: {'observation_period_num': 146, 'train_rates': 0.9692377455835681, 'learning_rate': 0.0002655136263420278, 'batch_size': 214, 'step_size': 11, 'gamma': 0.8214435021839056}. Best is trial 3 with value: 0.06498040685403174.[0m
[32m[I 2025-02-02 20:39:30,832][0m Trial 6 finished with value: 0.2744979488474506 and parameters: {'observation_period_num': 143, 'train_rates': 0.898180532534121, 'learning_rate': 1.1042696936257535e-05, 'batch_size': 243, 'step_size': 9, 'gamma': 0.8417048391352856}. Best is trial 3 with value: 0.06498040685403174.[0m
[32m[I 2025-02-02 20:40:09,688][0m Trial 7 finished with value: 0.0719201058519553 and parameters: {'observation_period_num': 152, 'train_rates': 0.8852747295192231, 'learning_rate': 0.0002324757370264699, 'batch_size': 148, 'step_size': 9, 'gamma': 0.8077656324430845}. Best is trial 3 with value: 0.06498040685403174.[0m
[32m[I 2025-02-02 20:40:37,122][0m Trial 8 finished with value: 0.09738212568979514 and parameters: {'observation_period_num': 147, 'train_rates': 0.891576012877372, 'learning_rate': 6.298906026657656e-05, 'batch_size': 214, 'step_size': 13, 'gamma': 0.851707538118072}. Best is trial 3 with value: 0.06498040685403174.[0m
Early stopping at epoch 74
[32m[I 2025-02-02 20:41:07,307][0m Trial 9 finished with value: 0.4300526692593964 and parameters: {'observation_period_num': 223, 'train_rates': 0.6418998599601193, 'learning_rate': 0.0005693226827629295, 'batch_size': 115, 'step_size': 1, 'gamma': 0.8258776516934098}. Best is trial 3 with value: 0.06498040685403174.[0m
[32m[I 2025-02-02 20:41:41,139][0m Trial 10 finished with value: 0.8530825191887421 and parameters: {'observation_period_num': 33, 'train_rates': 0.7433230932413548, 'learning_rate': 1.3071737695115857e-06, 'batch_size': 162, 'step_size': 3, 'gamma': 0.9843719705587156}. Best is trial 3 with value: 0.06498040685403174.[0m
[32m[I 2025-02-02 20:42:19,149][0m Trial 11 finished with value: 0.05939145210739779 and parameters: {'observation_period_num': 87, 'train_rates': 0.7771039887643779, 'learning_rate': 0.0009062258914491554, 'batch_size': 145, 'step_size': 6, 'gamma': 0.9092846453992018}. Best is trial 11 with value: 0.05939145210739779.[0m
[32m[I 2025-02-02 20:43:34,246][0m Trial 12 finished with value: 0.06342348168047589 and parameters: {'observation_period_num': 72, 'train_rates': 0.7755659359538548, 'learning_rate': 0.0009090830877881542, 'batch_size': 69, 'step_size': 5, 'gamma': 0.9053631072559851}. Best is trial 11 with value: 0.05939145210739779.[0m
[32m[I 2025-02-02 20:44:42,445][0m Trial 13 finished with value: 0.09933543632107396 and parameters: {'observation_period_num': 61, 'train_rates': 0.7319520881570251, 'learning_rate': 0.0009459268380109114, 'batch_size': 73, 'step_size': 6, 'gamma': 0.8958928682207149}. Best is trial 11 with value: 0.05939145210739779.[0m
[32m[I 2025-02-02 20:47:36,470][0m Trial 14 finished with value: 0.07629597061636424 and parameters: {'observation_period_num': 11, 'train_rates': 0.6908253455452064, 'learning_rate': 2.0477900432126983e-05, 'batch_size': 27, 'step_size': 6, 'gamma': 0.8902591024306434}. Best is trial 11 with value: 0.05939145210739779.[0m
[32m[I 2025-02-02 20:48:44,587][0m Trial 15 finished with value: 0.06357025279889723 and parameters: {'observation_period_num': 81, 'train_rates': 0.7793432364015909, 'learning_rate': 0.00012011232064522067, 'batch_size': 76, 'step_size': 15, 'gamma': 0.9438305795244506}. Best is trial 11 with value: 0.05939145210739779.[0m
[32m[I 2025-02-02 20:49:57,529][0m Trial 16 finished with value: 0.09567108724200934 and parameters: {'observation_period_num': 57, 'train_rates': 0.6848748718931912, 'learning_rate': 0.0009548374064954508, 'batch_size': 64, 'step_size': 6, 'gamma': 0.88580221758342}. Best is trial 11 with value: 0.05939145210739779.[0m
[32m[I 2025-02-02 20:50:50,942][0m Trial 17 finished with value: 0.08809808933654346 and parameters: {'observation_period_num': 110, 'train_rates': 0.9482068349861622, 'learning_rate': 3.162370543949895e-05, 'batch_size': 114, 'step_size': 4, 'gamma': 0.9756212421008297}. Best is trial 11 with value: 0.05939145210739779.[0m
[32m[I 2025-02-02 20:51:30,657][0m Trial 18 finished with value: 0.06446992957652523 and parameters: {'observation_period_num': 84, 'train_rates': 0.7938566452487076, 'learning_rate': 0.0001559644912131467, 'batch_size': 134, 'step_size': 7, 'gamma': 0.9121734025670124}. Best is trial 11 with value: 0.05939145210739779.[0m
[32m[I 2025-02-02 20:52:15,580][0m Trial 19 finished with value: 0.45272045828638036 and parameters: {'observation_period_num': 187, 'train_rates': 0.6002432386813623, 'learning_rate': 4.518837356132857e-05, 'batch_size': 95, 'step_size': 4, 'gamma': 0.9602353001794652}. Best is trial 11 with value: 0.05939145210739779.[0m
[32m[I 2025-02-02 20:53:57,914][0m Trial 20 finished with value: 0.100904609968116 and parameters: {'observation_period_num': 44, 'train_rates': 0.839543822721, 'learning_rate': 7.728147792966478e-06, 'batch_size': 52, 'step_size': 8, 'gamma': 0.8722261881902631}. Best is trial 11 with value: 0.05939145210739779.[0m
[32m[I 2025-02-02 20:55:01,230][0m Trial 21 finished with value: 0.060755170752683024 and parameters: {'observation_period_num': 82, 'train_rates': 0.7788643614982339, 'learning_rate': 0.00013621133904647082, 'batch_size': 82, 'step_size': 5, 'gamma': 0.9375441442786526}. Best is trial 11 with value: 0.05939145210739779.[0m
[32m[I 2025-02-02 20:55:56,931][0m Trial 22 finished with value: 0.06704884988738656 and parameters: {'observation_period_num': 86, 'train_rates': 0.7638499877325003, 'learning_rate': 0.00040539988856071527, 'batch_size': 93, 'step_size': 5, 'gamma': 0.9169458823713614}. Best is trial 11 with value: 0.05939145210739779.[0m
[32m[I 2025-02-02 20:56:35,784][0m Trial 23 finished with value: 0.10305825433560781 and parameters: {'observation_period_num': 66, 'train_rates': 0.6967531866071829, 'learning_rate': 0.00014747591917233874, 'batch_size': 132, 'step_size': 1, 'gamma': 0.9527102870699351}. Best is trial 11 with value: 0.05939145210739779.[0m
[32m[I 2025-02-02 20:59:58,061][0m Trial 24 finished with value: 0.05418479033601032 and parameters: {'observation_period_num': 21, 'train_rates': 0.8222119278590996, 'learning_rate': 0.0009477658710810673, 'batch_size': 26, 'step_size': 8, 'gamma': 0.9090038418313864}. Best is trial 24 with value: 0.05418479033601032.[0m
[32m[I 2025-02-02 21:01:54,770][0m Trial 25 finished with value: 0.04165070503950119 and parameters: {'observation_period_num': 18, 'train_rates': 0.8220518928428402, 'learning_rate': 0.0003315708176541068, 'batch_size': 46, 'step_size': 8, 'gamma': 0.8714022378926803}. Best is trial 25 with value: 0.04165070503950119.[0m
[32m[I 2025-02-02 21:03:59,521][0m Trial 26 finished with value: 0.05046919403911227 and parameters: {'observation_period_num': 20, 'train_rates': 0.8277511604346525, 'learning_rate': 0.00036658167938666855, 'batch_size': 43, 'step_size': 9, 'gamma': 0.8680585470577257}. Best is trial 25 with value: 0.04165070503950119.[0m
[32m[I 2025-02-02 21:09:55,400][0m Trial 27 finished with value: 0.04502728466312261 and parameters: {'observation_period_num': 7, 'train_rates': 0.9208782466471881, 'learning_rate': 0.00033136380756492025, 'batch_size': 16, 'step_size': 9, 'gamma': 0.8629659889656552}. Best is trial 25 with value: 0.04165070503950119.[0m
[32m[I 2025-02-02 21:15:32,139][0m Trial 28 finished with value: 0.06034664122035374 and parameters: {'observation_period_num': 11, 'train_rates': 0.9371448182967693, 'learning_rate': 0.0003139695401840062, 'batch_size': 17, 'step_size': 9, 'gamma': 0.8692448904334871}. Best is trial 25 with value: 0.04165070503950119.[0m
[32m[I 2025-02-02 21:17:33,847][0m Trial 29 finished with value: 0.12490176524107273 and parameters: {'observation_period_num': 35, 'train_rates': 0.928948782948239, 'learning_rate': 0.00023705745722863228, 'batch_size': 48, 'step_size': 10, 'gamma': 0.8633301481435183}. Best is trial 25 with value: 0.04165070503950119.[0m
[32m[I 2025-02-02 21:19:48,005][0m Trial 30 finished with value: 0.0809030681848526 and parameters: {'observation_period_num': 45, 'train_rates': 0.9881034563088138, 'learning_rate': 9.176777516484294e-05, 'batch_size': 45, 'step_size': 13, 'gamma': 0.7906534774873988}. Best is trial 25 with value: 0.04165070503950119.[0m
[32m[I 2025-02-02 21:24:39,815][0m Trial 31 finished with value: 0.05243476155210301 and parameters: {'observation_period_num': 20, 'train_rates': 0.8289014618943517, 'learning_rate': 0.00039893325481088926, 'batch_size': 18, 'step_size': 8, 'gamma': 0.7563149598126566}. Best is trial 25 with value: 0.04165070503950119.[0m
[32m[I 2025-02-02 21:29:37,002][0m Trial 32 finished with value: 0.043397022634744646 and parameters: {'observation_period_num': 7, 'train_rates': 0.8471644046538184, 'learning_rate': 0.000374563886365218, 'batch_size': 18, 'step_size': 10, 'gamma': 0.7539894324851881}. Best is trial 25 with value: 0.04165070503950119.[0m
[32m[I 2025-02-02 21:32:09,778][0m Trial 33 finished with value: 0.050370533376273126 and parameters: {'observation_period_num': 26, 'train_rates': 0.8610415374633255, 'learning_rate': 0.00019637757891763548, 'batch_size': 36, 'step_size': 10, 'gamma': 0.7704193747025565}. Best is trial 25 with value: 0.04165070503950119.[0m
[32m[I 2025-02-02 21:34:53,158][0m Trial 34 finished with value: 0.038348804109560285 and parameters: {'observation_period_num': 8, 'train_rates': 0.8640045576819047, 'learning_rate': 0.00019593562920564657, 'batch_size': 34, 'step_size': 10, 'gamma': 0.7547927728185799}. Best is trial 34 with value: 0.038348804109560285.[0m
[32m[I 2025-02-02 21:36:31,107][0m Trial 35 finished with value: 0.04017146211348603 and parameters: {'observation_period_num': 5, 'train_rates': 0.8634841542754629, 'learning_rate': 0.0005552631608400579, 'batch_size': 57, 'step_size': 12, 'gamma': 0.7511632167524653}. Best is trial 34 with value: 0.038348804109560285.[0m
[32m[I 2025-02-02 21:38:06,571][0m Trial 36 finished with value: 0.057361536910757426 and parameters: {'observation_period_num': 49, 'train_rates': 0.8622108093944091, 'learning_rate': 0.0005971364966689871, 'batch_size': 59, 'step_size': 12, 'gamma': 0.7533644298384256}. Best is trial 34 with value: 0.038348804109560285.[0m
[32m[I 2025-02-02 21:40:54,937][0m Trial 37 finished with value: 0.04577253810620859 and parameters: {'observation_period_num': 6, 'train_rates': 0.8679281174624506, 'learning_rate': 9.078590771717204e-05, 'batch_size': 33, 'step_size': 12, 'gamma': 0.7876352274225392}. Best is trial 34 with value: 0.038348804109560285.[0m
[32m[I 2025-02-02 21:42:31,243][0m Trial 38 finished with value: 0.08299948440657721 and parameters: {'observation_period_num': 242, 'train_rates': 0.9102712946491628, 'learning_rate': 6.234674541108568e-05, 'batch_size': 56, 'step_size': 15, 'gamma': 0.7703392065933178}. Best is trial 34 with value: 0.038348804109560285.[0m
[32m[I 2025-02-02 21:43:39,562][0m Trial 39 finished with value: 0.0490019820911223 and parameters: {'observation_period_num': 35, 'train_rates': 0.8498430612576074, 'learning_rate': 0.0005893917709705916, 'batch_size': 85, 'step_size': 11, 'gamma': 0.8100607037525845}. Best is trial 34 with value: 0.038348804109560285.[0m
[32m[I 2025-02-02 21:44:28,245][0m Trial 40 finished with value: 0.06255606096237898 and parameters: {'observation_period_num': 109, 'train_rates': 0.8029927770501146, 'learning_rate': 0.0001987742439339015, 'batch_size': 110, 'step_size': 10, 'gamma': 0.7843367834182546}. Best is trial 34 with value: 0.038348804109560285.[0m
[32m[I 2025-02-02 21:50:20,222][0m Trial 41 finished with value: 0.048146757180802524 and parameters: {'observation_period_num': 6, 'train_rates': 0.9131139412225896, 'learning_rate': 0.00048078818519332016, 'batch_size': 16, 'step_size': 13, 'gamma': 0.7500502854262365}. Best is trial 34 with value: 0.038348804109560285.[0m
[32m[I 2025-02-02 21:50:51,702][0m Trial 42 finished with value: 0.055498216324413305 and parameters: {'observation_period_num': 28, 'train_rates': 0.8902089835431979, 'learning_rate': 0.00022782511669553848, 'batch_size': 188, 'step_size': 11, 'gamma': 0.7677009598278501}. Best is trial 34 with value: 0.038348804109560285.[0m
[32m[I 2025-02-02 21:53:38,531][0m Trial 43 finished with value: 0.03942236676812172 and parameters: {'observation_period_num': 5, 'train_rates': 0.8731332441655479, 'learning_rate': 0.00037007020233308503, 'batch_size': 33, 'step_size': 10, 'gamma': 0.8357257054982674}. Best is trial 34 with value: 0.038348804109560285.[0m
[32m[I 2025-02-02 21:56:22,286][0m Trial 44 finished with value: 0.06065816867552447 and parameters: {'observation_period_num': 41, 'train_rates': 0.8778686570975591, 'learning_rate': 0.0006291556083055347, 'batch_size': 34, 'step_size': 11, 'gamma': 0.8255673450046105}. Best is trial 34 with value: 0.038348804109560285.[0m
[32m[I 2025-02-02 21:57:49,793][0m Trial 45 finished with value: 0.04346344011614649 and parameters: {'observation_period_num': 20, 'train_rates': 0.8105547763228952, 'learning_rate': 0.00028742041524569225, 'batch_size': 61, 'step_size': 10, 'gamma': 0.8056257272208135}. Best is trial 34 with value: 0.038348804109560285.[0m
[32m[I 2025-02-02 21:58:13,000][0m Trial 46 finished with value: 0.048720470380405306 and parameters: {'observation_period_num': 17, 'train_rates': 0.854995662520232, 'learning_rate': 0.0007271865272867916, 'batch_size': 255, 'step_size': 14, 'gamma': 0.8397606570774885}. Best is trial 34 with value: 0.038348804109560285.[0m
[32m[I 2025-02-02 22:01:16,579][0m Trial 47 finished with value: 0.06006161582508728 and parameters: {'observation_period_num': 52, 'train_rates': 0.8409356367658322, 'learning_rate': 0.0004789255701735844, 'batch_size': 29, 'step_size': 7, 'gamma': 0.7794269378134254}. Best is trial 34 with value: 0.038348804109560285.[0m
[32m[I 2025-02-02 22:03:21,699][0m Trial 48 finished with value: 0.06879336777646308 and parameters: {'observation_period_num': 127, 'train_rates': 0.8769741548889316, 'learning_rate': 0.00018473788837491004, 'batch_size': 43, 'step_size': 12, 'gamma': 0.7622359295466027}. Best is trial 34 with value: 0.038348804109560285.[0m
[32m[I 2025-02-02 22:04:43,501][0m Trial 49 finished with value: 0.055425437433379035 and parameters: {'observation_period_num': 31, 'train_rates': 0.8993518521379672, 'learning_rate': 0.00011047664248842839, 'batch_size': 70, 'step_size': 10, 'gamma': 0.802305422407354}. Best is trial 34 with value: 0.038348804109560285.[0m
seasonal_3 „ÅÆÊúÄÈÅ©„Éè„Ç§„Éë„Éº„Éë„É©„É°„Éº„Çø„ÅåË¶ã„Å§„Åã„Çä„Åæ„Åó„Åü
ÊúÄÈÅ©ÂåñÂØæË±°: resid
[32m[I 2025-02-02 22:04:43,511][0m A new study created in memory with name: no-name-1e3ee08e-ef80-467e-8fbb-6021ffb03df0[0m
[32m[I 2025-02-02 22:05:23,211][0m Trial 0 finished with value: 0.1188383623957634 and parameters: {'observation_period_num': 216, 'train_rates': 0.9667338131898418, 'learning_rate': 0.00021874727714380854, 'batch_size': 149, 'step_size': 3, 'gamma': 0.8810602688726837}. Best is trial 0 with value: 0.1188383623957634.[0m
[32m[I 2025-02-02 22:05:54,153][0m Trial 1 finished with value: 0.16888830716370223 and parameters: {'observation_period_num': 213, 'train_rates': 0.7350919524220602, 'learning_rate': 5.718155434773682e-05, 'batch_size': 163, 'step_size': 9, 'gamma': 0.9073908416866703}. Best is trial 0 with value: 0.1188383623957634.[0m
[32m[I 2025-02-02 22:06:33,853][0m Trial 2 finished with value: 0.7643131947321166 and parameters: {'observation_period_num': 110, 'train_rates': 0.6580579276635873, 'learning_rate': 3.498774923899286e-06, 'batch_size': 118, 'step_size': 10, 'gamma': 0.8596163086849034}. Best is trial 0 with value: 0.1188383623957634.[0m
Early stopping at epoch 54
[32m[I 2025-02-02 22:06:58,119][0m Trial 3 finished with value: 0.8786385557230781 and parameters: {'observation_period_num': 124, 'train_rates': 0.8499277996323629, 'learning_rate': 3.1646843361092273e-06, 'batch_size': 129, 'step_size': 1, 'gamma': 0.8161238468732473}. Best is trial 0 with value: 0.1188383623957634.[0m
[32m[I 2025-02-02 22:07:49,882][0m Trial 4 finished with value: 0.41992758855789525 and parameters: {'observation_period_num': 80, 'train_rates': 0.724763171579284, 'learning_rate': 3.411741823175268e-06, 'batch_size': 95, 'step_size': 12, 'gamma': 0.9664392146482639}. Best is trial 0 with value: 0.1188383623957634.[0m
[32m[I 2025-02-02 22:08:17,540][0m Trial 5 finished with value: 0.3812466263771057 and parameters: {'observation_period_num': 103, 'train_rates': 0.9533659600368096, 'learning_rate': 2.118041721766517e-05, 'batch_size': 233, 'step_size': 1, 'gamma': 0.9268677916495519}. Best is trial 0 with value: 0.1188383623957634.[0m
[32m[I 2025-02-02 22:08:39,163][0m Trial 6 finished with value: 0.3427196637764804 and parameters: {'observation_period_num': 232, 'train_rates': 0.643799271585978, 'learning_rate': 6.233059396979243e-05, 'batch_size': 220, 'step_size': 13, 'gamma': 0.767812922346238}. Best is trial 0 with value: 0.1188383623957634.[0m
[32m[I 2025-02-02 22:09:14,797][0m Trial 7 finished with value: 0.29751241093805986 and parameters: {'observation_period_num': 44, 'train_rates': 0.8193118650160246, 'learning_rate': 1.0073448826647084e-05, 'batch_size': 162, 'step_size': 3, 'gamma': 0.8817537564155349}. Best is trial 0 with value: 0.1188383623957634.[0m
[32m[I 2025-02-02 22:09:43,206][0m Trial 8 finished with value: 0.19760251976549625 and parameters: {'observation_period_num': 114, 'train_rates': 0.7519202166996075, 'learning_rate': 7.422983996453626e-05, 'batch_size': 184, 'step_size': 4, 'gamma': 0.8044625747385855}. Best is trial 0 with value: 0.1188383623957634.[0m
[32m[I 2025-02-02 22:10:10,522][0m Trial 9 finished with value: 0.21216106974861346 and parameters: {'observation_period_num': 220, 'train_rates': 0.678612427088755, 'learning_rate': 0.00013979528213393344, 'batch_size': 180, 'step_size': 10, 'gamma': 0.8062737398473618}. Best is trial 0 with value: 0.1188383623957634.[0m
[32m[I 2025-02-02 22:12:57,150][0m Trial 10 finished with value: 0.15111793526287737 and parameters: {'observation_period_num': 174, 'train_rates': 0.947831238660064, 'learning_rate': 0.00048811382093609724, 'batch_size': 33, 'step_size': 6, 'gamma': 0.982385196006535}. Best is trial 0 with value: 0.1188383623957634.[0m
[32m[I 2025-02-02 22:18:09,762][0m Trial 11 finished with value: 0.10158313299928393 and parameters: {'observation_period_num': 173, 'train_rates': 0.9876402835435666, 'learning_rate': 0.0009068291497701574, 'batch_size': 18, 'step_size': 5, 'gamma': 0.9826908547213367}. Best is trial 11 with value: 0.10158313299928393.[0m
