ÊúÄÈÅ©ÂåñÂØæË±°: trend
[32m[I 2025-01-05 18:32:54,131][0m A new study created in memory with name: no-name-18845303-2fa3-4f3c-8145-51c4a7fb1117[0m
Non-A100 GPU detected, using math or mem efficient attention if input tensor is on cuda
[32m[I 2025-01-05 18:33:29,239][0m Trial 0 finished with value: 0.2475061015242097 and parameters: {'observation_period_num': 151, 'train_rates': 0.8765085461074482, 'learning_rate': 1.7217926871946867e-05, 'batch_size': 192, 'step_size': 10, 'gamma': 0.7614558225958021}. Best is trial 0 with value: 0.2475061015242097.[0m
[32m[I 2025-01-05 18:34:04,759][0m Trial 1 finished with value: 0.03657986596226692 and parameters: {'observation_period_num': 9, 'train_rates': 0.9337019190212246, 'learning_rate': 0.0002292319347909306, 'batch_size': 208, 'step_size': 2, 'gamma': 0.9558940993612924}. Best is trial 1 with value: 0.03657986596226692.[0m
[32m[I 2025-01-05 18:34:37,494][0m Trial 2 finished with value: 0.09045813232660294 and parameters: {'observation_period_num': 33, 'train_rates': 0.9498141026826481, 'learning_rate': 2.8223317868273763e-05, 'batch_size': 233, 'step_size': 4, 'gamma': 0.931013515452062}. Best is trial 1 with value: 0.03657986596226692.[0m
[32m[I 2025-01-05 18:35:31,272][0m Trial 3 finished with value: 0.08773623134581571 and parameters: {'observation_period_num': 169, 'train_rates': 0.858728842126594, 'learning_rate': 8.970874043728893e-05, 'batch_size': 98, 'step_size': 5, 'gamma': 0.7990625646305612}. Best is trial 1 with value: 0.03657986596226692.[0m
[32m[I 2025-01-05 18:36:12,778][0m Trial 4 finished with value: 0.0730940613782767 and parameters: {'observation_period_num': 102, 'train_rates': 0.9192179188394385, 'learning_rate': 0.0005353868344576262, 'batch_size': 140, 'step_size': 4, 'gamma': 0.9238591200768165}. Best is trial 1 with value: 0.03657986596226692.[0m
[32m[I 2025-01-05 18:36:53,505][0m Trial 5 finished with value: 0.13822053287023772 and parameters: {'observation_period_num': 209, 'train_rates': 0.841928548318505, 'learning_rate': 0.0005336558940128688, 'batch_size': 123, 'step_size': 14, 'gamma': 0.9329088128882613}. Best is trial 1 with value: 0.03657986596226692.[0m
Early stopping at epoch 73
[32m[I 2025-01-05 18:37:37,444][0m Trial 6 finished with value: 0.17721396869239087 and parameters: {'observation_period_num': 50, 'train_rates': 0.8082356389618995, 'learning_rate': 5.5695000034360394e-05, 'batch_size': 87, 'step_size': 1, 'gamma': 0.8455523975411748}. Best is trial 1 with value: 0.03657986596226692.[0m
[32m[I 2025-01-05 18:39:21,935][0m Trial 7 finished with value: 0.1549877544682949 and parameters: {'observation_period_num': 193, 'train_rates': 0.8072726400489887, 'learning_rate': 0.00018924016043840236, 'batch_size': 45, 'step_size': 12, 'gamma': 0.9852442537141453}. Best is trial 1 with value: 0.03657986596226692.[0m
[32m[I 2025-01-05 18:40:03,204][0m Trial 8 finished with value: 0.13979934442409214 and parameters: {'observation_period_num': 247, 'train_rates': 0.7712798471646367, 'learning_rate': 0.0003943449359493104, 'batch_size': 136, 'step_size': 4, 'gamma': 0.8128339057590868}. Best is trial 1 with value: 0.03657986596226692.[0m
[32m[I 2025-01-05 18:40:32,505][0m Trial 9 finished with value: 0.13443957218160368 and parameters: {'observation_period_num': 19, 'train_rates': 0.6019287023340067, 'learning_rate': 0.0007422617825369274, 'batch_size': 244, 'step_size': 15, 'gamma': 0.9210876434620641}. Best is trial 1 with value: 0.03657986596226692.[0m
[32m[I 2025-01-05 18:41:15,301][0m Trial 10 finished with value: 0.3873053193092346 and parameters: {'observation_period_num': 88, 'train_rates': 0.9849323435557091, 'learning_rate': 2.2154294133878075e-06, 'batch_size': 194, 'step_size': 8, 'gamma': 0.9884985495534292}. Best is trial 1 with value: 0.03657986596226692.[0m
[32m[I 2025-01-05 18:41:57,880][0m Trial 11 finished with value: 0.17727012925170826 and parameters: {'observation_period_num': 106, 'train_rates': 0.9266600296398244, 'learning_rate': 0.00021773126317296536, 'batch_size': 185, 'step_size': 1, 'gamma': 0.8874477439436144}. Best is trial 1 with value: 0.03657986596226692.[0m
[32m[I 2025-01-05 18:42:35,367][0m Trial 12 finished with value: 0.35059733453014863 and parameters: {'observation_period_num': 75, 'train_rates': 0.7452453045461219, 'learning_rate': 8.293096659614549e-06, 'batch_size': 175, 'step_size': 6, 'gamma': 0.9543076256924946}. Best is trial 1 with value: 0.03657986596226692.[0m
[32m[I 2025-01-05 18:43:21,042][0m Trial 13 finished with value: 0.05824419829206398 and parameters: {'observation_period_num': 9, 'train_rates': 0.9294062467678024, 'learning_rate': 0.00014655314804217867, 'batch_size': 161, 'step_size': 2, 'gamma': 0.8740382016215734}. Best is trial 1 with value: 0.03657986596226692.[0m
[32m[I 2025-01-05 18:43:55,598][0m Trial 14 finished with value: 0.1855678721013682 and parameters: {'observation_period_num': 17, 'train_rates': 0.6950819700124516, 'learning_rate': 0.00014580836477440408, 'batch_size': 222, 'step_size': 2, 'gamma': 0.8783109653235961}. Best is trial 1 with value: 0.03657986596226692.[0m
[32m[I 2025-01-05 18:44:38,221][0m Trial 15 finished with value: 0.06277901586145163 and parameters: {'observation_period_num': 60, 'train_rates': 0.8894495154301788, 'learning_rate': 7.91344503279493e-05, 'batch_size': 161, 'step_size': 7, 'gamma': 0.8461709376678821}. Best is trial 1 with value: 0.03657986596226692.[0m
[32m[I 2025-01-05 18:45:20,523][0m Trial 16 finished with value: 0.977983832359314 and parameters: {'observation_period_num': 5, 'train_rates': 0.9754428019344928, 'learning_rate': 1.0200586341782152e-06, 'batch_size': 216, 'step_size': 3, 'gamma': 0.8949133981721489}. Best is trial 1 with value: 0.03657986596226692.[0m
[32m[I 2025-01-05 18:45:46,893][0m Trial 17 finished with value: 0.6015136734910644 and parameters: {'observation_period_num': 45, 'train_rates': 0.686810139644629, 'learning_rate': 1.0673251813496017e-05, 'batch_size': 253, 'step_size': 9, 'gamma': 0.8491247682104593}. Best is trial 1 with value: 0.03657986596226692.[0m
[32m[I 2025-01-05 18:48:04,801][0m Trial 18 finished with value: 0.07285313521518962 and parameters: {'observation_period_num': 135, 'train_rates': 0.9070095816032022, 'learning_rate': 4.817038124966695e-05, 'batch_size': 42, 'step_size': 2, 'gamma': 0.9578336492112047}. Best is trial 1 with value: 0.03657986596226692.[0m
[32m[I 2025-01-05 18:48:49,564][0m Trial 19 finished with value: 0.0688534677028656 and parameters: {'observation_period_num': 69, 'train_rates': 0.9511599510132324, 'learning_rate': 0.00026766495478103074, 'batch_size': 156, 'step_size': 6, 'gamma': 0.8182807674483696}. Best is trial 1 with value: 0.03657986596226692.[0m
[32m[I 2025-01-05 18:49:27,617][0m Trial 20 finished with value: 0.11630365866448235 and parameters: {'observation_period_num': 120, 'train_rates': 0.8355875163853005, 'learning_rate': 0.00012145674582829472, 'batch_size': 208, 'step_size': 10, 'gamma': 0.9008109431345948}. Best is trial 1 with value: 0.03657986596226692.[0m
[32m[I 2025-01-05 18:50:14,639][0m Trial 21 finished with value: 0.07457195058328296 and parameters: {'observation_period_num': 51, 'train_rates': 0.88730854296614, 'learning_rate': 7.615718400802707e-05, 'batch_size': 162, 'step_size': 7, 'gamma': 0.8416157887549282}. Best is trial 1 with value: 0.03657986596226692.[0m
[32m[I 2025-01-05 18:51:22,567][0m Trial 22 finished with value: 0.040995717783566234 and parameters: {'observation_period_num': 8, 'train_rates': 0.9502039443616246, 'learning_rate': 0.0002987879537452403, 'batch_size': 103, 'step_size': 3, 'gamma': 0.8632622431471519}. Best is trial 1 with value: 0.03657986596226692.[0m
[32m[I 2025-01-05 18:52:28,255][0m Trial 23 finished with value: 0.05489581802061626 and parameters: {'observation_period_num': 30, 'train_rates': 0.9521129650788162, 'learning_rate': 0.0003288091725504988, 'batch_size': 106, 'step_size': 2, 'gamma': 0.8616881922865288}. Best is trial 1 with value: 0.03657986596226692.[0m
[32m[I 2025-01-05 18:53:37,441][0m Trial 24 finished with value: 0.03503057733178139 and parameters: {'observation_period_num': 30, 'train_rates': 0.9847126008921929, 'learning_rate': 0.0008985147989540973, 'batch_size': 96, 'step_size': 3, 'gamma': 0.8628426741232128}. Best is trial 24 with value: 0.03503057733178139.[0m
[32m[I 2025-01-05 18:55:15,146][0m Trial 25 finished with value: 0.032789357006549835 and parameters: {'observation_period_num': 27, 'train_rates': 0.9867385710559733, 'learning_rate': 0.0008718744085748928, 'batch_size': 65, 'step_size': 3, 'gamma': 0.8251159019291208}. Best is trial 25 with value: 0.032789357006549835.[0m
[32m[I 2025-01-05 18:56:39,526][0m Trial 26 finished with value: 0.04204893857240677 and parameters: {'observation_period_num': 35, 'train_rates': 0.9724614771321565, 'learning_rate': 0.0008649544386050111, 'batch_size': 74, 'step_size': 5, 'gamma': 0.778496769506886}. Best is trial 25 with value: 0.032789357006549835.[0m
Early stopping at epoch 73
[32m[I 2025-01-05 18:57:51,460][0m Trial 27 finished with value: 0.1053522527217865 and parameters: {'observation_period_num': 82, 'train_rates': 0.9832212710262556, 'learning_rate': 0.0009796202281791423, 'batch_size': 65, 'step_size': 1, 'gamma': 0.8233694096262084}. Best is trial 25 with value: 0.032789357006549835.[0m
[32m[I 2025-01-05 19:01:08,185][0m Trial 28 finished with value: 0.04538694606162608 and parameters: {'observation_period_num': 30, 'train_rates': 0.9069728824528812, 'learning_rate': 0.0006014340199145592, 'batch_size': 29, 'step_size': 3, 'gamma': 0.7923808905031391}. Best is trial 25 with value: 0.032789357006549835.[0m
[32m[I 2025-01-05 19:02:35,321][0m Trial 29 finished with value: 0.10405163800245837 and parameters: {'observation_period_num': 153, 'train_rates': 0.8577109735370452, 'learning_rate': 0.00045085289029911363, 'batch_size': 63, 'step_size': 5, 'gamma': 0.9058518047911401}. Best is trial 25 with value: 0.032789357006549835.[0m
[32m[I 2025-01-05 19:03:28,622][0m Trial 30 finished with value: 0.07274191081523895 and parameters: {'observation_period_num': 65, 'train_rates': 0.9893101449000722, 'learning_rate': 0.0009858263904629619, 'batch_size': 119, 'step_size': 11, 'gamma': 0.7682497827804013}. Best is trial 25 with value: 0.032789357006549835.[0m
[32m[I 2025-01-05 19:04:42,800][0m Trial 31 finished with value: 0.03797959805803096 and parameters: {'observation_period_num': 5, 'train_rates': 0.9523099322748799, 'learning_rate': 0.0002987091492496759, 'batch_size': 84, 'step_size': 3, 'gamma': 0.8599642039601729}. Best is trial 25 with value: 0.032789357006549835.[0m
[32m[I 2025-01-05 19:05:58,385][0m Trial 32 finished with value: 0.11174494932804789 and parameters: {'observation_period_num': 27, 'train_rates': 0.9522381901751685, 'learning_rate': 2.521741701361423e-05, 'batch_size': 82, 'step_size': 3, 'gamma': 0.8292763121399589}. Best is trial 25 with value: 0.032789357006549835.[0m
[32m[I 2025-01-05 19:07:50,812][0m Trial 33 finished with value: 0.04366869840365618 and parameters: {'observation_period_num': 44, 'train_rates': 0.933930639584149, 'learning_rate': 0.00038794677881568795, 'batch_size': 53, 'step_size': 4, 'gamma': 0.8076504166695134}. Best is trial 25 with value: 0.032789357006549835.[0m
[32m[I 2025-01-05 19:09:02,447][0m Trial 34 finished with value: 0.043527577036214106 and parameters: {'observation_period_num': 26, 'train_rates': 0.9649329577566703, 'learning_rate': 0.0006328228560361201, 'batch_size': 89, 'step_size': 4, 'gamma': 0.8328696883737137}. Best is trial 25 with value: 0.032789357006549835.[0m
[32m[I 2025-01-05 19:14:35,942][0m Trial 35 finished with value: 0.025755180052590965 and parameters: {'observation_period_num': 5, 'train_rates': 0.9049211237928657, 'learning_rate': 0.00022729458521905302, 'batch_size': 17, 'step_size': 6, 'gamma': 0.8593371678519443}. Best is trial 35 with value: 0.025755180052590965.[0m
[32m[I 2025-01-05 19:19:44,276][0m Trial 36 finished with value: 0.07453499307458321 and parameters: {'observation_period_num': 57, 'train_rates': 0.9080680870223491, 'learning_rate': 0.00010743932148772243, 'batch_size': 18, 'step_size': 6, 'gamma': 0.7898828938736564}. Best is trial 35 with value: 0.025755180052590965.[0m
[32m[I 2025-01-05 19:22:35,426][0m Trial 37 finished with value: 0.04495748308571902 and parameters: {'observation_period_num': 39, 'train_rates': 0.8679615123029869, 'learning_rate': 0.00018083805890227125, 'batch_size': 32, 'step_size': 5, 'gamma': 0.9144016079732321}. Best is trial 35 with value: 0.025755180052590965.[0m
[32m[I 2025-01-05 19:23:27,175][0m Trial 38 finished with value: 0.15941389149580246 and parameters: {'observation_period_num': 98, 'train_rates': 0.9319492388633398, 'learning_rate': 4.292835097500786e-05, 'batch_size': 119, 'step_size': 1, 'gamma': 0.9346002449215663}. Best is trial 35 with value: 0.025755180052590965.[0m
[32m[I 2025-01-05 19:27:19,791][0m Trial 39 finished with value: 0.048960165336992094 and parameters: {'observation_period_num': 21, 'train_rates': 0.8268994905236945, 'learning_rate': 0.0007104043657574381, 'batch_size': 23, 'step_size': 4, 'gamma': 0.9662301131922578}. Best is trial 35 with value: 0.025755180052590965.[0m
[32m[I 2025-01-05 19:28:05,541][0m Trial 40 finished with value: 0.11270862113345753 and parameters: {'observation_period_num': 190, 'train_rates': 0.900713149889381, 'learning_rate': 0.0005240204897051819, 'batch_size': 135, 'step_size': 7, 'gamma': 0.8788148086613993}. Best is trial 35 with value: 0.025755180052590965.[0m
[32m[I 2025-01-05 19:30:01,094][0m Trial 41 finished with value: 0.0365167415126207 and parameters: {'observation_period_num': 13, 'train_rates': 0.9683231380001553, 'learning_rate': 0.00023564624950609558, 'batch_size': 53, 'step_size': 3, 'gamma': 0.8590623922494008}. Best is trial 35 with value: 0.025755180052590965.[0m
[32m[I 2025-01-05 19:32:13,688][0m Trial 42 finished with value: 0.04092073827408827 and parameters: {'observation_period_num': 16, 'train_rates': 0.964761451602795, 'learning_rate': 0.0002032968246739598, 'batch_size': 46, 'step_size': 2, 'gamma': 0.8564055318950883}. Best is trial 35 with value: 0.025755180052590965.[0m
[32m[I 2025-01-05 19:33:53,066][0m Trial 43 finished with value: 0.045466484904439004 and parameters: {'observation_period_num': 41, 'train_rates': 0.9319159654785042, 'learning_rate': 0.00048027709164540105, 'batch_size': 59, 'step_size': 5, 'gamma': 0.8346442325820473}. Best is trial 35 with value: 0.025755180052590965.[0m
Early stopping at epoch 43
[32m[I 2025-01-05 19:35:00,139][0m Trial 44 finished with value: 0.4044252634048462 and parameters: {'observation_period_num': 237, 'train_rates': 0.9867270128155464, 'learning_rate': 1.8952687429281715e-05, 'batch_size': 38, 'step_size': 1, 'gamma': 0.7530523431566192}. Best is trial 35 with value: 0.025755180052590965.[0m
[32m[I 2025-01-05 19:36:22,350][0m Trial 45 finished with value: 0.03914556657438764 and parameters: {'observation_period_num': 18, 'train_rates': 0.8765314831444636, 'learning_rate': 0.0002733381924910085, 'batch_size': 73, 'step_size': 4, 'gamma': 0.8076730133720957}. Best is trial 35 with value: 0.025755180052590965.[0m
[32m[I 2025-01-05 19:37:30,531][0m Trial 46 finished with value: 0.06601664753336656 and parameters: {'observation_period_num': 54, 'train_rates': 0.967225896114934, 'learning_rate': 0.00016471908230361652, 'batch_size': 93, 'step_size': 8, 'gamma': 0.8845140233470159}. Best is trial 35 with value: 0.025755180052590965.[0m
[32m[I 2025-01-05 19:39:07,995][0m Trial 47 finished with value: 0.1818584971016145 and parameters: {'observation_period_num': 15, 'train_rates': 0.7770804469848638, 'learning_rate': 0.00010451415290180356, 'batch_size': 54, 'step_size': 3, 'gamma': 0.8722359405128117}. Best is trial 35 with value: 0.025755180052590965.[0m
[32m[I 2025-01-05 19:40:32,288][0m Trial 48 finished with value: 0.06383161622787191 and parameters: {'observation_period_num': 33, 'train_rates': 0.9267565025549769, 'learning_rate': 6.814035891581946e-05, 'batch_size': 72, 'step_size': 2, 'gamma': 0.8920280316457111}. Best is trial 35 with value: 0.025755180052590965.[0m
[32m[I 2025-01-05 19:41:16,230][0m Trial 49 finished with value: 0.2647697925567627 and parameters: {'observation_period_num': 13, 'train_rates': 0.9426199886935541, 'learning_rate': 4.534166003340318e-06, 'batch_size': 235, 'step_size': 14, 'gamma': 0.8509546053383013}. Best is trial 35 with value: 0.025755180052590965.[0m
trend „ÅÆÊúÄÈÅ©„Éè„Ç§„Éë„Éº„Éë„É©„É°„Éº„Çø„ÅåË¶ã„Å§„Åã„Çä„Åæ„Åó„Åü
ÊúÄÈÅ©ÂåñÂØæË±°: seasonal_0
[32m[I 2025-01-05 19:41:16,240][0m A new study created in memory with name: no-name-fe76c532-0275-4cab-8bb7-ec38c62fd1a4[0m
[32m[I 2025-01-05 19:41:45,447][0m Trial 0 finished with value: 0.285467864323357 and parameters: {'observation_period_num': 200, 'train_rates': 0.6509448736958743, 'learning_rate': 0.00013731398697529817, 'batch_size': 218, 'step_size': 13, 'gamma': 0.9683420615261944}. Best is trial 0 with value: 0.285467864323357.[0m
[32m[I 2025-01-05 19:42:14,352][0m Trial 1 finished with value: 0.23117826344679754 and parameters: {'observation_period_num': 30, 'train_rates': 0.7472662211910921, 'learning_rate': 7.611899452940251e-05, 'batch_size': 203, 'step_size': 13, 'gamma': 0.9584944485149475}. Best is trial 1 with value: 0.23117826344679754.[0m
[32m[I 2025-01-05 19:44:50,547][0m Trial 2 finished with value: 0.09593186844659295 and parameters: {'observation_period_num': 78, 'train_rates': 0.8878572643417613, 'learning_rate': 7.163702992889005e-06, 'batch_size': 35, 'step_size': 10, 'gamma': 0.957756390466966}. Best is trial 2 with value: 0.09593186844659295.[0m
[32m[I 2025-01-05 19:45:56,601][0m Trial 3 finished with value: 0.2551659471638485 and parameters: {'observation_period_num': 72, 'train_rates': 0.6687176926537886, 'learning_rate': 7.843841830820459e-05, 'batch_size': 73, 'step_size': 9, 'gamma': 0.78767095959201}. Best is trial 2 with value: 0.09593186844659295.[0m
[32m[I 2025-01-05 19:46:34,449][0m Trial 4 finished with value: 0.8764094043545559 and parameters: {'observation_period_num': 196, 'train_rates': 0.6393742068713244, 'learning_rate': 1.464480023393301e-06, 'batch_size': 139, 'step_size': 15, 'gamma': 0.981462722661385}. Best is trial 2 with value: 0.09593186844659295.[0m
[32m[I 2025-01-05 19:47:37,026][0m Trial 5 finished with value: 0.7656798775947078 and parameters: {'observation_period_num': 57, 'train_rates': 0.7488442173577136, 'learning_rate': 2.0810316071355795e-06, 'batch_size': 92, 'step_size': 7, 'gamma': 0.7623448157656698}. Best is trial 2 with value: 0.09593186844659295.[0m
[32m[I 2025-01-05 19:49:00,309][0m Trial 6 finished with value: 0.723617356994548 and parameters: {'observation_period_num': 114, 'train_rates': 0.6011234366849215, 'learning_rate': 2.901284781569948e-06, 'batch_size': 53, 'step_size': 9, 'gamma': 0.8685536473821411}. Best is trial 2 with value: 0.09593186844659295.[0m
[32m[I 2025-01-05 19:50:32,207][0m Trial 7 finished with value: 0.11458736409743626 and parameters: {'observation_period_num': 191, 'train_rates': 0.9633235401949097, 'learning_rate': 7.443518865533005e-05, 'batch_size': 64, 'step_size': 10, 'gamma': 0.8033770590420126}. Best is trial 2 with value: 0.09593186844659295.[0m
[32m[I 2025-01-05 19:51:49,184][0m Trial 8 finished with value: 0.26230426233806353 and parameters: {'observation_period_num': 198, 'train_rates': 0.6870743804352132, 'learning_rate': 0.0008399238685641735, 'batch_size': 61, 'step_size': 2, 'gamma': 0.89869627012653}. Best is trial 2 with value: 0.09593186844659295.[0m
[32m[I 2025-01-05 19:52:31,169][0m Trial 9 finished with value: 0.2314240442689999 and parameters: {'observation_period_num': 178, 'train_rates': 0.9071607738054375, 'learning_rate': 9.433612275260441e-06, 'batch_size': 142, 'step_size': 5, 'gamma': 0.9613642415191616}. Best is trial 2 with value: 0.09593186844659295.[0m
[32m[I 2025-01-05 19:57:20,836][0m Trial 10 finished with value: 0.19913354537677533 and parameters: {'observation_period_num': 122, 'train_rates': 0.8542059002518764, 'learning_rate': 1.1786732707857542e-05, 'batch_size': 18, 'step_size': 1, 'gamma': 0.9071357567508136}. Best is trial 2 with value: 0.09593186844659295.[0m
[32m[I 2025-01-05 20:02:12,769][0m Trial 11 finished with value: 0.11401609636165878 and parameters: {'observation_period_num': 246, 'train_rates': 0.9838035342099837, 'learning_rate': 1.4832563742083747e-05, 'batch_size': 19, 'step_size': 11, 'gamma': 0.8288226175514766}. Best is trial 2 with value: 0.09593186844659295.[0m
[32m[I 2025-01-05 20:07:34,946][0m Trial 12 finished with value: 0.11529114045376002 and parameters: {'observation_period_num': 247, 'train_rates': 0.9842137832393132, 'learning_rate': 1.2169477007037004e-05, 'batch_size': 17, 'step_size': 12, 'gamma': 0.8459118024964288}. Best is trial 2 with value: 0.09593186844659295.[0m
[32m[I 2025-01-05 20:08:24,107][0m Trial 13 finished with value: 0.3219924048532414 and parameters: {'observation_period_num': 88, 'train_rates': 0.8623655048886532, 'learning_rate': 5.348504931882572e-06, 'batch_size': 122, 'step_size': 6, 'gamma': 0.8306502869093997}. Best is trial 2 with value: 0.09593186844659295.[0m
[32m[I 2025-01-05 20:08:54,679][0m Trial 14 finished with value: 0.08944950252771378 and parameters: {'observation_period_num': 10, 'train_rates': 0.9210034459421457, 'learning_rate': 2.1725829300378392e-05, 'batch_size': 251, 'step_size': 11, 'gamma': 0.9010195016946654}. Best is trial 14 with value: 0.08944950252771378.[0m
