[32m[I 2025-01-05 23:55:02,785][0m Trial 47 finished with value: 0.044054705606297005 and parameters: {'observation_period_num': 37, 'train_rates': 0.8230949490409554, 'learning_rate': 0.00018563549675919996, 'batch_size': 54, 'step_size': 4, 'gamma': 0.8413748434803883}. Best is trial 42 with value: 0.04058816575161067.[0m
[32m[I 2025-01-05 23:56:49,301][0m Trial 48 finished with value: 0.03400011573717973 and parameters: {'observation_period_num': 18, 'train_rates': 0.8176524260923114, 'learning_rate': 0.00032732087233840765, 'batch_size': 63, 'step_size': 6, 'gamma': 0.7746076969173901}. Best is trial 48 with value: 0.03400011573717973.[0m
[32m[I 2025-01-05 23:58:52,187][0m Trial 49 finished with value: 0.0735904349122905 and parameters: {'observation_period_num': 16, 'train_rates': 0.8193179425752847, 'learning_rate': 5.830082588895918e-05, 'batch_size': 67, 'step_size': 2, 'gamma': 0.7801478922106596}. Best is trial 48 with value: 0.03400011573717973.[0m
seasonal_2 „ÅÆÊúÄÈÅ©„Éè„Ç§„Éë„Éº„Éë„É©„É°„Éº„Çø„ÅåË¶ã„Å§„Åã„Çä„Åæ„Åó„Åü
ÊúÄÈÅ©ÂåñÂØæË±°: seasonal_3
[32m[I 2025-01-05 23:58:52,197][0m A new study created in memory with name: no-name-c3ef7351-7cfb-4ac2-9385-dc761211fd58[0m
[32m[I 2025-01-06 00:00:14,436][0m Trial 0 finished with value: 0.08593874424695969 and parameters: {'observation_period_num': 67, 'train_rates': 0.9470684358803264, 'learning_rate': 0.00031990663247104256, 'batch_size': 216, 'step_size': 1, 'gamma': 0.9443318381395198}. Best is trial 0 with value: 0.08593874424695969.[0m
[32m[I 2025-01-06 00:01:44,679][0m Trial 1 finished with value: 0.1299640938172357 and parameters: {'observation_period_num': 196, 'train_rates': 0.7918599538124192, 'learning_rate': 5.184618242177326e-05, 'batch_size': 106, 'step_size': 8, 'gamma': 0.8937571264852047}. Best is trial 0 with value: 0.08593874424695969.[0m
[32m[I 2025-01-06 00:02:52,543][0m Trial 2 finished with value: 0.24706847549281463 and parameters: {'observation_period_num': 138, 'train_rates': 0.7075534816732043, 'learning_rate': 0.0002091030311447493, 'batch_size': 180, 'step_size': 7, 'gamma': 0.8018830379629636}. Best is trial 0 with value: 0.08593874424695969.[0m
[32m[I 2025-01-06 00:03:58,615][0m Trial 3 finished with value: 0.5673740910555788 and parameters: {'observation_period_num': 239, 'train_rates': 0.6921757251951781, 'learning_rate': 8.56583972620717e-06, 'batch_size': 213, 'step_size': 8, 'gamma': 0.8829257829473166}. Best is trial 0 with value: 0.08593874424695969.[0m
[32m[I 2025-01-06 00:05:01,432][0m Trial 4 finished with value: 0.5623168024544914 and parameters: {'observation_period_num': 163, 'train_rates': 0.6557274352371936, 'learning_rate': 7.363738437941458e-06, 'batch_size': 254, 'step_size': 6, 'gamma': 0.9578508069730507}. Best is trial 0 with value: 0.08593874424695969.[0m
[32m[I 2025-01-06 00:06:34,451][0m Trial 5 finished with value: 0.1495433747768402 and parameters: {'observation_period_num': 97, 'train_rates': 0.942279432711639, 'learning_rate': 0.0003230786322983605, 'batch_size': 199, 'step_size': 1, 'gamma': 0.8863107338168551}. Best is trial 0 with value: 0.08593874424695969.[0m
[32m[I 2025-01-06 00:07:54,763][0m Trial 6 finished with value: 0.6973483251449757 and parameters: {'observation_period_num': 138, 'train_rates': 0.7636704527324154, 'learning_rate': 4.79973221133693e-06, 'batch_size': 134, 'step_size': 3, 'gamma': 0.7993177003205468}. Best is trial 0 with value: 0.08593874424695969.[0m
[32m[I 2025-01-06 00:09:22,522][0m Trial 7 finished with value: 0.06041649264701898 and parameters: {'observation_period_num': 83, 'train_rates': 0.9281355892263864, 'learning_rate': 0.0007527167786633764, 'batch_size': 192, 'step_size': 3, 'gamma': 0.9022313716130943}. Best is trial 7 with value: 0.06041649264701898.[0m
[32m[I 2025-01-06 00:10:34,275][0m Trial 8 finished with value: 0.7075313806533814 and parameters: {'observation_period_num': 179, 'train_rates': 0.6701081831247572, 'learning_rate': 3.0260604668944156e-06, 'batch_size': 183, 'step_size': 15, 'gamma': 0.8214580828940042}. Best is trial 7 with value: 0.06041649264701898.[0m
[32m[I 2025-01-06 00:16:54,833][0m Trial 9 finished with value: 0.0625082066408093 and parameters: {'observation_period_num': 19, 'train_rates': 0.9344456911241232, 'learning_rate': 3.579922269180768e-06, 'batch_size': 17, 'step_size': 12, 'gamma': 0.8544335820793093}. Best is trial 7 with value: 0.06041649264701898.[0m
[32m[I 2025-01-06 00:18:54,146][0m Trial 10 finished with value: 0.06062172001687705 and parameters: {'observation_period_num': 28, 'train_rates': 0.8601200213991025, 'learning_rate': 5.897312883999215e-05, 'batch_size': 70, 'step_size': 4, 'gamma': 0.7590205318477633}. Best is trial 7 with value: 0.06041649264701898.[0m
[32m[I 2025-01-06 00:20:50,223][0m Trial 11 finished with value: 0.03230625545089157 and parameters: {'observation_period_num': 18, 'train_rates': 0.86993153941127, 'learning_rate': 0.000969600155117556, 'batch_size': 64, 'step_size': 4, 'gamma': 0.7545035627956045}. Best is trial 11 with value: 0.03230625545089157.[0m
[32m[I 2025-01-06 00:23:03,683][0m Trial 12 finished with value: 0.08143150719368587 and parameters: {'observation_period_num': 62, 'train_rates': 0.8726240287370686, 'learning_rate': 0.0007663886756278461, 'batch_size': 54, 'step_size': 4, 'gamma': 0.9265700834487448}. Best is trial 11 with value: 0.03230625545089157.[0m
[32m[I 2025-01-06 00:24:14,451][0m Trial 13 finished with value: 0.053943969020547794 and parameters: {'observation_period_num': 79, 'train_rates': 0.8654924640227102, 'learning_rate': 0.0008648520869941049, 'batch_size': 141, 'step_size': 11, 'gamma': 0.7513332933359899}. Best is trial 11 with value: 0.03230625545089157.[0m
[32m[I 2025-01-06 00:25:30,342][0m Trial 14 finished with value: 0.04044743654239608 and parameters: {'observation_period_num': 8, 'train_rates': 0.8591961580187815, 'learning_rate': 0.0001447125719064192, 'batch_size': 130, 'step_size': 11, 'gamma': 0.7512983914041893}. Best is trial 11 with value: 0.03230625545089157.[0m
[32m[I 2025-01-06 00:27:10,812][0m Trial 15 finished with value: 0.03659505886928171 and parameters: {'observation_period_num': 8, 'train_rates': 0.8249973039689674, 'learning_rate': 0.00012084138263445177, 'batch_size': 79, 'step_size': 10, 'gamma': 0.7720649406355987}. Best is trial 11 with value: 0.03230625545089157.[0m
[32m[I 2025-01-06 00:28:26,993][0m Trial 16 finished with value: 0.2201818854902018 and parameters: {'observation_period_num': 50, 'train_rates': 0.7544325027906214, 'learning_rate': 2.148375902474682e-05, 'batch_size': 77, 'step_size': 13, 'gamma': 0.7861174856099626}. Best is trial 11 with value: 0.03230625545089157.[0m
[32m[I 2025-01-06 00:32:43,864][0m Trial 17 finished with value: 0.23432776815182454 and parameters: {'observation_period_num': 39, 'train_rates': 0.987495535763156, 'learning_rate': 1.0917498114228416e-06, 'batch_size': 25, 'step_size': 10, 'gamma': 0.8424562383012343}. Best is trial 11 with value: 0.03230625545089157.[0m
[32m[I 2025-01-06 00:34:02,490][0m Trial 18 finished with value: 0.19168577383628443 and parameters: {'observation_period_num': 111, 'train_rates': 0.6171629233095596, 'learning_rate': 0.00012205182977460528, 'batch_size': 97, 'step_size': 6, 'gamma': 0.980742171118318}. Best is trial 11 with value: 0.03230625545089157.[0m
[32m[I 2025-01-06 00:36:10,682][0m Trial 19 finished with value: 0.061924457780627724 and parameters: {'observation_period_num': 14, 'train_rates': 0.824177195564585, 'learning_rate': 1.7947082845368985e-05, 'batch_size': 54, 'step_size': 9, 'gamma': 0.7748643443247276}. Best is trial 11 with value: 0.03230625545089157.[0m
[32m[I 2025-01-06 00:38:48,400][0m Trial 20 finished with value: 0.04738071797465956 and parameters: {'observation_period_num': 42, 'train_rates': 0.8219648734766916, 'learning_rate': 6.987356919174474e-05, 'batch_size': 41, 'step_size': 14, 'gamma': 0.8235424958707295}. Best is trial 11 with value: 0.03230625545089157.[0m
[32m[I 2025-01-06 00:40:19,385][0m Trial 21 finished with value: 0.0394588567985174 and parameters: {'observation_period_num': 5, 'train_rates': 0.8943962884682594, 'learning_rate': 0.00014389956811829355, 'batch_size': 124, 'step_size': 11, 'gamma': 0.7667276988186197}. Best is trial 11 with value: 0.03230625545089157.[0m
[32m[I 2025-01-06 00:41:53,100][0m Trial 22 finished with value: 0.02832679405124693 and parameters: {'observation_period_num': 5, 'train_rates': 0.8929205758252304, 'learning_rate': 0.0003945828479062341, 'batch_size': 103, 'step_size': 10, 'gamma': 0.7776411222693225}. Best is trial 22 with value: 0.02832679405124693.[0m
[32m[I 2025-01-06 00:43:22,632][0m Trial 23 finished with value: 0.04278008701900641 and parameters: {'observation_period_num': 37, 'train_rates': 0.8169102398911361, 'learning_rate': 0.00039883930476309324, 'batch_size': 89, 'step_size': 10, 'gamma': 0.7822303567847187}. Best is trial 22 with value: 0.02832679405124693.[0m
[32m[I 2025-01-06 00:44:56,195][0m Trial 24 finished with value: 0.05499047235302303 and parameters: {'observation_period_num': 57, 'train_rates': 0.9127774220139808, 'learning_rate': 0.0003489012202645984, 'batch_size': 110, 'step_size': 9, 'gamma': 0.8118252504498871}. Best is trial 22 with value: 0.02832679405124693.[0m
[32m[I 2025-01-06 00:46:47,642][0m Trial 25 finished with value: 0.03107806108891964 and parameters: {'observation_period_num': 29, 'train_rates': 0.9889170640664943, 'learning_rate': 0.0005130605483681509, 'batch_size': 72, 'step_size': 6, 'gamma': 0.8414847441579121}. Best is trial 22 with value: 0.02832679405124693.[0m
[32m[I 2025-01-06 00:47:57,765][0m Trial 26 finished with value: 0.04335193708539009 and parameters: {'observation_period_num': 30, 'train_rates': 0.9859903134775662, 'learning_rate': 0.0005406116563866062, 'batch_size': 156, 'step_size': 5, 'gamma': 0.8395873490558098}. Best is trial 22 with value: 0.02832679405124693.[0m
[32m[I 2025-01-06 00:50:11,565][0m Trial 27 finished with value: 0.10899190389248262 and parameters: {'observation_period_num': 113, 'train_rates': 0.9709675170711507, 'learning_rate': 0.0009095226020130407, 'batch_size': 59, 'step_size': 6, 'gamma': 0.8649139743221149}. Best is trial 22 with value: 0.02832679405124693.[0m
[32m[I 2025-01-06 00:53:04,172][0m Trial 28 finished with value: 0.060796217620372774 and parameters: {'observation_period_num': 77, 'train_rates': 0.8994023833987251, 'learning_rate': 0.00021397398428225906, 'batch_size': 36, 'step_size': 2, 'gamma': 0.7925260304079115}. Best is trial 22 with value: 0.02832679405124693.[0m
[32m[I 2025-01-06 00:54:06,550][0m Trial 29 finished with value: 0.05973156914114952 and parameters: {'observation_period_num': 65, 'train_rates': 0.9496207102408596, 'learning_rate': 0.0005101894323790952, 'batch_size': 162, 'step_size': 7, 'gamma': 0.8322996629658959}. Best is trial 22 with value: 0.02832679405124693.[0m
[32m[I 2025-01-06 00:56:01,940][0m Trial 30 finished with value: 0.05255913248687398 and parameters: {'observation_period_num': 27, 'train_rates': 0.9651811363582594, 'learning_rate': 0.00027106401336339487, 'batch_size': 89, 'step_size': 5, 'gamma': 0.8070856338371327}. Best is trial 22 with value: 0.02832679405124693.[0m
[32m[I 2025-01-06 00:57:27,790][0m Trial 31 finished with value: 0.029523699028679164 and parameters: {'observation_period_num': 5, 'train_rates': 0.835751196115403, 'learning_rate': 0.0004551161380217582, 'batch_size': 78, 'step_size': 9, 'gamma': 0.7734346034652768}. Best is trial 22 with value: 0.02832679405124693.[0m
[32m[I 2025-01-06 00:59:02,332][0m Trial 32 finished with value: 0.1763161849485685 and parameters: {'observation_period_num': 23, 'train_rates': 0.7759472666426016, 'learning_rate': 0.0005528742197021452, 'batch_size': 109, 'step_size': 7, 'gamma': 0.7705043923921905}. Best is trial 22 with value: 0.02832679405124693.[0m
[32m[I 2025-01-06 01:01:08,239][0m Trial 33 finished with value: 0.059612506753708945 and parameters: {'observation_period_num': 45, 'train_rates': 0.8860631591121794, 'learning_rate': 0.0005140234913595315, 'batch_size': 60, 'step_size': 9, 'gamma': 0.7873654022743033}. Best is trial 22 with value: 0.02832679405124693.[0m
[32m[I 2025-01-06 01:02:28,323][0m Trial 34 finished with value: 0.2722065328381339 and parameters: {'observation_period_num': 238, 'train_rates': 0.7373950263415744, 'learning_rate': 0.00023575578612852107, 'batch_size': 116, 'step_size': 8, 'gamma': 0.7625974625257916}. Best is trial 22 with value: 0.02832679405124693.[0m
[32m[I 2025-01-06 01:04:03,763][0m Trial 35 finished with value: 0.033035005719847035 and parameters: {'observation_period_num': 6, 'train_rates': 0.7982296515753877, 'learning_rate': 0.000990327979740557, 'batch_size': 73, 'step_size': 7, 'gamma': 0.8024139952121385}. Best is trial 22 with value: 0.02832679405124693.[0m
[32m[I 2025-01-06 01:05:33,574][0m Trial 36 finished with value: 0.04471018799058683 and parameters: {'observation_period_num': 22, 'train_rates': 0.8448466796023706, 'learning_rate': 7.496450272325483e-05, 'batch_size': 89, 'step_size': 5, 'gamma': 0.9104852515796769}. Best is trial 22 with value: 0.02832679405124693.[0m
[32m[I 2025-01-06 01:08:40,899][0m Trial 37 finished with value: 0.05132508647330569 and parameters: {'observation_period_num': 45, 'train_rates': 0.9171106550954028, 'learning_rate': 3.788458273438648e-05, 'batch_size': 38, 'step_size': 8, 'gamma': 0.8192720402944935}. Best is trial 22 with value: 0.02832679405124693.[0m
[32m[I 2025-01-06 01:10:03,469][0m Trial 38 finished with value: 0.08290608911351724 and parameters: {'observation_period_num': 212, 'train_rates': 0.8396469590288148, 'learning_rate': 0.00037036116926714553, 'batch_size': 103, 'step_size': 3, 'gamma': 0.8658093082321252}. Best is trial 22 with value: 0.02832679405124693.[0m
[32m[I 2025-01-06 01:11:28,614][0m Trial 39 finished with value: 0.1136042797502051 and parameters: {'observation_period_num': 159, 'train_rates': 0.7980361813316128, 'learning_rate': 0.000629059559024327, 'batch_size': 252, 'step_size': 4, 'gamma': 0.7809463452838488}. Best is trial 22 with value: 0.02832679405124693.[0m
[32m[I 2025-01-06 01:14:18,934][0m Trial 40 finished with value: 0.06637080386281013 and parameters: {'observation_period_num': 54, 'train_rates': 0.9551392432234909, 'learning_rate': 0.0001981984364009571, 'batch_size': 45, 'step_size': 6, 'gamma': 0.8812691025485768}. Best is trial 22 with value: 0.02832679405124693.[0m
[32m[I 2025-01-06 01:16:18,609][0m Trial 41 finished with value: 0.034298387714303456 and parameters: {'observation_period_num': 15, 'train_rates': 0.7963828375663674, 'learning_rate': 0.0008834440467324879, 'batch_size': 66, 'step_size': 7, 'gamma': 0.8004274118368878}. Best is trial 22 with value: 0.02832679405124693.[0m
[32m[I 2025-01-06 01:18:09,575][0m Trial 42 finished with value: 0.1429995145936708 and parameters: {'observation_period_num': 5, 'train_rates': 0.7279407165599974, 'learning_rate': 0.0009962901801874766, 'batch_size': 75, 'step_size': 9, 'gamma': 0.7965701542605258}. Best is trial 22 with value: 0.02832679405124693.[0m
[32m[I 2025-01-06 01:20:01,812][0m Trial 43 finished with value: 0.04318688945238327 and parameters: {'observation_period_num': 33, 'train_rates': 0.8822367346718122, 'learning_rate': 0.00041864742685920523, 'batch_size': 82, 'step_size': 8, 'gamma': 0.8105427743670243}. Best is trial 22 with value: 0.02832679405124693.[0m
Early stopping at epoch 54
[32m[I 2025-01-06 01:21:10,154][0m Trial 44 finished with value: 0.21649471183633218 and parameters: {'observation_period_num': 19, 'train_rates': 0.7789831435284984, 'learning_rate': 0.0006483419216169142, 'batch_size': 100, 'step_size': 1, 'gamma': 0.7654047061574452}. Best is trial 22 with value: 0.02832679405124693.[0m
[32m[I 2025-01-06 01:23:06,961][0m Trial 45 finished with value: 0.03243318416513084 and parameters: {'observation_period_num': 18, 'train_rates': 0.8484954847590651, 'learning_rate': 0.00031488924893284824, 'batch_size': 69, 'step_size': 7, 'gamma': 0.7516146914222275}. Best is trial 22 with value: 0.02832679405124693.[0m
Early stopping at epoch 96
[32m[I 2025-01-06 01:24:44,578][0m Trial 46 finished with value: 0.05948237205545107 and parameters: {'observation_period_num': 24, 'train_rates': 0.8536362340335995, 'learning_rate': 0.000298911167437444, 'batch_size': 121, 'step_size': 2, 'gamma': 0.7517072252972216}. Best is trial 22 with value: 0.02832679405124693.[0m
[32m[I 2025-01-06 01:27:09,397][0m Trial 47 finished with value: 0.06509918719530106 and parameters: {'observation_period_num': 90, 'train_rates': 0.911103951798375, 'learning_rate': 0.0001729107491574726, 'batch_size': 51, 'step_size': 12, 'gamma': 0.7586461712361634}. Best is trial 22 with value: 0.02832679405124693.[0m
[32m[I 2025-01-06 01:31:04,752][0m Trial 48 finished with value: 0.05183174639548126 and parameters: {'observation_period_num': 72, 'train_rates': 0.9343059958896462, 'learning_rate': 0.00010848832585267482, 'batch_size': 29, 'step_size': 6, 'gamma': 0.7744139032105852}. Best is trial 22 with value: 0.02832679405124693.[0m
[32m[I 2025-01-06 01:33:07,134][0m Trial 49 finished with value: 0.04602958431926899 and parameters: {'observation_period_num': 35, 'train_rates': 0.8707247753577729, 'learning_rate': 0.0002882475499635333, 'batch_size': 62, 'step_size': 4, 'gamma': 0.9403317018166352}. Best is trial 22 with value: 0.02832679405124693.[0m
seasonal_3 „ÅÆÊúÄÈÅ©„Éè„Ç§„Éë„Éº„Éë„É©„É°„Éº„Çø„ÅåË¶ã„Å§„Åã„Çä„Åæ„Åó„Åü
ÊúÄÈÅ©ÂåñÂØæË±°: resid
[32m[I 2025-01-06 01:33:07,144][0m A new study created in memory with name: no-name-de601ab0-4ad6-4c94-8f5b-19615dcaceb0[0m
[32m[I 2025-01-06 01:34:34,529][0m Trial 0 finished with value: 0.2320906718962319 and parameters: {'observation_period_num': 23, 'train_rates': 0.6523298834172749, 'learning_rate': 3.7196270741347626e-06, 'batch_size': 72, 'step_size': 15, 'gamma': 0.9850082333173209}. Best is trial 0 with value: 0.2320906718962319.[0m
[32m[I 2025-01-06 01:36:16,317][0m Trial 1 finished with value: 0.10364940760124151 and parameters: {'observation_period_num': 71, 'train_rates': 0.784349210315545, 'learning_rate': 6.249513093382597e-05, 'batch_size': 62, 'step_size': 3, 'gamma': 0.8554561476888051}. Best is trial 1 with value: 0.10364940760124151.[0m
[32m[I 2025-01-06 01:37:42,577][0m Trial 2 finished with value: 0.10152459179653842 and parameters: {'observation_period_num': 136, 'train_rates': 0.9398293112608251, 'learning_rate': 0.00044531128376686595, 'batch_size': 117, 'step_size': 14, 'gamma': 0.9892227743195937}. Best is trial 2 with value: 0.10152459179653842.[0m
[32m[I 2025-01-06 01:40:27,768][0m Trial 3 finished with value: 0.23972207656610045 and parameters: {'observation_period_num': 125, 'train_rates': 0.7446139863665655, 'learning_rate': 9.930242949091961e-05, 'batch_size': 32, 'step_size': 1, 'gamma': 0.9873382152970698}. Best is trial 2 with value: 0.10152459179653842.[0m
[32m[I 2025-01-06 01:41:37,163][0m Trial 4 finished with value: 0.23186074250910899 and parameters: {'observation_period_num': 126, 'train_rates': 0.6704678246008173, 'learning_rate': 9.295805734223972e-05, 'batch_size': 229, 'step_size': 15, 'gamma': 0.825278823904696}. Best is trial 2 with value: 0.10152459179653842.[0m
[32m[I 2025-01-06 01:42:28,735][0m Trial 5 finished with value: 0.2671845274860034 and parameters: {'observation_period_num': 117, 'train_rates': 0.6053773877017284, 'learning_rate': 0.00018561666428496327, 'batch_size': 180, 'step_size': 2, 'gamma': 0.8827017642172531}. Best is trial 2 with value: 0.10152459179653842.[0m
[32m[I 2025-01-06 01:43:37,747][0m Trial 6 finished with value: 0.16212983354043908 and parameters: {'observation_period_num': 18, 'train_rates': 0.6832629478462827, 'learning_rate': 6.235792383517156e-05, 'batch_size': 190, 'step_size': 5, 'gamma': 0.9710669442241165}. Best is trial 2 with value: 0.10152459179653842.[0m
[32m[I 2025-01-06 01:45:02,060][0m Trial 7 finished with value: 0.29284713437428345 and parameters: {'observation_period_num': 213, 'train_rates': 0.878624577769586, 'learning_rate': 6.638885487026617e-06, 'batch_size': 117, 'step_size': 9, 'gamma': 0.8519481256591545}. Best is trial 2 with value: 0.10152459179653842.[0m
[32m[I 2025-01-06 01:46:31,657][0m Trial 8 finished with value: 0.2213621605539097 and parameters: {'observation_period_num': 118, 'train_rates': 0.9252717736838272, 'learning_rate': 2.324629225358736e-05, 'batch_size': 133, 'step_size': 4, 'gamma': 0.80768545290293}. Best is trial 2 with value: 0.10152459179653842.[0m
[32m[I 2025-01-06 01:47:43,170][0m Trial 9 finished with value: 0.3247176399287836 and parameters: {'observation_period_num': 203, 'train_rates': 0.8171195432886509, 'learning_rate': 8.872959534347796e-06, 'batch_size': 133, 'step_size': 12, 'gamma': 0.8010365609712968}. Best is trial 2 with value: 0.10152459179653842.[0m
[32m[I 2025-01-06 01:48:41,462][0m Trial 10 finished with value: 0.11729416996240616 and parameters: {'observation_period_num': 175, 'train_rates': 0.9827365351410011, 'learning_rate': 0.0005979663328106198, 'batch_size': 255, 'step_size': 10, 'gamma': 0.923689753858459}. Best is trial 2 with value: 0.10152459179653842.[0m
[32m[I 2025-01-06 01:50:34,472][0m Trial 11 finished with value: 0.08006775788581412 and parameters: {'observation_period_num': 64, 'train_rates': 0.7972581861592504, 'learning_rate': 0.0008320660953561872, 'batch_size': 65, 'step_size': 6, 'gamma': 0.9042879714164653}. Best is trial 11 with value: 0.08006775788581412.[0m
