[32m[I 2025-01-05 21:47:25,368][0m Trial 31 finished with value: 0.07088062475988831 and parameters: {'observation_period_num': 45, 'train_rates': 0.8813627989992767, 'learning_rate': 0.0002533185271356172, 'batch_size': 164, 'step_size': 6, 'gamma': 0.8271483436644399}. Best is trial 30 with value: 0.05304928738396705.[0m
[32m[I 2025-01-05 21:48:39,369][0m Trial 32 finished with value: 0.0937676802277565 and parameters: {'observation_period_num': 248, 'train_rates': 0.939639884440838, 'learning_rate': 0.00029397234383547375, 'batch_size': 164, 'step_size': 8, 'gamma': 0.8329244813653806}. Best is trial 30 with value: 0.05304928738396705.[0m
[32m[I 2025-01-05 21:50:07,768][0m Trial 33 finished with value: 0.06090424209833145 and parameters: {'observation_period_num': 26, 'train_rates': 0.9527555687288353, 'learning_rate': 0.00013648502517652007, 'batch_size': 156, 'step_size': 6, 'gamma': 0.8098089119350844}. Best is trial 30 with value: 0.05304928738396705.[0m
[32m[I 2025-01-05 21:51:29,726][0m Trial 34 finished with value: 0.05848734825849533 and parameters: {'observation_period_num': 24, 'train_rates': 0.9538686085164687, 'learning_rate': 0.0001691841151183662, 'batch_size': 151, 'step_size': 9, 'gamma': 0.7925680450371341}. Best is trial 30 with value: 0.05304928738396705.[0m
[32m[I 2025-01-05 21:52:51,663][0m Trial 35 finished with value: 0.045857274363311336 and parameters: {'observation_period_num': 38, 'train_rates': 0.8927593281404798, 'learning_rate': 0.00032441922939960646, 'batch_size': 149, 'step_size': 10, 'gamma': 0.7572216519644546}. Best is trial 35 with value: 0.045857274363311336.[0m
[32m[I 2025-01-05 21:54:28,595][0m Trial 36 finished with value: 0.04500581493431872 and parameters: {'observation_period_num': 37, 'train_rates': 0.8756051416281717, 'learning_rate': 0.0007979501130918365, 'batch_size': 147, 'step_size': 10, 'gamma': 0.7500134511443804}. Best is trial 36 with value: 0.04500581493431872.[0m
[32m[I 2025-01-05 21:55:37,262][0m Trial 37 finished with value: 0.04066915033916575 and parameters: {'observation_period_num': 39, 'train_rates': 0.8811470936776697, 'learning_rate': 0.0009771925950017167, 'batch_size': 176, 'step_size': 10, 'gamma': 0.7548422976490132}. Best is trial 37 with value: 0.04066915033916575.[0m
[32m[I 2025-01-05 21:56:50,262][0m Trial 38 finished with value: 0.10382302313119965 and parameters: {'observation_period_num': 228, 'train_rates': 0.8341458886439792, 'learning_rate': 0.0009744118012477135, 'batch_size': 173, 'step_size': 11, 'gamma': 0.7532904152858945}. Best is trial 37 with value: 0.04066915033916575.[0m
[32m[I 2025-01-05 21:58:04,600][0m Trial 39 finished with value: 0.19242280756318292 and parameters: {'observation_period_num': 35, 'train_rates': 0.7790278580208777, 'learning_rate': 0.0003935559373802111, 'batch_size': 216, 'step_size': 10, 'gamma': 0.7734434127437723}. Best is trial 37 with value: 0.04066915033916575.[0m
[32m[I 2025-01-05 21:59:21,582][0m Trial 40 finished with value: 0.16961389749644537 and parameters: {'observation_period_num': 15, 'train_rates': 0.7538058739256145, 'learning_rate': 0.0009689714173850087, 'batch_size': 142, 'step_size': 10, 'gamma': 0.7669362114202329}. Best is trial 37 with value: 0.04066915033916575.[0m
[32m[I 2025-01-05 22:00:48,096][0m Trial 41 finished with value: 0.04752982428736901 and parameters: {'observation_period_num': 49, 'train_rates': 0.8775272368838949, 'learning_rate': 0.0006964551789679227, 'batch_size': 122, 'step_size': 8, 'gamma': 0.7514297386186923}. Best is trial 37 with value: 0.04066915033916575.[0m
[32m[I 2025-01-05 22:02:08,829][0m Trial 42 finished with value: 0.053505706902686245 and parameters: {'observation_period_num': 55, 'train_rates': 0.8755013009517185, 'learning_rate': 0.0007746542818296096, 'batch_size': 119, 'step_size': 8, 'gamma': 0.7523722255728693}. Best is trial 37 with value: 0.04066915033916575.[0m
[32m[I 2025-01-05 22:03:02,556][0m Trial 43 finished with value: 0.04299086704850197 and parameters: {'observation_period_num': 36, 'train_rates': 0.888831545999697, 'learning_rate': 0.0005718846664362348, 'batch_size': 176, 'step_size': 9, 'gamma': 0.7744363624920944}. Best is trial 37 with value: 0.04066915033916575.[0m
[32m[I 2025-01-05 22:04:24,790][0m Trial 44 finished with value: 0.03823716421177995 and parameters: {'observation_period_num': 20, 'train_rates': 0.8317706625659463, 'learning_rate': 0.0006149944215370888, 'batch_size': 120, 'step_size': 9, 'gamma': 0.778281763023794}. Best is trial 44 with value: 0.03823716421177995.[0m
[32m[I 2025-01-05 22:05:34,312][0m Trial 45 finished with value: 0.04079575202975076 and parameters: {'observation_period_num': 19, 'train_rates': 0.8347272868895965, 'learning_rate': 0.00040734377694516614, 'batch_size': 140, 'step_size': 11, 'gamma': 0.778756913729459}. Best is trial 44 with value: 0.03823716421177995.[0m
[32m[I 2025-01-05 22:06:42,551][0m Trial 46 finished with value: 0.044033978141741405 and parameters: {'observation_period_num': 19, 'train_rates': 0.8272062364733496, 'learning_rate': 0.0005180121018484038, 'batch_size': 218, 'step_size': 9, 'gamma': 0.7810839718891236}. Best is trial 44 with value: 0.03823716421177995.[0m
[32m[I 2025-01-05 22:07:56,144][0m Trial 47 finished with value: 0.0469356423561589 and parameters: {'observation_period_num': 22, 'train_rates': 0.7961048838478714, 'learning_rate': 0.000519114805894991, 'batch_size': 223, 'step_size': 11, 'gamma': 0.7822210050226794}. Best is trial 44 with value: 0.03823716421177995.[0m
[32m[I 2025-01-05 22:08:45,830][0m Trial 48 finished with value: 0.047422298103146056 and parameters: {'observation_period_num': 16, 'train_rates': 0.8328890169333929, 'learning_rate': 0.00041527495582719065, 'batch_size': 210, 'step_size': 9, 'gamma': 0.7975676737350247}. Best is trial 44 with value: 0.03823716421177995.[0m
[32m[I 2025-01-05 22:10:00,238][0m Trial 49 finished with value: 0.16448485763519222 and parameters: {'observation_period_num': 8, 'train_rates': 0.7405209713844959, 'learning_rate': 0.0006435586562900445, 'batch_size': 246, 'step_size': 11, 'gamma': 0.7804717270894314}. Best is trial 44 with value: 0.03823716421177995.[0m
seasonal_1 „ÅÆÊúÄÈÅ©„Éè„Ç§„Éë„Éº„Éë„É©„É°„Éº„Çø„ÅåË¶ã„Å§„Åã„Çä„Åæ„Åó„Åü
ÊúÄÈÅ©ÂåñÂØæË±°: seasonal_2
[32m[I 2025-01-05 22:10:00,248][0m A new study created in memory with name: no-name-2d9810f7-30d4-4c06-b25d-3d63314b3826[0m
[32m[I 2025-01-05 22:11:17,002][0m Trial 0 finished with value: 0.24214907265528077 and parameters: {'observation_period_num': 213, 'train_rates': 0.6596456613180104, 'learning_rate': 0.00039404725327735825, 'batch_size': 124, 'step_size': 4, 'gamma': 0.8211656716093851}. Best is trial 0 with value: 0.24214907265528077.[0m
[32m[I 2025-01-05 22:13:20,707][0m Trial 1 finished with value: 0.07333092437314552 and parameters: {'observation_period_num': 141, 'train_rates': 0.8438417852970724, 'learning_rate': 8.541642221597908e-05, 'batch_size': 49, 'step_size': 5, 'gamma': 0.9090507635565347}. Best is trial 1 with value: 0.07333092437314552.[0m
[32m[I 2025-01-05 22:14:40,382][0m Trial 2 finished with value: 0.10747533574186523 and parameters: {'observation_period_num': 206, 'train_rates': 0.8629863993497022, 'learning_rate': 0.00017268885744960586, 'batch_size': 158, 'step_size': 8, 'gamma': 0.9566183581898609}. Best is trial 1 with value: 0.07333092437314552.[0m
[32m[I 2025-01-05 22:15:29,832][0m Trial 3 finished with value: 0.29635106948782985 and parameters: {'observation_period_num': 54, 'train_rates': 0.7541083822627117, 'learning_rate': 1.027828311609653e-05, 'batch_size': 234, 'step_size': 15, 'gamma': 0.9597007587770375}. Best is trial 1 with value: 0.07333092437314552.[0m
[32m[I 2025-01-05 22:17:21,321][0m Trial 4 finished with value: 0.29068484872769096 and parameters: {'observation_period_num': 44, 'train_rates': 0.7837927757174287, 'learning_rate': 7.522765704384363e-06, 'batch_size': 63, 'step_size': 9, 'gamma': 0.7518159208719789}. Best is trial 1 with value: 0.07333092437314552.[0m
[32m[I 2025-01-05 22:18:31,783][0m Trial 5 finished with value: 0.2397945840007613 and parameters: {'observation_period_num': 141, 'train_rates': 0.6546081336899019, 'learning_rate': 0.00017691393525398163, 'batch_size': 145, 'step_size': 4, 'gamma': 0.8470919148638149}. Best is trial 1 with value: 0.07333092437314552.[0m
Early stopping at epoch 57
[32m[I 2025-01-05 22:19:26,374][0m Trial 6 finished with value: 1.3531639515939686 and parameters: {'observation_period_num': 9, 'train_rates': 0.8044233470219314, 'learning_rate': 1.3046771973776382e-06, 'batch_size': 115, 'step_size': 1, 'gamma': 0.8370686772933791}. Best is trial 1 with value: 0.07333092437314552.[0m
[32m[I 2025-01-05 22:21:00,197][0m Trial 7 finished with value: 0.09495717287063599 and parameters: {'observation_period_num': 180, 'train_rates': 0.9895561494528617, 'learning_rate': 0.00013338379874388136, 'batch_size': 171, 'step_size': 7, 'gamma': 0.9671976717925459}. Best is trial 1 with value: 0.07333092437314552.[0m
[32m[I 2025-01-05 22:21:59,852][0m Trial 8 finished with value: 1.235749124442545 and parameters: {'observation_period_num': 70, 'train_rates': 0.7610343533227182, 'learning_rate': 1.5516016596491255e-06, 'batch_size': 131, 'step_size': 5, 'gamma': 0.7715625199279588}. Best is trial 1 with value: 0.07333092437314552.[0m
[32m[I 2025-01-05 22:23:41,096][0m Trial 9 finished with value: 0.24772375016354414 and parameters: {'observation_period_num': 200, 'train_rates': 0.7010760232285246, 'learning_rate': 0.00016194546213888986, 'batch_size': 64, 'step_size': 6, 'gamma': 0.7794187253042018}. Best is trial 1 with value: 0.07333092437314552.[0m
[32m[I 2025-01-05 22:29:06,103][0m Trial 10 finished with value: 0.05961572820633913 and parameters: {'observation_period_num': 119, 'train_rates': 0.920311379736536, 'learning_rate': 0.0009156835761742955, 'batch_size': 19, 'step_size': 12, 'gamma': 0.9024518144461304}. Best is trial 10 with value: 0.05961572820633913.[0m
[32m[I 2025-01-05 22:35:16,027][0m Trial 11 finished with value: 0.06025481776771497 and parameters: {'observation_period_num': 118, 'train_rates': 0.9137696298733132, 'learning_rate': 0.0009623684369934979, 'batch_size': 17, 'step_size': 12, 'gamma': 0.8952583220336691}. Best is trial 10 with value: 0.05961572820633913.[0m
[32m[I 2025-01-05 22:41:45,425][0m Trial 12 finished with value: 0.05209354642843236 and parameters: {'observation_period_num': 101, 'train_rates': 0.9394291004183005, 'learning_rate': 0.0009107641124087098, 'batch_size': 16, 'step_size': 12, 'gamma': 0.9060163185872391}. Best is trial 12 with value: 0.05209354642843236.[0m
[32m[I 2025-01-05 22:45:54,001][0m Trial 13 finished with value: 0.10116656041807598 and parameters: {'observation_period_num': 102, 'train_rates': 0.9875942212524802, 'learning_rate': 0.0009175270008440769, 'batch_size': 28, 'step_size': 12, 'gamma': 0.9143492409429453}. Best is trial 12 with value: 0.05209354642843236.[0m
[32m[I 2025-01-05 22:47:36,363][0m Trial 14 finished with value: 0.06598343161725197 and parameters: {'observation_period_num': 92, 'train_rates': 0.9170541909605485, 'learning_rate': 4.268376668063943e-05, 'batch_size': 90, 'step_size': 12, 'gamma': 0.8743786150540453}. Best is trial 12 with value: 0.05209354642843236.[0m
[32m[I 2025-01-05 22:48:46,437][0m Trial 15 finished with value: 0.07736262679100037 and parameters: {'observation_period_num': 163, 'train_rates': 0.9354600259196263, 'learning_rate': 0.00048375467715677795, 'batch_size': 205, 'step_size': 15, 'gamma': 0.9278670616045599}. Best is trial 12 with value: 0.05209354642843236.[0m
[32m[I 2025-01-05 22:50:13,192][0m Trial 16 finished with value: 0.12448746609416875 and parameters: {'observation_period_num': 244, 'train_rates': 0.8700227361333799, 'learning_rate': 0.0003928735012936957, 'batch_size': 92, 'step_size': 11, 'gamma': 0.874264310889272}. Best is trial 12 with value: 0.05209354642843236.[0m
[32m[I 2025-01-05 22:53:00,365][0m Trial 17 finished with value: 0.0696951274563666 and parameters: {'observation_period_num': 86, 'train_rates': 0.9489778008846661, 'learning_rate': 2.265680533138175e-05, 'batch_size': 41, 'step_size': 10, 'gamma': 0.9397618661323557}. Best is trial 12 with value: 0.05209354642843236.[0m
[32m[I 2025-01-05 22:54:39,019][0m Trial 18 finished with value: 0.04322107623402889 and parameters: {'observation_period_num': 24, 'train_rates': 0.8890907615852437, 'learning_rate': 4.667068959196932e-05, 'batch_size': 85, 'step_size': 14, 'gamma': 0.8945525240651979}. Best is trial 18 with value: 0.04322107623402889.[0m
[32m[I 2025-01-05 22:56:12,753][0m Trial 19 finished with value: 0.08746381449836031 and parameters: {'observation_period_num': 16, 'train_rates': 0.8811644750032354, 'learning_rate': 5.369331376411565e-06, 'batch_size': 89, 'step_size': 14, 'gamma': 0.8153392780729355}. Best is trial 18 with value: 0.04322107623402889.[0m
[32m[I 2025-01-05 22:57:40,139][0m Trial 20 finished with value: 0.18251888633469227 and parameters: {'observation_period_num': 45, 'train_rates': 0.6016960729743561, 'learning_rate': 4.5726996918740805e-05, 'batch_size': 73, 'step_size': 14, 'gamma': 0.9863749535470183}. Best is trial 18 with value: 0.04322107623402889.[0m
[32m[I 2025-01-05 23:03:11,784][0m Trial 21 finished with value: 0.20110096384464585 and parameters: {'observation_period_num': 116, 'train_rates': 0.8299192391129852, 'learning_rate': 0.0005371628582638595, 'batch_size': 18, 'step_size': 13, 'gamma': 0.8930048809748656}. Best is trial 18 with value: 0.04322107623402889.[0m
[32m[I 2025-01-05 23:05:44,924][0m Trial 22 finished with value: 0.06785653554457677 and parameters: {'observation_period_num': 75, 'train_rates': 0.892755986056597, 'learning_rate': 1.542370942421233e-05, 'batch_size': 43, 'step_size': 10, 'gamma': 0.8563941999455422}. Best is trial 18 with value: 0.04322107623402889.[0m
[32m[I 2025-01-05 23:08:15,826][0m Trial 23 finished with value: 0.20507786201156733 and parameters: {'observation_period_num': 159, 'train_rates': 0.9534290475748458, 'learning_rate': 3.1570056077929238e-06, 'batch_size': 46, 'step_size': 13, 'gamma': 0.8927111044156334}. Best is trial 18 with value: 0.04322107623402889.[0m
[32m[I 2025-01-05 23:09:52,775][0m Trial 24 finished with value: 0.07410796892804068 and parameters: {'observation_period_num': 35, 'train_rates': 0.9621898888435305, 'learning_rate': 0.00026355988349862914, 'batch_size': 105, 'step_size': 10, 'gamma': 0.9363735993915757}. Best is trial 18 with value: 0.04322107623402889.[0m
[32m[I 2025-01-05 23:11:30,703][0m Trial 25 finished with value: 0.06957914714608684 and parameters: {'observation_period_num': 132, 'train_rates': 0.904170209240179, 'learning_rate': 6.493043900997172e-05, 'batch_size': 75, 'step_size': 14, 'gamma': 0.9126762048395175}. Best is trial 18 with value: 0.04322107623402889.[0m
[32m[I 2025-01-05 23:14:37,747][0m Trial 26 finished with value: 0.09145352516140116 and parameters: {'observation_period_num': 108, 'train_rates': 0.8286041814602945, 'learning_rate': 0.0006491090095423927, 'batch_size': 36, 'step_size': 13, 'gamma': 0.8666751843846808}. Best is trial 18 with value: 0.04322107623402889.[0m
[32m[I 2025-01-05 23:21:02,817][0m Trial 27 finished with value: 0.055750651887937444 and parameters: {'observation_period_num': 65, 'train_rates': 0.9283155139865895, 'learning_rate': 0.0002805774182635557, 'batch_size': 16, 'step_size': 11, 'gamma': 0.8828864310291539}. Best is trial 18 with value: 0.04322107623402889.[0m
[32m[I 2025-01-05 23:22:21,894][0m Trial 28 finished with value: 0.05944320932030678 and parameters: {'observation_period_num': 29, 'train_rates': 0.9603244079616706, 'learning_rate': 8.873260895385306e-05, 'batch_size': 188, 'step_size': 11, 'gamma': 0.8766789696974479}. Best is trial 18 with value: 0.04322107623402889.[0m
[32m[I 2025-01-05 23:24:29,825][0m Trial 29 finished with value: 0.05709516033306494 and parameters: {'observation_period_num': 63, 'train_rates': 0.8847612501265023, 'learning_rate': 0.0002995166717709304, 'batch_size': 59, 'step_size': 8, 'gamma': 0.8134315261040362}. Best is trial 18 with value: 0.04322107623402889.[0m
[32m[I 2025-01-05 23:26:10,872][0m Trial 30 finished with value: 0.05645777679309643 and parameters: {'observation_period_num': 24, 'train_rates': 0.9356384774322821, 'learning_rate': 3.239055828796581e-05, 'batch_size': 107, 'step_size': 11, 'gamma': 0.841368094063949}. Best is trial 18 with value: 0.04322107623402889.[0m
[32m[I 2025-01-05 23:27:21,965][0m Trial 31 finished with value: 0.0571399622120208 and parameters: {'observation_period_num': 24, 'train_rates': 0.9272537661411057, 'learning_rate': 2.598565689736037e-05, 'batch_size': 119, 'step_size': 11, 'gamma': 0.8446155400591897}. Best is trial 18 with value: 0.04322107623402889.[0m
[32m[I 2025-01-05 23:29:02,293][0m Trial 32 finished with value: 0.054498407150711026 and parameters: {'observation_period_num': 56, 'train_rates': 0.8467298816710145, 'learning_rate': 8.123775704220243e-05, 'batch_size': 104, 'step_size': 9, 'gamma': 0.8292572203234826}. Best is trial 18 with value: 0.04322107623402889.[0m
[32m[I 2025-01-05 23:30:17,734][0m Trial 33 finished with value: 0.07158791134332089 and parameters: {'observation_period_num': 81, 'train_rates': 0.8364148863405233, 'learning_rate': 8.516802475319428e-05, 'batch_size': 144, 'step_size': 9, 'gamma': 0.8057966830408722}. Best is trial 18 with value: 0.04322107623402889.[0m
[32m[I 2025-01-05 23:32:20,945][0m Trial 34 finished with value: 0.05551773938069861 and parameters: {'observation_period_num': 58, 'train_rates': 0.8566458269987247, 'learning_rate': 0.00023167537880116292, 'batch_size': 52, 'step_size': 9, 'gamma': 0.8822606680837705}. Best is trial 18 with value: 0.04322107623402889.[0m
[32m[I 2025-01-05 23:33:55,618][0m Trial 35 finished with value: 0.04861637887566589 and parameters: {'observation_period_num': 48, 'train_rates': 0.8520448195129351, 'learning_rate': 0.00012694780186705879, 'batch_size': 76, 'step_size': 8, 'gamma': 0.8276101692702466}. Best is trial 18 with value: 0.04322107623402889.[0m
[32m[I 2025-01-05 23:35:44,186][0m Trial 36 finished with value: 0.04131272524346447 and parameters: {'observation_period_num': 5, 'train_rates': 0.8172186732809892, 'learning_rate': 0.00011076687371628289, 'batch_size': 75, 'step_size': 7, 'gamma': 0.8281721221427548}. Best is trial 36 with value: 0.04131272524346447.[0m
[32m[I 2025-01-05 23:37:20,991][0m Trial 37 finished with value: 0.0680154903588823 and parameters: {'observation_period_num': 5, 'train_rates': 0.8039574251086905, 'learning_rate': 1.481811459728984e-05, 'batch_size': 73, 'step_size': 7, 'gamma': 0.7989406518240885}. Best is trial 36 with value: 0.04131272524346447.[0m
[32m[I 2025-01-05 23:39:00,670][0m Trial 38 finished with value: 0.21701503584259435 and parameters: {'observation_period_num': 42, 'train_rates': 0.7715353601793755, 'learning_rate': 0.00012315897319754583, 'batch_size': 84, 'step_size': 3, 'gamma': 0.8591818626135234}. Best is trial 36 with value: 0.04131272524346447.[0m
[32m[I 2025-01-05 23:40:23,657][0m Trial 39 finished with value: 0.1977646345972001 and parameters: {'observation_period_num': 15, 'train_rates': 0.7198629635995702, 'learning_rate': 5.6597302518276204e-05, 'batch_size': 158, 'step_size': 7, 'gamma': 0.7906126707956453}. Best is trial 36 with value: 0.04131272524346447.[0m
[32m[I 2025-01-05 23:41:35,076][0m Trial 40 finished with value: 0.06523151238503506 and parameters: {'observation_period_num': 44, 'train_rates': 0.8063719960736843, 'learning_rate': 0.00011342518266793002, 'batch_size': 131, 'step_size': 5, 'gamma': 0.8304253066948654}. Best is trial 36 with value: 0.04131272524346447.[0m
[32m[I 2025-01-05 23:43:08,916][0m Trial 41 finished with value: 0.05780183006141145 and parameters: {'observation_period_num': 52, 'train_rates': 0.8577729319386034, 'learning_rate': 8.63515291355207e-05, 'batch_size': 105, 'step_size': 8, 'gamma': 0.8221659624824965}. Best is trial 36 with value: 0.04131272524346447.[0m
[32m[I 2025-01-05 23:45:15,263][0m Trial 42 finished with value: 0.04058816575161067 and parameters: {'observation_period_num': 31, 'train_rates': 0.8463223403248662, 'learning_rate': 0.00018177978073534285, 'batch_size': 58, 'step_size': 6, 'gamma': 0.8273552666005559}. Best is trial 42 with value: 0.04058816575161067.[0m
[32m[I 2025-01-05 23:47:34,959][0m Trial 43 finished with value: 0.04650976257968922 and parameters: {'observation_period_num': 35, 'train_rates': 0.8151613865474537, 'learning_rate': 0.0001777791646901579, 'batch_size': 54, 'step_size': 6, 'gamma': 0.8556241872248418}. Best is trial 42 with value: 0.04058816575161067.[0m
[32m[I 2025-01-05 23:49:35,986][0m Trial 44 finished with value: 0.149252249053414 and parameters: {'observation_period_num': 6, 'train_rates': 0.7380825341369162, 'learning_rate': 0.00020506143741871093, 'batch_size': 64, 'step_size': 6, 'gamma': 0.8510025612847564}. Best is trial 42 with value: 0.04058816575161067.[0m
[32m[I 2025-01-05 23:51:44,148][0m Trial 45 finished with value: 0.04840189315914328 and parameters: {'observation_period_num': 33, 'train_rates': 0.7904182047812301, 'learning_rate': 0.000178680465476888, 'batch_size': 55, 'step_size': 4, 'gamma': 0.8342072018474826}. Best is trial 42 with value: 0.04058816575161067.[0m
[32m[I 2025-01-05 23:52:46,330][0m Trial 46 finished with value: 0.20740986531705 and parameters: {'observation_period_num': 26, 'train_rates': 0.7872309045696487, 'learning_rate': 0.00016461672346627397, 'batch_size': 249, 'step_size': 3, 'gamma': 0.8619785047320228}. Best is trial 42 with value: 0.04058816575161067.[0m
