[32m[I 2025-01-05 20:09:31,707][0m Trial 15 finished with value: 0.08603479463015976 and parameters: {'observation_period_num': 18, 'train_rates': 0.9077552705157548, 'learning_rate': 2.943228824534546e-05, 'batch_size': 253, 'step_size': 15, 'gamma': 0.9260304639315773}. Best is trial 15 with value: 0.08603479463015976.[0m
[32m[I 2025-01-05 20:10:01,708][0m Trial 16 finished with value: 0.09743476519361138 and parameters: {'observation_period_num': 5, 'train_rates': 0.8045166052513039, 'learning_rate': 3.0495265894427795e-05, 'batch_size': 252, 'step_size': 15, 'gamma': 0.9184375178985924}. Best is trial 15 with value: 0.08603479463015976.[0m
[32m[I 2025-01-05 20:10:40,780][0m Trial 17 finished with value: 0.06574098020792007 and parameters: {'observation_period_num': 31, 'train_rates': 0.9308905865560367, 'learning_rate': 0.00027749939178992055, 'batch_size': 251, 'step_size': 14, 'gamma': 0.9298988052915722}. Best is trial 17 with value: 0.06574098020792007.[0m
[32m[I 2025-01-05 20:11:44,510][0m Trial 18 finished with value: 0.10706658263804884 and parameters: {'observation_period_num': 44, 'train_rates': 0.8260922760640663, 'learning_rate': 0.0005295765936062084, 'batch_size': 178, 'step_size': 14, 'gamma': 0.9320229844914398}. Best is trial 17 with value: 0.06574098020792007.[0m
[32m[I 2025-01-05 20:13:02,704][0m Trial 19 finished with value: 0.08054701238870621 and parameters: {'observation_period_num': 147, 'train_rates': 0.9348438118451583, 'learning_rate': 0.0002577863377792225, 'batch_size': 222, 'step_size': 15, 'gamma': 0.8773095515422671}. Best is trial 17 with value: 0.06574098020792007.[0m
[32m[I 2025-01-05 20:14:03,524][0m Trial 20 finished with value: 0.10261005163192749 and parameters: {'observation_period_num': 153, 'train_rates': 0.9330544985985308, 'learning_rate': 0.0002912710425408863, 'batch_size': 218, 'step_size': 4, 'gamma': 0.8763937645474298}. Best is trial 17 with value: 0.06574098020792007.[0m
[32m[I 2025-01-05 20:15:15,874][0m Trial 21 finished with value: 0.12935228645801544 and parameters: {'observation_period_num': 150, 'train_rates': 0.9502626279020774, 'learning_rate': 0.0002092830562026728, 'batch_size': 233, 'step_size': 15, 'gamma': 0.9295626060517285}. Best is trial 17 with value: 0.06574098020792007.[0m
[32m[I 2025-01-05 20:16:45,106][0m Trial 22 finished with value: 0.08590863171560936 and parameters: {'observation_period_num': 95, 'train_rates': 0.8838771095687861, 'learning_rate': 0.0003640110719705491, 'batch_size': 181, 'step_size': 13, 'gamma': 0.8858470555169681}. Best is trial 17 with value: 0.06574098020792007.[0m
[32m[I 2025-01-05 20:17:49,209][0m Trial 23 finished with value: 0.09957176741016538 and parameters: {'observation_period_num': 110, 'train_rates': 0.8663824555163294, 'learning_rate': 0.00043597982011162154, 'batch_size': 182, 'step_size': 13, 'gamma': 0.8666158031369671}. Best is trial 17 with value: 0.06574098020792007.[0m
[32m[I 2025-01-05 20:19:23,766][0m Trial 24 finished with value: 0.09028603881597519 and parameters: {'observation_period_num': 95, 'train_rates': 0.9450605434731674, 'learning_rate': 0.000919204187763053, 'batch_size': 192, 'step_size': 12, 'gamma': 0.8826714925250219}. Best is trial 17 with value: 0.06574098020792007.[0m
[32m[I 2025-01-05 20:20:47,515][0m Trial 25 finished with value: 0.08342474649032465 and parameters: {'observation_period_num': 143, 'train_rates': 0.8887603858973079, 'learning_rate': 0.00016388552449356932, 'batch_size': 161, 'step_size': 14, 'gamma': 0.8552413478317749}. Best is trial 17 with value: 0.06574098020792007.[0m
[32m[I 2025-01-05 20:21:56,374][0m Trial 26 finished with value: 0.10976053674699394 and parameters: {'observation_period_num': 154, 'train_rates': 0.831635063552818, 'learning_rate': 0.0001501057275332884, 'batch_size': 159, 'step_size': 14, 'gamma': 0.8424353348077471}. Best is trial 17 with value: 0.06574098020792007.[0m
[32m[I 2025-01-05 20:23:20,451][0m Trial 27 finished with value: 0.28545279713508526 and parameters: {'observation_period_num': 142, 'train_rates': 0.7694538950073471, 'learning_rate': 0.00012169807952042232, 'batch_size': 226, 'step_size': 14, 'gamma': 0.8570845282880418}. Best is trial 17 with value: 0.06574098020792007.[0m
[32m[I 2025-01-05 20:24:28,939][0m Trial 28 finished with value: 0.10038282777018406 and parameters: {'observation_period_num': 164, 'train_rates': 0.9025549868788124, 'learning_rate': 4.654760403472945e-05, 'batch_size': 111, 'step_size': 12, 'gamma': 0.8006408100081965}. Best is trial 17 with value: 0.06574098020792007.[0m
[32m[I 2025-01-05 20:25:54,034][0m Trial 29 finished with value: 0.11343253403902054 and parameters: {'observation_period_num': 134, 'train_rates': 0.9632172251015942, 'learning_rate': 0.0002187660371458301, 'batch_size': 213, 'step_size': 14, 'gamma': 0.8182143555380201}. Best is trial 17 with value: 0.06574098020792007.[0m
[32m[I 2025-01-05 20:26:59,366][0m Trial 30 finished with value: 0.1428164333767361 and parameters: {'observation_period_num': 231, 'train_rates': 0.8346510433231265, 'learning_rate': 0.0005628243760631321, 'batch_size': 236, 'step_size': 8, 'gamma': 0.9459236957476721}. Best is trial 17 with value: 0.06574098020792007.[0m
[32m[I 2025-01-05 20:28:16,002][0m Trial 31 finished with value: 0.11303417847074311 and parameters: {'observation_period_num': 174, 'train_rates': 0.8851832866852638, 'learning_rate': 0.00029898127319428726, 'batch_size': 165, 'step_size': 13, 'gamma': 0.8863803768312093}. Best is trial 17 with value: 0.06574098020792007.[0m
[32m[I 2025-01-05 20:29:36,572][0m Trial 32 finished with value: 0.0811939129800153 and parameters: {'observation_period_num': 48, 'train_rates': 0.8879501503508758, 'learning_rate': 0.00038334849070283827, 'batch_size': 206, 'step_size': 13, 'gamma': 0.895329774997976}. Best is trial 17 with value: 0.06574098020792007.[0m
[32m[I 2025-01-05 20:31:01,664][0m Trial 33 finished with value: 0.06677373498678207 and parameters: {'observation_period_num': 35, 'train_rates': 0.9326589906109448, 'learning_rate': 0.00013268063468230537, 'batch_size': 210, 'step_size': 11, 'gamma': 0.912774206667686}. Best is trial 17 with value: 0.06574098020792007.[0m
[32m[I 2025-01-05 20:32:13,027][0m Trial 34 finished with value: 0.07315099622323135 and parameters: {'observation_period_num': 33, 'train_rates': 0.9268380010715203, 'learning_rate': 9.778280931890331e-05, 'batch_size': 202, 'step_size': 11, 'gamma': 0.947438578461539}. Best is trial 17 with value: 0.06574098020792007.[0m
[32m[I 2025-01-05 20:33:35,515][0m Trial 35 finished with value: 0.07315459102392197 and parameters: {'observation_period_num': 39, 'train_rates': 0.932813773593345, 'learning_rate': 8.538980948489461e-05, 'batch_size': 198, 'step_size': 11, 'gamma': 0.9868901582183169}. Best is trial 17 with value: 0.06574098020792007.[0m
[32m[I 2025-01-05 20:34:50,576][0m Trial 36 finished with value: 0.06656412780284882 and parameters: {'observation_period_num': 31, 'train_rates': 0.9672207853278938, 'learning_rate': 9.127579089974256e-05, 'batch_size': 198, 'step_size': 10, 'gamma': 0.9887759010221367}. Best is trial 17 with value: 0.06574098020792007.[0m
[32m[I 2025-01-05 20:36:09,996][0m Trial 37 finished with value: 0.14211854338645935 and parameters: {'observation_period_num': 64, 'train_rates': 0.9682130672667967, 'learning_rate': 5.108310323484325e-05, 'batch_size': 239, 'step_size': 9, 'gamma': 0.9701419776838965}. Best is trial 17 with value: 0.06574098020792007.[0m
[32m[I 2025-01-05 20:37:15,189][0m Trial 38 finished with value: 0.07071619480848312 and parameters: {'observation_period_num': 28, 'train_rates': 0.9863158015030417, 'learning_rate': 8.715157118198663e-05, 'batch_size': 207, 'step_size': 10, 'gamma': 0.944785560710879}. Best is trial 17 with value: 0.06574098020792007.[0m
[32m[I 2025-01-05 20:38:09,355][0m Trial 39 finished with value: 0.08785076439380646 and parameters: {'observation_period_num': 25, 'train_rates': 0.9894366437247188, 'learning_rate': 5.521683131906865e-05, 'batch_size': 240, 'step_size': 8, 'gamma': 0.9757973333639772}. Best is trial 17 with value: 0.06574098020792007.[0m
[32m[I 2025-01-05 20:38:58,199][0m Trial 40 finished with value: 0.2302894903291738 and parameters: {'observation_period_num': 55, 'train_rates': 0.6970057735294433, 'learning_rate': 0.00012745789635937378, 'batch_size': 215, 'step_size': 10, 'gamma': 0.9483143327837488}. Best is trial 17 with value: 0.06574098020792007.[0m
[32m[I 2025-01-05 20:39:58,173][0m Trial 41 finished with value: 0.07538557052612305 and parameters: {'observation_period_num': 33, 'train_rates': 0.9534107851414715, 'learning_rate': 9.55632303343784e-05, 'batch_size': 199, 'step_size': 10, 'gamma': 0.950936095317023}. Best is trial 17 with value: 0.06574098020792007.[0m
[32m[I 2025-01-05 20:40:47,573][0m Trial 42 finished with value: 0.08412404814611972 and parameters: {'observation_period_num': 72, 'train_rates': 0.9211773038833605, 'learning_rate': 7.738589685624905e-05, 'batch_size': 173, 'step_size': 9, 'gamma': 0.9403642516171881}. Best is trial 17 with value: 0.06574098020792007.[0m
[32m[I 2025-01-05 20:42:13,970][0m Trial 43 finished with value: 0.05392056331038475 and parameters: {'observation_period_num': 23, 'train_rates': 0.9713785927351345, 'learning_rate': 0.0001759859123947022, 'batch_size': 146, 'step_size': 11, 'gamma': 0.915421492515324}. Best is trial 43 with value: 0.05392056331038475.[0m
[32m[I 2025-01-05 20:44:04,390][0m Trial 44 finished with value: 0.05346220650590292 and parameters: {'observation_period_num': 18, 'train_rates': 0.9656233087427852, 'learning_rate': 0.0001824390577364345, 'batch_size': 85, 'step_size': 7, 'gamma': 0.9163851310865607}. Best is trial 44 with value: 0.05346220650590292.[0m
[32m[I 2025-01-05 20:46:00,621][0m Trial 45 finished with value: 0.04414765955400221 and parameters: {'observation_period_num': 15, 'train_rates': 0.9670657911982976, 'learning_rate': 0.000641763897711025, 'batch_size': 90, 'step_size': 7, 'gamma': 0.9090464857788871}. Best is trial 45 with value: 0.04414765955400221.[0m
[32m[I 2025-01-05 20:47:45,265][0m Trial 46 finished with value: 0.05455731406160023 and parameters: {'observation_period_num': 16, 'train_rates': 0.96869591727215, 'learning_rate': 0.00018940354172675367, 'batch_size': 88, 'step_size': 7, 'gamma': 0.9176612385043192}. Best is trial 45 with value: 0.04414765955400221.[0m
[32m[I 2025-01-05 20:49:24,853][0m Trial 47 finished with value: 0.04955672941702817 and parameters: {'observation_period_num': 16, 'train_rates': 0.9618590194486717, 'learning_rate': 0.0006989921939918809, 'batch_size': 87, 'step_size': 7, 'gamma': 0.9204111029406395}. Best is trial 45 with value: 0.04414765955400221.[0m
[32m[I 2025-01-05 20:51:16,961][0m Trial 48 finished with value: 0.049238825088431096 and parameters: {'observation_period_num': 18, 'train_rates': 0.9705912008663836, 'learning_rate': 0.0006641487693556153, 'batch_size': 86, 'step_size': 6, 'gamma': 0.9144662981802085}. Best is trial 45 with value: 0.04414765955400221.[0m
[32m[I 2025-01-05 20:52:50,870][0m Trial 49 finished with value: 0.06290147873692047 and parameters: {'observation_period_num': 5, 'train_rates': 0.9549951622972364, 'learning_rate': 0.0006980367847017763, 'batch_size': 86, 'step_size': 5, 'gamma': 0.904226565726655}. Best is trial 45 with value: 0.04414765955400221.[0m
seasonal_0 „ÅÆÊúÄÈÅ©„Éè„Ç§„Éë„Éº„Éë„É©„É°„Éº„Çø„ÅåË¶ã„Å§„Åã„Çä„Åæ„Åó„Åü
ÊúÄÈÅ©ÂåñÂØæË±°: seasonal_1
[32m[I 2025-01-05 20:52:50,881][0m A new study created in memory with name: no-name-fef217d2-4a93-4183-88d8-bcf4a04cd6c7[0m
[32m[I 2025-01-05 20:54:02,360][0m Trial 0 finished with value: 0.24919598329191406 and parameters: {'observation_period_num': 193, 'train_rates': 0.6522313190375727, 'learning_rate': 0.0001889370843508363, 'batch_size': 158, 'step_size': 12, 'gamma': 0.8180000623747758}. Best is trial 0 with value: 0.24919598329191406.[0m
[32m[I 2025-01-05 20:55:17,281][0m Trial 1 finished with value: 0.873247894656394 and parameters: {'observation_period_num': 244, 'train_rates': 0.7168427320137086, 'learning_rate': 1.025362808482652e-06, 'batch_size': 121, 'step_size': 10, 'gamma': 0.9410576441863521}. Best is trial 0 with value: 0.24919598329191406.[0m
[32m[I 2025-01-05 20:56:16,164][0m Trial 2 finished with value: 0.9586397028042123 and parameters: {'observation_period_num': 73, 'train_rates': 0.6587624722005033, 'learning_rate': 1.0062685115890803e-06, 'batch_size': 255, 'step_size': 10, 'gamma': 0.931369211206377}. Best is trial 0 with value: 0.24919598329191406.[0m
[32m[I 2025-01-05 20:57:29,454][0m Trial 3 finished with value: 0.9678663214991609 and parameters: {'observation_period_num': 150, 'train_rates': 0.6996286329466237, 'learning_rate': 1.35514687937424e-06, 'batch_size': 132, 'step_size': 7, 'gamma': 0.7690806966447946}. Best is trial 0 with value: 0.24919598329191406.[0m
[32m[I 2025-01-05 20:58:24,384][0m Trial 4 finished with value: 0.169619431856993 and parameters: {'observation_period_num': 28, 'train_rates': 0.7134787561934373, 'learning_rate': 0.0006102968002024862, 'batch_size': 236, 'step_size': 14, 'gamma': 0.8526229246627833}. Best is trial 4 with value: 0.169619431856993.[0m
[32m[I 2025-01-05 21:02:52,992][0m Trial 5 finished with value: 0.20209798241424007 and parameters: {'observation_period_num': 99, 'train_rates': 0.6231505723150919, 'learning_rate': 0.0005991896044354015, 'batch_size': 17, 'step_size': 7, 'gamma': 0.7879191846410515}. Best is trial 4 with value: 0.169619431856993.[0m
Early stopping at epoch 68
[32m[I 2025-01-05 21:03:25,691][0m Trial 6 finished with value: 0.2555379951457873 and parameters: {'observation_period_num': 160, 'train_rates': 0.8040817907824034, 'learning_rate': 0.0004643941405798749, 'batch_size': 236, 'step_size': 1, 'gamma': 0.8020684147168982}. Best is trial 4 with value: 0.169619431856993.[0m
[32m[I 2025-01-05 21:04:36,479][0m Trial 7 finished with value: 0.28321387846666357 and parameters: {'observation_period_num': 157, 'train_rates': 0.7744753114567061, 'learning_rate': 0.0005885412085525077, 'batch_size': 136, 'step_size': 2, 'gamma': 0.8066304641975959}. Best is trial 4 with value: 0.169619431856993.[0m
[32m[I 2025-01-05 21:05:56,974][0m Trial 8 finished with value: 0.43327094736882454 and parameters: {'observation_period_num': 26, 'train_rates': 0.858684706419715, 'learning_rate': 1.0576343545747262e-06, 'batch_size': 128, 'step_size': 7, 'gamma': 0.9739096355249773}. Best is trial 4 with value: 0.169619431856993.[0m
[32m[I 2025-01-05 21:08:22,151][0m Trial 9 finished with value: 0.18603490225701447 and parameters: {'observation_period_num': 50, 'train_rates': 0.656693772425359, 'learning_rate': 0.0004453187053121077, 'batch_size': 36, 'step_size': 9, 'gamma': 0.9847434379440035}. Best is trial 4 with value: 0.169619431856993.[0m
[32m[I 2025-01-05 21:09:16,768][0m Trial 10 finished with value: 0.13778623938560486 and parameters: {'observation_period_num': 103, 'train_rates': 0.9694036276589464, 'learning_rate': 2.8598061381673808e-05, 'batch_size': 199, 'step_size': 15, 'gamma': 0.8652963332239727}. Best is trial 10 with value: 0.13778623938560486.[0m
[32m[I 2025-01-05 21:10:36,696][0m Trial 11 finished with value: 0.07574126869440079 and parameters: {'observation_period_num': 6, 'train_rates': 0.9743861570826341, 'learning_rate': 2.4001290554209273e-05, 'batch_size': 202, 'step_size': 15, 'gamma': 0.8668526046855899}. Best is trial 11 with value: 0.07574126869440079.[0m
[32m[I 2025-01-05 21:11:50,494][0m Trial 12 finished with value: 0.17789408564567566 and parameters: {'observation_period_num': 101, 'train_rates': 0.9652790074392492, 'learning_rate': 1.6756995550970035e-05, 'batch_size': 196, 'step_size': 15, 'gamma': 0.8874665239058336}. Best is trial 11 with value: 0.07574126869440079.[0m
[32m[I 2025-01-05 21:13:16,460][0m Trial 13 finished with value: 0.07315807789564133 and parameters: {'observation_period_num': 12, 'train_rates': 0.9871078003716259, 'learning_rate': 2.166551359528613e-05, 'batch_size': 190, 'step_size': 13, 'gamma': 0.8815115974364335}. Best is trial 13 with value: 0.07315807789564133.[0m
[32m[I 2025-01-05 21:14:31,454][0m Trial 14 finished with value: 0.09685704251576899 and parameters: {'observation_period_num': 7, 'train_rates': 0.9096092146404103, 'learning_rate': 8.808004728489818e-06, 'batch_size': 184, 'step_size': 12, 'gamma': 0.895267663981454}. Best is trial 13 with value: 0.07315807789564133.[0m
[32m[I 2025-01-05 21:15:44,016][0m Trial 15 finished with value: 0.06516218185424805 and parameters: {'observation_period_num': 55, 'train_rates': 0.9889248755596869, 'learning_rate': 7.458824920009876e-05, 'batch_size': 89, 'step_size': 13, 'gamma': 0.9174449371671198}. Best is trial 15 with value: 0.06516218185424805.[0m
[32m[I 2025-01-05 21:17:04,460][0m Trial 16 finished with value: 0.0655267216810366 and parameters: {'observation_period_num': 60, 'train_rates': 0.9010449909798659, 'learning_rate': 0.00010137804791590782, 'batch_size': 77, 'step_size': 12, 'gamma': 0.9217422076745497}. Best is trial 15 with value: 0.06516218185424805.[0m
[32m[I 2025-01-05 21:18:22,119][0m Trial 17 finished with value: 0.06036251916814206 and parameters: {'observation_period_num': 65, 'train_rates': 0.9071702397847854, 'learning_rate': 8.505604849439751e-05, 'batch_size': 88, 'step_size': 4, 'gamma': 0.9222092210204368}. Best is trial 17 with value: 0.06036251916814206.[0m
[32m[I 2025-01-05 21:19:43,218][0m Trial 18 finished with value: 0.06127305736250066 and parameters: {'observation_period_num': 78, 'train_rates': 0.9185385610982139, 'learning_rate': 8.147478718241211e-05, 'batch_size': 87, 'step_size': 4, 'gamma': 0.960257587410798}. Best is trial 17 with value: 0.06036251916814206.[0m
[32m[I 2025-01-05 21:21:08,921][0m Trial 19 finished with value: 0.0646951351510851 and parameters: {'observation_period_num': 120, 'train_rates': 0.8526203164241577, 'learning_rate': 7.357867579987204e-05, 'batch_size': 72, 'step_size': 4, 'gamma': 0.9600401583917443}. Best is trial 17 with value: 0.06036251916814206.[0m
[32m[I 2025-01-05 21:23:28,756][0m Trial 20 finished with value: 0.18466256962882147 and parameters: {'observation_period_num': 72, 'train_rates': 0.921849093485063, 'learning_rate': 3.973890361842723e-06, 'batch_size': 49, 'step_size': 4, 'gamma': 0.9623218158901784}. Best is trial 17 with value: 0.06036251916814206.[0m
[32m[I 2025-01-05 21:25:11,636][0m Trial 21 finished with value: 0.06765468422380196 and parameters: {'observation_period_num': 120, 'train_rates': 0.8610684983388548, 'learning_rate': 6.765097982200098e-05, 'batch_size': 88, 'step_size': 4, 'gamma': 0.9557695166572882}. Best is trial 17 with value: 0.06036251916814206.[0m
[32m[I 2025-01-05 21:26:47,135][0m Trial 22 finished with value: 0.07372609889492966 and parameters: {'observation_period_num': 131, 'train_rates': 0.8525030901180041, 'learning_rate': 0.00018383958879804473, 'batch_size': 67, 'step_size': 4, 'gamma': 0.9885687720012402}. Best is trial 17 with value: 0.06036251916814206.[0m
[32m[I 2025-01-05 21:28:23,124][0m Trial 23 finished with value: 0.07723958045244217 and parameters: {'observation_period_num': 86, 'train_rates': 0.8139309262182317, 'learning_rate': 4.520257840542091e-05, 'batch_size': 106, 'step_size': 5, 'gamma': 0.9514020180713187}. Best is trial 17 with value: 0.06036251916814206.[0m
[32m[I 2025-01-05 21:30:32,764][0m Trial 24 finished with value: 0.07648880998189536 and parameters: {'observation_period_num': 118, 'train_rates': 0.9328340805756395, 'learning_rate': 0.0001918990861191927, 'batch_size': 56, 'step_size': 2, 'gamma': 0.9098069388322277}. Best is trial 17 with value: 0.06036251916814206.[0m
[32m[I 2025-01-05 21:32:04,289][0m Trial 25 finished with value: 0.07387087420114477 and parameters: {'observation_period_num': 190, 'train_rates': 0.8888629149472929, 'learning_rate': 0.0001227855853533129, 'batch_size': 101, 'step_size': 5, 'gamma': 0.938327805713855}. Best is trial 17 with value: 0.06036251916814206.[0m
[32m[I 2025-01-05 21:35:16,400][0m Trial 26 finished with value: 0.06465409230629764 and parameters: {'observation_period_num': 84, 'train_rates': 0.82838199358505, 'learning_rate': 4.435468938858011e-05, 'batch_size': 33, 'step_size': 3, 'gamma': 0.9692287928312011}. Best is trial 17 with value: 0.06036251916814206.[0m
[32m[I 2025-01-05 21:38:27,333][0m Trial 27 finished with value: 0.24455542298762695 and parameters: {'observation_period_num': 37, 'train_rates': 0.7634615720478388, 'learning_rate': 1.1562331073869009e-05, 'batch_size': 33, 'step_size': 3, 'gamma': 0.9052015084379171}. Best is trial 17 with value: 0.06036251916814206.[0m
[32m[I 2025-01-05 21:43:22,839][0m Trial 28 finished with value: 0.06266198360494205 and parameters: {'observation_period_num': 78, 'train_rates': 0.9464326643509055, 'learning_rate': 4.510048002322112e-05, 'batch_size': 22, 'step_size': 6, 'gamma': 0.8414670345678491}. Best is trial 17 with value: 0.06036251916814206.[0m
[32m[I 2025-01-05 21:44:47,891][0m Trial 29 finished with value: 0.056231867907376124 and parameters: {'observation_period_num': 44, 'train_rates': 0.9403070393164374, 'learning_rate': 0.0002490660153300479, 'batch_size': 153, 'step_size': 6, 'gamma': 0.8365276310600452}. Best is trial 29 with value: 0.056231867907376124.[0m
[32m[I 2025-01-05 21:45:58,547][0m Trial 30 finished with value: 0.05304928738396705 and parameters: {'observation_period_num': 41, 'train_rates': 0.8874210461453884, 'learning_rate': 0.0002825601644601505, 'batch_size': 171, 'step_size': 6, 'gamma': 0.8172992954659168}. Best is trial 30 with value: 0.05304928738396705.[0m
