[32m[I 2025-01-06 02:26:34,039][0m Trial 49 finished with value: 0.1493740520297095 and parameters: {'observation_period_num': 43, 'train_rates': 0.6303591904971031, 'learning_rate': 0.000497223474018765, 'batch_size': 168, 'step_size': 11, 'gamma': 0.8016902137578701}. Best is trial 43 with value: 0.03367915915118323.[0m
resid „ÅÆÊúÄÈÅ©„Éè„Ç§„Éë„Éº„Éë„É©„É°„Éº„Çø„ÅåË¶ã„Å§„Åã„Çä„Åæ„Åó„Åü
ÊúÄÈÅ©„Éè„Ç§„Éë„Éº„Éë„É©„É°„Éº„Çø„Åå best_hyperparameters_AMZN_iTransformer.json „Å´‰øùÂ≠ò„Åï„Çå„Åæ„Åó„Åü
Training trend component with params: {'observation_period_num': 5, 'train_rates': 0.9049211237928657, 'learning_rate': 0.00022729458521905302, 'batch_size': 17, 'step_size': 6, 'gamma': 0.8593371678519443}
Epoch 1/300, trend Loss: 0.1965 | 0.0894
Epoch 2/300, trend Loss: 0.1187 | 0.0749
Epoch 3/300, trend Loss: 0.1100 | 0.0669
Epoch 4/300, trend Loss: 0.1041 | 0.0657
Epoch 5/300, trend Loss: 0.0976 | 0.0553
Epoch 6/300, trend Loss: 0.0942 | 0.0515
Epoch 7/300, trend Loss: 0.0905 | 0.0506
Epoch 8/300, trend Loss: 0.0875 | 0.0491
Epoch 9/300, trend Loss: 0.0852 | 0.0458
Epoch 10/300, trend Loss: 0.0820 | 0.0429
Epoch 11/300, trend Loss: 0.0792 | 0.0401
Epoch 12/300, trend Loss: 0.0771 | 0.0387
Epoch 13/300, trend Loss: 0.0754 | 0.0368
Epoch 14/300, trend Loss: 0.0744 | 0.0358
Epoch 15/300, trend Loss: 0.0733 | 0.0350
Epoch 16/300, trend Loss: 0.0722 | 0.0326
Epoch 17/300, trend Loss: 0.0714 | 0.0316
Epoch 18/300, trend Loss: 0.0704 | 0.0306
Epoch 19/300, trend Loss: 0.0694 | 0.0286
Epoch 20/300, trend Loss: 0.0683 | 0.0278
Epoch 21/300, trend Loss: 0.0673 | 0.0272
Epoch 22/300, trend Loss: 0.0664 | 0.0267
Epoch 23/300, trend Loss: 0.0657 | 0.0265
Epoch 24/300, trend Loss: 0.0650 | 0.0262
Epoch 25/300, trend Loss: 0.0643 | 0.0258
Epoch 26/300, trend Loss: 0.0636 | 0.0257
Epoch 27/300, trend Loss: 0.0630 | 0.0255
Epoch 28/300, trend Loss: 0.0623 | 0.0249
Epoch 29/300, trend Loss: 0.0618 | 0.0249
Epoch 30/300, trend Loss: 0.0614 | 0.0249
Epoch 31/300, trend Loss: 0.0610 | 0.0245
Epoch 32/300, trend Loss: 0.0606 | 0.0244
Epoch 33/300, trend Loss: 0.0603 | 0.0244
Epoch 34/300, trend Loss: 0.0600 | 0.0243
Epoch 35/300, trend Loss: 0.0597 | 0.0243
Epoch 36/300, trend Loss: 0.0594 | 0.0243
Epoch 37/300, trend Loss: 0.0592 | 0.0243
Epoch 38/300, trend Loss: 0.0591 | 0.0244
Epoch 39/300, trend Loss: 0.0590 | 0.0244
Epoch 40/300, trend Loss: 0.0588 | 0.0246
Epoch 41/300, trend Loss: 0.0588 | 0.0250
Epoch 42/300, trend Loss: 0.0586 | 0.0255
Epoch 43/300, trend Loss: 0.0583 | 0.0254
Epoch 44/300, trend Loss: 0.0580 | 0.0255
Epoch 45/300, trend Loss: 0.0578 | 0.0256
Epoch 46/300, trend Loss: 0.0576 | 0.0246
Epoch 47/300, trend Loss: 0.0574 | 0.0246
Epoch 48/300, trend Loss: 0.0573 | 0.0246
Epoch 49/300, trend Loss: 0.0571 | 0.0238
Epoch 50/300, trend Loss: 0.0570 | 0.0238
Epoch 51/300, trend Loss: 0.0569 | 0.0238
Epoch 52/300, trend Loss: 0.0567 | 0.0235
Epoch 53/300, trend Loss: 0.0566 | 0.0234
Epoch 54/300, trend Loss: 0.0565 | 0.0234
Epoch 55/300, trend Loss: 0.0564 | 0.0234
Epoch 56/300, trend Loss: 0.0563 | 0.0234
Epoch 57/300, trend Loss: 0.0563 | 0.0233
Epoch 58/300, trend Loss: 0.0561 | 0.0236
Epoch 59/300, trend Loss: 0.0561 | 0.0235
Epoch 60/300, trend Loss: 0.0560 | 0.0235
Epoch 61/300, trend Loss: 0.0559 | 0.0238
Epoch 62/300, trend Loss: 0.0558 | 0.0238
Epoch 63/300, trend Loss: 0.0558 | 0.0237
Epoch 64/300, trend Loss: 0.0557 | 0.0241
Epoch 65/300, trend Loss: 0.0556 | 0.0241
Epoch 66/300, trend Loss: 0.0555 | 0.0241
Epoch 67/300, trend Loss: 0.0555 | 0.0245
Epoch 68/300, trend Loss: 0.0554 | 0.0245
Epoch 69/300, trend Loss: 0.0553 | 0.0244
Epoch 70/300, trend Loss: 0.0552 | 0.0248
Epoch 71/300, trend Loss: 0.0552 | 0.0248
Epoch 72/300, trend Loss: 0.0551 | 0.0248
Epoch 73/300, trend Loss: 0.0550 | 0.0250
Epoch 74/300, trend Loss: 0.0550 | 0.0250
Epoch 75/300, trend Loss: 0.0549 | 0.0250
Epoch 76/300, trend Loss: 0.0549 | 0.0250
Epoch 77/300, trend Loss: 0.0548 | 0.0251
Epoch 78/300, trend Loss: 0.0548 | 0.0250
Epoch 79/300, trend Loss: 0.0547 | 0.0248
Epoch 80/300, trend Loss: 0.0547 | 0.0249
Epoch 81/300, trend Loss: 0.0546 | 0.0248
Epoch 82/300, trend Loss: 0.0546 | 0.0246
Epoch 83/300, trend Loss: 0.0546 | 0.0246
Epoch 84/300, trend Loss: 0.0545 | 0.0245
Epoch 85/300, trend Loss: 0.0545 | 0.0243
Epoch 86/300, trend Loss: 0.0545 | 0.0243
Epoch 87/300, trend Loss: 0.0544 | 0.0243
Epoch 88/300, trend Loss: 0.0544 | 0.0241
Epoch 89/300, trend Loss: 0.0544 | 0.0241
Epoch 90/300, trend Loss: 0.0543 | 0.0241
Epoch 91/300, trend Loss: 0.0543 | 0.0240
Epoch 92/300, trend Loss: 0.0543 | 0.0239
Epoch 93/300, trend Loss: 0.0543 | 0.0239
Epoch 94/300, trend Loss: 0.0542 | 0.0238
Epoch 95/300, trend Loss: 0.0542 | 0.0238
Epoch 96/300, trend Loss: 0.0542 | 0.0238
Epoch 97/300, trend Loss: 0.0542 | 0.0237
Epoch 98/300, trend Loss: 0.0542 | 0.0237
Epoch 99/300, trend Loss: 0.0541 | 0.0237
Epoch 100/300, trend Loss: 0.0541 | 0.0236
Epoch 101/300, trend Loss: 0.0541 | 0.0236
Epoch 102/300, trend Loss: 0.0541 | 0.0236
Epoch 103/300, trend Loss: 0.0541 | 0.0236
Epoch 104/300, trend Loss: 0.0541 | 0.0236
Epoch 105/300, trend Loss: 0.0541 | 0.0236
Epoch 106/300, trend Loss: 0.0540 | 0.0236
Epoch 107/300, trend Loss: 0.0540 | 0.0236
Epoch 108/300, trend Loss: 0.0540 | 0.0236
Epoch 109/300, trend Loss: 0.0540 | 0.0236
Epoch 110/300, trend Loss: 0.0540 | 0.0236
Epoch 111/300, trend Loss: 0.0540 | 0.0236
Epoch 112/300, trend Loss: 0.0540 | 0.0237
Epoch 113/300, trend Loss: 0.0540 | 0.0237
Epoch 114/300, trend Loss: 0.0540 | 0.0237
Epoch 115/300, trend Loss: 0.0540 | 0.0237
Epoch 116/300, trend Loss: 0.0540 | 0.0237
Epoch 117/300, trend Loss: 0.0539 | 0.0237
Epoch 118/300, trend Loss: 0.0539 | 0.0237
Epoch 119/300, trend Loss: 0.0539 | 0.0237
Epoch 120/300, trend Loss: 0.0539 | 0.0237
Epoch 121/300, trend Loss: 0.0539 | 0.0238
Epoch 122/300, trend Loss: 0.0539 | 0.0237
Epoch 123/300, trend Loss: 0.0539 | 0.0237
Epoch 124/300, trend Loss: 0.0539 | 0.0238
Epoch 125/300, trend Loss: 0.0539 | 0.0238
Epoch 126/300, trend Loss: 0.0539 | 0.0237
Epoch 127/300, trend Loss: 0.0539 | 0.0238
Epoch 128/300, trend Loss: 0.0539 | 0.0238
Epoch 129/300, trend Loss: 0.0539 | 0.0237
Epoch 130/300, trend Loss: 0.0538 | 0.0237
Epoch 131/300, trend Loss: 0.0538 | 0.0237
Epoch 132/300, trend Loss: 0.0538 | 0.0237
Epoch 133/300, trend Loss: 0.0538 | 0.0237
Epoch 134/300, trend Loss: 0.0538 | 0.0237
Epoch 135/300, trend Loss: 0.0538 | 0.0237
Epoch 136/300, trend Loss: 0.0538 | 0.0237
Epoch 137/300, trend Loss: 0.0538 | 0.0237
Epoch 138/300, trend Loss: 0.0538 | 0.0237
Epoch 139/300, trend Loss: 0.0538 | 0.0237
Epoch 140/300, trend Loss: 0.0538 | 0.0237
Epoch 141/300, trend Loss: 0.0538 | 0.0237
Epoch 142/300, trend Loss: 0.0538 | 0.0237
Epoch 143/300, trend Loss: 0.0538 | 0.0237
Epoch 144/300, trend Loss: 0.0538 | 0.0237
Epoch 145/300, trend Loss: 0.0538 | 0.0237
Epoch 146/300, trend Loss: 0.0538 | 0.0237
Epoch 147/300, trend Loss: 0.0538 | 0.0237
Epoch 148/300, trend Loss: 0.0538 | 0.0237
Epoch 149/300, trend Loss: 0.0538 | 0.0237
Epoch 150/300, trend Loss: 0.0538 | 0.0237
Epoch 151/300, trend Loss: 0.0538 | 0.0237
Epoch 152/300, trend Loss: 0.0538 | 0.0237
Epoch 153/300, trend Loss: 0.0538 | 0.0237
Epoch 154/300, trend Loss: 0.0538 | 0.0237
Epoch 155/300, trend Loss: 0.0538 | 0.0237
Epoch 156/300, trend Loss: 0.0538 | 0.0237
Epoch 157/300, trend Loss: 0.0538 | 0.0237
Epoch 158/300, trend Loss: 0.0538 | 0.0237
Epoch 159/300, trend Loss: 0.0538 | 0.0237
Epoch 160/300, trend Loss: 0.0538 | 0.0237
Epoch 161/300, trend Loss: 0.0538 | 0.0237
Epoch 162/300, trend Loss: 0.0538 | 0.0237
Epoch 163/300, trend Loss: 0.0538 | 0.0237
Epoch 164/300, trend Loss: 0.0538 | 0.0237
Epoch 165/300, trend Loss: 0.0538 | 0.0237
Epoch 166/300, trend Loss: 0.0538 | 0.0237
Epoch 167/300, trend Loss: 0.0538 | 0.0237
Epoch 168/300, trend Loss: 0.0538 | 0.0237
Epoch 169/300, trend Loss: 0.0538 | 0.0237
Epoch 170/300, trend Loss: 0.0538 | 0.0237
Epoch 171/300, trend Loss: 0.0538 | 0.0237
Epoch 172/300, trend Loss: 0.0538 | 0.0237
Epoch 173/300, trend Loss: 0.0538 | 0.0237
Epoch 174/300, trend Loss: 0.0538 | 0.0237
Epoch 175/300, trend Loss: 0.0538 | 0.0237
Epoch 176/300, trend Loss: 0.0538 | 0.0237
Epoch 177/300, trend Loss: 0.0538 | 0.0237
Epoch 178/300, trend Loss: 0.0538 | 0.0237
Epoch 179/300, trend Loss: 0.0538 | 0.0237
Epoch 180/300, trend Loss: 0.0538 | 0.0237
Epoch 181/300, trend Loss: 0.0538 | 0.0237
Epoch 182/300, trend Loss: 0.0538 | 0.0237
Epoch 183/300, trend Loss: 0.0538 | 0.0237
Epoch 184/300, trend Loss: 0.0538 | 0.0237
Epoch 185/300, trend Loss: 0.0538 | 0.0237
Epoch 186/300, trend Loss: 0.0538 | 0.0237
Epoch 187/300, trend Loss: 0.0538 | 0.0237
Epoch 188/300, trend Loss: 0.0538 | 0.0237
Epoch 189/300, trend Loss: 0.0538 | 0.0237
Epoch 190/300, trend Loss: 0.0538 | 0.0237
Epoch 191/300, trend Loss: 0.0538 | 0.0237
Epoch 192/300, trend Loss: 0.0538 | 0.0237
Epoch 193/300, trend Loss: 0.0538 | 0.0237
Epoch 194/300, trend Loss: 0.0538 | 0.0237
Epoch 195/300, trend Loss: 0.0538 | 0.0237
Epoch 196/300, trend Loss: 0.0538 | 0.0237
Epoch 197/300, trend Loss: 0.0538 | 0.0237
Epoch 198/300, trend Loss: 0.0538 | 0.0237
Epoch 199/300, trend Loss: 0.0538 | 0.0237
Epoch 200/300, trend Loss: 0.0538 | 0.0237
Epoch 201/300, trend Loss: 0.0538 | 0.0237
Epoch 202/300, trend Loss: 0.0538 | 0.0237
Epoch 203/300, trend Loss: 0.0538 | 0.0237
Epoch 204/300, trend Loss: 0.0538 | 0.0237
Epoch 205/300, trend Loss: 0.0538 | 0.0237
Epoch 206/300, trend Loss: 0.0538 | 0.0237
Epoch 207/300, trend Loss: 0.0538 | 0.0237
Epoch 208/300, trend Loss: 0.0538 | 0.0237
Epoch 209/300, trend Loss: 0.0538 | 0.0237
Epoch 210/300, trend Loss: 0.0538 | 0.0237
Epoch 211/300, trend Loss: 0.0538 | 0.0237
Epoch 212/300, trend Loss: 0.0538 | 0.0237
Epoch 213/300, trend Loss: 0.0538 | 0.0237
Epoch 214/300, trend Loss: 0.0538 | 0.0237
Epoch 215/300, trend Loss: 0.0538 | 0.0237
Epoch 216/300, trend Loss: 0.0538 | 0.0237
Epoch 217/300, trend Loss: 0.0538 | 0.0237
Epoch 218/300, trend Loss: 0.0538 | 0.0237
Epoch 219/300, trend Loss: 0.0538 | 0.0237
Epoch 220/300, trend Loss: 0.0538 | 0.0237
Epoch 221/300, trend Loss: 0.0538 | 0.0237
Epoch 222/300, trend Loss: 0.0538 | 0.0237
Epoch 223/300, trend Loss: 0.0538 | 0.0237
Epoch 224/300, trend Loss: 0.0538 | 0.0237
Epoch 225/300, trend Loss: 0.0538 | 0.0237
Epoch 226/300, trend Loss: 0.0538 | 0.0237
Epoch 227/300, trend Loss: 0.0538 | 0.0237
Epoch 228/300, trend Loss: 0.0538 | 0.0237
Epoch 229/300, trend Loss: 0.0538 | 0.0237
Epoch 230/300, trend Loss: 0.0538 | 0.0237
Epoch 231/300, trend Loss: 0.0538 | 0.0237
Epoch 232/300, trend Loss: 0.0538 | 0.0237
Epoch 233/300, trend Loss: 0.0538 | 0.0237
Epoch 234/300, trend Loss: 0.0538 | 0.0237
Epoch 235/300, trend Loss: 0.0538 | 0.0237
Epoch 236/300, trend Loss: 0.0538 | 0.0237
Epoch 237/300, trend Loss: 0.0538 | 0.0237
Epoch 238/300, trend Loss: 0.0538 | 0.0237
Epoch 239/300, trend Loss: 0.0538 | 0.0237
Epoch 240/300, trend Loss: 0.0538 | 0.0237
Epoch 241/300, trend Loss: 0.0538 | 0.0237
Epoch 242/300, trend Loss: 0.0538 | 0.0237
Epoch 243/300, trend Loss: 0.0538 | 0.0237
Epoch 244/300, trend Loss: 0.0538 | 0.0237
Epoch 245/300, trend Loss: 0.0538 | 0.0237
Epoch 246/300, trend Loss: 0.0538 | 0.0237
Epoch 247/300, trend Loss: 0.0538 | 0.0237
Epoch 248/300, trend Loss: 0.0538 | 0.0237
Epoch 249/300, trend Loss: 0.0538 | 0.0237
Epoch 250/300, trend Loss: 0.0538 | 0.0237
Epoch 251/300, trend Loss: 0.0538 | 0.0237
Epoch 252/300, trend Loss: 0.0538 | 0.0237
Epoch 253/300, trend Loss: 0.0538 | 0.0237
Epoch 254/300, trend Loss: 0.0538 | 0.0237
Epoch 255/300, trend Loss: 0.0538 | 0.0237
Epoch 256/300, trend Loss: 0.0538 | 0.0237
Epoch 257/300, trend Loss: 0.0538 | 0.0237
Epoch 258/300, trend Loss: 0.0538 | 0.0237
Epoch 259/300, trend Loss: 0.0538 | 0.0237
Epoch 260/300, trend Loss: 0.0538 | 0.0237
Epoch 261/300, trend Loss: 0.0538 | 0.0237
Epoch 262/300, trend Loss: 0.0538 | 0.0237
Epoch 263/300, trend Loss: 0.0538 | 0.0237
Epoch 264/300, trend Loss: 0.0538 | 0.0237
Epoch 265/300, trend Loss: 0.0538 | 0.0237
Epoch 266/300, trend Loss: 0.0538 | 0.0237
Epoch 267/300, trend Loss: 0.0538 | 0.0237
Epoch 268/300, trend Loss: 0.0538 | 0.0237
Epoch 269/300, trend Loss: 0.0538 | 0.0237
Epoch 270/300, trend Loss: 0.0538 | 0.0237
Epoch 271/300, trend Loss: 0.0538 | 0.0237
Epoch 272/300, trend Loss: 0.0538 | 0.0237
Epoch 273/300, trend Loss: 0.0538 | 0.0237
Epoch 274/300, trend Loss: 0.0538 | 0.0237
Epoch 275/300, trend Loss: 0.0538 | 0.0237
Epoch 276/300, trend Loss: 0.0538 | 0.0237
Epoch 277/300, trend Loss: 0.0538 | 0.0237
Epoch 278/300, trend Loss: 0.0538 | 0.0237
Epoch 279/300, trend Loss: 0.0538 | 0.0237
Epoch 280/300, trend Loss: 0.0538 | 0.0237
Epoch 281/300, trend Loss: 0.0538 | 0.0237
Epoch 282/300, trend Loss: 0.0538 | 0.0237
Epoch 283/300, trend Loss: 0.0538 | 0.0237
Epoch 284/300, trend Loss: 0.0538 | 0.0237
Epoch 285/300, trend Loss: 0.0538 | 0.0237
Epoch 286/300, trend Loss: 0.0538 | 0.0237
Epoch 287/300, trend Loss: 0.0538 | 0.0237
Epoch 288/300, trend Loss: 0.0538 | 0.0237
Early stopping for trend
Training seasonal_0 component with params: {'observation_period_num': 15, 'train_rates': 0.9670657911982976, 'learning_rate': 0.000641763897711025, 'batch_size': 90, 'step_size': 7, 'gamma': 0.9090464857788871}
Epoch 1/300, seasonal_0 Loss: 0.3797 | 0.1637
Epoch 2/300, seasonal_0 Loss: 0.1786 | 0.1355
Epoch 3/300, seasonal_0 Loss: 0.1446 | 0.1171
Epoch 4/300, seasonal_0 Loss: 0.1355 | 0.1082
Epoch 5/300, seasonal_0 Loss: 0.1260 | 0.1004
Epoch 6/300, seasonal_0 Loss: 0.1207 | 0.0931
Epoch 7/300, seasonal_0 Loss: 0.1174 | 0.0927
Epoch 8/300, seasonal_0 Loss: 0.1130 | 0.0871
Epoch 9/300, seasonal_0 Loss: 0.1107 | 0.0853
Epoch 10/300, seasonal_0 Loss: 0.1069 | 0.0811
Epoch 11/300, seasonal_0 Loss: 0.1042 | 0.0809
Epoch 12/300, seasonal_0 Loss: 0.1074 | 0.0909
Epoch 13/300, seasonal_0 Loss: 0.1175 | 0.0978
Epoch 14/300, seasonal_0 Loss: 0.1061 | 0.0930
Epoch 15/300, seasonal_0 Loss: 0.1185 | 0.0845
Epoch 16/300, seasonal_0 Loss: 0.1027 | 0.0813
Epoch 17/300, seasonal_0 Loss: 0.0985 | 0.0781
Epoch 18/300, seasonal_0 Loss: 0.0927 | 0.0705
Epoch 19/300, seasonal_0 Loss: 0.0903 | 0.0672
Epoch 20/300, seasonal_0 Loss: 0.0884 | 0.0640
Epoch 21/300, seasonal_0 Loss: 0.0895 | 0.0635
Epoch 22/300, seasonal_0 Loss: 0.0894 | 0.0689
Epoch 23/300, seasonal_0 Loss: 0.0902 | 0.0699
Epoch 24/300, seasonal_0 Loss: 0.0859 | 0.0600
Epoch 25/300, seasonal_0 Loss: 0.0857 | 0.0605
Epoch 26/300, seasonal_0 Loss: 0.0839 | 0.0630
Epoch 27/300, seasonal_0 Loss: 0.0838 | 0.0579
Epoch 28/300, seasonal_0 Loss: 0.0814 | 0.0646
Epoch 29/300, seasonal_0 Loss: 0.0821 | 0.0599
Epoch 30/300, seasonal_0 Loss: 0.0817 | 0.0643
Epoch 31/300, seasonal_0 Loss: 0.0815 | 0.0626
Epoch 32/300, seasonal_0 Loss: 0.0843 | 0.0684
Epoch 33/300, seasonal_0 Loss: 0.0796 | 0.0610
Epoch 34/300, seasonal_0 Loss: 0.0772 | 0.0549
Epoch 35/300, seasonal_0 Loss: 0.0802 | 0.0575
Epoch 36/300, seasonal_0 Loss: 0.0836 | 0.0559
Epoch 37/300, seasonal_0 Loss: 0.0770 | 0.0543
Epoch 38/300, seasonal_0 Loss: 0.0751 | 0.0547
Epoch 39/300, seasonal_0 Loss: 0.0754 | 0.0507
Epoch 40/300, seasonal_0 Loss: 0.0747 | 0.0522
Epoch 41/300, seasonal_0 Loss: 0.0744 | 0.0513
Epoch 42/300, seasonal_0 Loss: 0.0757 | 0.0526
Epoch 43/300, seasonal_0 Loss: 0.0738 | 0.0628
Epoch 44/300, seasonal_0 Loss: 0.0741 | 0.0585
Epoch 45/300, seasonal_0 Loss: 0.0771 | 0.0576
Epoch 46/300, seasonal_0 Loss: 0.0745 | 0.0523
Epoch 47/300, seasonal_0 Loss: 0.0732 | 0.0493
Epoch 48/300, seasonal_0 Loss: 0.0719 | 0.0503
Epoch 49/300, seasonal_0 Loss: 0.0686 | 0.0485
Epoch 50/300, seasonal_0 Loss: 0.0691 | 0.0503
Epoch 51/300, seasonal_0 Loss: 0.0716 | 0.0531
Epoch 52/300, seasonal_0 Loss: 0.0717 | 0.0529
Epoch 53/300, seasonal_0 Loss: 0.0795 | 0.0547
Epoch 54/300, seasonal_0 Loss: 0.0732 | 0.0493
Epoch 55/300, seasonal_0 Loss: 0.0831 | 0.0543
Epoch 56/300, seasonal_0 Loss: 0.0963 | 0.0577
Epoch 57/300, seasonal_0 Loss: 0.0883 | 0.0586
Epoch 58/300, seasonal_0 Loss: 0.1064 | 0.1333
Epoch 59/300, seasonal_0 Loss: 0.0887 | 0.0854
Epoch 60/300, seasonal_0 Loss: 0.0800 | 0.0665
Epoch 61/300, seasonal_0 Loss: 0.0750 | 0.0491
Epoch 62/300, seasonal_0 Loss: 0.0752 | 0.0471
Epoch 63/300, seasonal_0 Loss: 0.0701 | 0.0464
Epoch 64/300, seasonal_0 Loss: 0.0684 | 0.0484
Epoch 65/300, seasonal_0 Loss: 0.0677 | 0.0528
Epoch 66/300, seasonal_0 Loss: 0.0658 | 0.0507
Epoch 67/300, seasonal_0 Loss: 0.0638 | 0.0433
Epoch 68/300, seasonal_0 Loss: 0.0631 | 0.0415
Epoch 69/300, seasonal_0 Loss: 0.0627 | 0.0407
Epoch 70/300, seasonal_0 Loss: 0.0609 | 0.0409
Epoch 71/300, seasonal_0 Loss: 0.0596 | 0.0402
Epoch 72/300, seasonal_0 Loss: 0.0587 | 0.0401
Epoch 73/300, seasonal_0 Loss: 0.0584 | 0.0403
Epoch 74/300, seasonal_0 Loss: 0.0586 | 0.0415
Epoch 75/300, seasonal_0 Loss: 0.0606 | 0.0432
Epoch 76/300, seasonal_0 Loss: 0.0585 | 0.0413
Epoch 77/300, seasonal_0 Loss: 0.0571 | 0.0395
Epoch 78/300, seasonal_0 Loss: 0.0572 | 0.0395
Epoch 79/300, seasonal_0 Loss: 0.0558 | 0.0392
Epoch 80/300, seasonal_0 Loss: 0.0543 | 0.0395
Epoch 81/300, seasonal_0 Loss: 0.0545 | 0.0410
Epoch 82/300, seasonal_0 Loss: 0.0567 | 0.0411
Epoch 83/300, seasonal_0 Loss: 0.0573 | 0.0408
Epoch 84/300, seasonal_0 Loss: 0.0561 | 0.0416
Epoch 85/300, seasonal_0 Loss: 0.0567 | 0.0404
Epoch 86/300, seasonal_0 Loss: 0.0567 | 0.0421
Epoch 87/300, seasonal_0 Loss: 0.0557 | 0.0412
Epoch 88/300, seasonal_0 Loss: 0.0536 | 0.0406
Epoch 89/300, seasonal_0 Loss: 0.0540 | 0.0397
Epoch 90/300, seasonal_0 Loss: 0.0564 | 0.0395
Epoch 91/300, seasonal_0 Loss: 0.0584 | 0.0393
Epoch 92/300, seasonal_0 Loss: 0.0590 | 0.0407
Epoch 93/300, seasonal_0 Loss: 0.0564 | 0.0401
Epoch 94/300, seasonal_0 Loss: 0.0537 | 0.0407
Epoch 95/300, seasonal_0 Loss: 0.0547 | 0.0434
Epoch 96/300, seasonal_0 Loss: 0.0544 | 0.0414
Epoch 97/300, seasonal_0 Loss: 0.0529 | 0.0411
Epoch 98/300, seasonal_0 Loss: 0.0512 | 0.0401
Epoch 99/300, seasonal_0 Loss: 0.0496 | 0.0384
Epoch 100/300, seasonal_0 Loss: 0.0495 | 0.0378
Epoch 101/300, seasonal_0 Loss: 0.0491 | 0.0378
Epoch 102/300, seasonal_0 Loss: 0.0486 | 0.0380
Epoch 103/300, seasonal_0 Loss: 0.0483 | 0.0384
Epoch 104/300, seasonal_0 Loss: 0.0482 | 0.0384
Epoch 105/300, seasonal_0 Loss: 0.0480 | 0.0383
Epoch 106/300, seasonal_0 Loss: 0.0478 | 0.0383
Epoch 107/300, seasonal_0 Loss: 0.0476 | 0.0381
Epoch 108/300, seasonal_0 Loss: 0.0476 | 0.0382
Epoch 109/300, seasonal_0 Loss: 0.0475 | 0.0382
Epoch 110/300, seasonal_0 Loss: 0.0474 | 0.0385
Epoch 111/300, seasonal_0 Loss: 0.0473 | 0.0384
Epoch 112/300, seasonal_0 Loss: 0.0472 | 0.0385
Epoch 113/300, seasonal_0 Loss: 0.0470 | 0.0383
Epoch 114/300, seasonal_0 Loss: 0.0469 | 0.0383
Epoch 115/300, seasonal_0 Loss: 0.0468 | 0.0381
Epoch 116/300, seasonal_0 Loss: 0.0467 | 0.0382
Epoch 117/300, seasonal_0 Loss: 0.0466 | 0.0382
Epoch 118/300, seasonal_0 Loss: 0.0466 | 0.0382
Epoch 119/300, seasonal_0 Loss: 0.0465 | 0.0383
Epoch 120/300, seasonal_0 Loss: 0.0464 | 0.0383
Epoch 121/300, seasonal_0 Loss: 0.0463 | 0.0383
Epoch 122/300, seasonal_0 Loss: 0.0461 | 0.0383
Epoch 123/300, seasonal_0 Loss: 0.0460 | 0.0383
Epoch 124/300, seasonal_0 Loss: 0.0459 | 0.0383
Epoch 125/300, seasonal_0 Loss: 0.0458 | 0.0383
Epoch 126/300, seasonal_0 Loss: 0.0458 | 0.0384
Epoch 127/300, seasonal_0 Loss: 0.0458 | 0.0386
Epoch 128/300, seasonal_0 Loss: 0.0458 | 0.0387
Epoch 129/300, seasonal_0 Loss: 0.0457 | 0.0387
Epoch 130/300, seasonal_0 Loss: 0.0456 | 0.0386
Epoch 131/300, seasonal_0 Loss: 0.0454 | 0.0385
Epoch 132/300, seasonal_0 Loss: 0.0453 | 0.0384
Epoch 133/300, seasonal_0 Loss: 0.0453 | 0.0383
Epoch 134/300, seasonal_0 Loss: 0.0452 | 0.0383
Epoch 135/300, seasonal_0 Loss: 0.0452 | 0.0383
Epoch 136/300, seasonal_0 Loss: 0.0451 | 0.0383
Epoch 137/300, seasonal_0 Loss: 0.0450 | 0.0383
Epoch 138/300, seasonal_0 Loss: 0.0449 | 0.0384
Epoch 139/300, seasonal_0 Loss: 0.0448 | 0.0384
Epoch 140/300, seasonal_0 Loss: 0.0448 | 0.0384
Epoch 141/300, seasonal_0 Loss: 0.0447 | 0.0385
Epoch 142/300, seasonal_0 Loss: 0.0447 | 0.0385
Epoch 143/300, seasonal_0 Loss: 0.0446 | 0.0385
Epoch 144/300, seasonal_0 Loss: 0.0446 | 0.0385
Epoch 145/300, seasonal_0 Loss: 0.0445 | 0.0385
Epoch 146/300, seasonal_0 Loss: 0.0445 | 0.0385
Epoch 147/300, seasonal_0 Loss: 0.0444 | 0.0385
Epoch 148/300, seasonal_0 Loss: 0.0444 | 0.0385
Epoch 149/300, seasonal_0 Loss: 0.0443 | 0.0385
Epoch 150/300, seasonal_0 Loss: 0.0443 | 0.0385
Epoch 151/300, seasonal_0 Loss: 0.0442 | 0.0385
Epoch 152/300, seasonal_0 Loss: 0.0442 | 0.0385
Epoch 153/300, seasonal_0 Loss: 0.0441 | 0.0386
Epoch 154/300, seasonal_0 Loss: 0.0441 | 0.0386
Epoch 155/300, seasonal_0 Loss: 0.0440 | 0.0386
Epoch 156/300, seasonal_0 Loss: 0.0440 | 0.0386
Epoch 157/300, seasonal_0 Loss: 0.0440 | 0.0386
Epoch 158/300, seasonal_0 Loss: 0.0439 | 0.0386
Epoch 159/300, seasonal_0 Loss: 0.0439 | 0.0386
Epoch 160/300, seasonal_0 Loss: 0.0438 | 0.0386
Epoch 161/300, seasonal_0 Loss: 0.0438 | 0.0386
Epoch 162/300, seasonal_0 Loss: 0.0438 | 0.0386
Epoch 163/300, seasonal_0 Loss: 0.0437 | 0.0387
Epoch 164/300, seasonal_0 Loss: 0.0437 | 0.0387
Epoch 165/300, seasonal_0 Loss: 0.0437 | 0.0387
Epoch 166/300, seasonal_0 Loss: 0.0436 | 0.0387
Epoch 167/300, seasonal_0 Loss: 0.0436 | 0.0387
Epoch 168/300, seasonal_0 Loss: 0.0436 | 0.0387
Epoch 169/300, seasonal_0 Loss: 0.0435 | 0.0387
Epoch 170/300, seasonal_0 Loss: 0.0435 | 0.0387
Epoch 171/300, seasonal_0 Loss: 0.0435 | 0.0387
Epoch 172/300, seasonal_0 Loss: 0.0434 | 0.0387
Epoch 173/300, seasonal_0 Loss: 0.0434 | 0.0387
Epoch 174/300, seasonal_0 Loss: 0.0434 | 0.0387
Epoch 175/300, seasonal_0 Loss: 0.0434 | 0.0387
Epoch 176/300, seasonal_0 Loss: 0.0433 | 0.0387
Epoch 177/300, seasonal_0 Loss: 0.0433 | 0.0388
Epoch 178/300, seasonal_0 Loss: 0.0433 | 0.0388
Epoch 179/300, seasonal_0 Loss: 0.0433 | 0.0388
Epoch 180/300, seasonal_0 Loss: 0.0432 | 0.0388
Epoch 181/300, seasonal_0 Loss: 0.0432 | 0.0388
Epoch 182/300, seasonal_0 Loss: 0.0432 | 0.0388
Epoch 183/300, seasonal_0 Loss: 0.0432 | 0.0388
Epoch 184/300, seasonal_0 Loss: 0.0431 | 0.0388
Epoch 185/300, seasonal_0 Loss: 0.0431 | 0.0388
Epoch 186