[32m[I 2025-01-06 01:52:13,983][0m Trial 12 finished with value: 0.11650996621359479 and parameters: {'observation_period_num': 58, 'train_rates': 0.8633743340598594, 'learning_rate': 0.0008900674111146659, 'batch_size': 86, 'step_size': 6, 'gamma': 0.9177892438896748}. Best is trial 11 with value: 0.08006775788581412.[0m
[32m[I 2025-01-06 01:53:41,370][0m Trial 13 finished with value: 0.07649588584899902 and parameters: {'observation_period_num': 76, 'train_rates': 0.9764207700264177, 'learning_rate': 0.00033868772921632036, 'batch_size': 96, 'step_size': 7, 'gamma': 0.9378104759991253}. Best is trial 13 with value: 0.07649588584899902.[0m
[32m[I 2025-01-06 01:56:16,601][0m Trial 14 finished with value: 0.5273332730673722 and parameters: {'observation_period_num': 76, 'train_rates': 0.7401810494188387, 'learning_rate': 1.1005435288376311e-06, 'batch_size': 38, 'step_size': 7, 'gamma': 0.9278976606627789}. Best is trial 13 with value: 0.07649588584899902.[0m
[32m[I 2025-01-06 01:57:43,578][0m Trial 15 finished with value: 0.05481772869825363 and parameters: {'observation_period_num': 48, 'train_rates': 0.9848169833877873, 'learning_rate': 0.0002805967762039822, 'batch_size': 95, 'step_size': 7, 'gamma': 0.7513633290291137}. Best is trial 15 with value: 0.05481772869825363.[0m
[32m[I 2025-01-06 01:59:05,839][0m Trial 16 finished with value: 0.09738793224096298 and parameters: {'observation_period_num': 252, 'train_rates': 0.9844946906302741, 'learning_rate': 0.00024905985599150304, 'batch_size': 175, 'step_size': 8, 'gamma': 0.7640507038267559}. Best is trial 15 with value: 0.05481772869825363.[0m
[32m[I 2025-01-06 02:00:24,843][0m Trial 17 finished with value: 0.08587587883938914 and parameters: {'observation_period_num': 36, 'train_rates': 0.9212735686739771, 'learning_rate': 0.0002757668603111042, 'batch_size': 95, 'step_size': 11, 'gamma': 0.9549020078505541}. Best is trial 15 with value: 0.05481772869825363.[0m
[32m[I 2025-01-06 02:01:11,644][0m Trial 18 finished with value: 0.16261973932426046 and parameters: {'observation_period_num': 92, 'train_rates': 0.8719133695687988, 'learning_rate': 2.6080028561941262e-05, 'batch_size': 161, 'step_size': 8, 'gamma': 0.7517719287649876}. Best is trial 15 with value: 0.05481772869825363.[0m
[32m[I 2025-01-06 02:02:16,193][0m Trial 19 finished with value: 0.037963245525560546 and parameters: {'observation_period_num': 5, 'train_rates': 0.9618412792746778, 'learning_rate': 0.00015447313602095535, 'batch_size': 107, 'step_size': 12, 'gamma': 0.946818568263664}. Best is trial 19 with value: 0.037963245525560546.[0m
[32m[I 2025-01-06 02:03:09,154][0m Trial 20 finished with value: 0.05288521047024166 and parameters: {'observation_period_num': 40, 'train_rates': 0.9419243680865037, 'learning_rate': 0.00014234066402133032, 'batch_size': 146, 'step_size': 13, 'gamma': 0.7743857517181107}. Best is trial 19 with value: 0.037963245525560546.[0m
[32m[I 2025-01-06 02:03:53,828][0m Trial 21 finished with value: 0.03914688132814507 and parameters: {'observation_period_num': 6, 'train_rates': 0.9318760728112567, 'learning_rate': 0.00011560606508468381, 'batch_size': 153, 'step_size': 13, 'gamma': 0.7764738568436123}. Best is trial 19 with value: 0.037963245525560546.[0m
[32m[I 2025-01-06 02:04:40,355][0m Trial 22 finished with value: 0.04047089465496483 and parameters: {'observation_period_num': 7, 'train_rates': 0.9005033396429639, 'learning_rate': 0.0001368713660118135, 'batch_size': 155, 'step_size': 13, 'gamma': 0.7789413787364072}. Best is trial 19 with value: 0.037963245525560546.[0m
[32m[I 2025-01-06 02:05:21,765][0m Trial 23 finished with value: 0.059251331051604614 and parameters: {'observation_period_num': 5, 'train_rates': 0.9024543724393647, 'learning_rate': 5.4864681380309084e-05, 'batch_size': 217, 'step_size': 12, 'gamma': 0.7873795100365418}. Best is trial 19 with value: 0.037963245525560546.[0m
[32m[I 2025-01-06 02:06:03,569][0m Trial 24 finished with value: 0.05759982640544573 and parameters: {'observation_period_num': 11, 'train_rates': 0.8389667690954462, 'learning_rate': 4.232649473031538e-05, 'batch_size': 158, 'step_size': 13, 'gamma': 0.8309974885782107}. Best is trial 19 with value: 0.037963245525560546.[0m
[32m[I 2025-01-06 02:06:45,396][0m Trial 25 finished with value: 0.09183968526269326 and parameters: {'observation_period_num': 29, 'train_rates': 0.9012329976100706, 'learning_rate': 1.614323276639167e-05, 'batch_size': 195, 'step_size': 11, 'gamma': 0.8757961829120667}. Best is trial 19 with value: 0.037963245525560546.[0m
[32m[I 2025-01-06 02:07:42,830][0m Trial 26 finished with value: 0.03858815289877512 and parameters: {'observation_period_num': 7, 'train_rates': 0.9515440867235601, 'learning_rate': 0.00013060638366718254, 'batch_size': 114, 'step_size': 14, 'gamma': 0.827352462308683}. Best is trial 19 with value: 0.037963245525560546.[0m
[32m[I 2025-01-06 02:08:34,462][0m Trial 27 finished with value: 0.08611257471468138 and parameters: {'observation_period_num': 95, 'train_rates': 0.9520002219031366, 'learning_rate': 9.629483467248282e-05, 'batch_size': 124, 'step_size': 15, 'gamma': 0.8275237387243745}. Best is trial 19 with value: 0.037963245525560546.[0m
[32m[I 2025-01-06 02:09:38,483][0m Trial 28 finished with value: 0.0551494714605996 and parameters: {'observation_period_num': 46, 'train_rates': 0.9563958368290119, 'learning_rate': 0.0001580481312423366, 'batch_size': 115, 'step_size': 10, 'gamma': 0.8909652308803405}. Best is trial 19 with value: 0.037963245525560546.[0m
[32m[I 2025-01-06 02:11:33,822][0m Trial 29 finished with value: 0.05179063991514805 and parameters: {'observation_period_num': 27, 'train_rates': 0.8540006362470982, 'learning_rate': 1.4175481467824752e-05, 'batch_size': 52, 'step_size': 14, 'gamma': 0.8596286686227097}. Best is trial 19 with value: 0.037963245525560546.[0m
[32m[I 2025-01-06 02:13:04,227][0m Trial 30 finished with value: 0.3685604765454763 and parameters: {'observation_period_num': 151, 'train_rates': 0.9140500919241477, 'learning_rate': 2.335321895099412e-06, 'batch_size': 79, 'step_size': 14, 'gamma': 0.8139237553691867}. Best is trial 19 with value: 0.037963245525560546.[0m
[32m[I 2025-01-06 02:14:11,909][0m Trial 31 finished with value: 0.03979173799355825 and parameters: {'observation_period_num': 8, 'train_rates': 0.8961236361611342, 'learning_rate': 0.00012469767195885905, 'batch_size': 150, 'step_size': 13, 'gamma': 0.7917361619875137}. Best is trial 19 with value: 0.037963245525560546.[0m
[32m[I 2025-01-06 02:15:11,572][0m Trial 32 finished with value: 0.05969376489520073 and parameters: {'observation_period_num': 24, 'train_rates': 0.9588967204276643, 'learning_rate': 3.9589870258265614e-05, 'batch_size': 141, 'step_size': 12, 'gamma': 0.788678134985288}. Best is trial 19 with value: 0.037963245525560546.[0m
[32m[I 2025-01-06 02:16:17,254][0m Trial 33 finished with value: 0.04173955626007336 and parameters: {'observation_period_num': 5, 'train_rates': 0.8864534318139273, 'learning_rate': 8.751493292850412e-05, 'batch_size': 109, 'step_size': 15, 'gamma': 0.8443464987776694}. Best is trial 19 with value: 0.037963245525560546.[0m
[32m[I 2025-01-06 02:17:18,958][0m Trial 34 finished with value: 0.03561878987196563 and parameters: {'observation_period_num': 23, 'train_rates': 0.9296033310502639, 'learning_rate': 0.00046679806566110376, 'batch_size': 173, 'step_size': 11, 'gamma': 0.796698539951921}. Best is trial 34 with value: 0.03561878987196563.[0m
[32m[I 2025-01-06 02:18:03,652][0m Trial 35 finished with value: 0.03574174915750821 and parameters: {'observation_period_num': 25, 'train_rates': 0.93341357481924, 'learning_rate': 0.0005289835653780507, 'batch_size': 172, 'step_size': 11, 'gamma': 0.8150677735360563}. Best is trial 34 with value: 0.03561878987196563.[0m
[32m[I 2025-01-06 02:18:43,731][0m Trial 36 finished with value: 0.054919809103012085 and parameters: {'observation_period_num': 52, 'train_rates': 0.9520070213995481, 'learning_rate': 0.0005110156762055463, 'batch_size': 175, 'step_size': 10, 'gamma': 0.8348378424503939}. Best is trial 34 with value: 0.03561878987196563.[0m
[32m[I 2025-01-06 02:19:15,077][0m Trial 37 finished with value: 0.16392218726205415 and parameters: {'observation_period_num': 30, 'train_rates': 0.722038982649702, 'learning_rate': 0.00041670090068343847, 'batch_size': 222, 'step_size': 11, 'gamma': 0.8140317172776007}. Best is trial 34 with value: 0.03561878987196563.[0m
[32m[I 2025-01-06 02:19:51,963][0m Trial 38 finished with value: 0.03592837389534826 and parameters: {'observation_period_num': 23, 'train_rates': 0.8391916156086909, 'learning_rate': 0.0006471054543605922, 'batch_size': 203, 'step_size': 9, 'gamma': 0.8648515672527227}. Best is trial 34 with value: 0.03561878987196563.[0m
[32m[I 2025-01-06 02:20:26,743][0m Trial 39 finished with value: 0.07344653402775708 and parameters: {'observation_period_num': 99, 'train_rates': 0.8278805481727085, 'learning_rate': 0.0007219413625111319, 'batch_size': 210, 'step_size': 9, 'gamma': 0.8635343512750392}. Best is trial 34 with value: 0.03561878987196563.[0m
[32m[I 2025-01-06 02:21:01,290][0m Trial 40 finished with value: 0.06664589050010002 and parameters: {'observation_period_num': 63, 'train_rates': 0.80012313767602, 'learning_rate': 0.0009823917709808649, 'batch_size': 202, 'step_size': 9, 'gamma': 0.8845926630150597}. Best is trial 34 with value: 0.03561878987196563.[0m
[32m[I 2025-01-06 02:21:33,958][0m Trial 41 finished with value: 0.17877751420582494 and parameters: {'observation_period_num': 21, 'train_rates': 0.7672788080227559, 'learning_rate': 0.000209167758532334, 'batch_size': 236, 'step_size': 11, 'gamma': 0.8526429249921263}. Best is trial 34 with value: 0.03561878987196563.[0m
[32m[I 2025-01-06 02:22:14,535][0m Trial 42 finished with value: 0.05394770950078964 and parameters: {'observation_period_num': 38, 'train_rates': 0.9687405406374853, 'learning_rate': 0.0004216775658518173, 'batch_size': 183, 'step_size': 12, 'gamma': 0.8420477089285147}. Best is trial 34 with value: 0.03561878987196563.[0m
[32m[I 2025-01-06 02:22:56,307][0m Trial 43 finished with value: 0.03367915915118323 and parameters: {'observation_period_num': 21, 'train_rates': 0.9356428297728092, 'learning_rate': 0.0005821071483316139, 'batch_size': 168, 'step_size': 10, 'gamma': 0.812829420808725}. Best is trial 43 with value: 0.03367915915118323.[0m
[32m[I 2025-01-06 02:23:36,357][0m Trial 44 finished with value: 0.03607094569786175 and parameters: {'observation_period_num': 19, 'train_rates': 0.9243065759516079, 'learning_rate': 0.0005424246020869323, 'batch_size': 171, 'step_size': 10, 'gamma': 0.9757022417417109}. Best is trial 43 with value: 0.03367915915118323.[0m
[32m[I 2025-01-06 02:24:15,359][0m Trial 45 finished with value: 0.04317301407331702 and parameters: {'observation_period_num': 20, 'train_rates': 0.918498107263348, 'learning_rate': 0.0006410808200819412, 'batch_size': 187, 'step_size': 10, 'gamma': 0.9770994859551505}. Best is trial 43 with value: 0.03367915915118323.[0m
[32m[I 2025-01-06 02:24:53,262][0m Trial 46 finished with value: 0.0714236757882127 and parameters: {'observation_period_num': 56, 'train_rates': 0.8490971134570106, 'learning_rate': 0.0003659845628177146, 'batch_size': 168, 'step_size': 9, 'gamma': 0.9005865001907681}. Best is trial 43 with value: 0.03367915915118323.[0m
[32m[I 2025-01-06 02:25:22,446][0m Trial 47 finished with value: 0.18072982987290934 and parameters: {'observation_period_num': 69, 'train_rates': 0.6047704711252546, 'learning_rate': 0.0005725360868433663, 'batch_size': 198, 'step_size': 9, 'gamma': 0.8006048956729168}. Best is trial 43 with value: 0.03367915915118323.[0m
[32m[I 2025-01-06 02:25:56,978][0m Trial 48 finished with value: 0.06278644874691963 and parameters: {'observation_period_num': 82, 'train_rates': 0.8782578154986567, 'learning_rate': 0.0009701479039579487, 'batch_size': 238, 'step_size': 10, 'gamma': 0.8144522252652747}. Best is trial 43 with value: 0.03367915915118323.[0m
