[32m[I 2025-01-15 22:37:13,992][0m Trial 12 finished with value: 0.025912314653396606 and parameters: {'observation_period_num': 17, 'train_rates': 0.9832087497380703, 'learning_rate': 6.36255218821566e-05, 'batch_size': 250, 'step_size': 15, 'gamma': 0.8458750561499447}. Best is trial 12 with value: 0.025912314653396606.[0m
[32m[I 2025-01-15 22:37:37,612][0m Trial 13 finished with value: 0.04674769937992096 and parameters: {'observation_period_num': 11, 'train_rates': 0.9158374007758303, 'learning_rate': 2.3014271164668468e-05, 'batch_size': 252, 'step_size': 15, 'gamma': 0.833037633745421}. Best is trial 12 with value: 0.025912314653396606.[0m
[32m[I 2025-01-15 22:38:05,202][0m Trial 14 finished with value: 0.11345365643501282 and parameters: {'observation_period_num': 54, 'train_rates': 0.9294316364934018, 'learning_rate': 0.00012268856943440653, 'batch_size': 217, 'step_size': 12, 'gamma': 0.7528151983044274}. Best is trial 12 with value: 0.025912314653396606.[0m
[32m[I 2025-01-15 22:38:58,672][0m Trial 15 finished with value: 0.03984503448009491 and parameters: {'observation_period_num': 50, 'train_rates': 0.981877785844605, 'learning_rate': 3.359554057421451e-05, 'batch_size': 112, 'step_size': 10, 'gamma': 0.8522394182694008}. Best is trial 12 with value: 0.025912314653396606.[0m
[32m[I 2025-01-15 22:39:24,376][0m Trial 16 finished with value: 0.3300452824536856 and parameters: {'observation_period_num': 141, 'train_rates': 0.9181744546331662, 'learning_rate': 1.789605615865944e-05, 'batch_size': 225, 'step_size': 15, 'gamma': 0.8213300926472983}. Best is trial 12 with value: 0.025912314653396606.[0m
[32m[I 2025-01-15 22:39:51,762][0m Trial 17 finished with value: 0.02451073547973879 and parameters: {'observation_period_num': 5, 'train_rates': 0.7116024337500784, 'learning_rate': 0.00017470932278688936, 'batch_size': 184, 'step_size': 7, 'gamma': 0.8696775705587839}. Best is trial 17 with value: 0.02451073547973879.[0m
[32m[I 2025-01-15 22:40:19,127][0m Trial 18 finished with value: 0.03833411627254167 and parameters: {'observation_period_num': 36, 'train_rates': 0.7056652955341967, 'learning_rate': 0.00026622057596144754, 'batch_size': 173, 'step_size': 7, 'gamma': 0.873449333536056}. Best is trial 17 with value: 0.02451073547973879.[0m
[32m[I 2025-01-15 22:40:59,232][0m Trial 19 finished with value: 0.1497436340719987 and parameters: {'observation_period_num': 67, 'train_rates': 0.7253910295029076, 'learning_rate': 5.191439364025205e-05, 'batch_size': 122, 'step_size': 5, 'gamma': 0.9060411930253378}. Best is trial 17 with value: 0.02451073547973879.[0m
[32m[I 2025-01-15 22:41:18,090][0m Trial 20 finished with value: 0.23353563735419292 and parameters: {'observation_period_num': 247, 'train_rates': 0.6122131301123939, 'learning_rate': 0.0009469430944764799, 'batch_size': 222, 'step_size': 8, 'gamma': 0.8634851952983292}. Best is trial 17 with value: 0.02451073547973879.[0m
[32m[I 2025-01-15 22:41:43,729][0m Trial 21 finished with value: 0.03717754781246185 and parameters: {'observation_period_num': 8, 'train_rates': 0.9449381877487539, 'learning_rate': 0.00013841773450047718, 'batch_size': 235, 'step_size': 13, 'gamma': 0.8283861027141152}. Best is trial 17 with value: 0.02451073547973879.[0m
[32m[I 2025-01-15 22:42:13,426][0m Trial 22 finished with value: 0.04523976761605832 and parameters: {'observation_period_num': 31, 'train_rates': 0.8686299834551371, 'learning_rate': 6.859671086690026e-05, 'batch_size': 195, 'step_size': 11, 'gamma': 0.8487811890676932}. Best is trial 17 with value: 0.02451073547973879.[0m
[32m[I 2025-01-15 22:42:33,984][0m Trial 23 finished with value: 0.02761235027007325 and parameters: {'observation_period_num': 10, 'train_rates': 0.7433980149819244, 'learning_rate': 0.00017700421030939344, 'batch_size': 250, 'step_size': 5, 'gamma': 0.8995905239353126}. Best is trial 17 with value: 0.02451073547973879.[0m
[32m[I 2025-01-15 22:43:01,902][0m Trial 24 finished with value: 0.12164614026877969 and parameters: {'observation_period_num': 71, 'train_rates': 0.7409692653516277, 'learning_rate': 0.0001897277508608333, 'batch_size': 180, 'step_size': 5, 'gamma': 0.9019905551531547}. Best is trial 17 with value: 0.02451073547973879.[0m
[32m[I 2025-01-15 22:43:25,291][0m Trial 25 finished with value: 0.03171035836625935 and parameters: {'observation_period_num': 27, 'train_rates': 0.6787590011435418, 'learning_rate': 0.0004083460977933558, 'batch_size': 205, 'step_size': 6, 'gamma': 0.9228535203431605}. Best is trial 17 with value: 0.02451073547973879.[0m
[32m[I 2025-01-15 22:43:46,014][0m Trial 26 finished with value: 0.18525875410643117 and parameters: {'observation_period_num': 116, 'train_rates': 0.744731742841161, 'learning_rate': 3.553570357058229e-05, 'batch_size': 237, 'step_size': 4, 'gamma': 0.8746598550291254}. Best is trial 17 with value: 0.02451073547973879.[0m
[32m[I 2025-01-15 22:44:21,065][0m Trial 27 finished with value: 0.1572486133924846 and parameters: {'observation_period_num': 59, 'train_rates': 0.8299714191185463, 'learning_rate': 1.496161305310486e-05, 'batch_size': 153, 'step_size': 8, 'gamma': 0.9497040620003643}. Best is trial 17 with value: 0.02451073547973879.[0m
[32m[I 2025-01-15 22:44:45,551][0m Trial 28 finished with value: 0.03421845792448842 and parameters: {'observation_period_num': 28, 'train_rates': 0.7847418306215979, 'learning_rate': 0.00015656536606161754, 'batch_size': 214, 'step_size': 7, 'gamma': 0.9068904144880258}. Best is trial 17 with value: 0.02451073547973879.[0m
[32m[I 2025-01-15 22:45:11,208][0m Trial 29 finished with value: 0.07670917213727266 and parameters: {'observation_period_num': 6, 'train_rates': 0.6694916853200465, 'learning_rate': 4.314925752221447e-06, 'batch_size': 184, 'step_size': 9, 'gamma': 0.8175895109352921}. Best is trial 17 with value: 0.02451073547973879.[0m
[32m[I 2025-01-15 22:45:31,752][0m Trial 30 finished with value: 0.12423794769815036 and parameters: {'observation_period_num': 85, 'train_rates': 0.7123922408846288, 'learning_rate': 0.00026912024643774827, 'batch_size': 234, 'step_size': 10, 'gamma': 0.8046812812353596}. Best is trial 17 with value: 0.02451073547973879.[0m
[32m[I 2025-01-15 22:45:56,279][0m Trial 31 finished with value: 0.04031200706958771 and parameters: {'observation_period_num': 7, 'train_rates': 0.9550362111434864, 'learning_rate': 9.381444075537121e-05, 'batch_size': 251, 'step_size': 14, 'gamma': 0.8612498910151817}. Best is trial 17 with value: 0.02451073547973879.[0m
[32m[I 2025-01-15 22:46:19,595][0m Trial 32 finished with value: 0.11892109355636385 and parameters: {'observation_period_num': 43, 'train_rates': 0.8965595948554985, 'learning_rate': 5.2310536132648516e-05, 'batch_size': 239, 'step_size': 6, 'gamma': 0.8364150585017046}. Best is trial 17 with value: 0.02451073547973879.[0m
[32m[I 2025-01-15 22:46:41,116][0m Trial 33 finished with value: 0.033448930015904946 and parameters: {'observation_period_num': 25, 'train_rates': 0.8487741198333834, 'learning_rate': 8.735826460094094e-05, 'batch_size': 254, 'step_size': 14, 'gamma': 0.8870269685547661}. Best is trial 17 with value: 0.02451073547973879.[0m
[32m[I 2025-01-15 22:47:05,824][0m Trial 34 finished with value: 0.10988507897867633 and parameters: {'observation_period_num': 43, 'train_rates': 0.7625090363199196, 'learning_rate': 4.982736133068767e-05, 'batch_size': 204, 'step_size': 4, 'gamma': 0.8696212384970429}. Best is trial 17 with value: 0.02451073547973879.[0m
[32m[I 2025-01-15 22:47:30,359][0m Trial 35 finished with value: 0.03094634284791739 and parameters: {'observation_period_num': 20, 'train_rates': 0.804452253824489, 'learning_rate': 0.00012037363231634091, 'batch_size': 226, 'step_size': 9, 'gamma': 0.843050675325678}. Best is trial 17 with value: 0.02451073547973879.[0m
[32m[I 2025-01-15 22:50:51,214][0m Trial 36 finished with value: 0.12461827960127818 and parameters: {'observation_period_num': 176, 'train_rates': 0.7347478003728708, 'learning_rate': 0.0005352051394047181, 'batch_size': 22, 'step_size': 6, 'gamma': 0.9424229829589316}. Best is trial 17 with value: 0.02451073547973879.[0m
[32m[I 2025-01-15 22:51:34,357][0m Trial 37 finished with value: 0.03726907819509506 and parameters: {'observation_period_num': 38, 'train_rates': 0.9899051526698028, 'learning_rate': 0.00029699586052617954, 'batch_size': 141, 'step_size': 13, 'gamma': 0.8973795128803198}. Best is trial 17 with value: 0.02451073547973879.[0m
[32m[I 2025-01-15 22:51:58,026][0m Trial 38 finished with value: 0.1518594916562333 and parameters: {'observation_period_num': 61, 'train_rates': 0.6336239651127772, 'learning_rate': 1.043984212211256e-05, 'batch_size': 193, 'step_size': 12, 'gamma': 0.915259586033001}. Best is trial 17 with value: 0.02451073547973879.[0m
[32m[I 2025-01-15 22:52:22,422][0m Trial 39 finished with value: 0.0315351667781393 and parameters: {'observation_period_num': 18, 'train_rates': 0.756810910517422, 'learning_rate': 7.021738750980144e-05, 'batch_size': 210, 'step_size': 15, 'gamma': 0.8072718495699553}. Best is trial 17 with value: 0.02451073547973879.[0m
[32m[I 2025-01-15 22:53:09,652][0m Trial 40 finished with value: 0.02335160418708877 and parameters: {'observation_period_num': 5, 'train_rates': 0.6945937657024037, 'learning_rate': 0.00020960979923462944, 'batch_size': 99, 'step_size': 4, 'gamma': 0.8569383345310951}. Best is trial 40 with value: 0.02335160418708877.[0m
[32m[I 2025-01-15 22:53:52,904][0m Trial 41 finished with value: 0.029687987455496938 and parameters: {'observation_period_num': 17, 'train_rates': 0.6987142741328941, 'learning_rate': 0.00019598989376878908, 'batch_size': 110, 'step_size': 3, 'gamma': 0.8809561268485778}. Best is trial 40 with value: 0.02335160418708877.[0m
[32m[I 2025-01-15 22:54:49,429][0m Trial 42 finished with value: 0.039120228699019335 and parameters: {'observation_period_num': 33, 'train_rates': 0.6817815909756992, 'learning_rate': 0.0003101913035500709, 'batch_size': 81, 'step_size': 3, 'gamma': 0.8563166282692877}. Best is trial 40 with value: 0.02335160418708877.[0m
[32m[I 2025-01-15 22:55:08,836][0m Trial 43 finished with value: 0.04626903881163494 and parameters: {'observation_period_num': 47, 'train_rates': 0.6518159445026319, 'learning_rate': 0.0005788575025472835, 'batch_size': 244, 'step_size': 4, 'gamma': 0.8868464080803606}. Best is trial 40 with value: 0.02335160418708877.[0m
[32m[I 2025-01-15 22:55:48,496][0m Trial 44 finished with value: 0.026007840652828632 and parameters: {'observation_period_num': 8, 'train_rates': 0.7192982825538212, 'learning_rate': 9.941185604941053e-05, 'batch_size': 123, 'step_size': 6, 'gamma': 0.858843478139965}. Best is trial 40 with value: 0.02335160418708877.[0m
[32m[I 2025-01-15 22:56:41,973][0m Trial 45 finished with value: 0.023929382343430165 and parameters: {'observation_period_num': 5, 'train_rates': 0.712990136711213, 'learning_rate': 0.00016628522389493334, 'batch_size': 91, 'step_size': 7, 'gamma': 0.9345219935284017}. Best is trial 40 with value: 0.02335160418708877.[0m
[32m[I 2025-01-15 22:57:29,373][0m Trial 46 finished with value: 0.023513320183276006 and parameters: {'observation_period_num': 5, 'train_rates': 0.712959131875994, 'learning_rate': 0.00011457138002558779, 'batch_size': 103, 'step_size': 7, 'gamma': 0.9665193408434422}. Best is trial 40 with value: 0.02335160418708877.[0m
[32m[I 2025-01-15 22:58:16,929][0m Trial 47 finished with value: 0.02837329795214836 and parameters: {'observation_period_num': 23, 'train_rates': 0.6906494026415683, 'learning_rate': 3.8737306189761234e-05, 'batch_size': 100, 'step_size': 8, 'gamma': 0.9777759191332589}. Best is trial 40 with value: 0.02335160418708877.[0m
[32m[I 2025-01-15 22:59:26,247][0m Trial 48 finished with value: 0.17702751874895023 and parameters: {'observation_period_num': 126, 'train_rates': 0.6331332642945271, 'learning_rate': 2.6371260935687596e-05, 'batch_size': 60, 'step_size': 7, 'gamma': 0.964803603233364}. Best is trial 40 with value: 0.02335160418708877.[0m
[32m[I 2025-01-15 23:00:13,996][0m Trial 49 finished with value: 0.19533960038085574 and parameters: {'observation_period_num': 88, 'train_rates': 0.6620823099281447, 'learning_rate': 0.0002238943053533541, 'batch_size': 91, 'step_size': 10, 'gamma': 0.987348404806976}. Best is trial 40 with value: 0.02335160418708877.[0m
[208.30966]
[-0.20258075]
[0.7477574]
[7.0914006]
[3.1451404]
[9.083445]
/home2/y2021/k2110261/.conda/envs/tensorflow/lib/python3.11/site-packages/sklearn/metrics/_regression.py:1266: UndefinedMetricWarning: R^2 score is not well-defined with less than two samples.
  warnings.warn(msg, UndefinedMetricWarning)
MSE: 209.5302191413939
RMSE: 14.47515869140625
MAE: 14.47515869140625
R-squared: nan
[228.17484]
