[32m[I 2025-01-15 20:41:26,611][0m Trial 47 finished with value: 0.022533163962190815 and parameters: {'observation_period_num': 45, 'train_rates': 0.7986899239557215, 'learning_rate': 0.0003777603942857898, 'batch_size': 63, 'step_size': 12, 'gamma': 0.9115930828902077}. Best is trial 13 with value: 0.00040141496199360457.[0m
[32m[I 2025-01-15 20:44:17,105][0m Trial 48 finished with value: 0.011652072309924846 and parameters: {'observation_period_num': 26, 'train_rates': 0.9029034776104413, 'learning_rate': 4.517410222939495e-05, 'batch_size': 32, 'step_size': 11, 'gamma': 0.987123113735726}. Best is trial 13 with value: 0.00040141496199360457.[0m
[32m[I 2025-01-15 20:44:56,600][0m Trial 49 finished with value: 0.0019671870233101208 and parameters: {'observation_period_num': 80, 'train_rates': 0.9404802632584267, 'learning_rate': 0.0009763838745228088, 'batch_size': 148, 'step_size': 14, 'gamma': 0.7566935798892886}. Best is trial 13 with value: 0.00040141496199360457.[0m
[32m[I 2025-01-15 20:44:56,606][0m A new study created in memory with name: no-name-3b8fe34b-d691-40d6-9a93-f598c7574eb3[0m
[32m[I 2025-01-15 20:45:42,630][0m Trial 0 finished with value: 0.012884931712919339 and parameters: {'observation_period_num': 173, 'train_rates': 0.652412985694069, 'learning_rate': 0.00029604638365271626, 'batch_size': 94, 'step_size': 11, 'gamma': 0.8967495041463895}. Best is trial 0 with value: 0.012884931712919339.[0m
[32m[I 2025-01-15 20:46:25,301][0m Trial 1 finished with value: 0.02314028385371419 and parameters: {'observation_period_num': 138, 'train_rates': 0.8590396593976566, 'learning_rate': 1.8755439489553883e-05, 'batch_size': 124, 'step_size': 11, 'gamma': 0.8869905260500446}. Best is trial 0 with value: 0.012884931712919339.[0m
[32m[I 2025-01-15 20:46:56,668][0m Trial 2 finished with value: 0.23549193143844604 and parameters: {'observation_period_num': 166, 'train_rates': 0.941141947574254, 'learning_rate': 1.28842855937602e-06, 'batch_size': 183, 'step_size': 5, 'gamma': 0.9311232337734618}. Best is trial 0 with value: 0.012884931712919339.[0m
[32m[I 2025-01-15 20:47:17,221][0m Trial 3 finished with value: 0.3724689654520024 and parameters: {'observation_period_num': 112, 'train_rates': 0.7414332713103724, 'learning_rate': 3.841846083549282e-06, 'batch_size': 196, 'step_size': 2, 'gamma': 0.7847468653666081}. Best is trial 0 with value: 0.012884931712919339.[0m
[32m[I 2025-01-15 20:47:51,535][0m Trial 4 finished with value: 0.08804981514464977 and parameters: {'observation_period_num': 252, 'train_rates': 0.873006080965885, 'learning_rate': 4.411953284770597e-06, 'batch_size': 153, 'step_size': 15, 'gamma': 0.7605166016648139}. Best is trial 0 with value: 0.012884931712919339.[0m
[32m[I 2025-01-15 20:48:15,685][0m Trial 5 finished with value: 0.2219008058309555 and parameters: {'observation_period_num': 56, 'train_rates': 0.9424302023995983, 'learning_rate': 5.944630286746185e-06, 'batch_size': 217, 'step_size': 1, 'gamma': 0.8922155176644875}. Best is trial 0 with value: 0.012884931712919339.[0m
[32m[I 2025-01-15 20:48:40,130][0m Trial 6 finished with value: 0.01070835929848764 and parameters: {'observation_period_num': 233, 'train_rates': 0.7322176610168175, 'learning_rate': 0.00030011016902452183, 'batch_size': 193, 'step_size': 12, 'gamma': 0.8634345423201658}. Best is trial 6 with value: 0.01070835929848764.[0m
[32m[I 2025-01-15 20:49:09,675][0m Trial 7 finished with value: 0.01421221811324358 and parameters: {'observation_period_num': 196, 'train_rates': 0.9806639904367895, 'learning_rate': 0.0005688304459477539, 'batch_size': 200, 'step_size': 4, 'gamma': 0.7935999492004998}. Best is trial 6 with value: 0.01070835929848764.[0m
[32m[I 2025-01-15 20:50:58,040][0m Trial 8 finished with value: 0.2224031885051065 and parameters: {'observation_period_num': 238, 'train_rates': 0.7021997779234372, 'learning_rate': 1.760504047524457e-06, 'batch_size': 39, 'step_size': 3, 'gamma': 0.9515760321446787}. Best is trial 6 with value: 0.01070835929848764.[0m
[32m[I 2025-01-15 20:52:14,751][0m Trial 9 finished with value: 0.03173191274205844 and parameters: {'observation_period_num': 141, 'train_rates': 0.8935030777883246, 'learning_rate': 1.6973295378181493e-05, 'batch_size': 68, 'step_size': 11, 'gamma': 0.7849534617698156}. Best is trial 6 with value: 0.01070835929848764.[0m
[32m[I 2025-01-15 20:52:37,233][0m Trial 10 finished with value: 0.015932035286350912 and parameters: {'observation_period_num': 18, 'train_rates': 0.774907891680743, 'learning_rate': 9.251471850585211e-05, 'batch_size': 244, 'step_size': 15, 'gamma': 0.8415191661110254}. Best is trial 6 with value: 0.01070835929848764.[0m
[32m[I 2025-01-15 20:53:15,403][0m Trial 11 finished with value: 0.010679977587880916 and parameters: {'observation_period_num': 202, 'train_rates': 0.6039620856351682, 'learning_rate': 0.00048494552154207865, 'batch_size': 105, 'step_size': 10, 'gamma': 0.8478675174660131}. Best is trial 11 with value: 0.010679977587880916.[0m
[32m[I 2025-01-15 20:53:43,989][0m Trial 12 finished with value: 0.01699660429038292 and parameters: {'observation_period_num': 210, 'train_rates': 0.6036102226014022, 'learning_rate': 0.00014753745360619554, 'batch_size': 141, 'step_size': 8, 'gamma': 0.8509785576551389}. Best is trial 11 with value: 0.010679977587880916.[0m
[32m[I 2025-01-15 20:54:20,637][0m Trial 13 finished with value: 0.026046693307211054 and parameters: {'observation_period_num': 224, 'train_rates': 0.6657428901967474, 'learning_rate': 0.0009815720737852331, 'batch_size': 115, 'step_size': 8, 'gamma': 0.988326258710597}. Best is trial 11 with value: 0.010679977587880916.[0m
[32m[I 2025-01-15 20:54:47,054][0m Trial 14 finished with value: 0.02207707058740397 and parameters: {'observation_period_num': 195, 'train_rates': 0.6035746805658231, 'learning_rate': 5.553428937179946e-05, 'batch_size': 165, 'step_size': 13, 'gamma': 0.8316431280044129}. Best is trial 11 with value: 0.010679977587880916.[0m
[32m[I 2025-01-15 20:58:50,106][0m Trial 15 finished with value: 0.004148154478125795 and parameters: {'observation_period_num': 113, 'train_rates': 0.8141901671164431, 'learning_rate': 0.00023280440511770547, 'batch_size': 20, 'step_size': 9, 'gamma': 0.8166098251694287}. Best is trial 15 with value: 0.004148154478125795.[0m
[32m[I 2025-01-15 21:03:36,922][0m Trial 16 finished with value: 0.0019394821259848235 and parameters: {'observation_period_num': 102, 'train_rates': 0.815724791609916, 'learning_rate': 0.00019054313118973472, 'batch_size': 17, 'step_size': 6, 'gamma': 0.8153568721309807}. Best is trial 16 with value: 0.0019394821259848235.[0m
[32m[I 2025-01-15 21:08:22,589][0m Trial 17 finished with value: 0.003048717045340781 and parameters: {'observation_period_num': 90, 'train_rates': 0.806331735203813, 'learning_rate': 0.0001231905623537437, 'batch_size': 17, 'step_size': 6, 'gamma': 0.8065053421022033}. Best is trial 16 with value: 0.0019394821259848235.[0m
[32m[I 2025-01-15 21:09:47,527][0m Trial 18 finished with value: 0.029115831710945415 and parameters: {'observation_period_num': 76, 'train_rates': 0.8158737884306021, 'learning_rate': 3.9421929666994457e-05, 'batch_size': 60, 'step_size': 6, 'gamma': 0.7510846092983144}. Best is trial 16 with value: 0.0019394821259848235.[0m
[32m[I 2025-01-15 21:12:54,460][0m Trial 19 finished with value: 0.008443018778207455 and parameters: {'observation_period_num': 78, 'train_rates': 0.7878922080648854, 'learning_rate': 8.381174776674989e-05, 'batch_size': 26, 'step_size': 6, 'gamma': 0.8089288536716349}. Best is trial 16 with value: 0.0019394821259848235.[0m
[32m[I 2025-01-15 21:14:04,002][0m Trial 20 finished with value: 0.011771031084296467 and parameters: {'observation_period_num': 12, 'train_rates': 0.8455443375850048, 'learning_rate': 0.0001247516993441605, 'batch_size': 76, 'step_size': 7, 'gamma': 0.8171285434647612}. Best is trial 16 with value: 0.0019394821259848235.[0m
[32m[I 2025-01-15 21:17:46,109][0m Trial 21 finished with value: 0.0030921691700424203 and parameters: {'observation_period_num': 111, 'train_rates': 0.8112839995914529, 'learning_rate': 0.00021390966587957785, 'batch_size': 22, 'step_size': 9, 'gamma': 0.8152842092632767}. Best is trial 16 with value: 0.0019394821259848235.[0m
[32m[I 2025-01-15 21:19:31,572][0m Trial 22 finished with value: 0.011466448465662618 and parameters: {'observation_period_num': 95, 'train_rates': 0.7726361454398843, 'learning_rate': 0.00017805742360297303, 'batch_size': 46, 'step_size': 5, 'gamma': 0.76793904263331}. Best is trial 16 with value: 0.0019394821259848235.[0m
[32m[I 2025-01-15 21:23:33,720][0m Trial 23 finished with value: 0.010774851896400962 and parameters: {'observation_period_num': 48, 'train_rates': 0.8315491887035092, 'learning_rate': 5.375327514533059e-05, 'batch_size': 21, 'step_size': 7, 'gamma': 0.8071495562718398}. Best is trial 16 with value: 0.0019394821259848235.[0m
[32m[I 2025-01-15 21:25:29,164][0m Trial 24 finished with value: 0.003175347970580435 and parameters: {'observation_period_num': 119, 'train_rates': 0.8992382542433374, 'learning_rate': 0.00044296205424594636, 'batch_size': 46, 'step_size': 9, 'gamma': 0.8262477682628732}. Best is trial 16 with value: 0.0019394821259848235.[0m
[32m[I 2025-01-15 21:26:24,324][0m Trial 25 finished with value: 0.006180156895425171 and parameters: {'observation_period_num': 91, 'train_rates': 0.7434107952044124, 'learning_rate': 0.0009842147955172183, 'batch_size': 88, 'step_size': 4, 'gamma': 0.86923583961094}. Best is trial 16 with value: 0.0019394821259848235.[0m
[32m[I 2025-01-15 21:27:52,112][0m Trial 26 finished with value: 0.03585063766730928 and parameters: {'observation_period_num': 51, 'train_rates': 0.7904237302526735, 'learning_rate': 1.645950003201044e-05, 'batch_size': 56, 'step_size': 6, 'gamma': 0.792630881461127}. Best is trial 16 with value: 0.0019394821259848235.[0m
[32m[I 2025-01-15 21:30:20,353][0m Trial 27 finished with value: 0.006614715147373801 and parameters: {'observation_period_num': 149, 'train_rates': 0.8145632068353981, 'learning_rate': 9.499214994827277e-05, 'batch_size': 33, 'step_size': 8, 'gamma': 0.7743672290409077}. Best is trial 16 with value: 0.0019394821259848235.[0m
[32m[I 2025-01-15 21:35:25,919][0m Trial 28 finished with value: 0.0016800734924894512 and parameters: {'observation_period_num': 100, 'train_rates': 0.8822404383121435, 'learning_rate': 0.00019976290954532155, 'batch_size': 17, 'step_size': 9, 'gamma': 0.7991937111273678}. Best is trial 28 with value: 0.0016800734924894512.[0m
[32m[I 2025-01-15 21:36:24,574][0m Trial 29 finished with value: 0.011328660521000327 and parameters: {'observation_period_num': 31, 'train_rates': 0.8974308610022492, 'learning_rate': 0.0003236400719639859, 'batch_size': 97, 'step_size': 4, 'gamma': 0.9186512101558066}. Best is trial 28 with value: 0.0016800734924894512.[0m
[32m[I 2025-01-15 21:37:34,050][0m Trial 30 finished with value: 0.030954164537516506 and parameters: {'observation_period_num': 166, 'train_rates': 0.9292977717034191, 'learning_rate': 2.598410020045068e-05, 'batch_size': 78, 'step_size': 7, 'gamma': 0.8386617463338962}. Best is trial 28 with value: 0.0016800734924894512.[0m
[32m[I 2025-01-15 21:42:21,441][0m Trial 31 finished with value: 0.002080004532716327 and parameters: {'observation_period_num': 95, 'train_rates': 0.870017152087692, 'learning_rate': 0.00019182285807084189, 'batch_size': 18, 'step_size': 10, 'gamma': 0.8024772996888709}. Best is trial 28 with value: 0.0016800734924894512.[0m
[32m[I 2025-01-15 21:47:42,895][0m Trial 32 finished with value: 0.003471555846304513 and parameters: {'observation_period_num': 94, 'train_rates': 0.8669294071421451, 'learning_rate': 0.00014487669955573845, 'batch_size': 16, 'step_size': 13, 'gamma': 0.7987274691855333}. Best is trial 28 with value: 0.0016800734924894512.[0m
[32m[I 2025-01-15 21:49:38,613][0m Trial 33 finished with value: 0.010861091283809361 and parameters: {'observation_period_num': 68, 'train_rates': 0.843772385417098, 'learning_rate': 6.203891652535683e-05, 'batch_size': 45, 'step_size': 12, 'gamma': 0.7791577924339206}. Best is trial 28 with value: 0.0016800734924894512.[0m
[32m[I 2025-01-15 21:52:05,544][0m Trial 34 finished with value: 0.0037340578875457607 and parameters: {'observation_period_num': 134, 'train_rates': 0.8732278039732382, 'learning_rate': 0.00033912027694232253, 'batch_size': 35, 'step_size': 10, 'gamma': 0.8010127406810779}. Best is trial 28 with value: 0.0016800734924894512.[0m
[32m[I 2025-01-15 21:53:37,960][0m Trial 35 finished with value: 0.006637315718560583 and parameters: {'observation_period_num': 98, 'train_rates': 0.9244867094184837, 'learning_rate': 0.00023492736396584489, 'batch_size': 60, 'step_size': 10, 'gamma': 0.826092514312701}. Best is trial 28 with value: 0.0016800734924894512.[0m
[32m[I 2025-01-15 21:56:16,824][0m Trial 36 finished with value: 0.005098422275439493 and parameters: {'observation_period_num': 123, 'train_rates': 0.9732975850893086, 'learning_rate': 0.0006079271185972883, 'batch_size': 35, 'step_size': 5, 'gamma': 0.8595249105802731}. Best is trial 28 with value: 0.0016800734924894512.[0m
[32m[I 2025-01-15 21:57:42,913][0m Trial 37 finished with value: 0.03003864008525427 and parameters: {'observation_period_num': 153, 'train_rates': 0.7556881040711638, 'learning_rate': 3.222217647414552e-05, 'batch_size': 53, 'step_size': 8, 'gamma': 0.754221797673852}. Best is trial 28 with value: 0.0016800734924894512.[0m
[32m[I 2025-01-15 22:00:10,249][0m Trial 38 finished with value: 0.11010765609582954 and parameters: {'observation_period_num': 68, 'train_rates': 0.7154170454368951, 'learning_rate': 9.968001024226074e-06, 'batch_size': 31, 'step_size': 5, 'gamma': 0.8804663996228514}. Best is trial 28 with value: 0.0016800734924894512.[0m
[32m[I 2025-01-15 22:00:50,646][0m Trial 39 finished with value: 0.029897397669278552 and parameters: {'observation_period_num': 105, 'train_rates': 0.8490548059070525, 'learning_rate': 0.00011188980243011064, 'batch_size': 128, 'step_size': 3, 'gamma': 0.7698453237948126}. Best is trial 28 with value: 0.0016800734924894512.[0m
[32m[I 2025-01-15 22:02:08,098][0m Trial 40 finished with value: 0.011468559841979557 and parameters: {'observation_period_num': 86, 'train_rates': 0.8764605070168259, 'learning_rate': 7.228551252818168e-05, 'batch_size': 68, 'step_size': 11, 'gamma': 0.7909770401367066}. Best is trial 28 with value: 0.0016800734924894512.[0m
[32m[I 2025-01-15 22:06:41,011][0m Trial 41 finished with value: 0.005527310193421439 and parameters: {'observation_period_num': 129, 'train_rates': 0.8298899151301975, 'learning_rate': 0.0002000415953121979, 'batch_size': 18, 'step_size': 9, 'gamma': 0.8162686249104335}. Best is trial 28 with value: 0.0016800734924894512.[0m
[32m[I 2025-01-15 22:09:35,018][0m Trial 42 finished with value: 0.008845091456363738 and parameters: {'observation_period_num': 111, 'train_rates': 0.8006166234420344, 'learning_rate': 0.0002638757565243676, 'batch_size': 28, 'step_size': 9, 'gamma': 0.8075431964490055}. Best is trial 28 with value: 0.0016800734924894512.[0m
[32m[I 2025-01-15 22:11:34,943][0m Trial 43 finished with value: 0.004568042096132076 and parameters: {'observation_period_num': 81, 'train_rates': 0.8268597855625944, 'learning_rate': 0.0003956542079349692, 'batch_size': 42, 'step_size': 7, 'gamma': 0.8332954893323836}. Best is trial 28 with value: 0.0016800734924894512.[0m
[32m[I 2025-01-15 22:17:03,274][0m Trial 44 finished with value: 1.0135558254523964 and parameters: {'observation_period_num': 103, 'train_rates': 0.9100993099231643, 'learning_rate': 0.0006573384355937006, 'batch_size': 16, 'step_size': 12, 'gamma': 0.7841366427211793}. Best is trial 28 with value: 0.0016800734924894512.[0m
[32m[I 2025-01-15 22:19:54,405][0m Trial 45 finished with value: 0.003985690164633773 and parameters: {'observation_period_num': 63, 'train_rates': 0.8823008928051175, 'learning_rate': 0.00015390688376043144, 'batch_size': 31, 'step_size': 10, 'gamma': 0.8197784444158371}. Best is trial 28 with value: 0.0016800734924894512.[0m
[32m[I 2025-01-15 22:20:18,033][0m Trial 46 finished with value: 0.07167399645583823 and parameters: {'observation_period_num': 37, 'train_rates': 0.7629889363185767, 'learning_rate': 0.0001876797397378854, 'batch_size': 220, 'step_size': 1, 'gamma': 0.8557257994249704}. Best is trial 28 with value: 0.0016800734924894512.[0m
[32m[I 2025-01-15 22:21:54,911][0m Trial 47 finished with value: 0.017537365940917364 and parameters: {'observation_period_num': 117, 'train_rates': 0.8527403990299556, 'learning_rate': 0.00027022591835686334, 'batch_size': 53, 'step_size': 6, 'gamma': 0.9120353635927364}. Best is trial 28 with value: 0.0016800734924894512.[0m
[32m[I 2025-01-15 22:24:08,554][0m Trial 48 finished with value: 0.00937902049904843 and parameters: {'observation_period_num': 144, 'train_rates': 0.9612986310019895, 'learning_rate': 4.5064077995308604e-05, 'batch_size': 41, 'step_size': 8, 'gamma': 0.8466410440913028}. Best is trial 28 with value: 0.0016800734924894512.[0m
[32m[I 2025-01-15 22:25:21,447][0m Trial 49 finished with value: 0.008341019228100776 and parameters: {'observation_period_num': 129, 'train_rates': 0.7985909951689295, 'learning_rate': 0.00011979840092181606, 'batch_size': 67, 'step_size': 9, 'gamma': 0.8020073375120633}. Best is trial 28 with value: 0.0016800734924894512.[0m
[32m[I 2025-01-15 22:25:21,452][0m A new study created in memory with name: no-name-4e03342e-4a75-46f4-8913-28a30e6e1183[0m
[32m[I 2025-01-15 22:27:20,698][0m Trial 0 finished with value: 0.36180373676994493 and parameters: {'observation_period_num': 172, 'train_rates': 0.856210129325808, 'learning_rate': 2.0391421739465907e-06, 'batch_size': 42, 'step_size': 9, 'gamma': 0.8064343472615364}. Best is trial 0 with value: 0.36180373676994493.[0m
[32m[I 2025-01-15 22:27:46,055][0m Trial 1 finished with value: 0.14832461750364467 and parameters: {'observation_period_num': 97, 'train_rates': 0.6938892716572986, 'learning_rate': 5.85504363630615e-05, 'batch_size': 195, 'step_size': 7, 'gamma': 0.9527909041837358}. Best is trial 1 with value: 0.14832461750364467.[0m
[32m[I 2025-01-15 22:28:12,633][0m Trial 2 finished with value: 0.21665513044909426 and parameters: {'observation_period_num': 41, 'train_rates': 0.8046491415433041, 'learning_rate': 1.6952153846877914e-06, 'batch_size': 198, 'step_size': 11, 'gamma': 0.8916466385644497}. Best is trial 1 with value: 0.14832461750364467.[0m
[32m[I 2025-01-15 22:28:44,724][0m Trial 3 finished with value: 0.1985036172998061 and parameters: {'observation_period_num': 158, 'train_rates': 0.7665709306521261, 'learning_rate': 8.538303512029283e-06, 'batch_size': 150, 'step_size': 5, 'gamma': 0.9739203757379418}. Best is trial 1 with value: 0.14832461750364467.[0m
[32m[I 2025-01-15 22:30:01,692][0m Trial 4 finished with value: 0.14393807606182288 and parameters: {'observation_period_num': 219, 'train_rates': 0.6411901109812361, 'learning_rate': 0.00038649089309667254, 'batch_size': 53, 'step_size': 1, 'gamma': 0.9241435222174597}. Best is trial 4 with value: 0.14393807606182288.[0m
[32m[I 2025-01-15 22:32:21,005][0m Trial 5 finished with value: 0.22983588018548598 and parameters: {'observation_period_num': 222, 'train_rates': 0.8805109463067139, 'learning_rate': 0.0004469390089096755, 'batch_size': 36, 'step_size': 3, 'gamma': 0.9289692442188962}. Best is trial 4 with value: 0.14393807606182288.[0m
[32m[I 2025-01-15 22:33:12,085][0m Trial 6 finished with value: 0.41124001502809737 and parameters: {'observation_period_num': 99, 'train_rates': 0.6544936245105722, 'learning_rate': 5.316327235966968e-06, 'batch_size': 59, 'step_size': 1, 'gamma': 0.7925489917326621}. Best is trial 4 with value: 0.14393807606182288.[0m
[32m[I 2025-01-15 22:33:42,704][0m Trial 7 finished with value: 0.6825341959137562 and parameters: {'observation_period_num': 196, 'train_rates': 0.824973893175861, 'learning_rate': 1.1789609234054836e-06, 'batch_size': 164, 'step_size': 13, 'gamma': 0.7845728848661371}. Best is trial 4 with value: 0.14393807606182288.[0m
[32m[I 2025-01-15 22:34:52,141][0m Trial 8 finished with value: 0.05707613006234169 and parameters: {'observation_period_num': 80, 'train_rates': 0.9797747530226012, 'learning_rate': 0.00021172826192466184, 'batch_size': 83, 'step_size': 2, 'gamma': 0.884571401414227}. Best is trial 8 with value: 0.05707613006234169.[0m
[32m[I 2025-01-15 22:35:57,100][0m Trial 9 finished with value: 0.1634301011414491 and parameters: {'observation_period_num': 101, 'train_rates': 0.7741839657395029, 'learning_rate': 0.0007479229685055898, 'batch_size': 74, 'step_size': 2, 'gamma': 0.9818739989977889}. Best is trial 8 with value: 0.05707613006234169.[0m
[32m[I 2025-01-15 22:36:22,773][0m Trial 10 finished with value: 0.027811121195554733 and parameters: {'observation_period_num': 8, 'train_rates': 0.9739203376199425, 'learning_rate': 9.056717573196244e-05, 'batch_size': 254, 'step_size': 15, 'gamma': 0.8468312219070451}. Best is trial 10 with value: 0.027811121195554733.[0m
[32m[I 2025-01-15 22:36:48,483][0m Trial 11 finished with value: 0.03522970899939537 and parameters: {'observation_period_num': 19, 'train_rates': 0.9652996231996698, 'learning_rate': 8.90552163939906e-05, 'batch_size': 248, 'step_size': 14, 'gamma': 0.8475438866779591}. Best is trial 10 with value: 0.027811121195554733.[0m
