[32m[I 2025-01-15 17:36:47,601][0m Trial 16 finished with value: 0.03779935464262962 and parameters: {'observation_period_num': 190, 'train_rates': 0.9824372306733296, 'learning_rate': 1.924331026167558e-05, 'batch_size': 69, 'step_size': 8, 'gamma': 0.8300211044194539}. Best is trial 13 with value: 0.010078311815030045.[0m
[32m[I 2025-01-15 17:39:59,558][0m Trial 17 finished with value: 0.0033020312736305045 and parameters: {'observation_period_num': 236, 'train_rates': 0.9101442497724421, 'learning_rate': 0.00027891295992450813, 'batch_size': 26, 'step_size': 4, 'gamma': 0.873877969174851}. Best is trial 17 with value: 0.0033020312736305045.[0m
[32m[I 2025-01-15 17:43:15,588][0m Trial 18 finished with value: 0.02251825716669271 and parameters: {'observation_period_num': 249, 'train_rates': 0.8979034438832596, 'learning_rate': 1.8499164742160936e-05, 'batch_size': 25, 'step_size': 5, 'gamma': 0.8715473436813514}. Best is trial 17 with value: 0.0033020312736305045.[0m
[32m[I 2025-01-15 17:44:07,931][0m Trial 19 finished with value: 0.012992301167552374 and parameters: {'observation_period_num': 224, 'train_rates': 0.8834551717751199, 'learning_rate': 0.0002846416415122725, 'batch_size': 98, 'step_size': 4, 'gamma': 0.8726936382042476}. Best is trial 17 with value: 0.0033020312736305045.[0m
[32m[I 2025-01-15 17:44:25,023][0m Trial 20 finished with value: 2.1960784196853638 and parameters: {'observation_period_num': 175, 'train_rates': 0.8058526257178343, 'learning_rate': 1.1819917138130606e-06, 'batch_size': 135, 'step_size': 1, 'gamma': 0.8054093905276022}. Best is trial 17 with value: 0.0033020312736305045.[0m
[32m[I 2025-01-15 17:46:21,697][0m Trial 21 finished with value: 0.002843247107278133 and parameters: {'observation_period_num': 116, 'train_rates': 0.9319674663275204, 'learning_rate': 0.00026419572267098414, 'batch_size': 46, 'step_size': 8, 'gamma': 0.8461757033033883}. Best is trial 21 with value: 0.002843247107278133.[0m
[32m[I 2025-01-15 17:48:16,870][0m Trial 22 finished with value: 0.003081569390863931 and parameters: {'observation_period_num': 116, 'train_rates': 0.9146181274204945, 'learning_rate': 0.00033719924814451204, 'batch_size': 46, 'step_size': 4, 'gamma': 0.8892536625850129}. Best is trial 21 with value: 0.002843247107278133.[0m
[32m[I 2025-01-15 17:53:43,445][0m Trial 23 finished with value: 0.0054834280949363715 and parameters: {'observation_period_num': 121, 'train_rates': 0.9197103004865047, 'learning_rate': 6.522771560119347e-05, 'batch_size': 16, 'step_size': 4, 'gamma': 0.896342229727727}. Best is trial 21 with value: 0.002843247107278133.[0m
[32m[I 2025-01-15 17:55:35,901][0m Trial 24 finished with value: 0.0055238510810576265 and parameters: {'observation_period_num': 112, 'train_rates': 0.9309836360499087, 'learning_rate': 0.00039075594373507165, 'batch_size': 48, 'step_size': 3, 'gamma': 0.8594419826403388}. Best is trial 21 with value: 0.002843247107278133.[0m
[32m[I 2025-01-15 17:56:41,415][0m Trial 25 finished with value: 0.008642778731882572 and parameters: {'observation_period_num': 160, 'train_rates': 0.9892140496107656, 'learning_rate': 0.00014315044591518337, 'batch_size': 85, 'step_size': 8, 'gamma': 0.9159800923032964}. Best is trial 21 with value: 0.002843247107278133.[0m
[32m[I 2025-01-15 17:58:33,001][0m Trial 26 finished with value: 0.012769493396072858 and parameters: {'observation_period_num': 111, 'train_rates': 0.7748861141181129, 'learning_rate': 0.0005101823514510013, 'batch_size': 41, 'step_size': 4, 'gamma': 0.8803665506676738}. Best is trial 21 with value: 0.002843247107278133.[0m
[32m[I 2025-01-15 17:59:30,931][0m Trial 27 finished with value: 0.1527257380953857 and parameters: {'observation_period_num': 143, 'train_rates': 0.8758540031316274, 'learning_rate': 6.457210138505385e-05, 'batch_size': 51, 'step_size': 1, 'gamma': 0.7508329685618406}. Best is trial 21 with value: 0.002843247107278133.[0m
[32m[I 2025-01-15 18:00:36,608][0m Trial 28 finished with value: 0.008435775207093097 and parameters: {'observation_period_num': 63, 'train_rates': 0.9487053911880258, 'learning_rate': 0.00021116415429653672, 'batch_size': 85, 'step_size': 5, 'gamma': 0.9171485904049419}. Best is trial 21 with value: 0.002843247107278133.[0m
[32m[I 2025-01-15 18:05:04,715][0m Trial 29 finished with value: 0.032812044103970615 and parameters: {'observation_period_num': 170, 'train_rates': 0.9118280819471517, 'learning_rate': 1.7866275618475208e-05, 'batch_size': 19, 'step_size': 3, 'gamma': 0.886548115182156}. Best is trial 21 with value: 0.002843247107278133.[0m
[32m[I 2025-01-15 18:05:55,066][0m Trial 30 finished with value: 0.023515891176290236 and parameters: {'observation_period_num': 101, 'train_rates': 0.9456453285800738, 'learning_rate': 7.918463461815984e-05, 'batch_size': 111, 'step_size': 8, 'gamma': 0.8588680807840735}. Best is trial 21 with value: 0.002843247107278133.[0m
[32m[I 2025-01-15 18:11:03,226][0m Trial 31 finished with value: 0.0034047785892825405 and parameters: {'observation_period_num': 128, 'train_rates': 0.9218022697171603, 'learning_rate': 0.00016877674934881213, 'batch_size': 17, 'step_size': 3, 'gamma': 0.9016396375180883}. Best is trial 21 with value: 0.002843247107278133.[0m
[32m[I 2025-01-15 18:13:26,551][0m Trial 32 finished with value: 0.00870261411098528 and parameters: {'observation_period_num': 135, 'train_rates': 0.9020095372908048, 'learning_rate': 0.00018464992327904225, 'batch_size': 36, 'step_size': 2, 'gamma': 0.911678225195654}. Best is trial 21 with value: 0.002843247107278133.[0m
[32m[I 2025-01-15 18:15:01,293][0m Trial 33 finished with value: 0.003550396586433635 and parameters: {'observation_period_num': 125, 'train_rates': 0.9325228356205162, 'learning_rate': 0.0003804738203088546, 'batch_size': 57, 'step_size': 3, 'gamma': 0.9394178405428343}. Best is trial 21 with value: 0.002843247107278133.[0m
[32m[I 2025-01-15 18:17:36,381][0m Trial 34 finished with value: 0.001771145427483134 and parameters: {'observation_period_num': 72, 'train_rates': 0.9612716072879274, 'learning_rate': 0.00042593599200701484, 'batch_size': 36, 'step_size': 5, 'gamma': 0.8614727014860436}. Best is trial 34 with value: 0.001771145427483134.[0m
[32m[I 2025-01-15 18:18:53,575][0m Trial 35 finished with value: 0.0028178448452719396 and parameters: {'observation_period_num': 67, 'train_rates': 0.9573167926640058, 'learning_rate': 0.0006485590298274742, 'batch_size': 73, 'step_size': 5, 'gamma': 0.8606040343209452}. Best is trial 34 with value: 0.001771145427483134.[0m
[32m[I 2025-01-15 18:20:05,104][0m Trial 36 finished with value: 0.0024957382556749508 and parameters: {'observation_period_num': 68, 'train_rates': 0.9626976562385924, 'learning_rate': 0.0009766973244967573, 'batch_size': 81, 'step_size': 7, 'gamma': 0.8540396375544932}. Best is trial 34 with value: 0.001771145427483134.[0m
[32m[I 2025-01-15 18:21:11,914][0m Trial 37 finished with value: 0.0020158269816069026 and parameters: {'observation_period_num': 59, 'train_rates': 0.9652245143802954, 'learning_rate': 0.0009898874274632226, 'batch_size': 86, 'step_size': 7, 'gamma': 0.8578697077845205}. Best is trial 34 with value: 0.001771145427483134.[0m
[32m[I 2025-01-15 18:22:21,483][0m Trial 38 finished with value: 0.002988003925673922 and parameters: {'observation_period_num': 66, 'train_rates': 0.9653884973526298, 'learning_rate': 0.0009599073138067929, 'batch_size': 84, 'step_size': 7, 'gamma': 0.8609650647981366}. Best is trial 34 with value: 0.001771145427483134.[0m
[32m[I 2025-01-15 18:23:19,847][0m Trial 39 finished with value: 0.03311966359615326 and parameters: {'observation_period_num': 6, 'train_rates': 0.9893325630955265, 'learning_rate': 0.0007207954901217221, 'batch_size': 104, 'step_size': 6, 'gamma': 0.8169329551224314}. Best is trial 34 with value: 0.001771145427483134.[0m
[32m[I 2025-01-15 18:24:08,949][0m Trial 40 finished with value: 0.003279667580500245 and parameters: {'observation_period_num': 47, 'train_rates': 0.9618293492569495, 'learning_rate': 0.0004931430947158998, 'batch_size': 118, 'step_size': 7, 'gamma': 0.8592213094640264}. Best is trial 34 with value: 0.001771145427483134.[0m
[32m[I 2025-01-15 18:25:35,447][0m Trial 41 finished with value: 0.0025454218048253097 and parameters: {'observation_period_num': 65, 'train_rates': 0.9448807041552435, 'learning_rate': 0.0006544772872964051, 'batch_size': 65, 'step_size': 9, 'gamma': 0.8455778576660814}. Best is trial 34 with value: 0.001771145427483134.[0m
[32m[I 2025-01-15 18:26:54,403][0m Trial 42 finished with value: 0.0038010008197198525 and parameters: {'observation_period_num': 66, 'train_rates': 0.9513212042952616, 'learning_rate': 0.0006242379008780426, 'batch_size': 72, 'step_size': 9, 'gamma': 0.8466272402594726}. Best is trial 34 with value: 0.001771145427483134.[0m
[32m[I 2025-01-15 18:28:07,556][0m Trial 43 finished with value: 0.002428429899737239 and parameters: {'observation_period_num': 39, 'train_rates': 0.972877490092511, 'learning_rate': 0.0004566722720197223, 'batch_size': 81, 'step_size': 9, 'gamma': 0.8207109915699955}. Best is trial 34 with value: 0.001771145427483134.[0m
[32m[I 2025-01-15 18:28:49,057][0m Trial 44 finished with value: 0.002130398992449045 and parameters: {'observation_period_num': 30, 'train_rates': 0.9721556883491782, 'learning_rate': 0.0009727040326458204, 'batch_size': 143, 'step_size': 10, 'gamma': 0.822236623016722}. Best is trial 34 with value: 0.001771145427483134.[0m
[32m[I 2025-01-15 18:29:26,387][0m Trial 45 finished with value: 0.0070596616715192795 and parameters: {'observation_period_num': 34, 'train_rates': 0.9730022475742991, 'learning_rate': 0.00044330400530792434, 'batch_size': 164, 'step_size': 10, 'gamma': 0.7883640652875855}. Best is trial 34 with value: 0.001771145427483134.[0m
[32m[I 2025-01-15 18:30:04,887][0m Trial 46 finished with value: 0.005173720362094732 and parameters: {'observation_period_num': 21, 'train_rates': 0.8671380693415656, 'learning_rate': 0.0009827893719157577, 'batch_size': 144, 'step_size': 10, 'gamma': 0.8198047323820843}. Best is trial 34 with value: 0.001771145427483134.[0m
[32m[I 2025-01-15 18:30:50,067][0m Trial 47 finished with value: 0.0021222238428890705 and parameters: {'observation_period_num': 43, 'train_rates': 0.973682686324127, 'learning_rate': 0.0008018069944915836, 'batch_size': 129, 'step_size': 11, 'gamma': 0.8003542665030295}. Best is trial 34 with value: 0.001771145427483134.[0m
[32m[I 2025-01-15 18:31:27,651][0m Trial 48 finished with value: 0.020123042283886845 and parameters: {'observation_period_num': 41, 'train_rates': 0.7422961049948138, 'learning_rate': 0.0004740182063344788, 'batch_size': 131, 'step_size': 12, 'gamma': 0.8005337134852035}. Best is trial 34 with value: 0.001771145427483134.[0m
[32m[I 2025-01-15 18:32:05,056][0m Trial 49 finished with value: 0.003771865973249078 and parameters: {'observation_period_num': 50, 'train_rates': 0.9753808310726225, 'learning_rate': 0.0006881395542198475, 'batch_size': 163, 'step_size': 11, 'gamma': 0.7770057601733772}. Best is trial 34 with value: 0.001771145427483134.[0m
[32m[I 2025-01-15 18:32:05,062][0m A new study created in memory with name: no-name-cdcb6fc1-72f9-4b71-90b3-9a453a3efc0a[0m
[32m[I 2025-01-15 18:32:27,477][0m Trial 0 finished with value: 0.009729185717085122 and parameters: {'observation_period_num': 110, 'train_rates': 0.7526478241894178, 'learning_rate': 0.00026522209951005684, 'batch_size': 235, 'step_size': 9, 'gamma': 0.7939741480258593}. Best is trial 0 with value: 0.009729185717085122.[0m
[32m[I 2025-01-15 18:32:56,666][0m Trial 1 finished with value: 0.0024944313396914474 and parameters: {'observation_period_num': 54, 'train_rates': 0.716308597133612, 'learning_rate': 0.0007543426313831905, 'batch_size': 167, 'step_size': 15, 'gamma': 0.9035473921893389}. Best is trial 1 with value: 0.0024944313396914474.[0m
[32m[I 2025-01-15 18:33:25,095][0m Trial 2 finished with value: 0.043376265894039534 and parameters: {'observation_period_num': 6, 'train_rates': 0.8264965258067545, 'learning_rate': 0.000181048182937422, 'batch_size': 193, 'step_size': 8, 'gamma': 0.9466203324667103}. Best is trial 1 with value: 0.0024944313396914474.[0m
[32m[I 2025-01-15 18:34:03,819][0m Trial 3 finished with value: 0.04362314401401414 and parameters: {'observation_period_num': 14, 'train_rates': 0.8410536631535175, 'learning_rate': 0.00013305585926327274, 'batch_size': 145, 'step_size': 1, 'gamma': 0.9394001463456934}. Best is trial 1 with value: 0.0024944313396914474.[0m
[32m[I 2025-01-15 18:34:49,704][0m Trial 4 finished with value: 0.0036202998118824324 and parameters: {'observation_period_num': 144, 'train_rates': 0.7726781289070684, 'learning_rate': 0.00038261840892187893, 'batch_size': 104, 'step_size': 12, 'gamma': 0.7904841892797808}. Best is trial 1 with value: 0.0024944313396914474.[0m
[32m[I 2025-01-15 18:35:35,488][0m Trial 5 finished with value: 0.12752421884528123 and parameters: {'observation_period_num': 249, 'train_rates': 0.6425090236962089, 'learning_rate': 5.1619279944171775e-06, 'batch_size': 91, 'step_size': 7, 'gamma': 0.8772925483076037}. Best is trial 1 with value: 0.0024944313396914474.[0m
[32m[I 2025-01-15 18:36:20,614][0m Trial 6 finished with value: 0.006187775812247356 and parameters: {'observation_period_num': 176, 'train_rates': 0.8100608128404295, 'learning_rate': 0.000320484084982763, 'batch_size': 112, 'step_size': 8, 'gamma': 0.9511284075236732}. Best is trial 1 with value: 0.0024944313396914474.[0m
[32m[I 2025-01-15 18:36:46,053][0m Trial 7 finished with value: 0.0021587004885077477 and parameters: {'observation_period_num': 232, 'train_rates': 0.9441774792904258, 'learning_rate': 0.0005198668952014146, 'batch_size': 224, 'step_size': 15, 'gamma': 0.7558856767512508}. Best is trial 7 with value: 0.0021587004885077477.[0m
[32m[I 2025-01-15 18:37:08,799][0m Trial 8 finished with value: 0.315902434862577 and parameters: {'observation_period_num': 119, 'train_rates': 0.739109432402845, 'learning_rate': 2.874079048403688e-06, 'batch_size': 219, 'step_size': 12, 'gamma': 0.774247038978458}. Best is trial 7 with value: 0.0021587004885077477.[0m
[32m[I 2025-01-15 18:39:42,453][0m Trial 9 finished with value: 0.011070038030277512 and parameters: {'observation_period_num': 97, 'train_rates': 0.7403291086291628, 'learning_rate': 0.0006651766458697707, 'batch_size': 30, 'step_size': 2, 'gamma': 0.8505042802089458}. Best is trial 7 with value: 0.0021587004885077477.[0m
[32m[I 2025-01-15 18:40:05,752][0m Trial 10 finished with value: 0.031399354338645935 and parameters: {'observation_period_num': 245, 'train_rates': 0.9877379911199653, 'learning_rate': 2.7947176146906e-05, 'batch_size': 254, 'step_size': 14, 'gamma': 0.8212227998335669}. Best is trial 7 with value: 0.0021587004885077477.[0m
[32m[I 2025-01-15 18:40:42,883][0m Trial 11 finished with value: 0.042597606778144836 and parameters: {'observation_period_num': 59, 'train_rates': 0.9678008573323397, 'learning_rate': 3.1099653698136916e-05, 'batch_size': 162, 'step_size': 15, 'gamma': 0.8959428738845839}. Best is trial 7 with value: 0.0021587004885077477.[0m
[32m[I 2025-01-15 18:41:12,588][0m Trial 12 finished with value: 0.0013643753878249411 and parameters: {'observation_period_num': 197, 'train_rates': 0.8970222137882158, 'learning_rate': 0.000972796394520407, 'batch_size': 188, 'step_size': 12, 'gamma': 0.9052807197096878}. Best is trial 12 with value: 0.0013643753878249411.[0m
[32m[I 2025-01-15 18:41:40,308][0m Trial 13 finished with value: 0.01089260955913025 and parameters: {'observation_period_num': 201, 'train_rates': 0.8968742508533103, 'learning_rate': 6.961749411313769e-05, 'batch_size': 200, 'step_size': 12, 'gamma': 0.8507360800613112}. Best is trial 12 with value: 0.0013643753878249411.[0m
[32m[I 2025-01-15 18:42:07,967][0m Trial 14 finished with value: 0.06842451610348442 and parameters: {'observation_period_num': 198, 'train_rates': 0.9122966733570597, 'learning_rate': 1.3774213409456592e-05, 'batch_size': 195, 'step_size': 10, 'gamma': 0.7504733852823784}. Best is trial 12 with value: 0.0013643753878249411.[0m
[32m[I 2025-01-15 18:42:29,332][0m Trial 15 finished with value: 0.0015742317773401737 and parameters: {'observation_period_num': 221, 'train_rates': 0.9135894099348261, 'learning_rate': 0.0009161151737253974, 'batch_size': 254, 'step_size': 5, 'gamma': 0.9178759928888881}. Best is trial 12 with value: 0.0013643753878249411.[0m
[32m[I 2025-01-15 18:42:50,998][0m Trial 16 finished with value: 0.007194571913541516 and parameters: {'observation_period_num': 171, 'train_rates': 0.879660566432259, 'learning_rate': 9.386048460262668e-05, 'batch_size': 247, 'step_size': 5, 'gamma': 0.9764419983627908}. Best is trial 12 with value: 0.0013643753878249411.[0m
[32m[I 2025-01-15 18:44:08,606][0m Trial 17 finished with value: 0.000846400804303951 and parameters: {'observation_period_num': 222, 'train_rates': 0.8637480210890232, 'learning_rate': 0.0008116351344385636, 'batch_size': 65, 'step_size': 4, 'gamma': 0.9169211154449634}. Best is trial 17 with value: 0.000846400804303951.[0m
[32m[I 2025-01-15 18:46:42,769][0m Trial 18 finished with value: 0.033599209384639055 and parameters: {'observation_period_num': 150, 'train_rates': 0.8595683876391713, 'learning_rate': 0.0009714797127999241, 'batch_size': 33, 'step_size': 4, 'gamma': 0.9839228416800662}. Best is trial 17 with value: 0.000846400804303951.[0m
[32m[I 2025-01-15 18:47:45,479][0m Trial 19 finished with value: 0.532005518437066 and parameters: {'observation_period_num': 205, 'train_rates': 0.6928261617784909, 'learning_rate': 1.5081409716768226e-06, 'batch_size': 69, 'step_size': 3, 'gamma': 0.868903199769306}. Best is trial 17 with value: 0.000846400804303951.[0m
[32m[I 2025-01-15 18:49:06,665][0m Trial 20 finished with value: 0.00539490956676236 and parameters: {'observation_period_num': 166, 'train_rates': 0.8002958434580125, 'learning_rate': 5.810302254659562e-05, 'batch_size': 59, 'step_size': 6, 'gamma': 0.9170900090072367}. Best is trial 17 with value: 0.000846400804303951.[0m
[32m[I 2025-01-15 18:49:46,334][0m Trial 21 finished with value: 0.0022605480797897835 and parameters: {'observation_period_num': 223, 'train_rates': 0.9207467533848912, 'learning_rate': 0.0009755686081097313, 'batch_size': 137, 'step_size': 5, 'gamma': 0.9216125100389212}. Best is trial 17 with value: 0.000846400804303951.[0m
[32m[I 2025-01-15 18:50:16,851][0m Trial 22 finished with value: 0.008325977008997894 and parameters: {'observation_period_num': 218, 'train_rates': 0.8694547971700527, 'learning_rate': 0.0002311646785015096, 'batch_size': 174, 'step_size': 3, 'gamma': 0.8811181933325652}. Best is trial 17 with value: 0.000846400804303951.[0m
[32m[I 2025-01-15 18:51:04,455][0m Trial 23 finished with value: 0.007149449793402763 and parameters: {'observation_period_num': 189, 'train_rates': 0.9386682389837, 'learning_rate': 0.0004533510342576167, 'batch_size': 117, 'step_size': 6, 'gamma': 0.9263504095878691}. Best is trial 17 with value: 0.000846400804303951.[0m
[32m[I 2025-01-15 18:52:23,749][0m Trial 24 finished with value: 0.003505442431350254 and parameters: {'observation_period_num': 223, 'train_rates': 0.8894426797102454, 'learning_rate': 0.00044109790985968737, 'batch_size': 64, 'step_size': 10, 'gamma': 0.965687407853443}. Best is trial 17 with value: 0.000846400804303951.[0m
[32m[I 2025-01-15 18:52:47,465][0m Trial 25 finished with value: 0.007652792466142012 and parameters: {'observation_period_num': 250, 'train_rates': 0.845330006637625, 'learning_rate': 0.00013821038581582522, 'batch_size': 217, 'step_size': 4, 'gamma': 0.8906841218986946}. Best is trial 17 with value: 0.000846400804303951.[0m
[32m[I 2025-01-15 18:53:51,955][0m Trial 26 finished with value: 0.013239863428931969 and parameters: {'observation_period_num': 182, 'train_rates': 0.9534498206542374, 'learning_rate': 0.0006229271768364329, 'batch_size': 86, 'step_size': 1, 'gamma': 0.9104818006692077}. Best is trial 17 with value: 0.000846400804303951.[0m
[32m[I 2025-01-15 18:59:00,913][0m Trial 27 finished with value: 0.014013250667616549 and parameters: {'observation_period_num': 148, 'train_rates': 0.9100979867376245, 'learning_rate': 1.3640587360242656e-05, 'batch_size': 17, 'step_size': 6, 'gamma': 0.8592900294913094}. Best is trial 17 with value: 0.000846400804303951.[0m
[32m[I 2025-01-15 18:59:34,930][0m Trial 28 finished with value: 0.0028184994516625905 and parameters: {'observation_period_num': 211, 'train_rates': 0.825671847913022, 'learning_rate': 0.00023333945386901097, 'batch_size': 145, 'step_size': 13, 'gamma': 0.8341959338355647}. Best is trial 17 with value: 0.000846400804303951.[0m
[32m[I 2025-01-15 19:00:03,145][0m Trial 29 finished with value: 0.002444857219361339 and parameters: {'observation_period_num': 231, 'train_rates': 0.8660488422762131, 'learning_rate': 0.0003039123963203276, 'batch_size': 182, 'step_size': 10, 'gamma': 0.9325033135448373}. Best is trial 17 with value: 0.000846400804303951.[0m
[32m[I 2025-01-15 19:00:25,697][0m Trial 30 finished with value: 0.002821829186632826 and parameters: {'observation_period_num': 83, 'train_rates': 0.7848652857187852, 'learning_rate': 0.0009625109531549826, 'batch_size': 239, 'step_size': 9, 'gamma': 0.957034968070882}. Best is trial 17 with value: 0.000846400804303951.[0m
[32m[I 2025-01-15 19:00:51,196][0m Trial 31 finished with value: 0.008997981436550617 and parameters: {'observation_period_num': 231, 'train_rates': 0.9369515441032559, 'learning_rate': 0.0005553230337530131, 'batch_size': 219, 'step_size': 14, 'gamma': 0.8972115354660725}. Best is trial 17 with value: 0.000846400804303951.[0m
