[32m[I 2025-01-15 16:43:16,031][0m A new study created in memory with name: no-name-3d43f045-c139-4e23-8251-e6ff106921a9[0m
[32m[I 2025-01-15 16:43:38,852][0m Trial 0 finished with value: 0.10843780765774463 and parameters: {'observation_period_num': 32, 'train_rates': 0.8590628058543653, 'learning_rate': 0.0002022622688209526, 'batch_size': 233, 'step_size': 5, 'gamma': 0.9496461320846197}. Best is trial 0 with value: 0.10843780765774463.[0m
[32m[I 2025-01-15 16:44:13,315][0m Trial 1 finished with value: 0.33392858146288934 and parameters: {'observation_period_num': 184, 'train_rates': 0.7822258245157683, 'learning_rate': 0.0007027558466928288, 'batch_size': 141, 'step_size': 12, 'gamma': 0.9659066800302667}. Best is trial 0 with value: 0.10843780765774463.[0m
[32m[I 2025-01-15 16:44:32,358][0m Trial 2 finished with value: 3.6052667823563453 and parameters: {'observation_period_num': 16, 'train_rates': 0.6088638200257133, 'learning_rate': 5.280792933985015e-06, 'batch_size': 227, 'step_size': 6, 'gamma': 0.9755382898072505}. Best is trial 0 with value: 0.10843780765774463.[0m
[32m[I 2025-01-15 16:46:22,504][0m Trial 3 finished with value: 0.38146632171444106 and parameters: {'observation_period_num': 20, 'train_rates': 0.8492640211523369, 'learning_rate': 2.3941334989331654e-05, 'batch_size': 47, 'step_size': 2, 'gamma': 0.8568149653651331}. Best is trial 0 with value: 0.10843780765774463.[0m
[32m[I 2025-01-15 16:47:08,547][0m Trial 4 finished with value: 2.529378436395638 and parameters: {'observation_period_num': 156, 'train_rates': 0.6017684205338185, 'learning_rate': 4.0348266765602664e-05, 'batch_size': 86, 'step_size': 5, 'gamma': 0.8171461957916647}. Best is trial 0 with value: 0.10843780765774463.[0m
[32m[I 2025-01-15 16:47:30,184][0m Trial 5 finished with value: 0.4734795542677384 and parameters: {'observation_period_num': 229, 'train_rates': 0.7924507101801388, 'learning_rate': 1.2940917709307858e-05, 'batch_size': 229, 'step_size': 5, 'gamma': 0.8842163516640674}. Best is trial 0 with value: 0.10843780765774463.[0m
[32m[I 2025-01-15 16:49:17,310][0m Trial 6 finished with value: 0.6908886331342355 and parameters: {'observation_period_num': 167, 'train_rates': 0.7393465137111204, 'learning_rate': 2.9482874753942136e-06, 'batch_size': 41, 'step_size': 2, 'gamma': 0.8690259282007009}. Best is trial 0 with value: 0.10843780765774463.[0m
[32m[I 2025-01-15 16:49:48,074][0m Trial 7 finished with value: 0.026042873039841652 and parameters: {'observation_period_num': 223, 'train_rates': 0.9532348231202443, 'learning_rate': 0.0006820051788839497, 'batch_size': 183, 'step_size': 5, 'gamma': 0.8527790463828353}. Best is trial 7 with value: 0.026042873039841652.[0m
[32m[I 2025-01-15 16:51:37,712][0m Trial 8 finished with value: 0.611190235452954 and parameters: {'observation_period_num': 225, 'train_rates': 0.7574314552033317, 'learning_rate': 1.5181510670266843e-06, 'batch_size': 40, 'step_size': 12, 'gamma': 0.9502249732261909}. Best is trial 7 with value: 0.026042873039841652.[0m
[32m[I 2025-01-15 16:54:40,027][0m Trial 9 finished with value: 0.0006814161790922905 and parameters: {'observation_period_num': 250, 'train_rates': 0.9337996613756325, 'learning_rate': 9.648517473434148e-05, 'batch_size': 28, 'step_size': 6, 'gamma': 0.8323098965536359}. Best is trial 9 with value: 0.0006814161790922905.[0m
[32m[I 2025-01-15 16:55:36,283][0m Trial 10 finished with value: 0.03355395048856735 and parameters: {'observation_period_num': 78, 'train_rates': 0.9827248358455662, 'learning_rate': 9.496074585315013e-05, 'batch_size': 102, 'step_size': 9, 'gamma': 0.7687382827706156}. Best is trial 9 with value: 0.0006814161790922905.[0m
[32m[I 2025-01-15 16:56:08,912][0m Trial 11 finished with value: 0.0178734939545393 and parameters: {'observation_period_num': 252, 'train_rates': 0.9854411893225584, 'learning_rate': 0.0008843624044587076, 'batch_size': 170, 'step_size': 9, 'gamma': 0.815254709926166}. Best is trial 9 with value: 0.0006814161790922905.[0m
[32m[I 2025-01-15 16:56:44,278][0m Trial 12 finished with value: 0.084789084988239 and parameters: {'observation_period_num': 116, 'train_rates': 0.9187474837519191, 'learning_rate': 0.00019576645614838918, 'batch_size': 158, 'step_size': 9, 'gamma': 0.7904708882219968}. Best is trial 9 with value: 0.0006814161790922905.[0m
[32m[I 2025-01-15 16:57:13,547][0m Trial 13 finished with value: 0.08109683959882975 and parameters: {'observation_period_num': 251, 'train_rates': 0.9029256057234071, 'learning_rate': 0.00026054967929996605, 'batch_size': 182, 'step_size': 15, 'gamma': 0.8182889415084728}. Best is trial 9 with value: 0.0006814161790922905.[0m
[32m[I 2025-01-15 16:58:04,697][0m Trial 14 finished with value: 0.04842685908079147 and parameters: {'observation_period_num': 199, 'train_rates': 0.9853332248533441, 'learning_rate': 0.0009629073440010969, 'batch_size': 108, 'step_size': 8, 'gamma': 0.8997360503686757}. Best is trial 9 with value: 0.0006814161790922905.[0m
[32m[I 2025-01-15 16:59:12,935][0m Trial 15 finished with value: 0.13262023010799373 and parameters: {'observation_period_num': 125, 'train_rates': 0.8650448143236847, 'learning_rate': 7.201906131683902e-05, 'batch_size': 75, 'step_size': 11, 'gamma': 0.8238978687298815}. Best is trial 9 with value: 0.0006814161790922905.[0m
[32m[I 2025-01-15 16:59:37,360][0m Trial 16 finished with value: 0.6195675273585894 and parameters: {'observation_period_num': 250, 'train_rates': 0.7011016612990401, 'learning_rate': 0.00037704856285504697, 'batch_size': 183, 'step_size': 7, 'gamma': 0.752875010240058}. Best is trial 9 with value: 0.0006814161790922905.[0m
[32m[I 2025-01-15 17:00:20,217][0m Trial 17 finished with value: 0.10764567972877608 and parameters: {'observation_period_num': 86, 'train_rates': 0.9246553365524061, 'learning_rate': 9.963710147830451e-05, 'batch_size': 128, 'step_size': 3, 'gamma': 0.9130422108670811}. Best is trial 9 with value: 0.0006814161790922905.[0m
[32m[I 2025-01-15 17:00:45,501][0m Trial 18 finished with value: 0.33016776003680387 and parameters: {'observation_period_num': 199, 'train_rates': 0.8352918190010188, 'learning_rate': 1.3917052049022558e-05, 'batch_size': 204, 'step_size': 10, 'gamma': 0.8397416101265259}. Best is trial 9 with value: 0.0006814161790922905.[0m
[32m[I 2025-01-15 17:04:46,572][0m Trial 19 finished with value: 4.102198725015345 and parameters: {'observation_period_num': 149, 'train_rates': 0.9496792859698391, 'learning_rate': 0.0003988475017200154, 'batch_size': 22, 'step_size': 14, 'gamma': 0.792201821746412}. Best is trial 9 with value: 0.0006814161790922905.[0m
[32m[I 2025-01-15 17:05:21,449][0m Trial 20 finished with value: 0.17116336893375222 and parameters: {'observation_period_num': 207, 'train_rates': 0.8885451773399254, 'learning_rate': 4.941693374457263e-05, 'batch_size': 147, 'step_size': 7, 'gamma': 0.7931901525952553}. Best is trial 9 with value: 0.0006814161790922905.[0m
[32m[I 2025-01-15 17:05:51,559][0m Trial 21 finished with value: 0.04357916861772537 and parameters: {'observation_period_num': 235, 'train_rates': 0.9416790732710327, 'learning_rate': 0.000556160594464615, 'batch_size': 171, 'step_size': 4, 'gamma': 0.848546814458058}. Best is trial 9 with value: 0.0006814161790922905.[0m
[32m[I 2025-01-15 17:06:10,890][0m Trial 22 finished with value: 0.5045030117034912 and parameters: {'observation_period_num': 215, 'train_rates': 0.9557534957299741, 'learning_rate': 0.0009416963182119135, 'batch_size': 198, 'step_size': 1, 'gamma': 0.8368271231878963}. Best is trial 9 with value: 0.0006814161790922905.[0m
[32m[I 2025-01-15 17:06:39,439][0m Trial 23 finished with value: 0.022479305043816566 and parameters: {'observation_period_num': 252, 'train_rates': 0.9814234912394973, 'learning_rate': 0.00013801442857100334, 'batch_size': 202, 'step_size': 7, 'gamma': 0.8807187971171968}. Best is trial 9 with value: 0.0006814161790922905.[0m
[32m[I 2025-01-15 17:07:02,219][0m Trial 24 finished with value: 0.06111181899905205 and parameters: {'observation_period_num': 248, 'train_rates': 0.9854784952349014, 'learning_rate': 0.0001338783729355084, 'batch_size': 253, 'step_size': 7, 'gamma': 0.9198790379959163}. Best is trial 9 with value: 0.0006814161790922905.[0m
[32m[I 2025-01-15 17:07:27,194][0m Trial 25 finished with value: 0.2846686601093629 and parameters: {'observation_period_num': 187, 'train_rates': 0.8816501252975937, 'learning_rate': 2.475713725352061e-05, 'batch_size': 206, 'step_size': 9, 'gamma': 0.8811843248831505}. Best is trial 9 with value: 0.0006814161790922905.[0m
[32m[I 2025-01-15 17:08:08,243][0m Trial 26 finished with value: 0.06605856174316543 and parameters: {'observation_period_num': 235, 'train_rates': 0.9238814811333576, 'learning_rate': 0.00016246966808256715, 'batch_size': 126, 'step_size': 8, 'gamma': 0.805337036596102}. Best is trial 9 with value: 0.0006814161790922905.[0m
[32m[I 2025-01-15 17:08:42,630][0m Trial 27 finished with value: 0.10377936065196991 and parameters: {'observation_period_num': 179, 'train_rates': 0.9655840138720025, 'learning_rate': 0.00033629883675666934, 'batch_size': 162, 'step_size': 10, 'gamma': 0.8654864733997043}. Best is trial 9 with value: 0.0006814161790922905.[0m
[32m[I 2025-01-15 17:09:49,290][0m Trial 28 finished with value: 0.18217458324070618 and parameters: {'observation_period_num': 252, 'train_rates': 0.8187000352045871, 'learning_rate': 5.462932120633717e-05, 'batch_size': 70, 'step_size': 6, 'gamma': 0.8902347375582818}. Best is trial 9 with value: 0.0006814161790922905.[0m
[32m[I 2025-01-15 17:10:09,882][0m Trial 29 finished with value: 0.6450295860154761 and parameters: {'observation_period_num': 50, 'train_rates': 0.678054853203442, 'learning_rate': 0.0002428883428005366, 'batch_size': 244, 'step_size': 4, 'gamma': 0.9314235659979802}. Best is trial 9 with value: 0.0006814161790922905.[0m
[32m[I 2025-01-15 17:10:35,113][0m Trial 30 finished with value: 0.10794223304190691 and parameters: {'observation_period_num': 209, 'train_rates': 0.9059176161946084, 'learning_rate': 0.00012797883155470132, 'batch_size': 215, 'step_size': 8, 'gamma': 0.7721358962491918}. Best is trial 9 with value: 0.0006814161790922905.[0m
[32m[I 2025-01-15 17:11:05,438][0m Trial 31 finished with value: 0.02162293531000614 and parameters: {'observation_period_num': 224, 'train_rates': 0.9570635798089754, 'learning_rate': 0.0005344203562299193, 'batch_size': 183, 'step_size': 6, 'gamma': 0.8326307374142867}. Best is trial 9 with value: 0.0006814161790922905.[0m
[32m[I 2025-01-15 17:11:33,978][0m Trial 32 finished with value: 0.016535857692360878 and parameters: {'observation_period_num': 234, 'train_rates': 0.9386329048500047, 'learning_rate': 0.0005146797368868978, 'batch_size': 195, 'step_size': 6, 'gamma': 0.8326341910688042}. Best is trial 9 with value: 0.0006814161790922905.[0m
[32m[I 2025-01-15 17:12:11,492][0m Trial 33 finished with value: 0.03474998332000192 and parameters: {'observation_period_num': 226, 'train_rates': 0.9369274606130551, 'learning_rate': 0.0005158428091690746, 'batch_size': 148, 'step_size': 6, 'gamma': 0.8309550497959525}. Best is trial 9 with value: 0.0006814161790922905.[0m
[32m[I 2025-01-15 17:12:40,957][0m Trial 34 finished with value: 0.11979446966134145 and parameters: {'observation_period_num': 235, 'train_rates': 0.8772802737727952, 'learning_rate': 0.0005684231441939979, 'batch_size': 172, 'step_size': 4, 'gamma': 0.8141109325206006}. Best is trial 9 with value: 0.0006814161790922905.[0m
[32m[I 2025-01-15 17:13:06,412][0m Trial 35 finished with value: 0.06128841921311917 and parameters: {'observation_period_num': 190, 'train_rates': 0.8997474187721693, 'learning_rate': 0.0009522842554191901, 'batch_size': 219, 'step_size': 6, 'gamma': 0.8053319132577604}. Best is trial 9 with value: 0.0006814161790922905.[0m
[32m[I 2025-01-15 17:13:36,373][0m Trial 36 finished with value: 0.06990839540958405 and parameters: {'observation_period_num': 145, 'train_rates': 0.9644314173095915, 'learning_rate': 0.00027755253876164004, 'batch_size': 193, 'step_size': 3, 'gamma': 0.8451956227998113}. Best is trial 9 with value: 0.0006814161790922905.[0m
[32m[I 2025-01-15 17:14:12,171][0m Trial 37 finished with value: 0.3082901586028861 and parameters: {'observation_period_num': 175, 'train_rates': 0.8230906538939432, 'learning_rate': 0.0004380135958459827, 'batch_size': 137, 'step_size': 6, 'gamma': 0.9871104962985243}. Best is trial 9 with value: 0.0006814161790922905.[0m
[32m[I 2025-01-15 17:14:54,321][0m Trial 38 finished with value: 0.3539468245284773 and parameters: {'observation_period_num': 214, 'train_rates': 0.850864502012347, 'learning_rate': 6.740276553167576e-06, 'batch_size': 120, 'step_size': 5, 'gamma': 0.8609078418734428}. Best is trial 9 with value: 0.0006814161790922905.[0m
[32m[I 2025-01-15 17:15:29,842][0m Trial 39 finished with value: 0.06606655543049177 and parameters: {'observation_period_num': 238, 'train_rates': 0.9337857960816847, 'learning_rate': 0.0007907054649853322, 'batch_size': 158, 'step_size': 10, 'gamma': 0.8295194680024515}. Best is trial 9 with value: 0.0006814161790922905.[0m
[32m[I 2025-01-15 17:15:54,817][0m Trial 40 finished with value: 0.031965721398591995 and parameters: {'observation_period_num': 220, 'train_rates': 0.9679066423417928, 'learning_rate': 0.0006765467674778732, 'batch_size': 237, 'step_size': 13, 'gamma': 0.7788545602995007}. Best is trial 9 with value: 0.0006814161790922905.[0m
[32m[I 2025-01-15 17:16:23,756][0m Trial 41 finished with value: 0.046806976199150085 and parameters: {'observation_period_num': 242, 'train_rates': 0.9882646877103214, 'learning_rate': 0.00019176271768915086, 'batch_size': 192, 'step_size': 7, 'gamma': 0.8693661402844723}. Best is trial 9 with value: 0.0006814161790922905.[0m
[32m[I 2025-01-15 17:16:50,466][0m Trial 42 finished with value: 0.10596154630184174 and parameters: {'observation_period_num': 226, 'train_rates': 0.9671095596911334, 'learning_rate': 3.576539278077244e-05, 'batch_size': 215, 'step_size': 8, 'gamma': 0.808127755812871}. Best is trial 9 with value: 0.0006814161790922905.[0m
[32m[I 2025-01-15 17:17:21,166][0m Trial 43 finished with value: 0.04667298123240471 and parameters: {'observation_period_num': 242, 'train_rates': 0.9477561091514528, 'learning_rate': 8.966172813796188e-05, 'batch_size': 180, 'step_size': 5, 'gamma': 0.8773250837127241}. Best is trial 9 with value: 0.0006814161790922905.[0m
[32m[I 2025-01-15 17:17:52,321][0m Trial 44 finished with value: 0.0756068182851486 and parameters: {'observation_period_num': 201, 'train_rates': 0.9082090439747009, 'learning_rate': 0.0002668622683400586, 'batch_size': 170, 'step_size': 7, 'gamma': 0.8509698056312412}. Best is trial 9 with value: 0.0006814161790922905.[0m
[32m[I 2025-01-15 17:18:21,045][0m Trial 45 finished with value: 0.0368201844394207 and parameters: {'observation_period_num': 227, 'train_rates': 0.9734052268228278, 'learning_rate': 0.00034343731349239305, 'batch_size': 193, 'step_size': 9, 'gamma': 0.8998209209116779}. Best is trial 9 with value: 0.0006814161790922905.[0m
[32m[I 2025-01-15 17:18:45,846][0m Trial 46 finished with value: 0.14036105573177338 and parameters: {'observation_period_num': 162, 'train_rates': 0.9252650785450977, 'learning_rate': 0.00014319480859430674, 'batch_size': 227, 'step_size': 5, 'gamma': 0.8253972975662051}. Best is trial 9 with value: 0.0006814161790922905.[0m
[32m[I 2025-01-15 17:19:08,125][0m Trial 47 finished with value: 0.37651117478630375 and parameters: {'observation_period_num': 242, 'train_rates': 0.7629878538105255, 'learning_rate': 0.0006067135265186658, 'batch_size': 207, 'step_size': 6, 'gamma': 0.8577670344836755}. Best is trial 9 with value: 0.0006814161790922905.[0m
[32m[I 2025-01-15 17:20:41,455][0m Trial 48 finished with value: 0.005338471017697518 and parameters: {'observation_period_num': 101, 'train_rates': 0.9515114517331038, 'learning_rate': 7.054846926730202e-05, 'batch_size': 59, 'step_size': 11, 'gamma': 0.8373175414436869}. Best is trial 9 with value: 0.0006814161790922905.[0m
[32m[I 2025-01-15 17:24:26,912][0m Trial 49 finished with value: 0.025426633313626927 and parameters: {'observation_period_num': 95, 'train_rates': 0.8695604177882308, 'learning_rate': 1.4265420316957837e-05, 'batch_size': 22, 'step_size': 11, 'gamma': 0.84022430232058}. Best is trial 9 with value: 0.0006814161790922905.[0m
[32m[I 2025-01-15 17:24:26,918][0m A new study created in memory with name: no-name-8e3a68f9-1c35-42f7-a248-34f3d61f5344[0m
[32m[I 2025-01-15 17:25:00,734][0m Trial 0 finished with value: 0.6097804307937622 and parameters: {'observation_period_num': 46, 'train_rates': 0.9427851953242745, 'learning_rate': 5.111358459206708e-06, 'batch_size': 169, 'step_size': 2, 'gamma': 0.9460562141931319}. Best is trial 0 with value: 0.6097804307937622.[0m
[32m[I 2025-01-15 17:25:46,897][0m Trial 1 finished with value: 0.026249963388680436 and parameters: {'observation_period_num': 128, 'train_rates': 0.7408113184019203, 'learning_rate': 0.00024761725128702417, 'batch_size': 98, 'step_size': 15, 'gamma': 0.956053126312091}. Best is trial 1 with value: 0.026249963388680436.[0m
[32m[I 2025-01-15 17:26:09,394][0m Trial 2 finished with value: 0.026310551911592484 and parameters: {'observation_period_num': 94, 'train_rates': 0.9164329226860946, 'learning_rate': 4.4529759884869716e-05, 'batch_size': 250, 'step_size': 13, 'gamma': 0.9717538358749496}. Best is trial 1 with value: 0.026249963388680436.[0m
[32m[I 2025-01-15 17:26:49,156][0m Trial 3 finished with value: 0.30086662741097353 and parameters: {'observation_period_num': 31, 'train_rates': 0.7618978537513577, 'learning_rate': 5.9065907390768054e-06, 'batch_size': 122, 'step_size': 6, 'gamma': 0.9829731800792911}. Best is trial 1 with value: 0.026249963388680436.[0m
[32m[I 2025-01-15 17:27:18,602][0m Trial 4 finished with value: 0.021337512040547298 and parameters: {'observation_period_num': 149, 'train_rates': 0.836822113930047, 'learning_rate': 0.00011889349992078824, 'batch_size': 171, 'step_size': 14, 'gamma': 0.8492048991946586}. Best is trial 4 with value: 0.021337512040547298.[0m
[32m[I 2025-01-15 17:27:40,657][0m Trial 5 finished with value: 0.07081135554076398 and parameters: {'observation_period_num': 151, 'train_rates': 0.7065673072926651, 'learning_rate': 3.903786505969031e-05, 'batch_size': 207, 'step_size': 9, 'gamma': 0.9229571938478024}. Best is trial 4 with value: 0.021337512040547298.[0m
[32m[I 2025-01-15 17:28:18,183][0m Trial 6 finished with value: 0.49527050038375475 and parameters: {'observation_period_num': 32, 'train_rates': 0.8618888002866671, 'learning_rate': 5.323985801018062e-06, 'batch_size': 146, 'step_size': 6, 'gamma': 0.899214776245747}. Best is trial 4 with value: 0.021337512040547298.[0m
[32m[I 2025-01-15 17:28:42,484][0m Trial 7 finished with value: 1.1296057057206648 and parameters: {'observation_period_num': 19, 'train_rates': 0.6738125436512713, 'learning_rate': 3.154292761892267e-06, 'batch_size': 196, 'step_size': 2, 'gamma': 0.8970852205589408}. Best is trial 4 with value: 0.021337512040547298.[0m
[32m[I 2025-01-15 17:29:05,813][0m Trial 8 finished with value: 0.010678218313364447 and parameters: {'observation_period_num': 47, 'train_rates': 0.8432103146251904, 'learning_rate': 0.0005456647060214017, 'batch_size': 224, 'step_size': 14, 'gamma': 0.7787205477284566}. Best is trial 8 with value: 0.010678218313364447.[0m
[32m[I 2025-01-15 17:31:06,231][0m Trial 9 finished with value: 0.058942179661244154 and parameters: {'observation_period_num': 206, 'train_rates': 0.6789021159232069, 'learning_rate': 9.841333503691718e-05, 'batch_size': 34, 'step_size': 14, 'gamma': 0.9420437928367733}. Best is trial 8 with value: 0.010678218313364447.[0m
[32m[I 2025-01-15 17:31:22,760][0m Trial 10 finished with value: 0.17164547747092931 and parameters: {'observation_period_num': 90, 'train_rates': 0.6111540265843033, 'learning_rate': 0.0006227688011923518, 'batch_size': 251, 'step_size': 10, 'gamma': 0.7675569972161926}. Best is trial 8 with value: 0.010678218313364447.[0m
[32m[I 2025-01-15 17:31:48,089][0m Trial 11 finished with value: 0.012382701700688272 and parameters: {'observation_period_num': 200, 'train_rates': 0.8498871562880741, 'learning_rate': 0.0008323815675912395, 'batch_size': 206, 'step_size': 12, 'gamma': 0.8156990329701352}. Best is trial 8 with value: 0.010678218313364447.[0m
[32m[I 2025-01-15 17:32:11,701][0m Trial 12 finished with value: 0.013613203836415531 and parameters: {'observation_period_num': 243, 'train_rates': 0.8262161011000718, 'learning_rate': 0.0009300883175594974, 'batch_size': 214, 'step_size': 11, 'gamma': 0.7959206399502562}. Best is trial 8 with value: 0.010678218313364447.[0m
[32m[I 2025-01-15 17:32:34,587][0m Trial 13 finished with value: 0.010078311815030045 and parameters: {'observation_period_num': 200, 'train_rates': 0.8860101596829457, 'learning_rate': 0.00032316873236621805, 'batch_size': 229, 'step_size': 12, 'gamma': 0.8305523758934874}. Best is trial 13 with value: 0.010078311815030045.[0m
[32m[I 2025-01-15 17:33:55,816][0m Trial 14 finished with value: 0.010524803772568703 and parameters: {'observation_period_num': 79, 'train_rates': 0.9721647836216377, 'learning_rate': 0.0002211402653349627, 'batch_size': 69, 'step_size': 7, 'gamma': 0.8366705037508679}. Best is trial 13 with value: 0.010078311815030045.[0m
[32m[I 2025-01-15 17:35:29,119][0m Trial 15 finished with value: 0.019389247732056726 and parameters: {'observation_period_num': 84, 'train_rates': 0.9571650881178857, 'learning_rate': 0.00013269568654107722, 'batch_size': 60, 'step_size': 6, 'gamma': 0.8453764656553395}. Best is trial 13 with value: 0.010078311815030045.[0m
