[32m[I 2025-01-15 19:01:16,736][0m Trial 32 finished with value: 0.0019276929087936878 and parameters: {'observation_period_num': 237, 'train_rates': 0.9857691149140159, 'learning_rate': 0.0005677024752281113, 'batch_size': 231, 'step_size': 15, 'gamma': 0.8090953164859439}. Best is trial 17 with value: 0.000846400804303951.[0m
[32m[I 2025-01-15 19:01:42,227][0m Trial 33 finished with value: 0.002387341810390353 and parameters: {'observation_period_num': 238, 'train_rates': 0.9682331858701643, 'learning_rate': 0.0006579334801617732, 'batch_size': 238, 'step_size': 11, 'gamma': 0.8132930130920807}. Best is trial 17 with value: 0.000846400804303951.[0m
[32m[I 2025-01-15 19:02:11,776][0m Trial 34 finished with value: 0.018326101824641228 and parameters: {'observation_period_num': 191, 'train_rates': 0.9881580491697926, 'learning_rate': 0.00017080373448374677, 'batch_size': 205, 'step_size': 14, 'gamma': 0.9077825084854694}. Best is trial 17 with value: 0.000846400804303951.[0m
[32m[I 2025-01-15 19:02:32,917][0m Trial 35 finished with value: 0.002324766479432583 and parameters: {'observation_period_num': 213, 'train_rates': 0.9221399340269354, 'learning_rate': 0.00033809494284363443, 'batch_size': 256, 'step_size': 13, 'gamma': 0.8872466460357308}. Best is trial 17 with value: 0.000846400804303951.[0m
[32m[I 2025-01-15 19:03:06,762][0m Trial 36 finished with value: 0.004196052787139908 and parameters: {'observation_period_num': 252, 'train_rates': 0.8935606101460511, 'learning_rate': 0.0007028534409495265, 'batch_size': 157, 'step_size': 8, 'gamma': 0.9354588587121271}. Best is trial 17 with value: 0.000846400804303951.[0m
[32m[I 2025-01-15 19:03:32,226][0m Trial 37 finished with value: 0.0052261012606322765 and parameters: {'observation_period_num': 163, 'train_rates': 0.9607208064749072, 'learning_rate': 0.00040413623243020625, 'batch_size': 229, 'step_size': 7, 'gamma': 0.7935359867888122}. Best is trial 17 with value: 0.000846400804303951.[0m
[32m[I 2025-01-15 19:04:00,536][0m Trial 38 finished with value: 0.00745823281403217 and parameters: {'observation_period_num': 129, 'train_rates': 0.840884063286597, 'learning_rate': 0.0002265041050533826, 'batch_size': 185, 'step_size': 2, 'gamma': 0.9435704195496509}. Best is trial 17 with value: 0.000846400804303951.[0m
[32m[I 2025-01-15 19:04:25,105][0m Trial 39 finished with value: 0.012746504109611015 and parameters: {'observation_period_num': 238, 'train_rates': 0.8143769994302076, 'learning_rate': 0.0001081011248150077, 'batch_size': 207, 'step_size': 4, 'gamma': 0.873319302431095}. Best is trial 17 with value: 0.000846400804303951.[0m
[32m[I 2025-01-15 19:05:05,790][0m Trial 40 finished with value: 0.0015917222583049966 and parameters: {'observation_period_num': 194, 'train_rates': 0.8471626771223675, 'learning_rate': 0.0009387914019385028, 'batch_size': 127, 'step_size': 13, 'gamma': 0.7687424669659505}. Best is trial 17 with value: 0.000846400804303951.[0m
[32m[I 2025-01-15 19:05:46,621][0m Trial 41 finished with value: 0.0014296077778607147 and parameters: {'observation_period_num': 207, 'train_rates': 0.8471577317413213, 'learning_rate': 0.0009762802372736323, 'batch_size': 127, 'step_size': 13, 'gamma': 0.7730608011799958}. Best is trial 17 with value: 0.000846400804303951.[0m
[32m[I 2025-01-15 19:06:28,882][0m Trial 42 finished with value: 0.0012612595602267368 and parameters: {'observation_period_num': 183, 'train_rates': 0.8470787122084306, 'learning_rate': 0.000931155891748398, 'batch_size': 121, 'step_size': 13, 'gamma': 0.7655453603135869}. Best is trial 17 with value: 0.000846400804303951.[0m
[32m[I 2025-01-15 19:07:20,025][0m Trial 43 finished with value: 0.002217703309478396 and parameters: {'observation_period_num': 182, 'train_rates': 0.830056149792665, 'learning_rate': 0.00043523091906844715, 'batch_size': 96, 'step_size': 11, 'gamma': 0.7785261295774832}. Best is trial 17 with value: 0.000846400804303951.[0m
[32m[I 2025-01-15 19:07:53,280][0m Trial 44 finished with value: 0.00390546075398521 and parameters: {'observation_period_num': 158, 'train_rates': 0.7631626023222037, 'learning_rate': 0.0007572400913782901, 'batch_size': 152, 'step_size': 11, 'gamma': 0.7610591456924634}. Best is trial 17 with value: 0.000846400804303951.[0m
[32m[I 2025-01-15 19:08:37,594][0m Trial 45 finished with value: 0.0029618503884999547 and parameters: {'observation_period_num': 205, 'train_rates': 0.8761609397658086, 'learning_rate': 0.0007598824248697072, 'batch_size': 115, 'step_size': 12, 'gamma': 0.7848183853753588}. Best is trial 17 with value: 0.000846400804303951.[0m
[32m[I 2025-01-15 19:09:43,223][0m Trial 46 finished with value: 0.001525865699450421 and parameters: {'observation_period_num': 179, 'train_rates': 0.8546006834139901, 'learning_rate': 0.0002943810208993809, 'batch_size': 78, 'step_size': 14, 'gamma': 0.8008715887222945}. Best is trial 17 with value: 0.000846400804303951.[0m
[32m[I 2025-01-15 19:11:17,317][0m Trial 47 finished with value: 0.00195597600643091 and parameters: {'observation_period_num': 134, 'train_rates': 0.7938576914836699, 'learning_rate': 0.0003062915558672572, 'batch_size': 52, 'step_size': 14, 'gamma': 0.8033109231045725}. Best is trial 17 with value: 0.000846400804303951.[0m
[32m[I 2025-01-15 19:12:08,738][0m Trial 48 finished with value: 0.009919177169279779 and parameters: {'observation_period_num': 178, 'train_rates': 0.610677498402541, 'learning_rate': 0.0005218905032528761, 'batch_size': 79, 'step_size': 13, 'gamma': 0.7649085399681541}. Best is trial 17 with value: 0.000846400804303951.[0m
[32m[I 2025-01-15 19:13:02,084][0m Trial 49 finished with value: 0.04286458174423348 and parameters: {'observation_period_num': 26, 'train_rates': 0.857862839870157, 'learning_rate': 1.542284917102141e-05, 'batch_size': 102, 'step_size': 14, 'gamma': 0.8258370593319783}. Best is trial 17 with value: 0.000846400804303951.[0m
[32m[I 2025-01-15 19:13:02,090][0m A new study created in memory with name: no-name-c8478b6f-4b47-41d8-8c8b-84a616f1bb30[0m
[32m[I 2025-01-15 19:13:42,395][0m Trial 0 finished with value: 0.033605200384227145 and parameters: {'observation_period_num': 121, 'train_rates': 0.7182179178344582, 'learning_rate': 8.258151686899721e-06, 'batch_size': 117, 'step_size': 15, 'gamma': 0.81896295460148}. Best is trial 0 with value: 0.033605200384227145.[0m
[32m[I 2025-01-15 19:15:30,532][0m Trial 1 finished with value: 0.0065109493995339895 and parameters: {'observation_period_num': 176, 'train_rates': 0.7186129610205986, 'learning_rate': 0.00020104969061173164, 'batch_size': 41, 'step_size': 8, 'gamma': 0.8047295717113346}. Best is trial 1 with value: 0.0065109493995339895.[0m
[32m[I 2025-01-15 19:16:00,021][0m Trial 2 finished with value: 0.021342684103789943 and parameters: {'observation_period_num': 172, 'train_rates': 0.7430146007945867, 'learning_rate': 4.0271220194430365e-05, 'batch_size': 161, 'step_size': 4, 'gamma': 0.8736571842841634}. Best is trial 1 with value: 0.0065109493995339895.[0m
[32m[I 2025-01-15 19:16:20,592][0m Trial 3 finished with value: 0.5047914020869196 and parameters: {'observation_period_num': 97, 'train_rates': 0.7772026244769794, 'learning_rate': 1.9949048985239207e-06, 'batch_size': 247, 'step_size': 6, 'gamma': 0.9444245245232159}. Best is trial 1 with value: 0.0065109493995339895.[0m
[32m[I 2025-01-15 19:18:52,068][0m Trial 4 finished with value: 0.0055509091334459675 and parameters: {'observation_period_num': 89, 'train_rates': 0.7538570749395634, 'learning_rate': 0.00017466396708185728, 'batch_size': 31, 'step_size': 7, 'gamma': 0.8436737618153296}. Best is trial 4 with value: 0.0055509091334459675.[0m
[32m[I 2025-01-15 19:19:20,777][0m Trial 5 finished with value: 0.08496972026491384 and parameters: {'observation_period_num': 198, 'train_rates': 0.802603905945817, 'learning_rate': 5.848534510139327e-06, 'batch_size': 181, 'step_size': 7, 'gamma': 0.8385076544044743}. Best is trial 4 with value: 0.0055509091334459675.[0m
[32m[I 2025-01-15 19:20:06,335][0m Trial 6 finished with value: 0.011648387296965983 and parameters: {'observation_period_num': 149, 'train_rates': 0.7877978130275471, 'learning_rate': 0.00016445424144244372, 'batch_size': 107, 'step_size': 14, 'gamma': 0.9037938260149224}. Best is trial 4 with value: 0.0055509091334459675.[0m
[32m[I 2025-01-15 19:21:43,999][0m Trial 7 finished with value: 0.038981935135259785 and parameters: {'observation_period_num': 140, 'train_rates': 0.6033809514364028, 'learning_rate': 4.1305207637229356e-06, 'batch_size': 41, 'step_size': 10, 'gamma': 0.8950500661004313}. Best is trial 4 with value: 0.0055509091334459675.[0m
[32m[I 2025-01-15 19:22:09,340][0m Trial 8 finished with value: 0.1257830113172531 and parameters: {'observation_period_num': 173, 'train_rates': 0.9738561320691852, 'learning_rate': 2.4276490149922826e-06, 'batch_size': 235, 'step_size': 5, 'gamma': 0.889096993064868}. Best is trial 4 with value: 0.0055509091334459675.[0m
[32m[I 2025-01-15 19:22:37,809][0m Trial 9 finished with value: 0.011826046772571853 and parameters: {'observation_period_num': 213, 'train_rates': 0.6389228641053121, 'learning_rate': 0.00033890129359115504, 'batch_size': 154, 'step_size': 10, 'gamma': 0.9340320522207786}. Best is trial 4 with value: 0.0055509091334459675.[0m
[32m[I 2025-01-15 19:23:28,401][0m Trial 10 finished with value: 0.012324346229434013 and parameters: {'observation_period_num': 21, 'train_rates': 0.9874876131515868, 'learning_rate': 4.119580762232312e-05, 'batch_size': 73, 'step_size': 1, 'gamma': 0.7719588469489524}. Best is trial 4 with value: 0.0055509091334459675.[0m
[32m[I 2025-01-15 19:27:29,509][0m Trial 11 finished with value: 0.0016989278596947375 and parameters: {'observation_period_num': 58, 'train_rates': 0.8809663462872088, 'learning_rate': 0.0009635758970988691, 'batch_size': 22, 'step_size': 10, 'gamma': 0.7791896452043218}. Best is trial 11 with value: 0.0016989278596947375.[0m
[32m[I 2025-01-15 19:30:27,646][0m Trial 12 finished with value: 0.0005344407951785947 and parameters: {'observation_period_num': 64, 'train_rates': 0.8842516136390389, 'learning_rate': 0.0009632608188008811, 'batch_size': 30, 'step_size': 11, 'gamma': 0.760763013741453}. Best is trial 12 with value: 0.0005344407951785947.[0m
[32m[I 2025-01-15 19:35:59,228][0m Trial 13 finished with value: 0.00040141496199360457 and parameters: {'observation_period_num': 41, 'train_rates': 0.8881070146578438, 'learning_rate': 0.0006927823294513149, 'batch_size': 16, 'step_size': 12, 'gamma': 0.752262676548897}. Best is trial 13 with value: 0.00040141496199360457.[0m
[32m[I 2025-01-15 19:37:06,150][0m Trial 14 finished with value: 0.007931858484516852 and parameters: {'observation_period_num': 20, 'train_rates': 0.8913022041356072, 'learning_rate': 0.0008221313334260183, 'batch_size': 84, 'step_size': 13, 'gamma': 0.7519997930482032}. Best is trial 13 with value: 0.00040141496199360457.[0m
[32m[I 2025-01-15 19:38:25,589][0m Trial 15 finished with value: 0.0038173953851824895 and parameters: {'observation_period_num': 55, 'train_rates': 0.8809764900783614, 'learning_rate': 0.00044145164307353777, 'batch_size': 68, 'step_size': 12, 'gamma': 0.9738670503968984}. Best is trial 13 with value: 0.00040141496199360457.[0m
[32m[I 2025-01-15 19:39:54,073][0m Trial 16 finished with value: 0.01204950381450507 and parameters: {'observation_period_num': 51, 'train_rates': 0.9327610914009774, 'learning_rate': 6.785155887808182e-05, 'batch_size': 64, 'step_size': 12, 'gamma': 0.7948463307777599}. Best is trial 13 with value: 0.00040141496199360457.[0m
[32m[I 2025-01-15 19:40:22,245][0m Trial 17 finished with value: 0.01402025338041795 and parameters: {'observation_period_num': 8, 'train_rates': 0.839734391163224, 'learning_rate': 7.816100743637741e-05, 'batch_size': 194, 'step_size': 11, 'gamma': 0.7601618010478475}. Best is trial 13 with value: 0.00040141496199360457.[0m
[32m[I 2025-01-15 19:41:16,450][0m Trial 18 finished with value: 0.040509446195108975 and parameters: {'observation_period_num': 83, 'train_rates': 0.9302523806558592, 'learning_rate': 1.1101805709184965e-05, 'batch_size': 106, 'step_size': 15, 'gamma': 0.834356866939423}. Best is trial 13 with value: 0.00040141496199360457.[0m
[32m[I 2025-01-15 19:45:06,706][0m Trial 19 finished with value: 0.013172555820677768 and parameters: {'observation_period_num': 38, 'train_rates': 0.8343602982863003, 'learning_rate': 1.8879975478551437e-05, 'batch_size': 22, 'step_size': 9, 'gamma': 0.7898078805846088}. Best is trial 13 with value: 0.00040141496199360457.[0m
[32m[I 2025-01-15 19:46:44,947][0m Trial 20 finished with value: 0.00782623469399718 and parameters: {'observation_period_num': 236, 'train_rates': 0.9284282433018789, 'learning_rate': 0.0004557988802358725, 'batch_size': 53, 'step_size': 13, 'gamma': 0.751099835291568}. Best is trial 13 with value: 0.00040141496199360457.[0m
[32m[I 2025-01-15 19:50:51,782][0m Trial 21 finished with value: 0.12892708232998848 and parameters: {'observation_period_num': 66, 'train_rates': 0.8704788921024539, 'learning_rate': 0.0009852337078658483, 'batch_size': 21, 'step_size': 10, 'gamma': 0.7758023041579648}. Best is trial 13 with value: 0.00040141496199360457.[0m
[32m[I 2025-01-15 19:55:33,471][0m Trial 22 finished with value: 0.0023624541051889157 and parameters: {'observation_period_num': 72, 'train_rates': 0.8414647527691672, 'learning_rate': 0.000584442637196718, 'batch_size': 18, 'step_size': 11, 'gamma': 0.7804883661476408}. Best is trial 13 with value: 0.00040141496199360457.[0m
[32m[I 2025-01-15 19:57:29,989][0m Trial 23 finished with value: 0.005873119848979613 and parameters: {'observation_period_num': 37, 'train_rates': 0.9215614694858135, 'learning_rate': 0.00026419660198549456, 'batch_size': 48, 'step_size': 9, 'gamma': 0.8079273666115984}. Best is trial 13 with value: 0.00040141496199360457.[0m
[32m[I 2025-01-15 19:58:36,960][0m Trial 24 finished with value: 0.002252108014180342 and parameters: {'observation_period_num': 108, 'train_rates': 0.8828191967871066, 'learning_rate': 0.0009970009247152508, 'batch_size': 79, 'step_size': 12, 'gamma': 0.7705513438043456}. Best is trial 13 with value: 0.00040141496199360457.[0m
[32m[I 2025-01-15 20:04:09,057][0m Trial 25 finished with value: 0.0021526069752253857 and parameters: {'observation_period_num': 39, 'train_rates': 0.9613068152357092, 'learning_rate': 9.480046841530161e-05, 'batch_size': 17, 'step_size': 13, 'gamma': 0.8155804167009714}. Best is trial 13 with value: 0.00040141496199360457.[0m
[32m[I 2025-01-15 20:05:42,102][0m Trial 26 finished with value: 0.0036311951356078937 and parameters: {'observation_period_num': 66, 'train_rates': 0.816648038018033, 'learning_rate': 0.0005581266557248011, 'batch_size': 54, 'step_size': 9, 'gamma': 0.8528658881672057}. Best is trial 13 with value: 0.00040141496199360457.[0m
[32m[I 2025-01-15 20:06:40,107][0m Trial 27 finished with value: 0.0071955585936931046 and parameters: {'observation_period_num': 108, 'train_rates': 0.9037047740725938, 'learning_rate': 0.00013314014995019662, 'batch_size': 93, 'step_size': 11, 'gamma': 0.7880417285621928}. Best is trial 13 with value: 0.00040141496199360457.[0m
[32m[I 2025-01-15 20:07:20,680][0m Trial 28 finished with value: 0.012648486381984136 and parameters: {'observation_period_num': 7, 'train_rates': 0.8615305353587385, 'learning_rate': 0.00030607587456191605, 'batch_size': 134, 'step_size': 14, 'gamma': 0.7661879563192994}. Best is trial 13 with value: 0.00040141496199360457.[0m
[32m[I 2025-01-15 20:09:56,990][0m Trial 29 finished with value: 0.0032747318513098767 and parameters: {'observation_period_num': 82, 'train_rates': 0.9619031537970654, 'learning_rate': 0.000563213599588382, 'batch_size': 36, 'step_size': 15, 'gamma': 0.8224791045713963}. Best is trial 13 with value: 0.00040141496199360457.[0m
[32m[I 2025-01-15 20:11:10,423][0m Trial 30 finished with value: 0.023454256861162915 and parameters: {'observation_period_num': 129, 'train_rates': 0.6768172485401655, 'learning_rate': 0.0007022676845741825, 'batch_size': 59, 'step_size': 2, 'gamma': 0.7503731318410231}. Best is trial 13 with value: 0.00040141496199360457.[0m
[32m[I 2025-01-15 20:16:24,042][0m Trial 31 finished with value: 0.006495872397952881 and parameters: {'observation_period_num': 39, 'train_rates': 0.9582555222897552, 'learning_rate': 7.064890362107184e-05, 'batch_size': 18, 'step_size': 13, 'gamma': 0.8067274841348158}. Best is trial 13 with value: 0.00040141496199360457.[0m
[32m[I 2025-01-15 20:19:04,368][0m Trial 32 finished with value: 0.005637193199587072 and parameters: {'observation_period_num': 49, 'train_rates': 0.9097899025030501, 'learning_rate': 0.00010722151591132325, 'batch_size': 34, 'step_size': 14, 'gamma': 0.8138033355931262}. Best is trial 13 with value: 0.00040141496199360457.[0m
[32m[I 2025-01-15 20:21:34,682][0m Trial 33 finished with value: 0.004755118486585377 and parameters: {'observation_period_num': 25, 'train_rates': 0.9528811525916377, 'learning_rate': 0.0003043089690828554, 'batch_size': 38, 'step_size': 12, 'gamma': 0.792821116619431}. Best is trial 13 with value: 0.00040141496199360457.[0m
[32m[I 2025-01-15 20:24:39,677][0m Trial 34 finished with value: 0.011913252715253043 and parameters: {'observation_period_num': 65, 'train_rates': 0.8610808071190615, 'learning_rate': 2.3665934057449372e-05, 'batch_size': 28, 'step_size': 8, 'gamma': 0.8262227301043299}. Best is trial 13 with value: 0.00040141496199360457.[0m
[32m[I 2025-01-15 20:26:44,632][0m Trial 35 finished with value: 0.006496818736195564 and parameters: {'observation_period_num': 32, 'train_rates': 0.9896219378382265, 'learning_rate': 0.00022077646177735027, 'batch_size': 47, 'step_size': 11, 'gamma': 0.8690812800557473}. Best is trial 13 with value: 0.00040141496199360457.[0m
[32m[I 2025-01-15 20:27:29,089][0m Trial 36 finished with value: 0.004217579229069608 and parameters: {'observation_period_num': 96, 'train_rates': 0.8998058894067869, 'learning_rate': 0.0003981211957055064, 'batch_size': 128, 'step_size': 8, 'gamma': 0.799521154855864}. Best is trial 13 with value: 0.00040141496199360457.[0m
[32m[I 2025-01-15 20:28:28,556][0m Trial 37 finished with value: 0.0013424519020419732 and parameters: {'observation_period_num': 52, 'train_rates': 0.9454350455541523, 'learning_rate': 0.0007251758109350337, 'batch_size': 95, 'step_size': 13, 'gamma': 0.7775183938728013}. Best is trial 13 with value: 0.00040141496199360457.[0m
[32m[I 2025-01-15 20:29:23,065][0m Trial 38 finished with value: 0.004093439242861627 and parameters: {'observation_period_num': 109, 'train_rates': 0.7621383466369919, 'learning_rate': 0.0006959619212076139, 'batch_size': 89, 'step_size': 10, 'gamma': 0.7811576103615738}. Best is trial 13 with value: 0.00040141496199360457.[0m
[32m[I 2025-01-15 20:30:14,765][0m Trial 39 finished with value: 0.009038493268191814 and parameters: {'observation_period_num': 158, 'train_rates': 0.8215252621416825, 'learning_rate': 0.00020903292731727998, 'batch_size': 97, 'step_size': 6, 'gamma': 0.7612191580438941}. Best is trial 13 with value: 0.00040141496199360457.[0m
[32m[I 2025-01-15 20:30:41,080][0m Trial 40 finished with value: 0.13684076930735714 and parameters: {'observation_period_num': 56, 'train_rates': 0.8524305986565152, 'learning_rate': 1.453894309453743e-06, 'batch_size': 207, 'step_size': 14, 'gamma': 0.8570863608879884}. Best is trial 13 with value: 0.00040141496199360457.[0m
[32m[I 2025-01-15 20:33:45,432][0m Trial 41 finished with value: 0.004800266176195234 and parameters: {'observation_period_num': 76, 'train_rates': 0.9456326481238742, 'learning_rate': 0.0007696253777283421, 'batch_size': 30, 'step_size': 13, 'gamma': 0.7652066970207703}. Best is trial 13 with value: 0.00040141496199360457.[0m
[32m[I 2025-01-15 20:35:49,363][0m Trial 42 finished with value: 0.0013124552245876457 and parameters: {'observation_period_num': 46, 'train_rates': 0.9145393414611447, 'learning_rate': 0.0004178078898262386, 'batch_size': 44, 'step_size': 12, 'gamma': 0.7828214057818974}. Best is trial 13 with value: 0.00040141496199360457.[0m
[32m[I 2025-01-15 20:37:34,514][0m Trial 43 finished with value: 0.0036378606889104726 and parameters: {'observation_period_num': 51, 'train_rates': 0.7193291942555307, 'learning_rate': 0.00044445949264001414, 'batch_size': 44, 'step_size': 11, 'gamma': 0.7810259838979599}. Best is trial 13 with value: 0.00040141496199360457.[0m
[32m[I 2025-01-15 20:38:22,996][0m Trial 44 finished with value: 0.010381681844592094 and parameters: {'observation_period_num': 17, 'train_rates': 0.9144807057767176, 'learning_rate': 0.0008458528369665409, 'batch_size': 118, 'step_size': 12, 'gamma': 0.7657467726908054}. Best is trial 13 with value: 0.00040141496199360457.[0m
[32m[I 2025-01-15 20:38:58,877][0m Trial 45 finished with value: 0.008911880119362982 and parameters: {'observation_period_num': 61, 'train_rates': 0.8869433080388041, 'learning_rate': 0.00015874874554449174, 'batch_size': 158, 'step_size': 10, 'gamma': 0.785077863491955}. Best is trial 13 with value: 0.00040141496199360457.[0m
[32m[I 2025-01-15 20:40:07,718][0m Trial 46 finished with value: 0.002865156993860952 and parameters: {'observation_period_num': 91, 'train_rates': 0.8729964937955074, 'learning_rate': 0.0005584915315614857, 'batch_size': 77, 'step_size': 9, 'gamma': 0.800214099474827}. Best is trial 13 with value: 0.00040141496199360457.[0m
