[32m[I 2025-01-06 16:27:43,306][0m Trial 15 finished with value: 0.053631294202017836 and parameters: {'observation_period_num': 36, 'train_rates': 0.8469401451010665, 'learning_rate': 3.202893054938033e-05, 'batch_size': 88, 'step_size': 13, 'gamma': 0.9389738063982396}. Best is trial 13 with value: 0.04154044630246478.[0m
[32m[I 2025-01-06 16:30:14,804][0m Trial 16 finished with value: 0.06626544882398677 and parameters: {'observation_period_num': 74, 'train_rates': 0.8258488150720529, 'learning_rate': 9.857137079145302e-06, 'batch_size': 59, 'step_size': 10, 'gamma': 0.9045275013583841}. Best is trial 13 with value: 0.04154044630246478.[0m
[32m[I 2025-01-06 16:31:47,248][0m Trial 17 finished with value: 0.1111401884240399 and parameters: {'observation_period_num': 10, 'train_rates': 0.9128467122785586, 'learning_rate': 1.678070055065961e-06, 'batch_size': 170, 'step_size': 14, 'gamma': 0.9554488084796265}. Best is trial 13 with value: 0.04154044630246478.[0m
[32m[I 2025-01-06 16:33:35,987][0m Trial 18 finished with value: 0.055912852518318235 and parameters: {'observation_period_num': 64, 'train_rates': 0.9109138420681395, 'learning_rate': 3.760387779550941e-05, 'batch_size': 103, 'step_size': 10, 'gamma': 0.9089225432324218}. Best is trial 13 with value: 0.04154044630246478.[0m
[32m[I 2025-01-06 16:36:23,013][0m Trial 19 finished with value: 0.07323895457497781 and parameters: {'observation_period_num': 99, 'train_rates': 0.8210875738725759, 'learning_rate': 1.0878444162812642e-05, 'batch_size': 52, 'step_size': 13, 'gamma': 0.8427541622367802}. Best is trial 13 with value: 0.04154044630246478.[0m
[32m[I 2025-01-06 16:38:06,816][0m Trial 20 finished with value: 0.0499051442144769 and parameters: {'observation_period_num': 31, 'train_rates': 0.8670195991089004, 'learning_rate': 7.34249508692472e-05, 'batch_size': 169, 'step_size': 5, 'gamma': 0.9512160363765847}. Best is trial 13 with value: 0.04154044630246478.[0m
[32m[I 2025-01-06 16:39:52,841][0m Trial 21 finished with value: 0.05566304938893923 and parameters: {'observation_period_num': 29, 'train_rates': 0.8785480245784335, 'learning_rate': 7.33740660243563e-05, 'batch_size': 254, 'step_size': 5, 'gamma': 0.9555761781999382}. Best is trial 13 with value: 0.04154044630246478.[0m
[32m[I 2025-01-06 16:42:01,015][0m Trial 22 finished with value: 0.06924820658597318 and parameters: {'observation_period_num': 49, 'train_rates': 0.937600373734212, 'learning_rate': 1.8765452482507657e-05, 'batch_size': 166, 'step_size': 3, 'gamma': 0.9473148664561701}. Best is trial 13 with value: 0.04154044630246478.[0m
[32m[I 2025-01-06 16:43:46,683][0m Trial 23 finished with value: 0.08177585577642596 and parameters: {'observation_period_num': 6, 'train_rates': 0.8619182689809571, 'learning_rate': 3.6020073204573705e-06, 'batch_size': 167, 'step_size': 6, 'gamma': 0.9008003684093615}. Best is trial 13 with value: 0.04154044630246478.[0m
[32m[I 2025-01-06 16:48:10,110][0m Trial 24 finished with value: 0.03846107593399152 and parameters: {'observation_period_num': 30, 'train_rates': 0.893865866821741, 'learning_rate': 6.270732903724764e-05, 'batch_size': 36, 'step_size': 2, 'gamma': 0.9673405948440336}. Best is trial 24 with value: 0.03846107593399152.[0m
[32m[I 2025-01-06 16:52:27,360][0m Trial 25 finished with value: 0.06547588645480573 and parameters: {'observation_period_num': 58, 'train_rates': 0.94486505819683, 'learning_rate': 1.7293237126390106e-05, 'batch_size': 37, 'step_size': 1, 'gamma': 0.9716854230455064}. Best is trial 24 with value: 0.03846107593399152.[0m
[32m[I 2025-01-06 16:54:32,816][0m Trial 26 finished with value: 0.24076398895230405 and parameters: {'observation_period_num': 25, 'train_rates': 0.7651796632640872, 'learning_rate': 4.971320868130181e-06, 'batch_size': 68, 'step_size': 2, 'gamma': 0.9243173502034305}. Best is trial 24 with value: 0.03846107593399152.[0m
[32m[I 2025-01-06 16:58:22,836][0m Trial 27 finished with value: 0.16024057217398469 and parameters: {'observation_period_num': 89, 'train_rates': 0.8289195952748358, 'learning_rate': 1.1838192465419998e-06, 'batch_size': 38, 'step_size': 10, 'gamma': 0.8923327680016895}. Best is trial 24 with value: 0.03846107593399152.[0m
[32m[I 2025-01-06 17:00:38,300][0m Trial 28 finished with value: 0.08743333329374973 and parameters: {'observation_period_num': 149, 'train_rates': 0.8981082557682403, 'learning_rate': 6.672413437099716e-05, 'batch_size': 99, 'step_size': 14, 'gamma': 0.9685889765276592}. Best is trial 24 with value: 0.03846107593399152.[0m
[32m[I 2025-01-06 17:09:06,782][0m Trial 29 finished with value: 0.12990554650291872 and parameters: {'observation_period_num': 125, 'train_rates': 0.8523651717825044, 'learning_rate': 2.3618136986308557e-05, 'batch_size': 17, 'step_size': 13, 'gamma': 0.9884782039368969}. Best is trial 24 with value: 0.03846107593399152.[0m
[32m[I 2025-01-06 17:13:16,879][0m Trial 30 finished with value: 0.03433865415198462 and parameters: {'observation_period_num': 20, 'train_rates': 0.98574645833138, 'learning_rate': 1.2612189687041193e-05, 'batch_size': 41, 'step_size': 9, 'gamma': 0.9339254686918922}. Best is trial 30 with value: 0.03433865415198462.[0m
[32m[I 2025-01-06 17:17:12,102][0m Trial 31 finished with value: 0.045073844089701366 and parameters: {'observation_period_num': 20, 'train_rates': 0.96225966433249, 'learning_rate': 1.266788875100345e-05, 'batch_size': 43, 'step_size': 7, 'gamma': 0.9344568606900066}. Best is trial 30 with value: 0.03433865415198462.[0m
[32m[I 2025-01-06 17:20:57,501][0m Trial 32 finished with value: 0.07561615219822636 and parameters: {'observation_period_num': 51, 'train_rates': 0.9814340030485961, 'learning_rate': 7.119540760699792e-06, 'batch_size': 47, 'step_size': 6, 'gamma': 0.9155247573643371}. Best is trial 30 with value: 0.03433865415198462.[0m
[32m[I 2025-01-06 17:25:47,671][0m Trial 33 finished with value: 0.04115118134788351 and parameters: {'observation_period_num': 25, 'train_rates': 0.9411954609047303, 'learning_rate': 1.3155957826695449e-05, 'batch_size': 34, 'step_size': 7, 'gamma': 0.9647348336168254}. Best is trial 30 with value: 0.03433865415198462.[0m
[32m[I 2025-01-06 17:31:17,753][0m Trial 34 finished with value: 0.05343296162330257 and parameters: {'observation_period_num': 41, 'train_rates': 0.9323881158675331, 'learning_rate': 4.944330125511829e-05, 'batch_size': 29, 'step_size': 9, 'gamma': 0.965367747563628}. Best is trial 30 with value: 0.03433865415198462.[0m
[32m[I 2025-01-06 17:34:05,571][0m Trial 35 finished with value: 0.07231830688208107 and parameters: {'observation_period_num': 54, 'train_rates': 0.9561955388342772, 'learning_rate': 0.0001082938850587407, 'batch_size': 58, 'step_size': 4, 'gamma': 0.9679247181406598}. Best is trial 30 with value: 0.03433865415198462.[0m
[32m[I 2025-01-06 17:40:15,289][0m Trial 36 finished with value: 0.07594441385431723 and parameters: {'observation_period_num': 84, 'train_rates': 0.9846994773488175, 'learning_rate': 6.42537620140139e-06, 'batch_size': 26, 'step_size': 7, 'gamma': 0.9425410055589764}. Best is trial 30 with value: 0.03433865415198462.[0m
[32m[I 2025-01-06 17:41:52,697][0m Trial 37 finished with value: 0.21337040218005654 and parameters: {'observation_period_num': 26, 'train_rates': 0.6868253999142844, 'learning_rate': 3.1311039223316223e-06, 'batch_size': 93, 'step_size': 11, 'gamma': 0.8514555250489587}. Best is trial 30 with value: 0.03433865415198462.[0m
[32m[I 2025-01-06 17:44:17,029][0m Trial 38 finished with value: 0.07596758360098183 and parameters: {'observation_period_num': 107, 'train_rates': 0.9168130898346368, 'learning_rate': 1.2871298493367843e-05, 'batch_size': 68, 'step_size': 3, 'gamma': 0.9745695949080855}. Best is trial 30 with value: 0.03433865415198462.[0m
[32m[I 2025-01-06 17:46:09,561][0m Trial 39 finished with value: 0.043721589093495695 and parameters: {'observation_period_num': 7, 'train_rates': 0.9620345918963, 'learning_rate': 0.0008597158834278268, 'batch_size': 110, 'step_size': 9, 'gamma': 0.8825780141302545}. Best is trial 30 with value: 0.03433865415198462.[0m
[32m[I 2025-01-06 17:55:27,162][0m Trial 40 finished with value: 0.08124076789961411 and parameters: {'observation_period_num': 142, 'train_rates': 0.925964442097196, 'learning_rate': 3.6765848559495915e-05, 'batch_size': 16, 'step_size': 11, 'gamma': 0.9590863949378767}. Best is trial 30 with value: 0.03433865415198462.[0m
[32m[I 2025-01-06 17:57:53,879][0m Trial 41 finished with value: 0.034148340619455174 and parameters: {'observation_period_num': 7, 'train_rates': 0.9570966630688225, 'learning_rate': 0.0006828972698269891, 'batch_size': 116, 'step_size': 9, 'gamma': 0.881701989769117}. Best is trial 41 with value: 0.034148340619455174.[0m
[32m[I 2025-01-06 18:01:27,272][0m Trial 42 finished with value: 0.17205666681100806 and parameters: {'observation_period_num': 18, 'train_rates': 0.6040769165850889, 'learning_rate': 0.00035594468316095876, 'batch_size': 35, 'step_size': 9, 'gamma': 0.8676417367559406}. Best is trial 41 with value: 0.034148340619455174.[0m
[32m[I 2025-01-06 18:04:21,353][0m Trial 43 finished with value: 0.05272586293080274 and parameters: {'observation_period_num': 31, 'train_rates': 0.9013094007204698, 'learning_rate': 7.145430530200621e-06, 'batch_size': 63, 'step_size': 7, 'gamma': 0.9445903205314943}. Best is trial 41 with value: 0.034148340619455174.[0m
[32m[I 2025-01-06 18:06:47,519][0m Trial 44 finished with value: 0.05835367710978696 and parameters: {'observation_period_num': 42, 'train_rates': 0.9548192957606867, 'learning_rate': 0.0007943952931326514, 'batch_size': 118, 'step_size': 8, 'gamma': 0.9155379409644879}. Best is trial 41 with value: 0.034148340619455174.[0m
[32m[I 2025-01-06 18:08:50,393][0m Trial 45 finished with value: 0.11888454854488373 and parameters: {'observation_period_num': 225, 'train_rates': 0.9893790695039871, 'learning_rate': 0.0006616127906518043, 'batch_size': 150, 'step_size': 5, 'gamma': 0.8157008752310446}. Best is trial 41 with value: 0.034148340619455174.[0m
[32m[I 2025-01-06 18:12:17,208][0m Trial 46 finished with value: 0.03861676279417018 and parameters: {'observation_period_num': 17, 'train_rates': 0.9339835294349792, 'learning_rate': 0.0005717959402659206, 'batch_size': 49, 'step_size': 12, 'gamma': 0.7821212145751035}. Best is trial 41 with value: 0.034148340619455174.[0m
[32m[I 2025-01-06 18:14:04,188][0m Trial 47 finished with value: 0.10377228260040283 and parameters: {'observation_period_num': 181, 'train_rates': 0.9662021051113671, 'learning_rate': 0.0005241656371029928, 'batch_size': 199, 'step_size': 11, 'gamma': 0.7699043396254274}. Best is trial 41 with value: 0.034148340619455174.[0m
[32m[I 2025-01-06 18:20:20,649][0m Trial 48 finished with value: 0.03596980022217231 and parameters: {'observation_period_num': 18, 'train_rates': 0.9357391994943206, 'learning_rate': 0.0002574339741302211, 'batch_size': 26, 'step_size': 8, 'gamma': 0.7922196826128142}. Best is trial 41 with value: 0.034148340619455174.[0m
[32m[I 2025-01-06 18:23:47,776][0m Trial 49 finished with value: 0.06457462929681225 and parameters: {'observation_period_num': 64, 'train_rates': 0.9268833961600583, 'learning_rate': 0.00023447351612331698, 'batch_size': 49, 'step_size': 12, 'gamma': 0.7520661821560292}. Best is trial 41 with value: 0.034148340619455174.[0m
seasonal_0 „ÅÆÊúÄÈÅ©„Éè„Ç§„Éë„Éº„Éë„É©„É°„Éº„Çø„ÅåË¶ã„Å§„Åã„Çä„Åæ„Åó„Åü
ÊúÄÈÅ©ÂåñÂØæË±°: seasonal_1
[32m[I 2025-01-06 18:23:47,786][0m A new study created in memory with name: no-name-ca367a50-7902-49dc-962b-4d8931a78faf[0m
[32m[I 2025-01-06 18:25:25,243][0m Trial 0 finished with value: 0.24409418227703203 and parameters: {'observation_period_num': 146, 'train_rates': 0.6393038806932382, 'learning_rate': 0.0005428662102075509, 'batch_size': 233, 'step_size': 10, 'gamma': 0.8980064521907902}. Best is trial 0 with value: 0.24409418227703203.[0m
[32m[I 2025-01-06 18:26:59,410][0m Trial 1 finished with value: 0.065968968530451 and parameters: {'observation_period_num': 95, 'train_rates': 0.8453727763917643, 'learning_rate': 0.00017113152211106034, 'batch_size': 231, 'step_size': 13, 'gamma': 0.8033935987137553}. Best is trial 1 with value: 0.065968968530451.[0m
[32m[I 2025-01-06 18:33:36,674][0m Trial 2 finished with value: 0.4285618614127614 and parameters: {'observation_period_num': 224, 'train_rates': 0.6411652184563948, 'learning_rate': 1.0710210839472625e-06, 'batch_size': 17, 'step_size': 13, 'gamma': 0.8837044543974522}. Best is trial 1 with value: 0.065968968530451.[0m
[32m[I 2025-01-06 18:35:37,550][0m Trial 3 finished with value: 0.17409380374380426 and parameters: {'observation_period_num': 71, 'train_rates': 0.683121721568758, 'learning_rate': 0.0001243984390162121, 'batch_size': 89, 'step_size': 12, 'gamma': 0.7539605120635663}. Best is trial 1 with value: 0.065968968530451.[0m
[32m[I 2025-01-06 18:37:20,834][0m Trial 4 finished with value: 0.335604533702696 and parameters: {'observation_period_num': 195, 'train_rates': 0.7110284614444148, 'learning_rate': 7.791717947037855e-06, 'batch_size': 117, 'step_size': 13, 'gamma': 0.8539082503397143}. Best is trial 1 with value: 0.065968968530451.[0m
Early stopping at epoch 61
[32m[I 2025-01-06 18:38:39,566][0m Trial 5 finished with value: 1.259904876402799 and parameters: {'observation_period_num': 241, 'train_rates': 0.6794690293404131, 'learning_rate': 2.479903827138863e-06, 'batch_size': 108, 'step_size': 1, 'gamma': 0.8183658657005914}. Best is trial 1 with value: 0.065968968530451.[0m
[32m[I 2025-01-06 18:41:02,866][0m Trial 6 finished with value: 0.04102468768158122 and parameters: {'observation_period_num': 26, 'train_rates': 0.8098014014494239, 'learning_rate': 0.00017880657355772876, 'batch_size': 85, 'step_size': 10, 'gamma': 0.8182566697270969}. Best is trial 6 with value: 0.04102468768158122.[0m
[32m[I 2025-01-06 18:43:31,988][0m Trial 7 finished with value: 0.07210410995916887 and parameters: {'observation_period_num': 166, 'train_rates': 0.8976088972317725, 'learning_rate': 6.657763062760088e-05, 'batch_size': 65, 'step_size': 4, 'gamma': 0.8391494370329916}. Best is trial 6 with value: 0.04102468768158122.[0m
[32m[I 2025-01-06 18:45:53,273][0m Trial 8 finished with value: 0.10444150091455387 and parameters: {'observation_period_num': 185, 'train_rates': 0.8869369748486378, 'learning_rate': 0.00012683173378227276, 'batch_size': 73, 'step_size': 14, 'gamma': 0.8113881874851094}. Best is trial 6 with value: 0.04102468768158122.[0m
[32m[I 2025-01-06 18:49:59,741][0m Trial 9 finished with value: 0.10268946183033478 and parameters: {'observation_period_num': 142, 'train_rates': 0.8751835215502073, 'learning_rate': 0.0008899976855728714, 'batch_size': 36, 'step_size': 13, 'gamma': 0.8810807756903789}. Best is trial 6 with value: 0.04102468768158122.[0m
[32m[I 2025-01-06 18:52:02,054][0m Trial 10 finished with value: 0.057264044880867004 and parameters: {'observation_period_num': 24, 'train_rates': 0.9872772255697804, 'learning_rate': 1.6746712277061068e-05, 'batch_size': 171, 'step_size': 7, 'gamma': 0.9426257601447903}. Best is trial 6 with value: 0.04102468768158122.[0m
[32m[I 2025-01-06 18:54:07,469][0m Trial 11 finished with value: 0.05117727816104889 and parameters: {'observation_period_num': 7, 'train_rates': 0.9786777647865144, 'learning_rate': 1.6600381009277964e-05, 'batch_size': 173, 'step_size': 7, 'gamma': 0.9694705750324054}. Best is trial 6 with value: 0.04102468768158122.[0m
[32m[I 2025-01-06 18:56:09,185][0m Trial 12 finished with value: 0.18822301102654151 and parameters: {'observation_period_num': 5, 'train_rates': 0.7738210668861947, 'learning_rate': 1.9421119957423602e-05, 'batch_size': 172, 'step_size': 7, 'gamma': 0.9728216229412577}. Best is trial 6 with value: 0.04102468768158122.[0m
[32m[I 2025-01-06 18:58:30,040][0m Trial 13 finished with value: 0.10022500902414322 and parameters: {'observation_period_num': 62, 'train_rates': 0.9711151137596049, 'learning_rate': 4.5244368567427096e-05, 'batch_size': 160, 'step_size': 10, 'gamma': 0.9269674438711581}. Best is trial 6 with value: 0.04102468768158122.[0m
[32m[I 2025-01-06 19:00:38,134][0m Trial 14 finished with value: 0.13772334356780175 and parameters: {'observation_period_num': 42, 'train_rates': 0.7882655206163547, 'learning_rate': 6.947497719581222e-06, 'batch_size': 207, 'step_size': 5, 'gamma': 0.9893263867847994}. Best is trial 6 with value: 0.04102468768158122.[0m
[32m[I 2025-01-06 19:03:02,021][0m Trial 15 finished with value: 0.06196686632931232 and parameters: {'observation_period_num': 100, 'train_rates': 0.929930202278741, 'learning_rate': 0.00030246861328372737, 'batch_size': 142, 'step_size': 9, 'gamma': 0.7754608624087281}. Best is trial 6 with value: 0.04102468768158122.[0m
[32m[I 2025-01-06 19:04:47,615][0m Trial 16 finished with value: 0.051850000250207584 and parameters: {'observation_period_num': 11, 'train_rates': 0.8310275734887614, 'learning_rate': 3.0750269350616926e-05, 'batch_size': 200, 'step_size': 5, 'gamma': 0.917145500479513}. Best is trial 6 with value: 0.04102468768158122.[0m
[32m[I 2025-01-06 19:06:30,545][0m Trial 17 finished with value: 0.25708498244282457 and parameters: {'observation_period_num': 49, 'train_rates': 0.7373075535772456, 'learning_rate': 8.29016534158639e-06, 'batch_size': 131, 'step_size': 2, 'gamma': 0.9512361378997594}. Best is trial 6 with value: 0.04102468768158122.[0m
[32m[I 2025-01-06 19:09:26,567][0m Trial 18 finished with value: 0.0791343566090028 and parameters: {'observation_period_num': 95, 'train_rates': 0.9346791567614157, 'learning_rate': 6.953987654223291e-05, 'batch_size': 56, 'step_size': 11, 'gamma': 0.851692412622798}. Best is trial 6 with value: 0.04102468768158122.[0m
[32m[I 2025-01-06 19:11:36,518][0m Trial 19 finished with value: 0.0445134540517631 and parameters: {'observation_period_num': 35, 'train_rates': 0.8206915994354443, 'learning_rate': 0.0003013440488837715, 'batch_size': 91, 'step_size': 8, 'gamma': 0.7928503081169211}. Best is trial 6 with value: 0.04102468768158122.[0m
[32m[I 2025-01-06 19:13:32,041][0m Trial 20 finished with value: 0.06977851330846935 and parameters: {'observation_period_num': 119, 'train_rates': 0.8369825839811662, 'learning_rate': 0.00030787464381634136, 'batch_size': 96, 'step_size': 8, 'gamma': 0.7836482520436988}. Best is trial 6 with value: 0.04102468768158122.[0m
[32m[I 2025-01-06 19:15:12,623][0m Trial 21 finished with value: 0.17320680626716775 and parameters: {'observation_period_num': 29, 'train_rates': 0.7582413037546953, 'learning_rate': 0.00025855206514355835, 'batch_size': 142, 'step_size': 7, 'gamma': 0.8363038735742702}. Best is trial 6 with value: 0.04102468768158122.[0m
[32m[I 2025-01-06 19:17:17,676][0m Trial 22 finished with value: 0.06713359440666633 and parameters: {'observation_period_num': 67, 'train_rates': 0.8107470992785162, 'learning_rate': 0.0005829088092944974, 'batch_size': 89, 'step_size': 9, 'gamma': 0.786225713154519}. Best is trial 6 with value: 0.04102468768158122.[0m
[32m[I 2025-01-06 19:21:12,991][0m Trial 23 finished with value: 0.04675032926468074 and parameters: {'observation_period_num': 38, 'train_rates': 0.9326067982112702, 'learning_rate': 6.997141210997107e-05, 'batch_size': 42, 'step_size': 6, 'gamma': 0.7504322852686113}. Best is trial 6 with value: 0.04102468768158122.[0m
[32m[I 2025-01-06 19:24:48,056][0m Trial 24 finished with value: 0.05507934764611192 and parameters: {'observation_period_num': 40, 'train_rates': 0.8684935105340231, 'learning_rate': 0.00010686765524991328, 'batch_size': 46, 'step_size': 5, 'gamma': 0.7596172241784069}. Best is trial 6 with value: 0.04102468768158122.[0m
[32m[I 2025-01-06 19:32:51,623][0m Trial 25 finished with value: 0.06747150896893193 and parameters: {'observation_period_num': 82, 'train_rates': 0.9165354102803481, 'learning_rate': 0.00024758159486258955, 'batch_size': 19, 'step_size': 3, 'gamma': 0.796043411014348}. Best is trial 6 with value: 0.04102468768158122.[0m
[32m[I 2025-01-06 19:35:21,317][0m Trial 26 finished with value: 0.056139937837299925 and parameters: {'observation_period_num': 51, 'train_rates': 0.8065038498430812, 'learning_rate': 7.207280049519637e-05, 'batch_size': 77, 'step_size': 6, 'gamma': 0.7683951497305197}. Best is trial 6 with value: 0.04102468768158122.[0m
[32m[I 2025-01-06 19:39:58,001][0m Trial 27 finished with value: 0.03960947997524942 and parameters: {'observation_period_num': 28, 'train_rates': 0.948136658462941, 'learning_rate': 0.0005082980604011545, 'batch_size': 35, 'step_size': 9, 'gamma': 0.8182604742885604}. Best is trial 27 with value: 0.03960947997524942.[0m
[32m[I 2025-01-06 19:41:29,441][0m Trial 28 finished with value: 0.26334667002612894 and parameters: {'observation_period_num': 117, 'train_rates': 0.7439602492239143, 'learning_rate': 0.0006372417336329301, 'batch_size': 110, 'step_size': 15, 'gamma': 0.8244808186872844}. Best is trial 27 with value: 0.03960947997524942.[0m
[32m[I 2025-01-06 19:43:48,821][0m Trial 29 finished with value: 0.19740469941551783 and parameters: {'observation_period_num': 26, 'train_rates': 0.6293694803305089, 'learning_rate': 0.0004327173827497152, 'batch_size': 53, 'step_size': 10, 'gamma': 0.8625250126777186}. Best is trial 27 with value: 0.03960947997524942.[0m
[32m[I 2025-01-06 19:45:50,678][0m Trial 30 finished with value: 0.09632872162680876 and parameters: {'observation_period_num': 80, 'train_rates': 0.8546504993757909, 'learning_rate': 0.0009507545344614453, 'batch_size': 79, 'step_size': 11, 'gamma': 0.8338850178633863}. Best is trial 27 with value: 0.03960947997524942.[0m
