[32m[I 2025-01-06 23:06:09,160][0m Trial 47 finished with value: 0.05909673548192965 and parameters: {'observation_period_num': 44, 'train_rates': 0.8697911122128328, 'learning_rate': 2.572696527207427e-05, 'batch_size': 79, 'step_size': 11, 'gamma': 0.9272240523006333}. Best is trial 34 with value: 0.03493492263555527.[0m
[32m[I 2025-01-06 23:08:22,320][0m Trial 48 finished with value: 0.031127101115100544 and parameters: {'observation_period_num': 17, 'train_rates': 0.8896248267181686, 'learning_rate': 6.491009699002938e-05, 'batch_size': 85, 'step_size': 10, 'gamma': 0.8627617187175196}. Best is trial 48 with value: 0.031127101115100544.[0m
[32m[I 2025-01-06 23:10:08,258][0m Trial 49 finished with value: 0.04071499736115919 and parameters: {'observation_period_num': 20, 'train_rates': 0.9390440682031806, 'learning_rate': 3.680917195698267e-05, 'batch_size': 109, 'step_size': 12, 'gamma': 0.8617299694343259}. Best is trial 48 with value: 0.031127101115100544.[0m
seasonal_2 „ÅÆÊúÄÈÅ©„Éè„Ç§„Éë„Éº„Éë„É©„É°„Éº„Çø„ÅåË¶ã„Å§„Åã„Çä„Åæ„Åó„Åü
ÊúÄÈÅ©ÂåñÂØæË±°: seasonal_3
[32m[I 2025-01-06 23:10:08,268][0m A new study created in memory with name: no-name-c6b8b9e7-c279-4430-9e5c-20d951042373[0m
[32m[I 2025-01-06 23:12:50,034][0m Trial 0 finished with value: 0.13828041788615983 and parameters: {'observation_period_num': 122, 'train_rates': 0.7957891891924129, 'learning_rate': 3.2920639954061876e-06, 'batch_size': 52, 'step_size': 11, 'gamma': 0.8400575993217757}. Best is trial 0 with value: 0.13828041788615983.[0m
[32m[I 2025-01-06 23:14:18,815][0m Trial 1 finished with value: 0.0894278734922409 and parameters: {'observation_period_num': 64, 'train_rates': 0.9377152823833815, 'learning_rate': 0.0002861187241469358, 'batch_size': 189, 'step_size': 10, 'gamma': 0.9007998904455401}. Best is trial 1 with value: 0.0894278734922409.[0m
[32m[I 2025-01-06 23:15:31,658][0m Trial 2 finished with value: 0.2806694234184853 and parameters: {'observation_period_num': 153, 'train_rates': 0.7252471806786731, 'learning_rate': 2.8064492931690506e-05, 'batch_size': 210, 'step_size': 12, 'gamma': 0.8105201077126593}. Best is trial 1 with value: 0.0894278734922409.[0m
[32m[I 2025-01-06 23:16:49,605][0m Trial 3 finished with value: 0.6100011611559305 and parameters: {'observation_period_num': 205, 'train_rates': 0.6980449711445984, 'learning_rate': 1.379463798303908e-06, 'batch_size': 115, 'step_size': 6, 'gamma': 0.9460493004270298}. Best is trial 1 with value: 0.0894278734922409.[0m
[32m[I 2025-01-06 23:19:45,089][0m Trial 4 finished with value: 0.06417020581374865 and parameters: {'observation_period_num': 112, 'train_rates': 0.8361221784132901, 'learning_rate': 5.577716553383008e-05, 'batch_size': 50, 'step_size': 4, 'gamma': 0.8116164210730754}. Best is trial 4 with value: 0.06417020581374865.[0m
[32m[I 2025-01-06 23:21:17,804][0m Trial 5 finished with value: 0.1766781508388485 and parameters: {'observation_period_num': 245, 'train_rates': 0.7940696047590043, 'learning_rate': 2.330140795071192e-05, 'batch_size': 238, 'step_size': 14, 'gamma': 0.8496131572679466}. Best is trial 4 with value: 0.06417020581374865.[0m
[32m[I 2025-01-06 23:23:02,578][0m Trial 6 finished with value: 0.640919887792256 and parameters: {'observation_period_num': 207, 'train_rates': 0.7422902147464929, 'learning_rate': 1.4588659735495004e-06, 'batch_size': 93, 'step_size': 9, 'gamma': 0.7597806172046102}. Best is trial 4 with value: 0.06417020581374865.[0m
[32m[I 2025-01-06 23:26:46,775][0m Trial 7 finished with value: 0.21675982154926376 and parameters: {'observation_period_num': 42, 'train_rates': 0.7513470546768439, 'learning_rate': 2.95147198790725e-06, 'batch_size': 37, 'step_size': 5, 'gamma': 0.961154995773954}. Best is trial 4 with value: 0.06417020581374865.[0m
[32m[I 2025-01-06 23:28:29,667][0m Trial 8 finished with value: 0.21975348649893778 and parameters: {'observation_period_num': 152, 'train_rates': 0.9157918229227358, 'learning_rate': 1.944950980279326e-06, 'batch_size': 139, 'step_size': 13, 'gamma': 0.9207584541964409}. Best is trial 4 with value: 0.06417020581374865.[0m
[32m[I 2025-01-06 23:30:19,130][0m Trial 9 finished with value: 0.04388083145022392 and parameters: {'observation_period_num': 59, 'train_rates': 0.9748990216841231, 'learning_rate': 0.0001804575160996961, 'batch_size': 94, 'step_size': 12, 'gamma': 0.7961801909178696}. Best is trial 9 with value: 0.04388083145022392.[0m
Early stopping at epoch 47
[32m[I 2025-01-06 23:31:07,771][0m Trial 10 finished with value: 0.06805480271577835 and parameters: {'observation_period_num': 9, 'train_rates': 0.9845485589476484, 'learning_rate': 0.0009654415415968665, 'batch_size': 158, 'step_size': 1, 'gamma': 0.7532649023235821}. Best is trial 9 with value: 0.04388083145022392.[0m
[32m[I 2025-01-06 23:32:44,571][0m Trial 11 finished with value: 0.30593882962478014 and parameters: {'observation_period_num': 93, 'train_rates': 0.6067765600301905, 'learning_rate': 0.000105265119682324, 'batch_size': 76, 'step_size': 2, 'gamma': 0.8178921565548327}. Best is trial 9 with value: 0.04388083145022392.[0m
[32m[I 2025-01-06 23:40:03,546][0m Trial 12 finished with value: 0.0791778130862946 and parameters: {'observation_period_num': 93, 'train_rates': 0.8606106964136122, 'learning_rate': 5.44719940677675e-05, 'batch_size': 20, 'step_size': 6, 'gamma': 0.7934604135571556}. Best is trial 9 with value: 0.04388083145022392.[0m
[32m[I 2025-01-06 23:43:04,133][0m Trial 13 finished with value: 0.053185208581446354 and parameters: {'observation_period_num': 47, 'train_rates': 0.8681326984300874, 'learning_rate': 0.00018211473118736737, 'batch_size': 74, 'step_size': 4, 'gamma': 0.8781686818561582}. Best is trial 9 with value: 0.04388083145022392.[0m
[32m[I 2025-01-06 23:45:26,090][0m Trial 14 finished with value: 0.08234783595070144 and parameters: {'observation_period_num': 8, 'train_rates': 0.8974026732467498, 'learning_rate': 0.0002858593849051428, 'batch_size': 94, 'step_size': 15, 'gamma': 0.8824915082467316}. Best is trial 9 with value: 0.04388083145022392.[0m
[32m[I 2025-01-06 23:47:52,120][0m Trial 15 finished with value: 0.049069978296756744 and parameters: {'observation_period_num': 51, 'train_rates': 0.9770191335240727, 'learning_rate': 0.00019469431279640917, 'batch_size': 123, 'step_size': 8, 'gamma': 0.8611217990334822}. Best is trial 9 with value: 0.04388083145022392.[0m
[32m[I 2025-01-06 23:50:16,393][0m Trial 16 finished with value: 0.09323157370090485 and parameters: {'observation_period_num': 69, 'train_rates': 0.9822003165242295, 'learning_rate': 0.0009855500907031416, 'batch_size': 147, 'step_size': 8, 'gamma': 0.853361625468469}. Best is trial 9 with value: 0.04388083145022392.[0m
[32m[I 2025-01-06 23:52:26,672][0m Trial 17 finished with value: 0.09606108069419861 and parameters: {'observation_period_num': 36, 'train_rates': 0.9542735596745905, 'learning_rate': 1.0278242660193555e-05, 'batch_size': 175, 'step_size': 8, 'gamma': 0.7782082198051156}. Best is trial 9 with value: 0.04388083145022392.[0m
[32m[I 2025-01-06 23:54:56,043][0m Trial 18 finished with value: 0.06719104494912768 and parameters: {'observation_period_num': 70, 'train_rates': 0.9024709539903497, 'learning_rate': 0.0004691911866779439, 'batch_size': 113, 'step_size': 11, 'gamma': 0.9813776009499733}. Best is trial 9 with value: 0.04388083145022392.[0m
[32m[I 2025-01-06 23:57:07,717][0m Trial 19 finished with value: 0.043339907590832026 and parameters: {'observation_period_num': 23, 'train_rates': 0.9498351361470292, 'learning_rate': 0.00011654703685789656, 'batch_size': 114, 'step_size': 10, 'gamma': 0.9096900320932237}. Best is trial 19 with value: 0.043339907590832026.[0m
[32m[I 2025-01-06 23:58:41,295][0m Trial 20 finished with value: 0.18311059528675216 and parameters: {'observation_period_num': 26, 'train_rates': 0.6445676496566761, 'learning_rate': 1.1082054849546996e-05, 'batch_size': 255, 'step_size': 13, 'gamma': 0.9119262385196546}. Best is trial 19 with value: 0.043339907590832026.[0m
[32m[I 2025-01-07 00:00:50,371][0m Trial 21 finished with value: 0.06001892035276118 and parameters: {'observation_period_num': 58, 'train_rates': 0.9511967235099466, 'learning_rate': 0.00011488505520695383, 'batch_size': 116, 'step_size': 9, 'gamma': 0.9257329558671105}. Best is trial 19 with value: 0.043339907590832026.[0m
[32m[I 2025-01-07 00:03:02,711][0m Trial 22 finished with value: 0.030204299837350845 and parameters: {'observation_period_num': 20, 'train_rates': 0.9803507984693185, 'learning_rate': 8.825352304488835e-05, 'batch_size': 123, 'step_size': 7, 'gamma': 0.8901025916688151}. Best is trial 22 with value: 0.030204299837350845.[0m
[32m[I 2025-01-07 00:05:13,159][0m Trial 23 finished with value: 0.03715358152985573 and parameters: {'observation_period_num': 23, 'train_rates': 0.9386219009059948, 'learning_rate': 5.706163212370226e-05, 'batch_size': 88, 'step_size': 10, 'gamma': 0.8903381960959991}. Best is trial 22 with value: 0.030204299837350845.[0m
[32m[I 2025-01-07 00:07:09,596][0m Trial 24 finished with value: 0.040206983847462616 and parameters: {'observation_period_num': 22, 'train_rates': 0.921502898707406, 'learning_rate': 7.138049693221223e-05, 'batch_size': 168, 'step_size': 7, 'gamma': 0.8956976107418567}. Best is trial 22 with value: 0.030204299837350845.[0m
[32m[I 2025-01-07 00:08:55,302][0m Trial 25 finished with value: 0.039413128160100126 and parameters: {'observation_period_num': 5, 'train_rates': 0.9209103585321512, 'learning_rate': 5.4836287761680446e-05, 'batch_size': 176, 'step_size': 7, 'gamma': 0.8903994154803202}. Best is trial 22 with value: 0.030204299837350845.[0m
[32m[I 2025-01-07 00:10:33,040][0m Trial 26 finished with value: 0.05280612379732266 and parameters: {'observation_period_num': 7, 'train_rates': 0.8797396526966959, 'learning_rate': 1.4977284068286181e-05, 'batch_size': 198, 'step_size': 6, 'gamma': 0.9383045954030247}. Best is trial 22 with value: 0.030204299837350845.[0m
[32m[I 2025-01-07 00:12:12,631][0m Trial 27 finished with value: 0.07397407995393643 and parameters: {'observation_period_num': 82, 'train_rates': 0.8369659984910462, 'learning_rate': 4.374119224876751e-05, 'batch_size': 138, 'step_size': 3, 'gamma': 0.8810497962729603}. Best is trial 22 with value: 0.030204299837350845.[0m
[32m[I 2025-01-07 00:13:47,353][0m Trial 28 finished with value: 0.05534537509083748 and parameters: {'observation_period_num': 28, 'train_rates': 0.9334885602398773, 'learning_rate': 1.947271351415178e-05, 'batch_size': 214, 'step_size': 7, 'gamma': 0.8893304709370513}. Best is trial 22 with value: 0.030204299837350845.[0m
[32m[I 2025-01-07 00:16:06,872][0m Trial 29 finished with value: 0.11601203866636177 and parameters: {'observation_period_num': 120, 'train_rates': 0.8026080546702958, 'learning_rate': 7.602564346225071e-06, 'batch_size': 61, 'step_size': 10, 'gamma': 0.8304795613809618}. Best is trial 22 with value: 0.030204299837350845.[0m
[32m[I 2025-01-07 00:17:50,379][0m Trial 30 finished with value: 0.047097612195868596 and parameters: {'observation_period_num': 5, 'train_rates': 0.8927061617524359, 'learning_rate': 3.7599280009247794e-05, 'batch_size': 182, 'step_size': 7, 'gamma': 0.867069377633675}. Best is trial 22 with value: 0.030204299837350845.[0m
[32m[I 2025-01-07 00:19:22,184][0m Trial 31 finished with value: 0.04035811708030473 and parameters: {'observation_period_num': 26, 'train_rates': 0.9145193112816207, 'learning_rate': 6.980815534113769e-05, 'batch_size': 159, 'step_size': 7, 'gamma': 0.8909258856864959}. Best is trial 22 with value: 0.030204299837350845.[0m
[32m[I 2025-01-07 00:20:51,844][0m Trial 32 finished with value: 0.03663602548883046 and parameters: {'observation_period_num': 21, 'train_rates': 0.9329331670435874, 'learning_rate': 8.003512695625347e-05, 'batch_size': 167, 'step_size': 9, 'gamma': 0.9015967080490311}. Best is trial 22 with value: 0.030204299837350845.[0m
[32m[I 2025-01-07 00:22:26,758][0m Trial 33 finished with value: 0.060473401099443436 and parameters: {'observation_period_num': 41, 'train_rates': 0.9530302504969752, 'learning_rate': 3.3126175978074284e-05, 'batch_size': 196, 'step_size': 9, 'gamma': 0.9055052906710671}. Best is trial 22 with value: 0.030204299837350845.[0m
[32m[I 2025-01-07 00:24:05,559][0m Trial 34 finished with value: 0.03651461377739906 and parameters: {'observation_period_num': 18, 'train_rates': 0.9386515425909242, 'learning_rate': 0.00010102118358475892, 'batch_size': 220, 'step_size': 11, 'gamma': 0.9359673213473418}. Best is trial 22 with value: 0.030204299837350845.[0m
[32m[I 2025-01-07 00:25:49,351][0m Trial 35 finished with value: 0.08559955613610382 and parameters: {'observation_period_num': 146, 'train_rates': 0.8454547135167828, 'learning_rate': 0.00034724834023325306, 'batch_size': 229, 'step_size': 11, 'gamma': 0.9527516131768899}. Best is trial 22 with value: 0.030204299837350845.[0m
[32m[I 2025-01-07 00:27:27,842][0m Trial 36 finished with value: 0.07292983680963516 and parameters: {'observation_period_num': 79, 'train_rates': 0.9607588534547156, 'learning_rate': 9.093404809697847e-05, 'batch_size': 216, 'step_size': 11, 'gamma': 0.9289361696574261}. Best is trial 22 with value: 0.030204299837350845.[0m
[32m[I 2025-01-07 00:28:49,928][0m Trial 37 finished with value: 0.12927639733206495 and parameters: {'observation_period_num': 188, 'train_rates': 0.7995786381543525, 'learning_rate': 0.00017106166046801355, 'batch_size': 235, 'step_size': 12, 'gamma': 0.9714746638836445}. Best is trial 22 with value: 0.030204299837350845.[0m
[32m[I 2025-01-07 00:31:17,034][0m Trial 38 finished with value: 0.08799524226832012 and parameters: {'observation_period_num': 100, 'train_rates': 0.9340378424868238, 'learning_rate': 3.015664521227985e-05, 'batch_size': 75, 'step_size': 10, 'gamma': 0.9403482444599176}. Best is trial 22 with value: 0.030204299837350845.[0m
[32m[I 2025-01-07 00:33:03,571][0m Trial 39 finished with value: 0.04178647674797546 and parameters: {'observation_period_num': 18, 'train_rates': 0.8856682520983757, 'learning_rate': 0.0004784737759950387, 'batch_size': 124, 'step_size': 9, 'gamma': 0.9189974874375537}. Best is trial 22 with value: 0.030204299837350845.[0m
[32m[I 2025-01-07 00:35:05,878][0m Trial 40 finished with value: 0.04505085200071335 and parameters: {'observation_period_num': 39, 'train_rates': 0.988044283496028, 'learning_rate': 7.538539670559285e-05, 'batch_size': 103, 'step_size': 10, 'gamma': 0.8394648735502293}. Best is trial 22 with value: 0.030204299837350845.[0m
[32m[I 2025-01-07 00:36:55,389][0m Trial 41 finished with value: 0.03848180987618186 and parameters: {'observation_period_num': 14, 'train_rates': 0.9291656316861728, 'learning_rate': 5.0991544852352146e-05, 'batch_size': 157, 'step_size': 9, 'gamma': 0.8977786754977841}. Best is trial 22 with value: 0.030204299837350845.[0m
[32m[I 2025-01-07 00:38:49,281][0m Trial 42 finished with value: 0.06825118511915207 and parameters: {'observation_period_num': 36, 'train_rates': 0.9642496633559081, 'learning_rate': 0.00013519219575856533, 'batch_size': 151, 'step_size': 11, 'gamma': 0.902200580134304}. Best is trial 22 with value: 0.030204299837350845.[0m
[32m[I 2025-01-07 00:40:32,376][0m Trial 43 finished with value: 0.06370212137699127 and parameters: {'observation_period_num': 50, 'train_rates': 0.9334997146954387, 'learning_rate': 4.536899751937186e-05, 'batch_size': 255, 'step_size': 9, 'gamma': 0.8712024432916088}. Best is trial 22 with value: 0.030204299837350845.[0m
[32m[I 2025-01-07 00:42:24,704][0m Trial 44 finished with value: 0.0977270690491423 and parameters: {'observation_period_num': 249, 'train_rates': 0.9053794257289459, 'learning_rate': 2.6795426960617076e-05, 'batch_size': 131, 'step_size': 13, 'gamma': 0.9337668187067647}. Best is trial 22 with value: 0.030204299837350845.[0m
[32m[I 2025-01-07 00:44:10,255][0m Trial 45 finished with value: 0.04275163454569389 and parameters: {'observation_period_num': 17, 'train_rates': 0.8179774924523451, 'learning_rate': 8.349185116957058e-05, 'batch_size': 189, 'step_size': 5, 'gamma': 0.9585443709064153}. Best is trial 22 with value: 0.030204299837350845.[0m
[32m[I 2025-01-07 00:45:53,338][0m Trial 46 finished with value: 0.21549929096931364 and parameters: {'observation_period_num': 60, 'train_rates': 0.7732015262530236, 'learning_rate': 0.0002544669252673446, 'batch_size': 165, 'step_size': 12, 'gamma': 0.9181478143561653}. Best is trial 22 with value: 0.030204299837350845.[0m
[32m[I 2025-01-07 00:48:13,413][0m Trial 47 finished with value: 0.04019294193300305 and parameters: {'observation_period_num': 33, 'train_rates': 0.8706804122417915, 'learning_rate': 5.748157413376263e-05, 'batch_size': 103, 'step_size': 10, 'gamma': 0.9003050573221997}. Best is trial 22 with value: 0.030204299837350845.[0m
[32m[I 2025-01-07 00:50:17,941][0m Trial 48 finished with value: 0.14046195149421692 and parameters: {'observation_period_num': 183, 'train_rates': 0.9685758154148337, 'learning_rate': 2.0379382561183398e-05, 'batch_size': 148, 'step_size': 8, 'gamma': 0.8536918261259758}. Best is trial 22 with value: 0.030204299837350845.[0m
[32m[I 2025-01-07 00:52:40,757][0m Trial 49 finished with value: 0.03728554956614971 and parameters: {'observation_period_num': 16, 'train_rates': 0.9404975421956548, 'learning_rate': 0.0001498372287783756, 'batch_size': 85, 'step_size': 14, 'gamma': 0.87463602402768}. Best is trial 22 with value: 0.030204299837350845.[0m
seasonal_3 „ÅÆÊúÄÈÅ©„Éè„Ç§„Éë„Éº„Éë„É©„É°„Éº„Çø„ÅåË¶ã„Å§„Åã„Çä„Åæ„Åó„Åü
ÊúÄÈÅ©ÂåñÂØæË±°: resid
[32m[I 2025-01-07 00:52:40,767][0m A new study created in memory with name: no-name-63609522-b6fa-473a-860c-3c3c90ddb69a[0m
[32m[I 2025-01-07 00:54:20,455][0m Trial 0 finished with value: 0.19064220786094666 and parameters: {'observation_period_num': 13, 'train_rates': 0.9707612916234544, 'learning_rate': 1.9292510481663625e-06, 'batch_size': 186, 'step_size': 10, 'gamma': 0.88150522728373}. Best is trial 0 with value: 0.19064220786094666.[0m
[32m[I 2025-01-07 00:56:02,873][0m Trial 1 finished with value: 0.1743171827056402 and parameters: {'observation_period_num': 51, 'train_rates': 0.8585539506893294, 'learning_rate': 3.674517463127877e-05, 'batch_size': 202, 'step_size': 1, 'gamma': 0.8535767639779348}. Best is trial 1 with value: 0.1743171827056402.[0m
Early stopping at epoch 94
[32m[I 2025-01-07 00:57:54,679][0m Trial 2 finished with value: 0.15612477174784878 and parameters: {'observation_period_num': 124, 'train_rates': 0.8217026348326374, 'learning_rate': 9.95906037743545e-05, 'batch_size': 143, 'step_size': 2, 'gamma': 0.7593270083838501}. Best is trial 2 with value: 0.15612477174784878.[0m
[32m[I 2025-01-07 00:59:53,879][0m Trial 3 finished with value: 0.205870990951856 and parameters: {'observation_period_num': 52, 'train_rates': 0.7268297148059288, 'learning_rate': 3.661205535728711e-05, 'batch_size': 132, 'step_size': 1, 'gamma': 0.9708750930303105}. Best is trial 2 with value: 0.15612477174784878.[0m
[32m[I 2025-01-07 01:04:15,273][0m Trial 4 finished with value: 0.2439120708565627 and parameters: {'observation_period_num': 144, 'train_rates': 0.7008176644078683, 'learning_rate': 6.253913217800021e-05, 'batch_size': 30, 'step_size': 1, 'gamma': 0.9255402475994967}. Best is trial 2 with value: 0.15612477174784878.[0m
[32m[I 2025-01-07 01:06:47,741][0m Trial 5 finished with value: 0.05703483149409294 and parameters: {'observation_period_num': 21, 'train_rates': 0.9657937525037354, 'learning_rate': 2.1558311224861118e-05, 'batch_size': 107, 'step_size': 7, 'gamma': 0.867591174759095}. Best is trial 5 with value: 0.05703483149409294.[0m
[32m[I 2025-01-07 01:08:38,104][0m Trial 6 finished with value: 0.12620893848380915 and parameters: {'observation_period_num': 106, 'train_rates': 0.7900328730561519, 'learning_rate': 1.1764581497715346e-05, 'batch_size': 252, 'step_size': 15, 'gamma': 0.964591079581779}. Best is trial 5 with value: 0.05703483149409294.[0m
[32m[I 2025-01-07 01:10:39,015][0m Trial 7 finished with value: 0.12940098345279694 and parameters: {'observation_period_num': 166, 'train_rates': 0.9415732323140026, 'learning_rate': 2.1601612150099842e-05, 'batch_size': 230, 'step_size': 10, 'gamma': 0.7832761380730537}. Best is trial 5 with value: 0.05703483149409294.[0m
[32m[I 2025-01-07 01:12:21,476][0m Trial 8 finished with value: 0.4089327822618749 and parameters: {'observation_period_num': 99, 'train_rates': 0.7726721142885842, 'learning_rate': 1.1247787118569565e-05, 'batch_size': 239, 'step_size': 3, 'gamma': 0.8280146877332613}. Best is trial 5 with value: 0.05703483149409294.[0m
[32m[I 2025-01-07 01:14:37,218][0m Trial 9 finished with value: 0.3423289695925552 and parameters: {'observation_period_num': 144, 'train_rates': 0.6934272986496967, 'learning_rate': 4.037168736283341e-06, 'batch_size': 61, 'step_size': 11, 'gamma': 0.7881651290633255}. Best is trial 5 with value: 0.05703483149409294.[0m
[32m[I 2025-01-07 01:16:25,604][0m Trial 10 finished with value: 0.2921772431106488 and parameters: {'observation_period_num': 214, 'train_rates': 0.6284100288188086, 'learning_rate': 0.0007470861418750107, 'batch_size': 93, 'step_size': 6, 'gamma': 0.8960161587132932}. Best is trial 5 with value: 0.05703483149409294.[0m
[32m[I 2025-01-07 01:18:58,298][0m Trial 11 finished with value: 0.05326354031761487 and parameters: {'observation_period_num': 6, 'train_rates': 0.8982803200244224, 'learning_rate': 7.3902853001376545e-06, 'batch_size': 130, 'step_size': 14, 'gamma': 0.9736388110879705}. Best is trial 11 with value: 0.05326354031761487.[0m
