[32m[I 2025-01-07 01:21:21,322][0m Trial 12 finished with value: 0.03354983125533258 and parameters: {'observation_period_num': 20, 'train_rates': 0.9027233331806938, 'learning_rate': 0.0001882470216234829, 'batch_size': 124, 'step_size': 15, 'gamma': 0.9231152191525884}. Best is trial 12 with value: 0.03354983125533258.[0m
[32m[I 2025-01-07 01:23:42,914][0m Trial 13 finished with value: 0.06876294025734289 and parameters: {'observation_period_num': 64, 'train_rates': 0.8842414573248732, 'learning_rate': 0.00027800391986289937, 'batch_size': 169, 'step_size': 15, 'gamma': 0.9323364988814407}. Best is trial 12 with value: 0.03354983125533258.[0m
[32m[I 2025-01-07 01:26:03,212][0m Trial 14 finished with value: 0.06230688844598941 and parameters: {'observation_period_num': 16, 'train_rates': 0.8859134022165114, 'learning_rate': 0.00021684408633935214, 'batch_size': 89, 'step_size': 13, 'gamma': 0.9879582373805716}. Best is trial 12 with value: 0.03354983125533258.[0m
[32m[I 2025-01-07 01:27:46,983][0m Trial 15 finished with value: 0.18757115635606977 and parameters: {'observation_period_num': 250, 'train_rates': 0.9069730023660949, 'learning_rate': 4.470877716071342e-06, 'batch_size': 140, 'step_size': 13, 'gamma': 0.9346153034622291}. Best is trial 12 with value: 0.03354983125533258.[0m
[32m[I 2025-01-07 01:30:46,143][0m Trial 16 finished with value: 0.15373047840622095 and parameters: {'observation_period_num': 72, 'train_rates': 0.9232315727657533, 'learning_rate': 1.173164967417486e-06, 'batch_size': 55, 'step_size': 12, 'gamma': 0.9092426498793896}. Best is trial 12 with value: 0.03354983125533258.[0m
[32m[I 2025-01-07 01:32:44,105][0m Trial 17 finished with value: 0.06733378134087094 and parameters: {'observation_period_num': 34, 'train_rates': 0.8463926136938149, 'learning_rate': 0.0009567656630343239, 'batch_size': 116, 'step_size': 15, 'gamma': 0.9546528676995525}. Best is trial 12 with value: 0.03354983125533258.[0m
[32m[I 2025-01-07 01:34:32,672][0m Trial 18 finished with value: 0.13813507556915283 and parameters: {'observation_period_num': 87, 'train_rates': 0.9891971694406425, 'learning_rate': 0.00015025983863907287, 'batch_size': 166, 'step_size': 9, 'gamma': 0.9868317851363548}. Best is trial 12 with value: 0.03354983125533258.[0m
[32m[I 2025-01-07 01:36:56,081][0m Trial 19 finished with value: 0.05181572712817282 and parameters: {'observation_period_num': 8, 'train_rates': 0.8382293826624247, 'learning_rate': 6.375261165661539e-06, 'batch_size': 72, 'step_size': 5, 'gamma': 0.9466495559639335}. Best is trial 12 with value: 0.03354983125533258.[0m
[32m[I 2025-01-07 01:39:38,377][0m Trial 20 finished with value: 0.1846775674120203 and parameters: {'observation_period_num': 36, 'train_rates': 0.7577890607181369, 'learning_rate': 0.00042338668084442754, 'batch_size': 68, 'step_size': 5, 'gamma': 0.9104257693168077}. Best is trial 12 with value: 0.03354983125533258.[0m
[32m[I 2025-01-07 01:43:39,817][0m Trial 21 finished with value: 0.05267274889395178 and parameters: {'observation_period_num': 5, 'train_rates': 0.8213433210525181, 'learning_rate': 4.578594101439473e-06, 'batch_size': 39, 'step_size': 4, 'gamma': 0.9512521361958546}. Best is trial 12 with value: 0.03354983125533258.[0m
[32m[I 2025-01-07 01:46:58,278][0m Trial 22 finished with value: 0.08239004981270842 and parameters: {'observation_period_num': 38, 'train_rates': 0.8177333984571127, 'learning_rate': 2.702595494999298e-06, 'batch_size': 46, 'step_size': 4, 'gamma': 0.9459300532242857}. Best is trial 12 with value: 0.03354983125533258.[0m
[32m[I 2025-01-07 01:54:55,646][0m Trial 23 finished with value: 0.0999277160446129 and parameters: {'observation_period_num': 72, 'train_rates': 0.8522755484996118, 'learning_rate': 7.642637206875207e-06, 'batch_size': 19, 'step_size': 8, 'gamma': 0.9122204857793519}. Best is trial 12 with value: 0.03354983125533258.[0m
[32m[I 2025-01-07 01:57:11,219][0m Trial 24 finished with value: 0.07165346341379454 and parameters: {'observation_period_num': 5, 'train_rates': 0.8161697508438299, 'learning_rate': 1.0615986114347164e-06, 'batch_size': 80, 'step_size': 5, 'gamma': 0.9491587408594369}. Best is trial 12 with value: 0.03354983125533258.[0m
[32m[I 2025-01-07 02:01:19,193][0m Trial 25 finished with value: 0.05721862965463838 and parameters: {'observation_period_num': 31, 'train_rates': 0.8649887231129638, 'learning_rate': 5.890348221166739e-05, 'batch_size': 37, 'step_size': 7, 'gamma': 0.888534038488338}. Best is trial 12 with value: 0.03354983125533258.[0m
[32m[I 2025-01-07 02:03:21,711][0m Trial 26 finished with value: 0.34661662590331377 and parameters: {'observation_period_num': 49, 'train_rates': 0.7379776493465143, 'learning_rate': 4.843977762087588e-06, 'batch_size': 74, 'step_size': 3, 'gamma': 0.8344438606874057}. Best is trial 12 with value: 0.03354983125533258.[0m
[32m[I 2025-01-07 02:05:08,401][0m Trial 27 finished with value: 0.2907202038371447 and parameters: {'observation_period_num': 185, 'train_rates': 0.9255522334417616, 'learning_rate': 2.258639370802592e-06, 'batch_size': 110, 'step_size': 5, 'gamma': 0.9219762130822583}. Best is trial 12 with value: 0.03354983125533258.[0m
[32m[I 2025-01-07 02:10:32,527][0m Trial 28 finished with value: 0.04425941029563546 and parameters: {'observation_period_num': 25, 'train_rates': 0.8293959656974278, 'learning_rate': 1.0068757941151235e-05, 'batch_size': 27, 'step_size': 3, 'gamma': 0.942832432081947}. Best is trial 12 with value: 0.03354983125533258.[0m
[32m[I 2025-01-07 02:12:23,589][0m Trial 29 finished with value: 0.10972028474013011 and parameters: {'observation_period_num': 86, 'train_rates': 0.954228009551745, 'learning_rate': 1.440470113516577e-05, 'batch_size': 95, 'step_size': 3, 'gamma': 0.8732286775515637}. Best is trial 12 with value: 0.03354983125533258.[0m
[32m[I 2025-01-07 02:19:01,083][0m Trial 30 finished with value: 0.051933002037809775 and parameters: {'observation_period_num': 19, 'train_rates': 0.7895869248944993, 'learning_rate': 6.581386627779735e-05, 'batch_size': 21, 'step_size': 7, 'gamma': 0.8934795999248215}. Best is trial 12 with value: 0.03354983125533258.[0m
[32m[I 2025-01-07 02:27:11,748][0m Trial 31 finished with value: 0.05024386562633173 and parameters: {'observation_period_num': 27, 'train_rates': 0.7973543760826151, 'learning_rate': 7.664417169133645e-05, 'batch_size': 17, 'step_size': 7, 'gamma': 0.889583631793771}. Best is trial 12 with value: 0.03354983125533258.[0m
[32m[I 2025-01-07 02:35:55,516][0m Trial 32 finished with value: 0.13603547986211448 and parameters: {'observation_period_num': 55, 'train_rates': 0.8400003200846549, 'learning_rate': 0.00011795535355209104, 'batch_size': 16, 'step_size': 9, 'gamma': 0.934226297347779}. Best is trial 12 with value: 0.03354983125533258.[0m
[32m[I 2025-01-07 02:38:35,806][0m Trial 33 finished with value: 0.04530603718485324 and parameters: {'observation_period_num': 27, 'train_rates': 0.7979899758727662, 'learning_rate': 2.5950260806610253e-05, 'batch_size': 54, 'step_size': 6, 'gamma': 0.847603613955206}. Best is trial 12 with value: 0.03354983125533258.[0m
[32m[I 2025-01-07 02:41:11,472][0m Trial 34 finished with value: 0.1886825630754015 and parameters: {'observation_period_num': 41, 'train_rates': 0.7647843825220076, 'learning_rate': 2.517350578175472e-05, 'batch_size': 53, 'step_size': 8, 'gamma': 0.8497253085252097}. Best is trial 12 with value: 0.03354983125533258.[0m
[32m[I 2025-01-07 02:42:30,464][0m Trial 35 finished with value: 0.0652629312430227 and parameters: {'observation_period_num': 27, 'train_rates': 0.8023141142494488, 'learning_rate': 4.074351249536472e-05, 'batch_size': 200, 'step_size': 6, 'gamma': 0.8268145248157022}. Best is trial 12 with value: 0.03354983125533258.[0m
[32m[I 2025-01-07 02:46:56,844][0m Trial 36 finished with value: 0.1814025521237394 and parameters: {'observation_period_num': 58, 'train_rates': 0.71735880020343, 'learning_rate': 7.837579531999551e-05, 'batch_size': 29, 'step_size': 2, 'gamma': 0.8562751989018752}. Best is trial 12 with value: 0.03354983125533258.[0m
[32m[I 2025-01-07 02:48:25,268][0m Trial 37 finished with value: 0.26134746606037407 and parameters: {'observation_period_num': 124, 'train_rates': 0.7534084182291755, 'learning_rate': 4.011165695586561e-05, 'batch_size': 155, 'step_size': 10, 'gamma': 0.807136778991656}. Best is trial 12 with value: 0.03354983125533258.[0m
[32m[I 2025-01-07 02:51:56,854][0m Trial 38 finished with value: 0.07443280068978872 and parameters: {'observation_period_num': 45, 'train_rates': 0.8746510117353681, 'learning_rate': 0.0001692307638505699, 'batch_size': 43, 'step_size': 9, 'gamma': 0.8771346679174754}. Best is trial 12 with value: 0.03354983125533258.[0m
[32m[I 2025-01-07 02:56:12,337][0m Trial 39 finished with value: 0.18047618296529566 and parameters: {'observation_period_num': 23, 'train_rates': 0.7849374181590681, 'learning_rate': 1.4717442097224042e-05, 'batch_size': 33, 'step_size': 6, 'gamma': 0.8577853473676057}. Best is trial 12 with value: 0.03354983125533258.[0m
[32m[I 2025-01-07 02:58:26,970][0m Trial 40 finished with value: 0.18517333828545643 and parameters: {'observation_period_num': 78, 'train_rates': 0.6928591576049095, 'learning_rate': 0.0004439617700433917, 'batch_size': 57, 'step_size': 1, 'gamma': 0.9040817569952943}. Best is trial 12 with value: 0.03354983125533258.[0m
[32m[I 2025-01-07 03:00:27,907][0m Trial 41 finished with value: 0.0612741259272828 and parameters: {'observation_period_num': 19, 'train_rates': 0.8340596350166635, 'learning_rate': 7.845165224389973e-06, 'batch_size': 80, 'step_size': 4, 'gamma': 0.9187412923988069}. Best is trial 12 with value: 0.03354983125533258.[0m
[32m[I 2025-01-07 03:02:43,162][0m Trial 42 finished with value: 0.05635266253490662 and parameters: {'observation_period_num': 26, 'train_rates': 0.8015374528880652, 'learning_rate': 2.8566839013042192e-05, 'batch_size': 67, 'step_size': 7, 'gamma': 0.9632600418893305}. Best is trial 12 with value: 0.03354983125533258.[0m
[32m[I 2025-01-07 03:04:45,555][0m Trial 43 finished with value: 0.05655680837480289 and parameters: {'observation_period_num': 105, 'train_rates': 0.8640862437565718, 'learning_rate': 9.334384154388482e-05, 'batch_size': 122, 'step_size': 6, 'gamma': 0.884637978070075}. Best is trial 12 with value: 0.03354983125533258.[0m
[32m[I 2025-01-07 03:06:48,189][0m Trial 44 finished with value: 0.04258234930610416 and parameters: {'observation_period_num': 15, 'train_rates': 0.8314328422157191, 'learning_rate': 5.1728043411243814e-05, 'batch_size': 100, 'step_size': 2, 'gamma': 0.9413199066991739}. Best is trial 12 with value: 0.03354983125533258.[0m
[32m[I 2025-01-07 03:08:28,263][0m Trial 45 finished with value: 0.25280172418464314 and parameters: {'observation_period_num': 61, 'train_rates': 0.771922730871493, 'learning_rate': 4.514998139787187e-05, 'batch_size': 104, 'step_size': 2, 'gamma': 0.8446796108169228}. Best is trial 12 with value: 0.03354983125533258.[0m
Early stopping at epoch 45
[32m[I 2025-01-07 03:09:08,285][0m Trial 46 finished with value: 0.4083678942679161 and parameters: {'observation_period_num': 45, 'train_rates': 0.6576335498834062, 'learning_rate': 1.7916862233789896e-05, 'batch_size': 133, 'step_size': 1, 'gamma': 0.7560727940852063}. Best is trial 12 with value: 0.03354983125533258.[0m
[32m[I 2025-01-07 03:14:10,552][0m Trial 47 finished with value: 0.03886973429471254 and parameters: {'observation_period_num': 18, 'train_rates': 0.8094047355182096, 'learning_rate': 0.00012921866058830949, 'batch_size': 28, 'step_size': 2, 'gamma': 0.8668911783290884}. Best is trial 12 with value: 0.03354983125533258.[0m
[32m[I 2025-01-07 03:15:52,982][0m Trial 48 finished with value: 0.05235823672551375 and parameters: {'observation_period_num': 15, 'train_rates': 0.8893456756864243, 'learning_rate': 0.0003065116997350072, 'batch_size': 148, 'step_size': 2, 'gamma': 0.8137325397359728}. Best is trial 12 with value: 0.03354983125533258.[0m
