ÊúÄÈÅ©ÂåñÂØæË±°: trend
[32m[I 2025-01-06 14:12:01,409][0m A new study created in memory with name: no-name-737bff0d-af8b-4868-b399-6eb47caed004[0m
[32m[I 2025-01-06 14:12:27,489][0m Trial 0 finished with value: 2.531571388244629 and parameters: {'observation_period_num': 101, 'train_rates': 0.9020599524202217, 'learning_rate': 1.8374304235515086e-06, 'batch_size': 250, 'step_size': 14, 'gamma': 0.8218675232323811}. Best is trial 0 with value: 2.531571388244629.[0m
[32m[I 2025-01-06 14:12:57,726][0m Trial 1 finished with value: 0.17226178844769796 and parameters: {'observation_period_num': 84, 'train_rates': 0.8537843597654529, 'learning_rate': 0.00010304001138131628, 'batch_size': 197, 'step_size': 6, 'gamma': 0.8016662477322644}. Best is trial 1 with value: 0.17226178844769796.[0m
[32m[I 2025-01-06 14:17:44,966][0m Trial 2 finished with value: 0.09660537767384021 and parameters: {'observation_period_num': 202, 'train_rates': 0.9176138980143891, 'learning_rate': 3.909858203141391e-05, 'batch_size': 18, 'step_size': 2, 'gamma': 0.931600786494129}. Best is trial 2 with value: 0.09660537767384021.[0m
Early stopping at epoch 65
[32m[I 2025-01-06 14:18:21,817][0m Trial 3 finished with value: 0.3460267677523259 and parameters: {'observation_period_num': 126, 'train_rates': 0.8751748862625207, 'learning_rate': 0.0001560003915564344, 'batch_size': 102, 'step_size': 1, 'gamma': 0.81474420469232}. Best is trial 2 with value: 0.09660537767384021.[0m
[32m[I 2025-01-06 14:19:16,495][0m Trial 4 finished with value: 0.2280630186049625 and parameters: {'observation_period_num': 54, 'train_rates': 0.6584779829241234, 'learning_rate': 0.0001528094837320347, 'batch_size': 86, 'step_size': 1, 'gamma': 0.9639563078099569}. Best is trial 2 with value: 0.09660537767384021.[0m
[32m[I 2025-01-06 14:19:58,942][0m Trial 5 finished with value: 0.5286261013435452 and parameters: {'observation_period_num': 87, 'train_rates': 0.894342866786322, 'learning_rate': 9.848721186613613e-06, 'batch_size': 137, 'step_size': 13, 'gamma': 0.7868117880397568}. Best is trial 2 with value: 0.09660537767384021.[0m
[32m[I 2025-01-06 14:20:23,827][0m Trial 6 finished with value: 0.19469167980863605 and parameters: {'observation_period_num': 16, 'train_rates': 0.736424023375392, 'learning_rate': 0.00015648082213997268, 'batch_size': 235, 'step_size': 13, 'gamma': 0.8380860977813152}. Best is trial 2 with value: 0.09660537767384021.[0m
[32m[I 2025-01-06 14:26:17,250][0m Trial 7 finished with value: 0.07246512399306373 and parameters: {'observation_period_num': 68, 'train_rates': 0.97846152754912, 'learning_rate': 4.973736524035018e-05, 'batch_size': 16, 'step_size': 14, 'gamma': 0.9326675212268787}. Best is trial 7 with value: 0.07246512399306373.[0m
[32m[I 2025-01-06 14:26:40,795][0m Trial 8 finished with value: 1.005029953102197 and parameters: {'observation_period_num': 160, 'train_rates': 0.6144921938809151, 'learning_rate': 1.4870699087728731e-06, 'batch_size': 204, 'step_size': 15, 'gamma': 0.8458226754190632}. Best is trial 7 with value: 0.07246512399306373.[0m
[32m[I 2025-01-06 14:27:18,263][0m Trial 9 finished with value: 1.117059505341911 and parameters: {'observation_period_num': 242, 'train_rates': 0.7406437843888141, 'learning_rate': 6.941949809190095e-06, 'batch_size': 129, 'step_size': 3, 'gamma': 0.8545932416358981}. Best is trial 7 with value: 0.07246512399306373.[0m
[32m[I 2025-01-06 14:31:24,087][0m Trial 10 finished with value: 0.03145431997437103 and parameters: {'observation_period_num': 15, 'train_rates': 0.9827880633794893, 'learning_rate': 0.0005959111900686167, 'batch_size': 23, 'step_size': 10, 'gamma': 0.9059704860871896}. Best is trial 10 with value: 0.03145431997437103.[0m
[32m[I 2025-01-06 14:36:48,565][0m Trial 11 finished with value: 0.04013438358209854 and parameters: {'observation_period_num': 7, 'train_rates': 0.9856763457378555, 'learning_rate': 0.0009831599672026144, 'batch_size': 18, 'step_size': 10, 'gamma': 0.9100834269246971}. Best is trial 10 with value: 0.03145431997437103.[0m
[32m[I 2025-01-06 14:38:36,316][0m Trial 12 finished with value: 0.04121706634759903 and parameters: {'observation_period_num': 5, 'train_rates': 0.9896696989965346, 'learning_rate': 0.0009309207849800891, 'batch_size': 57, 'step_size': 10, 'gamma': 0.8960003620071316}. Best is trial 10 with value: 0.03145431997437103.[0m
[32m[I 2025-01-06 14:40:03,570][0m Trial 13 finished with value: 0.05522271788454261 and parameters: {'observation_period_num': 33, 'train_rates': 0.8014530291022592, 'learning_rate': 0.0009034710980197526, 'batch_size': 59, 'step_size': 9, 'gamma': 0.8935028237926832}. Best is trial 10 with value: 0.03145431997437103.[0m
[32m[I 2025-01-06 14:41:56,915][0m Trial 14 finished with value: 0.0475605068765334 and parameters: {'observation_period_num': 40, 'train_rates': 0.948293880728636, 'learning_rate': 0.00039601678105610777, 'batch_size': 51, 'step_size': 11, 'gamma': 0.7522589222010836}. Best is trial 10 with value: 0.03145431997437103.[0m
[32m[I 2025-01-06 14:44:08,350][0m Trial 15 finished with value: 0.09050443510472517 and parameters: {'observation_period_num': 154, 'train_rates': 0.8351141452594466, 'learning_rate': 0.0004188451151988593, 'batch_size': 38, 'step_size': 6, 'gamma': 0.9882375367310714}. Best is trial 10 with value: 0.03145431997437103.[0m
[32m[I 2025-01-06 14:45:17,390][0m Trial 16 finished with value: 0.03702240186658773 and parameters: {'observation_period_num': 9, 'train_rates': 0.9439608481502029, 'learning_rate': 0.0004141484079104514, 'batch_size': 86, 'step_size': 7, 'gamma': 0.9032388432829481}. Best is trial 10 with value: 0.03145431997437103.[0m
[32m[I 2025-01-06 14:46:16,843][0m Trial 17 finished with value: 0.05051702668424696 and parameters: {'observation_period_num': 38, 'train_rates': 0.9341665589684705, 'learning_rate': 0.0004048039844346897, 'batch_size': 98, 'step_size': 7, 'gamma': 0.878733681836131}. Best is trial 10 with value: 0.03145431997437103.[0m
[32m[I 2025-01-06 14:46:55,197][0m Trial 18 finished with value: 0.7145871711349904 and parameters: {'observation_period_num': 108, 'train_rates': 0.7585691524245618, 'learning_rate': 1.621126352688597e-05, 'batch_size': 143, 'step_size': 4, 'gamma': 0.9297736609540694}. Best is trial 10 with value: 0.03145431997437103.[0m
[32m[I 2025-01-06 14:48:09,630][0m Trial 19 finished with value: 0.06878866804524875 and parameters: {'observation_period_num': 58, 'train_rates': 0.9462034682032698, 'learning_rate': 8.222455549445022e-05, 'batch_size': 79, 'step_size': 8, 'gamma': 0.9585112229160508}. Best is trial 10 with value: 0.03145431997437103.[0m
[32m[I 2025-01-06 14:48:43,270][0m Trial 20 finished with value: 0.11146050211391412 and parameters: {'observation_period_num': 159, 'train_rates': 0.8169536612434194, 'learning_rate': 0.0003495316965980227, 'batch_size': 167, 'step_size': 5, 'gamma': 0.8702856079958589}. Best is trial 10 with value: 0.03145431997437103.[0m
[32m[I 2025-01-06 14:51:41,187][0m Trial 21 finished with value: 0.03367789564654231 and parameters: {'observation_period_num': 5, 'train_rates': 0.986422828504854, 'learning_rate': 0.0008468790427214205, 'batch_size': 34, 'step_size': 11, 'gamma': 0.9070587823887425}. Best is trial 10 with value: 0.03145431997437103.[0m
[32m[I 2025-01-06 14:54:10,211][0m Trial 22 finished with value: 0.06437172262190745 and parameters: {'observation_period_num': 25, 'train_rates': 0.9605041042407333, 'learning_rate': 0.0002622603562472387, 'batch_size': 39, 'step_size': 11, 'gamma': 0.9115450453280752}. Best is trial 10 with value: 0.03145431997437103.[0m
[32m[I 2025-01-06 14:55:28,507][0m Trial 23 finished with value: 0.0517236837082439 and parameters: {'observation_period_num': 52, 'train_rates': 0.9226493092971668, 'learning_rate': 0.0005525435237775126, 'batch_size': 71, 'step_size': 12, 'gamma': 0.8861618911144552}. Best is trial 10 with value: 0.03145431997437103.[0m
[32m[I 2025-01-06 14:56:21,058][0m Trial 24 finished with value: 0.04342852835607594 and parameters: {'observation_period_num': 24, 'train_rates': 0.8761606491276166, 'learning_rate': 0.0002560549606284348, 'batch_size': 109, 'step_size': 8, 'gamma': 0.9224969595744512}. Best is trial 10 with value: 0.03145431997437103.[0m
[32m[I 2025-01-06 14:58:30,903][0m Trial 25 finished with value: 0.026704643187778338 and parameters: {'observation_period_num': 5, 'train_rates': 0.9597915636103903, 'learning_rate': 0.0006642964513775525, 'batch_size': 45, 'step_size': 9, 'gamma': 0.8639121757908413}. Best is trial 25 with value: 0.026704643187778338.[0m
[32m[I 2025-01-06 15:01:12,061][0m Trial 26 finished with value: 0.07130696624517441 and parameters: {'observation_period_num': 70, 'train_rates': 0.965057232920262, 'learning_rate': 0.0006864266448323939, 'batch_size': 36, 'step_size': 9, 'gamma': 0.8628716294062615}. Best is trial 25 with value: 0.026704643187778338.[0m
[32m[I 2025-01-06 15:03:56,235][0m Trial 27 finished with value: 0.04862099885940552 and parameters: {'observation_period_num': 39, 'train_rates': 0.988178964576802, 'learning_rate': 0.00023234992027916987, 'batch_size': 37, 'step_size': 11, 'gamma': 0.9467588575880611}. Best is trial 25 with value: 0.026704643187778338.[0m
[32m[I 2025-01-06 15:05:02,491][0m Trial 28 finished with value: 0.25850655038914416 and parameters: {'observation_period_num': 186, 'train_rates': 0.6972072017355551, 'learning_rate': 7.662579347554035e-05, 'batch_size': 68, 'step_size': 9, 'gamma': 0.8771487878515655}. Best is trial 25 with value: 0.026704643187778338.[0m
[32m[I 2025-01-06 15:06:48,199][0m Trial 29 finished with value: 0.17094273979847247 and parameters: {'observation_period_num': 110, 'train_rates': 0.8858907562242553, 'learning_rate': 1.990600849739456e-05, 'batch_size': 50, 'step_size': 12, 'gamma': 0.8413860409117068}. Best is trial 25 with value: 0.026704643187778338.[0m
[32m[I 2025-01-06 15:07:38,588][0m Trial 30 finished with value: 0.48793645050581985 and parameters: {'observation_period_num': 86, 'train_rates': 0.9116801837081342, 'learning_rate': 4.635098751414153e-06, 'batch_size': 114, 'step_size': 10, 'gamma': 0.8204502222539161}. Best is trial 25 with value: 0.026704643187778338.[0m
[32m[I 2025-01-06 15:08:50,422][0m Trial 31 finished with value: 0.040599271233351726 and parameters: {'observation_period_num': 16, 'train_rates': 0.9461557015249635, 'learning_rate': 0.0005862829684638915, 'batch_size': 84, 'step_size': 7, 'gamma': 0.9046408985602147}. Best is trial 25 with value: 0.026704643187778338.[0m
[32m[I 2025-01-06 15:12:09,885][0m Trial 32 finished with value: 0.03243573221825916 and parameters: {'observation_period_num': 13, 'train_rates': 0.9555601199251802, 'learning_rate': 0.0006072229102726944, 'batch_size': 29, 'step_size': 7, 'gamma': 0.9141199748257467}. Best is trial 25 with value: 0.026704643187778338.[0m
[32m[I 2025-01-06 15:15:21,549][0m Trial 33 finished with value: 0.06766190258999362 and parameters: {'observation_period_num': 28, 'train_rates': 0.9105199591231443, 'learning_rate': 0.0006289969073690802, 'batch_size': 29, 'step_size': 6, 'gamma': 0.9497167398032329}. Best is trial 25 with value: 0.026704643187778338.[0m
[32m[I 2025-01-06 15:20:26,639][0m Trial 34 finished with value: 0.21300977881138142 and parameters: {'observation_period_num': 54, 'train_rates': 0.8430846859874803, 'learning_rate': 2.6762768930789156e-06, 'batch_size': 16, 'step_size': 9, 'gamma': 0.9185287890488206}. Best is trial 25 with value: 0.026704643187778338.[0m
[32m[I 2025-01-06 15:22:16,764][0m Trial 35 finished with value: 0.038537678671510596 and parameters: {'observation_period_num': 20, 'train_rates': 0.9679096517308259, 'learning_rate': 0.00019873380370575357, 'batch_size': 49, 'step_size': 12, 'gamma': 0.9379248502124999}. Best is trial 25 with value: 0.026704643187778338.[0m
[32m[I 2025-01-06 15:25:26,066][0m Trial 36 finished with value: 0.05094733666111198 and parameters: {'observation_period_num': 44, 'train_rates': 0.9256971807674853, 'learning_rate': 0.00011055494488033771, 'batch_size': 29, 'step_size': 8, 'gamma': 0.8622888584132614}. Best is trial 25 with value: 0.026704643187778338.[0m
[32m[I 2025-01-06 15:26:43,906][0m Trial 37 finished with value: 0.08626196180833852 and parameters: {'observation_period_num': 71, 'train_rates': 0.8702778481579626, 'learning_rate': 0.0006821301958989922, 'batch_size': 69, 'step_size': 5, 'gamma': 0.9766418074145169}. Best is trial 25 with value: 0.026704643187778338.[0m
[32m[I 2025-01-06 15:29:50,083][0m Trial 38 finished with value: 0.10066287510097027 and parameters: {'observation_period_num': 250, 'train_rates': 0.9632106662823076, 'learning_rate': 0.0003003658208084155, 'batch_size': 29, 'step_size': 10, 'gamma': 0.800321714524044}. Best is trial 25 with value: 0.026704643187778338.[0m
[32m[I 2025-01-06 15:30:18,283][0m Trial 39 finished with value: 0.07386446120596979 and parameters: {'observation_period_num': 5, 'train_rates': 0.89192515762519, 'learning_rate': 4.7708684010346334e-05, 'batch_size': 251, 'step_size': 13, 'gamma': 0.8890650532898412}. Best is trial 25 with value: 0.026704643187778338.[0m
[32m[I 2025-01-06 15:30:53,906][0m Trial 40 finished with value: 0.10950902240796828 and parameters: {'observation_period_num': 129, 'train_rates': 0.8994820741448127, 'learning_rate': 0.00014829647455947122, 'batch_size': 172, 'step_size': 14, 'gamma': 0.8323060460534286}. Best is trial 25 with value: 0.026704643187778338.[0m
[32m[I 2025-01-06 15:32:57,995][0m Trial 41 finished with value: 0.030444342146317162 and parameters: {'observation_period_num': 16, 'train_rates': 0.9388044283656346, 'learning_rate': 0.0005074944380225202, 'batch_size': 47, 'step_size': 7, 'gamma': 0.9015538223301273}. Best is trial 25 with value: 0.026704643187778338.[0m
[32m[I 2025-01-06 15:35:01,916][0m Trial 42 finished with value: 0.035302811967475076 and parameters: {'observation_period_num': 21, 'train_rates': 0.9713331526792714, 'learning_rate': 0.0005234290097935769, 'batch_size': 48, 'step_size': 7, 'gamma': 0.920428208662717}. Best is trial 25 with value: 0.026704643187778338.[0m
[32m[I 2025-01-06 15:38:36,381][0m Trial 43 finished with value: 0.035878686189363546 and parameters: {'observation_period_num': 15, 'train_rates': 0.9298093892240094, 'learning_rate': 0.0007777428170058557, 'batch_size': 26, 'step_size': 5, 'gamma': 0.8988942715188594}. Best is trial 25 with value: 0.026704643187778338.[0m
[32m[I 2025-01-06 15:40:12,366][0m Trial 44 finished with value: 0.054668380063958466 and parameters: {'observation_period_num': 30, 'train_rates': 0.9562738849233887, 'learning_rate': 0.0001836926437430121, 'batch_size': 61, 'step_size': 9, 'gamma': 0.876518983474909}. Best is trial 25 with value: 0.026704643187778338.[0m
[32m[I 2025-01-06 15:42:23,548][0m Trial 45 finished with value: 0.056496262550354004 and parameters: {'observation_period_num': 48, 'train_rates': 0.9884822972230645, 'learning_rate': 0.0009982520176970442, 'batch_size': 45, 'step_size': 8, 'gamma': 0.886356118013799}. Best is trial 25 with value: 0.026704643187778338.[0m
[32m[I 2025-01-06 15:46:48,619][0m Trial 46 finished with value: 0.04974472544073774 and parameters: {'observation_period_num': 13, 'train_rates': 0.8576720914139916, 'learning_rate': 0.00047449468673711065, 'batch_size': 20, 'step_size': 6, 'gamma': 0.8527466095843184}. Best is trial 25 with value: 0.026704643187778338.[0m
[32m[I 2025-01-06 15:47:50,479][0m Trial 47 finished with value: 0.06185763975248692 and parameters: {'observation_period_num': 62, 'train_rates': 0.9352042952947789, 'learning_rate': 0.00031972158243339836, 'batch_size': 95, 'step_size': 11, 'gamma': 0.9112682728069061}. Best is trial 25 with value: 0.026704643187778338.[0m
[32m[I 2025-01-06 15:49:28,380][0m Trial 48 finished with value: 0.0453590918580691 and parameters: {'observation_period_num': 6, 'train_rates': 0.9745468528283688, 'learning_rate': 0.0007962462394599824, 'batch_size': 62, 'step_size': 10, 'gamma': 0.932802388552007}. Best is trial 25 with value: 0.026704643187778338.[0m
[32m[I 2025-01-06 15:49:50,294][0m Trial 49 finished with value: 0.4277186135394715 and parameters: {'observation_period_num': 211, 'train_rates': 0.6137012597667286, 'learning_rate': 0.0001345735938505, 'batch_size': 230, 'step_size': 2, 'gamma': 0.9432792974533467}. Best is trial 25 with value: 0.026704643187778338.[0m
trend „ÅÆÊúÄÈÅ©„Éè„Ç§„Éë„Éº„Éë„É©„É°„Éº„Çø„ÅåË¶ã„Å§„Åã„Çä„Åæ„Åó„Åü
ÊúÄÈÅ©ÂåñÂØæË±°: seasonal_0
[32m[I 2025-01-06 15:49:50,305][0m A new study created in memory with name: no-name-57ced171-9401-42d4-91f3-8886e802d8ff[0m
[32m[I 2025-01-06 15:51:24,716][0m Trial 0 finished with value: 0.09627378046993286 and parameters: {'observation_period_num': 123, 'train_rates': 0.8687208571972791, 'learning_rate': 0.00016009078817113618, 'batch_size': 211, 'step_size': 12, 'gamma': 0.9682868123836601}. Best is trial 0 with value: 0.09627378046993286.[0m
[32m[I 2025-01-06 15:52:41,707][0m Trial 1 finished with value: 0.1857351812397658 and parameters: {'observation_period_num': 45, 'train_rates': 0.7252547393824101, 'learning_rate': 0.00021781146600619145, 'batch_size': 203, 'step_size': 6, 'gamma': 0.7736637405942185}. Best is trial 0 with value: 0.09627378046993286.[0m
[32m[I 2025-01-06 15:54:04,353][0m Trial 2 finished with value: 0.2810911488049296 and parameters: {'observation_period_num': 168, 'train_rates': 0.7388154648987876, 'learning_rate': 0.000141886905219445, 'batch_size': 140, 'step_size': 11, 'gamma': 0.8699327555860271}. Best is trial 0 with value: 0.09627378046993286.[0m
[32m[I 2025-01-06 15:58:20,990][0m Trial 3 finished with value: 0.20999953837692736 and parameters: {'observation_period_num': 118, 'train_rates': 0.6472678257198352, 'learning_rate': 0.0003567864828573113, 'batch_size': 28, 'step_size': 8, 'gamma': 0.7988297576295745}. Best is trial 0 with value: 0.09627378046993286.[0m
[32m[I 2025-01-06 15:59:40,066][0m Trial 4 finished with value: 0.13747548941108917 and parameters: {'observation_period_num': 5, 'train_rates': 0.6336421800754282, 'learning_rate': 0.00013224761312468259, 'batch_size': 201, 'step_size': 8, 'gamma': 0.7620641427139928}. Best is trial 0 with value: 0.09627378046993286.[0m
[32m[I 2025-01-06 16:01:18,279][0m Trial 5 finished with value: 0.21298065807652586 and parameters: {'observation_period_num': 75, 'train_rates': 0.7815003196670136, 'learning_rate': 0.0008687934085667237, 'batch_size': 130, 'step_size': 4, 'gamma': 0.8701510877419631}. Best is trial 0 with value: 0.09627378046993286.[0m
[32m[I 2025-01-06 16:02:58,309][0m Trial 6 finished with value: 0.10362256652095751 and parameters: {'observation_period_num': 167, 'train_rates': 0.7965976738247887, 'learning_rate': 0.0002772449642549187, 'batch_size': 115, 'step_size': 12, 'gamma': 0.8810929871211629}. Best is trial 0 with value: 0.09627378046993286.[0m
[32m[I 2025-01-06 16:05:56,398][0m Trial 7 finished with value: 0.05215440549852937 and parameters: {'observation_period_num': 19, 'train_rates': 0.9180117859061319, 'learning_rate': 5.3165715953281664e-06, 'batch_size': 53, 'step_size': 15, 'gamma': 0.9817652335910327}. Best is trial 7 with value: 0.05215440549852937.[0m
[32m[I 2025-01-06 16:07:36,761][0m Trial 8 finished with value: 0.07737990220387776 and parameters: {'observation_period_num': 98, 'train_rates': 0.945629006888629, 'learning_rate': 5.280164649347253e-05, 'batch_size': 130, 'step_size': 8, 'gamma': 0.7926718073784917}. Best is trial 7 with value: 0.05215440549852937.[0m
[32m[I 2025-01-06 16:09:03,591][0m Trial 9 finished with value: 0.29762017929725215 and parameters: {'observation_period_num': 201, 'train_rates': 0.7344925086190699, 'learning_rate': 0.00017934534383279917, 'batch_size': 139, 'step_size': 12, 'gamma': 0.9227869737552212}. Best is trial 7 with value: 0.05215440549852937.[0m
[32m[I 2025-01-06 16:17:18,122][0m Trial 10 finished with value: 0.10604562654214747 and parameters: {'observation_period_num': 247, 'train_rates': 0.9750805063120129, 'learning_rate': 2.5960263912780016e-06, 'batch_size': 18, 'step_size': 15, 'gamma': 0.9854939212646118}. Best is trial 7 with value: 0.05215440549852937.[0m
Early stopping at epoch 57
[32m[I 2025-01-06 16:18:36,861][0m Trial 11 finished with value: 0.26291796565055847 and parameters: {'observation_period_num': 70, 'train_rates': 0.9773121068986621, 'learning_rate': 9.492999313056646e-06, 'batch_size': 76, 'step_size': 1, 'gamma': 0.8297423657622575}. Best is trial 7 with value: 0.05215440549852937.[0m
[32m[I 2025-01-06 16:21:04,623][0m Trial 12 finished with value: 0.04760273405146308 and parameters: {'observation_period_num': 13, 'train_rates': 0.8884467282122659, 'learning_rate': 2.2379882696905715e-05, 'batch_size': 74, 'step_size': 15, 'gamma': 0.9309253430683597}. Best is trial 12 with value: 0.04760273405146308.[0m
[32m[I 2025-01-06 16:23:46,113][0m Trial 13 finished with value: 0.04154044630246478 and parameters: {'observation_period_num': 10, 'train_rates': 0.8868602382463512, 'learning_rate': 1.191680213199595e-05, 'batch_size': 61, 'step_size': 15, 'gamma': 0.9417049386646806}. Best is trial 13 with value: 0.04154044630246478.[0m
[32m[I 2025-01-06 16:25:47,356][0m Trial 14 finished with value: 0.05709559861300648 and parameters: {'observation_period_num': 41, 'train_rates': 0.8815231747596382, 'learning_rate': 2.0636212068655165e-05, 'batch_size': 82, 'step_size': 15, 'gamma': 0.9284150723858459}. Best is trial 13 with value: 0.04154044630246478.[0m
