[32m[I 2025-01-07 03:18:50,091][0m Trial 49 finished with value: 0.08392496626356463 and parameters: {'observation_period_num': 176, 'train_rates': 0.916962244618247, 'learning_rate': 0.0001157904967585113, 'batch_size': 50, 'step_size': 3, 'gamma': 0.8671767441459031}. Best is trial 12 with value: 0.03354983125533258.[0m
resid „ÅÆÊúÄÈÅ©„Éè„Ç§„Éë„Éº„Éë„É©„É°„Éº„Çø„ÅåË¶ã„Å§„Åã„Çä„Åæ„Åó„Åü
ÊúÄÈÅ©„Éè„Ç§„Éë„Éº„Éë„É©„É°„Éº„Çø„Åå best_hyperparameters_AMZN_change_iTransformer.json „Å´‰øùÂ≠ò„Åï„Çå„Åæ„Åó„Åü
Training trend component with params: {'observation_period_num': 5, 'train_rates': 0.9597915636103903, 'learning_rate': 0.0006642964513775525, 'batch_size': 45, 'step_size': 9, 'gamma': 0.8639121757908413}
Epoch 1/300, trend Loss: 0.2450 | 0.1051
Epoch 2/300, trend Loss: 0.1318 | 0.0746
Epoch 3/300, trend Loss: 0.1169 | 0.0765
Epoch 4/300, trend Loss: 0.1150 | 0.0660
Epoch 5/300, trend Loss: 0.1188 | 0.0794
Epoch 6/300, trend Loss: 0.1143 | 0.0638
Epoch 7/300, trend Loss: 0.1019 | 0.0638
Epoch 8/300, trend Loss: 0.0990 | 0.0598
Epoch 9/300, trend Loss: 0.0962 | 0.0561
Epoch 10/300, trend Loss: 0.0936 | 0.0534
Epoch 11/300, trend Loss: 0.0915 | 0.0518
Epoch 12/300, trend Loss: 0.0900 | 0.0511
Epoch 13/300, trend Loss: 0.0882 | 0.0500
Epoch 14/300, trend Loss: 0.0862 | 0.0482
Epoch 15/300, trend Loss: 0.0845 | 0.0480
Epoch 16/300, trend Loss: 0.0829 | 0.0460
Epoch 17/300, trend Loss: 0.0808 | 0.0439
Epoch 18/300, trend Loss: 0.0797 | 0.0436
Epoch 19/300, trend Loss: 0.0790 | 0.0434
Epoch 20/300, trend Loss: 0.0776 | 0.0417
Epoch 21/300, trend Loss: 0.0762 | 0.0405
Epoch 22/300, trend Loss: 0.0753 | 0.0396
Epoch 23/300, trend Loss: 0.0745 | 0.0387
Epoch 24/300, trend Loss: 0.0740 | 0.0392
Epoch 25/300, trend Loss: 0.0737 | 0.0386
Epoch 26/300, trend Loss: 0.0730 | 0.0378
Epoch 27/300, trend Loss: 0.0726 | 0.0374
Epoch 28/300, trend Loss: 0.0722 | 0.0380
Epoch 29/300, trend Loss: 0.0718 | 0.0379
Epoch 30/300, trend Loss: 0.0713 | 0.0376
Epoch 31/300, trend Loss: 0.0709 | 0.0372
Epoch 32/300, trend Loss: 0.0706 | 0.0368
Epoch 33/300, trend Loss: 0.0702 | 0.0360
Epoch 34/300, trend Loss: 0.0699 | 0.0357
Epoch 35/300, trend Loss: 0.0695 | 0.0352
Epoch 36/300, trend Loss: 0.0692 | 0.0349
Epoch 37/300, trend Loss: 0.0688 | 0.0347
Epoch 38/300, trend Loss: 0.0685 | 0.0344
Epoch 39/300, trend Loss: 0.0683 | 0.0341
Epoch 40/300, trend Loss: 0.0680 | 0.0338
Epoch 41/300, trend Loss: 0.0677 | 0.0336
Epoch 42/300, trend Loss: 0.0674 | 0.0336
Epoch 43/300, trend Loss: 0.0672 | 0.0336
Epoch 44/300, trend Loss: 0.0669 | 0.0336
Epoch 45/300, trend Loss: 0.0667 | 0.0335
Epoch 46/300, trend Loss: 0.0665 | 0.0339
Epoch 47/300, trend Loss: 0.0663 | 0.0341
Epoch 48/300, trend Loss: 0.0662 | 0.0341
Epoch 49/300, trend Loss: 0.0661 | 0.0341
Epoch 50/300, trend Loss: 0.0660 | 0.0340
Epoch 51/300, trend Loss: 0.0661 | 0.0328
Epoch 52/300, trend Loss: 0.0661 | 0.0328
Epoch 53/300, trend Loss: 0.0661 | 0.0326
Epoch 54/300, trend Loss: 0.0659 | 0.0326
Epoch 55/300, trend Loss: 0.0657 | 0.0341
Epoch 56/300, trend Loss: 0.0656 | 0.0337
Epoch 57/300, trend Loss: 0.0655 | 0.0335
Epoch 58/300, trend Loss: 0.0659 | 0.0337
Epoch 59/300, trend Loss: 0.0665 | 0.0346
Epoch 60/300, trend Loss: 0.0675 | 0.0365
Epoch 61/300, trend Loss: 0.0676 | 0.0363
Epoch 62/300, trend Loss: 0.0669 | 0.0361
Epoch 63/300, trend Loss: 0.0663 | 0.0362
Epoch 64/300, trend Loss: 0.0660 | 0.0360
Epoch 65/300, trend Loss: 0.0659 | 0.0355
Epoch 66/300, trend Loss: 0.0657 | 0.0336
Epoch 67/300, trend Loss: 0.0653 | 0.0320
Epoch 68/300, trend Loss: 0.0650 | 0.0315
Epoch 69/300, trend Loss: 0.0647 | 0.0316
Epoch 70/300, trend Loss: 0.0641 | 0.0314
Epoch 71/300, trend Loss: 0.0636 | 0.0312
Epoch 72/300, trend Loss: 0.0633 | 0.0310
Epoch 73/300, trend Loss: 0.0630 | 0.0310
Epoch 74/300, trend Loss: 0.0629 | 0.0309
Epoch 75/300, trend Loss: 0.0628 | 0.0308
Epoch 76/300, trend Loss: 0.0627 | 0.0308
Epoch 77/300, trend Loss: 0.0626 | 0.0307
Epoch 78/300, trend Loss: 0.0625 | 0.0307
Epoch 79/300, trend Loss: 0.0624 | 0.0307
Epoch 80/300, trend Loss: 0.0624 | 0.0306
Epoch 81/300, trend Loss: 0.0623 | 0.0306
Epoch 82/300, trend Loss: 0.0623 | 0.0306
Epoch 83/300, trend Loss: 0.0622 | 0.0305
Epoch 84/300, trend Loss: 0.0622 | 0.0305
Epoch 85/300, trend Loss: 0.0621 | 0.0305
Epoch 86/300, trend Loss: 0.0621 | 0.0305
Epoch 87/300, trend Loss: 0.0620 | 0.0304
Epoch 88/300, trend Loss: 0.0620 | 0.0304
Epoch 89/300, trend Loss: 0.0619 | 0.0304
Epoch 90/300, trend Loss: 0.0619 | 0.0304
Epoch 91/300, trend Loss: 0.0619 | 0.0304
Epoch 92/300, trend Loss: 0.0619 | 0.0304
Epoch 93/300, trend Loss: 0.0618 | 0.0303
Epoch 94/300, trend Loss: 0.0618 | 0.0303
Epoch 95/300, trend Loss: 0.0617 | 0.0303
Epoch 96/300, trend Loss: 0.0617 | 0.0303
Epoch 97/300, trend Loss: 0.0617 | 0.0303
Epoch 98/300, trend Loss: 0.0616 | 0.0303
Epoch 99/300, trend Loss: 0.0615 | 0.0303
Epoch 100/300, trend Loss: 0.0615 | 0.0303
Epoch 101/300, trend Loss: 0.0614 | 0.0303
Epoch 102/300, trend Loss: 0.0614 | 0.0303
Epoch 103/300, trend Loss: 0.0613 | 0.0302
Epoch 104/300, trend Loss: 0.0613 | 0.0302
Epoch 105/300, trend Loss: 0.0612 | 0.0302
Epoch 106/300, trend Loss: 0.0612 | 0.0302
Epoch 107/300, trend Loss: 0.0612 | 0.0302
Epoch 108/300, trend Loss: 0.0611 | 0.0301
Epoch 109/300, trend Loss: 0.0611 | 0.0301
Epoch 110/300, trend Loss: 0.0610 | 0.0301
Epoch 111/300, trend Loss: 0.0610 | 0.0300
Epoch 112/300, trend Loss: 0.0610 | 0.0300
Epoch 113/300, trend Loss: 0.0609 | 0.0300
Epoch 114/300, trend Loss: 0.0609 | 0.0300
Epoch 115/300, trend Loss: 0.0608 | 0.0300
Epoch 116/300, trend Loss: 0.0608 | 0.0300
Epoch 117/300, trend Loss: 0.0608 | 0.0299
Epoch 118/300, trend Loss: 0.0607 | 0.0300
Epoch 119/300, trend Loss: 0.0607 | 0.0300
Epoch 120/300, trend Loss: 0.0607 | 0.0299
Epoch 121/300, trend Loss: 0.0606 | 0.0299
Epoch 122/300, trend Loss: 0.0606 | 0.0299
Epoch 123/300, trend Loss: 0.0606 | 0.0299
Epoch 124/300, trend Loss: 0.0606 | 0.0299
Epoch 125/300, trend Loss: 0.0606 | 0.0299
Epoch 126/300, trend Loss: 0.0605 | 0.0299
Epoch 127/300, trend Loss: 0.0605 | 0.0299
Epoch 128/300, trend Loss: 0.0605 | 0.0299
Epoch 129/300, trend Loss: 0.0605 | 0.0299
Epoch 130/300, trend Loss: 0.0605 | 0.0299
Epoch 131/300, trend Loss: 0.0605 | 0.0299
Epoch 132/300, trend Loss: 0.0604 | 0.0299
Epoch 133/300, trend Loss: 0.0604 | 0.0298
Epoch 134/300, trend Loss: 0.0604 | 0.0298
Epoch 135/300, trend Loss: 0.0604 | 0.0298
Epoch 136/300, trend Loss: 0.0604 | 0.0298
Epoch 137/300, trend Loss: 0.0604 | 0.0298
Epoch 138/300, trend Loss: 0.0604 | 0.0298
Epoch 139/300, trend Loss: 0.0604 | 0.0298
Epoch 140/300, trend Loss: 0.0604 | 0.0298
Epoch 141/300, trend Loss: 0.0604 | 0.0298
Epoch 142/300, trend Loss: 0.0603 | 0.0298
Epoch 143/300, trend Loss: 0.0603 | 0.0298
Epoch 144/300, trend Loss: 0.0603 | 0.0298
Epoch 145/300, trend Loss: 0.0603 | 0.0298
Epoch 146/300, trend Loss: 0.0603 | 0.0298
Epoch 147/300, trend Loss: 0.0603 | 0.0297
Epoch 148/300, trend Loss: 0.0603 | 0.0297
Epoch 149/300, trend Loss: 0.0603 | 0.0297
Epoch 150/300, trend Loss: 0.0603 | 0.0297
Epoch 151/300, trend Loss: 0.0603 | 0.0297
Epoch 152/300, trend Loss: 0.0603 | 0.0297
Epoch 153/300, trend Loss: 0.0602 | 0.0297
Epoch 154/300, trend Loss: 0.0602 | 0.0297
Epoch 155/300, trend Loss: 0.0602 | 0.0297
Epoch 156/300, trend Loss: 0.0602 | 0.0297
Epoch 157/300, trend Loss: 0.0602 | 0.0297
Epoch 158/300, trend Loss: 0.0602 | 0.0296
Epoch 159/300, trend Loss: 0.0602 | 0.0296
Epoch 160/300, trend Loss: 0.0602 | 0.0296
Epoch 161/300, trend Loss: 0.0601 | 0.0296
Epoch 162/300, trend Loss: 0.0601 | 0.0296
Epoch 163/300, trend Loss: 0.0601 | 0.0296
Epoch 164/300, trend Loss: 0.0601 | 0.0296
Epoch 165/300, trend Loss: 0.0601 | 0.0296
Epoch 166/300, trend Loss: 0.0601 | 0.0296
Epoch 167/300, trend Loss: 0.0601 | 0.0296
Epoch 168/300, trend Loss: 0.0601 | 0.0296
Epoch 169/300, trend Loss: 0.0601 | 0.0296
Epoch 170/300, trend Loss: 0.0601 | 0.0296
Epoch 171/300, trend Loss: 0.0601 | 0.0296
Epoch 172/300, trend Loss: 0.0601 | 0.0296
Epoch 173/300, trend Loss: 0.0601 | 0.0296
Epoch 174/300, trend Loss: 0.0601 | 0.0296
Epoch 175/300, trend Loss: 0.0601 | 0.0296
Epoch 176/300, trend Loss: 0.0601 | 0.0295
Epoch 177/300, trend Loss: 0.0600 | 0.0295
Epoch 178/300, trend Loss: 0.0600 | 0.0295
Epoch 179/300, trend Loss: 0.0600 | 0.0295
Epoch 180/300, trend Loss: 0.0600 | 0.0295
Epoch 181/300, trend Loss: 0.0600 | 0.0295
Epoch 182/300, trend Loss: 0.0600 | 0.0295
Epoch 183/300, trend Loss: 0.0600 | 0.0295
Epoch 184/300, trend Loss: 0.0600 | 0.0295
Epoch 185/300, trend Loss: 0.0600 | 0.0295
Epoch 186/300, trend Loss: 0.0600 | 0.0295
Epoch 187/300, trend Loss: 0.0600 | 0.0295
Epoch 188/300, trend Loss: 0.0600 | 0.0295
Epoch 189/300, trend Loss: 0.0600 | 0.0295
Epoch 190/300, trend Loss: 0.0600 | 0.0295
Epoch 191/300, trend Loss: 0.0600 | 0.0295
Epoch 192/300, trend Loss: 0.0600 | 0.0295
Epoch 193/300, trend Loss: 0.0600 | 0.0295
Epoch 194/300, trend Loss: 0.0600 | 0.0295
Epoch 195/300, trend Loss: 0.0600 | 0.0295
Epoch 196/300, trend Loss: 0.0600 | 0.0295
Epoch 197/300, trend Loss: 0.0600 | 0.0295
Epoch 198/300, trend Loss: 0.0600 | 0.0295
Epoch 199/300, trend Loss: 0.0600 | 0.0295
Epoch 200/300, trend Loss: 0.0600 | 0.0295
Epoch 201/300, trend Loss: 0.0600 | 0.0295
Epoch 202/300, trend Loss: 0.0600 | 0.0295
Epoch 203/300, trend Loss: 0.0600 | 0.0295
Epoch 204/300, trend Loss: 0.0600 | 0.0295
Epoch 205/300, trend Loss: 0.0600 | 0.0295
Epoch 206/300, trend Loss: 0.0600 | 0.0295
Epoch 207/300, trend Loss: 0.0600 | 0.0295
Epoch 208/300, trend Loss: 0.0600 | 0.0295
Epoch 209/300, trend Loss: 0.0600 | 0.0295
Epoch 210/300, trend Loss: 0.0600 | 0.0295
Epoch 211/300, trend Loss: 0.0600 | 0.0295
Epoch 212/300, trend Loss: 0.0600 | 0.0295
Epoch 213/300, trend Loss: 0.0600 | 0.0295
Epoch 214/300, trend Loss: 0.0600 | 0.0295
Epoch 215/300, trend Loss: 0.0600 | 0.0295
Epoch 216/300, trend Loss: 0.0600 | 0.0295
Epoch 217/300, trend Loss: 0.0600 | 0.0295
Epoch 218/300, trend Loss: 0.0600 | 0.0295
Epoch 219/300, trend Loss: 0.0600 | 0.0295
Epoch 220/300, trend Loss: 0.0600 | 0.0295
Epoch 221/300, trend Loss: 0.0600 | 0.0295
Epoch 222/300, trend Loss: 0.0600 | 0.0295
Epoch 223/300, trend Loss: 0.0600 | 0.0295
Epoch 224/300, trend Loss: 0.0600 | 0.0295
Epoch 225/300, trend Loss: 0.0600 | 0.0295
Epoch 226/300, trend Loss: 0.0600 | 0.0295
Epoch 227/300, trend Loss: 0.0600 | 0.0295
Epoch 228/300, trend Loss: 0.0600 | 0.0295
Epoch 229/300, trend Loss: 0.0600 | 0.0295
Epoch 230/300, trend Loss: 0.0600 | 0.0295
Epoch 231/300, trend Loss: 0.0599 | 0.0295
Epoch 232/300, trend Loss: 0.0599 | 0.0295
Epoch 233/300, trend Loss: 0.0599 | 0.0295
Epoch 234/300, trend Loss: 0.0599 | 0.0295
Epoch 235/300, trend Loss: 0.0599 | 0.0295
Epoch 236/300, trend Loss: 0.0599 | 0.0295
Epoch 237/300, trend Loss: 0.0599 | 0.0295
Epoch 238/300, trend Loss: 0.0599 | 0.0295
Epoch 239/300, trend Loss: 0.0599 | 0.0295
Epoch 240/300, trend Loss: 0.0599 | 0.0295
Epoch 241/300, trend Loss: 0.0599 | 0.0295
Epoch 242/300, trend Loss: 0.0599 | 0.0295
Epoch 243/300, trend Loss: 0.0599 | 0.0295
Epoch 244/300, trend Loss: 0.0599 | 0.0295
Epoch 245/300, trend Loss: 0.0599 | 0.0295
Epoch 246/300, trend Loss: 0.0599 | 0.0295
Epoch 247/300, trend Loss: 0.0599 | 0.0295
Epoch 248/300, trend Loss: 0.0599 | 0.0295
Epoch 249/300, trend Loss: 0.0599 | 0.0295
Epoch 250/300, trend Loss: 0.0599 | 0.0295
Epoch 251/300, trend Loss: 0.0599 | 0.0295
Epoch 252/300, trend Loss: 0.0599 | 0.0295
Epoch 253/300, trend Loss: 0.0599 | 0.0295
Epoch 254/300, trend Loss: 0.0599 | 0.0295
Epoch 255/300, trend Loss: 0.0599 | 0.0295
Epoch 256/300, trend Loss: 0.0599 | 0.0295
Epoch 257/300, trend Loss: 0.0599 | 0.0295
Epoch 258/300, trend Loss: 0.0599 | 0.0295
Epoch 259/300, trend Loss: 0.0599 | 0.0295
Epoch 260/300, trend Loss: 0.0599 | 0.0295
Epoch 261/300, trend Loss: 0.0599 | 0.0295
Epoch 262/300, trend Loss: 0.0599 | 0.0295
Epoch 263/300, trend Loss: 0.0599 | 0.0295
Epoch 264/300, trend Loss: 0.0599 | 0.0295
Epoch 265/300, trend Loss: 0.0599 | 0.0295
Epoch 266/300, trend Loss: 0.0599 | 0.0295
Epoch 267/300, trend Loss: 0.0599 | 0.0295
Epoch 268/300, trend Loss: 0.0599 | 0.0295
Epoch 269/300, trend Loss: 0.0599 | 0.0295
Epoch 270/300, trend Loss: 0.0599 | 0.0295
Epoch 271/300, trend Loss: 0.0599 | 0.0295
Epoch 272/300, trend Loss: 0.0599 | 0.0295
Epoch 273/300, trend Loss: 0.0599 | 0.0295
Epoch 274/300, trend Loss: 0.0599 | 0.0295
Epoch 275/300, trend Loss: 0.0599 | 0.0295
Epoch 276/300, trend Loss: 0.0599 | 0.0295
Epoch 277/300, trend Loss: 0.0599 | 0.0295
Epoch 278/300, trend Loss: 0.0599 | 0.0295
Epoch 279/300, trend Loss: 0.0599 | 0.0295
Epoch 280/300, trend Loss: 0.0599 | 0.0295
Epoch 281/300, trend Loss: 0.0599 | 0.0295
Epoch 282/300, trend Loss: 0.0599 | 0.0295
Epoch 283/300, trend Loss: 0.0599 | 0.0295
Epoch 284/300, trend Loss: 0.0599 | 0.0295
Epoch 285/300, trend Loss: 0.0599 | 0.0295
Epoch 286/300, trend Loss: 0.0599 | 0.0295
Epoch 287/300, trend Loss: 0.0599 | 0.0295
Epoch 288/300, trend Loss: 0.0599 | 0.0295
Epoch 289/300, trend Loss: 0.0599 | 0.0295
Epoch 290/300, trend Loss: 0.0599 | 0.0295
Epoch 291/300, trend Loss: 0.0599 | 0.0295
Epoch 292/300, trend Loss: 0.0599 | 0.0295
Epoch 293/300, trend Loss: 0.0599 | 0.0295
Epoch 294/300, trend Loss: 0.0599 | 0.0295
Epoch 295/300, trend Loss: 0.0599 | 0.0295
Epoch 296/300, trend Loss: 0.0599 | 0.0295
Epoch 297/300, trend Loss: 0.0599 | 0.0295
Epoch 298/300, trend Loss: 0.0599 | 0.0295
Epoch 299/300, trend Loss: 0.0599 | 0.0295
Epoch 300/300, trend Loss: 0.0599 | 0.0295
Training seasonal_0 component with params: {'observation_period_num': 7, 'train_rates': 0.9570966630688225, 'learning_rate': 0.0006828972698269891, 'batch_size': 116, 'step_size': 9, 'gamma': 0.881701989769117}
Epoch 1/300, seasonal_0 Loss: 2.1496 | 1.3649
Epoch 2/300, seasonal_0 Loss: 0.7074 | 0.6402
Epoch 3/300, seasonal_0 Loss: 0.5220 | 0.4101
Epoch 4/300, seasonal_0 Loss: 0.4399 | 0.3235
Epoch 5/300, seasonal_0 Loss: 0.3946 | 0.3201
Epoch 6/300, seasonal_0 Loss: 0.3923 | 0.3018
Epoch 7/300, seasonal_0 Loss: 0.3460 | 0.2816
Epoch 8/300, seasonal_0 Loss: 0.2879 | 0.2190
Epoch 9/300, seasonal_0 Loss: 0.2363 | 0.1873
Epoch 10/300, seasonal_0 Loss: 0.1637 | 0.0991
Epoch 11/300, seasonal_0 Loss: 0.1637 | 0.0961
Epoch 12/300, seasonal_0 Loss: 0.1445 | 0.1120
Epoch 13/300, seasonal_0 Loss: 0.1475 | 0.1018
Epoch 14/300, seasonal_0 Loss: 0.1476 | 0.1373
Epoch 15/300, seasonal_0 Loss: 0.1525 | 0.0966
Epoch 16/300, seasonal_0 Loss: 0.1610 | 0.1101
Epoch 17/300, seasonal_0 Loss: 0.1526 | 0.0946
Epoch 18/300, seasonal_0 Loss: 0.1380 | 0.0845
Epoch 19/300, seasonal_0 Loss: 0.1702 | 0.1016
Epoch 20/300, seasonal_0 Loss: 0.1515 | 0.0954
Epoch 21/300, seasonal_0 Loss: 0.1794 | 0.1246
Epoch 22/300, seasonal_0 Loss: 0.1739 | 0.1019
Epoch 23/300, seasonal_0 Loss: 0.1488 | 0.0916
Epoch 24/300, seasonal_0 Loss: 0.1510 | 0.1029
Epoch 25/300, seasonal_0 Loss: 0.1925 | 0.1435
Epoch 26/300, seasonal_0 Loss: 0.2023 | 0.0832
Epoch 27/300, seasonal_0 Loss: 0.1710 | 0.1018
Epoch 28/300, seasonal_0 Loss: 0.1698 | 0.0982
Epoch 29/300, seasonal_0 Loss: 0.1471 | 0.0940
Epoch 30/300, seasonal_0 Loss: 0.1341 | 0.0750
Epoch 31/300, seasonal_0 Loss: 0.1484 | 0.0887
Epoch 32/300, seasonal_0 Loss: 0.1668 | 0.0985
Epoch 33/300, seasonal_0 Loss: 0.1349 | 0.0874
Epoch 34/300, seasonal_0 Loss: 0.1283 | 0.0848
Epoch 35/300, seasonal_0 Loss: 0.1201 | 0.0911
Epoch 36/300, seasonal_0 Loss: 0.1301 | 0.0818
Epoch 37/300, seasonal_0 Loss: 0.1290 | 0.0831
Epoch 38/300, seasonal_0 Loss: 0.1268 | 0.0710
Epoch 39/300, seasonal_0 Loss: 0.1301 | 0.0912
Epoch 40/300, seasonal_0 Loss: 0.1440 | 0.0705
Epoch 41/300, seasonal_0 Loss: 0.1283 | 0.0858
Epoch 42/300, seasonal_0 Loss: 0.1186 | 0.0837
Epoch 43/300, seasonal_0 Loss: 0.1428 | 0.0982
Epoch 44/300, seasonal_0 Loss: 0.1371 | 0.0966
Epoch 45/300, seasonal_0 Loss: 0.1125 | 0.0721
Epoch 46/300, seasonal_0 Loss: 0.1150 | 0.0993
Epoch 47/300, seasonal_0 Loss: 0.1039 | 0.0608
Epoch 48/300, seasonal_0 Loss: 0.0986 | 0.0631
Epoch 49/300, seasonal_0 Loss: 0.0931 | 0.0595
Epoch 50/300, seasonal_0 Loss: 0.1058 | 0.0600
Epoch 51/300, seasonal_0 Loss: 0.1083 | 0.0575
Epoch 52/300, seasonal_0 Loss: 0.1083 | 0.0723
Epoch 53/300, seasonal_0 Loss: 0.1126 | 0.0617
Epoch 54/300, seasonal_0 Loss: 0.0973 | 0.0512
Epoch 55/300, seasonal_0 Loss: 0.0975 | 0.0527
Epoch 56/300, seasonal_0 Loss: 0.0927 | 0.0494
Epoch 57/300, seasonal_0 Loss: 0.0854 | 0.0511
Epoch 58/300, seasonal_0 Loss: 0.0997 | 0.0531
Epoch 59/300, seasonal_0 Loss: 0.0983 | 0.0500
Epoch 60/300, seasonal_0 Loss: 0.0848 | 0.0459
Epoch 61/300, seasonal_0 Loss: 0.0859 | 0.0490
Epoch 62/300, seasonal_0 Loss: 0.0905 | 0.0669
Epoch 63/300, seasonal_0 Loss: 0.0985 | 0.0603
Epoch 64/300, seasonal_0 Loss: 0.0930 | 0.0711
Epoch 65/300, seasonal_0 Loss: 0.0985 | 0.0580
Epoch 66/300, seasonal_0 Loss: 0.0832 | 0.0571
Epoch 67/300, seasonal_0 Loss: 0.1015 | 0.0578
Epoch 68/300, seasonal_0 Loss: 0.0989 | 0.0596
Epoch 69/300, seasonal_0 Loss: 0.1009 | 0.0590
Epoch 70/300, seasonal_0 Loss: 0.0971 | 0.0556
Epoch 71/300, seasonal_0 Loss: 0.0903 | 0.0496
Epoch 72/300, seasonal_0 Loss: 0.0766 | 0.0464
Epoch 73/300, seasonal_0 Loss: 0.0842 | 0.0493
Epoch 74/300, seasonal_0 Loss: 0.0874 | 0.0456
Epoch 75/300, seasonal_0 Loss: 0.0918 | 0.0663
Epoch 76/300, seasonal_0 Loss: 0.0868 | 0.0792
Epoch 77/300, seasonal_0 Loss: 0.0848 | 0.0565
Epoch 78/300, seasonal_0 Loss: 0.0872 | 0.0568
Epoch 79/300, seasonal_0 Loss: 0.0932 | 0.0486
Epoch 80/300, seasonal_0 Loss: 0.0979 | 0.0492
Epoch 81/300, seasonal_0 Loss: 0.0803 | 0.0450
Epoch 82/300, seasonal_0 Loss: 0.0780 | 0.0522
Epoch 83/300, seasonal_0 Loss: 0.0811 | 0.0553
Epoch 84/300, seasonal_0 Loss: 0.0795 | 0.0556
Epoch 85/300, seasonal_0 Loss: 0.0715 | 0.0428
Epoch 86/300, seasonal_0 Loss: 0.0706 | 0.0435
Epoch 87/300, seasonal_0 Loss: 0.0722 | 0.0404
Epoch 88/300, seasonal_0 Loss: 0.0689 | 0.0425
Epoch 89/300, seasonal_0 Loss: 0.0654 | 0.0416
Epoch 90/300, seasonal_0 Loss: 0.0661 | 0.0449
Epoch 91/300, seasonal_0 Loss: 0.0648 | 0.0392
Epoch 92/300, seasonal_0 Loss: 0.0637 | 0.0387
Epoch 93/300, seasonal_0 Loss: 0.0636 | 0.0386
Epoch 94/300, seasonal_0 Loss: 0.0634 | 0.0404
Epoch 95/300, seasonal_0 Loss: 0.0643 | 0.0404
Epoch 96/300, seasonal_0 Loss: 0.0651 | 0.0445
Epoch 97/300, seasonal_0 Loss: 0.0657 | 0.0409
Epoch 98/300, seasonal_0 Loss: 0.0643 | 0.0409
Epoch 99/300, seasonal_0 Loss: 0.0636 | 0.0404
Epoch 100/300, seasonal_0 Loss: 0.0627 | 0.0401
Epoch 101/300, seasonal_0 Loss: 0.0625 | 0.0398
Epoch 102/300, seasonal_0 Loss: 0.0635 | 0.0440
Epoch 103/300, seasonal_0 Loss: 0.0648 | 0.0418
Epoch 104/300, seasonal_0 Loss: 0.0637 | 0.0405
Epoch 105/300, seasonal_0 Loss: 0.0625 | 0.0394
Epoch 106/300, seasonal_0 Loss: 0.0621 | 0.0395
Epoch 107/300, seasonal_0 Loss: 0.0612 | 0.0386
Epoch 108/300, seasonal_0 Loss: 0.0608 | 0.0380
Epoch 109/300, seasonal_0 Loss: 0.0607 | 0.0381
Epoch 110/300, seasonal_0 Loss: 0.0607 | 0.0385
Epoch 111/300, seasonal_0 Loss: 0.0606 | 0.0372
Epoch 112/300, seasonal_0 Loss: 0.0600 | 0.0376
Epoch 113/300, seasonal_0 Loss: 0.0595 | 0.0373
Epoch 114/300, seasonal_0 Loss: 0.0593 | 0.0379
Epoch 115/300, seasonal_0 Loss: 0.0597 | 0.0377
Epoch 116/300, seasonal_0 Loss: 0.0617 | 0.0436
Epoch 117/300, seasonal_0 Loss: 0.0628 | 0.0406
Epoch 118/300, seasonal_0 Loss: 0.0616 | 0.0395
Epoch 119/300, seasonal_0 Loss: 0.0602 | 0.0384
Epoch 120/300, seasonal_0 Loss: 0.0589 | 0.0378
Epoch 121/300, seasonal_0 Loss: 0.0581 | 0.0374
Epoch 122/300, seasonal_0 Loss: 0.0555 | 0.0362
Epoch 123/300, seasonal_0 Loss: 0.0534 | 0.0371
Epoch 124/300, seasonal_0 Loss: 0.0568 | 0.0376
Epoch 125/300, seasonal_0 Loss: 0.0538 | 0.0383
Epoch 126/300, seasonal_0 Loss: 0.0581 | 0.0342
Epoch 127/300, seasonal_0 Loss: 0.0699 | 0.0434
Epoch 128/300, seasonal_0 Loss: 0.0669 | 0.0354
Epoch 129/300, seasonal_0 Loss: 0.0642 | 0.0353
Epoch 130/300, seasonal_0 Loss: 0.0617 | 0.0349
Epoch 131/300, seasonal_0 Loss: 0.0607 | 0.0349
Epoch 132/300, seasonal_0 Loss: 0.0599 | 0.0346
Epoch 133/300, seasonal_0 Loss: 0.0589 | 0.0342
Epoch 134/300, seasonal_0 Loss: 0.0582 | 0.0349
Epoch 135/300, seasonal_0 Loss: 0.0579 | 0.0353
Epoch 136/300, seasonal_0 Loss: 0.0576 | 0.0351
Epoch 137/300, seasonal_0 Loss: 0.0574 | 0.0344
Epoch 138/300, seasonal_0 Loss: 0.0573 | 0.0340
Epoch 139/300, seasonal_0 Loss: 0.0573 | 0.0340
Epoch 140/300, seasonal_0 Loss: 0.0571 | 0.0345
Epoch 141/300, seasonal_0 Loss: 0.0570 | 0.0348
Epoch 142/300, seasonal_0 Loss: 0.0570 | 0.0350
Epoch 143/300, seasonal_0 Loss: 0.0570 | 0.0347
Epoch 144/300, seasonal_0 Loss: 0.0567 | 0.0342
Epoch 145/300, seasonal_0 Loss: 0.0566 | 0.0336
Epoch 146/300, seasonal_0 Loss: 0.0565 | 0.0338
Epoch 147/300, seasonal_0 Loss: 0.0563 | 0.0342
Epoch 148/300, seasonal_0 Loss: 0.0563 | 0.0345
Epoch 149/300, seasonal_0 Loss: 0.0563 | 0.0344
Epoch 150/300, seasonal_0 Loss: 0.0562 | 0.0341
Epoch 151/300, seasonal_0 Loss: 0.0561 | 0.0336
Epoch 152/300, seasonal_0 Loss: 0.0560 | 0.0335
Epoch 153/300, seasonal_0 Loss: 0.0559 | 0.0338
Epoch 154/300, seasonal_0 Loss: 0.0559 | 0.0341
Epoch 155/300, seasonal_0 Loss: 0.0559 | 0.0342
Epoch 156/300, seasonal_0 Loss: 0.0558 | 0.0340
Epoch 157/300, seasonal_0 Loss: 0.0557 | 0.0336
Epoch 158/300, seasonal_0 Loss: 0.0557 | 0.0334
Epoch 159/300, seasonal_0 Loss: 0.0556 | 0.0335
Epoch 160/300, seasonal_0 Loss: 0.0556 | 0.0338
Epoch 161/300, seasonal_0 Loss: 0.0555 | 0.0340
Epoch 162/300, seasonal_0 Loss: 0.0555 | 0.0339
Epoch 163/300, seasonal_0 Loss: 0.0555 | 0.0337
Epoch 164/300, seasonal_0 Loss: 0.0554 | 0.0334
Epoch 165/300, seasonal_0 Loss: 0.0554 | 0.0333
Epoch 166/300, seasonal_0 Loss: 0.0553 | 0.0335
Epoch 167/300, seasonal_0 Loss: 0.0553 | 0.0337
Epoch 168/300, seasonal_0 Loss: 0.0553 | 0.0338
Epoch 169/300, seasonal_0 Loss: 0.0552 | 0.0337
Epoch 170/300, seasonal_0 Loss: 0.0552 | 0.0334
Epoch 171/300, seasonal_0 Loss: 0.0551 | 0.0332
Epoch 172/300, seasonal_0 Loss: 0.0551 | 0.0333
Epoch 173/300, seasonal_0 Loss: 0.0550 | 0.0335
Epoch 174/300, seasonal_0 Loss: 0.0550 | 0.0336
Epoch 175/300, seasonal_0 Loss: 0.0550 |