[32m[I 2025-01-06 19:50:49,347][0m Trial 31 finished with value: 0.04081241673196268 and parameters: {'observation_period_num': 27, 'train_rates': 0.9415736842903304, 'learning_rate': 0.00018180801957772377, 'batch_size': 32, 'step_size': 9, 'gamma': 0.7924237554781699}. Best is trial 27 with value: 0.03960947997524942.[0m
[32m[I 2025-01-06 19:56:06,189][0m Trial 32 finished with value: 0.04227854177631714 and parameters: {'observation_period_num': 19, 'train_rates': 0.9541701935114298, 'learning_rate': 0.000180888174192933, 'batch_size': 31, 'step_size': 9, 'gamma': 0.801959015412144}. Best is trial 27 with value: 0.03960947997524942.[0m
[32m[I 2025-01-06 20:01:11,203][0m Trial 33 finished with value: 0.09048242648260309 and parameters: {'observation_period_num': 57, 'train_rates': 0.9625451399590947, 'learning_rate': 0.00015440625856552638, 'batch_size': 32, 'step_size': 9, 'gamma': 0.8042640189729661}. Best is trial 27 with value: 0.03960947997524942.[0m
[32m[I 2025-01-06 20:07:17,102][0m Trial 34 finished with value: 0.037903483465520874 and parameters: {'observation_period_num': 18, 'train_rates': 0.9511471991025027, 'learning_rate': 0.00017557017798392244, 'batch_size': 26, 'step_size': 11, 'gamma': 0.8101943309739283}. Best is trial 34 with value: 0.037903483465520874.[0m
[32m[I 2025-01-06 20:13:38,873][0m Trial 35 finished with value: 0.031553584989491734 and parameters: {'observation_period_num': 18, 'train_rates': 0.9042602902877797, 'learning_rate': 0.0004147506175565505, 'batch_size': 24, 'step_size': 11, 'gamma': 0.8239217881832612}. Best is trial 35 with value: 0.031553584989491734.[0m
[32m[I 2025-01-06 20:20:57,456][0m Trial 36 finished with value: 0.03081286745145917 and parameters: {'observation_period_num': 5, 'train_rates': 0.9091825794569509, 'learning_rate': 0.00047140202488809885, 'batch_size': 21, 'step_size': 12, 'gamma': 0.8486716085303738}. Best is trial 36 with value: 0.03081286745145917.[0m
[32m[I 2025-01-06 20:28:16,035][0m Trial 37 finished with value: 0.032272268229952224 and parameters: {'observation_period_num': 15, 'train_rates': 0.9072607549953039, 'learning_rate': 0.0004441708944534464, 'batch_size': 21, 'step_size': 12, 'gamma': 0.849543100051985}. Best is trial 36 with value: 0.03081286745145917.[0m
[32m[I 2025-01-06 20:36:39,641][0m Trial 38 finished with value: 0.031796434127232605 and parameters: {'observation_period_num': 15, 'train_rates': 0.9076838512887744, 'learning_rate': 0.0003802654483854656, 'batch_size': 18, 'step_size': 12, 'gamma': 0.8874267050063066}. Best is trial 36 with value: 0.03081286745145917.[0m
[32m[I 2025-01-06 20:44:28,679][0m Trial 39 finished with value: 0.14970945298325183 and parameters: {'observation_period_num': 221, 'train_rates': 0.9055380933067664, 'learning_rate': 0.0004045855625740663, 'batch_size': 18, 'step_size': 12, 'gamma': 0.8971777929337208}. Best is trial 36 with value: 0.03081286745145917.[0m
[32m[I 2025-01-06 20:46:22,277][0m Trial 40 finished with value: 0.03467106245758981 and parameters: {'observation_period_num': 5, 'train_rates': 0.8573650916945199, 'learning_rate': 0.0007598316643275057, 'batch_size': 253, 'step_size': 14, 'gamma': 0.8701756422918667}. Best is trial 36 with value: 0.03081286745145917.[0m
[32m[I 2025-01-06 20:49:06,064][0m Trial 41 finished with value: 0.035054939007499314 and parameters: {'observation_period_num': 6, 'train_rates': 0.860076484309974, 'learning_rate': 0.0008217739263732198, 'batch_size': 54, 'step_size': 14, 'gamma': 0.8755763481014559}. Best is trial 36 with value: 0.03081286745145917.[0m
[32m[I 2025-01-06 20:50:31,177][0m Trial 42 finished with value: 0.030041939200776996 and parameters: {'observation_period_num': 17, 'train_rates': 0.8877681061763335, 'learning_rate': 0.000674404552077101, 'batch_size': 254, 'step_size': 12, 'gamma': 0.8941227859745525}. Best is trial 42 with value: 0.030041939200776996.[0m
[32m[I 2025-01-06 20:52:49,418][0m Trial 43 finished with value: 0.07037426685949541 and parameters: {'observation_period_num': 45, 'train_rates': 0.8905942834576736, 'learning_rate': 0.0004653013770659679, 'batch_size': 65, 'step_size': 12, 'gamma': 0.8985817346013972}. Best is trial 42 with value: 0.030041939200776996.[0m
[32m[I 2025-01-06 21:01:56,156][0m Trial 44 finished with value: 0.03652848605598722 and parameters: {'observation_period_num': 17, 'train_rates': 0.8807478541247057, 'learning_rate': 0.0009993478770201744, 'batch_size': 16, 'step_size': 13, 'gamma': 0.8922190152337721}. Best is trial 42 with value: 0.030041939200776996.[0m
[32m[I 2025-01-06 21:03:39,590][0m Trial 45 finished with value: 0.054255161570151325 and parameters: {'observation_period_num': 59, 'train_rates': 0.914798618583162, 'learning_rate': 0.00039709467050959204, 'batch_size': 229, 'step_size': 12, 'gamma': 0.852714165029413}. Best is trial 42 with value: 0.030041939200776996.[0m
[32m[I 2025-01-06 21:07:00,089][0m Trial 46 finished with value: 0.036443184305737904 and parameters: {'observation_period_num': 14, 'train_rates': 0.9026528917736198, 'learning_rate': 0.0006484982864669661, 'batch_size': 45, 'step_size': 15, 'gamma': 0.912742688531584}. Best is trial 42 with value: 0.030041939200776996.[0m
[32m[I 2025-01-06 21:08:50,017][0m Trial 47 finished with value: 0.0955251614915 and parameters: {'observation_period_num': 160, 'train_rates': 0.9195564776007049, 'learning_rate': 0.0001126560633456096, 'batch_size': 193, 'step_size': 13, 'gamma': 0.8621601390929668}. Best is trial 42 with value: 0.030041939200776996.[0m
[32m[I 2025-01-06 21:10:42,116][0m Trial 48 finished with value: 0.22482109121654345 and parameters: {'observation_period_num': 76, 'train_rates': 0.6003229820252165, 'learning_rate': 0.00023008971131178535, 'batch_size': 65, 'step_size': 11, 'gamma': 0.8871603711886658}. Best is trial 42 with value: 0.030041939200776996.[0m
[32m[I 2025-01-06 21:16:47,208][0m Trial 49 finished with value: 0.06198512672344384 and parameters: {'observation_period_num': 35, 'train_rates': 0.8815093403289198, 'learning_rate': 1.8978446630122729e-06, 'batch_size': 24, 'step_size': 12, 'gamma': 0.9069672594149009}. Best is trial 42 with value: 0.030041939200776996.[0m
seasonal_1 „ÅÆÊúÄÈÅ©„Éè„Ç§„Éë„Éº„Éë„É©„É°„Éº„Çø„ÅåË¶ã„Å§„Åã„Çä„Åæ„Åó„Åü
ÊúÄÈÅ©ÂåñÂØæË±°: seasonal_2
[32m[I 2025-01-06 21:16:47,218][0m A new study created in memory with name: no-name-02690c93-635c-47d6-90e1-545c9767c906[0m
[32m[I 2025-01-06 21:18:56,270][0m Trial 0 finished with value: 0.11753123304023042 and parameters: {'observation_period_num': 67, 'train_rates': 0.8210028947001207, 'learning_rate': 0.0006820767676079542, 'batch_size': 103, 'step_size': 13, 'gamma': 0.8962339604451223}. Best is trial 0 with value: 0.11753123304023042.[0m
[32m[I 2025-01-06 21:20:38,439][0m Trial 1 finished with value: 0.2475894310484987 and parameters: {'observation_period_num': 116, 'train_rates': 0.6430136936602707, 'learning_rate': 0.0008425988218951877, 'batch_size': 202, 'step_size': 9, 'gamma': 0.8461114531304834}. Best is trial 0 with value: 0.11753123304023042.[0m
Early stopping at epoch 74
[32m[I 2025-01-06 21:21:55,156][0m Trial 2 finished with value: 0.15437152205218732 and parameters: {'observation_period_num': 179, 'train_rates': 0.8976174562156221, 'learning_rate': 9.249169141303665e-05, 'batch_size': 113, 'step_size': 1, 'gamma': 0.8368637225846924}. Best is trial 0 with value: 0.11753123304023042.[0m
[32m[I 2025-01-06 21:23:28,253][0m Trial 3 finished with value: 0.09306665994588612 and parameters: {'observation_period_num': 59, 'train_rates': 0.8932327976758166, 'learning_rate': 9.612985982869939e-06, 'batch_size': 231, 'step_size': 9, 'gamma': 0.8630208295930191}. Best is trial 3 with value: 0.09306665994588612.[0m
[32m[I 2025-01-06 21:24:57,639][0m Trial 4 finished with value: 0.3306884160408607 and parameters: {'observation_period_num': 214, 'train_rates': 0.8340907923634779, 'learning_rate': 1.1932768529779584e-06, 'batch_size': 147, 'step_size': 6, 'gamma': 0.939457194920838}. Best is trial 3 with value: 0.09306665994588612.[0m
[32m[I 2025-01-06 21:26:22,536][0m Trial 5 finished with value: 0.37233102029445125 and parameters: {'observation_period_num': 66, 'train_rates': 0.7878693029878329, 'learning_rate': 1.0786786087268532e-06, 'batch_size': 232, 'step_size': 6, 'gamma': 0.9746105282207488}. Best is trial 3 with value: 0.09306665994588612.[0m
[32m[I 2025-01-06 21:28:20,940][0m Trial 6 finished with value: 0.7507040500640869 and parameters: {'observation_period_num': 116, 'train_rates': 0.94958484262671, 'learning_rate': 1.0278561130656187e-06, 'batch_size': 214, 'step_size': 3, 'gamma': 0.9034001937581505}. Best is trial 3 with value: 0.09306665994588612.[0m
[32m[I 2025-01-06 21:30:06,883][0m Trial 7 finished with value: 0.3232037054155679 and parameters: {'observation_period_num': 242, 'train_rates': 0.6989452798106665, 'learning_rate': 5.02974965574037e-05, 'batch_size': 105, 'step_size': 7, 'gamma': 0.7662203091876483}. Best is trial 3 with value: 0.09306665994588612.[0m
[32m[I 2025-01-06 21:35:49,418][0m Trial 8 finished with value: 0.11175884916023775 and parameters: {'observation_period_num': 236, 'train_rates': 0.988162201767983, 'learning_rate': 0.000189502018542874, 'batch_size': 27, 'step_size': 2, 'gamma': 0.8579247812593243}. Best is trial 3 with value: 0.09306665994588612.[0m
[32m[I 2025-01-06 21:37:32,276][0m Trial 9 finished with value: 0.17991083169855723 and parameters: {'observation_period_num': 213, 'train_rates': 0.7756495719273402, 'learning_rate': 1.8675462534520867e-05, 'batch_size': 96, 'step_size': 7, 'gamma': 0.9619513750015333}. Best is trial 3 with value: 0.09306665994588612.[0m
[32m[I 2025-01-06 21:39:09,193][0m Trial 10 finished with value: 0.05601225152793454 and parameters: {'observation_period_num': 6, 'train_rates': 0.888786376000419, 'learning_rate': 8.231919698104852e-06, 'batch_size': 172, 'step_size': 15, 'gamma': 0.8018419489651508}. Best is trial 10 with value: 0.05601225152793454.[0m
[32m[I 2025-01-06 21:40:48,244][0m Trial 11 finished with value: 0.057738345713378526 and parameters: {'observation_period_num': 5, 'train_rates': 0.8941434301410766, 'learning_rate': 8.505442408384552e-06, 'batch_size': 178, 'step_size': 15, 'gamma': 0.7895042896443744}. Best is trial 10 with value: 0.05601225152793454.[0m
[32m[I 2025-01-06 21:42:18,585][0m Trial 12 finished with value: 0.0820703098683485 and parameters: {'observation_period_num': 10, 'train_rates': 0.8857792180983177, 'learning_rate': 4.159231818989618e-06, 'batch_size': 173, 'step_size': 15, 'gamma': 0.778607120165854}. Best is trial 10 with value: 0.05601225152793454.[0m
[32m[I 2025-01-06 21:43:54,553][0m Trial 13 finished with value: 0.07101579718497576 and parameters: {'observation_period_num': 9, 'train_rates': 0.9387142539273642, 'learning_rate': 5.3556316916664115e-06, 'batch_size': 171, 'step_size': 12, 'gamma': 0.8076993216410896}. Best is trial 10 with value: 0.05601225152793454.[0m
[32m[I 2025-01-06 21:45:21,753][0m Trial 14 finished with value: 0.06517520645182195 and parameters: {'observation_period_num': 36, 'train_rates': 0.8569470385469944, 'learning_rate': 1.9835717927974694e-05, 'batch_size': 256, 'step_size': 15, 'gamma': 0.8055327434887942}. Best is trial 10 with value: 0.05601225152793454.[0m
[32m[I 2025-01-06 21:46:58,641][0m Trial 15 finished with value: 0.36994660469776686 and parameters: {'observation_period_num': 91, 'train_rates': 0.7604764430062647, 'learning_rate': 4.040100247507619e-06, 'batch_size': 179, 'step_size': 12, 'gamma': 0.7507004165108799}. Best is trial 10 with value: 0.05601225152793454.[0m
[32m[I 2025-01-06 21:49:40,836][0m Trial 16 finished with value: 0.09230434988789699 and parameters: {'observation_period_num': 158, 'train_rates': 0.9391787691295075, 'learning_rate': 1.016332288013065e-05, 'batch_size': 57, 'step_size': 13, 'gamma': 0.8063618445789922}. Best is trial 10 with value: 0.05601225152793454.[0m
[32m[I 2025-01-06 21:51:25,220][0m Trial 17 finished with value: 0.16206106543540955 and parameters: {'observation_period_num': 34, 'train_rates': 0.9813282891109565, 'learning_rate': 2.6744484019690793e-06, 'batch_size': 139, 'step_size': 11, 'gamma': 0.7880420211744105}. Best is trial 10 with value: 0.05601225152793454.[0m
[32m[I 2025-01-06 21:53:02,881][0m Trial 18 finished with value: 0.177733382137504 and parameters: {'observation_period_num': 38, 'train_rates': 0.7272472829023807, 'learning_rate': 4.6190008372463465e-05, 'batch_size': 187, 'step_size': 15, 'gamma': 0.8237116486450065}. Best is trial 10 with value: 0.05601225152793454.[0m
[32m[I 2025-01-06 21:54:38,607][0m Trial 19 finished with value: 0.05592468279144151 and parameters: {'observation_period_num': 5, 'train_rates': 0.8760180505788111, 'learning_rate': 1.0118560771199982e-05, 'batch_size': 152, 'step_size': 11, 'gamma': 0.788547877560489}. Best is trial 19 with value: 0.05592468279144151.[0m
[32m[I 2025-01-06 21:56:14,855][0m Trial 20 finished with value: 0.06478684895199623 and parameters: {'observation_period_num': 88, 'train_rates': 0.8529477592792475, 'learning_rate': 2.5886129517760987e-05, 'batch_size': 150, 'step_size': 10, 'gamma': 0.882219659200042}. Best is trial 19 with value: 0.05592468279144151.[0m
[32m[I 2025-01-06 21:58:00,682][0m Trial 21 finished with value: 0.05390722154437816 and parameters: {'observation_period_num': 5, 'train_rates': 0.9107366673617366, 'learning_rate': 1.0045692558014725e-05, 'batch_size': 129, 'step_size': 14, 'gamma': 0.7895107123738235}. Best is trial 21 with value: 0.05390722154437816.[0m
[32m[I 2025-01-06 21:59:56,217][0m Trial 22 finished with value: 0.2300357482991777 and parameters: {'observation_period_num': 30, 'train_rates': 0.9242937319195305, 'learning_rate': 2.18157666952866e-06, 'batch_size': 125, 'step_size': 13, 'gamma': 0.756945567657676}. Best is trial 21 with value: 0.05390722154437816.[0m
[32m[I 2025-01-06 22:01:50,275][0m Trial 23 finished with value: 0.06081058635926334 and parameters: {'observation_period_num': 52, 'train_rates': 0.8116418741593474, 'learning_rate': 1.2319721487329682e-05, 'batch_size': 79, 'step_size': 14, 'gamma': 0.8254538705225472}. Best is trial 21 with value: 0.05390722154437816.[0m
[32m[I 2025-01-06 22:03:21,944][0m Trial 24 finished with value: 0.08379891175258009 and parameters: {'observation_period_num': 21, 'train_rates': 0.8652381943904, 'learning_rate': 6.241005840866597e-06, 'batch_size': 145, 'step_size': 11, 'gamma': 0.7750490960729437}. Best is trial 21 with value: 0.05390722154437816.[0m
[32m[I 2025-01-06 22:05:00,881][0m Trial 25 finished with value: 0.0795125886797905 and parameters: {'observation_period_num': 83, 'train_rates': 0.958679674849412, 'learning_rate': 4.148536445299718e-05, 'batch_size': 159, 'step_size': 14, 'gamma': 0.7973839144218068}. Best is trial 21 with value: 0.05390722154437816.[0m
[32m[I 2025-01-06 22:06:52,071][0m Trial 26 finished with value: 0.22307907322399045 and parameters: {'observation_period_num': 151, 'train_rates': 0.9118210373085142, 'learning_rate': 2.537334677729222e-06, 'batch_size': 127, 'step_size': 12, 'gamma': 0.8170708040340408}. Best is trial 21 with value: 0.05390722154437816.[0m
[32m[I 2025-01-06 22:09:09,149][0m Trial 27 finished with value: 0.053736134626384144 and parameters: {'observation_period_num': 43, 'train_rates': 0.8697740274813257, 'learning_rate': 1.5436601954530742e-05, 'batch_size': 78, 'step_size': 10, 'gamma': 0.8380913491639693}. Best is trial 27 with value: 0.053736134626384144.[0m
[32m[I 2025-01-06 22:11:27,818][0m Trial 28 finished with value: 0.052183776520765744 and parameters: {'observation_period_num': 47, 'train_rates': 0.8435603892227459, 'learning_rate': 0.00012646336797165933, 'batch_size': 77, 'step_size': 10, 'gamma': 0.8396048877744124}. Best is trial 28 with value: 0.052183776520765744.[0m
[32m[I 2025-01-06 22:13:54,128][0m Trial 29 finished with value: 0.09296287464787621 and parameters: {'observation_period_num': 54, 'train_rates': 0.8230163751196367, 'learning_rate': 0.00022859619781342993, 'batch_size': 71, 'step_size': 9, 'gamma': 0.9093568863799194}. Best is trial 28 with value: 0.052183776520765744.[0m
[32m[I 2025-01-06 22:18:21,961][0m Trial 30 finished with value: 0.07449299263210714 and parameters: {'observation_period_num': 79, 'train_rates': 0.8388089542161217, 'learning_rate': 0.00037941089831715276, 'batch_size': 33, 'step_size': 4, 'gamma': 0.8431551638850092}. Best is trial 28 with value: 0.052183776520765744.[0m
[32m[I 2025-01-06 22:21:28,106][0m Trial 31 finished with value: 0.06084231437051584 and parameters: {'observation_period_num': 23, 'train_rates': 0.8729374056663847, 'learning_rate': 8.529512000360413e-05, 'batch_size': 52, 'step_size': 10, 'gamma': 0.8714567096541076}. Best is trial 28 with value: 0.052183776520765744.[0m
[32m[I 2025-01-06 22:23:28,693][0m Trial 32 finished with value: 0.18459376437063832 and parameters: {'observation_period_num': 46, 'train_rates': 0.6049594592104064, 'learning_rate': 1.5703954951629358e-05, 'batch_size': 83, 'step_size': 10, 'gamma': 0.8350279181609579}. Best is trial 28 with value: 0.052183776520765744.[0m
[32m[I 2025-01-06 22:25:29,796][0m Trial 33 finished with value: 0.07533737376063794 and parameters: {'observation_period_num': 105, 'train_rates': 0.8051526114359444, 'learning_rate': 3.369668438762743e-05, 'batch_size': 115, 'step_size': 8, 'gamma': 0.854202084014692}. Best is trial 28 with value: 0.052183776520765744.[0m
[32m[I 2025-01-06 22:28:07,003][0m Trial 34 finished with value: 0.03493492263555527 and parameters: {'observation_period_num': 25, 'train_rates': 0.914831907401213, 'learning_rate': 8.526414220783496e-05, 'batch_size': 99, 'step_size': 11, 'gamma': 0.8740884146418254}. Best is trial 34 with value: 0.03493492263555527.[0m
[32m[I 2025-01-06 22:30:37,455][0m Trial 35 finished with value: 0.053485109423827226 and parameters: {'observation_period_num': 72, 'train_rates': 0.9176143104631026, 'learning_rate': 7.88593383107014e-05, 'batch_size': 93, 'step_size': 8, 'gamma': 0.8810563397644675}. Best is trial 34 with value: 0.03493492263555527.[0m
[32m[I 2025-01-06 22:33:01,392][0m Trial 36 finished with value: 0.0731201772620012 and parameters: {'observation_period_num': 69, 'train_rates': 0.9615924284762735, 'learning_rate': 0.00012468299570242105, 'batch_size': 92, 'step_size': 8, 'gamma': 0.886938135463077}. Best is trial 34 with value: 0.03493492263555527.[0m
[32m[I 2025-01-06 22:35:36,614][0m Trial 37 finished with value: 0.05383833349077848 and parameters: {'observation_period_num': 60, 'train_rates': 0.8425032770665143, 'learning_rate': 7.198029268924171e-05, 'batch_size': 58, 'step_size': 9, 'gamma': 0.8724898010879684}. Best is trial 34 with value: 0.03493492263555527.[0m
[32m[I 2025-01-06 22:38:00,979][0m Trial 38 finished with value: 0.10963599127199915 and parameters: {'observation_period_num': 136, 'train_rates': 0.9202678150336578, 'learning_rate': 0.0005443892064744582, 'batch_size': 71, 'step_size': 5, 'gamma': 0.9099224933357193}. Best is trial 34 with value: 0.03493492263555527.[0m
[32m[I 2025-01-06 22:46:09,360][0m Trial 39 finished with value: 0.23293369716786325 and parameters: {'observation_period_num': 101, 'train_rates': 0.7527419082411124, 'learning_rate': 0.00017433566263703312, 'batch_size': 16, 'step_size': 7, 'gamma': 0.9251212215975048}. Best is trial 34 with value: 0.03493492263555527.[0m
[32m[I 2025-01-06 22:47:52,721][0m Trial 40 finished with value: 0.16616778664997425 and parameters: {'observation_period_num': 67, 'train_rates': 0.6784085132066857, 'learning_rate': 6.535898052375859e-05, 'batch_size': 111, 'step_size': 9, 'gamma': 0.8522898297210363}. Best is trial 34 with value: 0.03493492263555527.[0m
[32m[I 2025-01-06 22:50:47,325][0m Trial 41 finished with value: 0.056557486928222975 and parameters: {'observation_period_num': 60, 'train_rates': 0.8441172221601937, 'learning_rate': 8.577802497462867e-05, 'batch_size': 59, 'step_size': 9, 'gamma': 0.8718264771182884}. Best is trial 34 with value: 0.03493492263555527.[0m
[32m[I 2025-01-06 22:54:07,775][0m Trial 42 finished with value: 0.0865218751054716 and parameters: {'observation_period_num': 45, 'train_rates': 0.835366386379222, 'learning_rate': 0.00012856934949146762, 'batch_size': 45, 'step_size': 10, 'gamma': 0.891718618743332}. Best is trial 34 with value: 0.03493492263555527.[0m
[32m[I 2025-01-06 22:56:23,911][0m Trial 43 finished with value: 0.07609235558291556 and parameters: {'observation_period_num': 74, 'train_rates': 0.9015484321697463, 'learning_rate': 6.800576849210997e-05, 'batch_size': 92, 'step_size': 8, 'gamma': 0.8774892543155535}. Best is trial 34 with value: 0.03493492263555527.[0m
[32m[I 2025-01-06 22:58:43,009][0m Trial 44 finished with value: 0.17956904101432586 and parameters: {'observation_period_num': 26, 'train_rates': 0.7824060649328667, 'learning_rate': 0.0001259252192466869, 'batch_size': 68, 'step_size': 6, 'gamma': 0.8645171687984858}. Best is trial 34 with value: 0.03493492263555527.[0m
[32m[I 2025-01-06 23:02:10,794][0m Trial 45 finished with value: 0.06285873357863987 and parameters: {'observation_period_num': 57, 'train_rates': 0.8240704745492518, 'learning_rate': 0.0002133172277388005, 'batch_size': 42, 'step_size': 9, 'gamma': 0.8373860700714515}. Best is trial 34 with value: 0.03493492263555527.[0m
[32m[I 2025-01-06 23:04:04,364][0m Trial 46 finished with value: 0.09228269378064384 and parameters: {'observation_period_num': 117, 'train_rates': 0.7999285830834794, 'learning_rate': 0.00027761673216392146, 'batch_size': 100, 'step_size': 7, 'gamma': 0.9001087681757625}. Best is trial 34 with value: 0.03493492263555527.[0m
