[32m[I 2025-02-05 15:59:54,863][0m Trial 48 finished with value: 0.2620569169521332 and parameters: {'observation_period_num': 232, 'train_rates': 0.970664531103507, 'learning_rate': 0.00023201993196802841, 'batch_size': 183, 'step_size': 7, 'gamma': 0.8241764954567457}. Best is trial 2 with value: 0.16806307435035706.[0m
[32m[I 2025-02-05 16:01:13,924][0m Trial 49 finished with value: 0.41676968336105347 and parameters: {'observation_period_num': 78, 'train_rates': 0.9366211443617378, 'learning_rate': 0.0009940782655358013, 'batch_size': 196, 'step_size': 4, 'gamma': 0.8648636130058748}. Best is trial 2 with value: 0.16806307435035706.[0m
seasonal_2 „ÅÆÊúÄÈÅ©„Éè„Ç§„Éë„Éº„Éë„É©„É°„Éº„Çø„ÅåË¶ã„Å§„Åã„Çä„Åæ„Åó„Åü
ÊúÄÈÅ©ÂåñÂØæË±°: seasonal_3
[32m[I 2025-02-05 16:01:13,932][0m A new study created in memory with name: no-name-3ea6c3e0-f8dd-4e14-a15e-87c9acc882e1[0m
[32m[I 2025-02-05 16:04:43,005][0m Trial 0 finished with value: 0.773165709842728 and parameters: {'observation_period_num': 199, 'train_rates': 0.7595723439753969, 'learning_rate': 0.00018144007369387487, 'batch_size': 143, 'step_size': 6, 'gamma': 0.7566147136672705}. Best is trial 0 with value: 0.773165709842728.[0m
[32m[I 2025-02-05 16:06:02,649][0m Trial 1 finished with value: 0.9747002443063606 and parameters: {'observation_period_num': 62, 'train_rates': 0.9646432183859377, 'learning_rate': 0.0007938902070762255, 'batch_size': 62, 'step_size': 12, 'gamma': 0.8604604744406977}. Best is trial 0 with value: 0.773165709842728.[0m
[32m[I 2025-02-05 16:09:52,344][0m Trial 2 finished with value: 0.885093242533869 and parameters: {'observation_period_num': 227, 'train_rates': 0.6922158428880925, 'learning_rate': 3.4645717596951144e-05, 'batch_size': 210, 'step_size': 10, 'gamma': 0.9299006657049345}. Best is trial 0 with value: 0.773165709842728.[0m
[32m[I 2025-02-05 16:11:41,010][0m Trial 3 finished with value: 1.4911076251900233 and parameters: {'observation_period_num': 55, 'train_rates': 0.6723518967786917, 'learning_rate': 0.0006835630240974147, 'batch_size': 34, 'step_size': 7, 'gamma': 0.961846023062194}. Best is trial 0 with value: 0.773165709842728.[0m
[32m[I 2025-02-05 16:16:09,334][0m Trial 4 finished with value: 1.213406290068771 and parameters: {'observation_period_num': 245, 'train_rates': 0.7562669654952204, 'learning_rate': 2.1644040146316675e-05, 'batch_size': 245, 'step_size': 15, 'gamma': 0.7780219607282608}. Best is trial 0 with value: 0.773165709842728.[0m
[32m[I 2025-02-05 16:18:34,423][0m Trial 5 finished with value: 1.4202812489932544 and parameters: {'observation_period_num': 145, 'train_rates': 0.7888008573388368, 'learning_rate': 7.842931828906475e-06, 'batch_size': 176, 'step_size': 1, 'gamma': 0.9476194970055686}. Best is trial 0 with value: 0.773165709842728.[0m
[32m[I 2025-02-05 16:22:53,280][0m Trial 6 finished with value: 1.1298109591007233 and parameters: {'observation_period_num': 220, 'train_rates': 0.8670226141007892, 'learning_rate': 2.942089665693741e-06, 'batch_size': 107, 'step_size': 12, 'gamma': 0.81298638859552}. Best is trial 0 with value: 0.773165709842728.[0m
[32m[I 2025-02-05 16:23:33,489][0m Trial 7 finished with value: 0.7855861476210297 and parameters: {'observation_period_num': 38, 'train_rates': 0.7906476986455431, 'learning_rate': 6.10821306830563e-05, 'batch_size': 142, 'step_size': 8, 'gamma': 0.7884774127532205}. Best is trial 0 with value: 0.773165709842728.[0m
[32m[I 2025-02-05 16:26:33,353][0m Trial 8 finished with value: 0.4759329855442047 and parameters: {'observation_period_num': 156, 'train_rates': 0.9753654635656609, 'learning_rate': 5.453602604116694e-05, 'batch_size': 231, 'step_size': 1, 'gamma': 0.9714181287941542}. Best is trial 8 with value: 0.4759329855442047.[0m
[32m[I 2025-02-05 16:28:13,993][0m Trial 9 finished with value: 0.9567436570380841 and parameters: {'observation_period_num': 60, 'train_rates': 0.6257724559994775, 'learning_rate': 1.4107371166489165e-05, 'batch_size': 35, 'step_size': 8, 'gamma': 0.8700620171081813}. Best is trial 8 with value: 0.4759329855442047.[0m
[32m[I 2025-02-05 16:30:48,667][0m Trial 10 finished with value: 0.20125938951969147 and parameters: {'observation_period_num': 135, 'train_rates': 0.9850005192248273, 'learning_rate': 0.00014856281217190268, 'batch_size': 256, 'step_size': 1, 'gamma': 0.9878265123787945}. Best is trial 10 with value: 0.20125938951969147.[0m
[32m[I 2025-02-05 16:33:20,358][0m Trial 11 finished with value: 0.18817317485809326 and parameters: {'observation_period_num': 133, 'train_rates': 0.9835126135176265, 'learning_rate': 0.00014276026087968184, 'batch_size': 251, 'step_size': 1, 'gamma': 0.9885096420506229}. Best is trial 11 with value: 0.18817317485809326.[0m
[32m[I 2025-02-05 16:35:12,060][0m Trial 12 finished with value: 0.2555365599691868 and parameters: {'observation_period_num': 111, 'train_rates': 0.9087707957836417, 'learning_rate': 0.00020064711755125346, 'batch_size': 195, 'step_size': 4, 'gamma': 0.9082610717369038}. Best is trial 11 with value: 0.18817317485809326.[0m
[32m[I 2025-02-05 16:36:59,669][0m Trial 13 finished with value: 0.3193808004685811 and parameters: {'observation_period_num': 109, 'train_rates': 0.8771050149376757, 'learning_rate': 0.00017577334686772413, 'batch_size': 246, 'step_size': 4, 'gamma': 0.9850778195040532}. Best is trial 11 with value: 0.18817317485809326.[0m
[32m[I 2025-02-05 16:40:11,026][0m Trial 14 finished with value: 0.2860726941069332 and parameters: {'observation_period_num': 174, 'train_rates': 0.9217388511387061, 'learning_rate': 0.00030781499337797016, 'batch_size': 177, 'step_size': 3, 'gamma': 0.9050661887658931}. Best is trial 11 with value: 0.18817317485809326.[0m
[32m[I 2025-02-05 16:41:59,908][0m Trial 15 finished with value: 0.4312477461669756 and parameters: {'observation_period_num': 112, 'train_rates': 0.8463733681875281, 'learning_rate': 8.529109496542938e-05, 'batch_size': 209, 'step_size': 2, 'gamma': 0.9888240257472638}. Best is trial 11 with value: 0.18817317485809326.[0m
[32m[I 2025-02-05 16:43:28,235][0m Trial 16 finished with value: 0.23305638134479523 and parameters: {'observation_period_num': 87, 'train_rates': 0.9337368835355128, 'learning_rate': 0.0004149060900113113, 'batch_size': 255, 'step_size': 5, 'gamma': 0.9331940625633155}. Best is trial 11 with value: 0.18817317485809326.[0m
[32m[I 2025-02-05 16:47:07,410][0m Trial 17 finished with value: 0.2844226360321045 and parameters: {'observation_period_num': 188, 'train_rates': 0.9775112613317175, 'learning_rate': 0.00011175281900877592, 'batch_size': 112, 'step_size': 3, 'gamma': 0.8743237172227215}. Best is trial 11 with value: 0.18817317485809326.[0m
Early stopping at epoch 54
[32m[I 2025-02-05 16:47:19,576][0m Trial 18 finished with value: 2.0256190557105866 and parameters: {'observation_period_num': 11, 'train_rates': 0.84420807214588, 'learning_rate': 1.1353498119359338e-06, 'batch_size': 225, 'step_size': 1, 'gamma': 0.8294485964341384}. Best is trial 11 with value: 0.18817317485809326.[0m
[32m[I 2025-02-05 16:49:55,010][0m Trial 19 finished with value: 0.8555768728256226 and parameters: {'observation_period_num': 138, 'train_rates': 0.9875472973843995, 'learning_rate': 8.761559127444825e-06, 'batch_size': 171, 'step_size': 5, 'gamma': 0.899846736325012}. Best is trial 11 with value: 0.18817317485809326.[0m
[32m[I 2025-02-05 16:53:10,331][0m Trial 20 finished with value: 0.27416198723243945 and parameters: {'observation_period_num': 167, 'train_rates': 0.9408845830273824, 'learning_rate': 0.0003556053757357099, 'batch_size': 85, 'step_size': 10, 'gamma': 0.9578635592809704}. Best is trial 11 with value: 0.18817317485809326.[0m
[32m[I 2025-02-05 16:54:44,149][0m Trial 21 finished with value: 0.27106520533561707 and parameters: {'observation_period_num': 91, 'train_rates': 0.9341202126611899, 'learning_rate': 0.0004015195536905746, 'batch_size': 247, 'step_size': 3, 'gamma': 0.9332704496652279}. Best is trial 11 with value: 0.18817317485809326.[0m
[32m[I 2025-02-05 16:56:05,587][0m Trial 22 finished with value: 0.3246845171369355 and parameters: {'observation_period_num': 81, 'train_rates': 0.8992722812126122, 'learning_rate': 0.0009034454260111614, 'batch_size': 252, 'step_size': 5, 'gamma': 0.9362988127541191}. Best is trial 11 with value: 0.18817317485809326.[0m
[32m[I 2025-02-05 16:58:18,322][0m Trial 23 finished with value: 0.2748689353466034 and parameters: {'observation_period_num': 127, 'train_rates': 0.9448414324256528, 'learning_rate': 0.0001280886044094326, 'batch_size': 216, 'step_size': 1, 'gamma': 0.9887511482803546}. Best is trial 11 with value: 0.18817317485809326.[0m
[32m[I 2025-02-05 16:59:50,335][0m Trial 24 finished with value: 0.25076955556869507 and parameters: {'observation_period_num': 92, 'train_rates': 0.9577005034013768, 'learning_rate': 0.0004308593414296348, 'batch_size': 255, 'step_size': 2, 'gamma': 0.9655472664184063}. Best is trial 11 with value: 0.18817317485809326.[0m
[32m[I 2025-02-05 17:02:05,142][0m Trial 25 finished with value: 0.5532257866859436 and parameters: {'observation_period_num': 130, 'train_rates': 0.8936587024856397, 'learning_rate': 3.420537519220342e-05, 'batch_size': 224, 'step_size': 6, 'gamma': 0.9197245090784664}. Best is trial 11 with value: 0.18817317485809326.[0m
[32m[I 2025-02-05 17:03:27,801][0m Trial 26 finished with value: 0.1625359207391739 and parameters: {'observation_period_num': 80, 'train_rates': 0.9870912623529867, 'learning_rate': 0.0002606650889828518, 'batch_size': 200, 'step_size': 4, 'gamma': 0.9508769948992873}. Best is trial 26 with value: 0.1625359207391739.[0m
[32m[I 2025-02-05 17:04:01,286][0m Trial 27 finished with value: 0.49030016850462943 and parameters: {'observation_period_num': 32, 'train_rates': 0.8475178604656838, 'learning_rate': 7.119877463955447e-05, 'batch_size': 194, 'step_size': 2, 'gamma': 0.9706455874696411}. Best is trial 26 with value: 0.1625359207391739.[0m
[32m[I 2025-02-05 17:07:01,429][0m Trial 28 finished with value: 0.16772930324077606 and parameters: {'observation_period_num': 158, 'train_rates': 0.98893428770793, 'learning_rate': 0.00022949700711294972, 'batch_size': 161, 'step_size': 4, 'gamma': 0.9464723297246723}. Best is trial 26 with value: 0.1625359207391739.[0m
[32m[I 2025-02-05 17:10:25,419][0m Trial 29 finished with value: 0.9128245713015116 and parameters: {'observation_period_num': 197, 'train_rates': 0.7436622879991643, 'learning_rate': 0.00025370643846764313, 'batch_size': 152, 'step_size': 6, 'gamma': 0.8961178768706693}. Best is trial 26 with value: 0.1625359207391739.[0m
[32m[I 2025-02-05 17:13:51,453][0m Trial 30 finished with value: 0.23447231948375702 and parameters: {'observation_period_num': 177, 'train_rates': 0.9608114302993305, 'learning_rate': 0.000542429139378048, 'batch_size': 159, 'step_size': 4, 'gamma': 0.9519456100773959}. Best is trial 26 with value: 0.1625359207391739.[0m
[32m[I 2025-02-05 17:16:52,627][0m Trial 31 finished with value: 0.15591879189014435 and parameters: {'observation_period_num': 154, 'train_rates': 0.983759122713795, 'learning_rate': 0.0001522802078327584, 'batch_size': 128, 'step_size': 2, 'gamma': 0.9742301452043468}. Best is trial 31 with value: 0.15591879189014435.[0m
[32m[I 2025-02-05 17:19:49,880][0m Trial 32 finished with value: 0.28674882650375366 and parameters: {'observation_period_num': 153, 'train_rates': 0.9600347659314834, 'learning_rate': 0.00010707281610707094, 'batch_size': 123, 'step_size': 3, 'gamma': 0.945225058312876}. Best is trial 31 with value: 0.15591879189014435.[0m
[32m[I 2025-02-05 17:22:55,853][0m Trial 33 finished with value: 0.16504114866256714 and parameters: {'observation_period_num': 157, 'train_rates': 0.9858132770705564, 'learning_rate': 0.00020955318285639988, 'batch_size': 129, 'step_size': 2, 'gamma': 0.9748492372767722}. Best is trial 31 with value: 0.15591879189014435.[0m
[32m[I 2025-02-05 17:27:20,805][0m Trial 34 finished with value: 0.23585172860245956 and parameters: {'observation_period_num': 215, 'train_rates': 0.9168244780904898, 'learning_rate': 0.00021056236774699423, 'batch_size': 88, 'step_size': 7, 'gamma': 0.9704816269841681}. Best is trial 31 with value: 0.15591879189014435.[0m
[32m[I 2025-02-05 17:30:21,076][0m Trial 35 finished with value: 0.2769099771976471 and parameters: {'observation_period_num': 160, 'train_rates': 0.9578420660516561, 'learning_rate': 0.0006593385206684839, 'batch_size': 127, 'step_size': 4, 'gamma': 0.9227257345877427}. Best is trial 31 with value: 0.15591879189014435.[0m
[32m[I 2025-02-05 17:33:20,143][0m Trial 36 finished with value: 1.032357192540764 and parameters: {'observation_period_num': 190, 'train_rates': 0.7246359104296569, 'learning_rate': 4.351199844075892e-05, 'batch_size': 160, 'step_size': 2, 'gamma': 0.9465028479055347}. Best is trial 31 with value: 0.15591879189014435.[0m
[32m[I 2025-02-05 17:37:48,022][0m Trial 37 finished with value: 0.14858661592006683 and parameters: {'observation_period_num': 209, 'train_rates': 0.9891252288601043, 'learning_rate': 0.0002936601291895537, 'batch_size': 95, 'step_size': 10, 'gamma': 0.8812938321756656}. Best is trial 37 with value: 0.14858661592006683.[0m
[32m[I 2025-02-05 17:42:09,941][0m Trial 38 finished with value: 1.1588479116944148 and parameters: {'observation_period_num': 229, 'train_rates': 0.8154623757444375, 'learning_rate': 0.0009755160179170683, 'batch_size': 90, 'step_size': 12, 'gamma': 0.8452963533006765}. Best is trial 37 with value: 0.14858661592006683.[0m
[32m[I 2025-02-05 17:47:14,409][0m Trial 39 finished with value: 0.9598581391552883 and parameters: {'observation_period_num': 248, 'train_rates': 0.8903560205035589, 'learning_rate': 0.0005820778902868622, 'batch_size': 59, 'step_size': 11, 'gamma': 0.8780144003040713}. Best is trial 37 with value: 0.14858661592006683.[0m
[32m[I 2025-02-05 17:48:14,805][0m Trial 40 finished with value: 1.0004532581112187 and parameters: {'observation_period_num': 72, 'train_rates': 0.6184256606502792, 'learning_rate': 2.5294207845781593e-05, 'batch_size': 103, 'step_size': 15, 'gamma': 0.8540711945190576}. Best is trial 37 with value: 0.14858661592006683.[0m
[32m[I 2025-02-05 17:52:32,414][0m Trial 41 finished with value: 0.22893159091472626 and parameters: {'observation_period_num': 208, 'train_rates': 0.9690150180325161, 'learning_rate': 0.0002751456021019262, 'batch_size': 134, 'step_size': 10, 'gamma': 0.8880138694332484}. Best is trial 37 with value: 0.14858661592006683.[0m
[32m[I 2025-02-05 17:55:40,671][0m Trial 42 finished with value: 0.182593435049057 and parameters: {'observation_period_num': 153, 'train_rates': 0.9885166025819159, 'learning_rate': 0.00026623948947493355, 'batch_size': 70, 'step_size': 9, 'gamma': 0.7646567017863125}. Best is trial 37 with value: 0.14858661592006683.[0m
[32m[I 2025-02-05 18:00:30,734][0m Trial 43 finished with value: 0.2704360678792 and parameters: {'observation_period_num': 230, 'train_rates': 0.9452053259971435, 'learning_rate': 9.307131236122618e-05, 'batch_size': 113, 'step_size': 7, 'gamma': 0.9756493333682003}. Best is trial 37 with value: 0.14858661592006683.[0m
[32m[I 2025-02-05 18:03:59,865][0m Trial 44 finished with value: 0.29866549372673035 and parameters: {'observation_period_num': 178, 'train_rates': 0.9668863680558939, 'learning_rate': 0.00018972079452391188, 'batch_size': 144, 'step_size': 13, 'gamma': 0.9578996558799572}. Best is trial 37 with value: 0.14858661592006683.[0m
[32m[I 2025-02-05 18:05:44,206][0m Trial 45 finished with value: 0.7951175863614871 and parameters: {'observation_period_num': 121, 'train_rates': 0.6775641395246125, 'learning_rate': 0.00015416919166654107, 'batch_size': 186, 'step_size': 9, 'gamma': 0.8059951314493575}. Best is trial 37 with value: 0.14858661592006683.[0m
[32m[I 2025-02-05 18:08:33,260][0m Trial 46 finished with value: 0.4429475132999502 and parameters: {'observation_period_num': 147, 'train_rates': 0.9170489415699207, 'learning_rate': 0.0004830316218201336, 'batch_size': 98, 'step_size': 11, 'gamma': 0.9195088056881319}. Best is trial 37 with value: 0.14858661592006683.[0m
[32m[I 2025-02-05 18:10:22,605][0m Trial 47 finished with value: 0.21642595529556274 and parameters: {'observation_period_num': 102, 'train_rates': 0.9865921313801628, 'learning_rate': 4.586989715993439e-05, 'batch_size': 122, 'step_size': 3, 'gamma': 0.9791789988061718}. Best is trial 37 with value: 0.14858661592006683.[0m
[32m[I 2025-02-05 18:11:32,758][0m Trial 48 finished with value: 0.22673541763164465 and parameters: {'observation_period_num': 42, 'train_rates': 0.9295006403809347, 'learning_rate': 7.20502738818153e-05, 'batch_size': 71, 'step_size': 8, 'gamma': 0.9403531472535956}. Best is trial 37 with value: 0.14858661592006683.[0m
[32m[I 2025-02-05 18:14:03,630][0m Trial 49 finished with value: 1.1798420241952667 and parameters: {'observation_period_num': 167, 'train_rates': 0.6460730023623403, 'learning_rate': 0.0003282703636749095, 'batch_size': 150, 'step_size': 5, 'gamma': 0.9600436289721664}. Best is trial 37 with value: 0.14858661592006683.[0m
seasonal_3 „ÅÆÊúÄÈÅ©„Éè„Ç§„Éë„Éº„Éë„É©„É°„Éº„Çø„ÅåË¶ã„Å§„Åã„Çä„Åæ„Åó„Åü
ÊúÄÈÅ©ÂåñÂØæË±°: resid
[32m[I 2025-02-05 18:14:03,637][0m A new study created in memory with name: no-name-2745bc68-cff0-4806-9118-48210872e556[0m
[32m[I 2025-02-05 18:14:55,494][0m Trial 0 finished with value: 1.6681717270511691 and parameters: {'observation_period_num': 43, 'train_rates': 0.9189456662480671, 'learning_rate': 1.09561484938802e-06, 'batch_size': 100, 'step_size': 11, 'gamma': 0.8891557607145869}. Best is trial 0 with value: 1.6681717270511691.[0m
[32m[I 2025-02-05 18:16:15,129][0m Trial 1 finished with value: 0.8119615761060563 and parameters: {'observation_period_num': 88, 'train_rates': 0.6699824351117026, 'learning_rate': 0.00011475704674742963, 'batch_size': 93, 'step_size': 15, 'gamma': 0.8993561785179828}. Best is trial 1 with value: 0.8119615761060563.[0m
Early stopping at epoch 70
[32m[I 2025-02-05 18:18:50,751][0m Trial 2 finished with value: 1.851393699645996 and parameters: {'observation_period_num': 225, 'train_rates': 0.6371813697061616, 'learning_rate': 3.7452826926834136e-06, 'batch_size': 120, 'step_size': 1, 'gamma': 0.8651240095671625}. Best is trial 1 with value: 0.8119615761060563.[0m
[32m[I 2025-02-05 18:19:39,747][0m Trial 3 finished with value: 1.9174965620040894 and parameters: {'observation_period_num': 49, 'train_rates': 0.9258924025151668, 'learning_rate': 2.493166870417992e-06, 'batch_size': 224, 'step_size': 11, 'gamma': 0.8453608095475045}. Best is trial 1 with value: 0.8119615761060563.[0m
Early stopping at epoch 68
[32m[I 2025-02-05 18:22:57,317][0m Trial 4 finished with value: 2.5207014083862305 and parameters: {'observation_period_num': 225, 'train_rates': 0.9651939910010043, 'learning_rate': 2.9753387730625128e-06, 'batch_size': 253, 'step_size': 2, 'gamma': 0.7549414401076718}. Best is trial 1 with value: 0.8119615761060563.[0m
[32m[I 2025-02-05 18:24:10,782][0m Trial 5 finished with value: 0.6640313706899944 and parameters: {'observation_period_num': 74, 'train_rates': 0.8613312279911605, 'learning_rate': 0.00022957951774633383, 'batch_size': 231, 'step_size': 3, 'gamma': 0.7517347757416027}. Best is trial 5 with value: 0.6640313706899944.[0m
[32m[I 2025-02-05 18:25:39,172][0m Trial 6 finished with value: 0.4663403778877158 and parameters: {'observation_period_num': 88, 'train_rates': 0.8669948971373086, 'learning_rate': 4.768982148641826e-05, 'batch_size': 142, 'step_size': 6, 'gamma': 0.9494432819783952}. Best is trial 6 with value: 0.4663403778877158.[0m
[32m[I 2025-02-05 18:29:24,979][0m Trial 7 finished with value: 1.7639854807344335 and parameters: {'observation_period_num': 219, 'train_rates': 0.7158560534783286, 'learning_rate': 1.6422492377820741e-06, 'batch_size': 104, 'step_size': 5, 'gamma': 0.9076352457832676}. Best is trial 6 with value: 0.4663403778877158.[0m
[32m[I 2025-02-05 18:31:11,468][0m Trial 8 finished with value: 0.6883330483417994 and parameters: {'observation_period_num': 104, 'train_rates': 0.8200277242948921, 'learning_rate': 1.4705195484940876e-05, 'batch_size': 73, 'step_size': 9, 'gamma': 0.9296378243998837}. Best is trial 6 with value: 0.4663403778877158.[0m
[32m[I 2025-02-05 18:34:29,193][0m Trial 9 finished with value: 0.9931433692984625 and parameters: {'observation_period_num': 214, 'train_rates': 0.6017546100753656, 'learning_rate': 0.000298020842071923, 'batch_size': 180, 'step_size': 14, 'gamma': 0.756575720536803}. Best is trial 6 with value: 0.4663403778877158.[0m
[32m[I 2025-02-05 18:37:18,070][0m Trial 10 finished with value: 0.6931619947059371 and parameters: {'observation_period_num': 154, 'train_rates': 0.7594462271232237, 'learning_rate': 4.4365855734821206e-05, 'batch_size': 40, 'step_size': 6, 'gamma': 0.9895462712433326}. Best is trial 6 with value: 0.4663403778877158.[0m
[32m[I 2025-02-05 18:39:54,708][0m Trial 11 finished with value: 0.6307121721597818 and parameters: {'observation_period_num': 151, 'train_rates': 0.8330612823969495, 'learning_rate': 0.0008031827677793301, 'batch_size': 171, 'step_size': 4, 'gamma': 0.8119597969486322}. Best is trial 6 with value: 0.4663403778877158.[0m
[32m[I 2025-02-05 18:42:40,638][0m Trial 12 finished with value: 0.8047851220299216 and parameters: {'observation_period_num': 156, 'train_rates': 0.8479914234493593, 'learning_rate': 0.0009521524058828877, 'batch_size': 164, 'step_size': 7, 'gamma': 0.8190864902945063}. Best is trial 6 with value: 0.4663403778877158.[0m
