[32m[I 2025-02-05 12:50:59,499][0m Trial 32 finished with value: 0.5487003763516743 and parameters: {'observation_period_num': 211, 'train_rates': 0.967398130157613, 'learning_rate': 0.000482359668143042, 'batch_size': 46, 'step_size': 7, 'gamma': 0.9129590964601222}. Best is trial 14 with value: 0.1833314150571823.[0m
[32m[I 2025-02-05 12:55:43,364][0m Trial 33 finished with value: 0.30885901946132466 and parameters: {'observation_period_num': 110, 'train_rates': 0.917084019781663, 'learning_rate': 0.00014997311318006308, 'batch_size': 16, 'step_size': 10, 'gamma': 0.9710397931879287}. Best is trial 14 with value: 0.1833314150571823.[0m
[32m[I 2025-02-05 12:59:15,522][0m Trial 34 finished with value: 0.40699729323387146 and parameters: {'observation_period_num': 179, 'train_rates': 0.9632807637976035, 'learning_rate': 8.138430690385443e-05, 'batch_size': 107, 'step_size': 8, 'gamma': 0.8479893154673823}. Best is trial 14 with value: 0.1833314150571823.[0m
[32m[I 2025-02-05 13:03:45,162][0m Trial 35 finished with value: 0.8768841406878303 and parameters: {'observation_period_num': 214, 'train_rates': 0.938190455234862, 'learning_rate': 2.1179656817251106e-05, 'batch_size': 72, 'step_size': 3, 'gamma': 0.8668870346974732}. Best is trial 14 with value: 0.1833314150571823.[0m
[32m[I 2025-02-05 13:05:50,846][0m Trial 36 finished with value: 0.8030656145678626 and parameters: {'observation_period_num': 66, 'train_rates': 0.7754443001163592, 'learning_rate': 1.0762729811341583e-05, 'batch_size': 33, 'step_size': 10, 'gamma': 0.8371018845396746}. Best is trial 14 with value: 0.1833314150571823.[0m
[32m[I 2025-02-05 13:10:46,491][0m Trial 37 finished with value: 0.2004571408033371 and parameters: {'observation_period_num': 234, 'train_rates': 0.9893716845339532, 'learning_rate': 0.000318993323943495, 'batch_size': 174, 'step_size': 6, 'gamma': 0.7973747170633905}. Best is trial 14 with value: 0.1833314150571823.[0m
[32m[I 2025-02-05 13:15:49,916][0m Trial 38 finished with value: 0.21136786043643951 and parameters: {'observation_period_num': 238, 'train_rates': 0.9884825883263435, 'learning_rate': 0.0006065821866256973, 'batch_size': 179, 'step_size': 6, 'gamma': 0.7978282166550188}. Best is trial 14 with value: 0.1833314150571823.[0m
[32m[I 2025-02-05 13:20:44,902][0m Trial 39 finished with value: 0.2045656442642212 and parameters: {'observation_period_num': 234, 'train_rates': 0.9849045482087252, 'learning_rate': 0.0005574441363304385, 'batch_size': 173, 'step_size': 6, 'gamma': 0.7953407101427954}. Best is trial 14 with value: 0.1833314150571823.[0m
[32m[I 2025-02-05 13:24:10,509][0m Trial 40 finished with value: 0.853171893191441 and parameters: {'observation_period_num': 211, 'train_rates': 0.6636223331909468, 'learning_rate': 0.0006451081694171984, 'batch_size': 161, 'step_size': 3, 'gamma': 0.7844917979613865}. Best is trial 14 with value: 0.1833314150571823.[0m
[32m[I 2025-02-05 13:29:32,266][0m Trial 41 finished with value: 0.22795914113521576 and parameters: {'observation_period_num': 247, 'train_rates': 0.9769221916260434, 'learning_rate': 0.00034359442524395985, 'batch_size': 172, 'step_size': 6, 'gamma': 0.7975142703223187}. Best is trial 14 with value: 0.1833314150571823.[0m
[32m[I 2025-02-05 13:34:25,915][0m Trial 42 finished with value: 0.22547324001789093 and parameters: {'observation_period_num': 232, 'train_rates': 0.985797673510227, 'learning_rate': 0.0006068080868386177, 'batch_size': 145, 'step_size': 5, 'gamma': 0.7766402136240538}. Best is trial 14 with value: 0.1833314150571823.[0m
[32m[I 2025-02-05 13:39:27,565][0m Trial 43 finished with value: 0.38752561807632446 and parameters: {'observation_period_num': 239, 'train_rates': 0.9479988404816753, 'learning_rate': 0.0003282567296229553, 'batch_size': 217, 'step_size': 6, 'gamma': 0.8050086213602338}. Best is trial 14 with value: 0.1833314150571823.[0m
[32m[I 2025-02-05 13:44:04,188][0m Trial 44 finished with value: 0.2705492377281189 and parameters: {'observation_period_num': 224, 'train_rates': 0.9894133463888561, 'learning_rate': 0.0007334725780061756, 'batch_size': 174, 'step_size': 4, 'gamma': 0.7949874271111904}. Best is trial 14 with value: 0.1833314150571823.[0m
[32m[I 2025-02-05 13:48:11,804][0m Trial 45 finished with value: 0.27387911081314087 and parameters: {'observation_period_num': 201, 'train_rates': 0.9654438008566758, 'learning_rate': 0.00036635063520423463, 'batch_size': 186, 'step_size': 9, 'gamma': 0.7707918125747605}. Best is trial 14 with value: 0.1833314150571823.[0m
[32m[I 2025-02-05 13:53:04,349][0m Trial 46 finished with value: 0.4068277026197724 and parameters: {'observation_period_num': 239, 'train_rates': 0.9008173833359365, 'learning_rate': 0.0005864044566123949, 'batch_size': 141, 'step_size': 5, 'gamma': 0.8100612872651516}. Best is trial 14 with value: 0.1833314150571823.[0m
[32m[I 2025-02-05 13:54:28,793][0m Trial 47 finished with value: 0.3787022531032562 and parameters: {'observation_period_num': 81, 'train_rates': 0.946663599952838, 'learning_rate': 0.0008965525519116386, 'batch_size': 237, 'step_size': 6, 'gamma': 0.8384639221406331}. Best is trial 14 with value: 0.1833314150571823.[0m
[32m[I 2025-02-05 13:57:51,579][0m Trial 48 finished with value: 1.0231247270074428 and parameters: {'observation_period_num': 219, 'train_rates': 0.6014972949530837, 'learning_rate': 0.0002608387840511379, 'batch_size': 124, 'step_size': 2, 'gamma': 0.788414518795424}. Best is trial 14 with value: 0.1833314150571823.[0m
[32m[I 2025-02-05 14:00:58,839][0m Trial 49 finished with value: 0.7742800994261407 and parameters: {'observation_period_num': 202, 'train_rates': 0.6552599372499055, 'learning_rate': 0.00016349156701008256, 'batch_size': 209, 'step_size': 7, 'gamma': 0.8499996872836503}. Best is trial 14 with value: 0.1833314150571823.[0m
seasonal_1 „ÅÆÊúÄÈÅ©„Éè„Ç§„Éë„Éº„Éë„É©„É°„Éº„Çø„ÅåË¶ã„Å§„Åã„Çä„Åæ„Åó„Åü
ÊúÄÈÅ©ÂåñÂØæË±°: seasonal_2
[32m[I 2025-02-05 14:00:58,845][0m A new study created in memory with name: no-name-61655d8d-6dce-4b7d-bbe2-69f3f3044173[0m
[32m[I 2025-02-05 14:06:10,362][0m Trial 0 finished with value: 1.5565165281295776 and parameters: {'observation_period_num': 242, 'train_rates': 0.9588988972160739, 'learning_rate': 1.3407942303171702e-06, 'batch_size': 162, 'step_size': 15, 'gamma': 0.9778826218312774}. Best is trial 0 with value: 1.5565165281295776.[0m
[32m[I 2025-02-05 14:08:15,938][0m Trial 1 finished with value: 1.0576344917524227 and parameters: {'observation_period_num': 124, 'train_rates': 0.9199273388711873, 'learning_rate': 6.364226845641116e-06, 'batch_size': 171, 'step_size': 6, 'gamma': 0.8891610321789151}. Best is trial 1 with value: 1.0576344917524227.[0m
[32m[I 2025-02-05 14:09:30,685][0m Trial 2 finished with value: 0.16806307435035706 and parameters: {'observation_period_num': 69, 'train_rates': 0.9875352832146834, 'learning_rate': 0.0002894095104319927, 'batch_size': 195, 'step_size': 9, 'gamma': 0.841599307599911}. Best is trial 2 with value: 0.16806307435035706.[0m
[32m[I 2025-02-05 14:10:01,235][0m Trial 3 finished with value: 0.4849779184326926 and parameters: {'observation_period_num': 27, 'train_rates': 0.8203268870914198, 'learning_rate': 9.821206267489721e-05, 'batch_size': 176, 'step_size': 9, 'gamma': 0.9255413593755889}. Best is trial 2 with value: 0.16806307435035706.[0m
[32m[I 2025-02-05 14:14:34,943][0m Trial 4 finished with value: 0.2281937152147293 and parameters: {'observation_period_num': 223, 'train_rates': 0.9465899792222942, 'learning_rate': 0.0003623866513832473, 'batch_size': 160, 'step_size': 3, 'gamma': 0.9771306069392148}. Best is trial 2 with value: 0.16806307435035706.[0m
[32m[I 2025-02-05 14:16:56,454][0m Trial 5 finished with value: 0.4400182366371155 and parameters: {'observation_period_num': 128, 'train_rates': 0.9892092601966508, 'learning_rate': 2.856266933015317e-05, 'batch_size': 126, 'step_size': 6, 'gamma': 0.8746639844154241}. Best is trial 2 with value: 0.16806307435035706.[0m
[32m[I 2025-02-05 14:21:51,703][0m Trial 6 finished with value: 1.328635616565314 and parameters: {'observation_period_num': 239, 'train_rates': 0.9065994968051012, 'learning_rate': 2.7210541313617883e-06, 'batch_size': 197, 'step_size': 13, 'gamma': 0.8426653754781013}. Best is trial 2 with value: 0.16806307435035706.[0m
[32m[I 2025-02-05 14:23:08,257][0m Trial 7 finished with value: 0.5107204600515346 and parameters: {'observation_period_num': 48, 'train_rates': 0.8350494945779575, 'learning_rate': 0.00021710489257805772, 'batch_size': 58, 'step_size': 4, 'gamma': 0.788332692394089}. Best is trial 2 with value: 0.16806307435035706.[0m
[32m[I 2025-02-05 14:26:41,380][0m Trial 8 finished with value: 1.8194766899093173 and parameters: {'observation_period_num': 226, 'train_rates': 0.6437892373425314, 'learning_rate': 3.0430383633096607e-06, 'batch_size': 159, 'step_size': 15, 'gamma': 0.9413758986558589}. Best is trial 2 with value: 0.16806307435035706.[0m
[32m[I 2025-02-05 14:31:00,262][0m Trial 9 finished with value: 0.7564826973846981 and parameters: {'observation_period_num': 248, 'train_rates': 0.7411205243318066, 'learning_rate': 0.0002353788931963588, 'batch_size': 142, 'step_size': 4, 'gamma': 0.7957992815184814}. Best is trial 2 with value: 0.16806307435035706.[0m
[32m[I 2025-02-05 14:32:16,714][0m Trial 10 finished with value: 0.8189459249964208 and parameters: {'observation_period_num': 87, 'train_rates': 0.72530080044172, 'learning_rate': 0.0008644548774664787, 'batch_size': 234, 'step_size': 10, 'gamma': 0.7532368150019708}. Best is trial 2 with value: 0.16806307435035706.[0m
[32m[I 2025-02-05 14:35:32,903][0m Trial 11 finished with value: 0.7476955139263166 and parameters: {'observation_period_num': 173, 'train_rates': 0.8968950956970053, 'learning_rate': 0.0008474810368014228, 'batch_size': 97, 'step_size': 1, 'gamma': 0.9879255585269752}. Best is trial 2 with value: 0.16806307435035706.[0m
[32m[I 2025-02-05 14:39:12,639][0m Trial 12 finished with value: 0.4829442799091339 and parameters: {'observation_period_num': 185, 'train_rates': 0.9808041633387633, 'learning_rate': 4.327194550313418e-05, 'batch_size': 250, 'step_size': 11, 'gamma': 0.8357328491482193}. Best is trial 2 with value: 0.16806307435035706.[0m
[32m[I 2025-02-05 14:40:35,590][0m Trial 13 finished with value: 0.5644974052906037 and parameters: {'observation_period_num': 83, 'train_rates': 0.8798140998303225, 'learning_rate': 0.0002843656790990714, 'batch_size': 213, 'step_size': 1, 'gamma': 0.91614876366378}. Best is trial 2 with value: 0.16806307435035706.[0m
[32m[I 2025-02-05 14:41:23,692][0m Trial 14 finished with value: 0.5964118783184559 and parameters: {'observation_period_num': 5, 'train_rates': 0.9416005962126338, 'learning_rate': 2.694097992533686e-05, 'batch_size': 105, 'step_size': 7, 'gamma': 0.8359716381896121}. Best is trial 2 with value: 0.16806307435035706.[0m
[32m[I 2025-02-05 14:44:44,541][0m Trial 15 finished with value: 0.30506351525544473 and parameters: {'observation_period_num': 165, 'train_rates': 0.8676329810393861, 'learning_rate': 9.427897694946018e-05, 'batch_size': 32, 'step_size': 4, 'gamma': 0.9580269554742208}. Best is trial 2 with value: 0.16806307435035706.[0m
[32m[I 2025-02-05 14:46:01,148][0m Trial 16 finished with value: 0.6919743340948353 and parameters: {'observation_period_num': 84, 'train_rates': 0.7594141202742354, 'learning_rate': 0.00043983704329682446, 'batch_size': 205, 'step_size': 12, 'gamma': 0.8939988422675396}. Best is trial 2 with value: 0.16806307435035706.[0m
[32m[I 2025-02-05 14:46:49,405][0m Trial 17 finished with value: 0.8680390736507496 and parameters: {'observation_period_num': 55, 'train_rates': 0.6704162259833766, 'learning_rate': 9.407528438574448e-05, 'batch_size': 122, 'step_size': 8, 'gamma': 0.8546118530781037}. Best is trial 2 with value: 0.16806307435035706.[0m
[32m[I 2025-02-05 14:51:09,903][0m Trial 18 finished with value: 1.2420730272435254 and parameters: {'observation_period_num': 212, 'train_rates': 0.941410414450038, 'learning_rate': 1.1885475898291082e-05, 'batch_size': 79, 'step_size': 3, 'gamma': 0.8068926775065635}. Best is trial 2 with value: 0.16806307435035706.[0m
[32m[I 2025-02-05 14:53:34,675][0m Trial 19 finished with value: 0.6478636791923535 and parameters: {'observation_period_num': 150, 'train_rates': 0.781097987491952, 'learning_rate': 0.0005265856678785464, 'batch_size': 193, 'step_size': 9, 'gamma': 0.9081780330667538}. Best is trial 2 with value: 0.16806307435035706.[0m
[32m[I 2025-02-05 14:57:16,780][0m Trial 20 finished with value: 0.5192565948984742 and parameters: {'observation_period_num': 200, 'train_rates': 0.8394132828811296, 'learning_rate': 0.00014984299749887177, 'batch_size': 225, 'step_size': 6, 'gamma': 0.81221561531516}. Best is trial 2 with value: 0.16806307435035706.[0m
[32m[I 2025-02-05 15:00:31,769][0m Trial 21 finished with value: 0.30012821436577986 and parameters: {'observation_period_num': 160, 'train_rates': 0.8685587635234783, 'learning_rate': 6.008761270317014e-05, 'batch_size': 28, 'step_size': 3, 'gamma': 0.959573784966829}. Best is trial 2 with value: 0.16806307435035706.[0m
[32m[I 2025-02-05 15:02:53,961][0m Trial 22 finished with value: 0.23593913813432058 and parameters: {'observation_period_num': 111, 'train_rates': 0.9524855474531697, 'learning_rate': 5.354879624857933e-05, 'batch_size': 36, 'step_size': 2, 'gamma': 0.9557088817850374}. Best is trial 2 with value: 0.16806307435035706.[0m
[32m[I 2025-02-05 15:04:49,391][0m Trial 23 finished with value: 0.7640621662139893 and parameters: {'observation_period_num': 107, 'train_rates': 0.956716638432952, 'learning_rate': 1.7830075407498788e-05, 'batch_size': 141, 'step_size': 2, 'gamma': 0.959539750059152}. Best is trial 2 with value: 0.16806307435035706.[0m
[32m[I 2025-02-05 15:06:58,787][0m Trial 24 finished with value: 0.23854464292526245 and parameters: {'observation_period_num': 107, 'train_rates': 0.9842678827386402, 'learning_rate': 0.0003691920907702234, 'batch_size': 57, 'step_size': 5, 'gamma': 0.9400792883122661}. Best is trial 2 with value: 0.16806307435035706.[0m
[32m[I 2025-02-05 15:08:01,199][0m Trial 25 finished with value: 0.2713782382760071 and parameters: {'observation_period_num': 63, 'train_rates': 0.9285837675559516, 'learning_rate': 0.00015711939694187295, 'batch_size': 188, 'step_size': 2, 'gamma': 0.9753206387173924}. Best is trial 2 with value: 0.16806307435035706.[0m
[32m[I 2025-02-05 15:10:45,406][0m Trial 26 finished with value: 0.2951893210411072 and parameters: {'observation_period_num': 143, 'train_rates': 0.9617107030900249, 'learning_rate': 0.0007203647995408775, 'batch_size': 149, 'step_size': 8, 'gamma': 0.8629832577759831}. Best is trial 2 with value: 0.16806307435035706.[0m
[32m[I 2025-02-05 15:12:39,225][0m Trial 27 finished with value: 0.5137567260572987 and parameters: {'observation_period_num': 111, 'train_rates': 0.8910022498397622, 'learning_rate': 6.262565496871886e-05, 'batch_size': 110, 'step_size': 2, 'gamma': 0.9385365076049803}. Best is trial 2 with value: 0.16806307435035706.[0m
[32m[I 2025-02-05 15:13:37,454][0m Trial 28 finished with value: 0.6103224351203868 and parameters: {'observation_period_num': 33, 'train_rates': 0.923461080297316, 'learning_rate': 9.140798620354093e-06, 'batch_size': 85, 'step_size': 5, 'gamma': 0.9897279127211579}. Best is trial 2 with value: 0.16806307435035706.[0m
[32m[I 2025-02-05 15:14:34,141][0m Trial 29 finished with value: 1.036089592091187 and parameters: {'observation_period_num': 72, 'train_rates': 0.6019171088210028, 'learning_rate': 0.00017459810573814828, 'batch_size': 163, 'step_size': 13, 'gamma': 0.8871781978162397}. Best is trial 2 with value: 0.16806307435035706.[0m
[32m[I 2025-02-05 15:19:02,438][0m Trial 30 finished with value: 0.4224658672298704 and parameters: {'observation_period_num': 190, 'train_rates': 0.9569483840008443, 'learning_rate': 0.00036333700444521143, 'batch_size': 19, 'step_size': 7, 'gamma': 0.7685356237085809}. Best is trial 2 with value: 0.16806307435035706.[0m
[32m[I 2025-02-05 15:21:09,897][0m Trial 31 finished with value: 0.30585476756095886 and parameters: {'observation_period_num': 103, 'train_rates': 0.9863984072059897, 'learning_rate': 0.0004576771291503786, 'batch_size': 50, 'step_size': 3, 'gamma': 0.9705480750776714}. Best is trial 2 with value: 0.16806307435035706.[0m
[32m[I 2025-02-05 15:24:01,759][0m Trial 32 finished with value: 1.512614649884841 and parameters: {'observation_period_num': 140, 'train_rates': 0.9637174134333654, 'learning_rate': 1.0109204443143326e-06, 'batch_size': 60, 'step_size': 5, 'gamma': 0.9331467309960033}. Best is trial 2 with value: 0.16806307435035706.[0m
[32m[I 2025-02-05 15:26:05,317][0m Trial 33 finished with value: 0.27014257477111175 and parameters: {'observation_period_num': 119, 'train_rates': 0.9160440380700001, 'learning_rate': 0.000323466453545194, 'batch_size': 177, 'step_size': 5, 'gamma': 0.9487956698592624}. Best is trial 2 with value: 0.16806307435035706.[0m
[32m[I 2025-02-05 15:28:18,397][0m Trial 34 finished with value: 0.23086944832043213 and parameters: {'observation_period_num': 91, 'train_rates': 0.9849430879954388, 'learning_rate': 0.00012562084155296022, 'batch_size': 38, 'step_size': 1, 'gamma': 0.9226900171252826}. Best is trial 2 with value: 0.16806307435035706.[0m
[32m[I 2025-02-05 15:30:18,515][0m Trial 35 finished with value: 0.43570346166105833 and parameters: {'observation_period_num': 96, 'train_rates': 0.940739674851909, 'learning_rate': 0.00011065486794955851, 'batch_size': 42, 'step_size': 1, 'gamma': 0.9180596443201161}. Best is trial 2 with value: 0.16806307435035706.[0m
[32m[I 2025-02-05 15:35:17,738][0m Trial 36 finished with value: 0.2650154723061456 and parameters: {'observation_period_num': 130, 'train_rates': 0.9683816552931246, 'learning_rate': 6.17958026361182e-05, 'batch_size': 16, 'step_size': 2, 'gamma': 0.895984764618563}. Best is trial 2 with value: 0.16806307435035706.[0m
[32m[I 2025-02-05 15:36:20,473][0m Trial 37 finished with value: 0.42075162127895177 and parameters: {'observation_period_num': 42, 'train_rates': 0.8544146414500435, 'learning_rate': 4.17342227169107e-05, 'batch_size': 74, 'step_size': 10, 'gamma': 0.8806644841621313}. Best is trial 2 with value: 0.16806307435035706.[0m
[32m[I 2025-02-05 15:37:33,724][0m Trial 38 finished with value: 0.35840567738026174 and parameters: {'observation_period_num': 68, 'train_rates': 0.9008706956747834, 'learning_rate': 0.00012309434269700082, 'batch_size': 128, 'step_size': 1, 'gamma': 0.9744118946242308}. Best is trial 2 with value: 0.16806307435035706.[0m
[32m[I 2025-02-05 15:39:44,426][0m Trial 39 finished with value: 0.33946395211103486 and parameters: {'observation_period_num': 126, 'train_rates': 0.9276142675583177, 'learning_rate': 0.00019963238353045196, 'batch_size': 180, 'step_size': 3, 'gamma': 0.9019243221170488}. Best is trial 2 with value: 0.16806307435035706.[0m
[32m[I 2025-02-05 15:40:11,723][0m Trial 40 finished with value: 0.4535499188346371 and parameters: {'observation_period_num': 25, 'train_rates': 0.8081084860085479, 'learning_rate': 0.0006332889620878592, 'batch_size': 217, 'step_size': 7, 'gamma': 0.9258091129927946}. Best is trial 2 with value: 0.16806307435035706.[0m
[32m[I 2025-02-05 15:42:22,153][0m Trial 41 finished with value: 0.16932536114235314 and parameters: {'observation_period_num': 91, 'train_rates': 0.9831892210318739, 'learning_rate': 0.00024347886477802, 'batch_size': 38, 'step_size': 4, 'gamma': 0.9477956194911108}. Best is trial 2 with value: 0.16806307435035706.[0m
[32m[I 2025-02-05 15:44:21,838][0m Trial 42 finished with value: 0.22585936442569451 and parameters: {'observation_period_num': 92, 'train_rates': 0.9718627026684246, 'learning_rate': 0.00027102300896895563, 'batch_size': 42, 'step_size': 4, 'gamma': 0.9517221518910843}. Best is trial 2 with value: 0.16806307435035706.[0m
[32m[I 2025-02-05 15:45:55,103][0m Trial 43 finished with value: 0.28075445168896723 and parameters: {'observation_period_num': 75, 'train_rates': 0.9737499324165355, 'learning_rate': 0.00023622416951629487, 'batch_size': 66, 'step_size': 4, 'gamma': 0.9682357556241435}. Best is trial 2 with value: 0.16806307435035706.[0m
[32m[I 2025-02-05 15:47:41,147][0m Trial 44 finished with value: 0.1918068379163742 and parameters: {'observation_period_num': 97, 'train_rates': 0.9877559279205363, 'learning_rate': 0.0002651479150820309, 'batch_size': 165, 'step_size': 6, 'gamma': 0.8222270806431141}. Best is trial 2 with value: 0.16806307435035706.[0m
[32m[I 2025-02-05 15:52:47,230][0m Trial 45 finished with value: 0.2136031985282898 and parameters: {'observation_period_num': 235, 'train_rates': 0.9884143583732863, 'learning_rate': 0.0005732021165242286, 'batch_size': 160, 'step_size': 6, 'gamma': 0.8423598951851997}. Best is trial 2 with value: 0.16806307435035706.[0m
[32m[I 2025-02-05 15:53:44,876][0m Trial 46 finished with value: 0.32472753524780273 and parameters: {'observation_period_num': 53, 'train_rates': 0.9880542164946412, 'learning_rate': 0.0009010056781844044, 'batch_size': 164, 'step_size': 6, 'gamma': 0.8206008035773739}. Best is trial 2 with value: 0.16806307435035706.[0m
[32m[I 2025-02-05 15:55:08,546][0m Trial 47 finished with value: 0.8676073250021333 and parameters: {'observation_period_num': 96, 'train_rates': 0.7002945264937053, 'learning_rate': 0.0005950466927335932, 'batch_size': 154, 'step_size': 9, 'gamma': 0.8506489880600695}. Best is trial 2 with value: 0.16806307435035706.[0m
