ÊúÄÈÅ©ÂåñÂØæË±°: trend
[32m[I 2025-02-05 07:06:30,298][0m A new study created in memory with name: no-name-34dde5a4-f8a6-416d-ac39-0a31e62bdfae[0m
[32m[I 2025-02-05 07:08:14,589][0m Trial 0 finished with value: 0.5765798948249038 and parameters: {'observation_period_num': 109, 'train_rates': 0.8276337787617745, 'learning_rate': 0.00029605522633271227, 'batch_size': 176, 'step_size': 14, 'gamma': 0.9574906070302346}. Best is trial 0 with value: 0.5765798948249038.[0m
[32m[I 2025-02-05 07:10:35,350][0m Trial 1 finished with value: 1.1412167982158499 and parameters: {'observation_period_num': 29, 'train_rates': 0.9601848844655705, 'learning_rate': 1.4560723661120697e-06, 'batch_size': 35, 'step_size': 13, 'gamma': 0.8386765278454916}. Best is trial 0 with value: 0.5765798948249038.[0m
[32m[I 2025-02-05 07:13:45,391][0m Trial 2 finished with value: 1.1237577199935913 and parameters: {'observation_period_num': 168, 'train_rates': 0.9707116919939145, 'learning_rate': 1.2085641066255929e-05, 'batch_size': 123, 'step_size': 5, 'gamma': 0.7806466820172288}. Best is trial 0 with value: 0.5765798948249038.[0m
[32m[I 2025-02-05 07:17:19,472][0m Trial 3 finished with value: 0.8674843118333941 and parameters: {'observation_period_num': 194, 'train_rates': 0.8613169975735175, 'learning_rate': 1.7058749335195763e-05, 'batch_size': 234, 'step_size': 9, 'gamma': 0.8094807105664082}. Best is trial 0 with value: 0.5765798948249038.[0m
[32m[I 2025-02-05 07:20:47,261][0m Trial 4 finished with value: 0.9809398651123047 and parameters: {'observation_period_num': 183, 'train_rates': 0.9333277681455034, 'learning_rate': 1.0494721406112322e-05, 'batch_size': 206, 'step_size': 12, 'gamma': 0.9204764924026981}. Best is trial 0 with value: 0.5765798948249038.[0m
[32m[I 2025-02-05 07:21:47,638][0m Trial 5 finished with value: 0.9333602786064148 and parameters: {'observation_period_num': 64, 'train_rates': 0.9538379678085053, 'learning_rate': 1.893445348119666e-05, 'batch_size': 222, 'step_size': 13, 'gamma': 0.8672381111277847}. Best is trial 0 with value: 0.5765798948249038.[0m
[32m[I 2025-02-05 07:24:21,311][0m Trial 6 finished with value: 0.38133023187444715 and parameters: {'observation_period_num': 144, 'train_rates': 0.9280360152121929, 'learning_rate': 6.091033291390557e-05, 'batch_size': 198, 'step_size': 13, 'gamma': 0.910209939426171}. Best is trial 6 with value: 0.38133023187444715.[0m
[32m[I 2025-02-05 07:25:56,171][0m Trial 7 finished with value: 0.6528733848933842 and parameters: {'observation_period_num': 95, 'train_rates': 0.859034689495501, 'learning_rate': 0.0006736482773705088, 'batch_size': 170, 'step_size': 11, 'gamma': 0.9864138415396835}. Best is trial 6 with value: 0.38133023187444715.[0m
[32m[I 2025-02-05 07:28:42,449][0m Trial 8 finished with value: 0.7979472239275236 and parameters: {'observation_period_num': 174, 'train_rates': 0.733737282259037, 'learning_rate': 3.6246236522416905e-05, 'batch_size': 110, 'step_size': 10, 'gamma': 0.9447846690278839}. Best is trial 6 with value: 0.38133023187444715.[0m
[32m[I 2025-02-05 07:32:11,839][0m Trial 9 finished with value: 1.1221378025287594 and parameters: {'observation_period_num': 204, 'train_rates': 0.7135946390241431, 'learning_rate': 4.195374623187702e-06, 'batch_size': 48, 'step_size': 12, 'gamma': 0.8396664145018078}. Best is trial 6 with value: 0.38133023187444715.[0m
[32m[I 2025-02-05 07:36:09,484][0m Trial 10 finished with value: 1.1651316059333037 and parameters: {'observation_period_num': 252, 'train_rates': 0.6011844612451861, 'learning_rate': 0.00010493211000641121, 'batch_size': 255, 'step_size': 1, 'gamma': 0.9013110585836409}. Best is trial 6 with value: 0.38133023187444715.[0m
[32m[I 2025-02-05 07:37:57,655][0m Trial 11 finished with value: 0.5140120896948389 and parameters: {'observation_period_num': 111, 'train_rates': 0.8538966880157159, 'learning_rate': 0.0002736886142173944, 'batch_size': 170, 'step_size': 15, 'gamma': 0.9839825212011057}. Best is trial 6 with value: 0.38133023187444715.[0m
[32m[I 2025-02-05 07:40:08,906][0m Trial 12 finished with value: 0.2871784281114052 and parameters: {'observation_period_num': 127, 'train_rates': 0.8975403798924987, 'learning_rate': 0.00011420715533859079, 'batch_size': 163, 'step_size': 15, 'gamma': 0.985119825772804}. Best is trial 12 with value: 0.2871784281114052.[0m
[32m[I 2025-02-05 07:42:57,080][0m Trial 13 finished with value: 0.3264733652273814 and parameters: {'observation_period_num': 149, 'train_rates': 0.9048701155938677, 'learning_rate': 6.7145565536259e-05, 'batch_size': 89, 'step_size': 5, 'gamma': 0.9042851132958085}. Best is trial 12 with value: 0.2871784281114052.[0m
[32m[I 2025-02-05 07:44:08,128][0m Trial 14 finished with value: 0.6076983710283124 and parameters: {'observation_period_num': 70, 'train_rates': 0.7749012269076616, 'learning_rate': 0.00014114133714247668, 'batch_size': 72, 'step_size': 6, 'gamma': 0.8772689585150846}. Best is trial 12 with value: 0.2871784281114052.[0m
[32m[I 2025-02-05 07:46:44,363][0m Trial 15 finished with value: 0.8976261000270429 and parameters: {'observation_period_num': 144, 'train_rates': 0.9019969791115596, 'learning_rate': 0.0009511490814844575, 'batch_size': 89, 'step_size': 6, 'gamma': 0.944422364367203}. Best is trial 12 with value: 0.2871784281114052.[0m
[32m[I 2025-02-05 07:51:21,700][0m Trial 16 finished with value: 0.5880128582874378 and parameters: {'observation_period_num': 230, 'train_rates': 0.8951731783490943, 'learning_rate': 5.5220266418139004e-05, 'batch_size': 142, 'step_size': 3, 'gamma': 0.8807826295571778}. Best is trial 12 with value: 0.2871784281114052.[0m
[32m[I 2025-02-05 07:53:37,968][0m Trial 17 finished with value: 0.5539837228570076 and parameters: {'observation_period_num': 138, 'train_rates': 0.7949583550673188, 'learning_rate': 0.0001689117331186263, 'batch_size': 140, 'step_size': 8, 'gamma': 0.763039811824854}. Best is trial 12 with value: 0.2871784281114052.[0m
[32m[I 2025-02-05 07:54:19,391][0m Trial 18 finished with value: 1.160147090372832 and parameters: {'observation_period_num': 22, 'train_rates': 0.6073899003106397, 'learning_rate': 0.0003793057983831534, 'batch_size': 88, 'step_size': 4, 'gamma': 0.965681752367399}. Best is trial 12 with value: 0.2871784281114052.[0m
[32m[I 2025-02-05 07:55:53,362][0m Trial 19 finished with value: 0.4815765917301178 and parameters: {'observation_period_num': 77, 'train_rates': 0.987504997503899, 'learning_rate': 7.191097073075394e-05, 'batch_size': 71, 'step_size': 1, 'gamma': 0.9282421792612143}. Best is trial 12 with value: 0.2871784281114052.[0m
[32m[I 2025-02-05 07:58:28,699][0m Trial 20 finished with value: 1.3673312797055224 and parameters: {'observation_period_num': 159, 'train_rates': 0.7496752098500643, 'learning_rate': 6.133017626627619e-06, 'batch_size': 150, 'step_size': 7, 'gamma': 0.8511239409899507}. Best is trial 12 with value: 0.2871784281114052.[0m
[32m[I 2025-02-05 08:01:03,947][0m Trial 21 finished with value: 0.38959411617185247 and parameters: {'observation_period_num': 142, 'train_rates': 0.9133690113515893, 'learning_rate': 3.7260613025934e-05, 'batch_size': 194, 'step_size': 14, 'gamma': 0.906250824743721}. Best is trial 12 with value: 0.2871784281114052.[0m
[32m[I 2025-02-05 08:05:10,520][0m Trial 22 finished with value: 0.27191793144111576 and parameters: {'observation_period_num': 120, 'train_rates': 0.8839279456825784, 'learning_rate': 7.078545456629118e-05, 'batch_size': 18, 'step_size': 10, 'gamma': 0.899265817857814}. Best is trial 22 with value: 0.27191793144111576.[0m
[32m[I 2025-02-05 08:07:49,213][0m Trial 23 finished with value: 0.4540923082792543 and parameters: {'observation_period_num': 120, 'train_rates': 0.8247531277084568, 'learning_rate': 0.00010029926972594436, 'batch_size': 27, 'step_size': 3, 'gamma': 0.8911214471836754}. Best is trial 22 with value: 0.27191793144111576.[0m
[32m[I 2025-02-05 08:09:21,917][0m Trial 24 finished with value: 0.34527903257033254 and parameters: {'observation_period_num': 90, 'train_rates': 0.8704210260881003, 'learning_rate': 0.00019787171319536972, 'batch_size': 110, 'step_size': 9, 'gamma': 0.9338536288848992}. Best is trial 22 with value: 0.27191793144111576.[0m
[32m[I 2025-02-05 08:10:48,595][0m Trial 25 finished with value: 0.3930133274623326 and parameters: {'observation_period_num': 53, 'train_rates': 0.8913673371526549, 'learning_rate': 2.7443251578175082e-05, 'batch_size': 54, 'step_size': 8, 'gamma': 0.8197360885776513}. Best is trial 22 with value: 0.27191793144111576.[0m
[32m[I 2025-02-05 08:12:53,350][0m Trial 26 finished with value: 0.4747348205813803 and parameters: {'observation_period_num': 123, 'train_rates': 0.8313029447694666, 'learning_rate': 9.353047995837497e-05, 'batch_size': 90, 'step_size': 15, 'gamma': 0.9649997615223235}. Best is trial 22 with value: 0.27191793144111576.[0m
[32m[I 2025-02-05 08:16:22,986][0m Trial 27 finished with value: 1.4568473379862936 and parameters: {'observation_period_num': 158, 'train_rates': 0.6601188996900827, 'learning_rate': 0.0004380985727947449, 'batch_size': 17, 'step_size': 10, 'gamma': 0.8533816648122441}. Best is trial 22 with value: 0.27191793144111576.[0m
[32m[I 2025-02-05 08:18:14,188][0m Trial 28 finished with value: 0.4212341004610062 and parameters: {'observation_period_num': 103, 'train_rates': 0.9473410498842458, 'learning_rate': 5.177677689954625e-05, 'batch_size': 117, 'step_size': 6, 'gamma': 0.8952904913118379}. Best is trial 22 with value: 0.27191793144111576.[0m
[32m[I 2025-02-05 08:20:17,796][0m Trial 29 finished with value: 0.413693141502009 and parameters: {'observation_period_num': 127, 'train_rates': 0.8257547272263223, 'learning_rate': 0.00024146269087229607, 'batch_size': 160, 'step_size': 4, 'gamma': 0.9526058515237361}. Best is trial 22 with value: 0.27191793144111576.[0m
[32m[I 2025-02-05 08:24:35,257][0m Trial 30 finished with value: 0.5704813095095763 and parameters: {'observation_period_num': 219, 'train_rates': 0.8835902912375819, 'learning_rate': 2.4679184336839855e-05, 'batch_size': 183, 'step_size': 7, 'gamma': 0.9171124868772914}. Best is trial 22 with value: 0.27191793144111576.[0m
[32m[I 2025-02-05 08:26:10,712][0m Trial 31 finished with value: 0.3348470953523472 and parameters: {'observation_period_num': 91, 'train_rates': 0.8699503559624306, 'learning_rate': 0.00019853672947544115, 'batch_size': 103, 'step_size': 9, 'gamma': 0.9378831340025634}. Best is trial 22 with value: 0.27191793144111576.[0m
[32m[I 2025-02-05 08:27:01,545][0m Trial 32 finished with value: 0.2698452438820492 and parameters: {'observation_period_num': 46, 'train_rates': 0.9092240994388052, 'learning_rate': 0.00013409775577153657, 'batch_size': 129, 'step_size': 10, 'gamma': 0.9736953194878115}. Best is trial 32 with value: 0.2698452438820492.[0m
[32m[I 2025-02-05 08:27:41,374][0m Trial 33 finished with value: 1.3302710130151394 and parameters: {'observation_period_num': 5, 'train_rates': 0.9236000216962879, 'learning_rate': 1.1640830801238106e-06, 'batch_size': 127, 'step_size': 11, 'gamma': 0.9719155438575796}. Best is trial 32 with value: 0.2698452438820492.[0m
[32m[I 2025-02-05 08:29:28,314][0m Trial 34 finished with value: 0.2973308533798029 and parameters: {'observation_period_num': 31, 'train_rates': 0.9724517701776065, 'learning_rate': 0.0001319495325253212, 'batch_size': 47, 'step_size': 11, 'gamma': 0.980640387581573}. Best is trial 32 with value: 0.2698452438820492.[0m
[32m[I 2025-02-05 08:31:23,853][0m Trial 35 finished with value: 0.23828086256980896 and parameters: {'observation_period_num': 43, 'train_rates': 0.987950739233235, 'learning_rate': 0.0001357770702754184, 'batch_size': 44, 'step_size': 11, 'gamma': 0.9873164323157256}. Best is trial 35 with value: 0.23828086256980896.[0m
[32m[I 2025-02-05 08:36:31,417][0m Trial 36 finished with value: 0.3103343733521395 and parameters: {'observation_period_num': 44, 'train_rates': 0.9854569219660115, 'learning_rate': 0.0004302926406735784, 'batch_size': 16, 'step_size': 12, 'gamma': 0.9562354364518066}. Best is trial 35 with value: 0.23828086256980896.[0m
[32m[I 2025-02-05 08:38:31,700][0m Trial 37 finished with value: 0.27112823707909234 and parameters: {'observation_period_num': 50, 'train_rates': 0.9392239739506995, 'learning_rate': 4.17375610900927e-05, 'batch_size': 40, 'step_size': 10, 'gamma': 0.9728963436340715}. Best is trial 35 with value: 0.23828086256980896.[0m
[32m[I 2025-02-05 08:40:36,917][0m Trial 38 finished with value: 0.2873484697078635 and parameters: {'observation_period_num': 49, 'train_rates': 0.9439081733233431, 'learning_rate': 1.4118482539813724e-05, 'batch_size': 39, 'step_size': 10, 'gamma': 0.9694777482930272}. Best is trial 35 with value: 0.23828086256980896.[0m
[32m[I 2025-02-05 08:42:02,904][0m Trial 39 finished with value: 0.31666649627213433 and parameters: {'observation_period_num': 12, 'train_rates': 0.9659545905172678, 'learning_rate': 4.449890579947439e-05, 'batch_size': 58, 'step_size': 10, 'gamma': 0.8107804793802146}. Best is trial 35 with value: 0.23828086256980896.[0m
[32m[I 2025-02-05 08:44:53,158][0m Trial 40 finished with value: 0.2373812757040325 and parameters: {'observation_period_num': 34, 'train_rates': 0.935064810081649, 'learning_rate': 2.104417175186477e-05, 'batch_size': 28, 'step_size': 9, 'gamma': 0.9895771316507851}. Best is trial 40 with value: 0.2373812757040325.[0m
[32m[I 2025-02-05 08:47:23,703][0m Trial 41 finished with value: 0.23586424688498178 and parameters: {'observation_period_num': 27, 'train_rates': 0.9343366725266882, 'learning_rate': 2.2340226588341073e-05, 'batch_size': 32, 'step_size': 9, 'gamma': 0.9735405351591387}. Best is trial 41 with value: 0.23586424688498178.[0m
[32m[I 2025-02-05 08:49:31,087][0m Trial 42 finished with value: 0.4284231394012539 and parameters: {'observation_period_num': 34, 'train_rates': 0.9410049161147945, 'learning_rate': 8.85439167801094e-06, 'batch_size': 38, 'step_size': 9, 'gamma': 0.9706874985925773}. Best is trial 41 with value: 0.23586424688498178.[0m
[32m[I 2025-02-05 08:51:58,692][0m Trial 43 finished with value: 0.26982725207195724 and parameters: {'observation_period_num': 59, 'train_rates': 0.9258442430082254, 'learning_rate': 2.0645379622963134e-05, 'batch_size': 32, 'step_size': 11, 'gamma': 0.9893693646525513}. Best is trial 41 with value: 0.23586424688498178.[0m
[32m[I 2025-02-05 08:53:15,744][0m Trial 44 finished with value: 0.36988203085604165 and parameters: {'observation_period_num': 62, 'train_rates': 0.9566954882492745, 'learning_rate': 1.981231488649741e-05, 'batch_size': 69, 'step_size': 11, 'gamma': 0.9895429227172587}. Best is trial 41 with value: 0.23586424688498178.[0m
[32m[I 2025-02-05 08:55:58,391][0m Trial 45 finished with value: 0.48209007497293405 and parameters: {'observation_period_num': 22, 'train_rates': 0.9150090323338884, 'learning_rate': 2.86606643383564e-06, 'batch_size': 29, 'step_size': 13, 'gamma': 0.9532625381606759}. Best is trial 41 with value: 0.23586424688498178.[0m
[32m[I 2025-02-05 08:57:20,496][0m Trial 46 finished with value: 0.4100773019923104 and parameters: {'observation_period_num': 40, 'train_rates': 0.9754727302316097, 'learning_rate': 9.578013856691238e-06, 'batch_size': 62, 'step_size': 12, 'gamma': 0.9793742557604156}. Best is trial 41 with value: 0.23586424688498178.[0m
[32m[I 2025-02-05 09:00:03,593][0m Trial 47 finished with value: 0.2789362503502231 and parameters: {'observation_period_num': 78, 'train_rates': 0.9278416622667992, 'learning_rate': 1.527011689155811e-05, 'batch_size': 29, 'step_size': 9, 'gamma': 0.957607636162233}. Best is trial 41 with value: 0.23586424688498178.[0m
[32m[I 2025-02-05 09:00:59,613][0m Trial 48 finished with value: 0.9726905717569239 and parameters: {'observation_period_num': 61, 'train_rates': 0.8472709519116678, 'learning_rate': 6.817933463866581e-06, 'batch_size': 225, 'step_size': 11, 'gamma': 0.9862179683646104}. Best is trial 41 with value: 0.23586424688498178.[0m
[32m[I 2025-02-05 09:02:44,666][0m Trial 49 finished with value: 0.3093059988784008 and parameters: {'observation_period_num': 21, 'train_rates': 0.9586020716187292, 'learning_rate': 2.228029586383918e-05, 'batch_size': 47, 'step_size': 8, 'gamma': 0.9432465065270195}. Best is trial 41 with value: 0.23586424688498178.[0m
trend „ÅÆÊúÄÈÅ©„Éè„Ç§„Éë„Éº„Éë„É©„É°„Éº„Çø„ÅåË¶ã„Å§„Åã„Çä„Åæ„Åó„Åü
ÊúÄÈÅ©ÂåñÂØæË±°: seasonal_0
[32m[I 2025-02-05 09:02:44,674][0m A new study created in memory with name: no-name-c365ac0a-b0d3-43e4-9e22-02e608e73b64[0m
[32m[I 2025-02-05 09:05:04,043][0m Trial 0 finished with value: 1.7344482307679185 and parameters: {'observation_period_num': 154, 'train_rates': 0.61755692683315, 'learning_rate': 1.5144072724897767e-06, 'batch_size': 71, 'step_size': 1, 'gamma': 0.9388707175952465}. Best is trial 0 with value: 1.7344482307679185.[0m
[32m[I 2025-02-05 09:08:20,565][0m Trial 1 finished with value: 1.1690379216482765 and parameters: {'observation_period_num': 209, 'train_rates': 0.6051051126445951, 'learning_rate': 1.8522037422237428e-05, 'batch_size': 81, 'step_size': 15, 'gamma': 0.890313276081316}. Best is trial 1 with value: 1.1690379216482765.[0m
[32m[I 2025-02-05 09:09:24,108][0m Trial 2 finished with value: 1.1774114710481272 and parameters: {'observation_period_num': 79, 'train_rates': 0.6158922011370016, 'learning_rate': 2.880262501967316e-05, 'batch_size': 254, 'step_size': 10, 'gamma': 0.8326941165244645}. Best is trial 1 with value: 1.1690379216482765.[0m
[32m[I 2025-02-05 09:11:06,307][0m Trial 3 finished with value: 0.44271339290735257 and parameters: {'observation_period_num': 101, 'train_rates': 0.853477811705001, 'learning_rate': 5.7826161623872744e-05, 'batch_size': 109, 'step_size': 8, 'gamma': 0.9562149158401392}. Best is trial 3 with value: 0.44271339290735257.[0m
[32m[I 2025-02-05 09:12:14,463][0m Trial 4 finished with value: 1.0144906866429353 and parameters: {'observation_period_num': 79, 'train_rates': 0.6915161826003072, 'learning_rate': 0.0002408494152505017, 'batch_size': 241, 'step_size': 2, 'gamma': 0.8334650065097795}. Best is trial 3 with value: 0.44271339290735257.[0m
[32m[I 2025-02-05 09:13:00,951][0m Trial 5 finished with value: 1.3869730615615845 and parameters: {'observation_period_num': 41, 'train_rates': 0.8969655483782759, 'learning_rate': 1.628111105130394e-06, 'batch_size': 129, 'step_size': 3, 'gamma': 0.9716753889185399}. Best is trial 3 with value: 0.44271339290735257.[0m
[32m[I 2025-02-05 09:13:48,657][0m Trial 6 finished with value: 1.303923276718706 and parameters: {'observation_period_num': 64, 'train_rates': 0.6012228505895604, 'learning_rate': 7.715492471417109e-06, 'batch_size': 135, 'step_size': 6, 'gamma': 0.9267165485503458}. Best is trial 3 with value: 0.44271339290735257.[0m
[32m[I 2025-02-05 09:14:13,961][0m Trial 7 finished with value: 1.7937899739127579 and parameters: {'observation_period_num': 11, 'train_rates': 0.7718248256275899, 'learning_rate': 4.56189358658635e-06, 'batch_size': 175, 'step_size': 10, 'gamma': 0.8087987422992029}. Best is trial 3 with value: 0.44271339290735257.[0m
[32m[I 2025-02-05 09:18:53,775][0m Trial 8 finished with value: 0.3553434588365107 and parameters: {'observation_period_num': 219, 'train_rates': 0.9456599271161332, 'learning_rate': 3.777279008879495e-05, 'batch_size': 59, 'step_size': 12, 'gamma': 0.8693401835803587}. Best is trial 8 with value: 0.3553434588365107.[0m
[32m[I 2025-02-05 09:19:53,061][0m Trial 9 finished with value: 1.5590623925983635 and parameters: {'observation_period_num': 67, 'train_rates': 0.6935197106869349, 'learning_rate': 9.697245650304205e-06, 'batch_size': 190, 'step_size': 6, 'gamma': 0.7640720672631173}. Best is trial 8 with value: 0.3553434588365107.[0m
[32m[I 2025-02-05 09:26:12,419][0m Trial 10 finished with value: 0.2926575355231762 and parameters: {'observation_period_num': 245, 'train_rates': 0.9795166047789952, 'learning_rate': 0.0007410656982742887, 'batch_size': 17, 'step_size': 15, 'gamma': 0.8847402504710595}. Best is trial 10 with value: 0.2926575355231762.[0m
[32m[I 2025-02-05 09:32:16,316][0m Trial 11 finished with value: 2.0669108292995353 and parameters: {'observation_period_num': 243, 'train_rates': 0.9856867048489123, 'learning_rate': 0.0006482446726550964, 'batch_size': 20, 'step_size': 15, 'gamma': 0.8754436974214072}. Best is trial 10 with value: 0.2926575355231762.[0m
[32m[I 2025-02-05 09:36:37,216][0m Trial 12 finished with value: 0.12272426691548578 and parameters: {'observation_period_num': 177, 'train_rates': 0.9898237105786685, 'learning_rate': 0.00010940143305559868, 'batch_size': 20, 'step_size': 13, 'gamma': 0.9006510760574518}. Best is trial 12 with value: 0.12272426691548578.[0m
[32m[I 2025-02-05 09:41:04,639][0m Trial 13 finished with value: 0.18173468170257714 and parameters: {'observation_period_num': 154, 'train_rates': 0.9814378453666696, 'learning_rate': 0.00015449493513923116, 'batch_size': 18, 'step_size': 13, 'gamma': 0.9144574105119377}. Best is trial 12 with value: 0.12272426691548578.[0m
[32m[I 2025-02-05 09:44:11,223][0m Trial 14 finished with value: 0.23647300166860996 and parameters: {'observation_period_num': 155, 'train_rates': 0.8967564836186522, 'learning_rate': 0.00012974957390686763, 'batch_size': 43, 'step_size': 13, 'gamma': 0.9127114078209876}. Best is trial 12 with value: 0.12272426691548578.[0m
[32m[I 2025-02-05 09:47:11,301][0m Trial 15 finished with value: 0.46730266745735266 and parameters: {'observation_period_num': 172, 'train_rates': 0.8286089288808848, 'learning_rate': 0.00016116530500787573, 'batch_size': 93, 'step_size': 12, 'gamma': 0.9785030868881268}. Best is trial 12 with value: 0.12272426691548578.[0m
