[32m[I 2025-02-05 19:33:15,576][0m Trial 49 finished with value: 0.41875632237969784 and parameters: {'observation_period_num': 92, 'train_rates': 0.8606347889205279, 'learning_rate': 5.662067153016888e-05, 'batch_size': 62, 'step_size': 8, 'gamma': 0.9602867604970434}. Best is trial 23 with value: 0.1768062710762024.[0m
resid „ÅÆÊúÄÈÅ©„Éè„Ç§„Éë„Éº„Éë„É©„É°„Éº„Çø„ÅåË¶ã„Å§„Åã„Çä„Åæ„Åó„Åü
ÊúÄÈÅ©„Éè„Ç§„Éë„Éº„Éë„É©„É°„Éº„Çø„Åå best_hyperparameters_GOOG_Transformer.json „Å´‰øùÂ≠ò„Åï„Çå„Åæ„Åó„Åü
Training trend component with params: {'observation_period_num': 27, 'train_rates': 0.9343366725266882, 'learning_rate': 2.2340226588341073e-05, 'batch_size': 32, 'step_size': 9, 'gamma': 0.9735405351591387}
Epoch 1/300, trend Loss: 1.0375 | 2.1962
Epoch 2/300, trend Loss: 0.6904 | 1.5892
Epoch 3/300, trend Loss: 0.5565 | 1.3627
Epoch 4/300, trend Loss: 0.4839 | 1.2424
Epoch 5/300, trend Loss: 0.4279 | 1.1591
Epoch 6/300, trend Loss: 0.3895 | 1.0978
Epoch 7/300, trend Loss: 0.3624 | 1.0460
Epoch 8/300, trend Loss: 0.3411 | 1.0056
Epoch 9/300, trend Loss: 0.3220 | 0.9570
Epoch 10/300, trend Loss: 0.3064 | 0.9178
Epoch 11/300, trend Loss: 0.2943 | 0.8852
Epoch 12/300, trend Loss: 0.2844 | 0.8575
Epoch 13/300, trend Loss: 0.2757 | 0.8308
Epoch 14/300, trend Loss: 0.2676 | 0.8030
Epoch 15/300, trend Loss: 0.2592 | 0.7740
Epoch 16/300, trend Loss: 0.2527 | 0.7487
Epoch 17/300, trend Loss: 0.2469 | 0.7291
Epoch 18/300, trend Loss: 0.2414 | 0.7163
Epoch 19/300, trend Loss: 0.2362 | 0.6997
Epoch 20/300, trend Loss: 0.2343 | 0.6711
Epoch 21/300, trend Loss: 0.2301 | 0.6545
Epoch 22/300, trend Loss: 0.2274 | 0.6443
Epoch 23/300, trend Loss: 0.2243 | 0.6417
Epoch 24/300, trend Loss: 0.2197 | 0.6136
Epoch 25/300, trend Loss: 0.2189 | 0.5919
Epoch 26/300, trend Loss: 0.2156 | 0.5825
Epoch 27/300, trend Loss: 0.2133 | 0.5796
Epoch 28/300, trend Loss: 0.2106 | 0.5620
Epoch 29/300, trend Loss: 0.2071 | 0.5440
Epoch 30/300, trend Loss: 0.2084 | 0.5495
Epoch 31/300, trend Loss: 0.2094 | 0.5251
Epoch 32/300, trend Loss: 0.2140 | 0.5243
Epoch 33/300, trend Loss: 0.2046 | 0.5071
Epoch 34/300, trend Loss: 0.1991 | 0.5008
Epoch 35/300, trend Loss: 0.2004 | 0.5012
Epoch 36/300, trend Loss: 0.1912 | 0.4860
Epoch 37/300, trend Loss: 0.1926 | 0.4734
Epoch 38/300, trend Loss: 0.1880 | 0.4728
Epoch 39/300, trend Loss: 0.1856 | 0.4535
Epoch 40/300, trend Loss: 0.1834 | 0.4485
Epoch 41/300, trend Loss: 0.1794 | 0.4415
Epoch 42/300, trend Loss: 0.1788 | 0.4336
Epoch 43/300, trend Loss: 0.1757 | 0.4258
Epoch 44/300, trend Loss: 0.1749 | 0.4220
Epoch 45/300, trend Loss: 0.1739 | 0.4180
Epoch 46/300, trend Loss: 0.1725 | 0.4058
Epoch 47/300, trend Loss: 0.1726 | 0.4037
Epoch 48/300, trend Loss: 0.1726 | 0.4069
Epoch 49/300, trend Loss: 0.1764 | 0.4011
Epoch 50/300, trend Loss: 0.1725 | 0.3830
Epoch 51/300, trend Loss: 0.1749 | 0.3913
Epoch 52/300, trend Loss: 0.1786 | 0.4026
Epoch 53/300, trend Loss: 0.1711 | 0.3866
Epoch 54/300, trend Loss: 0.1745 | 0.3727
Epoch 55/300, trend Loss: 0.1681 | 0.3714
Epoch 56/300, trend Loss: 0.1680 | 0.3723
Epoch 57/300, trend Loss: 0.1655 | 0.3548
Epoch 58/300, trend Loss: 0.1610 | 0.3517
Epoch 59/300, trend Loss: 0.1612 | 0.3525
Epoch 60/300, trend Loss: 0.1581 | 0.3450
Epoch 61/300, trend Loss: 0.1564 | 0.3415
Epoch 62/300, trend Loss: 0.1556 | 0.3388
Epoch 63/300, trend Loss: 0.1546 | 0.3353
Epoch 64/300, trend Loss: 0.1528 | 0.3299
Epoch 65/300, trend Loss: 0.1532 | 0.3272
Epoch 66/300, trend Loss: 0.1520 | 0.3310
Epoch 67/300, trend Loss: 0.1542 | 0.3186
Epoch 68/300, trend Loss: 0.1530 | 0.3246
Epoch 69/300, trend Loss: 0.1521 | 0.3114
Epoch 70/300, trend Loss: 0.1541 | 0.3126
Epoch 71/300, trend Loss: 0.1499 | 0.3081
Epoch 72/300, trend Loss: 0.1513 | 0.3122
Epoch 73/300, trend Loss: 0.1482 | 0.3004
Epoch 74/300, trend Loss: 0.1486 | 0.2975
Epoch 75/300, trend Loss: 0.1500 | 0.3180
Epoch 76/300, trend Loss: 0.1463 | 0.3045
Epoch 77/300, trend Loss: 0.1489 | 0.2940
Epoch 78/300, trend Loss: 0.1469 | 0.2967
Epoch 79/300, trend Loss: 0.1475 | 0.3027
Epoch 80/300, trend Loss: 0.1451 | 0.2854
Epoch 81/300, trend Loss: 0.1429 | 0.2812
Epoch 82/300, trend Loss: 0.1444 | 0.2892
Epoch 83/300, trend Loss: 0.1402 | 0.2833
Epoch 84/300, trend Loss: 0.1403 | 0.2731
Epoch 85/300, trend Loss: 0.1391 | 0.2735
Epoch 86/300, trend Loss: 0.1380 | 0.2800
Epoch 87/300, trend Loss: 0.1370 | 0.2707
Epoch 88/300, trend Loss: 0.1367 | 0.2659
Epoch 89/300, trend Loss: 0.1368 | 0.2711
Epoch 90/300, trend Loss: 0.1356 | 0.2688
Epoch 91/300, trend Loss: 0.1350 | 0.2656
Epoch 92/300, trend Loss: 0.1361 | 0.2617
Epoch 93/300, trend Loss: 0.1345 | 0.2634
Epoch 94/300, trend Loss: 0.1339 | 0.2631
Epoch 95/300, trend Loss: 0.1338 | 0.2625
Epoch 96/300, trend Loss: 0.1338 | 0.2517
Epoch 97/300, trend Loss: 0.1327 | 0.2583
Epoch 98/300, trend Loss: 0.1339 | 0.2631
Epoch 99/300, trend Loss: 0.1319 | 0.2550
Epoch 100/300, trend Loss: 0.1319 | 0.2485
Epoch 101/300, trend Loss: 0.1324 | 0.2562
Epoch 102/300, trend Loss: 0.1317 | 0.2488
Epoch 103/300, trend Loss: 0.1310 | 0.2545
Epoch 104/300, trend Loss: 0.1296 | 0.2425
Epoch 105/300, trend Loss: 0.1314 | 0.2390
Epoch 106/300, trend Loss: 0.1295 | 0.2441
Epoch 107/300, trend Loss: 0.1306 | 0.2570
Epoch 108/300, trend Loss: 0.1289 | 0.2381
Epoch 109/300, trend Loss: 0.1305 | 0.2325
Epoch 110/300, trend Loss: 0.1296 | 0.2536
Epoch 111/300, trend Loss: 0.1271 | 0.2436
Epoch 112/300, trend Loss: 0.1270 | 0.2330
Epoch 113/300, trend Loss: 0.1255 | 0.2306
Epoch 114/300, trend Loss: 0.1267 | 0.2488
Epoch 115/300, trend Loss: 0.1237 | 0.2345
Epoch 116/300, trend Loss: 0.1241 | 0.2278
Epoch 117/300, trend Loss: 0.1239 | 0.2295
Epoch 118/300, trend Loss: 0.1234 | 0.2348
Epoch 119/300, trend Loss: 0.1234 | 0.2326
Epoch 120/300, trend Loss: 0.1217 | 0.2225
Epoch 121/300, trend Loss: 0.1225 | 0.2264
Epoch 122/300, trend Loss: 0.1216 | 0.2334
Epoch 123/300, trend Loss: 0.1208 | 0.2242
Epoch 124/300, trend Loss: 0.1209 | 0.2206
Epoch 125/300, trend Loss: 0.1208 | 0.2223
Epoch 126/300, trend Loss: 0.1199 | 0.2266
Epoch 127/300, trend Loss: 0.1197 | 0.2195
Epoch 128/300, trend Loss: 0.1191 | 0.2161
Epoch 129/300, trend Loss: 0.1189 | 0.2202
Epoch 130/300, trend Loss: 0.1193 | 0.2246
Epoch 131/300, trend Loss: 0.1181 | 0.2160
Epoch 132/300, trend Loss: 0.1192 | 0.2140
Epoch 133/300, trend Loss: 0.1175 | 0.2188
Epoch 134/300, trend Loss: 0.1180 | 0.2208
Epoch 135/300, trend Loss: 0.1162 | 0.2133
Epoch 136/300, trend Loss: 0.1176 | 0.2111
Epoch 137/300, trend Loss: 0.1166 | 0.2152
Epoch 138/300, trend Loss: 0.1166 | 0.2158
Epoch 139/300, trend Loss: 0.1152 | 0.2102
Epoch 140/300, trend Loss: 0.1155 | 0.2082
Epoch 141/300, trend Loss: 0.1146 | 0.2086
Epoch 142/300, trend Loss: 0.1150 | 0.2124
Epoch 143/300, trend Loss: 0.1140 | 0.2078
Epoch 144/300, trend Loss: 0.1130 | 0.2073
Epoch 145/300, trend Loss: 0.1134 | 0.2087
Epoch 146/300, trend Loss: 0.1131 | 0.2067
Epoch 147/300, trend Loss: 0.1124 | 0.2039
Epoch 148/300, trend Loss: 0.1128 | 0.2046
Epoch 149/300, trend Loss: 0.1124 | 0.2076
Epoch 150/300, trend Loss: 0.1122 | 0.2040
Epoch 151/300, trend Loss: 0.1119 | 0.2066
Epoch 152/300, trend Loss: 0.1120 | 0.2029
Epoch 153/300, trend Loss: 0.1116 | 0.2011
Epoch 154/300, trend Loss: 0.1110 | 0.2040
Epoch 155/300, trend Loss: 0.1117 | 0.2047
Epoch 156/300, trend Loss: 0.1109 | 0.2063
Epoch 157/300, trend Loss: 0.1113 | 0.2001
Epoch 158/300, trend Loss: 0.1113 | 0.1975
Epoch 159/300, trend Loss: 0.1106 | 0.2032
Epoch 160/300, trend Loss: 0.1098 | 0.2055
Epoch 161/300, trend Loss: 0.1096 | 0.1970
Epoch 162/300, trend Loss: 0.1105 | 0.1937
Epoch 163/300, trend Loss: 0.1111 | 0.2010
Epoch 164/300, trend Loss: 0.1097 | 0.2084
Epoch 165/300, trend Loss: 0.1095 | 0.1924
Epoch 166/300, trend Loss: 0.1101 | 0.1923
Epoch 167/300, trend Loss: 0.1090 | 0.2016
Epoch 168/300, trend Loss: 0.1083 | 0.2022
Epoch 169/300, trend Loss: 0.1082 | 0.1928
Epoch 170/300, trend Loss: 0.1082 | 0.1905
Epoch 171/300, trend Loss: 0.1080 | 0.2018
Epoch 172/300, trend Loss: 0.1085 | 0.2002
Epoch 173/300, trend Loss: 0.1074 | 0.1904
Epoch 174/300, trend Loss: 0.1065 | 0.1900
Epoch 175/300, trend Loss: 0.1071 | 0.2017
Epoch 176/300, trend Loss: 0.1067 | 0.1958
Epoch 177/300, trend Loss: 0.1068 | 0.1917
Epoch 178/300, trend Loss: 0.1065 | 0.1955
Epoch 179/300, trend Loss: 0.1069 | 0.1968
Epoch 180/300, trend Loss: 0.1051 | 0.1925
Epoch 181/300, trend Loss: 0.1053 | 0.1917
Epoch 182/300, trend Loss: 0.1054 | 0.1923
Epoch 183/300, trend Loss: 0.1046 | 0.1922
Epoch 184/300, trend Loss: 0.1050 | 0.1948
Epoch 185/300, trend Loss: 0.1051 | 0.1900
Epoch 186/300, trend Loss: 0.1041 | 0.1861
Epoch 187/300, trend Loss: 0.1039 | 0.1910
Epoch 188/300, trend Loss: 0.1048 | 0.1951
Epoch 189/300, trend Loss: 0.1038 | 0.1908
Epoch 190/300, trend Loss: 0.1038 | 0.1843
Epoch 191/300, trend Loss: 0.1042 | 0.1900
Epoch 192/300, trend Loss: 0.1040 | 0.1926
Epoch 193/300, trend Loss: 0.1031 | 0.1901
Epoch 194/300, trend Loss: 0.1031 | 0.1845
Epoch 195/300, trend Loss: 0.1030 | 0.1862
Epoch 196/300, trend Loss: 0.1028 | 0.1946
Epoch 197/300, trend Loss: 0.1029 | 0.1880
Epoch 198/300, trend Loss: 0.1028 | 0.1816
Epoch 199/300, trend Loss: 0.1017 | 0.1841
Epoch 200/300, trend Loss: 0.1022 | 0.1938
Epoch 201/300, trend Loss: 0.1019 | 0.1854
Epoch 202/300, trend Loss: 0.1019 | 0.1816
Epoch 203/300, trend Loss: 0.1025 | 0.1837
Epoch 204/300, trend Loss: 0.1022 | 0.1928
Epoch 205/300, trend Loss: 0.1009 | 0.1857
Epoch 206/300, trend Loss: 0.1014 | 0.1809
Epoch 207/300, trend Loss: 0.1010 | 0.1873
Epoch 208/300, trend Loss: 0.1006 | 0.1874
Epoch 209/300, trend Loss: 0.1000 | 0.1815
Epoch 210/300, trend Loss: 0.1010 | 0.1850
Epoch 211/300, trend Loss: 0.1002 | 0.1815
Epoch 212/300, trend Loss: 0.0996 | 0.1832
Epoch 213/300, trend Loss: 0.1001 | 0.1861
Epoch 214/300, trend Loss: 0.0994 | 0.1845
Epoch 215/300, trend Loss: 0.0995 | 0.1833
Epoch 216/300, trend Loss: 0.0993 | 0.1788
Epoch 217/300, trend Loss: 0.0991 | 0.1840
Epoch 218/300, trend Loss: 0.0990 | 0.1855
Epoch 219/300, trend Loss: 0.0991 | 0.1805
Epoch 220/300, trend Loss: 0.0990 | 0.1796
Epoch 221/300, trend Loss: 0.0982 | 0.1846
Epoch 222/300, trend Loss: 0.0986 | 0.1827
Epoch 223/300, trend Loss: 0.0989 | 0.1796
Epoch 224/300, trend Loss: 0.0988 | 0.1790
Epoch 225/300, trend Loss: 0.0989 | 0.1807
Epoch 226/300, trend Loss: 0.0986 | 0.1806
Epoch 227/300, trend Loss: 0.0986 | 0.1795
Epoch 228/300, trend Loss: 0.0981 | 0.1799
Epoch 229/300, trend Loss: 0.0975 | 0.1797
Epoch 230/300, trend Loss: 0.0976 | 0.1824
Epoch 231/300, trend Loss: 0.0973 | 0.1793
Epoch 232/300, trend Loss: 0.0974 | 0.1775
Epoch 233/300, trend Loss: 0.0981 | 0.1817
Epoch 234/300, trend Loss: 0.0968 | 0.1780
Epoch 235/300, trend Loss: 0.0972 | 0.1767
Epoch 236/300, trend Loss: 0.0973 | 0.1800
Epoch 237/300, trend Loss: 0.0973 | 0.1793
Epoch 238/300, trend Loss: 0.0965 | 0.1766
Epoch 239/300, trend Loss: 0.0968 | 0.1776
Epoch 240/300, trend Loss: 0.0966 | 0.1785
Epoch 241/300, trend Loss: 0.0959 | 0.1785
Epoch 242/300, trend Loss: 0.0958 | 0.1772
Epoch 243/300, trend Loss: 0.0966 | 0.1768
Epoch 244/300, trend Loss: 0.0966 | 0.1757
Epoch 245/300, trend Loss: 0.0958 | 0.1780
Epoch 246/300, trend Loss: 0.0957 | 0.1752
Epoch 247/300, trend Loss: 0.0958 | 0.1778
Epoch 248/300, trend Loss: 0.0957 | 0.1782
Epoch 249/300, trend Loss: 0.0951 | 0.1775
Epoch 250/300, trend Loss: 0.0957 | 0.1749
Epoch 251/300, trend Loss: 0.0956 | 0.1747
Epoch 252/300, trend Loss: 0.0949 | 0.1762
Epoch 253/300, trend Loss: 0.0949 | 0.1777
Epoch 254/300, trend Loss: 0.0946 | 0.1750
Epoch 255/300, trend Loss: 0.0953 | 0.1755
Epoch 256/300, trend Loss: 0.0946 | 0.1760
Epoch 257/300, trend Loss: 0.0938 | 0.1789
Epoch 258/300, trend Loss: 0.0942 | 0.1756
Epoch 259/300, trend Loss: 0.0945 | 0.1759
Epoch 260/300, trend Loss: 0.0943 | 0.1759
Epoch 261/300, trend Loss: 0.0942 | 0.1762
Epoch 262/300, trend Loss: 0.0946 | 0.1732
Epoch 263/300, trend Loss: 0.0941 | 0.1739
Epoch 264/300, trend Loss: 0.0939 | 0.1756
Epoch 265/300, trend Loss: 0.0937 | 0.1749
Epoch 266/300, trend Loss: 0.0941 | 0.1729
Epoch 267/300, trend Loss: 0.0938 | 0.1755
Epoch 268/300, trend Loss: 0.0938 | 0.1763
Epoch 269/300, trend Loss: 0.0935 | 0.1732
Epoch 270/300, trend Loss: 0.0934 | 0.1718
Epoch 271/300, trend Loss: 0.0938 | 0.1745
Epoch 272/300, trend Loss: 0.0931 | 0.1785
Epoch 273/300, trend Loss: 0.0937 | 0.1729
Epoch 274/300, trend Loss: 0.0930 | 0.1738
Epoch 275/300, trend Loss: 0.0934 | 0.1769
Epoch 276/300, trend Loss: 0.0926 | 0.1726
Epoch 277/300, trend Loss: 0.0924 | 0.1720
Epoch 278/300, trend Loss: 0.0921 | 0.1743
Epoch 279/300, trend Loss: 0.0923 | 0.1736
Epoch 280/300, trend Loss: 0.0926 | 0.1719
Epoch 281/300, trend Loss: 0.0926 | 0.1725
Epoch 282/300, trend Loss: 0.0923 | 0.1721
Epoch 283/300, trend Loss: 0.0924 | 0.1715
Epoch 284/300, trend Loss: 0.0926 | 0.1760
Epoch 285/300, trend Loss: 0.0921 | 0.1721
Epoch 286/300, trend Loss: 0.0916 | 0.1734
Epoch 287/300, trend Loss: 0.0923 | 0.1742
Epoch 288/300, trend Loss: 0.0921 | 0.1729
Epoch 289/300, trend Loss: 0.0924 | 0.1712
Epoch 290/300, trend Loss: 0.0910 | 0.1717
Epoch 291/300, trend Loss: 0.0911 | 0.1737
Epoch 292/300, trend Loss: 0.0912 | 0.1720
Epoch 293/300, trend Loss: 0.0908 | 0.1709
Epoch 294/300, trend Loss: 0.0920 | 0.1736
Epoch 295/300, trend Loss: 0.0911 | 0.1716
Epoch 296/300, trend Loss: 0.0912 | 0.1737
Epoch 297/300, trend Loss: 0.0914 | 0.1703
Epoch 298/300, trend Loss: 0.0915 | 0.1727
Epoch 299/300, trend Loss: 0.0912 | 0.1710
Epoch 300/300, trend Loss: 0.0911 | 0.1724
Training seasonal_0 component with params: {'observation_period_num': 177, 'train_rates': 0.9898237105786685, 'learning_rate': 0.00010940143305559868, 'batch_size': 20, 'step_size': 13, 'gamma': 0.9006510760574518}
Epoch 1/300, seasonal_0 Loss: 0.6078 | 0.8856
Epoch 2/300, seasonal_0 Loss: 0.4579 | 0.6621
Epoch 3/300, seasonal_0 Loss: 0.3973 | 0.6053
Epoch 4/300, seasonal_0 Loss: 0.3538 | 0.4997
Epoch 5/300, seasonal_0 Loss: 0.3212 | 0.4342
Epoch 6/300, seasonal_0 Loss: 0.3074 | 0.4047
Epoch 7/300, seasonal_0 Loss: 0.2961 | 0.3898
Epoch 8/300, seasonal_0 Loss: 0.2872 | 0.3503
Epoch 9/300, seasonal_0 Loss: 0.2736 | 0.3803
Epoch 10/300, seasonal_0 Loss: 0.2577 | 0.3051
Epoch 11/300, seasonal_0 Loss: 0.2616 | 0.3207
Epoch 12/300, seasonal_0 Loss: 0.2796 | 0.3913
Epoch 13/300, seasonal_0 Loss: 0.2607 | 0.3464
Epoch 14/300, seasonal_0 Loss: 0.2764 | 0.2816
Epoch 15/300, seasonal_0 Loss: 0.2666 | 0.2811
Epoch 16/300, seasonal_0 Loss: 0.2498 | 0.2859
Epoch 17/300, seasonal_0 Loss: 0.2441 | 0.2836
Epoch 18/300, seasonal_0 Loss: 0.2543 | 0.2472
Epoch 19/300, seasonal_0 Loss: 0.2585 | 0.3065
Epoch 20/300, seasonal_0 Loss: 0.2738 | 0.2697
Epoch 21/300, seasonal_0 Loss: 0.2369 | 0.2662
Epoch 22/300, seasonal_0 Loss: 0.2233 | 0.2428
Epoch 23/300, seasonal_0 Loss: 0.2334 | 0.2471
Epoch 24/300, seasonal_0 Loss: 0.2246 | 0.2373
Epoch 25/300, seasonal_0 Loss: 0.2036 | 0.2519
Epoch 26/300, seasonal_0 Loss: 0.1968 | 0.2888
Epoch 27/300, seasonal_0 Loss: 0.1972 | 0.2239
Epoch 28/300, seasonal_0 Loss: 0.1920 | 0.2150
Epoch 29/300, seasonal_0 Loss: 0.1900 | 0.2365
Epoch 30/300, seasonal_0 Loss: 0.1838 | 0.2375
Epoch 31/300, seasonal_0 Loss: 0.1762 | 0.2070
Epoch 32/300, seasonal_0 Loss: 0.1745 | 0.2030
Epoch 33/300, seasonal_0 Loss: 0.1702 | 0.2004
Epoch 34/300, seasonal_0 Loss: 0.1746 | 0.2044
Epoch 35/300, seasonal_0 Loss: 0.1693 | 0.2001
Epoch 36/300, seasonal_0 Loss: 0.1746 | 0.2012
Epoch 37/300, seasonal_0 Loss: 0.1711 | 0.2011
Epoch 38/300, seasonal_0 Loss: 0.1692 | 0.2020
Epoch 39/300, seasonal_0 Loss: 0.1693 | 0.2004
Epoch 40/300, seasonal_0 Loss: 0.1720 | 0.1936
Epoch 41/300, seasonal_0 Loss: 0.1728 | 0.2143
Epoch 42/300, seasonal_0 Loss: 0.1716 | 0.1918
Epoch 43/300, seasonal_0 Loss: 0.1695 | 0.1837
Epoch 44/300, seasonal_0 Loss: 0.1693 | 0.1905
Epoch 45/300, seasonal_0 Loss: 0.1665 | 0.2088
Epoch 46/300, seasonal_0 Loss: 0.1588 | 0.1903
Epoch 47/300, seasonal_0 Loss: 0.1587 | 0.1586
Epoch 48/300, seasonal_0 Loss: 0.1525 | 0.1859
Epoch 49/300, seasonal_0 Loss: 0.1528 | 0.1850
Epoch 50/300, seasonal_0 Loss: 0.1498 | 0.1919
Epoch 51/300, seasonal_0 Loss: 0.1511 | 0.1778
Epoch 52/300, seasonal_0 Loss: 0.1536 | 0.1525
Epoch 53/300, seasonal_0 Loss: 0.1549 | 0.1831
Epoch 54/300, seasonal_0 Loss: 0.1493 | 0.1932
Epoch 55/300, seasonal_0 Loss: 0.1514 | 0.1870
Epoch 56/300, seasonal_0 Loss: 0.1481 | 0.1539
Epoch 57/300, seasonal_0 Loss: 0.1567 | 0.1591
Epoch 58/300, seasonal_0 Loss: 0.1500 | 0.1903
Epoch 59/300, seasonal_0 Loss: 0.1432 | 0.1725
Epoch 60/300, seasonal_0 Loss: 0.1367 | 0.1583
Epoch 61/300, seasonal_0 Loss: 0.1352 | 0.1480
Epoch 62/300, seasonal_0 Loss: 0.1324 | 0.1447
Epoch 63/300, seasonal_0 Loss: 0.1293 | 0.1522
Epoch 64/300, seasonal_0 Loss: 0.1293 | 0.1685
Epoch 65/300, seasonal_0 Loss: 0.1266 | 0.1568
Epoch 66/300, seasonal_0 Loss: 0.1284 | 0.1417
Epoch 67/300, seasonal_0 Loss: 0.1252 | 0.1401
Epoch 68/300, seasonal_0 Loss: 0.1242 | 0.1522
Epoch 69/300, seasonal_0 Loss: 0.1236 | 0.1603
Epoch 70/300, seasonal_0 Loss: 0.1242 | 0.1625
Epoch 71/300, seasonal_0 Loss: 0.1247 | 0.1483
Epoch 72/300, seasonal_0 Loss: 0.1246 | 0.1366
Epoch 73/300, seasonal_0 Loss: 0.1245 | 0.1478
Epoch 74/300, seasonal_0 Loss: 0.1261 | 0.1794
Epoch 75/300, seasonal_0 Loss: 0.1268 | 0.1555
Epoch 76/300, seasonal_0 Loss: 0.1238 | 0.1458
Epoch 77/300, seasonal_0 Loss: 0.1255 | 0.1324
Epoch 78/300, seasonal_0 Loss: 0.1211 | 0.1465
Epoch 79/300, seasonal_0 Loss: 0.1207 | 0.1633
Epoch 80/300, seasonal_0 Loss: 0.1201 | 0.1453
Epoch 81/300, seasonal_0 Loss: 0.1168 | 0.1317
Epoch 82/300, seasonal_0 Loss: 0.1195 | 0.1372
Epoch 83/300, seasonal_0 Loss: 0.1182 | 0.1493
Epoch 84/300, seasonal_0 Loss: 0.1156 | 0.1456
Epoch 85/300, seasonal_0 Loss: 0.1166 | 0.1345
Epoch 86/300, seasonal_0 Loss: 0.1129 | 0.1415
Epoch 87/300, seasonal_0 Loss: 0.1136 | 0.1480
Epoch 88/300, seasonal_0 Loss: 0.1115 | 0.1355
Epoch 89/300, seasonal_0 Loss: 0.1103 | 0.1244
Epoch 90/300, seasonal_0 Loss: 0.1117 | 0.1366
Epoch 91/300, seasonal_0 Loss: 0.1099 | 0.1603
Epoch 92/300, seasonal_0 Loss: 0.1107 | 0.1467
Epoch 93/300, seasonal_0 Loss: 0.1095 | 0.1271
Epoch 94/300, seasonal_0 Loss: 0.1082 | 0.1241
Epoch 95/300, seasonal_0 Loss: 0.1079 | 0.1395
Epoch 96/300, seasonal_0 Loss: 0.1092 | 0.1508
Epoch 97/300, seasonal_0 Loss: 0.1069 | 0.1383
Epoch 98/300, seasonal_0 Loss: 0.1061 | 0.1252
Epoch 99/300, seasonal_0 Loss: 0.1069 | 0.1258
Epoch 100/300, seasonal_0 Loss: 0.1049 | 0.1401
Epoch 101/300, seasonal_0 Loss: 0.1048 | 0.1360
Epoch 102/300, seasonal_0 Loss: 0.1049 | 0.1294
Epoch 103/300, seasonal_0 Loss: 0.1029 | 0.1246
Epoch 104/300, seasonal_0 Loss: 0.1028 | 0.1321
Epoch 105/300, seasonal_0 Loss: 0.1023 | 0.1379
Epoch 106/300, seasonal_0 Loss: 0.1013 | 0.1294
Epoch 107/300, seasonal_0 Loss: 0.1000 | 0.1256
Epoch 108/300, seasonal_0 Loss: 0.0993 | 0.1282
Epoch 109/300, seasonal_0 Loss: 0.0991 | 0.1290
Epoch 110/300, seasonal_0 Loss: 0.0988 | 0.1277
Epoch 111/300, seasonal_0 Loss: 0.0977 | 0.1258
Epoch 112/300, seasonal_0 Loss: 0.0963 | 0.1249
Epoch 113/300, seasonal_0 Loss: 0.0959 | 0.1216
Epoch 114/300, seasonal_0 Loss: 0.0948 | 0.1229
Epoch 115/300, seasonal_0 Loss: 0.0953 | 0.1266
Epoch 116/300, seasonal_0 Loss: 0.0952 | 0.1224
Epoch 117/300, seasonal_0 Loss: 0.0938 | 0.1269
Epoch 118/300, seasonal_0 Loss: 0.0933 | 0.1250
Epoch 119/300, seasonal_0 Loss: 0.0935 | 0.1207
Epoch 120/300, seasonal_0 Loss: 0.0927 | 0.1227
Epoch 121/300, seasonal_0 Loss: 0.0936 | 0.1244
Epoch 122/300, seasonal_0 Loss: 0.0940 | 0.1266
Epoch 123/300, seasonal_0 Loss: 0.0934 | 0.1299
Epoch 124/300, seasonal_0 Loss: 0.0939 | 0.1257
Epoch 125/300, seasonal_0 Loss: 0.0931 | 0.1175
Epoch 126/300, seasonal_0 Loss: 0.0927 | 0.1205
Epoch 127/300, seasonal_0 Loss: 0.0931 | 0.1276
Epoch 128/300, seasonal_0 Loss: 0.0918 | 0.1287
Epoch 129/300, seasonal_0 Loss: 0.0919 | 0.1216
Epoch 130/300, seasonal_0 Loss: 0.0917 | 0.1146
Epoch 131/300, seasonal_0 Loss: 0.0910 | 0.1240
Epoch 132/300, seasonal_0 Loss: 0.0914 | 0.1283
Epoch 133/300, seasonal_0 Loss: 0.0900 | 0.1269
Epoch 134/300, seasonal_0 Loss: 0.0896 | 0.1178
Epoch 135/300, seasonal_0 Loss: 0.0891 | 0.1145
Epoch 136/300, seasonal_0 Loss: 0.0894 | 0.1210
Epoch 137/300, seasonal_0 Loss: 0.0887 | 0.1294
Epoch 138/300, seasonal_0 Loss: 0.0895 | 0.1196
Epoch 139/300, seasonal_0 Loss: 0.0896 | 0.1167
Epoch 140/300, seasonal_0 Loss: 0.0877 | 0.1174
Epoch 141/300, seasonal_0 Loss: 0.0886 | 0.1258
Epoch 142/300, seasonal_0 Loss: 0.0879 | 0.1249
Epoch 143/300, seasonal_0 Loss: 0.0867 | 0.1229
Epoch 144/300, seasonal_0 Loss: 0.0871 | 0.1178
Epoch 145/300, seasonal_0 Loss: 0.0863 | 0.1198
Epoch 146/300, seasonal_0 Loss: 0.0866 | 0.1215
Epoch 147/300, seasonal_0 Loss: 0.0852 | 0.1193
Epoch 148/300, seasonal_0 Loss: 0.0854 | 0.1192
Epoch 149/300, seasonal_0 Loss: 0.0857 | 0.1180
Epoch 150/300, seasonal_0 Loss: 0.0853 | 0.1166
Epoch 151/300, seasonal_0 Loss: 0.0843 | 0.1184
Epoch 152/300, seasonal_0 Loss: 0.0858 | 0.1190
Epoch 153/300, seasonal_0 Loss: 0.0852 | 0.1184
Epoch 154/300, seasonal_0 Loss: 0.0845 | 0.1189
Epoch 155/300, seasonal_0 Loss: 0.0851 | 0.1158
Epoch 156/300, seasonal_0 Loss: 0.0836 | 0.1163
Epoch 157/300, seasonal_0 Loss: 0.0842 | 0.1178
Epoch 158/300, seasonal_0 Loss: 0.0840 | 0.1186
Epoch 159/300, seasonal_0 Loss: 0.0842 | 0.1174
Epoch 160/300, seasonal_0 Loss: 0.0840 | 0.1153
Epoch 161/300, seasonal_0 Loss: 0.0832 | 0.1168
Epoch 162/300, seasonal_0 Loss: 0.0834 | 0.1185
Epoch 163/300, seasonal_0 Loss: 0.0833 | 0.1171
Epoch 164/300, seasonal_0 Loss: 0.0829 | 0.1172
Epoch 165/300, seasonal_0 Loss: 0.0828 | 0.1188
Epoch 166/300, seasonal_0 Loss: 0.0824 | 0.1157
Epoch 167/300, seasonal_0 Loss: 0.0831 | 0.1165
Epoch 168/300, seasonal_0 Loss: 0.0825 | 0.1161
Epoch 169/300, seasonal_0 Loss: 0.0825 | 0.1164
Epoch 170/300, seasonal_0 Loss: 0.0818 | 0.1148
Epoch 171/300, seasonal_0 Loss: 0.0817 | 0.1159
Epoch 172/300, seasonal_0 Loss: 0.0820 | 0.1156
Epoch 173/300, seasonal_0 Loss: 0.0818 | 0.1147
Epoch 174/300, seasonal_0 Loss: 0.0817 | 0.1171
Epoch 175/300, seasonal_0 Loss: 0.0815 | 0.