[32m[I 2025-02-05 18:45:08,296][0m Trial 13 finished with value: 1.5750039412002814 and parameters: {'observation_period_num': 148, 'train_rates': 0.783357283686344, 'learning_rate': 1.3087433883598648e-05, 'batch_size': 162, 'step_size': 4, 'gamma': 0.8096247322334621}. Best is trial 6 with value: 0.4663403778877158.[0m
[32m[I 2025-02-05 18:47:08,278][0m Trial 14 finished with value: 0.6007289401071514 and parameters: {'observation_period_num': 124, 'train_rates': 0.8820262522482674, 'learning_rate': 0.000977578687512282, 'batch_size': 189, 'step_size': 9, 'gamma': 0.9627589997968216}. Best is trial 6 with value: 0.4663403778877158.[0m
[32m[I 2025-02-05 18:47:34,963][0m Trial 15 finished with value: 0.3804172850862334 and parameters: {'observation_period_num': 18, 'train_rates': 0.8925343902035114, 'learning_rate': 5.336107156721176e-05, 'batch_size': 200, 'step_size': 9, 'gamma': 0.9693125026088735}. Best is trial 15 with value: 0.3804172850862334.[0m
[32m[I 2025-02-05 18:48:13,384][0m Trial 16 finished with value: 0.3736916780471802 and parameters: {'observation_period_num': 10, 'train_rates': 0.9688675136298924, 'learning_rate': 4.892388446949217e-05, 'batch_size': 139, 'step_size': 11, 'gamma': 0.9389904694250804}. Best is trial 16 with value: 0.3736916780471802.[0m
[32m[I 2025-02-05 18:48:40,388][0m Trial 17 finished with value: 0.6840406060218811 and parameters: {'observation_period_num': 5, 'train_rates': 0.9690387635764526, 'learning_rate': 1.564516707387768e-05, 'batch_size': 202, 'step_size': 12, 'gamma': 0.9810296741313579}. Best is trial 16 with value: 0.3736916780471802.[0m
[32m[I 2025-02-05 18:49:18,105][0m Trial 18 finished with value: 0.18020817637443542 and parameters: {'observation_period_num': 6, 'train_rates': 0.9890348201365353, 'learning_rate': 0.00011129206239879321, 'batch_size': 143, 'step_size': 13, 'gamma': 0.9287866523867513}. Best is trial 18 with value: 0.18020817637443542.[0m
[32m[I 2025-02-05 18:50:05,633][0m Trial 19 finished with value: 0.20148859918117523 and parameters: {'observation_period_num': 42, 'train_rates': 0.974032412400938, 'learning_rate': 0.0001313816836731472, 'batch_size': 140, 'step_size': 13, 'gamma': 0.9315452214354438}. Best is trial 18 with value: 0.18020817637443542.[0m
[32m[I 2025-02-05 18:51:25,835][0m Trial 20 finished with value: 0.27136730030179024 and parameters: {'observation_period_num': 32, 'train_rates': 0.9301255895451227, 'learning_rate': 0.00015725756837960738, 'batch_size': 61, 'step_size': 13, 'gamma': 0.9228613868255571}. Best is trial 18 with value: 0.18020817637443542.[0m
[32m[I 2025-02-05 18:56:17,228][0m Trial 21 finished with value: 0.2422971607640732 and parameters: {'observation_period_num': 46, 'train_rates': 0.9852531389982503, 'learning_rate': 0.00013746346879520594, 'batch_size': 17, 'step_size': 13, 'gamma': 0.9229768913175879}. Best is trial 18 with value: 0.18020817637443542.[0m
[32m[I 2025-02-05 18:57:33,932][0m Trial 22 finished with value: 0.19573311507701874 and parameters: {'observation_period_num': 68, 'train_rates': 0.9829142396281451, 'learning_rate': 9.356676120579384e-05, 'batch_size': 127, 'step_size': 15, 'gamma': 0.8811515846563397}. Best is trial 18 with value: 0.18020817637443542.[0m
[32m[I 2025-02-05 18:58:37,234][0m Trial 23 finished with value: 0.1768062710762024 and parameters: {'observation_period_num': 58, 'train_rates': 0.9899364055839437, 'learning_rate': 0.0004611532152884647, 'batch_size': 124, 'step_size': 15, 'gamma': 0.8760399876068905}. Best is trial 23 with value: 0.1768062710762024.[0m
[32m[I 2025-02-05 18:59:56,244][0m Trial 24 finished with value: 0.5628749365833673 and parameters: {'observation_period_num': 73, 'train_rates': 0.9388574858533453, 'learning_rate': 0.00039075185656291256, 'batch_size': 125, 'step_size': 15, 'gamma': 0.8763155686961563}. Best is trial 23 with value: 0.1768062710762024.[0m
[32m[I 2025-02-05 19:01:18,304][0m Trial 25 finished with value: 0.24952970445156097 and parameters: {'observation_period_num': 67, 'train_rates': 0.9897057179348563, 'learning_rate': 0.0004764500714893967, 'batch_size': 76, 'step_size': 15, 'gamma': 0.8510258789542987}. Best is trial 23 with value: 0.1768062710762024.[0m
[32m[I 2025-02-05 19:03:21,435][0m Trial 26 finished with value: 0.37489781954458784 and parameters: {'observation_period_num': 119, 'train_rates': 0.9112629574444436, 'learning_rate': 8.61800102109594e-05, 'batch_size': 153, 'step_size': 14, 'gamma': 0.881066399270422}. Best is trial 23 with value: 0.1768062710762024.[0m
[32m[I 2025-02-05 19:04:08,792][0m Trial 27 finished with value: 0.6410863548517227 and parameters: {'observation_period_num': 23, 'train_rates': 0.9401054040530581, 'learning_rate': 2.2625376539752643e-05, 'batch_size': 110, 'step_size': 14, 'gamma': 0.83429608983673}. Best is trial 23 with value: 0.1768062710762024.[0m
[32m[I 2025-02-05 19:05:15,466][0m Trial 28 finished with value: 0.49803109265941237 and parameters: {'observation_period_num': 64, 'train_rates': 0.9002081019473115, 'learning_rate': 0.0005255257223060542, 'batch_size': 82, 'step_size': 12, 'gamma': 0.9082974988410359}. Best is trial 23 with value: 0.1768062710762024.[0m
[32m[I 2025-02-05 19:08:44,176][0m Trial 29 finished with value: 0.27575980450293813 and parameters: {'observation_period_num': 178, 'train_rates': 0.9538094110268888, 'learning_rate': 0.00022307884801800533, 'batch_size': 124, 'step_size': 11, 'gamma': 0.8914380998303351}. Best is trial 23 with value: 0.1768062710762024.[0m
[32m[I 2025-02-05 19:10:29,358][0m Trial 30 finished with value: 0.3135098281659578 and parameters: {'observation_period_num': 98, 'train_rates': 0.913772830963249, 'learning_rate': 8.495977916362924e-05, 'batch_size': 94, 'step_size': 15, 'gamma': 0.868990958058552}. Best is trial 23 with value: 0.1768062710762024.[0m
[32m[I 2025-02-05 19:11:13,799][0m Trial 31 finished with value: 0.21238376200199127 and parameters: {'observation_period_num': 37, 'train_rates': 0.9897169366427152, 'learning_rate': 8.23352219137292e-05, 'batch_size': 146, 'step_size': 13, 'gamma': 0.9516050289396215}. Best is trial 23 with value: 0.1768062710762024.[0m
[32m[I 2025-02-05 19:12:10,233][0m Trial 32 finished with value: 0.3707853211296929 and parameters: {'observation_period_num': 52, 'train_rates': 0.9534824662193782, 'learning_rate': 0.0001852987062691831, 'batch_size': 132, 'step_size': 12, 'gamma': 0.9069490241585908}. Best is trial 23 with value: 0.1768062710762024.[0m
[32m[I 2025-02-05 19:12:55,917][0m Trial 33 finished with value: 0.3496650703779356 and parameters: {'observation_period_num': 29, 'train_rates': 0.9565759015045572, 'learning_rate': 0.00010117084030769525, 'batch_size': 112, 'step_size': 14, 'gamma': 0.8947373223762295}. Best is trial 23 with value: 0.1768062710762024.[0m
[32m[I 2025-02-05 19:13:44,814][0m Trial 34 finished with value: 0.7410157150473476 and parameters: {'observation_period_num': 55, 'train_rates': 0.7077594520414012, 'learning_rate': 0.00034769486667306085, 'batch_size': 148, 'step_size': 10, 'gamma': 0.8571719149732464}. Best is trial 23 with value: 0.1768062710762024.[0m
[32m[I 2025-02-05 19:15:15,149][0m Trial 35 finished with value: 0.5564156147566709 and parameters: {'observation_period_num': 84, 'train_rates': 0.9386817767333449, 'learning_rate': 2.8554473921088735e-05, 'batch_size': 119, 'step_size': 15, 'gamma': 0.7898822005700485}. Best is trial 23 with value: 0.1768062710762024.[0m
[32m[I 2025-02-05 19:16:09,609][0m Trial 36 finished with value: 0.8179589509963989 and parameters: {'observation_period_num': 39, 'train_rates': 0.9745947112212328, 'learning_rate': 6.555760823607611e-06, 'batch_size': 96, 'step_size': 13, 'gamma': 0.8836220534146962}. Best is trial 23 with value: 0.1768062710762024.[0m
[32m[I 2025-02-05 19:16:48,288][0m Trial 37 finished with value: 0.3077423475358797 and parameters: {'observation_period_num': 18, 'train_rates': 0.921624884935581, 'learning_rate': 0.0001321896694151219, 'batch_size': 130, 'step_size': 14, 'gamma': 0.9376371402354455}. Best is trial 23 with value: 0.1768062710762024.[0m
[32m[I 2025-02-05 19:21:42,151][0m Trial 38 finished with value: 0.40442428622712095 and parameters: {'observation_period_num': 243, 'train_rates': 0.8831787985556787, 'learning_rate': 0.0005445381122682682, 'batch_size': 174, 'step_size': 12, 'gamma': 0.8379148812381538}. Best is trial 23 with value: 0.1768062710762024.[0m
[32m[I 2025-02-05 19:22:44,167][0m Trial 39 finished with value: 0.3128833770751953 and parameters: {'observation_period_num': 59, 'train_rates': 0.9588026599014596, 'learning_rate': 0.00027602173136070994, 'batch_size': 161, 'step_size': 10, 'gamma': 0.9127395476466715}. Best is trial 23 with value: 0.1768062710762024.[0m
[32m[I 2025-02-05 19:23:56,870][0m Trial 40 finished with value: 0.9279825689675358 and parameters: {'observation_period_num': 83, 'train_rates': 0.6564378634343984, 'learning_rate': 0.0001921568410431545, 'batch_size': 105, 'step_size': 15, 'gamma': 0.8668059897183646}. Best is trial 23 with value: 0.1768062710762024.[0m
[32m[I 2025-02-05 19:24:43,867][0m Trial 41 finished with value: 0.2125544548034668 and parameters: {'observation_period_num': 41, 'train_rates': 0.9888494614627903, 'learning_rate': 6.655781374459216e-05, 'batch_size': 146, 'step_size': 13, 'gamma': 0.9526087924561648}. Best is trial 23 with value: 0.1768062710762024.[0m
[32m[I 2025-02-05 19:25:26,641][0m Trial 42 finished with value: 0.18978163599967957 and parameters: {'observation_period_num': 34, 'train_rates': 0.9887677467400551, 'learning_rate': 6.903588957157449e-05, 'batch_size': 137, 'step_size': 13, 'gamma': 0.9504682923357558}. Best is trial 23 with value: 0.1768062710762024.[0m
[32m[I 2025-02-05 19:26:04,830][0m Trial 43 finished with value: 0.4473268389701843 and parameters: {'observation_period_num': 12, 'train_rates': 0.9711265368659157, 'learning_rate': 3.605145685948502e-05, 'batch_size': 137, 'step_size': 11, 'gamma': 0.9384363001924355}. Best is trial 23 with value: 0.1768062710762024.[0m
[32m[I 2025-02-05 19:28:00,299][0m Trial 44 finished with value: 0.37551073467030244 and parameters: {'observation_period_num': 107, 'train_rates': 0.9463954027046705, 'learning_rate': 0.00012201681916281975, 'batch_size': 116, 'step_size': 14, 'gamma': 0.9636449744284449}. Best is trial 23 with value: 0.1768062710762024.[0m
[32m[I 2025-02-05 19:28:55,934][0m Trial 45 finished with value: 0.8698771595954895 and parameters: {'observation_period_num': 52, 'train_rates': 0.9717069894739158, 'learning_rate': 6.514204873505998e-05, 'batch_size': 159, 'step_size': 1, 'gamma': 0.8977703302958898}. Best is trial 23 with value: 0.1768062710762024.[0m
[32m[I 2025-02-05 19:29:25,951][0m Trial 46 finished with value: 0.8338516022389134 and parameters: {'observation_period_num': 29, 'train_rates': 0.7371779718965743, 'learning_rate': 2.894859712119715e-05, 'batch_size': 187, 'step_size': 14, 'gamma': 0.9207817108558567}. Best is trial 23 with value: 0.1768062710762024.[0m
[32m[I 2025-02-05 19:30:45,301][0m Trial 47 finished with value: 0.31607023257518485 and parameters: {'observation_period_num': 74, 'train_rates': 0.9257310609597051, 'learning_rate': 0.0002449379248438023, 'batch_size': 135, 'step_size': 10, 'gamma': 0.9327947098769092}. Best is trial 23 with value: 0.1768062710762024.[0m
[32m[I 2025-02-05 19:31:37,587][0m Trial 48 finished with value: 0.8531772289459186 and parameters: {'observation_period_num': 26, 'train_rates': 0.8131358831749017, 'learning_rate': 0.0006763759516994346, 'batch_size': 87, 'step_size': 13, 'gamma': 0.9739040890367556}. Best is trial 23 with value: 0.1768062710762024.[0m
