[32m[I 2025-02-05 09:49:34,091][0m Trial 16 finished with value: 0.24081088094548744 and parameters: {'observation_period_num': 120, 'train_rates': 0.9223200918434036, 'learning_rate': 7.514511223609554e-05, 'batch_size': 42, 'step_size': 10, 'gamma': 0.905241003409786}. Best is trial 12 with value: 0.12272426691548578.[0m
[32m[I 2025-02-05 09:52:43,358][0m Trial 17 finished with value: 0.5292355916938003 and parameters: {'observation_period_num': 190, 'train_rates': 0.7870701485904585, 'learning_rate': 0.00043228011097248896, 'batch_size': 172, 'step_size': 13, 'gamma': 0.8600928307828491}. Best is trial 12 with value: 0.12272426691548578.[0m
[32m[I 2025-02-05 09:55:34,257][0m Trial 18 finished with value: 0.2679137076650347 and parameters: {'observation_period_num': 132, 'train_rates': 0.95549707097636, 'learning_rate': 0.00023669449572205007, 'batch_size': 38, 'step_size': 7, 'gamma': 0.9460036399394254}. Best is trial 12 with value: 0.12272426691548578.[0m
[32m[I 2025-02-05 09:58:57,060][0m Trial 19 finished with value: 0.4440316954523397 and parameters: {'observation_period_num': 190, 'train_rates': 0.8514570950594889, 'learning_rate': 8.861660454167664e-05, 'batch_size': 103, 'step_size': 13, 'gamma': 0.838810064406833}. Best is trial 12 with value: 0.12272426691548578.[0m
[32m[I 2025-02-05 10:01:36,768][0m Trial 20 finished with value: 0.24917682779891023 and parameters: {'observation_period_num': 137, 'train_rates': 0.9039085753674097, 'learning_rate': 0.0002255865813189004, 'batch_size': 63, 'step_size': 11, 'gamma': 0.9143291149185125}. Best is trial 12 with value: 0.12272426691548578.[0m
[32m[I 2025-02-05 10:04:58,363][0m Trial 21 finished with value: 0.25812932036139746 and parameters: {'observation_period_num': 161, 'train_rates': 0.9371859122830775, 'learning_rate': 0.0001213110546153848, 'batch_size': 40, 'step_size': 13, 'gamma': 0.9173999476281842}. Best is trial 12 with value: 0.12272426691548578.[0m
[32m[I 2025-02-05 10:08:50,095][0m Trial 22 finished with value: 0.5465109722287047 and parameters: {'observation_period_num': 177, 'train_rates': 0.8897726247447518, 'learning_rate': 0.00035062159973186634, 'batch_size': 24, 'step_size': 14, 'gamma': 0.9009696808640991}. Best is trial 12 with value: 0.12272426691548578.[0m
[32m[I 2025-02-05 10:11:55,582][0m Trial 23 finished with value: 0.2650946754871345 and parameters: {'observation_period_num': 147, 'train_rates': 0.9708463689757575, 'learning_rate': 4.875081808456168e-05, 'batch_size': 47, 'step_size': 11, 'gamma': 0.930960298524562}. Best is trial 12 with value: 0.12272426691548578.[0m
[32m[I 2025-02-05 10:16:17,056][0m Trial 24 finished with value: 0.4773113013393637 and parameters: {'observation_period_num': 103, 'train_rates': 0.8790321522564438, 'learning_rate': 0.0001403495563339325, 'batch_size': 17, 'step_size': 8, 'gamma': 0.9570782298288095}. Best is trial 12 with value: 0.12272426691548578.[0m
[32m[I 2025-02-05 10:20:57,033][0m Trial 25 finished with value: 0.318619966506958 and parameters: {'observation_period_num': 211, 'train_rates': 0.9886260316530527, 'learning_rate': 1.6950478551031578e-05, 'batch_size': 55, 'step_size': 14, 'gamma': 0.8576821179733075}. Best is trial 12 with value: 0.12272426691548578.[0m
[32m[I 2025-02-05 10:23:09,556][0m Trial 26 finished with value: 0.27816960722842116 and parameters: {'observation_period_num': 121, 'train_rates': 0.9171839807336396, 'learning_rate': 9.271510969156574e-05, 'batch_size': 82, 'step_size': 12, 'gamma': 0.894522846262373}. Best is trial 12 with value: 0.12272426691548578.[0m
[32m[I 2025-02-05 10:27:17,937][0m Trial 27 finished with value: 0.6585432857275009 and parameters: {'observation_period_num': 191, 'train_rates': 0.9495077866994364, 'learning_rate': 0.00040471400992338755, 'batch_size': 33, 'step_size': 9, 'gamma': 0.9861368893998014}. Best is trial 12 with value: 0.12272426691548578.[0m
[32m[I 2025-02-05 10:30:13,265][0m Trial 28 finished with value: 1.186428043976832 and parameters: {'observation_period_num': 164, 'train_rates': 0.8156733142414131, 'learning_rate': 0.0009936017998139204, 'batch_size': 69, 'step_size': 14, 'gamma': 0.917369473139431}. Best is trial 12 with value: 0.12272426691548578.[0m
[32m[I 2025-02-05 10:32:42,081][0m Trial 29 finished with value: 0.8622280671482995 and parameters: {'observation_period_num': 149, 'train_rates': 0.7305063481622702, 'learning_rate': 0.00014834604583962747, 'batch_size': 72, 'step_size': 4, 'gamma': 0.9441212323544956}. Best is trial 12 with value: 0.12272426691548578.[0m
[32m[I 2025-02-05 10:34:26,410][0m Trial 30 finished with value: 0.6314355995574135 and parameters: {'observation_period_num': 104, 'train_rates': 0.8657429942780375, 'learning_rate': 3.105744583828783e-05, 'batch_size': 115, 'step_size': 11, 'gamma': 0.7817330544905919}. Best is trial 12 with value: 0.12272426691548578.[0m
[32m[I 2025-02-05 10:36:59,213][0m Trial 31 finished with value: 0.27486644159345064 and parameters: {'observation_period_num': 123, 'train_rates': 0.9221235720895374, 'learning_rate': 7.663163882879583e-05, 'batch_size': 35, 'step_size': 10, 'gamma': 0.9032902302081317}. Best is trial 12 with value: 0.12272426691548578.[0m
[32m[I 2025-02-05 10:40:01,180][0m Trial 32 finished with value: 0.26714812053574455 and parameters: {'observation_period_num': 150, 'train_rates': 0.9617470201095004, 'learning_rate': 5.8172965217311884e-05, 'batch_size': 46, 'step_size': 13, 'gamma': 0.9055823901010875}. Best is trial 12 with value: 0.12272426691548578.[0m
[32m[I 2025-02-05 10:43:29,868][0m Trial 33 finished with value: 0.3202888839128541 and parameters: {'observation_period_num': 182, 'train_rates': 0.9260131420971338, 'learning_rate': 9.23708617838379e-05, 'batch_size': 83, 'step_size': 9, 'gamma': 0.8840400942293221}. Best is trial 12 with value: 0.12272426691548578.[0m
[32m[I 2025-02-05 10:45:46,367][0m Trial 34 finished with value: 0.3340055829319874 and parameters: {'observation_period_num': 117, 'train_rates': 0.9368568191985264, 'learning_rate': 2.5937063818146106e-05, 'batch_size': 54, 'step_size': 12, 'gamma': 0.9361348443892465}. Best is trial 12 with value: 0.12272426691548578.[0m
[32m[I 2025-02-05 10:50:27,011][0m Trial 35 finished with value: 0.2701006202170482 and parameters: {'observation_period_num': 203, 'train_rates': 0.962430549628237, 'learning_rate': 5.2861767945770174e-05, 'batch_size': 29, 'step_size': 14, 'gamma': 0.9602649972732991}. Best is trial 12 with value: 0.12272426691548578.[0m
[32m[I 2025-02-05 10:52:00,492][0m Trial 36 finished with value: 0.2800274568327357 and parameters: {'observation_period_num': 91, 'train_rates': 0.9069042934947115, 'learning_rate': 0.0001998881331325067, 'batch_size': 156, 'step_size': 11, 'gamma': 0.8513966453162616}. Best is trial 12 with value: 0.12272426691548578.[0m
[32m[I 2025-02-05 10:54:38,158][0m Trial 37 finished with value: 0.5124059057305635 and parameters: {'observation_period_num': 139, 'train_rates': 0.8789347790404006, 'learning_rate': 1.8648464073451727e-05, 'batch_size': 72, 'step_size': 9, 'gamma': 0.9240289039622429}. Best is trial 12 with value: 0.12272426691548578.[0m
[32m[I 2025-02-05 10:58:22,197][0m Trial 38 finished with value: 1.0011709280663135 and parameters: {'observation_period_num': 229, 'train_rates': 0.649230174885986, 'learning_rate': 0.00032232823219260394, 'batch_size': 219, 'step_size': 15, 'gamma': 0.8757295090731115}. Best is trial 12 with value: 0.12272426691548578.[0m
[32m[I 2025-02-05 11:01:27,680][0m Trial 39 finished with value: 0.4579779224900099 and parameters: {'observation_period_num': 165, 'train_rates': 0.8323307641615229, 'learning_rate': 0.00011342034910770164, 'batch_size': 51, 'step_size': 10, 'gamma': 0.9076155273323595}. Best is trial 12 with value: 0.12272426691548578.[0m
[32m[I 2025-02-05 11:04:29,627][0m Trial 40 finished with value: 0.3331693708896637 and parameters: {'observation_period_num': 156, 'train_rates': 0.9722929445979144, 'learning_rate': 6.338467739921047e-05, 'batch_size': 124, 'step_size': 13, 'gamma': 0.8192696290076807}. Best is trial 12 with value: 0.12272426691548578.[0m
[32m[I 2025-02-05 11:07:06,852][0m Trial 41 finished with value: 0.2422992693603254 and parameters: {'observation_period_num': 135, 'train_rates': 0.9019349293272707, 'learning_rate': 0.000218453094949171, 'batch_size': 63, 'step_size': 11, 'gamma': 0.9131457234627274}. Best is trial 12 with value: 0.12272426691548578.[0m
[32m[I 2025-02-05 11:09:46,299][0m Trial 42 finished with value: 0.2327817399655619 and parameters: {'observation_period_num': 110, 'train_rates': 0.9348119323870215, 'learning_rate': 0.00017691509435691723, 'batch_size': 30, 'step_size': 12, 'gamma': 0.8918167285288732}. Best is trial 12 with value: 0.12272426691548578.[0m
[32m[I 2025-02-05 11:12:49,073][0m Trial 43 finished with value: 0.2573466145179488 and parameters: {'observation_period_num': 113, 'train_rates': 0.9381600869288521, 'learning_rate': 4.333877943749175e-05, 'batch_size': 26, 'step_size': 12, 'gamma': 0.8886865096741792}. Best is trial 12 with value: 0.12272426691548578.[0m
Early stopping at epoch 90
[32m[I 2025-02-05 11:14:46,067][0m Trial 44 finished with value: 1.7319087982177734 and parameters: {'observation_period_num': 86, 'train_rates': 0.9895936739489147, 'learning_rate': 1.197469741238343e-06, 'batch_size': 39, 'step_size': 1, 'gamma': 0.8920681536493864}. Best is trial 12 with value: 0.12272426691548578.[0m
[32m[I 2025-02-05 11:19:28,319][0m Trial 45 finished with value: 0.2895272560119629 and parameters: {'observation_period_num': 69, 'train_rates': 0.9569376136758342, 'learning_rate': 0.0001748173574332349, 'batch_size': 17, 'step_size': 12, 'gamma': 0.928617330000382}. Best is trial 12 with value: 0.12272426691548578.[0m
[32m[I 2025-02-05 11:21:58,480][0m Trial 46 finished with value: 0.5701698231111679 and parameters: {'observation_period_num': 48, 'train_rates': 0.9229535142758746, 'learning_rate': 0.0005311038220890867, 'batch_size': 31, 'step_size': 14, 'gamma': 0.8734568028682371}. Best is trial 12 with value: 0.12272426691548578.[0m
[32m[I 2025-02-05 11:23:30,361][0m Trial 47 finished with value: 0.4801685191390067 and parameters: {'observation_period_num': 92, 'train_rates': 0.8530053559745483, 'learning_rate': 0.0003016071077803499, 'batch_size': 92, 'step_size': 13, 'gamma': 0.8975336798903981}. Best is trial 12 with value: 0.12272426691548578.[0m
[32m[I 2025-02-05 11:25:28,709][0m Trial 48 finished with value: 0.6194097048534852 and parameters: {'observation_period_num': 113, 'train_rates': 0.7691142932814504, 'learning_rate': 0.00011599532196272933, 'batch_size': 46, 'step_size': 10, 'gamma': 0.9431626694764628}. Best is trial 12 with value: 0.12272426691548578.[0m
[32m[I 2025-02-05 11:29:24,438][0m Trial 49 finished with value: 0.2519666051504596 and parameters: {'observation_period_num': 170, 'train_rates': 0.9466978981920746, 'learning_rate': 7.770402094514826e-05, 'batch_size': 24, 'step_size': 15, 'gamma': 0.882725105963252}. Best is trial 12 with value: 0.12272426691548578.[0m
seasonal_0 „ÅÆÊúÄÈÅ©„Éè„Ç§„Éë„Éº„Éë„É©„É°„Éº„Çø„ÅåË¶ã„Å§„Åã„Çä„Åæ„Åó„Åü
ÊúÄÈÅ©ÂåñÂØæË±°: seasonal_1
[32m[I 2025-02-05 11:29:24,446][0m A new study created in memory with name: no-name-419ba1d9-f959-4ad4-9b67-8c3a17f5ef7b[0m
[32m[I 2025-02-05 11:33:12,490][0m Trial 0 finished with value: 1.9446096202650396 and parameters: {'observation_period_num': 225, 'train_rates': 0.6889061226629672, 'learning_rate': 2.1946346002163613e-06, 'batch_size': 125, 'step_size': 3, 'gamma': 0.8028234754573701}. Best is trial 0 with value: 1.9446096202650396.[0m
[32m[I 2025-02-05 11:34:02,947][0m Trial 1 finished with value: 1.1145037244438287 and parameters: {'observation_period_num': 60, 'train_rates': 0.7048639612681018, 'learning_rate': 1.3806495727508364e-05, 'batch_size': 241, 'step_size': 4, 'gamma': 0.9729813390499717}. Best is trial 1 with value: 1.1145037244438287.[0m
Early stopping at epoch 95
[32m[I 2025-02-05 11:35:18,214][0m Trial 2 finished with value: 2.0245917173437435 and parameters: {'observation_period_num': 88, 'train_rates': 0.7302752401257299, 'learning_rate': 1.6735306370495493e-05, 'batch_size': 161, 'step_size': 2, 'gamma': 0.7870847871627586}. Best is trial 1 with value: 1.1145037244438287.[0m
[32m[I 2025-02-05 11:36:34,981][0m Trial 3 finished with value: 0.501804281026125 and parameters: {'observation_period_num': 86, 'train_rates': 0.7991088114222662, 'learning_rate': 0.0008271517792731568, 'batch_size': 216, 'step_size': 12, 'gamma': 0.8001020808328198}. Best is trial 3 with value: 0.501804281026125.[0m
[32m[I 2025-02-05 11:38:05,237][0m Trial 4 finished with value: 0.5623453748958737 and parameters: {'observation_period_num': 85, 'train_rates': 0.9378731194092695, 'learning_rate': 2.5347219435219073e-05, 'batch_size': 155, 'step_size': 11, 'gamma': 0.8978974174772386}. Best is trial 3 with value: 0.501804281026125.[0m
[32m[I 2025-02-05 11:41:13,079][0m Trial 5 finished with value: 0.8805242472043321 and parameters: {'observation_period_num': 193, 'train_rates': 0.682701196657469, 'learning_rate': 5.793122544012899e-05, 'batch_size': 176, 'step_size': 9, 'gamma': 0.9389357608619344}. Best is trial 3 with value: 0.501804281026125.[0m
[32m[I 2025-02-05 11:41:54,454][0m Trial 6 finished with value: 1.7665546732677926 and parameters: {'observation_period_num': 41, 'train_rates': 0.7214264848161427, 'learning_rate': 1.4240307400508397e-06, 'batch_size': 131, 'step_size': 13, 'gamma': 0.92522911640663}. Best is trial 3 with value: 0.501804281026125.[0m
[32m[I 2025-02-05 11:43:28,496][0m Trial 7 finished with value: 0.999855652372673 and parameters: {'observation_period_num': 89, 'train_rates': 0.6040008061655293, 'learning_rate': 0.00012696389399364006, 'batch_size': 38, 'step_size': 2, 'gamma': 0.9084021184702091}. Best is trial 3 with value: 0.501804281026125.[0m
Early stopping at epoch 61
[32m[I 2025-02-05 11:45:20,010][0m Trial 8 finished with value: 1.1547361836638501 and parameters: {'observation_period_num': 165, 'train_rates': 0.8665341993686158, 'learning_rate': 6.137864122742822e-05, 'batch_size': 122, 'step_size': 1, 'gamma': 0.7895935030485741}. Best is trial 3 with value: 0.501804281026125.[0m
[32m[I 2025-02-05 11:50:12,263][0m Trial 9 finished with value: 1.265208149624762 and parameters: {'observation_period_num': 227, 'train_rates': 0.9608716454304922, 'learning_rate': 1.2576341073732158e-06, 'batch_size': 86, 'step_size': 8, 'gamma': 0.938957803047121}. Best is trial 3 with value: 0.501804281026125.[0m
[32m[I 2025-02-05 11:52:37,226][0m Trial 10 finished with value: 0.6011020750710458 and parameters: {'observation_period_num': 142, 'train_rates': 0.8239949221865561, 'learning_rate': 0.0008549593966234025, 'batch_size': 224, 'step_size': 15, 'gamma': 0.8383690984617528}. Best is trial 3 with value: 0.501804281026125.[0m
[32m[I 2025-02-05 11:54:27,467][0m Trial 11 finished with value: 0.26410725712776184 and parameters: {'observation_period_num': 105, 'train_rates': 0.9453404296129706, 'learning_rate': 0.0005120260540963586, 'batch_size': 201, 'step_size': 11, 'gamma': 0.8636072952564213}. Best is trial 11 with value: 0.26410725712776184.[0m
[32m[I 2025-02-05 11:54:52,018][0m Trial 12 finished with value: 0.4183666235383819 and parameters: {'observation_period_num': 17, 'train_rates': 0.8842224548177834, 'learning_rate': 0.000888380929120477, 'batch_size': 201, 'step_size': 10, 'gamma': 0.8465406244515569}. Best is trial 11 with value: 0.26410725712776184.[0m
[32m[I 2025-02-05 11:55:18,826][0m Trial 13 finished with value: 0.26254982283019057 and parameters: {'observation_period_num': 17, 'train_rates': 0.898983861587207, 'learning_rate': 0.00025317654240246423, 'batch_size': 195, 'step_size': 7, 'gamma': 0.8602465400496472}. Best is trial 13 with value: 0.26254982283019057.[0m
[32m[I 2025-02-05 11:55:48,652][0m Trial 14 finished with value: 0.1833314150571823 and parameters: {'observation_period_num': 11, 'train_rates': 0.9833693202562211, 'learning_rate': 0.00023678808870649713, 'batch_size': 188, 'step_size': 7, 'gamma': 0.8672395763753694}. Best is trial 14 with value: 0.1833314150571823.[0m
[32m[I 2025-02-05 11:56:09,853][0m Trial 15 finished with value: 0.2803416735139386 and parameters: {'observation_period_num': 7, 'train_rates': 0.8818940848430161, 'learning_rate': 0.00019675751276227493, 'batch_size': 252, 'step_size': 6, 'gamma': 0.8841093133649585}. Best is trial 14 with value: 0.1833314150571823.[0m
[32m[I 2025-02-05 11:56:56,494][0m Trial 16 finished with value: 0.25806310772895813 and parameters: {'observation_period_num': 41, 'train_rates': 0.9843466639440271, 'learning_rate': 0.00023138834790032377, 'batch_size': 187, 'step_size': 6, 'gamma': 0.7580686754727017}. Best is trial 14 with value: 0.1833314150571823.[0m
[32m[I 2025-02-05 11:57:58,344][0m Trial 17 finished with value: 0.25633177161216736 and parameters: {'observation_period_num': 47, 'train_rates': 0.9866130404606696, 'learning_rate': 0.00032283844982188903, 'batch_size': 85, 'step_size': 5, 'gamma': 0.7587190817792738}. Best is trial 14 with value: 0.1833314150571823.[0m
[32m[I 2025-02-05 11:58:59,353][0m Trial 18 finished with value: 1.2252686023712158 and parameters: {'observation_period_num': 39, 'train_rates': 0.9877448671772774, 'learning_rate': 5.824998032691312e-06, 'batch_size': 87, 'step_size': 5, 'gamma': 0.7549752020383288}. Best is trial 14 with value: 0.1833314150571823.[0m
[32m[I 2025-02-05 12:01:48,956][0m Trial 19 finished with value: 0.2356429394283053 and parameters: {'observation_period_num': 130, 'train_rates': 0.9231082785617554, 'learning_rate': 8.058787772538079e-05, 'batch_size': 29, 'step_size': 8, 'gamma': 0.822051330972103}. Best is trial 14 with value: 0.1833314150571823.[0m
[32m[I 2025-02-05 12:04:38,135][0m Trial 20 finished with value: 0.24915994419471213 and parameters: {'observation_period_num': 134, 'train_rates': 0.9192633717937543, 'learning_rate': 9.057332241890934e-05, 'batch_size': 39, 'step_size': 8, 'gamma': 0.8307524636425874}. Best is trial 14 with value: 0.1833314150571823.[0m
[32m[I 2025-02-05 12:09:25,903][0m Trial 21 finished with value: 0.2316913362776879 and parameters: {'observation_period_num': 136, 'train_rates': 0.9283763095350772, 'learning_rate': 8.474677809407968e-05, 'batch_size': 16, 'step_size': 8, 'gamma': 0.8255108778461407}. Best is trial 14 with value: 0.1833314150571823.[0m
[32m[I 2025-02-05 12:13:22,787][0m Trial 22 finished with value: 0.3619790573480093 and parameters: {'observation_period_num': 164, 'train_rates': 0.8361235955788332, 'learning_rate': 5.2221761212557e-05, 'batch_size': 18, 'step_size': 7, 'gamma': 0.8168256022480934}. Best is trial 14 with value: 0.1833314150571823.[0m
[32m[I 2025-02-05 12:15:29,173][0m Trial 23 finished with value: 0.25275418993741144 and parameters: {'observation_period_num': 114, 'train_rates': 0.918064927268281, 'learning_rate': 0.00012434166668296397, 'batch_size': 56, 'step_size': 9, 'gamma': 0.8782511959924283}. Best is trial 14 with value: 0.1833314150571823.[0m
[32m[I 2025-02-05 12:18:29,350][0m Trial 24 finished with value: 0.501797352643574 and parameters: {'observation_period_num': 161, 'train_rates': 0.8541114780621528, 'learning_rate': 3.7329104578701054e-05, 'batch_size': 63, 'step_size': 9, 'gamma': 0.8220791253741594}. Best is trial 14 with value: 0.1833314150571823.[0m
[32m[I 2025-02-05 12:23:25,199][0m Trial 25 finished with value: 0.1987191556381578 and parameters: {'observation_period_num': 120, 'train_rates': 0.9580029169665321, 'learning_rate': 0.00010288515246754288, 'batch_size': 16, 'step_size': 7, 'gamma': 0.8506918995222096}. Best is trial 14 with value: 0.1833314150571823.[0m
[32m[I 2025-02-05 12:28:04,089][0m Trial 26 finished with value: 0.7478180645771746 and parameters: {'observation_period_num': 251, 'train_rates': 0.7644754745682456, 'learning_rate': 0.0004240177496528617, 'batch_size': 102, 'step_size': 6, 'gamma': 0.8546197564076935}. Best is trial 14 with value: 0.1833314150571823.[0m
[32m[I 2025-02-05 12:31:54,663][0m Trial 27 finished with value: 0.23292785950072176 and parameters: {'observation_period_num': 189, 'train_rates': 0.9599780283748478, 'learning_rate': 0.000185507182140336, 'batch_size': 68, 'step_size': 7, 'gamma': 0.8964938867092519}. Best is trial 14 with value: 0.1833314150571823.[0m
[32m[I 2025-02-05 12:35:54,842][0m Trial 28 finished with value: 0.23353071533032319 and parameters: {'observation_period_num': 64, 'train_rates': 0.9538708127441721, 'learning_rate': 0.00012283281926573305, 'batch_size': 20, 'step_size': 4, 'gamma': 0.8790785477935358}. Best is trial 14 with value: 0.1833314150571823.[0m
[32m[I 2025-02-05 12:39:44,377][0m Trial 29 finished with value: 1.2392115428092632 and parameters: {'observation_period_num': 191, 'train_rates': 0.8980258643353641, 'learning_rate': 3.9309640036219095e-06, 'batch_size': 50, 'step_size': 4, 'gamma': 0.810207623030402}. Best is trial 14 with value: 0.1833314150571823.[0m
[32m[I 2025-02-05 12:42:37,719][0m Trial 30 finished with value: 0.8718149662017822 and parameters: {'observation_period_num': 151, 'train_rates': 0.9692967799398318, 'learning_rate': 3.587403191107215e-05, 'batch_size': 151, 'step_size': 5, 'gamma': 0.7760198332429337}. Best is trial 14 with value: 0.1833314150571823.[0m
[32m[I 2025-02-05 12:46:21,389][0m Trial 31 finished with value: 0.2476877529679993 and parameters: {'observation_period_num': 187, 'train_rates': 0.941648385863307, 'learning_rate': 0.00020062007620899627, 'batch_size': 76, 'step_size': 7, 'gamma': 0.8928741377083962}. Best is trial 14 with value: 0.1833314150571823.[0m
