[32m[I 2025-02-08 22:11:41,638][0m Trial 49 finished with value: 0.06160588500840726 and parameters: {'observation_period_num': 69, 'train_rates': 0.8558746395936354, 'learning_rate': 0.0001776103207227911, 'batch_size': 116, 'step_size': 7, 'gamma': 0.8253843008013334}. Best is trial 35 with value: 0.03782931904782329.[0m
最適ハイパーパラメータが見つかりました
最適なハイパーパラメータが best_hyperparameters_GOOG_iTransformer_noMSTL.json に保存されました
Epoch 1/300, Loss: 0.2825 | 0.2343
Epoch 2/300, Loss: 0.1712 | 0.1615
Epoch 3/300, Loss: 0.1579 | 0.1495
Epoch 4/300, Loss: 0.1775 | 0.1252
Epoch 5/300, Loss: 0.1426 | 0.1377
Epoch 6/300, Loss: 0.1718 | 0.1528
Epoch 7/300, Loss: 0.1415 | 0.0981
Epoch 8/300, Loss: 0.1320 | 0.0871
Epoch 9/300, Loss: 0.1233 | 0.0832
Epoch 10/300, Loss: 0.1181 | 0.0770
Epoch 11/300, Loss: 0.1147 | 0.0742
Epoch 12/300, Loss: 0.1112 | 0.0704
Epoch 13/300, Loss: 0.1104 | 0.0694
Epoch 14/300, Loss: 0.1079 | 0.0705
Epoch 15/300, Loss: 0.1073 | 0.0722
Epoch 16/300, Loss: 0.1066 | 0.0692
Epoch 17/300, Loss: 0.1061 | 0.0660
Epoch 18/300, Loss: 0.1051 | 0.0645
Epoch 19/300, Loss: 0.1037 | 0.0635
Epoch 20/300, Loss: 0.1024 | 0.0627
Epoch 21/300, Loss: 0.1019 | 0.0626
Epoch 22/300, Loss: 0.1029 | 0.0622
Epoch 23/300, Loss: 0.1051 | 0.0623
Epoch 24/300, Loss: 0.1054 | 0.0619
Epoch 25/300, Loss: 0.1048 | 0.0610
Epoch 26/300, Loss: 0.1057 | 0.0635
Epoch 27/300, Loss: 0.1087 | 0.0630
Epoch 28/300, Loss: 0.1088 | 0.0600
Epoch 29/300, Loss: 0.1116 | 0.0638
Epoch 30/300, Loss: 0.1157 | 0.0694
Epoch 31/300, Loss: 0.1236 | 0.0811
Epoch 32/300, Loss: 0.1084 | 0.0701
Epoch 33/300, Loss: 0.1017 | 0.0658
Epoch 34/300, Loss: 0.1053 | 0.0637
Epoch 35/300, Loss: 0.0985 | 0.0548
Epoch 36/300, Loss: 0.0975 | 0.0607
Epoch 37/300, Loss: 0.0936 | 0.0547
Epoch 38/300, Loss: 0.0905 | 0.0535
Epoch 39/300, Loss: 0.0911 | 0.0517
Epoch 40/300, Loss: 0.0894 | 0.0513
Epoch 41/300, Loss: 0.0895 | 0.0516
Epoch 42/300, Loss: 0.0880 | 0.0508
Epoch 43/300, Loss: 0.0877 | 0.0506
Epoch 44/300, Loss: 0.0878 | 0.0498
Epoch 45/300, Loss: 0.0870 | 0.0492
Epoch 46/300, Loss: 0.0867 | 0.0489
Epoch 47/300, Loss: 0.0861 | 0.0490
Epoch 48/300, Loss: 0.0859 | 0.0491
Epoch 49/300, Loss: 0.0860 | 0.0486
Epoch 50/300, Loss: 0.0855 | 0.0480
Epoch 51/300, Loss: 0.0851 | 0.0474
Epoch 52/300, Loss: 0.0847 | 0.0473
Epoch 53/300, Loss: 0.0844 | 0.0473
Epoch 54/300, Loss: 0.0841 | 0.0472
Epoch 55/300, Loss: 0.0839 | 0.0470
Epoch 56/300, Loss: 0.0836 | 0.0466
Epoch 57/300, Loss: 0.0834 | 0.0463
Epoch 58/300, Loss: 0.0831 | 0.0460
Epoch 59/300, Loss: 0.0829 | 0.0459
Epoch 60/300, Loss: 0.0827 | 0.0459
Epoch 61/300, Loss: 0.0824 | 0.0459
Epoch 62/300, Loss: 0.0823 | 0.0459
Epoch 63/300, Loss: 0.0822 | 0.0457
Epoch 64/300, Loss: 0.0820 | 0.0456
Epoch 65/300, Loss: 0.0818 | 0.0454
Epoch 66/300, Loss: 0.0816 | 0.0452
Epoch 67/300, Loss: 0.0814 | 0.0451
Epoch 68/300, Loss: 0.0813 | 0.0450
Epoch 69/300, Loss: 0.0811 | 0.0450
Epoch 70/300, Loss: 0.0810 | 0.0449
Epoch 71/300, Loss: 0.0808 | 0.0449
Epoch 72/300, Loss: 0.0807 | 0.0449
Epoch 73/300, Loss: 0.0805 | 0.0448
Epoch 74/300, Loss: 0.0804 | 0.0447
Epoch 75/300, Loss: 0.0803 | 0.0445
Epoch 76/300, Loss: 0.0801 | 0.0444
Epoch 77/300, Loss: 0.0800 | 0.0443
Epoch 78/300, Loss: 0.0798 | 0.0441
Epoch 79/300, Loss: 0.0797 | 0.0440
Epoch 80/300, Loss: 0.0795 | 0.0438
Epoch 81/300, Loss: 0.0794 | 0.0436
Epoch 82/300, Loss: 0.0793 | 0.0435
Epoch 83/300, Loss: 0.0792 | 0.0433
Epoch 84/300, Loss: 0.0790 | 0.0432
Epoch 85/300, Loss: 0.0789 | 0.0430
Epoch 86/300, Loss: 0.0787 | 0.0429
Epoch 87/300, Loss: 0.0786 | 0.0428
Epoch 88/300, Loss: 0.0785 | 0.0426
Epoch 89/300, Loss: 0.0784 | 0.0425
Epoch 90/300, Loss: 0.0783 | 0.0423
Epoch 91/300, Loss: 0.0781 | 0.0421
Epoch 92/300, Loss: 0.0780 | 0.0419
Epoch 93/300, Loss: 0.0779 | 0.0417
Epoch 94/300, Loss: 0.0778 | 0.0415
Epoch 95/300, Loss: 0.0778 | 0.0414
Epoch 96/300, Loss: 0.0777 | 0.0413
Epoch 97/300, Loss: 0.0776 | 0.0413
Epoch 98/300, Loss: 0.0774 | 0.0413
Epoch 99/300, Loss: 0.0774 | 0.0412
Epoch 100/300, Loss: 0.0773 | 0.0411
Epoch 101/300, Loss: 0.0772 | 0.0408
Epoch 102/300, Loss: 0.0771 | 0.0406
Epoch 103/300, Loss: 0.0770 | 0.0404
Epoch 104/300, Loss: 0.0770 | 0.0403
Epoch 105/300, Loss: 0.0769 | 0.0403
Epoch 106/300, Loss: 0.0767 | 0.0405
Epoch 107/300, Loss: 0.0767 | 0.0404
Epoch 108/300, Loss: 0.0766 | 0.0402
Epoch 109/300, Loss: 0.0765 | 0.0400
Epoch 110/300, Loss: 0.0765 | 0.0399
Epoch 111/300, Loss: 0.0764 | 0.0399
Epoch 112/300, Loss: 0.0763 | 0.0398
Epoch 113/300, Loss: 0.0762 | 0.0398
Epoch 114/300, Loss: 0.0762 | 0.0397
Epoch 115/300, Loss: 0.0761 | 0.0396
Epoch 116/300, Loss: 0.0761 | 0.0395
Epoch 117/300, Loss: 0.0760 | 0.0395
Epoch 118/300, Loss: 0.0760 | 0.0395
Epoch 119/300, Loss: 0.0759 | 0.0394
Epoch 120/300, Loss: 0.0759 | 0.0393
Epoch 121/300, Loss: 0.0758 | 0.0393
Epoch 122/300, Loss: 0.0758 | 0.0392
Epoch 123/300, Loss: 0.0757 | 0.0392
Epoch 124/300, Loss: 0.0757 | 0.0391
Epoch 125/300, Loss: 0.0757 | 0.0390
Epoch 126/300, Loss: 0.0756 | 0.0390
Epoch 127/300, Loss: 0.0756 | 0.0390
Epoch 128/300, Loss: 0.0755 | 0.0389
Epoch 129/300, Loss: 0.0755 | 0.0389
Epoch 130/300, Loss: 0.0755 | 0.0388
Epoch 131/300, Loss: 0.0754 | 0.0388
Epoch 132/300, Loss: 0.0754 | 0.0387
Epoch 133/300, Loss: 0.0754 | 0.0387
Epoch 134/300, Loss: 0.0753 | 0.0386
Epoch 135/300, Loss: 0.0753 | 0.0386
Epoch 136/300, Loss: 0.0753 | 0.0386
Epoch 137/300, Loss: 0.0752 | 0.0385
Epoch 138/300, Loss: 0.0752 | 0.0385
Epoch 139/300, Loss: 0.0752 | 0.0385
Epoch 140/300, Loss: 0.0752 | 0.0384
Epoch 141/300, Loss: 0.0751 | 0.0384
Epoch 142/300, Loss: 0.0751 | 0.0384
Epoch 143/300, Loss: 0.0751 | 0.0383
Epoch 144/300, Loss: 0.0751 | 0.0383
Epoch 145/300, Loss: 0.0750 | 0.0383
Epoch 146/300, Loss: 0.0750 | 0.0382
Epoch 147/300, Loss: 0.0750 | 0.0382
Epoch 148/300, Loss: 0.0750 | 0.0382
Epoch 149/300, Loss: 0.0749 | 0.0381
Epoch 150/300, Loss: 0.0749 | 0.0381
Epoch 151/300, Loss: 0.0749 | 0.0381
Epoch 152/300, Loss: 0.0749 | 0.0381
Epoch 153/300, Loss: 0.0749 | 0.0380
Epoch 154/300, Loss: 0.0749 | 0.0380
Epoch 155/300, Loss: 0.0748 | 0.0380
Epoch 156/300, Loss: 0.0748 | 0.0380
Epoch 157/300, Loss: 0.0748 | 0.0380
Epoch 158/300, Loss: 0.0748 | 0.0379
Epoch 159/300, Loss: 0.0748 | 0.0379
Epoch 160/300, Loss: 0.0748 | 0.0379
Epoch 161/300, Loss: 0.0747 | 0.0379
Epoch 162/300, Loss: 0.0747 | 0.0378
Epoch 163/300, Loss: 0.0747 | 0.0378
Epoch 164/300, Loss: 0.0747 | 0.0378
Epoch 165/300, Loss: 0.0747 | 0.0378
Epoch 166/300, Loss: 0.0747 | 0.0378
Epoch 167/300, Loss: 0.0747 | 0.0378
Epoch 168/300, Loss: 0.0746 | 0.0377
Epoch 169/300, Loss: 0.0746 | 0.0377
Epoch 170/300, Loss: 0.0746 | 0.0377
Epoch 171/300, Loss: 0.0746 | 0.0377
Epoch 172/300, Loss: 0.0746 | 0.0377
Epoch 173/300, Loss: 0.0746 | 0.0377
Epoch 174/300, Loss: 0.0746 | 0.0377
Epoch 175/300, Loss: 0.0746 | 0.0376
Epoch 176/300, Loss: 0.0746 | 0.0376
Epoch 177/300, Loss: 0.0745 | 0.0376
Epoch 178/300, Loss: 0.0745 | 0.0376
Epoch 179/300, Loss: 0.0745 | 0.0376
Epoch 180/300, Loss: 0.0745 | 0.0376
Epoch 181/300, Loss: 0.0745 | 0.0376
Epoch 182/300, Loss: 0.0745 | 0.0376
Epoch 183/300, Loss: 0.0745 | 0.0375
Epoch 184/300, Loss: 0.0745 | 0.0375
Epoch 185/300, Loss: 0.0745 | 0.0375
Epoch 186/300, Loss: 0.0745 | 0.0375
Epoch 187/300, Loss: 0.0745 | 0.0375
Epoch 188/300, Loss: 0.0744 | 0.0375
Epoch 189/300, Loss: 0.0744 | 0.0375
Epoch 190/300, Loss: 0.0744 | 0.0375
Epoch 191/300, Loss: 0.0744 | 0.0375
Epoch 192/300, Loss: 0.0744 | 0.0375
Epoch 193/300, Loss: 0.0744 | 0.0375
Epoch 194/300, Loss: 0.0744 | 0.0374
Epoch 195/300, Loss: 0.0744 | 0.0374
Epoch 196/300, Loss: 0.0744 | 0.0374
Epoch 197/300, Loss: 0.0744 | 0.0374
Epoch 198/300, Loss: 0.0744 | 0.0374
Epoch 199/300, Loss: 0.0744 | 0.0374
Epoch 200/300, Loss: 0.0744 | 0.0374
Epoch 201/300, Loss: 0.0744 | 0.0374
Epoch 202/300, Loss: 0.0744 | 0.0374
Epoch 203/300, Loss: 0.0744 | 0.0374
Epoch 204/300, Loss: 0.0744 | 0.0374
Epoch 205/300, Loss: 0.0743 | 0.0374
Epoch 206/300, Loss: 0.0743 | 0.0374
Epoch 207/300, Loss: 0.0743 | 0.0374
Epoch 208/300, Loss: 0.0743 | 0.0374
Epoch 209/300, Loss: 0.0743 | 0.0373
Epoch 210/300, Loss: 0.0743 | 0.0373
Epoch 211/300, Loss: 0.0743 | 0.0373
Epoch 212/300, Loss: 0.0743 | 0.0373
Epoch 213/300, Loss: 0.0743 | 0.0373
Epoch 214/300, Loss: 0.0743 | 0.0373
Epoch 215/300, Loss: 0.0743 | 0.0373
Epoch 216/300, Loss: 0.0743 | 0.0373
Epoch 217/300, Loss: 0.0743 | 0.0373
Epoch 218/300, Loss: 0.0743 | 0.0373
Epoch 219/300, Loss: 0.0743 | 0.0373
Epoch 220/300, Loss: 0.0743 | 0.0373
Epoch 221/300, Loss: 0.0743 | 0.0373
Epoch 222/300, Loss: 0.0743 | 0.0373
Epoch 223/300, Loss: 0.0743 | 0.0373
Epoch 224/300, Loss: 0.0743 | 0.0373
Epoch 225/300, Loss: 0.0743 | 0.0373
Epoch 226/300, Loss: 0.0743 | 0.0373
Epoch 227/300, Loss: 0.0743 | 0.0373
Epoch 228/300, Loss: 0.0743 | 0.0373
Epoch 229/300, Loss: 0.0743 | 0.0373
Epoch 230/300, Loss: 0.0743 | 0.0373
Epoch 231/300, Loss: 0.0743 | 0.0373
Epoch 232/300, Loss: 0.0743 | 0.0373
Epoch 233/300, Loss: 0.0743 | 0.0372
Epoch 234/300, Loss: 0.0743 | 0.0372
Epoch 235/300, Loss: 0.0743 | 0.0372
Epoch 236/300, Loss: 0.0742 | 0.0372
Epoch 237/300, Loss: 0.0742 | 0.0372
Epoch 238/300, Loss: 0.0742 | 0.0372
Epoch 239/300, Loss: 0.0742 | 0.0372
Epoch 240/300, Loss: 0.0742 | 0.0372
Epoch 241/300, Loss: 0.0742 | 0.0372
Epoch 242/300, Loss: 0.0742 | 0.0372
Epoch 243/300, Loss: 0.0742 | 0.0372
Epoch 244/300, Loss: 0.0742 | 0.0372
Epoch 245/300, Loss: 0.0742 | 0.0372
Epoch 246/300, Loss: 0.0742 | 0.0372
Epoch 247/300, Loss: 0.0742 | 0.0372
Epoch 248/300, Loss: 0.0742 | 0.0372
Epoch 249/300, Loss: 0.0742 | 0.0372
Epoch 250/300, Loss: 0.0742 | 0.0372
Epoch 251/300, Loss: 0.0742 | 0.0372
Epoch 252/300, Loss: 0.0742 | 0.0372
Epoch 253/300, Loss: 0.0742 | 0.0372
Epoch 254/300, Loss: 0.0742 | 0.0372
Epoch 255/300, Loss: 0.0742 | 0.0372
Epoch 256/300, Loss: 0.0742 | 0.0372
Epoch 257/300, Loss: 0.0742 | 0.0372
Epoch 258/300, Loss: 0.0742 | 0.0372
Epoch 259/300, Loss: 0.0742 | 0.0372
Epoch 260/300, Loss: 0.0742 | 0.0372
Epoch 261/300, Loss: 0.0742 | 0.0372
Epoch 262/300, Loss: 0.0742 | 0.0372
Epoch 263/300, Loss: 0.0742 | 0.0372
Epoch 264/300, Loss: 0.0742 | 0.0372
Epoch 265/300, Loss: 0.0742 | 0.0372
Epoch 266/300, Loss: 0.0742 | 0.0372
Epoch 267/300, Loss: 0.0742 | 0.0372
Epoch 268/300, Loss: 0.0742 | 0.0372
Epoch 269/300, Loss: 0.0742 | 0.0372
Epoch 270/300, Loss: 0.0742 | 0.0372
Epoch 271/300, Loss: 0.0742 | 0.0372
Epoch 272/300, Loss: 0.0742 | 0.0372
Epoch 273/300, Loss: 0.0742 | 0.0372
Epoch 274/300, Loss: 0.0742 | 0.0372
Epoch 275/300, Loss: 0.0742 | 0.0372
Epoch 276/300, Loss: 0.0742 | 0.0372
Epoch 277/300, Loss: 0.0742 | 0.0372
Epoch 278/300, Loss: 0.0742 | 0.0372
Epoch 279/300, Loss: 0.0742 | 0.0372
Epoch 280/300, Loss: 0.0742 | 0.0372
Epoch 281/300, Loss: 0.0742 | 0.0372
Epoch 282/300, Loss: 0.0742 | 0.0372
Epoch 283/300, Loss: 0.0742 | 0.0372
Epoch 284/300, Loss: 0.0742 | 0.0372
Epoch 285/300, Loss: 0.0742 | 0.0372
Epoch 286/300, Loss: 0.0742 | 0.0372
Epoch 287/300, Loss: 0.0742 | 0.0372
Epoch 288/300, Loss: 0.0742 | 0.0372
Epoch 289/300, Loss: 0.0742 | 0.0372
Epoch 290/300, Loss: 0.0742 | 0.0372
Epoch 291/300, Loss: 0.0742 | 0.0372
Epoch 292/300, Loss: 0.0742 | 0.0372
Epoch 293/300, Loss: 0.0742 | 0.0372
Epoch 294/300, Loss: 0.0742 | 0.0372
Epoch 295/300, Loss: 0.0742 | 0.0372
Epoch 296/300, Loss: 0.0742 | 0.0372
Epoch 297/300, Loss: 0.0742 | 0.0372
Epoch 298/300, Loss: 0.0742 | 0.0372
Epoch 299/300, Loss: 0.0742 | 0.0372
Epoch 300/300, Loss: 0.0742 | 0.0372
Runtime (seconds): 122.73648118972778
/home2/y2021/k2110261/.conda/envs/tensorflow/lib/python3.11/site-packages/sklearn/metrics/_regression.py:1266: UndefinedMetricWarning: R^2 score is not well-defined with less than two samples.
  warnings.warn(msg, UndefinedMetricWarning)
MSE: 369.68358909734525
RMSE: 19.227157592773438
MAE: 19.227157592773438
R-squared: nan
[206.36716]
