[32m[I 2025-01-07 04:49:08,947][0m Trial 49 finished with value: 0.48473962859527486 and parameters: {'observation_period_num': 129, 'train_rates': 0.8042485670218984, 'learning_rate': 4.452863830424883e-05, 'batch_size': 105, 'step_size': 3, 'gamma': 0.8164180278706308}. Best is trial 41 with value: 0.08900492503994802.[0m
最適ハイパーパラメータが見つかりました
最適ハイパーパラメータが best_hyperparameters_AAPL_Transformer(nomstl).json に保存されました
Epoch 1/300, Loss: 0.5126 | 0.5479
Epoch 2/300, Loss: 0.4354 | 0.4209
Epoch 3/300, Loss: 0.3475 | 0.3443
Epoch 4/300, Loss: 0.3048 | 0.3551
Epoch 5/300, Loss: 0.3046 | 0.3437
Epoch 6/300, Loss: 0.3183 | 0.3658
Epoch 7/300, Loss: 0.2713 | 0.3349
Epoch 8/300, Loss: 0.2614 | 0.3018
Epoch 9/300, Loss: 0.2424 | 0.2817
Epoch 10/300, Loss: 0.2198 | 0.2629
Epoch 11/300, Loss: 0.1976 | 0.2458
Epoch 12/300, Loss: 0.1916 | 0.2227
Epoch 13/300, Loss: 0.1874 | 0.2218
Epoch 14/300, Loss: 0.1804 | 0.2025
Epoch 15/300, Loss: 0.1743 | 0.2032
Epoch 16/300, Loss: 0.1662 | 0.1936
Epoch 17/300, Loss: 0.1610 | 0.1821
Epoch 18/300, Loss: 0.1560 | 0.1791
Epoch 19/300, Loss: 0.1529 | 0.1755
Epoch 20/300, Loss: 0.1507 | 0.1689
Epoch 21/300, Loss: 0.1480 | 0.1641
Epoch 22/300, Loss: 0.1467 | 0.1623
Epoch 23/300, Loss: 0.1453 | 0.1593
Epoch 24/300, Loss: 0.1431 | 0.1557
Epoch 25/300, Loss: 0.1426 | 0.1525
Epoch 26/300, Loss: 0.1418 | 0.1511
Epoch 27/300, Loss: 0.1404 | 0.1482
Epoch 28/300, Loss: 0.1392 | 0.1464
Epoch 29/300, Loss: 0.1386 | 0.1448
Epoch 30/300, Loss: 0.1377 | 0.1433
Epoch 31/300, Loss: 0.1371 | 0.1407
Epoch 32/300, Loss: 0.1361 | 0.1405
Epoch 33/300, Loss: 0.1353 | 0.1385
Epoch 34/300, Loss: 0.1350 | 0.1373
Epoch 35/300, Loss: 0.1334 | 0.1357
Epoch 36/300, Loss: 0.1334 | 0.1347
Epoch 37/300, Loss: 0.1334 | 0.1334
Epoch 38/300, Loss: 0.1328 | 0.1328
Epoch 39/300, Loss: 0.1323 | 0.1316
Epoch 40/300, Loss: 0.1312 | 0.1312
Epoch 41/300, Loss: 0.1311 | 0.1298
Epoch 42/300, Loss: 0.1307 | 0.1296
Epoch 43/300, Loss: 0.1307 | 0.1286
Epoch 44/300, Loss: 0.1310 | 0.1282
Epoch 45/300, Loss: 0.1304 | 0.1275
Epoch 46/300, Loss: 0.1299 | 0.1268
Epoch 47/300, Loss: 0.1300 | 0.1266
Epoch 48/300, Loss: 0.1287 | 0.1260
Epoch 49/300, Loss: 0.1291 | 0.1256
Epoch 50/300, Loss: 0.1282 | 0.1250
Epoch 51/300, Loss: 0.1288 | 0.1248
Epoch 52/300, Loss: 0.1284 | 0.1244
Epoch 53/300, Loss: 0.1277 | 0.1237
Epoch 54/300, Loss: 0.1284 | 0.1236
Epoch 55/300, Loss: 0.1284 | 0.1233
Epoch 56/300, Loss: 0.1275 | 0.1230
Epoch 57/300, Loss: 0.1282 | 0.1226
Epoch 58/300, Loss: 0.1269 | 0.1223
Epoch 59/300, Loss: 0.1272 | 0.1223
Epoch 60/300, Loss: 0.1274 | 0.1221
Epoch 61/300, Loss: 0.1277 | 0.1217
Epoch 62/300, Loss: 0.1272 | 0.1216
Epoch 63/300, Loss: 0.1268 | 0.1215
Epoch 64/300, Loss: 0.1269 | 0.1213
Epoch 65/300, Loss: 0.1268 | 0.1211
Epoch 66/300, Loss: 0.1263 | 0.1210
Epoch 67/300, Loss: 0.1263 | 0.1209
Epoch 68/300, Loss: 0.1271 | 0.1209
Epoch 69/300, Loss: 0.1267 | 0.1207
Epoch 70/300, Loss: 0.1268 | 0.1205
Epoch 71/300, Loss: 0.1262 | 0.1205
Epoch 72/300, Loss: 0.1264 | 0.1206
Epoch 73/300, Loss: 0.1267 | 0.1205
Epoch 74/300, Loss: 0.1260 | 0.1204
Epoch 75/300, Loss: 0.1263 | 0.1203
Epoch 76/300, Loss: 0.1265 | 0.1202
Epoch 77/300, Loss: 0.1268 | 0.1202
Epoch 78/300, Loss: 0.1265 | 0.1202
Epoch 79/300, Loss: 0.1263 | 0.1201
Epoch 80/300, Loss: 0.1261 | 0.1201
Epoch 81/300, Loss: 0.1264 | 0.1199
Epoch 82/300, Loss: 0.1259 | 0.1199
Epoch 83/300, Loss: 0.1266 | 0.1199
Epoch 84/300, Loss: 0.1261 | 0.1198
Epoch 85/300, Loss: 0.1267 | 0.1198
Epoch 86/300, Loss: 0.1260 | 0.1198
Epoch 87/300, Loss: 0.1263 | 0.1198
Epoch 88/300, Loss: 0.1261 | 0.1197
Epoch 89/300, Loss: 0.1260 | 0.1197
Epoch 90/300, Loss: 0.1258 | 0.1197
Epoch 91/300, Loss: 0.1261 | 0.1197
Epoch 92/300, Loss: 0.1260 | 0.1197
Epoch 93/300, Loss: 0.1260 | 0.1196
Epoch 94/300, Loss: 0.1261 | 0.1196
Epoch 95/300, Loss: 0.1255 | 0.1196
Epoch 96/300, Loss: 0.1259 | 0.1196
Epoch 97/300, Loss: 0.1257 | 0.1196
Epoch 98/300, Loss: 0.1260 | 0.1196
Epoch 99/300, Loss: 0.1257 | 0.1196
Epoch 100/300, Loss: 0.1269 | 0.1196
Epoch 101/300, Loss: 0.1262 | 0.1196
Epoch 102/300, Loss: 0.1257 | 0.1196
Epoch 103/300, Loss: 0.1257 | 0.1196
Epoch 104/300, Loss: 0.1256 | 0.1196
Epoch 105/300, Loss: 0.1262 | 0.1196
Epoch 106/300, Loss: 0.1263 | 0.1195
Epoch 107/300, Loss: 0.1263 | 0.1195
Epoch 108/300, Loss: 0.1258 | 0.1195
Epoch 109/300, Loss: 0.1259 | 0.1195
Epoch 110/300, Loss: 0.1256 | 0.1195
Epoch 111/300, Loss: 0.1261 | 0.1195
Epoch 112/300, Loss: 0.1263 | 0.1195
Epoch 113/300, Loss: 0.1260 | 0.1195
Epoch 114/300, Loss: 0.1262 | 0.1195
Epoch 115/300, Loss: 0.1257 | 0.1195
Epoch 116/300, Loss: 0.1257 | 0.1195
Epoch 117/300, Loss: 0.1259 | 0.1195
Epoch 118/300, Loss: 0.1262 | 0.1195
Epoch 119/300, Loss: 0.1266 | 0.1195
Epoch 120/300, Loss: 0.1263 | 0.1195
Epoch 121/300, Loss: 0.1264 | 0.1195
Epoch 122/300, Loss: 0.1263 | 0.1195
Epoch 123/300, Loss: 0.1269 | 0.1195
Epoch 124/300, Loss: 0.1260 | 0.1195
Epoch 125/300, Loss: 0.1264 | 0.1195
Epoch 126/300, Loss: 0.1265 | 0.1195
Epoch 127/300, Loss: 0.1255 | 0.1195
Epoch 128/300, Loss: 0.1262 | 0.1195
Epoch 129/300, Loss: 0.1264 | 0.1195
Epoch 130/300, Loss: 0.1261 | 0.1195
Epoch 131/300, Loss: 0.1261 | 0.1195
Epoch 132/300, Loss: 0.1262 | 0.1195
Epoch 133/300, Loss: 0.1262 | 0.1195
Epoch 134/300, Loss: 0.1265 | 0.1195
Epoch 135/300, Loss: 0.1263 | 0.1195
Epoch 136/300, Loss: 0.1263 | 0.1195
Epoch 137/300, Loss: 0.1250 | 0.1195
Epoch 138/300, Loss: 0.1259 | 0.1195
Epoch 139/300, Loss: 0.1260 | 0.1195
Epoch 140/300, Loss: 0.1259 | 0.1195
Epoch 141/300, Loss: 0.1257 | 0.1195
Epoch 142/300, Loss: 0.1260 | 0.1195
Epoch 143/300, Loss: 0.1265 | 0.1195
Epoch 144/300, Loss: 0.1261 | 0.1195
Epoch 145/300, Loss: 0.1266 | 0.1195
Epoch 146/300, Loss: 0.1257 | 0.1195
Epoch 147/300, Loss: 0.1258 | 0.1195
Epoch 148/300, Loss: 0.1261 | 0.1195
Epoch 149/300, Loss: 0.1261 | 0.1195
Epoch 150/300, Loss: 0.1263 | 0.1195
Epoch 151/300, Loss: 0.1260 | 0.1195
Epoch 152/300, Loss: 0.1265 | 0.1195
Epoch 153/300, Loss: 0.1259 | 0.1195
Epoch 154/300, Loss: 0.1260 | 0.1195
Epoch 155/300, Loss: 0.1258 | 0.1195
Epoch 156/300, Loss: 0.1265 | 0.1195
Epoch 157/300, Loss: 0.1259 | 0.1195
Epoch 158/300, Loss: 0.1260 | 0.1195
Epoch 159/300, Loss: 0.1264 | 0.1195
Epoch 160/300, Loss: 0.1261 | 0.1195
Epoch 161/300, Loss: 0.1257 | 0.1195
Epoch 162/300, Loss: 0.1261 | 0.1195
Epoch 163/300, Loss: 0.1263 | 0.1195
Epoch 164/300, Loss: 0.1255 | 0.1195
Epoch 165/300, Loss: 0.1258 | 0.1195
Epoch 166/300, Loss: 0.1258 | 0.1195
Epoch 167/300, Loss: 0.1256 | 0.1195
Epoch 168/300, Loss: 0.1263 | 0.1195
Epoch 169/300, Loss: 0.1266 | 0.1195
Epoch 170/300, Loss: 0.1261 | 0.1195
Epoch 171/300, Loss: 0.1263 | 0.1195
Epoch 172/300, Loss: 0.1266 | 0.1195
Early stopping
Runtime (seconds): 458.57755041122437
/home2/y2021/k2110261/.conda/envs/tensorflow/lib/python3.11/site-packages/sklearn/metrics/_regression.py:1266: UndefinedMetricWarning: R^2 score is not well-defined with less than two samples.
  warnings.warn(msg, UndefinedMetricWarning)
MSE: 1808.1142655781005
RMSE: 42.52192687988281
MAE: 42.52192687988281
R-squared: nan
[205.24808]
