[32m[I 2025-02-05 21:56:33,999][0m Trial 49 finished with value: 0.053348767661279245 and parameters: {'observation_period_num': 19, 'train_rates': 0.9056566220678599, 'learning_rate': 0.0003455794323947197, 'batch_size': 36, 'step_size': 4, 'gamma': 0.9774048956223731}. Best is trial 11 with value: 0.029142338681865384.[0m
最適ハイパーパラメータが見つかりました
最適なハイパーパラメータが best_hyperparameters_GOOG_iTransformer_noMSTL.json に保存されました
Epoch 1/300, Loss: 0.2128 | 0.1277
Epoch 2/300, Loss: 0.1227 | 0.0765
Epoch 3/300, Loss: 0.1074 | 0.0649
Epoch 4/300, Loss: 0.1021 | 0.0584
Epoch 5/300, Loss: 0.0969 | 0.0531
Epoch 6/300, Loss: 0.0935 | 0.0524
Epoch 7/300, Loss: 0.0962 | 0.0572
Epoch 8/300, Loss: 0.0965 | 0.0548
Epoch 9/300, Loss: 0.0910 | 0.0569
Epoch 10/300, Loss: 0.0920 | 0.0602
Epoch 11/300, Loss: 0.0912 | 0.0693
Epoch 12/300, Loss: 0.0847 | 0.0677
Epoch 13/300, Loss: 0.0824 | 0.0606
Epoch 14/300, Loss: 0.0813 | 0.0613
Epoch 15/300, Loss: 0.0771 | 0.0512
Epoch 16/300, Loss: 0.0763 | 0.0403
Epoch 17/300, Loss: 0.0737 | 0.0398
Epoch 18/300, Loss: 0.0728 | 0.0389
Epoch 19/300, Loss: 0.0722 | 0.0411
Epoch 20/300, Loss: 0.0710 | 0.0392
Epoch 21/300, Loss: 0.0702 | 0.0388
Epoch 22/300, Loss: 0.0689 | 0.0379
Epoch 23/300, Loss: 0.0685 | 0.0410
Epoch 24/300, Loss: 0.0687 | 0.0438
Epoch 25/300, Loss: 0.0688 | 0.0427
Epoch 26/300, Loss: 0.0684 | 0.0372
Epoch 27/300, Loss: 0.0670 | 0.0392
Epoch 28/300, Loss: 0.0675 | 0.0420
Epoch 29/300, Loss: 0.0658 | 0.0387
Epoch 30/300, Loss: 0.0655 | 0.0382
Epoch 31/300, Loss: 0.0646 | 0.0378
Epoch 32/300, Loss: 0.0645 | 0.0381
Epoch 33/300, Loss: 0.0648 | 0.0356
Epoch 34/300, Loss: 0.0631 | 0.0410
Epoch 35/300, Loss: 0.0624 | 0.0388
Epoch 36/300, Loss: 0.0618 | 0.0360
Epoch 37/300, Loss: 0.0609 | 0.0362
Epoch 38/300, Loss: 0.0602 | 0.0400
Epoch 39/300, Loss: 0.0600 | 0.0389
Epoch 40/300, Loss: 0.0599 | 0.0437
Epoch 41/300, Loss: 0.0594 | 0.0403
Epoch 42/300, Loss: 0.0591 | 0.0424
Epoch 43/300, Loss: 0.0583 | 0.0438
Epoch 44/300, Loss: 0.0585 | 0.0443
Epoch 45/300, Loss: 0.0576 | 0.0442
Epoch 46/300, Loss: 0.0578 | 0.0429
Epoch 47/300, Loss: 0.0573 | 0.0477
Epoch 48/300, Loss: 0.0573 | 0.0479
Epoch 49/300, Loss: 0.0579 | 0.0487
Epoch 50/300, Loss: 0.0617 | 0.0360
Epoch 51/300, Loss: 0.0617 | 0.0484
Epoch 52/300, Loss: 0.0582 | 0.0398
Epoch 53/300, Loss: 0.0599 | 0.0335
Epoch 54/300, Loss: 0.0563 | 0.0356
Epoch 55/300, Loss: 0.0555 | 0.0388
Epoch 56/300, Loss: 0.0581 | 0.0365
Epoch 57/300, Loss: 0.0540 | 0.0636
Epoch 58/300, Loss: 0.0603 | 0.0500
Epoch 59/300, Loss: 0.0573 | 0.0480
Epoch 60/300, Loss: 0.0567 | 0.0446
Epoch 61/300, Loss: 0.0554 | 0.0547
Epoch 62/300, Loss: 0.0551 | 0.0673
Epoch 63/300, Loss: 0.0531 | 0.0461
Epoch 64/300, Loss: 0.0580 | 0.0345
Epoch 65/300, Loss: 0.0552 | 0.0391
Epoch 66/300, Loss: 0.0543 | 0.0389
Epoch 67/300, Loss: 0.0541 | 0.0440
Epoch 68/300, Loss: 0.0539 | 0.0439
Epoch 69/300, Loss: 0.0539 | 0.0521
Epoch 70/300, Loss: 0.0542 | 0.0521
Epoch 71/300, Loss: 0.0543 | 0.0689
Epoch 72/300, Loss: 0.0548 | 0.0739
Epoch 73/300, Loss: 0.0546 | 0.0536
Epoch 74/300, Loss: 0.0542 | 0.0819
Epoch 75/300, Loss: 0.0541 | 0.0534
Epoch 76/300, Loss: 0.0527 | 0.0578
Epoch 77/300, Loss: 0.0518 | 0.1135
Epoch 78/300, Loss: 0.0531 | 0.0701
Epoch 79/300, Loss: 0.0564 | 0.0818
Epoch 80/300, Loss: 0.0521 | 0.1438
Epoch 81/300, Loss: 0.0492 | 0.0634
Epoch 82/300, Loss: 0.0534 | 0.0871
Epoch 83/300, Loss: 0.0513 | 0.1196
Epoch 84/300, Loss: 0.0484 | 0.0759
Epoch 85/300, Loss: 0.0547 | 0.0761
Epoch 86/300, Loss: 0.0536 | 0.0982
Epoch 87/300, Loss: 0.0520 | 0.1399
Epoch 88/300, Loss: 0.0488 | 0.1249
Epoch 89/300, Loss: 0.0524 | 0.1236
Epoch 90/300, Loss: 0.0487 | 0.1432
Epoch 91/300, Loss: 0.0533 | 0.1492
Epoch 92/300, Loss: 0.0513 | 0.1261
Epoch 93/300, Loss: 0.0567 | 0.1286
Epoch 94/300, Loss: 0.0532 | 0.1127
Epoch 95/300, Loss: 0.0572 | 0.0742
Epoch 96/300, Loss: 0.0544 | 0.0607
Epoch 97/300, Loss: 0.0566 | 0.0477
Epoch 98/300, Loss: 0.0515 | 0.0401
Epoch 99/300, Loss: 0.0486 | 0.0359
Epoch 100/300, Loss: 0.0462 | 0.0352
Epoch 101/300, Loss: 0.0462 | 0.0331
Epoch 102/300, Loss: 0.0449 | 0.0356
Epoch 103/300, Loss: 0.0451 | 0.0343
Epoch 104/300, Loss: 0.0442 | 0.0340
Epoch 105/300, Loss: 0.0456 | 0.0325
Epoch 106/300, Loss: 0.0449 | 0.0352
Epoch 107/300, Loss: 0.0477 | 0.0347
Epoch 108/300, Loss: 0.0468 | 0.0392
Epoch 109/300, Loss: 0.0489 | 0.0461
Epoch 110/300, Loss: 0.0473 | 0.0487
Epoch 111/300, Loss: 0.0467 | 0.0513
Epoch 112/300, Loss: 0.0447 | 0.0462
Epoch 113/300, Loss: 0.0436 | 0.0445
Epoch 114/300, Loss: 0.0426 | 0.0410
Epoch 115/300, Loss: 0.0422 | 0.0401
Epoch 116/300, Loss: 0.0417 | 0.0382
Epoch 117/300, Loss: 0.0416 | 0.0381
Epoch 118/300, Loss: 0.0414 | 0.0370
Epoch 119/300, Loss: 0.0413 | 0.0372
Epoch 120/300, Loss: 0.0411 | 0.0363
Epoch 121/300, Loss: 0.0411 | 0.0366
Epoch 122/300, Loss: 0.0409 | 0.0360
Epoch 123/300, Loss: 0.0409 | 0.0362
Epoch 124/300, Loss: 0.0408 | 0.0358
Epoch 125/300, Loss: 0.0407 | 0.0360
Epoch 126/300, Loss: 0.0406 | 0.0356
Epoch 127/300, Loss: 0.0405 | 0.0358
Epoch 128/300, Loss: 0.0404 | 0.0354
Epoch 129/300, Loss: 0.0403 | 0.0357
Epoch 130/300, Loss: 0.0402 | 0.0353
Epoch 131/300, Loss: 0.0401 | 0.0355
Epoch 132/300, Loss: 0.0400 | 0.0352
Epoch 133/300, Loss: 0.0399 | 0.0353
Epoch 134/300, Loss: 0.0398 | 0.0351
Epoch 135/300, Loss: 0.0397 | 0.0352
Epoch 136/300, Loss: 0.0396 | 0.0350
Epoch 137/300, Loss: 0.0395 | 0.0351
Epoch 138/300, Loss: 0.0394 | 0.0350
Epoch 139/300, Loss: 0.0393 | 0.0351
Epoch 140/300, Loss: 0.0393 | 0.0350
Epoch 141/300, Loss: 0.0392 | 0.0352
Epoch 142/300, Loss: 0.0392 | 0.0350
Epoch 143/300, Loss: 0.0392 | 0.0352
Epoch 144/300, Loss: 0.0392 | 0.0350
Epoch 145/300, Loss: 0.0392 | 0.0350
Epoch 146/300, Loss: 0.0392 | 0.0347
Epoch 147/300, Loss: 0.0391 | 0.0350
Epoch 148/300, Loss: 0.0390 | 0.0347
Epoch 149/300, Loss: 0.0389 | 0.0350
Epoch 150/300, Loss: 0.0388 | 0.0345
Epoch 151/300, Loss: 0.0387 | 0.0347
Epoch 152/300, Loss: 0.0386 | 0.0344
Epoch 153/300, Loss: 0.0386 | 0.0345
Epoch 154/300, Loss: 0.0385 | 0.0343
Epoch 155/300, Loss: 0.0385 | 0.0345
Epoch 156/300, Loss: 0.0384 | 0.0345
Epoch 157/300, Loss: 0.0384 | 0.0348
Epoch 158/300, Loss: 0.0383 | 0.0348
Epoch 159/300, Loss: 0.0382 | 0.0352
Epoch 160/300, Loss: 0.0382 | 0.0352
Epoch 161/300, Loss: 0.0381 | 0.0355
Epoch 162/300, Loss: 0.0380 | 0.0355
Epoch 163/300, Loss: 0.0379 | 0.0355
Epoch 164/300, Loss: 0.0378 | 0.0355
Epoch 165/300, Loss: 0.0376 | 0.0354
Epoch 166/300, Loss: 0.0376 | 0.0354
Epoch 167/300, Loss: 0.0375 | 0.0353
Epoch 168/300, Loss: 0.0374 | 0.0354
Epoch 169/300, Loss: 0.0374 | 0.0353
Epoch 170/300, Loss: 0.0373 | 0.0354
Epoch 171/300, Loss: 0.0373 | 0.0353
Epoch 172/300, Loss: 0.0373 | 0.0354
Epoch 173/300, Loss: 0.0372 | 0.0354
Epoch 174/300, Loss: 0.0372 | 0.0355
Epoch 175/300, Loss: 0.0371 | 0.0355
Epoch 176/300, Loss: 0.0371 | 0.0356
Epoch 177/300, Loss: 0.0371 | 0.0356
Epoch 178/300, Loss: 0.0370 | 0.0356
Epoch 179/300, Loss: 0.0370 | 0.0356
Epoch 180/300, Loss: 0.0370 | 0.0357
Epoch 181/300, Loss: 0.0369 | 0.0357
Epoch 182/300, Loss: 0.0369 | 0.0358
Epoch 183/300, Loss: 0.0369 | 0.0358
Epoch 184/300, Loss: 0.0368 | 0.0359
Epoch 185/300, Loss: 0.0368 | 0.0359
Epoch 186/300, Loss: 0.0368 | 0.0360
Epoch 187/300, Loss: 0.0367 | 0.0360
Epoch 188/300, Loss: 0.0367 | 0.0361
Epoch 189/300, Loss: 0.0366 | 0.0362
Epoch 190/300, Loss: 0.0366 | 0.0362
Epoch 191/300, Loss: 0.0365 | 0.0363
Epoch 192/300, Loss: 0.0365 | 0.0364
Epoch 193/300, Loss: 0.0365 | 0.0364
Epoch 194/300, Loss: 0.0364 | 0.0365
Epoch 195/300, Loss: 0.0364 | 0.0365
Epoch 196/300, Loss: 0.0364 | 0.0366
Epoch 197/300, Loss: 0.0363 | 0.0366
Epoch 198/300, Loss: 0.0363 | 0.0366
Epoch 199/300, Loss: 0.0363 | 0.0366
Epoch 200/300, Loss: 0.0362 | 0.0366
Epoch 201/300, Loss: 0.0362 | 0.0366
Epoch 202/300, Loss: 0.0362 | 0.0367
Epoch 203/300, Loss: 0.0361 | 0.0367
Epoch 204/300, Loss: 0.0361 | 0.0367
Epoch 205/300, Loss: 0.0361 | 0.0367
Epoch 206/300, Loss: 0.0361 | 0.0367
Epoch 207/300, Loss: 0.0360 | 0.0368
Epoch 208/300, Loss: 0.0360 | 0.0368
Epoch 209/300, Loss: 0.0360 | 0.0368
Epoch 210/300, Loss: 0.0360 | 0.0369
Epoch 211/300, Loss: 0.0359 | 0.0369
Epoch 212/300, Loss: 0.0359 | 0.0370
Epoch 213/300, Loss: 0.0359 | 0.0370
Epoch 214/300, Loss: 0.0359 | 0.0370
Epoch 215/300, Loss: 0.0359 | 0.0371
Epoch 216/300, Loss: 0.0358 | 0.0371
Epoch 217/300, Loss: 0.0358 | 0.0371
Epoch 218/300, Loss: 0.0358 | 0.0372
Epoch 219/300, Loss: 0.0358 | 0.0372
Epoch 220/300, Loss: 0.0358 | 0.0372
Epoch 221/300, Loss: 0.0357 | 0.0373
Epoch 222/300, Loss: 0.0357 | 0.0373
Epoch 223/300, Loss: 0.0357 | 0.0373
Epoch 224/300, Loss: 0.0357 | 0.0373
Epoch 225/300, Loss: 0.0357 | 0.0374
Epoch 226/300, Loss: 0.0357 | 0.0374
Epoch 227/300, Loss: 0.0356 | 0.0374
Epoch 228/300, Loss: 0.0356 | 0.0374
Epoch 229/300, Loss: 0.0356 | 0.0375
Epoch 230/300, Loss: 0.0356 | 0.0375
Epoch 231/300, Loss: 0.0356 | 0.0375
Epoch 232/300, Loss: 0.0356 | 0.0375
Epoch 233/300, Loss: 0.0356 | 0.0375
Epoch 234/300, Loss: 0.0355 | 0.0376
Epoch 235/300, Loss: 0.0355 | 0.0376
Epoch 236/300, Loss: 0.0355 | 0.0376
Epoch 237/300, Loss: 0.0355 | 0.0376
Epoch 238/300, Loss: 0.0355 | 0.0377
Epoch 239/300, Loss: 0.0355 | 0.0377
Epoch 240/300, Loss: 0.0355 | 0.0377
Epoch 241/300, Loss: 0.0355 | 0.0377
Epoch 242/300, Loss: 0.0354 | 0.0377
Epoch 243/300, Loss: 0.0354 | 0.0377
Epoch 244/300, Loss: 0.0354 | 0.0378
Epoch 245/300, Loss: 0.0354 | 0.0378
Epoch 246/300, Loss: 0.0354 | 0.0378
Epoch 247/300, Loss: 0.0354 | 0.0378
Epoch 248/300, Loss: 0.0354 | 0.0378
Epoch 249/300, Loss: 0.0354 | 0.0378
Epoch 250/300, Loss: 0.0354 | 0.0379
Epoch 251/300, Loss: 0.0353 | 0.0379
Epoch 252/300, Loss: 0.0353 | 0.0379
Epoch 253/300, Loss: 0.0353 | 0.0379
Epoch 254/300, Loss: 0.0353 | 0.0379
Epoch 255/300, Loss: 0.0353 | 0.0379
Epoch 256/300, Loss: 0.0353 | 0.0379
Epoch 257/300, Loss: 0.0353 | 0.0379
Epoch 258/300, Loss: 0.0353 | 0.0380
Epoch 259/300, Loss: 0.0353 | 0.0380
Epoch 260/300, Loss: 0.0353 | 0.0380
Epoch 261/300, Loss: 0.0353 | 0.0380
Epoch 262/300, Loss: 0.0353 | 0.0380
Epoch 263/300, Loss: 0.0352 | 0.0380
Epoch 264/300, Loss: 0.0352 | 0.0380
Epoch 265/300, Loss: 0.0352 | 0.0380
Epoch 266/300, Loss: 0.0352 | 0.0381
Epoch 267/300, Loss: 0.0352 | 0.0381
Epoch 268/300, Loss: 0.0352 | 0.0381
Epoch 269/300, Loss: 0.0352 | 0.0381
Epoch 270/300, Loss: 0.0352 | 0.0381
Epoch 271/300, Loss: 0.0352 | 0.0381
Epoch 272/300, Loss: 0.0352 | 0.0381
Epoch 273/300, Loss: 0.0352 | 0.0381
Epoch 274/300, Loss: 0.0352 | 0.0381
Epoch 275/300, Loss: 0.0352 | 0.0381
Epoch 276/300, Loss: 0.0352 | 0.0381
Epoch 277/300, Loss: 0.0352 | 0.0382
Epoch 278/300, Loss: 0.0352 | 0.0382
Epoch 279/300, Loss: 0.0352 | 0.0382
Epoch 280/300, Loss: 0.0351 | 0.0382
Epoch 281/300, Loss: 0.0351 | 0.0382
Epoch 282/300, Loss: 0.0351 | 0.0382
Epoch 283/300, Loss: 0.0351 | 0.0382
Epoch 284/300, Loss: 0.0351 | 0.0382
Epoch 285/300, Loss: 0.0351 | 0.0382
Epoch 286/300, Loss: 0.0351 | 0.0382
Epoch 287/300, Loss: 0.0351 | 0.0382
Epoch 288/300, Loss: 0.0351 | 0.0382
Epoch 289/300, Loss: 0.0351 | 0.0382
Epoch 290/300, Loss: 0.0351 | 0.0382
Epoch 291/300, Loss: 0.0351 | 0.0382
Epoch 292/300, Loss: 0.0351 | 0.0383
Epoch 293/300, Loss: 0.0351 | 0.0383
Epoch 294/300, Loss: 0.0351 | 0.0383
Epoch 295/300, Loss: 0.0351 | 0.0383
Epoch 296/300, Loss: 0.0351 | 0.0383
Epoch 297/300, Loss: 0.0351 | 0.0383
Epoch 298/300, Loss: 0.0351 | 0.0383
Epoch 299/300, Loss: 0.0351 | 0.0383
Epoch 300/300, Loss: 0.0351 | 0.0383
Runtime (seconds): 379.1103813648224
/home2/y2021/k2110261/.conda/envs/tensorflow/lib/python3.11/site-packages/sklearn/metrics/_regression.py:1266: UndefinedMetricWarning: R^2 score is not well-defined with less than two samples.
  warnings.warn(msg, UndefinedMetricWarning)
MSE: 19.190993022406474
RMSE: 4.3807525634765625
MAE: 4.3807525634765625
R-squared: nan
[188.30925]
