[32m[I 2025-02-02 19:17:39,917][0m Trial 31 finished with value: 0.42699391747775833 and parameters: {'observation_period_num': 192, 'train_rates': 0.9244233743253041, 'learning_rate': 1.1234341329504293e-06, 'batch_size': 66, 'step_size': 10, 'gamma': 0.7968971724525884}. Best is trial 1 with value: 0.0010844920570996371.[0m
[32m[I 2025-02-02 19:18:33,291][0m Trial 32 finished with value: 0.0012487747924950943 and parameters: {'observation_period_num': 181, 'train_rates': 0.894660220615167, 'learning_rate': 0.0007582665556802998, 'batch_size': 100, 'step_size': 11, 'gamma': 0.8239898836952118}. Best is trial 1 with value: 0.0010844920570996371.[0m
[32m[I 2025-02-02 19:19:28,728][0m Trial 33 finished with value: 0.0010467321327370075 and parameters: {'observation_period_num': 180, 'train_rates': 0.9546226414098751, 'learning_rate': 0.0007641557137155584, 'batch_size': 103, 'step_size': 11, 'gamma': 0.8215615377272145}. Best is trial 33 with value: 0.0010467321327370075.[0m
[32m[I 2025-02-02 19:20:29,586][0m Trial 34 finished with value: 0.000687855757121697 and parameters: {'observation_period_num': 146, 'train_rates': 0.9525697349538955, 'learning_rate': 0.0009119775360550515, 'batch_size': 94, 'step_size': 11, 'gamma': 0.7658717752256511}. Best is trial 34 with value: 0.000687855757121697.[0m
[32m[I 2025-02-02 19:23:05,439][0m Trial 35 finished with value: 0.0004952670287635482 and parameters: {'observation_period_num': 151, 'train_rates': 0.9650802788293931, 'learning_rate': 0.0009769379546938199, 'batch_size': 36, 'step_size': 14, 'gamma': 0.761525582108351}. Best is trial 35 with value: 0.0004952670287635482.[0m
[32m[I 2025-02-02 19:25:16,558][0m Trial 36 finished with value: 0.04620161043798051 and parameters: {'observation_period_num': 143, 'train_rates': 0.9563174552722457, 'learning_rate': 0.0009836543684825828, 'batch_size': 42, 'step_size': 15, 'gamma': 0.7612303676428945}. Best is trial 35 with value: 0.0004952670287635482.[0m
[32m[I 2025-02-02 19:26:04,780][0m Trial 37 finished with value: 0.0004398451710585505 and parameters: {'observation_period_num': 155, 'train_rates': 0.9725191122398364, 'learning_rate': 0.0006742006204011214, 'batch_size': 121, 'step_size': 13, 'gamma': 0.7658330394048543}. Best is trial 37 with value: 0.0004398451710585505.[0m
[32m[I 2025-02-02 19:26:50,944][0m Trial 38 finished with value: 0.0010312220089399489 and parameters: {'observation_period_num': 119, 'train_rates': 0.9558472573296823, 'learning_rate': 0.00041911516271858336, 'batch_size': 124, 'step_size': 14, 'gamma': 0.7655977810667146}. Best is trial 37 with value: 0.0004398451710585505.[0m
[32m[I 2025-02-02 19:27:30,971][0m Trial 39 finished with value: 0.0010376636637374759 and parameters: {'observation_period_num': 124, 'train_rates': 0.9885491650524383, 'learning_rate': 0.0004167140708126105, 'batch_size': 153, 'step_size': 14, 'gamma': 0.7636967103007711}. Best is trial 37 with value: 0.0004398451710585505.[0m
[32m[I 2025-02-02 19:28:19,323][0m Trial 40 finished with value: 0.0007422232301905751 and parameters: {'observation_period_num': 110, 'train_rates': 0.9710052401913061, 'learning_rate': 0.0005850855346036898, 'batch_size': 122, 'step_size': 14, 'gamma': 0.7867575633741333}. Best is trial 37 with value: 0.0004398451710585505.[0m
[32m[I 2025-02-02 19:29:08,371][0m Trial 41 finished with value: 0.0009290535817854106 and parameters: {'observation_period_num': 75, 'train_rates': 0.9685120761971048, 'learning_rate': 0.0007603774302614818, 'batch_size': 123, 'step_size': 14, 'gamma': 0.7886438232840965}. Best is trial 37 with value: 0.0004398451710585505.[0m
[32m[I 2025-02-02 19:29:50,939][0m Trial 42 finished with value: 0.0007825572974979877 and parameters: {'observation_period_num': 81, 'train_rates': 0.9733762976552226, 'learning_rate': 0.0007179808227385688, 'batch_size': 144, 'step_size': 13, 'gamma': 0.7870084809270528}. Best is trial 37 with value: 0.0004398451710585505.[0m
[32m[I 2025-02-02 19:30:24,987][0m Trial 43 finished with value: 0.0013712752843275666 and parameters: {'observation_period_num': 74, 'train_rates': 0.9451866488694517, 'learning_rate': 0.0006564962348251989, 'batch_size': 174, 'step_size': 13, 'gamma': 0.7718213202384752}. Best is trial 37 with value: 0.0004398451710585505.[0m
[32m[I 2025-02-02 19:31:06,987][0m Trial 44 finished with value: 0.0013006847584620118 and parameters: {'observation_period_num': 9, 'train_rates': 0.9758142440680403, 'learning_rate': 0.0009550078223191489, 'batch_size': 146, 'step_size': 13, 'gamma': 0.7826262804416511}. Best is trial 37 with value: 0.0004398451710585505.[0m
[32m[I 2025-02-02 19:31:48,837][0m Trial 45 finished with value: 0.0009767453884705901 and parameters: {'observation_period_num': 104, 'train_rates': 0.9691890672784961, 'learning_rate': 0.0003793228191421146, 'batch_size': 139, 'step_size': 15, 'gamma': 0.7532065961889094}. Best is trial 37 with value: 0.0004398451710585505.[0m
[32m[I 2025-02-02 19:32:23,275][0m Trial 46 finished with value: 0.001052593591920726 and parameters: {'observation_period_num': 156, 'train_rates': 0.9346421446209019, 'learning_rate': 0.0006162132182538606, 'batch_size': 164, 'step_size': 12, 'gamma': 0.8075373055296706}. Best is trial 37 with value: 0.0004398451710585505.[0m
[32m[I 2025-02-02 19:32:51,346][0m Trial 47 finished with value: 0.01658732444047928 and parameters: {'observation_period_num': 84, 'train_rates': 0.9814823153713987, 'learning_rate': 0.0001019087625695659, 'batch_size': 228, 'step_size': 13, 'gamma': 0.7855778737017947}. Best is trial 37 with value: 0.0004398451710585505.[0m
[32m[I 2025-02-02 19:33:35,593][0m Trial 48 finished with value: 0.0013171619360857621 and parameters: {'observation_period_num': 56, 'train_rates': 0.9152797449728167, 'learning_rate': 0.0009981684065327526, 'batch_size': 130, 'step_size': 14, 'gamma': 0.7712111935453002}. Best is trial 37 with value: 0.0004398451710585505.[0m
[32m[I 2025-02-02 19:34:06,059][0m Trial 49 finished with value: 0.0008672669064253569 and parameters: {'observation_period_num': 136, 'train_rates': 0.9496351810497254, 'learning_rate': 0.0006649178015837193, 'batch_size': 193, 'step_size': 15, 'gamma': 0.7965949351505712}. Best is trial 37 with value: 0.0004398451710585505.[0m
[32m[I 2025-02-02 19:34:06,064][0m A new study created in memory with name: no-name-65e9b831-9dfb-4d67-834c-2ad415635b7a[0m
[32m[I 2025-02-02 19:34:31,089][0m Trial 0 finished with value: 0.09847717348044727 and parameters: {'observation_period_num': 102, 'train_rates': 0.8312084553551354, 'learning_rate': 5.646527041769737e-06, 'batch_size': 219, 'step_size': 1, 'gamma': 0.9461493419180883}. Best is trial 0 with value: 0.09847717348044727.[0m
[32m[I 2025-02-02 19:34:57,770][0m Trial 1 finished with value: 0.016018807733041217 and parameters: {'observation_period_num': 49, 'train_rates': 0.7680934169940958, 'learning_rate': 3.154767618490234e-05, 'batch_size': 202, 'step_size': 7, 'gamma': 0.8894888251707329}. Best is trial 1 with value: 0.016018807733041217.[0m
[32m[I 2025-02-02 19:35:21,082][0m Trial 2 finished with value: 0.058257487445008506 and parameters: {'observation_period_num': 203, 'train_rates': 0.7547285432934752, 'learning_rate': 8.902613083142153e-06, 'batch_size': 217, 'step_size': 3, 'gamma': 0.9090265371223776}. Best is trial 1 with value: 0.016018807733041217.[0m
[32m[I 2025-02-02 19:35:49,714][0m Trial 3 finished with value: 0.007219210996377811 and parameters: {'observation_period_num': 96, 'train_rates': 0.6135470667246128, 'learning_rate': 0.00011072037585852427, 'batch_size': 157, 'step_size': 12, 'gamma': 0.8881329384513629}. Best is trial 3 with value: 0.007219210996377811.[0m
[32m[I 2025-02-02 19:36:12,391][0m Trial 4 finished with value: 0.047242774557871896 and parameters: {'observation_period_num': 118, 'train_rates': 0.7846745056985106, 'learning_rate': 8.198657251895292e-06, 'batch_size': 237, 'step_size': 13, 'gamma': 0.9300755053361451}. Best is trial 3 with value: 0.007219210996377811.[0m
[32m[I 2025-02-02 19:36:44,320][0m Trial 5 finished with value: 0.010667235120335251 and parameters: {'observation_period_num': 215, 'train_rates': 0.9249828538789782, 'learning_rate': 2.2492987388202312e-05, 'batch_size': 176, 'step_size': 13, 'gamma': 0.9335784482244307}. Best is trial 3 with value: 0.007219210996377811.[0m
[32m[I 2025-02-02 19:37:44,528][0m Trial 6 finished with value: 0.004764194616323544 and parameters: {'observation_period_num': 75, 'train_rates': 0.7655434161671059, 'learning_rate': 0.0008983090812081376, 'batch_size': 84, 'step_size': 5, 'gamma': 0.8177408685483397}. Best is trial 6 with value: 0.004764194616323544.[0m
[32m[I 2025-02-02 19:38:11,483][0m Trial 7 finished with value: 0.012041657507478253 and parameters: {'observation_period_num': 149, 'train_rates': 0.7735246536066224, 'learning_rate': 3.128083353035506e-05, 'batch_size': 196, 'step_size': 11, 'gamma': 0.9148644149715818}. Best is trial 6 with value: 0.004764194616323544.[0m
[32m[I 2025-02-02 19:38:39,216][0m Trial 8 finished with value: 0.04026389494538307 and parameters: {'observation_period_num': 147, 'train_rates': 0.971928015258186, 'learning_rate': 2.3394939365557572e-05, 'batch_size': 226, 'step_size': 5, 'gamma': 0.7630371032482448}. Best is trial 6 with value: 0.004764194616323544.[0m
[32m[I 2025-02-02 19:39:43,557][0m Trial 9 finished with value: 0.011832229172190031 and parameters: {'observation_period_num': 144, 'train_rates': 0.8239449776682315, 'learning_rate': 6.868488640736764e-06, 'batch_size': 78, 'step_size': 13, 'gamma': 0.9792912834749414}. Best is trial 6 with value: 0.004764194616323544.[0m
[32m[I 2025-02-02 19:43:07,867][0m Trial 10 finished with value: 0.004365322192100792 and parameters: {'observation_period_num': 15, 'train_rates': 0.6433444993188795, 'learning_rate': 0.0007963359983748727, 'batch_size': 21, 'step_size': 9, 'gamma': 0.8154688255240774}. Best is trial 10 with value: 0.004365322192100792.[0m
[32m[I 2025-02-02 19:47:09,821][0m Trial 11 finished with value: 0.011634648319881211 and parameters: {'observation_period_num': 10, 'train_rates': 0.6436044336285884, 'learning_rate': 0.0009259887231307819, 'batch_size': 18, 'step_size': 9, 'gamma': 0.8191733399506912}. Best is trial 10 with value: 0.004365322192100792.[0m
[32m[I 2025-02-02 19:47:59,469][0m Trial 12 finished with value: 0.004154476236710632 and parameters: {'observation_period_num': 43, 'train_rates': 0.6871765939954958, 'learning_rate': 0.0009220393621532575, 'batch_size': 95, 'step_size': 7, 'gamma': 0.8302706060589715}. Best is trial 12 with value: 0.004154476236710632.[0m
[32m[I 2025-02-02 19:52:25,983][0m Trial 13 finished with value: 0.00947221540063904 and parameters: {'observation_period_num': 7, 'train_rates': 0.6884501758298766, 'learning_rate': 0.00020639786991405478, 'batch_size': 17, 'step_size': 9, 'gamma': 0.8350375897747181}. Best is trial 12 with value: 0.004154476236710632.[0m
[32m[I 2025-02-02 19:53:11,696][0m Trial 14 finished with value: 0.007827169941655094 and parameters: {'observation_period_num': 44, 'train_rates': 0.6917593826603605, 'learning_rate': 0.0002137642504967569, 'batch_size': 102, 'step_size': 7, 'gamma': 0.7791073768150105}. Best is trial 12 with value: 0.004154476236710632.[0m
[32m[I 2025-02-02 19:54:51,272][0m Trial 15 finished with value: 0.14390523578876105 and parameters: {'observation_period_num': 43, 'train_rates': 0.6914576526929918, 'learning_rate': 1.0059573487232298e-06, 'batch_size': 46, 'step_size': 10, 'gamma': 0.851750192751986}. Best is trial 12 with value: 0.004154476236710632.[0m
[32m[I 2025-02-02 19:55:25,751][0m Trial 16 finished with value: 0.0060358112127604805 and parameters: {'observation_period_num': 58, 'train_rates': 0.6009631405774252, 'learning_rate': 0.00027440155158190837, 'batch_size': 126, 'step_size': 15, 'gamma': 0.793951435664274}. Best is trial 12 with value: 0.004154476236710632.[0m
[32m[I 2025-02-02 19:56:46,781][0m Trial 17 finished with value: 0.0077173370023300904 and parameters: {'observation_period_num': 21, 'train_rates': 0.6514294505108991, 'learning_rate': 0.0004330301769690346, 'batch_size': 56, 'step_size': 5, 'gamma': 0.8582296105335186}. Best is trial 12 with value: 0.004154476236710632.[0m
[32m[I 2025-02-02 19:57:25,562][0m Trial 18 finished with value: 0.007873443216497827 and parameters: {'observation_period_num': 79, 'train_rates': 0.7168622463677555, 'learning_rate': 0.0001299503198895947, 'batch_size': 127, 'step_size': 7, 'gamma': 0.803976706146769}. Best is trial 12 with value: 0.004154476236710632.[0m
[32m[I 2025-02-02 19:59:06,719][0m Trial 19 finished with value: 0.012043704596541216 and parameters: {'observation_period_num': 173, 'train_rates': 0.8630792801313154, 'learning_rate': 7.479553984812152e-05, 'batch_size': 50, 'step_size': 3, 'gamma': 0.7538334933306731}. Best is trial 12 with value: 0.004154476236710632.[0m
[32m[I 2025-02-02 19:59:50,597][0m Trial 20 finished with value: 0.006124311391713804 and parameters: {'observation_period_num': 32, 'train_rates': 0.6523098995709339, 'learning_rate': 0.0004722404165872928, 'batch_size': 105, 'step_size': 9, 'gamma': 0.8374780154526186}. Best is trial 12 with value: 0.004154476236710632.[0m
[32m[I 2025-02-02 20:00:46,956][0m Trial 21 finished with value: 0.005104961505187957 and parameters: {'observation_period_num': 67, 'train_rates': 0.7254675648387642, 'learning_rate': 0.0009344855218104814, 'batch_size': 84, 'step_size': 5, 'gamma': 0.8160974171271803}. Best is trial 12 with value: 0.004154476236710632.[0m
[32m[I 2025-02-02 20:01:51,521][0m Trial 22 finished with value: 0.008228988910559565 and parameters: {'observation_period_num': 93, 'train_rates': 0.7356179763000267, 'learning_rate': 0.0005416468346446573, 'batch_size': 73, 'step_size': 4, 'gamma': 0.7863522640740644}. Best is trial 12 with value: 0.004154476236710632.[0m
[32m[I 2025-02-02 20:02:35,546][0m Trial 23 finished with value: 0.0047416364625920675 and parameters: {'observation_period_num': 72, 'train_rates': 0.6703750879840213, 'learning_rate': 0.0008923920811458714, 'batch_size': 103, 'step_size': 6, 'gamma': 0.8312369099891492}. Best is trial 12 with value: 0.004154476236710632.[0m
[32m[I 2025-02-02 20:03:06,195][0m Trial 24 finished with value: 0.007492694274355646 and parameters: {'observation_period_num': 31, 'train_rates': 0.6672160666163822, 'learning_rate': 0.00033750617762626136, 'batch_size': 151, 'step_size': 8, 'gamma': 0.8692655556689618}. Best is trial 12 with value: 0.004154476236710632.[0m
[32m[I 2025-02-02 20:03:44,076][0m Trial 25 finished with value: 0.00958929498904613 and parameters: {'observation_period_num': 240, 'train_rates': 0.6206649086574616, 'learning_rate': 0.0005710578428316603, 'batch_size': 110, 'step_size': 7, 'gamma': 0.837434462242307}. Best is trial 12 with value: 0.004154476236710632.[0m
[32m[I 2025-02-02 20:05:46,880][0m Trial 26 finished with value: 0.009471930944222419 and parameters: {'observation_period_num': 5, 'train_rates': 0.6777651877692765, 'learning_rate': 6.685687058645457e-05, 'batch_size': 37, 'step_size': 6, 'gamma': 0.8799077956959545}. Best is trial 12 with value: 0.004154476236710632.[0m
[32m[I 2025-02-02 20:06:18,964][0m Trial 27 finished with value: 0.006306822720648017 and parameters: {'observation_period_num': 61, 'train_rates': 0.7153022844147765, 'learning_rate': 0.0001574748055713526, 'batch_size': 150, 'step_size': 10, 'gamma': 0.8576005890085441}. Best is trial 12 with value: 0.004154476236710632.[0m
[32m[I 2025-02-02 20:07:24,892][0m Trial 28 finished with value: 0.010273157374532018 and parameters: {'observation_period_num': 32, 'train_rates': 0.6279815518443851, 'learning_rate': 0.0006666361556991571, 'batch_size': 66, 'step_size': 3, 'gamma': 0.7755566982661448}. Best is trial 12 with value: 0.004154476236710632.[0m
[32m[I 2025-02-02 20:09:53,188][0m Trial 29 finished with value: 0.13366256690917006 and parameters: {'observation_period_num': 119, 'train_rates': 0.8243440033995247, 'learning_rate': 1.581205394666118e-06, 'batch_size': 34, 'step_size': 2, 'gamma': 0.8040521646139898}. Best is trial 12 with value: 0.004154476236710632.[0m
[32m[I 2025-02-02 20:10:27,383][0m Trial 30 finished with value: 0.3140163248424811 and parameters: {'observation_period_num': 88, 'train_rates': 0.6411935065814961, 'learning_rate': 3.0954750188247806e-06, 'batch_size': 92, 'step_size': 1, 'gamma': 0.8369608255443397}. Best is trial 12 with value: 0.004154476236710632.[0m
[32m[I 2025-02-02 20:11:08,258][0m Trial 31 finished with value: 0.0049124190119749864 and parameters: {'observation_period_num': 74, 'train_rates': 0.744808696444268, 'learning_rate': 0.0009566874892953491, 'batch_size': 119, 'step_size': 6, 'gamma': 0.8167958674774833}. Best is trial 12 with value: 0.004154476236710632.[0m
[32m[I 2025-02-02 20:12:00,429][0m Trial 32 finished with value: 0.004200045976296559 and parameters: {'observation_period_num': 111, 'train_rates': 0.7118213868406006, 'learning_rate': 0.0003622473997668469, 'batch_size': 90, 'step_size': 8, 'gamma': 0.8260190460288163}. Best is trial 12 with value: 0.004154476236710632.[0m
[32m[I 2025-02-02 20:12:35,008][0m Trial 33 finished with value: 0.0062247653505147355 and parameters: {'observation_period_num': 104, 'train_rates': 0.70596018910197, 'learning_rate': 0.00033961450510013925, 'batch_size': 136, 'step_size': 8, 'gamma': 0.8011157893010933}. Best is trial 12 with value: 0.004154476236710632.[0m
[32m[I 2025-02-02 20:13:21,293][0m Trial 34 finished with value: 0.006150004639638304 and parameters: {'observation_period_num': 50, 'train_rates': 0.6697403833171864, 'learning_rate': 0.0005521675576895248, 'batch_size': 98, 'step_size': 8, 'gamma': 0.867617972068633}. Best is trial 12 with value: 0.004154476236710632.[0m
[32m[I 2025-02-02 20:14:41,419][0m Trial 35 finished with value: 0.0036573036082295906 and parameters: {'observation_period_num': 113, 'train_rates': 0.8034804806282023, 'learning_rate': 0.0002897107923587397, 'batch_size': 62, 'step_size': 6, 'gamma': 0.8491012678183676}. Best is trial 35 with value: 0.0036573036082295906.[0m
[32m[I 2025-02-02 20:16:01,243][0m Trial 36 finished with value: 0.005349127964506645 and parameters: {'observation_period_num': 164, 'train_rates': 0.80145771283579, 'learning_rate': 7.600685377080808e-05, 'batch_size': 61, 'step_size': 10, 'gamma': 0.8916184060200083}. Best is trial 35 with value: 0.0036573036082295906.[0m
[32m[I 2025-02-02 20:18:23,659][0m Trial 37 finished with value: 0.007904670771386815 and parameters: {'observation_period_num': 105, 'train_rates': 0.873249020426484, 'learning_rate': 0.00023719262917832107, 'batch_size': 37, 'step_size': 11, 'gamma': 0.8472346876923402}. Best is trial 35 with value: 0.0036573036082295906.[0m
[32m[I 2025-02-02 20:21:07,457][0m Trial 38 finished with value: 0.005951282038279858 and parameters: {'observation_period_num': 191, 'train_rates': 0.7935834488977499, 'learning_rate': 5.0132821458568404e-05, 'batch_size': 29, 'step_size': 9, 'gamma': 0.8833732313647988}. Best is trial 35 with value: 0.0036573036082295906.[0m
[32m[I 2025-02-02 20:22:25,802][0m Trial 39 finished with value: 0.0038199338518895135 and parameters: {'observation_period_num': 129, 'train_rates': 0.8561506301306756, 'learning_rate': 0.0003695025357655366, 'batch_size': 67, 'step_size': 6, 'gamma': 0.8998212091741592}. Best is trial 35 with value: 0.0036573036082295906.[0m
[32m[I 2025-02-02 20:23:27,148][0m Trial 40 finished with value: 0.027316441232303403 and parameters: {'observation_period_num': 132, 'train_rates': 0.8873123629841071, 'learning_rate': 1.124498518799654e-05, 'batch_size': 87, 'step_size': 4, 'gamma': 0.9021967545725434}. Best is trial 35 with value: 0.0036573036082295906.[0m
[32m[I 2025-02-02 20:24:42,640][0m Trial 41 finished with value: 0.004997584643681442 and parameters: {'observation_period_num': 129, 'train_rates': 0.8428446365169155, 'learning_rate': 0.0003550201790988613, 'batch_size': 68, 'step_size': 7, 'gamma': 0.950780216466298}. Best is trial 35 with value: 0.0036573036082295906.[0m
[32m[I 2025-02-02 20:26:41,516][0m Trial 42 finished with value: 0.004326913754845068 and parameters: {'observation_period_num': 117, 'train_rates': 0.9141642676198897, 'learning_rate': 0.00016216384043146555, 'batch_size': 46, 'step_size': 8, 'gamma': 0.9239282736706103}. Best is trial 35 with value: 0.0036573036082295906.[0m
[32m[I 2025-02-02 20:28:33,983][0m Trial 43 finished with value: 0.004296771626655213 and parameters: {'observation_period_num': 114, 'train_rates': 0.9220320906717006, 'learning_rate': 0.00016084158306874276, 'batch_size': 49, 'step_size': 6, 'gamma': 0.919931233812221}. Best is trial 35 with value: 0.0036573036082295906.[0m
[32m[I 2025-02-02 20:29:51,731][0m Trial 44 finished with value: 0.006746802944689989 and parameters: {'observation_period_num': 139, 'train_rates': 0.9878834190912288, 'learning_rate': 0.00010397321980181457, 'batch_size': 74, 'step_size': 6, 'gamma': 0.9429323196573139}. Best is trial 35 with value: 0.0036573036082295906.[0m
[32m[I 2025-02-02 20:31:25,477][0m Trial 45 finished with value: 0.004365490715680344 and parameters: {'observation_period_num': 160, 'train_rates': 0.9336872497050781, 'learning_rate': 0.00027319936113123647, 'batch_size': 58, 'step_size': 4, 'gamma': 0.9089707985176574}. Best is trial 35 with value: 0.0036573036082295906.[0m
[32m[I 2025-02-02 20:32:00,252][0m Trial 46 finished with value: 0.002094363095238805 and parameters: {'observation_period_num': 115, 'train_rates': 0.9430782785930573, 'learning_rate': 0.0004162005961736248, 'batch_size': 169, 'step_size': 6, 'gamma': 0.9505947145411551}. Best is trial 46 with value: 0.002094363095238805.[0m
