[32m[I 2025-02-02 17:37:05,602][0m Trial 15 finished with value: 0.003982324013486504 and parameters: {'observation_period_num': 200, 'train_rates': 0.9220445554678243, 'learning_rate': 0.0002251395717240279, 'batch_size': 89, 'step_size': 9, 'gamma': 0.8730661239810644}. Best is trial 15 with value: 0.003982324013486504.[0m
[32m[I 2025-02-02 17:37:34,178][0m Trial 16 finished with value: 0.005662364491380434 and parameters: {'observation_period_num': 199, 'train_rates': 0.8975572584675394, 'learning_rate': 0.0003133930480608331, 'batch_size': 201, 'step_size': 9, 'gamma': 0.8590582021312494}. Best is trial 15 with value: 0.003982324013486504.[0m
[32m[I 2025-02-02 17:38:20,505][0m Trial 17 finished with value: 0.010136717160304006 and parameters: {'observation_period_num': 183, 'train_rates': 0.9345250116515036, 'learning_rate': 5.555928708863515e-05, 'batch_size': 119, 'step_size': 13, 'gamma': 0.8812451737741965}. Best is trial 15 with value: 0.003982324013486504.[0m
[32m[I 2025-02-02 17:40:00,236][0m Trial 18 finished with value: 0.003603787578899285 and parameters: {'observation_period_num': 151, 'train_rates': 0.8550521472038715, 'learning_rate': 0.00023313212551146544, 'batch_size': 52, 'step_size': 9, 'gamma': 0.8273683729274569}. Best is trial 18 with value: 0.003603787578899285.[0m
[32m[I 2025-02-02 17:41:41,881][0m Trial 19 finished with value: 0.02010675281650767 and parameters: {'observation_period_num': 158, 'train_rates': 0.8500617173788787, 'learning_rate': 1.968207287499475e-05, 'batch_size': 50, 'step_size': 14, 'gamma': 0.8164570721889027}. Best is trial 18 with value: 0.003603787578899285.[0m
[32m[I 2025-02-02 17:43:34,423][0m Trial 20 finished with value: 0.007649164893247409 and parameters: {'observation_period_num': 193, 'train_rates': 0.7572586279505715, 'learning_rate': 0.00043715037537055156, 'batch_size': 41, 'step_size': 11, 'gamma': 0.8394254966976874}. Best is trial 18 with value: 0.003603787578899285.[0m
[32m[I 2025-02-02 17:44:46,925][0m Trial 21 finished with value: 0.005581685807555914 and parameters: {'observation_period_num': 123, 'train_rates': 0.9333608587365089, 'learning_rate': 0.00021902541165058065, 'batch_size': 77, 'step_size': 9, 'gamma': 0.7827165392018595}. Best is trial 18 with value: 0.003603787578899285.[0m
[32m[I 2025-02-02 17:45:42,827][0m Trial 22 finished with value: 0.013381353099142668 and parameters: {'observation_period_num': 93, 'train_rates': 0.8554487440055142, 'learning_rate': 7.036502758503729e-05, 'batch_size': 94, 'step_size': 8, 'gamma': 0.8842062276243736}. Best is trial 18 with value: 0.003603787578899285.[0m
[32m[I 2025-02-02 17:46:58,143][0m Trial 23 finished with value: 0.007733881448888603 and parameters: {'observation_period_num': 147, 'train_rates': 0.8182892024447597, 'learning_rate': 0.000200900295128851, 'batch_size': 66, 'step_size': 10, 'gamma': 0.7941416506380846}. Best is trial 18 with value: 0.003603787578899285.[0m
[32m[I 2025-02-02 17:47:42,329][0m Trial 24 finished with value: 0.004709137580644937 and parameters: {'observation_period_num': 186, 'train_rates': 0.9121871513628027, 'learning_rate': 0.0006144552313102574, 'batch_size': 123, 'step_size': 9, 'gamma': 0.920673873569126}. Best is trial 18 with value: 0.003603787578899285.[0m
[32m[I 2025-02-02 17:48:22,230][0m Trial 25 finished with value: 0.00739060714840889 and parameters: {'observation_period_num': 217, 'train_rates': 0.9524226988559572, 'learning_rate': 0.00019300747151176055, 'batch_size': 143, 'step_size': 7, 'gamma': 0.8408342307335154}. Best is trial 18 with value: 0.003603787578899285.[0m
[32m[I 2025-02-02 17:48:52,346][0m Trial 26 finished with value: 0.004815483109547141 and parameters: {'observation_period_num': 135, 'train_rates': 0.8700267843149222, 'learning_rate': 0.000356114611486618, 'batch_size': 184, 'step_size': 11, 'gamma': 0.8388536222372793}. Best is trial 18 with value: 0.003603787578899285.[0m
[32m[I 2025-02-02 17:50:43,366][0m Trial 27 finished with value: 0.01975141568333099 and parameters: {'observation_period_num': 162, 'train_rates': 0.7165785746055754, 'learning_rate': 8.69997658870554e-05, 'batch_size': 40, 'step_size': 12, 'gamma': 0.8753302845144915}. Best is trial 18 with value: 0.003603787578899285.[0m
[32m[I 2025-02-02 17:51:44,516][0m Trial 28 finished with value: 0.028526463908650622 and parameters: {'observation_period_num': 90, 'train_rates': 0.7929667943742398, 'learning_rate': 2.8183217054298008e-05, 'batch_size': 82, 'step_size': 8, 'gamma': 0.9314683336505246}. Best is trial 18 with value: 0.003603787578899285.[0m
[32m[I 2025-02-02 17:53:09,974][0m Trial 29 finished with value: 0.0018420144356684183 and parameters: {'observation_period_num': 64, 'train_rates': 0.8437200063508796, 'learning_rate': 0.00045153846471584466, 'batch_size': 62, 'step_size': 10, 'gamma': 0.8947689000726503}. Best is trial 29 with value: 0.0018420144356684183.[0m
[32m[I 2025-02-02 17:54:37,936][0m Trial 30 finished with value: 0.0032185569496320215 and parameters: {'observation_period_num': 29, 'train_rates': 0.8384957075576043, 'learning_rate': 0.0005251871692681249, 'batch_size': 60, 'step_size': 10, 'gamma': 0.8921213259375455}. Best is trial 29 with value: 0.0018420144356684183.[0m
[32m[I 2025-02-02 17:56:07,522][0m Trial 31 finished with value: 0.007311691913534613 and parameters: {'observation_period_num': 8, 'train_rates': 0.8440401970570885, 'learning_rate': 0.0005846997709727323, 'batch_size': 60, 'step_size': 10, 'gamma': 0.89823851038531}. Best is trial 29 with value: 0.0018420144356684183.[0m
[32m[I 2025-02-02 17:58:37,612][0m Trial 32 finished with value: 0.0026086458968045357 and parameters: {'observation_period_num': 33, 'train_rates': 0.8087273199736943, 'learning_rate': 0.0004909385902050774, 'batch_size': 34, 'step_size': 12, 'gamma': 0.8619663890054244}. Best is trial 29 with value: 0.0018420144356684183.[0m
[32m[I 2025-02-02 18:01:25,116][0m Trial 33 finished with value: 0.003019467176943037 and parameters: {'observation_period_num': 40, 'train_rates': 0.8044016258856763, 'learning_rate': 0.0005181594605621684, 'batch_size': 30, 'step_size': 12, 'gamma': 0.8976593633103613}. Best is trial 29 with value: 0.0018420144356684183.[0m
[32m[I 2025-02-02 18:06:34,510][0m Trial 34 finished with value: 0.0052814113390025974 and parameters: {'observation_period_num': 39, 'train_rates': 0.7994688157955497, 'learning_rate': 0.0005190634574334088, 'batch_size': 16, 'step_size': 13, 'gamma': 0.9047281977635055}. Best is trial 29 with value: 0.0018420144356684183.[0m
[32m[I 2025-02-02 18:08:54,897][0m Trial 35 finished with value: 0.01801920662331114 and parameters: {'observation_period_num': 60, 'train_rates': 0.7130602088536148, 'learning_rate': 0.0009986007303000141, 'batch_size': 33, 'step_size': 12, 'gamma': 0.8898616471955884}. Best is trial 29 with value: 0.0018420144356684183.[0m
[32m[I 2025-02-02 18:11:30,709][0m Trial 36 finished with value: 0.005032118987197018 and parameters: {'observation_period_num': 33, 'train_rates': 0.8154531587745358, 'learning_rate': 0.00034623755797985356, 'batch_size': 33, 'step_size': 13, 'gamma': 0.8622578042945578}. Best is trial 29 with value: 0.0018420144356684183.[0m
[32m[I 2025-02-02 18:12:54,141][0m Trial 37 finished with value: 0.0040996256783087685 and parameters: {'observation_period_num': 67, 'train_rates': 0.7701286990483669, 'learning_rate': 0.0006228033911840714, 'batch_size': 59, 'step_size': 15, 'gamma': 0.926413182114755}. Best is trial 29 with value: 0.0018420144356684183.[0m
[32m[I 2025-02-02 18:14:09,513][0m Trial 38 finished with value: 0.007275797757387593 and parameters: {'observation_period_num': 23, 'train_rates': 0.8352715753941719, 'learning_rate': 0.00013533198925224697, 'batch_size': 70, 'step_size': 12, 'gamma': 0.9034466511241906}. Best is trial 29 with value: 0.0018420144356684183.[0m
[32m[I 2025-02-02 18:18:57,042][0m Trial 39 finished with value: 0.0066218797920737415 and parameters: {'observation_period_num': 57, 'train_rates': 0.7928267438937371, 'learning_rate': 0.0004446964221298546, 'batch_size': 17, 'step_size': 14, 'gamma': 0.9113520714493268}. Best is trial 29 with value: 0.0018420144356684183.[0m
[32m[I 2025-02-02 18:21:05,659][0m Trial 40 finished with value: 0.0005262018653531381 and parameters: {'observation_period_num': 73, 'train_rates': 0.8818064386146263, 'learning_rate': 0.0007464938913060719, 'batch_size': 42, 'step_size': 10, 'gamma': 0.8515167767066218}. Best is trial 40 with value: 0.0005262018653531381.[0m
[32m[I 2025-02-02 18:22:58,912][0m Trial 41 finished with value: 0.0006760833377811241 and parameters: {'observation_period_num': 73, 'train_rates': 0.8765529902914825, 'learning_rate': 0.0006915732863748972, 'batch_size': 47, 'step_size': 10, 'gamma': 0.8525487830341401}. Best is trial 40 with value: 0.0005262018653531381.[0m
[32m[I 2025-02-02 18:24:57,755][0m Trial 42 finished with value: 0.0009353785059394558 and parameters: {'observation_period_num': 77, 'train_rates': 0.8799364552569688, 'learning_rate': 0.0007803937789208713, 'batch_size': 45, 'step_size': 11, 'gamma': 0.8523287508193522}. Best is trial 40 with value: 0.0005262018653531381.[0m
[32m[I 2025-02-02 18:26:54,792][0m Trial 43 finished with value: 0.0008513136474392945 and parameters: {'observation_period_num': 75, 'train_rates': 0.8861892417092871, 'learning_rate': 0.0008144997864855078, 'batch_size': 46, 'step_size': 11, 'gamma': 0.851503229913835}. Best is trial 40 with value: 0.0005262018653531381.[0m
[32m[I 2025-02-02 18:28:51,332][0m Trial 44 finished with value: 0.0008637293967358009 and parameters: {'observation_period_num': 75, 'train_rates': 0.8874425016376892, 'learning_rate': 0.000782482372041013, 'batch_size': 46, 'step_size': 11, 'gamma': 0.8521876242992363}. Best is trial 40 with value: 0.0005262018653531381.[0m
[32m[I 2025-02-02 18:30:42,187][0m Trial 45 finished with value: 0.0009461557968700332 and parameters: {'observation_period_num': 76, 'train_rates': 0.8837380011066395, 'learning_rate': 0.0008526337007805263, 'batch_size': 48, 'step_size': 11, 'gamma': 0.8480985669458404}. Best is trial 40 with value: 0.0005262018653531381.[0m
[32m[I 2025-02-02 18:32:46,398][0m Trial 46 finished with value: 0.000944317150194019 and parameters: {'observation_period_num': 105, 'train_rates': 0.901305996719425, 'learning_rate': 0.0007850760614121756, 'batch_size': 43, 'step_size': 11, 'gamma': 0.8059311408985126}. Best is trial 40 with value: 0.0005262018653531381.[0m
[32m[I 2025-02-02 18:33:37,031][0m Trial 47 finished with value: 0.13489877965932334 and parameters: {'observation_period_num': 79, 'train_rates': 0.8728401015418784, 'learning_rate': 7.608678455483825e-06, 'batch_size': 106, 'step_size': 10, 'gamma': 0.8483589500282077}. Best is trial 40 with value: 0.0005262018653531381.[0m
[32m[I 2025-02-02 18:37:29,204][0m Trial 48 finished with value: 0.014473468403924595 and parameters: {'observation_period_num': 103, 'train_rates': 0.9617112510977043, 'learning_rate': 0.0007388149881246851, 'batch_size': 24, 'step_size': 1, 'gamma': 0.8260212935973485}. Best is trial 40 with value: 0.0005262018653531381.[0m
[32m[I 2025-02-02 18:37:55,014][0m Trial 49 finished with value: 0.007459329244179221 and parameters: {'observation_period_num': 51, 'train_rates': 0.9013938704829068, 'learning_rate': 0.0002894879982633395, 'batch_size': 231, 'step_size': 7, 'gamma': 0.8679500770816538}. Best is trial 40 with value: 0.0005262018653531381.[0m
[32m[I 2025-02-02 18:37:55,020][0m A new study created in memory with name: no-name-d7a9a4b2-f2f0-41a7-ab51-4ea24bff96c2[0m
[32m[I 2025-02-02 18:38:15,972][0m Trial 0 finished with value: 0.005302495279804219 and parameters: {'observation_period_num': 30, 'train_rates': 0.735147606528425, 'learning_rate': 0.0007216631677621527, 'batch_size': 240, 'step_size': 8, 'gamma': 0.8072170595288286}. Best is trial 0 with value: 0.005302495279804219.[0m
[32m[I 2025-02-02 18:40:21,572][0m Trial 1 finished with value: 0.0010844920570996371 and parameters: {'observation_period_num': 158, 'train_rates': 0.8785336941471079, 'learning_rate': 0.0006218670487502326, 'batch_size': 41, 'step_size': 6, 'gamma': 0.7611194005666648}. Best is trial 1 with value: 0.0010844920570996371.[0m
[32m[I 2025-02-02 18:40:42,735][0m Trial 2 finished with value: 0.0022537041638575365 and parameters: {'observation_period_num': 179, 'train_rates': 0.7688576264898239, 'learning_rate': 0.0008541482775595983, 'batch_size': 255, 'step_size': 13, 'gamma': 0.947525160175121}. Best is trial 1 with value: 0.0010844920570996371.[0m
[32m[I 2025-02-02 18:41:03,458][0m Trial 3 finished with value: 0.0062297164316177855 and parameters: {'observation_period_num': 149, 'train_rates': 0.7819653891593853, 'learning_rate': 0.0003403382628662294, 'batch_size': 255, 'step_size': 3, 'gamma': 0.8886183808507309}. Best is trial 1 with value: 0.0010844920570996371.[0m
[32m[I 2025-02-02 18:42:30,148][0m Trial 4 finished with value: 0.011159954113090646 and parameters: {'observation_period_num': 160, 'train_rates': 0.6081765745232757, 'learning_rate': 0.00011244046762886113, 'batch_size': 47, 'step_size': 8, 'gamma': 0.7521862344148263}. Best is trial 1 with value: 0.0010844920570996371.[0m
[32m[I 2025-02-02 18:42:55,883][0m Trial 5 finished with value: 0.3973291516304016 and parameters: {'observation_period_num': 28, 'train_rates': 0.9610102375988003, 'learning_rate': 3.9450776384786e-06, 'batch_size': 252, 'step_size': 5, 'gamma': 0.7783665557284524}. Best is trial 1 with value: 0.0010844920570996371.[0m
[32m[I 2025-02-02 18:43:34,689][0m Trial 6 finished with value: 0.3646777525449855 and parameters: {'observation_period_num': 154, 'train_rates': 0.8306526764317814, 'learning_rate': 5.9530563258105424e-06, 'batch_size': 133, 'step_size': 2, 'gamma': 0.8857111532059183}. Best is trial 1 with value: 0.0010844920570996371.[0m
[32m[I 2025-02-02 18:43:59,436][0m Trial 7 finished with value: 0.04035131721342805 and parameters: {'observation_period_num': 31, 'train_rates': 0.6037984396306781, 'learning_rate': 7.056036665692767e-05, 'batch_size': 191, 'step_size': 11, 'gamma': 0.8720780614934767}. Best is trial 1 with value: 0.0010844920570996371.[0m
[32m[I 2025-02-02 18:44:20,844][0m Trial 8 finished with value: 0.8324056278139876 and parameters: {'observation_period_num': 48, 'train_rates': 0.666814297953958, 'learning_rate': 2.4829980734054136e-06, 'batch_size': 229, 'step_size': 1, 'gamma': 0.8930081612918308}. Best is trial 1 with value: 0.0010844920570996371.[0m
[32m[I 2025-02-02 18:45:22,633][0m Trial 9 finished with value: 0.22848856723444028 and parameters: {'observation_period_num': 206, 'train_rates': 0.8398872342777526, 'learning_rate': 2.448227258941185e-06, 'batch_size': 81, 'step_size': 10, 'gamma': 0.8556578400765427}. Best is trial 1 with value: 0.0010844920570996371.[0m
[32m[I 2025-02-02 18:48:17,583][0m Trial 10 finished with value: 0.03020575750304992 and parameters: {'observation_period_num': 95, 'train_rates': 0.9420436817164066, 'learning_rate': 1.4789179723926759e-05, 'batch_size': 32, 'step_size': 5, 'gamma': 0.822599569135059}. Best is trial 1 with value: 0.0010844920570996371.[0m
[32m[I 2025-02-02 18:48:58,832][0m Trial 11 finished with value: 0.0043899690543234655 and parameters: {'observation_period_num': 218, 'train_rates': 0.8929244098037472, 'learning_rate': 0.0009660529529810653, 'batch_size': 131, 'step_size': 15, 'gamma': 0.9780239020739191}. Best is trial 1 with value: 0.0010844920570996371.[0m
[32m[I 2025-02-02 18:49:26,412][0m Trial 12 finished with value: 0.0024593232569682395 and parameters: {'observation_period_num': 250, 'train_rates': 0.7340376774095811, 'learning_rate': 0.00028671909103611366, 'batch_size': 175, 'step_size': 14, 'gamma': 0.9556048246137954}. Best is trial 1 with value: 0.0010844920570996371.[0m
[32m[I 2025-02-02 18:50:29,396][0m Trial 13 finished with value: 0.0014460234680475283 and parameters: {'observation_period_num': 191, 'train_rates': 0.8998003783770331, 'learning_rate': 0.0001758993213316487, 'batch_size': 83, 'step_size': 12, 'gamma': 0.9336121512146316}. Best is trial 1 with value: 0.0010844920570996371.[0m
[32m[I 2025-02-02 18:51:39,156][0m Trial 14 finished with value: 0.0035672656869372497 and parameters: {'observation_period_num': 96, 'train_rates': 0.9090751021538368, 'learning_rate': 0.00010040590159967645, 'batch_size': 80, 'step_size': 6, 'gamma': 0.9267632229928445}. Best is trial 1 with value: 0.0010844920570996371.[0m
[32m[I 2025-02-02 18:52:52,689][0m Trial 15 finished with value: 0.009308668784797192 and parameters: {'observation_period_num': 108, 'train_rates': 0.9872775247273822, 'learning_rate': 2.733722739869667e-05, 'batch_size': 80, 'step_size': 11, 'gamma': 0.9232613560985579}. Best is trial 1 with value: 0.0010844920570996371.[0m
[32m[I 2025-02-02 18:54:21,582][0m Trial 16 finished with value: 0.001184065646450636 and parameters: {'observation_period_num': 195, 'train_rates': 0.8652655738684156, 'learning_rate': 0.00025486250054472954, 'batch_size': 57, 'step_size': 9, 'gamma': 0.8272469589789423}. Best is trial 1 with value: 0.0010844920570996371.[0m
[32m[I 2025-02-02 18:58:46,741][0m Trial 17 finished with value: 0.0019710332861395327 and parameters: {'observation_period_num': 227, 'train_rates': 0.8330021835143057, 'learning_rate': 4.3178902258937484e-05, 'batch_size': 18, 'step_size': 9, 'gamma': 0.8219439304222618}. Best is trial 1 with value: 0.0010844920570996371.[0m
[32m[I 2025-02-02 19:00:26,103][0m Trial 18 finished with value: 0.001878638080447296 and parameters: {'observation_period_num': 129, 'train_rates': 0.8588959289660786, 'learning_rate': 0.0003288394373893324, 'batch_size': 52, 'step_size': 7, 'gamma': 0.7512697193213439}. Best is trial 1 with value: 0.0010844920570996371.[0m
[32m[I 2025-02-02 19:01:17,462][0m Trial 19 finished with value: 0.003389884564068085 and parameters: {'observation_period_num': 179, 'train_rates': 0.8715419875559789, 'learning_rate': 0.0004963692180264311, 'batch_size': 103, 'step_size': 4, 'gamma': 0.7918308129899025}. Best is trial 1 with value: 0.0010844920570996371.[0m
[32m[I 2025-02-02 19:03:01,039][0m Trial 20 finished with value: 0.0025421273577111688 and parameters: {'observation_period_num': 73, 'train_rates': 0.931195251693038, 'learning_rate': 0.00018995289793828174, 'batch_size': 54, 'step_size': 7, 'gamma': 0.8394966927666423}. Best is trial 1 with value: 0.0010844920570996371.[0m
[32m[I 2025-02-02 19:03:49,879][0m Trial 21 finished with value: 0.0023396238642166894 and parameters: {'observation_period_num': 188, 'train_rates': 0.9009680835656704, 'learning_rate': 0.00019348448950858686, 'batch_size': 110, 'step_size': 12, 'gamma': 0.7782424766328002}. Best is trial 1 with value: 0.0010844920570996371.[0m
[32m[I 2025-02-02 19:05:02,781][0m Trial 22 finished with value: 0.0024079637482662614 and parameters: {'observation_period_num': 200, 'train_rates': 0.8100247079354188, 'learning_rate': 0.00015205140327105113, 'batch_size': 66, 'step_size': 10, 'gamma': 0.9878559297095024}. Best is trial 1 with value: 0.0010844920570996371.[0m
[32m[I 2025-02-02 19:08:59,000][0m Trial 23 finished with value: 0.017871381464734007 and parameters: {'observation_period_num': 237, 'train_rates': 0.8768832272416737, 'learning_rate': 6.445207408745962e-05, 'batch_size': 21, 'step_size': 13, 'gamma': 0.9123219028459821}. Best is trial 1 with value: 0.0010844920570996371.[0m
[32m[I 2025-02-02 19:09:59,987][0m Trial 24 finished with value: 0.0016259429995324867 and parameters: {'observation_period_num': 123, 'train_rates': 0.9349727068285134, 'learning_rate': 0.0004649822780722168, 'batch_size': 93, 'step_size': 9, 'gamma': 0.8494047685196962}. Best is trial 1 with value: 0.0010844920570996371.[0m
[32m[I 2025-02-02 19:12:26,750][0m Trial 25 finished with value: 0.0031666944640270176 and parameters: {'observation_period_num': 165, 'train_rates': 0.9754222339961934, 'learning_rate': 2.900182137933825e-05, 'batch_size': 38, 'step_size': 12, 'gamma': 0.7754160740373993}. Best is trial 1 with value: 0.0010844920570996371.[0m
[32m[I 2025-02-02 19:13:42,842][0m Trial 26 finished with value: 0.0015703215931961566 and parameters: {'observation_period_num': 139, 'train_rates': 0.8035419759753405, 'learning_rate': 0.0005293700035609135, 'batch_size': 65, 'step_size': 6, 'gamma': 0.8108050461819338}. Best is trial 1 with value: 0.0010844920570996371.[0m
[32m[I 2025-02-02 19:14:31,742][0m Trial 27 finished with value: 0.0014221994021685902 and parameters: {'observation_period_num': 195, 'train_rates': 0.9177143713710532, 'learning_rate': 0.00023962935616882115, 'batch_size': 110, 'step_size': 10, 'gamma': 0.834100235374299}. Best is trial 1 with value: 0.0010844920570996371.[0m
[32m[I 2025-02-02 19:15:07,312][0m Trial 28 finished with value: 0.002078507049572504 and parameters: {'observation_period_num': 171, 'train_rates': 0.8663667485011245, 'learning_rate': 0.0002766882344970932, 'batch_size': 153, 'step_size': 9, 'gamma': 0.8356155938463421}. Best is trial 1 with value: 0.0010844920570996371.[0m
[32m[I 2025-02-02 19:15:47,851][0m Trial 29 finished with value: 0.0713701157271862 and parameters: {'observation_period_num': 213, 'train_rates': 0.7536430484869933, 'learning_rate': 1.445627912112305e-05, 'batch_size': 117, 'step_size': 7, 'gamma': 0.8038236887214539}. Best is trial 1 with value: 0.0010844920570996371.[0m
[32m[I 2025-02-02 19:16:18,710][0m Trial 30 finished with value: 0.002518272226059388 and parameters: {'observation_period_num': 250, 'train_rates': 0.7072137725942734, 'learning_rate': 0.0005571837068944211, 'batch_size': 155, 'step_size': 8, 'gamma': 0.8642595220223953}. Best is trial 1 with value: 0.0010844920570996371.[0m
