[32m[I 2025-02-02 20:32:27,352][0m Trial 47 finished with value: 0.004487658263559439 and parameters: {'observation_period_num': 154, 'train_rates': 0.7605572123861601, 'learning_rate': 0.00041398541595574984, 'batch_size': 183, 'step_size': 5, 'gamma': 0.9854432281329351}. Best is trial 46 with value: 0.002094363095238805.[0m
[32m[I 2025-02-02 20:32:56,460][0m Trial 48 finished with value: 0.004857950300599138 and parameters: {'observation_period_num': 176, 'train_rates': 0.8097376080206096, 'learning_rate': 0.00067022301020775, 'batch_size': 176, 'step_size': 7, 'gamma': 0.9523234059164157}. Best is trial 46 with value: 0.002094363095238805.[0m
[32m[I 2025-02-02 20:33:22,210][0m Trial 49 finished with value: 0.0019691854249686003 and parameters: {'observation_period_num': 88, 'train_rates': 0.9549021603702722, 'learning_rate': 0.00020192466572143317, 'batch_size': 240, 'step_size': 8, 'gamma': 0.9634980256075073}. Best is trial 49 with value: 0.0019691854249686003.[0m
[32m[I 2025-02-02 20:33:22,216][0m A new study created in memory with name: no-name-efcf1f23-b3f3-4bc7-a23d-d632db03b2c9[0m
[32m[I 2025-02-02 20:33:51,652][0m Trial 0 finished with value: 0.5342639575317276 and parameters: {'observation_period_num': 174, 'train_rates': 0.6196678648565599, 'learning_rate': 1.52088359669044e-06, 'batch_size': 145, 'step_size': 13, 'gamma': 0.8163828145512197}. Best is trial 0 with value: 0.5342639575317276.[0m
[32m[I 2025-02-02 20:34:13,756][0m Trial 1 finished with value: 0.02488178413821965 and parameters: {'observation_period_num': 20, 'train_rates': 0.6191183355540282, 'learning_rate': 4.660690294755866e-05, 'batch_size': 218, 'step_size': 13, 'gamma': 0.8789190249039361}. Best is trial 1 with value: 0.02488178413821965.[0m
[32m[I 2025-02-02 20:35:46,278][0m Trial 2 finished with value: 0.006426871935459408 and parameters: {'observation_period_num': 226, 'train_rates': 0.9324415902765553, 'learning_rate': 0.0001626961681688393, 'batch_size': 58, 'step_size': 8, 'gamma': 0.9147527454344414}. Best is trial 2 with value: 0.006426871935459408.[0m
[32m[I 2025-02-02 20:36:14,572][0m Trial 3 finished with value: 0.05818936013960623 and parameters: {'observation_period_num': 108, 'train_rates': 0.9220981281992071, 'learning_rate': 0.0001218471315242409, 'batch_size': 202, 'step_size': 2, 'gamma': 0.7845894483263403}. Best is trial 2 with value: 0.006426871935459408.[0m
[32m[I 2025-02-02 20:37:31,517][0m Trial 4 finished with value: 0.018442025649316057 and parameters: {'observation_period_num': 178, 'train_rates': 0.7181131994735034, 'learning_rate': 0.0001104476765524538, 'batch_size': 59, 'step_size': 11, 'gamma': 0.8366305983522627}. Best is trial 2 with value: 0.006426871935459408.[0m
[32m[I 2025-02-02 20:38:07,326][0m Trial 5 finished with value: 0.01306759821343909 and parameters: {'observation_period_num': 109, 'train_rates': 0.6190545157542887, 'learning_rate': 0.0003099055790909807, 'batch_size': 123, 'step_size': 8, 'gamma': 0.8709994069637416}. Best is trial 2 with value: 0.006426871935459408.[0m
[32m[I 2025-02-02 20:38:42,489][0m Trial 6 finished with value: 0.011512030421544668 and parameters: {'observation_period_num': 225, 'train_rates': 0.8757461024008584, 'learning_rate': 3.200187239792656e-05, 'batch_size': 152, 'step_size': 14, 'gamma': 0.866563390568262}. Best is trial 2 with value: 0.006426871935459408.[0m
[32m[I 2025-02-02 20:39:06,446][0m Trial 7 finished with value: 0.09032798483615508 and parameters: {'observation_period_num': 229, 'train_rates': 0.689112888820412, 'learning_rate': 1.0500373114149382e-05, 'batch_size': 193, 'step_size': 13, 'gamma': 0.8917265054685855}. Best is trial 2 with value: 0.006426871935459408.[0m
[32m[I 2025-02-02 20:39:35,650][0m Trial 8 finished with value: 0.3831425816268073 and parameters: {'observation_period_num': 251, 'train_rates': 0.6794146948829914, 'learning_rate': 1.0603605159921816e-06, 'batch_size': 111, 'step_size': 1, 'gamma': 0.8319262704689602}. Best is trial 2 with value: 0.006426871935459408.[0m
[32m[I 2025-02-02 20:39:55,621][0m Trial 9 finished with value: 0.010816696056221821 and parameters: {'observation_period_num': 188, 'train_rates': 0.6451926688326187, 'learning_rate': 0.00020361143217511592, 'batch_size': 244, 'step_size': 12, 'gamma': 0.8666642454460668}. Best is trial 2 with value: 0.006426871935459408.[0m
[32m[I 2025-02-02 20:44:05,501][0m Trial 10 finished with value: 2.895783953550385 and parameters: {'observation_period_num': 36, 'train_rates': 0.9721534174437267, 'learning_rate': 0.0009218069138293899, 'batch_size': 23, 'step_size': 6, 'gamma': 0.9681961393361013}. Best is trial 2 with value: 0.006426871935459408.[0m
[32m[I 2025-02-02 20:44:26,498][0m Trial 11 finished with value: 0.0055083385900190065 and parameters: {'observation_period_num': 171, 'train_rates': 0.8121142983719939, 'learning_rate': 0.0004669943011746587, 'batch_size': 253, 'step_size': 9, 'gamma': 0.9262801180267586}. Best is trial 11 with value: 0.0055083385900190065.[0m
[32m[I 2025-02-02 20:45:29,932][0m Trial 12 finished with value: 0.006926331940327876 and parameters: {'observation_period_num': 146, 'train_rates': 0.7927861989237265, 'learning_rate': 0.0009392136236288168, 'batch_size': 78, 'step_size': 6, 'gamma': 0.9443444223001799}. Best is trial 11 with value: 0.0055083385900190065.[0m
[32m[I 2025-02-02 20:48:44,022][0m Trial 13 finished with value: 0.016462144328770176 and parameters: {'observation_period_num': 206, 'train_rates': 0.8323372404698111, 'learning_rate': 0.00029684047364460133, 'batch_size': 25, 'step_size': 10, 'gamma': 0.9305539239743277}. Best is trial 11 with value: 0.0055083385900190065.[0m
[32m[I 2025-02-02 20:49:37,067][0m Trial 14 finished with value: 0.06308001089023381 and parameters: {'observation_period_num': 150, 'train_rates': 0.7660272305445308, 'learning_rate': 1.3545088005558929e-05, 'batch_size': 92, 'step_size': 8, 'gamma': 0.9167647882661449}. Best is trial 11 with value: 0.0055083385900190065.[0m
[32m[I 2025-02-02 20:50:15,234][0m Trial 15 finished with value: 0.009678911417722702 and parameters: {'observation_period_num': 69, 'train_rates': 0.9738494942829936, 'learning_rate': 0.0004847735727163715, 'batch_size': 164, 'step_size': 5, 'gamma': 0.9866841255968152}. Best is trial 11 with value: 0.0055083385900190065.[0m
[32m[I 2025-02-02 20:50:37,337][0m Trial 16 finished with value: 0.007726046828659358 and parameters: {'observation_period_num': 245, 'train_rates': 0.8771123849743747, 'learning_rate': 7.590227173988406e-05, 'batch_size': 247, 'step_size': 9, 'gamma': 0.9121993314594468}. Best is trial 11 with value: 0.0055083385900190065.[0m
[32m[I 2025-02-02 20:52:17,788][0m Trial 17 finished with value: 0.016381226930210824 and parameters: {'observation_period_num': 207, 'train_rates': 0.912205936803922, 'learning_rate': 1.3381585639706314e-05, 'batch_size': 53, 'step_size': 4, 'gamma': 0.9498167563854725}. Best is trial 11 with value: 0.0055083385900190065.[0m
[32m[I 2025-02-02 20:52:48,944][0m Trial 18 finished with value: 0.004832201425663449 and parameters: {'observation_period_num': 151, 'train_rates': 0.8351661527504375, 'learning_rate': 0.0004937834677350305, 'batch_size': 175, 'step_size': 10, 'gamma': 0.7525810461471741}. Best is trial 18 with value: 0.004832201425663449.[0m
[32m[I 2025-02-02 20:53:18,976][0m Trial 19 finished with value: 0.012862283660936969 and parameters: {'observation_period_num': 114, 'train_rates': 0.7502183002781613, 'learning_rate': 0.00041361758912688895, 'batch_size': 170, 'step_size': 15, 'gamma': 0.7645599271243224}. Best is trial 18 with value: 0.004832201425663449.[0m
[32m[I 2025-02-02 20:53:43,624][0m Trial 20 finished with value: 0.16773278692589272 and parameters: {'observation_period_num': 69, 'train_rates': 0.8296864346329111, 'learning_rate': 3.1401110112030296e-06, 'batch_size': 223, 'step_size': 10, 'gamma': 0.7576781645930744}. Best is trial 18 with value: 0.004832201425663449.[0m
[32m[I 2025-02-02 20:54:12,122][0m Trial 21 finished with value: 0.008196728018557895 and parameters: {'observation_period_num': 153, 'train_rates': 0.8358887550007732, 'learning_rate': 0.00017951766653700722, 'batch_size': 186, 'step_size': 8, 'gamma': 0.8930606725973986}. Best is trial 18 with value: 0.004832201425663449.[0m
[32m[I 2025-02-02 20:54:59,806][0m Trial 22 finished with value: 0.005284863164605096 and parameters: {'observation_period_num': 200, 'train_rates': 0.921941580759745, 'learning_rate': 0.0005643752572733156, 'batch_size': 112, 'step_size': 7, 'gamma': 0.7961069071312019}. Best is trial 18 with value: 0.004832201425663449.[0m
[32m[I 2025-02-02 20:55:42,434][0m Trial 23 finished with value: 0.005129824427453347 and parameters: {'observation_period_num': 132, 'train_rates': 0.867990407544767, 'learning_rate': 0.0006788815700995594, 'batch_size': 127, 'step_size': 6, 'gamma': 0.7940265946589973}. Best is trial 18 with value: 0.004832201425663449.[0m
[32m[I 2025-02-02 20:56:25,559][0m Trial 24 finished with value: 0.01068399689901165 and parameters: {'observation_period_num': 131, 'train_rates': 0.8580639922636913, 'learning_rate': 0.0006342421240108332, 'batch_size': 123, 'step_size': 4, 'gamma': 0.7925705922169929}. Best is trial 18 with value: 0.004832201425663449.[0m
[32m[I 2025-02-02 20:57:20,020][0m Trial 25 finished with value: 0.0039008722799028167 and parameters: {'observation_period_num': 74, 'train_rates': 0.8998763461037514, 'learning_rate': 0.0009924464387486072, 'batch_size': 101, 'step_size': 6, 'gamma': 0.77952055460427}. Best is trial 25 with value: 0.0039008722799028167.[0m
[32m[I 2025-02-02 20:57:58,542][0m Trial 26 finished with value: 0.012556489830490954 and parameters: {'observation_period_num': 85, 'train_rates': 0.8742158511542402, 'learning_rate': 0.0009351636682663591, 'batch_size': 140, 'step_size': 3, 'gamma': 0.7762697212406869}. Best is trial 25 with value: 0.0039008722799028167.[0m
[32m[I 2025-02-02 20:58:53,025][0m Trial 27 finished with value: 0.013726891294315952 and parameters: {'observation_period_num': 83, 'train_rates': 0.7794643262607155, 'learning_rate': 0.000263570900966656, 'batch_size': 93, 'step_size': 6, 'gamma': 0.7532970583872469}. Best is trial 25 with value: 0.0039008722799028167.[0m
[32m[I 2025-02-02 20:59:27,219][0m Trial 28 finished with value: 0.028805472338473418 and parameters: {'observation_period_num': 49, 'train_rates': 0.9027499330347645, 'learning_rate': 6.988398671563038e-05, 'batch_size': 170, 'step_size': 5, 'gamma': 0.8130710489408413}. Best is trial 25 with value: 0.0039008722799028167.[0m
[32m[I 2025-02-02 21:00:05,127][0m Trial 29 finished with value: 0.003242287551984191 and parameters: {'observation_period_num': 131, 'train_rates': 0.9501382834633193, 'learning_rate': 0.0006873585668728571, 'batch_size': 150, 'step_size': 11, 'gamma': 0.8118402458270132}. Best is trial 29 with value: 0.003242287551984191.[0m
[32m[I 2025-02-02 21:00:43,381][0m Trial 30 finished with value: 0.19110916554927826 and parameters: {'observation_period_num': 94, 'train_rates': 0.9524656679123924, 'learning_rate': 4.1387131638137414e-06, 'batch_size': 154, 'step_size': 12, 'gamma': 0.8131827532185888}. Best is trial 29 with value: 0.003242287551984191.[0m
[32m[I 2025-02-02 21:01:23,369][0m Trial 31 finished with value: 0.003456199774518609 and parameters: {'observation_period_num': 125, 'train_rates': 0.9544712375815165, 'learning_rate': 0.0006861216978338715, 'batch_size': 142, 'step_size': 11, 'gamma': 0.7683212056508192}. Best is trial 29 with value: 0.003242287551984191.[0m
[32m[I 2025-02-02 21:02:07,312][0m Trial 32 finished with value: 0.01005653664469719 and parameters: {'observation_period_num': 6, 'train_rates': 0.9886327247535973, 'learning_rate': 0.0003555511526469433, 'batch_size': 143, 'step_size': 11, 'gamma': 0.7737586401507984}. Best is trial 29 with value: 0.003242287551984191.[0m
[32m[I 2025-02-02 21:02:39,411][0m Trial 33 finished with value: 0.004133487120270729 and parameters: {'observation_period_num': 162, 'train_rates': 0.9529886090815124, 'learning_rate': 0.000994585541342675, 'batch_size': 183, 'step_size': 10, 'gamma': 0.8311938490650937}. Best is trial 29 with value: 0.003242287551984191.[0m
[32m[I 2025-02-02 21:03:05,480][0m Trial 34 finished with value: 0.0037559892516583204 and parameters: {'observation_period_num': 165, 'train_rates': 0.9424947792175895, 'learning_rate': 0.0009364635522723762, 'batch_size': 221, 'step_size': 12, 'gamma': 0.8427938430408336}. Best is trial 29 with value: 0.003242287551984191.[0m
[32m[I 2025-02-02 21:03:31,201][0m Trial 35 finished with value: 0.009303838945925236 and parameters: {'observation_period_num': 122, 'train_rates': 0.9405866628036469, 'learning_rate': 0.00012056513197759207, 'batch_size': 222, 'step_size': 12, 'gamma': 0.8046633953974496}. Best is trial 29 with value: 0.003242287551984191.[0m
[32m[I 2025-02-02 21:04:28,200][0m Trial 36 finished with value: 0.004344218539713073 and parameters: {'observation_period_num': 138, 'train_rates': 0.9028349873273633, 'learning_rate': 0.00022838650288034874, 'batch_size': 94, 'step_size': 14, 'gamma': 0.8445820431938884}. Best is trial 29 with value: 0.003242287551984191.[0m
[32m[I 2025-02-02 21:04:55,959][0m Trial 37 finished with value: 0.0031373233068734407 and parameters: {'observation_period_num': 96, 'train_rates': 0.9632581645752527, 'learning_rate': 0.0006680201882302293, 'batch_size': 213, 'step_size': 11, 'gamma': 0.8461826710749629}. Best is trial 37 with value: 0.0031373233068734407.[0m
[32m[I 2025-02-02 21:05:25,702][0m Trial 38 finished with value: 0.003630219493061304 and parameters: {'observation_period_num': 102, 'train_rates': 0.9881282071299312, 'learning_rate': 0.00064706950487669, 'batch_size': 204, 'step_size': 11, 'gamma': 0.8387929601042793}. Best is trial 37 with value: 0.0031373233068734407.[0m
[32m[I 2025-02-02 21:05:55,400][0m Trial 39 finished with value: 0.02129318378865719 and parameters: {'observation_period_num': 106, 'train_rates': 0.9684764857513483, 'learning_rate': 8.187997376762522e-05, 'batch_size': 203, 'step_size': 11, 'gamma': 0.8540442945923966}. Best is trial 37 with value: 0.0031373233068734407.[0m
[32m[I 2025-02-02 21:06:26,388][0m Trial 40 finished with value: 0.015036031603813171 and parameters: {'observation_period_num': 101, 'train_rates': 0.9806593345939958, 'learning_rate': 0.0001431472545202096, 'batch_size': 200, 'step_size': 13, 'gamma': 0.8224242049435446}. Best is trial 37 with value: 0.0031373233068734407.[0m
[32m[I 2025-02-02 21:06:52,292][0m Trial 41 finished with value: 0.0034897944424301386 and parameters: {'observation_period_num': 123, 'train_rates': 0.9376952060455825, 'learning_rate': 0.000573710153606972, 'batch_size': 234, 'step_size': 12, 'gamma': 0.8516900059491919}. Best is trial 37 with value: 0.0031373233068734407.[0m
[32m[I 2025-02-02 21:07:17,978][0m Trial 42 finished with value: 0.002806697506457567 and parameters: {'observation_period_num': 115, 'train_rates': 0.9570496722126756, 'learning_rate': 0.000652391877904092, 'batch_size': 235, 'step_size': 14, 'gamma': 0.8843541220616946}. Best is trial 42 with value: 0.002806697506457567.[0m
[32m[I 2025-02-02 21:07:44,149][0m Trial 43 finished with value: 0.0034563022200018167 and parameters: {'observation_period_num': 123, 'train_rates': 0.9532662442868489, 'learning_rate': 0.00034370427007682566, 'batch_size': 232, 'step_size': 14, 'gamma': 0.8788507172891792}. Best is trial 42 with value: 0.002806697506457567.[0m
[32m[I 2025-02-02 21:08:10,417][0m Trial 44 finished with value: 0.016267171129584312 and parameters: {'observation_period_num': 117, 'train_rates': 0.9574639545909007, 'learning_rate': 0.00027966681008139446, 'batch_size': 236, 'step_size': 15, 'gamma': 0.8832847239545282}. Best is trial 42 with value: 0.002806697506457567.[0m
[32m[I 2025-02-02 21:08:38,731][0m Trial 45 finished with value: 0.0041744565887546 and parameters: {'observation_period_num': 139, 'train_rates': 0.9219269437824105, 'learning_rate': 0.00035558643752095975, 'batch_size': 212, 'step_size': 14, 'gamma': 0.8970586607377595}. Best is trial 42 with value: 0.002806697506457567.[0m
[32m[I 2025-02-02 21:09:04,581][0m Trial 46 finished with value: 0.03296003118157387 and parameters: {'observation_period_num': 92, 'train_rates': 0.9567606051290029, 'learning_rate': 4.402845625259114e-05, 'batch_size': 236, 'step_size': 14, 'gamma': 0.8656011103850099}. Best is trial 42 with value: 0.002806697506457567.[0m
[32m[I 2025-02-02 21:09:30,364][0m Trial 47 finished with value: 0.022921720176067167 and parameters: {'observation_period_num': 57, 'train_rates': 0.8932002981417975, 'learning_rate': 0.0007053412242031057, 'batch_size': 230, 'step_size': 13, 'gamma': 0.8774199477452195}. Best is trial 42 with value: 0.002806697506457567.[0m
[32m[I 2025-02-02 21:09:57,855][0m Trial 48 finished with value: 0.005004584789276123 and parameters: {'observation_period_num': 111, 'train_rates': 0.93050833970237, 'learning_rate': 0.00039097910227791087, 'batch_size': 210, 'step_size': 15, 'gamma': 0.8554531396234476}. Best is trial 42 with value: 0.002806697506457567.[0m
[32m[I 2025-02-02 21:10:23,530][0m Trial 49 finished with value: 0.006563165690749884 and parameters: {'observation_period_num': 127, 'train_rates': 0.9670014405793905, 'learning_rate': 0.00026378884297234675, 'batch_size': 246, 'step_size': 13, 'gamma': 0.9050352128149114}. Best is trial 42 with value: 0.002806697506457567.[0m
[32m[I 2025-02-02 21:10:23,535][0m A new study created in memory with name: no-name-d5ec7ecf-5727-4d82-8f49-5435265accbe[0m
[32m[I 2025-02-02 21:11:32,063][0m Trial 0 finished with value: 0.19946726751922716 and parameters: {'observation_period_num': 206, 'train_rates': 0.7427292165825852, 'learning_rate': 7.850986583117777e-06, 'batch_size': 67, 'step_size': 11, 'gamma': 0.9056658807926212}. Best is trial 0 with value: 0.19946726751922716.[0m
[32m[I 2025-02-02 21:12:48,893][0m Trial 1 finished with value: 0.24735364791653727 and parameters: {'observation_period_num': 162, 'train_rates': 0.8351081549647719, 'learning_rate': 1.3261881404418783e-06, 'batch_size': 65, 'step_size': 9, 'gamma': 0.95398429664576}. Best is trial 0 with value: 0.19946726751922716.[0m
[32m[I 2025-02-02 21:13:18,193][0m Trial 2 finished with value: 0.5882032980550148 and parameters: {'observation_period_num': 226, 'train_rates': 0.6180841898708928, 'learning_rate': 1.805905202395987e-06, 'batch_size': 143, 'step_size': 5, 'gamma': 0.9684781931344848}. Best is trial 0 with value: 0.19946726751922716.[0m
[32m[I 2025-02-02 21:13:51,666][0m Trial 3 finished with value: 0.10502343898789919 and parameters: {'observation_period_num': 86, 'train_rates': 0.6293038045300038, 'learning_rate': 1.5391581088276606e-05, 'batch_size': 130, 'step_size': 7, 'gamma': 0.9209789158377593}. Best is trial 3 with value: 0.10502343898789919.[0m
[32m[I 2025-02-02 21:14:38,539][0m Trial 4 finished with value: 1.385699260247753 and parameters: {'observation_period_num': 93, 'train_rates': 0.757789911962682, 'learning_rate': 1.3322734753003746e-06, 'batch_size': 107, 'step_size': 7, 'gamma': 0.8905683273589643}. Best is trial 3 with value: 0.10502343898789919.[0m
[32m[I 2025-02-02 21:15:06,598][0m Trial 5 finished with value: 0.008532552092594967 and parameters: {'observation_period_num': 27, 'train_rates': 0.8808505936501484, 'learning_rate': 0.0004759467206686061, 'batch_size': 206, 'step_size': 10, 'gamma': 0.770204398612223}. Best is trial 5 with value: 0.008532552092594967.[0m
[32m[I 2025-02-02 21:17:21,752][0m Trial 6 finished with value: 0.2864346180554824 and parameters: {'observation_period_num': 174, 'train_rates': 0.8097786854581752, 'learning_rate': 1.0718055285170882e-06, 'batch_size': 36, 'step_size': 7, 'gamma': 0.8467351709945079}. Best is trial 5 with value: 0.008532552092594967.[0m
[32m[I 2025-02-02 21:17:56,140][0m Trial 7 finished with value: 0.1507683759385889 and parameters: {'observation_period_num': 87, 'train_rates': 0.9426880883319604, 'learning_rate': 0.0001805744913406557, 'batch_size': 144, 'step_size': 1, 'gamma': 0.8576952898677334}. Best is trial 5 with value: 0.008532552092594967.[0m
[32m[I 2025-02-02 21:18:41,685][0m Trial 8 finished with value: 0.04641226414993335 and parameters: {'observation_period_num': 106, 'train_rates': 0.9252413356969328, 'learning_rate': 0.0006780746031533714, 'batch_size': 125, 'step_size': 3, 'gamma': 0.7533833351809989}. Best is trial 5 with value: 0.008532552092594967.[0m
[32m[I 2025-02-02 21:19:30,802][0m Trial 9 finished with value: 0.011031298797070016 and parameters: {'observation_period_num': 31, 'train_rates': 0.8518008145402515, 'learning_rate': 8.201462302950383e-05, 'batch_size': 110, 'step_size': 7, 'gamma': 0.8343678963572627}. Best is trial 5 with value: 0.008532552092594967.[0m
[32m[I 2025-02-02 21:19:58,596][0m Trial 10 finished with value: 0.007707343436777592 and parameters: {'observation_period_num': 6, 'train_rates': 0.9886373794403186, 'learning_rate': 0.0008932426397633377, 'batch_size': 234, 'step_size': 15, 'gamma': 0.7594168605396175}. Best is trial 10 with value: 0.007707343436777592.[0m
[32m[I 2025-02-02 21:20:26,075][0m Trial 11 finished with value: 0.005955642554908991 and parameters: {'observation_period_num': 11, 'train_rates': 0.9694693694871512, 'learning_rate': 0.000755965407595959, 'batch_size': 234, 'step_size': 15, 'gamma': 0.7521745648818272}. Best is trial 11 with value: 0.005955642554908991.[0m
