[32m[I 2025-02-02 16:37:12,617][0m A new study created in memory with name: no-name-42a5bd89-8388-4e49-a3d1-950110fdf385[0m
Non-A100 GPU detected, using math or mem efficient attention if input tensor is on cuda
[32m[I 2025-02-02 16:37:34,202][0m Trial 0 finished with value: 0.017782458177279064 and parameters: {'observation_period_num': 23, 'train_rates': 0.6954742614254468, 'learning_rate': 0.0006210700564348311, 'batch_size': 242, 'step_size': 11, 'gamma': 0.961844952583729}. Best is trial 0 with value: 0.017782458177279064.[0m
[32m[I 2025-02-02 16:41:05,615][0m Trial 1 finished with value: 0.0060841830922885145 and parameters: {'observation_period_num': 38, 'train_rates': 0.9518814182816279, 'learning_rate': 3.779917182692887e-06, 'batch_size': 27, 'step_size': 8, 'gamma': 0.8864069468352455}. Best is trial 1 with value: 0.0060841830922885145.[0m
[32m[I 2025-02-02 16:41:43,629][0m Trial 2 finished with value: 0.006339814710590674 and parameters: {'observation_period_num': 173, 'train_rates': 0.8678965783671849, 'learning_rate': 0.00026793244415314717, 'batch_size': 150, 'step_size': 3, 'gamma': 0.8010119911731794}. Best is trial 1 with value: 0.0060841830922885145.[0m
[32m[I 2025-02-02 16:44:57,793][0m Trial 3 finished with value: 0.06265511941931438 and parameters: {'observation_period_num': 139, 'train_rates': 0.8534009736680733, 'learning_rate': 1.0358363619917794e-06, 'batch_size': 25, 'step_size': 3, 'gamma': 0.8443637593278208}. Best is trial 1 with value: 0.0060841830922885145.[0m
[32m[I 2025-02-02 16:46:17,310][0m Trial 4 finished with value: 0.00759825696295593 and parameters: {'observation_period_num': 12, 'train_rates': 0.6259131064473938, 'learning_rate': 0.0006398075852865937, 'batch_size': 55, 'step_size': 8, 'gamma': 0.9076909320656306}. Best is trial 1 with value: 0.0060841830922885145.[0m
[32m[I 2025-02-02 16:46:46,947][0m Trial 5 finished with value: 0.00043313688365742564 and parameters: {'observation_period_num': 214, 'train_rates': 0.9815296316121314, 'learning_rate': 8.534393378817333e-05, 'batch_size': 204, 'step_size': 2, 'gamma': 0.9586233012864838}. Best is trial 5 with value: 0.00043313688365742564.[0m
[32m[I 2025-02-02 16:47:19,729][0m Trial 6 finished with value: 0.004283019434660673 and parameters: {'observation_period_num': 234, 'train_rates': 0.8567573487450891, 'learning_rate': 0.0005580678957774499, 'batch_size': 156, 'step_size': 13, 'gamma': 0.8559356378474828}. Best is trial 5 with value: 0.00043313688365742564.[0m
[32m[I 2025-02-02 16:50:13,549][0m Trial 7 finished with value: 0.001244195568448815 and parameters: {'observation_period_num': 109, 'train_rates': 0.9465906546457934, 'learning_rate': 0.0003045839701980126, 'batch_size': 32, 'step_size': 2, 'gamma': 0.756565218328872}. Best is trial 5 with value: 0.00043313688365742564.[0m
[32m[I 2025-02-02 16:50:42,875][0m Trial 8 finished with value: 0.10058197041450463 and parameters: {'observation_period_num': 81, 'train_rates': 0.8588341151456913, 'learning_rate': 3.283779841973237e-06, 'batch_size': 191, 'step_size': 4, 'gamma': 0.758396592464159}. Best is trial 5 with value: 0.00043313688365742564.[0m
[32m[I 2025-02-02 16:51:43,181][0m Trial 9 finished with value: 0.03168309842867236 and parameters: {'observation_period_num': 221, 'train_rates': 0.7730208698590799, 'learning_rate': 1.3566757001313865e-06, 'batch_size': 81, 'step_size': 13, 'gamma': 0.8275890391541135}. Best is trial 5 with value: 0.00043313688365742564.[0m
[32m[I 2025-02-02 16:52:06,835][0m Trial 10 finished with value: 0.0023243390023708344 and parameters: {'observation_period_num': 186, 'train_rates': 0.9769609147337938, 'learning_rate': 5.1148106763551476e-05, 'batch_size': 250, 'step_size': 5, 'gamma': 0.9729160915498601}. Best is trial 5 with value: 0.00043313688365742564.[0m
[32m[I 2025-02-02 16:53:01,471][0m Trial 11 finished with value: 0.011512801317231995 and parameters: {'observation_period_num': 98, 'train_rates': 0.936442911531757, 'learning_rate': 7.226828676640184e-05, 'batch_size': 104, 'step_size': 1, 'gamma': 0.9209054003319005}. Best is trial 5 with value: 0.00043313688365742564.[0m
[32m[I 2025-02-02 16:53:19,692][0m Trial 12 finished with value: 0.007960470393300056 and parameters: {'observation_period_num': 134, 'train_rates': 0.9882302618924897, 'learning_rate': 0.00014048086057321597, 'batch_size': 192, 'step_size': 1, 'gamma': 0.7713849386777784}. Best is trial 5 with value: 0.00043313688365742564.[0m
[32m[I 2025-02-02 16:54:08,717][0m Trial 13 finished with value: 0.010035725647774269 and parameters: {'observation_period_num': 92, 'train_rates': 0.9111329925687315, 'learning_rate': 1.8722349299569037e-05, 'batch_size': 115, 'step_size': 6, 'gamma': 0.9288303990524605}. Best is trial 5 with value: 0.00043313688365742564.[0m
[32m[I 2025-02-02 16:54:33,623][0m Trial 14 finished with value: 0.010552849782549816 and parameters: {'observation_period_num': 179, 'train_rates': 0.7677827748717913, 'learning_rate': 1.7511172001502704e-05, 'batch_size': 203, 'step_size': 1, 'gamma': 0.98918280045397}. Best is trial 5 with value: 0.00043313688365742564.[0m
[32m[I 2025-02-02 16:54:59,294][0m Trial 15 finished with value: 0.0013912164800346765 and parameters: {'observation_period_num': 252, 'train_rates': 0.9142159521539331, 'learning_rate': 0.00018892008210842949, 'batch_size': 217, 'step_size': 6, 'gamma': 0.8092749500133046}. Best is trial 5 with value: 0.00043313688365742564.[0m
[32m[I 2025-02-02 16:55:32,303][0m Trial 16 finished with value: 0.002429139287633404 and parameters: {'observation_period_num': 69, 'train_rates': 0.8094610807466754, 'learning_rate': 9.103913053080038e-05, 'batch_size': 164, 'step_size': 10, 'gamma': 0.890724604248688}. Best is trial 5 with value: 0.00043313688365742564.[0m
[32m[I 2025-02-02 16:56:18,758][0m Trial 17 finished with value: 0.00786242613440934 and parameters: {'observation_period_num': 116, 'train_rates': 0.9077459517031797, 'learning_rate': 2.7854298158209966e-05, 'batch_size': 122, 'step_size': 3, 'gamma': 0.9375058844911197}. Best is trial 5 with value: 0.00043313688365742564.[0m
[32m[I 2025-02-02 16:57:18,381][0m Trial 18 finished with value: 0.0036476586497184273 and parameters: {'observation_period_num': 159, 'train_rates': 0.7057153854765454, 'learning_rate': 0.0003076489403383685, 'batch_size': 76, 'step_size': 15, 'gamma': 0.7981555334173205}. Best is trial 5 with value: 0.00043313688365742564.[0m
[32m[I 2025-02-02 16:57:52,072][0m Trial 19 finished with value: 0.0022604474797844887 and parameters: {'observation_period_num': 205, 'train_rates': 0.9600065346471265, 'learning_rate': 7.79964716644324e-06, 'batch_size': 173, 'step_size': 6, 'gamma': 0.8686167656235486}. Best is trial 5 with value: 0.00043313688365742564.[0m
[32m[I 2025-02-02 16:58:18,019][0m Trial 20 finished with value: 0.0044309935931648526 and parameters: {'observation_period_num': 56, 'train_rates': 0.8913681550255166, 'learning_rate': 0.0009242353274228601, 'batch_size': 225, 'step_size': 4, 'gamma': 0.7752683855667172}. Best is trial 5 with value: 0.00043313688365742564.[0m
[32m[I 2025-02-02 16:58:45,752][0m Trial 21 finished with value: 0.0010275987442582846 and parameters: {'observation_period_num': 251, 'train_rates': 0.9359774165713416, 'learning_rate': 0.00016446282870687755, 'batch_size': 208, 'step_size': 6, 'gamma': 0.8192896924668117}. Best is trial 5 with value: 0.00043313688365742564.[0m
[32m[I 2025-02-02 16:59:27,363][0m Trial 22 finished with value: 0.0008647898212075233 and parameters: {'observation_period_num': 251, 'train_rates': 0.9882804363097696, 'learning_rate': 0.00016107459626581985, 'batch_size': 136, 'step_size': 2, 'gamma': 0.7500409754860686}. Best is trial 5 with value: 0.00043313688365742564.[0m
[32m[I 2025-02-02 16:59:58,913][0m Trial 23 finished with value: 0.0005908787134103477 and parameters: {'observation_period_num': 249, 'train_rates': 0.9786635770412051, 'learning_rate': 0.00012922231494561336, 'batch_size': 179, 'step_size': 7, 'gamma': 0.8295816493173914}. Best is trial 5 with value: 0.00043313688365742564.[0m
[32m[I 2025-02-02 17:00:42,441][0m Trial 24 finished with value: 0.00046602971269749105 and parameters: {'observation_period_num': 208, 'train_rates': 0.986327182376212, 'learning_rate': 4.759580345436518e-05, 'batch_size': 135, 'step_size': 9, 'gamma': 0.8374868700869847}. Best is trial 5 with value: 0.00043313688365742564.[0m
[32m[I 2025-02-02 17:01:11,315][0m Trial 25 finished with value: 0.0043098223904071715 and parameters: {'observation_period_num': 206, 'train_rates': 0.8215951777441871, 'learning_rate': 4.189084072028117e-05, 'batch_size': 181, 'step_size': 10, 'gamma': 0.8418390914528823}. Best is trial 5 with value: 0.00043313688365742564.[0m
[32m[I 2025-02-02 17:01:50,992][0m Trial 26 finished with value: 8.60514774103649e-05 and parameters: {'observation_period_num': 223, 'train_rates': 0.9637380730546387, 'learning_rate': 8.585146436046855e-05, 'batch_size': 145, 'step_size': 10, 'gamma': 0.8752402936666168}. Best is trial 26 with value: 8.60514774103649e-05.[0m
[32m[I 2025-02-02 17:02:31,634][0m Trial 27 finished with value: 0.002164558311454127 and parameters: {'observation_period_num': 203, 'train_rates': 0.8882648342766065, 'learning_rate': 2.5102186552491995e-05, 'batch_size': 133, 'step_size': 9, 'gamma': 0.9575483265701925}. Best is trial 26 with value: 8.60514774103649e-05.[0m
[32m[I 2025-02-02 17:03:29,690][0m Trial 28 finished with value: 0.0014840699580457547 and parameters: {'observation_period_num': 224, 'train_rates': 0.957969030889865, 'learning_rate': 1.1985148966444463e-05, 'batch_size': 95, 'step_size': 12, 'gamma': 0.8961007861493288}. Best is trial 26 with value: 8.60514774103649e-05.[0m
[32m[I 2025-02-02 17:04:02,251][0m Trial 29 finished with value: 0.00235216887337082 and parameters: {'observation_period_num': 155, 'train_rates': 0.7059635444766919, 'learning_rate': 6.88606868193308e-05, 'batch_size': 146, 'step_size': 11, 'gamma': 0.8750248502628409}. Best is trial 26 with value: 8.60514774103649e-05.[0m
[32m[I 2025-02-02 17:04:21,943][0m Trial 30 finished with value: 0.01765067260845567 and parameters: {'observation_period_num': 191, 'train_rates': 0.6454019430234563, 'learning_rate': 4.554700282319536e-05, 'batch_size': 235, 'step_size': 10, 'gamma': 0.9513099304447652}. Best is trial 26 with value: 8.60514774103649e-05.[0m
[32m[I 2025-02-02 17:04:55,683][0m Trial 31 finished with value: 0.0011720283655449748 and parameters: {'observation_period_num': 226, 'train_rates': 0.9896809484131674, 'learning_rate': 0.00011486196211086645, 'batch_size': 173, 'step_size': 9, 'gamma': 0.84320146151121}. Best is trial 26 with value: 8.60514774103649e-05.[0m
[32m[I 2025-02-02 17:05:27,701][0m Trial 32 finished with value: 0.0005812753224745393 and parameters: {'observation_period_num': 237, 'train_rates': 0.9656788343714205, 'learning_rate': 8.6489773146365e-05, 'batch_size': 186, 'step_size': 7, 'gamma': 0.868057052910173}. Best is trial 26 with value: 8.60514774103649e-05.[0m
[32m[I 2025-02-02 17:06:03,787][0m Trial 33 finished with value: 0.0008304068286801043 and parameters: {'observation_period_num': 212, 'train_rates': 0.9287452148084314, 'learning_rate': 6.115363241106005e-05, 'batch_size': 157, 'step_size': 9, 'gamma': 0.8716905133063401}. Best is trial 26 with value: 8.60514774103649e-05.[0m
[32m[I 2025-02-02 17:06:33,701][0m Trial 34 finished with value: 0.0008112897048704326 and parameters: {'observation_period_num': 231, 'train_rates': 0.9650295161340894, 'learning_rate': 3.4415403240420745e-05, 'batch_size': 200, 'step_size': 8, 'gamma': 0.8577701763448776}. Best is trial 26 with value: 8.60514774103649e-05.[0m
[32m[I 2025-02-02 17:07:13,264][0m Trial 35 finished with value: 0.010464389766280127 and parameters: {'observation_period_num': 165, 'train_rates': 0.889196479740515, 'learning_rate': 0.00010014857033235155, 'batch_size': 143, 'step_size': 11, 'gamma': 0.9073572116660832}. Best is trial 26 with value: 8.60514774103649e-05.[0m
[32m[I 2025-02-02 17:07:59,276][0m Trial 36 finished with value: 0.00043696302168098265 and parameters: {'observation_period_num': 191, 'train_rates': 0.9502389791631024, 'learning_rate': 0.00041127122523377705, 'batch_size': 124, 'step_size': 7, 'gamma': 0.8808596125364069}. Best is trial 26 with value: 8.60514774103649e-05.[0m
[32m[I 2025-02-02 17:08:45,616][0m Trial 37 finished with value: 0.006565566117196907 and parameters: {'observation_period_num': 192, 'train_rates': 0.9415648083370176, 'learning_rate': 0.00044478024192450883, 'batch_size': 122, 'step_size': 12, 'gamma': 0.9025911808453155}. Best is trial 26 with value: 8.60514774103649e-05.[0m
[32m[I 2025-02-02 17:09:39,489][0m Trial 38 finished with value: 0.0010980902990992717 and parameters: {'observation_period_num': 172, 'train_rates': 0.8405862421615444, 'learning_rate': 0.00023688450979224063, 'batch_size': 97, 'step_size': 7, 'gamma': 0.8824871691700302}. Best is trial 26 with value: 8.60514774103649e-05.[0m
[32m[I 2025-02-02 17:10:54,797][0m Trial 39 finished with value: 0.0011435663103096755 and parameters: {'observation_period_num': 216, 'train_rates': 0.9186579982835175, 'learning_rate': 0.00034030148944519075, 'batch_size': 70, 'step_size': 14, 'gamma': 0.9196966015950993}. Best is trial 26 with value: 8.60514774103649e-05.[0m
[32m[I 2025-02-02 17:11:43,877][0m Trial 40 finished with value: 0.006888450133775532 and parameters: {'observation_period_num': 148, 'train_rates': 0.8723408457132049, 'learning_rate': 0.000811189214427728, 'batch_size': 109, 'step_size': 8, 'gamma': 0.8558828218709983}. Best is trial 26 with value: 8.60514774103649e-05.[0m
[32m[I 2025-02-02 17:12:25,994][0m Trial 41 finished with value: 0.0010076061594086693 and parameters: {'observation_period_num': 239, 'train_rates': 0.9517930285157256, 'learning_rate': 8.513771429991266e-05, 'batch_size': 130, 'step_size': 7, 'gamma': 0.8596363960417526}. Best is trial 26 with value: 8.60514774103649e-05.[0m
[32m[I 2025-02-02 17:13:01,960][0m Trial 42 finished with value: 0.000821813999209553 and parameters: {'observation_period_num': 197, 'train_rates': 0.9646354021488835, 'learning_rate': 0.00048301128560135137, 'batch_size': 162, 'step_size': 5, 'gamma': 0.8821227319181406}. Best is trial 26 with value: 8.60514774103649e-05.[0m
[32m[I 2025-02-02 17:13:34,276][0m Trial 43 finished with value: 0.00037072485429234803 and parameters: {'observation_period_num': 217, 'train_rates': 0.9700749086975485, 'learning_rate': 0.00022539356692011914, 'batch_size': 189, 'step_size': 9, 'gamma': 0.8307467951126585}. Best is trial 26 with value: 8.60514774103649e-05.[0m
[32m[I 2025-02-02 17:13:58,029][0m Trial 44 finished with value: 0.0011971115600317717 and parameters: {'observation_period_num': 177, 'train_rates': 0.9456851549721812, 'learning_rate': 0.0002448885441364829, 'batch_size': 255, 'step_size': 11, 'gamma': 0.8323888229863786}. Best is trial 26 with value: 8.60514774103649e-05.[0m
[32m[I 2025-02-02 17:14:34,195][0m Trial 45 finished with value: 0.0033089890229431066 and parameters: {'observation_period_num': 216, 'train_rates': 0.9277972785908648, 'learning_rate': 0.0003909765650927769, 'batch_size': 150, 'step_size': 9, 'gamma': 0.8110533129947473}. Best is trial 26 with value: 8.60514774103649e-05.[0m
[32m[I 2025-02-02 17:14:59,917][0m Trial 46 finished with value: 0.0035661880392581224 and parameters: {'observation_period_num': 184, 'train_rates': 0.9732063557743524, 'learning_rate': 0.00020720645579608968, 'batch_size': 234, 'step_size': 12, 'gamma': 0.9864088405963743}. Best is trial 26 with value: 8.60514774103649e-05.[0m
[32m[I 2025-02-02 17:15:32,593][0m Trial 47 finished with value: 0.0017975231131108908 and parameters: {'observation_period_num': 235, 'train_rates': 0.9045708918395023, 'learning_rate': 5.440941018013566e-05, 'batch_size': 168, 'step_size': 10, 'gamma': 0.8475799284082736}. Best is trial 26 with value: 8.60514774103649e-05.[0m
[32m[I 2025-02-02 17:15:55,739][0m Trial 48 finished with value: 0.005279868334094661 and parameters: {'observation_period_num': 201, 'train_rates': 0.7566589925948498, 'learning_rate': 0.0005648879897377991, 'batch_size': 214, 'step_size': 8, 'gamma': 0.783469781119094}. Best is trial 26 with value: 8.60514774103649e-05.[0m
[32m[I 2025-02-02 17:18:25,846][0m Trial 49 finished with value: 0.0008951207768983078 and parameters: {'observation_period_num': 126, 'train_rates': 0.9466670373363884, 'learning_rate': 3.76390418875364e-05, 'batch_size': 37, 'step_size': 4, 'gamma': 0.8021046498317862}. Best is trial 26 with value: 8.60514774103649e-05.[0m
[32m[I 2025-02-02 17:18:25,853][0m A new study created in memory with name: no-name-9d129654-760e-4202-b89a-c533b6943fe9[0m
[32m[I 2025-02-02 17:19:29,154][0m Trial 0 finished with value: 0.004669156685718392 and parameters: {'observation_period_num': 132, 'train_rates': 0.8825013623780469, 'learning_rate': 0.00029417111700817564, 'batch_size': 84, 'step_size': 9, 'gamma': 0.9371822328703432}. Best is trial 0 with value: 0.004669156685718392.[0m
[32m[I 2025-02-02 17:20:38,456][0m Trial 1 finished with value: 0.034448600710784816 and parameters: {'observation_period_num': 65, 'train_rates': 0.6549652088148874, 'learning_rate': 0.00035405996111067606, 'batch_size': 63, 'step_size': 3, 'gamma': 0.9097179088778569}. Best is trial 0 with value: 0.004669156685718392.[0m
[32m[I 2025-02-02 17:21:00,404][0m Trial 2 finished with value: 0.6506219865783812 and parameters: {'observation_period_num': 108, 'train_rates': 0.8227194749380373, 'learning_rate': 2.1508584980623815e-06, 'batch_size': 256, 'step_size': 12, 'gamma': 0.8967736477312168}. Best is trial 0 with value: 0.004669156685718392.[0m
[32m[I 2025-02-02 17:21:34,351][0m Trial 3 finished with value: 0.7755205141850554 and parameters: {'observation_period_num': 138, 'train_rates': 0.8890454748230503, 'learning_rate': 1.1388863930175915e-06, 'batch_size': 162, 'step_size': 10, 'gamma': 0.8552672376628755}. Best is trial 0 with value: 0.004669156685718392.[0m
[32m[I 2025-02-02 17:21:52,585][0m Trial 4 finished with value: 1.4663719249514615 and parameters: {'observation_period_num': 87, 'train_rates': 0.8769522577280924, 'learning_rate': 2.350523413838082e-06, 'batch_size': 237, 'step_size': 2, 'gamma': 0.7608743207003078}. Best is trial 0 with value: 0.004669156685718392.[0m
[32m[I 2025-02-02 17:22:19,162][0m Trial 5 finished with value: 0.27646391020728117 and parameters: {'observation_period_num': 171, 'train_rates': 0.6254061737890508, 'learning_rate': 1.0115732232703211e-05, 'batch_size': 160, 'step_size': 8, 'gamma': 0.812459324943262}. Best is trial 0 with value: 0.004669156685718392.[0m
[32m[I 2025-02-02 17:23:55,371][0m Trial 6 finished with value: 0.014703993270872536 and parameters: {'observation_period_num': 168, 'train_rates': 0.776881234224245, 'learning_rate': 4.311869759988447e-05, 'batch_size': 50, 'step_size': 7, 'gamma': 0.9162933582650794}. Best is trial 0 with value: 0.004669156685718392.[0m
[32m[I 2025-02-02 17:28:07,392][0m Trial 7 finished with value: 0.24895496550694252 and parameters: {'observation_period_num': 44, 'train_rates': 0.8229165228536615, 'learning_rate': 4.713499515127293e-06, 'batch_size': 20, 'step_size': 3, 'gamma': 0.8198226345472327}. Best is trial 0 with value: 0.004669156685718392.[0m
[32m[I 2025-02-02 17:28:30,489][0m Trial 8 finished with value: 1.9487202865321462 and parameters: {'observation_period_num': 116, 'train_rates': 0.6240457432319451, 'learning_rate': 2.1107574217344574e-06, 'batch_size': 153, 'step_size': 2, 'gamma': 0.7664234273710657}. Best is trial 0 with value: 0.004669156685718392.[0m
[32m[I 2025-02-02 17:29:07,562][0m Trial 9 finished with value: 0.0751490111152331 and parameters: {'observation_period_num': 146, 'train_rates': 0.6683806409659199, 'learning_rate': 1.8734539349979365e-05, 'batch_size': 124, 'step_size': 15, 'gamma': 0.9573087937591447}. Best is trial 0 with value: 0.004669156685718392.[0m
[32m[I 2025-02-02 17:30:03,605][0m Trial 10 finished with value: 0.009732883423566818 and parameters: {'observation_period_num': 209, 'train_rates': 0.9875562158178365, 'learning_rate': 0.0008031655102729848, 'batch_size': 102, 'step_size': 6, 'gamma': 0.9873542768976816}. Best is trial 0 with value: 0.004669156685718392.[0m
[32m[I 2025-02-02 17:30:57,513][0m Trial 11 finished with value: 0.009957468137145042 and parameters: {'observation_period_num': 249, 'train_rates': 0.9714319948574406, 'learning_rate': 0.0009569859962241, 'batch_size': 104, 'step_size': 6, 'gamma': 0.9866380422467803}. Best is trial 0 with value: 0.004669156685718392.[0m
[32m[I 2025-02-02 17:32:01,892][0m Trial 12 finished with value: 0.005448979325592518 and parameters: {'observation_period_num': 223, 'train_rates': 0.9872506008268542, 'learning_rate': 0.0001379450226416973, 'batch_size': 89, 'step_size': 5, 'gamma': 0.9598069981918421}. Best is trial 0 with value: 0.004669156685718392.[0m
[32m[I 2025-02-02 17:33:19,571][0m Trial 13 finished with value: 0.012643027171078656 and parameters: {'observation_period_num': 14, 'train_rates': 0.9266803428016599, 'learning_rate': 9.785155576758871e-05, 'batch_size': 75, 'step_size': 11, 'gamma': 0.9440941209068993}. Best is trial 0 with value: 0.004669156685718392.[0m
[32m[I 2025-02-02 17:36:04,814][0m Trial 14 finished with value: 0.009107400160308974 and parameters: {'observation_period_num': 236, 'train_rates': 0.737643150155963, 'learning_rate': 0.00012105486398412105, 'batch_size': 27, 'step_size': 5, 'gamma': 0.946910847770533}. Best is trial 0 with value: 0.004669156685718392.[0m
