[32m[I 2025-02-02 21:20:51,776][0m Trial 12 finished with value: 0.00630740262567997 and parameters: {'observation_period_num': 6, 'train_rates': 0.9833496873120048, 'learning_rate': 0.0009621662855263599, 'batch_size': 248, 'step_size': 15, 'gamma': 0.7961690206574037}. Best is trial 11 with value: 0.005955642554908991.[0m
[32m[I 2025-02-02 21:21:17,493][0m Trial 13 finished with value: 0.010768734849989414 and parameters: {'observation_period_num': 48, 'train_rates': 0.9884449861717046, 'learning_rate': 0.00019606649448109255, 'batch_size': 256, 'step_size': 14, 'gamma': 0.804791679069895}. Best is trial 11 with value: 0.005955642554908991.[0m
[32m[I 2025-02-02 21:21:47,680][0m Trial 14 finished with value: 0.02497443614097742 and parameters: {'observation_period_num': 58, 'train_rates': 0.9103312070680001, 'learning_rate': 5.107041036416002e-05, 'batch_size': 192, 'step_size': 13, 'gamma': 0.8022523788234679}. Best is trial 11 with value: 0.005955642554908991.[0m
[32m[I 2025-02-02 21:22:15,227][0m Trial 15 finished with value: 0.00946905706119391 and parameters: {'observation_period_num': 6, 'train_rates': 0.6958053367650596, 'learning_rate': 0.0002449607334910649, 'batch_size': 180, 'step_size': 13, 'gamma': 0.7958607995240223}. Best is trial 11 with value: 0.005955642554908991.[0m
[32m[I 2025-02-02 21:22:41,004][0m Trial 16 finished with value: 0.035724811255931854 and parameters: {'observation_period_num': 138, 'train_rates': 0.9621692674183261, 'learning_rate': 0.00037049225007283493, 'batch_size': 231, 'step_size': 12, 'gamma': 0.819385793818432}. Best is trial 11 with value: 0.005955642554908991.[0m
[32m[I 2025-02-02 21:23:04,929][0m Trial 17 finished with value: 0.023506215451367246 and parameters: {'observation_period_num': 64, 'train_rates': 0.8899556958846614, 'learning_rate': 0.00012431771480391886, 'batch_size': 256, 'step_size': 15, 'gamma': 0.7742313011727383}. Best is trial 11 with value: 0.005955642554908991.[0m
[32m[I 2025-02-02 21:23:38,525][0m Trial 18 finished with value: 0.18104088306427002 and parameters: {'observation_period_num': 123, 'train_rates': 0.9492517786846333, 'learning_rate': 2.95865798161143e-05, 'batch_size': 169, 'step_size': 12, 'gamma': 0.7823382219776219}. Best is trial 11 with value: 0.005955642554908991.[0m
[32m[I 2025-02-02 21:24:04,260][0m Trial 19 finished with value: 0.010521436103065556 and parameters: {'observation_period_num': 34, 'train_rates': 0.8647867422426259, 'learning_rate': 0.0009206331993192468, 'batch_size': 217, 'step_size': 15, 'gamma': 0.8247191249794085}. Best is trial 11 with value: 0.005955642554908991.[0m
[32m[I 2025-02-02 21:24:27,363][0m Trial 20 finished with value: 0.23920799559557143 and parameters: {'observation_period_num': 5, 'train_rates': 0.7800402499282857, 'learning_rate': 4.294754951208027e-06, 'batch_size': 235, 'step_size': 10, 'gamma': 0.8763257230923736}. Best is trial 11 with value: 0.005955642554908991.[0m
[32m[I 2025-02-02 21:24:56,416][0m Trial 21 finished with value: 0.006178967654705048 and parameters: {'observation_period_num': 9, 'train_rates': 0.9816462931358604, 'learning_rate': 0.0009091459489642222, 'batch_size': 229, 'step_size': 15, 'gamma': 0.7502116219061415}. Best is trial 11 with value: 0.005955642554908991.[0m
[32m[I 2025-02-02 21:25:26,872][0m Trial 22 finished with value: 0.009406176395714283 and parameters: {'observation_period_num': 63, 'train_rates': 0.9850652674784769, 'learning_rate': 0.00042556968347900033, 'batch_size': 208, 'step_size': 13, 'gamma': 0.7828040508354515}. Best is trial 11 with value: 0.005955642554908991.[0m
[32m[I 2025-02-02 21:26:01,498][0m Trial 23 finished with value: 0.017422053601137168 and parameters: {'observation_period_num': 28, 'train_rates': 0.9051625198446729, 'learning_rate': 0.0009923588505783593, 'batch_size': 171, 'step_size': 14, 'gamma': 0.7574265411992928}. Best is trial 11 with value: 0.005955642554908991.[0m
[32m[I 2025-02-02 21:26:27,603][0m Trial 24 finished with value: 0.00627528503537178 and parameters: {'observation_period_num': 50, 'train_rates': 0.9426665844824504, 'learning_rate': 0.0003500171916457753, 'batch_size': 243, 'step_size': 14, 'gamma': 0.751000047518461}. Best is trial 11 with value: 0.005955642554908991.[0m
[32m[I 2025-02-02 21:26:56,002][0m Trial 25 finished with value: 0.006808096077293158 and parameters: {'observation_period_num': 46, 'train_rates': 0.9307445665446787, 'learning_rate': 0.0003673246252039398, 'batch_size': 221, 'step_size': 12, 'gamma': 0.7560110342130452}. Best is trial 11 with value: 0.005955642554908991.[0m
[32m[I 2025-02-02 21:27:28,476][0m Trial 26 finished with value: 0.010094763711094856 and parameters: {'observation_period_num': 71, 'train_rates': 0.9558180955804647, 'learning_rate': 6.950276541760522e-05, 'batch_size': 193, 'step_size': 14, 'gamma': 0.7821427310284372}. Best is trial 11 with value: 0.005955642554908991.[0m
[32m[I 2025-02-02 21:27:53,634][0m Trial 27 finished with value: 0.00781858569954976 and parameters: {'observation_period_num': 24, 'train_rates': 0.8227438532901763, 'learning_rate': 0.0002716621223407365, 'batch_size': 239, 'step_size': 11, 'gamma': 0.8125652720010289}. Best is trial 11 with value: 0.005955642554908991.[0m
[32m[I 2025-02-02 21:28:27,308][0m Trial 28 finished with value: 0.3514772200739229 and parameters: {'observation_period_num': 249, 'train_rates': 0.9146586637752869, 'learning_rate': 0.00013281296483528068, 'batch_size': 159, 'step_size': 14, 'gamma': 0.7511393322119886}. Best is trial 11 with value: 0.005955642554908991.[0m
[32m[I 2025-02-02 21:28:53,224][0m Trial 29 finished with value: 0.03107712070857925 and parameters: {'observation_period_num': 44, 'train_rates': 0.6815224396312299, 'learning_rate': 0.0005484062458573304, 'batch_size': 195, 'step_size': 10, 'gamma': 0.9213669712982181}. Best is trial 11 with value: 0.005955642554908991.[0m
[32m[I 2025-02-02 21:29:23,442][0m Trial 30 finished with value: 0.017919132485985756 and parameters: {'observation_period_num': 18, 'train_rates': 0.9582051283180059, 'learning_rate': 2.8856727973707556e-05, 'batch_size': 213, 'step_size': 11, 'gamma': 0.7706591578586407}. Best is trial 11 with value: 0.005955642554908991.[0m
[32m[I 2025-02-02 21:29:49,333][0m Trial 31 finished with value: 0.005309672560542822 and parameters: {'observation_period_num': 17, 'train_rates': 0.9716964497044164, 'learning_rate': 0.0006488337033485427, 'batch_size': 247, 'step_size': 15, 'gamma': 0.7949821646925506}. Best is trial 31 with value: 0.005309672560542822.[0m
[32m[I 2025-02-02 21:30:17,293][0m Trial 32 finished with value: 0.006531741935759783 and parameters: {'observation_period_num': 42, 'train_rates': 0.9644007771544566, 'learning_rate': 0.0005947879697046641, 'batch_size': 226, 'step_size': 15, 'gamma': 0.7904319809747522}. Best is trial 31 with value: 0.005309672560542822.[0m
[32m[I 2025-02-02 21:30:43,262][0m Trial 33 finished with value: 0.005236474797129631 and parameters: {'observation_period_num': 19, 'train_rates': 0.9345910319631613, 'learning_rate': 0.00034553786927207114, 'batch_size': 244, 'step_size': 13, 'gamma': 0.7649627874530772}. Best is trial 33 with value: 0.005236474797129631.[0m
[32m[I 2025-02-02 21:31:46,404][0m Trial 34 finished with value: 0.5148248090926144 and parameters: {'observation_period_num': 188, 'train_rates': 0.8957967161360919, 'learning_rate': 0.0006128692959082227, 'batch_size': 85, 'step_size': 13, 'gamma': 0.7695215964103501}. Best is trial 33 with value: 0.005236474797129631.[0m
[32m[I 2025-02-02 21:32:08,132][0m Trial 35 finished with value: 0.11661759174931112 and parameters: {'observation_period_num': 18, 'train_rates': 0.8697699729588673, 'learning_rate': 9.79452761326447e-06, 'batch_size': 256, 'step_size': 5, 'gamma': 0.9498423796711853}. Best is trial 33 with value: 0.005236474797129631.[0m
[32m[I 2025-02-02 21:32:38,605][0m Trial 36 finished with value: 0.014850392304722545 and parameters: {'observation_period_num': 77, 'train_rates': 0.928336367569987, 'learning_rate': 0.00028079581976915476, 'batch_size': 205, 'step_size': 9, 'gamma': 0.7657797615373876}. Best is trial 33 with value: 0.005236474797129631.[0m
[32m[I 2025-02-02 21:33:06,952][0m Trial 37 finished with value: 0.04600248858332634 and parameters: {'observation_period_num': 147, 'train_rates': 0.9717292212279693, 'learning_rate': 0.00012976523195754971, 'batch_size': 224, 'step_size': 12, 'gamma': 0.8350417999995535}. Best is trial 33 with value: 0.005236474797129631.[0m
[32m[I 2025-02-02 21:37:26,554][0m Trial 38 finished with value: 0.41867247465684887 and parameters: {'observation_period_num': 19, 'train_rates': 0.8376344043247206, 'learning_rate': 0.000704300738586181, 'batch_size': 20, 'step_size': 15, 'gamma': 0.7771405124445131}. Best is trial 33 with value: 0.005236474797129631.[0m
[32m[I 2025-02-02 21:37:52,632][0m Trial 39 finished with value: 0.048107512295246124 and parameters: {'observation_period_num': 109, 'train_rates': 0.9395882132939742, 'learning_rate': 0.00048633357024778945, 'batch_size': 240, 'step_size': 13, 'gamma': 0.9029337192215903}. Best is trial 33 with value: 0.005236474797129631.[0m
[32m[I 2025-02-02 21:38:20,902][0m Trial 40 finished with value: 0.18371479401098179 and parameters: {'observation_period_num': 36, 'train_rates': 0.7199315888713521, 'learning_rate': 2.9346705663687336e-06, 'batch_size': 184, 'step_size': 5, 'gamma': 0.9771277147037616}. Best is trial 33 with value: 0.005236474797129631.[0m
[32m[I 2025-02-02 21:38:46,840][0m Trial 41 finished with value: 0.00676331203430891 and parameters: {'observation_period_num': 52, 'train_rates': 0.9410156403586238, 'learning_rate': 0.0003620456780352447, 'batch_size': 246, 'step_size': 14, 'gamma': 0.7501696388388108}. Best is trial 33 with value: 0.005236474797129631.[0m
[32m[I 2025-02-02 21:39:13,060][0m Trial 42 finished with value: 0.005398137494921684 and parameters: {'observation_period_num': 17, 'train_rates': 0.9687855363935479, 'learning_rate': 0.00019184133774501958, 'batch_size': 244, 'step_size': 14, 'gamma': 0.765497684327559}. Best is trial 33 with value: 0.005236474797129631.[0m
[32m[I 2025-02-02 21:39:40,980][0m Trial 43 finished with value: 0.005608685780316591 and parameters: {'observation_period_num': 17, 'train_rates': 0.973714656172422, 'learning_rate': 0.0001623172289240647, 'batch_size': 229, 'step_size': 15, 'gamma': 0.7643496326143219}. Best is trial 33 with value: 0.005236474797129631.[0m
[32m[I 2025-02-02 21:40:11,254][0m Trial 44 finished with value: 0.005625157129196893 and parameters: {'observation_period_num': 20, 'train_rates': 0.9213314678808835, 'learning_rate': 0.0001745572401051614, 'batch_size': 205, 'step_size': 14, 'gamma': 0.7663234737365876}. Best is trial 33 with value: 0.005236474797129631.[0m
[32m[I 2025-02-02 21:40:40,995][0m Trial 45 finished with value: 0.006268655064077717 and parameters: {'observation_period_num': 30, 'train_rates': 0.9136321031857644, 'learning_rate': 0.00018112340581057806, 'batch_size': 205, 'step_size': 14, 'gamma': 0.7898448738853215}. Best is trial 33 with value: 0.005236474797129631.[0m
[32m[I 2025-02-02 21:41:06,904][0m Trial 46 finished with value: 0.03463836284581481 and parameters: {'observation_period_num': 98, 'train_rates': 0.8852383088063835, 'learning_rate': 8.692949420633077e-05, 'batch_size': 218, 'step_size': 13, 'gamma': 0.7648420922743178}. Best is trial 33 with value: 0.005236474797129631.[0m
[32m[I 2025-02-02 21:41:19,099][0m Trial 47 finished with value: 0.4654909372329712 and parameters: {'observation_period_num': 77, 'train_rates': 0.9194599004703543, 'learning_rate': 4.667289183803435e-05, 'batch_size': 248, 'step_size': 1, 'gamma': 0.8045411135395888}. Best is trial 33 with value: 0.005236474797129631.[0m
[32m[I 2025-02-02 21:42:35,406][0m Trial 48 finished with value: 0.008608809755799121 and parameters: {'observation_period_num': 37, 'train_rates': 0.7877632697223087, 'learning_rate': 0.00023065525505911496, 'batch_size': 67, 'step_size': 12, 'gamma': 0.8141075112612425}. Best is trial 33 with value: 0.005236474797129631.[0m
[32m[I 2025-02-02 21:43:02,407][0m Trial 49 finished with value: 0.1741213699272514 and parameters: {'observation_period_num': 209, 'train_rates': 0.6004318080164803, 'learning_rate': 0.00015705221271946934, 'batch_size': 156, 'step_size': 9, 'gamma': 0.8531094289745212}. Best is trial 33 with value: 0.005236474797129631.[0m
[34.320152]
[0.9439503]
[-0.03750616]
[0.6902998]
[-4.890002]
[-6.1553316]
/home2/y2021/k2110261/.conda/envs/tensorflow/lib/python3.11/site-packages/sklearn/metrics/_regression.py:1266: UndefinedMetricWarning: R^2 score is not well-defined with less than two samples.
  warnings.warn(msg, UndefinedMetricWarning)
MSE: 0.1305263136200665
RMSE: 0.3612842559814453
MAE: 0.3612842559814453
R-squared: nan
[24.871563]
