[32m[I 2025-02-02 19:31:07,835][0m Trial 47 finished with value: 0.6375599415120432 and parameters: {'observation_period_num': 67, 'train_rates': 0.9592504716389615, 'learning_rate': 5.922897176308599e-06, 'batch_size': 39, 'step_size': 2, 'gamma': 0.8805001008660452}. Best is trial 31 with value: 0.0299155842512846.[0m
[32m[I 2025-02-02 19:32:09,670][0m Trial 48 finished with value: 0.3630691579970959 and parameters: {'observation_period_num': 48, 'train_rates': 0.974595177086242, 'learning_rate': 0.0006681171214862038, 'batch_size': 65, 'step_size': 3, 'gamma': 0.8533402362305281}. Best is trial 31 with value: 0.0299155842512846.[0m
[32m[I 2025-02-02 19:32:55,585][0m Trial 49 finished with value: 0.33294177502393724 and parameters: {'observation_period_num': 243, 'train_rates': 0.9412403003089538, 'learning_rate': 0.00032632310116883584, 'batch_size': 79, 'step_size': 2, 'gamma': 0.8225353100394257}. Best is trial 31 with value: 0.0299155842512846.[0m
seasonal_2 „ÅÆÊúÄÈÅ©„Éè„Ç§„Éë„Éº„Éë„É©„É°„Éº„Çø„ÅåË¶ã„Å§„Åã„Çä„Åæ„Åó„Åü
ÊúÄÈÅ©ÂåñÂØæË±°: seasonal_3
[32m[I 2025-02-02 19:32:55,593][0m A new study created in memory with name: no-name-f1ada2c4-ac5a-48f9-8116-a859872722c2[0m
[32m[I 2025-02-02 19:33:14,384][0m Trial 0 finished with value: 0.31871401629970714 and parameters: {'observation_period_num': 154, 'train_rates': 0.6772877046325625, 'learning_rate': 2.8851203588905983e-05, 'batch_size': 243, 'step_size': 14, 'gamma': 0.8300608531874634}. Best is trial 0 with value: 0.31871401629970714.[0m
[32m[I 2025-02-02 19:33:50,195][0m Trial 1 finished with value: 0.47547322339930775 and parameters: {'observation_period_num': 234, 'train_rates': 0.7827933923139981, 'learning_rate': 5.714669060376553e-06, 'batch_size': 92, 'step_size': 10, 'gamma': 0.8824587127018408}. Best is trial 0 with value: 0.31871401629970714.[0m
[32m[I 2025-02-02 19:34:16,827][0m Trial 2 finished with value: 0.7996115970362512 and parameters: {'observation_period_num': 8, 'train_rates': 0.6423581984740853, 'learning_rate': 1.5477194513160561e-06, 'batch_size': 125, 'step_size': 4, 'gamma': 0.7869194621541424}. Best is trial 0 with value: 0.31871401629970714.[0m
[32m[I 2025-02-02 19:34:45,675][0m Trial 3 finished with value: 0.11863972246646881 and parameters: {'observation_period_num': 207, 'train_rates': 0.9785015228015232, 'learning_rate': 4.810987001231627e-05, 'batch_size': 154, 'step_size': 6, 'gamma': 0.9794320838387731}. Best is trial 3 with value: 0.11863972246646881.[0m
[32m[I 2025-02-02 19:35:08,535][0m Trial 4 finished with value: 0.5827757830099034 and parameters: {'observation_period_num': 175, 'train_rates': 0.7889244475506958, 'learning_rate': 4.875387412620733e-06, 'batch_size': 170, 'step_size': 13, 'gamma': 0.7728085222767845}. Best is trial 3 with value: 0.11863972246646881.[0m
[32m[I 2025-02-02 19:35:27,588][0m Trial 5 finished with value: 0.2492786185510123 and parameters: {'observation_period_num': 158, 'train_rates': 0.6160893037983718, 'learning_rate': 7.09729068525759e-05, 'batch_size': 243, 'step_size': 15, 'gamma': 0.8960961663345953}. Best is trial 3 with value: 0.11863972246646881.[0m
[32m[I 2025-02-02 19:35:55,375][0m Trial 6 finished with value: 0.8301353025036817 and parameters: {'observation_period_num': 144, 'train_rates': 0.9362391295641859, 'learning_rate': 2.010575551342093e-06, 'batch_size': 148, 'step_size': 9, 'gamma': 0.9063000965659843}. Best is trial 3 with value: 0.11863972246646881.[0m
[32m[I 2025-02-02 19:37:08,641][0m Trial 7 finished with value: 0.8583445591742501 and parameters: {'observation_period_num': 169, 'train_rates': 0.8044882204593242, 'learning_rate': 1.6925473598335385e-06, 'batch_size': 45, 'step_size': 4, 'gamma': 0.7797663095438464}. Best is trial 3 with value: 0.11863972246646881.[0m
[32m[I 2025-02-02 19:37:44,889][0m Trial 8 finished with value: 0.09722080081701279 and parameters: {'observation_period_num': 242, 'train_rates': 0.9859013629617857, 'learning_rate': 0.00031780629425732696, 'batch_size': 103, 'step_size': 12, 'gamma': 0.9511918338137854}. Best is trial 8 with value: 0.09722080081701279.[0m
[32m[I 2025-02-02 19:38:31,825][0m Trial 9 finished with value: 0.32315817957597154 and parameters: {'observation_period_num': 122, 'train_rates': 0.9148591333814095, 'learning_rate': 0.00010739875267824402, 'batch_size': 74, 'step_size': 1, 'gamma': 0.8835032693618827}. Best is trial 8 with value: 0.09722080081701279.[0m
[32m[I 2025-02-02 19:41:00,742][0m Trial 10 finished with value: 0.14170784895778984 and parameters: {'observation_period_num': 81, 'train_rates': 0.870408235202896, 'learning_rate': 0.0009855129082633615, 'batch_size': 22, 'step_size': 11, 'gamma': 0.9891441013491928}. Best is trial 8 with value: 0.09722080081701279.[0m
[32m[I 2025-02-02 19:41:25,487][0m Trial 11 finished with value: 0.07506203651428223 and parameters: {'observation_period_num': 249, 'train_rates': 0.9876866871406319, 'learning_rate': 0.000535578594393483, 'batch_size': 186, 'step_size': 6, 'gamma': 0.9834699919433129}. Best is trial 11 with value: 0.07506203651428223.[0m
[32m[I 2025-02-02 19:41:49,939][0m Trial 12 finished with value: 0.11342627555131912 and parameters: {'observation_period_num': 230, 'train_rates': 0.9768119905223682, 'learning_rate': 0.0009756475410596226, 'batch_size': 191, 'step_size': 7, 'gamma': 0.9502288065893296}. Best is trial 11 with value: 0.07506203651428223.[0m
[32m[I 2025-02-02 19:42:11,635][0m Trial 13 finished with value: 0.1961818020636025 and parameters: {'observation_period_num': 250, 'train_rates': 0.866423876728019, 'learning_rate': 0.000315500214952274, 'batch_size': 199, 'step_size': 12, 'gamma': 0.9392057050125691}. Best is trial 11 with value: 0.07506203651428223.[0m
[32m[I 2025-02-02 19:42:45,835][0m Trial 14 finished with value: 0.1073753759264946 and parameters: {'observation_period_num': 202, 'train_rates': 0.9868695548122525, 'learning_rate': 0.0002646311034122976, 'batch_size': 115, 'step_size': 5, 'gamma': 0.9491771196384639}. Best is trial 11 with value: 0.07506203651428223.[0m
[32m[I 2025-02-02 19:43:10,583][0m Trial 15 finished with value: 0.182476643922264 and parameters: {'observation_period_num': 102, 'train_rates': 0.9097748188656435, 'learning_rate': 0.0002856102662237338, 'batch_size': 195, 'step_size': 8, 'gamma': 0.8404907571529456}. Best is trial 11 with value: 0.07506203651428223.[0m
[32m[I 2025-02-02 19:43:46,545][0m Trial 16 finished with value: 0.7044026834577688 and parameters: {'observation_period_num': 196, 'train_rates': 0.7341402060738667, 'learning_rate': 1.4686007330591376e-05, 'batch_size': 89, 'step_size': 1, 'gamma': 0.9187647153530226}. Best is trial 11 with value: 0.07506203651428223.[0m
[32m[I 2025-02-02 19:44:09,326][0m Trial 17 finished with value: 0.13393530994653702 and parameters: {'observation_period_num': 62, 'train_rates': 0.8526015671048934, 'learning_rate': 0.0001533483215216127, 'batch_size': 213, 'step_size': 10, 'gamma': 0.9660634569754257}. Best is trial 11 with value: 0.07506203651428223.[0m
[32m[I 2025-02-02 19:44:43,002][0m Trial 18 finished with value: 0.27900615535103357 and parameters: {'observation_period_num': 248, 'train_rates': 0.942556341894803, 'learning_rate': 0.000558617299843353, 'batch_size': 114, 'step_size': 3, 'gamma': 0.9301839696509191}. Best is trial 11 with value: 0.07506203651428223.[0m
[32m[I 2025-02-02 19:45:07,061][0m Trial 19 finished with value: 0.18435607000953105 and parameters: {'observation_period_num': 219, 'train_rates': 0.8358796777669223, 'learning_rate': 0.0001459466344333213, 'batch_size': 170, 'step_size': 8, 'gamma': 0.8445069024498457}. Best is trial 11 with value: 0.07506203651428223.[0m
[32m[I 2025-02-02 19:46:09,172][0m Trial 20 finished with value: 0.21511439785622713 and parameters: {'observation_period_num': 186, 'train_rates': 0.8970206793798042, 'learning_rate': 2.6584590846158466e-05, 'batch_size': 59, 'step_size': 12, 'gamma': 0.9640315447391573}. Best is trial 11 with value: 0.07506203651428223.[0m
[32m[I 2025-02-02 19:46:43,735][0m Trial 21 finished with value: 0.09359563142061234 and parameters: {'observation_period_num': 212, 'train_rates': 0.987952735389192, 'learning_rate': 0.00033787536879614056, 'batch_size': 111, 'step_size': 6, 'gamma': 0.9524767785962098}. Best is trial 11 with value: 0.07506203651428223.[0m
[32m[I 2025-02-02 19:47:20,769][0m Trial 22 finished with value: 0.285418283498887 and parameters: {'observation_period_num': 227, 'train_rates': 0.9417362016868245, 'learning_rate': 0.0005221699097770404, 'batch_size': 100, 'step_size': 6, 'gamma': 0.9704524731796886}. Best is trial 11 with value: 0.07506203651428223.[0m
[32m[I 2025-02-02 19:47:49,960][0m Trial 23 finished with value: 0.3400847315788269 and parameters: {'observation_period_num': 248, 'train_rates': 0.9595776327730244, 'learning_rate': 0.0004999912728516522, 'batch_size': 131, 'step_size': 7, 'gamma': 0.925611930699923}. Best is trial 11 with value: 0.07506203651428223.[0m
[32m[I 2025-02-02 19:48:18,480][0m Trial 24 finished with value: 0.07795758545398712 and parameters: {'observation_period_num': 205, 'train_rates': 0.9854016423328934, 'learning_rate': 0.00018891698459824196, 'batch_size': 145, 'step_size': 3, 'gamma': 0.9880856774566645}. Best is trial 11 with value: 0.07506203651428223.[0m
[32m[I 2025-02-02 19:48:43,013][0m Trial 25 finished with value: 0.21320293863352976 and parameters: {'observation_period_num': 217, 'train_rates': 0.9165880860740799, 'learning_rate': 0.00017427796495196647, 'batch_size': 169, 'step_size': 2, 'gamma': 0.9875614085847092}. Best is trial 11 with value: 0.07506203651428223.[0m
[32m[I 2025-02-02 19:49:06,058][0m Trial 26 finished with value: 0.2546127355708101 and parameters: {'observation_period_num': 188, 'train_rates': 0.8868923009409234, 'learning_rate': 8.920151943004184e-05, 'batch_size': 222, 'step_size': 3, 'gamma': 0.9631087602512143}. Best is trial 11 with value: 0.07506203651428223.[0m
[32m[I 2025-02-02 19:49:29,538][0m Trial 27 finished with value: 0.1592937429961046 and parameters: {'observation_period_num': 212, 'train_rates': 0.7385066718776956, 'learning_rate': 0.0005822263602895417, 'batch_size': 147, 'step_size': 5, 'gamma': 0.9897432378487916}. Best is trial 11 with value: 0.07506203651428223.[0m
[32m[I 2025-02-02 19:49:54,174][0m Trial 28 finished with value: 0.39973047375679016 and parameters: {'observation_period_num': 122, 'train_rates': 0.9516919435735569, 'learning_rate': 5.9234597105923234e-05, 'batch_size': 185, 'step_size': 5, 'gamma': 0.8622496783691932}. Best is trial 11 with value: 0.07506203651428223.[0m
[32m[I 2025-02-02 19:50:12,983][0m Trial 29 finished with value: 0.26287595533113817 and parameters: {'observation_period_num': 145, 'train_rates': 0.7053078140445647, 'learning_rate': 0.00020357087151923032, 'batch_size': 251, 'step_size': 4, 'gamma': 0.8109515805048254}. Best is trial 11 with value: 0.07506203651428223.[0m
[32m[I 2025-02-02 19:50:36,071][0m Trial 30 finished with value: 0.8865593075752258 and parameters: {'observation_period_num': 179, 'train_rates': 0.9630957247402432, 'learning_rate': 1.658512290533014e-05, 'batch_size': 229, 'step_size': 2, 'gamma': 0.9099855888991412}. Best is trial 11 with value: 0.07506203651428223.[0m
[32m[I 2025-02-02 19:51:14,588][0m Trial 31 finished with value: 0.10345647484064102 and parameters: {'observation_period_num': 237, 'train_rates': 0.9894590125511664, 'learning_rate': 0.0003703109791743476, 'batch_size': 103, 'step_size': 6, 'gamma': 0.948498815142068}. Best is trial 11 with value: 0.07506203651428223.[0m
[32m[I 2025-02-02 19:51:43,335][0m Trial 32 finished with value: 0.2852519698102366 and parameters: {'observation_period_num': 230, 'train_rates': 0.9355450744228365, 'learning_rate': 0.0003850145269461116, 'batch_size': 137, 'step_size': 9, 'gamma': 0.9726060192787525}. Best is trial 11 with value: 0.07506203651428223.[0m
[32m[I 2025-02-02 19:52:30,124][0m Trial 33 finished with value: 0.3757584108672011 and parameters: {'observation_period_num': 238, 'train_rates': 0.9600314053316685, 'learning_rate': 0.0007161545920772918, 'batch_size': 79, 'step_size': 7, 'gamma': 0.9531206764181022}. Best is trial 11 with value: 0.07506203651428223.[0m
[32m[I 2025-02-02 19:53:04,178][0m Trial 34 finished with value: 0.03689468279480934 and parameters: {'observation_period_num': 10, 'train_rates': 0.9863456238188226, 'learning_rate': 0.00023235087305173077, 'batch_size': 120, 'step_size': 14, 'gamma': 0.9786968417480428}. Best is trial 34 with value: 0.03689468279480934.[0m
[32m[I 2025-02-02 19:53:36,031][0m Trial 35 finished with value: 0.21318725347518921 and parameters: {'observation_period_num': 25, 'train_rates': 0.9316250453697383, 'learning_rate': 0.00010936707818603252, 'batch_size': 120, 'step_size': 15, 'gamma': 0.9767386948321014}. Best is trial 34 with value: 0.03689468279480934.[0m
[32m[I 2025-02-02 19:54:00,090][0m Trial 36 finished with value: 0.17039357543223563 and parameters: {'observation_period_num': 41, 'train_rates': 0.8233693392194543, 'learning_rate': 3.967000358783794e-05, 'batch_size': 168, 'step_size': 14, 'gamma': 0.7576707291266194}. Best is trial 34 with value: 0.03689468279480934.[0m
[32m[I 2025-02-02 19:54:22,314][0m Trial 37 finished with value: 0.10634772474577263 and parameters: {'observation_period_num': 86, 'train_rates': 0.6590376321650873, 'learning_rate': 0.00020577460070307768, 'batch_size': 138, 'step_size': 9, 'gamma': 0.9361805383472451}. Best is trial 34 with value: 0.03689468279480934.[0m
[32m[I 2025-02-02 19:54:45,180][0m Trial 38 finished with value: 0.152428185980864 and parameters: {'observation_period_num': 161, 'train_rates': 0.7661398564981998, 'learning_rate': 0.0008144314931577567, 'batch_size': 157, 'step_size': 3, 'gamma': 0.9784762694819802}. Best is trial 34 with value: 0.03689468279480934.[0m
[32m[I 2025-02-02 19:55:10,536][0m Trial 39 finished with value: 0.2968602478504181 and parameters: {'observation_period_num': 14, 'train_rates': 0.960671206929879, 'learning_rate': 7.036330863225302e-05, 'batch_size': 183, 'step_size': 6, 'gamma': 0.8052023408029072}. Best is trial 34 with value: 0.03689468279480934.[0m
[32m[I 2025-02-02 19:55:31,268][0m Trial 40 finished with value: 0.1649872584725326 and parameters: {'observation_period_num': 135, 'train_rates': 0.6048344832226019, 'learning_rate': 0.00012591002460572617, 'batch_size': 153, 'step_size': 8, 'gamma': 0.8980540878237602}. Best is trial 34 with value: 0.03689468279480934.[0m
[32m[I 2025-02-02 19:56:06,352][0m Trial 41 finished with value: 0.10706411302089691 and parameters: {'observation_period_num': 202, 'train_rates': 0.9890980798131508, 'learning_rate': 0.0002336137167283833, 'batch_size': 106, 'step_size': 14, 'gamma': 0.9590157211109007}. Best is trial 34 with value: 0.03689468279480934.[0m
[32m[I 2025-02-02 19:56:35,464][0m Trial 42 finished with value: 0.4681505262851715 and parameters: {'observation_period_num': 218, 'train_rates': 0.9713454779261371, 'learning_rate': 0.0004053876772155474, 'batch_size': 127, 'step_size': 13, 'gamma': 0.9793185921382576}. Best is trial 34 with value: 0.03689468279480934.[0m
[32m[I 2025-02-02 19:57:23,508][0m Trial 43 finished with value: 0.8096255660057068 and parameters: {'observation_period_num': 240, 'train_rates': 0.9756034090731847, 'learning_rate': 1.0085435053762932e-06, 'batch_size': 84, 'step_size': 14, 'gamma': 0.9400768207013696}. Best is trial 34 with value: 0.03689468279480934.[0m
[32m[I 2025-02-02 19:58:28,134][0m Trial 44 finished with value: 0.20569988309095302 and parameters: {'observation_period_num': 50, 'train_rates': 0.9256786403274774, 'learning_rate': 0.0003068841712216786, 'batch_size': 66, 'step_size': 11, 'gamma': 0.9581380093350986}. Best is trial 34 with value: 0.03689468279480934.[0m
[32m[I 2025-02-02 19:59:09,369][0m Trial 45 finished with value: 0.22913256231293405 and parameters: {'observation_period_num': 252, 'train_rates': 0.8973011806470791, 'learning_rate': 0.0006547433722377649, 'batch_size': 95, 'step_size': 13, 'gamma': 0.9870873428340823}. Best is trial 34 with value: 0.03689468279480934.[0m
[32m[I 2025-02-02 19:59:43,199][0m Trial 46 finished with value: 0.13253968954086304 and parameters: {'observation_period_num': 103, 'train_rates': 0.9781778764684116, 'learning_rate': 0.0004375144437286111, 'batch_size': 114, 'step_size': 15, 'gamma': 0.9162368504745686}. Best is trial 34 with value: 0.03689468279480934.[0m
[32m[I 2025-02-02 20:00:11,154][0m Trial 47 finished with value: 0.7444100782677934 and parameters: {'observation_period_num': 170, 'train_rates': 0.9470585713317898, 'learning_rate': 6.347317715316415e-06, 'batch_size': 144, 'step_size': 4, 'gamma': 0.877497910628575}. Best is trial 34 with value: 0.03689468279480934.[0m
[32m[I 2025-02-02 20:01:58,697][0m Trial 48 finished with value: 0.5619897138741281 and parameters: {'observation_period_num': 194, 'train_rates': 0.9740533462404252, 'learning_rate': 0.0002495550722204374, 'batch_size': 32, 'step_size': 11, 'gamma': 0.9429960333548828}. Best is trial 34 with value: 0.03689468279480934.[0m
[32m[I 2025-02-02 20:02:21,845][0m Trial 49 finished with value: 0.2405687911856559 and parameters: {'observation_period_num': 207, 'train_rates': 0.9212267753360815, 'learning_rate': 9.572350595024792e-05, 'batch_size': 210, 'step_size': 12, 'gamma': 0.9726588568568204}. Best is trial 34 with value: 0.03689468279480934.[0m
seasonal_3 „ÅÆÊúÄÈÅ©„Éè„Ç§„Éë„Éº„Éë„É©„É°„Éº„Çø„ÅåË¶ã„Å§„Åã„Çä„Åæ„Åó„Åü
ÊúÄÈÅ©ÂåñÂØæË±°: resid
[32m[I 2025-02-02 20:02:21,852][0m A new study created in memory with name: no-name-fea1b8d8-f615-4908-a212-e8b67d86f7cf[0m
[32m[I 2025-02-02 20:02:47,127][0m Trial 0 finished with value: 0.44364832215389965 and parameters: {'observation_period_num': 237, 'train_rates': 0.8913454778099843, 'learning_rate': 1.2878450590113215e-05, 'batch_size': 155, 'step_size': 14, 'gamma': 0.9376635115858213}. Best is trial 0 with value: 0.44364832215389965.[0m
[32m[I 2025-02-02 20:03:54,549][0m Trial 1 finished with value: 0.16232118010520935 and parameters: {'observation_period_num': 90, 'train_rates': 0.777617623431411, 'learning_rate': 2.4950849101210733e-05, 'batch_size': 49, 'step_size': 13, 'gamma': 0.7813592836701891}. Best is trial 1 with value: 0.16232118010520935.[0m
[32m[I 2025-02-02 20:04:28,043][0m Trial 2 finished with value: 0.13004632151290163 and parameters: {'observation_period_num': 104, 'train_rates': 0.8207434618162961, 'learning_rate': 0.00029387820428959286, 'batch_size': 103, 'step_size': 9, 'gamma': 0.7758604498692772}. Best is trial 2 with value: 0.13004632151290163.[0m
[32m[I 2025-02-02 20:06:24,267][0m Trial 3 finished with value: 0.42540895455592387 and parameters: {'observation_period_num': 230, 'train_rates': 0.7826102082447801, 'learning_rate': 2.9332011594374923e-06, 'batch_size': 26, 'step_size': 11, 'gamma': 0.8464522971423538}. Best is trial 2 with value: 0.13004632151290163.[0m
[32m[I 2025-02-02 20:06:50,537][0m Trial 4 finished with value: 0.7834467498553281 and parameters: {'observation_period_num': 205, 'train_rates': 0.9370636553823037, 'learning_rate': 2.2337060693124452e-05, 'batch_size': 171, 'step_size': 1, 'gamma': 0.9338261430884109}. Best is trial 2 with value: 0.13004632151290163.[0m
[32m[I 2025-02-02 20:07:42,105][0m Trial 5 finished with value: 0.7165382425320099 and parameters: {'observation_period_num': 233, 'train_rates': 0.9113433505535283, 'learning_rate': 2.378964472570039e-06, 'batch_size': 69, 'step_size': 11, 'gamma': 0.7839086789200638}. Best is trial 2 with value: 0.13004632151290163.[0m
[32m[I 2025-02-02 20:08:01,992][0m Trial 6 finished with value: 0.10979442189949223 and parameters: {'observation_period_num': 60, 'train_rates': 0.6911493618669822, 'learning_rate': 0.0005016892880757992, 'batch_size': 244, 'step_size': 7, 'gamma': 0.9010225048278726}. Best is trial 6 with value: 0.10979442189949223.[0m
[32m[I 2025-02-02 20:08:23,619][0m Trial 7 finished with value: 0.29146737951388213 and parameters: {'observation_period_num': 30, 'train_rates': 0.7302408317702412, 'learning_rate': 1.6321378480305068e-05, 'batch_size': 179, 'step_size': 6, 'gamma': 0.8989238635382262}. Best is trial 6 with value: 0.10979442189949223.[0m
[32m[I 2025-02-02 20:08:53,933][0m Trial 8 finished with value: 0.6609100122744426 and parameters: {'observation_period_num': 132, 'train_rates': 0.8037018136106701, 'learning_rate': 2.1111862859481898e-06, 'batch_size': 114, 'step_size': 13, 'gamma': 0.7717365959496656}. Best is trial 6 with value: 0.10979442189949223.[0m
[32m[I 2025-02-02 20:09:14,592][0m Trial 9 finished with value: 0.3836740967888517 and parameters: {'observation_period_num': 195, 'train_rates': 0.8570324748158176, 'learning_rate': 1.609911729178445e-05, 'batch_size': 241, 'step_size': 14, 'gamma': 0.9258008411611887}. Best is trial 6 with value: 0.10979442189949223.[0m
[32m[I 2025-02-02 20:09:33,386][0m Trial 10 finished with value: 0.10045433535017598 and parameters: {'observation_period_num': 19, 'train_rates': 0.6125764676646752, 'learning_rate': 0.00037871783434086656, 'batch_size': 250, 'step_size': 5, 'gamma': 0.9737060214861989}. Best is trial 10 with value: 0.10045433535017598.[0m
[32m[I 2025-02-02 20:09:52,084][0m Trial 11 finished with value: 0.07873935731393951 and parameters: {'observation_period_num': 7, 'train_rates': 0.6005910942073202, 'learning_rate': 0.0007843465313456383, 'batch_size': 252, 'step_size': 5, 'gamma': 0.9876819442666654}. Best is trial 11 with value: 0.07873935731393951.[0m
