[32m[I 2025-02-02 20:27:46,641][0m Trial 49 finished with value: 0.1240039913502873 and parameters: {'observation_period_num': 16, 'train_rates': 0.8960573556651444, 'learning_rate': 0.0009860408360175192, 'batch_size': 238, 'step_size': 4, 'gamma': 0.957687629627385}. Best is trial 31 with value: 0.0653666771538522.[0m
resid „ÅÆÊúÄÈÅ©„Éè„Ç§„Éë„Éº„Éë„É©„É°„Éº„Çø„ÅåË¶ã„Å§„Åã„Çä„Åæ„Åó„Åü
ÊúÄÈÅ©„Éè„Ç§„Éë„Éº„Éë„É©„É°„Éº„Çø„Åå best_hyperparameters_SBUX_iTransformer.json „Å´‰øùÂ≠ò„Åï„Çå„Åæ„Åó„Åü
Training trend component with params: {'observation_period_num': 16, 'train_rates': 0.6524932765525377, 'learning_rate': 0.0006611942494364151, 'batch_size': 131, 'step_size': 4, 'gamma': 0.9440098555780867}
Epoch 1/300, trend Loss: 0.6703 | 0.6142
Epoch 2/300, trend Loss: 0.2676 | 0.2392
Epoch 3/300, trend Loss: 0.2512 | 0.1914
Epoch 4/300, trend Loss: 0.1964 | 0.1531
Epoch 5/300, trend Loss: 0.1511 | 0.1398
Epoch 6/300, trend Loss: 0.1494 | 0.1362
Epoch 7/300, trend Loss: 0.1442 | 0.1319
Epoch 8/300, trend Loss: 0.1358 | 0.1385
Epoch 9/300, trend Loss: 0.1248 | 0.1225
Epoch 10/300, trend Loss: 0.1238 | 0.1150
Epoch 11/300, trend Loss: 0.1248 | 0.1321
Epoch 12/300, trend Loss: 0.1265 | 0.1290
Epoch 13/300, trend Loss: 0.1206 | 0.1065
Epoch 14/300, trend Loss: 0.1176 | 0.1055
Epoch 15/300, trend Loss: 0.1147 | 0.1027
Epoch 16/300, trend Loss: 0.1183 | 0.1070
Epoch 17/300, trend Loss: 0.1166 | 0.1021
Epoch 18/300, trend Loss: 0.1126 | 0.1004
Epoch 19/300, trend Loss: 0.1088 | 0.1001
Epoch 20/300, trend Loss: 0.1101 | 0.1020
Epoch 21/300, trend Loss: 0.1073 | 0.0967
Epoch 22/300, trend Loss: 0.1061 | 0.1030
Epoch 23/300, trend Loss: 0.1065 | 0.0909
Epoch 24/300, trend Loss: 0.1032 | 0.0948
Epoch 25/300, trend Loss: 0.1019 | 0.0913
Epoch 26/300, trend Loss: 0.1009 | 0.0938
Epoch 27/300, trend Loss: 0.1003 | 0.0874
Epoch 28/300, trend Loss: 0.0990 | 0.0864
Epoch 29/300, trend Loss: 0.0983 | 0.0851
Epoch 30/300, trend Loss: 0.0976 | 0.0918
Epoch 31/300, trend Loss: 0.0964 | 0.0882
Epoch 32/300, trend Loss: 0.0956 | 0.0876
Epoch 33/300, trend Loss: 0.0953 | 0.0834
Epoch 34/300, trend Loss: 0.0946 | 0.0876
Epoch 35/300, trend Loss: 0.0943 | 0.0835
Epoch 36/300, trend Loss: 0.0936 | 0.0873
Epoch 37/300, trend Loss: 0.0936 | 0.0807
Epoch 38/300, trend Loss: 0.0932 | 0.0891
Epoch 39/300, trend Loss: 0.0933 | 0.0792
Epoch 40/300, trend Loss: 0.0931 | 0.0928
Epoch 41/300, trend Loss: 0.0940 | 0.0786
Epoch 42/300, trend Loss: 0.0948 | 0.0962
Epoch 43/300, trend Loss: 0.0995 | 0.0815
Epoch 44/300, trend Loss: 0.1017 | 0.0980
Epoch 45/300, trend Loss: 0.1134 | 0.1464
Epoch 46/300, trend Loss: 0.1001 | 0.0836
Epoch 47/300, trend Loss: 0.0943 | 0.0812
Epoch 48/300, trend Loss: 0.0933 | 0.0759
Epoch 49/300, trend Loss: 0.0927 | 0.0794
Epoch 50/300, trend Loss: 0.0910 | 0.0766
Epoch 51/300, trend Loss: 0.0904 | 0.0796
Epoch 52/300, trend Loss: 0.0912 | 0.0788
Epoch 53/300, trend Loss: 0.0923 | 0.0790
Epoch 54/300, trend Loss: 0.0957 | 0.0943
Epoch 55/300, trend Loss: 0.0935 | 0.0805
Epoch 56/300, trend Loss: 0.0961 | 0.0967
Epoch 57/300, trend Loss: 0.0944 | 0.0841
Epoch 58/300, trend Loss: 0.0995 | 0.0977
Epoch 59/300, trend Loss: 0.0957 | 0.0886
Epoch 60/300, trend Loss: 0.1010 | 0.0999
Epoch 61/300, trend Loss: 0.0948 | 0.0883
Epoch 62/300, trend Loss: 0.0952 | 0.0893
Epoch 63/300, trend Loss: 0.0912 | 0.0809
Epoch 64/300, trend Loss: 0.0907 | 0.0815
Epoch 65/300, trend Loss: 0.0895 | 0.0758
Epoch 66/300, trend Loss: 0.0891 | 0.0784
Epoch 67/300, trend Loss: 0.0883 | 0.0746
Epoch 68/300, trend Loss: 0.0872 | 0.0763
Epoch 69/300, trend Loss: 0.0869 | 0.0737
Epoch 70/300, trend Loss: 0.0867 | 0.0757
Epoch 71/300, trend Loss: 0.0864 | 0.0744
Epoch 72/300, trend Loss: 0.0862 | 0.0757
Epoch 73/300, trend Loss: 0.0861 | 0.0746
Epoch 74/300, trend Loss: 0.0860 | 0.0752
Epoch 75/300, trend Loss: 0.0859 | 0.0746
Epoch 76/300, trend Loss: 0.0857 | 0.0749
Epoch 77/300, trend Loss: 0.0856 | 0.0746
Epoch 78/300, trend Loss: 0.0855 | 0.0748
Epoch 79/300, trend Loss: 0.0854 | 0.0746
Epoch 80/300, trend Loss: 0.0853 | 0.0747
Epoch 81/300, trend Loss: 0.0853 | 0.0746
Epoch 82/300, trend Loss: 0.0852 | 0.0746
Epoch 83/300, trend Loss: 0.0851 | 0.0746
Epoch 84/300, trend Loss: 0.0850 | 0.0746
Epoch 85/300, trend Loss: 0.0849 | 0.0745
Epoch 86/300, trend Loss: 0.0848 | 0.0745
Epoch 87/300, trend Loss: 0.0848 | 0.0745
Epoch 88/300, trend Loss: 0.0847 | 0.0744
Epoch 89/300, trend Loss: 0.0846 | 0.0744
Epoch 90/300, trend Loss: 0.0846 | 0.0744
Epoch 91/300, trend Loss: 0.0845 | 0.0743
Epoch 92/300, trend Loss: 0.0844 | 0.0743
Epoch 93/300, trend Loss: 0.0843 | 0.0743
Epoch 94/300, trend Loss: 0.0843 | 0.0742
Epoch 95/300, trend Loss: 0.0842 | 0.0742
Epoch 96/300, trend Loss: 0.0842 | 0.0742
Epoch 97/300, trend Loss: 0.0841 | 0.0741
Epoch 98/300, trend Loss: 0.0840 | 0.0741
Epoch 99/300, trend Loss: 0.0840 | 0.0741
Epoch 100/300, trend Loss: 0.0839 | 0.0740
Epoch 101/300, trend Loss: 0.0839 | 0.0740
Epoch 102/300, trend Loss: 0.0838 | 0.0740
Epoch 103/300, trend Loss: 0.0838 | 0.0739
Epoch 104/300, trend Loss: 0.0837 | 0.0739
Epoch 105/300, trend Loss: 0.0837 | 0.0739
Epoch 106/300, trend Loss: 0.0836 | 0.0738
Epoch 107/300, trend Loss: 0.0836 | 0.0738
Epoch 108/300, trend Loss: 0.0835 | 0.0738
Epoch 109/300, trend Loss: 0.0835 | 0.0738
Epoch 110/300, trend Loss: 0.0834 | 0.0737
Epoch 111/300, trend Loss: 0.0834 | 0.0737
Epoch 112/300, trend Loss: 0.0833 | 0.0737
Epoch 113/300, trend Loss: 0.0833 | 0.0736
Epoch 114/300, trend Loss: 0.0832 | 0.0736
Epoch 115/300, trend Loss: 0.0832 | 0.0736
Epoch 116/300, trend Loss: 0.0832 | 0.0736
Epoch 117/300, trend Loss: 0.0831 | 0.0735
Epoch 118/300, trend Loss: 0.0831 | 0.0735
Epoch 119/300, trend Loss: 0.0830 | 0.0735
Epoch 120/300, trend Loss: 0.0830 | 0.0735
Epoch 121/300, trend Loss: 0.0830 | 0.0734
Epoch 122/300, trend Loss: 0.0829 | 0.0734
Epoch 123/300, trend Loss: 0.0829 | 0.0734
Epoch 124/300, trend Loss: 0.0829 | 0.0734
Epoch 125/300, trend Loss: 0.0828 | 0.0733
Epoch 126/300, trend Loss: 0.0828 | 0.0733
Epoch 127/300, trend Loss: 0.0828 | 0.0733
Epoch 128/300, trend Loss: 0.0827 | 0.0733
Epoch 129/300, trend Loss: 0.0827 | 0.0733
Epoch 130/300, trend Loss: 0.0827 | 0.0732
Epoch 131/300, trend Loss: 0.0826 | 0.0732
Epoch 132/300, trend Loss: 0.0826 | 0.0732
Epoch 133/300, trend Loss: 0.0826 | 0.0732
Epoch 134/300, trend Loss: 0.0825 | 0.0732
Epoch 135/300, trend Loss: 0.0825 | 0.0731
Epoch 136/300, trend Loss: 0.0825 | 0.0731
Epoch 137/300, trend Loss: 0.0825 | 0.0731
Epoch 138/300, trend Loss: 0.0824 | 0.0731
Epoch 139/300, trend Loss: 0.0824 | 0.0731
Epoch 140/300, trend Loss: 0.0824 | 0.0731
Epoch 141/300, trend Loss: 0.0824 | 0.0730
Epoch 142/300, trend Loss: 0.0823 | 0.0730
Epoch 143/300, trend Loss: 0.0823 | 0.0730
Epoch 144/300, trend Loss: 0.0823 | 0.0730
Epoch 145/300, trend Loss: 0.0823 | 0.0730
Epoch 146/300, trend Loss: 0.0823 | 0.0730
Epoch 147/300, trend Loss: 0.0822 | 0.0730
Epoch 148/300, trend Loss: 0.0822 | 0.0729
Epoch 149/300, trend Loss: 0.0822 | 0.0729
Epoch 150/300, trend Loss: 0.0822 | 0.0729
Epoch 151/300, trend Loss: 0.0822 | 0.0729
Epoch 152/300, trend Loss: 0.0821 | 0.0729
Epoch 153/300, trend Loss: 0.0821 | 0.0729
Epoch 154/300, trend Loss: 0.0821 | 0.0729
Epoch 155/300, trend Loss: 0.0821 | 0.0729
Epoch 156/300, trend Loss: 0.0821 | 0.0728
Epoch 157/300, trend Loss: 0.0820 | 0.0728
Epoch 158/300, trend Loss: 0.0820 | 0.0728
Epoch 159/300, trend Loss: 0.0820 | 0.0728
Epoch 160/300, trend Loss: 0.0820 | 0.0728
Epoch 161/300, trend Loss: 0.0820 | 0.0728
Epoch 162/300, trend Loss: 0.0820 | 0.0728
Epoch 163/300, trend Loss: 0.0820 | 0.0728
Epoch 164/300, trend Loss: 0.0819 | 0.0728
Epoch 165/300, trend Loss: 0.0819 | 0.0728
Epoch 166/300, trend Loss: 0.0819 | 0.0727
Epoch 167/300, trend Loss: 0.0819 | 0.0727
Epoch 168/300, trend Loss: 0.0819 | 0.0727
Epoch 169/300, trend Loss: 0.0819 | 0.0727
Epoch 170/300, trend Loss: 0.0819 | 0.0727
Epoch 171/300, trend Loss: 0.0818 | 0.0727
Epoch 172/300, trend Loss: 0.0818 | 0.0727
Epoch 173/300, trend Loss: 0.0818 | 0.0727
Epoch 174/300, trend Loss: 0.0818 | 0.0727
Epoch 175/300, trend Loss: 0.0818 | 0.0727
Epoch 176/300, trend Loss: 0.0818 | 0.0727
Epoch 177/300, trend Loss: 0.0818 | 0.0727
Epoch 178/300, trend Loss: 0.0818 | 0.0726
Epoch 179/300, trend Loss: 0.0818 | 0.0726
Epoch 180/300, trend Loss: 0.0817 | 0.0726
Epoch 181/300, trend Loss: 0.0817 | 0.0726
Epoch 182/300, trend Loss: 0.0817 | 0.0726
Epoch 183/300, trend Loss: 0.0817 | 0.0726
Epoch 184/300, trend Loss: 0.0817 | 0.0726
Epoch 185/300, trend Loss: 0.0817 | 0.0726
Epoch 186/300, trend Loss: 0.0817 | 0.0726
Epoch 187/300, trend Loss: 0.0817 | 0.0726
Epoch 188/300, trend Loss: 0.0817 | 0.0726
Epoch 189/300, trend Loss: 0.0817 | 0.0726
Epoch 190/300, trend Loss: 0.0817 | 0.0726
Epoch 191/300, trend Loss: 0.0817 | 0.0726
Epoch 192/300, trend Loss: 0.0817 | 0.0726
Epoch 193/300, trend Loss: 0.0816 | 0.0726
Epoch 194/300, trend Loss: 0.0816 | 0.0726
Epoch 195/300, trend Loss: 0.0816 | 0.0726
Epoch 196/300, trend Loss: 0.0816 | 0.0725
Epoch 197/300, trend Loss: 0.0816 | 0.0725
Epoch 198/300, trend Loss: 0.0816 | 0.0725
Epoch 199/300, trend Loss: 0.0816 | 0.0725
Epoch 200/300, trend Loss: 0.0816 | 0.0725
Epoch 201/300, trend Loss: 0.0816 | 0.0725
Epoch 202/300, trend Loss: 0.0816 | 0.0725
Epoch 203/300, trend Loss: 0.0816 | 0.0725
Epoch 204/300, trend Loss: 0.0816 | 0.0725
Epoch 205/300, trend Loss: 0.0816 | 0.0725
Epoch 206/300, trend Loss: 0.0816 | 0.0725
Epoch 207/300, trend Loss: 0.0816 | 0.0725
Epoch 208/300, trend Loss: 0.0816 | 0.0725
Epoch 209/300, trend Loss: 0.0816 | 0.0725
Epoch 210/300, trend Loss: 0.0815 | 0.0725
Epoch 211/300, trend Loss: 0.0815 | 0.0725
Epoch 212/300, trend Loss: 0.0815 | 0.0725
Epoch 213/300, trend Loss: 0.0815 | 0.0725
Epoch 214/300, trend Loss: 0.0815 | 0.0725
Epoch 215/300, trend Loss: 0.0815 | 0.0725
Epoch 216/300, trend Loss: 0.0815 | 0.0725
Epoch 217/300, trend Loss: 0.0815 | 0.0725
Epoch 218/300, trend Loss: 0.0815 | 0.0725
Epoch 219/300, trend Loss: 0.0815 | 0.0725
Epoch 220/300, trend Loss: 0.0815 | 0.0725
Epoch 221/300, trend Loss: 0.0815 | 0.0725
Epoch 222/300, trend Loss: 0.0815 | 0.0725
Epoch 223/300, trend Loss: 0.0815 | 0.0725
Epoch 224/300, trend Loss: 0.0815 | 0.0725
Epoch 225/300, trend Loss: 0.0815 | 0.0725
Epoch 226/300, trend Loss: 0.0815 | 0.0725
Epoch 227/300, trend Loss: 0.0815 | 0.0725
Epoch 228/300, trend Loss: 0.0815 | 0.0724
Epoch 229/300, trend Loss: 0.0815 | 0.0724
Epoch 230/300, trend Loss: 0.0815 | 0.0724
Epoch 231/300, trend Loss: 0.0815 | 0.0724
Epoch 232/300, trend Loss: 0.0815 | 0.0724
Epoch 233/300, trend Loss: 0.0815 | 0.0724
Epoch 234/300, trend Loss: 0.0815 | 0.0724
Epoch 235/300, trend Loss: 0.0815 | 0.0724
Epoch 236/300, trend Loss: 0.0815 | 0.0724
Epoch 237/300, trend Loss: 0.0815 | 0.0724
Epoch 238/300, trend Loss: 0.0815 | 0.0724
Epoch 239/300, trend Loss: 0.0815 | 0.0724
Epoch 240/300, trend Loss: 0.0814 | 0.0724
Epoch 241/300, trend Loss: 0.0814 | 0.0724
Epoch 242/300, trend Loss: 0.0814 | 0.0724
Epoch 243/300, trend Loss: 0.0814 | 0.0724
Epoch 244/300, trend Loss: 0.0814 | 0.0724
Epoch 245/300, trend Loss: 0.0814 | 0.0724
Epoch 246/300, trend Loss: 0.0814 | 0.0724
Epoch 247/300, trend Loss: 0.0814 | 0.0724
Epoch 248/300, trend Loss: 0.0814 | 0.0724
Epoch 249/300, trend Loss: 0.0814 | 0.0724
Epoch 250/300, trend Loss: 0.0814 | 0.0724
Epoch 251/300, trend Loss: 0.0814 | 0.0724
Epoch 252/300, trend Loss: 0.0814 | 0.0724
Epoch 253/300, trend Loss: 0.0814 | 0.0724
Epoch 254/300, trend Loss: 0.0814 | 0.0724
Epoch 255/300, trend Loss: 0.0814 | 0.0724
Epoch 256/300, trend Loss: 0.0814 | 0.0724
Epoch 257/300, trend Loss: 0.0814 | 0.0724
Epoch 258/300, trend Loss: 0.0814 | 0.0724
Epoch 259/300, trend Loss: 0.0814 | 0.0724
Epoch 260/300, trend Loss: 0.0814 | 0.0724
Epoch 261/300, trend Loss: 0.0814 | 0.0724
Epoch 262/300, trend Loss: 0.0814 | 0.0724
Epoch 263/300, trend Loss: 0.0814 | 0.0724
Epoch 264/300, trend Loss: 0.0814 | 0.0724
Epoch 265/300, trend Loss: 0.0814 | 0.0724
Epoch 266/300, trend Loss: 0.0814 | 0.0724
Epoch 267/300, trend Loss: 0.0814 | 0.0724
Epoch 268/300, trend Loss: 0.0814 | 0.0724
Epoch 269/300, trend Loss: 0.0814 | 0.0724
Epoch 270/300, trend Loss: 0.0814 | 0.0724
Epoch 271/300, trend Loss: 0.0814 | 0.0724
Epoch 272/300, trend Loss: 0.0814 | 0.0724
Epoch 273/300, trend Loss: 0.0814 | 0.0724
Epoch 274/300, trend Loss: 0.0814 | 0.0724
Epoch 275/300, trend Loss: 0.0814 | 0.0724
Epoch 276/300, trend Loss: 0.0814 | 0.0724
Epoch 277/300, trend Loss: 0.0814 | 0.0724
Epoch 278/300, trend Loss: 0.0814 | 0.0724
Epoch 279/300, trend Loss: 0.0814 | 0.0724
Epoch 280/300, trend Loss: 0.0814 | 0.0724
Epoch 281/300, trend Loss: 0.0814 | 0.0724
Epoch 282/300, trend Loss: 0.0814 | 0.0724
Epoch 283/300, trend Loss: 0.0814 | 0.0724
Epoch 284/300, trend Loss: 0.0814 | 0.0724
Epoch 285/300, trend Loss: 0.0814 | 0.0724
Epoch 286/300, trend Loss: 0.0814 | 0.0724
Epoch 287/300, trend Loss: 0.0814 | 0.0724
Epoch 288/300, trend Loss: 0.0814 | 0.0724
Epoch 289/300, trend Loss: 0.0814 | 0.0724
Epoch 290/300, trend Loss: 0.0814 | 0.0724
Epoch 291/300, trend Loss: 0.0814 | 0.0724
Epoch 292/300, trend Loss: 0.0814 | 0.0724
Epoch 293/300, trend Loss: 0.0814 | 0.0724
Epoch 294/300, trend Loss: 0.0814 | 0.0724
Epoch 295/300, trend Loss: 0.0814 | 0.0724
Epoch 296/300, trend Loss: 0.0814 | 0.0724
Epoch 297/300, trend Loss: 0.0814 | 0.0724
Epoch 298/300, trend Loss: 0.0814 | 0.0724
Epoch 299/300, trend Loss: 0.0814 | 0.0724
Epoch 300/300, trend Loss: 0.0814 | 0.0724
Training seasonal_0 component with params: {'observation_period_num': 17, 'train_rates': 0.7923118987122184, 'learning_rate': 0.0008342583889626178, 'batch_size': 83, 'step_size': 9, 'gamma': 0.8016139436372925}
Epoch 1/300, seasonal_0 Loss: 0.2523 | 0.2222
Epoch 2/300, seasonal_0 Loss: 0.1587 | 0.1658
Epoch 3/300, seasonal_0 Loss: 0.1419 | 0.1479
Epoch 4/300, seasonal_0 Loss: 0.1327 | 0.1364
Epoch 5/300, seasonal_0 Loss: 0.1358 | 0.1290
Epoch 6/300, seasonal_0 Loss: 0.1298 | 0.1247
Epoch 7/300, seasonal_0 Loss: 0.1153 | 0.1230
Epoch 8/300, seasonal_0 Loss: 0.1088 | 0.1235
Epoch 9/300, seasonal_0 Loss: 0.1051 | 0.1198
Epoch 10/300, seasonal_0 Loss: 0.1013 | 0.1271
Epoch 11/300, seasonal_0 Loss: 0.1001 | 0.1288
Epoch 12/300, seasonal_0 Loss: 0.1049 | 0.1779
Epoch 13/300, seasonal_0 Loss: 0.1049 | 0.1520
Epoch 14/300, seasonal_0 Loss: 0.1250 | 0.1321
Epoch 15/300, seasonal_0 Loss: 0.1137 | 0.1142
Epoch 16/300, seasonal_0 Loss: 0.1069 | 0.1054
Epoch 17/300, seasonal_0 Loss: 0.1019 | 0.1035
Epoch 18/300, seasonal_0 Loss: 0.0963 | 0.1031
Epoch 19/300, seasonal_0 Loss: 0.0950 | 0.0997
Epoch 20/300, seasonal_0 Loss: 0.0995 | 0.0990
Epoch 21/300, seasonal_0 Loss: 0.0971 | 0.0983
Epoch 22/300, seasonal_0 Loss: 0.0909 | 0.0970
Epoch 23/300, seasonal_0 Loss: 0.0868 | 0.0963
Epoch 24/300, seasonal_0 Loss: 0.0858 | 0.0968
Epoch 25/300, seasonal_0 Loss: 0.0865 | 0.0984
Epoch 26/300, seasonal_0 Loss: 0.0875 | 0.0989
Epoch 27/300, seasonal_0 Loss: 0.0867 | 0.0976
Epoch 28/300, seasonal_0 Loss: 0.0849 | 0.0953
Epoch 29/300, seasonal_0 Loss: 0.0835 | 0.0940
Epoch 30/300, seasonal_0 Loss: 0.0826 | 0.0934
Epoch 31/300, seasonal_0 Loss: 0.0818 | 0.0926
Epoch 32/300, seasonal_0 Loss: 0.0810 | 0.0918
Epoch 33/300, seasonal_0 Loss: 0.0805 | 0.0917
Epoch 34/300, seasonal_0 Loss: 0.0800 | 0.0911
Epoch 35/300, seasonal_0 Loss: 0.0792 | 0.0907
Epoch 36/300, seasonal_0 Loss: 0.0786 | 0.0902
Epoch 37/300, seasonal_0 Loss: 0.0784 | 0.0898
Epoch 38/300, seasonal_0 Loss: 0.0786 | 0.0894
Epoch 39/300, seasonal_0 Loss: 0.0792 | 0.0894
Epoch 40/300, seasonal_0 Loss: 0.0796 | 0.0894
Epoch 41/300, seasonal_0 Loss: 0.0795 | 0.0891
Epoch 42/300, seasonal_0 Loss: 0.0791 | 0.0885
Epoch 43/300, seasonal_0 Loss: 0.0780 | 0.0887
Epoch 44/300, seasonal_0 Loss: 0.0767 | 0.0886
Epoch 45/300, seasonal_0 Loss: 0.0762 | 0.0885
Epoch 46/300, seasonal_0 Loss: 0.0760 | 0.0887
Epoch 47/300, seasonal_0 Loss: 0.0762 | 0.0885
Epoch 48/300, seasonal_0 Loss: 0.0764 | 0.0886
Epoch 49/300, seasonal_0 Loss: 0.0765 | 0.0887
Epoch 50/300, seasonal_0 Loss: 0.0765 | 0.0887
Epoch 51/300, seasonal_0 Loss: 0.0766 | 0.0880
Epoch 52/300, seasonal_0 Loss: 0.0763 | 0.0878
Epoch 53/300, seasonal_0 Loss: 0.0756 | 0.0879
Epoch 54/300, seasonal_0 Loss: 0.0751 | 0.0877
Epoch 55/300, seasonal_0 Loss: 0.0747 | 0.0876
Epoch 56/300, seasonal_0 Loss: 0.0746 | 0.0876
Epoch 57/300, seasonal_0 Loss: 0.0746 | 0.0877
Epoch 58/300, seasonal_0 Loss: 0.0745 | 0.0875
Epoch 59/300, seasonal_0 Loss: 0.0742 | 0.0875
Epoch 60/300, seasonal_0 Loss: 0.0740 | 0.0876
Epoch 61/300, seasonal_0 Loss: 0.0737 | 0.0876
Epoch 62/300, seasonal_0 Loss: 0.0733 | 0.0874
Epoch 63/300, seasonal_0 Loss: 0.0730 | 0.0872
Epoch 64/300, seasonal_0 Loss: 0.0728 | 0.0869
Epoch 65/300, seasonal_0 Loss: 0.0727 | 0.0868
Epoch 66/300, seasonal_0 Loss: 0.0727 | 0.0867
Epoch 67/300, seasonal_0 Loss: 0.0726 | 0.0866
Epoch 68/300, seasonal_0 Loss: 0.0725 | 0.0866
Epoch 69/300, seasonal_0 Loss: 0.0724 | 0.0865
Epoch 70/300, seasonal_0 Loss: 0.0723 | 0.0864
Epoch 71/300, seasonal_0 Loss: 0.0722 | 0.0864
Epoch 72/300, seasonal_0 Loss: 0.0722 | 0.0864
Epoch 73/300, seasonal_0 Loss: 0.0721 | 0.0863
Epoch 74/300, seasonal_0 Loss: 0.0720 | 0.0863
Epoch 75/300, seasonal_0 Loss: 0.0720 | 0.0863
Epoch 76/300, seasonal_0 Loss: 0.0719 | 0.0863
Epoch 77/300, seasonal_0 Loss: 0.0719 | 0.0862
Epoch 78/300, seasonal_0 Loss: 0.0718 | 0.0862
Epoch 79/300, seasonal_0 Loss: 0.0718 | 0.0862
Epoch 80/300, seasonal_0 Loss: 0.0717 | 0.0861
Epoch 81/300, seasonal_0 Loss: 0.0717 | 0.0861
Epoch 82/300, seasonal_0 Loss: 0.0716 | 0.0861
Epoch 83/300, seasonal_0 Loss: 0.0716 | 0.0861
Epoch 84/300, seasonal_0 Loss: 0.0715 | 0.0860
Epoch 85/300, seasonal_0 Loss: 0.0715 | 0.0860
Epoch 86/300, seasonal_0 Loss: 0.0715 | 0.0860
Epoch 87/300, seasonal_0 Loss: 0.0714 | 0.0860
Epoch 88/300, seasonal_0 Loss: 0.0714 | 0.0859
Epoch 89/300, seasonal_0 Loss: 0.0714 | 0.0859
Epoch 90/300, seasonal_0 Loss: 0.0713 | 0.0859
Epoch 91/300, seasonal_0 Loss: 0.0713 | 0.0859
Epoch 92/300, seasonal_0 Loss: 0.0713 | 0.0859
Epoch 93/300, seasonal_0 Loss: 0.0712 | 0.0859
Epoch 94/300, seasonal_0 Loss: 0.0712 | 0.0858
Epoch 95/300, seasonal_0 Loss: 0.0712 | 0.0858
Epoch 96/300, seasonal_0 Loss: 0.0712 | 0.0858
Epoch 97/300, seasonal_0 Loss: 0.0711 | 0.0858
Epoch 98/300, seasonal_0 Loss: 0.0711 | 0.0858
Epoch 99/300, seasonal_0 Loss: 0.0711 | 0.0858
Epoch 100/300, seasonal_0 Loss: 0.0711 | 0.0858
Epoch 101/300, seasonal_0 Loss: 0.0711 | 0.0858
Epoch 102/300, seasonal_0 Loss: 0.0710 | 0.0857
Epoch 103/300, seasonal_0 Loss: 0.0710 | 0.0857
Epoch 104/300, seasonal_0 Loss: 0.0710 | 0.0857
Epoch 105/300, seasonal_0 Loss: 0.0710 | 0.0857
Epoch 106/300, seasonal_0 Loss: 0.0710 | 0.0857
Epoch 107/300, seasonal_0 Loss: 0.0710 | 0.0857
Epoch 108/300, seasonal_0 Loss: 0.0709 | 0.0857
Epoch 109/300, seasonal_0 Loss: 0.0709 | 0.0857
Epoch 110/300, seasonal_0 Loss: 0.0709 | 0.0857
Epoch 111/300, seasonal_0 Loss: 0.0709 | 0.0857
Epoch 112/300, seasonal_0 Loss: 0.0709 | 0.0857
Epoch 113/300, seasonal_0 Loss: 0.0709 | 0.0857
Epoch 114/300, seasonal_0 Loss: 0.0709 | 0.0856
Epoch 115/300, seasonal_0 Loss: 0.0709 | 0.0856
Epoch 116/300, seasonal_0 Loss: 0.0708 | 0.0856
Epoch 117/300, seasonal_0 Loss: 0.0708 | 0.0856
Epoch 118/300, seasonal_0 Loss: 0.0708 | 0.0856
Epoch 119/300, seasonal_0 Loss: 0.0708 | 0.0856
Epoch 120/300, seasonal_0 Loss: 0.0708 | 0.0856
Epoch 121/300, seasonal_0 Loss: 0.0708 | 0.0856
Epoch 122/300, seasonal_0 Loss: 0.0708 | 0.0856
Epoch 123/300, seasonal_0 Loss: 0.0708 | 0.0856
Epoch 124/300, seasonal_0 Loss: 0.0708 | 0.0856
Epoch 125/300, seasonal_0 Loss: 0.0708 | 0.0856
Epoch 126/300, seasonal_0 Loss: 0.0708 | 0.0856
Epoch 127/300, seasonal_0 Loss: 0.0708 | 0.0856
Epoch 128/300, seasonal_0 Loss: 0.0707 | 0.0856
Epoch 129/300, seasonal_0 Loss: 0.0707 | 0.0856
Epoch 130/300, seasonal_0 Loss: 0.0707 | 0.0856
Epoch 131/300, seasonal_0 Loss: 0.0707 | 0.0856
Epoch 132/300, seasonal_0 Loss: 0.0707 | 0.0856
Epoch 133/300, seasonal_0 Loss: 0.0707 | 0.0856
Epoch 134/300, seasonal_0 Loss: 0.0707 | 0.0856
Epoch 135/300, seasonal_0 Loss: 0.0707 | 0.0856
Epoch 136/300, seasonal_0 Loss: 0.0707 | 0.0856
Epoch 137/300, seasonal_0 Loss: 0.0707 | 0.0856
Epoch 138/300, seasonal_0 Loss: 0.0707 | 0.0856
Epoch 139/300, seasonal_0 Loss: 0.0707 | 0.0856
Epoch 140/300, seasonal_0 Loss: 0.0707 | 0.0856
Epoch 141/300, seasonal_0 Loss: 0.0707 | 0.0856
Epoch 142/300, seasonal_0 Loss: 0.0707 | 0.0855
Epoch 143/300, seasonal_0 Loss: 0.0707 | 0.0855
Epoch 144/300, seasonal_0 Loss: 0.0707 | 0.0855
Epoch 145/300, seasonal_0 Loss: 0.0707 | 0.0855
Epoch 146/300, seasonal_0 Loss: 0.0707 | 0.0855
Epoch 147/300, seasonal_0 Loss: 0.0707 | 0.0855
Epoch 148/300, seasonal_0 Loss: 0.0707 | 0.0855
Epoch 149/300, seasonal_0 Loss: 0.0707 | 0.0855
Epoch 150/300, seasonal_0 Loss: 0.0707 | 0.0855
Epoch 151/300, seasonal_0 Loss: 0.0707 | 0.0855
Epoch 152/300, seasonal_0 Loss: 0.0707 | 0.0855
Epoch 153/300, seasonal_0 Loss: 0.0707 | 0.0855
Epoch 154/300, seasonal_0 Loss: 0.0707 | 0.0855
Epoch 155/300, seasonal_0 Loss: 0.0706 | 0.0855
Epoch 156/300, seasonal_0 Loss: 0.0706 | 0.0855
Epoch 157/300, seasonal_0 Loss: 0.0706 | 0.0855
Epoch 158/300, seasonal_0 Loss: 0.0706 | 0.0855
Epoch 159/300, seasonal_0 Loss: 0.0706 | 0.0855
Epoch 160/300, seasonal_0 Loss: 0.0706 | 0.0855
Epoch 161/300, seasonal_0 Loss: 0.0706 | 0.0855
Epoch 162/300, seasonal_0 Loss: 0.0706 | 0.0855
Epoch 163/300, seasonal_0 Loss: 0.0706 | 0.0855
Epoch 164/300, seasonal_0 Loss: 0.0706 | 0.0855
Epoch 165/300, seasonal_0 Loss: 0.0706 | 0.0855
Epoch 166/300, seasonal_0 Loss: 0.0706 | 0.0855
Epoch 167/300, seasonal_0 Loss: 0.0706 | 0.0855
Epoch 168/300, seasonal_0 Loss: 0.0706 | 0.0855
Epoch 169/300, seasonal_0 Loss: 0.0706 | 0.0855
Epoch 170/300, seasonal_0 Loss: 0.0706 | 0.0855
Epoch 171/300, seasonal_0 Loss: 0.0706 | 0.0855
Epoch 172/300, seasonal_0 Loss: 0.0706 | 0.0855
Epoch 173/300, seasonal_0 Loss: 0.0706 | 0.0855
Epoch 174/300, seasonal_0 Loss: 0.0706 | 0.0855
Epoch 175/300, seasonal_0 Loss: 0.0706 | 0.085