[32m[I 2025-02-02 17:34:17,862][0m Trial 15 finished with value: 0.3158740431818503 and parameters: {'observation_period_num': 8, 'train_rates': 0.7565937583570386, 'learning_rate': 8.037749655286113e-06, 'batch_size': 219, 'step_size': 13, 'gamma': 0.8316340882362356}. Best is trial 10 with value: 0.10763433749180401.[0m
[32m[I 2025-02-02 17:34:44,699][0m Trial 16 finished with value: 0.20606180402365598 and parameters: {'observation_period_num': 75, 'train_rates': 0.770744192301475, 'learning_rate': 4.2301676024923256e-05, 'batch_size': 149, 'step_size': 13, 'gamma': 0.7711703576180087}. Best is trial 10 with value: 0.10763433749180401.[0m
[32m[I 2025-02-02 17:35:04,590][0m Trial 17 finished with value: 0.18411615457982647 and parameters: {'observation_period_num': 123, 'train_rates': 0.6798764636172541, 'learning_rate': 0.00018036788344557883, 'batch_size': 222, 'step_size': 6, 'gamma': 0.8232629856498824}. Best is trial 10 with value: 0.10763433749180401.[0m
[32m[I 2025-02-02 17:35:29,363][0m Trial 18 finished with value: 2.849240496351912 and parameters: {'observation_period_num': 44, 'train_rates': 0.8475279664242747, 'learning_rate': 1.0127205729518422e-06, 'batch_size': 192, 'step_size': 12, 'gamma': 0.8590538752061546}. Best is trial 10 with value: 0.10763433749180401.[0m
[32m[I 2025-02-02 17:35:58,231][0m Trial 19 finished with value: 0.24470512516969858 and parameters: {'observation_period_num': 124, 'train_rates': 0.6957671288622677, 'learning_rate': 3.524906932561872e-05, 'batch_size': 127, 'step_size': 15, 'gamma': 0.7849052601957534}. Best is trial 10 with value: 0.10763433749180401.[0m
[32m[I 2025-02-02 17:36:19,685][0m Trial 20 finished with value: 0.4259602902251463 and parameters: {'observation_period_num': 25, 'train_rates': 0.7833542566526086, 'learning_rate': 1.4097688935850336e-05, 'batch_size': 233, 'step_size': 14, 'gamma': 0.7508037092596636}. Best is trial 10 with value: 0.10763433749180401.[0m
[32m[I 2025-02-02 17:36:45,556][0m Trial 21 finished with value: 0.1147103420911579 and parameters: {'observation_period_num': 5, 'train_rates': 0.8150530241222194, 'learning_rate': 0.00010111246401264709, 'batch_size': 164, 'step_size': 15, 'gamma': 0.756310635922629}. Best is trial 10 with value: 0.10763433749180401.[0m
[32m[I 2025-02-02 17:37:13,616][0m Trial 22 finished with value: 0.1237135252092621 and parameters: {'observation_period_num': 8, 'train_rates': 0.8427619082885209, 'learning_rate': 0.00017190605579578283, 'batch_size': 156, 'step_size': 12, 'gamma': 0.7974776015747349}. Best is trial 10 with value: 0.10763433749180401.[0m
[32m[I 2025-02-02 17:37:38,326][0m Trial 23 finished with value: 0.17709282383349184 and parameters: {'observation_period_num': 67, 'train_rates': 0.8049841283747201, 'learning_rate': 5.043668828204471e-05, 'batch_size': 183, 'step_size': 14, 'gamma': 0.7704827444847479}. Best is trial 10 with value: 0.10763433749180401.[0m
[32m[I 2025-02-02 17:38:05,829][0m Trial 24 finished with value: 0.11010116338729858 and parameters: {'observation_period_num': 33, 'train_rates': 0.6029433076872175, 'learning_rate': 0.0001768710076052862, 'batch_size': 120, 'step_size': 14, 'gamma': 0.7713069773767112}. Best is trial 10 with value: 0.10763433749180401.[0m
[32m[I 2025-02-02 17:38:37,511][0m Trial 25 finished with value: 0.16938242420473468 and parameters: {'observation_period_num': 32, 'train_rates': 0.6203855397976633, 'learning_rate': 0.00025285313669479544, 'batch_size': 109, 'step_size': 11, 'gamma': 0.8114737917452387}. Best is trial 10 with value: 0.10763433749180401.[0m
[32m[I 2025-02-02 17:39:01,287][0m Trial 26 finished with value: 0.14912491777526124 and parameters: {'observation_period_num': 100, 'train_rates': 0.6019523555794639, 'learning_rate': 0.00016498288584020925, 'batch_size': 143, 'step_size': 14, 'gamma': 0.8480573801080975}. Best is trial 10 with value: 0.10763433749180401.[0m
[32m[I 2025-02-02 17:39:33,553][0m Trial 27 finished with value: 0.1393491345085624 and parameters: {'observation_period_num': 56, 'train_rates': 0.6940893104870614, 'learning_rate': 6.27658736756089e-05, 'batch_size': 113, 'step_size': 12, 'gamma': 0.8964379416584531}. Best is trial 10 with value: 0.10763433749180401.[0m
[32m[I 2025-02-02 17:40:20,207][0m Trial 28 finished with value: 0.13964094883463915 and parameters: {'observation_period_num': 29, 'train_rates': 0.8943307415862504, 'learning_rate': 0.0004202303634566617, 'batch_size': 81, 'step_size': 6, 'gamma': 0.7746906807531162}. Best is trial 10 with value: 0.10763433749180401.[0m
[32m[I 2025-02-02 17:41:11,711][0m Trial 29 finished with value: 0.20294052544276248 and parameters: {'observation_period_num': 95, 'train_rates': 0.661589290155816, 'learning_rate': 2.125931948148639e-05, 'batch_size': 55, 'step_size': 14, 'gamma': 0.8055625533049017}. Best is trial 10 with value: 0.10763433749180401.[0m
[32m[I 2025-02-02 17:41:33,198][0m Trial 30 finished with value: 0.11415052975640863 and parameters: {'observation_period_num': 46, 'train_rates': 0.7133740552885253, 'learning_rate': 0.00016136958381216145, 'batch_size': 201, 'step_size': 13, 'gamma': 0.8137601642283037}. Best is trial 10 with value: 0.10763433749180401.[0m
[32m[I 2025-02-02 17:41:54,151][0m Trial 31 finished with value: 0.11737666948472585 and parameters: {'observation_period_num': 40, 'train_rates': 0.712452879684528, 'learning_rate': 0.00013811632404968685, 'batch_size': 202, 'step_size': 13, 'gamma': 0.7878507610435318}. Best is trial 10 with value: 0.10763433749180401.[0m
[32m[I 2025-02-02 17:42:16,659][0m Trial 32 finished with value: 0.15548804927659168 and parameters: {'observation_period_num': 22, 'train_rates': 0.7570766406205567, 'learning_rate': 6.876383066218824e-05, 'batch_size': 177, 'step_size': 11, 'gamma': 0.7679183990428535}. Best is trial 10 with value: 0.10763433749180401.[0m
[32m[I 2025-02-02 17:42:35,994][0m Trial 33 finished with value: 0.11431017240620285 and parameters: {'observation_period_num': 57, 'train_rates': 0.6577763379523462, 'learning_rate': 0.00023782537225736425, 'batch_size': 230, 'step_size': 15, 'gamma': 0.8140263447921854}. Best is trial 10 with value: 0.10763433749180401.[0m
[32m[I 2025-02-02 17:42:57,691][0m Trial 34 finished with value: 0.10461433870888605 and parameters: {'observation_period_num': 20, 'train_rates': 0.7507822773351944, 'learning_rate': 0.00042857583879779234, 'batch_size': 243, 'step_size': 14, 'gamma': 0.7959209835090664}. Best is trial 34 with value: 0.10461433870888605.[0m
[32m[I 2025-02-02 17:43:18,898][0m Trial 35 finished with value: 0.1057053329699125 and parameters: {'observation_period_num': 19, 'train_rates': 0.781478630171714, 'learning_rate': 0.0003073715795135544, 'batch_size': 248, 'step_size': 14, 'gamma': 0.7949134595438112}. Best is trial 34 with value: 0.10461433870888605.[0m
[32m[I 2025-02-02 17:43:57,836][0m Trial 36 finished with value: 0.08748546003898296 and parameters: {'observation_period_num': 20, 'train_rates': 0.7825094041193443, 'learning_rate': 0.00048581281809769816, 'batch_size': 97, 'step_size': 11, 'gamma': 0.8000123668020303}. Best is trial 36 with value: 0.08748546003898296.[0m
[32m[I 2025-02-02 17:44:37,984][0m Trial 37 finished with value: 0.08824777889710206 and parameters: {'observation_period_num': 19, 'train_rates': 0.787287798583458, 'learning_rate': 0.0005299638451100501, 'batch_size': 96, 'step_size': 11, 'gamma': 0.7993437409190411}. Best is trial 36 with value: 0.08748546003898296.[0m
[32m[I 2025-02-02 17:45:22,641][0m Trial 38 finished with value: 0.11286988332714633 and parameters: {'observation_period_num': 67, 'train_rates': 0.8312384200062828, 'learning_rate': 0.00041421399839348277, 'batch_size': 92, 'step_size': 10, 'gamma': 0.8449561032594409}. Best is trial 36 with value: 0.08748546003898296.[0m
[32m[I 2025-02-02 17:46:29,038][0m Trial 39 finished with value: 0.1085902585554868 and parameters: {'observation_period_num': 20, 'train_rates': 0.8637095599613989, 'learning_rate': 0.0004923373988736781, 'batch_size': 63, 'step_size': 8, 'gamma': 0.7989280193004477}. Best is trial 36 with value: 0.08748546003898296.[0m
[32m[I 2025-02-02 17:47:07,603][0m Trial 40 finished with value: 0.1414471712323927 and parameters: {'observation_period_num': 140, 'train_rates': 0.7796315017202032, 'learning_rate': 0.0009530193520225316, 'batch_size': 98, 'step_size': 7, 'gamma': 0.8300264608820658}. Best is trial 36 with value: 0.08748546003898296.[0m
[32m[I 2025-02-02 17:48:02,993][0m Trial 41 finished with value: 0.08681106759529365 and parameters: {'observation_period_num': 20, 'train_rates': 0.7733453507700153, 'learning_rate': 0.0003452699940993228, 'batch_size': 68, 'step_size': 10, 'gamma': 0.7895905977787547}. Best is trial 41 with value: 0.08681106759529365.[0m
[32m[I 2025-02-02 17:48:54,424][0m Trial 42 finished with value: 0.0876799019127864 and parameters: {'observation_period_num': 21, 'train_rates': 0.7690010572051481, 'learning_rate': 0.0006709625883137726, 'batch_size': 77, 'step_size': 10, 'gamma': 0.7901414835223763}. Best is trial 41 with value: 0.08681106759529365.[0m
[32m[I 2025-02-02 17:49:50,764][0m Trial 43 finished with value: 0.10866549125823535 and parameters: {'observation_period_num': 56, 'train_rates': 0.7638153009005542, 'learning_rate': 0.0006671167981637168, 'batch_size': 69, 'step_size': 10, 'gamma': 0.8203186679240364}. Best is trial 41 with value: 0.08681106759529365.[0m
[32m[I 2025-02-02 17:51:10,344][0m Trial 44 finished with value: 0.10722649874070943 and parameters: {'observation_period_num': 37, 'train_rates': 0.7368740225355778, 'learning_rate': 0.0005428790726410471, 'batch_size': 46, 'step_size': 11, 'gamma': 0.9365892142158788}. Best is trial 41 with value: 0.08681106759529365.[0m
[32m[I 2025-02-02 17:51:57,553][0m Trial 45 finished with value: 0.08241105091864945 and parameters: {'observation_period_num': 17, 'train_rates': 0.7923118987122184, 'learning_rate': 0.0008342583889626178, 'batch_size': 83, 'step_size': 9, 'gamma': 0.8016139436372925}. Best is trial 45 with value: 0.08241105091864945.[0m
[32m[I 2025-02-02 17:52:48,839][0m Trial 46 finished with value: 0.13744701468385756 and parameters: {'observation_period_num': 79, 'train_rates': 0.8665062717747423, 'learning_rate': 0.0008789786207658574, 'batch_size': 84, 'step_size': 9, 'gamma': 0.8468965458519756}. Best is trial 45 with value: 0.08241105091864945.[0m
[32m[I 2025-02-02 17:54:06,151][0m Trial 47 finished with value: 0.13256110601435753 and parameters: {'observation_period_num': 47, 'train_rates': 0.8256009194528278, 'learning_rate': 0.000336725733492693, 'batch_size': 51, 'step_size': 9, 'gamma': 0.889096539396693}. Best is trial 45 with value: 0.08241105091864945.[0m
[32m[I 2025-02-02 17:55:00,456][0m Trial 48 finished with value: 0.08391397123952873 and parameters: {'observation_period_num': 15, 'train_rates': 0.7975135146736118, 'learning_rate': 0.0006933967238456688, 'batch_size': 75, 'step_size': 7, 'gamma': 0.7850544370961077}. Best is trial 45 with value: 0.08241105091864945.[0m
[32m[I 2025-02-02 17:56:37,384][0m Trial 49 finished with value: 0.1738686972542813 and parameters: {'observation_period_num': 176, 'train_rates': 0.7946177078859743, 'learning_rate': 0.00076317677808627, 'batch_size': 36, 'step_size': 7, 'gamma': 0.7830715535797895}. Best is trial 45 with value: 0.08241105091864945.[0m
seasonal_0 „ÅÆÊúÄÈÅ©„Éè„Ç§„Éë„Éº„Éë„É©„É°„Éº„Çø„ÅåË¶ã„Å§„Åã„Çä„Åæ„Åó„Åü
ÊúÄÈÅ©ÂåñÂØæË±°: seasonal_1
[32m[I 2025-02-02 17:56:37,391][0m A new study created in memory with name: no-name-b1cea9b4-f610-47b0-ac3a-8718c8a339a5[0m
[32m[I 2025-02-02 17:57:00,282][0m Trial 0 finished with value: 0.5789519548416138 and parameters: {'observation_period_num': 201, 'train_rates': 0.9489553736161187, 'learning_rate': 1.3439805937484396e-05, 'batch_size': 221, 'step_size': 4, 'gamma': 0.9515055150894227}. Best is trial 0 with value: 0.5789519548416138.[0m
[32m[I 2025-02-02 17:57:24,709][0m Trial 1 finished with value: 0.20276367258651093 and parameters: {'observation_period_num': 23, 'train_rates': 0.8697529997958111, 'learning_rate': 1.60780380331092e-05, 'batch_size': 200, 'step_size': 5, 'gamma': 0.9646543342708864}. Best is trial 1 with value: 0.20276367258651093.[0m
[32m[I 2025-02-02 17:57:46,516][0m Trial 2 finished with value: 1.014036129397082 and parameters: {'observation_period_num': 156, 'train_rates': 0.8218985055002507, 'learning_rate': 2.1232196532415288e-06, 'batch_size': 237, 'step_size': 1, 'gamma': 0.9392833488297581}. Best is trial 1 with value: 0.20276367258651093.[0m
[32m[I 2025-02-02 17:58:09,884][0m Trial 3 finished with value: 0.8210964949622666 and parameters: {'observation_period_num': 222, 'train_rates': 0.7407629271191691, 'learning_rate': 2.3758959625929467e-06, 'batch_size': 179, 'step_size': 15, 'gamma': 0.8989978938462515}. Best is trial 1 with value: 0.20276367258651093.[0m
[32m[I 2025-02-02 17:58:30,624][0m Trial 4 finished with value: 0.8270929344987448 and parameters: {'observation_period_num': 169, 'train_rates': 0.6344266175476088, 'learning_rate': 2.6352754238792175e-06, 'batch_size': 187, 'step_size': 12, 'gamma': 0.957336655132565}. Best is trial 1 with value: 0.20276367258651093.[0m
[32m[I 2025-02-02 18:02:38,786][0m Trial 5 finished with value: 0.14950310477437165 and parameters: {'observation_period_num': 8, 'train_rates': 0.9230471972066081, 'learning_rate': 5.881116601861009e-05, 'batch_size': 16, 'step_size': 14, 'gamma': 0.7593375876665263}. Best is trial 5 with value: 0.14950310477437165.[0m
[32m[I 2025-02-02 18:03:15,103][0m Trial 6 finished with value: 0.12894664632199598 and parameters: {'observation_period_num': 68, 'train_rates': 0.7153249576920322, 'learning_rate': 4.368226634503215e-05, 'batch_size': 102, 'step_size': 4, 'gamma': 0.9825852425842039}. Best is trial 6 with value: 0.12894664632199598.[0m
[32m[I 2025-02-02 18:04:12,747][0m Trial 7 finished with value: 0.15409092298084562 and parameters: {'observation_period_num': 24, 'train_rates': 0.6268284452173469, 'learning_rate': 1.5273182953317143e-05, 'batch_size': 57, 'step_size': 9, 'gamma': 0.9775911138207393}. Best is trial 6 with value: 0.12894664632199598.[0m
[32m[I 2025-02-02 18:06:19,325][0m Trial 8 finished with value: 0.15895145209426553 and parameters: {'observation_period_num': 124, 'train_rates': 0.793264515210206, 'learning_rate': 1.1508878365897653e-05, 'batch_size': 28, 'step_size': 6, 'gamma': 0.9634376458229755}. Best is trial 6 with value: 0.12894664632199598.[0m
[32m[I 2025-02-02 18:06:40,021][0m Trial 9 finished with value: 0.32990159584791157 and parameters: {'observation_period_num': 188, 'train_rates': 0.6549398887009096, 'learning_rate': 3.0846732820295795e-05, 'batch_size': 194, 'step_size': 2, 'gamma': 0.9744125474975994}. Best is trial 6 with value: 0.12894664632199598.[0m
[32m[I 2025-02-02 18:07:15,248][0m Trial 10 finished with value: 0.10805555428378284 and parameters: {'observation_period_num': 86, 'train_rates': 0.7207202166192263, 'learning_rate': 0.0006710253484720561, 'batch_size': 105, 'step_size': 9, 'gamma': 0.8193013960248392}. Best is trial 10 with value: 0.10805555428378284.[0m
[32m[I 2025-02-02 18:07:49,799][0m Trial 11 finished with value: 0.10813152159707567 and parameters: {'observation_period_num': 85, 'train_rates': 0.7212432671981084, 'learning_rate': 0.0005583772746286653, 'batch_size': 105, 'step_size': 10, 'gamma': 0.8080013011999138}. Best is trial 10 with value: 0.10805555428378284.[0m
[32m[I 2025-02-02 18:08:19,453][0m Trial 12 finished with value: 0.10760944809442685 and parameters: {'observation_period_num': 93, 'train_rates': 0.7167885303447162, 'learning_rate': 0.0007695449731402174, 'batch_size': 122, 'step_size': 10, 'gamma': 0.8132370175289912}. Best is trial 12 with value: 0.10760944809442685.[0m
[32m[I 2025-02-02 18:08:48,935][0m Trial 13 finished with value: 0.11540707524092693 and parameters: {'observation_period_num': 101, 'train_rates': 0.7768978251675237, 'learning_rate': 0.0009976057064789226, 'batch_size': 132, 'step_size': 11, 'gamma': 0.8354747871951943}. Best is trial 12 with value: 0.10760944809442685.[0m
[32m[I 2025-02-02 18:09:14,688][0m Trial 14 finished with value: 0.12492592960019797 and parameters: {'observation_period_num': 61, 'train_rates': 0.6868400287741729, 'learning_rate': 0.00023745088933354422, 'batch_size': 148, 'step_size': 7, 'gamma': 0.8063049877851121}. Best is trial 12 with value: 0.10760944809442685.[0m
[32m[I 2025-02-02 18:10:09,753][0m Trial 15 finished with value: 0.13474456614044447 and parameters: {'observation_period_num': 123, 'train_rates': 0.8407448239353423, 'learning_rate': 0.00018990199051286476, 'batch_size': 74, 'step_size': 8, 'gamma': 0.8636685851711329}. Best is trial 12 with value: 0.10760944809442685.[0m
[32m[I 2025-02-02 18:10:32,449][0m Trial 16 finished with value: 0.1289965669305473 and parameters: {'observation_period_num': 54, 'train_rates': 0.6008678254468195, 'learning_rate': 0.0001749256284394709, 'batch_size': 145, 'step_size': 13, 'gamma': 0.7509512124305825}. Best is trial 12 with value: 0.10760944809442685.[0m
[32m[I 2025-02-02 18:11:06,577][0m Trial 17 finished with value: 0.1801254553558514 and parameters: {'observation_period_num': 249, 'train_rates': 0.7657016789096485, 'learning_rate': 0.0004470108007615, 'batch_size': 107, 'step_size': 10, 'gamma': 0.7905341520872561}. Best is trial 12 with value: 0.10760944809442685.[0m
[32m[I 2025-02-02 18:11:53,899][0m Trial 18 finished with value: 0.1334237354890131 and parameters: {'observation_period_num': 103, 'train_rates': 0.6870550504995132, 'learning_rate': 0.00012439277217372294, 'batch_size': 74, 'step_size': 8, 'gamma': 0.8543686139195495}. Best is trial 12 with value: 0.10760944809442685.[0m
[32m[I 2025-02-02 18:12:21,792][0m Trial 19 finished with value: 0.16471246751871976 and parameters: {'observation_period_num': 135, 'train_rates': 0.8827787353621621, 'learning_rate': 0.0006200817647326651, 'batch_size': 162, 'step_size': 12, 'gamma': 0.8989332869911482}. Best is trial 12 with value: 0.10760944809442685.[0m
[32m[I 2025-02-02 18:12:50,945][0m Trial 20 finished with value: 0.10400273206777969 and parameters: {'observation_period_num': 84, 'train_rates': 0.6804143174405122, 'learning_rate': 0.0009942203113569024, 'batch_size': 129, 'step_size': 10, 'gamma': 0.8297711415800078}. Best is trial 20 with value: 0.10400273206777969.[0m
[32m[I 2025-02-02 18:13:19,942][0m Trial 21 finished with value: 0.1281036680218451 and parameters: {'observation_period_num': 85, 'train_rates': 0.6787412018869005, 'learning_rate': 0.0009411426292463933, 'batch_size': 128, 'step_size': 10, 'gamma': 0.8310997385890572}. Best is trial 20 with value: 0.10400273206777969.[0m
[32m[I 2025-02-02 18:14:03,648][0m Trial 22 finished with value: 0.09698643040023643 and parameters: {'observation_period_num': 42, 'train_rates': 0.7477517789677216, 'learning_rate': 0.00039856843825463573, 'batch_size': 84, 'step_size': 9, 'gamma': 0.7816683546171173}. Best is trial 22 with value: 0.09698643040023643.[0m
[32m[I 2025-02-02 18:14:56,087][0m Trial 23 finished with value: 0.09822008986561355 and parameters: {'observation_period_num': 41, 'train_rates': 0.7658911647033466, 'learning_rate': 0.0003379592258951337, 'batch_size': 73, 'step_size': 7, 'gamma': 0.7780592228856607}. Best is trial 22 with value: 0.09698643040023643.[0m
[32m[I 2025-02-02 18:16:01,481][0m Trial 24 finished with value: 0.1006337260264805 and parameters: {'observation_period_num': 56, 'train_rates': 0.7646061727424934, 'learning_rate': 0.0003279268659074547, 'batch_size': 58, 'step_size': 7, 'gamma': 0.7728753358303084}. Best is trial 22 with value: 0.09698643040023643.[0m
[32m[I 2025-02-02 18:17:21,935][0m Trial 25 finished with value: 0.11693961763013744 and parameters: {'observation_period_num': 40, 'train_rates': 0.82224723984679, 'learning_rate': 8.595514093128952e-05, 'batch_size': 50, 'step_size': 6, 'gamma': 0.7786705650995598}. Best is trial 22 with value: 0.09698643040023643.[0m
[32m[I 2025-02-02 18:18:17,200][0m Trial 26 finished with value: 0.099054856218183 and parameters: {'observation_period_num': 41, 'train_rates': 0.7496751250157088, 'learning_rate': 0.0003054010304704506, 'batch_size': 69, 'step_size': 7, 'gamma': 0.7755878388569004}. Best is trial 22 with value: 0.09698643040023643.[0m
[32m[I 2025-02-02 18:18:59,812][0m Trial 27 finished with value: 0.10601947998275628 and parameters: {'observation_period_num': 35, 'train_rates': 0.7463428442245628, 'learning_rate': 0.00031307726704925455, 'batch_size': 79, 'step_size': 4, 'gamma': 0.7901153739738235}. Best is trial 22 with value: 0.09698643040023643.[0m
[32m[I 2025-02-02 18:19:39,663][0m Trial 28 finished with value: 0.10182093510509661 and parameters: {'observation_period_num': 5, 'train_rates': 0.8202571917060344, 'learning_rate': 0.00012341429920939985, 'batch_size': 91, 'step_size': 7, 'gamma': 0.7641150296768887}. Best is trial 22 with value: 0.09698643040023643.[0m
[32m[I 2025-02-02 18:21:08,511][0m Trial 29 finished with value: 0.09528533644119247 and parameters: {'observation_period_num': 35, 'train_rates': 0.790917048328684, 'learning_rate': 0.0003153753787247666, 'batch_size': 40, 'step_size': 3, 'gamma': 0.7910596548177964}. Best is trial 29 with value: 0.09528533644119247.[0m
[32m[I 2025-02-02 18:21:57,465][0m Trial 30 finished with value: 0.6388572482392192 and parameters: {'observation_period_num': 23, 'train_rates': 0.8689752722159138, 'learning_rate': 6.7597497403750775e-06, 'batch_size': 87, 'step_size': 3, 'gamma': 0.7941580438254329}. Best is trial 29 with value: 0.09528533644119247.[0m
