[32m[I 2025-02-02 18:23:33,219][0m Trial 31 finished with value: 0.1013954700146978 and parameters: {'observation_period_num': 49, 'train_rates': 0.7959843517675853, 'learning_rate': 0.00037289835893671225, 'batch_size': 40, 'step_size': 5, 'gamma': 0.7769158845644264}. Best is trial 29 with value: 0.09528533644119247.[0m
[32m[I 2025-02-02 18:25:04,771][0m Trial 32 finished with value: 0.11829888728919939 and parameters: {'observation_period_num': 70, 'train_rates': 0.7927686413477127, 'learning_rate': 0.00012223778545118188, 'batch_size': 41, 'step_size': 5, 'gamma': 0.7508896141776307}. Best is trial 29 with value: 0.09528533644119247.[0m
Early stopping at epoch 56
[32m[I 2025-02-02 18:25:38,560][0m Trial 33 finished with value: 0.17158007540938253 and parameters: {'observation_period_num': 34, 'train_rates': 0.7536663432777095, 'learning_rate': 0.0002520873416822665, 'batch_size': 64, 'step_size': 1, 'gamma': 0.7899029360644281}. Best is trial 29 with value: 0.09528533644119247.[0m
[32m[I 2025-02-02 18:27:37,094][0m Trial 34 finished with value: 0.48596921550077304 and parameters: {'observation_period_num': 17, 'train_rates': 0.8447906320343019, 'learning_rate': 1.081010614354911e-06, 'batch_size': 34, 'step_size': 6, 'gamma': 0.8443857786145544}. Best is trial 29 with value: 0.09528533644119247.[0m
[32m[I 2025-02-02 18:27:58,042][0m Trial 35 finished with value: 0.18314487848907476 and parameters: {'observation_period_num': 43, 'train_rates': 0.7367368086862027, 'learning_rate': 8.408795250723282e-05, 'batch_size': 215, 'step_size': 3, 'gamma': 0.8877587572044285}. Best is trial 29 with value: 0.09528533644119247.[0m
[32m[I 2025-02-02 18:31:44,215][0m Trial 36 finished with value: 0.11999958913914766 and parameters: {'observation_period_num': 73, 'train_rates': 0.7805917894391043, 'learning_rate': 0.00041510086345207395, 'batch_size': 16, 'step_size': 8, 'gamma': 0.7662577941473363}. Best is trial 29 with value: 0.09528533644119247.[0m
[32m[I 2025-02-02 18:32:49,923][0m Trial 37 finished with value: 0.5363844147363266 and parameters: {'observation_period_num': 28, 'train_rates': 0.9737871392142791, 'learning_rate': 2.5721050259608947e-05, 'batch_size': 71, 'step_size': 3, 'gamma': 0.8015095535839093}. Best is trial 29 with value: 0.09528533644119247.[0m
[32m[I 2025-02-02 18:34:09,763][0m Trial 38 finished with value: 0.08072720358275137 and parameters: {'observation_period_num': 12, 'train_rates': 0.8154875861398768, 'learning_rate': 0.0002020917844432142, 'batch_size': 49, 'step_size': 9, 'gamma': 0.9226041275434655}. Best is trial 38 with value: 0.08072720358275137.[0m
[32m[I 2025-02-02 18:34:33,658][0m Trial 39 finished with value: 0.15910821526118044 and parameters: {'observation_period_num': 11, 'train_rates': 0.9100084784743017, 'learning_rate': 0.000201206991861077, 'batch_size': 256, 'step_size': 9, 'gamma': 0.9354799361859648}. Best is trial 38 with value: 0.08072720358275137.[0m
[32m[I 2025-02-02 18:35:54,623][0m Trial 40 finished with value: 0.09830598594438347 and parameters: {'observation_period_num': 21, 'train_rates': 0.8155682000182938, 'learning_rate': 5.156960347168041e-05, 'batch_size': 49, 'step_size': 15, 'gamma': 0.9265863862443784}. Best is trial 38 with value: 0.08072720358275137.[0m
[32m[I 2025-02-02 18:37:14,260][0m Trial 41 finished with value: 0.09695772625059447 and parameters: {'observation_period_num': 16, 'train_rates': 0.8183038281072794, 'learning_rate': 4.8883851507582746e-05, 'batch_size': 49, 'step_size': 15, 'gamma': 0.931948202393592}. Best is trial 38 with value: 0.08072720358275137.[0m
[32m[I 2025-02-02 18:39:37,875][0m Trial 42 finished with value: 0.09038328008490358 and parameters: {'observation_period_num': 7, 'train_rates': 0.8446127246342852, 'learning_rate': 8.200793424933022e-05, 'batch_size': 28, 'step_size': 13, 'gamma': 0.9255374622190977}. Best is trial 38 with value: 0.08072720358275137.[0m
[32m[I 2025-02-02 18:42:09,344][0m Trial 43 finished with value: 0.08433755012663577 and parameters: {'observation_period_num': 5, 'train_rates': 0.8326760556306108, 'learning_rate': 7.33253823755896e-05, 'batch_size': 26, 'step_size': 14, 'gamma': 0.9187848563258578}. Best is trial 38 with value: 0.08072720358275137.[0m
[32m[I 2025-02-02 18:45:10,557][0m Trial 44 finished with value: 0.09998789789525778 and parameters: {'observation_period_num': 6, 'train_rates': 0.8652200234357669, 'learning_rate': 6.686740657356427e-05, 'batch_size': 22, 'step_size': 14, 'gamma': 0.9156653554522735}. Best is trial 38 with value: 0.08072720358275137.[0m
[32m[I 2025-02-02 18:47:07,953][0m Trial 45 finished with value: 0.09559075615784049 and parameters: {'observation_period_num': 16, 'train_rates': 0.842774673352587, 'learning_rate': 3.6349360796279016e-05, 'batch_size': 31, 'step_size': 14, 'gamma': 0.9500756344956349}. Best is trial 38 with value: 0.08072720358275137.[0m
[32m[I 2025-02-02 18:49:02,317][0m Trial 46 finished with value: 0.10776987426063937 and parameters: {'observation_period_num': 27, 'train_rates': 0.8429591848731528, 'learning_rate': 3.4351416505473154e-05, 'batch_size': 31, 'step_size': 14, 'gamma': 0.9470292603068909}. Best is trial 38 with value: 0.08072720358275137.[0m
[32m[I 2025-02-02 18:51:31,469][0m Trial 47 finished with value: 0.14836403306496018 and parameters: {'observation_period_num': 6, 'train_rates': 0.9024507235384986, 'learning_rate': 1.2372887650894946e-05, 'batch_size': 26, 'step_size': 13, 'gamma': 0.9156649694204498}. Best is trial 38 with value: 0.08072720358275137.[0m
[32m[I 2025-02-02 18:53:06,813][0m Trial 48 finished with value: 0.18570320651026592 and parameters: {'observation_period_num': 190, 'train_rates': 0.8820520645710056, 'learning_rate': 2.117607689227686e-05, 'batch_size': 36, 'step_size': 13, 'gamma': 0.9569382220603425}. Best is trial 38 with value: 0.08072720358275137.[0m
[32m[I 2025-02-02 18:55:27,847][0m Trial 49 finished with value: 0.09777616026941202 and parameters: {'observation_period_num': 16, 'train_rates': 0.8559675944929205, 'learning_rate': 8.666139499066091e-05, 'batch_size': 23, 'step_size': 12, 'gamma': 0.8821161594199728}. Best is trial 38 with value: 0.08072720358275137.[0m
seasonal_1 „ÅÆÊúÄÈÅ©„Éè„Ç§„Éë„Éº„Éë„É©„É°„Éº„Çø„ÅåË¶ã„Å§„Åã„Çä„Åæ„Åó„Åü
ÊúÄÈÅ©ÂåñÂØæË±°: seasonal_2
[32m[I 2025-02-02 18:55:27,854][0m A new study created in memory with name: no-name-63d74679-fdac-4b85-a294-304bdee8691f[0m
[32m[I 2025-02-02 18:56:15,923][0m Trial 0 finished with value: 1.8594468039851035 and parameters: {'observation_period_num': 45, 'train_rates': 0.9467792625284975, 'learning_rate': 2.9969574320597565e-06, 'batch_size': 77, 'step_size': 2, 'gamma': 0.832743884459198}. Best is trial 0 with value: 1.8594468039851035.[0m
[32m[I 2025-02-02 18:56:34,624][0m Trial 1 finished with value: 0.1818383973032168 and parameters: {'observation_period_num': 156, 'train_rates': 0.6872071345161664, 'learning_rate': 0.00014442837764309135, 'batch_size': 240, 'step_size': 12, 'gamma': 0.89710102760415}. Best is trial 1 with value: 0.1818383973032168.[0m
Early stopping at epoch 95
[32m[I 2025-02-02 18:56:54,813][0m Trial 2 finished with value: 0.43472967640797894 and parameters: {'observation_period_num': 66, 'train_rates': 0.769509502382568, 'learning_rate': 7.800425451163119e-05, 'batch_size': 242, 'step_size': 2, 'gamma': 0.770897918572673}. Best is trial 1 with value: 0.1818383973032168.[0m
[32m[I 2025-02-02 18:57:18,136][0m Trial 3 finished with value: 0.24941548745374423 and parameters: {'observation_period_num': 135, 'train_rates': 0.8818479454356634, 'learning_rate': 3.486378622548371e-05, 'batch_size': 189, 'step_size': 14, 'gamma': 0.8681946043266761}. Best is trial 1 with value: 0.1818383973032168.[0m
[32m[I 2025-02-02 18:57:43,483][0m Trial 4 finished with value: 0.3354899862896022 and parameters: {'observation_period_num': 17, 'train_rates': 0.6184839594556113, 'learning_rate': 7.436080158353787e-06, 'batch_size': 119, 'step_size': 8, 'gamma': 0.8726302392343862}. Best is trial 1 with value: 0.1818383973032168.[0m
[32m[I 2025-02-02 18:58:06,485][0m Trial 5 finished with value: 0.6757448754812542 and parameters: {'observation_period_num': 21, 'train_rates': 0.8833863193771033, 'learning_rate': 1.6147288376909007e-06, 'batch_size': 207, 'step_size': 12, 'gamma': 0.981706441632029}. Best is trial 1 with value: 0.1818383973032168.[0m
[32m[I 2025-02-02 18:58:27,489][0m Trial 6 finished with value: 1.2076177719857666 and parameters: {'observation_period_num': 199, 'train_rates': 0.7354964283462506, 'learning_rate': 4.541778987954922e-06, 'batch_size': 183, 'step_size': 3, 'gamma': 0.7621986319575813}. Best is trial 1 with value: 0.1818383973032168.[0m
[32m[I 2025-02-02 19:00:11,459][0m Trial 7 finished with value: 0.19831851941265471 and parameters: {'observation_period_num': 147, 'train_rates': 0.6095004920802022, 'learning_rate': 1.826956373570691e-05, 'batch_size': 24, 'step_size': 7, 'gamma': 0.9335730379541441}. Best is trial 1 with value: 0.1818383973032168.[0m
[32m[I 2025-02-02 19:01:03,815][0m Trial 8 finished with value: 0.3295302890599183 and parameters: {'observation_period_num': 239, 'train_rates': 0.8390194134366487, 'learning_rate': 4.890605007962267e-05, 'batch_size': 62, 'step_size': 3, 'gamma': 0.8039644745610981}. Best is trial 1 with value: 0.1818383973032168.[0m
[32m[I 2025-02-02 19:01:25,451][0m Trial 9 finished with value: 0.32301195095683527 and parameters: {'observation_period_num': 161, 'train_rates': 0.7408906142777677, 'learning_rate': 2.2325824335487417e-05, 'batch_size': 186, 'step_size': 10, 'gamma': 0.8685181154636334}. Best is trial 1 with value: 0.1818383973032168.[0m
[32m[I 2025-02-02 19:01:44,239][0m Trial 10 finished with value: 0.10438395349007079 and parameters: {'observation_period_num': 87, 'train_rates': 0.6875426443817828, 'learning_rate': 0.0008044655957602274, 'batch_size': 256, 'step_size': 15, 'gamma': 0.9294293788534349}. Best is trial 10 with value: 0.10438395349007079.[0m
[32m[I 2025-02-02 19:02:03,197][0m Trial 11 finished with value: 0.15310758798013088 and parameters: {'observation_period_num': 85, 'train_rates': 0.6805827058671002, 'learning_rate': 0.0007135074518543367, 'batch_size': 255, 'step_size': 15, 'gamma': 0.9193556601499198}. Best is trial 10 with value: 0.10438395349007079.[0m
[32m[I 2025-02-02 19:02:21,816][0m Trial 12 finished with value: 0.14002487479623701 and parameters: {'observation_period_num': 96, 'train_rates': 0.6714598277086393, 'learning_rate': 0.0007284955618804385, 'batch_size': 246, 'step_size': 15, 'gamma': 0.9417219973543608}. Best is trial 10 with value: 0.10438395349007079.[0m
[32m[I 2025-02-02 19:02:45,958][0m Trial 13 finished with value: 0.1558520567157994 and parameters: {'observation_period_num': 100, 'train_rates': 0.6772419364068396, 'learning_rate': 0.0008381635365263445, 'batch_size': 142, 'step_size': 15, 'gamma': 0.9750472706136168}. Best is trial 10 with value: 0.10438395349007079.[0m
[32m[I 2025-02-02 19:03:04,635][0m Trial 14 finished with value: 0.1143758901560367 and parameters: {'observation_period_num': 102, 'train_rates': 0.6544233712966291, 'learning_rate': 0.00034717024760701063, 'batch_size': 217, 'step_size': 12, 'gamma': 0.9449081114069644}. Best is trial 10 with value: 0.10438395349007079.[0m
[32m[I 2025-02-02 19:03:25,668][0m Trial 15 finished with value: 0.13605506809506837 and parameters: {'observation_period_num': 118, 'train_rates': 0.8156832319401465, 'learning_rate': 0.0002697389154747943, 'batch_size': 217, 'step_size': 12, 'gamma': 0.9518049009579317}. Best is trial 10 with value: 0.10438395349007079.[0m
[32m[I 2025-02-02 19:03:47,206][0m Trial 16 finished with value: 0.14155358369921295 and parameters: {'observation_period_num': 55, 'train_rates': 0.6321284261124654, 'learning_rate': 0.00027676168061079547, 'batch_size': 160, 'step_size': 10, 'gamma': 0.9074094050690944}. Best is trial 10 with value: 0.10438395349007079.[0m
[32m[I 2025-02-02 19:04:07,787][0m Trial 17 finished with value: 0.15751053184389435 and parameters: {'observation_period_num': 187, 'train_rates': 0.7272182221038022, 'learning_rate': 0.00026987612613861827, 'batch_size': 215, 'step_size': 6, 'gamma': 0.9612850091479733}. Best is trial 10 with value: 0.10438395349007079.[0m
[32m[I 2025-02-02 19:04:37,281][0m Trial 18 finished with value: 0.12799987023983547 and parameters: {'observation_period_num': 117, 'train_rates': 0.7781377948488197, 'learning_rate': 0.00013510294665778453, 'batch_size': 110, 'step_size': 13, 'gamma': 0.893810152715214}. Best is trial 10 with value: 0.10438395349007079.[0m
[32m[I 2025-02-02 19:04:57,752][0m Trial 19 finished with value: 0.10733687566172218 and parameters: {'observation_period_num': 73, 'train_rates': 0.6480046686618072, 'learning_rate': 0.00041125252383671427, 'batch_size': 157, 'step_size': 10, 'gamma': 0.9880862479550321}. Best is trial 10 with value: 0.10438395349007079.[0m
[32m[I 2025-02-02 19:05:29,810][0m Trial 20 finished with value: 0.1144165677636343 and parameters: {'observation_period_num': 72, 'train_rates': 0.6409695313153672, 'learning_rate': 0.0001227416076703277, 'batch_size': 90, 'step_size': 10, 'gamma': 0.9789551316170338}. Best is trial 10 with value: 0.10438395349007079.[0m
[32m[I 2025-02-02 19:05:53,692][0m Trial 21 finished with value: 0.11092596073213004 and parameters: {'observation_period_num': 38, 'train_rates': 0.7112945754480062, 'learning_rate': 0.0004439216958681286, 'batch_size': 154, 'step_size': 11, 'gamma': 0.9285622112680685}. Best is trial 10 with value: 0.10438395349007079.[0m
[32m[I 2025-02-02 19:06:16,445][0m Trial 22 finished with value: 0.11803679743185905 and parameters: {'observation_period_num': 43, 'train_rates': 0.7107872817198326, 'learning_rate': 0.00047574336665024395, 'batch_size': 160, 'step_size': 9, 'gamma': 0.9277982039443455}. Best is trial 10 with value: 0.10438395349007079.[0m
[32m[I 2025-02-02 19:06:41,437][0m Trial 23 finished with value: 0.07280127310536062 and parameters: {'observation_period_num': 5, 'train_rates': 0.7060715733710655, 'learning_rate': 0.000937903837506993, 'batch_size': 145, 'step_size': 11, 'gamma': 0.9894699678390375}. Best is trial 23 with value: 0.07280127310536062.[0m
[32m[I 2025-02-02 19:07:08,665][0m Trial 24 finished with value: 0.08662920319632197 and parameters: {'observation_period_num': 6, 'train_rates': 0.7583995370753883, 'learning_rate': 0.0009332925183013049, 'batch_size': 128, 'step_size': 5, 'gamma': 0.9669310031334658}. Best is trial 23 with value: 0.07280127310536062.[0m
[32m[I 2025-02-02 19:07:39,329][0m Trial 25 finished with value: 0.08062157163478849 and parameters: {'observation_period_num': 7, 'train_rates': 0.7621237468065138, 'learning_rate': 0.0009100434851212717, 'batch_size': 122, 'step_size': 5, 'gamma': 0.9605023652140937}. Best is trial 23 with value: 0.07280127310536062.[0m
[32m[I 2025-02-02 19:08:12,988][0m Trial 26 finished with value: 0.086542025080383 and parameters: {'observation_period_num': 5, 'train_rates': 0.7631503325265869, 'learning_rate': 0.00018716576575800135, 'batch_size': 121, 'step_size': 6, 'gamma': 0.9656722719638955}. Best is trial 23 with value: 0.07280127310536062.[0m
[32m[I 2025-02-02 19:08:49,563][0m Trial 27 finished with value: 0.0887149394806906 and parameters: {'observation_period_num': 5, 'train_rates': 0.8096254664919014, 'learning_rate': 0.00018128661546579225, 'batch_size': 100, 'step_size': 4, 'gamma': 0.9580389984632702}. Best is trial 23 with value: 0.07280127310536062.[0m
[32m[I 2025-02-02 19:09:52,301][0m Trial 28 finished with value: 0.11929968497479114 and parameters: {'observation_period_num': 28, 'train_rates': 0.8387692009042309, 'learning_rate': 7.169568908532442e-05, 'batch_size': 57, 'step_size': 6, 'gamma': 0.8396844178756214}. Best is trial 23 with value: 0.07280127310536062.[0m
[32m[I 2025-02-02 19:10:37,771][0m Trial 29 finished with value: 0.16621495257405675 and parameters: {'observation_period_num': 48, 'train_rates': 0.9179981669261781, 'learning_rate': 0.0005463587422725536, 'batch_size': 84, 'step_size': 1, 'gamma': 0.9865719457092819}. Best is trial 23 with value: 0.07280127310536062.[0m
[32m[I 2025-02-02 19:11:06,132][0m Trial 30 finished with value: 0.09863094341754913 and parameters: {'observation_period_num': 29, 'train_rates': 0.7863110621255676, 'learning_rate': 0.00018882337234123414, 'batch_size': 135, 'step_size': 8, 'gamma': 0.9594615144793038}. Best is trial 23 with value: 0.07280127310536062.[0m
[32m[I 2025-02-02 19:11:39,506][0m Trial 31 finished with value: 0.0299155842512846 and parameters: {'observation_period_num': 5, 'train_rates': 0.9892744430041434, 'learning_rate': 0.0008015640735147705, 'batch_size': 128, 'step_size': 5, 'gamma': 0.9698624773726596}. Best is trial 31 with value: 0.0299155842512846.[0m
[32m[I 2025-02-02 19:12:17,354][0m Trial 32 finished with value: 0.24946861718941865 and parameters: {'observation_period_num': 8, 'train_rates': 0.9607142194286173, 'learning_rate': 0.000965488687660232, 'batch_size': 111, 'step_size': 5, 'gamma': 0.9680916328733626}. Best is trial 31 with value: 0.0299155842512846.[0m
[32m[I 2025-02-02 19:12:41,803][0m Trial 33 finished with value: 0.09362407371904073 and parameters: {'observation_period_num': 31, 'train_rates': 0.7561535418118559, 'learning_rate': 0.0004702052713684349, 'batch_size': 140, 'step_size': 6, 'gamma': 0.9464617740338438}. Best is trial 31 with value: 0.0299155842512846.[0m
[32m[I 2025-02-02 19:13:07,994][0m Trial 34 finished with value: 0.2542545073505106 and parameters: {'observation_period_num': 55, 'train_rates': 0.94003211875235, 'learning_rate': 0.00010533636926656726, 'batch_size': 172, 'step_size': 4, 'gamma': 0.9124410725521129}. Best is trial 31 with value: 0.0299155842512846.[0m
[32m[I 2025-02-02 19:13:39,739][0m Trial 35 finished with value: 0.11775019592905958 and parameters: {'observation_period_num': 16, 'train_rates': 0.8732869917550503, 'learning_rate': 0.000225977527773425, 'batch_size': 123, 'step_size': 7, 'gamma': 0.8876815112465574}. Best is trial 31 with value: 0.0299155842512846.[0m
[32m[I 2025-02-02 19:14:20,956][0m Trial 36 finished with value: 0.061980705708265305 and parameters: {'observation_period_num': 19, 'train_rates': 0.9876435300077164, 'learning_rate': 0.0005786122420956697, 'batch_size': 103, 'step_size': 5, 'gamma': 0.989915084217325}. Best is trial 31 with value: 0.0299155842512846.[0m
[32m[I 2025-02-02 19:15:03,691][0m Trial 37 finished with value: 0.031306423246860504 and parameters: {'observation_period_num': 22, 'train_rates': 0.9889745725639728, 'learning_rate': 0.0006342931493936356, 'batch_size': 98, 'step_size': 3, 'gamma': 0.9894456605176678}. Best is trial 31 with value: 0.0299155842512846.[0m
[32m[I 2025-02-02 19:16:00,419][0m Trial 38 finished with value: 0.1632060706615448 and parameters: {'observation_period_num': 61, 'train_rates': 0.9889039995862483, 'learning_rate': 1.2587074488852135e-05, 'batch_size': 71, 'step_size': 1, 'gamma': 0.987647194597033}. Best is trial 31 with value: 0.0299155842512846.[0m
[32m[I 2025-02-02 19:17:22,884][0m Trial 39 finished with value: 0.043817970901727676 and parameters: {'observation_period_num': 25, 'train_rates': 0.9884997632423969, 'learning_rate': 0.0005792995765754958, 'batch_size': 49, 'step_size': 2, 'gamma': 0.8463410012096988}. Best is trial 31 with value: 0.0299155842512846.[0m
[32m[I 2025-02-02 19:19:21,772][0m Trial 40 finished with value: 0.05208232280399118 and parameters: {'observation_period_num': 23, 'train_rates': 0.9857732196853413, 'learning_rate': 7.861061476427793e-05, 'batch_size': 33, 'step_size': 2, 'gamma': 0.831317988978821}. Best is trial 31 with value: 0.0299155842512846.[0m
[32m[I 2025-02-02 19:21:23,942][0m Trial 41 finished with value: 0.1043090745806694 and parameters: {'observation_period_num': 38, 'train_rates': 0.9816239791842095, 'learning_rate': 4.732528611975576e-05, 'batch_size': 32, 'step_size': 2, 'gamma': 0.820351931230835}. Best is trial 31 with value: 0.0299155842512846.[0m
[32m[I 2025-02-02 19:22:56,103][0m Trial 42 finished with value: 0.9133929986702768 and parameters: {'observation_period_num': 24, 'train_rates': 0.9481342597525942, 'learning_rate': 2.0534974065206555e-06, 'batch_size': 42, 'step_size': 3, 'gamma': 0.8517970113175533}. Best is trial 31 with value: 0.0299155842512846.[0m
[32m[I 2025-02-02 19:26:52,374][0m Trial 43 finished with value: 0.14826328787258117 and parameters: {'observation_period_num': 19, 'train_rates': 0.919488201578972, 'learning_rate': 0.000581515558372875, 'batch_size': 16, 'step_size': 2, 'gamma': 0.8073260233969529}. Best is trial 31 with value: 0.0299155842512846.[0m
[32m[I 2025-02-02 19:28:09,813][0m Trial 44 finished with value: 0.32931837308056217 and parameters: {'observation_period_num': 45, 'train_rates': 0.9709084407047223, 'learning_rate': 0.0003528802085998877, 'batch_size': 50, 'step_size': 3, 'gamma': 0.7904977294835057}. Best is trial 31 with value: 0.0299155842512846.[0m
[32m[I 2025-02-02 19:29:02,474][0m Trial 45 finished with value: 0.17505205563216839 and parameters: {'observation_period_num': 33, 'train_rates': 0.9274119685616611, 'learning_rate': 0.000580647261831329, 'batch_size': 73, 'step_size': 4, 'gamma': 0.8526521691054529}. Best is trial 31 with value: 0.0299155842512846.[0m
Early stopping at epoch 70
[32m[I 2025-02-02 19:29:31,061][0m Trial 46 finished with value: 0.26901835357988035 and parameters: {'observation_period_num': 19, 'train_rates': 0.8951729204956156, 'learning_rate': 8.539558485202631e-05, 'batch_size': 96, 'step_size': 1, 'gamma': 0.8343610983624616}. Best is trial 31 with value: 0.0299155842512846.[0m
