ÊúÄÈÅ©ÂåñÂØæË±°: trend
[32m[I 2025-02-02 16:48:43,344][0m A new study created in memory with name: no-name-a4670d4a-2ed4-448e-8b07-916404fc8f92[0m
Non-A100 GPU detected, using math or mem efficient attention if input tensor is on cuda
[32m[I 2025-02-02 16:49:22,799][0m Trial 0 finished with value: 0.8461634718853495 and parameters: {'observation_period_num': 233, 'train_rates': 0.9577054492888243, 'learning_rate': 3.680201843270794e-06, 'batch_size': 93, 'step_size': 5, 'gamma': 0.7651056170269952}. Best is trial 0 with value: 0.8461634718853495.[0m
[32m[I 2025-02-02 16:50:30,494][0m Trial 1 finished with value: 0.10184273816725259 and parameters: {'observation_period_num': 51, 'train_rates': 0.8075240937464582, 'learning_rate': 0.0005840724253514013, 'batch_size': 52, 'step_size': 2, 'gamma': 0.9099433938901341}. Best is trial 1 with value: 0.10184273816725259.[0m
[32m[I 2025-02-02 16:50:52,770][0m Trial 2 finished with value: 0.1837864942591766 and parameters: {'observation_period_num': 106, 'train_rates': 0.8982179662053424, 'learning_rate': 0.0009600102416758912, 'batch_size': 238, 'step_size': 14, 'gamma': 0.9115126731010543}. Best is trial 1 with value: 0.10184273816725259.[0m
[32m[I 2025-02-02 16:52:10,544][0m Trial 3 finished with value: 0.7220978802297173 and parameters: {'observation_period_num': 89, 'train_rates': 0.971549973255643, 'learning_rate': 4.000874811697597e-06, 'batch_size': 47, 'step_size': 13, 'gamma': 0.8048135434404123}. Best is trial 1 with value: 0.10184273816725259.[0m
[32m[I 2025-02-02 16:52:45,921][0m Trial 4 finished with value: 0.08603203434790119 and parameters: {'observation_period_num': 42, 'train_rates': 0.6941437878761453, 'learning_rate': 0.0005819509567991614, 'batch_size': 85, 'step_size': 5, 'gamma': 0.9084157776460403}. Best is trial 4 with value: 0.08603203434790119.[0m
[32m[I 2025-02-02 16:53:06,274][0m Trial 5 finished with value: 0.7472327664030465 and parameters: {'observation_period_num': 64, 'train_rates': 0.7998672147688687, 'learning_rate': 1.659809424362514e-06, 'batch_size': 245, 'step_size': 14, 'gamma': 0.9264793228214208}. Best is trial 4 with value: 0.08603203434790119.[0m
[32m[I 2025-02-02 16:53:27,068][0m Trial 6 finished with value: 1.0633981227874756 and parameters: {'observation_period_num': 219, 'train_rates': 0.9241445767758321, 'learning_rate': 3.3992909642024833e-06, 'batch_size': 237, 'step_size': 8, 'gamma': 0.7741409217957752}. Best is trial 4 with value: 0.08603203434790119.[0m
[32m[I 2025-02-02 16:53:52,343][0m Trial 7 finished with value: 0.2092420497083562 and parameters: {'observation_period_num': 235, 'train_rates': 0.8282921409253259, 'learning_rate': 8.732080874345575e-05, 'batch_size': 140, 'step_size': 12, 'gamma': 0.9577598574614755}. Best is trial 4 with value: 0.08603203434790119.[0m
[32m[I 2025-02-02 16:55:45,066][0m Trial 8 finished with value: 0.1588660627603531 and parameters: {'observation_period_num': 192, 'train_rates': 0.986455452188467, 'learning_rate': 3.648394623117421e-05, 'batch_size': 32, 'step_size': 5, 'gamma': 0.7657410730613662}. Best is trial 4 with value: 0.08603203434790119.[0m
[32m[I 2025-02-02 16:57:40,208][0m Trial 9 finished with value: 0.09576192811915749 and parameters: {'observation_period_num': 186, 'train_rates': 0.9795417049644204, 'learning_rate': 0.0002783023202260569, 'batch_size': 32, 'step_size': 13, 'gamma': 0.8806479113925963}. Best is trial 4 with value: 0.08603203434790119.[0m
Early stopping at epoch 71
[32m[I 2025-02-02 16:57:56,429][0m Trial 10 finished with value: 0.220131769909987 and parameters: {'observation_period_num': 11, 'train_rates': 0.6208916032364233, 'learning_rate': 0.00010724509177169534, 'batch_size': 151, 'step_size': 1, 'gamma': 0.8294635939016699}. Best is trial 4 with value: 0.08603203434790119.[0m
[32m[I 2025-02-02 16:58:27,780][0m Trial 11 finished with value: 0.15119665829057724 and parameters: {'observation_period_num': 157, 'train_rates': 0.6759277395967552, 'learning_rate': 0.00029427104684525085, 'batch_size': 91, 'step_size': 10, 'gamma': 0.8704219875152925}. Best is trial 4 with value: 0.08603203434790119.[0m
[32m[I 2025-02-02 16:59:01,513][0m Trial 12 finished with value: 0.12873446599503705 and parameters: {'observation_period_num': 151, 'train_rates': 0.7137794598883244, 'learning_rate': 0.000296154107251212, 'batch_size': 88, 'step_size': 7, 'gamma': 0.8626641542011613}. Best is trial 4 with value: 0.08603203434790119.[0m
[32m[I 2025-02-02 16:59:52,759][0m Trial 13 finished with value: 0.16412938092205975 and parameters: {'observation_period_num': 181, 'train_rates': 0.7328065306970285, 'learning_rate': 0.0001566128800601429, 'batch_size': 64, 'step_size': 10, 'gamma': 0.9753435085594581}. Best is trial 4 with value: 0.08603203434790119.[0m
[32m[I 2025-02-02 17:00:17,086][0m Trial 14 finished with value: 0.2030661973490644 and parameters: {'observation_period_num': 10, 'train_rates': 0.8633068164183945, 'learning_rate': 2.011444540164057e-05, 'batch_size': 187, 'step_size': 5, 'gamma': 0.869558178611379}. Best is trial 4 with value: 0.08603203434790119.[0m
[32m[I 2025-02-02 17:02:12,255][0m Trial 15 finished with value: 0.1374216240503498 and parameters: {'observation_period_num': 129, 'train_rates': 0.7378080418493177, 'learning_rate': 3.691004999735815e-05, 'batch_size': 27, 'step_size': 3, 'gamma': 0.9370413759841802}. Best is trial 4 with value: 0.08603203434790119.[0m
[32m[I 2025-02-02 17:02:38,975][0m Trial 16 finished with value: 0.13385073066566863 and parameters: {'observation_period_num': 47, 'train_rates': 0.6194915942202238, 'learning_rate': 0.0003997371636381527, 'batch_size': 114, 'step_size': 11, 'gamma': 0.8847493417778342}. Best is trial 4 with value: 0.08603203434790119.[0m
[32m[I 2025-02-02 17:05:12,887][0m Trial 17 finished with value: 0.1927010994094458 and parameters: {'observation_period_num': 197, 'train_rates': 0.6727766679130687, 'learning_rate': 0.0009477202416313355, 'batch_size': 18, 'step_size': 7, 'gamma': 0.8343945087580115}. Best is trial 4 with value: 0.08603203434790119.[0m
[32m[I 2025-02-02 17:05:59,570][0m Trial 18 finished with value: 0.1675637164961792 and parameters: {'observation_period_num': 107, 'train_rates': 0.7653493911083007, 'learning_rate': 0.0001730525110459696, 'batch_size': 67, 'step_size': 15, 'gamma': 0.8946031084969336}. Best is trial 4 with value: 0.08603203434790119.[0m
[32m[I 2025-02-02 17:06:29,171][0m Trial 19 finished with value: 0.2596622522755381 and parameters: {'observation_period_num': 156, 'train_rates': 0.8466602312685303, 'learning_rate': 1.741101198829572e-05, 'batch_size': 118, 'step_size': 9, 'gamma': 0.9891404556725566}. Best is trial 4 with value: 0.08603203434790119.[0m
[32m[I 2025-02-02 17:06:49,643][0m Trial 20 finished with value: 0.3829879581959104 and parameters: {'observation_period_num': 76, 'train_rates': 0.6640033721052061, 'learning_rate': 5.777197632705333e-05, 'batch_size': 163, 'step_size': 3, 'gamma': 0.8441628804745874}. Best is trial 4 with value: 0.08603203434790119.[0m
[32m[I 2025-02-02 17:07:43,961][0m Trial 21 finished with value: 0.10541527556439939 and parameters: {'observation_period_num': 38, 'train_rates': 0.7850549107018744, 'learning_rate': 0.0005292981615954066, 'batch_size': 58, 'step_size': 1, 'gamma': 0.909913268534485}. Best is trial 4 with value: 0.08603203434790119.[0m
[32m[I 2025-02-02 17:09:01,948][0m Trial 22 finished with value: 0.12397566736180182 and parameters: {'observation_period_num': 40, 'train_rates': 0.8825831418518763, 'learning_rate': 0.0005265479853836595, 'batch_size': 44, 'step_size': 3, 'gamma': 0.952171696799471}. Best is trial 4 with value: 0.08603203434790119.[0m
[32m[I 2025-02-02 17:09:53,291][0m Trial 23 finished with value: 0.1886086006200424 and parameters: {'observation_period_num': 61, 'train_rates': 0.9255218660101721, 'learning_rate': 0.00017788859155714142, 'batch_size': 70, 'step_size': 4, 'gamma': 0.9008141364492662}. Best is trial 4 with value: 0.08603203434790119.[0m
[32m[I 2025-02-02 17:10:25,701][0m Trial 24 finished with value: 0.09066875821662893 and parameters: {'observation_period_num': 21, 'train_rates': 0.8102558021676405, 'learning_rate': 0.0006044369186280915, 'batch_size': 105, 'step_size': 2, 'gamma': 0.9321266161703082}. Best is trial 4 with value: 0.08603203434790119.[0m
[32m[I 2025-02-02 17:10:52,633][0m Trial 25 finished with value: 0.08713766187429428 and parameters: {'observation_period_num': 29, 'train_rates': 0.7052003597517963, 'learning_rate': 0.0009660674193068732, 'batch_size': 121, 'step_size': 6, 'gamma': 0.9403063355843779}. Best is trial 4 with value: 0.08603203434790119.[0m
[32m[I 2025-02-02 17:11:19,845][0m Trial 26 finished with value: 0.07799023060584645 and parameters: {'observation_period_num': 24, 'train_rates': 0.7032000971275947, 'learning_rate': 0.000990447914890429, 'batch_size': 117, 'step_size': 6, 'gamma': 0.9349272271314067}. Best is trial 26 with value: 0.07799023060584645.[0m
[32m[I 2025-02-02 17:11:41,255][0m Trial 27 finished with value: 0.08510579380290863 and parameters: {'observation_period_num': 25, 'train_rates': 0.6936089855286625, 'learning_rate': 0.000925797015766252, 'batch_size': 178, 'step_size': 6, 'gamma': 0.9534375323651931}. Best is trial 26 with value: 0.07799023060584645.[0m
[32m[I 2025-02-02 17:12:00,180][0m Trial 28 finished with value: 0.40592445851291964 and parameters: {'observation_period_num': 79, 'train_rates': 0.6390343461896906, 'learning_rate': 8.582950058939828e-06, 'batch_size': 186, 'step_size': 7, 'gamma': 0.9672913517139516}. Best is trial 26 with value: 0.07799023060584645.[0m
[32m[I 2025-02-02 17:12:20,965][0m Trial 29 finished with value: 0.08086130338140662 and parameters: {'observation_period_num': 5, 'train_rates': 0.753425504138548, 'learning_rate': 0.0003981727707280549, 'batch_size': 209, 'step_size': 6, 'gamma': 0.98519645194314}. Best is trial 26 with value: 0.07799023060584645.[0m
[32m[I 2025-02-02 17:12:42,198][0m Trial 30 finished with value: 0.08522133053263527 and parameters: {'observation_period_num': 6, 'train_rates': 0.7567046575536034, 'learning_rate': 0.00033153310642973786, 'batch_size': 212, 'step_size': 6, 'gamma': 0.986529334277661}. Best is trial 26 with value: 0.07799023060584645.[0m
[32m[I 2025-02-02 17:13:03,383][0m Trial 31 finished with value: 0.08874837596233956 and parameters: {'observation_period_num': 5, 'train_rates': 0.7705101348232852, 'learning_rate': 0.00027006312496827685, 'batch_size': 217, 'step_size': 6, 'gamma': 0.9895255030911427}. Best is trial 26 with value: 0.07799023060584645.[0m
[32m[I 2025-02-02 17:13:24,385][0m Trial 32 finished with value: 0.09924965000908706 and parameters: {'observation_period_num': 25, 'train_rates': 0.746694283547219, 'learning_rate': 0.0004108696045978299, 'batch_size': 200, 'step_size': 8, 'gamma': 0.9735737781812419}. Best is trial 26 with value: 0.07799023060584645.[0m
[32m[I 2025-02-02 17:13:44,699][0m Trial 33 finished with value: 0.0844379402879475 and parameters: {'observation_period_num': 24, 'train_rates': 0.7208782906510989, 'learning_rate': 0.0008520284728417797, 'batch_size': 213, 'step_size': 6, 'gamma': 0.9527579331625218}. Best is trial 26 with value: 0.07799023060584645.[0m
[32m[I 2025-02-02 17:14:05,603][0m Trial 34 finished with value: 0.10466873713928025 and parameters: {'observation_period_num': 63, 'train_rates': 0.7162162600211354, 'learning_rate': 0.0007901445894376045, 'batch_size': 175, 'step_size': 4, 'gamma': 0.9532448731741936}. Best is trial 26 with value: 0.07799023060584645.[0m
[32m[I 2025-02-02 17:14:25,140][0m Trial 35 finished with value: 0.08245421832670337 and parameters: {'observation_period_num': 25, 'train_rates': 0.6463032202178283, 'learning_rate': 0.0007599542051016628, 'batch_size': 225, 'step_size': 9, 'gamma': 0.9217724197761624}. Best is trial 26 with value: 0.07799023060584645.[0m
[32m[I 2025-02-02 17:14:44,679][0m Trial 36 finished with value: 0.1081553153637125 and parameters: {'observation_period_num': 50, 'train_rates': 0.6366350553817484, 'learning_rate': 0.0005782821112207041, 'batch_size': 226, 'step_size': 8, 'gamma': 0.9312373155375646}. Best is trial 26 with value: 0.07799023060584645.[0m
[32m[I 2025-02-02 17:15:02,294][0m Trial 37 finished with value: 0.14583326053195134 and parameters: {'observation_period_num': 97, 'train_rates': 0.6013078881882842, 'learning_rate': 0.0002120985488966485, 'batch_size': 253, 'step_size': 9, 'gamma': 0.9200501349482519}. Best is trial 26 with value: 0.07799023060584645.[0m
[32m[I 2025-02-02 17:15:23,003][0m Trial 38 finished with value: 0.1633931301832199 and parameters: {'observation_period_num': 33, 'train_rates': 0.6573764642088962, 'learning_rate': 0.00012003455021412067, 'batch_size': 207, 'step_size': 9, 'gamma': 0.9663239185512548}. Best is trial 26 with value: 0.07799023060584645.[0m
[32m[I 2025-02-02 17:15:43,021][0m Trial 39 finished with value: 0.11000078999655492 and parameters: {'observation_period_num': 57, 'train_rates': 0.6887684729562193, 'learning_rate': 0.0006303732953319107, 'batch_size': 229, 'step_size': 5, 'gamma': 0.9181999032809962}. Best is trial 26 with value: 0.07799023060584645.[0m
[32m[I 2025-02-02 17:16:05,021][0m Trial 40 finished with value: 0.11214673155762091 and parameters: {'observation_period_num': 73, 'train_rates': 0.731422610129673, 'learning_rate': 0.0004594073093688664, 'batch_size': 197, 'step_size': 7, 'gamma': 0.963481851950565}. Best is trial 26 with value: 0.07799023060584645.[0m
[32m[I 2025-02-02 17:16:29,685][0m Trial 41 finished with value: 0.08076237756549642 and parameters: {'observation_period_num': 23, 'train_rates': 0.6960558724673753, 'learning_rate': 0.0007757704963606443, 'batch_size': 164, 'step_size': 6, 'gamma': 0.947074550768909}. Best is trial 26 with value: 0.07799023060584645.[0m
[32m[I 2025-02-02 17:16:57,065][0m Trial 42 finished with value: 0.07692094705268449 and parameters: {'observation_period_num': 16, 'train_rates': 0.6524932765525377, 'learning_rate': 0.0006611942494364151, 'batch_size': 131, 'step_size': 4, 'gamma': 0.9440098555780867}. Best is trial 42 with value: 0.07692094705268449.[0m
[32m[I 2025-02-02 17:17:23,110][0m Trial 43 finished with value: 0.0783036528997031 and parameters: {'observation_period_num': 15, 'train_rates': 0.642162919534036, 'learning_rate': 0.0007022356402932054, 'batch_size': 135, 'step_size': 5, 'gamma': 0.9768347224677335}. Best is trial 42 with value: 0.07692094705268449.[0m
[32m[I 2025-02-02 17:17:50,923][0m Trial 44 finished with value: 0.9121548858200174 and parameters: {'observation_period_num': 16, 'train_rates': 0.6886886755713041, 'learning_rate': 1.3230524169840194e-06, 'batch_size': 141, 'step_size': 4, 'gamma': 0.978915238062335}. Best is trial 42 with value: 0.07692094705268449.[0m
[32m[I 2025-02-02 17:18:17,670][0m Trial 45 finished with value: 0.09640832627769065 and parameters: {'observation_period_num': 42, 'train_rates': 0.6116112005827884, 'learning_rate': 0.0003853236393969594, 'batch_size': 130, 'step_size': 4, 'gamma': 0.9441814929677612}. Best is trial 42 with value: 0.07692094705268449.[0m
[32m[I 2025-02-02 17:18:42,176][0m Trial 46 finished with value: 0.08031808425377769 and parameters: {'observation_period_num': 14, 'train_rates': 0.6534302979463354, 'learning_rate': 0.0002481577791291068, 'batch_size': 156, 'step_size': 5, 'gamma': 0.9757214771756172}. Best is trial 42 with value: 0.07692094705268449.[0m
[32m[I 2025-02-02 17:19:06,850][0m Trial 47 finished with value: 0.11283231659035664 and parameters: {'observation_period_num': 15, 'train_rates': 0.6513612562637616, 'learning_rate': 7.230967821657416e-05, 'batch_size': 153, 'step_size': 5, 'gamma': 0.9436290606340032}. Best is trial 42 with value: 0.07692094705268449.[0m
[32m[I 2025-02-02 17:19:40,177][0m Trial 48 finished with value: 0.1675101348645334 and parameters: {'observation_period_num': 50, 'train_rates': 0.6254259358682155, 'learning_rate': 0.00022638391220043436, 'batch_size': 103, 'step_size': 2, 'gamma': 0.7914007303325338}. Best is trial 42 with value: 0.07692094705268449.[0m
[32m[I 2025-02-02 17:20:03,071][0m Trial 49 finished with value: 0.08255684962652249 and parameters: {'observation_period_num': 33, 'train_rates': 0.6318179127897666, 'learning_rate': 0.0006789329769538119, 'batch_size': 156, 'step_size': 5, 'gamma': 0.9701318128242811}. Best is trial 42 with value: 0.07692094705268449.[0m
trend „ÅÆÊúÄÈÅ©„Éè„Ç§„Éë„Éº„Éë„É©„É°„Éº„Çø„ÅåË¶ã„Å§„Åã„Çä„Åæ„Åó„Åü
ÊúÄÈÅ©ÂåñÂØæË±°: seasonal_0
[32m[I 2025-02-02 17:20:03,078][0m A new study created in memory with name: no-name-a13b815f-97b5-4789-b674-db55547a938d[0m
[32m[I 2025-02-02 17:20:47,855][0m Trial 0 finished with value: 0.15520428231200997 and parameters: {'observation_period_num': 190, 'train_rates': 0.6644362516014554, 'learning_rate': 0.0007190319059091875, 'batch_size': 74, 'step_size': 8, 'gamma': 0.809939533363925}. Best is trial 0 with value: 0.15520428231200997.[0m
[32m[I 2025-02-02 17:22:15,269][0m Trial 1 finished with value: 0.12865697929833067 and parameters: {'observation_period_num': 55, 'train_rates': 0.8504227829479689, 'learning_rate': 0.0007714296928463221, 'batch_size': 48, 'step_size': 11, 'gamma': 0.7958614388412181}. Best is trial 1 with value: 0.12865697929833067.[0m
[32m[I 2025-02-02 17:22:36,010][0m Trial 2 finished with value: 0.7582557847534401 and parameters: {'observation_period_num': 156, 'train_rates': 0.6297011079173545, 'learning_rate': 2.865607671472488e-06, 'batch_size': 186, 'step_size': 9, 'gamma': 0.985350384780333}. Best is trial 1 with value: 0.12865697929833067.[0m
[32m[I 2025-02-02 17:23:13,229][0m Trial 3 finished with value: 0.13797957460357718 and parameters: {'observation_period_num': 177, 'train_rates': 0.7370163447568798, 'learning_rate': 0.00031939209102858364, 'batch_size': 100, 'step_size': 9, 'gamma': 0.9169513688935746}. Best is trial 1 with value: 0.12865697929833067.[0m
[32m[I 2025-02-02 17:24:08,536][0m Trial 4 finished with value: 0.23597868137020883 and parameters: {'observation_period_num': 28, 'train_rates': 0.9373850217516357, 'learning_rate': 2.7721638555904098e-05, 'batch_size': 82, 'step_size': 8, 'gamma': 0.966143409885917}. Best is trial 1 with value: 0.12865697929833067.[0m
[32m[I 2025-02-02 17:26:43,366][0m Trial 5 finished with value: 0.16599813932168694 and parameters: {'observation_period_num': 101, 'train_rates': 0.6427567739490008, 'learning_rate': 0.00030689801671516707, 'batch_size': 20, 'step_size': 9, 'gamma': 0.971763241945929}. Best is trial 1 with value: 0.12865697929833067.[0m
[32m[I 2025-02-02 17:27:14,914][0m Trial 6 finished with value: 0.19398084711041544 and parameters: {'observation_period_num': 206, 'train_rates': 0.8878706472770168, 'learning_rate': 0.0006575261265973952, 'batch_size': 129, 'step_size': 9, 'gamma': 0.9243674062164902}. Best is trial 1 with value: 0.12865697929833067.[0m
[32m[I 2025-02-02 17:29:19,262][0m Trial 7 finished with value: 0.2019743361225018 and parameters: {'observation_period_num': 201, 'train_rates': 0.8114589785412647, 'learning_rate': 0.0009874903960898952, 'batch_size': 30, 'step_size': 4, 'gamma': 0.8741401419158039}. Best is trial 1 with value: 0.12865697929833067.[0m
[32m[I 2025-02-02 17:29:44,104][0m Trial 8 finished with value: 0.5600223235481291 and parameters: {'observation_period_num': 165, 'train_rates': 0.903738592372334, 'learning_rate': 1.3984042033924249e-05, 'batch_size': 207, 'step_size': 10, 'gamma': 0.8330015429173075}. Best is trial 1 with value: 0.12865697929833067.[0m
[32m[I 2025-02-02 17:32:02,323][0m Trial 9 finished with value: 0.3297076571200575 and parameters: {'observation_period_num': 84, 'train_rates': 0.9659970456647886, 'learning_rate': 0.0006028409209902027, 'batch_size': 31, 'step_size': 2, 'gamma': 0.8692510914247732}. Best is trial 1 with value: 0.12865697929833067.[0m
[32m[I 2025-02-02 17:32:28,594][0m Trial 10 finished with value: 0.10763433749180401 and parameters: {'observation_period_num': 5, 'train_rates': 0.8011971999149909, 'learning_rate': 9.77774341014758e-05, 'batch_size': 177, 'step_size': 15, 'gamma': 0.7527745662102093}. Best is trial 10 with value: 0.10763433749180401.[0m
[32m[I 2025-02-02 17:32:55,402][0m Trial 11 finished with value: 0.12069874956181764 and parameters: {'observation_period_num': 10, 'train_rates': 0.8117779900596994, 'learning_rate': 0.00010042186542487471, 'batch_size': 168, 'step_size': 15, 'gamma': 0.7523395414343305}. Best is trial 10 with value: 0.10763433749180401.[0m
[32m[I 2025-02-02 17:33:16,124][0m Trial 12 finished with value: 0.11344261577465391 and parameters: {'observation_period_num': 5, 'train_rates': 0.7472463933615836, 'learning_rate': 9.967461700919637e-05, 'batch_size': 245, 'step_size': 15, 'gamma': 0.7747170998603774}. Best is trial 10 with value: 0.10763433749180401.[0m
[32m[I 2025-02-02 17:33:34,838][0m Trial 13 finished with value: 0.27354087212315487 and parameters: {'observation_period_num': 250, 'train_rates': 0.7349574646441205, 'learning_rate': 8.602828188032394e-05, 'batch_size': 251, 'step_size': 15, 'gamma': 0.7576976296078508}. Best is trial 10 with value: 0.10763433749180401.[0m
[32m[I 2025-02-02 17:33:56,283][0m Trial 14 finished with value: 0.1509052437365501 and parameters: {'observation_period_num': 45, 'train_rates': 0.7239629460850264, 'learning_rate': 8.816973190048874e-05, 'batch_size': 255, 'step_size': 13, 'gamma': 0.7829343351764584}. Best is trial 10 with value: 0.10763433749180401.[0m
