[32m[I 2025-02-02 20:10:11,246][0m Trial 12 finished with value: 0.11153407896477713 and parameters: {'observation_period_num': 24, 'train_rates': 0.6004820248425562, 'learning_rate': 0.00014785921750356024, 'batch_size': 205, 'step_size': 4, 'gamma': 0.9825196612088762}. Best is trial 11 with value: 0.07873935731393951.[0m
[32m[I 2025-02-02 20:10:30,701][0m Trial 13 finished with value: 0.07325044537291807 and parameters: {'observation_period_num': 8, 'train_rates': 0.6188325675228548, 'learning_rate': 0.0007895226326384883, 'batch_size': 220, 'step_size': 4, 'gamma': 0.9827920336019706}. Best is trial 13 with value: 0.07325044537291807.[0m
[32m[I 2025-02-02 20:10:50,298][0m Trial 14 finished with value: 0.06772665317805272 and parameters: {'observation_period_num': 5, 'train_rates': 0.6631202781303708, 'learning_rate': 0.0008594659096668117, 'batch_size': 218, 'step_size': 2, 'gamma': 0.9898422816446661}. Best is trial 14 with value: 0.06772665317805272.[0m
Early stopping at epoch 72
[32m[I 2025-02-02 20:11:05,369][0m Trial 15 finished with value: 0.706004146256372 and parameters: {'observation_period_num': 60, 'train_rates': 0.6695739968206949, 'learning_rate': 9.076869680623517e-05, 'batch_size': 206, 'step_size': 1, 'gamma': 0.84214592758542}. Best is trial 14 with value: 0.06772665317805272.[0m
[32m[I 2025-02-02 20:11:24,649][0m Trial 16 finished with value: 0.23249632840645554 and parameters: {'observation_period_num': 153, 'train_rates': 0.6638258144892707, 'learning_rate': 7.853116533287324e-05, 'batch_size': 197, 'step_size': 3, 'gamma': 0.957466706125031}. Best is trial 14 with value: 0.06772665317805272.[0m
[32m[I 2025-02-02 20:11:50,545][0m Trial 17 finished with value: 0.09481572473602848 and parameters: {'observation_period_num': 56, 'train_rates': 0.7231792849914185, 'learning_rate': 0.0007608875849111484, 'batch_size': 139, 'step_size': 3, 'gamma': 0.9564703630705538}. Best is trial 14 with value: 0.06772665317805272.[0m
[32m[I 2025-02-02 20:12:15,204][0m Trial 18 finished with value: 0.1949170082807541 and parameters: {'observation_period_num': 93, 'train_rates': 0.9782565531938283, 'learning_rate': 0.00019315201512500052, 'batch_size': 211, 'step_size': 2, 'gamma': 0.8809597933845215}. Best is trial 14 with value: 0.06772665317805272.[0m
[32m[I 2025-02-02 20:12:33,822][0m Trial 19 finished with value: 1.0213937477274617 and parameters: {'observation_period_num': 36, 'train_rates': 0.6463491572730308, 'learning_rate': 6.083696905161392e-06, 'batch_size': 216, 'step_size': 9, 'gamma': 0.815773336734378}. Best is trial 14 with value: 0.06772665317805272.[0m
[32m[I 2025-02-02 20:12:54,935][0m Trial 20 finished with value: 0.24973247199279233 and parameters: {'observation_period_num': 155, 'train_rates': 0.7257489556994862, 'learning_rate': 5.620014998660818e-05, 'batch_size': 183, 'step_size': 7, 'gamma': 0.9126140141388861}. Best is trial 14 with value: 0.06772665317805272.[0m
[32m[I 2025-02-02 20:13:13,884][0m Trial 21 finished with value: 0.0691474552764449 and parameters: {'observation_period_num': 8, 'train_rates': 0.6347461629039178, 'learning_rate': 0.0009295736273843449, 'batch_size': 223, 'step_size': 5, 'gamma': 0.9882696462314813}. Best is trial 14 with value: 0.06772665317805272.[0m
[32m[I 2025-02-02 20:13:33,103][0m Trial 22 finished with value: 0.09724963104362959 and parameters: {'observation_period_num': 42, 'train_rates': 0.6376906693596699, 'learning_rate': 0.0009713631896716677, 'batch_size': 225, 'step_size': 4, 'gamma': 0.9562248679804668}. Best is trial 14 with value: 0.06772665317805272.[0m
[32m[I 2025-02-02 20:13:53,702][0m Trial 23 finished with value: 0.07610179958551118 and parameters: {'observation_period_num': 5, 'train_rates': 0.698110931209239, 'learning_rate': 0.00046886655997060636, 'batch_size': 226, 'step_size': 3, 'gamma': 0.967518081608666}. Best is trial 14 with value: 0.06772665317805272.[0m
[32m[I 2025-02-02 20:14:14,357][0m Trial 24 finished with value: 0.15262576747395887 and parameters: {'observation_period_num': 73, 'train_rates': 0.6293557611955959, 'learning_rate': 0.00022219285828107622, 'batch_size': 161, 'step_size': 5, 'gamma': 0.9838375508897302}. Best is trial 14 with value: 0.06772665317805272.[0m
[32m[I 2025-02-02 20:14:34,625][0m Trial 25 finished with value: 0.07255464531601566 and parameters: {'observation_period_num': 7, 'train_rates': 0.6844452903988105, 'learning_rate': 0.0009949873408634212, 'batch_size': 191, 'step_size': 2, 'gamma': 0.9423142746045556}. Best is trial 14 with value: 0.06772665317805272.[0m
[32m[I 2025-02-02 20:14:55,951][0m Trial 26 finished with value: 1.8012934592833 and parameters: {'observation_period_num': 42, 'train_rates': 0.7432971307565248, 'learning_rate': 1.039162547960304e-06, 'batch_size': 186, 'step_size': 2, 'gamma': 0.9440148351630636}. Best is trial 14 with value: 0.06772665317805272.[0m
[32m[I 2025-02-02 20:15:21,862][0m Trial 27 finished with value: 0.11934866075930388 and parameters: {'observation_period_num': 23, 'train_rates': 0.6857503637376979, 'learning_rate': 0.00013887617964897068, 'batch_size': 124, 'step_size': 1, 'gamma': 0.9504873597529268}. Best is trial 14 with value: 0.06772665317805272.[0m
[32m[I 2025-02-02 20:15:46,451][0m Trial 28 finished with value: 0.11771043155997218 and parameters: {'observation_period_num': 73, 'train_rates': 0.7588954791546457, 'learning_rate': 0.0005242959242462841, 'batch_size': 141, 'step_size': 2, 'gamma': 0.9156593960492806}. Best is trial 14 with value: 0.06772665317805272.[0m
[32m[I 2025-02-02 20:16:07,316][0m Trial 29 finished with value: 0.20465988015371656 and parameters: {'observation_period_num': 52, 'train_rates': 0.6523066545712445, 'learning_rate': 4.417102455108357e-05, 'batch_size': 160, 'step_size': 6, 'gamma': 0.9678914761732936}. Best is trial 14 with value: 0.06772665317805272.[0m
[32m[I 2025-02-02 20:16:26,653][0m Trial 30 finished with value: 0.13498831710029888 and parameters: {'observation_period_num': 109, 'train_rates': 0.6957033374063398, 'learning_rate': 0.0002776892272036238, 'batch_size': 234, 'step_size': 3, 'gamma': 0.9357458855974645}. Best is trial 14 with value: 0.06772665317805272.[0m
[32m[I 2025-02-02 20:16:46,090][0m Trial 31 finished with value: 0.0653666771538522 and parameters: {'observation_period_num': 5, 'train_rates': 0.6234363755479952, 'learning_rate': 0.0009962477682108294, 'batch_size': 196, 'step_size': 4, 'gamma': 0.9704347698512191}. Best is trial 31 with value: 0.0653666771538522.[0m
[32m[I 2025-02-02 20:17:06,752][0m Trial 32 finished with value: 0.07275113208453429 and parameters: {'observation_period_num': 18, 'train_rates': 0.666222381365279, 'learning_rate': 0.0009744020171971355, 'batch_size': 192, 'step_size': 2, 'gamma': 0.9663483048972294}. Best is trial 31 with value: 0.0653666771538522.[0m
[32m[I 2025-02-02 20:17:39,864][0m Trial 33 finished with value: 0.06863410249352456 and parameters: {'observation_period_num': 5, 'train_rates': 0.6350375387717384, 'learning_rate': 0.0005537684295886782, 'batch_size': 86, 'step_size': 4, 'gamma': 0.9891861893688904}. Best is trial 31 with value: 0.0653666771538522.[0m
[32m[I 2025-02-02 20:18:28,643][0m Trial 34 finished with value: 0.116304897883263 and parameters: {'observation_period_num': 38, 'train_rates': 0.6305783374350842, 'learning_rate': 0.00033135330300147623, 'batch_size': 57, 'step_size': 8, 'gamma': 0.9884273322457084}. Best is trial 31 with value: 0.0653666771538522.[0m
[32m[I 2025-02-02 20:19:01,807][0m Trial 35 finished with value: 0.13010645123917286 and parameters: {'observation_period_num': 72, 'train_rates': 0.647158347982388, 'learning_rate': 0.0005435550796723137, 'batch_size': 88, 'step_size': 6, 'gamma': 0.7524002014735893}. Best is trial 31 with value: 0.0653666771538522.[0m
[32m[I 2025-02-02 20:19:40,273][0m Trial 36 finished with value: 0.10988319695062256 and parameters: {'observation_period_num': 23, 'train_rates': 0.8466705027086683, 'learning_rate': 0.0005953309357137933, 'batch_size': 90, 'step_size': 4, 'gamma': 0.9745921343838881}. Best is trial 31 with value: 0.0653666771538522.[0m
[32m[I 2025-02-02 20:20:44,714][0m Trial 37 finished with value: 0.11274090464789598 and parameters: {'observation_period_num': 44, 'train_rates': 0.7046264049443725, 'learning_rate': 0.00038046109856007673, 'batch_size': 46, 'step_size': 5, 'gamma': 0.9899197496881613}. Best is trial 31 with value: 0.0653666771538522.[0m
[32m[I 2025-02-02 20:23:24,161][0m Trial 38 finished with value: 0.09393064603648162 and parameters: {'observation_period_num': 31, 'train_rates': 0.6221231294404496, 'learning_rate': 0.00022983407606992748, 'batch_size': 17, 'step_size': 7, 'gamma': 0.8642273920469459}. Best is trial 31 with value: 0.0653666771538522.[0m
[32m[I 2025-02-02 20:23:45,631][0m Trial 39 finished with value: 0.07351015476486743 and parameters: {'observation_period_num': 16, 'train_rates': 0.6716154440143309, 'learning_rate': 0.0006330438907153924, 'batch_size': 173, 'step_size': 9, 'gamma': 0.9306252653634813}. Best is trial 31 with value: 0.0653666771538522.[0m
[32m[I 2025-02-02 20:24:05,255][0m Trial 40 finished with value: 0.164068100883103 and parameters: {'observation_period_num': 87, 'train_rates': 0.7137714445176234, 'learning_rate': 0.0001349405709908063, 'batch_size': 235, 'step_size': 6, 'gamma': 0.9624253037189305}. Best is trial 31 with value: 0.0653666771538522.[0m
[32m[I 2025-02-02 20:24:25,080][0m Trial 41 finished with value: 0.06703883421517187 and parameters: {'observation_period_num': 5, 'train_rates': 0.6529622734111366, 'learning_rate': 0.0009665794904123841, 'batch_size': 198, 'step_size': 2, 'gamma': 0.9498974167733312}. Best is trial 31 with value: 0.0653666771538522.[0m
[32m[I 2025-02-02 20:24:45,215][0m Trial 42 finished with value: 0.07244663368274526 and parameters: {'observation_period_num': 7, 'train_rates': 0.6517456263085543, 'learning_rate': 0.0003998446380408145, 'batch_size': 203, 'step_size': 3, 'gamma': 0.9714742178726453}. Best is trial 31 with value: 0.0653666771538522.[0m
[32m[I 2025-02-02 20:25:06,389][0m Trial 43 finished with value: 0.10699945806576679 and parameters: {'observation_period_num': 28, 'train_rates': 0.6005714368468508, 'learning_rate': 0.0006057520685842729, 'batch_size': 151, 'step_size': 1, 'gamma': 0.9485170666648866}. Best is trial 31 with value: 0.0653666771538522.[0m
[32m[I 2025-02-02 20:25:37,337][0m Trial 44 finished with value: 0.17745322961423357 and parameters: {'observation_period_num': 14, 'train_rates': 0.7589159012327579, 'learning_rate': 6.462927826594599e-06, 'batch_size': 105, 'step_size': 4, 'gamma': 0.975763278189307}. Best is trial 31 with value: 0.0653666771538522.[0m
[32m[I 2025-02-02 20:25:55,590][0m Trial 45 finished with value: 0.24631163657639277 and parameters: {'observation_period_num': 220, 'train_rates': 0.6235926315774154, 'learning_rate': 0.0007551891709918348, 'batch_size': 172, 'step_size': 5, 'gamma': 0.9772495326330763}. Best is trial 31 with value: 0.0653666771538522.[0m
[32m[I 2025-02-02 20:26:14,609][0m Trial 46 finished with value: 0.1581163789378479 and parameters: {'observation_period_num': 30, 'train_rates': 0.6714903733651634, 'learning_rate': 0.00029570373106017266, 'batch_size': 255, 'step_size': 1, 'gamma': 0.9212010844168078}. Best is trial 31 with value: 0.0653666771538522.[0m
[32m[I 2025-02-02 20:26:52,471][0m Trial 47 finished with value: 0.13218911336418873 and parameters: {'observation_period_num': 170, 'train_rates': 0.6396395311896018, 'learning_rate': 0.0004226023567429553, 'batch_size': 77, 'step_size': 3, 'gamma': 0.9025981532956127}. Best is trial 31 with value: 0.0653666771538522.[0m
[32m[I 2025-02-02 20:27:21,737][0m Trial 48 finished with value: 0.09802964432180838 and parameters: {'observation_period_num': 46, 'train_rates': 0.7975205865244757, 'learning_rate': 0.0006897184523885803, 'batch_size': 126, 'step_size': 15, 'gamma': 0.8094706243884706}. Best is trial 31 with value: 0.0653666771538522.[0m
